 **********************************************************************
                          MRCC program system
 **********************************************************************
 
                              Written by
     Mihaly Kallay, Peter R. Nagy, David Mester, Laszlo Gyevi-Nagy,
        Jozsef Csoka, P. Bernat Szabo, Zoltan Rolik, Gyula Samu,
     Jozsef Csontos, Bence Hegely, Adam Ganyecz, Istvan Ladjanszki,
       Lorant Szegedy, Bence Ladoczki, Klara Petrov, Mate Farkas,
                    Pal D. Mezei, and Reka A. Horvath
 
        Department of Physical Chemistry and Materials Science
            Budapest University of Technology and Economics
                  Budapest P.O.Box 91, H-1521 Hungary
 
                              www.mrcc.hu
 
                      Release date: March 18, 2022

 ************************ 2023-02-04 11:37:27 *************************
 Executing minp...

 Reading input from MINP...
 
 Input file:
 
calc=FNO-CCSD(T)
verbosity=3
mem=220GB
unit=angs
scfiguess=small
scfalg=locfit1
ccmaxit=400
ccsdalg=dfdirect
ccsdthreads=4
ccsdmkl=thr
ptthreads=4
lnoepsv=1e-5
naf_cor=1e-2
basis=aug-cc-pVQZ
basis_sm=def2-SVP
dfbasis_scf=def2-QZVPP-RI-JK
dfbasis_cor=aug-cc-pVQZ-RI
unit=angs
geom=xyz
10

C    29.54344629    29.54344629    16.97505516
H    29.54344670    30.44187631    17.60392580
H    29.54344662    28.64496649    17.60393442
H    30.44658454    29.54342777    16.34911135
H    28.64030918    29.54342779    16.34911130
C    29.54341583    33.76390703    16.97524142
H    28.64492395    33.76390727    17.60416815
H    30.44195768    33.76390723    17.60417697
H    29.54343437    32.86110881    16.34882759
H    29.54343444    34.66670636    16.34882843

--------------------Output has been truncated-------------------------


--------------------Output has been truncated-------------------------


--------------------Output has been truncated-------------------------


--------------------Output has been truncated-------------------------


--------------------Output has been truncated-------------------------


--------------------Output has been truncated-------------------------


--------------------Output has been truncated-------------------------


--------------------Output has been truncated-------------------------


--------------------Output has been truncated-------------------------


--------------------Output has been truncated-------------------------


 
 Reference energy [au]:                       -40.215619511231
 DF-MP2 singlet pair energy [au]:              -0.173778112237
 DF-MP2 triplet pair energy [au]:              -0.037500168399
 DF-SCS-MP2 correlation energy [au]:           -0.221033790817
 DF-SCS-MP2 energy [au]:                      -40.436653302049
 DF-SOS-MP2 correlation energy [au]:           -0.225911545908
 DF-SOS-MP2 energy [au]:                      -40.441531057140
 DF-MP2 correlation energy [au]:               -0.211278280636
 DF-MP2 energy [au]:                          -40.426897791867

 Results in FNO basis:
 
 
 Reference energy [au]:                       -40.215619511231
 DF-MP2 singlet pair energy [au]:              -0.170628161458
 DF-MP2 triplet pair energy [au]:              -0.037357893613
 DF-SCS-MP2 correlation energy [au]:           -0.217206424953
 DF-SCS-MP2 energy [au]:                      -40.432825936185
 DF-SOS-MP2 correlation energy [au]:           -0.221816609895
 DF-SOS-MP2 energy [au]:                      -40.437436121126
 DF-MP2 correlation energy [au]:               -0.207986055071
 DF-MP2 energy [au]:                          -40.423605566302

 Results in NAF basis:
 
 
 Reference energy [au]:                       -40.215619511231
 DF-MP2 singlet pair energy [au]:              -0.170609727998
 DF-MP2 triplet pair energy [au]:              -0.037365339914
 DF-SCS-MP2 correlation energy [au]:           -0.217186786902
 DF-SCS-MP2 energy [au]:                      -40.432806298133
 DF-SOS-MP2 correlation energy [au]:           -0.221792646397
 DF-SOS-MP2 energy [au]:                      -40.437412157628
 DF-MP2 correlation energy [au]:               -0.207975067912
 DF-MP2 energy [au]:                          -40.423594579143

 ************************ 2023-02-04 11:38:11 *************************
 Executing ccsd...

 Allocation of 220.0 Gbytes of memory...

 Direct DF-CCSD(T) calculation
 
 Convergence criterion:  1.0E-06
 
 Number of occupied/virtual/auxiliary orbitals:     4   101   320
    163.36 MB is the minimal memory requirement for (T)
     39.40 MB is the minimal memory requirement for CCSD
 
 Reference energy [au]:             -40.215619511231
 T1 contribution [au]:                0.000000000000
 Same spin MP2 energy [au]:          -0.037361611518
 Opposite spin MP2 energy [au]:      -0.170618933011
 MP2 correlation energy [au]:        -0.207980544529
 Total MP2 energy [au]:             -40.423600055760
 MP2 correction [au]:                -0.003297736107
 
 
 CPU time [min]:     0.175                   Wall time [min]:     0.008
 
 Starting CCSD iterations...
 
                     Residual norm          Energy
 Iteration  1        0.138680122487      -40.436542977845
 Iteration  2        0.035377021912      -40.442066228143
 Iteration  3        0.009772755861      -40.442649132111
 Iteration  4        0.002020935272      -40.442653634105
 Iteration  5        0.000374863612      -40.442660141538
 Iteration  6        0.000084785436      -40.442660018284
 Iteration  7        0.000020220634      -40.442660708562
 Iteration  8        0.000003737624      -40.442660765329
 
 CCSD iteration has converged in  8 steps.
      444.29 MB memory was utilized by CCSD
 
 T1 diagnostic:      7.996E-03            D1 diagnostic:      1.292E-02
 
 T1 contribution [au]:                                  0.000000000000
 PPL energy contribution [au]:                          0.060608165366
 Scaled PPL energy contribution [au]:                   0.061569759310

 OS-PPL energy contribution [au]:                       0.053779166301
 Scaled OS-PPL energy contribution [au]:                0.054777340827
 SS-PPL energy contribution [au]:                       0.006828999065
 Scaled SS-PPL energy contribution [au]:                0.006853346664

 Opposite spin CCSD energy [au]:                       -0.191010915563
 Same spin CCSD energy [au]:                           -0.036037286980
 CCSD correlation energy [au]:                         -0.227048202543
 CCSD correlation energy + MP2 correction [au]:        -0.230345938650
 CCSD correlation energy + MP2 + PPL corr. [au]:       -0.229384344705
 Total CCSD energy [au]:                              -40.442667713774
 Total CCSD energy + MP2 correction [au]:             -40.445965449881
 Total CCSD energy + MP2 + PPL corr. [au]:            -40.445003855937
 
 CPU time [min]:     0.915                   Wall time [min]:     0.029
 
 Calculation of (T) correction...
 
 
      124.68 MB memory is utilized for (T)

 0%       25%       50%       75%       100%
 |---------|---------|---------|---------| 
 
 (T) correction [au]:                                    -0.006942534191
 (T*) correction [au]:                                   -0.007052614899
 (T+) correction [au]:                                   -0.007052203747
 CCSD(T) correlation energy [au]:                        -0.233990736734
 CCSD(T) correlation energy + MP2 correction [au]:       -0.237288472841
 CCSD(T+) correlation en. + MP2 + PPL corr. [au]:        -0.236436548452
 Total CCSD(T) energy [au]:                             -40.449610247965
 Total CCSD(T) energy + MP2 correction [au]:            -40.452907984072
 Total CCSD(T+) energy + MP2 + PPL corr. [au]:          -40.452056059684
 
 CPU time [min]:     0.996                   Wall time [min]:     0.031
 
 ************************ 2023-02-04 11:38:13 *************************
                      Normal termination of mrcc.
 **********************************************************************
