 **********************************************************************
                          MRCC program system
 **********************************************************************
 
                              Written by
     Mihaly Kallay, Peter R. Nagy, David Mester, Laszlo Gyevi-Nagy,
        Jozsef Csoka, P. Bernat Szabo, Zoltan Rolik, Gyula Samu,
     Jozsef Csontos, Bence Hegely, Adam Ganyecz, Istvan Ladjanszki,
       Lorant Szegedy, Bence Ladoczki, Klara Petrov, Mate Farkas,
                    Pal D. Mezei, and Reka A. Horvath
 
        Department of Physical Chemistry and Materials Science
            Budapest University of Technology and Economics
                  Budapest P.O.Box 91, H-1521 Hungary
 
                              www.mrcc.hu
 
                      Release date: March 18, 2022

 ************************ 2023-02-05 13:32:54 *************************
 Executing minp...

 Reading input from MINP...
 
 Input file:
 
calc=FNO-CCSD(T)
verbosity=3
mem=220GB
unit=angs
scfiguess=small
scfalg=locfit1
ccmaxit=400
ccsdalg=dfdirect
ccsdthreads=4
ccsdmkl=thr
ptthreads=4
lnoepsv=1e-5
naf_cor=1e-2
basis=aug-cc-pVTZ
basis_sm=def2-SVP
dfbasis_scf=def2-QZVPP-RI-JK
dfbasis_cor=aug-cc-pVTZ-RI
unit=angs
geom=xyz
16

C    34.41670262    34.07107264    10.41543014
C    33.11117461    33.45680459    10.91530835
H    34.24160149    35.00442132     9.86225048
H    34.94674030    33.36940783     9.75379242
H    35.10002891    34.30603621    11.24227357
H    32.42643037    33.26105434    10.07939442
H    32.59136835    34.12756100    11.61262818
H    33.28915165    32.50678735    11.43686767
C    25.97571797    17.18910333    10.41543014
C    24.67018996    16.57483529    10.91530835
H    25.80061684    18.12245202     9.86225048
H    26.50575565    16.48743852     9.75379242
H    26.65904426    17.42406690    11.24227357
H    23.98544572    16.37908503    10.07939442
H    24.15038370    17.24559169    11.61262818
H    24.84816699    15.62481804    11.43686767

--------------------Output has been truncated-------------------------


--------------------Output has been truncated-------------------------


--------------------Output has been truncated-------------------------


--------------------Output has been truncated-------------------------


--------------------Output has been truncated-------------------------


--------------------Output has been truncated-------------------------


--------------------Output has been truncated-------------------------


--------------------Output has been truncated-------------------------


--------------------Output has been truncated-------------------------


--------------------Output has been truncated-------------------------


 
 Reference energy [au]:                       -79.259550503307
 DF-MP2 singlet pair energy [au]:              -0.300254289744
 DF-MP2 triplet pair energy [au]:              -0.075031442201
 DF-SCS-MP2 correlation energy [au]:           -0.385315628426
 DF-SCS-MP2 energy [au]:                      -79.644866131733
 DF-SOS-MP2 correlation energy [au]:           -0.390330576667
 DF-SOS-MP2 energy [au]:                      -79.649881079974
 DF-MP2 correlation energy [au]:               -0.375285731945
 DF-MP2 energy [au]:                          -79.634836235252

 Results in FNO basis:
 
 
 Reference energy [au]:                       -79.259550503307
 DF-MP2 singlet pair energy [au]:              -0.299084107633
 DF-MP2 triplet pair energy [au]:              -0.074925176376
 DF-SCS-MP2 correlation energy [au]:           -0.383875987952
 DF-SCS-MP2 energy [au]:                      -79.643426491259
 DF-SOS-MP2 correlation energy [au]:           -0.388809339923
 DF-SOS-MP2 energy [au]:                      -79.648359843230
 DF-MP2 correlation energy [au]:               -0.374009284009
 DF-MP2 energy [au]:                          -79.633559787316

 Results in NAF basis:
 
 
 Reference energy [au]:                       -79.259550503307
 DF-MP2 singlet pair energy [au]:              -0.299023376788
 DF-MP2 triplet pair energy [au]:              -0.074964220897
 DF-SCS-MP2 correlation energy [au]:           -0.383816125778
 DF-SCS-MP2 energy [au]:                      -79.643366629085
 DF-SOS-MP2 correlation energy [au]:           -0.388730389824
 DF-SOS-MP2 energy [au]:                      -79.648280893131
 DF-MP2 correlation energy [au]:               -0.373987597685
 DF-MP2 energy [au]:                          -79.633538100992

 ************************ 2023-02-05 13:33:23 *************************
 Executing ccsd...

 Allocation of 220.0 Gbytes of memory...

 Direct DF-CCSD(T) calculation
 
 Convergence criterion:  1.0E-06
 
 Number of occupied/virtual/auxiliary orbitals:     7   139   378
    421.21 MB is the minimal memory requirement for (T)
     94.89 MB is the minimal memory requirement for CCSD
 
 Reference energy [au]:             -79.259550503307
 T1 contribution [au]:                0.000000000000
 Same spin MP2 energy [au]:          -0.074944639456
 Opposite spin MP2 energy [au]:      -0.299053571395
 MP2 correlation energy [au]:        -0.373998210851
 Total MP2 energy [au]:             -79.633548714158
 MP2 correction [au]:                -0.001287521094
 
 
 CPU time [min]:     0.322                   Wall time [min]:     0.017
 
 Starting CCSD iterations...
 
                     Residual norm          Energy
 Iteration  1        0.170712143638      -79.654477275953
 Iteration  2        0.042453498323      -79.664042193226
 Iteration  3        0.011296535526      -79.664998239249
 Iteration  4        0.002548541567      -79.665006560904
 Iteration  5        0.000536665444      -79.665011767637
 Iteration  6        0.000152292042      -79.665014845269
 Iteration  7        0.000036257619      -79.665014629980
 Iteration  8        0.000009249088      -79.665014921616
 
 CCSD iteration has converged in  8 steps.
     1534.57 MB memory was utilized by CCSD
 
 T1 diagnostic:      7.816E-03            D1 diagnostic:      1.353E-02
 
 T1 contribution [au]:                                  0.000000000000
 PPL energy contribution [au]:                          0.102911446465
 Scaled PPL energy contribution [au]:                   0.103270156030

 OS-PPL energy contribution [au]:                       0.089961249072
 Scaled OS-PPL energy contribution [au]:                0.090332331339
 SS-PPL energy contribution [au]:                       0.012950197393
 Scaled SS-PPL energy contribution [au]:                0.012962024111

 Opposite spin CCSD energy [au]:                       -0.334284073183
 Same spin CCSD energy [au]:                           -0.071199012279
 CCSD correlation energy [au]:                         -0.405483085462
 CCSD correlation energy + MP2 correction [au]:        -0.406770606555
 CCSD correlation energy + MP2 + PPL corr. [au]:       -0.406411896990
 Total CCSD energy [au]:                              -79.665033588768
 Total CCSD energy + MP2 correction [au]:             -79.666321109862
 Total CCSD energy + MP2 + PPL corr. [au]:            -79.665962400297
 
 CPU time [min]:     2.807                   Wall time [min]:     0.090
 
 Calculation of (T) correction...
 
 
      388.93 MB memory is utilized for (T)

 0%       25%       50%       75%       100%
 |---------|---------|---------|---------| 
 
 (T) correction [au]:                                    -0.013958893867
 (T*) correction [au]:                                   -0.014006948563
 (T+) correction [au]:                                   -0.014006366227
 CCSD(T) correlation energy [au]:                        -0.419441979329
 CCSD(T) correlation energy + MP2 correction [au]:       -0.420729500423
 CCSD(T+) correlation en. + MP2 + PPL corr. [au]:        -0.420418263217
 Total CCSD(T) energy [au]:                             -79.678992482636
 Total CCSD(T) energy + MP2 correction [au]:            -79.680280003729
 Total CCSD(T+) energy + MP2 + PPL corr. [au]:          -79.679968766524
 
 CPU time [min]:     3.510                   Wall time [min]:     0.112
 
 ************************ 2023-02-05 13:33:29 *************************
                      Normal termination of mrcc.
 **********************************************************************
