 **********************************************************************
                          MRCC program system
 **********************************************************************
 
                              Written by
     Mihaly Kallay, Peter R. Nagy, David Mester, Laszlo Gyevi-Nagy,
        Jozsef Csoka, P. Bernat Szabo, Zoltan Rolik, Gyula Samu,
     Jozsef Csontos, Bence Hegely, Adam Ganyecz, Istvan Ladjanszki,
       Lorant Szegedy, Bence Ladoczki, Klara Petrov, Mate Farkas,
                    Pal D. Mezei, and Reka A. Horvath
 
        Department of Physical Chemistry and Materials Science
            Budapest University of Technology and Economics
                  Budapest P.O.Box 91, H-1521 Hungary
 
                              www.mrcc.hu
 
                      Release date: March 18, 2022

 ************************ 2023-02-05 13:26:09 *************************
 Executing minp...

 Reading input from MINP...
 
 Input file:
 
calc=FNO-CCSD(T)
verbosity=3
mem=220GB
unit=angs
scfiguess=small
scfalg=locfit1
ccmaxit=400
ccsdalg=dfdirect
ccsdthreads=4
ccsdmkl=thr
ptthreads=4
lnoepsv=1e-5
naf_cor=1e-2
basis=aug-cc-pVQZ
basis_sm=def2-SVP
dfbasis_scf=def2-QZVPP-RI-JK
dfbasis_cor=aug-cc-pVQZ-RI
unit=angs
geom=xyz
16

C    34.41670262    34.07107264    10.41543014
C    33.11117461    33.45680459    10.91530835
H    34.24160149    35.00442132     9.86225048
H    34.94674030    33.36940783     9.75379242
H    35.10002891    34.30603621    11.24227357
H    32.42643037    33.26105434    10.07939442
H    32.59136835    34.12756100    11.61262818
H    33.28915165    32.50678735    11.43686767
C    20.41949695    44.62250599    10.40840413
C    21.71921254    44.00866602    10.92356358
H    19.89421274    43.91831109     9.74574003
H    20.60154528    45.55346314     9.85293887
H    19.72845280    44.86310997    11.22701403
H    22.41312130    43.81200646    10.09557036
H    21.53496881    43.05914398    11.44395536
H    22.23131028    44.68025716    11.62583355

--------------------Output has been truncated-------------------------


--------------------Output has been truncated-------------------------


--------------------Output has been truncated-------------------------


--------------------Output has been truncated-------------------------


--------------------Output has been truncated-------------------------


--------------------Output has been truncated-------------------------


--------------------Output has been truncated-------------------------


--------------------Output has been truncated-------------------------


--------------------Output has been truncated-------------------------


--------------------Output has been truncated-------------------------


 
 Reference energy [au]:                      -158.528862282504
 DF-MP2 singlet pair energy [au]:              -0.635445840924
 DF-MP2 triplet pair energy [au]:              -0.153813372291
 DF-SCS-MP2 correlation energy [au]:           -0.813806133206
 DF-SCS-MP2 energy [au]:                     -159.342668415710
 DF-SOS-MP2 correlation energy [au]:           -0.826079593202
 DF-SOS-MP2 energy [au]:                     -159.354941875706
 DF-MP2 correlation energy [au]:               -0.789259213215
 DF-MP2 energy [au]:                         -159.318121495719

 Results in FNO basis:
 
 
 Reference energy [au]:                      -158.528862282504
 DF-MP2 singlet pair energy [au]:              -0.625098618493
 DF-MP2 triplet pair energy [au]:              -0.153241591415
 DF-SCS-MP2 correlation energy [au]:           -0.801198872663
 DF-SCS-MP2 energy [au]:                     -159.330061155168
 DF-SOS-MP2 correlation energy [au]:           -0.812628204041
 DF-SOS-MP2 energy [au]:                     -159.341490486545
 DF-MP2 correlation energy [au]:               -0.778340209908
 DF-MP2 energy [au]:                         -159.307202492412

 Results in NAF basis:
 
 
 Reference energy [au]:                      -158.528862282504
 DF-MP2 singlet pair energy [au]:              -0.625056683958
 DF-MP2 triplet pair energy [au]:              -0.153257602142
 DF-SCS-MP2 correlation energy [au]:           -0.801153888131
 DF-SCS-MP2 energy [au]:                     -159.330016170635
 DF-SOS-MP2 correlation energy [au]:           -0.812573689146
 DF-SOS-MP2 energy [au]:                     -159.341435971650
 DF-MP2 correlation energy [au]:               -0.778314286100
 DF-MP2 energy [au]:                         -159.307176568605

 ************************ 2023-02-05 13:28:22 *************************
 Executing ccsd...

 Allocation of 220.0 Gbytes of memory...

 Direct DF-CCSD(T) calculation
 
 Convergence criterion:  1.0E-06
 
 Number of occupied/virtual/auxiliary orbitals:    14   350  1102
   6895.51 MB is the minimal memory requirement for (T)
   1574.97 MB is the minimal memory requirement for CCSD
 
 Reference energy [au]:            -158.528862282504
 T1 contribution [au]:                0.000000000000
 Same spin MP2 energy [au]:          -0.153249591653
 Opposite spin MP2 energy [au]:      -0.625077641812
 MP2 correlation energy [au]:        -0.778327233465
 Total MP2 energy [au]:            -159.307189515969
 MP2 correction [au]:                -0.010931979750
 
 
 CPU time [min]:     1.543                   Wall time [min]:     0.461
 
 Starting CCSD iterations...
 
                     Residual norm          Energy
 Iteration  1        0.253998791361     -159.343015236003
 Iteration  2        0.062948777815     -159.362179736470
 Iteration  3        0.018512009380     -159.364451257405
 Iteration  4        0.003748118114     -159.364465697572
 Iteration  5        0.000793338003     -159.364477430064
 Iteration  6        0.000221937362     -159.364481531285
 Iteration  7        0.000052463032     -159.364481081087
 Iteration  8        0.000014140982     -159.364481808859
 Iteration  9        0.000002817605     -159.364481766041
 
 CCSD iteration has converged in  9 steps.
    59039.49 MB memory was utilized by CCSD
 
 T1 diagnostic:      8.231E-03            D1 diagnostic:      1.428E-02
 
 T1 contribution [au]:                                  0.000000000000
 PPL energy contribution [au]:                          0.217871523284
 Scaled PPL energy contribution [au]:                   0.220951006663

 OS-PPL energy contribution [au]:                       0.191085049840
 Scaled OS-PPL energy contribution [au]:                0.194274897383
 SS-PPL energy contribution [au]:                       0.026786473444
 Scaled SS-PPL energy contribution [au]:                0.026882631013

 Opposite spin CCSD energy [au]:                       -0.690281537842
 Same spin CCSD energy [au]:                           -0.145353457146
 CCSD correlation energy [au]:                         -0.835634994988
 CCSD correlation energy + MP2 correction [au]:        -0.846566974738
 CCSD correlation energy + MP2 + PPL corr. [au]:       -0.843487491359
 Total CCSD energy [au]:                             -159.364497277493
 Total CCSD energy + MP2 correction [au]:            -159.375429257243
 Total CCSD energy + MP2 + PPL corr. [au]:           -159.372349773863
 
 CPU time [min]:   153.880                   Wall time [min]:     5.327
 
 Calculation of (T) correction...
 
 
     8828.31 MB memory is utilized for (T)

 0%       25%       50%       75%       100%
 |---------|---------|---------|---------| 
 
 (T) correction [au]:                                    -0.029525493973
 (T*) correction [au]:                                   -0.029940193714
 (T+) correction [au]:                                   -0.029933132236
 CCSD(T) correlation energy [au]:                        -0.865160488961
 CCSD(T) correlation energy + MP2 correction [au]:       -0.876092468711
 CCSD(T+) correlation en. + MP2 + PPL corr. [au]:        -0.873420623595
 Total CCSD(T) energy [au]:                            -159.394022771465
 Total CCSD(T) energy + MP2 correction [au]:           -159.404954751215
 Total CCSD(T+) energy + MP2 + PPL corr. [au]:         -159.402282906100
 
 CPU time [min]:   275.538                   Wall time [min]:     8.955
 
 ************************ 2023-02-05 13:37:20 *************************
                      Normal termination of mrcc.
 **********************************************************************
