 **********************************************************************
                          MRCC program system
 **********************************************************************
 
                              Written by
     Mihaly Kallay, Peter R. Nagy, David Mester, Laszlo Gyevi-Nagy,
        Jozsef Csoka, P. Bernat Szabo, Zoltan Rolik, Gyula Samu,
     Jozsef Csontos, Bence Hegely, Adam Ganyecz, Istvan Ladjanszki,
       Lorant Szegedy, Bence Ladoczki, Klara Petrov, Mate Farkas,
                    Pal D. Mezei, and Reka A. Horvath
 
        Department of Physical Chemistry and Materials Science
            Budapest University of Technology and Economics
                  Budapest P.O.Box 91, H-1521 Hungary
 
                              www.mrcc.hu
 
                      Release date: March 18, 2022

 ************************ 2023-02-04 11:45:30 *************************
 Executing minp...

 Reading input from MINP...
 
 Input file:
 
calc=FNO-CCSD(T)
verbosity=3
mem=220GB
unit=angs
scfiguess=small
scfalg=locfit1
ccmaxit=400
ccsdalg=dfdirect
ccsdthreads=4
ccsdmkl=thr
ptthreads=4
lnoepsv=1e-5
naf_cor=1e-2
basis=aug-cc-pVTZ
basis_sm=def2-SVP
dfbasis_scf=def2-QZVPP-RI-JK
dfbasis_cor=aug-cc-pVTZ-RI
unit=angs
geom=xyz
10

C    29.54344629    29.54344629    16.97505516
H    29.54344670    30.44187631    17.60392580
H    29.54344662    28.64496649    17.60393442
H    30.44658454    29.54342777    16.34911135
H    28.64030918    29.54342779    16.34911130
C    33.76393855    42.20492347    16.97520498
H    33.76393892    41.30640290    17.60414260
H    32.86104419    42.20490482    16.34891491
H    33.76393902    43.10339369    17.60413400
H    34.66683405    42.20490470    16.34891492

--------------------Output has been truncated-------------------------


--------------------Output has been truncated-------------------------


--------------------Output has been truncated-------------------------


--------------------Output has been truncated-------------------------


--------------------Output has been truncated-------------------------


--------------------Output has been truncated-------------------------


--------------------Output has been truncated-------------------------


--------------------Output has been truncated-------------------------


--------------------Output has been truncated-------------------------


--------------------Output has been truncated-------------------------


 
 Reference energy [au]:                       -80.426028576185
 DF-MP2 singlet pair energy [au]:              -0.328838570043
 DF-MP2 triplet pair energy [au]:              -0.073189056755
 DF-SCS-MP2 correlation energy [au]:           -0.419002636303
 DF-SCS-MP2 energy [au]:                      -80.845031212488
 DF-SOS-MP2 correlation energy [au]:           -0.427490141055
 DF-SOS-MP2 energy [au]:                      -80.853518717241
 DF-MP2 correlation energy [au]:               -0.402027626798
 DF-MP2 energy [au]:                          -80.828056202983

 Results in FNO basis:
 
 
 Reference energy [au]:                       -80.426028576185
 DF-MP2 singlet pair energy [au]:              -0.327537995311
 DF-MP2 triplet pair energy [au]:              -0.073101524338
 DF-SCS-MP2 correlation energy [au]:           -0.417412769153
 DF-SCS-MP2 energy [au]:                      -80.843441345338
 DF-SOS-MP2 correlation energy [au]:           -0.425799393905
 DF-SOS-MP2 energy [au]:                      -80.851827970090
 DF-MP2 correlation energy [au]:               -0.400639519649
 DF-MP2 energy [au]:                          -80.826668095834

 Results in NAF basis:
 
 
 Reference energy [au]:                       -80.426028576185
 DF-MP2 singlet pair energy [au]:              -0.327472451000
 DF-MP2 triplet pair energy [au]:              -0.073140401711
 DF-SCS-MP2 correlation energy [au]:           -0.417347075104
 DF-SCS-MP2 energy [au]:                      -80.843375651290
 DF-SOS-MP2 correlation energy [au]:           -0.425714186301
 DF-SOS-MP2 energy [au]:                      -80.851742762486
 DF-MP2 correlation energy [au]:               -0.400612852711
 DF-MP2 energy [au]:                          -80.826641428897

 ************************ 2023-02-04 11:45:48 *************************
 Executing ccsd...

 Allocation of 220.0 Gbytes of memory...

 Direct DF-CCSD(T) calculation
 
 Convergence criterion:  1.0E-06
 
 Number of occupied/virtual/auxiliary orbitals:     8   166   443
    715.53 MB is the minimal memory requirement for (T)
    155.43 MB is the minimal memory requirement for CCSD
 
 Reference energy [au]:             -80.426028576185
 T1 contribution [au]:                0.000000000000
 Same spin MP2 energy [au]:          -0.073120909343
 Opposite spin MP2 energy [au]:      -0.327505060983
 MP2 correlation energy [au]:        -0.400625970325
 Total MP2 energy [au]:             -80.826654546511
 MP2 correction [au]:                -0.001401656472
 
 
 CPU time [min]:     0.354                   Wall time [min]:     0.015
 
 Starting CCSD iterations...
 
                     Residual norm          Energy
 Iteration  1        0.186522972987      -80.855590327877
 Iteration  2        0.047736858516      -80.866636718578
 Iteration  3        0.011571590612      -80.867569179054
 Iteration  4        0.002706735517      -80.867574392994
 Iteration  5        0.000513312398      -80.867588498941
 Iteration  6        0.000104127919      -80.867588764300
 Iteration  7        0.000025076760      -80.867589975101
 Iteration  8        0.000004384934      -80.867590010580
 Iteration  9        0.000000887444      -80.867589993536
 
 CCSD iteration has converged in  9 steps.
     3072.80 MB memory was utilized by CCSD
 
 T1 diagnostic:      7.475E-03            D1 diagnostic:      1.210E-02
 
 T1 contribution [au]:                                  0.000000000000
 PPL energy contribution [au]:                          0.114977224686
 Scaled PPL energy contribution [au]:                   0.115382358129

 OS-PPL energy contribution [au]:                       0.101747119913
 Scaled OS-PPL energy contribution [au]:                0.102170485267
 SS-PPL energy contribution [au]:                       0.013230104773
 Scaled SS-PPL energy contribution [au]:                0.013239167075

 Opposite spin CCSD energy [au]:                       -0.370938293635
 Same spin CCSD energy [au]:                           -0.070644308880
 CCSD correlation energy [au]:                         -0.441582602515
 CCSD correlation energy + MP2 correction [au]:        -0.442984258987
 CCSD correlation energy + MP2 + PPL corr. [au]:       -0.442579125544
 Total CCSD energy [au]:                              -80.867611178700
 Total CCSD energy + MP2 correction [au]:             -80.869012835172
 Total CCSD energy + MP2 + PPL corr. [au]:            -80.868607701729
 
 CPU time [min]:     5.369                   Wall time [min]:     0.157
 
 Calculation of (T) correction...
 
 
      698.30 MB memory is utilized for (T)

 0%       25%       50%       75%       100%
 |---------|---------|---------|---------| 
 
 (T) correction [au]:                                    -0.013137879406
 (T*) correction [au]:                                   -0.013183844459
 (T+) correction [au]:                                   -0.013183824422
 CCSD(T) correlation energy [au]:                        -0.454720481921
 CCSD(T) correlation energy + MP2 correction [au]:       -0.456122138393
 CCSD(T+) correlation en. + MP2 + PPL corr. [au]:        -0.455762949966
 Total CCSD(T) energy [au]:                             -80.880749058106
 Total CCSD(T) energy + MP2 correction [au]:            -80.882150714579
 Total CCSD(T+) energy + MP2 + PPL corr. [au]:          -80.881791526151
 
 CPU time [min]:     7.291                   Wall time [min]:     0.223
 
 ************************ 2023-02-04 11:46:02 *************************
                      Normal termination of mrcc.
 **********************************************************************
