 **********************************************************************
                          MRCC program system
 **********************************************************************
 
                              Written by
     Mihaly Kallay, Peter R. Nagy, David Mester, Laszlo Gyevi-Nagy,
        Jozsef Csoka, P. Bernat Szabo, Zoltan Rolik, Gyula Samu,
     Jozsef Csontos, Bence Hegely, Adam Ganyecz, Istvan Ladjanszki,
       Lorant Szegedy, Bence Ladoczki, Klara Petrov, Mate Farkas,
                    Pal D. Mezei, and Reka A. Horvath
 
        Department of Physical Chemistry and Materials Science
            Budapest University of Technology and Economics
                  Budapest P.O.Box 91, H-1521 Hungary
 
                              www.mrcc.hu
 
                      Release date: March 18, 2022

 ************************ 2023-02-04 11:45:41 *************************
 Executing minp...

 Reading input from MINP...
 
 Input file:
 
calc=FNO-CCSD(T)
verbosity=3
mem=220GB
unit=angs
scfiguess=small
scfalg=locfit1
ccmaxit=400
ccsdalg=dfdirect
ccsdthreads=4
ccsdmkl=thr
ptthreads=4
lnoepsv=1e-5
naf_cor=1e-2
basis=aug-cc-pVQZ
basis_sm=def2-SVP
dfbasis_scf=def2-QZVPP-RI-JK
dfbasis_cor=aug-cc-pVQZ-RI
unit=angs
geom=xyz
10

C    29.54344629    29.54344629    16.97505516
H    29.54344670    30.44187631    17.60392580
H    29.54344662    28.64496649    17.60393442
H    30.44658454    29.54342777    16.34911135
H    28.64030918    29.54342779    16.34911130
C    33.76393855    42.20492347    16.97520498
H    33.76393892    41.30640290    17.60414260
H    32.86104419    42.20490482    16.34891491
H    33.76393902    43.10339369    17.60413400
H    34.66683405    42.20490470    16.34891492

--------------------Output has been truncated-------------------------


--------------------Output has been truncated-------------------------


--------------------Output has been truncated-------------------------


--------------------Output has been truncated-------------------------


--------------------Output has been truncated-------------------------


--------------------Output has been truncated-------------------------


--------------------Output has been truncated-------------------------


--------------------Output has been truncated-------------------------


--------------------Output has been truncated-------------------------


--------------------Output has been truncated-------------------------


 
 Reference energy [au]:                       -80.431228815585
 DF-MP2 singlet pair energy [au]:              -0.347506542302
 DF-MP2 triplet pair energy [au]:              -0.074996724275
 DF-SCS-MP2 correlation energy [au]:           -0.442006758853
 DF-SCS-MP2 energy [au]:                      -80.873235574439
 DF-SOS-MP2 correlation energy [au]:           -0.451758504992
 DF-SOS-MP2 energy [au]:                      -80.882987320577
 DF-MP2 correlation energy [au]:               -0.422503266576
 DF-MP2 energy [au]:                          -80.853732082162

 Results in FNO basis:
 
 
 Reference energy [au]:                       -80.431228815585
 DF-MP2 singlet pair energy [au]:              -0.341237102284
 DF-MP2 triplet pair energy [au]:              -0.074714097731
 DF-SCS-MP2 correlation energy [au]:           -0.434389221985
 DF-SCS-MP2 energy [au]:                      -80.865618037570
 DF-SOS-MP2 correlation energy [au]:           -0.443608232970
 DF-SOS-MP2 energy [au]:                      -80.874837048555
 DF-MP2 correlation energy [au]:               -0.415951200015
 DF-MP2 energy [au]:                          -80.847180015601

 Results in NAF basis:
 
 
 Reference energy [au]:                       -80.431228815585
 DF-MP2 singlet pair energy [au]:              -0.341202045150
 DF-MP2 triplet pair energy [au]:              -0.074727426473
 DF-SCS-MP2 correlation energy [au]:           -0.434351596338
 DF-SCS-MP2 energy [au]:                      -80.865580411923
 DF-SOS-MP2 correlation energy [au]:           -0.443562658695
 DF-SOS-MP2 energy [au]:                      -80.874791474281
 DF-MP2 correlation energy [au]:               -0.415929471624
 DF-MP2 energy [au]:                          -80.847158287209

 ************************ 2023-02-04 11:46:18 *************************
 Executing ccsd...

 Allocation of 220.0 Gbytes of memory...

 Direct DF-CCSD(T) calculation
 
 Convergence criterion:  1.0E-06
 
 Number of occupied/virtual/auxiliary orbitals:     8   202   640
   1312.15 MB is the minimal memory requirement for (T)
    293.11 MB is the minimal memory requirement for CCSD
 
 Reference energy [au]:             -80.431228815585
 T1 contribution [au]:                0.000000000000
 Same spin MP2 energy [au]:          -0.074720753248
 Opposite spin MP2 energy [au]:      -0.341219554243
 MP2 correlation energy [au]:        -0.415940307491
 Total MP2 energy [au]:             -80.847169123076
 MP2 correction [au]:                -0.006562959085
 
 
 CPU time [min]:     0.482                   Wall time [min]:     0.058
 
 Starting CCSD iterations...
 
                     Residual norm          Energy
 Iteration  1        0.196125673258      -80.873059118814
 Iteration  2        0.050030174319      -80.884106501614
 Iteration  3        0.013819864585      -80.885272025917
 Iteration  4        0.002858133847      -80.885281027334
 Iteration  5        0.000530215297      -80.885294051188
 Iteration  6        0.000119931233      -80.885293804666
 Iteration  7        0.000028602846      -80.885295184878
 Iteration  8        0.000005287809      -80.885295298810
 Iteration  9        0.000001125804      -80.885295274848
 
 CCSD iteration has converged in  9 steps.
     6687.81 MB memory was utilized by CCSD
 
 T1 diagnostic:      7.996E-03            D1 diagnostic:      1.292E-02
 
 T1 contribution [au]:                                  0.000000000000
 PPL energy contribution [au]:                          0.121205804248
 Scaled PPL energy contribution [au]:                   0.123119433227

 OS-PPL energy contribution [au]:                       0.107548823629
 Scaled OS-PPL energy contribution [au]:                0.109534959432
 SS-PPL energy contribution [au]:                       0.013656980618
 Scaled SS-PPL energy contribution [au]:                0.013705592006

 Opposite spin CCSD energy [au]:                       -0.382008137258
 Same spin CCSD energy [au]:                           -0.072071812029
 CCSD correlation energy [au]:                         -0.454079949288
 CCSD correlation energy + MP2 correction [au]:        -0.460642908373
 CCSD correlation energy + MP2 + PPL corr. [au]:       -0.458729279393
 Total CCSD energy [au]:                              -80.885308764873
 Total CCSD energy + MP2 correction [au]:             -80.891871723958
 Total CCSD energy + MP2 + PPL corr. [au]:            -80.889958094979
 
 CPU time [min]:    12.733                   Wall time [min]:     0.408
 
 Calculation of (T) correction...
 
 
     1275.43 MB memory is utilized for (T)

 0%       25%       50%       75%       100%
 |---------|---------|---------|---------| 
 
 (T) correction [au]:                                    -0.013883726754
 (T*) correction [au]:                                   -0.014102792637
 (T+) correction [au]:                                   -0.014101978857
 CCSD(T) correlation energy [au]:                        -0.467963676042
 CCSD(T) correlation energy + MP2 correction [au]:       -0.474526635127
 CCSD(T+) correlation en. + MP2 + PPL corr. [au]:        -0.472831258251
 Total CCSD(T) energy [au]:                             -80.899192491627
 Total CCSD(T) energy + MP2 correction [au]:            -80.905755450713
 Total CCSD(T+) energy + MP2 + PPL corr. [au]:          -80.904060073836
 
 CPU time [min]:    16.734                   Wall time [min]:     0.540
 
 ************************ 2023-02-04 11:46:50 *************************
                      Normal termination of mrcc.
 **********************************************************************
