 **********************************************************************
                          MRCC program system
 **********************************************************************
 
                              Written by
     Mihaly Kallay, Peter R. Nagy, David Mester, Laszlo Gyevi-Nagy,
        Jozsef Csoka, P. Bernat Szabo, Zoltan Rolik, Gyula Samu,
     Jozsef Csontos, Bence Hegely, Adam Ganyecz, Istvan Ladjanszki,
       Lorant Szegedy, Bence Ladoczki, Klara Petrov, Mate Farkas,
                    Pal D. Mezei, and Reka A. Horvath
 
        Department of Physical Chemistry and Materials Science
            Budapest University of Technology and Economics
                  Budapest P.O.Box 91, H-1521 Hungary
 
                              www.mrcc.hu
 
                      Release date: March 18, 2022

 ************************ 2023-02-05 13:29:49 *************************
 Executing minp...

 Reading input from MINP...
 
 Input file:
 
calc=FNO-CCSD(T)
verbosity=3
mem=220GB
unit=angs
scfiguess=small
scfalg=locfit1
ccmaxit=400
ccsdalg=dfdirect
ccsdthreads=4
ccsdmkl=thr
ptthreads=4
lnoepsv=1e-5
naf_cor=1e-2
basis=aug-cc-pVTZ
basis_sm=def2-SVP
dfbasis_scf=def2-QZVPP-RI-JK
dfbasis_cor=aug-cc-pVTZ-RI
unit=angs
geom=xyz
16

C    34.41670262    34.07107264    10.41543014
C    33.11117461    33.45680459    10.91530835
H    34.24160149    35.00442132     9.86225048
H    34.94674030    33.36940783     9.75379242
H    35.10002891    34.30603621    11.24227357
H    32.42643037    33.26105434    10.07939442
H    32.59136835    34.12756100    11.61262818
H    33.28915165    32.50678735    11.43686767
C    25.97571797    42.51205729    10.41543014
C    24.67018996    41.89778925    10.91530835
H    25.80061684    43.44540598     9.86225048
H    26.50575565    41.81039248     9.75379242
H    26.65904426    42.74702086    11.24227357
H    23.98544572    41.70203900    10.07939442
H    24.15038370    42.56854565    11.61262818
H    24.84816699    40.94777201    11.43686767

--------------------Output has been truncated-------------------------


--------------------Output has been truncated-------------------------


--------------------Output has been truncated-------------------------


--------------------Output has been truncated-------------------------


--------------------Output has been truncated-------------------------


--------------------Output has been truncated-------------------------


--------------------Output has been truncated-------------------------


--------------------Output has been truncated-------------------------


--------------------Output has been truncated-------------------------


--------------------Output has been truncated-------------------------


 
 Reference energy [au]:                      -158.519101071268
 DF-MP2 singlet pair energy [au]:              -0.600510816286
 DF-MP2 triplet pair energy [au]:              -0.150064502421
 DF-SCS-MP2 correlation energy [au]:           -0.770634480351
 DF-SCS-MP2 energy [au]:                     -159.289735551619
 DF-SOS-MP2 correlation energy [au]:           -0.780664061172
 DF-SOS-MP2 energy [au]:                     -159.299765132440
 DF-MP2 correlation energy [au]:               -0.750575318708
 DF-MP2 energy [au]:                         -159.269676389975

 Results in FNO basis:
 
 
 Reference energy [au]:                      -158.519101071268
 DF-MP2 singlet pair energy [au]:              -0.598170024009
 DF-MP2 triplet pair energy [au]:              -0.149851867729
 DF-SCS-MP2 correlation energy [au]:           -0.767754651387
 DF-SCS-MP2 energy [au]:                     -159.286855722655
 DF-SOS-MP2 correlation energy [au]:           -0.777621031212
 DF-SOS-MP2 energy [au]:                     -159.296722102479
 DF-MP2 correlation energy [au]:               -0.748021891738
 DF-MP2 energy [au]:                         -159.267122963006

 Results in NAF basis:
 
 
 Reference energy [au]:                      -158.519101071268
 DF-MP2 singlet pair energy [au]:              -0.598049617746
 DF-MP2 triplet pair energy [au]:              -0.149930191629
 DF-SCS-MP2 correlation energy [au]:           -0.767636271838
 DF-SCS-MP2 energy [au]:                     -159.286737343106
 DF-SOS-MP2 correlation energy [au]:           -0.777464503070
 DF-SOS-MP2 energy [au]:                     -159.296565574338
 DF-MP2 correlation energy [au]:               -0.747979809375
 DF-MP2 energy [au]:                         -159.267080880643

 ************************ 2023-02-05 13:30:34 *************************
 Executing ccsd...

 Allocation of 220.0 Gbytes of memory...

 Direct DF-CCSD(T) calculation
 
 Convergence criterion:  1.0E-06
 
 Number of occupied/virtual/auxiliary orbitals:    14   278   756
   3422.71 MB is the minimal memory requirement for (T)
    780.99 MB is the minimal memory requirement for CCSD
 
 Reference energy [au]:            -158.519101071268
 T1 contribution [au]:                0.000000000000
 Same spin MP2 energy [au]:          -0.149890911874
 Opposite spin MP2 energy [au]:      -0.598109480109
 MP2 correlation energy [au]:        -0.748000391984
 Total MP2 energy [au]:            -159.267101463251
 MP2 correction [au]:                -0.002574926724
 
 
 CPU time [min]:     0.913                   Wall time [min]:     0.132
 
 Starting CCSD iterations...
 
                     Residual norm          Energy
 Iteration  1        0.241423581409     -159.308958366258
 Iteration  2        0.060038196603     -159.328088153347
 Iteration  3        0.015975833224     -159.330000275447
 Iteration  4        0.003604192071     -159.330016913461
 Iteration  5        0.000758967588     -159.330027326072
 Iteration  6        0.000215377202     -159.330033481157
 Iteration  7        0.000051276929     -159.330033050462
 Iteration  8        0.000013080545     -159.330033633692
 Iteration  9        0.000002622543     -159.330033581648
 
 CCSD iteration has converged in  9 steps.
    23656.02 MB memory was utilized by CCSD
 
 T1 diagnostic:      7.817E-03            D1 diagnostic:      1.353E-02
 
 T1 contribution [au]:                                  0.000000000000
 PPL energy contribution [au]:                          0.205823343427
 Scaled PPL energy contribution [au]:                   0.206540557439

 OS-PPL energy contribution [au]:                       0.179922885948
 Scaled OS-PPL energy contribution [au]:                0.180664866791
 SS-PPL energy contribution [au]:                       0.025900457479
 Scaled SS-PPL energy contribution [au]:                0.025924088735

 Opposite spin CCSD energy [au]:                       -0.668569722016
 Same spin CCSD energy [au]:                           -0.142399477370
 CCSD correlation energy [au]:                         -0.810969199385
 CCSD correlation energy + MP2 correction [au]:        -0.813544126109
 CCSD correlation energy + MP2 + PPL corr. [au]:       -0.812826912097
 Total CCSD energy [au]:                             -159.330070270653
 Total CCSD energy + MP2 correction [au]:            -159.332645197377
 Total CCSD energy + MP2 + PPL corr. [au]:           -159.331927983365
 
 CPU time [min]:    54.570                   Wall time [min]:     1.816
 
 Calculation of (T) correction...
 
 
     4429.83 MB memory is utilized for (T)

 0%       25%       50%       75%       100%
 |---------|---------|---------|---------| 
 
 (T) correction [au]:                                    -0.027918209918
 (T*) correction [au]:                                   -0.028014315944
 (T+) correction [au]:                                   -0.028013128741
 CCSD(T) correlation energy [au]:                        -0.838887409304
 CCSD(T) correlation energy + MP2 correction [au]:       -0.841462336028
 CCSD(T+) correlation en. + MP2 + PPL corr. [au]:        -0.840840040839
 Total CCSD(T) energy [au]:                            -159.357988480572
 Total CCSD(T) energy + MP2 correction [au]:           -159.360563407296
 Total CCSD(T+) energy + MP2 + PPL corr. [au]:         -159.359941112107
 
 CPU time [min]:   112.935                   Wall time [min]:     3.529
 
 ************************ 2023-02-05 13:34:06 *************************
                      Normal termination of mrcc.
 **********************************************************************
