================================================================================
                                       INPUT FILE
================================================================================
NAME = orca.inp
|  1>  ! TightSCF RI-MP2 RIJCOSX SlowConv DIIS
|  2> %maxcore 72000
|  3> %pal
|  4> nprocs 16
|  5> end
|  6> %pointcharges "orca.bq"
|  7> %method
|  8> Method hf
|  9> RI on
| 10> RunTyp Energy
| 11> NewNCore O 2 end
| 12> NewNCore Mg 2 end
| 13> NewNCore H 0 end
| 14> NewNCore C 2 end
| 15> end
| 16> %basis
| 17> NewGTO Mg
| 18> "cc-pwCVQZ"
| 19> end
| 20> NewGTO H
| 21> "aug-cc-pVQZ"
| 22> end
| 23> NewGTO C
| 24> "aug-cc-pVQZ"
| 25> end
| 26> NewGTO O
| 27> "aug-cc-pVQZ"
| 28> end
| 29> NewAuxCGTO Mg
| 30> "AutoAux"
| 31> end
| 32> NewAuxCGTO H
| 33> "aug-cc-pVQZ/C"
| 34> end
| 35> NewAuxCGTO C
| 36> "aug-cc-pVQZ/C"
| 37> end
| 38> NewAuxCGTO O 
| 39> "aug-cc-pVQZ/C"
| 40> end
| 41> Aux "def2/J"
| 42> end
| 43> %scf
| 44> HFTyp rhf
| 45> Guess MORead
| 46> MOInp "orca_svp_start.gbw"
| 47> SCFMode Direct
| 48> sthresh 1e-6
| 49> AutoTRAHIter 60
| 50> MaxIter 1000
| 51> end
| 52> %coords
| 53> CTyp xyz
| 54> Mult 1
| 55> Units angs
| 56>       Charge -18
| 57>   coords
| 58> C:                      0.47673961044    0.94255708263    3.05614279208
| 59> C:                     -3.05026778604   -1.67561781944    3.07599977897
| 60> C:                     -0.43462669756   -5.16798964753    3.07877577627
| 61> C:                      3.06022047617   -2.59502002606    3.05084372800
| 62> O:                      0.13943585508   -0.21039371401    2.25475896151
| 63> O:                     -1.90471810476   -1.98627604266    2.25404486935
| 64> O:                     -0.13145473002   -4.02545576189    2.25040091438
| 65> O:                      1.90827300668   -2.25672231970    2.24913727671
| 66> H:                      0.33867089978    0.72830564293    4.12799554143
| 67> H:                      0.88404470710   -0.87146617586    2.31270309257
| 68> H:                      1.52050514291    1.23868133071    2.87182547865
| 69> H:                     -0.17853571994    1.76265108184    2.74371933051
| 70> H:                     -2.81965062365   -1.83035543634    4.14213071467
| 71> H:                     -1.24803041528   -1.23836915347    2.31708559668
| 72> H:                     -3.36190070732   -0.63272976620    2.91457919282
| 73> H:                     -3.86679738764   -2.33535273596    2.76360135104
| 74> H:                     -0.27307953359   -4.93314457301    4.14297091729
| 75> H:                     -0.88024612789   -3.36889572155    2.31295214545
| 76> H:                     -1.47800582736   -5.48247657592    2.92509305353
| 77> H:                      0.22532948067   -5.98398511429    2.76523198310
| 78> H:                      2.84756089596   -2.44997330170    4.12224473895
| 79> H:                      1.24470025182   -2.99983995011    2.30700787540
| 80> H:                      3.35218287752   -3.64082219211    2.87178808241
| 81> H:                      3.88232176277   -1.94409713790    2.73395369827
| 82> Mg                      0.00000000000    0.00000000000    0.00000000000
| 83> O                       0.00020414039   -2.11670100552   -0.03633687784
| 84> O                       0.00008165256    2.12536468841   -0.01624450800
| 85> O                      -2.13066223169    0.02090987991   -0.02781827616
| 86> O                       2.13750143997    0.01506419223   -0.02829749514
| 87> O                       0.00091550980    0.00105097461   -2.15645427697
| 88> Mg                      2.11650496800   -2.11573793376   -0.00166243752
| 89> Mg                     -2.11595800944   -2.11657210777   -0.00104152720
| 90> Mg                      0.00028306183   -2.11582389534   -2.13107648121
| 91> O                      -2.11702190207   -2.11506233157   -2.15675215098
| 92> O                       2.11770107955   -2.11628756531   -2.15700758600
| 93> Mg                      0.00083779638   -4.23327240350   -0.00195989034
| 94> O                      -4.23990637216   -2.11575244484   -0.01537091385
| 95> O                       4.24092582583   -2.11515550341   -0.01630775588
| 96> O                      -0.00015784753   -4.23296688611   -2.15708057199
| 97> O                      -2.13652991603   -4.24742695373   -0.02920991164
| 98> O                       2.13218777058   -4.25352913012   -0.02965243313
| 99> O                       0.00028517371   -2.11531669259   -4.27748107507
|100> O                       0.00084351996   -6.35648505827   -0.01626186023
|101> Mg>    2.00000000000   -2.11343245806    2.10632321050   -0.08508158862
|102> NewECP
|103> N_core 0
|104> lmax f
|105> s 1
|106> 1      1.732000000   14.676000000 2
|107> p 1
|108> 1      1.115000000    5.175700000 2
|109> d 1
|110> 1      1.203000000   -1.816000000 2
|111> f 1
|112> 1      1.000000000    0.000000000 2
|113> end
|114> Mg>    2.00000000000    2.11370780092    2.10633183359   -0.08736518721
|115> NewECP
|116> N_core 0
|117> lmax f
|118> s 1
|119> 1      1.732000000   14.676000000 2
|120> p 1
|121> 1      1.115000000    5.175700000 2
|122> d 1
|123> 1      1.203000000   -1.816000000 2
|124> f 1
|125> 1      1.000000000    0.000000000 2
|126> end
|127> Mg>    2.00000000000   -2.10075132032   -0.01352069236   -2.15015837356
|128> NewECP
|129> N_core 0
|130> lmax f
|131> s 1
|132> 1      1.732000000   14.676000000 2
|133> p 1
|134> 1      1.115000000    5.175700000 2
|135> d 1
|136> 1      1.203000000   -1.816000000 2
|137> f 1
|138> 1      1.000000000    0.000000000 2
|139> end
|140> Mg>    2.00000000000    2.10241272832   -0.01451056103   -2.15056971759
|141> NewECP
|142> N_core 0
|143> lmax f
|144> s 1
|145> 1      1.732000000   14.676000000 2
|146> p 1
|147> 1      1.115000000    5.175700000 2
|148> d 1
|149> 1      1.203000000   -1.816000000 2
|150> f 1
|151> 1      1.000000000    0.000000000 2
|152> end
|153> Mg>    2.00000000000   -0.00019051682    2.09729035498   -2.15905109104
|154> NewECP
|155> N_core 0
|156> lmax f
|157> s 1
|158> 1      1.732000000   14.676000000 2
|159> p 1
|160> 1      1.115000000    5.175700000 2
|161> d 1
|162> 1      1.203000000   -1.816000000 2
|163> f 1
|164> 1      1.000000000    0.000000000 2
|165> end
|166> Mg>    2.00000000000    0.00038376031    4.21669833972   -0.07690907487
|167> NewECP
|168> N_core 0
|169> lmax f
|170> s 1
|171> 1      1.732000000   14.676000000 2
|172> p 1
|173> 1      1.115000000    5.175700000 2
|174> d 1
|175> 1      1.203000000   -1.816000000 2
|176> f 1
|177> 1      1.000000000    0.000000000 2
|178> end
|179> Mg>    2.00000000000   -4.22118784573   -0.00220422425   -0.08640414113
|180> NewECP
|181> N_core 0
|182> lmax f
|183> s 1
|184> 1      1.732000000   14.676000000 2
|185> p 1
|186> 1      1.115000000    5.175700000 2
|187> d 1
|188> 1      1.203000000   -1.816000000 2
|189> f 1
|190> 1      1.000000000    0.000000000 2
|191> end
|192> Mg>    2.00000000000    4.22221441701   -0.00162542065   -0.08538324352
|193> NewECP
|194> N_core 0
|195> lmax f
|196> s 1
|197> 1      1.732000000   14.676000000 2
|198> p 1
|199> 1      1.115000000    5.175700000 2
|200> d 1
|201> 1      1.203000000   -1.816000000 2
|202> f 1
|203> 1      1.000000000    0.000000000 2
|204> end
|205> Mg>    2.00000000000    0.00028517371   -0.00506992863   -4.27748107507
|206> NewECP
|207> N_core 0
|208> lmax f
|209> s 1
|210> 1      1.732000000   14.676000000 2
|211> p 1
|212> 1      1.115000000    5.175700000 2
|213> d 1
|214> 1      1.203000000   -1.816000000 2
|215> f 1
|216> 1      1.000000000    0.000000000 2
|217> end
|218> Mg>    2.00000000000   -2.10186832766   -4.21705858124   -2.15070246526
|219> NewECP
|220> N_core 0
|221> lmax f
|222> s 1
|223> 1      1.732000000   14.676000000 2
|224> p 1
|225> 1      1.115000000    5.175700000 2
|226> d 1
|227> 1      1.203000000   -1.816000000 2
|228> f 1
|229> 1      1.000000000    0.000000000 2
|230> end
|231> Mg>    2.00000000000    2.10183375731   -4.21803744887   -2.15094777458
|232> NewECP
|233> N_core 0
|234> lmax f
|235> s 1
|236> 1      1.732000000   14.676000000 2
|237> p 1
|238> 1      1.115000000    5.175700000 2
|239> d 1
|240> 1      1.203000000   -1.816000000 2
|241> f 1
|242> 1      1.000000000    0.000000000 2
|243> end
|244> Mg>    2.00000000000   -4.21277451754   -2.11589864003   -2.15912305341
|245> NewECP
|246> N_core 0
|247> lmax f
|248> s 1
|249> 1      1.732000000   14.676000000 2
|250> p 1
|251> 1      1.115000000    5.175700000 2
|252> d 1
|253> 1      1.203000000   -1.816000000 2
|254> f 1
|255> 1      1.000000000    0.000000000 2
|256> end
|257> Mg>    2.00000000000    4.21361399573   -2.11488724398   -2.15938008668
|258> NewECP
|259> N_core 0
|260> lmax f
|261> s 1
|262> 1      1.732000000   14.676000000 2
|263> p 1
|264> 1      1.115000000    5.175700000 2
|265> d 1
|266> 1      1.203000000   -1.816000000 2
|267> f 1
|268> 1      1.000000000    0.000000000 2
|269> end
|270> Mg>    2.00000000000   -2.10969453362    4.21572726618   -2.16550072011
|271> NewECP
|272> N_core 0
|273> lmax f
|274> s 1
|275> 1      1.732000000   14.676000000 2
|276> p 1
|277> 1      1.115000000    5.175700000 2
|278> d 1
|279> 1      1.203000000   -1.816000000 2
|280> f 1
|281> 1      1.000000000    0.000000000 2
|282> end
|283> Mg>    2.00000000000    2.11003080937    4.21587378366   -2.16560137513
|284> NewECP
|285> N_core 0
|286> lmax f
|287> s 1
|288> 1      1.732000000   14.676000000 2
|289> p 1
|290> 1      1.115000000    5.175700000 2
|291> d 1
|292> 1      1.203000000   -1.816000000 2
|293> f 1
|294> 1      1.000000000    0.000000000 2
|295> end
|296> Mg>    2.00000000000   -4.21985109269    2.10489878919   -2.16638986436
|297> NewECP
|298> N_core 0
|299> lmax f
|300> s 1
|301> 1      1.732000000   14.676000000 2
|302> p 1
|303> 1      1.115000000    5.175700000 2
|304> d 1
|305> 1      1.203000000   -1.816000000 2
|306> f 1
|307> 1      1.000000000    0.000000000 2
|308> end
|309> Mg>    2.00000000000    4.22059236909    2.10492264408   -2.16659815714
|310> NewECP
|311> N_core 0
|312> lmax f
|313> s 1
|314> 1      1.732000000   14.676000000 2
|315> p 1
|316> 1      1.115000000    5.175700000 2
|317> d 1
|318> 1      1.203000000   -1.816000000 2
|319> f 1
|320> 1      1.000000000    0.000000000 2
|321> end
|322> Mg>    2.00000000000   -2.10996159024    2.10517683532   -4.27748107507
|323> NewECP
|324> N_core 0
|325> lmax f
|326> s 1
|327> 1      1.732000000   14.676000000 2
|328> p 1
|329> 1      1.115000000    5.175700000 2
|330> d 1
|331> 1      1.203000000   -1.816000000 2
|332> f 1
|333> 1      1.000000000    0.000000000 2
|334> end
|335> Mg>    2.00000000000    2.11053193766    2.10517683532   -4.27748107507
|336> NewECP
|337> N_core 0
|338> lmax f
|339> s 1
|340> 1      1.732000000   14.676000000 2
|341> p 1
|342> 1      1.115000000    5.175700000 2
|343> d 1
|344> 1      1.203000000   -1.816000000 2
|345> f 1
|346> 1      1.000000000    0.000000000 2
|347> end
|348> Mg>    2.00000000000   -2.10996159024   -2.11531669259   -4.27748107507
|349> NewECP
|350> N_core 0
|351> lmax f
|352> s 1
|353> 1      1.732000000   14.676000000 2
|354> p 1
|355> 1      1.115000000    5.175700000 2
|356> d 1
|357> 1      1.203000000   -1.816000000 2
|358> f 1
|359> 1      1.000000000    0.000000000 2
|360> end
|361> Mg>    2.00000000000    2.11053193766   -2.11531669259   -4.27748107507
|362> NewECP
|363> N_core 0
|364> lmax f
|365> s 1
|366> 1      1.732000000   14.676000000 2
|367> p 1
|368> 1      1.115000000    5.175700000 2
|369> d 1
|370> 1      1.203000000   -1.816000000 2
|371> f 1
|372> 1      1.000000000    0.000000000 2
|373> end
|374> Mg>    2.00000000000   -4.22162659994   -4.22947602373   -0.08566876489
|375> NewECP
|376> N_core 0
|377> lmax f
|378> s 1
|379> 1      1.732000000   14.676000000 2
|380> p 1
|381> 1      1.115000000    5.175700000 2
|382> d 1
|383> 1      1.203000000   -1.816000000 2
|384> f 1
|385> 1      1.000000000    0.000000000 2
|386> end
|387> Mg>    2.00000000000    4.22265716612   -4.22909688445   -0.08757435739
|388> NewECP
|389> N_core 0
|390> lmax f
|391> s 1
|392> 1      1.732000000   14.676000000 2
|393> p 1
|394> 1      1.115000000    5.175700000 2
|395> d 1
|396> 1      1.203000000   -1.816000000 2
|397> f 1
|398> 1      1.000000000    0.000000000 2
|399> end
|400> Mg>    2.00000000000   -4.22020835420   -0.00506992863   -4.27748107507
|401> NewECP
|402> N_core 0
|403> lmax f
|404> s 1
|405> 1      1.732000000   14.676000000 2
|406> p 1
|407> 1      1.115000000    5.175700000 2
|408> d 1
|409> 1      1.203000000   -1.816000000 2
|410> f 1
|411> 1      1.000000000    0.000000000 2
|412> end
|413> Mg>    2.00000000000    4.22077870162   -0.00506992863   -4.27748107507
|414> NewECP
|415> N_core 0
|416> lmax f
|417> s 1
|418> 1      1.732000000   14.676000000 2
|419> p 1
|420> 1      1.115000000    5.175700000 2
|421> d 1
|422> 1      1.203000000   -1.816000000 2
|423> f 1
|424> 1      1.000000000    0.000000000 2
|425> end
|426> Mg>    2.00000000000    0.00028517371   -4.22556345654   -4.27748107507
|427> NewECP
|428> N_core 0
|429> lmax f
|430> s 1
|431> 1      1.732000000   14.676000000 2
|432> p 1
|433> 1      1.115000000    5.175700000 2
|434> d 1
|435> 1      1.203000000   -1.816000000 2
|436> f 1
|437> 1      1.000000000    0.000000000 2
|438> end
|439> Mg>    2.00000000000   -6.33152013624   -2.11526147213   -0.07623620692
|440> NewECP
|441> N_core 0
|442> lmax f
|443> s 1
|444> 1      1.732000000   14.676000000 2
|445> p 1
|446> 1      1.115000000    5.175700000 2
|447> d 1
|448> 1      1.203000000   -1.816000000 2
|449> f 1
|450> 1      1.000000000    0.000000000 2
|451> end
|452> Mg>    2.00000000000    6.33254240433   -2.11524632262   -0.07651379175
|453> NewECP
|454> N_core 0
|455> lmax f
|456> s 1
|457> 1      1.732000000   14.676000000 2
|458> p 1
|459> 1      1.115000000    5.175700000 2
|460> d 1
|461> 1      1.203000000   -1.816000000 2
|462> f 1
|463> 1      1.000000000    0.000000000 2
|464> end
|465> Mg>    2.00000000000   -2.11316039434   -6.33774773223   -0.08696628628
|466> NewECP
|467> N_core 0
|468> lmax f
|469> s 1
|470> 1      1.732000000   14.676000000 2
|471> p 1
|472> 1      1.115000000    5.175700000 2
|473> d 1
|474> 1      1.203000000   -1.816000000 2
|475> f 1
|476> 1      1.000000000    0.000000000 2
|477> end
|478> Mg>    2.00000000000    2.11457149214   -6.33799633999   -0.08603216209
|479> NewECP
|480> N_core 0
|481> lmax f
|482> s 1
|483> 1      1.732000000   14.676000000 2
|484> p 1
|485> 1      1.115000000    5.175700000 2
|486> d 1
|487> 1      1.203000000   -1.816000000 2
|488> f 1
|489> 1      1.000000000    0.000000000 2
|490> end
|491> Mg>    2.00000000000    0.00077317894   -6.32881839330   -2.15939812737
|492> NewECP
|493> N_core 0
|494> lmax f
|495> s 1
|496> 1      1.732000000   14.676000000 2
|497> p 1
|498> 1      1.115000000    5.175700000 2
|499> d 1
|500> 1      1.203000000   -1.816000000 2
|501> f 1
|502> 1      1.000000000    0.000000000 2
|503> end
|504> Mg>    2.00000000000   -6.33084725937   -0.00543422673   -2.16552675914
|505> NewECP
|506> N_core 0
|507> lmax f
|508> s 1
|509> 1      1.732000000   14.676000000 2
|510> p 1
|511> 1      1.115000000    5.175700000 2
|512> d 1
|513> 1      1.203000000   -1.816000000 2
|514> f 1
|515> 1      1.000000000    0.000000000 2
|516> end
|517> Mg>    2.00000000000    6.33157120285   -0.00519361173   -2.16556767659
|518> NewECP
|519> N_core 0
|520> lmax f
|521> s 1
|522> 1      1.732000000   14.676000000 2
|523> p 1
|524> 1      1.115000000    5.175700000 2
|525> d 1
|526> 1      1.203000000   -1.816000000 2
|527> f 1
|528> 1      1.000000000    0.000000000 2
|529> end
|530> Mg>    2.00000000000   -2.10996159024   -0.00506992863   -6.38772783902
|531> NewECP
|532> N_core 0
|533> lmax f
|534> s 1
|535> 1      1.732000000   14.676000000 2
|536> p 1
|537> 1      1.115000000    5.175700000 2
|538> d 1
|539> 1      1.203000000   -1.816000000 2
|540> f 1
|541> 1      1.000000000    0.000000000 2
|542> end
|543> Mg>    2.00000000000    2.11053193766   -0.00506992863   -6.38772783902
|544> NewECP
|545> N_core 0
|546> lmax f
|547> s 1
|548> 1      1.732000000   14.676000000 2
|549> p 1
|550> 1      1.115000000    5.175700000 2
|551> d 1
|552> 1      1.203000000   -1.816000000 2
|553> f 1
|554> 1      1.000000000    0.000000000 2
|555> end
|556> Mg>    2.00000000000    0.00028517371   -2.11531669259   -6.38772783902
|557> NewECP
|558> N_core 0
|559> lmax f
|560> s 1
|561> 1      1.732000000   14.676000000 2
|562> p 1
|563> 1      1.115000000    5.175700000 2
|564> d 1
|565> 1      1.203000000   -1.816000000 2
|566> f 1
|567> 1      1.000000000    0.000000000 2
|568> end
|569> Mg>    2.00000000000   -4.22020835420   -4.22556345654   -4.27748107507
|570> NewECP
|571> N_core 0
|572> lmax f
|573> s 1
|574> 1      1.732000000   14.676000000 2
|575> p 1
|576> 1      1.115000000    5.175700000 2
|577> d 1
|578> 1      1.203000000   -1.816000000 2
|579> f 1
|580> 1      1.000000000    0.000000000 2
|581> end
|582> Mg>    2.00000000000    4.22077870162   -4.22556345654   -4.27748107507
|583> NewECP
|584> N_core 0
|585> lmax f
|586> s 1
|587> 1      1.732000000   14.676000000 2
|588> p 1
|589> 1      1.115000000    5.175700000 2
|590> d 1
|591> 1      1.203000000   -1.816000000 2
|592> f 1
|593> 1      1.000000000    0.000000000 2
|594> end
|595> Mg>    2.00000000000   -6.33083540058   -4.22531341693   -2.16568966826
|596> NewECP
|597> N_core 0
|598> lmax f
|599> s 1
|600> 1      1.732000000   14.676000000 2
|601> p 1
|602> 1      1.115000000    5.175700000 2
|603> d 1
|604> 1      1.203000000   -1.816000000 2
|605> f 1
|606> 1      1.000000000    0.000000000 2
|607> end
|608> Mg>    2.00000000000    6.33173592667   -4.22526765306   -2.16574049322
|609> NewECP
|610> N_core 0
|611> lmax f
|612> s 1
|613> 1      1.732000000   14.676000000 2
|614> p 1
|615> 1      1.115000000    5.175700000 2
|616> d 1
|617> 1      1.203000000   -1.816000000 2
|618> f 1
|619> 1      1.000000000    0.000000000 2
|620> end
|621> Mg>    2.00000000000   -4.22028559893   -6.33587892292   -2.16663677803
|622> NewECP
|623> N_core 0
|624> lmax f
|625> s 1
|626> 1      1.732000000   14.676000000 2
|627> p 1
|628> 1      1.115000000    5.175700000 2
|629> d 1
|630> 1      1.203000000   -1.816000000 2
|631> f 1
|632> 1      1.000000000    0.000000000 2
|633> end
|634> Mg>    2.00000000000    4.22088179898   -6.33614430632   -2.16677069700
|635> NewECP
|636> N_core 0
|637> lmax f
|638> s 1
|639> 1      1.732000000   14.676000000 2
|640> p 1
|641> 1      1.115000000    5.175700000 2
|642> d 1
|643> 1      1.203000000   -1.816000000 2
|644> f 1
|645> 1      1.000000000    0.000000000 2
|646> end
|647> Mg>    2.00000000000   -2.10996159024   -6.33581022050   -4.27748107507
|648> NewECP
|649> N_core 0
|650> lmax f
|651> s 1
|652> 1      1.732000000   14.676000000 2
|653> p 1
|654> 1      1.115000000    5.175700000 2
|655> d 1
|656> 1      1.203000000   -1.816000000 2
|657> f 1
|658> 1      1.000000000    0.000000000 2
|659> end
|660> Mg>    2.00000000000    2.11053193766   -6.33581022050   -4.27748107507
|661> NewECP
|662> N_core 0
|663> lmax f
|664> s 1
|665> 1      1.732000000   14.676000000 2
|666> p 1
|667> 1      1.115000000    5.175700000 2
|668> d 1
|669> 1      1.203000000   -1.816000000 2
|670> f 1
|671> 1      1.000000000    0.000000000 2
|672> end
|673> Mg>    2.00000000000   -2.10996159024   -4.22556345654   -6.38772783902
|674> NewECP
|675> N_core 0
|676> lmax f
|677> s 1
|678> 1      1.732000000   14.676000000 2
|679> p 1
|680> 1      1.115000000    5.175700000 2
|681> d 1
|682> 1      1.203000000   -1.816000000 2
|683> f 1
|684> 1      1.000000000    0.000000000 2
|685> end
|686> Mg>    2.00000000000    2.11053193766   -4.22556345654   -6.38772783902
|687> NewECP
|688> N_core 0
|689> lmax f
|690> s 1
|691> 1      1.732000000   14.676000000 2
|692> p 1
|693> 1      1.115000000    5.175700000 2
|694> d 1
|695> 1      1.203000000   -1.816000000 2
|696> f 1
|697> 1      1.000000000    0.000000000 2
|698> end
|699> Mg>    2.00000000000    0.00037828250   -8.44759680807   -0.07635809615
|700> NewECP
|701> N_core 0
|702> lmax f
|703> s 1
|704> 1      1.732000000   14.676000000 2
|705> p 1
|706> 1      1.115000000    5.175700000 2
|707> d 1
|708> 1      1.203000000   -1.816000000 2
|709> f 1
|710> 1      1.000000000    0.000000000 2
|711> end
|712> Mg>    2.00000000000   -2.10963207081   -8.44671354608   -2.16576101473
|713> NewECP
|714> N_core 0
|715> lmax f
|716> s 1
|717> 1      1.732000000   14.676000000 2
|718> p 1
|719> 1      1.115000000    5.175700000 2
|720> d 1
|721> 1      1.203000000   -1.816000000 2
|722> f 1
|723> 1      1.000000000    0.000000000 2
|724> end
|725> Mg>    2.00000000000    2.11038632468   -8.44673075495   -2.16575929851
|726> NewECP
|727> N_core 0
|728> lmax f
|729> s 1
|730> 1      1.732000000   14.676000000 2
|731> p 1
|732> 1      1.115000000    5.175700000 2
|733> d 1
|734> 1      1.203000000   -1.816000000 2
|735> f 1
|736> 1      1.000000000    0.000000000 2
|737> end
|738>   end
|739> endd                         ****END OF INPUT****
================================================================================
----------------
TOTAL SCF ENERGY
----------------

Total Energy       :        -2392.97187625 Eh          -65116.07519 eV

Components:
Nuclear Repulsion  :         2219.56551368 Eh           60397.44817 eV
Electronic Energy  :        -4612.53738993 Eh         -125513.52336 eV
One Electron Energy:        -7992.75901825 Eh         -217494.03007 eV
Two Electron Energy:         3380.22162832 Eh           91980.50671 eV
Max COSX asymmetry :            0.00007048 Eh               0.00192 eV

Virial components:
Potential Energy   :        -4442.48229884 Eh         -120886.08908 eV
Kinetic Energy     :         2049.51042259 Eh           55770.01389 eV
Virial Ratio       :            2.16758219

--------------------Output has been truncated-------------------------


--------------------Output has been truncated-------------------------


--------------------Output has been truncated-------------------------


--------------------Output has been truncated-------------------------


--------------------Output has been truncated-------------------------


--------------------Output has been truncated-------------------------


--------------------Output has been truncated-------------------------


--------------------Output has been truncated-------------------------


--------------------Output has been truncated-------------------------


--------------------Output has been truncated-------------------------


-----------------------------------------------
 RI-MP2 CORRELATION ENERGY:     -5.683201362 Eh
-----------------------------------------------
---------------------------------------
MP2 TOTAL ENERGY:    -2398.655077613 Eh
---------------------------------------

Maximum memory used throughout the entire MP2-calculation: 1608.0 MB

-------------------------   --------------------
FINAL SINGLE POINT ENERGY     -2398.655077612807
-------------------------   --------------------
TOTAL RUN TIME: 0 days 0 hours 59 minutes 32 seconds 88 msec
