 **********************************************************************
                          MRCC program system
 **********************************************************************
 
                              Written by
     Mihaly Kallay, Peter R. Nagy, David Mester, Laszlo Gyevi-Nagy,
        Jozsef Csoka, P. Bernat Szabo, Zoltan Rolik, Gyula Samu,
     Jozsef Csontos, Bence Hegely, Adam Ganyecz, Istvan Ladjanszki,
       Lorant Szegedy, Bence Ladoczki, Klara Petrov, Mate Farkas,
                    Pal D. Mezei, and Reka A. Horvath
 
        Department of Physical Chemistry and Materials Science
            Budapest University of Technology and Economics
                  Budapest P.O.Box 91, H-1521 Hungary
 
                              www.mrcc.hu
 
                      Release date: March 18, 2022

 ************************ 2023-02-05 13:16:12 *************************
 Executing minp...

 Reading input from MINP...
 
 Input file:
 
calc=FNO-CCSD(T)
verbosity=3
mem=220GB
unit=angs
scfiguess=small
scfalg=locfit1
ccmaxit=400
ccsdalg=dfdirect
ccsdthreads=4
ccsdmkl=thr
ptthreads=4
lnoepsv=1e-5
naf_cor=1e-2
basis=aug-cc-pVTZ
basis_sm=def2-SVP
dfbasis_scf=def2-QZVPP-RI-JK
dfbasis_cor=aug-cc-pVTZ-RI
unit=angs
geom=xyz
16

C    34.41670262    34.07107264    10.41543014
C    33.11117461    33.45680459    10.91530835
H    34.24160149    35.00442132     9.86225048
H    34.94674030    33.36940783     9.75379242
H    35.10002891    34.30603621    11.24227357
H    32.42643037    33.26105434    10.07939442
H    32.59136835    34.12756100    11.61262818
H    33.28915165    32.50678735    11.43686767
C    45.74245091    36.18152134    10.40840413
C    47.04216650    35.56768136    10.92356358
H    45.21716670    35.47732643     9.74574003
H    45.92449924    37.11247849     9.85293887
H    45.05140676    36.42212532    11.22701403
H    47.73607526    35.37102181    10.09557036
H    46.85792277    34.61815933    11.44395536
H    47.55426425    36.23927251    11.62583355

--------------------Output has been truncated-------------------------


--------------------Output has been truncated-------------------------


--------------------Output has been truncated-------------------------


--------------------Output has been truncated-------------------------


--------------------Output has been truncated-------------------------


--------------------Output has been truncated-------------------------


--------------------Output has been truncated-------------------------


--------------------Output has been truncated-------------------------


--------------------Output has been truncated-------------------------


--------------------Output has been truncated-------------------------


 
 Reference energy [au]:                       -79.259550529824
 DF-MP2 singlet pair energy [au]:              -0.300254504474
 DF-MP2 triplet pair energy [au]:              -0.075031474184
 DF-SCS-MP2 correlation energy [au]:           -0.385315896764
 DF-SCS-MP2 energy [au]:                      -79.644866426588
 DF-SOS-MP2 correlation energy [au]:           -0.390330855817
 DF-SOS-MP2 energy [au]:                      -79.649881385640
 DF-MP2 correlation energy [au]:               -0.375285978659
 DF-MP2 energy [au]:                          -79.634836508482

 Results in FNO basis:
 
 
 Reference energy [au]:                       -79.259550529824
 DF-MP2 singlet pair energy [au]:              -0.299084278825
 DF-MP2 triplet pair energy [au]:              -0.074925205635
 DF-SCS-MP2 correlation energy [au]:           -0.383876203135
 DF-SCS-MP2 energy [au]:                      -79.643426732959
 DF-SOS-MP2 correlation energy [au]:           -0.388809562473
 DF-SOS-MP2 energy [au]:                      -79.648360092296
 DF-MP2 correlation energy [au]:               -0.374009484460
 DF-MP2 energy [au]:                          -79.633560014284

 Results in NAF basis:
 
 
 Reference energy [au]:                       -79.259550529824
 DF-MP2 singlet pair energy [au]:              -0.299023547043
 DF-MP2 triplet pair energy [au]:              -0.074964250094
 DF-SCS-MP2 correlation energy [au]:           -0.383816339816
 DF-SCS-MP2 energy [au]:                      -79.643366869640
 DF-SOS-MP2 correlation energy [au]:           -0.388730611156
 DF-SOS-MP2 energy [au]:                      -79.648281140980
 DF-MP2 correlation energy [au]:               -0.373987797137
 DF-MP2 energy [au]:                          -79.633538326960

 ************************ 2023-02-05 13:16:46 *************************
 Executing ccsd...

 Allocation of 220.0 Gbytes of memory...

 Direct DF-CCSD(T) calculation
 
 Convergence criterion:  1.0E-06
 
 Number of occupied/virtual/auxiliary orbitals:     7   139   378
    421.21 MB is the minimal memory requirement for (T)
     94.89 MB is the minimal memory requirement for CCSD
 
 Reference energy [au]:             -79.259550529824
 T1 contribution [au]:                0.000000000000
 Same spin MP2 energy [au]:          -0.074944668684
 Opposite spin MP2 energy [au]:      -0.299053742119
 MP2 correlation energy [au]:        -0.373998410803
 Total MP2 energy [au]:             -79.633548940627
 MP2 correction [au]:                -0.001287567856
 
 
 CPU time [min]:     0.318                   Wall time [min]:     0.016
 
 Starting CCSD iterations...
 
                     Residual norm          Energy
 Iteration  1        0.170712198273      -79.654477496587
 Iteration  2        0.042453519924      -79.664042413582
 Iteration  3        0.011296553634      -79.664998462863
 Iteration  4        0.002548544146      -79.665006784743
 Iteration  5        0.000536665990      -79.665011991324
 Iteration  6        0.000152292297      -79.665015068950
 Iteration  7        0.000036257663      -79.665014853669
 Iteration  8        0.000009249097      -79.665015145304
 
 CCSD iteration has converged in  8 steps.
     1534.57 MB memory was utilized by CCSD
 
 T1 diagnostic:      7.816E-03            D1 diagnostic:      1.353E-02
 
 T1 contribution [au]:                                  0.000000000000
 PPL energy contribution [au]:                          0.102911531481
 Scaled PPL energy contribution [au]:                   0.103270254271

 OS-PPL energy contribution [au]:                       0.089961324936
 Scaled OS-PPL energy contribution [au]:                0.090332420784
 SS-PPL energy contribution [au]:                       0.012950206545
 Scaled SS-PPL energy contribution [au]:                0.012962033790

 Opposite spin CCSD energy [au]:                       -0.334284243843
 Same spin CCSD energy [au]:                           -0.071199038743
 CCSD correlation energy [au]:                         -0.405483282586
 CCSD correlation energy + MP2 correction [au]:        -0.406770850442
 CCSD correlation energy + MP2 + PPL corr. [au]:       -0.406412127652
 Total CCSD energy [au]:                              -79.665033812410
 Total CCSD energy + MP2 correction [au]:             -79.666321380265
 Total CCSD energy + MP2 + PPL corr. [au]:            -79.665962657476
 
 CPU time [min]:     2.696                   Wall time [min]:     0.086
 
 Calculation of (T) correction...
 
 
      388.93 MB memory is utilized for (T)

 0%       25%       50%       75%       100%
 |---------|---------|---------|---------| 
 
 (T) correction [au]:                                    -0.013958905780
 (T*) correction [au]:                                   -0.014006962237
 (T+) correction [au]:                                   -0.014006379915
 CCSD(T) correlation energy [au]:                        -0.419442188366
 CCSD(T) correlation energy + MP2 correction [au]:       -0.420729756222
 CCSD(T+) correlation en. + MP2 + PPL corr. [au]:        -0.420418507567
 Total CCSD(T) energy [au]:                             -79.678992718190
 Total CCSD(T) energy + MP2 correction [au]:            -79.680280286045
 Total CCSD(T+) energy + MP2 + PPL corr. [au]:          -79.679969037391
 
 CPU time [min]:     3.393                   Wall time [min]:     0.108
 
 ************************ 2023-02-05 13:16:52 *************************
                      Normal termination of mrcc.
 **********************************************************************
