 **********************************************************************
                          MRCC program system
 **********************************************************************
 
                              Written by
     Mihaly Kallay, Peter R. Nagy, David Mester, Laszlo Gyevi-Nagy,
        Jozsef Csoka, P. Bernat Szabo, Zoltan Rolik, Gyula Samu,
     Jozsef Csontos, Bence Hegely, Adam Ganyecz, Istvan Ladjanszki,
       Lorant Szegedy, Bence Ladoczki, Klara Petrov, Mate Farkas,
                    Pal D. Mezei, and Reka A. Horvath
 
        Department of Physical Chemistry and Materials Science
            Budapest University of Technology and Economics
                  Budapest P.O.Box 91, H-1521 Hungary
 
                              www.mrcc.hu
 
                      Release date: March 18, 2022

 ************************ 2023-02-04 11:56:30 *************************
 Executing minp...

 Reading input from MINP...
 
 Input file:
 
calc=FNO-CCSD(T)
verbosity=3
mem=220GB
unit=angs
scfiguess=small
scfalg=locfit1
ccmaxit=400
ccsdalg=dfdirect
ccsdthreads=4
ccsdmkl=thr
ptthreads=4
lnoepsv=1e-5
naf_cor=1e-2
basis=aug-cc-pVQZ
basis_sm=def2-SVP
dfbasis_scf=def2-QZVPP-RI-JK
dfbasis_cor=aug-cc-pVQZ-RI
unit=angs
geom=xyz
10

C    29.54344629    29.54344629    16.97505516
H    29.54344670    30.44187631    17.60392580
H    29.54344662    28.64496649    17.60393442
H    30.44658454    29.54342777    16.34911135
H    28.64030918    29.54342779    16.34911130
C    16.88193863    21.10243009    16.97521401
H    15.98351896    21.10243029    17.60422237
H    16.88195742    22.00521795    16.34882774
H    16.88195741    20.19964331    16.34882693
H    17.78040884    21.10243027    17.60423123

--------------------Output has been truncated-------------------------


--------------------Output has been truncated-------------------------


--------------------Output has been truncated-------------------------


--------------------Output has been truncated-------------------------


--------------------Output has been truncated-------------------------


--------------------Output has been truncated-------------------------


--------------------Output has been truncated-------------------------


--------------------Output has been truncated-------------------------


--------------------Output has been truncated-------------------------


--------------------Output has been truncated-------------------------


 
 Reference energy [au]:                       -40.215614173186
 DF-MP2 singlet pair energy [au]:              -0.173752856570
 DF-MP2 triplet pair energy [au]:              -0.037498360060
 DF-SCS-MP2 correlation energy [au]:           -0.221002881237
 DF-SCS-MP2 energy [au]:                      -40.436617054423
 DF-SOS-MP2 correlation energy [au]:           -0.225878713541
 DF-SOS-MP2 energy [au]:                      -40.441492886727
 DF-MP2 correlation energy [au]:               -0.211251216630
 DF-MP2 energy [au]:                          -40.426865389815

 Results in FNO basis:
 
 
 Reference energy [au]:                       -40.215614173186
 DF-MP2 singlet pair energy [au]:              -0.170618195470
 DF-MP2 triplet pair energy [au]:              -0.037357058343
 DF-SCS-MP2 correlation energy [au]:           -0.217194187345
 DF-SCS-MP2 energy [au]:                      -40.432808360530
 DF-SOS-MP2 correlation energy [au]:           -0.221803654111
 DF-SOS-MP2 energy [au]:                      -40.437417827296
 DF-MP2 correlation energy [au]:               -0.207975253813
 DF-MP2 energy [au]:                          -40.423589426998

 Results in NAF basis:
 
 
 Reference energy [au]:                       -40.215614173186
 DF-MP2 singlet pair energy [au]:              -0.170600636239
 DF-MP2 triplet pair energy [au]:              -0.037363751134
 DF-SCS-MP2 correlation energy [au]:           -0.217175347198
 DF-SCS-MP2 energy [au]:                      -40.432789520383
 DF-SOS-MP2 correlation energy [au]:           -0.221780827110
 DF-SOS-MP2 energy [au]:                      -40.437395000296
 DF-MP2 correlation energy [au]:               -0.207964387373
 DF-MP2 energy [au]:                          -40.423578560558

 ************************ 2023-02-04 11:57:05 *************************
 Executing ccsd...

 Allocation of 220.0 Gbytes of memory...

 Direct DF-CCSD(T) calculation
 
 Convergence criterion:  1.0E-06
 
 Number of occupied/virtual/auxiliary orbitals:     4   101   320
    163.36 MB is the minimal memory requirement for (T)
     39.40 MB is the minimal memory requirement for CCSD
 
 Reference energy [au]:             -40.215614173186
 T1 contribution [au]:                0.000000000000
 Same spin MP2 energy [au]:          -0.037360400291
 Opposite spin MP2 energy [au]:      -0.170609406063
 MP2 correlation energy [au]:        -0.207969806353
 Total MP2 energy [au]:             -40.423583979539
 MP2 correction [au]:                -0.003281410276
 
 
 CPU time [min]:     0.174                   Wall time [min]:     0.008
 
 Starting CCSD iterations...
 
                     Residual norm          Energy
 Iteration  1        0.138680874713      -40.436528967805
 Iteration  2        0.035376071472      -40.442052520633
 Iteration  3        0.009771738323      -40.442635241167
 Iteration  4        0.002020926680      -40.442639740273
 Iteration  5        0.000374897496      -40.442646251100
 Iteration  6        0.000084797653      -40.442646127856
 Iteration  7        0.000020223467      -40.442646817884
 Iteration  8        0.000003738677      -40.442646874833
 
 CCSD iteration has converged in  8 steps.
      444.29 MB memory was utilized by CCSD
 
 T1 diagnostic:      7.996E-03            D1 diagnostic:      1.292E-02
 
 T1 contribution [au]:                                  0.000000000000
 PPL energy contribution [au]:                          0.060602204165
 Scaled PPL energy contribution [au]:                   0.061558989056

 OS-PPL energy contribution [au]:                       0.053773708504
 Scaled OS-PPL energy contribution [au]:                0.054766756203
 SS-PPL energy contribution [au]:                       0.006828495661
 Scaled SS-PPL energy contribution [au]:                0.006852794331

 Opposite spin CCSD energy [au]:                       -0.191003416295
 Same spin CCSD energy [au]:                           -0.036036035076
 CCSD correlation energy [au]:                         -0.227039451371
 CCSD correlation energy + MP2 correction [au]:        -0.230320861647
 CCSD correlation energy + MP2 + PPL corr. [au]:       -0.229364076756
 Total CCSD energy [au]:                              -40.442653624557
 Total CCSD energy + MP2 correction [au]:             -40.445935034833
 Total CCSD energy + MP2 + PPL corr. [au]:            -40.444978249941
 
 CPU time [min]:     0.899                   Wall time [min]:     0.028
 
 Calculation of (T) correction...
 
 
      124.68 MB memory is utilized for (T)

 0%       25%       50%       75%       100%
 |---------|---------|---------|---------| 
 
 (T) correction [au]:                                    -0.006941734145
 (T*) correction [au]:                                   -0.007051262918
 (T+) correction [au]:                                   -0.007050855899
 CCSD(T) correlation energy [au]:                        -0.233981185516
 CCSD(T) correlation energy + MP2 correction [au]:       -0.237262595792
 CCSD(T+) correlation en. + MP2 + PPL corr. [au]:        -0.236414932655
 Total CCSD(T) energy [au]:                             -40.449595358702
 Total CCSD(T) energy + MP2 correction [au]:            -40.452876768978
 Total CCSD(T+) energy + MP2 + PPL corr. [au]:          -40.452029105841
 
 CPU time [min]:     0.981                   Wall time [min]:     0.031
 
 ************************ 2023-02-04 11:57:06 *************************
                      Normal termination of mrcc.
 **********************************************************************
