 **********************************************************************
                          MRCC program system
 **********************************************************************
 
                              Written by
     Mihaly Kallay, Peter R. Nagy, David Mester, Laszlo Gyevi-Nagy,
        Jozsef Csoka, P. Bernat Szabo, Zoltan Rolik, Gyula Samu,
     Jozsef Csontos, Bence Hegely, Adam Ganyecz, Istvan Ladjanszki,
       Lorant Szegedy, Bence Ladoczki, Klara Petrov, Mate Farkas,
                    Pal D. Mezei, and Reka A. Horvath
 
        Department of Physical Chemistry and Materials Science
            Budapest University of Technology and Economics
                  Budapest P.O.Box 91, H-1521 Hungary
 
                              www.mrcc.hu
 
                      Release date: March 18, 2022

 ************************ 2023-02-05 13:27:19 *************************
 Executing minp...

 Reading input from MINP...
 
 Input file:
 
calc=FNO-CCSD(T)
verbosity=3
mem=220GB
unit=angs
scfiguess=small
scfalg=locfit1
ccmaxit=400
ccsdalg=dfdirect
ccsdthreads=4
ccsdmkl=thr
ptthreads=4
lnoepsv=1e-5
naf_cor=1e-2
basis=aug-cc-pVQZ
basis_sm=def2-SVP
dfbasis_scf=def2-QZVPP-RI-JK
dfbasis_cor=aug-cc-pVQZ-RI
unit=angs
geom=xyz
16

C    34.41670262    34.07107264    10.41543014
C    33.11117461    33.45680459    10.91530835
H    34.24160149    35.00442132     9.86225048
H    34.94674030    33.36940783     9.75379242
H    35.10002891    34.30603621    11.24227357
H    32.42643037    33.26105434    10.07939442
H    32.59136835    34.12756100    11.61262818
H    33.28915165    32.50678735    11.43686767
C    20.41949695    19.29955203    10.40840413
C    21.71921254    18.68571206    10.92356358
H    19.89421274    18.59535713     9.74574003
H    20.60154528    20.23050918     9.85293887
H    19.72845280    19.54015601    11.22701403
H    22.41312130    18.48905250    10.09557036
H    21.53496881    17.73619002    11.44395536
H    22.23131028    19.35730320    11.62583355

--------------------Output has been truncated-------------------------


--------------------Output has been truncated-------------------------


--------------------Output has been truncated-------------------------


--------------------Output has been truncated-------------------------


--------------------Output has been truncated-------------------------


--------------------Output has been truncated-------------------------


--------------------Output has been truncated-------------------------


--------------------Output has been truncated-------------------------


--------------------Output has been truncated-------------------------


--------------------Output has been truncated-------------------------


 
 Reference energy [au]:                       -79.264437034743
 DF-MP2 singlet pair energy [au]:              -0.317722280939
 DF-MP2 triplet pair energy [au]:              -0.076906315319
 DF-SCS-MP2 correlation energy [au]:           -0.406902175566
 DF-SCS-MP2 energy [au]:                      -79.671339210309
 DF-SOS-MP2 correlation energy [au]:           -0.413038965220
 DF-SOS-MP2 energy [au]:                      -79.677475999963
 DF-MP2 correlation energy [au]:               -0.394628596258
 DF-MP2 energy [au]:                          -79.659065631000

 Results in FNO basis:
 
 
 Reference energy [au]:                       -79.264437034743
 DF-MP2 singlet pair energy [au]:              -0.312548720812
 DF-MP2 triplet pair energy [au]:              -0.076620434300
 DF-SCS-MP2 correlation energy [au]:           -0.400598609741
 DF-SCS-MP2 energy [au]:                      -79.665035644484
 DF-SOS-MP2 correlation energy [au]:           -0.406313337056
 DF-SOS-MP2 energy [au]:                      -79.670750371798
 DF-MP2 correlation energy [au]:               -0.389169155112
 DF-MP2 energy [au]:                          -79.653606189855

 Results in NAF basis:
 
 
 Reference energy [au]:                       -79.264437034743
 DF-MP2 singlet pair energy [au]:              -0.312527758623
 DF-MP2 triplet pair energy [au]:              -0.076628440778
 DF-SCS-MP2 correlation energy [au]:           -0.400576123940
 DF-SCS-MP2 energy [au]:                      -79.665013158683
 DF-SOS-MP2 correlation energy [au]:           -0.406286086209
 DF-SOS-MP2 energy [au]:                      -79.670723120952
 DF-MP2 correlation energy [au]:               -0.389156199401
 DF-MP2 energy [au]:                          -79.653593234143

 ************************ 2023-02-05 13:28:41 *************************
 Executing ccsd...

 Allocation of 220.0 Gbytes of memory...

 Direct DF-CCSD(T) calculation
 
 Convergence criterion:  1.0E-06
 
 Number of occupied/virtual/auxiliary orbitals:     7   175   551
    851.32 MB is the minimal memory requirement for (T)
    190.43 MB is the minimal memory requirement for CCSD
 
 Reference energy [au]:             -79.264437034743
 T1 contribution [au]:                0.000000000000
 Same spin MP2 energy [au]:          -0.076624434976
 Opposite spin MP2 energy [au]:      -0.312538235010
 MP2 correlation energy [au]:        -0.389162669986
 Total MP2 energy [au]:             -79.653599704729
 MP2 correction [au]:                -0.005465926272
 
 
 CPU time [min]:     0.400                   Wall time [min]:     0.049
 
 Starting CCSD iterations...
 
                     Residual norm          Energy
 Iteration  1        0.179604435753      -79.671512629808
 Iteration  2        0.044511304572      -79.681094791354
 Iteration  3        0.013089806618      -79.682230515469
 Iteration  4        0.002650289186      -79.682237738155
 Iteration  5        0.000560968213      -79.682243603408
 Iteration  6        0.000156931244      -79.682245654260
 Iteration  7        0.000037096189      -79.682245429205
 Iteration  8        0.000009998705      -79.682245793093
 
 CCSD iteration has converged in  8 steps.
     3804.92 MB memory was utilized by CCSD
 
 T1 diagnostic:      8.231E-03            D1 diagnostic:      1.428E-02
 
 T1 contribution [au]:                                  0.000000000000
 PPL energy contribution [au]:                          0.108935348252
 Scaled PPL energy contribution [au]:                   0.110475068882

 OS-PPL energy contribution [au]:                       0.095542143772
 Scaled OS-PPL energy contribution [au]:                0.097137046430
 SS-PPL energy contribution [au]:                       0.013393204479
 Scaled SS-PPL energy contribution [au]:                0.013441281494

 Opposite spin CCSD energy [au]:                       -0.345140078491
 Same spin CCSD energy [au]:                           -0.072676432664
 CCSD correlation energy [au]:                         -0.417816511155
 CCSD correlation energy + MP2 correction [au]:        -0.423282437427
 CCSD correlation energy + MP2 + PPL corr. [au]:       -0.421742716797
 Total CCSD energy [au]:                              -79.682253545898
 Total CCSD energy + MP2 correction [au]:             -79.687719472170
 Total CCSD energy + MP2 + PPL corr. [au]:            -79.686179751540
 
 CPU time [min]:     6.399                   Wall time [min]:     0.233
 
 Calculation of (T) correction...
 
 
      783.34 MB memory is utilized for (T)

 0%       25%       50%       75%       100%
 |---------|---------|---------|---------| 
 
 (T) correction [au]:                                    -0.014762649559
 (T*) correction [au]:                                   -0.014969996153
 (T+) correction [au]:                                   -0.014966464722
 CCSD(T) correlation energy [au]:                        -0.432579160714
 CCSD(T) correlation energy + MP2 correction [au]:       -0.438045086986
 CCSD(T+) correlation en. + MP2 + PPL corr. [au]:        -0.436709181519
 Total CCSD(T) energy [au]:                             -79.697016195457
 Total CCSD(T) energy + MP2 correction [au]:            -79.702482121729
 Total CCSD(T+) energy + MP2 + PPL corr. [au]:          -79.701146216262
 
 CPU time [min]:     8.099                   Wall time [min]:     0.290
 
 ************************ 2023-02-05 13:28:58 *************************
                      Normal termination of mrcc.
 **********************************************************************
