================================================================================
                                       INPUT FILE
================================================================================
NAME = orca.inp
|  1>  ! TightSCF RI-MP2 RIJCOSX SlowConv DIIS
|  2> %maxcore 75000
|  3> %pal
|  4> nprocs 16
|  5> end
|  6> %pointcharges "orca.bq"
|  7> %method
|  8> Method hf
|  9> RI on
| 10> RunTyp Energy
| 11> NewNCore O 2 end
| 12> NewNCore Mg 2 end
| 13> NewNCore H 0 end
| 14> NewNCore C 2 end
| 15> end
| 16> %basis
| 17> NewGTO Mg
| 18> "cc-pwCVDZ"
| 19> end
| 20> NewGTO H
| 21> "aug-cc-pVDZ"
| 22> end
| 23> NewGTO C
| 24> "aug-cc-pVDZ"
| 25> end
| 26> NewGTO O
| 27> "aug-cc-pVDZ"
| 28> end
| 29> NewAuxCGTO Mg
| 30> "AutoAux"
| 31> end
| 32> NewAuxCGTO H
| 33> "aug-cc-pVDZ/C"
| 34> end
| 35> NewAuxCGTO C
| 36> "aug-cc-pVDZ/C"
| 37> end
| 38> NewAuxCGTO O 
| 39> "aug-cc-pVDZ/C"
| 40> end
| 41> Aux "def2/J"
| 42> end
| 43> %scf
| 44> HFTyp rhf
| 45> Guess MORead
| 46> MOInp "orca_svp_start.gbw"
| 47> SCFMode Direct
| 48> sthresh 1e-6
| 49> AutoTRAHIter 60
| 50> MaxIter 1000
| 51> end
| 52> %coords
| 53> CTyp xyz
| 54> Mult 1
| 55> Units angs
| 56>       Charge -32
| 57>   coords
| 58> C:                      1.07134204963    1.07134208764    2.54859637317
| 59> O:                      0.23687064860    0.23687054207    2.57853216822
| 60> O:                      1.90574724198    1.90574732149    2.57852015735
| 61> Mg                      0.00000000000    0.00000000000   -0.05750956508
| 62> O                      -2.09962978654    0.01470322800   -0.02732848039
| 63> O                       0.01470321233   -2.09962977677   -0.02732855680
| 64> O                       0.01644304005    0.01644305562   -2.17083353252
| 65> O                       0.01889723898    2.12373883871   -0.00000011507
| 66> O                       2.12373889513    0.01889723349    0.00000000000
| 67> Mg                     -2.09574088508   -2.09574087242   -0.06333639131
| 68> Mg                     -2.09550257409    2.12466025786   -0.06518513770
| 69> Mg                      2.12466018932   -2.09550254630   -0.06518515994
| 70> Mg                      0.01847652865    2.12415943366   -2.16465796886
| 71> Mg                      2.12415933590    0.01847654448   -2.16465802761
| 72> Mg                      2.14263700734    2.14263713021   -0.05751152737
| 73> O                      -2.09502128259   -2.09502127360   -2.17526867404
| 74> O                      -2.09064091270    2.12628468461   -2.17432195387
| 75> O                       2.12628466918   -2.09064086428   -2.17432191103
| 76> O                       2.12619360260    2.12619359049   -2.17083412053
| 77> Mg                      0.01797680303    4.23813951605   -0.06518525910
| 78> Mg                      4.23813953324    0.01797674277   -0.06518519769
| 79> O                      -2.09262859321   -4.20572161516   -0.01605430862
| 80> O                      -4.20572163129   -2.09262859828   -0.01605429023
| 81> O                      -4.19871985588    2.12793396473   -0.02732998446
| 82> O                       2.12793386548   -4.19871984327   -0.02733002184
| 83> O                      -2.09262859321    4.23526544066   -0.01605430862
| 84> O                       4.23526542452   -2.09262859828   -0.01605429023
| 85> O                       0.01635187817    4.23327752393   -2.17432191278
| 86> O                       4.23327739463    0.01635191083   -2.17432190454
| 87> O                       0.01619450604    2.12644128466   -4.29336142376
| 88> O                       2.12644127000    0.01619452071   -4.29336142376
| 89> O                       2.12793386548    4.24226721255   -0.02733002184
| 90> O                       4.24226719994    2.12793396473   -0.02732998446
| 91> Mg                      4.23837780469    4.23837781747   -0.06333751219
| 92> O                       0.01470321233    6.34135727905   -0.02732855680
| 93> O                       6.34135726928    0.01470322800   -0.02732848039
| 94> O                       4.23765781679    4.23765784839   -2.17526895005
| 95> O                       4.23526542452    6.34835845754   -0.01605429023
| 96> O                       6.34835846261    4.23526544066   -0.01605430862
| 97> Mg>    2.00000000000   -2.09548970945    0.01564224033   -2.16882249863
| 98> NewECP
| 99> N_core 0
|100> lmax f
|101> s 1
|102> 1      1.732000000   14.676000000 2
|103> p 1
|104> 1      1.115000000    5.175700000 2
|105> d 1
|106> 1      1.203000000   -1.816000000 2
|107> f 1
|108> 1      1.000000000    0.000000000 2
|109> end
|110> Mg>    2.00000000000    0.01564225307   -2.09548975278   -2.16882252457
|111> NewECP
|112> N_core 0
|113> lmax f
|114> s 1
|115> 1      1.732000000   14.676000000 2
|116> p 1
|117> 1      1.115000000    5.175700000 2
|118> d 1
|119> 1      1.203000000   -1.816000000 2
|120> f 1
|121> 1      1.000000000    0.000000000 2
|122> end
|123> Mg>    2.00000000000   -4.20284752257    0.01797674277   -0.06518519769
|124> NewECP
|125> N_core 0
|126> lmax f
|127> s 1
|128> 1      1.732000000   14.676000000 2
|129> p 1
|130> 1      1.115000000    5.175700000 2
|131> d 1
|132> 1      1.203000000   -1.816000000 2
|133> f 1
|134> 1      1.000000000    0.000000000 2
|135> end
|136> Mg>    2.00000000000    0.01797680303   -4.20284753976   -0.06518525910
|137> NewECP
|138> N_core 0
|139> lmax f
|140> s 1
|141> 1      1.732000000   14.676000000 2
|142> p 1
|143> 1      1.115000000    5.175700000 2
|144> d 1
|145> 1      1.203000000   -1.816000000 2
|146> f 1
|147> 1      1.000000000    0.000000000 2
|148> end
|149> Mg>    2.00000000000    0.01619450604    0.01619452071   -4.29336142376
|150> NewECP
|151> N_core 0
|152> lmax f
|153> s 1
|154> 1      1.732000000   14.676000000 2
|155> p 1
|156> 1      1.115000000    5.175700000 2
|157> d 1
|158> 1      1.203000000   -1.816000000 2
|159> f 1
|160> 1      1.000000000    0.000000000 2
|161> end
|162> Mg>    2.00000000000   -2.09353251746   -4.20481787328   -2.16859736288
|163> NewECP
|164> N_core 0
|165> lmax f
|166> s 1
|167> 1      1.732000000   14.676000000 2
|168> p 1
|169> 1      1.115000000    5.175700000 2
|170> d 1
|171> 1      1.203000000   -1.816000000 2
|172> f 1
|173> 1      1.000000000    0.000000000 2
|174> end
|175> Mg>    2.00000000000   -4.20481793251   -2.09353255581   -2.16859742093
|176> NewECP
|177> N_core 0
|178> lmax f
|179> s 1
|180> 1      1.732000000   14.676000000 2
|181> p 1
|182> 1      1.115000000    5.175700000 2
|183> d 1
|184> 1      1.203000000   -1.816000000 2
|185> f 1
|186> 1      1.000000000    0.000000000 2
|187> end
|188> Mg>    2.00000000000   -4.20286006847    2.12699441690   -2.16882286129
|189> NewECP
|190> N_core 0
|191> lmax f
|192> s 1
|193> 1      1.732000000   14.676000000 2
|194> p 1
|195> 1      1.115000000    5.175700000 2
|196> d 1
|197> 1      1.203000000   -1.816000000 2
|198> f 1
|199> 1      1.000000000    0.000000000 2
|200> end
|201> Mg>    2.00000000000    2.12699433051   -4.20286005020   -2.16882280098
|202> NewECP
|203> N_core 0
|204> lmax f
|205> s 1
|206> 1      1.732000000   14.676000000 2
|207> p 1
|208> 1      1.115000000    5.175700000 2
|209> d 1
|210> 1      1.203000000   -1.816000000 2
|211> f 1
|212> 1      1.000000000    0.000000000 2
|213> end
|214> Mg>    2.00000000000   -2.09405225791   -2.09405224324   -4.29336142376
|215> NewECP
|216> N_core 0
|217> lmax f
|218> s 1
|219> 1      1.732000000   14.676000000 2
|220> p 1
|221> 1      1.115000000    5.175700000 2
|222> d 1
|223> 1      1.203000000   -1.816000000 2
|224> f 1
|225> 1      1.000000000    0.000000000 2
|226> end
|227> Mg>    2.00000000000   -2.09353251746    4.23616918253   -2.16859736288
|228> NewECP
|229> N_core 0
|230> lmax f
|231> s 1
|232> 1      1.732000000   14.676000000 2
|233> p 1
|234> 1      1.115000000    5.175700000 2
|235> d 1
|236> 1      1.203000000   -1.816000000 2
|237> f 1
|238> 1      1.000000000    0.000000000 2
|239> end
|240> Mg>    2.00000000000    4.23616912331   -2.09353255581   -2.16859742093
|241> NewECP
|242> N_core 0
|243> lmax f
|244> s 1
|245> 1      1.732000000   14.676000000 2
|246> p 1
|247> 1      1.115000000    5.175700000 2
|248> d 1
|249> 1      1.203000000   -1.816000000 2
|250> f 1
|251> 1      1.000000000    0.000000000 2
|252> end
|253> Mg>    2.00000000000   -2.09405225791    2.12644128466   -4.29336142376
|254> NewECP
|255> N_core 0
|256> lmax f
|257> s 1
|258> 1      1.732000000   14.676000000 2
|259> p 1
|260> 1      1.115000000    5.175700000 2
|261> d 1
|262> 1      1.203000000   -1.816000000 2
|263> f 1
|264> 1      1.000000000    0.000000000 2
|265> end
|266> Mg>    2.00000000000    2.12644127000   -2.09405224324   -4.29336142376
|267> NewECP
|268> N_core 0
|269> lmax f
|270> s 1
|271> 1      1.732000000   14.676000000 2
|272> p 1
|273> 1      1.115000000    5.175700000 2
|274> d 1
|275> 1      1.203000000   -1.816000000 2
|276> f 1
|277> 1      1.000000000    0.000000000 2
|278> end
|279> Mg>    2.00000000000    2.12699433051    4.23812700562   -2.16882280098
|280> NewECP
|281> N_core 0
|282> lmax f
|283> s 1
|284> 1      1.732000000   14.676000000 2
|285> p 1
|286> 1      1.115000000    5.175700000 2
|287> d 1
|288> 1      1.203000000   -1.816000000 2
|289> f 1
|290> 1      1.000000000    0.000000000 2
|291> end
|292> Mg>    2.00000000000    4.23812698734    2.12699441690   -2.16882286129
|293> NewECP
|294> N_core 0
|295> lmax f
|296> s 1
|297> 1      1.732000000   14.676000000 2
|298> p 1
|299> 1      1.115000000    5.175700000 2
|300> d 1
|301> 1      1.203000000   -1.816000000 2
|302> f 1
|303> 1      1.000000000    0.000000000 2
|304> end
|305> Mg>    2.00000000000    2.12644127000    2.12644128466   -4.29336142376
|306> NewECP
|307> N_core 0
|308> lmax f
|309> s 1
|310> 1      1.732000000   14.676000000 2
|311> p 1
|312> 1      1.115000000    5.175700000 2
|313> d 1
|314> 1      1.203000000   -1.816000000 2
|315> f 1
|316> 1      1.000000000    0.000000000 2
|317> end
|318> Mg>    2.00000000000   -4.20260925112   -4.20260923835   -0.06333751219
|319> NewECP
|320> N_core 0
|321> lmax f
|322> s 1
|323> 1      1.732000000   14.676000000 2
|324> p 1
|325> 1      1.115000000    5.175700000 2
|326> d 1
|327> 1      1.203000000   -1.816000000 2
|328> f 1
|329> 1      1.000000000    0.000000000 2
|330> end
|331> Mg>    2.00000000000   -4.20429902187    0.01619452071   -4.29336142376
|332> NewECP
|333> N_core 0
|334> lmax f
|335> s 1
|336> 1      1.732000000   14.676000000 2
|337> p 1
|338> 1      1.115000000    5.175700000 2
|339> d 1
|340> 1      1.203000000   -1.816000000 2
|341> f 1
|342> 1      1.000000000    0.000000000 2
|343> end
|344> Mg>    2.00000000000    0.01619450604   -4.20429900720   -4.29336142376
|345> NewECP
|346> N_core 0
|347> lmax f
|348> s 1
|349> 1      1.732000000   14.676000000 2
|350> p 1
|351> 1      1.115000000    5.175700000 2
|352> d 1
|353> 1      1.203000000   -1.816000000 2
|354> f 1
|355> 1      1.000000000    0.000000000 2
|356> end
|357> Mg>    2.00000000000   -4.20260925112    4.23837781747   -0.06333751219
|358> NewECP
|359> N_core 0
|360> lmax f
|361> s 1
|362> 1      1.732000000   14.676000000 2
|363> p 1
|364> 1      1.115000000    5.175700000 2
|365> d 1
|366> 1      1.203000000   -1.816000000 2
|367> f 1
|368> 1      1.000000000    0.000000000 2
|369> end
|370> Mg>    2.00000000000    4.23837780469   -4.20260923835   -0.06333751219
|371> NewECP
|372> N_core 0
|373> lmax f
|374> s 1
|375> 1      1.732000000   14.676000000 2
|376> p 1
|377> 1      1.115000000    5.175700000 2
|378> d 1
|379> 1      1.203000000   -1.816000000 2
|380> f 1
|381> 1      1.000000000    0.000000000 2
|382> end
|383> Mg>    2.00000000000    0.01619450604    4.23668804862   -4.29336142376
|384> NewECP
|385> N_core 0
|386> lmax f
|387> s 1
|388> 1      1.732000000   14.676000000 2
|389> p 1
|390> 1      1.115000000    5.175700000 2
|391> d 1
|392> 1      1.203000000   -1.816000000 2
|393> f 1
|394> 1      1.000000000    0.000000000 2
|395> end
|396> Mg>    2.00000000000    4.23668803395    0.01619452071   -4.29336142376
|397> NewECP
|398> N_core 0
|399> lmax f
|400> s 1
|401> 1      1.732000000   14.676000000 2
|402> p 1
|403> 1      1.115000000    5.175700000 2
|404> d 1
|405> 1      1.203000000   -1.816000000 2
|406> f 1
|407> 1      1.000000000    0.000000000 2
|408> end
|409> Mg>    2.00000000000   -6.29835004848    2.14263713021   -0.05751152737
|410> NewECP
|411> N_core 0
|412> lmax f
|413> s 1
|414> 1      1.732000000   14.676000000 2
|415> p 1
|416> 1      1.115000000    5.175700000 2
|417> d 1
|418> 1      1.203000000   -1.816000000 2
|419> f 1
|420> 1      1.000000000    0.000000000 2
|421> end
|422> Mg>    2.00000000000    2.14263700734   -6.29834992561   -0.05751152737
|423> NewECP
|424> N_core 0
|425> lmax f
|426> s 1
|427> 1      1.732000000   14.676000000 2
|428> p 1
|429> 1      1.115000000    5.175700000 2
|430> d 1
|431> 1      1.203000000   -1.816000000 2
|432> f 1
|433> 1      1.000000000    0.000000000 2
|434> end
|435> Mg>    2.00000000000   -2.09550257409   -6.31632679796   -0.06518513770
|436> NewECP
|437> N_core 0
|438> lmax f
|439> s 1
|440> 1      1.732000000   14.676000000 2
|441> p 1
|442> 1      1.115000000    5.175700000 2
|443> d 1
|444> 1      1.203000000   -1.816000000 2
|445> f 1
|446> 1      1.000000000    0.000000000 2
|447> end
|448> Mg>    2.00000000000   -6.31632686650   -2.09550254630   -0.06518515994
|449> NewECP
|450> N_core 0
|451> lmax f
|452> s 1
|453> 1      1.732000000   14.676000000 2
|454> p 1
|455> 1      1.115000000    5.175700000 2
|456> d 1
|457> 1      1.203000000   -1.816000000 2
|458> f 1
|459> 1      1.000000000    0.000000000 2
|460> end
|461> Mg>    2.00000000000   -6.31682771991    0.01847654448   -2.16465802761
|462> NewECP
|463> N_core 0
|464> lmax f
|465> s 1
|466> 1      1.732000000   14.676000000 2
|467> p 1
|468> 1      1.115000000    5.175700000 2
|469> d 1
|470> 1      1.203000000   -1.816000000 2
|471> f 1
|472> 1      1.000000000    0.000000000 2
|473> end
|474> Mg>    2.00000000000    0.01847652865   -6.31682762216   -2.16465796886
|475> NewECP
|476> N_core 0
|477> lmax f
|478> s 1
|479> 1      1.732000000   14.676000000 2
|480> p 1
|481> 1      1.115000000    5.175700000 2
|482> d 1
|483> 1      1.203000000   -1.816000000 2
|484> f 1
|485> 1      1.000000000    0.000000000 2
|486> end
|487> Mg>    2.00000000000   -2.09574088508    6.34524618340   -0.06333639131
|488> NewECP
|489> N_core 0
|490> lmax f
|491> s 1
|492> 1      1.732000000   14.676000000 2
|493> p 1
|494> 1      1.115000000    5.175700000 2
|495> d 1
|496> 1      1.203000000   -1.816000000 2
|497> f 1
|498> 1      1.000000000    0.000000000 2
|499> end
|500> Mg>    2.00000000000    6.34524617073   -2.09574087242   -0.06333639131
|501> NewECP
|502> N_core 0
|503> lmax f
|504> s 1
|505> 1      1.732000000   14.676000000 2
|506> p 1
|507> 1      1.115000000    5.175700000 2
|508> d 1
|509> 1      1.203000000   -1.816000000 2
|510> f 1
|511> 1      1.000000000    0.000000000 2
|512> end
|513> Mg>    2.00000000000   -2.09405225791    0.01619452071   -6.40360818771
|514> NewECP
|515> N_core 0
|516> lmax f
|517> s 1
|518> 1      1.732000000   14.676000000 2
|519> p 1
|520> 1      1.115000000    5.175700000 2
|521> d 1
|522> 1      1.203000000   -1.816000000 2
|523> f 1
|524> 1      1.000000000    0.000000000 2
|525> end
|526> Mg>    2.00000000000    0.01619450604   -2.09405224324   -6.40360818771
|527> NewECP
|528> N_core 0
|529> lmax f
|530> s 1
|531> 1      1.732000000   14.676000000 2
|532> p 1
|533> 1      1.115000000    5.175700000 2
|534> d 1
|535> 1      1.203000000   -1.816000000 2
|536> f 1
|537> 1      1.000000000    0.000000000 2
|538> end
|539> Mg>    2.00000000000    0.01564225307    6.34549730304   -2.16882252457
|540> NewECP
|541> N_core 0
|542> lmax f
|543> s 1
|544> 1      1.732000000   14.676000000 2
|545> p 1
|546> 1      1.115000000    5.175700000 2
|547> d 1
|548> 1      1.203000000   -1.816000000 2
|549> f 1
|550> 1      1.000000000    0.000000000 2
|551> end
|552> Mg>    2.00000000000    6.34549734636    0.01564224033   -2.16882249863
|553> NewECP
|554> N_core 0
|555> lmax f
|556> s 1
|557> 1      1.732000000   14.676000000 2
|558> p 1
|559> 1      1.115000000    5.175700000 2
|560> d 1
|561> 1      1.203000000   -1.816000000 2
|562> f 1
|563> 1      1.000000000    0.000000000 2
|564> end
|565> Mg>    2.00000000000    2.12466018932    6.34548450951   -0.06518515994
|566> NewECP
|567> N_core 0
|568> lmax f
|569> s 1
|570> 1      1.732000000   14.676000000 2
|571> p 1
|572> 1      1.115000000    5.175700000 2
|573> d 1
|574> 1      1.203000000   -1.816000000 2
|575> f 1
|576> 1      1.000000000    0.000000000 2
|577> end
|578> Mg>    2.00000000000    6.34548448173    2.12466025786   -0.06518513770
|579> NewECP
|580> N_core 0
|581> lmax f
|582> s 1
|583> 1      1.732000000   14.676000000 2
|584> p 1
|585> 1      1.115000000    5.175700000 2
|586> d 1
|587> 1      1.203000000   -1.816000000 2
|588> f 1
|589> 1      1.000000000    0.000000000 2
|590> end
|591> Mg>    2.00000000000    0.01619450604    2.12644128466   -6.40360818771
|592> NewECP
|593> N_core 0
|594> lmax f
|595> s 1
|596> 1      1.732000000   14.676000000 2
|597> p 1
|598> 1      1.115000000    5.175700000 2
|599> d 1
|600> 1      1.203000000   -1.816000000 2
|601> f 1
|602> 1      1.000000000    0.000000000 2
|603> end
|604> Mg>    2.00000000000    2.12644127000    0.01619452071   -6.40360818771
|605> NewECP
|606> N_core 0
|607> lmax f
|608> s 1
|609> 1      1.732000000   14.676000000 2
|610> p 1
|611> 1      1.115000000    5.175700000 2
|612> d 1
|613> 1      1.203000000   -1.816000000 2
|614> f 1
|615> 1      1.000000000    0.000000000 2
|616> end
|617> Mg>    2.00000000000   -4.20429902187   -4.20429900720   -4.29336142376
|618> NewECP
|619> N_core 0
|620> lmax f
|621> s 1
|622> 1      1.732000000   14.676000000 2
|623> p 1
|624> 1      1.115000000    5.175700000 2
|625> d 1
|626> 1      1.203000000   -1.816000000 2
|627> f 1
|628> 1      1.000000000    0.000000000 2
|629> end
|630> Mg>    2.00000000000   -4.20429902187    4.23668804862   -4.29336142376
|631> NewECP
|632> N_core 0
|633> lmax f
|634> s 1
|635> 1      1.732000000   14.676000000 2
|636> p 1
|637> 1      1.115000000    5.175700000 2
|638> d 1
|639> 1      1.203000000   -1.816000000 2
|640> f 1
|641> 1      1.000000000    0.000000000 2
|642> end
|643> Mg>    2.00000000000    4.23668803395   -4.20429900720   -4.29336142376
|644> NewECP
|645> N_core 0
|646> lmax f
|647> s 1
|648> 1      1.732000000   14.676000000 2
|649> p 1
|650> 1      1.115000000    5.175700000 2
|651> d 1
|652> 1      1.203000000   -1.816000000 2
|653> f 1
|654> 1      1.000000000    0.000000000 2
|655> end
|656> Mg>    2.00000000000    4.23668803395    4.23668804862   -4.29336142376
|657> NewECP
|658> N_core 0
|659> lmax f
|660> s 1
|661> 1      1.732000000   14.676000000 2
|662> p 1
|663> 1      1.115000000    5.175700000 2
|664> d 1
|665> 1      1.203000000   -1.816000000 2
|666> f 1
|667> 1      1.000000000    0.000000000 2
|668> end
|669> Mg>    2.00000000000   -4.20286006847   -6.31399263892   -2.16882286129
|670> NewECP
|671> N_core 0
|672> lmax f
|673> s 1
|674> 1      1.732000000   14.676000000 2
|675> p 1
|676> 1      1.115000000    5.175700000 2
|677> d 1
|678> 1      1.203000000   -1.816000000 2
|679> f 1
|680> 1      1.000000000    0.000000000 2
|681> end
|682> Mg>    2.00000000000   -6.31399272530   -4.20286005020   -2.16882280098
|683> NewECP
|684> N_core 0
|685> lmax f
|686> s 1
|687> 1      1.732000000   14.676000000 2
|688> p 1
|689> 1      1.115000000    5.175700000 2
|690> d 1
|691> 1      1.203000000   -1.816000000 2
|692> f 1
|693> 1      1.000000000    0.000000000 2
|694> end
|695> Mg>    2.00000000000   -6.31399272530    4.23812700562   -2.16882280098
|696> NewECP
|697> N_core 0
|698> lmax f
|699> s 1
|700> 1      1.732000000   14.676000000 2
|701> p 1
|702> 1      1.115000000    5.175700000 2
|703> d 1
|704> 1      1.203000000   -1.816000000 2
|705> f 1
|706> 1      1.000000000    0.000000000 2
|707> end
|708> Mg>    2.00000000000    4.23812698734   -6.31399263892   -2.16882286129
|709> NewECP
|710> N_core 0
|711> lmax f
|712> s 1
|713> 1      1.732000000   14.676000000 2
|714> p 1
|715> 1      1.115000000    5.175700000 2
|716> d 1
|717> 1      1.203000000   -1.816000000 2
|718> f 1
|719> 1      1.000000000    0.000000000 2
|720> end
|721> Mg>    2.00000000000   -4.20481793251    6.34745450001   -2.16859742093
|722> NewECP
|723> N_core 0
|724> lmax f
|725> s 1
|726> 1      1.732000000   14.676000000 2
|727> p 1
|728> 1      1.115000000    5.175700000 2
|729> d 1
|730> 1      1.203000000   -1.816000000 2
|731> f 1
|732> 1      1.000000000    0.000000000 2
|733> end
|734> Mg>    2.00000000000    6.34745453836   -4.20481787328   -2.16859736288
|735> NewECP
|736> N_core 0
|737> lmax f
|738> s 1
|739> 1      1.732000000   14.676000000 2
|740> p 1
|741> 1      1.115000000    5.175700000 2
|742> d 1
|743> 1      1.203000000   -1.816000000 2
|744> f 1
|745> 1      1.000000000    0.000000000 2
|746> end
|747> Mg>    2.00000000000   -2.09405225791    4.23668804862   -6.40360818771
|748> NewECP
|749> N_core 0
|750> lmax f
|751> s 1
|752> 1      1.732000000   14.676000000 2
|753> p 1
|754> 1      1.115000000    5.175700000 2
|755> d 1
|756> 1      1.203000000   -1.816000000 2
|757> f 1
|758> 1      1.000000000    0.000000000 2
|759> end
|760> Mg>    2.00000000000    4.23668803395   -2.09405224324   -6.40360818771
|761> NewECP
|762> N_core 0
|763> lmax f
|764> s 1
|765> 1      1.732000000   14.676000000 2
|766> p 1
|767> 1      1.115000000    5.175700000 2
|768> d 1
|769> 1      1.203000000   -1.816000000 2
|770> f 1
|771> 1      1.000000000    0.000000000 2
|772> end
|773> Mg>    2.00000000000   -2.09405225791    6.34693481257   -4.29336142376
|774> NewECP
|775> N_core 0
|776> lmax f
|777> s 1
|778> 1      1.732000000   14.676000000 2
|779> p 1
|780> 1      1.115000000    5.175700000 2
|781> d 1
|782> 1      1.203000000   -1.816000000 2
|783> f 1
|784> 1      1.000000000    0.000000000 2
|785> end
|786> Mg>    2.00000000000    6.34693479790   -2.09405224324   -4.29336142376
|787> NewECP
|788> N_core 0
|789> lmax f
|790> s 1
|791> 1      1.732000000   14.676000000 2
|792> p 1
|793> 1      1.115000000    5.175700000 2
|794> d 1
|795> 1      1.203000000   -1.816000000 2
|796> f 1
|797> 1      1.000000000    0.000000000 2
|798> end
|799> Mg>    2.00000000000    4.23616912331    6.34745450001   -2.16859742093
|800> NewECP
|801> N_core 0
|802> lmax f
|803> s 1
|804> 1      1.732000000   14.676000000 2
|805> p 1
|806> 1      1.115000000    5.175700000 2
|807> d 1
|808> 1      1.203000000   -1.816000000 2
|809> f 1
|810> 1      1.000000000    0.000000000 2
|811> end
|812> Mg>    2.00000000000    6.34745453836    4.23616918253   -2.16859736288
|813> NewECP
|814> N_core 0
|815> lmax f
|816> s 1
|817> 1      1.732000000   14.676000000 2
|818> p 1
|819> 1      1.115000000    5.175700000 2
|820> d 1
|821> 1      1.203000000   -1.816000000 2
|822> f 1
|823> 1      1.000000000    0.000000000 2
|824> end
|825> Mg>    2.00000000000    2.12644127000    4.23668804862   -6.40360818771
|826> NewECP
|827> N_core 0
|828> lmax f
|829> s 1
|830> 1      1.732000000   14.676000000 2
|831> p 1
|832> 1      1.115000000    5.175700000 2
|833> d 1
|834> 1      1.203000000   -1.816000000 2
|835> f 1
|836> 1      1.000000000    0.000000000 2
|837> end
|838> Mg>    2.00000000000    4.23668803395    2.12644128466   -6.40360818771
|839> NewECP
|840> N_core 0
|841> lmax f
|842> s 1
|843> 1      1.732000000   14.676000000 2
|844> p 1
|845> 1      1.115000000    5.175700000 2
|846> d 1
|847> 1      1.203000000   -1.816000000 2
|848> f 1
|849> 1      1.000000000    0.000000000 2
|850> end
|851> Mg>    2.00000000000    2.12644127000    6.34693481257   -4.29336142376
|852> NewECP
|853> N_core 0
|854> lmax f
|855> s 1
|856> 1      1.732000000   14.676000000 2
|857> p 1
|858> 1      1.115000000    5.175700000 2
|859> d 1
|860> 1      1.203000000   -1.816000000 2
|861> f 1
|862> 1      1.000000000    0.000000000 2
|863> end
|864> Mg>    2.00000000000    6.34693479790    2.12644128466   -4.29336142376
|865> NewECP
|866> N_core 0
|867> lmax f
|868> s 1
|869> 1      1.732000000   14.676000000 2
|870> p 1
|871> 1      1.115000000    5.175700000 2
|872> d 1
|873> 1      1.203000000   -1.816000000 2
|874> f 1
|875> 1      1.000000000    0.000000000 2
|876> end
|877> Mg>    2.00000000000    0.00000000000    8.44098705582   -0.05750956508
|878> NewECP
|879> N_core 0
|880> lmax f
|881> s 1
|882> 1      1.732000000   14.676000000 2
|883> p 1
|884> 1      1.115000000    5.175700000 2
|885> d 1
|886> 1      1.203000000   -1.816000000 2
|887> f 1
|888> 1      1.000000000    0.000000000 2
|889> end
|890> Mg>    2.00000000000    8.44098705582    0.00000000000   -0.05750956508
|891> NewECP
|892> N_core 0
|893> lmax f
|894> s 1
|895> 1      1.732000000   14.676000000 2
|896> p 1
|897> 1      1.115000000    5.175700000 2
|898> d 1
|899> 1      1.203000000   -1.816000000 2
|900> f 1
|901> 1      1.000000000    0.000000000 2
|902> end
|903> Mg>    2.00000000000   -2.09548970945    8.45662929615   -2.16882249863
|904> NewECP
|905> N_core 0
|906> lmax f
|907> s 1
|908> 1      1.732000000   14.676000000 2
|909> p 1
|910> 1      1.115000000    5.175700000 2
|911> d 1
|912> 1      1.203000000   -1.816000000 2
|913> f 1
|914> 1      1.000000000    0.000000000 2
|915> end
|916> Mg>    2.00000000000    8.45662930889   -2.09548975278   -2.16882252457
|917> NewECP
|918> N_core 0
|919> lmax f
|920> s 1
|921> 1      1.732000000   14.676000000 2
|922> p 1
|923> 1      1.115000000    5.175700000 2
|924> d 1
|925> 1      1.203000000   -1.816000000 2
|926> f 1
|927> 1      1.000000000    0.000000000 2
|928> end
|929> Mg>    2.00000000000    2.12415933590    8.45946360030   -2.16465802761
|930> NewECP
|931> N_core 0
|932> lmax f
|933> s 1
|934> 1      1.732000000   14.676000000 2
|935> p 1
|936> 1      1.115000000    5.175700000 2
|937> d 1
|938> 1      1.203000000   -1.816000000 2
|939> f 1
|940> 1      1.000000000    0.000000000 2
|941> end
|942> Mg>    2.00000000000    8.45946358447    2.12415943366   -2.16465796886
|943> NewECP
|944> N_core 0
|945> lmax f
|946> s 1
|947> 1      1.732000000   14.676000000 2
|948> p 1
|949> 1      1.115000000    5.175700000 2
|950> d 1
|951> 1      1.203000000   -1.816000000 2
|952> f 1
|953> 1      1.000000000    0.000000000 2
|954> end
|955> Mg>    2.00000000000    6.34524617073    6.34524618340   -0.06333639131
|956> NewECP
|957> N_core 0
|958> lmax f
|959> s 1
|960> 1      1.732000000   14.676000000 2
|961> p 1
|962> 1      1.115000000    5.175700000 2
|963> d 1
|964> 1      1.203000000   -1.816000000 2
|965> f 1
|966> 1      1.000000000    0.000000000 2
|967> end
|968> Mg>    2.00000000000    4.23813953324    8.45896379859   -0.06518519769
|969> NewECP
|970> N_core 0
|971> lmax f
|972> s 1
|973> 1      1.732000000   14.676000000 2
|974> p 1
|975> 1      1.115000000    5.175700000 2
|976> d 1
|977> 1      1.203000000   -1.816000000 2
|978> f 1
|979> 1      1.000000000    0.000000000 2
|980> end
|981> Mg>    2.00000000000    8.45896385885    4.23813951605   -0.06518525910
|982> NewECP
|983> N_core 0
|984> lmax f
|985> s 1
|986> 1      1.732000000   14.676000000 2
|987> p 1
|988> 1      1.115000000    5.175700000 2
|989> d 1
|990> 1      1.203000000   -1.816000000 2
|991> f 1
|992> 1      1.000000000    0.000000000 2
|993> end
|994> Mg>    2.00000000000    6.34693479790    6.34693481257   -4.29336142376
|995> NewECP
|996> N_core 0
|997> lmax f
|998> s 1
|999> 1      1.732000000   14.676000000 2
|1000> p 1
|1001> 1      1.115000000    5.175700000 2
|1002> d 1
|1003> 1      1.203000000   -1.816000000 2
|1004> f 1
|1005> 1      1.000000000    0.000000000 2
|1006> end
|1007> Mg>    2.00000000000    6.34549734636    8.45662929615   -2.16882249863
|1008> NewECP
|1009> N_core 0
|1010> lmax f
|1011> s 1
|1012> 1      1.732000000   14.676000000 2
|1013> p 1
|1014> 1      1.115000000    5.175700000 2
|1015> d 1
|1016> 1      1.203000000   -1.816000000 2
|1017> f 1
|1018> 1      1.000000000    0.000000000 2
|1019> end
|1020> Mg>    2.00000000000    8.45662930889    6.34549730304   -2.16882252457
|1021> NewECP
|1022> N_core 0
|1023> lmax f
|1024> s 1
|1025> 1      1.732000000   14.676000000 2
|1026> p 1
|1027> 1      1.115000000    5.175700000 2
|1028> d 1
|1029> 1      1.203000000   -1.816000000 2
|1030> f 1
|1031> 1      1.000000000    0.000000000 2
|1032> end
|1033>   end
|1034> endd                         ****END OF INPUT****
================================================================================
----------------
TOTAL SCF ENERGY
----------------

Total Energy       :        -4509.40935470 Eh         -122707.26686 eV

Components:
Nuclear Repulsion  :         6916.50027010 Eh          188207.54064 eV
Electronic Energy  :       -11425.90962481 Eh         -310914.80749 eV
One Electron Energy:       -20485.32497610 Eh         -557434.03200 eV
Two Electron Energy:         9059.41535130 Eh          246519.22450 eV
Max COSX asymmetry :            0.00015070 Eh               0.00410 eV

Virial components:
Potential Energy   :        -8455.50955700 Eh         -230086.11240 eV
Kinetic Energy     :         3946.10020230 Eh          107378.84554 eV
Virial Ratio       :            2.14275085

--------------------Output has been truncated-------------------------


--------------------Output has been truncated-------------------------


--------------------Output has been truncated-------------------------


--------------------Output has been truncated-------------------------


--------------------Output has been truncated-------------------------


--------------------Output has been truncated-------------------------


--------------------Output has been truncated-------------------------


--------------------Output has been truncated-------------------------


--------------------Output has been truncated-------------------------


--------------------Output has been truncated-------------------------


-----------------------------------------------
 RI-MP2 CORRELATION ENERGY:     -7.126731258 Eh
-----------------------------------------------
---------------------------------------
MP2 TOTAL ENERGY:    -4516.536085962 Eh
---------------------------------------

Maximum memory used throughout the entire MP2-calculation: 553.8 MB

-------------------------   --------------------
FINAL SINGLE POINT ENERGY     -4516.536085962249
-------------------------   --------------------
