 **********************************************************************
                          MRCC program system
 **********************************************************************
 
                              Written by
     Mihaly Kallay, Peter R. Nagy, David Mester, Laszlo Gyevi-Nagy,
        Jozsef Csoka, P. Bernat Szabo, Zoltan Rolik, Gyula Samu,
     Jozsef Csontos, Bence Hegely, Adam Ganyecz, Istvan Ladjanszki,
       Lorant Szegedy, Bence Ladoczki, Klara Petrov, Mate Farkas,
                    Pal D. Mezei, and Reka A. Horvath
 
        Department of Physical Chemistry and Materials Science
            Budapest University of Technology and Economics
                  Budapest P.O.Box 91, H-1521 Hungary
 
                              www.mrcc.hu
 
                      Release date: March 18, 2022

 ************************ 2023-02-05 13:18:07 *************************
 Executing minp...

 Reading input from MINP...
 
 Input file:
 
calc=FNO-CCSD(T)
verbosity=3
mem=220GB
unit=angs
scfiguess=small
scfalg=locfit1
ccmaxit=400
ccsdalg=dfdirect
ccsdthreads=4
ccsdmkl=thr
ptthreads=4
lnoepsv=1e-5
naf_cor=1e-2
basis=aug-cc-pVTZ
basis_sm=def2-SVP
dfbasis_scf=def2-QZVPP-RI-JK
dfbasis_cor=aug-cc-pVTZ-RI
unit=angs
geom=xyz
16

C    34.41670262    34.07107264    10.41543014
C    33.11117461    33.45680459    10.91530835
H    34.24160149    35.00442132     9.86225048
H    34.94674030    33.36940783     9.75379242
H    35.10002891    34.30603621    11.24227357
H    32.42643037    33.26105434    10.07939442
H    32.59136835    34.12756100    11.61262818
H    33.28915165    32.50678735    11.43686767
C    42.85768728    50.95304195    10.41543014
C    41.55215927    50.33877390    10.91530835
H    42.68258615    51.88639063     9.86225048
H    43.38772495    50.25137714     9.75379242
H    43.54101356    51.18800552    11.24227357
H    40.86741503    50.14302365    10.07939442
H    41.03235300    51.00953031    11.61262818
H    41.73013630    49.38875666    11.43686767

--------------------Output has been truncated-------------------------


--------------------Output has been truncated-------------------------


--------------------Output has been truncated-------------------------


--------------------Output has been truncated-------------------------


--------------------Output has been truncated-------------------------


--------------------Output has been truncated-------------------------


--------------------Output has been truncated-------------------------


--------------------Output has been truncated-------------------------


--------------------Output has been truncated-------------------------


--------------------Output has been truncated-------------------------


 
 Reference energy [au]:                       -79.259550503480
 DF-MP2 singlet pair energy [au]:              -0.300254289756
 DF-MP2 triplet pair energy [au]:              -0.075031442221
 DF-SCS-MP2 correlation energy [au]:           -0.385315628448
 DF-SCS-MP2 energy [au]:                      -79.644866131928
 DF-SOS-MP2 correlation energy [au]:           -0.390330576683
 DF-SOS-MP2 energy [au]:                      -79.649881080163
 DF-MP2 correlation energy [au]:               -0.375285731977
 DF-MP2 energy [au]:                          -79.634836235457

 Results in FNO basis:
 
 
 Reference energy [au]:                       -79.259550503480
 DF-MP2 singlet pair energy [au]:              -0.299084107650
 DF-MP2 triplet pair energy [au]:              -0.074925176396
 DF-SCS-MP2 correlation energy [au]:           -0.383875987978
 DF-SCS-MP2 energy [au]:                      -79.643426491458
 DF-SOS-MP2 correlation energy [au]:           -0.388809339945
 DF-SOS-MP2 energy [au]:                      -79.648359843425
 DF-MP2 correlation energy [au]:               -0.374009284046
 DF-MP2 energy [au]:                          -79.633559787526

 Results in NAF basis:
 
 
 Reference energy [au]:                       -79.259550503480
 DF-MP2 singlet pair energy [au]:              -0.299023376804
 DF-MP2 triplet pair energy [au]:              -0.074964220917
 DF-SCS-MP2 correlation energy [au]:           -0.383816125804
 DF-SCS-MP2 energy [au]:                      -79.643366629285
 DF-SOS-MP2 correlation energy [au]:           -0.388730389846
 DF-SOS-MP2 energy [au]:                      -79.648280893326
 DF-MP2 correlation energy [au]:               -0.373987597722
 DF-MP2 energy [au]:                          -79.633538101202

 ************************ 2023-02-05 13:18:35 *************************
 Executing ccsd...

 Allocation of 220.0 Gbytes of memory...

 Direct DF-CCSD(T) calculation
 
 Convergence criterion:  1.0E-06
 
 Number of occupied/virtual/auxiliary orbitals:     7   139   378
    421.21 MB is the minimal memory requirement for (T)
     94.89 MB is the minimal memory requirement for CCSD
 
 Reference energy [au]:             -79.259550503480
 T1 contribution [au]:                0.000000000000
 Same spin MP2 energy [au]:          -0.074944639477
 Opposite spin MP2 energy [au]:      -0.299053571412
 MP2 correlation energy [au]:        -0.373998210888
 Total MP2 energy [au]:             -79.633548714368
 MP2 correction [au]:                -0.001287521089
 
 
 CPU time [min]:     0.315                   Wall time [min]:     0.017
 
 Starting CCSD iterations...
 
                     Residual norm          Energy
 Iteration  1        0.170712144229      -79.654477276783
 Iteration  2        0.042453498640      -79.664042194167
 Iteration  3        0.011296535510      -79.664998240182
 Iteration  4        0.002548541600      -79.665006561839
 Iteration  5        0.000536665449      -79.665011768572
 Iteration  6        0.000152292044      -79.665014846203
 Iteration  7        0.000036257619      -79.665014630915
 Iteration  8        0.000009249088      -79.665014922551
 
 CCSD iteration has converged in  8 steps.
     1534.57 MB memory was utilized by CCSD
 
 T1 diagnostic:      7.816E-03            D1 diagnostic:      1.353E-02
 
 T1 contribution [au]:                                  0.000000000000
 PPL energy contribution [au]:                          0.102911446946
 Scaled PPL energy contribution [au]:                   0.103270156511

 OS-PPL energy contribution [au]:                       0.089961249465
 Scaled OS-PPL energy contribution [au]:                0.090332331732
 SS-PPL energy contribution [au]:                       0.012950197480
 Scaled SS-PPL energy contribution [au]:                0.012962024199

 Opposite spin CCSD energy [au]:                       -0.334284073807
 Same spin CCSD energy [au]:                           -0.071199012416
 CCSD correlation energy [au]:                         -0.405483086223
 CCSD correlation energy + MP2 correction [au]:        -0.406770607312
 CCSD correlation energy + MP2 + PPL corr. [au]:       -0.406411897747
 Total CCSD energy [au]:                              -79.665033589703
 Total CCSD energy + MP2 correction [au]:             -79.666321110792
 Total CCSD energy + MP2 + PPL corr. [au]:            -79.665962401227
 
 CPU time [min]:     2.750                   Wall time [min]:     0.088
 
 Calculation of (T) correction...
 
 
      388.93 MB memory is utilized for (T)

 0%       25%       50%       75%       100%
 |---------|---------|---------|---------| 
 
 (T) correction [au]:                                    -0.013958893925
 (T*) correction [au]:                                   -0.014006948621
 (T+) correction [au]:                                   -0.014006366285
 CCSD(T) correlation energy [au]:                        -0.419441980148
 CCSD(T) correlation energy + MP2 correction [au]:       -0.420729501237
 CCSD(T+) correlation en. + MP2 + PPL corr. [au]:        -0.420418264032
 Total CCSD(T) energy [au]:                             -79.678992483628
 Total CCSD(T) energy + MP2 correction [au]:            -79.680280004717
 Total CCSD(T+) energy + MP2 + PPL corr. [au]:          -79.679968767512
 
 CPU time [min]:     3.464                   Wall time [min]:     0.110
 
 ************************ 2023-02-05 13:18:41 *************************
                      Normal termination of mrcc.
 **********************************************************************
