 **********************************************************************
                          MRCC program system
 **********************************************************************
 
                              Written by
     Mihaly Kallay, Peter R. Nagy, David Mester, Laszlo Gyevi-Nagy,
        Jozsef Csoka, P. Bernat Szabo, Zoltan Rolik, Gyula Samu,
     Jozsef Csontos, Bence Hegely, Adam Ganyecz, Istvan Ladjanszki,
       Lorant Szegedy, Bence Ladoczki, Klara Petrov, Mate Farkas,
                    Pal D. Mezei, and Reka A. Horvath
 
        Department of Physical Chemistry and Materials Science
            Budapest University of Technology and Economics
                  Budapest P.O.Box 91, H-1521 Hungary
 
                              www.mrcc.hu
 
                      Release date: March 18, 2022

 ************************ 2023-02-07 16:11:43 *************************
 Executing minp...

 Reading input from MINP...
 
 Input file:
 
calc=LNO-CCSD(T)
scftype=rhf
verbosity=3
mem=220GB
symm=off
unit=angs
scfiguess=small
scfmaxit=1000
scfalg=locfit1


lcorthr=tight
bpedo=0.99999
ccmaxit=400
usedisk=0
ccsdalg=dfdirect
ccsdthreads=4
ccsdmkl=thr
ptthreads=4

charge=-24
core=24

basis=special
aug-cc-pVDZ
aug-cc-pVDZ
aug-cc-pVDZ
aug-cc-pVDZ
bse_CVDZ
aug-cc-pVDZ
aug-cc-pVDZ
aug-cc-pVDZ
aug-cc-pVDZ
aug-cc-pVDZ
bse_CVDZ
bse_CVDZ
bse_CVDZ
aug-cc-pVDZ
aug-cc-pVDZ
aug-cc-pVDZ
bse_CVDZ
bse_CVDZ
aug-cc-pVDZ
aug-cc-pVDZ
aug-cc-pVDZ
aug-cc-pVDZ
aug-cc-pVDZ
aug-cc-pVDZ
aug-cc-pVDZ
aug-cc-pVDZ
aug-cc-pVDZ
aug-cc-pVDZ
nothing
nothing
nothing
nothing
nothing
nothing
nothing
nothing
nothing
nothing
nothing
nothing
nothing
nothing
nothing
nothing
nothing
nothing
nothing
nothing
nothing
nothing
nothing
nothing
nothing
nothing
nothing
nothing
nothing
nothing
nothing
nothing
nothing
nothing
nothing
nothing
nothing
nothing
nothing
nothing
nothing
nothing
nothing
nothing
nothing
nothing
nothing
nothing
nothing
nothing
nothing
nothing
nothing
nothing
nothing
nothing

basis_sm=special
def2-SVP
def2-SVP
def2-SVP
def2-SVP
def2-SVP
def2-SVP
def2-SVP
def2-SVP
def2-SVP
def2-SVP
def2-SVP
def2-SVP
def2-SVP
def2-SVP
def2-SVP
def2-SVP
def2-SVP
def2-SVP
def2-SVP
def2-SVP
def2-SVP
def2-SVP
def2-SVP
def2-SVP
def2-SVP
def2-SVP
def2-SVP
def2-SVP
nothing
nothing
nothing
nothing
nothing
nothing
nothing
nothing
nothing
nothing
nothing
nothing
nothing
nothing
nothing
nothing
nothing
nothing
nothing
nothing
nothing
nothing
nothing
nothing
nothing
nothing
nothing
nothing
nothing
nothing
nothing
nothing
nothing
nothing
nothing
nothing
nothing
nothing
nothing
nothing
nothing
nothing
nothing
nothing
nothing
nothing
nothing
nothing
nothing
nothing
nothing
nothing
nothing
nothing
nothing
nothing

dfbasis_scf=special
def2-QZVPP-RI-JK
def2-QZVPP-RI-JK
def2-QZVPP-RI-JK
def2-QZVPP-RI-JK
def2-QZVPP-RI-JK
def2-QZVPP-RI-JK
def2-QZVPP-RI-JK
def2-QZVPP-RI-JK
def2-QZVPP-RI-JK
def2-QZVPP-RI-JK
def2-QZVPP-RI-JK
def2-QZVPP-RI-JK
def2-QZVPP-RI-JK
def2-QZVPP-RI-JK
def2-QZVPP-RI-JK
def2-QZVPP-RI-JK
def2-QZVPP-RI-JK
def2-QZVPP-RI-JK
def2-QZVPP-RI-JK
def2-QZVPP-RI-JK
def2-QZVPP-RI-JK
def2-QZVPP-RI-JK
def2-QZVPP-RI-JK
def2-QZVPP-RI-JK
def2-QZVPP-RI-JK
def2-QZVPP-RI-JK
def2-QZVPP-RI-JK
def2-QZVPP-RI-JK
nothing
nothing
nothing
nothing
nothing
nothing
nothing
nothing
nothing
nothing
nothing
nothing
nothing
nothing
nothing
nothing
nothing
nothing
nothing
nothing
nothing
nothing
nothing
nothing
nothing
nothing
nothing
nothing
nothing
nothing
nothing
nothing
nothing
nothing
nothing
nothing
nothing
nothing
nothing
nothing
nothing
nothing
nothing
nothing
nothing
nothing
nothing
nothing
nothing
nothing
nothing
nothing
nothing
nothing
nothing
nothing

dfbasis_cor=special
aug-cc-pVDZ-RI
aug-cc-pVDZ-RI
aug-cc-pVDZ-RI
aug-cc-pVDZ-RI
bse_CVDZ_mp2fit
aug-cc-pVDZ-RI
aug-cc-pVDZ-RI
aug-cc-pVDZ-RI
aug-cc-pVDZ-RI
aug-cc-pVDZ-RI
bse_CVDZ_mp2fit
bse_CVDZ_mp2fit
bse_CVDZ_mp2fit
aug-cc-pVDZ-RI
aug-cc-pVDZ-RI
aug-cc-pVDZ-RI
bse_CVDZ_mp2fit
bse_CVDZ_mp2fit
aug-cc-pVDZ-RI
aug-cc-pVDZ-RI
aug-cc-pVDZ-RI
aug-cc-pVDZ-RI
aug-cc-pVDZ-RI
aug-cc-pVDZ-RI
aug-cc-pVDZ-RI
aug-cc-pVDZ-RI
aug-cc-pVDZ-RI
aug-cc-pVDZ-RI
nothing
nothing
nothing
nothing
nothing
nothing
nothing
nothing
nothing
nothing
nothing
nothing
nothing
nothing
nothing
nothing
nothing
nothing
nothing
nothing
nothing
nothing
nothing
nothing
nothing
nothing
nothing
nothing
nothing
nothing
nothing
nothing
nothing
nothing
nothing
nothing
nothing
nothing
nothing
nothing
nothing
nothing
nothing
nothing
nothing
nothing
nothing
nothing
nothing
nothing
nothing
nothing
nothing
nothing
nothing
nothing

ecp=special
none
none
none
none
none
none
none
none
none
none
none
none
none
none
none
none
none
none
none
none
none
none
none
none
none
none
none
none
ECP-12
ECP-12
ECP-12
ECP-12
ECP-12
ECP-12
ECP-12
ECP-12
ECP-12
ECP-12
ECP-12
ECP-12
ECP-12
ECP-12
ECP-12
ECP-12
ECP-12
ECP-12
ECP-12
ECP-12
ECP-12
ECP-12
ECP-12
ECP-12
ECP-12
ECP-12
ECP-12
ECP-12
ECP-12
ECP-12
ECP-12
ECP-12
ECP-12
ECP-12
ECP-12
ECP-12
ECP-12
ECP-12
ECP-12
ECP-12
ECP-12
ECP-12
ECP-12
ECP-12
ECP-12
ECP-12
ECP-12
ECP-12
ECP-12
ECP-12
ECP-12
ECP-12
ECP-12
ECP-12
ECP-12
ECP-12

unit=angs
geom=xyz
84
N2 O2 Mg6 O18 ECP56
N    -1.70405963805   -1.70405712827    2.26414168348
N    -0.39353036420   -0.39352673915    2.24350696282
O    -1.92362708458   -1.92361426085    3.38577361047
O    -0.15453424971   -0.15452091980    3.35706853724
Mg    0.00000000000    0.00000000000   -0.01531913526
O    -0.01397522745    2.09468953471   -0.01585324347
O     2.09468905905   -0.01397437085   -0.01585277191
O    -0.01778966524   -0.01778880947   -2.13403421792
O    -0.00133952625   -2.13087240787   -0.00000161082
O    -2.13087267524   -0.00133947280    0.00000000000
Mg   -2.11995931933    2.09477773529   -0.06038491507
Mg    2.09477679477   -2.11995905039   -0.06038679353
Mg   -2.13088520181   -2.13088545772   -0.01012263154
O    -2.11755124438    2.08342073000   -2.14593618886
O     2.08342029619   -2.11754984751   -2.14593778319
O    -2.11558402862   -2.11558331309   -2.13320886404
Mg   -0.01245252393   -4.22705516525   -0.06026969975
Mg   -4.22705659767   -0.01245136032   -0.06026780324
O    -2.11840960322    4.17865165921   -0.01381232594
O     4.17865071048   -2.11840916182   -0.01381306365
O    -4.22022017916    2.08784675453   -0.01214613529
O     2.08784591757   -4.22021851565   -0.01215280864
O    -0.01610958985   -4.21657884901   -2.14603965752
O    -4.21657946783   -0.01610784354   -2.14603842464
O    -2.11840960322   -4.22621272714   -0.01381232594
O    -4.22621367587   -2.11840916182   -0.01381306365
O    -0.01397522745   -6.31017485164   -0.01585324347
O    -6.31017532729   -0.01397437085   -0.01585277191
Mg    2.08862803039    2.08862832399   -0.05635228977
Mg   -0.01632367088    2.08255818024   -2.13773428997
Mg    2.08255773525   -0.01632264178   -2.13773460265
Mg   -0.01974882929   -2.11400355054   -2.13567957697
Mg   -2.11400472602   -0.01974853677   -2.13567899809
Mg   -0.01245252393    4.17780922110   -0.06026969975
Mg    4.17780778867   -0.01245136032   -0.06026780324
Mg   -0.01690903118   -0.01690815737   -4.24997684878
Mg    2.08514640547    4.18646419546   -2.14162420318
Mg    4.18646370808    2.08514704855   -2.14162286511
Mg   -2.11723961381    4.18970011946   -2.13702861337
Mg    4.18969929600   -2.11723885565   -2.13702814002
Mg    2.08430706541    2.08430793922   -4.24997684878
Mg   -4.21840067827    2.08514704855   -2.14162286511
Mg    2.08514640547   -4.21840019089   -2.14162420318
Mg   -2.11723961381   -4.21516426688   -2.13702861337
Mg   -4.21516509034   -2.11723885565   -2.13702814002
Mg   -2.11812512776    2.08430793922   -4.24997684878
Mg    2.08430706541   -2.11812425396   -4.24997684878
Mg   -2.11812512776   -2.11812425396   -4.24997684878
Mg   -4.22076569256    4.18409952573   -0.05560468565
Mg    4.18409869378   -4.22076486062   -0.05560468565
Mg   -0.01690903118    4.18552403580   -4.24997684878
Mg    4.18552316199   -0.01690815737   -4.24997684878
Mg   -4.22076569256   -4.22076486062   -0.05560468565
Mg   -0.01690903118   -4.21934035054   -4.24997684878
Mg   -4.21934122435   -0.01690815737   -4.24997684878
Mg   -2.13088520181    6.27397892863   -0.01012263154
Mg    6.27397918454   -2.13088545772   -0.01012263154
Mg   -0.01974882929    6.29086083581   -2.13567957697
Mg    6.29085966033   -0.01974853677   -2.13567899809
Mg   -6.31623635596    2.08862832399   -0.05635228977
Mg    2.08862803039   -6.31623606236   -0.05635228977
Mg   -2.11995931933   -6.31008665105   -0.06038491507
Mg   -6.31008759158   -2.11995905039   -0.06038679353
Mg   -0.01632367088   -6.32230620611   -2.13773428997
Mg   -6.32230665109   -0.01632264178   -2.13773460265
Mg   -4.21934122435    4.18552403580   -4.24997684878
Mg    4.18552316199   -4.21934035054   -4.24997684878
Mg   -4.21934122435   -4.21934035054   -4.24997684878
Mg   -4.21516509034    6.28762553069   -2.13702814002
Mg    6.28762477254   -4.21516426688   -2.13702861337
Mg   -6.31971798088    4.18646419546   -2.14162420318
Mg    4.18646370808   -6.31971733780   -2.14162286511
Mg   -6.32055732094    2.08430793922   -4.24997684878
Mg    2.08430706541   -6.32055644713   -4.24997684878
Mg   -4.21840067827   -6.31971733780   -2.14162286511
Mg   -6.31971798088   -4.21840019089   -2.14162420318
Mg   -2.11812512776   -6.32055644713   -4.24997684878
Mg   -6.32055732094   -2.11812425396   -4.24997684878
Mg   -8.40486438635    0.00000000000   -0.01531913526
Mg    0.00000000000   -8.40486438635   -0.01531913526
Mg   -8.42118805722    2.08255818024   -2.13773428997
Mg    2.08255773525   -8.42118702812   -2.13773460265
Mg   -2.11400472602   -8.42461292312   -2.13567899809
Mg   -8.42461321564   -2.11400355054   -2.13567957697


ghost=serialno
1-4

qmmm=Amber
pointcharges
10259
      2.08862803039    2.08862832399   -0.05635228977    2.00000000000
     -0.01632367088    2.08255818024   -2.13773428997    2.00000000000
      2.08255773525   -0.01632264178   -2.13773460265    2.00000000000
     -0.01974882929   -2.11400355054   -2.13567957697    2.00000000000
--------------------Output has been truncated-------------------------


--------------------Output has been truncated-------------------------


--------------------Output has been truncated-------------------------


--------------------Output has been truncated-------------------------


--------------------Output has been truncated-------------------------


--------------------Output has been truncated-------------------------


--------------------Output has been truncated-------------------------


--------------------Output has been truncated-------------------------


--------------------Output has been truncated-------------------------


--------------------Output has been truncated-------------------------


 
 Final local CC results:
 
 Minimum number of correlated electrons:        38       ( 19.8%)
 Maximum number of correlated electrons:       112       ( 58.3%)
 Average number of correlated electrons:        58.1     ( 30.3%)
 Minimum number of correlated orbitals:         61       (  9.5%)
 Maximum number of correlated orbitals:        209       ( 32.5%)
 Average number of correlated orbitals:        110.4     ( 17.1%)
 
 CPU time for integral calculations [min]:                  4.513
 Wall time for integral calculations [min]:                 0.990
 
 CPU time for SCF calculation [min]:                       92.012
 Wall time for SCF calculation [min]:                       2.588
 
 CPU time for orbital localization [min]:                   0.389
 Wall time for orbital localization [min]:                  0.147
 
 CPU time for integral transformations [min]:            1378.973
 Wall time for integral transformations [min]:             42.283
 
 Reference energy [au]:                                -11698.119508677999
 
 LMP2 correlation energy [au]:                             -4.790002920709
 Total LMP2 energy [au]:                               -11702.909511598707
 
 Total MP2 correction for dropped NAFs [au]:                0.001761012390
 Total MP2 correction [au]:                                -0.012674085232
 
 CPU time for CCSD calculations [min]:                    830.935
 Total CPU time for CCSD [min]:                          2306.821
 Wall time for CCSD calculations [min]:                    32.719
 Total wall time for CCSD [min]:                           78.727
 
 CCSD correlation energy [au]:                             -4.816177246302
 Total CCSD energy [au]:                               -11702.935685924300
 CCSD correlation energy + 0.5 MP2 corrections [au]:       -4.822514288918
 Total LNO-CCSD energy with MP2 corrections [au]:      -11702.942022966916
 
 CPU time for (T) corrections [min]:                      912.649
 Total CPU time for CCSD(T) [min]:                       3219.470
 Wall time for (T) corrections [min]:                      26.770
 Total wall time for CCSD(T) [min]:                       105.498
 
 Total (T) correlation energy contribution [au]:           -0.122210215980
 Total (T) correlation energy+0.5 MP2 correction [au]:     -0.128547258596
 CCSD(T) correlation energy [au]:                          -4.938387462282
 Total CCSD(T) energy [au]:                            -11703.057896140281
 CCSD(T) correlation energy + MP2 corrections [au]:        -4.951061547514
 Total LNO-CCSD(T) energy with MP2 corrections [au]:   -11703.070570225513
 
 ======================================================================
 ======================================================================
 
 ************************ 2023-02-07 17:58:58 *************************
                      Normal termination of mrcc.
 **********************************************************************
