 **********************************************************************
                          MRCC program system
 **********************************************************************
 
                              Written by
     Mihaly Kallay, Peter R. Nagy, David Mester, Laszlo Gyevi-Nagy,
        Jozsef Csoka, P. Bernat Szabo, Zoltan Rolik, Gyula Samu,
     Jozsef Csontos, Bence Hegely, Adam Ganyecz, Istvan Ladjanszki,
       Lorant Szegedy, Bence Ladoczki, Klara Petrov, Mate Farkas,
                    Pal D. Mezei, and Reka A. Horvath
 
        Department of Physical Chemistry and Materials Science
            Budapest University of Technology and Economics
                  Budapest P.O.Box 91, H-1521 Hungary
 
                              www.mrcc.hu
 
                      Release date: March 18, 2022

 ************************ 2023-02-04 11:51:43 *************************
 Executing minp...

 Reading input from MINP...
 
 Input file:
 
calc=FNO-CCSD(T)
verbosity=3
mem=220GB
unit=angs
scfiguess=small
scfalg=locfit1
ccmaxit=400
ccsdalg=dfdirect
ccsdthreads=4
ccsdmkl=thr
ptthreads=4
lnoepsv=1e-5
naf_cor=1e-2
basis=aug-cc-pVTZ
basis_sm=def2-SVP
dfbasis_scf=def2-QZVPP-RI-JK
dfbasis_cor=aug-cc-pVTZ-RI
unit=angs
geom=xyz
10

C    29.54344629    29.54344629    16.97505516
H    29.54344670    30.44187631    17.60392580
H    29.54344662    28.64496649    17.60393442
H    30.44658454    29.54342777    16.34911135
H    28.64030918    29.54342779    16.34911130
C    12.66147698    37.98443094    16.97505516
H    12.66147739    38.88286097    17.60392580
H    12.66147731    37.08595114    17.60393442
H    13.56461523    37.98441242    16.34911135
H    11.75833987    37.98441244    16.34911130

--------------------Output has been truncated-------------------------


--------------------Output has been truncated-------------------------


--------------------Output has been truncated-------------------------


--------------------Output has been truncated-------------------------


--------------------Output has been truncated-------------------------


--------------------Output has been truncated-------------------------


--------------------Output has been truncated-------------------------


--------------------Output has been truncated-------------------------


--------------------Output has been truncated-------------------------


--------------------Output has been truncated-------------------------


 
 Reference energy [au]:                       -80.426028015421
 DF-MP2 singlet pair energy [au]:              -0.328837584391
 DF-MP2 triplet pair energy [au]:              -0.073189051308
 DF-SCS-MP2 correlation energy [au]:           -0.419001451705
 DF-SCS-MP2 energy [au]:                      -80.845029467126
 DF-SOS-MP2 correlation energy [au]:           -0.427488859708
 DF-SOS-MP2 energy [au]:                      -80.853516875129
 DF-MP2 correlation energy [au]:               -0.402026635699
 DF-MP2 energy [au]:                          -80.828054651120

 Results in FNO basis:
 
 
 Reference energy [au]:                       -80.426028015421
 DF-MP2 singlet pair energy [au]:              -0.327537104003
 DF-MP2 triplet pair energy [au]:              -0.073101538213
 DF-SCS-MP2 correlation energy [au]:           -0.417411704208
 DF-SCS-MP2 energy [au]:                      -80.843439719628
 DF-SOS-MP2 correlation energy [au]:           -0.425798235204
 DF-SOS-MP2 energy [au]:                      -80.851826250625
 DF-MP2 correlation energy [au]:               -0.400638642215
 DF-MP2 energy [au]:                          -80.826666657636

 Results in NAF basis:
 
 
 Reference energy [au]:                       -80.426028015421
 DF-MP2 singlet pair energy [au]:              -0.327471449191
 DF-MP2 triplet pair energy [au]:              -0.073140249214
 DF-SCS-MP2 correlation energy [au]:           -0.417345822100
 DF-SCS-MP2 energy [au]:                      -80.843373837521
 DF-SOS-MP2 correlation energy [au]:           -0.425712883948
 DF-SOS-MP2 energy [au]:                      -80.851740899369
 DF-MP2 correlation energy [au]:               -0.400611698405
 DF-MP2 energy [au]:                          -80.826639713825

 ************************ 2023-02-04 11:52:01 *************************
 Executing ccsd...

 Allocation of 220.0 Gbytes of memory...

 Direct DF-CCSD(T) calculation
 
 Convergence criterion:  1.0E-06
 
 Number of occupied/virtual/auxiliary orbitals:     8   166   443
    715.53 MB is the minimal memory requirement for (T)
    155.43 MB is the minimal memory requirement for CCSD
 
 Reference energy [au]:             -80.426028015421
 T1 contribution [au]:                0.000000000000
 Same spin MP2 energy [au]:          -0.073120839970
 Opposite spin MP2 energy [au]:      -0.327504114643
 MP2 correlation energy [au]:        -0.400624954613
 Total MP2 energy [au]:             -80.826652970034
 MP2 correction [au]:                -0.001401681086
 
 
 CPU time [min]:     0.352                   Wall time [min]:     0.015
 
 Starting CCSD iterations...
 
                     Residual norm          Energy
 Iteration  1        0.186520431409      -80.855588771676
 Iteration  2        0.047735734446      -80.866634843461
 Iteration  3        0.011570872323      -80.867567200045
 Iteration  4        0.002706598846      -80.867572411533
 Iteration  5        0.000513279665      -80.867586514523
 Iteration  6        0.000104118489      -80.867586780112
 Iteration  7        0.000025073864      -80.867587990719
 Iteration  8        0.000004384325      -80.867588026168
 Iteration  9        0.000000887266      -80.867588009126
 
 CCSD iteration has converged in  9 steps.
     3072.80 MB memory was utilized by CCSD
 
 T1 diagnostic:      7.475E-03            D1 diagnostic:      1.210E-02
 
 T1 contribution [au]:                                  0.000000000000
 PPL energy contribution [au]:                          0.114975689910
 Scaled PPL energy contribution [au]:                   0.115380875129

 OS-PPL energy contribution [au]:                       0.101745642476
 Scaled OS-PPL energy contribution [au]:                0.102169018092
 SS-PPL energy contribution [au]:                       0.013230047435
 Scaled SS-PPL energy contribution [au]:                0.013239140849

 Opposite spin CCSD energy [au]:                       -0.370936821802
 Same spin CCSD energy [au]:                           -0.070644482470
 CCSD correlation energy [au]:                         -0.441581304272
 CCSD correlation energy + MP2 correction [au]:        -0.442982985357
 CCSD correlation energy + MP2 + PPL corr. [au]:       -0.442577800139
 Total CCSD energy [au]:                              -80.867609319693
 Total CCSD energy + MP2 correction [au]:             -80.869011000778
 Total CCSD energy + MP2 + PPL corr. [au]:            -80.868605815560
 
 CPU time [min]:     5.420                   Wall time [min]:     0.158
 
 Calculation of (T) correction...
 
 
      698.30 MB memory is utilized for (T)

 0%       25%       50%       75%       100%
 |---------|---------|---------|---------| 
 
 (T) correction [au]:                                    -0.013137532701
 (T*) correction [au]:                                   -0.013183497464
 (T+) correction [au]:                                   -0.013183486557
 CCSD(T) correlation energy [au]:                        -0.454718836973
 CCSD(T) correlation energy + MP2 correction [au]:       -0.456120518058
 CCSD(T+) correlation en. + MP2 + PPL corr. [au]:        -0.455761286696
 Total CCSD(T) energy [au]:                             -80.880746852394
 Total CCSD(T) energy + MP2 correction [au]:            -80.882148533479
 Total CCSD(T+) energy + MP2 + PPL corr. [au]:          -80.881789302117
 
 CPU time [min]:     7.393                   Wall time [min]:     0.227
 
 ************************ 2023-02-04 11:52:15 *************************
                      Normal termination of mrcc.
 **********************************************************************
