================================================================================
                                       INPUT FILE
================================================================================
NAME = orca.inp
|  1>  ! TightSCF RI-MP2 RIJCOSX SlowConv DIIS
|  2> %maxcore 30000
|  3> %pal
|  4> nprocs 6
|  5> end
|  6> %pointcharges "orca.bq"
|  7> %method
|  8> Method hf
|  9> RI on
| 10> RunTyp Energy
| 11> NewNCore O 2 end
| 12> NewNCore Mg 10 end
| 13> NewNCore N 2 end
| 14> end
| 15> %basis
| 16> NewGTO Mg
| 17> "cc-pVDZ"
| 18> end
| 19> NewGTO N
| 20> "aug-cc-pVDZ"
| 21> end
| 22> NewGTO O
| 23> "aug-cc-pVDZ"
| 24> end
| 25> NewAuxCGTO Mg
| 26> "cc-pVQZ/C"
| 27> end
| 28> NewAuxCGTO N
| 29> "aug-cc-pVDZ/C"
| 30> end
| 31> NewAuxCGTO O
| 32> "aug-cc-pVDZ/C"
| 33> end
| 34> Aux "def2/J"
| 35> end
| 36> %scf
| 37> HFTyp rhf
| 38> Guess MORead
| 39> MOInp "orca_svp_start.gbw"
| 40> SCFMode Direct
| 41> sthresh 1e-6
| 42> AutoTRAHIter 60
| 43> MaxIter 1000
| 44> end
| 45> %coords
| 46> CTyp xyz
| 47> Mult 1
| 48> Units angs
| 49>       Charge -24
| 50>   coords
| 51> N:                      1.05498028901    1.05498029142    2.15384566713
| 52> O:                      1.05498008255    1.05498010357    3.33488023264
| 53> Mg                      0.00000000000    0.00000000000   -0.01625213318
| 54> O                      -2.10874178486    0.00181682513   -0.00000050358
| 55> O                       0.00181683560   -2.10874180109   -0.00000050986
| 56> O                      -0.01809950243    2.12806024276   -0.02851726948
| 57> O                       2.12806025815   -0.01809950836   -0.02851726838
| 58> O                       0.00097571689    0.00097573581   -2.15458552623
| 59> Mg                      2.10996072227    2.10996072077   -0.01625169924
| 60> Mg                     -2.11968668318    2.11321061163   -0.05383437085
| 61> Mg                      2.11321062525   -2.11968668297   -0.05383437634
| 62> O                       2.10898507073    2.10898507010   -2.15458518237
| 63> O                      -2.11300356594    2.11077144692   -2.16209541302
| 64> O                       2.11077146155   -2.11300356675   -2.16209541435
| 65> Mg                     -0.00324987481    4.22964744591   -0.05383503799
| 66> Mg                      4.22964745241   -0.00324987615   -0.05383503678
| 67> O                       2.10814389990    4.21870257806   -0.00000000082
| 68> O                       4.21870258614    2.10814390791    0.00000000000
| 69> O                      -4.22228446968    2.10814390791    0.00000000000
| 70> O                       2.10814389990   -4.22228447776   -0.00000000082
| 71> O                      -2.11232087079    4.22228168550   -0.00243934634
| 72> O                       4.22228168546   -2.11232087325   -0.00243935825
| 73> O                      -0.00081064372    4.22296427713   -2.16209565684
| 74> O                       4.22296428547   -0.00081063674   -2.16209566058
| 75> O                       0.00181683560    6.33224525473   -0.00000050986
| 76> O                       6.33224527095    0.00181682513   -0.00000050358
| 77> Mg>    2.00000000000   -2.11044233492   -2.11044235012   -0.04722881228
| 78> NewECP
| 79> N_core 0
| 80> lmax f
| 81> s 1
| 82> 1      1.732000000   14.676000000 2
| 83> p 1
| 84> 1      1.115000000    5.175700000 2
| 85> d 1
| 86> 1      1.203000000   -1.816000000 2
| 87> f 1
| 88> 1      1.000000000    0.000000000 2
| 89> end
| 90> Mg>    2.00000000000   -2.10588241726    0.00037486387   -2.15285604006
| 91> NewECP
| 92> N_core 0
| 93> lmax f
| 94> s 1
| 95> 1      1.732000000   14.676000000 2
| 96> p 1
| 97> 1      1.115000000    5.175700000 2
| 98> d 1
| 99> 1      1.203000000   -1.816000000 2
|100> f 1
|101> 1      1.000000000    0.000000000 2
|102> end
|103> Mg>    2.00000000000    0.00037486854   -2.10588242460   -2.15285603944
|104> NewECP
|105> N_core 0
|106> lmax f
|107> s 1
|108> 1      1.732000000   14.676000000 2
|109> p 1
|110> 1      1.115000000    5.175700000 2
|111> d 1
|112> 1      1.203000000   -1.816000000 2
|113> f 1
|114> 1      1.000000000    0.000000000 2
|115> end
|116> Mg>    2.00000000000    0.00109590943    2.10886481001   -2.15900547114
|117> NewECP
|118> N_core 0
|119> lmax f
|120> s 1
|121> 1      1.732000000   14.676000000 2
|122> p 1
|123> 1      1.115000000    5.175700000 2
|124> d 1
|125> 1      1.203000000   -1.816000000 2
|126> f 1
|127> 1      1.000000000    0.000000000 2
|128> end
|129> Mg>    2.00000000000    2.10886483763    0.00109590796   -2.15900548335
|130> NewECP
|131> N_core 0
|132> lmax f
|133> s 1
|134> 1      1.732000000   14.676000000 2
|135> p 1
|136> 1      1.115000000    5.175700000 2
|137> d 1
|138> 1      1.203000000   -1.816000000 2
|139> f 1
|140> 1      1.000000000    0.000000000 2
|141> end
|142> Mg>    2.00000000000   -0.00324987481   -4.21133960990   -0.05383503799
|143> NewECP
|144> N_core 0
|145> lmax f
|146> s 1
|147> 1      1.732000000   14.676000000 2
|148> p 1
|149> 1      1.115000000    5.175700000 2
|150> d 1
|151> 1      1.203000000   -1.816000000 2
|152> f 1
|153> 1      1.000000000    0.000000000 2
|154> end
|155> Mg>    2.00000000000   -4.21133960340   -0.00324987615   -0.05383503678
|156> NewECP
|157> N_core 0
|158> lmax f
|159> s 1
|160> 1      1.732000000   14.676000000 2
|161> p 1
|162> 1      1.115000000    5.175700000 2
|163> d 1
|164> 1      1.203000000   -1.816000000 2
|165> f 1
|166> 1      1.000000000    0.000000000 2
|167> end
|168> Mg>    2.00000000000   -0.00014300582   -0.00014301366   -4.28090065092
|169> NewECP
|170> N_core 0
|171> lmax f
|172> s 1
|173> 1      1.732000000   14.676000000 2
|174> p 1
|175> 1      1.115000000    5.175700000 2
|176> d 1
|177> 1      1.203000000   -1.816000000 2
|178> f 1
|179> 1      1.000000000    0.000000000 2
|180> end
|181> Mg>    2.00000000000    2.10958601759    4.21584321146   -2.15285551846
|182> NewECP
|183> N_core 0
|184> lmax f
|185> s 1
|186> 1      1.732000000   14.676000000 2
|187> p 1
|188> 1      1.115000000    5.175700000 2
|189> d 1
|190> 1      1.203000000   -1.816000000 2
|191> f 1
|192> 1      1.000000000    0.000000000 2
|193> end
|194> Mg>    2.00000000000    4.21584322897    2.10958601912   -2.15285551818
|195> NewECP
|196> N_core 0
|197> lmax f
|198> s 1
|199> 1      1.732000000   14.676000000 2
|200> p 1
|201> 1      1.115000000    5.175700000 2
|202> d 1
|203> 1      1.203000000   -1.816000000 2
|204> f 1
|205> 1      1.000000000    0.000000000 2
|206> end
|207> Mg>    2.00000000000   -2.11092938466   -4.22009701657   -2.15562590162
|208> NewECP
|209> N_core 0
|210> lmax f
|211> s 1
|212> 1      1.732000000   14.676000000 2
|213> p 1
|214> 1      1.115000000    5.175700000 2
|215> d 1
|216> 1      1.203000000   -1.816000000 2
|217> f 1
|218> 1      1.000000000    0.000000000 2
|219> end
|220> Mg>    2.00000000000   -4.22009701312   -2.11092938719   -2.15562590910
|221> NewECP
|222> N_core 0
|223> lmax f
|224> s 1
|225> 1      1.732000000   14.676000000 2
|226> p 1
|227> 1      1.115000000    5.175700000 2
|228> d 1
|229> 1      1.203000000   -1.816000000 2
|230> f 1
|231> 1      1.000000000    0.000000000 2
|232> end
|233> Mg>    2.00000000000   -2.11092938466    4.22089003925   -2.15562590162
|234> NewECP
|235> N_core 0
|236> lmax f
|237> s 1
|238> 1      1.732000000   14.676000000 2
|239> p 1
|240> 1      1.115000000    5.175700000 2
|241> d 1
|242> 1      1.203000000   -1.816000000 2
|243> f 1
|244> 1      1.000000000    0.000000000 2
|245> end
|246> Mg>    2.00000000000    4.22089004270   -2.11092938719   -2.15562590910
|247> NewECP
|248> N_core 0
|249> lmax f
|250> s 1
|251> 1      1.732000000   14.676000000 2
|252> p 1
|253> 1      1.115000000    5.175700000 2
|254> d 1
|255> 1      1.203000000   -1.816000000 2
|256> f 1
|257> 1      1.000000000    0.000000000 2
|258> end
|259> Mg>    2.00000000000   -4.22514382685    2.10958601912   -2.15285551818
|260> NewECP
|261> N_core 0
|262> lmax f
|263> s 1
|264> 1      1.732000000   14.676000000 2
|265> p 1
|266> 1      1.115000000    5.175700000 2
|267> d 1
|268> 1      1.203000000   -1.816000000 2
|269> f 1
|270> 1      1.000000000    0.000000000 2
|271> end
|272> Mg>    2.00000000000    2.10958601759   -4.22514384435   -2.15285551846
|273> NewECP
|274> N_core 0
|275> lmax f
|276> s 1
|277> 1      1.732000000   14.676000000 2
|278> p 1
|279> 1      1.115000000    5.175700000 2
|280> d 1
|281> 1      1.203000000   -1.816000000 2
|282> f 1
|283> 1      1.000000000    0.000000000 2
|284> end
|285> Mg>    2.00000000000    2.11010375813    2.11010375029   -4.28090065092
|286> NewECP
|287> N_core 0
|288> lmax f
|289> s 1
|290> 1      1.732000000   14.676000000 2
|291> p 1
|292> 1      1.115000000    5.175700000 2
|293> d 1
|294> 1      1.203000000   -1.816000000 2
|295> f 1
|296> 1      1.000000000    0.000000000 2
|297> end
|298> Mg>    2.00000000000   -2.11038976978    2.11010375029   -4.28090065092
|299> NewECP
|300> N_core 0
|301> lmax f
|302> s 1
|303> 1      1.732000000   14.676000000 2
|304> p 1
|305> 1      1.115000000    5.175700000 2
|306> d 1
|307> 1      1.203000000   -1.816000000 2
|308> f 1
|309> 1      1.000000000    0.000000000 2
|310> end
|311> Mg>    2.00000000000    2.11010375813   -2.11038977762   -4.28090065092
|312> NewECP
|313> N_core 0
|314> lmax f
|315> s 1
|316> 1      1.732000000   14.676000000 2
|317> p 1
|318> 1      1.115000000    5.175700000 2
|319> d 1
|320> 1      1.203000000   -1.816000000 2
|321> f 1
|322> 1      1.000000000    0.000000000 2
|323> end
|324> Mg>    2.00000000000   -2.11038976978   -2.11038977762   -4.28090065092
|325> NewECP
|326> N_core 0
|327> lmax f
|328> s 1
|329> 1      1.732000000   14.676000000 2
|330> p 1
|331> 1      1.115000000    5.175700000 2
|332> d 1
|333> 1      1.203000000   -1.816000000 2
|334> f 1
|335> 1      1.000000000    0.000000000 2
|336> end
|337> Mg>    2.00000000000    4.22040317114    4.22040315602   -0.04722869546
|338> NewECP
|339> N_core 0
|340> lmax f
|341> s 1
|342> 1      1.732000000   14.676000000 2
|343> p 1
|344> 1      1.115000000    5.175700000 2
|345> d 1
|346> 1      1.203000000   -1.816000000 2
|347> f 1
|348> 1      1.000000000    0.000000000 2
|349> end
|350> Mg>    2.00000000000   -4.22058388468    4.22040315602   -0.04722869546
|351> NewECP
|352> N_core 0
|353> lmax f
|354> s 1
|355> 1      1.732000000   14.676000000 2
|356> p 1
|357> 1      1.115000000    5.175700000 2
|358> d 1
|359> 1      1.203000000   -1.816000000 2
|360> f 1
|361> 1      1.000000000    0.000000000 2
|362> end
|363> Mg>    2.00000000000    4.22040317114   -4.22058389980   -0.04722869546
|364> NewECP
|365> N_core 0
|366> lmax f
|367> s 1
|368> 1      1.732000000   14.676000000 2
|369> p 1
|370> 1      1.115000000    5.175700000 2
|371> d 1
|372> 1      1.203000000   -1.816000000 2
|373> f 1
|374> 1      1.000000000    0.000000000 2
|375> end
|376> Mg>    2.00000000000   -0.00014300582    4.22035051425   -4.28090065092
|377> NewECP
|378> N_core 0
|379> lmax f
|380> s 1
|381> 1      1.732000000   14.676000000 2
|382> p 1
|383> 1      1.115000000    5.175700000 2
|384> d 1
|385> 1      1.203000000   -1.816000000 2
|386> f 1
|387> 1      1.000000000    0.000000000 2
|388> end
|389> Mg>    2.00000000000    4.22035052208   -0.00014301366   -4.28090065092
|390> NewECP
|391> N_core 0
|392> lmax f
|393> s 1
|394> 1      1.732000000   14.676000000 2
|395> p 1
|396> 1      1.115000000    5.175700000 2
|397> d 1
|398> 1      1.203000000   -1.816000000 2
|399> f 1
|400> 1      1.000000000    0.000000000 2
|401> end
|402> Mg>    2.00000000000   -0.00014300582   -4.22063654157   -4.28090065092
|403> NewECP
|404> N_core 0
|405> lmax f
|406> s 1
|407> 1      1.732000000   14.676000000 2
|408> p 1
|409> 1      1.115000000    5.175700000 2
|410> d 1
|411> 1      1.203000000   -1.816000000 2
|412> f 1
|413> 1      1.000000000    0.000000000 2
|414> end
|415> Mg>    2.00000000000   -4.22063653373   -0.00014301366   -4.28090065092
|416> NewECP
|417> N_core 0
|418> lmax f
|419> s 1
|420> 1      1.732000000   14.676000000 2
|421> p 1
|422> 1      1.115000000    5.175700000 2
|423> d 1
|424> 1      1.203000000   -1.816000000 2
|425> f 1
|426> 1      1.000000000    0.000000000 2
|427> end
|428> Mg>    2.00000000000    2.11321062525    6.32130037285   -0.05383437634
|429> NewECP
|430> N_core 0
|431> lmax f
|432> s 1
|433> 1      1.732000000   14.676000000 2
|434> p 1
|435> 1      1.115000000    5.175700000 2
|436> d 1
|437> 1      1.203000000   -1.816000000 2
|438> f 1
|439> 1      1.000000000    0.000000000 2
|440> end
|441> Mg>    2.00000000000    6.32130037263    2.11321061163   -0.05383437085
|442> NewECP
|443> N_core 0
|444> lmax f
|445> s 1
|446> 1      1.732000000   14.676000000 2
|447> p 1
|448> 1      1.115000000    5.175700000 2
|449> d 1
|450> 1      1.203000000   -1.816000000 2
|451> f 1
|452> 1      1.000000000    0.000000000 2
|453> end
|454> Mg>    2.00000000000   -2.11044233492    6.33054470570   -0.04722881228
|455> NewECP
|456> N_core 0
|457> lmax f
|458> s 1
|459> 1      1.732000000   14.676000000 2
|460> p 1
|461> 1      1.115000000    5.175700000 2
|462> d 1
|463> 1      1.203000000   -1.816000000 2
|464> f 1
|465> 1      1.000000000    0.000000000 2
|466> end
|467> Mg>    2.00000000000    6.33054472089   -2.11044235012   -0.04722881228
|468> NewECP
|469> N_core 0
|470> lmax f
|471> s 1
|472> 1      1.732000000   14.676000000 2
|473> p 1
|474> 1      1.115000000    5.175700000 2
|475> d 1
|476> 1      1.203000000   -1.816000000 2
|477> f 1
|478> 1      1.000000000    0.000000000 2
|479> end
|480> Mg>    2.00000000000   -6.33102633355    2.10996072077   -0.01625169924
|481> NewECP
|482> N_core 0
|483> lmax f
|484> s 1
|485> 1      1.732000000   14.676000000 2
|486> p 1
|487> 1      1.115000000    5.175700000 2
|488> d 1
|489> 1      1.203000000   -1.816000000 2
|490> f 1
|491> 1      1.000000000    0.000000000 2
|492> end
|493> Mg>    2.00000000000    2.10996072227   -6.33102633505   -0.01625169924
|494> NewECP
|495> N_core 0
|496> lmax f
|497> s 1
|498> 1      1.732000000   14.676000000 2
|499> p 1
|500> 1      1.115000000    5.175700000 2
|501> d 1
|502> 1      1.203000000   -1.816000000 2
|503> f 1
|504> 1      1.000000000    0.000000000 2
|505> end
|506> Mg>    2.00000000000   -6.33212221819    0.00109590796   -2.15900548335
|507> NewECP
|508> N_core 0
|509> lmax f
|510> s 1
|511> 1      1.732000000   14.676000000 2
|512> p 1
|513> 1      1.115000000    5.175700000 2
|514> d 1
|515> 1      1.203000000   -1.816000000 2
|516> f 1
|517> 1      1.000000000    0.000000000 2
|518> end
|519> Mg>    2.00000000000    0.00109590943   -6.33212224580   -2.15900547114
|520> NewECP
|521> N_core 0
|522> lmax f
|523> s 1
|524> 1      1.732000000   14.676000000 2
|525> p 1
|526> 1      1.115000000    5.175700000 2
|527> d 1
|528> 1      1.203000000   -1.816000000 2
|529> f 1
|530> 1      1.000000000    0.000000000 2
|531> end
|532> Mg>    2.00000000000    0.00037486854    6.33510463122   -2.15285603944
|533> NewECP
|534> N_core 0
|535> lmax f
|536> s 1
|537> 1      1.732000000   14.676000000 2
|538> p 1
|539> 1      1.115000000    5.175700000 2
|540> d 1
|541> 1      1.203000000   -1.816000000 2
|542> f 1
|543> 1      1.000000000    0.000000000 2
|544> end
|545> Mg>    2.00000000000    6.33510463855    0.00037486387   -2.15285604006
|546> NewECP
|547> N_core 0
|548> lmax f
|549> s 1
|550> 1      1.732000000   14.676000000 2
|551> p 1
|552> 1      1.115000000    5.175700000 2
|553> d 1
|554> 1      1.203000000   -1.816000000 2
|555> f 1
|556> 1      1.000000000    0.000000000 2
|557> end
|558> Mg>    2.00000000000    4.22035052208    4.22035051425   -4.28090065092
|559> NewECP
|560> N_core 0
|561> lmax f
|562> s 1
|563> 1      1.732000000   14.676000000 2
|564> p 1
|565> 1      1.115000000    5.175700000 2
|566> d 1
|567> 1      1.203000000   -1.816000000 2
|568> f 1
|569> 1      1.000000000    0.000000000 2
|570> end
|571> Mg>    2.00000000000   -4.22063653373    4.22035051425   -4.28090065092
|572> NewECP
|573> N_core 0
|574> lmax f
|575> s 1
|576> 1      1.732000000   14.676000000 2
|577> p 1
|578> 1      1.115000000    5.175700000 2
|579> d 1
|580> 1      1.203000000   -1.816000000 2
|581> f 1
|582> 1      1.000000000    0.000000000 2
|583> end
|584> Mg>    2.00000000000    4.22035052208   -4.22063654157   -4.28090065092
|585> NewECP
|586> N_core 0
|587> lmax f
|588> s 1
|589> 1      1.732000000   14.676000000 2
|590> p 1
|591> 1      1.115000000    5.175700000 2
|592> d 1
|593> 1      1.203000000   -1.816000000 2
|594> f 1
|595> 1      1.000000000    0.000000000 2
|596> end
|597> Mg>    2.00000000000   -6.33140103823    4.21584321146   -2.15285551846
|598> NewECP
|599> N_core 0
|600> lmax f
|601> s 1
|602> 1      1.732000000   14.676000000 2
|603> p 1
|604> 1      1.115000000    5.175700000 2
|605> d 1
|606> 1      1.203000000   -1.816000000 2
|607> f 1
|608> 1      1.000000000    0.000000000 2
|609> end
|610> Mg>    2.00000000000    4.21584322897   -6.33140103670   -2.15285551818
|611> NewECP
|612> N_core 0
|613> lmax f
|614> s 1
|615> 1      1.732000000   14.676000000 2
|616> p 1
|617> 1      1.115000000    5.175700000 2
|618> d 1
|619> 1      1.203000000   -1.816000000 2
|620> f 1
|621> 1      1.000000000    0.000000000 2
|622> end
|623> Mg>    2.00000000000   -4.22009701312    6.33005766863   -2.15562590910
|624> NewECP
|625> N_core 0
|626> lmax f
|627> s 1
|628> 1      1.732000000   14.676000000 2
|629> p 1
|630> 1      1.115000000    5.175700000 2
|631> d 1
|632> 1      1.203000000   -1.816000000 2
|633> f 1
|634> 1      1.000000000    0.000000000 2
|635> end
|636> Mg>    2.00000000000    6.33005767115   -4.22009701657   -2.15562590162
|637> NewECP
|638> N_core 0
|639> lmax f
|640> s 1
|641> 1      1.732000000   14.676000000 2
|642> p 1
|643> 1      1.115000000    5.175700000 2
|644> d 1
|645> 1      1.203000000   -1.816000000 2
|646> f 1
|647> 1      1.000000000    0.000000000 2
|648> end
|649> Mg>    2.00000000000    4.22089004270    6.33005766863   -2.15562590910
|650> NewECP
|651> N_core 0
|652> lmax f
|653> s 1
|654> 1      1.732000000   14.676000000 2
|655> p 1
|656> 1      1.115000000    5.175700000 2
|657> d 1
|658> 1      1.203000000   -1.816000000 2
|659> f 1
|660> 1      1.000000000    0.000000000 2
|661> end
|662> Mg>    2.00000000000    6.33005767115    4.22089003925   -2.15562590162
|663> NewECP
|664> N_core 0
|665> lmax f
|666> s 1
|667> 1      1.732000000   14.676000000 2
|668> p 1
|669> 1      1.115000000    5.175700000 2
|670> d 1
|671> 1      1.203000000   -1.816000000 2
|672> f 1
|673> 1      1.000000000    0.000000000 2
|674> end
|675> Mg>    2.00000000000    2.11010375813    6.33059727820   -4.28090065092
|676> NewECP
|677> N_core 0
|678> lmax f
|679> s 1
|680> 1      1.732000000   14.676000000 2
|681> p 1
|682> 1      1.115000000    5.175700000 2
|683> d 1
|684> 1      1.203000000   -1.816000000 2
|685> f 1
|686> 1      1.000000000    0.000000000 2
|687> end
|688> Mg>    2.00000000000    6.33059728604    2.11010375029   -4.28090065092
|689> NewECP
|690> N_core 0
|691> lmax f
|692> s 1
|693> 1      1.732000000   14.676000000 2
|694> p 1
|695> 1      1.115000000    5.175700000 2
|696> d 1
|697> 1      1.203000000   -1.816000000 2
|698> f 1
|699> 1      1.000000000    0.000000000 2
|700> end
|701> Mg>    2.00000000000   -2.11038976978    6.33059727820   -4.28090065092
|702> NewECP
|703> N_core 0
|704> lmax f
|705> s 1
|706> 1      1.732000000   14.676000000 2
|707> p 1
|708> 1      1.115000000    5.175700000 2
|709> d 1
|710> 1      1.203000000   -1.816000000 2
|711> f 1
|712> 1      1.000000000    0.000000000 2
|713> end
|714> Mg>    2.00000000000    6.33059728604   -2.11038977762   -4.28090065092
|715> NewECP
|716> N_core 0
|717> lmax f
|718> s 1
|719> 1      1.732000000   14.676000000 2
|720> p 1
|721> 1      1.115000000    5.175700000 2
|722> d 1
|723> 1      1.203000000   -1.816000000 2
|724> f 1
|725> 1      1.000000000    0.000000000 2
|726> end
|727> Mg>    2.00000000000    0.00000000000    8.44098705582   -0.01625213318
|728> NewECP
|729> N_core 0
|730> lmax f
|731> s 1
|732> 1      1.732000000   14.676000000 2
|733> p 1
|734> 1      1.115000000    5.175700000 2
|735> d 1
|736> 1      1.203000000   -1.816000000 2
|737> f 1
|738> 1      1.000000000    0.000000000 2
|739> end
|740> Mg>    2.00000000000    8.44098705582    0.00000000000   -0.01625213318
|741> NewECP
|742> N_core 0
|743> lmax f
|744> s 1
|745> 1      1.732000000   14.676000000 2
|746> p 1
|747> 1      1.115000000    5.175700000 2
|748> d 1
|749> 1      1.203000000   -1.816000000 2
|750> f 1
|751> 1      1.000000000    0.000000000 2
|752> end
|753> Mg>    2.00000000000   -2.10588241726    8.44136191969   -2.15285604006
|754> NewECP
|755> N_core 0
|756> lmax f
|757> s 1
|758> 1      1.732000000   14.676000000 2
|759> p 1
|760> 1      1.115000000    5.175700000 2
|761> d 1
|762> 1      1.203000000   -1.816000000 2
|763> f 1
|764> 1      1.000000000    0.000000000 2
|765> end
|766> Mg>    2.00000000000    8.44136192436   -2.10588242460   -2.15285603944
|767> NewECP
|768> N_core 0
|769> lmax f
|770> s 1
|771> 1      1.732000000   14.676000000 2
|772> p 1
|773> 1      1.115000000    5.175700000 2
|774> d 1
|775> 1      1.203000000   -1.816000000 2
|776> f 1
|777> 1      1.000000000    0.000000000 2
|778> end
|779> Mg>    2.00000000000    2.10886483763    8.44208296377   -2.15900548335
|780> NewECP
|781> N_core 0
|782> lmax f
|783> s 1
|784> 1      1.732000000   14.676000000 2
|785> p 1
|786> 1      1.115000000    5.175700000 2
|787> d 1
|788> 1      1.203000000   -1.816000000 2
|789> f 1
|790> 1      1.000000000    0.000000000 2
|791> end
|792> Mg>    2.00000000000    8.44208296525    2.10886481001   -2.15900547114
|793> NewECP
|794> N_core 0
|795> lmax f
|796> s 1
|797> 1      1.732000000   14.676000000 2
|798> p 1
|799> 1      1.115000000    5.175700000 2
|800> d 1
|801> 1      1.203000000   -1.816000000 2
|802> f 1
|803> 1      1.000000000    0.000000000 2
|804> end
|805>   end
|806> endd                         ****END OF INPUT****
================================================================================
----------------
TOTAL SCF ENERGY
----------------

Total Energy       :        -2933.61021192 Eh          -79827.59222 eV

Components:
Nuclear Repulsion  :         3254.02419740 Eh           88546.50003 eV
Electronic Energy  :        -6187.63440932 Eh         -168374.09225 eV
One Electron Energy:       -10846.16042176 Eh         -295139.02965 eV
Two Electron Energy:         4658.52601244 Eh          126764.93740 eV
Max COSX asymmetry :            0.00009665 Eh               0.00263 eV

Virial components:
Potential Energy   :        -5481.71190603 Eh         -149164.96436 eV
Kinetic Energy     :         2548.10169411 Eh           69337.37214 eV
Virial Ratio       :            2.15129244

--------------------Output has been truncated-------------------------


--------------------Output has been truncated-------------------------


--------------------Output has been truncated-------------------------


--------------------Output has been truncated-------------------------


--------------------Output has been truncated-------------------------


--------------------Output has been truncated-------------------------


--------------------Output has been truncated-------------------------


--------------------Output has been truncated-------------------------


--------------------Output has been truncated-------------------------


--------------------Output has been truncated-------------------------


-----------------------------------------------
 RI-MP2 CORRELATION ENERGY:     -4.115354662 Eh
-----------------------------------------------
---------------------------------------
MP2 TOTAL ENERGY:    -2937.725566580 Eh
---------------------------------------

Maximum memory used throughout the entire MP2-calculation: 288.3 MB

-------------------------   --------------------
FINAL SINGLE POINT ENERGY     -2937.725566580055
-------------------------   --------------------
