 **********************************************************************
                          MRCC program system
 **********************************************************************
 
                              Written by
     Mihaly Kallay, Peter R. Nagy, David Mester, Laszlo Gyevi-Nagy,
        Jozsef Csoka, P. Bernat Szabo, Zoltan Rolik, Gyula Samu,
     Jozsef Csontos, Bence Hegely, Adam Ganyecz, Istvan Ladjanszki,
       Lorant Szegedy, Bence Ladoczki, Klara Petrov, Mate Farkas,
                    Pal D. Mezei, and Reka A. Horvath
 
        Department of Physical Chemistry and Materials Science
            Budapest University of Technology and Economics
                  Budapest P.O.Box 91, H-1521 Hungary
 
                              www.mrcc.hu
 
                      Release date: March 18, 2022

 ************************ 2023-02-04 11:43:22 *************************
 Executing minp...

 Reading input from MINP...
 
 Input file:
 
calc=FNO-CCSD(T)
verbosity=3
mem=220GB
unit=angs
scfiguess=small
scfalg=locfit1
ccmaxit=400
ccsdalg=dfdirect
ccsdthreads=4
ccsdmkl=thr
ptthreads=4
lnoepsv=1e-5
naf_cor=1e-2
basis=aug-cc-pVQZ
basis_sm=def2-SVP
dfbasis_scf=def2-QZVPP-RI-JK
dfbasis_cor=aug-cc-pVQZ-RI
unit=angs
geom=xyz
10

C    29.54344629    29.54344629    16.97505516
H    29.54344670    30.44187631    17.60392580
H    29.54344662    28.64496649    17.60393442
H    30.44658454    29.54342777    16.34911135
H    28.64030918    29.54342779    16.34911130
C    37.98440048    33.76390703    16.97524142
H    37.08590860    33.76390727    17.60416815
H    38.88294233    33.76390723    17.60417697
H    37.98441903    32.86110881    16.34882759
H    37.98441909    34.66670636    16.34882843

--------------------Output has been truncated-------------------------


--------------------Output has been truncated-------------------------


--------------------Output has been truncated-------------------------


--------------------Output has been truncated-------------------------


--------------------Output has been truncated-------------------------


--------------------Output has been truncated-------------------------


--------------------Output has been truncated-------------------------


--------------------Output has been truncated-------------------------


--------------------Output has been truncated-------------------------


--------------------Output has been truncated-------------------------


 
 Reference energy [au]:                       -40.215614218667
 DF-MP2 singlet pair energy [au]:              -0.173753038538
 DF-MP2 triplet pair energy [au]:              -0.037498378809
 DF-SCS-MP2 correlation energy [au]:           -0.221003105849
 DF-SCS-MP2 energy [au]:                      -40.436617324516
 DF-SOS-MP2 correlation energy [au]:           -0.225878950100
 DF-SOS-MP2 energy [au]:                      -40.441493168767
 DF-MP2 correlation energy [au]:               -0.211251417348
 DF-MP2 energy [au]:                          -40.426865636015

 Results in FNO basis:
 
 
 Reference energy [au]:                       -40.215614218667
 DF-MP2 singlet pair energy [au]:              -0.170618279142
 DF-MP2 triplet pair energy [au]:              -0.037357069859
 DF-SCS-MP2 correlation energy [au]:           -0.217194291590
 DF-SCS-MP2 energy [au]:                      -40.432808510258
 DF-SOS-MP2 correlation energy [au]:           -0.221803762885
 DF-SOS-MP2 energy [au]:                      -40.437417981552
 DF-MP2 correlation energy [au]:               -0.207975349001
 DF-MP2 energy [au]:                          -40.423589567668

 Results in NAF basis:
 
 
 Reference energy [au]:                       -40.215614218667
 DF-MP2 singlet pair energy [au]:              -0.170600687033
 DF-MP2 triplet pair energy [au]:              -0.037363744373
 DF-SCS-MP2 correlation energy [au]:           -0.217175405897
 DF-SCS-MP2 energy [au]:                      -40.432789624564
 DF-SOS-MP2 correlation energy [au]:           -0.221780893142
 DF-SOS-MP2 energy [au]:                      -40.437395111810
 DF-MP2 correlation energy [au]:               -0.207964431406
 DF-MP2 energy [au]:                          -40.423578650073

 ************************ 2023-02-04 11:43:58 *************************
 Executing ccsd...

 Allocation of 220.0 Gbytes of memory...

 Direct DF-CCSD(T) calculation
 
 Convergence criterion:  1.0E-06
 
 Number of occupied/virtual/auxiliary orbitals:     4   101   320
    163.36 MB is the minimal memory requirement for (T)
     39.40 MB is the minimal memory requirement for CCSD
 
 Reference energy [au]:             -40.215614218667
 T1 contribution [au]:                0.000000000000
 Same spin MP2 energy [au]:          -0.037360402662
 Opposite spin MP2 energy [au]:      -0.170609473269
 MP2 correlation energy [au]:        -0.207969875932
 Total MP2 energy [au]:             -40.423584094599
 MP2 correction [au]:                -0.003281541416
 
 
 CPU time [min]:     0.176                   Wall time [min]:     0.008
 
 Starting CCSD iterations...
 
                     Residual norm          Energy
 Iteration  1        0.138680831570      -40.436529041866
 Iteration  2        0.035376085027      -40.442052591897
 Iteration  3        0.009771749802      -40.442635313603
 Iteration  4        0.002020927567      -40.442639812903
 Iteration  5        0.000374898040      -40.442646323740
 Iteration  6        0.000084797863      -40.442646200501
 Iteration  7        0.000020223500      -40.442646890533
 Iteration  8        0.000003738682      -40.442646947481
 
 CCSD iteration has converged in  8 steps.
      444.29 MB memory was utilized by CCSD
 
 T1 diagnostic:      7.996E-03            D1 diagnostic:      1.292E-02
 
 T1 contribution [au]:                                  0.000000000000
 PPL energy contribution [au]:                          0.060602236948
 Scaled PPL energy contribution [au]:                   0.061559067556

 OS-PPL energy contribution [au]:                       0.053773740990
 Scaled OS-PPL energy contribution [au]:                0.054766830079
 SS-PPL energy contribution [au]:                       0.006828495957
 Scaled SS-PPL energy contribution [au]:                0.006852799093

 Opposite spin CCSD energy [au]:                       -0.191003469741
 Same spin CCSD energy [au]:                           -0.036036035804
 CCSD correlation energy [au]:                         -0.227039505545
 CCSD correlation energy + MP2 correction [au]:        -0.230321046961
 CCSD correlation energy + MP2 + PPL corr. [au]:       -0.229364216353
 Total CCSD energy [au]:                              -40.442653724213
 Total CCSD energy + MP2 correction [au]:             -40.445935265629
 Total CCSD energy + MP2 + PPL corr. [au]:            -40.444978435020
 
 CPU time [min]:     0.912                   Wall time [min]:     0.029
 
 Calculation of (T) correction...
 
 
      124.68 MB memory is utilized for (T)

 0%       25%       50%       75%       100%
 |---------|---------|---------|---------| 
 
 (T) correction [au]:                                    -0.006941739424
 (T*) correction [au]:                                   -0.007051272621
 (T+) correction [au]:                                   -0.007050866316
 CCSD(T) correlation energy [au]:                        -0.233981244969
 CCSD(T) correlation energy + MP2 correction [au]:       -0.237262786385
 CCSD(T+) correlation en. + MP2 + PPL corr. [au]:        -0.236415082669
 Total CCSD(T) energy [au]:                             -40.449595463636
 Total CCSD(T) energy + MP2 correction [au]:            -40.452877005052
 Total CCSD(T+) energy + MP2 + PPL corr. [au]:          -40.452029301336
 
 CPU time [min]:     0.995                   Wall time [min]:     0.031
 
 ************************ 2023-02-04 11:44:00 *************************
                      Normal termination of mrcc.
 **********************************************************************
