 **********************************************************************
                          MRCC program system
 **********************************************************************
 
                              Written by
     Mihaly Kallay, Peter R. Nagy, David Mester, Laszlo Gyevi-Nagy,
        Jozsef Csoka, P. Bernat Szabo, Zoltan Rolik, Gyula Samu,
     Jozsef Csontos, Bence Hegely, Adam Ganyecz, Istvan Ladjanszki,
       Lorant Szegedy, Bence Ladoczki, Klara Petrov, Mate Farkas,
                    Pal D. Mezei, and Reka A. Horvath
 
        Department of Physical Chemistry and Materials Science
            Budapest University of Technology and Economics
                  Budapest P.O.Box 91, H-1521 Hungary
 
                              www.mrcc.hu
 
                      Release date: March 18, 2022

 ************************ 2023-02-05 13:27:04 *************************
 Executing minp...

 Reading input from MINP...
 
 Input file:
 
calc=FNO-CCSD(T)
verbosity=3
mem=220GB
unit=angs
scfiguess=small
scfalg=locfit1
ccmaxit=400
ccsdalg=dfdirect
ccsdthreads=4
ccsdmkl=thr
ptthreads=4
lnoepsv=1e-5
naf_cor=1e-2
basis=aug-cc-pVQZ
basis_sm=def2-SVP
dfbasis_scf=def2-QZVPP-RI-JK
dfbasis_cor=aug-cc-pVQZ-RI
unit=angs
geom=xyz
16

C    34.41670262    34.07107264    10.41543014
C    33.11117461    33.45680459    10.91530835
H    34.24160149    35.00442132     9.86225048
H    34.94674030    33.36940783     9.75379242
H    35.10002891    34.30603621    11.24227357
H    32.42643037    33.26105434    10.07939442
H    32.59136835    34.12756100    11.61262818
H    33.28915165    32.50678735    11.43686767
C    20.41949921    48.84299654    10.40841099
C    21.71921719    48.22916242    10.92356869
H    19.89425880    48.13879085     9.74571409
H    20.60153508    49.77393588     9.85291346
H    19.72847188    49.08363081    11.22702485
H    22.41305761    48.03252119    10.09551480
H    21.53497697    47.27964286    11.44396498
H    22.23133663    48.90070429    11.62587494

--------------------Output has been truncated-------------------------


--------------------Output has been truncated-------------------------


--------------------Output has been truncated-------------------------


--------------------Output has been truncated-------------------------


--------------------Output has been truncated-------------------------


--------------------Output has been truncated-------------------------


--------------------Output has been truncated-------------------------


--------------------Output has been truncated-------------------------


--------------------Output has been truncated-------------------------


--------------------Output has been truncated-------------------------


 
 Reference energy [au]:                       -79.264437034744
 DF-MP2 singlet pair energy [au]:              -0.317722285125
 DF-MP2 triplet pair energy [au]:              -0.076906317668
 DF-SCS-MP2 correlation energy [au]:           -0.406902181373
 DF-SCS-MP2 energy [au]:                      -79.671339216117
 DF-SOS-MP2 correlation energy [au]:           -0.413038970663
 DF-SOS-MP2 energy [au]:                      -79.677476005407
 DF-MP2 correlation energy [au]:               -0.394628602793
 DF-MP2 energy [au]:                          -79.659065637537

 Results in FNO basis:
 
 
 Reference energy [au]:                       -79.264437034744
 DF-MP2 singlet pair energy [au]:              -0.312548724997
 DF-MP2 triplet pair energy [au]:              -0.076620436649
 DF-SCS-MP2 correlation energy [au]:           -0.400598615546
 DF-SCS-MP2 energy [au]:                      -79.665035650291
 DF-SOS-MP2 correlation energy [au]:           -0.406313342497
 DF-SOS-MP2 energy [au]:                      -79.670750377241
 DF-MP2 correlation energy [au]:               -0.389169161646
 DF-MP2 energy [au]:                          -79.653606196390

 Results in NAF basis:
 
 
 Reference energy [au]:                       -79.264437034744
 DF-MP2 singlet pair energy [au]:              -0.312527762833
 DF-MP2 triplet pair energy [au]:              -0.076628443123
 DF-SCS-MP2 correlation energy [au]:           -0.400576129774
 DF-SCS-MP2 energy [au]:                      -79.665013164518
 DF-SOS-MP2 correlation energy [au]:           -0.406286091683
 DF-SOS-MP2 energy [au]:                      -79.670723126427
 DF-MP2 correlation energy [au]:               -0.389156205956
 DF-MP2 energy [au]:                          -79.653593240700

 ************************ 2023-02-05 13:28:25 *************************
 Executing ccsd...

 Allocation of 220.0 Gbytes of memory...

 Direct DF-CCSD(T) calculation
 
 Convergence criterion:  1.0E-06
 
 Number of occupied/virtual/auxiliary orbitals:     7   175   551
    851.32 MB is the minimal memory requirement for (T)
    190.43 MB is the minimal memory requirement for CCSD
 
 Reference energy [au]:             -79.264437034744
 T1 contribution [au]:                0.000000000000
 Same spin MP2 energy [au]:          -0.076624437323
 Opposite spin MP2 energy [au]:      -0.312538239208
 MP2 correlation energy [au]:        -0.389162676531
 Total MP2 energy [au]:             -79.653599711275
 MP2 correction [au]:                -0.005465926262
 
 
 CPU time [min]:     0.404                   Wall time [min]:     0.052
 
 Starting CCSD iterations...
 
                     Residual norm          Energy
 Iteration  1        0.179604451547      -79.671512651290
 Iteration  2        0.044511313370      -79.681094815941
 Iteration  3        0.013089807931      -79.682230540142
 Iteration  4        0.002650290362      -79.682237762873
 Iteration  5        0.000560968410      -79.682243628118
 Iteration  6        0.000156931322      -79.682245678971
 Iteration  7        0.000037096210      -79.682245453917
 Iteration  8        0.000009998712      -79.682245817805
 
 CCSD iteration has converged in  8 steps.
     3804.92 MB memory was utilized by CCSD
 
 T1 diagnostic:      8.231E-03            D1 diagnostic:      1.428E-02
 
 T1 contribution [au]:                                  0.000000000000
 PPL energy contribution [au]:                          0.108935363632
 Scaled PPL energy contribution [au]:                   0.110475084445

 OS-PPL energy contribution [au]:                       0.095542156618
 Scaled OS-PPL energy contribution [au]:                0.097137059459
 SS-PPL energy contribution [au]:                       0.013393207014
 Scaled SS-PPL energy contribution [au]:                0.013441284037

 Opposite spin CCSD energy [au]:                       -0.345140098481
 Same spin CCSD energy [au]:                           -0.072676437375
 CCSD correlation energy [au]:                         -0.417816535856
 CCSD correlation energy + MP2 correction [au]:        -0.423282462118
 CCSD correlation energy + MP2 + PPL corr. [au]:       -0.421742741306
 Total CCSD energy [au]:                              -79.682253570601
 Total CCSD energy + MP2 correction [au]:             -79.687719496863
 Total CCSD energy + MP2 + PPL corr. [au]:            -79.686179776050
 
 CPU time [min]:     6.784                   Wall time [min]:     0.248
 
 Calculation of (T) correction...
 
 
      783.34 MB memory is utilized for (T)

 0%       25%       50%       75%       100%
 |---------|---------|---------|---------| 
 
 (T) correction [au]:                                    -0.014762651718
 (T*) correction [au]:                                   -0.014969998338
 (T+) correction [au]:                                   -0.014966466906
 CCSD(T) correlation energy [au]:                        -0.432579187574
 CCSD(T) correlation energy + MP2 correction [au]:       -0.438045113836
 CCSD(T+) correlation en. + MP2 + PPL corr. [au]:        -0.436709208211
 Total CCSD(T) energy [au]:                             -79.697016222318
 Total CCSD(T) energy + MP2 correction [au]:            -79.702482148581
 Total CCSD(T+) energy + MP2 + PPL corr. [au]:          -79.701146242956
 
 CPU time [min]:     8.499                   Wall time [min]:     0.305
 
 ************************ 2023-02-05 13:28:44 *************************
                      Normal termination of mrcc.
 **********************************************************************
