 **********************************************************************
                          MRCC program system
 **********************************************************************
 
                              Written by
     Mihaly Kallay, Peter R. Nagy, David Mester, Laszlo Gyevi-Nagy,
        Jozsef Csoka, P. Bernat Szabo, Zoltan Rolik, Gyula Samu,
     Jozsef Csontos, Bence Hegely, Adam Ganyecz, Istvan Ladjanszki,
       Lorant Szegedy, Bence Ladoczki, Klara Petrov, Mate Farkas,
                    Pal D. Mezei, and Reka A. Horvath
 
        Department of Physical Chemistry and Materials Science
            Budapest University of Technology and Economics
                  Budapest P.O.Box 91, H-1521 Hungary
 
                              www.mrcc.hu
 
                      Release date: March 18, 2022

 ************************ 2023-02-04 11:46:09 *************************
 Executing minp...

 Reading input from MINP...
 
 Input file:
 
calc=FNO-CCSD(T)
verbosity=3
mem=220GB
unit=angs
scfiguess=small
scfalg=locfit1
ccmaxit=400
ccsdalg=dfdirect
ccsdthreads=4
ccsdmkl=thr
ptthreads=4
lnoepsv=1e-5
naf_cor=1e-2
basis=aug-cc-pVTZ
basis_sm=def2-SVP
dfbasis_scf=def2-QZVPP-RI-JK
dfbasis_cor=aug-cc-pVTZ-RI
unit=angs
geom=xyz
10

C    29.54344629    29.54344629    16.97505516
H    29.54344670    30.44187631    17.60392580
H    29.54344662    28.64496649    17.60393442
H    30.44658454    29.54342777    16.34911135
H    28.64030918    29.54342779    16.34911130
C    33.76390794    12.66144544    16.97521401
H    32.86548827    12.66144564    17.60422237
H    33.76392673    13.56423330    16.34882774
H    33.76392671    11.75865866    16.34882693
H    34.66237815    12.66144561    17.60423123

--------------------Output has been truncated-------------------------


--------------------Output has been truncated-------------------------


--------------------Output has been truncated-------------------------


--------------------Output has been truncated-------------------------


--------------------Output has been truncated-------------------------


--------------------Output has been truncated-------------------------


--------------------Output has been truncated-------------------------


--------------------Output has been truncated-------------------------


--------------------Output has been truncated-------------------------


--------------------Output has been truncated-------------------------


 
 Reference energy [au]:                       -40.213014007175
 DF-MP2 singlet pair energy [au]:              -0.164418775948
 DF-MP2 triplet pair energy [au]:              -0.036594509226
 DF-SCS-MP2 correlation energy [au]:           -0.209500700880
 DF-SCS-MP2 energy [au]:                      -40.422514708055
 DF-SOS-MP2 correlation energy [au]:           -0.213744408732
 DF-SOS-MP2 energy [au]:                      -40.426758415908
 DF-MP2 correlation energy [au]:               -0.201013285174
 DF-MP2 energy [au]:                          -40.414027292349

 Results in FNO basis:
 
 
 Reference energy [au]:                       -40.213014007175
 DF-MP2 singlet pair energy [au]:              -0.163768538549
 DF-MP2 triplet pair energy [au]:              -0.036550753704
 DF-SCS-MP2 correlation energy [au]:           -0.208705830827
 DF-SCS-MP2 energy [au]:                      -40.421719838003
 DF-SOS-MP2 correlation energy [au]:           -0.212899100114
 DF-SOS-MP2 energy [au]:                      -40.425913107290
 DF-MP2 correlation energy [au]:               -0.200319292254
 DF-MP2 energy [au]:                          -40.413333299429

 Results in NAF basis:
 
 
 Reference energy [au]:                       -40.213014007175
 DF-MP2 singlet pair energy [au]:              -0.163734265810
 DF-MP2 triplet pair energy [au]:              -0.036570032077
 DF-SCS-MP2 correlation energy [au]:           -0.208671129665
 DF-SCS-MP2 energy [au]:                      -40.421685136840
 DF-SOS-MP2 correlation energy [au]:           -0.212854545554
 DF-SOS-MP2 energy [au]:                      -40.425868552729
 DF-MP2 correlation energy [au]:               -0.200304297888
 DF-MP2 energy [au]:                          -40.413318305063

 ************************ 2023-02-04 11:46:25 *************************
 Executing ccsd...

 Allocation of 220.0 Gbytes of memory...

 Direct DF-CCSD(T) calculation
 
 Convergence criterion:  1.0E-06
 
 Number of occupied/virtual/auxiliary orbitals:     4    83   221
     89.04 MB is the minimal memory requirement for (T)
     22.38 MB is the minimal memory requirement for CCSD
 
 Reference energy [au]:             -40.213014007175
 T1 contribution [au]:                0.000000000000
 Same spin MP2 energy [au]:          -0.036560365511
 Opposite spin MP2 energy [au]:      -0.163751320639
 MP2 correlation energy [au]:        -0.200311686149
 Total MP2 energy [au]:             -40.413325693325
 MP2 correction [au]:                -0.000701599025
 
 
 CPU time [min]:     0.062                   Wall time [min]:     0.004
 
 Starting CCSD iterations...
 
                     Residual norm          Energy
 Iteration  1        0.131886662165      -40.427793496595
 Iteration  2        0.033754329743      -40.433316472162
 Iteration  3        0.008181264771      -40.433782587003
 Iteration  4        0.001913828225      -40.433785189882
 Iteration  5        0.000362932774      -40.433792239525
 Iteration  6        0.000073614125      -40.433792372556
 Iteration  7        0.000017727601      -40.433792977769
 Iteration  8        0.000003099781      -40.433792995454
 
 CCSD iteration has converged in  8 steps.
      207.43 MB memory was utilized by CCSD
 
 T1 diagnostic:      7.475E-03            D1 diagnostic:      1.210E-02
 
 T1 contribution [au]:                                  0.000000000000
 PPL energy contribution [au]:                          0.057486885568
 Scaled PPL energy contribution [au]:                   0.057689913405

 OS-PPL energy contribution [au]:                       0.050871915669
 Scaled OS-PPL energy contribution [au]:                0.051084049911
 SS-PPL energy contribution [au]:                       0.006614969899
 Scaled SS-PPL energy contribution [au]:                0.006619533385

 Opposite spin CCSD energy [au]:                       -0.185468100219
 Same spin CCSD energy [au]:                           -0.035322322481
 CCSD correlation energy [au]:                         -0.220790422700
 CCSD correlation energy + MP2 correction [au]:        -0.221492021725
 CCSD correlation energy + MP2 + PPL corr. [au]:       -0.221288993888
 Total CCSD energy [au]:                              -40.433804429876
 Total CCSD energy + MP2 correction [au]:             -40.434506028900
 Total CCSD energy + MP2 + PPL corr. [au]:            -40.434303001064
 
 CPU time [min]:     0.387                   Wall time [min]:     0.013
 
 Calculation of (T) correction...
 
 
       67.65 MB memory is utilized for (T)

 0%       25%       50%       75%       100%
 |---------|---------|---------|---------| 
 
 (T) correction [au]:                                    -0.006568652039
 (T*) correction [au]:                                   -0.006591658984
 (T+) correction [au]:                                   -0.006591679138
 CCSD(T) correlation energy [au]:                        -0.227359074739
 CCSD(T) correlation energy + MP2 correction [au]:       -0.228060673764
 CCSD(T+) correlation en. + MP2 + PPL corr. [au]:        -0.227880673026
 Total CCSD(T) energy [au]:                             -40.440373081915
 Total CCSD(T) energy + MP2 correction [au]:            -40.441074680939
 Total CCSD(T+) energy + MP2 + PPL corr. [au]:          -40.440894680201
 
 CPU time [min]:     0.454                   Wall time [min]:     0.015
 
 ************************ 2023-02-04 11:46:26 *************************
                      Normal termination of mrcc.
 **********************************************************************
