 **********************************************************************
                          MRCC program system
 **********************************************************************
 
                              Written by
     Mihaly Kallay, Peter R. Nagy, David Mester, Laszlo Gyevi-Nagy,
        Jozsef Csoka, P. Bernat Szabo, Zoltan Rolik, Gyula Samu,
     Jozsef Csontos, Bence Hegely, Adam Ganyecz, Istvan Ladjanszki,
       Lorant Szegedy, Bence Ladoczki, Klara Petrov, Mate Farkas,
                    Pal D. Mezei, and Reka A. Horvath
 
        Department of Physical Chemistry and Materials Science
            Budapest University of Technology and Economics
                  Budapest P.O.Box 91, H-1521 Hungary
 
                              www.mrcc.hu
 
                      Release date: March 18, 2022

 ************************ 2023-02-04 11:43:22 *************************
 Executing minp...

 Reading input from MINP...
 
 Input file:
 
calc=FNO-CCSD(T)
verbosity=3
mem=220GB
unit=angs
scfiguess=small
scfalg=locfit1
ccmaxit=400
ccsdalg=dfdirect
ccsdthreads=4
ccsdmkl=thr
ptthreads=4
lnoepsv=1e-5
naf_cor=1e-2
basis=aug-cc-pVQZ
basis_sm=def2-SVP
dfbasis_scf=def2-QZVPP-RI-JK
dfbasis_cor=aug-cc-pVQZ-RI
unit=angs
geom=xyz
10

C    29.54344629    29.54344629    16.97505516
H    29.54344670    30.44187631    17.60392580
H    29.54344662    28.64496649    17.60393442
H    30.44658454    29.54342777    16.34911135
H    28.64030918    29.54342779    16.34911130
C    37.98440048    33.76390703    16.97524142
H    37.08590860    33.76390727    17.60416815
H    38.88294233    33.76390723    17.60417697
H    37.98441903    32.86110881    16.34882759
H    37.98441909    34.66670636    16.34882843

--------------------Output has been truncated-------------------------


--------------------Output has been truncated-------------------------


--------------------Output has been truncated-------------------------


--------------------Output has been truncated-------------------------


--------------------Output has been truncated-------------------------


--------------------Output has been truncated-------------------------


--------------------Output has been truncated-------------------------


--------------------Output has been truncated-------------------------


--------------------Output has been truncated-------------------------


--------------------Output has been truncated-------------------------


 
 Reference energy [au]:                       -40.215615412221
 DF-MP2 singlet pair energy [au]:              -0.173753614479
 DF-MP2 triplet pair energy [au]:              -0.037498075121
 DF-SCS-MP2 correlation energy [au]:           -0.221003695749
 DF-SCS-MP2 energy [au]:                      -40.436619107969
 DF-SOS-MP2 correlation energy [au]:           -0.225879698823
 DF-SOS-MP2 energy [au]:                      -40.441495111043
 DF-MP2 correlation energy [au]:               -0.211251689600
 DF-MP2 energy [au]:                          -40.426867101821

 Results in FNO basis:
 
 
 Reference energy [au]:                       -40.215615412221
 DF-MP2 singlet pair energy [au]:              -0.170618808585
 DF-MP2 triplet pair energy [au]:              -0.037356766034
 DF-SCS-MP2 correlation energy [au]:           -0.217194825647
 DF-SCS-MP2 energy [au]:                      -40.432810237867
 DF-SOS-MP2 correlation energy [au]:           -0.221804451160
 DF-SOS-MP2 energy [au]:                      -40.437419863381
 DF-MP2 correlation energy [au]:               -0.207975574619
 DF-MP2 energy [au]:                          -40.423590986840

 Results in NAF basis:
 
 
 Reference energy [au]:                       -40.215615412221
 DF-MP2 singlet pair energy [au]:              -0.170601241611
 DF-MP2 triplet pair energy [au]:              -0.037363463742
 DF-SCS-MP2 correlation energy [au]:           -0.217175977847
 DF-SCS-MP2 energy [au]:                      -40.432791390067
 DF-SOS-MP2 correlation energy [au]:           -0.221781614094
 DF-SOS-MP2 energy [au]:                      -40.437397026314
 DF-MP2 correlation energy [au]:               -0.207964705353
 DF-MP2 energy [au]:                          -40.423580117573

 ************************ 2023-02-04 11:44:00 *************************
 Executing ccsd...

 Allocation of 220.0 Gbytes of memory...

 Direct DF-CCSD(T) calculation
 
 Convergence criterion:  1.0E-06
 
 Number of occupied/virtual/auxiliary orbitals:     4   101   320
    163.36 MB is the minimal memory requirement for (T)
     39.40 MB is the minimal memory requirement for CCSD
 
 Reference energy [au]:             -40.215615412221
 T1 contribution [au]:                0.000000000000
 Same spin MP2 energy [au]:          -0.037360110429
 Opposite spin MP2 energy [au]:      -0.170610015304
 MP2 correlation energy [au]:        -0.207970125733
 Total MP2 energy [au]:             -40.423585537953
 MP2 correction [au]:                -0.003281563868
 
 
 CPU time [min]:     0.177                   Wall time [min]:     0.008
 
 Starting CCSD iterations...
 
                     Residual norm          Energy
 Iteration  1        0.138683160418      -40.436530566441
 Iteration  2        0.035377532616      -40.442054435342
 Iteration  3        0.009772639311      -40.442637255926
 Iteration  4        0.002021098991      -40.442641757931
 Iteration  5        0.000374945457      -40.442648271635
 Iteration  6        0.000084812170      -40.442648148339
 Iteration  7        0.000020227431      -40.442648838554
 Iteration  8        0.000003739468      -40.442648895545
 
 CCSD iteration has converged in  8 steps.
      444.29 MB memory was utilized by CCSD
 
 T1 diagnostic:      7.996E-03            D1 diagnostic:      1.291E-02
 
 T1 contribution [au]:                                  0.000000000000
 PPL energy contribution [au]:                          0.060603795340
 Scaled PPL energy contribution [au]:                   0.061560649313

 OS-PPL energy contribution [au]:                       0.053775295925
 Scaled OS-PPL energy contribution [au]:                0.054768417785
 SS-PPL energy contribution [au]:                       0.006828499415
 Scaled SS-PPL energy contribution [au]:                0.006852798996

 Opposite spin CCSD energy [au]:                       -0.191004687601
 Same spin CCSD energy [au]:                           -0.036035547280
 CCSD correlation energy [au]:                         -0.227040234881
 CCSD correlation energy + MP2 correction [au]:        -0.230321798749
 CCSD correlation energy + MP2 + PPL corr. [au]:       -0.229364944776
 Total CCSD energy [au]:                              -40.442655647102
 Total CCSD energy + MP2 correction [au]:             -40.445937210970
 Total CCSD energy + MP2 + PPL corr. [au]:            -40.444980356997
 
 CPU time [min]:     0.865                   Wall time [min]:     0.027
 
 Calculation of (T) correction...
 
 
      124.68 MB memory is utilized for (T)

 0%       25%       50%       75%       100%
 |---------|---------|---------|---------| 
 
 (T) correction [au]:                                    -0.006941964700
 (T*) correction [au]:                                   -0.007051502070
 (T+) correction [au]:                                   -0.007051095269
 CCSD(T) correlation energy [au]:                        -0.233982199581
 CCSD(T) correlation energy + MP2 correction [au]:       -0.237263763449
 CCSD(T+) correlation en. + MP2 + PPL corr. [au]:        -0.236416040045
 Total CCSD(T) energy [au]:                             -40.449597611802
 Total CCSD(T) energy + MP2 correction [au]:            -40.452879175670
 Total CCSD(T+) energy + MP2 + PPL corr. [au]:          -40.452031452265
 
 CPU time [min]:     0.949                   Wall time [min]:     0.030
 
 ************************ 2023-02-04 11:44:02 *************************
                      Normal termination of mrcc.
 **********************************************************************
