================================================================================
                                       INPUT FILE
================================================================================
NAME = orca.inp
|  1>  ! TightSCF RI-MP2 RIJCOSX SlowConv DIIS
|  2> %maxcore 75000
|  3> %pal
|  4> nprocs 16
|  5> end
|  6> %pointcharges "orca.bq"
|  7> %method
|  8> Method hf
|  9> RI on
| 10> RunTyp Energy
| 11> NewNCore O 2 end
| 12> NewNCore Mg 2 end
| 13> NewNCore N 2 end
| 14> end
| 15> %basis
| 16> NewGTO Mg
| 17> "cc-pwCVTZ"
| 18> end
| 19> NewGTO N
| 20> "aug-cc-pVTZ"
| 21> end
| 22> NewGTO O
| 23> "aug-cc-pVTZ"
| 24> end
| 25> NewAuxCGTO Mg
| 26> "AutoAux"
| 27> end
| 28> NewAuxCGTO N
| 29> "aug-cc-pVTZ/C"
| 30> end
| 31> NewAuxCGTO O
| 32> "aug-cc-pVTZ/C"
| 33> end
| 34> Aux "def2/J"
| 35> end
| 36> %scf
| 37> HFTyp rhf
| 38> Guess MORead
| 39> MOInp "orca_svp_start.gbw"
| 40> SCFMode Direct
| 41> sthresh 1e-6
| 42> AutoTRAHIter 60
| 43> MaxIter 1000
| 44> end
| 45> %coords
| 46> CTyp xyz
| 47> Mult 1
| 48> Units angs
| 49>       Charge -32
| 50>   coords
| 51> N:                      0.40650236773    0.40650324635    2.19318971406
| 52> N:                      1.75262562702    1.75262590322    2.19072651035
| 53> O:                      0.18283757344    0.18283994956    3.33197172865
| 54> O:                      1.97892907824    1.97893016918    3.32848152495
| 55> Mg                      0.00000000000    0.00000000000   -0.00676672264
| 56> O                      -2.10248244384    0.01668631229   -0.01474577407
| 57> O                       0.01668627297   -2.10248229978   -0.01474572177
| 58> O                       0.02054188635    0.02054198437   -2.14933684354
| 59> O                       0.00321845804    2.14387700438    0.00000000000
| 60> O                       2.14387696187    0.00321862452   -0.00000019877
| 61> Mg                     -2.09482346987   -2.09482329181   -0.04813952247
| 62> Mg                     -2.10340120808    2.12999911276   -0.05216931460
| 63> Mg                      2.12999902754   -2.10340100097   -0.05216936576
| 64> Mg                      0.02222870432    2.12412274759   -2.15714060693
| 65> Mg                      2.12412260256    0.02222874454   -2.15714051380
| 66> Mg                      2.14720169601    2.14720178681   -0.00912889998
| 67> O                      -2.09249061477   -2.09249045997   -2.16268827762
| 68> O                      -2.08810928088    2.12822279021   -2.16147830648
| 69> O                       2.12822266324   -2.08810921352   -2.16147827765
| 70> O                       2.12598938745    2.12598952190   -2.14991480714
| 71> Mg                      0.01684298259    4.25007366246   -0.05209836134
| 72> Mg                      4.25007349403    0.01684310357   -0.05209836121
| 73> O                      -2.09336280792   -4.20102625408   -0.00571190140
| 74> O                      -4.20102631874   -2.09336265477   -0.00571187630
| 75> O                      -4.19156969841    2.13019178644   -0.01605724959
| 76> O                       2.13019163308   -4.19156960593   -0.01605723604
| 77> O                      -2.09336280792    4.23996080174   -0.00571190140
| 78> O                       4.23996073707   -2.09336265477   -0.00571187630
| 79> O                       0.01820450099    4.23474504523   -2.16153711614
| 80> O                       4.23474504646    0.01820465012   -2.16153710268
| 81> O                       2.13019163308    4.24941744989   -0.01605723604
| 82> O                       4.24941735741    2.13019178644   -0.01605724959
| 83> O                       0.01785020171    2.12809708346   -4.27956570434
| 84> O                       2.12809696567    0.01785031950   -4.27956570434
| 85> Mg                      4.24147927179    4.24147943588   -0.04866250867
| 86> O                       0.01668627297    6.33850475604   -0.01474572177
| 87> O                       6.33850461198    0.01668631229   -0.01474577407
| 88> O                       4.23907230475    4.23907237999   -2.16307916063
| 89> O                       4.23996073707    6.34762440104   -0.00571187630
| 90> O                       6.34762424790    4.23996080174   -0.00571190140
| 91> Mg>    2.00000000000   -2.08987411719    0.01722791956   -2.15217857533
| 92> NewECP
| 93> N_core 0
| 94> lmax f
| 95> s 1
| 96> 1      1.732000000   14.676000000 2
| 97> p 1
| 98> 1      1.115000000    5.175700000 2
| 99> d 1
|100> 1      1.203000000   -1.816000000 2
|101> f 1
|102> 1      1.000000000    0.000000000 2
|103> end
|104> Mg>    2.00000000000    0.01722771469   -2.08987411448   -2.15217858037
|105> NewECP
|106> N_core 0
|107> lmax f
|108> s 1
|109> 1      1.732000000   14.676000000 2
|110> p 1
|111> 1      1.115000000    5.175700000 2
|112> d 1
|113> 1      1.203000000   -1.816000000 2
|114> f 1
|115> 1      1.000000000    0.000000000 2
|116> end
|117> Mg>    2.00000000000   -4.19091356179    0.01684310357   -0.05209836121
|118> NewECP
|119> N_core 0
|120> lmax f
|121> s 1
|122> 1      1.732000000   14.676000000 2
|123> p 1
|124> 1      1.115000000    5.175700000 2
|125> d 1
|126> 1      1.203000000   -1.816000000 2
|127> f 1
|128> 1      1.000000000    0.000000000 2
|129> end
|130> Mg>    2.00000000000    0.01684298259   -4.19091339336   -0.05209836134
|131> NewECP
|132> N_core 0
|133> lmax f
|134> s 1
|135> 1      1.732000000   14.676000000 2
|136> p 1
|137> 1      1.115000000    5.175700000 2
|138> d 1
|139> 1      1.203000000   -1.816000000 2
|140> f 1
|141> 1      1.000000000    0.000000000 2
|142> end
|143> Mg>    2.00000000000    0.01785020171    0.01785031950   -4.27956570434
|144> NewECP
|145> N_core 0
|146> lmax f
|147> s 1
|148> 1      1.732000000   14.676000000 2
|149> p 1
|150> 1      1.115000000    5.175700000 2
|151> d 1
|152> 1      1.203000000   -1.816000000 2
|153> f 1
|154> 1      1.000000000    0.000000000 2
|155> end
|156> Mg>    2.00000000000   -2.09216783155   -4.20219183337   -2.15514804372
|157> NewECP
|158> N_core 0
|159> lmax f
|160> s 1
|161> 1      1.732000000   14.676000000 2
|162> p 1
|163> 1      1.115000000    5.175700000 2
|164> d 1
|165> 1      1.203000000   -1.816000000 2
|166> f 1
|167> 1      1.000000000    0.000000000 2
|168> end
|169> Mg>    2.00000000000   -4.20219192612   -2.09216757369   -2.15514802660
|170> NewECP
|171> N_core 0
|172> lmax f
|173> s 1
|174> 1      1.732000000   14.676000000 2
|175> p 1
|176> 1      1.115000000    5.175700000 2
|177> d 1
|178> 1      1.203000000   -1.816000000 2
|179> f 1
|180> 1      1.000000000    0.000000000 2
|181> end
|182> Mg>    2.00000000000   -4.20434639217    2.12931912969   -2.15266377686
|183> NewECP
|184> N_core 0
|185> lmax f
|186> s 1
|187> 1      1.732000000   14.676000000 2
|188> p 1
|189> 1      1.115000000    5.175700000 2
|190> d 1
|191> 1      1.203000000   -1.816000000 2
|192> f 1
|193> 1      1.000000000    0.000000000 2
|194> end
|195> Mg>    2.00000000000    2.12931909051   -4.20434618313   -2.15266379440
|196> NewECP
|197> N_core 0
|198> lmax f
|199> s 1
|200> 1      1.732000000   14.676000000 2
|201> p 1
|202> 1      1.115000000    5.175700000 2
|203> d 1
|204> 1      1.203000000   -1.816000000 2
|205> f 1
|206> 1      1.000000000    0.000000000 2
|207> end
|208> Mg>    2.00000000000   -2.09216783155    4.23879522245   -2.15514804372
|209> NewECP
|210> N_core 0
|211> lmax f
|212> s 1
|213> 1      1.732000000   14.676000000 2
|214> p 1
|215> 1      1.115000000    5.175700000 2
|216> d 1
|217> 1      1.203000000   -1.816000000 2
|218> f 1
|219> 1      1.000000000    0.000000000 2
|220> end
|221> Mg>    2.00000000000    4.23879512970   -2.09216757369   -2.15514802660
|222> NewECP
|223> N_core 0
|224> lmax f
|225> s 1
|226> 1      1.732000000   14.676000000 2
|227> p 1
|228> 1      1.115000000    5.175700000 2
|229> d 1
|230> 1      1.203000000   -1.816000000 2
|231> f 1
|232> 1      1.000000000    0.000000000 2
|233> end
|234> Mg>    2.00000000000   -2.09239656224   -2.09239644445   -4.27956570434
|235> NewECP
|236> N_core 0
|237> lmax f
|238> s 1
|239> 1      1.732000000   14.676000000 2
|240> p 1
|241> 1      1.115000000    5.175700000 2
|242> d 1
|243> 1      1.203000000   -1.816000000 2
|244> f 1
|245> 1      1.000000000    0.000000000 2
|246> end
|247> Mg>    2.00000000000    2.12931909051    4.23664087268   -2.15266379440
|248> NewECP
|249> N_core 0
|250> lmax f
|251> s 1
|252> 1      1.732000000   14.676000000 2
|253> p 1
|254> 1      1.115000000    5.175700000 2
|255> d 1
|256> 1      1.203000000   -1.816000000 2
|257> f 1
|258> 1      1.000000000    0.000000000 2
|259> end
|260> Mg>    2.00000000000    4.23664066365    2.12931912969   -2.15266377686
|261> NewECP
|262> N_core 0
|263> lmax f
|264> s 1
|265> 1      1.732000000   14.676000000 2
|266> p 1
|267> 1      1.115000000    5.175700000 2
|268> d 1
|269> 1      1.203000000   -1.816000000 2
|270> f 1
|271> 1      1.000000000    0.000000000 2
|272> end
|273> Mg>    2.00000000000   -2.09239656224    2.12809708346   -4.27956570434
|274> NewECP
|275> N_core 0
|276> lmax f
|277> s 1
|278> 1      1.732000000   14.676000000 2
|279> p 1
|280> 1      1.115000000    5.175700000 2
|281> d 1
|282> 1      1.203000000   -1.816000000 2
|283> f 1
|284> 1      1.000000000    0.000000000 2
|285> end
|286> Mg>    2.00000000000    2.12809696567   -2.09239644445   -4.27956570434
|287> NewECP
|288> N_core 0
|289> lmax f
|290> s 1
|291> 1      1.732000000   14.676000000 2
|292> p 1
|293> 1      1.115000000    5.175700000 2
|294> d 1
|295> 1      1.203000000   -1.816000000 2
|296> f 1
|297> 1      1.000000000    0.000000000 2
|298> end
|299> Mg>    2.00000000000    2.12809696567    2.12809708346   -4.27956570434
|300> NewECP
|301> N_core 0
|302> lmax f
|303> s 1
|304> 1      1.732000000   14.676000000 2
|305> p 1
|306> 1      1.115000000    5.175700000 2
|307> d 1
|308> 1      1.203000000   -1.816000000 2
|309> f 1
|310> 1      1.000000000    0.000000000 2
|311> end
|312> Mg>    2.00000000000   -4.19950778403   -4.19950761993   -0.04866250867
|313> NewECP
|314> N_core 0
|315> lmax f
|316> s 1
|317> 1      1.732000000   14.676000000 2
|318> p 1
|319> 1      1.115000000    5.175700000 2
|320> d 1
|321> 1      1.203000000   -1.816000000 2
|322> f 1
|323> 1      1.000000000    0.000000000 2
|324> end
|325> Mg>    2.00000000000   -4.19950778403    4.24147943588   -0.04866250867
|326> NewECP
|327> N_core 0
|328> lmax f
|329> s 1
|330> 1      1.732000000   14.676000000 2
|331> p 1
|332> 1      1.115000000    5.175700000 2
|333> d 1
|334> 1      1.203000000   -1.816000000 2
|335> f 1
|336> 1      1.000000000    0.000000000 2
|337> end
|338> Mg>    2.00000000000    4.24147927179   -4.19950761993   -0.04866250867
|339> NewECP
|340> N_core 0
|341> lmax f
|342> s 1
|343> 1      1.732000000   14.676000000 2
|344> p 1
|345> 1      1.115000000    5.175700000 2
|346> d 1
|347> 1      1.203000000   -1.816000000 2
|348> f 1
|349> 1      1.000000000    0.000000000 2
|350> end
|351> Mg>    2.00000000000   -4.20264332619    0.01785031950   -4.27956570434
|352> NewECP
|353> N_core 0
|354> lmax f
|355> s 1
|356> 1      1.732000000   14.676000000 2
|357> p 1
|358> 1      1.115000000    5.175700000 2
|359> d 1
|360> 1      1.203000000   -1.816000000 2
|361> f 1
|362> 1      1.000000000    0.000000000 2
|363> end
|364> Mg>    2.00000000000    0.01785020171   -4.20264320841   -4.27956570434
|365> NewECP
|366> N_core 0
|367> lmax f
|368> s 1
|369> 1      1.732000000   14.676000000 2
|370> p 1
|371> 1      1.115000000    5.175700000 2
|372> d 1
|373> 1      1.203000000   -1.816000000 2
|374> f 1
|375> 1      1.000000000    0.000000000 2
|376> end
|377> Mg>    2.00000000000    0.01785020171    4.23834384741   -4.27956570434
|378> NewECP
|379> N_core 0
|380> lmax f
|381> s 1
|382> 1      1.732000000   14.676000000 2
|383> p 1
|384> 1      1.115000000    5.175700000 2
|385> d 1
|386> 1      1.203000000   -1.816000000 2
|387> f 1
|388> 1      1.000000000    0.000000000 2
|389> end
|390> Mg>    2.00000000000    4.23834372962    0.01785031950   -4.27956570434
|391> NewECP
|392> N_core 0
|393> lmax f
|394> s 1
|395> 1      1.732000000   14.676000000 2
|396> p 1
|397> 1      1.115000000    5.175700000 2
|398> d 1
|399> 1      1.203000000   -1.816000000 2
|400> f 1
|401> 1      1.000000000    0.000000000 2
|402> end
|403> Mg>    2.00000000000   -6.29378535981    2.14720178681   -0.00912889998
|404> NewECP
|405> N_core 0
|406> lmax f
|407> s 1
|408> 1      1.732000000   14.676000000 2
|409> p 1
|410> 1      1.115000000    5.175700000 2
|411> d 1
|412> 1      1.203000000   -1.816000000 2
|413> f 1
|414> 1      1.000000000    0.000000000 2
|415> end
|416> Mg>    2.00000000000    2.14720169601   -6.29378526900   -0.00912889998
|417> NewECP
|418> N_core 0
|419> lmax f
|420> s 1
|421> 1      1.732000000   14.676000000 2
|422> p 1
|423> 1      1.115000000    5.175700000 2
|424> d 1
|425> 1      1.203000000   -1.816000000 2
|426> f 1
|427> 1      1.000000000    0.000000000 2
|428> end
|429> Mg>    2.00000000000   -2.10340120808   -6.31098794306   -0.05216931460
|430> NewECP
|431> N_core 0
|432> lmax f
|433> s 1
|434> 1      1.732000000   14.676000000 2
|435> p 1
|436> 1      1.115000000    5.175700000 2
|437> d 1
|438> 1      1.203000000   -1.816000000 2
|439> f 1
|440> 1      1.000000000    0.000000000 2
|441> end
|442> Mg>    2.00000000000   -6.31098802828   -2.10340100097   -0.05216936576
|443> NewECP
|444> N_core 0
|445> lmax f
|446> s 1
|447> 1      1.732000000   14.676000000 2
|448> p 1
|449> 1      1.115000000    5.175700000 2
|450> d 1
|451> 1      1.203000000   -1.816000000 2
|452> f 1
|453> 1      1.000000000    0.000000000 2
|454> end
|455> Mg>    2.00000000000   -6.31686445325    0.02222874454   -2.15714051380
|456> NewECP
|457> N_core 0
|458> lmax f
|459> s 1
|460> 1      1.732000000   14.676000000 2
|461> p 1
|462> 1      1.115000000    5.175700000 2
|463> d 1
|464> 1      1.203000000   -1.816000000 2
|465> f 1
|466> 1      1.000000000    0.000000000 2
|467> end
|468> Mg>    2.00000000000    0.02222870432   -6.31686430823   -2.15714060693
|469> NewECP
|470> N_core 0
|471> lmax f
|472> s 1
|473> 1      1.732000000   14.676000000 2
|474> p 1
|475> 1      1.115000000    5.175700000 2
|476> d 1
|477> 1      1.203000000   -1.816000000 2
|478> f 1
|479> 1      1.000000000    0.000000000 2
|480> end
|481> Mg>    2.00000000000   -2.09482346987    6.34616376400   -0.04813952247
|482> NewECP
|483> N_core 0
|484> lmax f
|485> s 1
|486> 1      1.732000000   14.676000000 2
|487> p 1
|488> 1      1.115000000    5.175700000 2
|489> d 1
|490> 1      1.203000000   -1.816000000 2
|491> f 1
|492> 1      1.000000000    0.000000000 2
|493> end
|494> Mg>    2.00000000000    6.34616358595   -2.09482329181   -0.04813952247
|495> NewECP
|496> N_core 0
|497> lmax f
|498> s 1
|499> 1      1.732000000   14.676000000 2
|500> p 1
|501> 1      1.115000000    5.175700000 2
|502> d 1
|503> 1      1.203000000   -1.816000000 2
|504> f 1
|505> 1      1.000000000    0.000000000 2
|506> end
|507> Mg>    2.00000000000    2.12999902754    6.33758605485   -0.05216936576
|508> NewECP
|509> N_core 0
|510> lmax f
|511> s 1
|512> 1      1.732000000   14.676000000 2
|513> p 1
|514> 1      1.115000000    5.175700000 2
|515> d 1
|516> 1      1.203000000   -1.816000000 2
|517> f 1
|518> 1      1.000000000    0.000000000 2
|519> end
|520> Mg>    2.00000000000    6.33758584774    2.12999911276   -0.05216931460
|521> NewECP
|522> N_core 0
|523> lmax f
|524> s 1
|525> 1      1.732000000   14.676000000 2
|526> p 1
|527> 1      1.115000000    5.175700000 2
|528> d 1
|529> 1      1.203000000   -1.816000000 2
|530> f 1
|531> 1      1.000000000    0.000000000 2
|532> end
|533> Mg>    2.00000000000    0.01722771469    6.35111294134   -2.15217858037
|534> NewECP
|535> N_core 0
|536> lmax f
|537> s 1
|538> 1      1.732000000   14.676000000 2
|539> p 1
|540> 1      1.115000000    5.175700000 2
|541> d 1
|542> 1      1.203000000   -1.816000000 2
|543> f 1
|544> 1      1.000000000    0.000000000 2
|545> end
|546> Mg>    2.00000000000    6.35111293863    0.01722791956   -2.15217857533
|547> NewECP
|548> N_core 0
|549> lmax f
|550> s 1
|551> 1      1.732000000   14.676000000 2
|552> p 1
|553> 1      1.115000000    5.175700000 2
|554> d 1
|555> 1      1.203000000   -1.816000000 2
|556> f 1
|557> 1      1.000000000    0.000000000 2
|558> end
|559> Mg>    2.00000000000   -2.09239656224    0.01785031950   -6.38981246830
|560> NewECP
|561> N_core 0
|562> lmax f
|563> s 1
|564> 1      1.732000000   14.676000000 2
|565> p 1
|566> 1      1.115000000    5.175700000 2
|567> d 1
|568> 1      1.203000000   -1.816000000 2
|569> f 1
|570> 1      1.000000000    0.000000000 2
|571> end
|572> Mg>    2.00000000000    0.01785020171   -2.09239644445   -6.38981246830
|573> NewECP
|574> N_core 0
|575> lmax f
|576> s 1
|577> 1      1.732000000   14.676000000 2
|578> p 1
|579> 1      1.115000000    5.175700000 2
|580> d 1
|581> 1      1.203000000   -1.816000000 2
|582> f 1
|583> 1      1.000000000    0.000000000 2
|584> end
|585> Mg>    2.00000000000    0.01785020171    2.12809708346   -6.38981246830
|586> NewECP
|587> N_core 0
|588> lmax f
|589> s 1
|590> 1      1.732000000   14.676000000 2
|591> p 1
|592> 1      1.115000000    5.175700000 2
|593> d 1
|594> 1      1.203000000   -1.816000000 2
|595> f 1
|596> 1      1.000000000    0.000000000 2
|597> end
|598> Mg>    2.00000000000    2.12809696567    0.01785031950   -6.38981246830
|599> NewECP
|600> N_core 0
|601> lmax f
|602> s 1
|603> 1      1.732000000   14.676000000 2
|604> p 1
|605> 1      1.115000000    5.175700000 2
|606> d 1
|607> 1      1.203000000   -1.816000000 2
|608> f 1
|609> 1      1.000000000    0.000000000 2
|610> end
|611> Mg>    2.00000000000   -4.20264332619   -4.20264320841   -4.27956570434
|612> NewECP
|613> N_core 0
|614> lmax f
|615> s 1
|616> 1      1.732000000   14.676000000 2
|617> p 1
|618> 1      1.115000000    5.175700000 2
|619> d 1
|620> 1      1.203000000   -1.816000000 2
|621> f 1
|622> 1      1.000000000    0.000000000 2
|623> end
|624> Mg>    2.00000000000   -4.20264332619    4.23834384741   -4.27956570434
|625> NewECP
|626> N_core 0
|627> lmax f
|628> s 1
|629> 1      1.732000000   14.676000000 2
|630> p 1
|631> 1      1.115000000    5.175700000 2
|632> d 1
|633> 1      1.203000000   -1.816000000 2
|634> f 1
|635> 1      1.000000000    0.000000000 2
|636> end
|637> Mg>    2.00000000000    4.23834372962   -4.20264320841   -4.27956570434
|638> NewECP
|639> N_core 0
|640> lmax f
|641> s 1
|642> 1      1.732000000   14.676000000 2
|643> p 1
|644> 1      1.115000000    5.175700000 2
|645> d 1
|646> 1      1.203000000   -1.816000000 2
|647> f 1
|648> 1      1.000000000    0.000000000 2
|649> end
|650> Mg>    2.00000000000    4.23834372962    4.23834384741   -4.27956570434
|651> NewECP
|652> N_core 0
|653> lmax f
|654> s 1
|655> 1      1.732000000   14.676000000 2
|656> p 1
|657> 1      1.115000000    5.175700000 2
|658> d 1
|659> 1      1.203000000   -1.816000000 2
|660> f 1
|661> 1      1.000000000    0.000000000 2
|662> end
|663> Mg>    2.00000000000   -4.20434639217   -6.31166792612   -2.15266377686
|664> NewECP
|665> N_core 0
|666> lmax f
|667> s 1
|668> 1      1.732000000   14.676000000 2
|669> p 1
|670> 1      1.115000000    5.175700000 2
|671> d 1
|672> 1      1.203000000   -1.816000000 2
|673> f 1
|674> 1      1.000000000    0.000000000 2
|675> end
|676> Mg>    2.00000000000   -6.31166796531   -4.20434618313   -2.15266379440
|677> NewECP
|678> N_core 0
|679> lmax f
|680> s 1
|681> 1      1.732000000   14.676000000 2
|682> p 1
|683> 1      1.115000000    5.175700000 2
|684> d 1
|685> 1      1.203000000   -1.816000000 2
|686> f 1
|687> 1      1.000000000    0.000000000 2
|688> end
|689> Mg>    2.00000000000   -6.31166796531    4.23664087268   -2.15266379440
|690> NewECP
|691> N_core 0
|692> lmax f
|693> s 1
|694> 1      1.732000000   14.676000000 2
|695> p 1
|696> 1      1.115000000    5.175700000 2
|697> d 1
|698> 1      1.203000000   -1.816000000 2
|699> f 1
|700> 1      1.000000000    0.000000000 2
|701> end
|702> Mg>    2.00000000000    4.23664066365   -6.31166792612   -2.15266377686
|703> NewECP
|704> N_core 0
|705> lmax f
|706> s 1
|707> 1      1.732000000   14.676000000 2
|708> p 1
|709> 1      1.115000000    5.175700000 2
|710> d 1
|711> 1      1.203000000   -1.816000000 2
|712> f 1
|713> 1      1.000000000    0.000000000 2
|714> end
|715> Mg>    2.00000000000   -4.20219192612    6.34881948213   -2.15514802660
|716> NewECP
|717> N_core 0
|718> lmax f
|719> s 1
|720> 1      1.732000000   14.676000000 2
|721> p 1
|722> 1      1.115000000    5.175700000 2
|723> d 1
|724> 1      1.203000000   -1.816000000 2
|725> f 1
|726> 1      1.000000000    0.000000000 2
|727> end
|728> Mg>    2.00000000000    6.34881922426   -4.20219183337   -2.15514804372
|729> NewECP
|730> N_core 0
|731> lmax f
|732> s 1
|733> 1      1.732000000   14.676000000 2
|734> p 1
|735> 1      1.115000000    5.175700000 2
|736> d 1
|737> 1      1.203000000   -1.816000000 2
|738> f 1
|739> 1      1.000000000    0.000000000 2
|740> end
|741> Mg>    2.00000000000    4.23879512970    6.34881948213   -2.15514802660
|742> NewECP
|743> N_core 0
|744> lmax f
|745> s 1
|746> 1      1.732000000   14.676000000 2
|747> p 1
|748> 1      1.115000000    5.175700000 2
|749> d 1
|750> 1      1.203000000   -1.816000000 2
|751> f 1
|752> 1      1.000000000    0.000000000 2
|753> end
|754> Mg>    2.00000000000    6.34881922426    4.23879522245   -2.15514804372
|755> NewECP
|756> N_core 0
|757> lmax f
|758> s 1
|759> 1      1.732000000   14.676000000 2
|760> p 1
|761> 1      1.115000000    5.175700000 2
|762> d 1
|763> 1      1.203000000   -1.816000000 2
|764> f 1
|765> 1      1.000000000    0.000000000 2
|766> end
|767> Mg>    2.00000000000   -2.09239656224    6.34859061136   -4.27956570434
|768> NewECP
|769> N_core 0
|770> lmax f
|771> s 1
|772> 1      1.732000000   14.676000000 2
|773> p 1
|774> 1      1.115000000    5.175700000 2
|775> d 1
|776> 1      1.203000000   -1.816000000 2
|777> f 1
|778> 1      1.000000000    0.000000000 2
|779> end
|780> Mg>    2.00000000000    6.34859049358   -2.09239644445   -4.27956570434
|781> NewECP
|782> N_core 0
|783> lmax f
|784> s 1
|785> 1      1.732000000   14.676000000 2
|786> p 1
|787> 1      1.115000000    5.175700000 2
|788> d 1
|789> 1      1.203000000   -1.816000000 2
|790> f 1
|791> 1      1.000000000    0.000000000 2
|792> end
|793> Mg>    2.00000000000   -2.09239656224    4.23834384741   -6.38981246830
|794> NewECP
|795> N_core 0
|796> lmax f
|797> s 1
|798> 1      1.732000000   14.676000000 2
|799> p 1
|800> 1      1.115000000    5.175700000 2
|801> d 1
|802> 1      1.203000000   -1.816000000 2
|803> f 1
|804> 1      1.000000000    0.000000000 2
|805> end
|806> Mg>    2.00000000000    4.23834372962   -2.09239644445   -6.38981246830
|807> NewECP
|808> N_core 0
|809> lmax f
|810> s 1
|811> 1      1.732000000   14.676000000 2
|812> p 1
|813> 1      1.115000000    5.175700000 2
|814> d 1
|815> 1      1.203000000   -1.816000000 2
|816> f 1
|817> 1      1.000000000    0.000000000 2
|818> end
|819> Mg>    2.00000000000    2.12809696567    6.34859061136   -4.27956570434
|820> NewECP
|821> N_core 0
|822> lmax f
|823> s 1
|824> 1      1.732000000   14.676000000 2
|825> p 1
|826> 1      1.115000000    5.175700000 2
|827> d 1
|828> 1      1.203000000   -1.816000000 2
|829> f 1
|830> 1      1.000000000    0.000000000 2
|831> end
|832> Mg>    2.00000000000    6.34859049358    2.12809708346   -4.27956570434
|833> NewECP
|834> N_core 0
|835> lmax f
|836> s 1
|837> 1      1.732000000   14.676000000 2
|838> p 1
|839> 1      1.115000000    5.175700000 2
|840> d 1
|841> 1      1.203000000   -1.816000000 2
|842> f 1
|843> 1      1.000000000    0.000000000 2
|844> end
|845> Mg>    2.00000000000    2.12809696567    4.23834384741   -6.38981246830
|846> NewECP
|847> N_core 0
|848> lmax f
|849> s 1
|850> 1      1.732000000   14.676000000 2
|851> p 1
|852> 1      1.115000000    5.175700000 2
|853> d 1
|854> 1      1.203000000   -1.816000000 2
|855> f 1
|856> 1      1.000000000    0.000000000 2
|857> end
|858> Mg>    2.00000000000    4.23834372962    2.12809708346   -6.38981246830
|859> NewECP
|860> N_core 0
|861> lmax f
|862> s 1
|863> 1      1.732000000   14.676000000 2
|864> p 1
|865> 1      1.115000000    5.175700000 2
|866> d 1
|867> 1      1.203000000   -1.816000000 2
|868> f 1
|869> 1      1.000000000    0.000000000 2
|870> end
|871> Mg>    2.00000000000    0.00000000000    8.44098705582   -0.00676672264
|872> NewECP
|873> N_core 0
|874> lmax f
|875> s 1
|876> 1      1.732000000   14.676000000 2
|877> p 1
|878> 1      1.115000000    5.175700000 2
|879> d 1
|880> 1      1.203000000   -1.816000000 2
|881> f 1
|882> 1      1.000000000    0.000000000 2
|883> end
|884> Mg>    2.00000000000    8.44098705582    0.00000000000   -0.00676672264
|885> NewECP
|886> N_core 0
|887> lmax f
|888> s 1
|889> 1      1.732000000   14.676000000 2
|890> p 1
|891> 1      1.115000000    5.175700000 2
|892> d 1
|893> 1      1.203000000   -1.816000000 2
|894> f 1
|895> 1      1.000000000    0.000000000 2
|896> end
|897> Mg>    2.00000000000   -2.08987411719    8.45821497538   -2.15217857533
|898> NewECP
|899> N_core 0
|900> lmax f
|901> s 1
|902> 1      1.732000000   14.676000000 2
|903> p 1
|904> 1      1.115000000    5.175700000 2
|905> d 1
|906> 1      1.203000000   -1.816000000 2
|907> f 1
|908> 1      1.000000000    0.000000000 2
|909> end
|910> Mg>    2.00000000000    8.45821477051   -2.08987411448   -2.15217858037
|911> NewECP
|912> N_core 0
|913> lmax f
|914> s 1
|915> 1      1.732000000   14.676000000 2
|916> p 1
|917> 1      1.115000000    5.175700000 2
|918> d 1
|919> 1      1.203000000   -1.816000000 2
|920> f 1
|921> 1      1.000000000    0.000000000 2
|922> end
|923> Mg>    2.00000000000    6.34616358595    6.34616376400   -0.04813952247
|924> NewECP
|925> N_core 0
|926> lmax f
|927> s 1
|928> 1      1.732000000   14.676000000 2
|929> p 1
|930> 1      1.115000000    5.175700000 2
|931> d 1
|932> 1      1.203000000   -1.816000000 2
|933> f 1
|934> 1      1.000000000    0.000000000 2
|935> end
|936> Mg>    2.00000000000    2.12412260256    8.46321580036   -2.15714051380
|937> NewECP
|938> N_core 0
|939> lmax f
|940> s 1
|941> 1      1.732000000   14.676000000 2
|942> p 1
|943> 1      1.115000000    5.175700000 2
|944> d 1
|945> 1      1.203000000   -1.816000000 2
|946> f 1
|947> 1      1.000000000    0.000000000 2
|948> end
|949> Mg>    2.00000000000    8.46321576014    2.12412274759   -2.15714060693
|950> NewECP
|951> N_core 0
|952> lmax f
|953> s 1
|954> 1      1.732000000   14.676000000 2
|955> p 1
|956> 1      1.115000000    5.175700000 2
|957> d 1
|958> 1      1.203000000   -1.816000000 2
|959> f 1
|960> 1      1.000000000    0.000000000 2
|961> end
|962> Mg>    2.00000000000    4.25007349403    8.45783015939   -0.05209836121
|963> NewECP
|964> N_core 0
|965> lmax f
|966> s 1
|967> 1      1.732000000   14.676000000 2
|968> p 1
|969> 1      1.115000000    5.175700000 2
|970> d 1
|971> 1      1.203000000   -1.816000000 2
|972> f 1
|973> 1      1.000000000    0.000000000 2
|974> end
|975> Mg>    2.00000000000    8.45783003840    4.25007366246   -0.05209836134
|976> NewECP
|977> N_core 0
|978> lmax f
|979> s 1
|980> 1      1.732000000   14.676000000 2
|981> p 1
|982> 1      1.115000000    5.175700000 2
|983> d 1
|984> 1      1.203000000   -1.816000000 2
|985> f 1
|986> 1      1.000000000    0.000000000 2
|987> end
|988> Mg>    2.00000000000    6.34859049358    6.34859061136   -4.27956570434
|989> NewECP
|990> N_core 0
|991> lmax f
|992> s 1
|993> 1      1.732000000   14.676000000 2
|994> p 1
|995> 1      1.115000000    5.175700000 2
|996> d 1
|997> 1      1.203000000   -1.816000000 2
|998> f 1
|999> 1      1.000000000    0.000000000 2
|1000> end
|1001> Mg>    2.00000000000    6.35111293863    8.45821497538   -2.15217857533
|1002> NewECP
|1003> N_core 0
|1004> lmax f
|1005> s 1
|1006> 1      1.732000000   14.676000000 2
|1007> p 1
|1008> 1      1.115000000    5.175700000 2
|1009> d 1
|1010> 1      1.203000000   -1.816000000 2
|1011> f 1
|1012> 1      1.000000000    0.000000000 2
|1013> end
|1014> Mg>    2.00000000000    8.45821477051    6.35111294134   -2.15217858037
|1015> NewECP
|1016> N_core 0
|1017> lmax f
|1018> s 1
|1019> 1      1.732000000   14.676000000 2
|1020> p 1
|1021> 1      1.115000000    5.175700000 2
|1022> d 1
|1023> 1      1.203000000   -1.816000000 2
|1024> f 1
|1025> 1      1.000000000    0.000000000 2
|1026> end
|1027>   end
|1028> endd                         ****END OF INPUT****
================================================================================
----------------
TOTAL SCF ENERGY
----------------

Total Energy       :        -4509.96503540 Eh         -122722.38770 eV

Components:
Nuclear Repulsion  :         6911.91007457 Eh          188082.63507 eV
Electronic Energy  :       -11421.87510997 Eh         -310805.02276 eV
One Electron Energy:       -20476.64887477 Eh         -557197.94328 eV
Two Electron Energy:         9054.77376480 Eh          246392.92051 eV
Max COSX asymmetry :            0.00029285 Eh               0.00797 eV

Virial components:
Potential Energy   :        -8458.47736225 Eh         -230166.87048 eV
Kinetic Energy     :         3948.51232684 Eh          107444.48279 eV
Virial Ratio       :            2.14219348

--------------------Output has been truncated-------------------------


--------------------Output has been truncated-------------------------


--------------------Output has been truncated-------------------------


--------------------Output has been truncated-------------------------


--------------------Output has been truncated-------------------------


--------------------Output has been truncated-------------------------


--------------------Output has been truncated-------------------------


--------------------Output has been truncated-------------------------


--------------------Output has been truncated-------------------------


--------------------Output has been truncated-------------------------


-----------------------------------------------
 RI-MP2 CORRELATION ENERGY:     -9.747603996 Eh
-----------------------------------------------
---------------------------------------
MP2 TOTAL ENERGY:    -4519.712639398 Eh
---------------------------------------

Maximum memory used throughout the entire MP2-calculation: 1375.7 MB

-------------------------   --------------------
FINAL SINGLE POINT ENERGY     -4519.712639397997
-------------------------   --------------------
