 **********************************************************************
                          MRCC program system
 **********************************************************************
 
                              Written by
     Mihaly Kallay, Peter R. Nagy, David Mester, Laszlo Gyevi-Nagy,
        Jozsef Csoka, P. Bernat Szabo, Zoltan Rolik, Gyula Samu,
     Jozsef Csontos, Bence Hegely, Adam Ganyecz, Istvan Ladjanszki,
       Lorant Szegedy, Bence Ladoczki, Klara Petrov, Mate Farkas,
                    Pal D. Mezei, and Reka A. Horvath
 
        Department of Physical Chemistry and Materials Science
            Budapest University of Technology and Economics
                  Budapest P.O.Box 91, H-1521 Hungary
 
                              www.mrcc.hu
 
                      Release date: March 18, 2022

 ************************ 2023-02-04 11:37:58 *************************
 Executing minp...

 Reading input from MINP...
 
 Input file:
 
calc=FNO-CCSD(T)
verbosity=3
mem=220GB
unit=angs
scfiguess=small
scfalg=locfit1
ccmaxit=400
ccsdalg=dfdirect
ccsdthreads=4
ccsdmkl=thr
ptthreads=4
lnoepsv=1e-5
naf_cor=1e-2
basis=aug-cc-pVQZ
basis_sm=def2-SVP
dfbasis_scf=def2-QZVPP-RI-JK
dfbasis_cor=aug-cc-pVQZ-RI
unit=angs
geom=xyz
10

C    29.54344629    29.54344629    16.97505516
H    29.54344670    30.44187631    17.60392580
H    29.54344662    28.64496649    17.60393442
H    30.44658454    29.54342777    16.34911135
H    28.64030918    29.54342779    16.34911130
C    25.32295389    25.32295416    16.97520498
H    25.32295437    26.22142438    17.60413400
H    26.22584939    25.32293540    16.34891492
H    24.42005953    25.32293552    16.34891491
H    25.32295426    24.42443359    17.60414260

--------------------Output has been truncated-------------------------


--------------------Output has been truncated-------------------------


--------------------Output has been truncated-------------------------


--------------------Output has been truncated-------------------------


--------------------Output has been truncated-------------------------


--------------------Output has been truncated-------------------------


--------------------Output has been truncated-------------------------


--------------------Output has been truncated-------------------------


--------------------Output has been truncated-------------------------


--------------------Output has been truncated-------------------------


 
 Reference energy [au]:                       -40.215615085723
 DF-MP2 singlet pair energy [au]:              -0.173755954050
 DF-MP2 triplet pair energy [au]:              -0.037498606475
 DF-SCS-MP2 correlation energy [au]:           -0.221006680352
 DF-SCS-MP2 energy [au]:                      -40.436621766075
 DF-SOS-MP2 correlation energy [au]:           -0.225882740265
 DF-SOS-MP2 energy [au]:                      -40.441497825988
 DF-MP2 correlation energy [au]:               -0.211254560526
 DF-MP2 energy [au]:                          -40.426869646249

 Results in FNO basis:
 
 
 Reference energy [au]:                       -40.215615085723
 DF-MP2 singlet pair energy [au]:              -0.170619513150
 DF-MP2 triplet pair energy [au]:              -0.037357175417
 DF-SCS-MP2 correlation energy [au]:           -0.217195807586
 DF-SCS-MP2 energy [au]:                      -40.432810893309
 DF-SOS-MP2 correlation energy [au]:           -0.221805367095
 DF-SOS-MP2 energy [au]:                      -40.437420452818
 DF-MP2 correlation energy [au]:               -0.207976688567
 DF-MP2 energy [au]:                          -40.423591774290

 Results in NAF basis:
 
 
 Reference energy [au]:                       -40.215615085723
 DF-MP2 singlet pair energy [au]:              -0.170601858378
 DF-MP2 triplet pair energy [au]:              -0.037363846575
 DF-SCS-MP2 correlation energy [au]:           -0.217176845578
 DF-SCS-MP2 energy [au]:                      -40.432791931302
 DF-SOS-MP2 correlation energy [au]:           -0.221782415891
 DF-SOS-MP2 energy [au]:                      -40.437397501615
 DF-MP2 correlation energy [au]:               -0.207965704953
 DF-MP2 energy [au]:                          -40.423580790676

 ************************ 2023-02-04 11:38:39 *************************
 Executing ccsd...

 Allocation of 220.0 Gbytes of memory...

 Direct DF-CCSD(T) calculation
 
 Convergence criterion:  1.0E-06
 
 Number of occupied/virtual/auxiliary orbitals:     4   101   320
    163.36 MB is the minimal memory requirement for (T)
     39.40 MB is the minimal memory requirement for CCSD
 
 Reference energy [au]:             -40.215615085723
 T1 contribution [au]:                0.000000000000
 Same spin MP2 energy [au]:          -0.037360506557
 Opposite spin MP2 energy [au]:      -0.170610676001
 MP2 correlation energy [au]:        -0.207971182558
 Total MP2 energy [au]:             -40.423586268282
 MP2 correction [au]:                -0.003283377967
 
 
 CPU time [min]:     0.177                   Wall time [min]:     0.008
 
 Starting CCSD iterations...
 
                     Residual norm          Energy
 Iteration  1        0.138680739901      -40.436530990394
 Iteration  2        0.035376238777      -40.442054529567
 Iteration  3        0.009771873689      -40.442637273473
 Iteration  4        0.002020928259      -40.442641772719
 Iteration  5        0.000374893405      -40.442648282534
 Iteration  6        0.000084796234      -40.442648159349
 Iteration  7        0.000020223191      -40.442648849396
 Iteration  8        0.000003738638      -40.442648906332
 
 CCSD iteration has converged in  8 steps.
      444.29 MB memory was utilized by CCSD
 
 T1 diagnostic:      7.996E-03            D1 diagnostic:      1.292E-02
 
 T1 contribution [au]:                                  0.000000000000
 PPL energy contribution [au]:                          0.060603001192
 Scaled PPL energy contribution [au]:                   0.061560381146

 OS-PPL energy contribution [au]:                       0.053774448953
 Scaled OS-PPL energy contribution [au]:                0.054768092203
 SS-PPL energy contribution [au]:                       0.006828552239
 Scaled SS-PPL energy contribution [au]:                0.006852877871

 Opposite spin CCSD energy [au]:                       -0.191004479747
 Same spin CCSD energy [au]:                           -0.036036151421
 CCSD correlation energy [au]:                         -0.227040631168
 CCSD correlation energy + MP2 correction [au]:        -0.230324009136
 CCSD correlation energy + MP2 + PPL corr. [au]:       -0.229366629182
 Total CCSD energy [au]:                              -40.442655716892
 Total CCSD energy + MP2 correction [au]:             -40.445939094859
 Total CCSD energy + MP2 + PPL corr. [au]:            -40.444981714905
 
 CPU time [min]:     0.867                   Wall time [min]:     0.027
 
 Calculation of (T) correction...
 
 
      124.68 MB memory is utilized for (T)

 0%       25%       50%       75%       100%
 |---------|---------|---------|---------| 
 
 (T) correction [au]:                                    -0.006941854758
 (T*) correction [au]:                                   -0.007051450389
 (T+) correction [au]:                                   -0.007051044198
 CCSD(T) correlation energy [au]:                        -0.233982485926
 CCSD(T) correlation energy + MP2 correction [au]:       -0.237265863894
 CCSD(T+) correlation en. + MP2 + PPL corr. [au]:        -0.236417673380
 Total CCSD(T) energy [au]:                             -40.449597571650
 Total CCSD(T) energy + MP2 correction [au]:            -40.452880949617
 Total CCSD(T+) energy + MP2 + PPL corr. [au]:          -40.452032759103
 
 CPU time [min]:     0.951                   Wall time [min]:     0.030
 
 ************************ 2023-02-04 11:38:41 *************************
                      Normal termination of mrcc.
 **********************************************************************
