 **********************************************************************
                          MRCC program system
 **********************************************************************
 
                              Written by
     Mihaly Kallay, Peter R. Nagy, David Mester, Laszlo Gyevi-Nagy,
        Jozsef Csoka, P. Bernat Szabo, Zoltan Rolik, Gyula Samu,
     Jozsef Csontos, Bence Hegely, Adam Ganyecz, Istvan Ladjanszki,
       Lorant Szegedy, Bence Ladoczki, Klara Petrov, Mate Farkas,
                    Pal D. Mezei, and Reka A. Horvath
 
        Department of Physical Chemistry and Materials Science
            Budapest University of Technology and Economics
                  Budapest P.O.Box 91, H-1521 Hungary
 
                              www.mrcc.hu
 
                      Release date: March 18, 2022

 ************************ 2023-02-04 11:39:37 *************************
 Executing minp...

 Reading input from MINP...
 
 Input file:
 
calc=FNO-CCSD(T)
verbosity=3
mem=220GB
unit=angs
scfiguess=small
scfalg=locfit1
ccmaxit=400
ccsdalg=dfdirect
ccsdthreads=4
ccsdmkl=thr
ptthreads=4
lnoepsv=1e-5
naf_cor=1e-2
basis=aug-cc-pVQZ
basis_sm=def2-SVP
dfbasis_scf=def2-QZVPP-RI-JK
dfbasis_cor=aug-cc-pVQZ-RI
unit=angs
geom=xyz
10

C    29.54344629    29.54344629    16.97505516
H    29.54344670    30.44187631    17.60392580
H    29.54344662    28.64496649    17.60393442
H    30.44658454    29.54342777    16.34911135
H    28.64030918    29.54342779    16.34911130
C    29.54344629    46.42541560    16.97505516
H    29.54344670    47.32384562    17.60392580
H    29.54344662    45.52693580    17.60393442
H    30.44658454    46.42539708    16.34911135
H    28.64030918    46.42539710    16.34911130

--------------------Output has been truncated-------------------------


--------------------Output has been truncated-------------------------


--------------------Output has been truncated-------------------------


--------------------Output has been truncated-------------------------


--------------------Output has been truncated-------------------------


--------------------Output has been truncated-------------------------


--------------------Output has been truncated-------------------------


--------------------Output has been truncated-------------------------


--------------------Output has been truncated-------------------------


--------------------Output has been truncated-------------------------


 
 Reference energy [au]:                       -80.431228344725
 DF-MP2 singlet pair energy [au]:              -0.347505776318
 DF-MP2 triplet pair energy [au]:              -0.074996781364
 DF-SCS-MP2 correlation energy [au]:           -0.442005858703
 DF-SCS-MP2 energy [au]:                      -80.873234203428
 DF-SOS-MP2 correlation energy [au]:           -0.451757509213
 DF-SOS-MP2 energy [au]:                      -80.882985853938
 DF-MP2 correlation energy [au]:               -0.422502557682
 DF-MP2 energy [au]:                          -80.853730902407

 Results in FNO basis:
 
 
 Reference energy [au]:                       -80.431228344725
 DF-MP2 singlet pair energy [au]:              -0.341236439303
 DF-MP2 triplet pair energy [au]:              -0.074714172790
 DF-SCS-MP2 correlation energy [au]:           -0.434388451427
 DF-SCS-MP2 energy [au]:                      -80.865616796152
 DF-SOS-MP2 correlation energy [au]:           -0.443607371094
 DF-SOS-MP2 energy [au]:                      -80.874835715819
 DF-MP2 correlation energy [au]:               -0.415950612093
 DF-MP2 energy [au]:                          -80.847178956818

 Results in NAF basis:
 
 
 Reference energy [au]:                       -80.431228344725
 DF-MP2 singlet pair energy [au]:              -0.341202853483
 DF-MP2 triplet pair energy [au]:              -0.074726471633
 DF-SCS-MP2 correlation energy [au]:           -0.434352248058
 DF-SCS-MP2 energy [au]:                      -80.865580592782
 DF-SOS-MP2 correlation energy [au]:           -0.443563709528
 DF-SOS-MP2 energy [au]:                      -80.874792054253
 DF-MP2 correlation energy [au]:               -0.415929325116
 DF-MP2 energy [au]:                          -80.847157669841

 ************************ 2023-02-04 11:40:13 *************************
 Executing ccsd...

 Allocation of 220.0 Gbytes of memory...

 Direct DF-CCSD(T) calculation
 
 Convergence criterion:  1.0E-06
 
 Number of occupied/virtual/auxiliary orbitals:     8   202   639
   1311.83 MB is the minimal memory requirement for (T)
    292.76 MB is the minimal memory requirement for CCSD
 
 Reference energy [au]:             -80.431228344725
 T1 contribution [au]:                0.000000000000
 Same spin MP2 energy [au]:          -0.074720314456
 Opposite spin MP2 energy [au]:      -0.341219630784
 MP2 correlation energy [au]:        -0.415939945240
 Total MP2 energy [au]:             -80.847168289965
 MP2 correction [au]:                -0.006562612442
 
 
 CPU time [min]:     0.485                   Wall time [min]:     0.060
 
 Starting CCSD iterations...
 
                     Residual norm          Energy
 Iteration  1        0.196095382947      -80.873058898646
 Iteration  2        0.050021422622      -80.884105747120
 Iteration  3        0.013817805239      -80.885271597310
 Iteration  4        0.002857706334      -80.885280598037
 Iteration  5        0.000530130167      -80.885293611656
 Iteration  6        0.000119912160      -80.885293364553
 Iteration  7        0.000028597370      -80.885294744449
 Iteration  8        0.000005286960      -80.885294858358
 Iteration  9        0.000001125590      -80.885294834405
 
 CCSD iteration has converged in  9 steps.
     6687.47 MB memory was utilized by CCSD
 
 T1 diagnostic:      7.996E-03            D1 diagnostic:      1.292E-02
 
 T1 contribution [au]:                                  0.000000000000
 PPL energy contribution [au]:                          0.121205035499
 Scaled PPL energy contribution [au]:                   0.123118481336

 OS-PPL energy contribution [au]:                       0.107548238200
 Scaled OS-PPL energy contribution [au]:                0.109533862600
 SS-PPL energy contribution [au]:                       0.013656797299
 Scaled SS-PPL energy contribution [au]:                0.013705570044

 Opposite spin CCSD energy [au]:                       -0.382008154210
 Same spin CCSD energy [au]:                           -0.072071409845
 CCSD correlation energy [au]:                         -0.454079564055
 CCSD correlation energy + MP2 correction [au]:        -0.460642176497
 CCSD correlation energy + MP2 + PPL corr. [au]:       -0.458728730660
 Total CCSD energy [au]:                              -80.885307908780
 Total CCSD energy + MP2 correction [au]:             -80.891870521222
 Total CCSD energy + MP2 + PPL corr. [au]:            -80.889957075385
 
 CPU time [min]:    12.676                   Wall time [min]:     0.409
 
 Calculation of (T) correction...
 
 
     1275.11 MB memory is utilized for (T)

 0%       25%       50%       75%       100%
 |---------|---------|---------|---------| 
 
 (T) correction [au]:                                    -0.013883442372
 (T*) correction [au]:                                   -0.014102492388
 (T+) correction [au]:                                   -0.014101666531
 CCSD(T) correlation energy [au]:                        -0.467963006427
 CCSD(T) correlation energy + MP2 correction [au]:       -0.474525618869
 CCSD(T+) correlation en. + MP2 + PPL corr. [au]:        -0.472830397191
 Total CCSD(T) energy [au]:                             -80.899191351152
 Total CCSD(T) energy + MP2 correction [au]:            -80.905753963594
 Total CCSD(T+) energy + MP2 + PPL corr. [au]:          -80.904058741916
 
 CPU time [min]:    16.675                   Wall time [min]:     0.558
 
 ************************ 2023-02-04 11:40:46 *************************
                      Normal termination of mrcc.
 **********************************************************************
