 **********************************************************************
                          MRCC program system
 **********************************************************************
 
                              Written by
     Mihaly Kallay, Peter R. Nagy, David Mester, Laszlo Gyevi-Nagy,
        Jozsef Csoka, P. Bernat Szabo, Zoltan Rolik, Gyula Samu,
     Jozsef Csontos, Bence Hegely, Adam Ganyecz, Istvan Ladjanszki,
       Lorant Szegedy, Bence Ladoczki, Klara Petrov, Mate Farkas,
                    Pal D. Mezei, and Reka A. Horvath
 
        Department of Physical Chemistry and Materials Science
            Budapest University of Technology and Economics
                  Budapest P.O.Box 91, H-1521 Hungary
 
                              www.mrcc.hu
 
                      Release date: March 18, 2022

 ************************ 2023-02-05 13:16:03 *************************
 Executing minp...

 Reading input from MINP...
 
 Input file:
 
calc=FNO-CCSD(T)
verbosity=3
mem=220GB
unit=angs
scfiguess=small
scfalg=locfit1
ccmaxit=400
ccsdalg=dfdirect
ccsdthreads=4
ccsdmkl=thr
ptthreads=4
lnoepsv=1e-5
naf_cor=1e-2
basis=aug-cc-pVTZ
basis_sm=def2-SVP
dfbasis_scf=def2-QZVPP-RI-JK
dfbasis_cor=aug-cc-pVTZ-RI
unit=angs
geom=xyz
16

C    34.41670262    34.07107264    10.41543014
C    33.11117461    33.45680459    10.91530835
H    34.24160149    35.00442132     9.86225048
H    34.94674030    33.36940783     9.75379242
H    35.10002891    34.30603621    11.24227357
H    32.42643037    33.26105434    10.07939442
H    32.59136835    34.12756100    11.61262818
H    33.28915165    32.50678735    11.43686767
C    45.74245091    36.18152134    10.40840413
C    47.04216650    35.56768136    10.92356358
H    45.21716670    35.47732643     9.74574003
H    45.92449924    37.11247849     9.85293887
H    45.05140676    36.42212532    11.22701403
H    47.73607526    35.37102181    10.09557036
H    46.85792277    34.61815933    11.44395536
H    47.55426425    36.23927251    11.62583355

--------------------Output has been truncated-------------------------


--------------------Output has been truncated-------------------------


--------------------Output has been truncated-------------------------


--------------------Output has been truncated-------------------------


--------------------Output has been truncated-------------------------


--------------------Output has been truncated-------------------------


--------------------Output has been truncated-------------------------


--------------------Output has been truncated-------------------------


--------------------Output has been truncated-------------------------


--------------------Output has been truncated-------------------------


 
 Reference energy [au]:                      -158.519089090007
 DF-MP2 singlet pair energy [au]:              -0.600511080713
 DF-MP2 triplet pair energy [au]:              -0.150064539755
 DF-SCS-MP2 correlation energy [au]:           -0.770634810108
 DF-SCS-MP2 energy [au]:                     -159.289723900115
 DF-SOS-MP2 correlation energy [au]:           -0.780664404927
 DF-SOS-MP2 energy [au]:                     -159.299753494935
 DF-MP2 correlation energy [au]:               -0.750575620468
 DF-MP2 energy [au]:                         -159.269664710475

 Results in FNO basis:
 
 
 Reference energy [au]:                      -158.519089090007
 DF-MP2 singlet pair energy [au]:              -0.598170382296
 DF-MP2 triplet pair energy [au]:              -0.149851923664
 DF-SCS-MP2 correlation energy [au]:           -0.767755099977
 DF-SCS-MP2 energy [au]:                     -159.286844189984
 DF-SOS-MP2 correlation energy [au]:           -0.777621496985
 DF-SOS-MP2 energy [au]:                     -159.296710586992
 DF-MP2 correlation energy [au]:               -0.748022305960
 DF-MP2 energy [au]:                         -159.267111395968

 Results in NAF basis:
 
 
 Reference energy [au]:                      -158.519089090007
 DF-MP2 singlet pair energy [au]:              -0.598049342387
 DF-MP2 triplet pair energy [au]:              -0.149930129585
 DF-SCS-MP2 correlation energy [au]:           -0.767635920726
 DF-SCS-MP2 energy [au]:                     -159.286725010734
 DF-SOS-MP2 correlation energy [au]:           -0.777464145103
 DF-SOS-MP2 energy [au]:                     -159.296553235111
 DF-MP2 correlation energy [au]:               -0.747979471972
 DF-MP2 energy [au]:                         -159.267068561980

 ************************ 2023-02-05 13:16:52 *************************
 Executing ccsd...

 Allocation of 220.0 Gbytes of memory...

 Direct DF-CCSD(T) calculation
 
 Convergence criterion:  1.0E-06
 
 Number of occupied/virtual/auxiliary orbitals:    14   278   756
   3422.71 MB is the minimal memory requirement for (T)
    780.99 MB is the minimal memory requirement for CCSD
 
 Reference energy [au]:            -158.519089090007
 T1 contribution [au]:                0.000000000000
 Same spin MP2 energy [au]:          -0.149890908549
 Opposite spin MP2 energy [au]:      -0.598109521332
 MP2 correlation energy [au]:        -0.748000429881
 Total MP2 energy [au]:            -159.267089519888
 MP2 correction [au]:                -0.002575190587
 
 
 CPU time [min]:     0.911                   Wall time [min]:     0.133
 
 Starting CCSD iterations...
 
                     Residual norm          Energy
 Iteration  1        0.241423069292     -159.308946236087
 Iteration  2        0.060038384809     -159.328076186279
 Iteration  3        0.015975990966     -159.329988363383
 Iteration  4        0.003604225589     -159.330004998292
 Iteration  5        0.000758973051     -159.330015413121
 Iteration  6        0.000215378018     -159.330021567734
 Iteration  7        0.000051277571     -159.330021137014
 Iteration  8        0.000013081092     -159.330021720267
 Iteration  9        0.000002622800     -159.330021668220
 
 CCSD iteration has converged in  9 steps.
    23656.02 MB memory was utilized by CCSD
 
 T1 diagnostic:      7.817E-03            D1 diagnostic:      1.354E-02
 
 T1 contribution [au]:                                  0.000000000000
 PPL energy contribution [au]:                          0.205823794583
 Scaled PPL energy contribution [au]:                   0.206541183168

 OS-PPL energy contribution [au]:                       0.179923329089
 Scaled OS-PPL energy contribution [au]:                0.180665471535
 SS-PPL energy contribution [au]:                       0.025900465494
 Scaled SS-PPL energy contribution [au]:                0.025924114246

 Opposite spin CCSD energy [au]:                       -0.668570208949
 Same spin CCSD energy [au]:                           -0.142399470650
 CCSD correlation energy [au]:                         -0.810969679599
 CCSD correlation energy + MP2 correction [au]:        -0.813544870186
 CCSD correlation energy + MP2 + PPL corr. [au]:       -0.812827481600
 Total CCSD energy [au]:                             -159.330058769606
 Total CCSD energy + MP2 correction [au]:            -159.332633960193
 Total CCSD energy + MP2 + PPL corr. [au]:           -159.331916571608
 
 CPU time [min]:    55.141                   Wall time [min]:     1.851
 
 Calculation of (T) correction...
 
 
     4429.83 MB memory is utilized for (T)

 0%       25%       50%       75%       100%
 |---------|---------|---------|---------| 
 
 (T) correction [au]:                                    -0.027918211761
 (T*) correction [au]:                                   -0.028014327637
 (T+) correction [au]:                                   -0.028013154792
 CCSD(T) correlation energy [au]:                        -0.838887891360
 CCSD(T) correlation energy + MP2 correction [au]:       -0.841463081947
 CCSD(T+) correlation en. + MP2 + PPL corr. [au]:        -0.840840636393
 Total CCSD(T) energy [au]:                            -159.357976981368
 Total CCSD(T) energy + MP2 correction [au]:           -159.360552171954
 Total CCSD(T+) energy + MP2 + PPL corr. [au]:         -159.359929726400
 
 CPU time [min]:   113.543                   Wall time [min]:     3.566
 
 ************************ 2023-02-05 13:20:26 *************************
                      Normal termination of mrcc.
 **********************************************************************
