 **********************************************************************
                          MRCC program system
 **********************************************************************
 
                              Written by
     Mihaly Kallay, Peter R. Nagy, David Mester, Laszlo Gyevi-Nagy,
        Jozsef Csoka, P. Bernat Szabo, Zoltan Rolik, Gyula Samu,
     Jozsef Csontos, Bence Hegely, Adam Ganyecz, Istvan Ladjanszki,
       Lorant Szegedy, Bence Ladoczki, Klara Petrov, Mate Farkas,
                    Pal D. Mezei, and Reka A. Horvath
 
        Department of Physical Chemistry and Materials Science
            Budapest University of Technology and Economics
                  Budapest P.O.Box 91, H-1521 Hungary
 
                              www.mrcc.hu
 
                      Release date: March 18, 2022

 ************************ 2023-02-05 13:28:10 *************************
 Executing minp...

 Reading input from MINP...
 
 Input file:
 
calc=FNO-CCSD(T)
verbosity=3
mem=220GB
unit=angs
scfiguess=small
scfalg=locfit1
ccmaxit=400
ccsdalg=dfdirect
ccsdthreads=4
ccsdmkl=thr
ptthreads=4
lnoepsv=1e-5
naf_cor=1e-2
basis=aug-cc-pVTZ
basis_sm=def2-SVP
dfbasis_scf=def2-QZVPP-RI-JK
dfbasis_cor=aug-cc-pVTZ-RI
unit=angs
geom=xyz
16

C    34.41670262    34.07107264    10.41543014
C    33.11117461    33.45680459    10.91530835
H    34.24160149    35.00442132     9.86225048
H    34.94674030    33.36940783     9.75379242
H    35.10002891    34.30603621    11.24227357
H    32.42643037    33.26105434    10.07939442
H    32.59136835    34.12756100    11.61262818
H    33.28915165    32.50678735    11.43686767
C    20.41949921    23.52004258    10.40841099
C    21.71921719    22.90620846    10.92356869
H    19.89425880    22.81583689     9.74571409
H    20.60153508    24.45098191     9.85291346
H    19.72847188    23.76067685    11.22702485
H    22.41305761    22.70956722    10.09551480
H    21.53497697    21.95668890    11.44396498
H    22.23133663    23.57775033    11.62587494

--------------------Output has been truncated-------------------------


--------------------Output has been truncated-------------------------


--------------------Output has been truncated-------------------------


--------------------Output has been truncated-------------------------


--------------------Output has been truncated-------------------------


--------------------Output has been truncated-------------------------


--------------------Output has been truncated-------------------------


--------------------Output has been truncated-------------------------


--------------------Output has been truncated-------------------------


--------------------Output has been truncated-------------------------


 
 Reference energy [au]:                      -158.519089283127
 DF-MP2 singlet pair energy [au]:              -0.600509803560
 DF-MP2 triplet pair energy [au]:              -0.150063587437
 DF-SCS-MP2 correlation energy [au]:           -0.770632960084
 DF-SCS-MP2 energy [au]:                     -159.289722243211
 DF-SOS-MP2 correlation energy [au]:           -0.780662744628
 DF-SOS-MP2 energy [au]:                     -159.299752027754
 DF-MP2 correlation energy [au]:               -0.750573390997
 DF-MP2 energy [au]:                         -159.269662674123

 Results in FNO basis:
 
 
 Reference energy [au]:                      -158.519089283127
 DF-MP2 singlet pair energy [au]:              -0.598169365626
 DF-MP2 triplet pair energy [au]:              -0.149851035806
 DF-SCS-MP2 correlation energy [au]:           -0.767753584020
 DF-SCS-MP2 energy [au]:                     -159.286842867146
 DF-SOS-MP2 correlation energy [au]:           -0.777620175314
 DF-SOS-MP2 energy [au]:                     -159.296709458440
 DF-MP2 correlation energy [au]:               -0.748020401431
 DF-MP2 energy [au]:                         -159.267109684558

 Results in NAF basis:
 
 
 Reference energy [au]:                      -158.519089283127
 DF-MP2 singlet pair energy [au]:              -0.598047844211
 DF-MP2 triplet pair energy [au]:              -0.149929104617
 DF-SCS-MP2 correlation energy [au]:           -0.767633781259
 DF-SCS-MP2 energy [au]:                     -159.286723064385
 DF-SOS-MP2 correlation energy [au]:           -0.777462197474
 DF-SOS-MP2 energy [au]:                     -159.296551480600
 DF-MP2 correlation energy [au]:               -0.747976948828
 DF-MP2 energy [au]:                         -159.267066231954

 ************************ 2023-02-05 13:28:53 *************************
 Executing ccsd...

 Allocation of 220.0 Gbytes of memory...

 Direct DF-CCSD(T) calculation
 
 Convergence criterion:  1.0E-06
 
 Number of occupied/virtual/auxiliary orbitals:    14   278   756
   3422.71 MB is the minimal memory requirement for (T)
    780.99 MB is the minimal memory requirement for CCSD
 
 Reference energy [au]:            -158.519089283127
 T1 contribution [au]:                0.000000000000
 Same spin MP2 energy [au]:          -0.149889951925
 Opposite spin MP2 energy [au]:      -0.598108263542
 MP2 correlation energy [au]:        -0.747998215467
 Total MP2 energy [au]:            -159.267087498593
 MP2 correction [au]:                -0.002575175530
 
 
 CPU time [min]:     0.907                   Wall time [min]:     0.132
 
 Starting CCSD iterations...
 
                     Residual norm          Energy
 Iteration  1        0.241423328077     -159.308944319575
 Iteration  2        0.060038604745     -159.328074339537
 Iteration  3        0.015975949511     -159.329986501192
 Iteration  4        0.003604227289     -159.330003137266
 Iteration  5        0.000758967659     -159.330013553129
 Iteration  6        0.000215376040     -159.330019707907
 Iteration  7        0.000051277211     -159.330019277172
 Iteration  8        0.000013080833     -159.330019860443
 Iteration  9        0.000002622731     -159.330019808393
 
 CCSD iteration has converged in  9 steps.
    23656.02 MB memory was utilized by CCSD
 
 T1 diagnostic:      7.817E-03            D1 diagnostic:      1.354E-02
 
 T1 contribution [au]:                                  0.000000000000
 PPL energy contribution [au]:                          0.205823711956
 Scaled PPL energy contribution [au]:                   0.206541180713

 OS-PPL energy contribution [au]:                       0.179923277029
 Scaled OS-PPL energy contribution [au]:                0.180665484448
 SS-PPL energy contribution [au]:                       0.025900434926
 Scaled SS-PPL energy contribution [au]:                0.025924095089

 Opposite spin CCSD energy [au]:                       -0.668569371944
 Same spin CCSD energy [au]:                           -0.142398563876
 CCSD correlation energy [au]:                         -0.810967935820
 CCSD correlation energy + MP2 correction [au]:        -0.813543111350
 CCSD correlation energy + MP2 + PPL corr. [au]:       -0.812825642593
 Total CCSD energy [au]:                             -159.330057218947
 Total CCSD energy + MP2 correction [au]:            -159.332632394477
 Total CCSD energy + MP2 + PPL corr. [au]:           -159.331914925719
 
 CPU time [min]:    53.579                   Wall time [min]:     1.787
 
 Calculation of (T) correction...
 
 
     4429.83 MB memory is utilized for (T)

 0%       25%       50%       75%       100%
 |---------|---------|---------|---------| 
 
 (T) correction [au]:                                    -0.027917951292
 (T*) correction [au]:                                   -0.028014065993
 (T+) correction [au]:                                   -0.028012903202
 CCSD(T) correlation energy [au]:                        -0.838885887112
 CCSD(T) correlation energy + MP2 correction [au]:       -0.841461062642
 CCSD(T+) correlation en. + MP2 + PPL corr. [au]:        -0.840838545795
 Total CCSD(T) energy [au]:                            -159.357975170239
 Total CCSD(T) energy + MP2 correction [au]:           -159.360550345769
 Total CCSD(T+) energy + MP2 + PPL corr. [au]:         -159.359927828921
 
 CPU time [min]:   111.500                   Wall time [min]:     3.490
 
 ************************ 2023-02-05 13:32:23 *************************
                      Normal termination of mrcc.
 **********************************************************************
