 **********************************************************************
                          MRCC program system
 **********************************************************************
 
                              Written by
     Mihaly Kallay, Peter R. Nagy, David Mester, Laszlo Gyevi-Nagy,
        Jozsef Csoka, P. Bernat Szabo, Zoltan Rolik, Gyula Samu,
     Jozsef Csontos, Bence Hegely, Adam Ganyecz, Istvan Ladjanszki,
       Lorant Szegedy, Bence Ladoczki, Klara Petrov, Mate Farkas,
                    Pal D. Mezei, and Reka A. Horvath
 
        Department of Physical Chemistry and Materials Science
            Budapest University of Technology and Economics
                  Budapest P.O.Box 91, H-1521 Hungary
 
                              www.mrcc.hu
 
                      Release date: March 18, 2022

 ************************ 2023-02-04 11:48:29 *************************
 Executing minp...

 Reading input from MINP...
 
 Input file:
 
calc=FNO-CCSD(T)
verbosity=3
mem=220GB
unit=angs
scfiguess=small
scfalg=locfit1
ccmaxit=400
ccsdalg=dfdirect
ccsdthreads=4
ccsdmkl=thr
ptthreads=4
lnoepsv=1e-5
naf_cor=1e-2
basis=aug-cc-pVQZ
basis_sm=def2-SVP
dfbasis_scf=def2-QZVPP-RI-JK
dfbasis_cor=aug-cc-pVQZ-RI
unit=angs
geom=xyz
10

C    29.54344629    29.54344629    16.97505516
H    29.54344670    30.44187631    17.60392580
H    29.54344662    28.64496649    17.60393442
H    30.44658454    29.54342777    16.34911135
H    28.64030918    29.54342779    16.34911130
C    46.42538513    33.76390703    16.97524142
H    45.52689325    33.76390727    17.60416815
H    47.32392699    33.76390723    17.60417697
H    46.42540368    32.86110881    16.34882759
H    46.42540375    34.66670636    16.34882843

--------------------Output has been truncated-------------------------


--------------------Output has been truncated-------------------------


--------------------Output has been truncated-------------------------


--------------------Output has been truncated-------------------------


--------------------Output has been truncated-------------------------


--------------------Output has been truncated-------------------------


--------------------Output has been truncated-------------------------


--------------------Output has been truncated-------------------------


--------------------Output has been truncated-------------------------


--------------------Output has been truncated-------------------------


 
 Reference energy [au]:                       -80.431229545966
 DF-MP2 singlet pair energy [au]:              -0.347506339594
 DF-MP2 triplet pair energy [au]:              -0.074996467335
 DF-SCS-MP2 correlation energy [au]:           -0.442006429958
 DF-SCS-MP2 energy [au]:                      -80.873235975925
 DF-SOS-MP2 correlation energy [au]:           -0.451758241472
 DF-SOS-MP2 energy [au]:                      -80.882987787439
 DF-MP2 correlation energy [au]:               -0.422502806930
 DF-MP2 energy [au]:                          -80.853732352896

 Results in FNO basis:
 
 
 Reference energy [au]:                       -80.431229545966
 DF-MP2 singlet pair energy [au]:              -0.341236958539
 DF-MP2 triplet pair energy [au]:              -0.074713859478
 DF-SCS-MP2 correlation energy [au]:           -0.434388970073
 DF-SCS-MP2 energy [au]:                      -80.865618516039
 DF-SOS-MP2 correlation energy [au]:           -0.443608046101
 DF-SOS-MP2 energy [au]:                      -80.874837592067
 DF-MP2 correlation energy [au]:               -0.415950818017
 DF-MP2 energy [au]:                          -80.847180363984

 Results in NAF basis:
 
 
 Reference energy [au]:                       -80.431229545966
 DF-MP2 singlet pair energy [au]:              -0.341201938764
 DF-MP2 triplet pair energy [au]:              -0.074727206054
 DF-SCS-MP2 correlation energy [au]:           -0.434351395202
 DF-SCS-MP2 energy [au]:                      -80.865580941168
 DF-SOS-MP2 correlation energy [au]:           -0.443562520393
 DF-SOS-MP2 energy [au]:                      -80.874792066360
 DF-MP2 correlation energy [au]:               -0.415929144819
 DF-MP2 energy [au]:                          -80.847158690785

 ************************ 2023-02-04 11:49:05 *************************
 Executing ccsd...

 Allocation of 220.0 Gbytes of memory...

 Direct DF-CCSD(T) calculation
 
 Convergence criterion:  1.0E-06
 
 Number of occupied/virtual/auxiliary orbitals:     8   202   640
   1312.15 MB is the minimal memory requirement for (T)
    293.11 MB is the minimal memory requirement for CCSD
 
 Reference energy [au]:             -80.431229545966
 T1 contribution [au]:                0.000000000000
 Same spin MP2 energy [au]:          -0.074720523961
 Opposite spin MP2 energy [au]:      -0.341219429412
 MP2 correlation energy [au]:        -0.415939953373
 Total MP2 energy [au]:             -80.847169499340
 MP2 correction [au]:                -0.006562853556
 
 
 CPU time [min]:     0.486                   Wall time [min]:     0.056
 
 Starting CCSD iterations...
 
                     Residual norm          Energy
 Iteration  1        0.196126088978      -80.873059563844
 Iteration  2        0.050030358192      -80.884106996681
 Iteration  3        0.013819969980      -80.885272537491
 Iteration  4        0.002858146998      -80.885281538775
 Iteration  5        0.000530219209      -80.885294563189
 Iteration  6        0.000119932204      -80.885294316650
 Iteration  7        0.000028603107      -80.885295696893
 Iteration  8        0.000005287852      -80.885295810833
 Iteration  9        0.000001125804      -80.885295786873
 
 CCSD iteration has converged in  9 steps.
     6687.81 MB memory was utilized by CCSD
 
 T1 diagnostic:      7.996E-03            D1 diagnostic:      1.292E-02
 
 T1 contribution [au]:                                  0.000000000000
 PPL energy contribution [au]:                          0.121205999897
 Scaled PPL energy contribution [au]:                   0.123119594342

 OS-PPL energy contribution [au]:                       0.107549019597
 Scaled OS-PPL energy contribution [au]:                0.109535128770
 SS-PPL energy contribution [au]:                       0.013656980301
 Scaled SS-PPL energy contribution [au]:                0.013705585032

 Opposite spin CCSD energy [au]:                       -0.382008129274
 Same spin CCSD energy [au]:                           -0.072071571729
 CCSD correlation energy [au]:                         -0.454079701003
 CCSD correlation energy + MP2 correction [au]:        -0.460642554559
 CCSD correlation energy + MP2 + PPL corr. [au]:       -0.458728960115
 Total CCSD energy [au]:                              -80.885309246969
 Total CCSD energy + MP2 correction [au]:             -80.891872100526
 Total CCSD energy + MP2 + PPL corr. [au]:            -80.889958506081
 
 CPU time [min]:    13.176                   Wall time [min]:     0.419
 
 Calculation of (T) correction...
 
 
     1275.43 MB memory is utilized for (T)

 0%       25%       50%       75%       100%
 |---------|---------|---------|---------| 
 
 (T) correction [au]:                                    -0.013883702501
 (T*) correction [au]:                                   -0.014102764665
 (T+) correction [au]:                                   -0.014101949741
 CCSD(T) correlation energy [au]:                        -0.467963403504
 CCSD(T) correlation energy + MP2 correction [au]:       -0.474526257060
 CCSD(T+) correlation en. + MP2 + PPL corr. [au]:        -0.472830909856
 Total CCSD(T) energy [au]:                             -80.899192949470
 Total CCSD(T) energy + MP2 correction [au]:            -80.905755803026
 Total CCSD(T+) energy + MP2 + PPL corr. [au]:          -80.904060455822
 
 CPU time [min]:    17.197                   Wall time [min]:     0.551
 
 ************************ 2023-02-04 11:49:39 *************************
                      Normal termination of mrcc.
 **********************************************************************
