 **********************************************************************
                          MRCC program system
 **********************************************************************
 
                              Written by
     Mihaly Kallay, Peter R. Nagy, David Mester, Laszlo Gyevi-Nagy,
        Jozsef Csoka, P. Bernat Szabo, Zoltan Rolik, Gyula Samu,
     Jozsef Csontos, Bence Hegely, Adam Ganyecz, Istvan Ladjanszki,
       Lorant Szegedy, Bence Ladoczki, Klara Petrov, Mate Farkas,
                    Pal D. Mezei, and Reka A. Horvath
 
        Department of Physical Chemistry and Materials Science
            Budapest University of Technology and Economics
                  Budapest P.O.Box 91, H-1521 Hungary
 
                              www.mrcc.hu
 
                      Release date: March 18, 2022

 ************************ 2023-02-04 11:54:19 *************************
 Executing minp...

 Reading input from MINP...
 
 Input file:
 
calc=FNO-CCSD(T)
verbosity=3
mem=220GB
unit=angs
scfiguess=small
scfalg=locfit1
ccmaxit=400
ccsdalg=dfdirect
ccsdthreads=4
ccsdmkl=thr
ptthreads=4
lnoepsv=1e-5
naf_cor=1e-2
basis=aug-cc-pVTZ
basis_sm=def2-SVP
dfbasis_scf=def2-QZVPP-RI-JK
dfbasis_cor=aug-cc-pVTZ-RI
unit=angs
geom=xyz
10

C    29.54344629    29.54344629    16.97505516
H    29.54344670    30.44187631    17.60392580
H    29.54344662    28.64496649    17.60393442
H    30.44658454    29.54342777    16.34911135
H    28.64030918    29.54342779    16.34911130
C    21.10243117    42.20489168    16.97524142
H    20.20393929    42.20489192    17.60416815
H    22.00097302    42.20489188    17.60417697
H    21.10244972    41.30209347    16.34882759
H    21.10244979    43.10769102    16.34882843

--------------------Output has been truncated-------------------------


--------------------Output has been truncated-------------------------


--------------------Output has been truncated-------------------------


--------------------Output has been truncated-------------------------


--------------------Output has been truncated-------------------------


--------------------Output has been truncated-------------------------


--------------------Output has been truncated-------------------------


--------------------Output has been truncated-------------------------


--------------------Output has been truncated-------------------------


--------------------Output has been truncated-------------------------


 
 Reference energy [au]:                       -80.426029310945
 DF-MP2 singlet pair energy [au]:              -0.328838436979
 DF-MP2 triplet pair energy [au]:              -0.073188864021
 DF-SCS-MP2 correlation energy [au]:           -0.419002412382
 DF-SCS-MP2 energy [au]:                      -80.845031723327
 DF-SOS-MP2 correlation energy [au]:           -0.427489968073
 DF-SOS-MP2 energy [au]:                      -80.853519279018
 DF-MP2 correlation energy [au]:               -0.402027301000
 DF-MP2 energy [au]:                          -80.828056611946

 Results in FNO basis:
 
 
 Reference energy [au]:                       -80.426029310945
 DF-MP2 singlet pair energy [au]:              -0.327537894329
 DF-MP2 triplet pair energy [au]:              -0.073101342345
 DF-SCS-MP2 correlation energy [au]:           -0.417412587309
 DF-SCS-MP2 energy [au]:                      -80.843441898255
 DF-SOS-MP2 correlation energy [au]:           -0.425799262627
 DF-SOS-MP2 energy [au]:                      -80.851828573573
 DF-MP2 correlation energy [au]:               -0.400639236674
 DF-MP2 energy [au]:                          -80.826668547619

 Results in NAF basis:
 
 
 Reference energy [au]:                       -80.426029310945
 DF-MP2 singlet pair energy [au]:              -0.327472085382
 DF-MP2 triplet pair energy [au]:              -0.073140186002
 DF-SCS-MP2 correlation energy [au]:           -0.417346564460
 DF-SCS-MP2 energy [au]:                      -80.843375875405
 DF-SOS-MP2 correlation energy [au]:           -0.425713710997
 DF-SOS-MP2 energy [au]:                      -80.851743021942
 DF-MP2 correlation energy [au]:               -0.400612271385
 DF-MP2 energy [au]:                          -80.826641582330

 ************************ 2023-02-04 11:54:37 *************************
 Executing ccsd...

 Allocation of 220.0 Gbytes of memory...

 Direct DF-CCSD(T) calculation
 
 Convergence criterion:  1.0E-06
 
 Number of occupied/virtual/auxiliary orbitals:     8   166   443
    715.53 MB is the minimal memory requirement for (T)
    155.43 MB is the minimal memory requirement for CCSD
 
 Reference energy [au]:             -80.426029310945
 T1 contribution [au]:                0.000000000000
 Same spin MP2 energy [au]:          -0.073120710405
 Opposite spin MP2 energy [au]:      -0.327504827574
 MP2 correlation energy [au]:        -0.400625537979
 Total MP2 energy [au]:             -80.826654848925
 MP2 correction [au]:                -0.001401763021
 
 
 CPU time [min]:     0.354                   Wall time [min]:     0.016
 
 Starting CCSD iterations...
 
                     Residual norm          Energy
 Iteration  1        0.186523192003      -80.855590514577
 Iteration  2        0.047736976438      -80.866636939118
 Iteration  3        0.011571667965      -80.867569411407
 Iteration  4        0.002706745798      -80.867574624665
 Iteration  5        0.000513314957      -80.867588730995
 Iteration  6        0.000104128568      -80.867588996362
 Iteration  7        0.000025077028      -80.867590207182
 Iteration  8        0.000004385030      -80.867590242672
 Iteration  9        0.000000887474      -80.867590225629
 
 CCSD iteration has converged in  9 steps.
     3072.80 MB memory was utilized by CCSD
 
 T1 diagnostic:      7.475E-03            D1 diagnostic:      1.210E-02
 
 T1 contribution [au]:                                  0.000000000000
 PPL energy contribution [au]:                          0.114977269967
 Scaled PPL energy contribution [au]:                   0.115382473857

 OS-PPL energy contribution [au]:                       0.101747176152
 Scaled OS-PPL energy contribution [au]:                0.102170609736
 SS-PPL energy contribution [au]:                       0.013230093815
 Scaled SS-PPL energy contribution [au]:                0.013239159599

 Opposite spin CCSD energy [au]:                       -0.370938165212
 Same spin CCSD energy [au]:                           -0.070644097359
 CCSD correlation energy [au]:                         -0.441582262572
 CCSD correlation energy + MP2 correction [au]:        -0.442984025593
 CCSD correlation energy + MP2 + PPL corr. [au]:       -0.442578821702
 Total CCSD energy [au]:                              -80.867611573517
 Total CCSD energy + MP2 correction [au]:             -80.869013336538
 Total CCSD energy + MP2 + PPL corr. [au]:            -80.868608132648
 
 CPU time [min]:     5.625                   Wall time [min]:     0.164
 
 Calculation of (T) correction...
 
 
      698.30 MB memory is utilized for (T)

 0%       25%       50%       75%       100%
 |---------|---------|---------|---------| 
 
 (T) correction [au]:                                    -0.013137855608
 (T*) correction [au]:                                   -0.013183824121
 (T+) correction [au]:                                   -0.013183807198
 CCSD(T) correlation energy [au]:                        -0.454720118180
 CCSD(T) correlation energy + MP2 correction [au]:       -0.456121881201
 CCSD(T+) correlation en. + MP2 + PPL corr. [au]:        -0.455762628900
 Total CCSD(T) energy [au]:                             -80.880749429125
 Total CCSD(T) energy + MP2 correction [au]:            -80.882151192146
 Total CCSD(T+) energy + MP2 + PPL corr. [au]:          -80.881791939845
 
 CPU time [min]:     7.638                   Wall time [min]:     0.234
 
 ************************ 2023-02-04 11:54:51 *************************
                      Normal termination of mrcc.
 **********************************************************************
