 **********************************************************************
                          MRCC program system
 **********************************************************************
 
                              Written by
     Mihaly Kallay, Peter R. Nagy, David Mester, Laszlo Gyevi-Nagy,
        Jozsef Csoka, P. Bernat Szabo, Zoltan Rolik, Gyula Samu,
     Jozsef Csontos, Bence Hegely, Adam Ganyecz, Istvan Ladjanszki,
       Lorant Szegedy, Bence Ladoczki, Klara Petrov, Mate Farkas,
                    Pal D. Mezei, and Reka A. Horvath
 
        Department of Physical Chemistry and Materials Science
            Budapest University of Technology and Economics
                  Budapest P.O.Box 91, H-1521 Hungary
 
                              www.mrcc.hu
 
                      Release date: March 18, 2022

 ************************ 2023-02-04 11:51:36 *************************
 Executing minp...

 Reading input from MINP...
 
 Input file:
 
calc=FNO-CCSD(T)
verbosity=3
mem=220GB
unit=angs
scfiguess=small
scfalg=locfit1
ccmaxit=400
ccsdalg=dfdirect
ccsdthreads=4
ccsdmkl=thr
ptthreads=4
lnoepsv=1e-5
naf_cor=1e-2
basis=aug-cc-pVTZ
basis_sm=def2-SVP
dfbasis_scf=def2-QZVPP-RI-JK
dfbasis_cor=aug-cc-pVTZ-RI
unit=angs
geom=xyz
10

C    29.54344629    29.54344629    16.97505516
H    29.54344670    30.44187631    17.60392580
H    29.54344662    28.64496649    17.60393442
H    30.44658454    29.54342777    16.34911135
H    28.64030918    29.54342779    16.34911130
C    12.66144652    33.76390703    16.97524142
H    11.76295464    33.76390727    17.60416815
H    13.55998837    33.76390723    17.60417697
H    12.66146506    32.86110881    16.34882759
H    12.66146513    34.66670636    16.34882843

--------------------Output has been truncated-------------------------


--------------------Output has been truncated-------------------------


--------------------Output has been truncated-------------------------


--------------------Output has been truncated-------------------------


--------------------Output has been truncated-------------------------


--------------------Output has been truncated-------------------------


--------------------Output has been truncated-------------------------


--------------------Output has been truncated-------------------------


--------------------Output has been truncated-------------------------


--------------------Output has been truncated-------------------------


 
 Reference energy [au]:                       -40.213015306140
 DF-MP2 singlet pair energy [au]:              -0.164419544639
 DF-MP2 triplet pair energy [au]:              -0.036594239890
 DF-SCS-MP2 correlation energy [au]:           -0.209501533531
 DF-SCS-MP2 energy [au]:                      -40.422516839671
 DF-SOS-MP2 correlation energy [au]:           -0.213745408031
 DF-SOS-MP2 energy [au]:                      -40.426760714171
 DF-MP2 correlation energy [au]:               -0.201013784530
 DF-MP2 energy [au]:                          -40.414029090670

 Results in FNO basis:
 
 
 Reference energy [au]:                       -40.213015306140
 DF-MP2 singlet pair energy [au]:              -0.163769260869
 DF-MP2 triplet pair energy [au]:              -0.036550481529
 DF-SCS-MP2 correlation energy [au]:           -0.208706606886
 DF-SCS-MP2 energy [au]:                      -40.421721913026
 DF-SOS-MP2 correlation energy [au]:           -0.212900039130
 DF-SOS-MP2 energy [au]:                      -40.425915345270
 DF-MP2 correlation energy [au]:               -0.200319742398
 DF-MP2 energy [au]:                          -40.413335048538

 Results in NAF basis:
 
 
 Reference energy [au]:                       -40.213015306140
 DF-MP2 singlet pair energy [au]:              -0.163734981550
 DF-MP2 triplet pair energy [au]:              -0.036569761291
 DF-SCS-MP2 correlation energy [au]:           -0.208671898290
 DF-SCS-MP2 energy [au]:                      -40.421687204430
 DF-SOS-MP2 correlation energy [au]:           -0.212855476014
 DF-SOS-MP2 energy [au]:                      -40.425870782155
 DF-MP2 correlation energy [au]:               -0.200304742841
 DF-MP2 energy [au]:                          -40.413320048981

 ************************ 2023-02-04 11:51:52 *************************
 Executing ccsd...

 Allocation of 220.0 Gbytes of memory...

 Direct DF-CCSD(T) calculation
 
 Convergence criterion:  1.0E-06
 
 Number of occupied/virtual/auxiliary orbitals:     4    83   221
     89.04 MB is the minimal memory requirement for (T)
     22.38 MB is the minimal memory requirement for CCSD
 
 Reference energy [au]:             -40.213015306140
 T1 contribution [au]:                0.000000000000
 Same spin MP2 energy [au]:          -0.036560094029
 Opposite spin MP2 energy [au]:      -0.163752039671
 MP2 correlation energy [au]:        -0.200312133699
 Total MP2 energy [au]:             -40.413327439839
 MP2 correction [au]:                -0.000701650830
 
 
 CPU time [min]:     0.061                   Wall time [min]:     0.004
 
 Starting CCSD iterations...
 
                     Residual norm          Energy
 Iteration  1        0.131888977729      -40.427795278879
 Iteration  2        0.033755717563      -40.433318576193
 Iteration  3        0.008182081154      -40.433784780575
 Iteration  4        0.001914000484      -40.433787385746
 Iteration  5        0.000362979133      -40.433794438411
 Iteration  6        0.000073627535      -40.433794571260
 Iteration  7        0.000017731604      -40.433795176676
 Iteration  8        0.000003100587      -40.433795194395
 
 CCSD iteration has converged in  8 steps.
      207.43 MB memory was utilized by CCSD
 
 T1 diagnostic:      7.476E-03            D1 diagnostic:      1.210E-02
 
 T1 contribution [au]:                                  0.000000000000
 PPL energy contribution [au]:                          0.057488470409
 Scaled PPL energy contribution [au]:                   0.057691518987

 OS-PPL energy contribution [au]:                       0.050873495771
 Scaled OS-PPL energy contribution [au]:                0.051085652119
 SS-PPL energy contribution [au]:                       0.006614974638
 Scaled SS-PPL energy contribution [au]:                0.006619538411

 Opposite spin CCSD energy [au]:                       -0.185469477413
 Same spin CCSD energy [au]:                           -0.035321849546
 CCSD correlation energy [au]:                         -0.220791326959
 CCSD correlation energy + MP2 correction [au]:        -0.221492977789
 CCSD correlation energy + MP2 + PPL corr. [au]:       -0.221289929212
 Total CCSD energy [au]:                              -40.433806633099
 Total CCSD energy + MP2 correction [au]:             -40.434508283930
 Total CCSD energy + MP2 + PPL corr. [au]:            -40.434305235352
 
 CPU time [min]:     0.397                   Wall time [min]:     0.013
 
 Calculation of (T) correction...
 
 
       67.65 MB memory is utilized for (T)

 0%       25%       50%       75%       100%
 |---------|---------|---------|---------| 
 
 (T) correction [au]:                                    -0.006568879319
 (T*) correction [au]:                                   -0.006591888707
 (T+) correction [au]:                                   -0.006591908945
 CCSD(T) correlation energy [au]:                        -0.227360206278
 CCSD(T) correlation energy + MP2 correction [au]:       -0.228061857108
 CCSD(T+) correlation en. + MP2 + PPL corr. [au]:        -0.227881838157
 Total CCSD(T) energy [au]:                             -40.440375512418
 Total CCSD(T) energy + MP2 correction [au]:            -40.441077163248
 Total CCSD(T+) energy + MP2 + PPL corr. [au]:          -40.440897144297
 
 CPU time [min]:     0.463                   Wall time [min]:     0.015
 
 ************************ 2023-02-04 11:51:53 *************************
                      Normal termination of mrcc.
 **********************************************************************
