================================================================================
                                       INPUT FILE
================================================================================
NAME = orca.inp
|  1>  ! TightSCF RI-MP2 RIJCOSX SlowConv DIIS
|  2> %maxcore 55000
|  3> %pal
|  4> nprocs 4
|  5> end
|  6> %pointcharges "orca.bq"
|  7> %method
|  8> Method hf
|  9> RI on
| 10> RunTyp Energy
| 11> NewNCore O 2 end
| 12> NewNCore Ti 18 end
| 13> NewNCore H 0 end
| 14> NewNCore N 2 end
| 15> end
| 16> %basis
| 17> NewGTO Ti
| 18> "cc-pVDZ"
| 19> end
| 20> NewGTO H
| 21> "aug-cc-pVDZ"
| 22> end
| 23> NewGTO N
| 24> "aug-cc-pVDZ"
| 25> end
| 26> NewGTO O
| 27> "aug-cc-pVDZ"
| 28> end
| 29> NewAuxCGTO Ti
| 30> "cc-pVTZ/C"
| 31> end
| 32> NewAuxCGTO H
| 33> "aug-cc-pVDZ/C"
| 34> end
| 35> NewAuxCGTO N
| 36> "aug-cc-pVDZ/C"
| 37> end
| 38> NewAuxCGTO O 
| 39> "aug-cc-pVDZ/C"
| 40> end
| 41> Aux "def2/J"    
| 42> end
| 43> %scf
| 44> HFTyp rhf
| 45> Guess MORead
| 46> MOInp "orca_svp_start.gbw"
| 47> SCFMode Direct
| 48> sthresh 1e-6
| 49> AutoTRAHIter 60
| 50> MaxIter 1000
| 51> end
| 52> %coords
| 53> CTyp xyz
| 54> Mult 1
| 55> Units angs
| 56>       Charge -28
| 57>   coords
| 58> N:                      1.08696518842   -0.00000009305    1.23710519961
| 59> H:                      0.44123724179   -0.00000009812    2.02707937735
| 60> H:                      1.69411477679   -0.81895599788    1.31372553080
| 61> H:                      1.69411473181    0.81895581130    1.31372550327
| 62> Ti                      0.00000000000    0.00000000000   -0.78470163195
| 63> O                      -1.65931196752   -0.00000001427    0.00000000000
| 64> O                      -0.96790782391    0.00000013002   -2.39107888348
| 65> O                       0.48191419882    1.92321403687   -0.74930529898
| 66> O                       0.48191412838   -1.92321415670   -0.74930552111
| 67> O                       1.92020220131   -0.00000003587   -1.56437186685
| 68> Ti                     -2.78551524383   -0.00000001235   -1.47979682550
| 69> Ti                      2.29583925195    1.89297887512   -1.56954627905
| 70> Ti                      2.29583935517   -1.89297894838   -1.56954597647
| 71> O                      -3.19665888055    1.89067000888   -1.48726276009
| 72> O                      -3.19665877773   -1.89066985771   -1.48726276379
| 73> Ti                     -0.03135911375    3.80500941194   -0.94966962225
| 74> Ti                     -0.03135918251   -3.80500946216   -0.94966978715
| 75> O                       1.92443748297    1.90563485787   -3.57765260380
| 76> O                       1.92443762326   -1.90563474989   -3.57765245533
| 77> O                       3.45781091878    1.86311336808   -0.08518513178
| 78> O                       3.45781086578   -1.86311359979   -0.08518468892
| 79> O                      -1.63761086029    3.78282509145   -0.06190784883
| 80> O                      -1.63761071632   -3.78282496517   -0.06190774746
| 81> O                      -3.22826352143    0.00000008085   -3.53515073139
| 82> O                      -0.96526835796    3.82054731076   -2.46159115225
| 83> O                      -0.96526860954   -3.82054738327   -2.46159099566
| 84> O                       1.94720627492    3.79681203299   -1.53357399023
| 85> O                       1.94720637729   -3.79681191215   -1.53357406093
| 86> O                      -4.66706421519    0.00000006401   -0.70471652657
| 87> Ti                     -2.82534088990    3.78184218887   -1.49800854206
| 88> Ti                     -2.82534095751   -3.78184229517   -1.49800831449
| 89> O                       4.18439463610    1.89814687122   -2.47677521113
| 90> O                       4.18439487625   -1.89814672348   -2.47677473053
| 91> Ti                      5.08352345696    1.88226488583   -0.94355012178
| 92> Ti                      5.08352338689   -1.88226490382   -0.94354943776
| 93> Ti                     -5.19023539879    1.88226488583   -0.94355012178
| 94> Ti                     -5.19023546887   -1.88226490382   -0.94354943776
| 95> O                       5.60669464056    0.00000006401   -0.70471652657
| 96> O                      -3.22407024516    3.78420454486   -3.55342672908
| 97> O                      -3.22407039129   -3.78420450988   -3.55342667874
| 98> O                       0.49922028254    5.68440688894   -0.69227213573
| 99> O                       0.49922028254   -5.68440676355   -0.69227213573
|100> O                      -4.66195323043    3.78325382142   -0.70875391376
|101> O                      -4.66195312320   -3.78325378381   -0.70875350586
|102> O                      -3.19802422688    5.68440695508   -1.49395581993
|103> O                      -3.19802422688   -5.68440669740   -1.49395581993
|104> O                      -6.08936421966    1.89814687122   -2.47677521113
|105> O                      -6.08936397950   -1.89814672348   -2.47677473053
|106> O                       5.61180562532    3.78325382142   -0.70875391376
|107> O                       5.61180573255   -3.78325378381   -0.70875350586
|108> O                      -6.81594793698    1.86311336808   -0.08518513178
|109> O                      -6.81594798998   -1.86311359979   -0.08518468892
|110> O                       7.07709997520    1.89067000888   -1.48726276009
|111> O                       7.07710007802   -1.89066985771   -1.48726276379
|112> Ti>    4.00000000000   -1.44640900919    0.00000017332   -4.31400762541
|113> NewECP
|114> N_core 0
|115>   lmax f
|116>   s 2
|117>    1      0.860000       9.191690  2
|118>    2      0.172000       0.008301  2
|119>   p 2
|120>    1      0.860000      17.997720  2
|121>    2      0.172000      -0.032600  2
|122>   d 2
|123>    1      1.600000      -9.504310  2
|124>    2      0.320000      -0.151370  2
|125>   f 1
|126>    1      1.000000000    0.000000000 2
|127> end
|128> Ti>    4.00000000000    0.80236692900    1.89278918463   -5.15129598517
|129> NewECP
|130> N_core 0
|131>   lmax f
|132>   s 2
|133>    1      0.860000       9.191690  2
|134>    2      0.172000       0.008301  2
|135>   p 2
|136>    1      0.860000      17.997720  2
|137>    2      0.172000      -0.032600  2
|138>   d 2
|139>    1      1.600000      -9.504310  2
|140>    2      0.320000      -0.151370  2
|141>   f 1
|142>    1      1.000000000    0.000000000 2
|143> end
|144> Ti>    4.00000000000    0.80236705796   -1.89278908691   -5.15129596957
|145> NewECP
|146> N_core 0
|147>   lmax f
|148>   s 2
|149>    1      0.860000       9.191690  2
|150>    2      0.172000       0.008301  2
|151>   p 2
|152>    1      0.860000      17.997720  2
|153>    2      0.172000      -0.032600  2
|154>   d 2
|155>    1      1.600000      -9.504310  2
|156>    2      0.320000      -0.151370  2
|157>   f 1
|158>    1      1.000000000    0.000000000 2
|159> end
|160> Ti>    4.00000000000   -1.46558215868    3.79032654937   -4.40061977897
|161> NewECP
|162> N_core 0
|163>   lmax f
|164>   s 2
|165>    1      0.860000       9.191690  2
|166>    2      0.172000       0.008301  2
|167>   p 2
|168>    1      0.860000      17.997720  2
|169>    2      0.172000      -0.032600  2
|170>   d 2
|171>    1      1.600000      -9.504310  2
|172>    2      0.320000      -0.151370  2
|173>   f 1
|174>    1      1.000000000    0.000000000 2
|175> end
|176> Ti>    4.00000000000   -1.46558220591   -3.79032635210   -4.40061971890
|177> NewECP
|178> N_core 0
|179>   lmax f
|180>   s 2
|181>    1      0.860000       9.191690  2
|182>    2      0.172000       0.008301  2
|183>   p 2
|184>    1      0.860000      17.997720  2
|185>    2      0.172000      -0.032600  2
|186>   d 2
|187>    1      1.600000      -9.504310  2
|188>    2      0.320000      -0.151370  2
|189>   f 1
|190>    1      1.000000000    0.000000000 2
|191> end
|192> Ti>    4.00000000000    3.68319111435    1.88778934557   -4.42532529261
|193> NewECP
|194> N_core 0
|195>   lmax f
|196>   s 2
|197>    1      0.860000       9.191690  2
|198>    2      0.172000       0.008301  2
|199>   p 2
|200>    1      0.860000      17.997720  2
|201>    2      0.172000      -0.032600  2
|202>   d 2
|203>    1      1.600000      -9.504310  2
|204>    2      0.320000      -0.151370  2
|205>   f 1
|206>    1      1.000000000    0.000000000 2
|207> end
|208> Ti>    4.00000000000    3.68319109055   -1.88778916210   -4.42532477106
|209> NewECP
|210> N_core 0
|211>   lmax f
|212>   s 2
|213>    1      0.860000       9.191690  2
|214>    2      0.172000       0.008301  2
|215>   p 2
|216>    1      0.860000      17.997720  2
|217>    2      0.172000      -0.032600  2
|218>   d 2
|219>    1      1.600000      -9.504310  2
|220>    2      0.320000      -0.151370  2
|221>   f 1
|222>    1      1.000000000    0.000000000 2
|223> end
|224> Ti>    4.00000000000   -4.29168100755    0.00000008082   -5.12407161964
|225> NewECP
|226> N_core 0
|227>   lmax f
|228>   s 2
|229>    1      0.860000       9.191690  2
|230>    2      0.172000       0.008301  2
|231>   p 2
|232>    1      0.860000      17.997720  2
|233>    2      0.172000      -0.032600  2
|234>   d 2
|235>    1      1.600000      -9.504310  2
|236>    2      0.320000      -0.151370  2
|237>   f 1
|238>    1      1.000000000    0.000000000 2
|239> end
|240> Ti>    4.00000000000    2.32871315604    5.68440676087   -1.51330047985
|241> NewECP
|242> N_core 0
|243>   lmax f
|244>   s 2
|245>    1      0.860000       9.191690  2
|246>    2      0.172000       0.008301  2
|247>   p 2
|248>    1      0.860000      17.997720  2
|249>    2      0.172000      -0.032600  2
|250>   d 2
|251>    1      1.600000      -9.504310  2
|252>    2      0.320000      -0.151370  2
|253>   f 1
|254>    1      1.000000000    0.000000000 2
|255> end
|256> Ti>    4.00000000000    2.32871315604   -5.68440689162   -1.51330047985
|257> NewECP
|258> N_core 0
|259>   lmax f
|260>   s 2
|261>    1      0.860000       9.191690  2
|262>    2      0.172000       0.008301  2
|263>   p 2
|264>    1      0.860000      17.997720  2
|265>    2      0.172000      -0.032600  2
|266>   d 2
|267>    1      1.600000      -9.504310  2
|268>    2      0.320000      -0.151370  2
|269>   f 1
|270>    1      1.000000000    0.000000000 2
|271> end
|272> Ti>    4.00000000000    0.80887157667    5.68440683623   -5.14118576391
|273> NewECP
|274> N_core 0
|275>   lmax f
|276>   s 2
|277>    1      0.860000       9.191690  2
|278>    2      0.172000       0.008301  2
|279>   p 2
|280>    1      0.860000      17.997720  2
|281>    2      0.172000      -0.032600  2
|282>   d 2
|283>    1      1.600000      -9.504310  2
|284>    2      0.320000      -0.151370  2
|285>   f 1
|286>    1      1.000000000    0.000000000 2
|287> end
|288> Ti>    4.00000000000    0.80887157667   -5.68440681625   -5.14118576391
|289> NewECP
|290> N_core 0
|291>   lmax f
|292>   s 2
|293>    1      0.860000       9.191690  2
|294>    2      0.172000       0.008301  2
|295>   p 2
|296>    1      0.860000      17.997720  2
|297>    2      0.172000      -0.032600  2
|298>   d 2
|299>    1      1.600000      -9.504310  2
|300>    2      0.320000      -0.151370  2
|301>   f 1
|302>    1      1.000000000    0.000000000 2
|303> end
|304> Ti>    4.00000000000   -4.32345221993    3.79102367205   -5.13079265213
|305> NewECP
|306> N_core 0
|307>   lmax f
|308>   s 2
|309>    1      0.860000       9.191690  2
|310>    2      0.172000       0.008301  2
|311>   p 2
|312>    1      0.860000      17.997720  2
|313>    2      0.172000      -0.032600  2
|314>   d 2
|315>    1      1.600000      -9.504310  2
|316>    2      0.320000      -0.151370  2
|317>   f 1
|318>    1      1.000000000    0.000000000 2
|319> end
|320> Ti>    4.00000000000   -4.32345204933   -3.79102349861   -5.13079264059
|321> NewECP
|322> N_core 0
|323>   lmax f
|324>   s 2
|325>    1      0.860000       9.191690  2
|326>    2      0.172000       0.008301  2
|327>   p 2
|328>    1      0.860000      17.997720  2
|329>    2      0.172000      -0.032600  2
|330>   d 2
|331>    1      1.600000      -9.504310  2
|332>    2      0.320000      -0.151370  2
|333>   f 1
|334>    1      1.000000000    0.000000000 2
|335> end
|336> Ti>    4.00000000000    5.98207784820    0.00000008082   -5.12407161964
|337> NewECP
|338> N_core 0
|339>   lmax f
|340>   s 2
|341>    1      0.860000       9.191690  2
|342>    2      0.172000       0.008301  2
|343>   p 2
|344>    1      0.860000      17.997720  2
|345>    2      0.172000      -0.032600  2
|346>   d 2
|347>    1      1.600000      -9.504310  2
|348>    2      0.320000      -0.151370  2
|349>   f 1
|350>    1      1.000000000    0.000000000 2
|351> end
|352> Ti>    4.00000000000    7.48824361192   -0.00000001235   -1.47979682550
|353> NewECP
|354> N_core 0
|355>   lmax f
|356>   s 2
|357>    1      0.860000       9.191690  2
|358>    2      0.172000       0.008301  2
|359>   p 2
|360>    1      0.860000      17.997720  2
|361>    2      0.172000      -0.032600  2
|362>   d 2
|363>    1      1.600000      -9.504310  2
|364>    2      0.320000      -0.151370  2
|365>   f 1
|366>    1      1.000000000    0.000000000 2
|367> end
|368> Ti>    4.00000000000   -0.03135918251    7.56380419033   -0.94966978715
|369> NewECP
|370> N_core 0
|371>   lmax f
|372>   s 2
|373>    1      0.860000       9.191690  2
|374>    2      0.172000       0.008301  2
|375>   p 2
|376>    1      0.860000      17.997720  2
|377>    2      0.172000      -0.032600  2
|378>   d 2
|379>    1      1.600000      -9.504310  2
|380>    2      0.320000      -0.151370  2
|381>   f 1
|382>    1      1.000000000    0.000000000 2
|383> end
|384> Ti>    4.00000000000   -0.03135911375   -7.56380424054   -0.94966962225
|385> NewECP
|386> N_core 0
|387>   lmax f
|388>   s 2
|389>    1      0.860000       9.191690  2
|390>    2      0.172000       0.008301  2
|391>   p 2
|392>    1      0.860000      17.997720  2
|393>    2      0.172000      -0.032600  2
|394>   d 2
|395>    1      1.600000      -9.504310  2
|396>    2      0.320000      -0.151370  2
|397>   f 1
|398>    1      1.000000000    0.000000000 2
|399> end
|400> Ti>    4.00000000000   -2.88019247095    0.00000005303   -7.85623897039
|401> NewECP
|402> N_core 0
|403>   lmax f
|404>   s 2
|405>    1      0.860000       9.191690  2
|406>    2      0.172000       0.008301  2
|407>   p 2
|408>    1      0.860000      17.997720  2
|409>    2      0.172000      -0.032600  2
|410>   d 2
|411>    1      1.600000      -9.504310  2
|412>    2      0.320000      -0.151370  2
|413>   f 1
|414>    1      1.000000000    0.000000000 2
|415> end
|416> Ti>    4.00000000000    5.10782386795    5.68440672118   -0.94223014971
|417> NewECP
|418> N_core 0
|419>   lmax f
|420>   s 2
|421>    1      0.860000       9.191690  2
|422>    2      0.172000       0.008301  2
|423>   p 2
|424>    1      0.860000      17.997720  2
|425>    2      0.172000      -0.032600  2
|426>   d 2
|427>    1      1.600000      -9.504310  2
|428>    2      0.320000      -0.151370  2
|429>   f 1
|430>    1      1.000000000    0.000000000 2
|431> end
|432> Ti>    4.00000000000    5.10782386795   -5.68440693131   -0.94223014971
|433> NewECP
|434> N_core 0
|435>   lmax f
|436>   s 2
|437>    1      0.860000       9.191690  2
|438>    2      0.172000       0.008301  2
|439>   p 2
|440>    1      0.860000      17.997720  2
|441>    2      0.172000      -0.032600  2
|442>   d 2
|443>    1      1.600000      -9.504310  2
|444>    2      0.320000      -0.151370  2
|445>   f 1
|446>    1      1.000000000    0.000000000 2
|447> end
|448> Ti>    4.00000000000    3.67110834666    5.68440699055   -4.41143187556
|449> NewECP
|450> N_core 0
|451>   lmax f
|452>   s 2
|453>    1      0.860000       9.191690  2
|454>    2      0.172000       0.008301  2
|455>   p 2
|456>    1      0.860000      17.997720  2
|457>    2      0.172000      -0.032600  2
|458>   d 2
|459>    1      1.600000      -9.504310  2
|460>    2      0.320000      -0.151370  2
|461>   f 1
|462>    1      1.000000000    0.000000000 2
|463> end
|464> Ti>    4.00000000000    3.67110834666   -5.68440666194   -4.41143187556
|465> NewECP
|466> N_core 0
|467>   lmax f
|468>   s 2
|469>    1      0.860000       9.191690  2
|470>    2      0.172000       0.008301  2
|471>   p 2
|472>    1      0.860000      17.997720  2
|473>    2      0.172000      -0.032600  2
|474>   d 2
|475>    1      1.600000      -9.504310  2
|476>    2      0.320000      -0.151370  2
|477>   f 1
|478>    1      1.000000000    0.000000000 2
|479> end
|480> Ti>    4.00000000000   -5.16593498780    5.68440672118   -0.94223014971
|481> NewECP
|482> N_core 0
|483>   lmax f
|484>   s 2
|485>    1      0.860000       9.191690  2
|486>    2      0.172000       0.008301  2
|487>   p 2
|488>    1      0.860000      17.997720  2
|489>    2      0.172000      -0.032600  2
|490>   d 2
|491>    1      1.600000      -9.504310  2
|492>    2      0.320000      -0.151370  2
|493>   f 1
|494>    1      1.000000000    0.000000000 2
|495> end
|496> Ti>    4.00000000000   -5.16593498780   -5.68440693131   -0.94223014971
|497> NewECP
|498> N_core 0
|499>   lmax f
|500>   s 2
|501>    1      0.860000       9.191690  2
|502>    2      0.172000       0.008301  2
|503>   p 2
|504>    1      0.860000      17.997720  2
|505>    2      0.172000      -0.032600  2
|506>   d 2
|507>    1      1.600000      -9.504310  2
|508>    2      0.320000      -0.151370  2
|509>   f 1
|510>    1      1.000000000    0.000000000 2
|511> end
|512> Ti>    4.00000000000    2.26183013555    1.88997558762   -7.89497226960
|513> NewECP
|514> N_core 0
|515>   lmax f
|516>   s 2
|517>    1      0.860000       9.191690  2
|518>    2      0.172000       0.008301  2
|519>   p 2
|520>    1      0.860000      17.997720  2
|521>    2      0.172000      -0.032600  2
|522>   d 2
|523>    1      1.600000      -9.504310  2
|524>    2      0.320000      -0.151370  2
|525>   f 1
|526>    1      1.000000000    0.000000000 2
|527> end
|528> Ti>    4.00000000000    2.26183022865   -1.88997549430   -7.89497208171
|529> NewECP
|530> N_core 0
|531>   lmax f
|532>   s 2
|533>    1      0.860000       9.191690  2
|534>    2      0.172000       0.008301  2
|535>   p 2
|536>    1      0.860000      17.997720  2
|537>    2      0.172000      -0.032600  2
|538>   d 2
|539>    1      1.600000      -9.504310  2
|540>    2      0.320000      -0.151370  2
|541>   f 1
|542>    1      1.000000000    0.000000000 2
|543> end
|544> Ti>    4.00000000000   -6.59056774140    1.88778934557   -4.42532529261
|545> NewECP
|546> N_core 0
|547>   lmax f
|548>   s 2
|549>    1      0.860000       9.191690  2
|550>    2      0.172000       0.008301  2
|551>   p 2
|552>    1      0.860000      17.997720  2
|553>    2      0.172000      -0.032600  2
|554>   d 2
|555>    1      1.600000      -9.504310  2
|556>    2      0.320000      -0.151370  2
|557>   f 1
|558>    1      1.000000000    0.000000000 2
|559> end
|560> Ti>    4.00000000000   -6.59056776520   -1.88778916210   -4.42532477106
|561> NewECP
|562> N_core 0
|563>   lmax f
|564>   s 2
|565>    1      0.860000       9.191690  2
|566>    2      0.172000       0.008301  2
|567>   p 2
|568>    1      0.860000      17.997720  2
|569>    2      0.172000      -0.032600  2
|570>   d 2
|571>    1      1.600000      -9.504310  2
|572>    2      0.320000      -0.151370  2
|573>   f 1
|574>    1      1.000000000    0.000000000 2
|575> end
|576> Ti>    4.00000000000   -2.82534095751    7.58697135732   -1.49800831449
|577> NewECP
|578> N_core 0
|579>   lmax f
|580>   s 2
|581>    1      0.860000       9.191690  2
|582>    2      0.172000       0.008301  2
|583>   p 2
|584>    1      0.860000      17.997720  2
|585>    2      0.172000      -0.032600  2
|586>   d 2
|587>    1      1.600000      -9.504310  2
|588>    2      0.320000      -0.151370  2
|589>   f 1
|590>    1      1.000000000    0.000000000 2
|591> end
|592> Ti>    4.00000000000   -2.82534088990   -7.58697146362   -1.49800854206
|593> NewECP
|594> N_core 0
|595>   lmax f
|596>   s 2
|597>    1      0.860000       9.191690  2
|598>    2      0.172000       0.008301  2
|599>   p 2
|600>    1      0.860000      17.997720  2
|601>    2      0.172000      -0.032600  2
|602>   d 2
|603>    1      1.600000      -9.504310  2
|604>    2      0.320000      -0.151370  2
|605>   f 1
|606>    1      1.000000000    0.000000000 2
|607> end
|608> Ti>    4.00000000000   -0.63709652879    1.89216875818   -8.69711430410
|609> NewECP
|610> N_core 0
|611>   lmax f
|612>   s 2
|613>    1      0.860000       9.191690  2
|614>    2      0.172000       0.008301  2
|615>   p 2
|616>    1      0.860000      17.997720  2
|617>    2      0.172000      -0.032600  2
|618>   d 2
|619>    1      1.600000      -9.504310  2
|620>    2      0.320000      -0.151370  2
|621>   f 1
|622>    1      1.000000000    0.000000000 2
|623> end
|624> Ti>    4.00000000000   -0.63709650426   -1.89216874489   -8.69711434248
|625> NewECP
|626> N_core 0
|627>   lmax f
|628>   s 2
|629>    1      0.860000       9.191690  2
|630>    2      0.172000       0.008301  2
|631>   p 2
|632>    1      0.860000      17.997720  2
|633>    2      0.172000      -0.032600  2
|634>   d 2
|635>    1      1.600000      -9.504310  2
|636>    2      0.320000      -0.151370  2
|637>   f 1
|638>    1      1.000000000    0.000000000 2
|639> end
|640> Ti>    4.00000000000   -7.97791960380    1.89297887512   -1.56954627905
|641> NewECP
|642> N_core 0
|643>   lmax f
|644>   s 2
|645>    1      0.860000       9.191690  2
|646>    2      0.172000       0.008301  2
|647>   p 2
|648>    1      0.860000      17.997720  2
|649>    2      0.172000      -0.032600  2
|650>   d 2
|651>    1      1.600000      -9.504310  2
|652>    2      0.320000      -0.151370  2
|653>   f 1
|654>    1      1.000000000    0.000000000 2
|655> end
|656> Ti>    4.00000000000   -7.97791950059   -1.89297894838   -1.56954597647
|657> NewECP
|658> N_core 0
|659>   lmax f
|660>   s 2
|661>    1      0.860000       9.191690  2
|662>    2      0.172000       0.008301  2
|663>   p 2
|664>    1      0.860000      17.997720  2
|665>    2      0.172000      -0.032600  2
|666>   d 2
|667>    1      1.600000      -9.504310  2
|668>    2      0.320000      -0.151370  2
|669>   f 1
|670>    1      1.000000000    0.000000000 2
|671> end
|672> Ti>    4.00000000000    5.95030663582    3.79102367205   -5.13079265213
|673> NewECP
|674> N_core 0
|675>   lmax f
|676>   s 2
|677>    1      0.860000       9.191690  2
|678>    2      0.172000       0.008301  2
|679>   p 2
|680>    1      0.860000      17.997720  2
|681>    2      0.172000      -0.032600  2
|682>   d 2
|683>    1      1.600000      -9.504310  2
|684>    2      0.320000      -0.151370  2
|685>   f 1
|686>    1      1.000000000    0.000000000 2
|687> end
|688> Ti>    4.00000000000    5.95030680642   -3.79102349861   -5.13079264059
|689> NewECP
|690> N_core 0
|691>   lmax f
|692>   s 2
|693>    1      0.860000       9.191690  2
|694>    2      0.172000       0.008301  2
|695>   p 2
|696>    1      0.860000      17.997720  2
|697>    2      0.172000      -0.032600  2
|698>   d 2
|699>    1      1.600000      -9.504310  2
|700>    2      0.320000      -0.151370  2
|701>   f 1
|702>    1      1.000000000    0.000000000 2
|703> end
|704> Ti>    4.00000000000    7.44841796585    3.78184218887   -1.49800854206
|705> NewECP
|706> N_core 0
|707>   lmax f
|708>   s 2
|709>    1      0.860000       9.191690  2
|710>    2      0.172000       0.008301  2
|711>   p 2
|712>    1      0.860000      17.997720  2
|713>    2      0.172000      -0.032600  2
|714>   d 2
|715>    1      1.600000      -9.504310  2
|716>    2      0.320000      -0.151370  2
|717>   f 1
|718>    1      1.000000000    0.000000000 2
|719> end
|720> Ti>    4.00000000000    7.44841789824   -3.78184229517   -1.49800831449
|721> NewECP
|722> N_core 0
|723>   lmax f
|724>   s 2
|725>    1      0.860000       9.191690  2
|726>    2      0.172000       0.008301  2
|727>   p 2
|728>    1      0.860000      17.997720  2
|729>    2      0.172000      -0.032600  2
|730>   d 2
|731>    1      1.600000      -9.504310  2
|732>    2      0.320000      -0.151370  2
|733>   f 1
|734>    1      1.000000000    0.000000000 2
|735> end
|736> Ti>    4.00000000000   -1.46558220591    7.57848730039   -4.40061971890
|737> NewECP
|738> N_core 0
|739>   lmax f
|740>   s 2
|741>    1      0.860000       9.191690  2
|742>    2      0.172000       0.008301  2
|743>   p 2
|744>    1      0.860000      17.997720  2
|745>    2      0.172000      -0.032600  2
|746>   d 2
|747>    1      1.600000      -9.504310  2
|748>    2      0.320000      -0.151370  2
|749>   f 1
|750>    1      1.000000000    0.000000000 2
|751> end
|752> Ti>    4.00000000000   -1.46558215868   -7.57848710311   -4.40061977897
|753> NewECP
|754> N_core 0
|755>   lmax f
|756>   s 2
|757>    1      0.860000       9.191690  2
|758>    2      0.172000       0.008301  2
|759>   p 2
|760>    1      0.860000      17.997720  2
|761>    2      0.172000      -0.032600  2
|762>   d 2
|763>    1      1.600000      -9.504310  2
|764>    2      0.320000      -0.151370  2
|765>   f 1
|766>    1      1.000000000    0.000000000 2
|767> end
|768> Ti>    4.00000000000   -2.88371040657    3.78913064626   -7.88600038557
|769> NewECP
|770> N_core 0
|771>   lmax f
|772>   s 2
|773>    1      0.860000       9.191690  2
|774>    2      0.172000       0.008301  2
|775>   p 2
|776>    1      0.860000      17.997720  2
|777>    2      0.172000      -0.032600  2
|778>   d 2
|779>    1      1.600000      -9.504310  2
|780>    2      0.320000      -0.151370  2
|781>   f 1
|782>    1      1.000000000    0.000000000 2
|783> end
|784> Ti>    4.00000000000   -2.88371040319   -3.78913055880   -7.88600034313
|785> NewECP
|786> N_core 0
|787>   lmax f
|788>   s 2
|789>    1      0.860000       9.191690  2
|790>    2      0.172000       0.008301  2
|791>   p 2
|792>    1      0.860000      17.997720  2
|793>    2      0.172000      -0.032600  2
|794>   d 2
|795>    1      1.600000      -9.504310  2
|796>    2      0.320000      -0.151370  2
|797>   f 1
|798>    1      1.000000000    0.000000000 2
|799> end
|800> Ti>    4.00000000000    2.25747928656    5.68440682373   -7.89252169922
|801> NewECP
|802> N_core 0
|803>   lmax f
|804>   s 2
|805>    1      0.860000       9.191690  2
|806>    2      0.172000       0.008301  2
|807>   p 2
|808>    1      0.860000      17.997720  2
|809>    2      0.172000      -0.032600  2
|810>   d 2
|811>    1      1.600000      -9.504310  2
|812>    2      0.320000      -0.151370  2
|813>   f 1
|814>    1      1.000000000    0.000000000 2
|815> end
|816> Ti>    4.00000000000    2.25747928656   -5.68440682875   -7.89252169922
|817> NewECP
|818> N_core 0
|819>   lmax f
|820>   s 2
|821>    1      0.860000       9.191690  2
|822>    2      0.172000       0.008301  2
|823>   p 2
|824>    1      0.860000      17.997720  2
|825>    2      0.172000      -0.032600  2
|826>   d 2
|827>    1      1.600000      -9.504310  2
|828>    2      0.320000      -0.151370  2
|829>   f 1
|830>    1      1.000000000    0.000000000 2
|831> end
|832> Ti>    4.00000000000   -6.60265050910    5.68440699055   -4.41143187556
|833> NewECP
|834> N_core 0
|835>   lmax f
|836>   s 2
|837>    1      0.860000       9.191690  2
|838>    2      0.172000       0.008301  2
|839>   p 2
|840>    1      0.860000      17.997720  2
|841>    2      0.172000      -0.032600  2
|842>   d 2
|843>    1      1.600000      -9.504310  2
|844>    2      0.320000      -0.151370  2
|845>   f 1
|846>    1      1.000000000    0.000000000 2
|847> end
|848> Ti>    4.00000000000   -6.60265050910   -5.68440666194   -4.41143187556
|849> NewECP
|850> N_core 0
|851>   lmax f
|852>   s 2
|853>    1      0.860000       9.191690  2
|854>    2      0.172000       0.008301  2
|855>   p 2
|856>    1      0.860000      17.997720  2
|857>    2      0.172000      -0.032600  2
|858>   d 2
|859>    1      1.600000      -9.504310  2
|860>    2      0.320000      -0.151370  2
|861>   f 1
|862>    1      1.000000000    0.000000000 2
|863> end
|864> Ti>    4.00000000000    8.82734984656    0.00000017332   -4.31400762541
|865> NewECP
|866> N_core 0
|867>   lmax f
|868>   s 2
|869>    1      0.860000       9.191690  2
|870>    2      0.172000       0.008301  2
|871>   p 2
|872>    1      0.860000      17.997720  2
|873>    2      0.172000      -0.032600  2
|874>   d 2
|875>    1      1.600000      -9.504310  2
|876>    2      0.320000      -0.151370  2
|877>   f 1
|878>    1      1.000000000    0.000000000 2
|879> end
|880> Ti>    4.00000000000   -4.32345204933    7.57779015387   -5.13079264059
|881> NewECP
|882> N_core 0
|883>   lmax f
|884>   s 2
|885>    1      0.860000       9.191690  2
|886>    2      0.172000       0.008301  2
|887>   p 2
|888>    1      0.860000      17.997720  2
|889>    2      0.172000      -0.032600  2
|890>   d 2
|891>    1      1.600000      -9.504310  2
|892>    2      0.320000      -0.151370  2
|893>   f 1
|894>    1      1.000000000    0.000000000 2
|895> end
|896> Ti>    4.00000000000   -4.32345221993   -7.57778998044   -5.13079265213
|897> NewECP
|898> N_core 0
|899>   lmax f
|900>   s 2
|901>    1      0.860000       9.191690  2
|902>    2      0.172000       0.008301  2
|903>   p 2
|904>    1      0.860000      17.997720  2
|905>    2      0.172000      -0.032600  2
|906>   d 2
|907>    1      1.600000      -9.504310  2
|908>    2      0.320000      -0.151370  2
|909>   f 1
|910>    1      1.000000000    0.000000000 2
|911> end
|912> Ti>    4.00000000000    2.29583935517    9.47583470410   -1.56954597647
|913> NewECP
|914> N_core 0
|915>   lmax f
|916>   s 2
|917>    1      0.860000       9.191690  2
|918>    2      0.172000       0.008301  2
|919>   p 2
|920>    1      0.860000      17.997720  2
|921>    2      0.172000      -0.032600  2
|922>   d 2
|923>    1      1.600000      -9.504310  2
|924>    2      0.320000      -0.151370  2
|925>   f 1
|926>    1      1.000000000    0.000000000 2
|927> end
|928> Ti>    4.00000000000    2.29583925195   -9.47583477736   -1.56954627905
|929> NewECP
|930> N_core 0
|931>   lmax f
|932>   s 2
|933>    1      0.860000       9.191690  2
|934>    2      0.172000       0.008301  2
|935>   p 2
|936>    1      0.860000      17.997720  2
|937>    2      0.172000      -0.032600  2
|938>   d 2
|939>    1      1.600000      -9.504310  2
|940>    2      0.320000      -0.151370  2
|941>   f 1
|942>    1      1.000000000    0.000000000 2
|943> end
|944> Ti>    4.00000000000   -5.75300898674    0.00000014869   -8.69906095549
|945> NewECP
|946> N_core 0
|947>   lmax f
|948>   s 2
|949>    1      0.860000       9.191690  2
|950>    2      0.172000       0.008301  2
|951>   p 2
|952>    1      0.860000      17.997720  2
|953>    2      0.172000      -0.032600  2
|954>   d 2
|955>    1      1.600000      -9.504310  2
|956>    2      0.320000      -0.151370  2
|957>   f 1
|958>    1      1.000000000    0.000000000 2
|959> end
|960> Ti>    4.00000000000   -7.94504569971    5.68440676087   -1.51330047985
|961> NewECP
|962> N_core 0
|963>   lmax f
|964>   s 2
|965>    1      0.860000       9.191690  2
|966>    2      0.172000       0.008301  2
|967>   p 2
|968>    1      0.860000      17.997720  2
|969>    2      0.172000      -0.032600  2
|970>   d 2
|971>    1      1.600000      -9.504310  2
|972>    2      0.320000      -0.151370  2
|973>   f 1
|974>    1      1.000000000    0.000000000 2
|975> end
|976> Ti>    4.00000000000   -7.94504569971   -5.68440689162   -1.51330047985
|977> NewECP
|978> N_core 0
|979>   lmax f
|980>   s 2
|981>    1      0.860000       9.191690  2
|982>    2      0.172000       0.008301  2
|983>   p 2
|984>    1      0.860000      17.997720  2
|985>    2      0.172000      -0.032600  2
|986>   d 2
|987>    1      1.600000      -9.504310  2
|988>    2      0.320000      -0.151370  2
|989>   f 1
|990>    1      1.000000000    0.000000000 2
|991> end
|992> Ti>    4.00000000000    8.80817669707    3.79032654937   -4.40061977897
|993> NewECP
|994> N_core 0
|995>   lmax f
|996>   s 2
|997>    1      0.860000       9.191690  2
|998>    2      0.172000       0.008301  2
|999>   p 2
|1000>    1      0.860000      17.997720  2
|1001>    2      0.172000      -0.032600  2
|1002>   d 2
|1003>    1      1.600000      -9.504310  2
|1004>    2      0.320000      -0.151370  2
|1005>   f 1
|1006>    1      1.000000000    0.000000000 2
|1007> end
|1008> Ti>    4.00000000000    8.80817664985   -3.79032635210   -4.40061971890
|1009> NewECP
|1010> N_core 0
|1011>   lmax f
|1012>   s 2
|1013>    1      0.860000       9.191690  2
|1014>    2      0.172000       0.008301  2
|1015>   p 2
|1016>    1      0.860000      17.997720  2
|1017>    2      0.172000      -0.032600  2
|1018>   d 2
|1019>    1      1.600000      -9.504310  2
|1020>    2      0.320000      -0.151370  2
|1021>   f 1
|1022>    1      1.000000000    0.000000000 2
|1023> end
|1024> Ti>    4.00000000000   10.27375885575    0.00000000000   -0.78470163195
|1025> NewECP
|1026> N_core 0
|1027>   lmax f
|1028>   s 2
|1029>    1      0.860000       9.191690  2
|1030>    2      0.172000       0.008301  2
|1031>   p 2
|1032>    1      0.860000      17.997720  2
|1033>    2      0.172000      -0.032600  2
|1034>   d 2
|1035>    1      1.600000      -9.504310  2
|1036>    2      0.320000      -0.151370  2
|1037>   f 1
|1038>    1      1.000000000    0.000000000 2
|1039> end
|1040> Ti>    4.00000000000  -10.27375885575   -0.00000000000   -0.78470163195
|1041> NewECP
|1042> N_core 0
|1043>   lmax f
|1044>   s 2
|1045>    1      0.860000       9.191690  2
|1046>    2      0.172000       0.008301  2
|1047>   p 2
|1048>    1      0.860000      17.997720  2
|1049>    2      0.172000      -0.032600  2
|1050>   d 2
|1051>    1      1.600000      -9.504310  2
|1052>    2      0.320000      -0.151370  2
|1053>   f 1
|1054>    1      1.000000000    0.000000000 2
|1055> end
|1056> Ti>    4.00000000000    0.80236705796    9.47602456558   -5.15129596957
|1057> NewECP
|1058> N_core 0
|1059>   lmax f
|1060>   s 2
|1061>    1      0.860000       9.191690  2
|1062>    2      0.172000       0.008301  2
|1063>   p 2
|1064>    1      0.860000      17.997720  2
|1065>    2      0.172000      -0.032600  2
|1066>   d 2
|1067>    1      1.600000      -9.504310  2
|1068>    2      0.320000      -0.151370  2
|1069>   f 1
|1070>    1      1.000000000    0.000000000 2
|1071> end
|1072> Ti>    4.00000000000    0.80236692900   -9.47602446786   -5.15129598517
|1073> NewECP
|1074> N_core 0
|1075>   lmax f
|1076>   s 2
|1077>    1      0.860000       9.191690  2
|1078>    2      0.172000       0.008301  2
|1079>   p 2
|1080>    1      0.860000      17.997720  2
|1081>    2      0.172000      -0.032600  2
|1082>   d 2
|1083>    1      1.600000      -9.504310  2
|1084>    2      0.320000      -0.151370  2
|1085>   f 1
|1086>    1      1.000000000    0.000000000 2
|1087> end
|1088> Ti>    4.00000000000   -5.76935711998    3.78997087440   -8.69388220673
|1089> NewECP
|1090> N_core 0
|1091>   lmax f
|1092>   s 2
|1093>    1      0.860000       9.191690  2
|1094>    2      0.172000       0.008301  2
|1095>   p 2
|1096>    1      0.860000      17.997720  2
|1097>    2      0.172000      -0.032600  2
|1098>   d 2
|1099>    1      1.600000      -9.504310  2
|1100>    2      0.320000      -0.151370  2
|1101>   f 1
|1102>    1      1.000000000    0.000000000 2
|1103> end
|1104> Ti>    4.00000000000   -5.76935719801   -3.78997067797   -8.69388220189
|1105> NewECP
|1106> N_core 0
|1107>   lmax f
|1108>   s 2
|1109>    1      0.860000       9.191690  2
|1110>    2      0.172000       0.008301  2
|1111>   p 2
|1112>    1      0.860000      17.997720  2
|1113>    2      0.172000      -0.032600  2
|1114>   d 2
|1115>    1      1.600000      -9.504310  2
|1116>    2      0.320000      -0.151370  2
|1117>   f 1
|1118>    1      1.000000000    0.000000000 2
|1119> end
|1120> Ti>    4.00000000000    5.95030680642    7.57779015387   -5.13079264059
|1121> NewECP
|1122> N_core 0
|1123>   lmax f
|1124>   s 2
|1125>    1      0.860000       9.191690  2
|1126>    2      0.172000       0.008301  2
|1127>   p 2
|1128>    1      0.860000      17.997720  2
|1129>    2      0.172000      -0.032600  2
|1130>   d 2
|1131>    1      1.600000      -9.504310  2
|1132>    2      0.320000      -0.151370  2
|1133>   f 1
|1134>    1      1.000000000    0.000000000 2
|1135> end
|1136> Ti>    4.00000000000    5.95030663582   -7.57778998044   -5.13079265213
|1137> NewECP
|1138> N_core 0
|1139>   lmax f
|1140>   s 2
|1141>    1      0.860000       9.191690  2
|1142>    2      0.172000       0.008301  2
|1143>   p 2
|1144>    1      0.860000      17.997720  2
|1145>    2      0.172000      -0.032600  2
|1146>   d 2
|1147>    1      1.600000      -9.504310  2
|1148>    2      0.320000      -0.151370  2
|1149>   f 1
|1150>    1      1.000000000    0.000000000 2
|1151> end
|1152> Ti>    4.00000000000   -9.47139192675    1.89278918463   -5.15129598517
|1153> NewECP
|1154> N_core 0
|1155>   lmax f
|1156>   s 2
|1157>    1      0.860000       9.191690  2
|1158>    2      0.172000       0.008301  2
|1159>   p 2
|1160>    1      0.860000      17.997720  2
|1161>    2      0.172000      -0.032600  2
|1162>   d 2
|1163>    1      1.600000      -9.504310  2
|1164>    2      0.320000      -0.151370  2
|1165>   f 1
|1166>    1      1.000000000    0.000000000 2
|1167> end
|1168> Ti>    4.00000000000   -9.47139179780   -1.89278908691   -5.15129596957
|1169> NewECP
|1170> N_core 0
|1171>   lmax f
|1172>   s 2
|1173>    1      0.860000       9.191690  2
|1174>    2      0.172000       0.008301  2
|1175>   p 2
|1176>    1      0.860000      17.997720  2
|1177>    2      0.172000      -0.032600  2
|1178>   d 2
|1179>    1      1.600000      -9.504310  2
|1180>    2      0.320000      -0.151370  2
|1181>   f 1
|1182>    1      1.000000000    0.000000000 2
|1183> end
|1184> Ti>    4.00000000000    7.44841789824    7.58697135732   -1.49800831449
|1185> NewECP
|1186> N_core 0
|1187>   lmax f
|1188>   s 2
|1189>    1      0.860000       9.191690  2
|1190>    2      0.172000       0.008301  2
|1191>   p 2
|1192>    1      0.860000      17.997720  2
|1193>    2      0.172000      -0.032600  2
|1194>   d 2
|1195>    1      1.600000      -9.504310  2
|1196>    2      0.320000      -0.151370  2
|1197>   f 1
|1198>    1      1.000000000    0.000000000 2
|1199> end
|1200> Ti>    4.00000000000    7.44841796585   -7.58697146362   -1.49800854206
|1201> NewECP
|1202> N_core 0
|1203>   lmax f
|1204>   s 2
|1205>    1      0.860000       9.191690  2
|1206>    2      0.172000       0.008301  2
|1207>   p 2
|1208>    1      0.860000      17.997720  2
|1209>    2      0.172000      -0.032600  2
|1210>   d 2
|1211>    1      1.600000      -9.504310  2
|1212>    2      0.320000      -0.151370  2
|1213>   f 1
|1214>    1      1.000000000    0.000000000 2
|1215> end
|1216> Ti>    4.00000000000    5.08352338689    9.48654874867   -0.94354943776
|1217> NewECP
|1218> N_core 0
|1219>   lmax f
|1220>   s 2
|1221>    1      0.860000       9.191690  2
|1222>    2      0.172000       0.008301  2
|1223>   p 2
|1224>    1      0.860000      17.997720  2
|1225>    2      0.172000      -0.032600  2
|1226>   d 2
|1227>    1      1.600000      -9.504310  2
|1228>    2      0.320000      -0.151370  2
|1229>   f 1
|1230>    1      1.000000000    0.000000000 2
|1231> end
|1232> Ti>    4.00000000000    5.08352345696   -9.48654876666   -0.94355012178
|1233> NewECP
|1234> N_core 0
|1235>   lmax f
|1236>   s 2
|1237>    1      0.860000       9.191690  2
|1238>    2      0.172000       0.008301  2
|1239>   p 2
|1240>    1      0.860000      17.997720  2
|1241>    2      0.172000      -0.032600  2
|1242>   d 2
|1243>    1      1.600000      -9.504310  2
|1244>    2      0.320000      -0.151370  2
|1245>   f 1
|1246>    1      1.000000000    0.000000000 2
|1247> end
|1248> Ti>    4.00000000000   -2.88371040319    7.57968309369   -7.88600034313
|1249> NewECP
|1250> N_core 0
|1251>   lmax f
|1252>   s 2
|1253>    1      0.860000       9.191690  2
|1254>    2      0.172000       0.008301  2
|1255>   p 2
|1256>    1      0.860000      17.997720  2
|1257>    2      0.172000      -0.032600  2
|1258>   d 2
|1259>    1      1.600000      -9.504310  2
|1260>    2      0.320000      -0.151370  2
|1261>   f 1
|1262>    1      1.000000000    0.000000000 2
|1263> end
|1264> Ti>    4.00000000000   -2.88371040657   -7.57968300623   -7.88600038557
|1265> NewECP
|1266> N_core 0
|1267>   lmax f
|1268>   s 2
|1269>    1      0.860000       9.191690  2
|1270>    2      0.172000       0.008301  2
|1271>   p 2
|1272>    1      0.860000      17.997720  2
|1273>    2      0.172000      -0.032600  2
|1274>   d 2
|1275>    1      1.600000      -9.504310  2
|1276>    2      0.320000      -0.151370  2
|1277>   f 1
|1278>    1      1.000000000    0.000000000 2
|1279> end
|1280> Ti>    4.00000000000   -5.19023546887    9.48654874867   -0.94354943776
|1281> NewECP
|1282> N_core 0
|1283>   lmax f
|1284>   s 2
|1285>    1      0.860000       9.191690  2
|1286>    2      0.172000       0.008301  2
|1287>   p 2
|1288>    1      0.860000      17.997720  2
|1289>    2      0.172000      -0.032600  2
|1290>   d 2
|1291>    1      1.600000      -9.504310  2
|1292>    2      0.320000      -0.151370  2
|1293>   f 1
|1294>    1      1.000000000    0.000000000 2
|1295> end
|1296> Ti>    4.00000000000   -5.19023539879   -9.48654876666   -0.94355012178
|1297> NewECP
|1298> N_core 0
|1299>   lmax f
|1300>   s 2
|1301>    1      0.860000       9.191690  2
|1302>    2      0.172000       0.008301  2
|1303>   p 2
|1304>    1      0.860000      17.997720  2
|1305>    2      0.172000      -0.032600  2
|1306>   d 2
|1307>    1      1.600000      -9.504310  2
|1308>    2      0.320000      -0.151370  2
|1309>   f 1
|1310>    1      1.000000000    0.000000000 2
|1311> end
|1312> Ti>    4.00000000000   -8.01192872021    1.88997558762   -7.89497226960
|1313> NewECP
|1314> N_core 0
|1315>   lmax f
|1316>   s 2
|1317>    1      0.860000       9.191690  2
|1318>    2      0.172000       0.008301  2
|1319>   p 2
|1320>    1      0.860000      17.997720  2
|1321>    2      0.172000      -0.032600  2
|1322>   d 2
|1323>    1      1.600000      -9.504310  2
|1324>    2      0.320000      -0.151370  2
|1325>   f 1
|1326>    1      1.000000000    0.000000000 2
|1327> end
|1328> Ti>    4.00000000000   -8.01192862710   -1.88997549430   -7.89497208171
|1329> NewECP
|1330> N_core 0
|1331>   lmax f
|1332>   s 2
|1333>    1      0.860000       9.191690  2
|1334>    2      0.172000       0.008301  2
|1335>   p 2
|1336>    1      0.860000      17.997720  2
|1337>    2      0.172000      -0.032600  2
|1338>   d 2
|1339>    1      1.600000      -9.504310  2
|1340>    2      0.320000      -0.151370  2
|1341>   f 1
|1342>    1      1.000000000    0.000000000 2
|1343> end
|1344> Ti>    4.00000000000   10.24239974200    3.80500941194   -0.94966962225
|1345> NewECP
|1346> N_core 0
|1347>   lmax f
|1348>   s 2
|1349>    1      0.860000       9.191690  2
|1350>    2      0.172000       0.008301  2
|1351>   p 2
|1352>    1      0.860000      17.997720  2
|1353>    2      0.172000      -0.032600  2
|1354>   d 2
|1355>    1      1.600000      -9.504310  2
|1356>    2      0.320000      -0.151370  2
|1357>   f 1
|1358>    1      1.000000000    0.000000000 2
|1359> end
|1360> Ti>    4.00000000000   10.24239967324   -3.80500946216   -0.94966978715
|1361> NewECP
|1362> N_core 0
|1363>   lmax f
|1364>   s 2
|1365>    1      0.860000       9.191690  2
|1366>    2      0.172000       0.008301  2
|1367>   p 2
|1368>    1      0.860000      17.997720  2
|1369>    2      0.172000      -0.032600  2
|1370>   d 2
|1371>    1      1.600000      -9.504310  2
|1372>    2      0.320000      -0.151370  2
|1373>   f 1
|1374>    1      1.000000000    0.000000000 2
|1375> end
|1376> Ti>    4.00000000000  -10.30511796950    3.80500941194   -0.94966962225
|1377> NewECP
|1378> N_core 0
|1379>   lmax f
|1380>   s 2
|1381>    1      0.860000       9.191690  2
|1382>    2      0.172000       0.008301  2
|1383>   p 2
|1384>    1      0.860000      17.997720  2
|1385>    2      0.172000      -0.032600  2
|1386>   d 2
|1387>    1      1.600000      -9.504310  2
|1388>    2      0.320000      -0.151370  2
|1389>   f 1
|1390>    1      1.000000000    0.000000000 2
|1391> end
|1392> Ti>    4.00000000000  -10.30511803827   -3.80500946216   -0.94966978715
|1393> NewECP
|1394> N_core 0
|1395>   lmax f
|1396>   s 2
|1397>    1      0.860000       9.191690  2
|1398>    2      0.172000       0.008301  2
|1399>   p 2
|1400>    1      0.860000      17.997720  2
|1401>    2      0.172000      -0.032600  2
|1402>   d 2
|1403>    1      1.600000      -9.504310  2
|1404>    2      0.320000      -0.151370  2
|1405>   f 1
|1406>    1      1.000000000    0.000000000 2
|1407> end
|1408> Ti>    4.00000000000    0.00000000000   11.36881365249   -0.78470163195
|1409> NewECP
|1410> N_core 0
|1411>   lmax f
|1412>   s 2
|1413>    1      0.860000       9.191690  2
|1414>    2      0.172000       0.008301  2
|1415>   p 2
|1416>    1      0.860000      17.997720  2
|1417>    2      0.172000      -0.032600  2
|1418>   d 2
|1419>    1      1.600000      -9.504310  2
|1420>    2      0.320000      -0.151370  2
|1421>   f 1
|1422>    1      1.000000000    0.000000000 2
|1423> end
|1424> Ti>    4.00000000000    0.00000000000  -11.36881365249   -0.78470163195
|1425> NewECP
|1426> N_core 0
|1427>   lmax f
|1428>   s 2
|1429>    1      0.860000       9.191690  2
|1430>    2      0.172000       0.008301  2
|1431>   p 2
|1432>    1      0.860000      17.997720  2
|1433>    2      0.172000      -0.032600  2
|1434>   d 2
|1435>    1      1.600000      -9.504310  2
|1436>    2      0.320000      -0.151370  2
|1437>   f 1
|1438>    1      1.000000000    0.000000000 2
|1439> end
|1440> Ti>    4.00000000000   -2.78551524383   11.36881364013   -1.47979682550
|1441> NewECP
|1442> N_core 0
|1443>   lmax f
|1444>   s 2
|1445>    1      0.860000       9.191690  2
|1446>    2      0.172000       0.008301  2
|1447>   p 2
|1448>    1      0.860000      17.997720  2
|1449>    2      0.172000      -0.032600  2
|1450>   d 2
|1451>    1      1.600000      -9.504310  2
|1452>    2      0.320000      -0.151370  2
|1453>   f 1
|1454>    1      1.000000000    0.000000000 2
|1455> end
|1456> Ti>    4.00000000000   -2.78551524383  -11.36881366484   -1.47979682550
|1457> NewECP
|1458> N_core 0
|1459>   lmax f
|1460>   s 2
|1461>    1      0.860000       9.191690  2
|1462>    2      0.172000       0.008301  2
|1463>   p 2
|1464>    1      0.860000      17.997720  2
|1465>    2      0.172000      -0.032600  2
|1466>   d 2
|1467>    1      1.600000      -9.504310  2
|1468>    2      0.320000      -0.151370  2
|1469>   f 1
|1470>    1      1.000000000    0.000000000 2
|1471> end
|1472> Ti>    4.00000000000   -9.46488727908    5.68440683623   -5.14118576391
|1473> NewECP
|1474> N_core 0
|1475>   lmax f
|1476>   s 2
|1477>    1      0.860000       9.191690  2
|1478>    2      0.172000       0.008301  2
|1479>   p 2
|1480>    1      0.860000      17.997720  2
|1481>    2      0.172000      -0.032600  2
|1482>   d 2
|1483>    1      1.600000      -9.504310  2
|1484>    2      0.320000      -0.151370  2
|1485>   f 1
|1486>    1      1.000000000    0.000000000 2
|1487> end
|1488> Ti>    4.00000000000   -9.46488727908   -5.68440681625   -5.14118576391
|1489> NewECP
|1490> N_core 0
|1491>   lmax f
|1492>   s 2
|1493>    1      0.860000       9.191690  2
|1494>    2      0.172000       0.008301  2
|1495>   p 2
|1496>    1      0.860000      17.997720  2
|1497>    2      0.172000      -0.032600  2
|1498>   d 2
|1499>    1      1.600000      -9.504310  2
|1500>    2      0.320000      -0.151370  2
|1501>   f 1
|1502>    1      1.000000000    0.000000000 2
|1503> end
|1504> Ti>    4.00000000000   11.07612578475    1.89278918463   -5.15129598517
|1505> NewECP
|1506> N_core 0
|1507>   lmax f
|1508>   s 2
|1509>    1      0.860000       9.191690  2
|1510>    2      0.172000       0.008301  2
|1511>   p 2
|1512>    1      0.860000      17.997720  2
|1513>    2      0.172000      -0.032600  2
|1514>   d 2
|1515>    1      1.600000      -9.504310  2
|1516>    2      0.320000      -0.151370  2
|1517>   f 1
|1518>    1      1.000000000    0.000000000 2
|1519> end
|1520> Ti>    4.00000000000   11.07612591371   -1.89278908691   -5.15129596957
|1521> NewECP
|1522> N_core 0
|1523>   lmax f
|1524>   s 2
|1525>    1      0.860000       9.191690  2
|1526>    2      0.172000       0.008301  2
|1527>   p 2
|1528>    1      0.860000      17.997720  2
|1529>    2      0.172000      -0.032600  2
|1530>   d 2
|1531>    1      1.600000      -9.504310  2
|1532>    2      0.320000      -0.151370  2
|1533>   f 1
|1534>    1      1.000000000    0.000000000 2
|1535> end
|1536> Ti>    4.00000000000   -6.59056776520    9.48102449039   -4.42532477106
|1537> NewECP
|1538> N_core 0
|1539>   lmax f
|1540>   s 2
|1541>    1      0.860000       9.191690  2
|1542>    2      0.172000       0.008301  2
|1543>   p 2
|1544>    1      0.860000      17.997720  2
|1545>    2      0.172000      -0.032600  2
|1546>   d 2
|1547>    1      1.600000      -9.504310  2
|1548>    2      0.320000      -0.151370  2
|1549>   f 1
|1550>    1      1.000000000    0.000000000 2
|1551> end
|1552> Ti>    4.00000000000   -6.59056774140   -9.48102430692   -4.42532529261
|1553> NewECP
|1554> N_core 0
|1555>   lmax f
|1556>   s 2
|1557>    1      0.860000       9.191690  2
|1558>    2      0.172000       0.008301  2
|1559>   p 2
|1560>    1      0.860000      17.997720  2
|1561>    2      0.172000      -0.032600  2
|1562>   d 2
|1563>    1      1.600000      -9.504310  2
|1564>    2      0.320000      -0.151370  2
|1565>   f 1
|1566>    1      1.000000000    0.000000000 2
|1567> end
|1568> Ti>    4.00000000000   10.24239967324    7.56380419033   -0.94966978715
|1569> NewECP
|1570> N_core 0
|1571>   lmax f
|1572>   s 2
|1573>    1      0.860000       9.191690  2
|1574>    2      0.172000       0.008301  2
|1575>   p 2
|1576>    1      0.860000      17.997720  2
|1577>    2      0.172000      -0.032600  2
|1578>   d 2
|1579>    1      1.600000      -9.504310  2
|1580>    2      0.320000      -0.151370  2
|1581>   f 1
|1582>    1      1.000000000    0.000000000 2
|1583> end
|1584> Ti>    4.00000000000   10.24239974200   -7.56380424054   -0.94966962225
|1585> NewECP
|1586> N_core 0
|1587>   lmax f
|1588>   s 2
|1589>    1      0.860000       9.191690  2
|1590>    2      0.172000       0.008301  2
|1591>   p 2
|1592>    1      0.860000      17.997720  2
|1593>    2      0.172000      -0.032600  2
|1594>   d 2
|1595>    1      1.600000      -9.504310  2
|1596>    2      0.320000      -0.151370  2
|1597>   f 1
|1598>    1      1.000000000    0.000000000 2
|1599> end
|1600> Ti>    4.00000000000   12.56959810770    1.89297887512   -1.56954627905
|1601> NewECP
|1602> N_core 0
|1603>   lmax f
|1604>   s 2
|1605>    1      0.860000       9.191690  2
|1606>    2      0.172000       0.008301  2
|1607>   p 2
|1608>    1      0.860000      17.997720  2
|1609>    2      0.172000      -0.032600  2
|1610>   d 2
|1611>    1      1.600000      -9.504310  2
|1612>    2      0.320000      -0.151370  2
|1613>   f 1
|1614>    1      1.000000000    0.000000000 2
|1615> end
|1616> Ti>    4.00000000000   12.56959821092   -1.89297894838   -1.56954597647
|1617> NewECP
|1618> N_core 0
|1619>   lmax f
|1620>   s 2
|1621>    1      0.860000       9.191690  2
|1622>    2      0.172000       0.008301  2
|1623>   p 2
|1624>    1      0.860000      17.997720  2
|1625>    2      0.172000      -0.032600  2
|1626>   d 2
|1627>    1      1.600000      -9.504310  2
|1628>    2      0.320000      -0.151370  2
|1629>   f 1
|1630>    1      1.000000000    0.000000000 2
|1631> end
|1632>   end
|1633> endd                         ****END OF INPUT****
================================================================================
----------------
TOTAL SCF ENERGY
----------------

Total Energy       :       -17006.46512148 Eh         -462769.44270 eV

Components:
Nuclear Repulsion  :        14388.36671766 Eh          391527.36325 eV
Electronic Energy  :       -31394.83183914 Eh         -854296.80595 eV
One Electron Energy:       -54601.34080568 Eh        -1485778.01882 eV
Two Electron Energy:        23206.50896654 Eh          631481.21286 eV
Max COSX asymmetry :            0.00075041 Eh               0.02042 eV

Warning: maximum COSX asymmetry larger than 0.0005 Eh!
Please consider increasing the grid.

Virial components:
Potential Energy   :       -30048.65761577 Eh         -817665.54304 eV
Kinetic Energy     :        13042.19249429 Eh          354896.10034 eV
Virial Ratio       :            2.30395753

--------------------Output has been truncated-------------------------


--------------------Output has been truncated-------------------------


--------------------Output has been truncated-------------------------


--------------------Output has been truncated-------------------------


--------------------Output has been truncated-------------------------


--------------------Output has been truncated-------------------------


--------------------Output has been truncated-------------------------


--------------------Output has been truncated-------------------------


--------------------Output has been truncated-------------------------


--------------------Output has been truncated-------------------------


-----------------------------------------------
 RI-MP2 CORRELATION ENERGY:     -9.538847755 Eh
-----------------------------------------------
---------------------------------------
MP2 TOTAL ENERGY:   -17016.003969238 Eh
---------------------------------------

Maximum memory used throughout the entire MP2-calculation: 3241.3 MB

-------------------------   --------------------
FINAL SINGLE POINT ENERGY    -17016.003969237518
-------------------------   --------------------
