 **********************************************************************
                          MRCC program system
 **********************************************************************
 
                              Written by
     Mihaly Kallay, Peter R. Nagy, David Mester, Laszlo Gyevi-Nagy,
        Jozsef Csoka, P. Bernat Szabo, Zoltan Rolik, Gyula Samu,
     Jozsef Csontos, Bence Hegely, Adam Ganyecz, Istvan Ladjanszki,
       Lorant Szegedy, Bence Ladoczki, Klara Petrov, Mate Farkas,
                    Pal D. Mezei, and Reka A. Horvath
 
        Department of Physical Chemistry and Materials Science
            Budapest University of Technology and Economics
                  Budapest P.O.Box 91, H-1521 Hungary
 
                              www.mrcc.hu
 
                      Release date: March 18, 2022

 ************************ 2023-04-16 06:47:56 *************************
 Executing minp...

 Reading input from MINP...
 
 Input file:
 
calc=DF-CCSD(T)
scftype=rhf
verbosity=3
mem=220GB
symm=off
unit=angs
scfiguess=small
scfmaxit=1000
scfalg=locfit1


ccmaxit=400
ccsdalg=dfdirect
ccsdthreads=4
ccsdmkl=thr
ptthreads=4

charge=-6
core=14

basis=special
aug-cc-pVTZ
aug-cc-pVTZ
aug-cc-pVTZ
aug-cc-pVTZ
aug-cc-pVTZ
cc-pVTZ
aug-cc-pVTZ
aug-cc-pVTZ
aug-cc-pVTZ
aug-cc-pVTZ
aug-cc-pVTZ
nothing
nothing
nothing
nothing
nothing
nothing
nothing
nothing
nothing
nothing
nothing
nothing
nothing
nothing
nothing
nothing
nothing
nothing
nothing
nothing
nothing
nothing
nothing
nothing
nothing
nothing
nothing
nothing
nothing
nothing
nothing
nothing
nothing
nothing
nothing
nothing
nothing
nothing
nothing

basis_sm=special
def2-SVP
def2-SVP
def2-SVP
def2-SVP
def2-SVP
def2-SVP
def2-SVP
def2-SVP
def2-SVP
def2-SVP
def2-SVP
nothing
nothing
nothing
nothing
nothing
nothing
nothing
nothing
nothing
nothing
nothing
nothing
nothing
nothing
nothing
nothing
nothing
nothing
nothing
nothing
nothing
nothing
nothing
nothing
nothing
nothing
nothing
nothing
nothing
nothing
nothing
nothing
nothing
nothing
nothing
nothing
nothing
nothing
nothing

dfbasis_scf=special
def2-QZVPP-RI-JK
def2-QZVPP-RI-JK
def2-QZVPP-RI-JK
def2-QZVPP-RI-JK
def2-QZVPP-RI-JK
def2-QZVPP-RI-JK
def2-QZVPP-RI-JK
def2-QZVPP-RI-JK
def2-QZVPP-RI-JK
def2-QZVPP-RI-JK
def2-QZVPP-RI-JK
nothing
nothing
nothing
nothing
nothing
nothing
nothing
nothing
nothing
nothing
nothing
nothing
nothing
nothing
nothing
nothing
nothing
nothing
nothing
nothing
nothing
nothing
nothing
nothing
nothing
nothing
nothing
nothing
nothing
nothing
nothing
nothing
nothing
nothing
nothing
nothing
nothing
nothing
nothing

dfbasis_cor=special
aug-cc-pVTZ-RI
aug-cc-pVTZ-RI
aug-cc-pVTZ-RI
aug-cc-pVTZ-RI
aug-cc-pVTZ-RI
cc-pVTZ-RI
aug-cc-pVTZ-RI
aug-cc-pVTZ-RI
aug-cc-pVTZ-RI
aug-cc-pVTZ-RI
aug-cc-pVTZ-RI
nothing
nothing
nothing
nothing
nothing
nothing
nothing
nothing
nothing
nothing
nothing
nothing
nothing
nothing
nothing
nothing
nothing
nothing
nothing
nothing
nothing
nothing
nothing
nothing
nothing
nothing
nothing
nothing
nothing
nothing
nothing
nothing
nothing
nothing
nothing
nothing
nothing
nothing
nothing

ecp=special
none
none
none
none
none
none
none
none
none
none
none
ECP-22
ECP-22
ECP-22
ECP-22
ECP-22
ECP-22
ECP-22
ECP-22
ECP-22
ECP-22
ECP-22
ECP-22
ECP-22
ECP-22
ECP-22
ECP-22
ECP-22
ECP-22
ECP-22
ECP-22
ECP-22
ECP-22
ECP-22
ECP-22
ECP-22
ECP-22
ECP-22
ECP-22
ECP-22
ECP-22
ECP-22
ECP-22
ECP-22
ECP-22
ECP-22
ECP-22
ECP-22
ECP-22
ECP-22

unit=angs
geom=xyz
50
C1 H4 Ti1 O5 ECP39
C     0.00081705011    0.00002320526    1.72884400563
H    -0.05053213056    0.89633029753    2.35813838108
H     0.05226472379   -0.89631224347    2.35825565611
H     0.91773540605    0.05070703259    1.12689725392
H    -0.91630859930   -0.05082132031    1.12709961754
Ti    0.00000000000    0.00000000000   -1.43694122213
O    -0.00002936641   -0.00000124851   -3.25550860866
O    -1.22612024541    1.48550586123   -1.15098137904
O     1.22610246459   -1.48551652698   -1.15102871986
O    -1.22708949291   -1.48603818367   -1.15413241300
O     1.22707044266    1.48604777705   -1.15418645989
Ti    0.00006382473    2.95729500329   -1.46449325674
Ti   -0.00011340444   -2.95729489395   -1.46448961806
Ti   -0.00003766494    1.47511078881   -4.62965751995
Ti   -0.00001305954   -1.47511149398   -4.62965530124
Ti   -3.25180010998    1.47985910530   -1.08897848845
Ti    3.25177146548   -1.47986548390   -1.08900340799
Ti    3.25249524182    1.48037401485   -1.09010177237
Ti   -3.25252203124   -1.48036697315   -1.09007447638
Ti   -3.25161817455    0.00003769409   -4.43752893607
Ti    3.25156877623   -0.00003707707   -4.43754121253
Ti   -3.25129158509    2.95801554042   -4.43725795098
Ti    3.25124302920   -2.95801736102   -4.43726543756
Ti    3.25124903606    2.95804835766   -4.43761924291
Ti   -3.25129692819   -2.95804522850   -4.43761139255
Ti   -0.00005013880    4.43456989257   -4.64304935046
Ti   -0.00000240504   -4.43456851561   -4.64304818327
Ti   -3.24906620080    4.43657134167   -1.08375702682
Ti    3.24901669770   -4.43657179329   -1.08375720193
Ti    3.24926345903    4.43678118684   -1.08389335211
Ti   -3.24931244959   -4.43678099831   -1.08389187211
Ti   -0.00002462876    5.91518996992   -1.46496759290
Ti   -0.00002462876   -5.91519151090   -1.46496759290
Ti   -0.00002489515   -0.00000002822   -7.82049044430
Ti   -6.50200799883    0.00000003686   -1.46107464424
Ti    6.50197610472    0.00000003686   -1.46107464424
Ti   -0.00002489515    2.95759534199   -7.82049044430
Ti   -0.00002489515   -2.95759539842   -7.82049044430
Ti   -6.50169070863    2.95856929631   -1.46053672809
Ti    6.50165450299   -2.95856898935   -1.46053646138
Ti    6.50229339492    2.95856929631   -1.46053672809
Ti   -6.50232960056   -2.95856898935   -1.46053646138
Ti   -3.25102092104    1.47879765689   -7.82049044430
Ti    3.25097113074    1.47879765689   -7.82049044430
Ti    3.25097113074   -1.47879771332   -7.82049044430
Ti   -3.25102092104   -1.47879771332   -7.82049044430
Ti   -3.25050295217    5.91514921314   -4.43582237088
Ti    3.25045297887   -5.91514777458   -4.43582296951
Ti    3.25045297887    5.91523370624   -4.43582296951
Ti   -3.25050295217   -5.91523226768   -4.43582237088


ghost=serialno
1-5

qmmm=Amber
pointcharges
11986
      0.00006382473    2.95729500329   -1.46449325674    4.00000000000
     -0.00011340444   -2.95729489395   -1.46448961806    4.00000000000
     -3.25763509342    0.00027073162   -2.57781937211   -2.00000000000
      3.25759907849   -0.00027227238   -2.57783675932   -2.00000000000
--------------------Output has been truncated-------------------------


--------------------Output has been truncated-------------------------


--------------------Output has been truncated-------------------------


--------------------Output has been truncated-------------------------


--------------------Output has been truncated-------------------------


--------------------Output has been truncated-------------------------


--------------------Output has been truncated-------------------------


--------------------Output has been truncated-------------------------


--------------------Output has been truncated-------------------------


--------------------Output has been truncated-------------------------


 ************************ 2023-04-16 06:52:14 *************************
 Executing ccsd...

 Allocation of 220.0 Gbytes of memory...

 Direct DF-CCSD(T) calculation
 
 Convergence criterion:  1.0E-06
 
 Number of occupied/virtual/auxiliary orbitals:    20   402  1064
  10454.78 MB is the minimal memory requirement for (T)
   2441.33 MB is the minimal memory requirement for CCSD
 
 Reference energy [au]:         -121707.793616502342
 T1 contribution [au]:                0.000000000000
 Same spin MP2 energy [au]:          -0.380495243146
 Opposite spin MP2 energy [au]:      -1.025767847851
 MP2 correlation energy [au]:        -1.406263091005
 Total MP2 energy [au]:         -121709.199879593347
 
 
 CPU time [min]:     1.201                   Wall time [min]:     0.232
 
 Starting CCSD iterations...
 
                     Residual norm          Energy
 Iteration  1        0.364202819157  -121709.138807486976
 Iteration  2        0.158433571526  -121709.175842100958
 Iteration  3        0.044161375781  -121709.186004200237
 Iteration  4        0.014043071183  -121709.185779644438
 Iteration  5        0.004883882561  -121709.185050142696
 Iteration  6        0.002176865647  -121709.185094051441
 Iteration  7        0.000926157871  -121709.185126569078
 Iteration  8        0.000388568285  -121709.185105120763
 Iteration  9        0.000139829382  -121709.185105198470
 Iteration 10        0.000065327194  -121709.185108738733
 Iteration 11        0.000027586004  -121709.185108834616
 Iteration 12        0.000011139829  -121709.185108737845
 Iteration 13        0.000004400217  -121709.185108838967
 
 CCSD iteration has converged in 13 steps.
   102271.73 MB memory was utilized by CCSD
 
 T1 diagnostic:      1.982E-02            D1 diagnostic:      6.033E-02
 
 T1 contribution [au]:                                  0.000000000000
 Opposite spin CCSD energy [au]:                       -1.057960258053
 Same spin CCSD energy [au]:                           -0.333532078567
 CCSD correlation energy [au]:                         -1.391492336625
 Total CCSD energy [au]:                          -121709.185108838967
 
 CPU time [min]:   419.969                   Wall time [min]:    13.435
 
 Calculation of (T) correction...
 
 
    16765.03 MB memory is utilized for (T)

 0%       25%       50%       75%       100%
 |---------|---------|---------|---------| 
 
 (T) correction [au]:                                    -0.065122268694
 CCSD(T) correlation energy [au]:                        -1.456614605326
 Total CCSD(T) energy [au]:                         -121709.250231107668
 
 CPU time [min]:  1002.514                   Wall time [min]:    30.464
 
 ************************ 2023-04-16 07:22:43 *************************
                      Normal termination of mrcc.
 **********************************************************************
