 **********************************************************************
                          MRCC program system
 **********************************************************************
 
                              Written by
     Mihaly Kallay, Peter R. Nagy, David Mester, Laszlo Gyevi-Nagy,
        Jozsef Csoka, P. Bernat Szabo, Zoltan Rolik, Gyula Samu,
     Jozsef Csontos, Bence Hegely, Adam Ganyecz, Istvan Ladjanszki,
       Lorant Szegedy, Bence Ladoczki, Klara Petrov, Mate Farkas,
                    Pal D. Mezei, and Reka A. Horvath
 
        Department of Physical Chemistry and Materials Science
            Budapest University of Technology and Economics
                  Budapest P.O.Box 91, H-1521 Hungary
 
                              www.mrcc.hu
 
                      Release date: March 18, 2022

 ************************ 2023-02-23 03:00:54 *************************
 Executing minp...

 Reading input from MINP...
 
 Input file:
 
calc=DF-CCSD(T)
scftype=rhf
verbosity=3
mem=240GB
symm=off
unit=angs
scfiguess=small
scfmaxit=1000
scfalg=locfit1


ccmaxit=400
ccsdalg=dfdirect
ccsdthreads=4
ccsdmkl=thr
ptthreads=4

charge=-8
core=6

basis=special
aug-cc-pVDZ
aug-cc-pVDZ
aug-cc-pVDZ
aug-cc-pVDZ
bse_CVDZ
aug-cc-pVDZ
aug-cc-pVDZ
aug-cc-pVDZ
aug-cc-pVDZ
aug-cc-pVDZ
nothing
nothing
nothing
nothing
nothing
nothing
nothing
nothing
nothing
nothing
nothing
nothing
nothing
nothing
nothing
nothing
nothing
nothing
nothing
nothing
nothing
nothing
nothing
nothing
nothing

basis_sm=special
def2-SVP
def2-SVP
def2-SVP
def2-SVP
def2-SVP
def2-SVP
def2-SVP
def2-SVP
def2-SVP
def2-SVP
nothing
nothing
nothing
nothing
nothing
nothing
nothing
nothing
nothing
nothing
nothing
nothing
nothing
nothing
nothing
nothing
nothing
nothing
nothing
nothing
nothing
nothing
nothing
nothing
nothing

dfbasis_scf=special
def2-QZVPP-RI-JK
def2-QZVPP-RI-JK
def2-QZVPP-RI-JK
def2-QZVPP-RI-JK
def2-QZVPP-RI-JK
def2-QZVPP-RI-JK
def2-QZVPP-RI-JK
def2-QZVPP-RI-JK
def2-QZVPP-RI-JK
def2-QZVPP-RI-JK
nothing
nothing
nothing
nothing
nothing
nothing
nothing
nothing
nothing
nothing
nothing
nothing
nothing
nothing
nothing
nothing
nothing
nothing
nothing
nothing
nothing
nothing
nothing
nothing
nothing

dfbasis_cor=special
aug-cc-pVDZ-RI
aug-cc-pVDZ-RI
aug-cc-pVDZ-RI
aug-cc-pVDZ-RI
bse_CVDZ_mp2fit
aug-cc-pVDZ-RI
aug-cc-pVDZ-RI
aug-cc-pVDZ-RI
aug-cc-pVDZ-RI
aug-cc-pVDZ-RI
nothing
nothing
nothing
nothing
nothing
nothing
nothing
nothing
nothing
nothing
nothing
nothing
nothing
nothing
nothing
nothing
nothing
nothing
nothing
nothing
nothing
nothing
nothing
nothing
nothing

ecp=special
none
none
none
none
none
none
none
none
none
none
ECP-12
ECP-12
ECP-12
ECP-12
ECP-12
ECP-12
ECP-12
ECP-12
ECP-12
ECP-12
ECP-12
ECP-12
ECP-12
ECP-12
ECP-12
ECP-12
ECP-12
ECP-12
ECP-12
ECP-12
ECP-12
ECP-12
ECP-12
ECP-12
ECP-12

unit=angs
geom=xyz
35
N1 H3 Mg1 O5 ECP25
N     0.00000172217    0.14246194211    2.24974477932
H    -0.00000044480    1.15159353534    2.41059950142
H    -0.82663383591   -0.24686120021    2.70342152179
H     0.82663440365   -0.24685899594    2.70342511145
Mg    0.00000000000    0.00000000000    0.00000000000
O    -0.00000026524   -2.12128837888   -0.08552188977
O    -2.13242008140    0.01088097006   -0.08101545754
O     2.13241990996    0.01088082855   -0.08101541346
O    -0.00000031576    2.14636681921   -0.07343007474
O    -0.00000023981    0.01184325360   -2.22236962301
Mg    2.11130296039   -2.10101758777   -0.14453438886
Mg   -2.11130347826   -2.10101756125   -0.14453458198
Mg   -2.11294673269    2.12204137757   -0.14684541586
Mg    2.11294622812    2.12204125666   -0.14684553363
Mg   -0.00000029434   -2.08872086303   -2.22739121658
Mg   -2.09957424575    0.01071026969   -2.22642901469
Mg    2.09957378513    0.01071021967   -2.22642827595
Mg   -0.00000031363    2.11067342876   -2.22577359261
Mg   -0.00000032798   -4.20705290804   -0.14396791410
Mg   -4.22049366359    0.01055426339   -0.14375900021
Mg    4.22049339222    0.01055426339   -0.14375900021
Mg   -0.00000032798    4.23393414778   -0.14396791410
Mg   -0.00000028292    0.01149172500   -4.35984871494
Mg    2.10802208687   -4.20908728155   -2.24013013970
Mg   -2.10802265838   -4.20908728089   -2.24013041115
Mg    4.22049320184   -2.09681997441   -2.24004263213
Mg   -4.22049385398   -2.09681997441   -2.24004263213
Mg   -4.22049379700    2.11907050871   -2.24046173933
Mg    4.22049325882    2.11907050871   -2.24046173933
Mg   -2.10802265838    4.23189977493   -2.24013041115
Mg    2.10802208687    4.23189977426   -2.24013013970
Mg    2.11024648103   -2.09875503896   -4.35984871494
Mg   -2.11024704688   -2.09875503896   -4.35984871494
Mg   -2.11024704688    2.12173848895   -4.35984871494
Mg    2.11024648103    2.12173848895   -4.35984871494


ghost=serialno
1-4

qmmm=Amber
pointcharges
10185
      2.11130296039   -2.10101758777   -0.14453438886    2.00000000000
     -2.11130347826   -2.10101756125   -0.14453458198    2.00000000000
     -2.11294673269    2.12204137757   -0.14684541586    2.00000000000
      2.11294622812    2.12204125666   -0.14684553363    2.00000000000
--------------------Output has been truncated-------------------------


--------------------Output has been truncated-------------------------


--------------------Output has been truncated-------------------------


--------------------Output has been truncated-------------------------


--------------------Output has been truncated-------------------------


--------------------Output has been truncated-------------------------


--------------------Output has been truncated-------------------------


--------------------Output has been truncated-------------------------


--------------------Output has been truncated-------------------------


--------------------Output has been truncated-------------------------


 ************************ 2023-02-23 03:01:35 *************************
 Executing ccsd...

 Allocation of 240.0 Gbytes of memory...

 Direct DF-CCSD(T) calculation
 
 Convergence criterion:  1.0E-06
 
 Number of occupied/virtual/auxiliary orbitals:    24   162   618
    854.59 MB is the minimal memory requirement for (T)
    386.92 MB is the minimal memory requirement for CCSD
 
 Reference energy [au]:          -10045.898608430958
 T1 contribution [au]:                0.000000000000
 Same spin MP2 energy [au]:          -0.341783200721
 Opposite spin MP2 energy [au]:      -0.893205813187
 MP2 correlation energy [au]:        -1.234989013908
 Total MP2 energy [au]:          -10047.133597444867
 
 
 CPU time [min]:     0.382                   Wall time [min]:     0.039
 
 Starting CCSD iterations...
 
                     Residual norm          Energy
 Iteration  1        0.243928938834   -10047.113542665018
 Iteration  2        0.073594656616   -10047.136522382560
 Iteration  3        0.028738067717   -10047.143769216756
 Iteration  4        0.006610548391   -10047.143469239123
 Iteration  5        0.002497883921   -10047.143249958050
 Iteration  6        0.000806312553   -10047.143305474965
 Iteration  7        0.000381396322   -10047.143317541375
 Iteration  8        0.000142060296   -10047.143307202943
 Iteration  9        0.000044173102   -10047.143303555444
 Iteration 10        0.000017214705   -10047.143303292945
 Iteration 11        0.000005819497   -10047.143303416391
 
 CCSD iteration has converged in 11 steps.
     2987.13 MB memory was utilized by CCSD
 
 T1 diagnostic:      1.270E-02            D1 diagnostic:      4.280E-02
 
 T1 contribution [au]:                                  0.000000000000
 Opposite spin CCSD energy [au]:                       -0.947546316641
 Same spin CCSD energy [au]:                           -0.297148668790
 CCSD correlation energy [au]:                         -1.244694985433
 Total CCSD energy [au]:                           -10047.143303416391
 
 CPU time [min]:    20.209                   Wall time [min]:     0.794
 
 Calculation of (T) correction...
 
 
     1547.00 MB memory is utilized for (T)

 0%       25%       50%       75%       100%
 |---------|---------|---------|---------| 
 
 (T) correction [au]:                                    -0.030512448427
 CCSD(T) correlation energy [au]:                        -1.275207433860
 Total CCSD(T) energy [au]:                          -10047.173815864819
 
 CPU time [min]:    55.262                   Wall time [min]:     1.795
 
 ************************ 2023-02-23 03:03:23 *************************
                      Normal termination of mrcc.
 **********************************************************************
