 **********************************************************************
                          MRCC program system
 **********************************************************************
 
                              Written by
     Mihaly Kallay, Peter R. Nagy, David Mester, Laszlo Gyevi-Nagy,
        Jozsef Csoka, P. Bernat Szabo, Zoltan Rolik, Gyula Samu,
     Jozsef Csontos, Bence Hegely, Adam Ganyecz, Istvan Ladjanszki,
       Lorant Szegedy, Bence Ladoczki, Klara Petrov, Mate Farkas,
                    Pal D. Mezei, and Reka A. Horvath
 
        Department of Physical Chemistry and Materials Science
            Budapest University of Technology and Economics
                  Budapest P.O.Box 91, H-1521 Hungary
 
                              www.mrcc.hu
 
                      Release date: March 18, 2022

 ************************ 2023-02-05 13:16:46 *************************
 Executing minp...

 Reading input from MINP...
 
 Input file:
 
calc=FNO-CCSD(T)
verbosity=3
mem=220GB
unit=angs
scfiguess=small
scfalg=locfit1
ccmaxit=400
ccsdalg=dfdirect
ccsdthreads=4
ccsdmkl=thr
ptthreads=4
lnoepsv=1e-5
naf_cor=1e-2
basis=aug-cc-pVQZ
basis_sm=def2-SVP
dfbasis_scf=def2-QZVPP-RI-JK
dfbasis_cor=aug-cc-pVQZ-RI
unit=angs
geom=xyz
16

C    34.41670262    34.07107264    10.41543014
C    33.11117461    33.45680459    10.91530835
H    34.24160149    35.00442132     9.86225048
H    34.94674030    33.36940783     9.75379242
H    35.10002891    34.30603621    11.24227357
H    32.42643037    33.26105434    10.07939442
H    32.59136835    34.12756100    11.61262818
H    33.28915165    32.50678735    11.43686767
C    45.74245317    31.96102723    10.40841099
C    47.04217115    31.34719311    10.92356869
H    45.21721276    31.25682155     9.74571409
H    45.92448905    32.89196657     9.85291346
H    45.05142584    32.20166151    11.22702485
H    47.73601157    31.15055188    10.09551480
H    46.85793094    30.39767355    11.44396498
H    47.55429059    32.01873499    11.62587494

--------------------Output has been truncated-------------------------


--------------------Output has been truncated-------------------------


--------------------Output has been truncated-------------------------


--------------------Output has been truncated-------------------------


--------------------Output has been truncated-------------------------


--------------------Output has been truncated-------------------------


--------------------Output has been truncated-------------------------


--------------------Output has been truncated-------------------------


--------------------Output has been truncated-------------------------


--------------------Output has been truncated-------------------------


 
 Reference energy [au]:                      -158.528862207314
 DF-MP2 singlet pair energy [au]:              -0.635446965801
 DF-MP2 triplet pair energy [au]:              -0.153814255174
 DF-SCS-MP2 correlation energy [au]:           -0.813807777353
 DF-SCS-MP2 energy [au]:                     -159.342669984667
 DF-SOS-MP2 correlation energy [au]:           -0.826081055541
 DF-SOS-MP2 energy [au]:                     -159.354943262856
 DF-MP2 correlation energy [au]:               -0.789261220975
 DF-MP2 energy [au]:                         -159.318123428289

 Results in FNO basis:
 
 
 Reference energy [au]:                      -158.528862207314
 DF-MP2 singlet pair energy [au]:              -0.625099493190
 DF-MP2 triplet pair energy [au]:              -0.153242407045
 DF-SCS-MP2 correlation energy [au]:           -0.801200194176
 DF-SCS-MP2 energy [au]:                     -159.330062401490
 DF-SOS-MP2 correlation energy [au]:           -0.812629341147
 DF-SOS-MP2 energy [au]:                     -159.341491548461
 DF-MP2 correlation energy [au]:               -0.778341900235
 DF-MP2 energy [au]:                         -159.307204107549

 Results in NAF basis:
 
 
 Reference energy [au]:                      -158.528862207314
 DF-MP2 singlet pair energy [au]:              -0.625057303921
 DF-MP2 triplet pair energy [au]:              -0.153258412645
 DF-SCS-MP2 correlation energy [au]:           -0.801154902253
 DF-SCS-MP2 energy [au]:                     -159.330017109567
 DF-SOS-MP2 correlation energy [au]:           -0.812574495097
 DF-SOS-MP2 energy [au]:                     -159.341436702411
 DF-MP2 correlation energy [au]:               -0.778315716565
 DF-MP2 energy [au]:                         -159.307177923880

 ************************ 2023-02-05 13:19:08 *************************
 Executing ccsd...

 Allocation of 220.0 Gbytes of memory...

 Direct DF-CCSD(T) calculation
 
 Convergence criterion:  1.0E-06
 
 Number of occupied/virtual/auxiliary orbitals:    14   350  1101
   6894.54 MB is the minimal memory requirement for (T)
   1573.93 MB is the minimal memory requirement for CCSD
 
 Reference energy [au]:            -158.528862207314
 T1 contribution [au]:                0.000000000000
 Same spin MP2 energy [au]:          -0.153250404460
 Opposite spin MP2 energy [au]:      -0.625078388706
 MP2 correlation energy [au]:        -0.778328793166
 Total MP2 energy [au]:            -159.307191000480
 MP2 correction [au]:                -0.010932427809
 
 
 CPU time [min]:     1.622                   Wall time [min]:     0.560
 
 Starting CCSD iterations...
 
                     Residual norm          Energy
 Iteration  1        0.253997280084     -159.343016683222
 Iteration  2        0.062948605508     -159.362181134611
 Iteration  3        0.018511876536     -159.364452627979
 Iteration  4        0.003748109756     -159.364467071244
 Iteration  5        0.000793341111     -159.364478801506
 Iteration  6        0.000221936999     -159.364482902682
 Iteration  7        0.000052462507     -159.364482452565
 Iteration  8        0.000014141033     -159.364483180305
 Iteration  9        0.000002817736     -159.364483137484
 
 CCSD iteration has converged in  9 steps.
    59038.48 MB memory was utilized by CCSD
 
 T1 diagnostic:      8.231E-03            D1 diagnostic:      1.428E-02
 
 T1 contribution [au]:                                  0.000000000000
 PPL energy contribution [au]:                          0.217871269331
 Scaled PPL energy contribution [au]:                   0.220950909329

 OS-PPL energy contribution [au]:                       0.191084773459
 Scaled OS-PPL energy contribution [au]:                0.194274769337
 SS-PPL energy contribution [au]:                       0.026786495872
 Scaled SS-PPL energy contribution [au]:                0.026882665652

 Opposite spin CCSD energy [au]:                       -0.690282305101
 Same spin CCSD energy [au]:                           -0.145354232388
 CCSD correlation energy [au]:                         -0.835636537490
 CCSD correlation energy + MP2 correction [au]:        -0.846568965299
 CCSD correlation energy + MP2 + PPL corr. [au]:       -0.843489325300
 Total CCSD energy [au]:                             -159.364498744804
 Total CCSD energy + MP2 correction [au]:            -159.375431172613
 Total CCSD energy + MP2 + PPL corr. [au]:           -159.372351532614
 
 CPU time [min]:   156.092                   Wall time [min]:     5.538
 
 Calculation of (T) correction...
 
 
     8827.33 MB memory is utilized for (T)

 0%       25%       50%       75%       100%
 |---------|---------|---------|---------| 
 
 (T) correction [au]:                                    -0.029525760660
 (T*) correction [au]:                                   -0.029940480313
 (T+) correction [au]:                                   -0.029933422689
 CCSD(T) correlation energy [au]:                        -0.865162298150
 CCSD(T) correlation energy + MP2 correction [au]:       -0.876094725959
 CCSD(T+) correlation en. + MP2 + PPL corr. [au]:        -0.873422747989
 Total CCSD(T) energy [au]:                            -159.394024505464
 Total CCSD(T) energy + MP2 correction [au]:           -159.404956933273
 Total CCSD(T+) energy + MP2 + PPL corr. [au]:         -159.402284955303
 
 CPU time [min]:   275.608                   Wall time [min]:     9.094
 
 ************************ 2023-02-05 13:28:14 *************************
                      Normal termination of mrcc.
 **********************************************************************
