 **********************************************************************
                          MRCC program system
 **********************************************************************
 
                              Written by
     Mihaly Kallay, Peter R. Nagy, David Mester, Laszlo Gyevi-Nagy,
        Jozsef Csoka, P. Bernat Szabo, Zoltan Rolik, Gyula Samu,
     Jozsef Csontos, Bence Hegely, Adam Ganyecz, Istvan Ladjanszki,
       Lorant Szegedy, Bence Ladoczki, Klara Petrov, Mate Farkas,
                    Pal D. Mezei, and Reka A. Horvath
 
        Department of Physical Chemistry and Materials Science
            Budapest University of Technology and Economics
                  Budapest P.O.Box 91, H-1521 Hungary
 
                              www.mrcc.hu
 
                      Release date: March 18, 2022

 ************************ 2023-04-16 16:20:00 *************************
 Executing minp...

 Reading input from MINP...
 
 Input file:
 
calc=LNO-CCSD(T)
scftype=rhf
verbosity=3
mem=220GB
symm=off
unit=angs
scfiguess=small
scfmaxit=1000
scfalg=locfit1


lcorthr=tight
bpedo=0.99999
ccmaxit=400
usedisk=0
ccsdalg=dfdirect
ccsdthreads=4
ccsdmkl=thr
ptthreads=4

charge=-6
core=14

basis=special
aug-cc-pVDZ
aug-cc-pVDZ
aug-cc-pVDZ
aug-cc-pVDZ
aug-cc-pVDZ
aug-cc-pVDZ
cc-pVDZ
aug-cc-pVDZ
aug-cc-pVDZ
aug-cc-pVDZ
aug-cc-pVDZ
aug-cc-pVDZ
nothing
nothing
nothing
nothing
nothing
nothing
nothing
nothing
nothing
nothing
nothing
nothing
nothing
nothing
nothing
nothing
nothing
nothing
nothing
nothing
nothing
nothing
nothing
nothing
nothing
nothing
nothing
nothing
nothing
nothing
nothing
nothing
nothing
nothing
nothing
nothing
nothing
nothing
nothing

basis_sm=special
def2-SVP
def2-SVP
def2-SVP
def2-SVP
def2-SVP
def2-SVP
def2-SVP
def2-SVP
def2-SVP
def2-SVP
def2-SVP
def2-SVP
nothing
nothing
nothing
nothing
nothing
nothing
nothing
nothing
nothing
nothing
nothing
nothing
nothing
nothing
nothing
nothing
nothing
nothing
nothing
nothing
nothing
nothing
nothing
nothing
nothing
nothing
nothing
nothing
nothing
nothing
nothing
nothing
nothing
nothing
nothing
nothing
nothing
nothing
nothing

dfbasis_scf=special
def2-QZVPP-RI-JK
def2-QZVPP-RI-JK
def2-QZVPP-RI-JK
def2-QZVPP-RI-JK
def2-QZVPP-RI-JK
def2-QZVPP-RI-JK
def2-QZVPP-RI-JK
def2-QZVPP-RI-JK
def2-QZVPP-RI-JK
def2-QZVPP-RI-JK
def2-QZVPP-RI-JK
def2-QZVPP-RI-JK
nothing
nothing
nothing
nothing
nothing
nothing
nothing
nothing
nothing
nothing
nothing
nothing
nothing
nothing
nothing
nothing
nothing
nothing
nothing
nothing
nothing
nothing
nothing
nothing
nothing
nothing
nothing
nothing
nothing
nothing
nothing
nothing
nothing
nothing
nothing
nothing
nothing
nothing
nothing

dfbasis_cor=special
aug-cc-pVDZ-RI
aug-cc-pVDZ-RI
aug-cc-pVDZ-RI
aug-cc-pVDZ-RI
aug-cc-pVDZ-RI
aug-cc-pVDZ-RI
cc-pVDZ-RI
aug-cc-pVDZ-RI
aug-cc-pVDZ-RI
aug-cc-pVDZ-RI
aug-cc-pVDZ-RI
aug-cc-pVDZ-RI
nothing
nothing
nothing
nothing
nothing
nothing
nothing
nothing
nothing
nothing
nothing
nothing
nothing
nothing
nothing
nothing
nothing
nothing
nothing
nothing
nothing
nothing
nothing
nothing
nothing
nothing
nothing
nothing
nothing
nothing
nothing
nothing
nothing
nothing
nothing
nothing
nothing
nothing
nothing

ecp=special
none
none
none
none
none
none
none
none
none
none
none
none
ECP-22
ECP-22
ECP-22
ECP-22
ECP-22
ECP-22
ECP-22
ECP-22
ECP-22
ECP-22
ECP-22
ECP-22
ECP-22
ECP-22
ECP-22
ECP-22
ECP-22
ECP-22
ECP-22
ECP-22
ECP-22
ECP-22
ECP-22
ECP-22
ECP-22
ECP-22
ECP-22
ECP-22
ECP-22
ECP-22
ECP-22
ECP-22
ECP-22
ECP-22
ECP-22
ECP-22
ECP-22
ECP-22
ECP-22

unit=angs
geom=xyz
51
C1 O1 H4 Ti1 O5 ECP39
C     0.12450231270    1.04681247009    1.69832454997
O     0.49304023508   -0.02079519643    0.78715525802
H    -0.96249075501    1.15750762384    1.64707813452
H     1.49048989149   -0.07651000440    0.74426707438
H     0.42878796509    0.76824059940    2.71621382127
H     0.62403522322    1.98659215615    1.41563893378
Ti    0.00000000000    0.00000000000   -1.33807142264
O    -0.01054518389    0.01041339435   -3.24910669693
O    -1.22535105068   -1.48322710251   -1.16114063363
O    -1.21183603561    1.49264677878   -1.11915424611
O     1.24749495126   -1.51422722755   -1.26374695913
O     1.25439008494    1.54227815700   -1.29430321331
Ti   -0.00122090246   -2.95438555219   -1.48547979454
Ti    0.00002248039    2.96537345130   -1.49682151131
Ti    0.08293367429   -1.44456083798   -4.59246122543
Ti    0.08330326465    1.45754983918   -4.59818387545
Ti   -3.25659001122   -1.47223676771   -1.08970630539
Ti    3.25103342482    1.49449616177   -1.12335312799
Ti   -3.25646001385    1.48887619497   -1.09380847576
Ti    3.25990466522   -1.49356199026   -1.12229704541
Ti   -3.18660955941    0.00703891409   -4.43832977510
Ti    3.32386005285    0.00636111413   -4.44538464593
Ti   -3.18204185687   -2.94968936082   -4.43946446195
Ti   -3.18091527205    2.96376288323   -4.44266062246
Ti    3.31944617297   -2.95288167635   -4.45244160177
Ti    3.32091429267    2.96520866993   -4.45037393472
Ti    3.23583363005   -4.43939826505   -1.09060020295
Ti   -3.25006137269   -4.42964968677   -1.08895232853
Ti    3.23632718065    4.44194515777   -1.09078193103
Ti   -3.24731879003    4.44458168405   -1.08791866758
Ti    0.08050640881   -4.41643328715   -4.66645148787
Ti    0.08227284752    4.43114417589   -4.66976262263
Ti   -0.01652575250   -5.90923753025   -1.48929871894
Ti   -0.01652575250    5.92114395058   -1.48929871894
Ti   -0.00984241049    0.00625964610   -7.81753153775
Ti   -6.50113982158    0.00774664581   -1.45920688906
Ti    6.50284428197    0.00774664581   -1.45920688906
Ti   -0.00984241049   -2.95133572410   -7.81753153775
Ti   -0.00984241049    2.96385501631   -7.81753153775
Ti    6.49464777486   -2.95569920764   -1.45740178224
Ti    6.49187230890    2.96790101099   -1.45713099450
Ti   -6.50933632869   -2.95569920764   -1.45740178224
Ti   -6.51211179465    2.96790101099   -1.45713099450
Ti    3.24115361540   -1.47253803900   -7.81753153775
Ti   -3.18276059561   -5.90904848220   -4.43910019399
Ti    3.24115361540    1.48505733121   -7.81753153775
Ti   -3.26083843637   -1.47253803900   -7.81753153775
Ti   -3.18276059561    5.92133299863   -4.43910019399
Ti   -3.26083843637    1.48505733121   -7.81753153775
Ti    3.31527735314   -5.90833806215   -4.44083243901
Ti    3.31527735314    5.92204341867   -4.44083243901


ghost=serialno
1-6

qmmm=Amber
pointcharges
11987
     -0.00122090246   -2.95438555219   -1.48547979454    4.00000000000
      0.00002248039    2.96537345130   -1.49682151131    4.00000000000
      3.10598737838    0.00459982464   -0.00793290675   -2.00000000000
     -3.25801710391    0.01031232011   -2.57545719072   -2.00000000000
--------------------Output has been truncated-------------------------


--------------------Output has been truncated-------------------------


--------------------Output has been truncated-------------------------


--------------------Output has been truncated-------------------------


--------------------Output has been truncated-------------------------


--------------------Output has been truncated-------------------------


--------------------Output has been truncated-------------------------


--------------------Output has been truncated-------------------------


--------------------Output has been truncated-------------------------


--------------------Output has been truncated-------------------------


 
 Final local CC results:
 
 Minimum number of correlated electrons:        34       ( 85.0%)
 Maximum number of correlated electrons:        40       (100.0%)
 Average number of correlated electrons:        36.9     ( 92.2%)
 Minimum number of correlated orbitals:         86       ( 38.1%)
 Maximum number of correlated orbitals:        102       ( 45.1%)
 Average number of correlated orbitals:         93.1     ( 41.2%)
 
 CPU time for integral calculations [min]:                  1.755
 Wall time for integral calculations [min]:                 0.643
 
 CPU time for SCF calculation [min]:                       12.079
 Wall time for SCF calculation [min]:                       0.343
 
 CPU time for orbital localization [min]:                   0.092
 Wall time for orbital localization [min]:                  0.005
 
 CPU time for integral transformations [min]:              42.860
 Wall time for integral transformations [min]:              1.277
 
 Reference energy [au]:                               -116413.405623098544
 
 LMP2 correlation energy [au]:                             -1.144827790106
 Total LMP2 energy [au]:                              -116414.550450888652
 
 Total MP2 correction for dropped NAFs [au]:                0.000459748433
 Total MP2 correction [au]:                                -0.000737607993
 
 CPU time for CCSD calculations [min]:                     35.590
 Total CPU time for CCSD [min]:                            92.376
 Wall time for CCSD calculations [min]:                     1.022
 Total wall time for CCSD [min]:                            3.290
 
 CCSD correlation energy [au]:                             -1.140207441000
 Total CCSD energy [au]:                              -116414.545830539544
 CCSD correlation energy + 0.5 MP2 corrections [au]:       -1.140576244997
 Total LNO-CCSD energy with MP2 corrections [au]:     -116414.546199343546
 
 CPU time for (T) corrections [min]:                       19.101
 Total CPU time for CCSD(T) [min]:                        111.477
 Wall time for (T) corrections [min]:                       0.570
 Total wall time for CCSD(T) [min]:                         3.859
 
 Total (T) correlation energy contribution [au]:           -0.042842098275
 Total (T) correlation energy+0.5 MP2 correction [au]:     -0.043210902272
 CCSD(T) correlation energy [au]:                          -1.183049539276
 Total CCSD(T) energy [au]:                           -116414.588672637823
 CCSD(T) correlation energy + MP2 corrections [au]:        -1.183787147269
 Total LNO-CCSD(T) energy with MP2 corrections [au]:  -116414.589410245811
 
 ======================================================================
 ======================================================================
 
 ************************ 2023-04-16 16:24:52 *************************
                      Normal termination of mrcc.
 **********************************************************************
