 **********************************************************************
                          MRCC program system
 **********************************************************************
 
                              Written by
     Mihaly Kallay, Peter R. Nagy, David Mester, Laszlo Gyevi-Nagy,
        Jozsef Csoka, P. Bernat Szabo, Zoltan Rolik, Gyula Samu,
     Jozsef Csontos, Bence Hegely, Adam Ganyecz, Istvan Ladjanszki,
       Lorant Szegedy, Bence Ladoczki, Klara Petrov, Mate Farkas,
                    Pal D. Mezei, and Reka A. Horvath
 
        Department of Physical Chemistry and Materials Science
            Budapest University of Technology and Economics
                  Budapest P.O.Box 91, H-1521 Hungary
 
                              www.mrcc.hu
 
                      Release date: March 18, 2022

 ************************ 2024-02-06 13:43:25 *************************
 Executing minp...

 Reading input from MINP...
 
 Input file:
 
calc=FNO-CCSD(T)
verbosity=3
mem=220GB
unit=angs
scfiguess=small
scfalg=locfit1
ccmaxit=400
ccsdalg=dfdirect
ccsdthreads=4
ccsdmkl=thr
ptthreads=4
lnoepsv=1e-5
naf_cor=1e-2
basis=aug-cc-pVQZ
basis_sm=def2-SVP
dfbasis_scf=def2-QZVPP-RI-JK
dfbasis_cor=aug-cc-pVQZ-RI
unit=angs
geom=xyz
12

H     6.99490617     7.23756519    16.25105594
H     5.55295574     6.60195460    16.39048342
O     6.47170340     6.40747381    16.13767208
H     9.87775989     5.47134921    16.26958622
H    11.33605388     6.06979352    16.39129416
O    10.42212875     6.28582631    16.13893456
H     7.56610137     4.92473053    16.26136841
H     8.17879292     3.47745490    16.43766050
O     8.38265406     4.38043644    16.14137534
H     9.33709402     7.82450804    16.25810800
H     8.70116862     9.27305031    16.31724160
O     8.50366513     8.33839294    16.13199788

--------------------Output has been truncated-------------------------


--------------------Output has been truncated-------------------------


--------------------Output has been truncated-------------------------


--------------------Output has been truncated-------------------------


--------------------Output has been truncated-------------------------


--------------------Output has been truncated-------------------------


--------------------Output has been truncated-------------------------


--------------------Output has been truncated-------------------------


--------------------Output has been truncated-------------------------


--------------------Output has been truncated-------------------------


 
 Reference energy [au]:                       -76.063172987809
 DF-MP2 singlet pair energy [au]:              -0.220130448176
 DF-MP2 triplet pair energy [au]:              -0.067583177056
 DF-SCS-MP2 correlation energy [au]:           -0.286684263497
 DF-SCS-MP2 energy [au]:                      -76.349857251306
 DF-SOS-MP2 correlation energy [au]:           -0.286169582629
 DF-SOS-MP2 energy [au]:                      -76.349342570438
 DF-MP2 correlation energy [au]:               -0.287713625232
 DF-MP2 energy [au]:                          -76.350886613041

 Results in FNO basis:
 
 
 Reference energy [au]:                       -76.063172987809
 DF-MP2 singlet pair energy [au]:              -0.218205746452
 DF-MP2 triplet pair energy [au]:              -0.067463557089
 DF-SCS-MP2 correlation energy [au]:           -0.284334748105
 DF-SCS-MP2 energy [au]:                      -76.347507735914
 DF-SOS-MP2 correlation energy [au]:           -0.283667470387
 DF-SOS-MP2 energy [au]:                      -76.346840458196
 DF-MP2 correlation energy [au]:               -0.285669303541
 DF-MP2 energy [au]:                          -76.348842291350

 Results in NAF basis:
 
 
 Reference energy [au]:                       -76.063172987809
 DF-MP2 singlet pair energy [au]:              -0.218194206434
 DF-MP2 triplet pair energy [au]:              -0.067468631753
 DF-SCS-MP2 correlation energy [au]:           -0.284322591638
 DF-SCS-MP2 energy [au]:                      -76.347495579447
 DF-SOS-MP2 correlation energy [au]:           -0.283652468364
 DF-SOS-MP2 energy [au]:                      -76.346825456173
 DF-MP2 correlation energy [au]:               -0.285662838187
 DF-MP2 energy [au]:                          -76.348835825996

 ************************ 2024-02-06 13:44:48 *************************
 Executing ccsd...

 Allocation of 220.0 Gbytes of memory...

 Direct DF-CCSD(T) calculation
 
 Convergence criterion:  1.0E-06
 
 Number of occupied/virtual/auxiliary orbitals:     4    84   247
     93.56 MB is the minimal memory requirement for (T)
     24.41 MB is the minimal memory requirement for CCSD
 
 Reference energy [au]:             -76.063172987809
 T1 contribution [au]:                0.000000000000
 Same spin MP2 energy [au]:          -0.067466092829
 Opposite spin MP2 energy [au]:      -0.218199973214
 MP2 correlation energy [au]:        -0.285666066043
 Total MP2 energy [au]:             -76.348839053852
 MP2 correction [au]:                -0.002047559189
 
 
 CPU time [min]:     0.152                   Wall time [min]:     0.007
 
 Starting CCSD iterations...
 
                     Residual norm          Energy
 Iteration  1        0.170269458952      -76.345408171562
 Iteration  2        0.038060377648      -76.350670662604
 Iteration  3        0.013020485941      -76.351876422431
 Iteration  4        0.002795335816      -76.351754276961
 Iteration  5        0.000864663348      -76.351784248662
 Iteration  6        0.000178031243      -76.351786217579
 Iteration  7        0.000043230070      -76.351785588536
 Iteration  8        0.000012240122      -76.351785524498
 Iteration  9        0.000003041268      -76.351785433294
 
 CCSD iteration has converged in  9 steps.
      220.30 MB memory was utilized by CCSD
 
 T1 diagnostic:      8.989E-03            D1 diagnostic:      1.847E-02
 
 T1 contribution [au]:                                  0.000000000000
 PPL energy contribution [au]:                          0.063192100592
 Scaled PPL energy contribution [au]:                   0.063648880682

 OS-PPL energy contribution [au]:                       0.052971242324
 Scaled OS-PPL energy contribution [au]:                0.053445852731
 SS-PPL energy contribution [au]:                       0.010220858267
 Scaled SS-PPL energy contribution [au]:                0.010237760003

 Opposite spin CCSD energy [au]:                       -0.228980408297
 Same spin CCSD energy [au]:                           -0.059635984366
 CCSD correlation energy [au]:                         -0.288616392663
 CCSD correlation energy + MP2 correction [au]:        -0.290663951853
 CCSD correlation energy + MP2 + PPL corr. [au]:       -0.290207171762
 Total CCSD energy [au]:                              -76.351789380472
 Total CCSD energy + MP2 correction [au]:             -76.353836939661
 Total CCSD energy + MP2 + PPL corr. [au]:            -76.353380159571
 
 CPU time [min]:     0.622                   Wall time [min]:     0.021
 
 Calculation of (T) correction...
 
 
       71.39 MB memory is utilized for (T)

 0%       25%       50%       75%       100%
 |---------|---------|---------|---------| 
 
 (T) correction [au]:                                    -0.009486738642
 (T*) correction [au]:                                   -0.009554736424
 (T+) correction [au]:                                   -0.009553421464
 CCSD(T) correlation energy [au]:                        -0.298103131305
 CCSD(T) correlation energy + MP2 correction [au]:       -0.300150690495
 CCSD(T+) correlation en. + MP2 + PPL corr. [au]:        -0.299760593226
 Total CCSD(T) energy [au]:                             -76.361276119114
 Total CCSD(T) energy + MP2 correction [au]:            -76.363323678303
 Total CCSD(T+) energy + MP2 + PPL corr. [au]:          -76.362933581035
 
 CPU time [min]:     0.717                   Wall time [min]:     0.024
 
 ************************ 2024-02-06 13:44:49 *************************
                      Normal termination of mrcc.
 **********************************************************************
