================================================================================
                                       INPUT FILE
================================================================================
NAME = orca.inp
|  1>  ! TightSCF RI-MP2 RIJCOSX SlowConv DIIS
|  2> %maxcore 72000
|  3> %pal
|  4> nprocs 16
|  5> end
|  6> %pointcharges "orca.bq"
|  7> %method
|  8> Method hf
|  9> RI on
| 10> RunTyp Energy
| 11> NewNCore O 2 end
| 12> NewNCore Mg 2 end
| 13> NewNCore H 0 end
| 14> NewNCore C 2 end
| 15> end
| 16> %basis
| 17> NewGTO Mg
| 18> "cc-pwCVTZ"
| 19> end
| 20> NewGTO H
| 21> "aug-cc-pVTZ"
| 22> end
| 23> NewGTO C
| 24> "aug-cc-pVTZ"
| 25> end
| 26> NewGTO O
| 27> "aug-cc-pVTZ"
| 28> end
| 29> NewAuxCGTO Mg
| 30> "AutoAux"
| 31> end
| 32> NewAuxCGTO H
| 33> "aug-cc-pVTZ/C"
| 34> end
| 35> NewAuxCGTO C
| 36> "aug-cc-pVTZ/C"
| 37> end
| 38> NewAuxCGTO O 
| 39> "aug-cc-pVTZ/C"
| 40> end
| 41> Aux "def2/J"
| 42> end
| 43> %scf
| 44> HFTyp rhf
| 45> Guess MORead
| 46> MOInp "orca_svp_start.gbw"
| 47> SCFMode Direct
| 48> sthresh 1e-6
| 49> AutoTRAHIter 60
| 50> MaxIter 1000
| 51> end
| 52> %coords
| 53> CTyp xyz
| 54> Mult 1
| 55> Units angs
| 56>       Charge -18
| 57>   coords
| 58> C:                      0.47673961044    0.94255708263    3.05614279208
| 59> C:                     -3.05026778604   -1.67561781944    3.07599977897
| 60> C:                     -0.43462669756   -5.16798964753    3.07877577627
| 61> C:                      3.06022047617   -2.59502002606    3.05084372800
| 62> O:                      0.13943585508   -0.21039371401    2.25475896151
| 63> O:                     -1.90471810476   -1.98627604266    2.25404486935
| 64> O:                     -0.13145473002   -4.02545576189    2.25040091438
| 65> O:                      1.90827300668   -2.25672231970    2.24913727671
| 66> H:                      0.33867089978    0.72830564293    4.12799554143
| 67> H:                      0.88404470710   -0.87146617586    2.31270309257
| 68> H:                      1.52050514291    1.23868133071    2.87182547865
| 69> H:                     -0.17853571994    1.76265108184    2.74371933051
| 70> H:                     -2.81965062365   -1.83035543634    4.14213071467
| 71> H:                     -1.24803041528   -1.23836915347    2.31708559668
| 72> H:                     -3.36190070732   -0.63272976620    2.91457919282
| 73> H:                     -3.86679738764   -2.33535273596    2.76360135104
| 74> H:                     -0.27307953359   -4.93314457301    4.14297091729
| 75> H:                     -0.88024612789   -3.36889572155    2.31295214545
| 76> H:                     -1.47800582736   -5.48247657592    2.92509305353
| 77> H:                      0.22532948067   -5.98398511429    2.76523198310
| 78> H:                      2.84756089596   -2.44997330170    4.12224473895
| 79> H:                      1.24470025182   -2.99983995011    2.30700787540
| 80> H:                      3.35218287752   -3.64082219211    2.87178808241
| 81> H:                      3.88232176277   -1.94409713790    2.73395369827
| 82> Mg                      0.00000000000    0.00000000000    0.00000000000
| 83> O                       0.00020414039   -2.11670100552   -0.03633687784
| 84> O                       0.00008165256    2.12536468841   -0.01624450800
| 85> O                      -2.13066223169    0.02090987991   -0.02781827616
| 86> O                       2.13750143997    0.01506419223   -0.02829749514
| 87> O                       0.00091550980    0.00105097461   -2.15645427697
| 88> Mg                      2.11650496800   -2.11573793376   -0.00166243752
| 89> Mg                     -2.11595800944   -2.11657210777   -0.00104152720
| 90> O                      -2.11702190207   -2.11506233157   -2.15675215098
| 91> O                       2.11770107955   -2.11628756531   -2.15700758600
| 92> Mg                      0.00083779638   -4.23327240350   -0.00195989034
| 93> O                      -4.23990637216   -2.11575244484   -0.01537091385
| 94> O                       4.24092582583   -2.11515550341   -0.01630775588
| 95> O                      -0.00015784753   -4.23296688611   -2.15708057199
| 96> O                      -2.13652991603   -4.24742695373   -0.02920991164
| 97> O                       2.13218777058   -4.25352913012   -0.02965243313
| 98> O                       0.00084351996   -6.35648505827   -0.01626186023
| 99> Mg>    2.00000000000   -2.11343245806    2.10632321050   -0.08508158862
|100> NewECP
|101> N_core 0
|102> lmax f
|103> s 1
|104> 1      1.732000000   14.676000000 2
|105> p 1
|106> 1      1.115000000    5.175700000 2
|107> d 1
|108> 1      1.203000000   -1.816000000 2
|109> f 1
|110> 1      1.000000000    0.000000000 2
|111> end
|112> Mg>    2.00000000000    2.11370780092    2.10633183359   -0.08736518721
|113> NewECP
|114> N_core 0
|115> lmax f
|116> s 1
|117> 1      1.732000000   14.676000000 2
|118> p 1
|119> 1      1.115000000    5.175700000 2
|120> d 1
|121> 1      1.203000000   -1.816000000 2
|122> f 1
|123> 1      1.000000000    0.000000000 2
|124> end
|125> Mg>    2.00000000000    0.00028306183   -2.11582389534   -2.13107648121
|126> NewECP
|127> N_core 0
|128> lmax f
|129> s 1
|130> 1      1.732000000   14.676000000 2
|131> p 1
|132> 1      1.115000000    5.175700000 2
|133> d 1
|134> 1      1.203000000   -1.816000000 2
|135> f 1
|136> 1      1.000000000    0.000000000 2
|137> end
|138> Mg>    2.00000000000   -2.10075132032   -0.01352069236   -2.15015837356
|139> NewECP
|140> N_core 0
|141> lmax f
|142> s 1
|143> 1      1.732000000   14.676000000 2
|144> p 1
|145> 1      1.115000000    5.175700000 2
|146> d 1
|147> 1      1.203000000   -1.816000000 2
|148> f 1
|149> 1      1.000000000    0.000000000 2
|150> end
|151> Mg>    2.00000000000    2.10241272832   -0.01451056103   -2.15056971759
|152> NewECP
|153> N_core 0
|154> lmax f
|155> s 1
|156> 1      1.732000000   14.676000000 2
|157> p 1
|158> 1      1.115000000    5.175700000 2
|159> d 1
|160> 1      1.203000000   -1.816000000 2
|161> f 1
|162> 1      1.000000000    0.000000000 2
|163> end
|164> Mg>    2.00000000000   -0.00019051682    2.09729035498   -2.15905109104
|165> NewECP
|166> N_core 0
|167> lmax f
|168> s 1
|169> 1      1.732000000   14.676000000 2
|170> p 1
|171> 1      1.115000000    5.175700000 2
|172> d 1
|173> 1      1.203000000   -1.816000000 2
|174> f 1
|175> 1      1.000000000    0.000000000 2
|176> end
|177> Mg>    2.00000000000    0.00038376031    4.21669833972   -0.07690907487
|178> NewECP
|179> N_core 0
|180> lmax f
|181> s 1
|182> 1      1.732000000   14.676000000 2
|183> p 1
|184> 1      1.115000000    5.175700000 2
|185> d 1
|186> 1      1.203000000   -1.816000000 2
|187> f 1
|188> 1      1.000000000    0.000000000 2
|189> end
|190> Mg>    2.00000000000   -4.22118784573   -0.00220422425   -0.08640414113
|191> NewECP
|192> N_core 0
|193> lmax f
|194> s 1
|195> 1      1.732000000   14.676000000 2
|196> p 1
|197> 1      1.115000000    5.175700000 2
|198> d 1
|199> 1      1.203000000   -1.816000000 2
|200> f 1
|201> 1      1.000000000    0.000000000 2
|202> end
|203> Mg>    2.00000000000    4.22221441701   -0.00162542065   -0.08538324352
|204> NewECP
|205> N_core 0
|206> lmax f
|207> s 1
|208> 1      1.732000000   14.676000000 2
|209> p 1
|210> 1      1.115000000    5.175700000 2
|211> d 1
|212> 1      1.203000000   -1.816000000 2
|213> f 1
|214> 1      1.000000000    0.000000000 2
|215> end
|216> Mg>    2.00000000000    0.00028517371   -0.00506992863   -4.27748107507
|217> NewECP
|218> N_core 0
|219> lmax f
|220> s 1
|221> 1      1.732000000   14.676000000 2
|222> p 1
|223> 1      1.115000000    5.175700000 2
|224> d 1
|225> 1      1.203000000   -1.816000000 2
|226> f 1
|227> 1      1.000000000    0.000000000 2
|228> end
|229> Mg>    2.00000000000   -2.10186832766   -4.21705858124   -2.15070246526
|230> NewECP
|231> N_core 0
|232> lmax f
|233> s 1
|234> 1      1.732000000   14.676000000 2
|235> p 1
|236> 1      1.115000000    5.175700000 2
|237> d 1
|238> 1      1.203000000   -1.816000000 2
|239> f 1
|240> 1      1.000000000    0.000000000 2
|241> end
|242> Mg>    2.00000000000    2.10183375731   -4.21803744887   -2.15094777458
|243> NewECP
|244> N_core 0
|245> lmax f
|246> s 1
|247> 1      1.732000000   14.676000000 2
|248> p 1
|249> 1      1.115000000    5.175700000 2
|250> d 1
|251> 1      1.203000000   -1.816000000 2
|252> f 1
|253> 1      1.000000000    0.000000000 2
|254> end
|255> Mg>    2.00000000000   -4.21277451754   -2.11589864003   -2.15912305341
|256> NewECP
|257> N_core 0
|258> lmax f
|259> s 1
|260> 1      1.732000000   14.676000000 2
|261> p 1
|262> 1      1.115000000    5.175700000 2
|263> d 1
|264> 1      1.203000000   -1.816000000 2
|265> f 1
|266> 1      1.000000000    0.000000000 2
|267> end
|268> Mg>    2.00000000000    4.21361399573   -2.11488724398   -2.15938008668
|269> NewECP
|270> N_core 0
|271> lmax f
|272> s 1
|273> 1      1.732000000   14.676000000 2
|274> p 1
|275> 1      1.115000000    5.175700000 2
|276> d 1
|277> 1      1.203000000   -1.816000000 2
|278> f 1
|279> 1      1.000000000    0.000000000 2
|280> end
|281> Mg>    2.00000000000   -2.10969453362    4.21572726618   -2.16550072011
|282> NewECP
|283> N_core 0
|284> lmax f
|285> s 1
|286> 1      1.732000000   14.676000000 2
|287> p 1
|288> 1      1.115000000    5.175700000 2
|289> d 1
|290> 1      1.203000000   -1.816000000 2
|291> f 1
|292> 1      1.000000000    0.000000000 2
|293> end
|294> Mg>    2.00000000000    2.11003080937    4.21587378366   -2.16560137513
|295> NewECP
|296> N_core 0
|297> lmax f
|298> s 1
|299> 1      1.732000000   14.676000000 2
|300> p 1
|301> 1      1.115000000    5.175700000 2
|302> d 1
|303> 1      1.203000000   -1.816000000 2
|304> f 1
|305> 1      1.000000000    0.000000000 2
|306> end
|307> Mg>    2.00000000000   -4.21985109269    2.10489878919   -2.16638986436
|308> NewECP
|309> N_core 0
|310> lmax f
|311> s 1
|312> 1      1.732000000   14.676000000 2
|313> p 1
|314> 1      1.115000000    5.175700000 2
|315> d 1
|316> 1      1.203000000   -1.816000000 2
|317> f 1
|318> 1      1.000000000    0.000000000 2
|319> end
|320> Mg>    2.00000000000    4.22059236909    2.10492264408   -2.16659815714
|321> NewECP
|322> N_core 0
|323> lmax f
|324> s 1
|325> 1      1.732000000   14.676000000 2
|326> p 1
|327> 1      1.115000000    5.175700000 2
|328> d 1
|329> 1      1.203000000   -1.816000000 2
|330> f 1
|331> 1      1.000000000    0.000000000 2
|332> end
|333> Mg>    2.00000000000   -2.10996159024    2.10517683532   -4.27748107507
|334> NewECP
|335> N_core 0
|336> lmax f
|337> s 1
|338> 1      1.732000000   14.676000000 2
|339> p 1
|340> 1      1.115000000    5.175700000 2
|341> d 1
|342> 1      1.203000000   -1.816000000 2
|343> f 1
|344> 1      1.000000000    0.000000000 2
|345> end
|346> Mg>    2.00000000000    2.11053193766    2.10517683532   -4.27748107507
|347> NewECP
|348> N_core 0
|349> lmax f
|350> s 1
|351> 1      1.732000000   14.676000000 2
|352> p 1
|353> 1      1.115000000    5.175700000 2
|354> d 1
|355> 1      1.203000000   -1.816000000 2
|356> f 1
|357> 1      1.000000000    0.000000000 2
|358> end
|359> Mg>    2.00000000000   -2.10996159024   -2.11531669259   -4.27748107507
|360> NewECP
|361> N_core 0
|362> lmax f
|363> s 1
|364> 1      1.732000000   14.676000000 2
|365> p 1
|366> 1      1.115000000    5.175700000 2
|367> d 1
|368> 1      1.203000000   -1.816000000 2
|369> f 1
|370> 1      1.000000000    0.000000000 2
|371> end
|372> Mg>    2.00000000000    2.11053193766   -2.11531669259   -4.27748107507
|373> NewECP
|374> N_core 0
|375> lmax f
|376> s 1
|377> 1      1.732000000   14.676000000 2
|378> p 1
|379> 1      1.115000000    5.175700000 2
|380> d 1
|381> 1      1.203000000   -1.816000000 2
|382> f 1
|383> 1      1.000000000    0.000000000 2
|384> end
|385> Mg>    2.00000000000   -4.22162659994   -4.22947602373   -0.08566876489
|386> NewECP
|387> N_core 0
|388> lmax f
|389> s 1
|390> 1      1.732000000   14.676000000 2
|391> p 1
|392> 1      1.115000000    5.175700000 2
|393> d 1
|394> 1      1.203000000   -1.816000000 2
|395> f 1
|396> 1      1.000000000    0.000000000 2
|397> end
|398> Mg>    2.00000000000    4.22265716612   -4.22909688445   -0.08757435739
|399> NewECP
|400> N_core 0
|401> lmax f
|402> s 1
|403> 1      1.732000000   14.676000000 2
|404> p 1
|405> 1      1.115000000    5.175700000 2
|406> d 1
|407> 1      1.203000000   -1.816000000 2
|408> f 1
|409> 1      1.000000000    0.000000000 2
|410> end
|411> Mg>    2.00000000000   -4.22020835420   -0.00506992863   -4.27748107507
|412> NewECP
|413> N_core 0
|414> lmax f
|415> s 1
|416> 1      1.732000000   14.676000000 2
|417> p 1
|418> 1      1.115000000    5.175700000 2
|419> d 1
|420> 1      1.203000000   -1.816000000 2
|421> f 1
|422> 1      1.000000000    0.000000000 2
|423> end
|424> Mg>    2.00000000000    4.22077870162   -0.00506992863   -4.27748107507
|425> NewECP
|426> N_core 0
|427> lmax f
|428> s 1
|429> 1      1.732000000   14.676000000 2
|430> p 1
|431> 1      1.115000000    5.175700000 2
|432> d 1
|433> 1      1.203000000   -1.816000000 2
|434> f 1
|435> 1      1.000000000    0.000000000 2
|436> end
|437> Mg>    2.00000000000    0.00028517371   -4.22556345654   -4.27748107507
|438> NewECP
|439> N_core 0
|440> lmax f
|441> s 1
|442> 1      1.732000000   14.676000000 2
|443> p 1
|444> 1      1.115000000    5.175700000 2
|445> d 1
|446> 1      1.203000000   -1.816000000 2
|447> f 1
|448> 1      1.000000000    0.000000000 2
|449> end
|450> Mg>    2.00000000000   -6.33152013624   -2.11526147213   -0.07623620692
|451> NewECP
|452> N_core 0
|453> lmax f
|454> s 1
|455> 1      1.732000000   14.676000000 2
|456> p 1
|457> 1      1.115000000    5.175700000 2
|458> d 1
|459> 1      1.203000000   -1.816000000 2
|460> f 1
|461> 1      1.000000000    0.000000000 2
|462> end
|463> Mg>    2.00000000000    6.33254240433   -2.11524632262   -0.07651379175
|464> NewECP
|465> N_core 0
|466> lmax f
|467> s 1
|468> 1      1.732000000   14.676000000 2
|469> p 1
|470> 1      1.115000000    5.175700000 2
|471> d 1
|472> 1      1.203000000   -1.816000000 2
|473> f 1
|474> 1      1.000000000    0.000000000 2
|475> end
|476> Mg>    2.00000000000   -2.11316039434   -6.33774773223   -0.08696628628
|477> NewECP
|478> N_core 0
|479> lmax f
|480> s 1
|481> 1      1.732000000   14.676000000 2
|482> p 1
|483> 1      1.115000000    5.175700000 2
|484> d 1
|485> 1      1.203000000   -1.816000000 2
|486> f 1
|487> 1      1.000000000    0.000000000 2
|488> end
|489> Mg>    2.00000000000    2.11457149214   -6.33799633999   -0.08603216209
|490> NewECP
|491> N_core 0
|492> lmax f
|493> s 1
|494> 1      1.732000000   14.676000000 2
|495> p 1
|496> 1      1.115000000    5.175700000 2
|497> d 1
|498> 1      1.203000000   -1.816000000 2
|499> f 1
|500> 1      1.000000000    0.000000000 2
|501> end
|502> Mg>    2.00000000000    0.00077317894   -6.32881839330   -2.15939812737
|503> NewECP
|504> N_core 0
|505> lmax f
|506> s 1
|507> 1      1.732000000   14.676000000 2
|508> p 1
|509> 1      1.115000000    5.175700000 2
|510> d 1
|511> 1      1.203000000   -1.816000000 2
|512> f 1
|513> 1      1.000000000    0.000000000 2
|514> end
|515> Mg>    2.00000000000   -6.33084725937   -0.00543422673   -2.16552675914
|516> NewECP
|517> N_core 0
|518> lmax f
|519> s 1
|520> 1      1.732000000   14.676000000 2
|521> p 1
|522> 1      1.115000000    5.175700000 2
|523> d 1
|524> 1      1.203000000   -1.816000000 2
|525> f 1
|526> 1      1.000000000    0.000000000 2
|527> end
|528> Mg>    2.00000000000    6.33157120285   -0.00519361173   -2.16556767659
|529> NewECP
|530> N_core 0
|531> lmax f
|532> s 1
|533> 1      1.732000000   14.676000000 2
|534> p 1
|535> 1      1.115000000    5.175700000 2
|536> d 1
|537> 1      1.203000000   -1.816000000 2
|538> f 1
|539> 1      1.000000000    0.000000000 2
|540> end
|541> Mg>    2.00000000000   -4.22020835420   -4.22556345654   -4.27748107507
|542> NewECP
|543> N_core 0
|544> lmax f
|545> s 1
|546> 1      1.732000000   14.676000000 2
|547> p 1
|548> 1      1.115000000    5.175700000 2
|549> d 1
|550> 1      1.203000000   -1.816000000 2
|551> f 1
|552> 1      1.000000000    0.000000000 2
|553> end
|554> Mg>    2.00000000000    4.22077870162   -4.22556345654   -4.27748107507
|555> NewECP
|556> N_core 0
|557> lmax f
|558> s 1
|559> 1      1.732000000   14.676000000 2
|560> p 1
|561> 1      1.115000000    5.175700000 2
|562> d 1
|563> 1      1.203000000   -1.816000000 2
|564> f 1
|565> 1      1.000000000    0.000000000 2
|566> end
|567> Mg>    2.00000000000   -6.33083540058   -4.22531341693   -2.16568966826
|568> NewECP
|569> N_core 0
|570> lmax f
|571> s 1
|572> 1      1.732000000   14.676000000 2
|573> p 1
|574> 1      1.115000000    5.175700000 2
|575> d 1
|576> 1      1.203000000   -1.816000000 2
|577> f 1
|578> 1      1.000000000    0.000000000 2
|579> end
|580> Mg>    2.00000000000    6.33173592667   -4.22526765306   -2.16574049322
|581> NewECP
|582> N_core 0
|583> lmax f
|584> s 1
|585> 1      1.732000000   14.676000000 2
|586> p 1
|587> 1      1.115000000    5.175700000 2
|588> d 1
|589> 1      1.203000000   -1.816000000 2
|590> f 1
|591> 1      1.000000000    0.000000000 2
|592> end
|593> Mg>    2.00000000000   -4.22028559893   -6.33587892292   -2.16663677803
|594> NewECP
|595> N_core 0
|596> lmax f
|597> s 1
|598> 1      1.732000000   14.676000000 2
|599> p 1
|600> 1      1.115000000    5.175700000 2
|601> d 1
|602> 1      1.203000000   -1.816000000 2
|603> f 1
|604> 1      1.000000000    0.000000000 2
|605> end
|606> Mg>    2.00000000000    4.22088179898   -6.33614430632   -2.16677069700
|607> NewECP
|608> N_core 0
|609> lmax f
|610> s 1
|611> 1      1.732000000   14.676000000 2
|612> p 1
|613> 1      1.115000000    5.175700000 2
|614> d 1
|615> 1      1.203000000   -1.816000000 2
|616> f 1
|617> 1      1.000000000    0.000000000 2
|618> end
|619> Mg>    2.00000000000   -2.10996159024   -6.33581022050   -4.27748107507
|620> NewECP
|621> N_core 0
|622> lmax f
|623> s 1
|624> 1      1.732000000   14.676000000 2
|625> p 1
|626> 1      1.115000000    5.175700000 2
|627> d 1
|628> 1      1.203000000   -1.816000000 2
|629> f 1
|630> 1      1.000000000    0.000000000 2
|631> end
|632> Mg>    2.00000000000    2.11053193766   -6.33581022050   -4.27748107507
|633> NewECP
|634> N_core 0
|635> lmax f
|636> s 1
|637> 1      1.732000000   14.676000000 2
|638> p 1
|639> 1      1.115000000    5.175700000 2
|640> d 1
|641> 1      1.203000000   -1.816000000 2
|642> f 1
|643> 1      1.000000000    0.000000000 2
|644> end
|645> Mg>    2.00000000000    0.00037828250   -8.44759680807   -0.07635809615
|646> NewECP
|647> N_core 0
|648> lmax f
|649> s 1
|650> 1      1.732000000   14.676000000 2
|651> p 1
|652> 1      1.115000000    5.175700000 2
|653> d 1
|654> 1      1.203000000   -1.816000000 2
|655> f 1
|656> 1      1.000000000    0.000000000 2
|657> end
|658> Mg>    2.00000000000   -2.10963207081   -8.44671354608   -2.16576101473
|659> NewECP
|660> N_core 0
|661> lmax f
|662> s 1
|663> 1      1.732000000   14.676000000 2
|664> p 1
|665> 1      1.115000000    5.175700000 2
|666> d 1
|667> 1      1.203000000   -1.816000000 2
|668> f 1
|669> 1      1.000000000    0.000000000 2
|670> end
|671> Mg>    2.00000000000    2.11038632468   -8.44673075495   -2.16575929851
|672> NewECP
|673> N_core 0
|674> lmax f
|675> s 1
|676> 1      1.732000000   14.676000000 2
|677> p 1
|678> 1      1.115000000    5.175700000 2
|679> d 1
|680> 1      1.203000000   -1.816000000 2
|681> f 1
|682> 1      1.000000000    0.000000000 2
|683> end
|684>   end
|685> endd                         ****END OF INPUT****
================================================================================
----------------
TOTAL SCF ENERGY
----------------

Total Energy       :        -2060.98826832 Eh          -56082.34195 eV

Components:
Nuclear Repulsion  :         1752.11680659 Eh           47677.52219 eV
Electronic Energy  :        -3813.10507492 Eh         -103759.86414 eV
One Electron Energy:        -6558.69787095 Eh         -178471.24237 eV
Two Electron Energy:         2745.59279603 Eh           74711.37823 eV
Max COSX asymmetry :            0.00033177 Eh               0.00903 eV

Virial components:
Potential Energy   :        -3835.75002058 Eh         -104376.06444 eV
Kinetic Energy     :         1774.76175226 Eh           48293.72248 eV
Virial Ratio       :            2.16127602

--------------------Output has been truncated-------------------------


--------------------Output has been truncated-------------------------


--------------------Output has been truncated-------------------------


--------------------Output has been truncated-------------------------


--------------------Output has been truncated-------------------------


--------------------Output has been truncated-------------------------


--------------------Output has been truncated-------------------------


--------------------Output has been truncated-------------------------


--------------------Output has been truncated-------------------------


--------------------Output has been truncated-------------------------


-----------------------------------------------
 RI-MP2 CORRELATION ENERGY:     -4.620936523 Eh
-----------------------------------------------
---------------------------------------
MP2 TOTAL ENERGY:    -2065.609204846 Eh
---------------------------------------

Maximum memory used throughout the entire MP2-calculation: 601.8 MB

-------------------------   --------------------
FINAL SINGLE POINT ENERGY     -2065.609204845959
-------------------------   --------------------
TOTAL RUN TIME: 0 days 0 hours 14 minutes 3 seconds 297 msec
