 **********************************************************************
                          MRCC program system
 **********************************************************************
 
                              Written by
     Mihaly Kallay, Peter R. Nagy, David Mester, Laszlo Gyevi-Nagy,
        Jozsef Csoka, P. Bernat Szabo, Zoltan Rolik, Gyula Samu,
     Jozsef Csontos, Bence Hegely, Adam Ganyecz, Istvan Ladjanszki,
       Lorant Szegedy, Bence Ladoczki, Klara Petrov, Mate Farkas,
                    Pal D. Mezei, and Reka A. Horvath
 
        Department of Physical Chemistry and Materials Science
            Budapest University of Technology and Economics
                  Budapest P.O.Box 91, H-1521 Hungary
 
                              www.mrcc.hu
 
                      Release date: March 18, 2022

 ************************ 2023-02-05 13:18:00 *************************
 Executing minp...

 Reading input from MINP...
 
 Input file:
 
calc=FNO-CCSD(T)
verbosity=3
mem=220GB
unit=angs
scfiguess=small
scfalg=locfit1
ccmaxit=400
ccsdalg=dfdirect
ccsdthreads=4
ccsdmkl=thr
ptthreads=4
lnoepsv=1e-5
naf_cor=1e-2
basis=aug-cc-pVTZ
basis_sm=def2-SVP
dfbasis_scf=def2-QZVPP-RI-JK
dfbasis_cor=aug-cc-pVTZ-RI
unit=angs
geom=xyz
16

C    34.41670262    34.07107264    10.41543014
C    33.11117461    33.45680459    10.91530835
H    34.24160149    35.00442132     9.86225048
H    34.94674030    33.36940783     9.75379242
H    35.10002891    34.30603621    11.24227357
H    32.42643037    33.26105434    10.07939442
H    32.59136835    34.12756100    11.61262818
H    33.28915165    32.50678735    11.43686767
C    42.85768728    50.95304195    10.41543014
C    41.55215927    50.33877390    10.91530835
H    42.68258615    51.88639063     9.86225048
H    43.38772495    50.25137714     9.75379242
H    43.54101356    51.18800552    11.24227357
H    40.86741503    50.14302365    10.07939442
H    41.03235300    51.00953031    11.61262818
H    41.73013630    49.38875666    11.43686767

--------------------Output has been truncated-------------------------


--------------------Output has been truncated-------------------------


--------------------Output has been truncated-------------------------


--------------------Output has been truncated-------------------------


--------------------Output has been truncated-------------------------


--------------------Output has been truncated-------------------------


--------------------Output has been truncated-------------------------


--------------------Output has been truncated-------------------------


--------------------Output has been truncated-------------------------


--------------------Output has been truncated-------------------------


 
 Reference energy [au]:                      -158.519101022554
 DF-MP2 singlet pair energy [au]:              -0.600508676586
 DF-MP2 triplet pair energy [au]:              -0.150062983245
 DF-SCS-MP2 correlation energy [au]:           -0.770631406318
 DF-SCS-MP2 energy [au]:                     -159.289732428872
 DF-SOS-MP2 correlation energy [au]:           -0.780661279562
 DF-SOS-MP2 energy [au]:                     -159.299762302116
 DF-MP2 correlation energy [au]:               -0.750571659831
 DF-MP2 energy [au]:                         -159.269672682386

 Results in FNO basis:
 
 
 Reference energy [au]:                      -158.519101022554
 DF-MP2 singlet pair energy [au]:              -0.598168295600
 DF-MP2 triplet pair energy [au]:              -0.149850446070
 DF-SCS-MP2 correlation energy [au]:           -0.767752103410
 DF-SCS-MP2 energy [au]:                     -159.286853125964
 DF-SOS-MP2 correlation energy [au]:           -0.777618784280
 DF-SOS-MP2 energy [au]:                     -159.296719806834
 DF-MP2 correlation energy [au]:               -0.748018741670
 DF-MP2 energy [au]:                         -159.267119764225

 Results in NAF basis:
 
 
 Reference energy [au]:                      -158.519101022554
 DF-MP2 singlet pair energy [au]:              -0.598047551401
 DF-MP2 triplet pair energy [au]:              -0.149928841481
 DF-SCS-MP2 correlation energy [au]:           -0.767633342175
 DF-SCS-MP2 energy [au]:                     -159.286734364729
 DF-SOS-MP2 correlation energy [au]:           -0.777461816821
 DF-SOS-MP2 energy [au]:                     -159.296562839376
 DF-MP2 correlation energy [au]:               -0.747976392882
 DF-MP2 energy [au]:                         -159.267077415436

 ************************ 2023-02-05 13:18:42 *************************
 Executing ccsd...

 Allocation of 220.0 Gbytes of memory...

 Direct DF-CCSD(T) calculation
 
 Convergence criterion:  1.0E-06
 
 Number of occupied/virtual/auxiliary orbitals:    14   278   756
   3422.71 MB is the minimal memory requirement for (T)
    780.99 MB is the minimal memory requirement for CCSD
 
 Reference energy [au]:            -158.519101022554
 T1 contribution [au]:                0.000000000000
 Same spin MP2 energy [au]:          -0.149889525732
 Opposite spin MP2 energy [au]:      -0.598107582440
 MP2 correlation energy [au]:        -0.747997108172
 Total MP2 energy [au]:            -159.267098130726
 MP2 correction [au]:                -0.002574551660
 
 
 CPU time [min]:     0.912                   Wall time [min]:     0.132
 
 Starting CCSD iterations...
 
                     Residual norm          Energy
 Iteration  1        0.241423534616     -159.308955293306
 Iteration  2        0.060038242850     -159.328085092902
 Iteration  3        0.015975789376     -159.329997205199
 Iteration  4        0.003604180485     -159.330013847492
 Iteration  5        0.000758959519     -159.330024261357
 Iteration  6        0.000215373345     -159.330030416505
 Iteration  7        0.000051275973     -159.330029985889
 Iteration  8        0.000013080197     -159.330030569164
 Iteration  9        0.000002622447     -159.330030517125
 
 CCSD iteration has converged in  9 steps.
    23656.02 MB memory was utilized by CCSD
 
 T1 diagnostic:      7.816E-03            D1 diagnostic:      1.353E-02
 
 T1 contribution [au]:                                  0.000000000000
 PPL energy contribution [au]:                          0.205822974004
 Scaled PPL energy contribution [au]:                   0.206540120681

 OS-PPL energy contribution [au]:                       0.179922559850
 Scaled OS-PPL energy contribution [au]:                0.180664516718
 SS-PPL energy contribution [au]:                       0.025900414154
 Scaled SS-PPL energy contribution [au]:                0.025924017281

 Opposite spin CCSD energy [au]:                       -0.668568140719
 Same spin CCSD energy [au]:                           -0.142398199256
 CCSD correlation energy [au]:                         -0.810966339975
 CCSD correlation energy + MP2 correction [au]:        -0.813540891635
 CCSD correlation energy + MP2 + PPL corr. [au]:       -0.812823744958
 Total CCSD energy [au]:                             -159.330067362529
 Total CCSD energy + MP2 correction [au]:            -159.332641914189
 Total CCSD energy + MP2 + PPL corr. [au]:           -159.331924767512
 
 CPU time [min]:    53.261                   Wall time [min]:     1.779
 
 Calculation of (T) correction...
 
 
     4429.83 MB memory is utilized for (T)

 0%       25%       50%       75%       100%
 |---------|---------|---------|---------| 
 
 (T) correction [au]:                                    -0.027917805955
 (T*) correction [au]:                                   -0.028013897013
 (T+) correction [au]:                                   -0.028012715219
 CCSD(T) correlation energy [au]:                        -0.838884145930
 CCSD(T) correlation energy + MP2 correction [au]:       -0.841458697589
 CCSD(T+) correlation en. + MP2 + PPL corr. [au]:        -0.840836460177
 Total CCSD(T) energy [au]:                            -159.357985168484
 Total CCSD(T) energy + MP2 correction [au]:           -159.360559720144
 Total CCSD(T+) energy + MP2 + PPL corr. [au]:         -159.359937482731
 
 CPU time [min]:   110.978                   Wall time [min]:     3.472
 
 ************************ 2023-02-05 13:22:10 *************************
                      Normal termination of mrcc.
 **********************************************************************
