 **********************************************************************
                          MRCC program system
 **********************************************************************
 
                              Written by
     Mihaly Kallay, Peter R. Nagy, David Mester, Laszlo Gyevi-Nagy,
        Jozsef Csoka, P. Bernat Szabo, Zoltan Rolik, Gyula Samu,
     Jozsef Csontos, Bence Hegely, Adam Ganyecz, Istvan Ladjanszki,
       Lorant Szegedy, Bence Ladoczki, Klara Petrov, Mate Farkas,
                    Pal D. Mezei, and Reka A. Horvath
 
        Department of Physical Chemistry and Materials Science
            Budapest University of Technology and Economics
                  Budapest P.O.Box 91, H-1521 Hungary
 
                              www.mrcc.hu
 
                      Release date: March 18, 2022

 ************************ 2023-02-05 13:24:45 *************************
 Executing minp...

 Reading input from MINP...
 
 Input file:
 
calc=FNO-CCSD(T)
verbosity=3
mem=220GB
unit=angs
scfiguess=small
scfalg=locfit1
ccmaxit=400
ccsdalg=dfdirect
ccsdthreads=4
ccsdmkl=thr
ptthreads=4
lnoepsv=1e-5
naf_cor=1e-2
basis=aug-cc-pVQZ
basis_sm=def2-SVP
dfbasis_scf=def2-QZVPP-RI-JK
dfbasis_cor=aug-cc-pVQZ-RI
unit=angs
geom=xyz
16

C    34.41670262    34.07107264    10.41543014
C    33.11117461    33.45680459    10.91530835
H    34.24160149    35.00442132     9.86225048
H    34.94674030    33.36940783     9.75379242
H    35.10002891    34.30603621    11.24227357
H    32.42643037    33.26105434    10.07939442
H    32.59136835    34.12756100    11.61262818
H    33.28915165    32.50678735    11.43686767
C    20.41949695    36.18152134    10.40840413
C    21.71921254    35.56768136    10.92356358
H    19.89421274    35.47732643     9.74574003
H    20.60154528    37.11247849     9.85293887
H    19.72845280    36.42212532    11.22701403
H    22.41312130    35.37102181    10.09557036
H    21.53496881    34.61815933    11.44395536
H    22.23131028    36.23927251    11.62583355

--------------------Output has been truncated-------------------------


--------------------Output has been truncated-------------------------


--------------------Output has been truncated-------------------------


--------------------Output has been truncated-------------------------


--------------------Output has been truncated-------------------------


--------------------Output has been truncated-------------------------


--------------------Output has been truncated-------------------------


--------------------Output has been truncated-------------------------


--------------------Output has been truncated-------------------------


--------------------Output has been truncated-------------------------


 
 Reference energy [au]:                       -79.264437066778
 DF-MP2 singlet pair energy [au]:              -0.317722356203
 DF-MP2 triplet pair energy [au]:              -0.076906322561
 DF-SCS-MP2 correlation energy [au]:           -0.406902268297
 DF-SCS-MP2 energy [au]:                      -79.671339335075
 DF-SOS-MP2 correlation energy [au]:           -0.413039063063
 DF-SOS-MP2 energy [au]:                      -79.677476129841
 DF-MP2 correlation energy [au]:               -0.394628678764
 DF-MP2 energy [au]:                          -79.659065745542

 Results in FNO basis:
 
 
 Reference energy [au]:                       -79.264437066778
 DF-MP2 singlet pair energy [au]:              -0.312548759904
 DF-MP2 triplet pair energy [au]:              -0.076620438455
 DF-SCS-MP2 correlation energy [au]:           -0.400598658037
 DF-SCS-MP2 energy [au]:                      -79.665035724814
 DF-SOS-MP2 correlation energy [au]:           -0.406313387875
 DF-SOS-MP2 energy [au]:                      -79.670750454653
 DF-MP2 correlation energy [au]:               -0.389169198359
 DF-MP2 energy [au]:                          -79.653606265137

 Results in NAF basis:
 
 
 Reference energy [au]:                       -79.264437066778
 DF-MP2 singlet pair energy [au]:              -0.312527797853
 DF-MP2 triplet pair energy [au]:              -0.076628444986
 DF-SCS-MP2 correlation energy [au]:           -0.400576172419
 DF-SCS-MP2 energy [au]:                      -79.665013239197
 DF-SOS-MP2 correlation energy [au]:           -0.406286137209
 DF-SOS-MP2 energy [au]:                      -79.670723203987
 DF-MP2 correlation energy [au]:               -0.389156242839
 DF-MP2 energy [au]:                          -79.653593309617

 ************************ 2023-02-05 13:26:16 *************************
 Executing ccsd...

 Allocation of 220.0 Gbytes of memory...

 Direct DF-CCSD(T) calculation
 
 Convergence criterion:  1.0E-06
 
 Number of occupied/virtual/auxiliary orbitals:     7   175   551
    851.32 MB is the minimal memory requirement for (T)
    190.43 MB is the minimal memory requirement for CCSD
 
 Reference energy [au]:             -79.264437066778
 T1 contribution [au]:                0.000000000000
 Same spin MP2 energy [au]:          -0.076624439158
 Opposite spin MP2 energy [au]:      -0.312538274171
 MP2 correlation energy [au]:        -0.389162713329
 Total MP2 energy [au]:             -79.653599780106
 MP2 correction [au]:                -0.005465965435
 
 
 CPU time [min]:     0.405                   Wall time [min]:     0.050
 
 Starting CCSD iterations...
 
                     Residual norm          Energy
 Iteration  1        0.179604445380      -79.671512709071
 Iteration  2        0.044511316012      -79.681094871776
 Iteration  3        0.013089809640      -79.682230596299
 Iteration  4        0.002650289451      -79.682237819006
 Iteration  5        0.000560968189      -79.682243684274
 Iteration  6        0.000156931249      -79.682245735136
 Iteration  7        0.000037096168      -79.682245510082
 Iteration  8        0.000009998701      -79.682245873971
 
 CCSD iteration has converged in  8 steps.
     3804.92 MB memory was utilized by CCSD
 
 T1 diagnostic:      8.231E-03            D1 diagnostic:      1.428E-02
 
 T1 contribution [au]:                                  0.000000000000
 PPL energy contribution [au]:                          0.108935379754
 Scaled PPL energy contribution [au]:                   0.110475111525

 OS-PPL energy contribution [au]:                       0.095542172094
 Scaled OS-PPL energy contribution [au]:                0.097137085958
 SS-PPL energy contribution [au]:                       0.013393207659
 Scaled SS-PPL energy contribution [au]:                0.013441285207

 Opposite spin CCSD energy [au]:                       -0.345140120993
 Same spin CCSD energy [au]:                           -0.072676438887
 CCSD correlation energy [au]:                         -0.417816559880
 CCSD correlation energy + MP2 correction [au]:        -0.423282525316
 CCSD correlation energy + MP2 + PPL corr. [au]:       -0.421742793544
 Total CCSD energy [au]:                              -79.682253626658
 Total CCSD energy + MP2 correction [au]:             -79.687719592093
 Total CCSD energy + MP2 + PPL corr. [au]:            -79.686179860322
 
 CPU time [min]:     6.573                   Wall time [min]:     0.239
 
 Calculation of (T) correction...
 
 
      783.34 MB memory is utilized for (T)

 0%       25%       50%       75%       100%
 |---------|---------|---------|---------| 
 
 (T) correction [au]:                                    -0.014762653948
 (T*) correction [au]:                                   -0.014970002066
 (T+) correction [au]:                                   -0.014966470615
 CCSD(T) correlation energy [au]:                        -0.432579213828
 CCSD(T) correlation energy + MP2 correction [au]:       -0.438045179263
 CCSD(T+) correlation en. + MP2 + PPL corr. [au]:        -0.436709264159
 Total CCSD(T) energy [au]:                             -79.697016280606
 Total CCSD(T) energy + MP2 correction [au]:            -79.702482246041
 Total CCSD(T+) energy + MP2 + PPL corr. [au]:          -79.701146330936
 
 CPU time [min]:     8.276                   Wall time [min]:     0.296
 
 ************************ 2023-02-05 13:26:34 *************************
                      Normal termination of mrcc.
 **********************************************************************
