 **********************************************************************
                          MRCC program system
 **********************************************************************
 
                              Written by
     Mihaly Kallay, Peter R. Nagy, David Mester, Laszlo Gyevi-Nagy,
        Jozsef Csoka, P. Bernat Szabo, Zoltan Rolik, Gyula Samu,
     Jozsef Csontos, Bence Hegely, Adam Ganyecz, Istvan Ladjanszki,
       Lorant Szegedy, Bence Ladoczki, Klara Petrov, Mate Farkas,
                    Pal D. Mezei, and Reka A. Horvath
 
        Department of Physical Chemistry and Materials Science
            Budapest University of Technology and Economics
                  Budapest P.O.Box 91, H-1521 Hungary
 
                              www.mrcc.hu
 
                      Release date: March 18, 2022

 ************************ 2023-02-05 13:30:37 *************************
 Executing minp...

 Reading input from MINP...
 
 Input file:
 
calc=FNO-CCSD(T)
verbosity=3
mem=220GB
unit=angs
scfiguess=small
scfalg=locfit1
ccmaxit=400
ccsdalg=dfdirect
ccsdthreads=4
ccsdmkl=thr
ptthreads=4
lnoepsv=1e-5
naf_cor=1e-2
basis=aug-cc-pVTZ
basis_sm=def2-SVP
dfbasis_scf=def2-QZVPP-RI-JK
dfbasis_cor=aug-cc-pVTZ-RI
unit=angs
geom=xyz
16

C    34.41670262    34.07107264    10.41543014
C    33.11117461    33.45680459    10.91530835
H    34.24160149    35.00442132     9.86225048
H    34.94674030    33.36940783     9.75379242
H    35.10002891    34.30603621    11.24227357
H    32.42643037    33.26105434    10.07939442
H    32.59136835    34.12756100    11.61262818
H    33.28915165    32.50678735    11.43686767
C    28.86048160    44.62250599    10.40840413
C    30.16019719    44.00866602    10.92356358
H    28.33519739    43.91831109     9.74574003
H    29.04252993    45.55346314     9.85293887
H    28.16943746    44.86310997    11.22701403
H    30.85410596    43.81200646    10.09557036
H    29.97595347    43.05914398    11.44395536
H    30.67229494    44.68025716    11.62583355

--------------------Output has been truncated-------------------------


--------------------Output has been truncated-------------------------


--------------------Output has been truncated-------------------------


--------------------Output has been truncated-------------------------


--------------------Output has been truncated-------------------------


--------------------Output has been truncated-------------------------


--------------------Output has been truncated-------------------------


--------------------Output has been truncated-------------------------


--------------------Output has been truncated-------------------------


--------------------Output has been truncated-------------------------


 
 Reference energy [au]:                      -158.519089366591
 DF-MP2 singlet pair energy [au]:              -0.600512992838
 DF-MP2 triplet pair energy [au]:              -0.150065685666
 DF-SCS-MP2 correlation energy [au]:           -0.770637486628
 DF-SCS-MP2 energy [au]:                     -159.289726853219
 DF-SOS-MP2 correlation energy [au]:           -0.780666890690
 DF-SOS-MP2 energy [au]:                     -159.299756257281
 DF-MP2 correlation energy [au]:               -0.750578678504
 DF-MP2 energy [au]:                         -159.269668045095

 Results in FNO basis:
 
 
 Reference energy [au]:                      -158.519089366591
 DF-MP2 singlet pair energy [au]:              -0.598171906483
 DF-MP2 triplet pair energy [au]:              -0.149852992623
 DF-SCS-MP2 correlation energy [au]:           -0.767757285320
 DF-SCS-MP2 energy [au]:                     -159.286846651912
 DF-SOS-MP2 correlation energy [au]:           -0.777623478428
 DF-SOS-MP2 energy [au]:                     -159.296712845019
 DF-MP2 correlation energy [au]:               -0.748024899106
 DF-MP2 energy [au]:                         -159.267114265697

 Results in NAF basis:
 
 
 Reference energy [au]:                      -158.519089366591
 DF-MP2 singlet pair energy [au]:              -0.598050933629
 DF-MP2 triplet pair energy [au]:              -0.149931170472
 DF-SCS-MP2 correlation energy [au]:           -0.767638177178
 DF-SCS-MP2 energy [au]:                     -159.286727543769
 DF-SOS-MP2 correlation energy [au]:           -0.777466213717
 DF-SOS-MP2 energy [au]:                     -159.296555580308
 DF-MP2 correlation energy [au]:               -0.747982104101
 DF-MP2 energy [au]:                         -159.267071470692

 ************************ 2023-02-05 13:31:21 *************************
 Executing ccsd...

 Allocation of 220.0 Gbytes of memory...

 Direct DF-CCSD(T) calculation
 
 Convergence criterion:  1.0E-06
 
 Number of occupied/virtual/auxiliary orbitals:    14   278   756
   3422.71 MB is the minimal memory requirement for (T)
    780.99 MB is the minimal memory requirement for CCSD
 
 Reference energy [au]:            -158.519089366591
 T1 contribution [au]:                0.000000000000
 Same spin MP2 energy [au]:          -0.149891963421
 Opposite spin MP2 energy [au]:      -0.598111079042
 MP2 correlation energy [au]:        -0.748003042463
 Total MP2 energy [au]:            -159.267092409054
 MP2 correction [au]:                -0.002575636041
 
 
 CPU time [min]:     0.910                   Wall time [min]:     0.132
 
 Starting CCSD iterations...
 
                     Residual norm          Energy
 Iteration  1        0.241423302256     -159.308948856894
 Iteration  2        0.060038425235     -159.328078795760
 Iteration  3        0.015976006254     -159.329990970723
 Iteration  4        0.003604228960     -159.330007603284
 Iteration  5        0.000758975548     -159.330018016952
 Iteration  6        0.000215380718     -159.330024171555
 Iteration  7        0.000051278294     -159.330023740775
 Iteration  8        0.000013081258     -159.330024323979
 Iteration  9        0.000002622827     -159.330024271922
 
 CCSD iteration has converged in  9 steps.
    23656.02 MB memory was utilized by CCSD
 
 T1 diagnostic:      7.817E-03            D1 diagnostic:      1.354E-02
 
 T1 contribution [au]:                                  0.000000000000
 PPL energy contribution [au]:                          0.205824113891
 Scaled PPL energy contribution [au]:                   0.206541618638

 OS-PPL energy contribution [au]:                       0.179923589155
 Scaled OS-PPL energy contribution [au]:                0.180665827765
 SS-PPL energy contribution [au]:                       0.025900524736
 Scaled SS-PPL energy contribution [au]:                0.025924191016

 Opposite spin CCSD energy [au]:                       -0.668571563708
 Same spin CCSD energy [au]:                           -0.142400411607
 CCSD correlation energy [au]:                         -0.810971975315
 CCSD correlation energy + MP2 correction [au]:        -0.813547611356
 CCSD correlation energy + MP2 + PPL corr. [au]:       -0.812830106609
 Total CCSD energy [au]:                             -159.330061341906
 Total CCSD energy + MP2 correction [au]:            -159.332636977947
 Total CCSD energy + MP2 + PPL corr. [au]:           -159.331919473200
 
 CPU time [min]:    52.459                   Wall time [min]:     1.767
 
 Calculation of (T) correction...
 
 
     4429.83 MB memory is utilized for (T)

 0%       25%       50%       75%       100%
 |---------|---------|---------|---------| 
 
 (T) correction [au]:                                    -0.027918528696
 (T*) correction [au]:                                   -0.028014661953
 (T+) correction [au]:                                   -0.028013487694
 CCSD(T) correlation energy [au]:                        -0.838890504011
 CCSD(T) correlation energy + MP2 correction [au]:       -0.841466140052
 CCSD(T+) correlation en. + MP2 + PPL corr. [au]:        -0.840843594303
 Total CCSD(T) energy [au]:                            -159.357979870602
 Total CCSD(T) energy + MP2 correction [au]:           -159.360555506643
 Total CCSD(T+) energy + MP2 + PPL corr. [au]:         -159.359932960894
 
 CPU time [min]:   110.339                   Wall time [min]:     3.466
 
 ************************ 2023-02-05 13:34:49 *************************
                      Normal termination of mrcc.
 **********************************************************************
