 **********************************************************************
                          MRCC program system
 **********************************************************************
 
                              Written by
     Mihaly Kallay, Peter R. Nagy, David Mester, Laszlo Gyevi-Nagy,
        Jozsef Csoka, P. Bernat Szabo, Zoltan Rolik, Gyula Samu,
     Jozsef Csontos, Bence Hegely, Adam Ganyecz, Istvan Ladjanszki,
       Lorant Szegedy, Bence Ladoczki, Klara Petrov, Mate Farkas,
                    Pal D. Mezei, and Reka A. Horvath
 
        Department of Physical Chemistry and Materials Science
            Budapest University of Technology and Economics
                  Budapest P.O.Box 91, H-1521 Hungary
 
                              www.mrcc.hu
 
                      Release date: March 18, 2022

 ************************ 2023-02-05 13:28:28 *************************
 Executing minp...

 Reading input from MINP...
 
 Input file:
 
calc=FNO-CCSD(T)
verbosity=3
mem=220GB
unit=angs
scfiguess=small
scfalg=locfit1
ccmaxit=400
ccsdalg=dfdirect
ccsdthreads=4
ccsdmkl=thr
ptthreads=4
lnoepsv=1e-5
naf_cor=1e-2
basis=aug-cc-pVTZ
basis_sm=def2-SVP
dfbasis_scf=def2-QZVPP-RI-JK
dfbasis_cor=aug-cc-pVTZ-RI
unit=angs
geom=xyz
16

C    34.41670262    34.07107264    10.41543014
C    33.11117461    33.45680459    10.91530835
H    34.24160149    35.00442132     9.86225048
H    34.94674030    33.36940783     9.75379242
H    35.10002891    34.30603621    11.24227357
H    32.42643037    33.26105434    10.07939442
H    32.59136835    34.12756100    11.61262818
H    33.28915165    32.50678735    11.43686767
C    25.97571797    34.07107264    10.41543014
C    24.67018996    33.45680459    10.91530835
H    25.80061684    35.00442132     9.86225048
H    26.50575565    33.36940783     9.75379242
H    26.65904426    34.30603621    11.24227357
H    23.98544572    33.26105434    10.07939442
H    24.15038370    34.12756100    11.61262818
H    24.84816699    32.50678735    11.43686767

--------------------Output has been truncated-------------------------


--------------------Output has been truncated-------------------------


--------------------Output has been truncated-------------------------


--------------------Output has been truncated-------------------------


--------------------Output has been truncated-------------------------


--------------------Output has been truncated-------------------------


--------------------Output has been truncated-------------------------


--------------------Output has been truncated-------------------------


--------------------Output has been truncated-------------------------


--------------------Output has been truncated-------------------------


 
 Reference energy [au]:                      -158.519102073399
 DF-MP2 singlet pair energy [au]:              -0.600536349575
 DF-MP2 triplet pair energy [au]:              -0.150081875723
 DF-SCS-MP2 correlation energy [au]:           -0.770670911398
 DF-SCS-MP2 energy [au]:                     -159.289772984797
 DF-SOS-MP2 correlation energy [au]:           -0.780697254447
 DF-SOS-MP2 energy [au]:                     -159.299799327847
 DF-MP2 correlation energy [au]:               -0.750618225298
 DF-MP2 energy [au]:                         -159.269720298698

 Results in FNO basis:
 
 
 Reference energy [au]:                      -158.519102073399
 DF-MP2 singlet pair energy [au]:              -0.598188970789
 DF-MP2 triplet pair energy [au]:              -0.149867649406
 DF-SCS-MP2 correlation energy [au]:           -0.767782648082
 DF-SCS-MP2 energy [au]:                     -159.286884721481
 DF-SOS-MP2 correlation energy [au]:           -0.777645662026
 DF-SOS-MP2 energy [au]:                     -159.296747735425
 DF-MP2 correlation energy [au]:               -0.748056620195
 DF-MP2 energy [au]:                         -159.267158693594

 Results in NAF basis:
 
 
 Reference energy [au]:                      -158.519102073399
 DF-MP2 singlet pair energy [au]:              -0.598068493848
 DF-MP2 triplet pair energy [au]:              -0.149945935770
 DF-SCS-MP2 correlation energy [au]:           -0.767664171207
 DF-SCS-MP2 energy [au]:                     -159.286766244607
 DF-SOS-MP2 correlation energy [au]:           -0.777489042002
 DF-SOS-MP2 energy [au]:                     -159.296591115402
 DF-MP2 correlation energy [au]:               -0.748014429618
 DF-MP2 energy [au]:                         -159.267116503017

 ************************ 2023-02-05 13:29:14 *************************
 Executing ccsd...

 Allocation of 220.0 Gbytes of memory...

 Direct DF-CCSD(T) calculation
 
 Convergence criterion:  1.0E-06
 
 Number of occupied/virtual/auxiliary orbitals:    14   278   756
   3422.71 MB is the minimal memory requirement for (T)
    780.99 MB is the minimal memory requirement for CCSD
 
 Reference energy [au]:            -158.519102073399
 T1 contribution [au]:                0.000000000000
 Same spin MP2 energy [au]:          -0.149906674818
 Opposite spin MP2 energy [au]:      -0.598128391561
 MP2 correlation energy [au]:        -0.748035066379
 Total MP2 energy [au]:            -159.267137139779
 MP2 correction [au]:                -0.002583158919
 
 
 CPU time [min]:     0.905                   Wall time [min]:     0.132
 
 Starting CCSD iterations...
 
                     Residual norm          Energy
 Iteration  1        0.234818825823     -159.308991594562
 Iteration  2        0.057897193847     -159.328041795095
 Iteration  3        0.015543208960     -159.330044905333
 Iteration  4        0.003486867950     -159.330051237067
 Iteration  5        0.000733621524     -159.330061603606
 Iteration  6        0.000207637572     -159.330066071266
 Iteration  7        0.000049431796     -159.330065861704
 Iteration  8        0.000012686081     -159.330066390445
 Iteration  9        0.000002542516     -159.330066337851
 
 CCSD iteration has converged in  9 steps.
    23656.02 MB memory was utilized by CCSD
 
 T1 diagnostic:      7.818E-03            D1 diagnostic:      1.354E-02
 
 T1 contribution [au]:                                  0.000000000000
 PPL energy contribution [au]:                          0.205825232084
 Scaled PPL energy contribution [au]:                   0.206544716214

 OS-PPL energy contribution [au]:                       0.179923986097
 Scaled OS-PPL energy contribution [au]:                0.180667962436
 SS-PPL energy contribution [au]:                       0.025901245987
 Scaled SS-PPL energy contribution [au]:                0.025925160871

 Opposite spin CCSD energy [au]:                       -0.668585820798
 Same spin CCSD energy [au]:                           -0.142415194246
 CCSD correlation energy [au]:                         -0.811001015045
 CCSD correlation energy + MP2 correction [au]:        -0.813584173964
 CCSD correlation energy + MP2 + PPL corr. [au]:       -0.812864689834
 Total CCSD energy [au]:                             -159.330103088444
 Total CCSD energy + MP2 correction [au]:            -159.332686247363
 Total CCSD energy + MP2 + PPL corr. [au]:           -159.331966763233
 
 CPU time [min]:    53.148                   Wall time [min]:     1.778
 
 Calculation of (T) correction...
 
 
     4429.83 MB memory is utilized for (T)

 0%       25%       50%       75%       100%
 |---------|---------|---------|---------| 
 
 (T) correction [au]:                                    -0.027923244817
 (T*) correction [au]:                                   -0.028019671017
 (T+) correction [au]:                                   -0.028018485349
 CCSD(T) correlation energy [au]:                        -0.838924259862
 CCSD(T) correlation energy + MP2 correction [au]:       -0.841507418780
 CCSD(T+) correlation en. + MP2 + PPL corr. [au]:        -0.840883175183
 Total CCSD(T) energy [au]:                            -159.358026333261
 Total CCSD(T) energy + MP2 correction [au]:           -159.360609492180
 Total CCSD(T+) energy + MP2 + PPL corr. [au]:         -159.359985248582
 
 CPU time [min]:   111.070                   Wall time [min]:     3.477
 
 ************************ 2023-02-05 13:32:43 *************************
                      Normal termination of mrcc.
 **********************************************************************
