 **********************************************************************
                          MRCC program system
 **********************************************************************
 
                              Written by
     Mihaly Kallay, Peter R. Nagy, David Mester, Laszlo Gyevi-Nagy,
        Jozsef Csoka, P. Bernat Szabo, Zoltan Rolik, Gyula Samu,
     Jozsef Csontos, Bence Hegely, Adam Ganyecz, Istvan Ladjanszki,
       Lorant Szegedy, Bence Ladoczki, Klara Petrov, Mate Farkas,
                    Pal D. Mezei, and Reka A. Horvath
 
        Department of Physical Chemistry and Materials Science
            Budapest University of Technology and Economics
                  Budapest P.O.Box 91, H-1521 Hungary
 
                              www.mrcc.hu
 
                      Release date: March 18, 2022

 ************************ 2023-02-08 15:52:27 *************************
 Executing minp...

 Reading input from MINP...
 
 Input file:
 
calc=FNO-CCSD(T)
verbosity=3
mem=220GB
unit=angs
scfiguess=small
scfalg=locfit1
ccmaxit=400
ccsdalg=dfdirect
ccsdthreads=4
ccsdmkl=thr
ptthreads=4
lnoepsv=1e-5
naf_cor=1e-2
basis=aug-cc-pVQZ
basis_sm=def2-SVP
dfbasis_scf=def2-QZVPP-RI-JK
dfbasis_cor=aug-cc-pVQZ-RI
unit=angs
geom=xyz
24

C     8.91743909     9.38861166    16.94386881
H     8.77937038     9.17436022    18.01572156
H     9.32474419     7.57458841    16.20042911
H     9.96120462     9.68473591    16.75955150
H     8.26216376    10.20870566    16.63144535
O     8.58013534     8.23566087    16.14248498
C     5.39043169     6.77043676    16.96372580
H     5.62104886     6.61569915    18.02985674
H     7.19266907     7.20768543    16.20481162
H     5.07879877     7.81332482    16.80230521
H     4.57390209     6.11070185    16.65132737
O     6.53598138     6.45977854    16.14177089
C     8.00607278     3.27806493    16.96650180
H     8.16761995     3.51291001    18.03069694
H     7.56045335     5.07715886    16.20067817
H     6.96269365     2.96357801    16.81281908
H     8.66602896     2.46206947    16.65295800
O     8.30924475     4.42059882    16.13812694
C    11.50091996     5.85103456    16.93856975
H    11.28826038     5.99608128    18.00997076
H     9.68539973     5.44621463    16.19473390
H    11.79288236     4.80523239    16.75951410
H    12.32302124     6.50195744    16.62167972
O    10.34897249     6.18933226    16.13686330

--------------------Output has been truncated-------------------------


--------------------Output has been truncated-------------------------


--------------------Output has been truncated-------------------------


--------------------Output has been truncated-------------------------


--------------------Output has been truncated-------------------------


--------------------Output has been truncated-------------------------


--------------------Output has been truncated-------------------------


--------------------Output has been truncated-------------------------


--------------------Output has been truncated-------------------------


--------------------Output has been truncated-------------------------


 
 Reference energy [au]:                      -115.094971923822
 DF-MP2 singlet pair energy [au]:              -0.362579021420
 DF-MP2 triplet pair energy [au]:              -0.103553982489
 DF-SCS-MP2 correlation energy [au]:           -0.469612819867
 DF-SCS-MP2 energy [au]:                     -115.564584743688
 DF-SOS-MP2 correlation energy [au]:           -0.471352727845
 DF-SOS-MP2 energy [au]:                     -115.566324651667
 DF-MP2 correlation energy [au]:               -0.466133003909
 DF-MP2 energy [au]:                         -115.561104927730

 Results in FNO basis:
 
 
 Reference energy [au]:                      -115.094971923822
 DF-MP2 singlet pair energy [au]:              -0.358353965762
 DF-MP2 triplet pair energy [au]:              -0.103267826081
 DF-SCS-MP2 correlation energy [au]:           -0.464447367609
 DF-SCS-MP2 energy [au]:                     -115.559419291431
 DF-SOS-MP2 correlation energy [au]:           -0.465860155491
 DF-SOS-MP2 energy [au]:                     -115.560832079313
 DF-MP2 correlation energy [au]:               -0.461621791844
 DF-MP2 energy [au]:                         -115.556593715666

 Results in NAF basis:
 
 
 Reference energy [au]:                      -115.094971923822
 DF-MP2 singlet pair energy [au]:              -0.358331837303
 DF-MP2 triplet pair energy [au]:              -0.103276112121
 DF-SCS-MP2 correlation energy [au]:           -0.464423575470
 DF-SCS-MP2 energy [au]:                     -115.559395499292
 DF-SOS-MP2 correlation energy [au]:           -0.465831388493
 DF-SOS-MP2 energy [au]:                     -115.560803312315
 DF-MP2 correlation energy [au]:               -0.461607949424
 DF-MP2 energy [au]:                         -115.556579873246

 ************************ 2023-02-08 15:59:04 *************************
 Executing ccsd...

 Allocation of 220.0 Gbytes of memory...

 Direct DF-CCSD(T) calculation
 
 Convergence criterion:  1.0E-06
 
 Number of occupied/virtual/auxiliary orbitals:     7   157   479
    614.15 MB is the minimal memory requirement for (T)
    140.19 MB is the minimal memory requirement for CCSD
 
 Reference energy [au]:            -115.094971923822
 T1 contribution [au]:                0.000000000000
 Same spin MP2 energy [au]:          -0.103271966041
 Opposite spin MP2 energy [au]:      -0.358342895775
 MP2 correlation energy [au]:        -0.461614861816
 Total MP2 energy [au]:            -115.556586785638
 MP2 correction [au]:                -0.004518142092
 
 
 CPU time [min]:     0.391                   Wall time [min]:     0.064
 
 Starting CCSD iterations...
 
                     Residual norm          Energy
 Iteration  1        0.212373711316     -115.558946669686
 Iteration  2        0.050377489523     -115.569282798075
 Iteration  3        0.017322333069     -115.571337229033
 Iteration  4        0.004022985972     -115.571179769426
 Iteration  5        0.001330104339     -115.571215071948
 Iteration  6        0.000308936556     -115.571224508036
 Iteration  7        0.000109480279     -115.571220689606
 Iteration  8        0.000034892756     -115.571220884438
 Iteration  9        0.000011177916     -115.571220867633
 Iteration 10        0.000003462536     -115.571220784607
 
 CCSD iteration has converged in 10 steps.
     2493.38 MB memory was utilized by CCSD
 
 T1 diagnostic:      9.624E-03            D1 diagnostic:      2.107E-02
 
 T1 contribution [au]:                                  0.000000000000
 PPL energy contribution [au]:                          0.111787092647
 Scaled PPL energy contribution [au]:                   0.112891487525

 OS-PPL energy contribution [au]:                       0.095699179332
 Scaled OS-PPL energy contribution [au]:                0.096842512538
 SS-PPL energy contribution [au]:                       0.016087913315
 Scaled SS-PPL energy contribution [au]:                0.016130807725

 Opposite spin CCSD energy [au]:                       -0.383121872240
 Same spin CCSD energy [au]:                           -0.093135465090
 CCSD correlation energy [au]:                         -0.476257337330
 CCSD correlation energy + MP2 correction [au]:        -0.480775479422
 CCSD correlation energy + MP2 + PPL corr. [au]:       -0.479671084544
 Total CCSD energy [au]:                             -115.571229261152
 Total CCSD energy + MP2 correction [au]:            -115.575747403244
 Total CCSD energy + MP2 + PPL corr. [au]:           -115.574643008365
 
 CPU time [min]:     5.218                   Wall time [min]:     0.239
 
 Calculation of (T) correction...
 
 
      566.20 MB memory is utilized for (T)

 0%       25%       50%       75%       100%
 |---------|---------|---------|---------| 
 
 (T) correction [au]:                                    -0.017299618549
 (T*) correction [au]:                                   -0.017468941813
 (T+) correction [au]:                                   -0.017467825328
 CCSD(T) correlation energy [au]:                        -0.493556955879
 CCSD(T) correlation energy + MP2 correction [au]:       -0.498075097971
 CCSD(T+) correlation en. + MP2 + PPL corr. [au]:        -0.497138909872
 Total CCSD(T) energy [au]:                            -115.588528879701
 Total CCSD(T) energy + MP2 correction [au]:           -115.593047021793
 Total CCSD(T+) energy + MP2 + PPL corr. [au]:         -115.592110833694
 
 CPU time [min]:     6.415                   Wall time [min]:     0.286
 
 ************************ 2023-02-08 15:59:21 *************************
                      Normal termination of mrcc.
 **********************************************************************
