 **********************************************************************
                          MRCC program system
 **********************************************************************
 
                              Written by
     Mihaly Kallay, Peter R. Nagy, David Mester, Laszlo Gyevi-Nagy,
        Jozsef Csoka, P. Bernat Szabo, Zoltan Rolik, Gyula Samu,
     Jozsef Csontos, Bence Hegely, Adam Ganyecz, Istvan Ladjanszki,
       Lorant Szegedy, Bence Ladoczki, Klara Petrov, Mate Farkas,
                    Pal D. Mezei, and Reka A. Horvath
 
        Department of Physical Chemistry and Materials Science
            Budapest University of Technology and Economics
                  Budapest P.O.Box 91, H-1521 Hungary
 
                              www.mrcc.hu
 
                      Release date: March 18, 2022

 ************************ 2023-02-05 13:13:07 *************************
 Executing minp...

 Reading input from MINP...
 
 Input file:
 
calc=FNO-CCSD(T)
verbosity=3
mem=220GB
unit=angs
scfiguess=small
scfalg=locfit1
ccmaxit=400
ccsdalg=dfdirect
ccsdthreads=4
ccsdmkl=thr
ptthreads=4
lnoepsv=1e-5
naf_cor=1e-2
basis=aug-cc-pVTZ
basis_sm=def2-SVP
dfbasis_scf=def2-QZVPP-RI-JK
dfbasis_cor=aug-cc-pVTZ-RI
unit=angs
geom=xyz
16

C    34.41670262    34.07107264    10.41543014
C    33.11117461    33.45680459    10.91530835
H    34.24160149    35.00442132     9.86225048
H    34.94674030    33.36940783     9.75379242
H    35.10002891    34.30603621    11.24227357
H    32.42643037    33.26105434    10.07939442
H    32.59136835    34.12756100    11.61262818
H    33.28915165    32.50678735    11.43686767
C    37.30146851    48.84299654    10.40841099
C    38.60118650    48.22916242    10.92356869
H    36.77622810    48.13879085     9.74571409
H    37.48350439    49.77393588     9.85291346
H    36.61044119    49.08363081    11.22702485
H    39.29502691    48.03252119    10.09551480
H    38.41694628    47.27964286    11.44396498
H    39.11330594    48.90070429    11.62587494

--------------------Output has been truncated-------------------------


--------------------Output has been truncated-------------------------


--------------------Output has been truncated-------------------------


--------------------Output has been truncated-------------------------


--------------------Output has been truncated-------------------------


--------------------Output has been truncated-------------------------


--------------------Output has been truncated-------------------------


--------------------Output has been truncated-------------------------


--------------------Output has been truncated-------------------------


--------------------Output has been truncated-------------------------


 
 Reference energy [au]:                       -79.259538755358
 DF-MP2 singlet pair energy [au]:              -0.300255299039
 DF-MP2 triplet pair energy [au]:              -0.075031925134
 DF-SCS-MP2 correlation energy [au]:           -0.385317000558
 DF-SCS-MP2 energy [au]:                      -79.644855755916
 DF-SOS-MP2 correlation energy [au]:           -0.390331888751
 DF-SOS-MP2 energy [au]:                      -79.649870644108
 DF-MP2 correlation energy [au]:               -0.375287224173
 DF-MP2 energy [au]:                          -79.634825979530

 Results in FNO basis:
 
 
 Reference energy [au]:                       -79.259538755358
 DF-MP2 singlet pair energy [au]:              -0.299085081366
 DF-MP2 triplet pair energy [au]:              -0.074925652042
 DF-SCS-MP2 correlation energy [au]:           -0.383877314987
 DF-SCS-MP2 energy [au]:                      -79.643416070344
 DF-SOS-MP2 correlation energy [au]:           -0.388810605776
 DF-SOS-MP2 energy [au]:                      -79.648349361134
 DF-MP2 correlation energy [au]:               -0.374010733408
 DF-MP2 energy [au]:                          -79.633549488765

 Results in NAF basis:
 
 
 Reference energy [au]:                       -79.259538755358
 DF-MP2 singlet pair energy [au]:              -0.299024307869
 DF-MP2 triplet pair energy [au]:              -0.074964710473
 DF-SCS-MP2 correlation energy [au]:           -0.383817406268
 DF-SCS-MP2 energy [au]:                      -79.643356161625
 DF-SOS-MP2 correlation energy [au]:           -0.388731600230
 DF-SOS-MP2 energy [au]:                      -79.648270355588
 DF-MP2 correlation energy [au]:               -0.373989018342
 DF-MP2 energy [au]:                          -79.633527773700

 ************************ 2023-02-05 13:13:38 *************************
 Executing ccsd...

 Allocation of 220.0 Gbytes of memory...

 Direct DF-CCSD(T) calculation
 
 Convergence criterion:  1.0E-06
 
 Number of occupied/virtual/auxiliary orbitals:     7   139   378
    421.21 MB is the minimal memory requirement for (T)
     94.89 MB is the minimal memory requirement for CCSD
 
 Reference energy [au]:             -79.259538755358
 T1 contribution [au]:                0.000000000000
 Same spin MP2 energy [au]:          -0.074945122047
 Opposite spin MP2 energy [au]:      -0.299054523779
 MP2 correlation energy [au]:        -0.373999645826
 Total MP2 energy [au]:             -79.633538401184
 MP2 correction [au]:                -0.001287578347
 
 
 CPU time [min]:     0.317                   Wall time [min]:     0.017
 
 Starting CCSD iterations...
 
                     Residual norm          Energy
 Iteration  1        0.170712044362      -79.654466830071
 Iteration  2        0.042453985418      -79.664031956966
 Iteration  3        0.011296844331      -79.664988065525
 Iteration  4        0.002548605216      -79.664996380839
 Iteration  5        0.000536675804      -79.665001590045
 Iteration  6        0.000152294748      -79.665004667196
 Iteration  7        0.000036259171      -79.665004451758
 Iteration  8        0.000009249949      -79.665004743397
 
 CCSD iteration has converged in  8 steps.
     1534.57 MB memory was utilized by CCSD
 
 T1 diagnostic:      7.817E-03            D1 diagnostic:      1.354E-02
 
 T1 contribution [au]:                                  0.000000000000
 PPL energy contribution [au]:                          0.102912302117
 Scaled PPL energy contribution [au]:                   0.103271033534

 OS-PPL energy contribution [au]:                       0.089962056925
 Scaled OS-PPL energy contribution [au]:                0.090333165389
 SS-PPL energy contribution [au]:                       0.012950245193
 Scaled SS-PPL energy contribution [au]:                0.012962071111

 Opposite spin CCSD energy [au]:                       -0.334285311283
 Same spin CCSD energy [au]:                           -0.071199365907
 CCSD correlation energy [au]:                         -0.405484677190
 CCSD correlation energy + MP2 correction [au]:        -0.406772255537
 CCSD correlation energy + MP2 + PPL corr. [au]:       -0.406413524120
 Total CCSD energy [au]:                              -79.665023432548
 Total CCSD energy + MP2 correction [au]:             -79.666311010895
 Total CCSD energy + MP2 + PPL corr. [au]:            -79.665952279478
 
 CPU time [min]:     2.748                   Wall time [min]:     0.088
 
 Calculation of (T) correction...
 
 
      388.93 MB memory is utilized for (T)

 0%       25%       50%       75%       100%
 |---------|---------|---------|---------| 
 
 (T) correction [au]:                                    -0.013959022510
 (T*) correction [au]:                                   -0.014007079602
 (T+) correction [au]:                                   -0.014006498114
 CCSD(T) correlation energy [au]:                        -0.419443699700
 CCSD(T) correlation energy + MP2 correction [au]:       -0.420731278047
 CCSD(T+) correlation en. + MP2 + PPL corr. [au]:        -0.420420022234
 Total CCSD(T) energy [au]:                             -79.678982455058
 Total CCSD(T) energy + MP2 correction [au]:            -79.680270033405
 Total CCSD(T+) energy + MP2 + PPL corr. [au]:          -79.679958777592
 
 CPU time [min]:     3.457                   Wall time [min]:     0.110
 
 ************************ 2023-02-05 13:13:45 *************************
                      Normal termination of mrcc.
 **********************************************************************
