 **********************************************************************
                          MRCC program system
 **********************************************************************
 
                              Written by
     Mihaly Kallay, Peter R. Nagy, David Mester, Laszlo Gyevi-Nagy,
        Jozsef Csoka, P. Bernat Szabo, Zoltan Rolik, Gyula Samu,
     Jozsef Csontos, Bence Hegely, Adam Ganyecz, Istvan Ladjanszki,
       Lorant Szegedy, Bence Ladoczki, Klara Petrov, Mate Farkas,
                    Pal D. Mezei, and Reka A. Horvath
 
        Department of Physical Chemistry and Materials Science
            Budapest University of Technology and Economics
                  Budapest P.O.Box 91, H-1521 Hungary
 
                              www.mrcc.hu
 
                      Release date: March 18, 2022

 ************************ 2023-02-04 11:47:44 *************************
 Executing minp...

 Reading input from MINP...
 
 Input file:
 
calc=FNO-CCSD(T)
verbosity=3
mem=220GB
unit=angs
scfiguess=small
scfalg=locfit1
ccmaxit=400
ccsdalg=dfdirect
ccsdthreads=4
ccsdmkl=thr
ptthreads=4
lnoepsv=1e-5
naf_cor=1e-2
basis=aug-cc-pVQZ
basis_sm=def2-SVP
dfbasis_scf=def2-QZVPP-RI-JK
dfbasis_cor=aug-cc-pVQZ-RI
unit=angs
geom=xyz
10

C    29.54344629    29.54344629    16.97505516
H    29.54344670    30.44187631    17.60392580
H    29.54344662    28.64496649    17.60393442
H    30.44658454    29.54342777    16.34911135
H    28.64030918    29.54342779    16.34911130
C    33.76393855    16.88196950    16.97520498
H    33.76393892    15.98344894    17.60414260
H    32.86104419    16.88195086    16.34891491
H    33.76393902    17.78043973    17.60413400
H    34.66683405    16.88195074    16.34891492

--------------------Output has been truncated-------------------------


--------------------Output has been truncated-------------------------


--------------------Output has been truncated-------------------------


--------------------Output has been truncated-------------------------


--------------------Output has been truncated-------------------------


--------------------Output has been truncated-------------------------


--------------------Output has been truncated-------------------------


--------------------Output has been truncated-------------------------


--------------------Output has been truncated-------------------------


--------------------Output has been truncated-------------------------


 
 Reference energy [au]:                       -40.215614646130
 DF-MP2 singlet pair energy [au]:              -0.173753419446
 DF-MP2 triplet pair energy [au]:              -0.037498111547
 DF-SCS-MP2 correlation energy [au]:           -0.221003473851
 DF-SCS-MP2 energy [au]:                      -40.436618119981
 DF-SOS-MP2 correlation energy [au]:           -0.225879445279
 DF-SOS-MP2 energy [au]:                      -40.441494091410
 DF-MP2 correlation energy [au]:               -0.211251530993
 DF-MP2 energy [au]:                          -40.426866177123

 Results in FNO basis:
 
 
 Reference energy [au]:                       -40.215614646130
 DF-MP2 singlet pair energy [au]:              -0.170618710886
 DF-MP2 triplet pair energy [au]:              -0.037356809285
 DF-SCS-MP2 correlation energy [au]:           -0.217194722825
 DF-SCS-MP2 energy [au]:                      -40.432809368955
 DF-SOS-MP2 correlation energy [au]:           -0.221804324152
 DF-SOS-MP2 energy [au]:                      -40.437418970282
 DF-MP2 correlation energy [au]:               -0.207975520171
 DF-MP2 energy [au]:                          -40.423590166301

 Results in NAF basis:
 
 
 Reference energy [au]:                       -40.215614646130
 DF-MP2 singlet pair energy [au]:              -0.170601149783
 DF-MP2 triplet pair energy [au]:              -0.037363506936
 DF-SCS-MP2 correlation energy [au]:           -0.217175882052
 DF-SCS-MP2 energy [au]:                      -40.432790528182
 DF-SOS-MP2 correlation energy [au]:           -0.221781494718
 DF-SOS-MP2 energy [au]:                      -40.437396140848
 DF-MP2 correlation energy [au]:               -0.207964656720
 DF-MP2 energy [au]:                          -40.423579302850

 ************************ 2023-02-04 11:48:19 *************************
 Executing ccsd...

 Allocation of 220.0 Gbytes of memory...

 Direct DF-CCSD(T) calculation
 
 Convergence criterion:  1.0E-06
 
 Number of occupied/virtual/auxiliary orbitals:     4   101   320
    163.36 MB is the minimal memory requirement for (T)
     39.40 MB is the minimal memory requirement for CCSD
 
 Reference energy [au]:             -40.215614646130
 T1 contribution [au]:                0.000000000000
 Same spin MP2 energy [au]:          -0.037360153655
 Opposite spin MP2 energy [au]:      -0.170609920541
 MP2 correlation energy [au]:        -0.207970074196
 Total MP2 energy [au]:             -40.423584720326
 MP2 correction [au]:                -0.003281456797
 
 
 CPU time [min]:     0.177                   Wall time [min]:     0.008
 
 Starting CCSD iterations...
 
                     Residual norm          Energy
 Iteration  1        0.138682943273      -40.436529758802
 Iteration  2        0.035377375650      -40.442053599125
 Iteration  3        0.009772542123      -40.442636409339
 Iteration  4        0.002021082754      -40.442640911331
 Iteration  5        0.000374941022      -40.442647424762
 Iteration  6        0.000084810862      -40.442647301467
 Iteration  7        0.000020227034      -40.442647991658
 Iteration  8        0.000003739388      -40.442648048643
 
 CCSD iteration has converged in  8 steps.
      444.29 MB memory was utilized by CCSD
 
 T1 diagnostic:      7.996E-03            D1 diagnostic:      1.291E-02
 
 T1 contribution [au]:                                  0.000000000000
 PPL energy contribution [au]:                          0.060603618103
 Scaled PPL energy contribution [au]:                   0.061560437456

 OS-PPL energy contribution [au]:                       0.053775116853
 Scaled OS-PPL energy contribution [au]:                0.054768203434
 SS-PPL energy contribution [au]:                       0.006828501250
 Scaled SS-PPL energy contribution [au]:                0.006852799515

 Opposite spin CCSD energy [au]:                       -0.191004542615
 Same spin CCSD energy [au]:                           -0.036035608250
 CCSD correlation energy [au]:                         -0.227040150865
 CCSD correlation energy + MP2 correction [au]:        -0.230321607661
 CCSD correlation energy + MP2 + PPL corr. [au]:       -0.229364788309
 Total CCSD energy [au]:                              -40.442654796995
 Total CCSD energy + MP2 correction [au]:             -40.445936253792
 Total CCSD energy + MP2 + PPL corr. [au]:            -40.444979434439
 
 CPU time [min]:     0.860                   Wall time [min]:     0.027
 
 Calculation of (T) correction...
 
 
      124.68 MB memory is utilized for (T)

 0%       25%       50%       75%       100%
 |---------|---------|---------|---------| 
 
 (T) correction [au]:                                    -0.006941940447
 (T*) correction [au]:                                   -0.007051473887
 (T+) correction [au]:                                   -0.007051066991
 CCSD(T) correlation energy [au]:                        -0.233982091311
 CCSD(T) correlation energy + MP2 correction [au]:       -0.237263548108
 CCSD(T+) correlation en. + MP2 + PPL corr. [au]:        -0.236415855300
 Total CCSD(T) energy [au]:                             -40.449596737442
 Total CCSD(T) energy + MP2 correction [au]:            -40.452878194238
 Total CCSD(T+) energy + MP2 + PPL corr. [au]:          -40.452030501430
 
 CPU time [min]:     0.942                   Wall time [min]:     0.030
 
 ************************ 2023-02-04 11:48:21 *************************
                      Normal termination of mrcc.
 **********************************************************************
