 **********************************************************************
                          MRCC program system
 **********************************************************************
 
                              Written by
     Mihaly Kallay, Peter R. Nagy, David Mester, Laszlo Gyevi-Nagy,
        Jozsef Csoka, P. Bernat Szabo, Zoltan Rolik, Gyula Samu,
     Jozsef Csontos, Bence Hegely, Adam Ganyecz, Istvan Ladjanszki,
       Lorant Szegedy, Bence Ladoczki, Klara Petrov, Mate Farkas,
                    Pal D. Mezei, and Reka A. Horvath
 
        Department of Physical Chemistry and Materials Science
            Budapest University of Technology and Economics
                  Budapest P.O.Box 91, H-1521 Hungary
 
                              www.mrcc.hu
 
                      Release date: March 18, 2022

 ************************ 2023-02-04 11:47:35 *************************
 Executing minp...

 Reading input from MINP...
 
 Input file:
 
calc=FNO-CCSD(T)
verbosity=3
mem=220GB
unit=angs
scfiguess=small
scfalg=locfit1
ccmaxit=400
ccsdalg=dfdirect
ccsdthreads=4
ccsdmkl=thr
ptthreads=4
lnoepsv=1e-5
naf_cor=1e-2
basis=aug-cc-pVTZ
basis_sm=def2-SVP
dfbasis_scf=def2-QZVPP-RI-JK
dfbasis_cor=aug-cc-pVTZ-RI
unit=angs
geom=xyz
10

C    29.54344629    29.54344629    16.97505516
H    29.54344670    30.44187631    17.60392580
H    29.54344662    28.64496649    17.60393442
H    30.44658454    29.54342777    16.34911135
H    28.64030918    29.54342779    16.34911130
C    33.76393855    16.88196950    16.97520498
H    33.76393892    15.98344894    17.60414260
H    32.86104419    16.88195086    16.34891491
H    33.76393902    17.78043973    17.60413400
H    34.66683405    16.88195074    16.34891492

--------------------Output has been truncated-------------------------


--------------------Output has been truncated-------------------------


--------------------Output has been truncated-------------------------


--------------------Output has been truncated-------------------------


--------------------Output has been truncated-------------------------


--------------------Output has been truncated-------------------------


--------------------Output has been truncated-------------------------


--------------------Output has been truncated-------------------------


--------------------Output has been truncated-------------------------


--------------------Output has been truncated-------------------------


 
 Reference energy [au]:                       -40.213014574720
 DF-MP2 singlet pair energy [au]:              -0.164419516030
 DF-MP2 triplet pair energy [au]:              -0.036594291565
 DF-SCS-MP2 correlation energy [au]:           -0.209501516424
 DF-SCS-MP2 energy [au]:                      -40.422516091145
 DF-SOS-MP2 correlation energy [au]:           -0.213745370839
 DF-SOS-MP2 energy [au]:                      -40.426759945559
 DF-MP2 correlation energy [au]:               -0.201013807595
 DF-MP2 energy [au]:                          -40.414028382315

 Results in FNO basis:
 
 
 Reference energy [au]:                       -40.213014574720
 DF-MP2 singlet pair energy [au]:              -0.163769232275
 DF-MP2 triplet pair energy [au]:              -0.036550533048
 DF-SCS-MP2 correlation energy [au]:           -0.208706589746
 DF-SCS-MP2 energy [au]:                      -40.421721164466
 DF-SOS-MP2 correlation energy [au]:           -0.212900001957
 DF-SOS-MP2 energy [au]:                      -40.425914576677
 DF-MP2 correlation energy [au]:               -0.200319765323
 DF-MP2 energy [au]:                          -40.413334340043

 Results in NAF basis:
 
 
 Reference energy [au]:                       -40.213014574720
 DF-MP2 singlet pair energy [au]:              -0.163734953170
 DF-MP2 triplet pair energy [au]:              -0.036569811823
 DF-SCS-MP2 correlation energy [au]:           -0.208671881078
 DF-SCS-MP2 energy [au]:                      -40.421686455799
 DF-SOS-MP2 correlation energy [au]:           -0.212855439121
 DF-SOS-MP2 energy [au]:                      -40.425870013841
 DF-MP2 correlation energy [au]:               -0.200304764993
 DF-MP2 energy [au]:                          -40.413319339713

 ************************ 2023-02-04 11:47:51 *************************
 Executing ccsd...

 Allocation of 220.0 Gbytes of memory...

 Direct DF-CCSD(T) calculation
 
 Convergence criterion:  1.0E-06
 
 Number of occupied/virtual/auxiliary orbitals:     4    83   221
     89.04 MB is the minimal memory requirement for (T)
     22.38 MB is the minimal memory requirement for CCSD
 
 Reference energy [au]:             -40.213014574720
 T1 contribution [au]:                0.000000000000
 Same spin MP2 energy [au]:          -0.036560145055
 Opposite spin MP2 energy [au]:      -0.163752011183
 MP2 correlation energy [au]:        -0.200312156238
 Total MP2 energy [au]:             -40.413326730958
 MP2 correction [au]:                -0.000701651357
 
 
 CPU time [min]:     0.064                   Wall time [min]:     0.004
 
 Starting CCSD iterations...
 
                     Residual norm          Energy
 Iteration  1        0.131888737492      -40.427794561206
 Iteration  2        0.033755577705      -40.433317827107
 Iteration  3        0.008182000291      -40.433784022778
 Iteration  4        0.001913984047      -40.433786628051
 Iteration  5        0.000362974911      -40.433793680460
 Iteration  6        0.000073626300      -40.433793813325
 Iteration  7        0.000017731187      -40.433794418716
 Iteration  8        0.000003100500      -40.433794436430
 
 CCSD iteration has converged in  8 steps.
      207.43 MB memory was utilized by CCSD
 
 T1 diagnostic:      7.476E-03            D1 diagnostic:      1.210E-02
 
 T1 contribution [au]:                                  0.000000000000
 PPL energy contribution [au]:                          0.057488331778
 Scaled PPL energy contribution [au]:                   0.057691380100

 OS-PPL energy contribution [au]:                       0.050873352956
 Scaled OS-PPL energy contribution [au]:                0.051085508670
 SS-PPL energy contribution [au]:                       0.006614978822
 Scaled SS-PPL energy contribution [au]:                0.006619542793

 Opposite spin CCSD energy [au]:                       -0.185469382701
 Same spin CCSD energy [au]:                           -0.035321917694
 CCSD correlation energy [au]:                         -0.220791300395
 CCSD correlation energy + MP2 correction [au]:        -0.221492951753
 CCSD correlation energy + MP2 + PPL corr. [au]:       -0.221289903431
 Total CCSD energy [au]:                              -40.433805875116
 Total CCSD energy + MP2 correction [au]:             -40.434507526473
 Total CCSD energy + MP2 + PPL corr. [au]:            -40.434304478151
 
 CPU time [min]:     0.397                   Wall time [min]:     0.013
 
 Calculation of (T) correction...
 
 
       67.65 MB memory is utilized for (T)

 0%       25%       50%       75%       100%
 |---------|---------|---------|---------| 
 
 (T) correction [au]:                                    -0.006568861094
 (T*) correction [au]:                                   -0.006591870433
 (T+) correction [au]:                                   -0.006591890682
 CCSD(T) correlation energy [au]:                        -0.227360161489
 CCSD(T) correlation energy + MP2 correction [au]:       -0.228061812846
 CCSD(T+) correlation en. + MP2 + PPL corr. [au]:        -0.227881794113
 Total CCSD(T) energy [au]:                             -40.440374736209
 Total CCSD(T) energy + MP2 correction [au]:            -40.441076387566
 Total CCSD(T+) energy + MP2 + PPL corr. [au]:          -40.440896368833
 
 CPU time [min]:     0.462                   Wall time [min]:     0.015
 
 ************************ 2023-02-04 11:47:52 *************************
                      Normal termination of mrcc.
 **********************************************************************
