 **********************************************************************
                          MRCC program system
 **********************************************************************
 
                              Written by
     Mihaly Kallay, Peter R. Nagy, David Mester, Laszlo Gyevi-Nagy,
        Jozsef Csoka, P. Bernat Szabo, Zoltan Rolik, Gyula Samu,
     Jozsef Csontos, Bence Hegely, Adam Ganyecz, Istvan Ladjanszki,
       Lorant Szegedy, Bence Ladoczki, Klara Petrov, Mate Farkas,
                    Pal D. Mezei, and Reka A. Horvath
 
        Department of Physical Chemistry and Materials Science
            Budapest University of Technology and Economics
                  Budapest P.O.Box 91, H-1521 Hungary
 
                              www.mrcc.hu
 
                      Release date: March 18, 2022

 ************************ 2023-02-05 13:29:49 *************************
 Executing minp...

 Reading input from MINP...
 
 Input file:
 
calc=FNO-CCSD(T)
verbosity=3
mem=220GB
unit=angs
scfiguess=small
scfalg=locfit1
ccmaxit=400
ccsdalg=dfdirect
ccsdthreads=4
ccsdmkl=thr
ptthreads=4
lnoepsv=1e-5
naf_cor=1e-2
basis=aug-cc-pVQZ
basis_sm=def2-SVP
dfbasis_scf=def2-QZVPP-RI-JK
dfbasis_cor=aug-cc-pVQZ-RI
unit=angs
geom=xyz
16

C    34.41670262    34.07107264    10.41543014
C    33.11117461    33.45680459    10.91530835
H    34.24160149    35.00442132     9.86225048
H    34.94674030    33.36940783     9.75379242
H    35.10002891    34.30603621    11.24227357
H    32.42643037    33.26105434    10.07939442
H    32.59136835    34.12756100    11.61262818
H    33.28915165    32.50678735    11.43686767
C    28.86048386    31.96102723    10.40841099
C    30.16020184    31.34719311    10.92356869
H    28.33524345    31.25682155     9.74571409
H    29.04251974    32.89196657     9.85291346
H    28.16945653    32.20166151    11.22702485
H    30.85404226    31.15055188    10.09551480
H    29.97596163    30.39767355    11.44396498
H    30.67232128    32.01873499    11.62587494

--------------------Output has been truncated-------------------------


--------------------Output has been truncated-------------------------


--------------------Output has been truncated-------------------------


--------------------Output has been truncated-------------------------


--------------------Output has been truncated-------------------------


--------------------Output has been truncated-------------------------


--------------------Output has been truncated-------------------------


--------------------Output has been truncated-------------------------


--------------------Output has been truncated-------------------------


--------------------Output has been truncated-------------------------


 
 Reference energy [au]:                       -79.264448125602
 DF-MP2 singlet pair energy [au]:              -0.317798896364
 DF-MP2 triplet pair energy [au]:              -0.076912675411
 DF-SCS-MP2 correlation energy [au]:           -0.406996234107
 DF-SCS-MP2 energy [au]:                      -79.671444359709
 DF-SOS-MP2 correlation energy [au]:           -0.413138565273
 DF-SOS-MP2 energy [au]:                      -79.677586690875
 DF-MP2 correlation energy [au]:               -0.394711571774
 DF-MP2 energy [au]:                          -79.659159697377

 Results in FNO basis:
 
 
 Reference energy [au]:                       -79.264448125602
 DF-MP2 singlet pair energy [au]:              -0.312581828792
 DF-MP2 triplet pair energy [au]:              -0.076623653532
 DF-SCS-MP2 correlation energy [au]:           -0.400639412395
 DF-SCS-MP2 energy [au]:                      -79.665087537997
 DF-SOS-MP2 correlation energy [au]:           -0.406356377430
 DF-SOS-MP2 energy [au]:                      -79.670804503032
 DF-MP2 correlation energy [au]:               -0.389205482324
 DF-MP2 energy [au]:                          -79.653653607926

 Results in NAF basis:
 
 
 Reference energy [au]:                       -79.264448125602
 DF-MP2 singlet pair energy [au]:              -0.312560696660
 DF-MP2 triplet pair energy [au]:              -0.076631715346
 DF-SCS-MP2 correlation energy [au]:           -0.400616741107
 DF-SCS-MP2 energy [au]:                      -79.665064866709
 DF-SOS-MP2 correlation energy [au]:           -0.406328905658
 DF-SOS-MP2 energy [au]:                      -79.670777031260
 DF-MP2 correlation energy [au]:               -0.389192412005
 DF-MP2 energy [au]:                          -79.653640537607

 ************************ 2023-02-05 13:31:53 *************************
 Executing ccsd...

 Allocation of 220.0 Gbytes of memory...

 Direct DF-CCSD(T) calculation
 
 Convergence criterion:  1.0E-06
 
 Number of occupied/virtual/auxiliary orbitals:     7   175   553
    851.81 MB is the minimal memory requirement for (T)
    190.95 MB is the minimal memory requirement for CCSD
 
 Reference energy [au]:             -79.264448125602
 T1 contribution [au]:                0.000000000000
 Same spin MP2 energy [au]:          -0.076627681947
 Opposite spin MP2 energy [au]:      -0.312571258110
 MP2 correlation energy [au]:        -0.389198940057
 Total MP2 energy [au]:             -79.653647065659
 MP2 correction [au]:                -0.005512631717
 
 
 CPU time [min]:     0.399                   Wall time [min]:     0.049
 
 Starting CCSD iterations...
 
                     Residual norm          Energy
 Iteration  1        0.179614015889      -79.671552109412
 Iteration  2        0.044516335820      -79.681133763021
 Iteration  3        0.013093339957      -79.682270006229
 Iteration  4        0.002650312836      -79.682277200969
 Iteration  5        0.000560956446      -79.682283066394
 Iteration  6        0.000156924580      -79.682285118578
 Iteration  7        0.000037088857      -79.682284893183
 Iteration  8        0.000009996521      -79.682285257252
 
 CCSD iteration has converged in  8 steps.
     3805.43 MB memory was utilized by CCSD
 
 T1 diagnostic:      8.231E-03            D1 diagnostic:      1.428E-02
 
 T1 contribution [au]:                                  0.000000000000
 PPL energy contribution [au]:                          0.108953234067
 Scaled PPL energy contribution [au]:                   0.110506109345

 OS-PPL energy contribution [au]:                       0.095558944562
 Scaled OS-PPL energy contribution [au]:                0.097167252776
 SS-PPL energy contribution [au]:                       0.013394289505
 Scaled SS-PPL energy contribution [au]:                0.013442900300

 Opposite spin CCSD energy [au]:                       -0.345165513355
 Same spin CCSD energy [au]:                           -0.072679482423
 CCSD correlation energy [au]:                         -0.417844995778
 CCSD correlation energy + MP2 correction [au]:        -0.423357627495
 CCSD correlation energy + MP2 + PPL corr. [au]:       -0.421804752217
 Total CCSD energy [au]:                              -79.682293121380
 Total CCSD energy + MP2 correction [au]:             -79.687805753097
 Total CCSD energy + MP2 + PPL corr. [au]:            -79.686252877819
 
 CPU time [min]:     6.586                   Wall time [min]:     0.239
 
 Calculation of (T) correction...
 
 
      783.82 MB memory is utilized for (T)

 0%       25%       50%       75%       100%
 |---------|---------|---------|---------| 
 
 (T) correction [au]:                                    -0.014765266751
 (T*) correction [au]:                                   -0.014974402669
 (T+) correction [au]:                                   -0.014970857258
 CCSD(T) correlation energy [au]:                        -0.432610262529
 CCSD(T) correlation energy + MP2 correction [au]:       -0.438122894246
 CCSD(T+) correlation en. + MP2 + PPL corr. [au]:        -0.436775609475
 Total CCSD(T) energy [au]:                             -79.697058388131
 Total CCSD(T) energy + MP2 correction [au]:            -79.702571019848
 Total CCSD(T+) energy + MP2 + PPL corr. [au]:          -79.701223735077
 
 CPU time [min]:     8.302                   Wall time [min]:     0.307
 
 ************************ 2023-02-05 13:32:11 *************************
                      Normal termination of mrcc.
 **********************************************************************
