 **********************************************************************
                          MRCC program system
 **********************************************************************
 
                              Written by
     Mihaly Kallay, Peter R. Nagy, David Mester, Laszlo Gyevi-Nagy,
        Jozsef Csoka, P. Bernat Szabo, Zoltan Rolik, Gyula Samu,
     Jozsef Csontos, Bence Hegely, Adam Ganyecz, Istvan Ladjanszki,
       Lorant Szegedy, Bence Ladoczki, Klara Petrov, Mate Farkas,
                    Pal D. Mezei, and Reka A. Horvath
 
        Department of Physical Chemistry and Materials Science
            Budapest University of Technology and Economics
                  Budapest P.O.Box 91, H-1521 Hungary
 
                              www.mrcc.hu
 
                      Release date: March 18, 2022

 ************************ 2023-02-05 13:14:48 *************************
 Executing minp...

 Reading input from MINP...
 
 Input file:
 
calc=FNO-CCSD(T)
verbosity=3
mem=220GB
unit=angs
scfiguess=small
scfalg=locfit1
ccmaxit=400
ccsdalg=dfdirect
ccsdthreads=4
ccsdmkl=thr
ptthreads=4
lnoepsv=1e-5
naf_cor=1e-2
basis=aug-cc-pVQZ
basis_sm=def2-SVP
dfbasis_scf=def2-QZVPP-RI-JK
dfbasis_cor=aug-cc-pVQZ-RI
unit=angs
geom=xyz
16

C    34.41670262    34.07107264    10.41543014
C    33.11117461    33.45680459    10.91530835
H    34.24160149    35.00442132     9.86225048
H    34.94674030    33.36940783     9.75379242
H    35.10002891    34.30603621    11.24227357
H    32.42643037    33.26105434    10.07939442
H    32.59136835    34.12756100    11.61262818
H    33.28915165    32.50678735    11.43686767
C    37.30146626    27.74053668    10.40840413
C    38.60118185    27.12669671    10.92356358
H    36.77618205    27.03634178     9.74574003
H    37.48351459    28.67149383     9.85293887
H    36.61042211    27.98114066    11.22701403
H    39.29509061    26.93003715    10.09557036
H    38.41693812    26.17717467    11.44395536
H    39.11327959    27.79828785    11.62583355

--------------------Output has been truncated-------------------------


--------------------Output has been truncated-------------------------


--------------------Output has been truncated-------------------------


--------------------Output has been truncated-------------------------


--------------------Output has been truncated-------------------------


--------------------Output has been truncated-------------------------


--------------------Output has been truncated-------------------------


--------------------Output has been truncated-------------------------


--------------------Output has been truncated-------------------------


--------------------Output has been truncated-------------------------


 
 Reference energy [au]:                       -79.264426314233
 DF-MP2 singlet pair energy [au]:              -0.317727334354
 DF-MP2 triplet pair energy [au]:              -0.076907214769
 DF-SCS-MP2 correlation energy [au]:           -0.406908539482
 DF-SCS-MP2 energy [au]:                      -79.671334853714
 DF-SOS-MP2 correlation energy [au]:           -0.413045534661
 DF-SOS-MP2 energy [au]:                      -79.677471848894
 DF-MP2 correlation energy [au]:               -0.394634549123
 DF-MP2 energy [au]:                          -79.659060863356

 Results in FNO basis:
 
 
 Reference energy [au]:                       -79.264426314233
 DF-MP2 singlet pair energy [au]:              -0.312551599286
 DF-MP2 triplet pair energy [au]:              -0.076621166870
 DF-SCS-MP2 correlation energy [au]:           -0.400602308100
 DF-SCS-MP2 energy [au]:                      -79.665028622333
 DF-SOS-MP2 correlation energy [au]:           -0.406317079072
 DF-SOS-MP2 energy [au]:                      -79.670743393305
 DF-MP2 correlation energy [au]:               -0.389172766156
 DF-MP2 energy [au]:                          -79.653599080389

 Results in NAF basis:
 
 
 Reference energy [au]:                       -79.264426314233
 DF-MP2 singlet pair energy [au]:              -0.312530604851
 DF-MP2 triplet pair energy [au]:              -0.076629170052
 DF-SCS-MP2 correlation energy [au]:           -0.400579782505
 DF-SCS-MP2 energy [au]:                      -79.665006096738
 DF-SOS-MP2 correlation energy [au]:           -0.406289786306
 DF-SOS-MP2 energy [au]:                      -79.670716100539
 DF-MP2 correlation energy [au]:               -0.389159774902
 DF-MP2 energy [au]:                          -79.653586089135

 ************************ 2023-02-05 13:16:39 *************************
 Executing ccsd...

 Allocation of 220.0 Gbytes of memory...

 Direct DF-CCSD(T) calculation
 
 Convergence criterion:  1.0E-06
 
 Number of occupied/virtual/auxiliary orbitals:     7   175   551
    851.32 MB is the minimal memory requirement for (T)
    190.43 MB is the minimal memory requirement for CCSD
 
 Reference energy [au]:             -79.264426314233
 T1 contribution [au]:                0.000000000000
 Same spin MP2 energy [au]:          -0.076625165896
 Opposite spin MP2 energy [au]:      -0.312541097359
 MP2 correlation energy [au]:        -0.389166263256
 Total MP2 energy [au]:             -79.653592577488
 MP2 correction [au]:                -0.005468285868
 
 
 CPU time [min]:     0.400                   Wall time [min]:     0.050
 
 Starting CCSD iterations...
 
                     Residual norm          Energy
 Iteration  1        0.179604403268      -79.671505058125
 Iteration  2        0.044511982672      -79.681087368470
 Iteration  3        0.013090310299      -79.682223195948
 Iteration  4        0.002650341353      -79.682230412444
 Iteration  5        0.000560977614      -79.682236280389
 Iteration  6        0.000156933800      -79.682238330926
 Iteration  7        0.000037096643      -79.682238105801
 Iteration  8        0.000009999372      -79.682238469715
 
 CCSD iteration has converged in  8 steps.
     3804.92 MB memory was utilized by CCSD
 
 T1 diagnostic:      8.231E-03            D1 diagnostic:      1.428E-02
 
 T1 contribution [au]:                                  0.000000000000
 PPL energy contribution [au]:                          0.108937217603
 Scaled PPL energy contribution [au]:                   0.110477614857

 OS-PPL energy contribution [au]:                       0.095543874588
 Scaled OS-PPL energy contribution [au]:                0.097139465171
 SS-PPL energy contribution [au]:                       0.013393343015
 Scaled SS-PPL energy contribution [au]:                0.013441449652

 Opposite spin CCSD energy [au]:                       -0.345142897610
 Same spin CCSD energy [au]:                           -0.072677029357
 CCSD correlation energy [au]:                         -0.417819926967
 CCSD correlation energy + MP2 correction [au]:        -0.423288212835
 CCSD correlation energy + MP2 + PPL corr. [au]:       -0.421747815581
 Total CCSD energy [au]:                              -79.682246241200
 Total CCSD energy + MP2 correction [au]:             -79.687714527068
 Total CCSD energy + MP2 + PPL corr. [au]:            -79.686174129814
 
 CPU time [min]:     6.723                   Wall time [min]:     0.243
 
 Calculation of (T) correction...
 
 
      783.34 MB memory is utilized for (T)

 0%       25%       50%       75%       100%
 |---------|---------|---------|---------| 
 
 (T) correction [au]:                                    -0.014762939892
 (T*) correction [au]:                                   -0.014970378160
 (T+) correction [au]:                                   -0.014966847693
 CCSD(T) correlation energy [au]:                        -0.432582866859
 CCSD(T) correlation energy + MP2 correction [au]:       -0.438051152727
 CCSD(T+) correlation en. + MP2 + PPL corr. [au]:        -0.436714663273
 Total CCSD(T) energy [au]:                             -79.697009181092
 Total CCSD(T) energy + MP2 correction [au]:            -79.702477466960
 Total CCSD(T+) energy + MP2 + PPL corr. [au]:          -79.701140977506
 
 CPU time [min]:     8.432                   Wall time [min]:     0.300
 
 ************************ 2023-02-05 13:16:57 *************************
                      Normal termination of mrcc.
 **********************************************************************
