 **********************************************************************
                          MRCC program system
 **********************************************************************
 
                              Written by
     Mihaly Kallay, Peter R. Nagy, David Mester, Laszlo Gyevi-Nagy,
        Jozsef Csoka, P. Bernat Szabo, Zoltan Rolik, Gyula Samu,
     Jozsef Csontos, Bence Hegely, Adam Ganyecz, Istvan Ladjanszki,
       Lorant Szegedy, Bence Ladoczki, Klara Petrov, Mate Farkas,
                    Pal D. Mezei, and Reka A. Horvath
 
        Department of Physical Chemistry and Materials Science
            Budapest University of Technology and Economics
                  Budapest P.O.Box 91, H-1521 Hungary
 
                              www.mrcc.hu
 
                      Release date: March 18, 2022

 ************************ 2023-02-05 13:12:20 *************************
 Executing minp...

 Reading input from MINP...
 
 Input file:
 
calc=FNO-CCSD(T)
verbosity=3
mem=220GB
unit=angs
scfiguess=small
scfalg=locfit1
ccmaxit=400
ccsdalg=dfdirect
ccsdthreads=4
ccsdmkl=thr
ptthreads=4
lnoepsv=1e-5
naf_cor=1e-2
basis=aug-cc-pVTZ
basis_sm=def2-SVP
dfbasis_scf=def2-QZVPP-RI-JK
dfbasis_cor=aug-cc-pVTZ-RI
unit=angs
geom=xyz
16

C    34.41670262    34.07107264    10.41543014
C    33.11117461    33.45680459    10.91530835
H    34.24160149    35.00442132     9.86225048
H    34.94674030    33.36940783     9.75379242
H    35.10002891    34.30603621    11.24227357
H    32.42643037    33.26105434    10.07939442
H    32.59136835    34.12756100    11.61262818
H    33.28915165    32.50678735    11.43686767
C    34.41672034    29.85060628    10.41548088
C    33.11116301    29.23631074    10.91529140
H    34.24151778    30.78404540     9.86250154
H    34.94669279    29.14873389     9.75399090
H    35.10030311    30.08569049    11.24209422
H    32.42628860    29.04041272    10.07951373
H    32.59132561    29.90724332    11.61243196
H    33.28922462    28.28620799    11.43663402

--------------------Output has been truncated-------------------------


--------------------Output has been truncated-------------------------


--------------------Output has been truncated-------------------------


--------------------Output has been truncated-------------------------


--------------------Output has been truncated-------------------------


--------------------Output has been truncated-------------------------


--------------------Output has been truncated-------------------------


--------------------Output has been truncated-------------------------


--------------------Output has been truncated-------------------------


--------------------Output has been truncated-------------------------


 
 Reference energy [au]:                       -79.259570126713
 DF-MP2 singlet pair energy [au]:              -0.300450073049
 DF-MP2 triplet pair energy [au]:              -0.075054076993
 DF-SCS-MP2 correlation energy [au]:           -0.385558113323
 DF-SCS-MP2 energy [au]:                      -79.645128240036
 DF-SOS-MP2 correlation energy [au]:           -0.390585094963
 DF-SOS-MP2 energy [au]:                      -79.650155221676
 DF-MP2 correlation energy [au]:               -0.375504150042
 DF-MP2 energy [au]:                          -79.635074276755

 Results in FNO basis:
 
 
 Reference energy [au]:                       -79.259570126713
 DF-MP2 singlet pair energy [au]:              -0.299248760858
 DF-MP2 triplet pair energy [au]:              -0.074945914045
 DF-SCS-MP2 correlation energy [au]:           -0.384080484379
 DF-SCS-MP2 energy [au]:                      -79.643650611091
 DF-SOS-MP2 correlation energy [au]:           -0.389023389116
 DF-SOS-MP2 energy [au]:                      -79.648593515829
 DF-MP2 correlation energy [au]:               -0.374194674904
 DF-MP2 energy [au]:                          -79.633764801617

 Results in NAF basis:
 
 
 Reference energy [au]:                       -79.259570126713
 DF-MP2 singlet pair energy [au]:              -0.299186457869
 DF-MP2 triplet pair energy [au]:              -0.074984482631
 DF-SCS-MP2 correlation energy [au]:           -0.384018576986
 DF-SCS-MP2 energy [au]:                      -79.643588703699
 DF-SOS-MP2 correlation energy [au]:           -0.388942395229
 DF-SOS-MP2 energy [au]:                      -79.648512521942
 DF-MP2 correlation energy [au]:               -0.374170940500
 DF-MP2 energy [au]:                          -79.633741067212

 ************************ 2023-02-05 13:13:03 *************************
 Executing ccsd...

 Allocation of 220.0 Gbytes of memory...

 Direct DF-CCSD(T) calculation
 
 Convergence criterion:  1.0E-06
 
 Number of occupied/virtual/auxiliary orbitals:     7   140   380
    430.12 MB is the minimal memory requirement for (T)
     96.48 MB is the minimal memory requirement for CCSD
 
 Reference energy [au]:             -79.259570126713
 T1 contribution [au]:                0.000000000000
 Same spin MP2 energy [au]:          -0.074965138998
 Opposite spin MP2 energy [au]:      -0.299217437141
 MP2 correlation energy [au]:        -0.374182576139
 Total MP2 energy [au]:             -79.633752702852
 MP2 correction [au]:                -0.001321573903
 
 
 CPU time [min]:     0.315                   Wall time [min]:     0.017
 
 Starting CCSD iterations...
 
                     Residual norm          Energy
 Iteration  1        0.170769613286      -79.654659621073
 Iteration  2        0.042474312696      -79.664225093700
 Iteration  3        0.011308609760      -79.665182610794
 Iteration  4        0.002550228123      -79.665190883844
 Iteration  5        0.000537255052      -79.665196079322
 Iteration  6        0.000152504505      -79.665199149348
 Iteration  7        0.000036312478      -79.665198930254
 Iteration  8        0.000009262716      -79.665199223457
 
 CCSD iteration has converged in  8 steps.
     1577.91 MB memory was utilized by CCSD
 
 T1 diagnostic:      7.818E-03            D1 diagnostic:      1.354E-02
 
 T1 contribution [au]:                                  0.000000000000
 PPL energy contribution [au]:                          0.102991913162
 Scaled PPL energy contribution [au]:                   0.103360337490

 OS-PPL energy contribution [au]:                       0.090036072426
 Scaled OS-PPL energy contribution [au]:                0.090417069526
 SS-PPL energy contribution [au]:                       0.012955840736
 Scaled SS-PPL energy contribution [au]:                0.012968069948

 Opposite spin CCSD energy [au]:                       -0.334431248587
 Same spin CCSD energy [au]:                           -0.071217541737
 CCSD correlation energy [au]:                         -0.405648790324
 CCSD correlation energy + MP2 correction [au]:        -0.406970364227
 CCSD correlation energy + MP2 + PPL corr. [au]:       -0.406601939899
 Total CCSD energy [au]:                              -79.665218917037
 Total CCSD energy + MP2 correction [au]:             -79.666540490939
 Total CCSD energy + MP2 + PPL corr. [au]:            -79.666172066612
 
 CPU time [min]:     2.776                   Wall time [min]:     0.089
 
 Calculation of (T) correction...
 
 
      397.08 MB memory is utilized for (T)

 0%       25%       50%       75%       100%
 |---------|---------|---------|---------| 
 
 (T) correction [au]:                                    -0.013971052360
 (T*) correction [au]:                                   -0.014020396662
 (T+) correction [au]:                                   -0.014019851581
 CCSD(T) correlation energy [au]:                        -0.419619842683
 CCSD(T) correlation energy + MP2 correction [au]:       -0.420941416586
 CCSD(T+) correlation en. + MP2 + PPL corr. [au]:        -0.420621791480
 Total CCSD(T) energy [au]:                             -79.679189969396
 Total CCSD(T) energy + MP2 correction [au]:            -79.680511543299
 Total CCSD(T+) energy + MP2 + PPL corr. [au]:          -79.680191918192
 
 CPU time [min]:     3.495                   Wall time [min]:     0.115
 
 ************************ 2023-02-05 13:13:10 *************************
                      Normal termination of mrcc.
 **********************************************************************
