 **********************************************************************
                          MRCC program system
 **********************************************************************
 
                              Written by
     Mihaly Kallay, Peter R. Nagy, David Mester, Laszlo Gyevi-Nagy,
        Jozsef Csoka, P. Bernat Szabo, Zoltan Rolik, Gyula Samu,
     Jozsef Csontos, Bence Hegely, Adam Ganyecz, Istvan Ladjanszki,
       Lorant Szegedy, Bence Ladoczki, Klara Petrov, Mate Farkas,
                    Pal D. Mezei, and Reka A. Horvath
 
        Department of Physical Chemistry and Materials Science
            Budapest University of Technology and Economics
                  Budapest P.O.Box 91, H-1521 Hungary
 
                              www.mrcc.hu
 
                      Release date: March 18, 2022

 ************************ 2023-02-05 13:12:27 *************************
 Executing minp...

 Reading input from MINP...
 
 Input file:
 
calc=FNO-CCSD(T)
verbosity=3
mem=220GB
unit=angs
scfiguess=small
scfalg=locfit1
ccmaxit=400
ccsdalg=dfdirect
ccsdthreads=4
ccsdmkl=thr
ptthreads=4
lnoepsv=1e-5
naf_cor=1e-2
basis=aug-cc-pVTZ
basis_sm=def2-SVP
dfbasis_scf=def2-QZVPP-RI-JK
dfbasis_cor=aug-cc-pVTZ-RI
unit=angs
geom=xyz
16

C    34.41670262    34.07107264    10.41543014
C    33.11117461    33.45680459    10.91530835
H    34.24160149    35.00442132     9.86225048
H    34.94674030    33.36940783     9.75379242
H    35.10002891    34.30603621    11.24227357
H    32.42643037    33.26105434    10.07939442
H    32.59136835    34.12756100    11.61262818
H    33.28915165    32.50678735    11.43686767
C    34.41670262    50.95304195    10.41543014
C    33.11117461    50.33877390    10.91530835
H    34.24160149    51.88639063     9.86225048
H    34.94674030    50.25137714     9.75379242
H    35.10002891    51.18800552    11.24227357
H    32.42643037    50.14302365    10.07939442
H    32.59136835    51.00953031    11.61262818
H    33.28915165    49.38875666    11.43686767

--------------------Output has been truncated-------------------------


--------------------Output has been truncated-------------------------


--------------------Output has been truncated-------------------------


--------------------Output has been truncated-------------------------


--------------------Output has been truncated-------------------------


--------------------Output has been truncated-------------------------


--------------------Output has been truncated-------------------------


--------------------Output has been truncated-------------------------


--------------------Output has been truncated-------------------------


--------------------Output has been truncated-------------------------


 
 Reference energy [au]:                       -79.259550503412
 DF-MP2 singlet pair energy [au]:              -0.300254290005
 DF-MP2 triplet pair energy [au]:              -0.075031442293
 DF-SCS-MP2 correlation energy [au]:           -0.385315628771
 DF-SCS-MP2 energy [au]:                      -79.644866132183
 DF-SOS-MP2 correlation energy [au]:           -0.390330577007
 DF-SOS-MP2 energy [au]:                      -79.649881080419
 DF-MP2 correlation energy [au]:               -0.375285732298
 DF-MP2 energy [au]:                          -79.634836235711

 Results in FNO basis:
 
 
 Reference energy [au]:                       -79.259550503412
 DF-MP2 singlet pair energy [au]:              -0.299084107864
 DF-MP2 triplet pair energy [au]:              -0.074925176466
 DF-SCS-MP2 correlation energy [au]:           -0.383875988259
 DF-SCS-MP2 energy [au]:                      -79.643426491671
 DF-SOS-MP2 correlation energy [au]:           -0.388809340224
 DF-SOS-MP2 energy [au]:                      -79.648359843636
 DF-MP2 correlation energy [au]:               -0.374009284331
 DF-MP2 energy [au]:                          -79.633559787743

 Results in NAF basis:
 
 
 Reference energy [au]:                       -79.259550503412
 DF-MP2 singlet pair energy [au]:              -0.299023376879
 DF-MP2 triplet pair energy [au]:              -0.074964220933
 DF-SCS-MP2 correlation energy [au]:           -0.383816125900
 DF-SCS-MP2 energy [au]:                      -79.643366629312
 DF-SOS-MP2 correlation energy [au]:           -0.388730389943
 DF-SOS-MP2 energy [au]:                      -79.648280893355
 DF-MP2 correlation energy [au]:               -0.373987597812
 DF-MP2 energy [au]:                          -79.633538101225

 ************************ 2023-02-05 13:12:56 *************************
 Executing ccsd...

 Allocation of 220.0 Gbytes of memory...

 Direct DF-CCSD(T) calculation
 
 Convergence criterion:  1.0E-06
 
 Number of occupied/virtual/auxiliary orbitals:     7   139   378
    421.21 MB is the minimal memory requirement for (T)
     94.89 MB is the minimal memory requirement for CCSD
 
 Reference energy [au]:             -79.259550503412
 T1 contribution [au]:                0.000000000000
 Same spin MP2 energy [au]:          -0.074944639520
 Opposite spin MP2 energy [au]:      -0.299053571556
 MP2 correlation energy [au]:        -0.373998211076
 Total MP2 energy [au]:             -79.633548714488
 MP2 correction [au]:                -0.001287521222
 
 
 CPU time [min]:     0.320                   Wall time [min]:     0.016
 
 Starting CCSD iterations...
 
                     Residual norm          Energy
 Iteration  1        0.170712145098      -79.654477277414
 Iteration  2        0.042453499069      -79.664042194936
 Iteration  3        0.011296535528      -79.664998240948
 Iteration  4        0.002548541646      -79.665006562605
 Iteration  5        0.000536665457      -79.665011769338
 Iteration  6        0.000152292046      -79.665014846969
 Iteration  7        0.000036257620      -79.665014631681
 Iteration  8        0.000009249088      -79.665014923317
 
 CCSD iteration has converged in  8 steps.
     1534.57 MB memory was utilized by CCSD
 
 T1 diagnostic:      7.816E-03            D1 diagnostic:      1.353E-02
 
 T1 contribution [au]:                                  0.000000000000
 PPL energy contribution [au]:                          0.102911447562
 Scaled PPL energy contribution [au]:                   0.103270157194

 OS-PPL energy contribution [au]:                       0.089961249984
 Scaled OS-PPL energy contribution [au]:                0.090332332306
 SS-PPL energy contribution [au]:                       0.012950197578
 Scaled SS-PPL energy contribution [au]:                0.012962024306

 Opposite spin CCSD energy [au]:                       -0.334284074579
 Same spin CCSD energy [au]:                           -0.071199012576
 CCSD correlation energy [au]:                         -0.405483087155
 CCSD correlation energy + MP2 correction [au]:        -0.406770608378
 CCSD correlation energy + MP2 + PPL corr. [au]:       -0.406411898746
 Total CCSD energy [au]:                              -79.665033590568
 Total CCSD energy + MP2 correction [au]:             -79.666321111790
 Total CCSD energy + MP2 + PPL corr. [au]:            -79.665962402158
 
 CPU time [min]:     2.805                   Wall time [min]:     0.090
 
 Calculation of (T) correction...
 
 
      388.93 MB memory is utilized for (T)

 0%       25%       50%       75%       100%
 |---------|---------|---------|---------| 
 
 (T) correction [au]:                                    -0.013958893992
 (T*) correction [au]:                                   -0.014006948693
 (T+) correction [au]:                                   -0.014006366360
 CCSD(T) correlation energy [au]:                        -0.419441981147
 CCSD(T) correlation energy + MP2 correction [au]:       -0.420729502369
 CCSD(T+) correlation en. + MP2 + PPL corr. [au]:        -0.420418265107
 Total CCSD(T) energy [au]:                             -79.678992484559
 Total CCSD(T) energy + MP2 correction [au]:            -79.680280005782
 Total CCSD(T+) energy + MP2 + PPL corr. [au]:          -79.679968768519
 
 CPU time [min]:     3.505                   Wall time [min]:     0.111
 
 ************************ 2023-02-05 13:13:03 *************************
                      Normal termination of mrcc.
 **********************************************************************
