 **********************************************************************
                          MRCC program system
 **********************************************************************
 
                              Written by
     Mihaly Kallay, Peter R. Nagy, David Mester, Laszlo Gyevi-Nagy,
        Jozsef Csoka, P. Bernat Szabo, Zoltan Rolik, Gyula Samu,
     Jozsef Csontos, Bence Hegely, Adam Ganyecz, Istvan Ladjanszki,
       Lorant Szegedy, Bence Ladoczki, Klara Petrov, Mate Farkas,
                    Pal D. Mezei, and Reka A. Horvath
 
        Department of Physical Chemistry and Materials Science
            Budapest University of Technology and Economics
                  Budapest P.O.Box 91, H-1521 Hungary
 
                              www.mrcc.hu
 
                      Release date: March 18, 2022

 ************************ 2022-11-13 18:16:47 *************************
 Executing minp...

 Reading input from MINP...
 
 Input file:
 
calc=LNO-CCSD(T)
scftype=rhf
verbosity=3
mem=300GB
symm=off
unit=angs
scfiguess=small
scfmaxit=1000
scfalg=locfit1


lcorthr=tight
bpedo=0.99999
ccmaxit=400
usedisk=0
ccsdalg=dfdirect
ccsdthreads=4
ccsdmkl=thr
ptthreads=4

charge=-24
core=22

basis=special
aug-cc-pVTZ
aug-cc-pVTZ
aug-cc-pVTZ
aug-cc-pVTZ
aug-cc-pVTZ
bse_CVTZ
aug-cc-pVTZ
aug-cc-pVTZ
aug-cc-pVTZ
aug-cc-pVTZ
aug-cc-pVTZ
bse_CVTZ
bse_CVTZ
bse_CVTZ
bse_CVTZ
aug-cc-pVTZ
aug-cc-pVTZ
aug-cc-pVTZ
aug-cc-pVTZ
aug-cc-pVTZ
aug-cc-pVTZ
aug-cc-pVTZ
aug-cc-pVTZ
aug-cc-pVTZ
aug-cc-pVTZ
aug-cc-pVTZ
aug-cc-pVTZ
nothing
nothing
nothing
nothing
nothing
nothing
nothing
nothing
nothing
nothing
nothing
nothing
nothing
nothing
nothing
nothing
nothing
nothing
nothing
nothing
nothing
nothing
nothing
nothing
nothing
nothing
nothing
nothing
nothing
nothing
nothing
nothing
nothing
nothing
nothing
nothing
nothing
nothing
nothing
nothing
nothing
nothing
nothing
nothing
nothing
nothing
nothing
nothing
nothing
nothing
nothing
nothing
nothing

basis_sm=special
def2-SVP
def2-SVP
def2-SVP
def2-SVP
def2-SVP
def2-SVP
def2-SVP
def2-SVP
def2-SVP
def2-SVP
def2-SVP
def2-SVP
def2-SVP
def2-SVP
def2-SVP
def2-SVP
def2-SVP
def2-SVP
def2-SVP
def2-SVP
def2-SVP
def2-SVP
def2-SVP
def2-SVP
def2-SVP
def2-SVP
def2-SVP
nothing
nothing
nothing
nothing
nothing
nothing
nothing
nothing
nothing
nothing
nothing
nothing
nothing
nothing
nothing
nothing
nothing
nothing
nothing
nothing
nothing
nothing
nothing
nothing
nothing
nothing
nothing
nothing
nothing
nothing
nothing
nothing
nothing
nothing
nothing
nothing
nothing
nothing
nothing
nothing
nothing
nothing
nothing
nothing
nothing
nothing
nothing
nothing
nothing
nothing
nothing
nothing
nothing

dfbasis_scf=special
def2-QZVPP-RI-JK
def2-QZVPP-RI-JK
def2-QZVPP-RI-JK
def2-QZVPP-RI-JK
def2-QZVPP-RI-JK
def2-QZVPP-RI-JK
def2-QZVPP-RI-JK
def2-QZVPP-RI-JK
def2-QZVPP-RI-JK
def2-QZVPP-RI-JK
def2-QZVPP-RI-JK
def2-QZVPP-RI-JK
def2-QZVPP-RI-JK
def2-QZVPP-RI-JK
def2-QZVPP-RI-JK
def2-QZVPP-RI-JK
def2-QZVPP-RI-JK
def2-QZVPP-RI-JK
def2-QZVPP-RI-JK
def2-QZVPP-RI-JK
def2-QZVPP-RI-JK
def2-QZVPP-RI-JK
def2-QZVPP-RI-JK
def2-QZVPP-RI-JK
def2-QZVPP-RI-JK
def2-QZVPP-RI-JK
def2-QZVPP-RI-JK
nothing
nothing
nothing
nothing
nothing
nothing
nothing
nothing
nothing
nothing
nothing
nothing
nothing
nothing
nothing
nothing
nothing
nothing
nothing
nothing
nothing
nothing
nothing
nothing
nothing
nothing
nothing
nothing
nothing
nothing
nothing
nothing
nothing
nothing
nothing
nothing
nothing
nothing
nothing
nothing
nothing
nothing
nothing
nothing
nothing
nothing
nothing
nothing
nothing
nothing
nothing
nothing
nothing

dfbasis_cor=special
aug-cc-pVTZ-RI
aug-cc-pVTZ-RI
aug-cc-pVTZ-RI
aug-cc-pVTZ-RI
aug-cc-pVTZ-RI
bse_CVTZ_mp2fit
aug-cc-pVTZ-RI
aug-cc-pVTZ-RI
aug-cc-pVTZ-RI
aug-cc-pVTZ-RI
aug-cc-pVTZ-RI
bse_CVTZ_mp2fit
bse_CVTZ_mp2fit
bse_CVTZ_mp2fit
bse_CVTZ_mp2fit
aug-cc-pVTZ-RI
aug-cc-pVTZ-RI
aug-cc-pVTZ-RI
aug-cc-pVTZ-RI
aug-cc-pVTZ-RI
aug-cc-pVTZ-RI
aug-cc-pVTZ-RI
aug-cc-pVTZ-RI
aug-cc-pVTZ-RI
aug-cc-pVTZ-RI
aug-cc-pVTZ-RI
aug-cc-pVTZ-RI
nothing
nothing
nothing
nothing
nothing
nothing
nothing
nothing
nothing
nothing
nothing
nothing
nothing
nothing
nothing
nothing
nothing
nothing
nothing
nothing
nothing
nothing
nothing
nothing
nothing
nothing
nothing
nothing
nothing
nothing
nothing
nothing
nothing
nothing
nothing
nothing
nothing
nothing
nothing
nothing
nothing
nothing
nothing
nothing
nothing
nothing
nothing
nothing
nothing
nothing
nothing
nothing
nothing

ecp=special
none
none
none
none
none
none
none
none
none
none
none
none
none
none
none
none
none
none
none
none
none
none
none
none
none
none
none
ECP-12
ECP-12
ECP-12
ECP-12
ECP-12
ECP-12
ECP-12
ECP-12
ECP-12
ECP-12
ECP-12
ECP-12
ECP-12
ECP-12
ECP-12
ECP-12
ECP-12
ECP-12
ECP-12
ECP-12
ECP-12
ECP-12
ECP-12
ECP-12
ECP-12
ECP-12
ECP-12
ECP-12
ECP-12
ECP-12
ECP-12
ECP-12
ECP-12
ECP-12
ECP-12
ECP-12
ECP-12
ECP-12
ECP-12
ECP-12
ECP-12
ECP-12
ECP-12
ECP-12
ECP-12
ECP-12
ECP-12
ECP-12
ECP-12
ECP-12
ECP-12
ECP-12
ECP-12

unit=angs
geom=xyz
80
C1 H4 Mg5 O17 ECP53
C    -0.00000074369    0.00001803251    3.08965671684
H    -0.00000033754    0.89844805459    3.71852735897
H    -0.00000041529   -0.89846176989    3.71853597467
H     0.90313750836   -0.00000048980    2.46371290163
H    -0.90313785220   -0.00000046979    2.46371285650
Mg    0.00000000000    0.00000000000   -0.04013054705
O    -0.00000005880    2.10979218463   -0.00099629636
O     0.00000003396   -2.10979182518   -0.00099618038
O    -2.11010809856    0.00000033399    0.00000000000
O     2.11010786831    0.00000009530   -0.00000006127
O    -0.00000004214    0.00000030504   -2.15514404250
Mg   -2.11067208612    2.11041522276   -0.05126301443
Mg    2.11067182897    2.11041535269   -0.05126312488
Mg    2.11067181856   -2.11041493231   -0.05126326161
Mg   -2.11067202432   -2.11041463749   -0.05126344764
O    -2.11032302050    2.11021885049   -2.15582843548
O     2.11032308034    2.11021896709   -2.15582826621
O     2.11032286331   -2.11021841698   -2.15582832831
O    -2.11032304542   -2.11021834941   -2.15582848481
O    -2.10972949167    4.22049372563   -0.00093772867
O     2.10972919847    4.22049381676   -0.00093733480
O     2.10972919847   -4.22049323906   -0.00093733480
O    -2.10972949167   -4.22049333019   -0.00093772867
O    -4.22049351679    2.11070217987   -0.00146008092
O     4.22049353903    2.11070217987   -0.00146008092
O     4.22049340171   -2.11070191535   -0.00146052161
O    -4.22049365410   -2.11070191535   -0.00146052161
Mg   -2.10970402434    0.00000019377   -2.14942510171
Mg    2.10970414555    0.00000031420   -2.14942467063
Mg   -0.00000001866    2.10984860169   -2.14995884065
Mg   -0.00000006412   -2.10984798285   -2.14995915510
Mg   -4.22049342343    0.00000017413   -0.04129674490
Mg    4.22049363238    0.00000017413   -0.04129674490
Mg    0.00000001596    4.22049386504   -0.04217611702
Mg    0.00000001596   -4.22049319078   -0.04217611702
Mg   -0.00000022182    0.00000037698   -4.27515348534
Mg   -4.22049347839    2.11024973952   -2.15013000455
Mg   -2.11023175475    4.22049377840   -2.15014758497
Mg    2.11023161856    4.22049377222   -2.15014768707
Mg    4.22049357743    2.11024973952   -2.15013000455
Mg    4.22049329842   -2.11024928802   -2.15013000984
Mg    2.11023161856   -4.22049328359   -2.15014768707
Mg   -2.11023175475   -4.22049327741   -2.15014758497
Mg   -4.22049375739   -2.11024928802   -2.15013000984
Mg   -2.11024698577    2.11024714093   -4.27515348534
Mg    2.11024654214    2.11024714093   -4.27515348534
Mg    2.11024654214   -2.11024638698   -4.27515348534
Mg   -2.11024698577   -2.11024638698   -4.27515348534
Mg   -4.22049353787    4.22049361170   -0.04079595557
Mg    4.22049351795    4.22049361170   -0.04079595557
Mg    4.22049351795   -4.22049344412   -0.04079595557
Mg   -4.22049353787   -4.22049344412   -0.04079595557
Mg   -4.22049374973    0.00000037698   -4.27515348534
Mg   -0.00000022182    4.22049390489   -4.27515348534
Mg    4.22049330609    0.00000037698   -4.27515348534
Mg   -0.00000022182   -4.22049315093   -4.27515348534
Mg   -6.33031522684    2.11041535269   -0.05126312488
Mg    6.33031496969    2.11041522276   -0.05126301443
Mg    6.33031503150   -2.11041463749   -0.05126344764
Mg   -6.33031523726   -2.11041493231   -0.05126326161
Mg   -2.11067202432    6.33057241833   -0.05126344764
Mg    2.11067181856    6.33057212351   -0.05126326161
Mg    2.11067182897   -6.33057170313   -0.05126312488
Mg   -2.11067208612   -6.33057183306   -0.05126301443
Mg   -6.33128291027    0.00000031420   -2.14942467063
Mg    6.33128303147    0.00000019377   -2.14942510171
Mg   -0.00000006412    6.33113907297   -2.14995915510
Mg   -0.00000001866   -6.33113845412   -2.14995884065
Mg   -4.22049374973    4.22049390489   -4.27515348534
Mg    4.22049330609    4.22049390489   -4.27515348534
Mg    4.22049330609   -4.22049315093   -4.27515348534
Mg   -4.22049374973   -4.22049315093   -4.27515348534
Mg   -6.33075543725    4.22049377222   -2.15014768707
Mg   -4.22049375739    6.33073776780   -2.15013000984
Mg    4.22049329842    6.33073776780   -2.15013000984
Mg    6.33075530107    4.22049377840   -2.15014758497
Mg    6.33075530107   -4.22049327741   -2.15014758497
Mg    4.22049357743   -6.33073731630   -2.15013000455
Mg   -4.22049347839   -6.33073731630   -2.15013000455
Mg   -6.33075543725   -4.22049328359   -2.15014768707


ghost=serialno
1-5

qmmm=Amber
pointcharges
10169
     -2.10970402434    0.00000019377   -2.14942510171    2.00000000000
      2.10970414555    0.00000031420   -2.14942467063    2.00000000000
     -0.00000001866    2.10984860169   -2.14995884065    2.00000000000
     -0.00000006412   -2.10984798285   -2.14995915510    2.00000000000
--------------------Output has been truncated-------------------------


--------------------Output has been truncated-------------------------


--------------------Output has been truncated-------------------------


--------------------Output has been truncated-------------------------


--------------------Output has been truncated-------------------------


--------------------Output has been truncated-------------------------


--------------------Output has been truncated-------------------------


--------------------Output has been truncated-------------------------


--------------------Output has been truncated-------------------------


--------------------Output has been truncated-------------------------


 
 Final local CC results:
 
 Minimum number of correlated electrons:        38       ( 21.6%)
 Maximum number of correlated electrons:        96       ( 54.5%)
 Average number of correlated electrons:        56.8     ( 32.3%)
 Minimum number of correlated orbitals:         80       (  6.7%)
 Maximum number of correlated orbitals:        217       ( 18.2%)
 Average number of correlated orbitals:        134.9     ( 11.3%)
 
 CPU time for integral calculations [min]:                 12.399
 Wall time for integral calculations [min]:                 4.067
 
 CPU time for SCF calculation [min]:                      135.662
 Wall time for SCF calculation [min]:                       4.318
 
 CPU time for orbital localization [min]:                   0.337
 Wall time for orbital localization [min]:                  0.108
 
 CPU time for integral transformations [min]:            3096.212
 Wall time for integral transformations [min]:            111.888
 
 Reference energy [au]:                                -11623.324854426008
 
 LMP2 correlation energy [au]:                             -5.970653942957
 Total LMP2 energy [au]:                               -11629.295508368965
 
 Total MP2 correction for dropped NAFs [au]:               -0.000354454314
 Total MP2 correction [au]:                                -0.017235503825
 
 CPU time for CCSD calculations [min]:                    823.066
 Total CPU time for CCSD [min]:                          4067.676
 Wall time for CCSD calculations [min]:                    39.148
 Total wall time for CCSD [min]:                          159.528
 
 CCSD correlation energy [au]:                             -5.934636027103
 Total CCSD energy [au]:                               -11629.259490453111
 CCSD correlation energy + 0.5 MP2 corrections [au]:       -5.943253779016
 Total LNO-CCSD energy with MP2 corrections [au]:      -11629.268108205024
 
 CPU time for (T) corrections [min]:                     1230.092
 Total CPU time for CCSD(T) [min]:                       5297.768
 Wall time for (T) corrections [min]:                      43.604
 Total wall time for CCSD(T) [min]:                       203.132
 
 Total (T) correlation energy contribution [au]:           -0.200375521600
 Total (T) correlation energy+0.5 MP2 correction [au]:     -0.208993273512
 CCSD(T) correlation energy [au]:                          -6.135011548703
 Total CCSD(T) energy [au]:                            -11629.459865974710
 CCSD(T) correlation energy + MP2 corrections [au]:        -6.152247052528
 Total LNO-CCSD(T) energy with MP2 corrections [au]:   -11629.477101478535
 
 ======================================================================
 ======================================================================
 
 ************************ 2022-11-13 21:41:21 *************************
                      Normal termination of mrcc.
 **********************************************************************
