 **********************************************************************
                          MRCC program system
 **********************************************************************
 
                              Written by
     Mihaly Kallay, Peter R. Nagy, David Mester, Laszlo Gyevi-Nagy,
        Jozsef Csoka, P. Bernat Szabo, Zoltan Rolik, Gyula Samu,
     Jozsef Csontos, Bence Hegely, Adam Ganyecz, Istvan Ladjanszki,
       Lorant Szegedy, Bence Ladoczki, Klara Petrov, Mate Farkas,
                    Pal D. Mezei, and Reka A. Horvath
 
        Department of Physical Chemistry and Materials Science
            Budapest University of Technology and Economics
                  Budapest P.O.Box 91, H-1521 Hungary
 
                              www.mrcc.hu
 
                      Release date: March 18, 2022

 ************************ 2023-02-04 11:46:08 *************************
 Executing minp...

 Reading input from MINP...
 
 Input file:
 
calc=FNO-CCSD(T)
verbosity=3
mem=220GB
unit=angs
scfiguess=small
scfalg=locfit1
ccmaxit=400
ccsdalg=dfdirect
ccsdthreads=4
ccsdmkl=thr
ptthreads=4
lnoepsv=1e-5
naf_cor=1e-2
basis=aug-cc-pVTZ
basis_sm=def2-SVP
dfbasis_scf=def2-QZVPP-RI-JK
dfbasis_cor=aug-cc-pVTZ-RI
unit=angs
geom=xyz
10

C    29.54344629    29.54344629    16.97505516
H    29.54344670    30.44187631    17.60392580
H    29.54344662    28.64496649    17.60393442
H    30.44658454    29.54342777    16.34911135
H    28.64030918    29.54342779    16.34911130
C    33.76390794    12.66144544    16.97521401
H    32.86548827    12.66144564    17.60422237
H    33.76392673    13.56423330    16.34882774
H    33.76392671    11.75865866    16.34882693
H    34.66237815    12.66144561    17.60423123

--------------------Output has been truncated-------------------------


--------------------Output has been truncated-------------------------


--------------------Output has been truncated-------------------------


--------------------Output has been truncated-------------------------


--------------------Output has been truncated-------------------------


--------------------Output has been truncated-------------------------


--------------------Output has been truncated-------------------------


--------------------Output has been truncated-------------------------


--------------------Output has been truncated-------------------------


--------------------Output has been truncated-------------------------


 
 Reference energy [au]:                       -40.213017195562
 DF-MP2 singlet pair energy [au]:              -0.164419028262
 DF-MP2 triplet pair energy [au]:              -0.036594297804
 DF-SCS-MP2 correlation energy [au]:           -0.209500933182
 DF-SCS-MP2 energy [au]:                      -40.422518128744
 DF-SOS-MP2 correlation energy [au]:           -0.213744736740
 DF-SOS-MP2 energy [au]:                      -40.426761932302
 DF-MP2 correlation energy [au]:               -0.201013326066
 DF-MP2 energy [au]:                          -40.414030521628

 Results in FNO basis:
 
 
 Reference energy [au]:                       -40.213017195562
 DF-MP2 singlet pair energy [au]:              -0.163768768332
 DF-MP2 triplet pair energy [au]:              -0.036550540989
 DF-SCS-MP2 correlation energy [au]:           -0.208706035661
 DF-SCS-MP2 energy [au]:                      -40.421723231222
 DF-SOS-MP2 correlation energy [au]:           -0.212899398831
 DF-SOS-MP2 energy [au]:                      -40.425916594393
 DF-MP2 correlation energy [au]:               -0.200319309320
 DF-MP2 energy [au]:                          -40.413336504882

 Results in NAF basis:
 
 
 Reference energy [au]:                       -40.213017195562
 DF-MP2 singlet pair energy [au]:              -0.163734491227
 DF-MP2 triplet pair energy [au]:              -0.036569820039
 DF-SCS-MP2 correlation energy [au]:           -0.208671329485
 DF-SCS-MP2 energy [au]:                      -40.421688525047
 DF-SOS-MP2 correlation energy [au]:           -0.212854838595
 DF-SOS-MP2 energy [au]:                      -40.425872034157
 DF-MP2 correlation energy [au]:               -0.200304311266
 DF-MP2 energy [au]:                          -40.413321506828

 ************************ 2023-02-04 11:46:24 *************************
 Executing ccsd...

 Allocation of 220.0 Gbytes of memory...

 Direct DF-CCSD(T) calculation
 
 Convergence criterion:  1.0E-06
 
 Number of occupied/virtual/auxiliary orbitals:     4    83   221
     89.04 MB is the minimal memory requirement for (T)
     22.38 MB is the minimal memory requirement for CCSD
 
 Reference energy [au]:             -40.213017195562
 T1 contribution [au]:                0.000000000000
 Same spin MP2 energy [au]:          -0.036560153133
 Opposite spin MP2 energy [au]:      -0.163751548239
 MP2 correlation energy [au]:        -0.200311701372
 Total MP2 energy [au]:             -40.413328896934
 MP2 correction [au]:                -0.000701624694
 
 
 CPU time [min]:     0.058                   Wall time [min]:     0.003
 
 Starting CCSD iterations...
 
                     Residual norm          Energy
 Iteration  1        0.131887850397      -40.427796733033
 Iteration  2        0.033755013732      -40.433319857212
 Iteration  3        0.008181650635      -40.433786012537
 Iteration  4        0.001913906202      -40.433788614671
 Iteration  5        0.000362952050      -40.433795665554
 Iteration  6        0.000073619821      -40.433795798488
 Iteration  7        0.000017729545      -40.433796403825
 Iteration  8        0.000003100180      -40.433796421534
 
 CCSD iteration has converged in  8 steps.
      207.43 MB memory was utilized by CCSD
 
 T1 diagnostic:      7.475E-03            D1 diagnostic:      1.210E-02
 
 T1 contribution [au]:                                  0.000000000000
 PPL energy contribution [au]:                          0.057487574823
 Scaled PPL energy contribution [au]:                   0.057690612990

 OS-PPL energy contribution [au]:                       0.050872618867
 Scaled OS-PPL energy contribution [au]:                0.051084764126
 SS-PPL energy contribution [au]:                       0.006614955956
 Scaled SS-PPL energy contribution [au]:                0.006619519570

 Opposite spin CCSD energy [au]:                       -0.185468636646
 Same spin CCSD energy [au]:                           -0.035322026580
 CCSD correlation energy [au]:                         -0.220790663226
 CCSD correlation energy + MP2 correction [au]:        -0.221492287920
 CCSD correlation energy + MP2 + PPL corr. [au]:       -0.221289249752
 Total CCSD energy [au]:                              -40.433807858788
 Total CCSD energy + MP2 correction [au]:             -40.434509483482
 Total CCSD energy + MP2 + PPL corr. [au]:            -40.434306445314
 
 CPU time [min]:     0.392                   Wall time [min]:     0.013
 
 Calculation of (T) correction...
 
 
       67.65 MB memory is utilized for (T)

 0%       25%       50%       75%       100%
 |---------|---------|---------|---------| 
 
 (T) correction [au]:                                    -0.006568742208
 (T*) correction [au]:                                   -0.006591750308
 (T+) correction [au]:                                   -0.006591770527
 CCSD(T) correlation energy [au]:                        -0.227359405434
 CCSD(T) correlation energy + MP2 correction [au]:       -0.228061030128
 CCSD(T+) correlation en. + MP2 + PPL corr. [au]:        -0.227881020279
 Total CCSD(T) energy [au]:                             -40.440376600995
 Total CCSD(T) energy + MP2 correction [au]:            -40.441078225690
 Total CCSD(T+) energy + MP2 + PPL corr. [au]:          -40.440898215841
 
 CPU time [min]:     0.459                   Wall time [min]:     0.015
 
 ************************ 2023-02-04 11:46:25 *************************
                      Normal termination of mrcc.
 **********************************************************************
