 **********************************************************************
                          MRCC program system
 **********************************************************************
 
                              Written by
     Mihaly Kallay, Peter R. Nagy, David Mester, Laszlo Gyevi-Nagy,
        Jozsef Csoka, P. Bernat Szabo, Zoltan Rolik, Gyula Samu,
     Jozsef Csontos, Bence Hegely, Adam Ganyecz, Istvan Ladjanszki,
       Lorant Szegedy, Bence Ladoczki, Klara Petrov, Mate Farkas,
                    Pal D. Mezei, and Reka A. Horvath
 
        Department of Physical Chemistry and Materials Science
            Budapest University of Technology and Economics
                  Budapest P.O.Box 91, H-1521 Hungary
 
                              www.mrcc.hu
 
                      Release date: March 18, 2022

 ************************ 2023-02-05 13:20:33 *************************
 Executing minp...

 Reading input from MINP...
 
 Input file:
 
calc=FNO-CCSD(T)
verbosity=3
mem=220GB
unit=angs
scfiguess=small
scfalg=locfit1
ccmaxit=400
ccsdalg=dfdirect
ccsdthreads=4
ccsdmkl=thr
ptthreads=4
lnoepsv=1e-5
naf_cor=1e-2
basis=aug-cc-pVQZ
basis_sm=def2-SVP
dfbasis_scf=def2-QZVPP-RI-JK
dfbasis_cor=aug-cc-pVQZ-RI
unit=angs
geom=xyz
16

C    34.41670262    34.07107264    10.41543014
C    33.11117461    33.45680459    10.91530835
H    34.24160149    35.00442132     9.86225048
H    34.94674030    33.36940783     9.75379242
H    35.10002891    34.30603621    11.24227357
H    32.42643037    33.26105434    10.07939442
H    32.59136835    34.12756100    11.61262818
H    33.28915165    32.50678735    11.43686767
C    42.85770499    21.40962162    10.41548088
C    41.55214767    20.79532608    10.91529140
H    42.68250243    22.34306075     9.86250154
H    43.38767744    20.70774924     9.75399090
H    43.54128776    21.64470584    11.24209422
H    40.86727325    20.59942806    10.07951373
H    41.03231026    21.46625866    11.61243196
H    41.73020928    19.84522333    11.43663402

--------------------Output has been truncated-------------------------


--------------------Output has been truncated-------------------------


--------------------Output has been truncated-------------------------


--------------------Output has been truncated-------------------------


--------------------Output has been truncated-------------------------


--------------------Output has been truncated-------------------------


--------------------Output has been truncated-------------------------


--------------------Output has been truncated-------------------------


--------------------Output has been truncated-------------------------


--------------------Output has been truncated-------------------------


 
 Reference energy [au]:                      -158.528871738004
 DF-MP2 singlet pair energy [au]:              -0.635445162475
 DF-MP2 triplet pair energy [au]:              -0.153812960471
 DF-SCS-MP2 correlation energy [au]:           -0.813805181793
 DF-SCS-MP2 energy [au]:                     -159.342676919797
 DF-SOS-MP2 correlation energy [au]:           -0.826078711217
 DF-SOS-MP2 energy [au]:                     -159.354950449221
 DF-MP2 correlation energy [au]:               -0.789258122945
 DF-MP2 energy [au]:                         -159.318129860950

 Results in FNO basis:
 
 
 Reference energy [au]:                      -158.528871738004
 DF-MP2 singlet pair energy [au]:              -0.625097966435
 DF-MP2 triplet pair energy [au]:              -0.153241177502
 DF-SCS-MP2 correlation energy [au]:           -0.801197952223
 DF-SCS-MP2 energy [au]:                     -159.330069690227
 DF-SOS-MP2 correlation energy [au]:           -0.812627356365
 DF-SOS-MP2 energy [au]:                     -159.341499094370
 DF-MP2 correlation energy [au]:               -0.778339143937
 DF-MP2 energy [au]:                         -159.307210881942

 Results in NAF basis:
 
 
 Reference energy [au]:                      -158.528871738004
 DF-MP2 singlet pair energy [au]:              -0.625056089722
 DF-MP2 triplet pair energy [au]:              -0.153257192609
 DF-SCS-MP2 correlation energy [au]:           -0.801153038537
 DF-SCS-MP2 energy [au]:                     -159.330024776541
 DF-SOS-MP2 correlation energy [au]:           -0.812572916639
 DF-SOS-MP2 energy [au]:                     -159.341444654644
 DF-MP2 correlation energy [au]:               -0.778313282331
 DF-MP2 energy [au]:                         -159.307185020335

 ************************ 2023-02-05 13:22:47 *************************
 Executing ccsd...

 Allocation of 220.0 Gbytes of memory...

 Direct DF-CCSD(T) calculation
 
 Convergence criterion:  1.0E-06
 
 Number of occupied/virtual/auxiliary orbitals:    14   350  1102
   6895.51 MB is the minimal memory requirement for (T)
   1574.97 MB is the minimal memory requirement for CCSD
 
 Reference energy [au]:            -158.528871738004
 T1 contribution [au]:                0.000000000000
 Same spin MP2 energy [au]:          -0.153249179942
 Opposite spin MP2 energy [au]:      -0.625077018680
 MP2 correlation energy [au]:        -0.778326198621
 Total MP2 energy [au]:            -159.307197936625
 MP2 correction [au]:                -0.010931924324
 
 
 CPU time [min]:     1.535                   Wall time [min]:     0.460
 
 Starting CCSD iterations...
 
                     Residual norm          Energy
 Iteration  1        0.253997669477     -159.343023719958
 Iteration  2        0.062948048799     -159.362188058401
 Iteration  3        0.018511785924     -159.364459567687
 Iteration  4        0.003748087612     -159.364474019327
 Iteration  5        0.000793339165     -159.364485749779
 Iteration  6        0.000221937033     -159.364489850806
 Iteration  7        0.000052462615     -159.364489400588
 Iteration  8        0.000014140566     -159.364490128321
 Iteration  9        0.000002817423     -159.364490085503
 
 CCSD iteration has converged in  9 steps.
    59039.49 MB memory was utilized by CCSD
 
 T1 diagnostic:      8.231E-03            D1 diagnostic:      1.428E-02
 
 T1 contribution [au]:                                  0.000000000000
 PPL energy contribution [au]:                          0.217871133666
 Scaled PPL energy contribution [au]:                   0.220950587724

 OS-PPL energy contribution [au]:                       0.191084686000
 Scaled OS-PPL energy contribution [au]:                0.194274501084
 SS-PPL energy contribution [au]:                       0.026786447666
 Scaled SS-PPL energy contribution [au]:                0.026882604658

 Opposite spin CCSD energy [au]:                       -0.690280731536
 Same spin CCSD energy [au]:                           -0.145353094383
 CCSD correlation energy [au]:                         -0.835633825919
 CCSD correlation energy + MP2 correction [au]:        -0.846565750244
 CCSD correlation energy + MP2 + PPL corr. [au]:       -0.843486296186
 Total CCSD energy [au]:                             -159.364505563924
 Total CCSD energy + MP2 correction [au]:            -159.375437488248
 Total CCSD energy + MP2 + PPL corr. [au]:           -159.372358034190
 
 CPU time [min]:   152.207                   Wall time [min]:     5.303
 
 Calculation of (T) correction...
 
 
     8828.31 MB memory is utilized for (T)

 0%       25%       50%       75%       100%
 |---------|---------|---------|---------| 
 
 (T) correction [au]:                                    -0.029525488633
 (T*) correction [au]:                                   -0.029940186748
 (T+) correction [au]:                                   -0.029933123593
 CCSD(T) correlation energy [au]:                        -0.865159314553
 CCSD(T) correlation energy + MP2 correction [au]:       -0.876091238877
 CCSD(T+) correlation en. + MP2 + PPL corr. [au]:        -0.873419419779
 Total CCSD(T) energy [au]:                            -159.394031052557
 Total CCSD(T) energy + MP2 correction [au]:           -159.404962976881
 Total CCSD(T+) energy + MP2 + PPL corr. [au]:         -159.402291157783
 
 CPU time [min]:   272.569                   Wall time [min]:     8.910
 
 ************************ 2023-02-05 13:31:41 *************************
                      Normal termination of mrcc.
 **********************************************************************
