 **********************************************************************
                          MRCC program system
 **********************************************************************
 
                              Written by
     Mihaly Kallay, Peter R. Nagy, David Mester, Laszlo Gyevi-Nagy,
        Jozsef Csoka, P. Bernat Szabo, Zoltan Rolik, Gyula Samu,
     Jozsef Csontos, Bence Hegely, Adam Ganyecz, Istvan Ladjanszki,
       Lorant Szegedy, Bence Ladoczki, Klara Petrov, Mate Farkas,
                    Pal D. Mezei, and Reka A. Horvath
 
        Department of Physical Chemistry and Materials Science
            Budapest University of Technology and Economics
                  Budapest P.O.Box 91, H-1521 Hungary
 
                              www.mrcc.hu
 
                      Release date: March 18, 2022

 ************************ 2023-02-04 11:55:32 *************************
 Executing minp...

 Reading input from MINP...
 
 Input file:
 
calc=FNO-CCSD(T)
verbosity=3
mem=220GB
unit=angs
scfiguess=small
scfalg=locfit1
ccmaxit=400
ccsdalg=dfdirect
ccsdthreads=4
ccsdmkl=thr
ptthreads=4
lnoepsv=1e-5
naf_cor=1e-2
basis=aug-cc-pVTZ
basis_sm=def2-SVP
dfbasis_scf=def2-QZVPP-RI-JK
dfbasis_cor=aug-cc-pVTZ-RI
unit=angs
geom=xyz
10

C    29.54344629    29.54344629    16.97505516
H    29.54344670    30.44187631    17.60392580
H    29.54344662    28.64496649    17.60393442
H    30.44658454    29.54342777    16.34911135
H    28.64030918    29.54342779    16.34911130
C    21.10246164    12.66147698    16.97505516
H    21.10246204    13.55990700    17.60392580
H    21.10246196    11.76299718    17.60393442
H    22.00559989    12.66145846    16.34911135
H    20.19932453    12.66145848    16.34911130

--------------------Output has been truncated-------------------------


--------------------Output has been truncated-------------------------


--------------------Output has been truncated-------------------------


--------------------Output has been truncated-------------------------


--------------------Output has been truncated-------------------------


--------------------Output has been truncated-------------------------


--------------------Output has been truncated-------------------------


--------------------Output has been truncated-------------------------


--------------------Output has been truncated-------------------------


--------------------Output has been truncated-------------------------


 
 Reference energy [au]:                       -40.213014007191
 DF-MP2 singlet pair energy [au]:              -0.164418775926
 DF-MP2 triplet pair energy [au]:              -0.036594509225
 DF-SCS-MP2 correlation energy [au]:           -0.209500700853
 DF-SCS-MP2 energy [au]:                      -40.422514708044
 DF-SOS-MP2 correlation energy [au]:           -0.213744408704
 DF-SOS-MP2 energy [au]:                      -40.426758415894
 DF-MP2 correlation energy [au]:               -0.201013285151
 DF-MP2 energy [au]:                          -40.414027292342

 Results in FNO basis:
 
 
 Reference energy [au]:                       -40.213014007191
 DF-MP2 singlet pair energy [au]:              -0.163768538533
 DF-MP2 triplet pair energy [au]:              -0.036550753703
 DF-SCS-MP2 correlation energy [au]:           -0.208705830807
 DF-SCS-MP2 energy [au]:                      -40.421719837998
 DF-SOS-MP2 correlation energy [au]:           -0.212899100093
 DF-SOS-MP2 energy [au]:                      -40.425913107284
 DF-MP2 correlation energy [au]:               -0.200319292236
 DF-MP2 energy [au]:                          -40.413333299427

 Results in NAF basis:
 
 
 Reference energy [au]:                       -40.213014007191
 DF-MP2 singlet pair energy [au]:              -0.163734265883
 DF-MP2 triplet pair energy [au]:              -0.036570032092
 DF-SCS-MP2 correlation energy [au]:           -0.208671129756
 DF-SCS-MP2 energy [au]:                      -40.421685136947
 DF-SOS-MP2 correlation energy [au]:           -0.212854545647
 DF-SOS-MP2 energy [au]:                      -40.425868552838
 DF-MP2 correlation energy [au]:               -0.200304297974
 DF-MP2 energy [au]:                          -40.413318305165

 ************************ 2023-02-04 11:55:48 *************************
 Executing ccsd...

 Allocation of 220.0 Gbytes of memory...

 Direct DF-CCSD(T) calculation
 
 Convergence criterion:  1.0E-06
 
 Number of occupied/virtual/auxiliary orbitals:     4    83   221
     89.04 MB is the minimal memory requirement for (T)
     22.38 MB is the minimal memory requirement for CCSD
 
 Reference energy [au]:             -40.213014007191
 T1 contribution [au]:                0.000000000000
 Same spin MP2 energy [au]:          -0.036560365517
 Opposite spin MP2 energy [au]:      -0.163751320666
 MP2 correlation energy [au]:        -0.200311686183
 Total MP2 energy [au]:             -40.413325693374
 MP2 correction [au]:                -0.000701598968
 
 
 CPU time [min]:     0.063                   Wall time [min]:     0.004
 
 Starting CCSD iterations...
 
                     Residual norm          Energy
 Iteration  1        0.131886661997      -40.427793496661
 Iteration  2        0.033754329707      -40.433316472214
 Iteration  3        0.008181264768      -40.433782587055
 Iteration  4        0.001913828218      -40.433785189934
 Iteration  5        0.000362932774      -40.433792239577
 Iteration  6        0.000073614125      -40.433792372608
 Iteration  7        0.000017727601      -40.433792977821
 Iteration  8        0.000003099781      -40.433792995507
 
 CCSD iteration has converged in  8 steps.
      207.43 MB memory was utilized by CCSD
 
 T1 diagnostic:      7.475E-03            D1 diagnostic:      1.210E-02
 
 T1 contribution [au]:                                  0.000000000000
 PPL energy contribution [au]:                          0.057486885526
 Scaled PPL energy contribution [au]:                   0.057689913331

 OS-PPL energy contribution [au]:                       0.050871915629
 Scaled OS-PPL energy contribution [au]:                0.051084049842
 SS-PPL energy contribution [au]:                       0.006614969896
 Scaled SS-PPL energy contribution [au]:                0.006619533380

 Opposite spin CCSD energy [au]:                       -0.185468100216
 Same spin CCSD energy [au]:                           -0.035322322468
 CCSD correlation energy [au]:                         -0.220790422684
 CCSD correlation energy + MP2 correction [au]:        -0.221492021651
 CCSD correlation energy + MP2 + PPL corr. [au]:       -0.221288993846
 Total CCSD energy [au]:                              -40.433804429874
 Total CCSD energy + MP2 correction [au]:             -40.434506028842
 Total CCSD energy + MP2 + PPL corr. [au]:            -40.434303001037
 
 CPU time [min]:     0.403                   Wall time [min]:     0.013
 
 Calculation of (T) correction...
 
 
       67.65 MB memory is utilized for (T)

 0%       25%       50%       75%       100%
 |---------|---------|---------|---------| 
 
 (T) correction [au]:                                    -0.006568652040
 (T*) correction [au]:                                   -0.006591658983
 (T+) correction [au]:                                   -0.006591679135
 CCSD(T) correlation energy [au]:                        -0.227359074724
 CCSD(T) correlation energy + MP2 correction [au]:       -0.228060673692
 CCSD(T+) correlation en. + MP2 + PPL corr. [au]:        -0.227880672981
 Total CCSD(T) energy [au]:                             -40.440373081915
 Total CCSD(T) energy + MP2 correction [au]:            -40.441074680882
 Total CCSD(T+) energy + MP2 + PPL corr. [au]:          -40.440894680172
 
 CPU time [min]:     0.468                   Wall time [min]:     0.015
 
 ************************ 2023-02-04 11:55:49 *************************
                      Normal termination of mrcc.
 **********************************************************************
