 **********************************************************************
                          MRCC program system
 **********************************************************************
 
                              Written by
     Mihaly Kallay, Peter R. Nagy, David Mester, Laszlo Gyevi-Nagy,
        Jozsef Csoka, P. Bernat Szabo, Zoltan Rolik, Gyula Samu,
     Jozsef Csontos, Bence Hegely, Adam Ganyecz, Istvan Ladjanszki,
       Lorant Szegedy, Bence Ladoczki, Klara Petrov, Mate Farkas,
                    Pal D. Mezei, and Reka A. Horvath
 
        Department of Physical Chemistry and Materials Science
            Budapest University of Technology and Economics
                  Budapest P.O.Box 91, H-1521 Hungary
 
                              www.mrcc.hu
 
                      Release date: March 18, 2022

 ************************ 2023-02-04 11:39:07 *************************
 Executing minp...

 Reading input from MINP...
 
 Input file:
 
calc=FNO-CCSD(T)
verbosity=3
mem=220GB
unit=angs
scfiguess=small
scfalg=locfit1
ccmaxit=400
ccsdalg=dfdirect
ccsdthreads=4
ccsdmkl=thr
ptthreads=4
lnoepsv=1e-5
naf_cor=1e-2
basis=aug-cc-pVTZ
basis_sm=def2-SVP
dfbasis_scf=def2-QZVPP-RI-JK
dfbasis_cor=aug-cc-pVTZ-RI
unit=angs
geom=xyz
10

C    29.54344629    29.54344629    16.97505516
H    29.54344670    30.44187631    17.60392580
H    29.54344662    28.64496649    17.60393442
H    30.44658454    29.54342777    16.34911135
H    28.64030918    29.54342779    16.34911130
C    25.32295389    33.76393881    16.97520498
H    25.32295437    34.66240904    17.60413400
H    26.22584939    33.76392005    16.34891492
H    25.32295426    32.86541825    17.60414260
H    24.42005953    33.76392017    16.34891491

--------------------Output has been truncated-------------------------


--------------------Output has been truncated-------------------------


--------------------Output has been truncated-------------------------


--------------------Output has been truncated-------------------------


--------------------Output has been truncated-------------------------


--------------------Output has been truncated-------------------------


--------------------Output has been truncated-------------------------


--------------------Output has been truncated-------------------------


--------------------Output has been truncated-------------------------


--------------------Output has been truncated-------------------------


 
 Reference energy [au]:                       -80.426032132832
 DF-MP2 singlet pair energy [au]:              -0.328892098960
 DF-MP2 triplet pair energy [au]:              -0.073229754678
 DF-SCS-MP2 correlation energy [au]:           -0.419080436978
 DF-SCS-MP2 energy [au]:                      -80.845112569810
 DF-SOS-MP2 correlation energy [au]:           -0.427559728648
 DF-SOS-MP2 energy [au]:                      -80.853591861480
 DF-MP2 correlation energy [au]:               -0.402121853638
 DF-MP2 energy [au]:                          -80.828153986470

 Results in FNO basis:
 
 
 Reference energy [au]:                       -80.426032132832
 DF-MP2 singlet pair energy [au]:              -0.327577735627
 DF-MP2 triplet pair energy [au]:              -0.073138089228
 DF-SCS-MP2 correlation energy [au]:           -0.417472645828
 DF-SCS-MP2 energy [au]:                      -80.843504778660
 DF-SOS-MP2 correlation energy [au]:           -0.425851056315
 DF-SOS-MP2 energy [au]:                      -80.851883189147
 DF-MP2 correlation energy [au]:               -0.400715824855
 DF-MP2 energy [au]:                          -80.826747957686

 Results in NAF basis:
 
 
 Reference energy [au]:                       -80.426032132832
 DF-MP2 singlet pair energy [au]:              -0.327514537465
 DF-MP2 triplet pair energy [au]:              -0.073177743249
 DF-SCS-MP2 correlation energy [au]:           -0.417410026041
 DF-SCS-MP2 energy [au]:                      -80.843442158873
 DF-SOS-MP2 correlation energy [au]:           -0.425768898705
 DF-SOS-MP2 energy [au]:                      -80.851801031536
 DF-MP2 correlation energy [au]:               -0.400692280714
 DF-MP2 energy [au]:                          -80.826724413545

 ************************ 2023-02-04 11:39:28 *************************
 Executing ccsd...

 Allocation of 220.0 Gbytes of memory...

 Direct DF-CCSD(T) calculation
 
 Convergence criterion:  1.0E-06
 
 Number of occupied/virtual/auxiliary orbitals:     8   166   443
    715.53 MB is the minimal memory requirement for (T)
    155.43 MB is the minimal memory requirement for CCSD
 
 Reference energy [au]:             -80.426032132832
 T1 contribution [au]:                0.000000000000
 Same spin MP2 energy [au]:          -0.073157863110
 Opposite spin MP2 energy [au]:      -0.327545975168
 MP2 correlation energy [au]:        -0.400703838279
 Total MP2 energy [au]:             -80.826735971110
 MP2 correction [au]:                -0.001418015359
 
 
 CPU time [min]:     0.351                   Wall time [min]:     0.015
 
 Starting CCSD iterations...
 
                     Residual norm          Energy
 Iteration  1        0.177857542125      -80.855667223603
 Iteration  2        0.045041281488      -80.866599817928
 Iteration  3        0.011163868586      -80.867652563448
 Iteration  4        0.002570209204      -80.867652291826
 Iteration  5        0.000488852526      -80.867663458851
 Iteration  6        0.000099575856      -80.867663641124
 Iteration  7        0.000023907775      -80.867664740285
 Iteration  8        0.000004275998      -80.867664795425
 Iteration  9        0.000001026806      -80.867664774768
 
 CCSD iteration has converged in  9 steps.
     3072.80 MB memory was utilized by CCSD
 
 T1 diagnostic:      7.480E-03            D1 diagnostic:      1.211E-02
 
 T1 contribution [au]:                                  0.000000000000
 PPL energy contribution [au]:                          0.114981615702
 Scaled PPL energy contribution [au]:                   0.115390938008

 OS-PPL energy contribution [au]:                       0.101749078780
 Scaled OS-PPL energy contribution [au]:                0.102175955484
 SS-PPL energy contribution [au]:                       0.013232536922
 Scaled SS-PPL energy contribution [au]:                0.013242209984

 Opposite spin CCSD energy [au]:                       -0.370971062107
 Same spin CCSD energy [au]:                           -0.070681152972
 CCSD correlation energy [au]:                         -0.441652215078
 CCSD correlation energy + MP2 correction [au]:        -0.443070230438
 CCSD correlation energy + MP2 + PPL corr. [au]:       -0.442660908131
 Total CCSD energy [au]:                              -80.867684347910
 Total CCSD energy + MP2 correction [au]:             -80.869102363270
 Total CCSD energy + MP2 + PPL corr. [au]:            -80.868693040963
 
 CPU time [min]:     5.400                   Wall time [min]:     0.158
 
 Calculation of (T) correction...
 
 
      698.30 MB memory is utilized for (T)

 0%       25%       50%       75%       100%
 |---------|---------|---------|---------| 
 
 (T) correction [au]:                                    -0.013148857567
 (T*) correction [au]:                                   -0.013195388896
 (T+) correction [au]:                                   -0.013195319761
 CCSD(T) correlation energy [au]:                        -0.454801072645
 CCSD(T) correlation energy + MP2 correction [au]:       -0.456219088005
 CCSD(T+) correlation en. + MP2 + PPL corr. [au]:        -0.455856227892
 Total CCSD(T) energy [au]:                             -80.880833205477
 Total CCSD(T) energy + MP2 correction [au]:            -80.882251220836
 Total CCSD(T+) energy + MP2 + PPL corr. [au]:          -80.881888360724
 
 CPU time [min]:     7.364                   Wall time [min]:     0.226
 
 ************************ 2023-02-04 11:39:41 *************************
                      Normal termination of mrcc.
 **********************************************************************
