 **********************************************************************
                          MRCC program system
 **********************************************************************
 
                              Written by
     Mihaly Kallay, Peter R. Nagy, David Mester, Laszlo Gyevi-Nagy,
        Jozsef Csoka, P. Bernat Szabo, Zoltan Rolik, Gyula Samu,
     Jozsef Csontos, Bence Hegely, Adam Ganyecz, Istvan Ladjanszki,
       Lorant Szegedy, Bence Ladoczki, Klara Petrov, Mate Farkas,
                    Pal D. Mezei, and Reka A. Horvath
 
        Department of Physical Chemistry and Materials Science
            Budapest University of Technology and Economics
                  Budapest P.O.Box 91, H-1521 Hungary
 
                              www.mrcc.hu
 
                      Release date: March 18, 2022

 ************************ 2023-02-04 11:39:19 *************************
 Executing minp...

 Reading input from MINP...
 
 Input file:
 
calc=FNO-CCSD(T)
verbosity=3
mem=220GB
unit=angs
scfiguess=small
scfalg=locfit1
ccmaxit=400
ccsdalg=dfdirect
ccsdthreads=4
ccsdmkl=thr
ptthreads=4
lnoepsv=1e-5
naf_cor=1e-2
basis=aug-cc-pVQZ
basis_sm=def2-SVP
dfbasis_scf=def2-QZVPP-RI-JK
dfbasis_cor=aug-cc-pVQZ-RI
unit=angs
geom=xyz
10

C    29.54344629    29.54344629    16.97505516
H    29.54344670    30.44187631    17.60392580
H    29.54344662    28.64496649    17.60393442
H    30.44658454    29.54342777    16.34911135
H    28.64030918    29.54342779    16.34911130
C    25.32295389    33.76393881    16.97520498
H    25.32295437    34.66240904    17.60413400
H    26.22584939    33.76392005    16.34891492
H    25.32295426    32.86541825    17.60414260
H    24.42005953    33.76392017    16.34891491

--------------------Output has been truncated-------------------------


--------------------Output has been truncated-------------------------


--------------------Output has been truncated-------------------------


--------------------Output has been truncated-------------------------


--------------------Output has been truncated-------------------------


--------------------Output has been truncated-------------------------


--------------------Output has been truncated-------------------------


--------------------Output has been truncated-------------------------


--------------------Output has been truncated-------------------------


--------------------Output has been truncated-------------------------


 
 Reference energy [au]:                       -80.431232784743
 DF-MP2 singlet pair energy [au]:              -0.347551465726
 DF-MP2 triplet pair energy [au]:              -0.075036405339
 DF-SCS-MP2 correlation energy [au]:           -0.442073893985
 DF-SCS-MP2 energy [au]:                      -80.873306678727
 DF-SOS-MP2 correlation energy [au]:           -0.451816905444
 DF-SOS-MP2 energy [au]:                      -80.883049690187
 DF-MP2 correlation energy [au]:               -0.422587871066
 DF-MP2 energy [au]:                          -80.853820655808

 Results in FNO basis:
 
 
 Reference energy [au]:                       -80.431232784743
 DF-MP2 singlet pair energy [au]:              -0.341264925761
 DF-MP2 triplet pair energy [au]:              -0.074748881633
 DF-SCS-MP2 correlation energy [au]:           -0.434434204791
 DF-SCS-MP2 energy [au]:                      -80.865666989533
 DF-SOS-MP2 correlation energy [au]:           -0.443644403489
 DF-SOS-MP2 energy [au]:                      -80.874877188232
 DF-MP2 correlation energy [au]:               -0.416013807394
 DF-MP2 energy [au]:                          -80.847246592137

 Results in NAF basis:
 
 
 Reference energy [au]:                       -80.431232784743
 DF-MP2 singlet pair energy [au]:              -0.341232232947
 DF-MP2 triplet pair energy [au]:              -0.074760488534
 DF-SCS-MP2 correlation energy [au]:           -0.434398842381
 DF-SCS-MP2 energy [au]:                      -80.865631627124
 DF-SOS-MP2 correlation energy [au]:           -0.443601902831
 DF-SOS-MP2 energy [au]:                      -80.874834687574
 DF-MP2 correlation energy [au]:               -0.415992721481
 DF-MP2 energy [au]:                          -80.847225506224

 ************************ 2023-02-04 11:40:04 *************************
 Executing ccsd...

 Allocation of 220.0 Gbytes of memory...

 Direct DF-CCSD(T) calculation
 
 Convergence criterion:  1.0E-06
 
 Number of occupied/virtual/auxiliary orbitals:     8   202   640
   1312.15 MB is the minimal memory requirement for (T)
    293.11 MB is the minimal memory requirement for CCSD
 
 Reference energy [au]:             -80.431232784743
 T1 contribution [au]:                0.000000000000
 Same spin MP2 energy [au]:          -0.074754678583
 Opposite spin MP2 energy [au]:      -0.341248566355
 MP2 correlation energy [au]:        -0.416003244939
 Total MP2 energy [au]:             -80.847236029681
 MP2 correction [au]:                -0.006584626127
 
 
 CPU time [min]:     0.498                   Wall time [min]:     0.058
 
 Starting CCSD iterations...
 
                     Residual norm          Energy
 Iteration  1        0.186564839533      -80.873122929872
 Iteration  2        0.047237372122      -80.884046750473
 Iteration  3        0.013242603414      -80.885341027884
 Iteration  4        0.002711665824      -80.885345914772
 Iteration  5        0.000505658290      -80.885355864950
 Iteration  6        0.000114960486      -80.885355482825
 Iteration  7        0.000027140499      -80.885356753734
 Iteration  8        0.000005022201      -80.885356873106
 Iteration  9        0.000001126210      -80.885356848790
 
 CCSD iteration has converged in  9 steps.
     6687.81 MB memory was utilized by CCSD
 
 T1 diagnostic:      7.999E-03            D1 diagnostic:      1.292E-02
 
 T1 contribution [au]:                                  0.000000000000
 PPL energy contribution [au]:                          0.121205340728
 Scaled PPL energy contribution [au]:                   0.123124894284

 OS-PPL energy contribution [au]:                       0.107546803035
 Scaled OS-PPL energy contribution [au]:                0.109537373023
 SS-PPL energy contribution [au]:                       0.013658537693
 Scaled SS-PPL energy contribution [au]:                0.013708322256

 Opposite spin CCSD energy [au]:                       -0.382031476701
 Same spin CCSD energy [au]:                           -0.072105486707
 CCSD correlation energy [au]:                         -0.454136963409
 CCSD correlation energy + MP2 correction [au]:        -0.460721589536
 CCSD correlation energy + MP2 + PPL corr. [au]:       -0.458802035980
 Total CCSD energy [au]:                              -80.885369748151
 Total CCSD energy + MP2 correction [au]:             -80.891954374278
 Total CCSD energy + MP2 + PPL corr. [au]:            -80.890034820722
 
 CPU time [min]:    12.756                   Wall time [min]:     0.409
 
 Calculation of (T) correction...
 
 
     1275.43 MB memory is utilized for (T)

 0%       25%       50%       75%       100%
 |---------|---------|---------|---------| 
 
 (T) correction [au]:                                    -0.013893779128
 (T*) correction [au]:                                   -0.014113694098
 (T+) correction [au]:                                   -0.014112866151
 CCSD(T) correlation energy [au]:                        -0.468030742537
 CCSD(T) correlation energy + MP2 correction [au]:       -0.474615368664
 CCSD(T+) correlation en. + MP2 + PPL corr. [au]:        -0.472914902130
 Total CCSD(T) energy [au]:                             -80.899263527280
 Total CCSD(T) energy + MP2 correction [au]:            -80.905848153407
 Total CCSD(T+) energy + MP2 + PPL corr. [au]:          -80.904147686873
 
 CPU time [min]:    16.756                   Wall time [min]:     0.541
 
 ************************ 2023-02-04 11:40:37 *************************
                      Normal termination of mrcc.
 **********************************************************************
