 **********************************************************************
                          MRCC program system
 **********************************************************************
 
                              Written by
     Mihaly Kallay, Peter R. Nagy, David Mester, Laszlo Gyevi-Nagy,
        Jozsef Csoka, P. Bernat Szabo, Zoltan Rolik, Gyula Samu,
     Jozsef Csontos, Bence Hegely, Adam Ganyecz, Istvan Ladjanszki,
       Lorant Szegedy, Bence Ladoczki, Klara Petrov, Mate Farkas,
                    Pal D. Mezei, and Reka A. Horvath
 
        Department of Physical Chemistry and Materials Science
            Budapest University of Technology and Economics
                  Budapest P.O.Box 91, H-1521 Hungary
 
                              www.mrcc.hu
 
                      Release date: March 18, 2022

 ************************ 2023-02-05 13:30:11 *************************
 Executing minp...

 Reading input from MINP...
 
 Input file:
 
calc=FNO-CCSD(T)
verbosity=3
mem=220GB
unit=angs
scfiguess=small
scfalg=locfit1
ccmaxit=400
ccsdalg=dfdirect
ccsdthreads=4
ccsdmkl=thr
ptthreads=4
lnoepsv=1e-5
naf_cor=1e-2
basis=aug-cc-pVQZ
basis_sm=def2-SVP
dfbasis_scf=def2-QZVPP-RI-JK
dfbasis_cor=aug-cc-pVQZ-RI
unit=angs
geom=xyz
16

C    34.41670262    34.07107264    10.41543014
C    33.11117461    33.45680459    10.91530835
H    34.24160149    35.00442132     9.86225048
H    34.94674030    33.36940783     9.75379242
H    35.10002891    34.30603621    11.24227357
H    32.42643037    33.26105434    10.07939442
H    32.59136835    34.12756100    11.61262818
H    33.28915165    32.50678735    11.43686767
C    25.97571797    42.51205729    10.41543014
C    24.67018996    41.89778925    10.91530835
H    25.80061684    43.44540598     9.86225048
H    26.50575565    41.81039248     9.75379242
H    26.65904426    42.74702086    11.24227357
H    23.98544572    41.70203900    10.07939442
H    24.15038370    42.56854565    11.61262818
H    24.84816699    40.94777201    11.43686767

--------------------Output has been truncated-------------------------


--------------------Output has been truncated-------------------------


--------------------Output has been truncated-------------------------


--------------------Output has been truncated-------------------------


--------------------Output has been truncated-------------------------


--------------------Output has been truncated-------------------------


--------------------Output has been truncated-------------------------


--------------------Output has been truncated-------------------------


--------------------Output has been truncated-------------------------


--------------------Output has been truncated-------------------------


 
 Reference energy [au]:                       -79.264437057953
 DF-MP2 singlet pair energy [au]:              -0.317722394929
 DF-MP2 triplet pair energy [au]:              -0.076906328726
 DF-SCS-MP2 correlation energy [au]:           -0.406902316824
 DF-SCS-MP2 energy [au]:                      -79.671339374777
 DF-SOS-MP2 correlation energy [au]:           -0.413039113408
 DF-SOS-MP2 energy [au]:                      -79.677476171361
 DF-MP2 correlation energy [au]:               -0.394628723656
 DF-MP2 energy [au]:                          -79.659065781609

 Results in FNO basis:
 
 
 Reference energy [au]:                       -79.264437057953
 DF-MP2 singlet pair energy [au]:              -0.312548771902
 DF-MP2 triplet pair energy [au]:              -0.076620443378
 DF-SCS-MP2 correlation energy [au]:           -0.400598674075
 DF-SCS-MP2 energy [au]:                      -79.665035732028
 DF-SOS-MP2 correlation energy [au]:           -0.406313403473
 DF-SOS-MP2 energy [au]:                      -79.670750461426
 DF-MP2 correlation energy [au]:               -0.389169215281
 DF-MP2 energy [au]:                          -79.653606273233

 Results in NAF basis:
 
 
 Reference energy [au]:                       -79.264437057953
 DF-MP2 singlet pair energy [au]:              -0.312527810261
 DF-MP2 triplet pair energy [au]:              -0.076628449906
 DF-SCS-MP2 correlation energy [au]:           -0.400576188949
 DF-SCS-MP2 energy [au]:                      -79.665013246902
 DF-SOS-MP2 correlation energy [au]:           -0.406286153340
 DF-SOS-MP2 energy [au]:                      -79.670723211293
 DF-MP2 correlation energy [au]:               -0.389156260168
 DF-MP2 energy [au]:                          -79.653593318120

 ************************ 2023-02-05 13:31:44 *************************
 Executing ccsd...

 Allocation of 220.0 Gbytes of memory...

 Direct DF-CCSD(T) calculation
 
 Convergence criterion:  1.0E-06
 
 Number of occupied/virtual/auxiliary orbitals:     7   175   551
    851.32 MB is the minimal memory requirement for (T)
    190.43 MB is the minimal memory requirement for CCSD
 
 Reference energy [au]:             -79.264437057953
 T1 contribution [au]:                0.000000000000
 Same spin MP2 energy [au]:          -0.076624444079
 Opposite spin MP2 energy [au]:      -0.312538286375
 MP2 correlation energy [au]:        -0.389162730454
 Total MP2 energy [au]:             -79.653599788407
 MP2 correction [au]:                -0.005465993202
 
 
 CPU time [min]:     0.401                   Wall time [min]:     0.050
 
 Starting CCSD iterations...
 
                     Residual norm          Energy
 Iteration  1        0.179604453706      -79.671512724410
 Iteration  2        0.044511320221      -79.681094889068
 Iteration  3        0.013089812595      -79.682230613920
 Iteration  4        0.002650290642      -79.682237836689
 Iteration  5        0.000560968530      -79.682243701943
 Iteration  6        0.000156931359      -79.682245752800
 Iteration  7        0.000037096215      -79.682245527746
 Iteration  8        0.000009998714      -79.682245891635
 
 CCSD iteration has converged in  8 steps.
     3804.92 MB memory was utilized by CCSD
 
 T1 diagnostic:      8.231E-03            D1 diagnostic:      1.428E-02
 
 T1 contribution [au]:                                  0.000000000000
 PPL energy contribution [au]:                          0.108935392043
 Scaled PPL energy contribution [au]:                   0.110475131635

 OS-PPL energy contribution [au]:                       0.095542182650
 Scaled OS-PPL energy contribution [au]:                0.097137104656
 SS-PPL energy contribution [au]:                       0.013393209393
 Scaled SS-PPL energy contribution [au]:                0.013441287158

 Opposite spin CCSD energy [au]:                       -0.345140142560
 Same spin CCSD energy [au]:                           -0.072676443627
 CCSD correlation energy [au]:                         -0.417816586186
 CCSD correlation energy + MP2 correction [au]:        -0.423282579388
 CCSD correlation energy + MP2 + PPL corr. [au]:       -0.421742839796
 Total CCSD energy [au]:                              -79.682253644139
 Total CCSD energy + MP2 correction [au]:             -79.687719637341
 Total CCSD energy + MP2 + PPL corr. [au]:            -79.686179897749
 
 CPU time [min]:     6.469                   Wall time [min]:     0.236
 
 Calculation of (T) correction...
 
 
      783.34 MB memory is utilized for (T)

 0%       25%       50%       75%       100%
 |---------|---------|---------|---------| 
 
 (T) correction [au]:                                    -0.014762655613
 (T*) correction [au]:                                   -0.014970004798
 (T+) correction [au]:                                   -0.014966473317
 CCSD(T) correlation energy [au]:                        -0.432579241799
 CCSD(T) correlation energy + MP2 correction [au]:       -0.438045235001
 CCSD(T+) correlation en. + MP2 + PPL corr. [au]:        -0.436709313113
 Total CCSD(T) energy [au]:                             -79.697016299752
 Total CCSD(T) energy + MP2 correction [au]:            -79.702482292954
 Total CCSD(T+) energy + MP2 + PPL corr. [au]:          -79.701146371066
 
 CPU time [min]:     8.182                   Wall time [min]:     0.293
 
 ************************ 2023-02-05 13:32:01 *************************
                      Normal termination of mrcc.
 **********************************************************************
