 **********************************************************************
                          MRCC program system
 **********************************************************************
 
                              Written by
     Mihaly Kallay, Peter R. Nagy, David Mester, Laszlo Gyevi-Nagy,
        Jozsef Csoka, P. Bernat Szabo, Zoltan Rolik, Gyula Samu,
     Jozsef Csontos, Bence Hegely, Adam Ganyecz, Istvan Ladjanszki,
       Lorant Szegedy, Bence Ladoczki, Klara Petrov, Mate Farkas,
                    Pal D. Mezei, and Reka A. Horvath
 
        Department of Physical Chemistry and Materials Science
            Budapest University of Technology and Economics
                  Budapest P.O.Box 91, H-1521 Hungary
 
                              www.mrcc.hu
 
                      Release date: March 18, 2022

 ************************ 2023-02-04 11:47:21 *************************
 Executing minp...

 Reading input from MINP...
 
 Input file:
 
calc=FNO-CCSD(T)
verbosity=3
mem=220GB
unit=angs
scfiguess=small
scfalg=locfit1
ccmaxit=400
ccsdalg=dfdirect
ccsdthreads=4
ccsdmkl=thr
ptthreads=4
lnoepsv=1e-5
naf_cor=1e-2
basis=aug-cc-pVQZ
basis_sm=def2-SVP
dfbasis_scf=def2-QZVPP-RI-JK
dfbasis_cor=aug-cc-pVQZ-RI
unit=angs
geom=xyz
10

C    29.54344629    29.54344629    16.97505516
H    29.54344670    30.44187631    17.60392580
H    29.54344662    28.64496649    17.60393442
H    30.44658454    29.54342777    16.34911135
H    28.64030918    29.54342779    16.34911130
C    37.98440048    25.32292238    16.97524142
H    37.98441909    26.22572171    16.34882843
H    37.08590860    25.32292262    17.60416815
H    38.88294233    25.32292258    17.60417697
H    37.98441903    24.42012416    16.34882759

--------------------Output has been truncated-------------------------


--------------------Output has been truncated-------------------------


--------------------Output has been truncated-------------------------


--------------------Output has been truncated-------------------------


--------------------Output has been truncated-------------------------


--------------------Output has been truncated-------------------------


--------------------Output has been truncated-------------------------


--------------------Output has been truncated-------------------------


--------------------Output has been truncated-------------------------


--------------------Output has been truncated-------------------------


 
 Reference energy [au]:                       -40.215615412219
 DF-MP2 singlet pair energy [au]:              -0.173753616967
 DF-MP2 triplet pair energy [au]:              -0.037498076400
 DF-SCS-MP2 correlation energy [au]:           -0.221003699161
 DF-SCS-MP2 energy [au]:                      -40.436619111380
 DF-SOS-MP2 correlation energy [au]:           -0.225879702057
 DF-SOS-MP2 energy [au]:                      -40.441495114277
 DF-MP2 correlation energy [au]:               -0.211251693367
 DF-MP2 energy [au]:                          -40.426867105587

 Results in FNO basis:
 
 
 Reference energy [au]:                       -40.215615412219
 DF-MP2 singlet pair energy [au]:              -0.170618811073
 DF-MP2 triplet pair energy [au]:              -0.037356767313
 DF-SCS-MP2 correlation energy [au]:           -0.217194829059
 DF-SCS-MP2 energy [au]:                      -40.432810241278
 DF-SOS-MP2 correlation energy [au]:           -0.221804454395
 DF-SOS-MP2 energy [au]:                      -40.437419866615
 DF-MP2 correlation energy [au]:               -0.207975578386
 DF-MP2 energy [au]:                          -40.423590990606

 Results in NAF basis:
 
 
 Reference energy [au]:                       -40.215615412219
 DF-MP2 singlet pair energy [au]:              -0.170601244100
 DF-MP2 triplet pair energy [au]:              -0.037363465025
 DF-SCS-MP2 correlation energy [au]:           -0.217175981262
 DF-SCS-MP2 energy [au]:                      -40.432791393481
 DF-SOS-MP2 correlation energy [au]:           -0.221781617330
 DF-SOS-MP2 energy [au]:                      -40.437397029550
 DF-MP2 correlation energy [au]:               -0.207964709125
 DF-MP2 energy [au]:                          -40.423580121344

 ************************ 2023-02-04 11:47:57 *************************
 Executing ccsd...

 Allocation of 220.0 Gbytes of memory...

 Direct DF-CCSD(T) calculation
 
 Convergence criterion:  1.0E-06
 
 Number of occupied/virtual/auxiliary orbitals:     4   101   320
    163.36 MB is the minimal memory requirement for (T)
     39.40 MB is the minimal memory requirement for CCSD
 
 Reference energy [au]:             -40.215615412219
 T1 contribution [au]:                0.000000000000
 Same spin MP2 energy [au]:          -0.037360111709
 Opposite spin MP2 energy [au]:      -0.170610017793
 MP2 correlation energy [au]:        -0.207970129502
 Total MP2 energy [au]:             -40.423585541722
 MP2 correction [au]:                -0.003281563865
 
 
 CPU time [min]:     0.176                   Wall time [min]:     0.009
 
 Starting CCSD iterations...
 
                     Residual norm          Energy
 Iteration  1        0.138683171037      -40.436530575737
 Iteration  2        0.035377538111      -40.442054446154
 Iteration  3        0.009772640062      -40.442637266777
 Iteration  4        0.002021099656      -40.442641768796
 Iteration  5        0.000374945597      -40.442648282500
 Iteration  6        0.000084812194      -40.442648159204
 Iteration  7        0.000020227442      -40.442648849420
 Iteration  8        0.000003739470      -40.442648906411
 
 CCSD iteration has converged in  8 steps.
      444.29 MB memory was utilized by CCSD
 
 T1 diagnostic:      7.996E-03            D1 diagnostic:      1.291E-02
 
 T1 contribution [au]:                                  0.000000000000
 PPL energy contribution [au]:                          0.060603801738
 Scaled PPL energy contribution [au]:                   0.061560655793

 OS-PPL energy contribution [au]:                       0.053775301340
 Scaled OS-PPL energy contribution [au]:                0.054768423285
 SS-PPL energy contribution [au]:                       0.006828500399
 Scaled SS-PPL energy contribution [au]:                0.006852799982

 Opposite spin CCSD energy [au]:                       -0.191004696437
 Same spin CCSD energy [au]:                           -0.036035549308
 CCSD correlation energy [au]:                         -0.227040245746
 CCSD correlation energy + MP2 correction [au]:        -0.230321809611
 CCSD correlation energy + MP2 + PPL corr. [au]:       -0.229364955556
 Total CCSD energy [au]:                              -40.442655657965
 Total CCSD energy + MP2 correction [au]:             -40.445937221830
 Total CCSD energy + MP2 + PPL corr. [au]:            -40.444980367775
 
 CPU time [min]:     0.859                   Wall time [min]:     0.028
 
 Calculation of (T) correction...
 
 
      124.68 MB memory is utilized for (T)

 0%       25%       50%       75%       100%
 |---------|---------|---------|---------| 
 
 (T) correction [au]:                                    -0.006941965510
 (T*) correction [au]:                                   -0.007051502890
 (T+) correction [au]:                                   -0.007051096089
 CCSD(T) correlation energy [au]:                        -0.233982211256
 CCSD(T) correlation energy + MP2 correction [au]:       -0.237263775121
 CCSD(T+) correlation en. + MP2 + PPL corr. [au]:        -0.236416051645
 Total CCSD(T) energy [au]:                             -40.449597623475
 Total CCSD(T) energy + MP2 correction [au]:            -40.452879187340
 Total CCSD(T+) energy + MP2 + PPL corr. [au]:          -40.452031463865
 
 CPU time [min]:     0.943                   Wall time [min]:     0.030
 
 ************************ 2023-02-04 11:47:59 *************************
                      Normal termination of mrcc.
 **********************************************************************
