 **********************************************************************
                          MRCC program system
 **********************************************************************
 
                              Written by
     Mihaly Kallay, Peter R. Nagy, David Mester, Laszlo Gyevi-Nagy,
        Jozsef Csoka, P. Bernat Szabo, Zoltan Rolik, Gyula Samu,
     Jozsef Csontos, Bence Hegely, Adam Ganyecz, Istvan Ladjanszki,
       Lorant Szegedy, Bence Ladoczki, Klara Petrov, Mate Farkas,
                    Pal D. Mezei, and Reka A. Horvath
 
        Department of Physical Chemistry and Materials Science
            Budapest University of Technology and Economics
                  Budapest P.O.Box 91, H-1521 Hungary
 
                              www.mrcc.hu
 
                      Release date: March 18, 2022

 ************************ 2023-02-05 13:29:02 *************************
 Executing minp...

 Reading input from MINP...
 
 Input file:
 
calc=FNO-CCSD(T)
verbosity=3
mem=220GB
unit=angs
scfiguess=small
scfalg=locfit1
ccmaxit=400
ccsdalg=dfdirect
ccsdthreads=4
ccsdmkl=thr
ptthreads=4
lnoepsv=1e-5
naf_cor=1e-2
basis=aug-cc-pVTZ
basis_sm=def2-SVP
dfbasis_scf=def2-QZVPP-RI-JK
dfbasis_cor=aug-cc-pVTZ-RI
unit=angs
geom=xyz
16

C    34.41670262    34.07107264    10.41543014
C    33.11117461    33.45680459    10.91530835
H    34.24160149    35.00442132     9.86225048
H    34.94674030    33.36940783     9.75379242
H    35.10002891    34.30603621    11.24227357
H    32.42643037    33.26105434    10.07939442
H    32.59136835    34.12756100    11.61262818
H    33.28915165    32.50678735    11.43686767
C    28.86048160    36.18152134    10.40840413
C    30.16019719    35.56768136    10.92356358
H    28.33519739    35.47732643     9.74574003
H    29.04252993    37.11247849     9.85293887
H    28.16943746    36.42212532    11.22701403
H    30.85410596    35.37102181    10.09557036
H    29.97595347    34.61815933    11.44395536
H    30.67229494    36.23927251    11.62583355

--------------------Output has been truncated-------------------------


--------------------Output has been truncated-------------------------


--------------------Output has been truncated-------------------------


--------------------Output has been truncated-------------------------


--------------------Output has been truncated-------------------------


--------------------Output has been truncated-------------------------


--------------------Output has been truncated-------------------------


--------------------Output has been truncated-------------------------


--------------------Output has been truncated-------------------------


--------------------Output has been truncated-------------------------


 
 Reference energy [au]:                       -79.259561526968
 DF-MP2 singlet pair energy [au]:              -0.300436561823
 DF-MP2 triplet pair energy [au]:              -0.075053029451
 DF-SCS-MP2 correlation energy [au]:           -0.385541550671
 DF-SCS-MP2 energy [au]:                      -79.645103077639
 DF-SOS-MP2 correlation energy [au]:           -0.390567530370
 DF-SOS-MP2 energy [au]:                      -79.650129057338
 DF-MP2 correlation energy [au]:               -0.375489591274
 DF-MP2 energy [au]:                          -79.635051118242

 Results in FNO basis:
 
 
 Reference energy [au]:                       -79.259561526968
 DF-MP2 singlet pair energy [au]:              -0.299209298098
 DF-MP2 triplet pair energy [au]:              -0.074941772284
 DF-SCS-MP2 correlation energy [au]:           -0.384031748479
 DF-SCS-MP2 energy [au]:                      -79.643593275448
 DF-SOS-MP2 correlation energy [au]:           -0.388972087528
 DF-SOS-MP2 energy [au]:                      -79.648533614496
 DF-MP2 correlation energy [au]:               -0.374151070382
 DF-MP2 energy [au]:                          -79.633712597351

 Results in NAF basis:
 
 
 Reference energy [au]:                       -79.259561526968
 DF-MP2 singlet pair energy [au]:              -0.299147561562
 DF-MP2 triplet pair energy [au]:              -0.074980374032
 DF-SCS-MP2 correlation energy [au]:           -0.383970531885
 DF-SCS-MP2 energy [au]:                      -79.643532058854
 DF-SOS-MP2 correlation energy [au]:           -0.388891830031
 DF-SOS-MP2 energy [au]:                      -79.648453356999
 DF-MP2 correlation energy [au]:               -0.374127935594
 DF-MP2 energy [au]:                          -79.633689462562

 ************************ 2023-02-05 13:29:38 *************************
 Executing ccsd...

 Allocation of 220.0 Gbytes of memory...

 Direct DF-CCSD(T) calculation
 
 Convergence criterion:  1.0E-06
 
 Number of occupied/virtual/auxiliary orbitals:     7   139   379
    421.36 MB is the minimal memory requirement for (T)
     95.06 MB is the minimal memory requirement for CCSD
 
 Reference energy [au]:             -79.259561526968
 T1 contribution [au]:                0.000000000000
 Same spin MP2 energy [au]:          -0.074961013880
 Opposite spin MP2 energy [au]:      -0.299178258133
 MP2 correlation energy [au]:        -0.374139272013
 Total MP2 energy [au]:             -79.633700798981
 MP2 correction [au]:                -0.001350319261
 
 
 CPU time [min]:     0.318                   Wall time [min]:     0.018
 
 Starting CCSD iterations...
 
                     Residual norm          Energy
 Iteration  1        0.170757859716      -79.654620731631
 Iteration  2        0.042469653511      -79.664187044335
 Iteration  3        0.011306675247      -79.665144056071
 Iteration  4        0.002549673939      -79.665152414572
 Iteration  5        0.000536441138      -79.665157598812
 Iteration  6        0.000152139426      -79.665160666783
 Iteration  7        0.000036251120      -79.665160447083
 Iteration  8        0.000009243219      -79.665160740204
 
 CCSD iteration has converged in  8 steps.
     1534.73 MB memory was utilized by CCSD
 
 T1 diagnostic:      7.817E-03            D1 diagnostic:      1.354E-02
 
 T1 contribution [au]:                                  0.000000000000
 PPL energy contribution [au]:                          0.102972713274
 Scaled PPL energy contribution [au]:                   0.103349023190

 OS-PPL energy contribution [au]:                       0.090018556992
 Scaled OS-PPL energy contribution [au]:                0.090407229164
 SS-PPL energy contribution [au]:                       0.012954156282
 Scaled SS-PPL energy contribution [au]:                0.012966915478

 Opposite spin CCSD energy [au]:                       -0.334405610122
 Same spin CCSD energy [au]:                           -0.071212971782
 CCSD correlation energy [au]:                         -0.405618581904
 CCSD correlation energy + MP2 correction [au]:        -0.406968901165
 CCSD correlation energy + MP2 + PPL corr. [au]:       -0.406592591249
 Total CCSD energy [au]:                              -79.665180108872
 Total CCSD energy + MP2 correction [au]:             -79.666530428133
 Total CCSD energy + MP2 + PPL corr. [au]:            -79.666154118218
 
 CPU time [min]:     2.792                   Wall time [min]:     0.091
 
 Calculation of (T) correction...
 
 
      389.09 MB memory is utilized for (T)

 0%       25%       50%       75%       100%
 |---------|---------|---------|---------| 
 
 (T) correction [au]:                                    -0.013966920501
 (T*) correction [au]:                                   -0.014017329007
 (T+) correction [au]:                                   -0.014016744942
 CCSD(T) correlation energy [au]:                        -0.419585502405
 CCSD(T) correlation energy + MP2 correction [au]:       -0.420935821665
 CCSD(T+) correlation en. + MP2 + PPL corr. [au]:        -0.420609336191
 Total CCSD(T) energy [au]:                             -79.679147029373
 Total CCSD(T) energy + MP2 correction [au]:            -79.680497348634
 Total CCSD(T+) energy + MP2 + PPL corr. [au]:          -79.680170863160
 
 CPU time [min]:     3.503                   Wall time [min]:     0.116
 
 ************************ 2023-02-05 13:29:46 *************************
                      Normal termination of mrcc.
 **********************************************************************
