 **********************************************************************
                          MRCC program system
 **********************************************************************
 
                              Written by
     Mihaly Kallay, Peter R. Nagy, David Mester, Laszlo Gyevi-Nagy,
        Jozsef Csoka, P. Bernat Szabo, Zoltan Rolik, Gyula Samu,
     Jozsef Csontos, Bence Hegely, Adam Ganyecz, Istvan Ladjanszki,
       Lorant Szegedy, Bence Ladoczki, Klara Petrov, Mate Farkas,
                    Pal D. Mezei, and Reka A. Horvath
 
        Department of Physical Chemistry and Materials Science
            Budapest University of Technology and Economics
                  Budapest P.O.Box 91, H-1521 Hungary
 
                              www.mrcc.hu
 
                      Release date: March 18, 2022

 ************************ 2023-02-04 11:39:48 *************************
 Executing minp...

 Reading input from MINP...
 
 Input file:
 
calc=FNO-CCSD(T)
verbosity=3
mem=220GB
unit=angs
scfiguess=small
scfalg=locfit1
ccmaxit=400
ccsdalg=dfdirect
ccsdthreads=4
ccsdmkl=thr
ptthreads=4
lnoepsv=1e-5
naf_cor=1e-2
basis=aug-cc-pVTZ
basis_sm=def2-SVP
dfbasis_scf=def2-QZVPP-RI-JK
dfbasis_cor=aug-cc-pVTZ-RI
unit=angs
geom=xyz
10

C    29.54344629    29.54344629    16.97505516
H    29.54344670    30.44187631    17.60392580
H    29.54344662    28.64496649    17.60393442
H    30.44658454    29.54342777    16.34911135
H    28.64030918    29.54342779    16.34911130
C    25.32292329    46.42538405    16.97521401
H    26.22139350    46.42538423    17.60423123
H    24.42450361    46.42538426    17.60422237
H    25.32294208    47.32817192    16.34882774
H    25.32294206    45.52259727    16.34882693

--------------------Output has been truncated-------------------------


--------------------Output has been truncated-------------------------


--------------------Output has been truncated-------------------------


--------------------Output has been truncated-------------------------


--------------------Output has been truncated-------------------------


--------------------Output has been truncated-------------------------


--------------------Output has been truncated-------------------------


--------------------Output has been truncated-------------------------


--------------------Output has been truncated-------------------------


--------------------Output has been truncated-------------------------


 
 Reference energy [au]:                       -40.213014007175
 DF-MP2 singlet pair energy [au]:              -0.164418775943
 DF-MP2 triplet pair energy [au]:              -0.036594509223
 DF-SCS-MP2 correlation energy [au]:           -0.209500700873
 DF-SCS-MP2 energy [au]:                      -40.422514708048
 DF-SOS-MP2 correlation energy [au]:           -0.213744408726
 DF-SOS-MP2 energy [au]:                      -40.426758415901
 DF-MP2 correlation energy [au]:               -0.201013285166
 DF-MP2 energy [au]:                          -40.414027292341

 Results in FNO basis:
 
 
 Reference energy [au]:                       -40.213014007175
 DF-MP2 singlet pair energy [au]:              -0.163768538545
 DF-MP2 triplet pair energy [au]:              -0.036550753702
 DF-SCS-MP2 correlation energy [au]:           -0.208705830821
 DF-SCS-MP2 energy [au]:                      -40.421719837996
 DF-SOS-MP2 correlation energy [au]:           -0.212899100108
 DF-SOS-MP2 energy [au]:                      -40.425913107283
 DF-MP2 correlation energy [au]:               -0.200319292246
 DF-MP2 energy [au]:                          -40.413333299421

 Results in NAF basis:
 
 
 Reference energy [au]:                       -40.213014007175
 DF-MP2 singlet pair energy [au]:              -0.163734265816
 DF-MP2 triplet pair energy [au]:              -0.036570032083
 DF-SCS-MP2 correlation energy [au]:           -0.208671129673
 DF-SCS-MP2 energy [au]:                      -40.421685136848
 DF-SOS-MP2 correlation energy [au]:           -0.212854545560
 DF-SOS-MP2 energy [au]:                      -40.425868552736
 DF-MP2 correlation energy [au]:               -0.200304297899
 DF-MP2 energy [au]:                          -40.413318305074

 ************************ 2023-02-04 11:40:06 *************************
 Executing ccsd...

 Allocation of 220.0 Gbytes of memory...

 Direct DF-CCSD(T) calculation
 
 Convergence criterion:  1.0E-06
 
 Number of occupied/virtual/auxiliary orbitals:     4    83   221
     89.04 MB is the minimal memory requirement for (T)
     22.38 MB is the minimal memory requirement for CCSD
 
 Reference energy [au]:             -40.213014007175
 T1 contribution [au]:                0.000000000000
 Same spin MP2 energy [au]:          -0.036560365512
 Opposite spin MP2 energy [au]:      -0.163751320639
 MP2 correlation energy [au]:        -0.200311686151
 Total MP2 energy [au]:             -40.413325693326
 MP2 correction [au]:                -0.000701599015
 
 
 CPU time [min]:     0.058                   Wall time [min]:     0.003
 
 Starting CCSD iterations...
 
                     Residual norm          Energy
 Iteration  1        0.131886662109      -40.427793496564
 Iteration  2        0.033754329699      -40.433316472120
 Iteration  3        0.008181264771      -40.433782586961
 Iteration  4        0.001913828221      -40.433785189840
 Iteration  5        0.000362932773      -40.433792239483
 Iteration  6        0.000073614125      -40.433792372514
 Iteration  7        0.000017727601      -40.433792977727
 Iteration  8        0.000003099781      -40.433792995412
 
 CCSD iteration has converged in  8 steps.
      207.43 MB memory was utilized by CCSD
 
 T1 diagnostic:      7.475E-03            D1 diagnostic:      1.210E-02
 
 T1 contribution [au]:                                  0.000000000000
 PPL energy contribution [au]:                          0.057486885532
 Scaled PPL energy contribution [au]:                   0.057689913363

 OS-PPL energy contribution [au]:                       0.050871915637
 Scaled OS-PPL energy contribution [au]:                0.051084049875
 SS-PPL energy contribution [au]:                       0.006614969895
 Scaled SS-PPL energy contribution [au]:                0.006619533379

 Opposite spin CCSD energy [au]:                       -0.185468100173
 Same spin CCSD energy [au]:                           -0.035322322476
 CCSD correlation energy [au]:                         -0.220790422649
 CCSD correlation energy + MP2 correction [au]:        -0.221492021665
 CCSD correlation energy + MP2 + PPL corr. [au]:       -0.221288993833
 Total CCSD energy [au]:                              -40.433804429824
 Total CCSD energy + MP2 correction [au]:             -40.434506028840
 Total CCSD energy + MP2 + PPL corr. [au]:            -40.434303001008
 
 CPU time [min]:     0.385                   Wall time [min]:     0.013
 
 Calculation of (T) correction...
 
 
       67.65 MB memory is utilized for (T)

 0%       25%       50%       75%       100%
 |---------|---------|---------|---------| 
 
 (T) correction [au]:                                    -0.006568652035
 (T*) correction [au]:                                   -0.006591658980
 (T+) correction [au]:                                   -0.006591679133
 CCSD(T) correlation energy [au]:                        -0.227359074685
 CCSD(T) correlation energy + MP2 correction [au]:       -0.228060673700
 CCSD(T+) correlation en. + MP2 + PPL corr. [au]:        -0.227880672967
 Total CCSD(T) energy [au]:                             -40.440373081860
 Total CCSD(T) energy + MP2 correction [au]:            -40.441074680875
 Total CCSD(T+) energy + MP2 + PPL corr. [au]:          -40.440894680142
 
 CPU time [min]:     0.449                   Wall time [min]:     0.015
 
 ************************ 2023-02-04 11:40:07 *************************
                      Normal termination of mrcc.
 **********************************************************************
