 **********************************************************************
                          MRCC program system
 **********************************************************************
 
                              Written by
     Mihaly Kallay, Peter R. Nagy, David Mester, Laszlo Gyevi-Nagy,
        Jozsef Csoka, P. Bernat Szabo, Zoltan Rolik, Gyula Samu,
     Jozsef Csontos, Bence Hegely, Adam Ganyecz, Istvan Ladjanszki,
       Lorant Szegedy, Bence Ladoczki, Klara Petrov, Mate Farkas,
                    Pal D. Mezei, and Reka A. Horvath
 
        Department of Physical Chemistry and Materials Science
            Budapest University of Technology and Economics
                  Budapest P.O.Box 91, H-1521 Hungary
 
                              www.mrcc.hu
 
                      Release date: March 18, 2022

 ************************ 2023-02-04 11:40:11 *************************
 Executing minp...

 Reading input from MINP...
 
 Input file:
 
calc=FNO-CCSD(T)
verbosity=3
mem=220GB
unit=angs
scfiguess=small
scfalg=locfit1
ccmaxit=400
ccsdalg=dfdirect
ccsdthreads=4
ccsdmkl=thr
ptthreads=4
lnoepsv=1e-5
naf_cor=1e-2
basis=aug-cc-pVQZ
basis_sm=def2-SVP
dfbasis_scf=def2-QZVPP-RI-JK
dfbasis_cor=aug-cc-pVQZ-RI
unit=angs
geom=xyz
10

C    29.54344629    29.54344629    16.97505516
H    29.54344670    30.44187631    17.60392580
H    29.54344662    28.64496649    17.60393442
H    30.44658454    29.54342777    16.34911135
H    28.64030918    29.54342779    16.34911130
C    25.32292329    46.42538405    16.97521401
H    26.22139350    46.42538423    17.60423123
H    24.42450361    46.42538426    17.60422237
H    25.32294208    47.32817192    16.34882774
H    25.32294206    45.52259727    16.34882693

--------------------Output has been truncated-------------------------


--------------------Output has been truncated-------------------------


--------------------Output has been truncated-------------------------


--------------------Output has been truncated-------------------------


--------------------Output has been truncated-------------------------


--------------------Output has been truncated-------------------------


--------------------Output has been truncated-------------------------


--------------------Output has been truncated-------------------------


--------------------Output has been truncated-------------------------


--------------------Output has been truncated-------------------------


 
 Reference energy [au]:                       -40.215614173227
 DF-MP2 singlet pair energy [au]:              -0.173752856399
 DF-MP2 triplet pair energy [au]:              -0.037498360212
 DF-SCS-MP2 correlation energy [au]:           -0.221002881083
 DF-SCS-MP2 energy [au]:                      -40.436617054310
 DF-SOS-MP2 correlation energy [au]:           -0.225878713318
 DF-SOS-MP2 energy [au]:                      -40.441492886546
 DF-MP2 correlation energy [au]:               -0.211251216611
 DF-MP2 energy [au]:                          -40.426865389838

 Results in FNO basis:
 
 
 Reference energy [au]:                       -40.215614173227
 DF-MP2 singlet pair energy [au]:              -0.170618195523
 DF-MP2 triplet pair energy [au]:              -0.037357058508
 DF-SCS-MP2 correlation energy [au]:           -0.217194187464
 DF-SCS-MP2 energy [au]:                      -40.432808360692
 DF-SOS-MP2 correlation energy [au]:           -0.221803654180
 DF-SOS-MP2 energy [au]:                      -40.437417827408
 DF-MP2 correlation energy [au]:               -0.207975254032
 DF-MP2 energy [au]:                          -40.423589427259

 Results in NAF basis:
 
 
 Reference energy [au]:                       -40.215614173227
 DF-MP2 singlet pair energy [au]:              -0.170600636344
 DF-MP2 triplet pair energy [au]:              -0.037363751276
 DF-SCS-MP2 correlation energy [au]:           -0.217175347372
 DF-SCS-MP2 energy [au]:                      -40.432789520599
 DF-SOS-MP2 correlation energy [au]:           -0.221780827247
 DF-SOS-MP2 energy [au]:                      -40.437395000475
 DF-MP2 correlation energy [au]:               -0.207964387620
 DF-MP2 energy [au]:                          -40.423578560847

 ************************ 2023-02-04 11:40:46 *************************
 Executing ccsd...

 Allocation of 220.0 Gbytes of memory...

 Direct DF-CCSD(T) calculation
 
 Convergence criterion:  1.0E-06
 
 Number of occupied/virtual/auxiliary orbitals:     4   101   320
    163.36 MB is the minimal memory requirement for (T)
     39.40 MB is the minimal memory requirement for CCSD
 
 Reference energy [au]:             -40.215614173227
 T1 contribution [au]:                0.000000000000
 Same spin MP2 energy [au]:          -0.037360400444
 Opposite spin MP2 energy [au]:      -0.170609406142
 MP2 correlation energy [au]:        -0.207969806586
 Total MP2 energy [au]:             -40.423583979814
 MP2 correction [au]:                -0.003281410025
 
 
 CPU time [min]:     0.175                   Wall time [min]:     0.008
 
 Starting CCSD iterations...
 
                     Residual norm          Energy
 Iteration  1        0.138680876861      -40.436528969673
 Iteration  2        0.035376072724      -40.442052522883
 Iteration  3        0.009771738433      -40.442635243419
 Iteration  4        0.002020926838      -40.442639742529
 Iteration  5        0.000374897528      -40.442646253355
 Iteration  6        0.000084797657      -40.442646130111
 Iteration  7        0.000020223470      -40.442646820140
 Iteration  8        0.000003738677      -40.442646877088
 
 CCSD iteration has converged in  8 steps.
      444.29 MB memory was utilized by CCSD
 
 T1 diagnostic:      7.996E-03            D1 diagnostic:      1.292E-02
 
 T1 contribution [au]:                                  0.000000000000
 PPL energy contribution [au]:                          0.060602205487
 Scaled PPL energy contribution [au]:                   0.061558990321

 OS-PPL energy contribution [au]:                       0.053773709617
 Scaled OS-PPL energy contribution [au]:                0.054766757249
 SS-PPL energy contribution [au]:                       0.006828495871
 Scaled SS-PPL energy contribution [au]:                0.006852794544

 Opposite spin CCSD energy [au]:                       -0.191003418101
 Same spin CCSD energy [au]:                           -0.036036035463
 CCSD correlation energy [au]:                         -0.227039453563
 CCSD correlation energy + MP2 correction [au]:        -0.230320863588
 CCSD correlation energy + MP2 + PPL corr. [au]:       -0.229364078753
 Total CCSD energy [au]:                              -40.442653626791
 Total CCSD energy + MP2 correction [au]:             -40.445935036815
 Total CCSD energy + MP2 + PPL corr. [au]:            -40.444978251981
 
 CPU time [min]:     0.911                   Wall time [min]:     0.029
 
 Calculation of (T) correction...
 
 
      124.68 MB memory is utilized for (T)

 0%       25%       50%       75%       100%
 |---------|---------|---------|---------| 
 
 (T) correction [au]:                                    -0.006941734308
 (T*) correction [au]:                                   -0.007051263075
 (T+) correction [au]:                                   -0.007050856056
 CCSD(T) correlation energy [au]:                        -0.233981187871
 CCSD(T) correlation energy + MP2 correction [au]:       -0.237262597896
 CCSD(T+) correlation en. + MP2 + PPL corr. [au]:        -0.236414934810
 Total CCSD(T) energy [au]:                             -40.449595361099
 Total CCSD(T) energy + MP2 correction [au]:            -40.452876771123
 Total CCSD(T+) energy + MP2 + PPL corr. [au]:          -40.452029108037
 
 CPU time [min]:     0.991                   Wall time [min]:     0.031
 
 ************************ 2023-02-04 11:40:48 *************************
                      Normal termination of mrcc.
 **********************************************************************
