 **********************************************************************
                          MRCC program system
 **********************************************************************
 
                              Written by
     Mihaly Kallay, Peter R. Nagy, David Mester, Laszlo Gyevi-Nagy,
        Jozsef Csoka, P. Bernat Szabo, Zoltan Rolik, Gyula Samu,
     Jozsef Csontos, Bence Hegely, Adam Ganyecz, Istvan Ladjanszki,
       Lorant Szegedy, Bence Ladoczki, Klara Petrov, Mate Farkas,
                    Pal D. Mezei, and Reka A. Horvath
 
        Department of Physical Chemistry and Materials Science
            Budapest University of Technology and Economics
                  Budapest P.O.Box 91, H-1521 Hungary
 
                              www.mrcc.hu
 
                      Release date: March 18, 2022

 ************************ 2023-02-05 13:28:58 *************************
 Executing minp...

 Reading input from MINP...
 
 Input file:
 
calc=FNO-CCSD(T)
verbosity=3
mem=220GB
unit=angs
scfiguess=small
scfalg=locfit1
ccmaxit=400
ccsdalg=dfdirect
ccsdthreads=4
ccsdmkl=thr
ptthreads=4
lnoepsv=1e-5
naf_cor=1e-2
basis=aug-cc-pVQZ
basis_sm=def2-SVP
dfbasis_scf=def2-QZVPP-RI-JK
dfbasis_cor=aug-cc-pVQZ-RI
unit=angs
geom=xyz
16

C    34.41670262    34.07107264    10.41543014
C    33.11117461    33.45680459    10.91530835
H    34.24160149    35.00442132     9.86225048
H    34.94674030    33.36940783     9.75379242
H    35.10002891    34.30603621    11.24227357
H    32.42643037    33.26105434    10.07939442
H    32.59136835    34.12756100    11.61262818
H    33.28915165    32.50678735    11.43686767
C    25.97573568    29.85060628    10.41548088
C    24.67017836    29.23631074    10.91529140
H    25.80053312    30.78404540     9.86250154
H    26.50570813    29.14873389     9.75399090
H    26.65931845    30.08569049    11.24209422
H    23.98530395    29.04041272    10.07951373
H    24.15034095    29.90724332    11.61243196
H    24.84823997    28.28620799    11.43663402

--------------------Output has been truncated-------------------------


--------------------Output has been truncated-------------------------


--------------------Output has been truncated-------------------------


--------------------Output has been truncated-------------------------


--------------------Output has been truncated-------------------------


--------------------Output has been truncated-------------------------


--------------------Output has been truncated-------------------------


--------------------Output has been truncated-------------------------


--------------------Output has been truncated-------------------------


--------------------Output has been truncated-------------------------


 
 Reference energy [au]:                       -79.264437786433
 DF-MP2 singlet pair energy [au]:              -0.317723756332
 DF-MP2 triplet pair energy [au]:              -0.076906457199
 DF-SCS-MP2 correlation energy [au]:           -0.406903993331
 DF-SCS-MP2 energy [au]:                      -79.671341779764
 DF-SOS-MP2 correlation energy [au]:           -0.413040883232
 DF-SOS-MP2 energy [au]:                      -79.677478669665
 DF-MP2 correlation energy [au]:               -0.394630213531
 DF-MP2 energy [au]:                          -79.659067999964

 Results in FNO basis:
 
 
 Reference energy [au]:                       -79.264437786433
 DF-MP2 singlet pair energy [au]:              -0.312549463545
 DF-MP2 triplet pair energy [au]:              -0.076620532896
 DF-SCS-MP2 correlation energy [au]:           -0.400599533886
 DF-SCS-MP2 energy [au]:                      -79.665037320319
 DF-SOS-MP2 correlation energy [au]:           -0.406314302608
 DF-SOS-MP2 energy [au]:                      -79.670752089041
 DF-MP2 correlation energy [au]:               -0.389169996441
 DF-MP2 energy [au]:                          -79.653607782874

 Results in NAF basis:
 
 
 Reference energy [au]:                       -79.264437786433
 DF-MP2 singlet pair energy [au]:              -0.312528492749
 DF-MP2 triplet pair energy [au]:              -0.076628540566
 DF-SCS-MP2 correlation energy [au]:           -0.400577038155
 DF-SCS-MP2 energy [au]:                      -79.665014824587
 DF-SOS-MP2 correlation energy [au]:           -0.406287040574
 DF-SOS-MP2 energy [au]:                      -79.670724827007
 DF-MP2 correlation energy [au]:               -0.389157033315
 DF-MP2 energy [au]:                          -79.653594819748

 ************************ 2023-02-05 13:30:35 *************************
 Executing ccsd...

 Allocation of 220.0 Gbytes of memory...

 Direct DF-CCSD(T) calculation
 
 Convergence criterion:  1.0E-06
 
 Number of occupied/virtual/auxiliary orbitals:     7   175   551
    851.32 MB is the minimal memory requirement for (T)
    190.43 MB is the minimal memory requirement for CCSD
 
 Reference energy [au]:             -79.264437786433
 T1 contribution [au]:                0.000000000000
 Same spin MP2 energy [au]:          -0.076624534165
 Opposite spin MP2 energy [au]:      -0.312538973437
 MP2 correlation energy [au]:        -0.389163507602
 Total MP2 energy [au]:             -79.653601294035
 MP2 correction [au]:                -0.005466705929
 
 
 CPU time [min]:     0.405                   Wall time [min]:     0.050
 
 Starting CCSD iterations...
 
                     Residual norm          Energy
 Iteration  1        0.179604761412      -79.671514076336
 Iteration  2        0.044511463812      -79.681096234357
 Iteration  3        0.013089906302      -79.682231970604
 Iteration  4        0.002650279386      -79.682239193281
 Iteration  5        0.000560964503      -79.682245058996
 Iteration  6        0.000156930106      -79.682247109993
 Iteration  7        0.000037095581      -79.682246884961
 Iteration  8        0.000009998511      -79.682247248872
 
 CCSD iteration has converged in  8 steps.
     3804.92 MB memory was utilized by CCSD
 
 T1 diagnostic:      8.231E-03            D1 diagnostic:      1.428E-02
 
 T1 contribution [au]:                                  0.000000000000
 PPL energy contribution [au]:                          0.108935765955
 Scaled PPL energy contribution [au]:                   0.110475707907

 OS-PPL energy contribution [au]:                       0.095542525114
 Scaled OS-PPL energy contribution [au]:                0.097137656318
 SS-PPL energy contribution [au]:                       0.013393240841
 Scaled SS-PPL energy contribution [au]:                0.013441325417

 Opposite spin CCSD energy [au]:                       -0.345140690717
 Same spin CCSD energy [au]:                           -0.072676528069
 CCSD correlation energy [au]:                         -0.417817218786
 CCSD correlation energy + MP2 correction [au]:        -0.423283924715
 CCSD correlation energy + MP2 + PPL corr. [au]:       -0.421743982763
 Total CCSD energy [au]:                              -79.682255005219
 Total CCSD energy + MP2 correction [au]:             -79.687721711148
 Total CCSD energy + MP2 + PPL corr. [au]:            -79.686181769196
 
 CPU time [min]:     6.439                   Wall time [min]:     0.236
 
 Calculation of (T) correction...
 
 
      783.34 MB memory is utilized for (T)

 0%       25%       50%       75%       100%
 |---------|---------|---------|---------| 
 
 (T) correction [au]:                                    -0.014762722716
 (T*) correction [au]:                                   -0.014970099467
 (T+) correction [au]:                                   -0.014966568188
 CCSD(T) correlation energy [au]:                        -0.432579941502
 CCSD(T) correlation energy + MP2 correction [au]:       -0.438046647431
 CCSD(T+) correlation en. + MP2 + PPL corr. [au]:        -0.436710550951
 Total CCSD(T) energy [au]:                             -79.697017727935
 Total CCSD(T) energy + MP2 correction [au]:            -79.702484433864
 Total CCSD(T+) energy + MP2 + PPL corr. [au]:          -79.701148337384
 
 CPU time [min]:     8.148                   Wall time [min]:     0.293
 
 ************************ 2023-02-05 13:30:53 *************************
                      Normal termination of mrcc.
 **********************************************************************
