 **********************************************************************
                          MRCC program system
 **********************************************************************
 
                              Written by
     Mihaly Kallay, Peter R. Nagy, David Mester, Laszlo Gyevi-Nagy,
        Jozsef Csoka, P. Bernat Szabo, Zoltan Rolik, Gyula Samu,
     Jozsef Csontos, Bence Hegely, Adam Ganyecz, Istvan Ladjanszki,
       Lorant Szegedy, Bence Ladoczki, Klara Petrov, Mate Farkas,
                    Pal D. Mezei, and Reka A. Horvath
 
        Department of Physical Chemistry and Materials Science
            Budapest University of Technology and Economics
                  Budapest P.O.Box 91, H-1521 Hungary
 
                              www.mrcc.hu
 
                      Release date: March 18, 2022

 ************************ 2023-02-05 13:28:53 *************************
 Executing minp...

 Reading input from MINP...
 
 Input file:
 
calc=FNO-CCSD(T)
verbosity=3
mem=220GB
unit=angs
scfiguess=small
scfalg=locfit1
ccmaxit=400
ccsdalg=dfdirect
ccsdthreads=4
ccsdmkl=thr
ptthreads=4
lnoepsv=1e-5
naf_cor=1e-2
basis=aug-cc-pVTZ
basis_sm=def2-SVP
dfbasis_scf=def2-QZVPP-RI-JK
dfbasis_cor=aug-cc-pVTZ-RI
unit=angs
geom=xyz
16

C    34.41670262    34.07107264    10.41543014
C    33.11117461    33.45680459    10.91530835
H    34.24160149    35.00442132     9.86225048
H    34.94674030    33.36940783     9.75379242
H    35.10002891    34.30603621    11.24227357
H    32.42643037    33.26105434    10.07939442
H    32.59136835    34.12756100    11.61262818
H    33.28915165    32.50678735    11.43686767
C    25.97573568    29.85060628    10.41548088
C    24.67017836    29.23631074    10.91529140
H    25.80053312    30.78404540     9.86250154
H    26.50570813    29.14873389     9.75399090
H    26.65931845    30.08569049    11.24209422
H    23.98530395    29.04041272    10.07951373
H    24.15034095    29.90724332    11.61243196
H    24.84823997    28.28620799    11.43663402

--------------------Output has been truncated-------------------------


--------------------Output has been truncated-------------------------


--------------------Output has been truncated-------------------------


--------------------Output has been truncated-------------------------


--------------------Output has been truncated-------------------------


--------------------Output has been truncated-------------------------


--------------------Output has been truncated-------------------------


--------------------Output has been truncated-------------------------


--------------------Output has been truncated-------------------------


--------------------Output has been truncated-------------------------


 
 Reference energy [au]:                       -79.259551407029
 DF-MP2 singlet pair energy [au]:              -0.300257925258
 DF-MP2 triplet pair energy [au]:              -0.075031938229
 DF-SCS-MP2 correlation energy [au]:           -0.385320156386
 DF-SCS-MP2 energy [au]:                      -79.644871563416
 DF-SOS-MP2 correlation energy [au]:           -0.390335302836
 DF-SOS-MP2 energy [au]:                      -79.649886709865
 DF-MP2 correlation energy [au]:               -0.375289863487
 DF-MP2 energy [au]:                          -79.634841270517

 Results in FNO basis:
 
 
 Reference energy [au]:                       -79.259551407029
 DF-MP2 singlet pair energy [au]:              -0.299086840447
 DF-MP2 triplet pair energy [au]:              -0.074925606820
 DF-SCS-MP2 correlation energy [au]:           -0.383879410810
 DF-SCS-MP2 energy [au]:                      -79.643430817839
 DF-SOS-MP2 correlation energy [au]:           -0.388812892582
 DF-SOS-MP2 energy [au]:                      -79.648364299611
 DF-MP2 correlation energy [au]:               -0.374012447267
 DF-MP2 energy [au]:                          -79.633563854297

 Results in NAF basis:
 
 
 Reference energy [au]:                       -79.259551407029
 DF-MP2 singlet pair energy [au]:              -0.299026071881
 DF-MP2 triplet pair energy [au]:              -0.074964659106
 DF-SCS-MP2 correlation energy [au]:           -0.383819505960
 DF-SCS-MP2 energy [au]:                      -79.643370912989
 DF-SOS-MP2 correlation energy [au]:           -0.388733893446
 DF-SOS-MP2 energy [au]:                      -79.648285300475
 DF-MP2 correlation energy [au]:               -0.373990730987
 DF-MP2 energy [au]:                          -79.633542138017

 ************************ 2023-02-05 13:29:25 *************************
 Executing ccsd...

 Allocation of 220.0 Gbytes of memory...

 Direct DF-CCSD(T) calculation
 
 Convergence criterion:  1.0E-06
 
 Number of occupied/virtual/auxiliary orbitals:     7   139   378
    421.21 MB is the minimal memory requirement for (T)
     94.89 MB is the minimal memory requirement for CCSD
 
 Reference energy [au]:             -79.259551407029
 T1 contribution [au]:                0.000000000000
 Same spin MP2 energy [au]:          -0.074945073765
 Opposite spin MP2 energy [au]:      -0.299056285315
 MP2 correlation energy [au]:        -0.374001359080
 Total MP2 energy [au]:             -79.633552766109
 MP2 correction [au]:                -0.001288504407
 
 
 CPU time [min]:     0.318                   Wall time [min]:     0.017
 
 Starting CCSD iterations...
 
                     Residual norm          Energy
 Iteration  1        0.170712767275      -79.654481297506
 Iteration  2        0.042453761283      -79.664046270265
 Iteration  3        0.011296677005      -79.665002326035
 Iteration  4        0.002548556930      -79.665010644762
 Iteration  5        0.000536665522      -79.665015850581
 Iteration  6        0.000152291927      -79.665018928406
 Iteration  7        0.000036257834      -79.665018713112
 Iteration  8        0.000009249079      -79.665019004745
 
 CCSD iteration has converged in  8 steps.
     1534.57 MB memory was utilized by CCSD
 
 T1 diagnostic:      7.817E-03            D1 diagnostic:      1.353E-02
 
 T1 contribution [au]:                                  0.000000000000
 PPL energy contribution [au]:                          0.102912804362
 Scaled PPL energy contribution [au]:                   0.103271791996

 OS-PPL energy contribution [au]:                       0.089962471109
 Scaled OS-PPL energy contribution [au]:                0.090333839453
 SS-PPL energy contribution [au]:                       0.012950333253
 Scaled SS-PPL energy contribution [au]:                0.012962170088

 Opposite spin CCSD energy [au]:                       -0.334286884482
 Same spin CCSD energy [au]:                           -0.071199400968
 CCSD correlation energy [au]:                         -0.405486285450
 CCSD correlation energy + MP2 correction [au]:        -0.406774789858
 CCSD correlation energy + MP2 + PPL corr. [au]:       -0.406415802223
 Total CCSD energy [au]:                              -79.665037692480
 Total CCSD energy + MP2 correction [au]:             -79.666326196887
 Total CCSD energy + MP2 + PPL corr. [au]:            -79.665967209253
 
 CPU time [min]:     2.809                   Wall time [min]:     0.090
 
 Calculation of (T) correction...
 
 
      388.93 MB memory is utilized for (T)

 0%       25%       50%       75%       100%
 |---------|---------|---------|---------| 
 
 (T) correction [au]:                                    -0.013959085678
 (T*) correction [au]:                                   -0.014007177331
 (T+) correction [au]:                                   -0.014006594979
 CCSD(T) correlation energy [au]:                        -0.419445371128
 CCSD(T) correlation energy + MP2 correction [au]:       -0.420733875536
 CCSD(T+) correlation en. + MP2 + PPL corr. [au]:        -0.420422397202
 Total CCSD(T) energy [au]:                             -79.678996778158
 Total CCSD(T) energy + MP2 correction [au]:            -79.680285282565
 Total CCSD(T+) energy + MP2 + PPL corr. [au]:          -79.679973804232
 
 CPU time [min]:     3.510                   Wall time [min]:     0.112
 
 ************************ 2023-02-05 13:29:32 *************************
                      Normal termination of mrcc.
 **********************************************************************
