 **********************************************************************
                          MRCC program system
 **********************************************************************
 
                              Written by
     Mihaly Kallay, Peter R. Nagy, David Mester, Laszlo Gyevi-Nagy,
        Jozsef Csoka, P. Bernat Szabo, Zoltan Rolik, Gyula Samu,
     Jozsef Csontos, Bence Hegely, Adam Ganyecz, Istvan Ladjanszki,
       Lorant Szegedy, Bence Ladoczki, Klara Petrov, Mate Farkas,
                    Pal D. Mezei, and Reka A. Horvath
 
        Department of Physical Chemistry and Materials Science
            Budapest University of Technology and Economics
                  Budapest P.O.Box 91, H-1521 Hungary
 
                              www.mrcc.hu
 
                      Release date: March 18, 2022

 ************************ 2023-02-05 13:22:25 *************************
 Executing minp...

 Reading input from MINP...
 
 Input file:
 
calc=FNO-CCSD(T)
verbosity=3
mem=220GB
unit=angs
scfiguess=small
scfalg=locfit1
ccmaxit=400
ccsdalg=dfdirect
ccsdthreads=4
ccsdmkl=thr
ptthreads=4
lnoepsv=1e-5
naf_cor=1e-2
basis=aug-cc-pVQZ
basis_sm=def2-SVP
dfbasis_scf=def2-QZVPP-RI-JK
dfbasis_cor=aug-cc-pVQZ-RI
unit=angs
geom=xyz
16

C    34.41670262    34.07107264    10.41543014
C    33.11117461    33.45680459    10.91530835
H    34.24160149    35.00442132     9.86225048
H    34.94674030    33.36940783     9.75379242
H    35.10002891    34.30603621    11.24227357
H    32.42643037    33.26105434    10.07939442
H    32.59136835    34.12756100    11.61262818
H    33.28915165    32.50678735    11.43686767
C    51.29868965    29.85060628    10.41548088
C    49.99313232    29.23631074    10.91529140
H    51.12348708    30.78404540     9.86250154
H    51.82866209    29.14873389     9.75399090
H    51.98227241    30.08569049    11.24209422
H    49.30825791    29.04041272    10.07951373
H    49.47329492    29.90724332    11.61243196
H    50.17119393    28.28620799    11.43663402

--------------------Output has been truncated-------------------------


--------------------Output has been truncated-------------------------


--------------------Output has been truncated-------------------------


--------------------Output has been truncated-------------------------


--------------------Output has been truncated-------------------------


--------------------Output has been truncated-------------------------


--------------------Output has been truncated-------------------------


--------------------Output has been truncated-------------------------


--------------------Output has been truncated-------------------------


--------------------Output has been truncated-------------------------


 
 Reference energy [au]:                       -79.264437034607
 DF-MP2 singlet pair energy [au]:              -0.317722280609
 DF-MP2 triplet pair energy [au]:              -0.076906314999
 DF-SCS-MP2 correlation energy [au]:           -0.406902175064
 DF-SCS-MP2 energy [au]:                      -79.671339209670
 DF-SOS-MP2 correlation energy [au]:           -0.413038964791
 DF-SOS-MP2 energy [au]:                      -79.677475999398
 DF-MP2 correlation energy [au]:               -0.394628595608
 DF-MP2 energy [au]:                          -79.659065630214

 Results in FNO basis:
 
 
 Reference energy [au]:                       -79.264437034607
 DF-MP2 singlet pair energy [au]:              -0.312548720416
 DF-MP2 triplet pair energy [au]:              -0.076620433977
 DF-SCS-MP2 correlation energy [au]:           -0.400598609158
 DF-SCS-MP2 energy [au]:                      -79.665035643765
 DF-SOS-MP2 correlation energy [au]:           -0.406313336541
 DF-SOS-MP2 energy [au]:                      -79.670750371147
 DF-MP2 correlation energy [au]:               -0.389169154393
 DF-MP2 energy [au]:                          -79.653606189000

 Results in NAF basis:
 
 
 Reference energy [au]:                       -79.264437034607
 DF-MP2 singlet pair energy [au]:              -0.312527758205
 DF-MP2 triplet pair energy [au]:              -0.076628440460
 DF-SCS-MP2 correlation energy [au]:           -0.400576123333
 DF-SCS-MP2 energy [au]:                      -79.665013157939
 DF-SOS-MP2 correlation energy [au]:           -0.406286085666
 DF-SOS-MP2 energy [au]:                      -79.670723120273
 DF-MP2 correlation energy [au]:               -0.389156198665
 DF-MP2 energy [au]:                          -79.653593233272

 ************************ 2023-02-05 13:23:50 *************************
 Executing ccsd...

 Allocation of 220.0 Gbytes of memory...

 Direct DF-CCSD(T) calculation
 
 Convergence criterion:  1.0E-06
 
 Number of occupied/virtual/auxiliary orbitals:     7   175   551
    851.32 MB is the minimal memory requirement for (T)
    190.43 MB is the minimal memory requirement for CCSD
 
 Reference energy [au]:             -79.264437034607
 T1 contribution [au]:                0.000000000000
 Same spin MP2 energy [au]:          -0.076624434656
 Opposite spin MP2 energy [au]:      -0.312538234603
 MP2 correlation energy [au]:        -0.389162669259
 Total MP2 energy [au]:             -79.653599703865
 MP2 correction [au]:                -0.005465926349
 
 
 CPU time [min]:     0.401                   Wall time [min]:     0.050
 
 Starting CCSD iterations...
 
                     Residual norm          Energy
 Iteration  1        0.179604437297      -79.671512630442
 Iteration  2        0.044511305363      -79.681094792267
 Iteration  3        0.013089806705      -79.682230516380
 Iteration  4        0.002650289292      -79.682237739071
 Iteration  5        0.000560968229      -79.682243604323
 Iteration  6        0.000156931252      -79.682245655176
 Iteration  7        0.000037096191      -79.682245430121
 Iteration  8        0.000009998706      -79.682245794009
 
 CCSD iteration has converged in  8 steps.
     3804.92 MB memory was utilized by CCSD
 
 T1 diagnostic:      8.231E-03            D1 diagnostic:      1.428E-02
 
 T1 contribution [au]:                                  0.000000000000
 PPL energy contribution [au]:                          0.108935349481
 Scaled PPL energy contribution [au]:                   0.110475070155

 OS-PPL energy contribution [au]:                       0.095542144841
 Scaled OS-PPL energy contribution [au]:                0.097137047544
 SS-PPL energy contribution [au]:                       0.013393204640
 Scaled SS-PPL energy contribution [au]:                0.013441281656

 Opposite spin CCSD energy [au]:                       -0.345140079583
 Same spin CCSD energy [au]:                           -0.072676432634
 CCSD correlation energy [au]:                         -0.417816512217
 CCSD correlation energy + MP2 correction [au]:        -0.423282438566
 CCSD correlation energy + MP2 + PPL corr. [au]:       -0.421742717892
 Total CCSD energy [au]:                              -79.682253546824
 Total CCSD energy + MP2 correction [au]:             -79.687719473173
 Total CCSD energy + MP2 + PPL corr. [au]:            -79.686179752499
 
 CPU time [min]:     6.539                   Wall time [min]:     0.239
 
 Calculation of (T) correction...
 
 
      783.34 MB memory is utilized for (T)

 0%       25%       50%       75%       100%
 |---------|---------|---------|---------| 
 
 (T) correction [au]:                                    -0.014762649648
 (T*) correction [au]:                                   -0.014969996247
 (T+) correction [au]:                                   -0.014966464816
 CCSD(T) correlation energy [au]:                        -0.432579161865
 CCSD(T) correlation energy + MP2 correction [au]:       -0.438045088214
 CCSD(T+) correlation en. + MP2 + PPL corr. [au]:        -0.436709182708
 Total CCSD(T) energy [au]:                             -79.697016196472
 Total CCSD(T) energy + MP2 correction [au]:            -79.702482122821
 Total CCSD(T+) energy + MP2 + PPL corr. [au]:          -79.701146217315
 
 CPU time [min]:     8.230                   Wall time [min]:     0.295
 
 ************************ 2023-02-05 13:24:08 *************************
                      Normal termination of mrcc.
 **********************************************************************
