 **********************************************************************
                          MRCC program system
 **********************************************************************
 
                              Written by
     Mihaly Kallay, Peter R. Nagy, David Mester, Laszlo Gyevi-Nagy,
        Jozsef Csoka, P. Bernat Szabo, Zoltan Rolik, Gyula Samu,
     Jozsef Csontos, Bence Hegely, Adam Ganyecz, Istvan Ladjanszki,
       Lorant Szegedy, Bence Ladoczki, Klara Petrov, Mate Farkas,
                    Pal D. Mezei, and Reka A. Horvath
 
        Department of Physical Chemistry and Materials Science
            Budapest University of Technology and Economics
                  Budapest P.O.Box 91, H-1521 Hungary
 
                              www.mrcc.hu
 
                      Release date: March 18, 2022

 ************************ 2023-02-05 13:22:22 *************************
 Executing minp...

 Reading input from MINP...
 
 Input file:
 
calc=FNO-CCSD(T)
verbosity=3
mem=220GB
unit=angs
scfiguess=small
scfalg=locfit1
ccmaxit=400
ccsdalg=dfdirect
ccsdthreads=4
ccsdmkl=thr
ptthreads=4
lnoepsv=1e-5
naf_cor=1e-2
basis=aug-cc-pVTZ
basis_sm=def2-SVP
dfbasis_scf=def2-QZVPP-RI-JK
dfbasis_cor=aug-cc-pVTZ-RI
unit=angs
geom=xyz
16

C    34.41670262    34.07107264    10.41543014
C    33.11117461    33.45680459    10.91530835
H    34.24160149    35.00442132     9.86225048
H    34.94674030    33.36940783     9.75379242
H    35.10002891    34.30603621    11.24227357
H    32.42643037    33.26105434    10.07939442
H    32.59136835    34.12756100    11.61262818
H    33.28915165    32.50678735    11.43686767
C    51.29868965    29.85060628    10.41548088
C    49.99313232    29.23631074    10.91529140
H    51.12348708    30.78404540     9.86250154
H    51.82866209    29.14873389     9.75399090
H    51.98227241    30.08569049    11.24209422
H    49.30825791    29.04041272    10.07951373
H    49.47329492    29.90724332    11.61243196
H    50.17119393    28.28620799    11.43663402

--------------------Output has been truncated-------------------------


--------------------Output has been truncated-------------------------


--------------------Output has been truncated-------------------------


--------------------Output has been truncated-------------------------


--------------------Output has been truncated-------------------------


--------------------Output has been truncated-------------------------


--------------------Output has been truncated-------------------------


--------------------Output has been truncated-------------------------


--------------------Output has been truncated-------------------------


--------------------Output has been truncated-------------------------


 
 Reference energy [au]:                       -79.259550503391
 DF-MP2 singlet pair energy [au]:              -0.300254289874
 DF-MP2 triplet pair energy [au]:              -0.075031442230
 DF-SCS-MP2 correlation energy [au]:           -0.385315628592
 DF-SCS-MP2 energy [au]:                      -79.644866131983
 DF-SOS-MP2 correlation energy [au]:           -0.390330576836
 DF-SOS-MP2 energy [au]:                      -79.649881080227
 DF-MP2 correlation energy [au]:               -0.375285732104
 DF-MP2 energy [au]:                          -79.634836235496

 Results in FNO basis:
 
 
 Reference energy [au]:                       -79.259550503391
 DF-MP2 singlet pair energy [au]:              -0.299084107746
 DF-MP2 triplet pair energy [au]:              -0.074925176409
 DF-SCS-MP2 correlation energy [au]:           -0.383875988098
 DF-SCS-MP2 energy [au]:                      -79.643426491489
 DF-SOS-MP2 correlation energy [au]:           -0.388809340070
 DF-SOS-MP2 energy [au]:                      -79.648359843461
 DF-MP2 correlation energy [au]:               -0.374009284155
 DF-MP2 energy [au]:                          -79.633559787546

 Results in NAF basis:
 
 
 Reference energy [au]:                       -79.259550503391
 DF-MP2 singlet pair energy [au]:              -0.299023376672
 DF-MP2 triplet pair energy [au]:              -0.074964220865
 DF-SCS-MP2 correlation energy [au]:           -0.383816125628
 DF-SCS-MP2 energy [au]:                      -79.643366629019
 DF-SOS-MP2 correlation energy [au]:           -0.388730389673
 DF-SOS-MP2 energy [au]:                      -79.648280893064
 DF-MP2 correlation energy [au]:               -0.373987597537
 DF-MP2 energy [au]:                          -79.633538100928

 ************************ 2023-02-05 13:22:51 *************************
 Executing ccsd...

 Allocation of 220.0 Gbytes of memory...

 Direct DF-CCSD(T) calculation
 
 Convergence criterion:  1.0E-06
 
 Number of occupied/virtual/auxiliary orbitals:     7   139   378
    421.21 MB is the minimal memory requirement for (T)
     94.89 MB is the minimal memory requirement for CCSD
 
 Reference energy [au]:             -79.259550503391
 T1 contribution [au]:                0.000000000000
 Same spin MP2 energy [au]:          -0.074944639457
 Opposite spin MP2 energy [au]:      -0.299053571393
 MP2 correlation energy [au]:        -0.373998210850
 Total MP2 energy [au]:             -79.633548714241
 MP2 correction [au]:                -0.001287521254
 
 
 CPU time [min]:     0.315                   Wall time [min]:     0.016
 
 Starting CCSD iterations...
 
                     Residual norm          Energy
 Iteration  1        0.170712144314      -79.654477276489
 Iteration  2        0.042453498639      -79.664042193869
 Iteration  3        0.011296535504      -79.664998239884
 Iteration  4        0.002548541600      -79.665006561540
 Iteration  5        0.000536665450      -79.665011768273
 Iteration  6        0.000152292044      -79.665014845904
 Iteration  7        0.000036257619      -79.665014630616
 Iteration  8        0.000009249088      -79.665014922252
 
 CCSD iteration has converged in  8 steps.
     1534.57 MB memory was utilized by CCSD
 
 T1 diagnostic:      7.816E-03            D1 diagnostic:      1.353E-02
 
 T1 contribution [au]:                                  0.000000000000
 PPL energy contribution [au]:                          0.102911446967
 Scaled PPL energy contribution [au]:                   0.103270156618

 OS-PPL energy contribution [au]:                       0.089961249501
 Scaled OS-PPL energy contribution [au]:                0.090332331843
 SS-PPL energy contribution [au]:                       0.012950197466
 Scaled SS-PPL energy contribution [au]:                0.012962024195

 Opposite spin CCSD energy [au]:                       -0.334284073737
 Same spin CCSD energy [au]:                           -0.071199012433
 CCSD correlation energy [au]:                         -0.405483086170
 CCSD correlation energy + MP2 correction [au]:        -0.406770607424
 CCSD correlation energy + MP2 + PPL corr. [au]:       -0.406411897773
 Total CCSD energy [au]:                              -79.665033589561
 Total CCSD energy + MP2 correction [au]:             -79.666321110815
 Total CCSD energy + MP2 + PPL corr. [au]:            -79.665962401164
 
 CPU time [min]:     2.772                   Wall time [min]:     0.089
 
 Calculation of (T) correction...
 
 
      388.93 MB memory is utilized for (T)

 0%       25%       50%       75%       100%
 |---------|---------|---------|---------| 
 
 (T) correction [au]:                                    -0.013958893911
 (T*) correction [au]:                                   -0.014006948613
 (T+) correction [au]:                                   -0.014006366282
 CCSD(T) correlation energy [au]:                        -0.419441980081
 CCSD(T) correlation energy + MP2 correction [au]:       -0.420729501335
 CCSD(T+) correlation en. + MP2 + PPL corr. [au]:        -0.420418264055
 Total CCSD(T) energy [au]:                             -79.678992483472
 Total CCSD(T) energy + MP2 correction [au]:            -79.680280004727
 Total CCSD(T+) energy + MP2 + PPL corr. [au]:          -79.679968767446
 
 CPU time [min]:     3.472                   Wall time [min]:     0.111
 
 ************************ 2023-02-05 13:22:58 *************************
                      Normal termination of mrcc.
 **********************************************************************
