 **********************************************************************
                          MRCC program system
 **********************************************************************
 
                              Written by
     Mihaly Kallay, Peter R. Nagy, David Mester, Laszlo Gyevi-Nagy,
        Jozsef Csoka, P. Bernat Szabo, Zoltan Rolik, Gyula Samu,
     Jozsef Csontos, Bence Hegely, Adam Ganyecz, Istvan Ladjanszki,
       Lorant Szegedy, Bence Ladoczki, Klara Petrov, Mate Farkas,
                    Pal D. Mezei, and Reka A. Horvath
 
        Department of Physical Chemistry and Materials Science
            Budapest University of Technology and Economics
                  Budapest P.O.Box 91, H-1521 Hungary
 
                              www.mrcc.hu
 
                      Release date: March 18, 2022

 ************************ 2023-02-04 11:49:12 *************************
 Executing minp...

 Reading input from MINP...
 
 Input file:
 
calc=FNO-CCSD(T)
verbosity=3
mem=220GB
unit=angs
scfiguess=small
scfalg=locfit1
ccmaxit=400
ccsdalg=dfdirect
ccsdthreads=4
ccsdmkl=thr
ptthreads=4
lnoepsv=1e-5
naf_cor=1e-2
basis=aug-cc-pVQZ
basis_sm=def2-SVP
dfbasis_scf=def2-QZVPP-RI-JK
dfbasis_cor=aug-cc-pVQZ-RI
unit=angs
geom=xyz
10

C    29.54344629    29.54344629    16.97505516
H    29.54344670    30.44187631    17.60392580
H    29.54344662    28.64496649    17.60393442
H    30.44658454    29.54342777    16.34911135
H    28.64030918    29.54342779    16.34911130
C    46.42541560    37.98443094    16.97505516
H    46.42541600    38.88286097    17.60392580
H    46.42541593    37.08595114    17.60393442
H    47.32855385    37.98441242    16.34911135
H    45.52227849    37.98441244    16.34911130

--------------------Output has been truncated-------------------------


--------------------Output has been truncated-------------------------


--------------------Output has been truncated-------------------------


--------------------Output has been truncated-------------------------


--------------------Output has been truncated-------------------------


--------------------Output has been truncated-------------------------


--------------------Output has been truncated-------------------------


--------------------Output has been truncated-------------------------


--------------------Output has been truncated-------------------------


--------------------Output has been truncated-------------------------


 
 Reference energy [au]:                       -40.215614173280
 DF-MP2 singlet pair energy [au]:              -0.173752855743
 DF-MP2 triplet pair energy [au]:              -0.037498359851
 DF-SCS-MP2 correlation energy [au]:           -0.221002880176
 DF-SCS-MP2 energy [au]:                      -40.436617053456
 DF-SOS-MP2 correlation energy [au]:           -0.225878712466
 DF-SOS-MP2 energy [au]:                      -40.441492885747
 DF-MP2 correlation energy [au]:               -0.211251215595
 DF-MP2 energy [au]:                          -40.426865388875

 Results in FNO basis:
 
 
 Reference energy [au]:                       -40.215614173280
 DF-MP2 singlet pair energy [au]:              -0.170618194876
 DF-MP2 triplet pair energy [au]:              -0.037357058147
 DF-SCS-MP2 correlation energy [au]:           -0.217194186567
 DF-SCS-MP2 energy [au]:                      -40.432808359847
 DF-SOS-MP2 correlation energy [au]:           -0.221803653339
 DF-SOS-MP2 energy [au]:                      -40.437417826619
 DF-MP2 correlation energy [au]:               -0.207975253023
 DF-MP2 energy [au]:                          -40.423589426304

 Results in NAF basis:
 
 
 Reference energy [au]:                       -40.215614173280
 DF-MP2 singlet pair energy [au]:              -0.170600635718
 DF-MP2 triplet pair energy [au]:              -0.037363750904
 DF-SCS-MP2 correlation energy [au]:           -0.217175346497
 DF-SCS-MP2 energy [au]:                      -40.432789519777
 DF-SOS-MP2 correlation energy [au]:           -0.221780826434
 DF-SOS-MP2 energy [au]:                      -40.437394999714
 DF-MP2 correlation energy [au]:               -0.207964386623
 DF-MP2 energy [au]:                          -40.423578559903

 ************************ 2023-02-04 11:49:46 *************************
 Executing ccsd...

 Allocation of 220.0 Gbytes of memory...

 Direct DF-CCSD(T) calculation
 
 Convergence criterion:  1.0E-06
 
 Number of occupied/virtual/auxiliary orbitals:     4   101   320
    163.36 MB is the minimal memory requirement for (T)
     39.40 MB is the minimal memory requirement for CCSD
 
 Reference energy [au]:             -40.215614173280
 T1 contribution [au]:                0.000000000000
 Same spin MP2 energy [au]:          -0.037360400078
 Opposite spin MP2 energy [au]:      -0.170609405506
 MP2 correlation energy [au]:        -0.207969805584
 Total MP2 energy [au]:             -40.423583978864
 MP2 correction [au]:                -0.003281410011
 
 
 CPU time [min]:     0.175                   Wall time [min]:     0.008
 
 Starting CCSD iterations...
 
                     Residual norm          Energy
 Iteration  1        0.138680875830      -40.436528968539
 Iteration  2        0.035376072300      -40.442052521655
 Iteration  3        0.009771738304      -40.442635242179
 Iteration  4        0.002020926794      -40.442639741289
 Iteration  5        0.000374897518      -40.442646252115
 Iteration  6        0.000084797655      -40.442646128871
 Iteration  7        0.000020223469      -40.442646818899
 Iteration  8        0.000003738677      -40.442646875848
 
 CCSD iteration has converged in  8 steps.
      444.29 MB memory was utilized by CCSD
 
 T1 diagnostic:      7.996E-03            D1 diagnostic:      1.292E-02
 
 T1 contribution [au]:                                  0.000000000000
 PPL energy contribution [au]:                          0.060602204948
 Scaled PPL energy contribution [au]:                   0.061558989773

 OS-PPL energy contribution [au]:                       0.053773709179
 Scaled OS-PPL energy contribution [au]:                0.054766756798
 SS-PPL energy contribution [au]:                       0.006828495769
 Scaled SS-PPL energy contribution [au]:                0.006852794444

 Opposite spin CCSD energy [au]:                       -0.191003417176
 Same spin CCSD energy [au]:                           -0.036036035086
 CCSD correlation energy [au]:                         -0.227039452262
 CCSD correlation energy + MP2 correction [au]:        -0.230320862273
 CCSD correlation energy + MP2 + PPL corr. [au]:       -0.229364077448
 Total CCSD energy [au]:                              -40.442653625542
 Total CCSD energy + MP2 correction [au]:             -40.445935035553
 Total CCSD energy + MP2 + PPL corr. [au]:            -40.444978250728
 
 CPU time [min]:     0.924                   Wall time [min]:     0.029
 
 Calculation of (T) correction...
 
 
      124.68 MB memory is utilized for (T)

 0%       25%       50%       75%       100%
 |---------|---------|---------|---------| 
 
 (T) correction [au]:                                    -0.006941734203
 (T*) correction [au]:                                   -0.007051262969
 (T+) correction [au]:                                   -0.007050855950
 CCSD(T) correlation energy [au]:                        -0.233981186465
 CCSD(T) correlation energy + MP2 correction [au]:       -0.237262596476
 CCSD(T+) correlation en. + MP2 + PPL corr. [au]:        -0.236414933398
 Total CCSD(T) energy [au]:                             -40.449595359745
 Total CCSD(T) energy + MP2 correction [au]:            -40.452876769756
 Total CCSD(T+) energy + MP2 + PPL corr. [au]:          -40.452029106678
 
 CPU time [min]:     1.007                   Wall time [min]:     0.032
 
 ************************ 2023-02-04 11:49:48 *************************
                      Normal termination of mrcc.
 **********************************************************************
