================================================================================
                                       INPUT FILE
================================================================================
NAME = orca.inp
|  1>  ! TightSCF RI-MP2 RIJCOSX SlowConv DIIS
|  2> %maxcore 55000
|  3> %pal
|  4> nprocs 4
|  5> end
|  6> %pointcharges "orca.bq"
|  7> %method
|  8> Method hf
|  9> RI on
| 10> RunTyp Energy
| 11> NewNCore O 2 end
| 12> NewNCore Ti 18 end
| 13> NewNCore C 2 end
| 14> NewNCore H 0 end
| 15> end
| 16> %basis
| 17> NewGTO Ti
| 18> "cc-pVDZ"
| 19> end
| 20> NewGTO H
| 21> "aug-cc-pVDZ"
| 22> end
| 23> NewGTO O
| 24> "aug-cc-pVDZ"
| 25> end
| 26> NewGTO C
| 27> "aug-cc-pVDZ"
| 28> end
| 29> NewAuxCGTO Ti
| 30> "cc-pVTZ/C"
| 31> end
| 32> NewAuxCGTO H
| 33> "aug-cc-pVDZ/C"
| 34> end
| 35> NewAuxCGTO O 
| 36> "aug-cc-pVDZ/C"
| 37> end
| 38> NewAuxCGTO C 
| 39> "aug-cc-pVDZ/C"
| 40> end
| 41> Aux "def2/J"    
| 42> end
| 43> %scf
| 44> HFTyp rhf
| 45> Guess MORead
| 46> MOInp "orca_svp_start.gbw"
| 47> SCFMode Direct
| 48> sthresh 1e-6
| 49> AutoTRAHIter 60
| 50> MaxIter 1000
| 51> end
| 52> %coords
| 53> CTyp xyz
| 54> Mult 1
| 55> Units angs
| 56>       Charge -52
| 57>   coords
| 58> C:                      0.00081705011    0.00002320526    1.72884400563
| 59> H:                     -0.05053213056    0.89633029753    2.35813838108
| 60> H:                      0.05226472379   -0.89631224347    2.35825565611
| 61> H:                      0.91773540605    0.05070703259    1.12689725392
| 62> H:                     -0.91630859930   -0.05082132031    1.12709961754
| 63> Ti                      0.00000000000    0.00000000000   -1.43694122213
| 64> O                      -0.00002936641   -0.00000124851   -3.25550860866
| 65> O                      -1.22612024541    1.48550586123   -1.15098137904
| 66> O                       1.22610246459   -1.48551652698   -1.15102871986
| 67> O                      -1.22708949291   -1.48603818367   -1.15413241300
| 68> O                       1.22707044266    1.48604777705   -1.15418645989
| 69> Ti                      0.00006382473    2.95729500329   -1.46449325674
| 70> Ti                     -0.00011340444   -2.95729489395   -1.46448961806
| 71> O                      -3.25763509342    0.00027073162   -2.57781937211
| 72> O                       3.25759907849   -0.00027227238   -2.57783675932
| 73> O                      -0.00042064680    2.96207708598   -3.27054405457
| 74> O                       0.00035833623   -2.96207616866   -3.27054068628
| 75> Ti                     -0.00003766494    1.47511078881   -4.62965751995
| 76> Ti                     -0.00001305954   -1.47511149398   -4.62965530124
| 77> O                       3.24011819133    0.00055417913   -0.00490721947
| 78> O                      -3.24013340644   -0.00055282221   -0.00487902118
| 79> Ti                     -3.25180010998    1.47985910530   -1.08897848845
| 80> Ti                      3.25177146548   -1.47986548390   -1.08900340799
| 81> Ti                      3.25249524182    1.48037401485   -1.09010177237
| 82> Ti                     -3.25252203124   -1.48036697315   -1.09007447638
| 83> O                       1.94888524974    1.47881943202   -4.54403092433
| 84> O                      -1.94893660660   -1.47881711044   -4.54403043253
| 85> O                      -1.94894537639    1.47873396742   -4.54418335346
| 86> O                       1.94889540376   -1.47873668938   -4.54418246436
| 87> O                      -0.00002463891   -0.00000027780   -5.81949020447
| 88> Ti                     -3.25161817455    0.00003769409   -4.43752893607
| 89> Ti                      3.25156877623   -0.00003707707   -4.43754121253
| 90> O                      -3.25457503852    2.95910034202   -2.57646860573
| 91> O                       3.25454216020   -2.95910734581   -2.57647384109
| 92> O                       3.25528939388    2.95952381585   -2.57685668973
| 93> O                      -3.25532102118   -2.95951634975   -2.57684835026
| 94> O                       1.22366827881    4.43772223937   -1.13722109956
| 95> O                      -1.22371508024   -4.43772515466   -1.13721930082
| 96> O                      -1.22373058876    4.43790211149   -1.13715240187
| 97> O                       1.22368462754   -4.43790030334   -1.13714876213
| 98> O                       3.24877317135    2.95572631723   -0.00238239716
| 99> O                      -3.24882031206   -2.95573182675   -0.00237261653
|100> O                      -3.24905054629    2.95576454957   -0.00197273195
|101> O                       3.24900216662   -2.95575913970   -0.00197917589
|102> O                      -0.00000325307    2.95365912158   -5.82301945014
|103> O                      -0.00004684880   -2.95365922414   -5.82301754875
|104> O                      -5.27859039398    1.47819830904   -1.13512879623
|105> O                       5.27855459741   -1.47820089677   -1.13513583218
|106> O                       5.27879982399    1.47836096394   -1.13546693123
|107> O                      -5.27883514806   -1.47835909776   -1.13545776797
|108> Ti                     -3.24906620080    4.43657134167   -1.08375702682
|109> Ti                      3.24901669770   -4.43657179329   -1.08375720193
|110> Ti                      3.24926345903    4.43678118684   -1.08389335211
|111> Ti                     -3.24931244959   -4.43678099831   -1.08389187211
|112> O                      -4.55436360024    1.47939839343   -4.54869916748
|113> O                       4.55433780125    1.47933109431   -4.54873542512
|114> O                       4.55431645339   -1.47939949545   -4.54870515082
|115> O                      -4.55438561801   -1.47932979491   -4.54872917238
|116> Ti                     -0.00002462876    5.91518996992   -1.46496759290
|117> Ti                     -0.00002462876   -5.91519151090   -1.46496759290
|118> O                       3.25097113074   -0.00000002822   -6.54610587697
|119> O                      -3.25102092104   -0.00000002822   -6.54610587697
|120> O                      -0.00002458071    5.91519177324   -3.27116605621
|121> O                      -0.00002458071   -5.91518970758   -3.27116605621
|122> Ti                     -6.50200799883    0.00000003686   -1.46107464424
|123> Ti                      6.50197610472    0.00000003686   -1.46107464424
|124> O                       6.50196881906   -0.00000007956   -3.26772923861
|125> O                      -6.50201528448   -0.00000007956   -3.26772923861
|126> O                      -3.25107765086    5.91519125737   -2.57503052952
|127> O                       3.25102824075    5.91519129626   -2.57502936925
|128> O                       3.25102824075   -5.91519018456   -2.57502936925
|129> O                      -3.25107765086   -5.91519022346   -2.57503052952
|130> O                      -3.25251550256    5.91516966044   -0.00000050421
|131> O                       3.25246928883    5.91521079830    0.00000000000
|132> O                       3.25246928883   -5.91517068252    0.00000000000
|133> O                       5.27852257061   -4.43614361014   -1.13636584136
|134> O                      -3.25251550256   -5.91521182038   -0.00000050421
|135> O                      -5.27856663325    4.43614610437   -1.13636869630
|136> O                       5.27873539688    4.43606882823   -1.13619753216
|137> O                      -5.27877928814   -4.43607019563   -1.13619811186
|138> Ti                     -6.50169070863    2.95856929631   -1.46053672809
|139> Ti                      6.50165450299   -2.95856898935   -1.46053646138
|140> Ti                      6.50229339492    2.95856929631   -1.46053672809
|141> Ti                     -6.50232960056   -2.95856898935   -1.46053646138
|142> O                      -6.50194628559    2.95756560412   -3.26732799914
|143> O                       6.50190018855   -2.95756552028   -3.26732744796
|144> O                       6.50203781796    2.95756560412   -3.26732799914
|145> O                      -6.50208391499   -2.95756552028   -3.26732744796
|146> O                       1.22368462754    7.39248117748   -1.13714876213
|147> O                      -1.22373058876   -7.39247936933   -1.13715240187
|148> O                      -1.22371508024    7.39265632617   -1.13721930082
|149> O                       1.22366827881   -7.39265924146   -1.13722109956
|150> O                      -7.72518427956    1.47836096394   -1.13546693123
|151> O                       7.72514895549   -1.47835909776   -1.13545776797
|152> O                       7.72539370957    1.47819830904   -1.13512879623
|153> O                      -7.72542950614   -1.47820089677   -1.13513583218
|154> O                      -7.72524870667    4.43606882823   -1.13619753216
|155> O                       7.72520481541   -4.43607019563   -1.13619811186
|156> O                       7.72541747030    4.43614610437   -1.13636869630
|157> O                      -7.72546153294   -4.43614361014   -1.13636584136
|158> Ti>    4.00000000000   -3.25129158509    2.95801554042   -4.43725795098
|159> NewECP
|160> N_core 0
|161>   lmax f
|162>   s 2
|163>    1      0.860000       9.191690  2
|164>    2      0.172000       0.008301  2
|165>   p 2
|166>    1      0.860000      17.997720  2
|167>    2      0.172000      -0.032600  2
|168>   d 2
|169>    1      1.600000      -9.504310  2
|170>    2      0.320000      -0.151370  2
|171>   f 1
|172>    1      1.000000000    0.000000000 2
|173> end
|174> Ti>    4.00000000000    3.25124302920   -2.95801736102   -4.43726543756
|175> NewECP
|176> N_core 0
|177>   lmax f
|178>   s 2
|179>    1      0.860000       9.191690  2
|180>    2      0.172000       0.008301  2
|181>   p 2
|182>    1      0.860000      17.997720  2
|183>    2      0.172000      -0.032600  2
|184>   d 2
|185>    1      1.600000      -9.504310  2
|186>    2      0.320000      -0.151370  2
|187>   f 1
|188>    1      1.000000000    0.000000000 2
|189> end
|190> Ti>    4.00000000000    3.25124903606    2.95804835766   -4.43761924291
|191> NewECP
|192> N_core 0
|193>   lmax f
|194>   s 2
|195>    1      0.860000       9.191690  2
|196>    2      0.172000       0.008301  2
|197>   p 2
|198>    1      0.860000      17.997720  2
|199>    2      0.172000      -0.032600  2
|200>   d 2
|201>    1      1.600000      -9.504310  2
|202>    2      0.320000      -0.151370  2
|203>   f 1
|204>    1      1.000000000    0.000000000 2
|205> end
|206> Ti>    4.00000000000   -3.25129692819   -2.95804522850   -4.43761139255
|207> NewECP
|208> N_core 0
|209>   lmax f
|210>   s 2
|211>    1      0.860000       9.191690  2
|212>    2      0.172000       0.008301  2
|213>   p 2
|214>    1      0.860000      17.997720  2
|215>    2      0.172000      -0.032600  2
|216>   d 2
|217>    1      1.600000      -9.504310  2
|218>    2      0.320000      -0.151370  2
|219>   f 1
|220>    1      1.000000000    0.000000000 2
|221> end
|222> Ti>    4.00000000000   -0.00005013880    4.43456989257   -4.64304935046
|223> NewECP
|224> N_core 0
|225>   lmax f
|226>   s 2
|227>    1      0.860000       9.191690  2
|228>    2      0.172000       0.008301  2
|229>   p 2
|230>    1      0.860000      17.997720  2
|231>    2      0.172000      -0.032600  2
|232>   d 2
|233>    1      1.600000      -9.504310  2
|234>    2      0.320000      -0.151370  2
|235>   f 1
|236>    1      1.000000000    0.000000000 2
|237> end
|238> Ti>    4.00000000000   -0.00000240504   -4.43456851561   -4.64304818327
|239> NewECP
|240> N_core 0
|241>   lmax f
|242>   s 2
|243>    1      0.860000       9.191690  2
|244>    2      0.172000       0.008301  2
|245>   p 2
|246>    1      0.860000      17.997720  2
|247>    2      0.172000      -0.032600  2
|248>   d 2
|249>    1      1.600000      -9.504310  2
|250>    2      0.320000      -0.151370  2
|251>   f 1
|252>    1      1.000000000    0.000000000 2
|253> end
|254> Ti>    4.00000000000   -0.00002489515   -0.00000002822   -7.82049044430
|255> NewECP
|256> N_core 0
|257>   lmax f
|258>   s 2
|259>    1      0.860000       9.191690  2
|260>    2      0.172000       0.008301  2
|261>   p 2
|262>    1      0.860000      17.997720  2
|263>    2      0.172000      -0.032600  2
|264>   d 2
|265>    1      1.600000      -9.504310  2
|266>    2      0.320000      -0.151370  2
|267>   f 1
|268>    1      1.000000000    0.000000000 2
|269> end
|270> Ti>    4.00000000000   -0.00002489515    2.95759534199   -7.82049044430
|271> NewECP
|272> N_core 0
|273>   lmax f
|274>   s 2
|275>    1      0.860000       9.191690  2
|276>    2      0.172000       0.008301  2
|277>   p 2
|278>    1      0.860000      17.997720  2
|279>    2      0.172000      -0.032600  2
|280>   d 2
|281>    1      1.600000      -9.504310  2
|282>    2      0.320000      -0.151370  2
|283>   f 1
|284>    1      1.000000000    0.000000000 2
|285> end
|286> Ti>    4.00000000000   -0.00002489515   -2.95759539842   -7.82049044430
|287> NewECP
|288> N_core 0
|289>   lmax f
|290>   s 2
|291>    1      0.860000       9.191690  2
|292>    2      0.172000       0.008301  2
|293>   p 2
|294>    1      0.860000      17.997720  2
|295>    2      0.172000      -0.032600  2
|296>   d 2
|297>    1      1.600000      -9.504310  2
|298>    2      0.320000      -0.151370  2
|299>   f 1
|300>    1      1.000000000    0.000000000 2
|301> end
|302> Ti>    4.00000000000   -3.25102092104    1.47879765689   -7.82049044430
|303> NewECP
|304> N_core 0
|305>   lmax f
|306>   s 2
|307>    1      0.860000       9.191690  2
|308>    2      0.172000       0.008301  2
|309>   p 2
|310>    1      0.860000      17.997720  2
|311>    2      0.172000      -0.032600  2
|312>   d 2
|313>    1      1.600000      -9.504310  2
|314>    2      0.320000      -0.151370  2
|315>   f 1
|316>    1      1.000000000    0.000000000 2
|317> end
|318> Ti>    4.00000000000    3.25097113074    1.47879765689   -7.82049044430
|319> NewECP
|320> N_core 0
|321>   lmax f
|322>   s 2
|323>    1      0.860000       9.191690  2
|324>    2      0.172000       0.008301  2
|325>   p 2
|326>    1      0.860000      17.997720  2
|327>    2      0.172000      -0.032600  2
|328>   d 2
|329>    1      1.600000      -9.504310  2
|330>    2      0.320000      -0.151370  2
|331>   f 1
|332>    1      1.000000000    0.000000000 2
|333> end
|334> Ti>    4.00000000000    3.25097113074   -1.47879771332   -7.82049044430
|335> NewECP
|336> N_core 0
|337>   lmax f
|338>   s 2
|339>    1      0.860000       9.191690  2
|340>    2      0.172000       0.008301  2
|341>   p 2
|342>    1      0.860000      17.997720  2
|343>    2      0.172000      -0.032600  2
|344>   d 2
|345>    1      1.600000      -9.504310  2
|346>    2      0.320000      -0.151370  2
|347>   f 1
|348>    1      1.000000000    0.000000000 2
|349> end
|350> Ti>    4.00000000000   -3.25102092104   -1.47879771332   -7.82049044430
|351> NewECP
|352> N_core 0
|353>   lmax f
|354>   s 2
|355>    1      0.860000       9.191690  2
|356>    2      0.172000       0.008301  2
|357>   p 2
|358>    1      0.860000      17.997720  2
|359>    2      0.172000      -0.032600  2
|360>   d 2
|361>    1      1.600000      -9.504310  2
|362>    2      0.320000      -0.151370  2
|363>   f 1
|364>    1      1.000000000    0.000000000 2
|365> end
|366> Ti>    4.00000000000   -3.25050295217    5.91514921314   -4.43582237088
|367> NewECP
|368> N_core 0
|369>   lmax f
|370>   s 2
|371>    1      0.860000       9.191690  2
|372>    2      0.172000       0.008301  2
|373>   p 2
|374>    1      0.860000      17.997720  2
|375>    2      0.172000      -0.032600  2
|376>   d 2
|377>    1      1.600000      -9.504310  2
|378>    2      0.320000      -0.151370  2
|379>   f 1
|380>    1      1.000000000    0.000000000 2
|381> end
|382> Ti>    4.00000000000    3.25045297887   -5.91514777458   -4.43582296951
|383> NewECP
|384> N_core 0
|385>   lmax f
|386>   s 2
|387>    1      0.860000       9.191690  2
|388>    2      0.172000       0.008301  2
|389>   p 2
|390>    1      0.860000      17.997720  2
|391>    2      0.172000      -0.032600  2
|392>   d 2
|393>    1      1.600000      -9.504310  2
|394>    2      0.320000      -0.151370  2
|395>   f 1
|396>    1      1.000000000    0.000000000 2
|397> end
|398> Ti>    4.00000000000    3.25045297887    5.91523370624   -4.43582296951
|399> NewECP
|400> N_core 0
|401>   lmax f
|402>   s 2
|403>    1      0.860000       9.191690  2
|404>    2      0.172000       0.008301  2
|405>   p 2
|406>    1      0.860000      17.997720  2
|407>    2      0.172000      -0.032600  2
|408>   d 2
|409>    1      1.600000      -9.504310  2
|410>    2      0.320000      -0.151370  2
|411>   f 1
|412>    1      1.000000000    0.000000000 2
|413> end
|414> Ti>    4.00000000000   -3.25050295217   -5.91523226768   -4.43582237088
|415> NewECP
|416> N_core 0
|417>   lmax f
|418>   s 2
|419>    1      0.860000       9.191690  2
|420>    2      0.172000       0.008301  2
|421>   p 2
|422>    1      0.860000      17.997720  2
|423>    2      0.172000      -0.032600  2
|424>   d 2
|425>    1      1.600000      -9.504310  2
|426>    2      0.320000      -0.151370  2
|427>   f 1
|428>    1      1.000000000    0.000000000 2
|429> end
|430> Ti>    4.00000000000    6.50195053101    1.47899379682   -4.63893801319
|431> NewECP
|432> N_core 0
|433>   lmax f
|434>   s 2
|435>    1      0.860000       9.191690  2
|436>    2      0.172000       0.008301  2
|437>   p 2
|438>    1      0.860000      17.997720  2
|439>    2      0.172000      -0.032600  2
|440>   d 2
|441>    1      1.600000      -9.504310  2
|442>    2      0.320000      -0.151370  2
|443>   f 1
|444>    1      1.000000000    0.000000000 2
|445> end
|446> Ti>    4.00000000000   -6.50203357254    1.47899379682   -4.63893801319
|447> NewECP
|448> N_core 0
|449>   lmax f
|450>   s 2
|451>    1      0.860000       9.191690  2
|452>    2      0.172000       0.008301  2
|453>   p 2
|454>    1      0.860000      17.997720  2
|455>    2      0.172000      -0.032600  2
|456>   d 2
|457>    1      1.600000      -9.504310  2
|458>    2      0.320000      -0.151370  2
|459>   f 1
|460>    1      1.000000000    0.000000000 2
|461> end
|462> Ti>    4.00000000000    6.50198260185   -1.47899335989   -4.63893787342
|463> NewECP
|464> N_core 0
|465>   lmax f
|466>   s 2
|467>    1      0.860000       9.191690  2
|468>    2      0.172000       0.008301  2
|469>   p 2
|470>    1      0.860000      17.997720  2
|471>    2      0.172000      -0.032600  2
|472>   d 2
|473>    1      1.600000      -9.504310  2
|474>    2      0.320000      -0.151370  2
|475>   f 1
|476>    1      1.000000000    0.000000000 2
|477> end
|478> Ti>    4.00000000000   -6.50200150170   -1.47899335989   -4.63893787342
|479> NewECP
|480> N_core 0
|481>   lmax f
|482>   s 2
|483>    1      0.860000       9.191690  2
|484>    2      0.172000       0.008301  2
|485>   p 2
|486>    1      0.860000      17.997720  2
|487>    2      0.172000      -0.032600  2
|488>   d 2
|489>    1      1.600000      -9.504310  2
|490>    2      0.320000      -0.151370  2
|491>   f 1
|492>    1      1.000000000    0.000000000 2
|493> end
|494> Ti>    4.00000000000   -0.00000240504    7.39581296522   -4.64304818327
|495> NewECP
|496> N_core 0
|497>   lmax f
|498>   s 2
|499>    1      0.860000       9.191690  2
|500>    2      0.172000       0.008301  2
|501>   p 2
|502>    1      0.860000      17.997720  2
|503>    2      0.172000      -0.032600  2
|504>   d 2
|505>    1      1.600000      -9.504310  2
|506>    2      0.320000      -0.151370  2
|507>   f 1
|508>    1      1.000000000    0.000000000 2
|509> end
|510> Ti>    4.00000000000   -0.00005013880   -7.39581158825   -4.64304935046
|511> NewECP
|512> N_core 0
|513>   lmax f
|514>   s 2
|515>    1      0.860000       9.191690  2
|516>    2      0.172000       0.008301  2
|517>   p 2
|518>    1      0.860000      17.997720  2
|519>    2      0.172000      -0.032600  2
|520>   d 2
|521>    1      1.600000      -9.504310  2
|522>    2      0.320000      -0.151370  2
|523>   f 1
|524>    1      1.000000000    0.000000000 2
|525> end
|526> Ti>    4.00000000000   -3.24931244959    7.39360048251   -1.08389187211
|527> NewECP
|528> N_core 0
|529>   lmax f
|530>   s 2
|531>    1      0.860000       9.191690  2
|532>    2      0.172000       0.008301  2
|533>   p 2
|534>    1      0.860000      17.997720  2
|535>    2      0.172000      -0.032600  2
|536>   d 2
|537>    1      1.600000      -9.504310  2
|538>    2      0.320000      -0.151370  2
|539>   f 1
|540>    1      1.000000000    0.000000000 2
|541> end
|542> Ti>    4.00000000000    3.24926345903   -7.39360029398   -1.08389335211
|543> NewECP
|544> N_core 0
|545>   lmax f
|546>   s 2
|547>    1      0.860000       9.191690  2
|548>    2      0.172000       0.008301  2
|549>   p 2
|550>    1      0.860000      17.997720  2
|551>    2      0.172000      -0.032600  2
|552>   d 2
|553>    1      1.600000      -9.504310  2
|554>    2      0.320000      -0.151370  2
|555>   f 1
|556>    1      1.000000000    0.000000000 2
|557> end
|558> Ti>    4.00000000000    3.24901669770    7.39380968753   -1.08375720193
|559> NewECP
|560> N_core 0
|561>   lmax f
|562>   s 2
|563>    1      0.860000       9.191690  2
|564>    2      0.172000       0.008301  2
|565>   p 2
|566>    1      0.860000      17.997720  2
|567>    2      0.172000      -0.032600  2
|568>   d 2
|569>    1      1.600000      -9.504310  2
|570>    2      0.320000      -0.151370  2
|571>   f 1
|572>    1      1.000000000    0.000000000 2
|573> end
|574> Ti>    4.00000000000   -3.24906620080   -7.39381013915   -1.08375702682
|575> NewECP
|576> N_core 0
|577>   lmax f
|578>   s 2
|579>    1      0.860000       9.191690  2
|580>    2      0.172000       0.008301  2
|581>   p 2
|582>    1      0.860000      17.997720  2
|583>    2      0.172000      -0.032600  2
|584>   d 2
|585>    1      1.600000      -9.504310  2
|586>    2      0.320000      -0.151370  2
|587>   f 1
|588>    1      1.000000000    0.000000000 2
|589> end
|590> Ti>    4.00000000000   -3.25102092104    4.43639302709   -7.82049044430
|591> NewECP
|592> N_core 0
|593>   lmax f
|594>   s 2
|595>    1      0.860000       9.191690  2
|596>    2      0.172000       0.008301  2
|597>   p 2
|598>    1      0.860000      17.997720  2
|599>    2      0.172000      -0.032600  2
|600>   d 2
|601>    1      1.600000      -9.504310  2
|602>    2      0.320000      -0.151370  2
|603>   f 1
|604>    1      1.000000000    0.000000000 2
|605> end
|606> Ti>    4.00000000000    3.25097113074    4.43639302709   -7.82049044430
|607> NewECP
|608> N_core 0
|609>   lmax f
|610>   s 2
|611>    1      0.860000       9.191690  2
|612>    2      0.172000       0.008301  2
|613>   p 2
|614>    1      0.860000      17.997720  2
|615>    2      0.172000      -0.032600  2
|616>   d 2
|617>    1      1.600000      -9.504310  2
|618>    2      0.320000      -0.151370  2
|619>   f 1
|620>    1      1.000000000    0.000000000 2
|621> end
|622> Ti>    4.00000000000    3.25097113074   -4.43639308352   -7.82049044430
|623> NewECP
|624> N_core 0
|625>   lmax f
|626>   s 2
|627>    1      0.860000       9.191690  2
|628>    2      0.172000       0.008301  2
|629>   p 2
|630>    1      0.860000      17.997720  2
|631>    2      0.172000      -0.032600  2
|632>   d 2
|633>    1      1.600000      -9.504310  2
|634>    2      0.320000      -0.151370  2
|635>   f 1
|636>    1      1.000000000    0.000000000 2
|637> end
|638> Ti>    4.00000000000   -3.25102092104   -4.43639308352   -7.82049044430
|639> NewECP
|640> N_core 0
|641>   lmax f
|642>   s 2
|643>    1      0.860000       9.191690  2
|644>    2      0.172000       0.008301  2
|645>   p 2
|646>    1      0.860000      17.997720  2
|647>    2      0.172000      -0.032600  2
|648>   d 2
|649>    1      1.600000      -9.504310  2
|650>    2      0.320000      -0.151370  2
|651>   f 1
|652>    1      1.000000000    0.000000000 2
|653> end
|654> Ti>    4.00000000000    6.50191367843    4.43662758637   -4.63843690131
|655> NewECP
|656> N_core 0
|657>   lmax f
|658>   s 2
|659>    1      0.860000       9.191690  2
|660>    2      0.172000       0.008301  2
|661>   p 2
|662>    1      0.860000      17.997720  2
|663>    2      0.172000      -0.032600  2
|664>   d 2
|665>    1      1.600000      -9.504310  2
|666>    2      0.320000      -0.151370  2
|667>   f 1
|668>    1      1.000000000    0.000000000 2
|669> end
|670> Ti>    4.00000000000   -6.50196114679   -4.43662772699   -4.63843685449
|671> NewECP
|672> N_core 0
|673>   lmax f
|674>   s 2
|675>    1      0.860000       9.191690  2
|676>    2      0.172000       0.008301  2
|677>   p 2
|678>    1      0.860000      17.997720  2
|679>    2      0.172000      -0.032600  2
|680>   d 2
|681>    1      1.600000      -9.504310  2
|682>    2      0.320000      -0.151370  2
|683>   f 1
|684>    1      1.000000000    0.000000000 2
|685> end
|686> Ti>    4.00000000000   -6.50207042512    4.43662758637   -4.63843690131
|687> NewECP
|688> N_core 0
|689>   lmax f
|690>   s 2
|691>    1      0.860000       9.191690  2
|692>    2      0.172000       0.008301  2
|693>   p 2
|694>    1      0.860000      17.997720  2
|695>    2      0.172000      -0.032600  2
|696>   d 2
|697>    1      1.600000      -9.504310  2
|698>    2      0.320000      -0.151370  2
|699>   f 1
|700>    1      1.000000000    0.000000000 2
|701> end
|702> Ti>    4.00000000000    6.50202295676   -4.43662772699   -4.63843685449
|703> NewECP
|704> N_core 0
|705>   lmax f
|706>   s 2
|707>    1      0.860000       9.191690  2
|708>    2      0.172000       0.008301  2
|709>   p 2
|710>    1      0.860000      17.997720  2
|711>    2      0.172000      -0.032600  2
|712>   d 2
|713>    1      1.600000      -9.504310  2
|714>    2      0.320000      -0.151370  2
|715>   f 1
|716>    1      1.000000000    0.000000000 2
|717> end
|718> Ti>    4.00000000000   -0.00002489515    5.91519071220   -7.82049044430
|719> NewECP
|720> N_core 0
|721>   lmax f
|722>   s 2
|723>    1      0.860000       9.191690  2
|724>    2      0.172000       0.008301  2
|725>   p 2
|726>    1      0.860000      17.997720  2
|727>    2      0.172000      -0.032600  2
|728>   d 2
|729>    1      1.600000      -9.504310  2
|730>    2      0.320000      -0.151370  2
|731>   f 1
|732>    1      1.000000000    0.000000000 2
|733> end
|734> Ti>    4.00000000000   -0.00002489515   -5.91519076863   -7.82049044430
|735> NewECP
|736> N_core 0
|737>   lmax f
|738>   s 2
|739>    1      0.860000       9.191690  2
|740>    2      0.172000       0.008301  2
|741>   p 2
|742>    1      0.860000      17.997720  2
|743>    2      0.172000      -0.032600  2
|744>   d 2
|745>    1      1.600000      -9.504310  2
|746>    2      0.320000      -0.151370  2
|747>   f 1
|748>    1      1.000000000    0.000000000 2
|749> end
|750> Ti>    4.00000000000   -6.50201903873    5.91519054694   -1.46028388804
|751> NewECP
|752> N_core 0
|753>   lmax f
|754>   s 2
|755>    1      0.860000       9.191690  2
|756>    2      0.172000       0.008301  2
|757>   p 2
|758>    1      0.860000      17.997720  2
|759>    2      0.172000      -0.032600  2
|760>   d 2
|761>    1      1.600000      -9.504310  2
|762>    2      0.320000      -0.151370  2
|763>   f 1
|764>    1      1.000000000    0.000000000 2
|765> end
|766> Ti>    4.00000000000    6.50196506482    5.91519054694   -1.46028388804
|767> NewECP
|768> N_core 0
|769>   lmax f
|770>   s 2
|771>    1      0.860000       9.191690  2
|772>    2      0.172000       0.008301  2
|773>   p 2
|774>    1      0.860000      17.997720  2
|775>    2      0.172000      -0.032600  2
|776>   d 2
|777>    1      1.600000      -9.504310  2
|778>    2      0.320000      -0.151370  2
|779>   f 1
|780>    1      1.000000000    0.000000000 2
|781> end
|782> Ti>    4.00000000000    6.50196506482   -5.91519093388   -1.46028388804
|783> NewECP
|784> N_core 0
|785>   lmax f
|786>   s 2
|787>    1      0.860000       9.191690  2
|788>    2      0.172000       0.008301  2
|789>   p 2
|790>    1      0.860000      17.997720  2
|791>    2      0.172000      -0.032600  2
|792>   d 2
|793>    1      1.600000      -9.504310  2
|794>    2      0.320000      -0.151370  2
|795>   f 1
|796>    1      1.000000000    0.000000000 2
|797> end
|798> Ti>    4.00000000000   -6.50201903873   -5.91519093388   -1.46028388804
|799> NewECP
|800> N_core 0
|801>   lmax f
|802>   s 2
|803>    1      0.860000       9.191690  2
|804>    2      0.172000       0.008301  2
|805>   p 2
|806>    1      0.860000      17.997720  2
|807>    2      0.172000      -0.032600  2
|808>   d 2
|809>    1      1.600000      -9.504310  2
|810>    2      0.320000      -0.151370  2
|811>   f 1
|812>    1      1.000000000    0.000000000 2
|813> end
|814> Ti>    4.00000000000   -0.00011340444    8.87308658687   -1.46448961806
|815> NewECP
|816> N_core 0
|817>   lmax f
|818>   s 2
|819>    1      0.860000       9.191690  2
|820>    2      0.172000       0.008301  2
|821>   p 2
|822>    1      0.860000      17.997720  2
|823>    2      0.172000      -0.032600  2
|824>   d 2
|825>    1      1.600000      -9.504310  2
|826>    2      0.320000      -0.151370  2
|827>   f 1
|828>    1      1.000000000    0.000000000 2
|829> end
|830> Ti>    4.00000000000    0.00006382473   -8.87308647753   -1.46449325674
|831> NewECP
|832> N_core 0
|833>   lmax f
|834>   s 2
|835>    1      0.860000       9.191690  2
|836>    2      0.172000       0.008301  2
|837>   p 2
|838>    1      0.860000      17.997720  2
|839>    2      0.172000      -0.032600  2
|840>   d 2
|841>    1      1.600000      -9.504310  2
|842>    2      0.320000      -0.151370  2
|843>   f 1
|844>    1      1.000000000    0.000000000 2
|845> end
|846> Ti>    4.00000000000    6.50196715662   -0.00000002822   -7.82049044430
|847> NewECP
|848> N_core 0
|849>   lmax f
|850>   s 2
|851>    1      0.860000       9.191690  2
|852>    2      0.172000       0.008301  2
|853>   p 2
|854>    1      0.860000      17.997720  2
|855>    2      0.172000      -0.032600  2
|856>   d 2
|857>    1      1.600000      -9.504310  2
|858>    2      0.320000      -0.151370  2
|859>   f 1
|860>    1      1.000000000    0.000000000 2
|861> end
|862> Ti>    4.00000000000   -6.50201694692   -0.00000002822   -7.82049044430
|863> NewECP
|864> N_core 0
|865>   lmax f
|866>   s 2
|867>    1      0.860000       9.191690  2
|868>    2      0.172000       0.008301  2
|869>   p 2
|870>    1      0.860000      17.997720  2
|871>    2      0.172000      -0.032600  2
|872>   d 2
|873>    1      1.600000      -9.504310  2
|874>    2      0.320000      -0.151370  2
|875>   f 1
|876>    1      1.000000000    0.000000000 2
|877> end
|878> Ti>    4.00000000000   -6.50201694692    2.95759534199   -7.82049044430
|879> NewECP
|880> N_core 0
|881>   lmax f
|882>   s 2
|883>    1      0.860000       9.191690  2
|884>    2      0.172000       0.008301  2
|885>   p 2
|886>    1      0.860000      17.997720  2
|887>    2      0.172000      -0.032600  2
|888>   d 2
|889>    1      1.600000      -9.504310  2
|890>    2      0.320000      -0.151370  2
|891>   f 1
|892>    1      1.000000000    0.000000000 2
|893> end
|894> Ti>    4.00000000000    6.50196715662    2.95759534199   -7.82049044430
|895> NewECP
|896> N_core 0
|897>   lmax f
|898>   s 2
|899>    1      0.860000       9.191690  2
|900>    2      0.172000       0.008301  2
|901>   p 2
|902>    1      0.860000      17.997720  2
|903>    2      0.172000      -0.032600  2
|904>   d 2
|905>    1      1.600000      -9.504310  2
|906>    2      0.320000      -0.151370  2
|907>   f 1
|908>    1      1.000000000    0.000000000 2
|909> end
|910> Ti>    4.00000000000    6.50196715662   -2.95759539842   -7.82049044430
|911> NewECP
|912> N_core 0
|913>   lmax f
|914>   s 2
|915>    1      0.860000       9.191690  2
|916>    2      0.172000       0.008301  2
|917>   p 2
|918>    1      0.860000      17.997720  2
|919>    2      0.172000      -0.032600  2
|920>   d 2
|921>    1      1.600000      -9.504310  2
|922>    2      0.320000      -0.151370  2
|923>   f 1
|924>    1      1.000000000    0.000000000 2
|925> end
|926> Ti>    4.00000000000   -6.50201694692   -2.95759539842   -7.82049044430
|927> NewECP
|928> N_core 0
|929>   lmax f
|930>   s 2
|931>    1      0.860000       9.191690  2
|932>    2      0.172000       0.008301  2
|933>   p 2
|934>    1      0.860000      17.997720  2
|935>    2      0.172000      -0.032600  2
|936>   d 2
|937>    1      1.600000      -9.504310  2
|938>    2      0.320000      -0.151370  2
|939>   f 1
|940>    1      1.000000000    0.000000000 2
|941> end
|942> Ti>    4.00000000000   -0.00002489515    1.47879765689  -11.07148647018
|943> NewECP
|944> N_core 0
|945>   lmax f
|946>   s 2
|947>    1      0.860000       9.191690  2
|948>    2      0.172000       0.008301  2
|949>   p 2
|950>    1      0.860000      17.997720  2
|951>    2      0.172000      -0.032600  2
|952>   d 2
|953>    1      1.600000      -9.504310  2
|954>    2      0.320000      -0.151370  2
|955>   f 1
|956>    1      1.000000000    0.000000000 2
|957> end
|958> Ti>    4.00000000000   -0.00002489515   -1.47879771332  -11.07148647018
|959> NewECP
|960> N_core 0
|961>   lmax f
|962>   s 2
|963>    1      0.860000       9.191690  2
|964>    2      0.172000       0.008301  2
|965>   p 2
|966>    1      0.860000      17.997720  2
|967>    2      0.172000      -0.032600  2
|968>   d 2
|969>    1      1.600000      -9.504310  2
|970>    2      0.320000      -0.151370  2
|971>   f 1
|972>    1      1.000000000    0.000000000 2
|973> end
|974> Ti>    4.00000000000   -9.75148886173    1.48037401485   -1.09010177237
|975> NewECP
|976> N_core 0
|977>   lmax f
|978>   s 2
|979>    1      0.860000       9.191690  2
|980>    2      0.172000       0.008301  2
|981>   p 2
|982>    1      0.860000      17.997720  2
|983>    2      0.172000      -0.032600  2
|984>   d 2
|985>    1      1.600000      -9.504310  2
|986>    2      0.320000      -0.151370  2
|987>   f 1
|988>    1      1.000000000    0.000000000 2
|989> end
|990> Ti>    4.00000000000    9.75146207231   -1.48036697315   -1.09007447638
|991> NewECP
|992> N_core 0
|993>   lmax f
|994>   s 2
|995>    1      0.860000       9.191690  2
|996>    2      0.172000       0.008301  2
|997>   p 2
|998>    1      0.860000      17.997720  2
|999>    2      0.172000      -0.032600  2
|1000>   d 2
|1001>    1      1.600000      -9.504310  2
|1002>    2      0.320000      -0.151370  2
|1003>   f 1
|1004>    1      1.000000000    0.000000000 2
|1005> end
|1006> Ti>    4.00000000000    9.75218399357    1.47985910530   -1.08897848845
|1007> NewECP
|1008> N_core 0
|1009>   lmax f
|1010>   s 2
|1011>    1      0.860000       9.191690  2
|1012>    2      0.172000       0.008301  2
|1013>   p 2
|1014>    1      0.860000      17.997720  2
|1015>    2      0.172000      -0.032600  2
|1016>   d 2
|1017>    1      1.600000      -9.504310  2
|1018>    2      0.320000      -0.151370  2
|1019>   f 1
|1020>    1      1.000000000    0.000000000 2
|1021> end
|1022> Ti>    4.00000000000   -9.75221263806   -1.47986548390   -1.08900340799
|1023> NewECP
|1024> N_core 0
|1025>   lmax f
|1026>   s 2
|1027>    1      0.860000       9.191690  2
|1028>    2      0.172000       0.008301  2
|1029>   p 2
|1030>    1      0.860000      17.997720  2
|1031>    2      0.172000      -0.032600  2
|1032>   d 2
|1033>    1      1.600000      -9.504310  2
|1034>    2      0.320000      -0.151370  2
|1035>   f 1
|1036>    1      1.000000000    0.000000000 2
|1037> end
|1038> Ti>    4.00000000000    3.25124302920    8.87236411980   -4.43726543756
|1039> NewECP
|1040> N_core 0
|1041>   lmax f
|1042>   s 2
|1043>    1      0.860000       9.191690  2
|1044>    2      0.172000       0.008301  2
|1045>   p 2
|1046>    1      0.860000      17.997720  2
|1047>    2      0.172000      -0.032600  2
|1048>   d 2
|1049>    1      1.600000      -9.504310  2
|1050>    2      0.320000      -0.151370  2
|1051>   f 1
|1052>    1      1.000000000    0.000000000 2
|1053> end
|1054> Ti>    4.00000000000   -3.25129158509   -8.87236594040   -4.43725795098
|1055> NewECP
|1056> N_core 0
|1057>   lmax f
|1058>   s 2
|1059>    1      0.860000       9.191690  2
|1060>    2      0.172000       0.008301  2
|1061>   p 2
|1062>    1      0.860000      17.997720  2
|1063>    2      0.172000      -0.032600  2
|1064>   d 2
|1065>    1      1.600000      -9.504310  2
|1066>    2      0.320000      -0.151370  2
|1067>   f 1
|1068>    1      1.000000000    0.000000000 2
|1069> end
|1070> Ti>    4.00000000000   -3.25129692819    8.87233625233   -4.43761139255
|1071> NewECP
|1072> N_core 0
|1073>   lmax f
|1074>   s 2
|1075>    1      0.860000       9.191690  2
|1076>    2      0.172000       0.008301  2
|1077>   p 2
|1078>    1      0.860000      17.997720  2
|1079>    2      0.172000      -0.032600  2
|1080>   d 2
|1081>    1      1.600000      -9.504310  2
|1082>    2      0.320000      -0.151370  2
|1083>   f 1
|1084>    1      1.000000000    0.000000000 2
|1085> end
|1086> Ti>    4.00000000000    3.25124903606   -8.87233312316   -4.43761924291
|1087> NewECP
|1088> N_core 0
|1089>   lmax f
|1090>   s 2
|1091>    1      0.860000       9.191690  2
|1092>    2      0.172000       0.008301  2
|1093>   p 2
|1094>    1      0.860000      17.997720  2
|1095>    2      0.172000      -0.032600  2
|1096>   d 2
|1097>    1      1.600000      -9.504310  2
|1098>    2      0.320000      -0.151370  2
|1099>   f 1
|1100>    1      1.000000000    0.000000000 2
|1101> end
|1102> Ti>    4.00000000000    3.25097113074   -0.00000002822  -11.07148647018
|1103> NewECP
|1104> N_core 0
|1105>   lmax f
|1106>   s 2
|1107>    1      0.860000       9.191690  2
|1108>    2      0.172000       0.008301  2
|1109>   p 2
|1110>    1      0.860000      17.997720  2
|1111>    2      0.172000      -0.032600  2
|1112>   d 2
|1113>    1      1.600000      -9.504310  2
|1114>    2      0.320000      -0.151370  2
|1115>   f 1
|1116>    1      1.000000000    0.000000000 2
|1117> end
|1118> Ti>    4.00000000000   -3.25102092104   -0.00000002822  -11.07148647018
|1119> NewECP
|1120> N_core 0
|1121>   lmax f
|1122>   s 2
|1123>    1      0.860000       9.191690  2
|1124>    2      0.172000       0.008301  2
|1125>   p 2
|1126>    1      0.860000      17.997720  2
|1127>    2      0.172000      -0.032600  2
|1128>   d 2
|1129>    1      1.600000      -9.504310  2
|1130>    2      0.320000      -0.151370  2
|1131>   f 1
|1132>    1      1.000000000    0.000000000 2
|1133> end
|1134> Ti>    4.00000000000    9.75236592900    0.00003769409   -4.43752893607
|1135> NewECP
|1136> N_core 0
|1137>   lmax f
|1138>   s 2
|1139>    1      0.860000       9.191690  2
|1140>    2      0.172000       0.008301  2
|1141>   p 2
|1142>    1      0.860000      17.997720  2
|1143>    2      0.172000      -0.032600  2
|1144>   d 2
|1145>    1      1.600000      -9.504310  2
|1146>    2      0.320000      -0.151370  2
|1147>   f 1
|1148>    1      1.000000000    0.000000000 2
|1149> end
|1150> Ti>    4.00000000000   -9.75241532731   -0.00003707707   -4.43754121253
|1151> NewECP
|1152> N_core 0
|1153>   lmax f
|1154>   s 2
|1155>    1      0.860000       9.191690  2
|1156>    2      0.172000       0.008301  2
|1157>   p 2
|1158>    1      0.860000      17.997720  2
|1159>    2      0.172000      -0.032600  2
|1160>   d 2
|1161>    1      1.600000      -9.504310  2
|1162>    2      0.320000      -0.151370  2
|1163>   f 1
|1164>    1      1.000000000    0.000000000 2
|1165> end
|1166> Ti>    4.00000000000   -3.25102092104    7.39398839730   -7.82049044430
|1167> NewECP
|1168> N_core 0
|1169>   lmax f
|1170>   s 2
|1171>    1      0.860000       9.191690  2
|1172>    2      0.172000       0.008301  2
|1173>   p 2
|1174>    1      0.860000      17.997720  2
|1175>    2      0.172000      -0.032600  2
|1176>   d 2
|1177>    1      1.600000      -9.504310  2
|1178>    2      0.320000      -0.151370  2
|1179>   f 1
|1180>    1      1.000000000    0.000000000 2
|1181> end
|1182> Ti>    4.00000000000    3.25097113074    7.39398839730   -7.82049044430
|1183> NewECP
|1184> N_core 0
|1185>   lmax f
|1186>   s 2
|1187>    1      0.860000       9.191690  2
|1188>    2      0.172000       0.008301  2
|1189>   p 2
|1190>    1      0.860000      17.997720  2
|1191>    2      0.172000      -0.032600  2
|1192>   d 2
|1193>    1      1.600000      -9.504310  2
|1194>    2      0.320000      -0.151370  2
|1195>   f 1
|1196>    1      1.000000000    0.000000000 2
|1197> end
|1198> Ti>    4.00000000000    3.25097113074   -7.39398845373   -7.82049044430
|1199> NewECP
|1200> N_core 0
|1201>   lmax f
|1202>   s 2
|1203>    1      0.860000       9.191690  2
|1204>    2      0.172000       0.008301  2
|1205>   p 2
|1206>    1      0.860000      17.997720  2
|1207>    2      0.172000      -0.032600  2
|1208>   d 2
|1209>    1      1.600000      -9.504310  2
|1210>    2      0.320000      -0.151370  2
|1211>   f 1
|1212>    1      1.000000000    0.000000000 2
|1213> end
|1214> Ti>    4.00000000000   -3.25102092104   -7.39398845373   -7.82049044430
|1215> NewECP
|1216> N_core 0
|1217>   lmax f
|1218>   s 2
|1219>    1      0.860000       9.191690  2
|1220>    2      0.172000       0.008301  2
|1221>   p 2
|1222>    1      0.860000      17.997720  2
|1223>    2      0.172000      -0.032600  2
|1224>   d 2
|1225>    1      1.600000      -9.504310  2
|1226>    2      0.320000      -0.151370  2
|1227>   f 1
|1228>    1      1.000000000    0.000000000 2
|1229> end
|1230> Ti>    4.00000000000   -6.50196114679    7.39375375383   -4.63843685449
|1231> NewECP
|1232> N_core 0
|1233>   lmax f
|1234>   s 2
|1235>    1      0.860000       9.191690  2
|1236>    2      0.172000       0.008301  2
|1237>   p 2
|1238>    1      0.860000      17.997720  2
|1239>    2      0.172000      -0.032600  2
|1240>   d 2
|1241>    1      1.600000      -9.504310  2
|1242>    2      0.320000      -0.151370  2
|1243>   f 1
|1244>    1      1.000000000    0.000000000 2
|1245> end
|1246> Ti>    4.00000000000    6.50191367843   -7.39375389445   -4.63843690131
|1247> NewECP
|1248> N_core 0
|1249>   lmax f
|1250>   s 2
|1251>    1      0.860000       9.191690  2
|1252>    2      0.172000       0.008301  2
|1253>   p 2
|1254>    1      0.860000      17.997720  2
|1255>    2      0.172000      -0.032600  2
|1256>   d 2
|1257>    1      1.600000      -9.504310  2
|1258>    2      0.320000      -0.151370  2
|1259>   f 1
|1260>    1      1.000000000    0.000000000 2
|1261> end
|1262> Ti>    4.00000000000    6.50202295676    7.39375375383   -4.63843685449
|1263> NewECP
|1264> N_core 0
|1265>   lmax f
|1266>   s 2
|1267>    1      0.860000       9.191690  2
|1268>    2      0.172000       0.008301  2
|1269>   p 2
|1270>    1      0.860000      17.997720  2
|1271>    2      0.172000      -0.032600  2
|1272>   d 2
|1273>    1      1.600000      -9.504310  2
|1274>    2      0.320000      -0.151370  2
|1275>   f 1
|1276>    1      1.000000000    0.000000000 2
|1277> end
|1278> Ti>    4.00000000000   -6.50207042512   -7.39375389445   -4.63843690131
|1279> NewECP
|1280> N_core 0
|1281>   lmax f
|1282>   s 2
|1283>    1      0.860000       9.191690  2
|1284>    2      0.172000       0.008301  2
|1285>   p 2
|1286>    1      0.860000      17.997720  2
|1287>    2      0.172000      -0.032600  2
|1288>   d 2
|1289>    1      1.600000      -9.504310  2
|1290>    2      0.320000      -0.151370  2
|1291>   f 1
|1292>    1      1.000000000    0.000000000 2
|1293> end
|1294> Ti>    4.00000000000   -3.25102092104    2.95759534199  -11.07148647018
|1295> NewECP
|1296> N_core 0
|1297>   lmax f
|1298>   s 2
|1299>    1      0.860000       9.191690  2
|1300>    2      0.172000       0.008301  2
|1301>   p 2
|1302>    1      0.860000      17.997720  2
|1303>    2      0.172000      -0.032600  2
|1304>   d 2
|1305>    1      1.600000      -9.504310  2
|1306>    2      0.320000      -0.151370  2
|1307>   f 1
|1308>    1      1.000000000    0.000000000 2
|1309> end
|1310> Ti>    4.00000000000    3.25097113074    2.95759534199  -11.07148647018
|1311> NewECP
|1312> N_core 0
|1313>   lmax f
|1314>   s 2
|1315>    1      0.860000       9.191690  2
|1316>    2      0.172000       0.008301  2
|1317>   p 2
|1318>    1      0.860000      17.997720  2
|1319>    2      0.172000      -0.032600  2
|1320>   d 2
|1321>    1      1.600000      -9.504310  2
|1322>    2      0.320000      -0.151370  2
|1323>   f 1
|1324>    1      1.000000000    0.000000000 2
|1325> end
|1326> Ti>    4.00000000000    3.25097113074   -2.95759539842  -11.07148647018
|1327> NewECP
|1328> N_core 0
|1329>   lmax f
|1330>   s 2
|1331>    1      0.860000       9.191690  2
|1332>    2      0.172000       0.008301  2
|1333>   p 2
|1334>    1      0.860000      17.997720  2
|1335>    2      0.172000      -0.032600  2
|1336>   d 2
|1337>    1      1.600000      -9.504310  2
|1338>    2      0.320000      -0.151370  2
|1339>   f 1
|1340>    1      1.000000000    0.000000000 2
|1341> end
|1342> Ti>    4.00000000000   -3.25102092104   -2.95759539842  -11.07148647018
|1343> NewECP
|1344> N_core 0
|1345>   lmax f
|1346>   s 2
|1347>    1      0.860000       9.191690  2
|1348>    2      0.172000       0.008301  2
|1349>   p 2
|1350>    1      0.860000      17.997720  2
|1351>    2      0.172000      -0.032600  2
|1352>   d 2
|1353>    1      1.600000      -9.504310  2
|1354>    2      0.320000      -0.151370  2
|1355>   f 1
|1356>    1      1.000000000    0.000000000 2
|1357> end
|1358> Ti>    4.00000000000   -0.00002489515    4.43639302709  -11.07148647018
|1359> NewECP
|1360> N_core 0
|1361>   lmax f
|1362>   s 2
|1363>    1      0.860000       9.191690  2
|1364>    2      0.172000       0.008301  2
|1365>   p 2
|1366>    1      0.860000      17.997720  2
|1367>    2      0.172000      -0.032600  2
|1368>   d 2
|1369>    1      1.600000      -9.504310  2
|1370>    2      0.320000      -0.151370  2
|1371>   f 1
|1372>    1      1.000000000    0.000000000 2
|1373> end
|1374> Ti>    4.00000000000   -0.00002489515   -4.43639308352  -11.07148647018
|1375> NewECP
|1376> N_core 0
|1377>   lmax f
|1378>   s 2
|1379>    1      0.860000       9.191690  2
|1380>    2      0.172000       0.008301  2
|1381>   p 2
|1382>    1      0.860000      17.997720  2
|1383>    2      0.172000      -0.032600  2
|1384>   d 2
|1385>    1      1.600000      -9.504310  2
|1386>    2      0.320000      -0.151370  2
|1387>   f 1
|1388>    1      1.000000000    0.000000000 2
|1389> end
|1390> Ti>    4.00000000000    9.75269251846    2.95801554042   -4.43725795098
|1391> NewECP
|1392> N_core 0
|1393>   lmax f
|1394>   s 2
|1395>    1      0.860000       9.191690  2
|1396>    2      0.172000       0.008301  2
|1397>   p 2
|1398>    1      0.860000      17.997720  2
|1399>    2      0.172000      -0.032600  2
|1400>   d 2
|1401>    1      1.600000      -9.504310  2
|1402>    2      0.320000      -0.151370  2
|1403>   f 1
|1404>    1      1.000000000    0.000000000 2
|1405> end
|1406> Ti>    4.00000000000   -9.75274107435   -2.95801736102   -4.43726543756
|1407> NewECP
|1408> N_core 0
|1409>   lmax f
|1410>   s 2
|1411>    1      0.860000       9.191690  2
|1412>    2      0.172000       0.008301  2
|1413>   p 2
|1414>    1      0.860000      17.997720  2
|1415>    2      0.172000      -0.032600  2
|1416>   d 2
|1417>    1      1.600000      -9.504310  2
|1418>    2      0.320000      -0.151370  2
|1419>   f 1
|1420>    1      1.000000000    0.000000000 2
|1421> end
|1422> Ti>    4.00000000000   -9.75273506749    2.95804835766   -4.43761924291
|1423> NewECP
|1424> N_core 0
|1425>   lmax f
|1426>   s 2
|1427>    1      0.860000       9.191690  2
|1428>    2      0.172000       0.008301  2
|1429>   p 2
|1430>    1      0.860000      17.997720  2
|1431>    2      0.172000      -0.032600  2
|1432>   d 2
|1433>    1      1.600000      -9.504310  2
|1434>    2      0.320000      -0.151370  2
|1435>   f 1
|1436>    1      1.000000000    0.000000000 2
|1437> end
|1438> Ti>    4.00000000000    9.75268717536   -2.95804522850   -4.43761139255
|1439> NewECP
|1440> N_core 0
|1441>   lmax f
|1442>   s 2
|1443>    1      0.860000       9.191690  2
|1444>    2      0.172000       0.008301  2
|1445>   p 2
|1446>    1      0.860000      17.997720  2
|1447>    2      0.172000      -0.032600  2
|1448>   d 2
|1449>    1      1.600000      -9.504310  2
|1450>    2      0.320000      -0.151370  2
|1451>   f 1
|1452>    1      1.000000000    0.000000000 2
|1453> end
|1454> Ti>    4.00000000000   -9.75472064452    4.43678118684   -1.08389335211
|1455> NewECP
|1456> N_core 0
|1457>   lmax f
|1458>   s 2
|1459>    1      0.860000       9.191690  2
|1460>    2      0.172000       0.008301  2
|1461>   p 2
|1462>    1      0.860000      17.997720  2
|1463>    2      0.172000      -0.032600  2
|1464>   d 2
|1465>    1      1.600000      -9.504310  2
|1466>    2      0.320000      -0.151370  2
|1467>   f 1
|1468>    1      1.000000000    0.000000000 2
|1469> end
|1470> Ti>    4.00000000000    9.75467165396   -4.43678099831   -1.08389187211
|1471> NewECP
|1472> N_core 0
|1473>   lmax f
|1474>   s 2
|1475>    1      0.860000       9.191690  2
|1476>    2      0.172000       0.008301  2
|1477>   p 2
|1478>    1      0.860000      17.997720  2
|1479>    2      0.172000      -0.032600  2
|1480>   d 2
|1481>    1      1.600000      -9.504310  2
|1482>    2      0.320000      -0.151370  2
|1483>   f 1
|1484>    1      1.000000000    0.000000000 2
|1485> end
|1486> Ti>    4.00000000000    9.75491790275    4.43657134167   -1.08375702682
|1487> NewECP
|1488> N_core 0
|1489>   lmax f
|1490>   s 2
|1491>    1      0.860000       9.191690  2
|1492>    2      0.172000       0.008301  2
|1493>   p 2
|1494>    1      0.860000      17.997720  2
|1495>    2      0.172000      -0.032600  2
|1496>   d 2
|1497>    1      1.600000      -9.504310  2
|1498>    2      0.320000      -0.151370  2
|1499>   f 1
|1500>    1      1.000000000    0.000000000 2
|1501> end
|1502> Ti>    4.00000000000   -9.75496740585   -4.43657179329   -1.08375720193
|1503> NewECP
|1504> N_core 0
|1505>   lmax f
|1506>   s 2
|1507>    1      0.860000       9.191690  2
|1508>    2      0.172000       0.008301  2
|1509>   p 2
|1510>    1      0.860000      17.997720  2
|1511>    2      0.172000      -0.032600  2
|1512>   d 2
|1513>    1      1.600000      -9.504310  2
|1514>    2      0.320000      -0.151370  2
|1515>   f 1
|1516>    1      1.000000000    0.000000000 2
|1517> end
|1518> Ti>    4.00000000000   -0.00001305954   10.35526998684   -4.62965530124
|1519> NewECP
|1520> N_core 0
|1521>   lmax f
|1522>   s 2
|1523>    1      0.860000       9.191690  2
|1524>    2      0.172000       0.008301  2
|1525>   p 2
|1526>    1      0.860000      17.997720  2
|1527>    2      0.172000      -0.032600  2
|1528>   d 2
|1529>    1      1.600000      -9.504310  2
|1530>    2      0.320000      -0.151370  2
|1531>   f 1
|1532>    1      1.000000000    0.000000000 2
|1533> end
|1534> Ti>    4.00000000000   -0.00003766494  -10.35527069201   -4.62965751995
|1535> NewECP
|1536> N_core 0
|1537>   lmax f
|1538>   s 2
|1539>    1      0.860000       9.191690  2
|1540>    2      0.172000       0.008301  2
|1541>   p 2
|1542>    1      0.860000      17.997720  2
|1543>    2      0.172000      -0.032600  2
|1544>   d 2
|1545>    1      1.600000      -9.504310  2
|1546>    2      0.320000      -0.151370  2
|1547>   f 1
|1548>    1      1.000000000    0.000000000 2
|1549> end
|1550> Ti>    4.00000000000   -3.25252203124   10.35001450768   -1.09007447638
|1551> NewECP
|1552> N_core 0
|1553>   lmax f
|1554>   s 2
|1555>    1      0.860000       9.191690  2
|1556>    2      0.172000       0.008301  2
|1557>   p 2
|1558>    1      0.860000      17.997720  2
|1559>    2      0.172000      -0.032600  2
|1560>   d 2
|1561>    1      1.600000      -9.504310  2
|1562>    2      0.320000      -0.151370  2
|1563>   f 1
|1564>    1      1.000000000    0.000000000 2
|1565> end
|1566> Ti>    4.00000000000    3.25249524182  -10.35000746598   -1.09010177237
|1567> NewECP
|1568> N_core 0
|1569>   lmax f
|1570>   s 2
|1571>    1      0.860000       9.191690  2
|1572>    2      0.172000       0.008301  2
|1573>   p 2
|1574>    1      0.860000      17.997720  2
|1575>    2      0.172000      -0.032600  2
|1576>   d 2
|1577>    1      1.600000      -9.504310  2
|1578>    2      0.320000      -0.151370  2
|1579>   f 1
|1580>    1      1.000000000    0.000000000 2
|1581> end
|1582> Ti>    4.00000000000    3.25177146548   10.35051599692   -1.08900340799
|1583> NewECP
|1584> N_core 0
|1585>   lmax f
|1586>   s 2
|1587>    1      0.860000       9.191690  2
|1588>    2      0.172000       0.008301  2
|1589>   p 2
|1590>    1      0.860000      17.997720  2
|1591>    2      0.172000      -0.032600  2
|1592>   d 2
|1593>    1      1.600000      -9.504310  2
|1594>    2      0.320000      -0.151370  2
|1595>   f 1
|1596>    1      1.000000000    0.000000000 2
|1597> end
|1598> Ti>    4.00000000000   -3.25180010998  -10.35052237553   -1.08897848845
|1599> NewECP
|1600> N_core 0
|1601>   lmax f
|1602>   s 2
|1603>    1      0.860000       9.191690  2
|1604>    2      0.172000       0.008301  2
|1605>   p 2
|1606>    1      0.860000      17.997720  2
|1607>    2      0.172000      -0.032600  2
|1608>   d 2
|1609>    1      1.600000      -9.504310  2
|1610>    2      0.320000      -0.151370  2
|1611>   f 1
|1612>    1      1.000000000    0.000000000 2
|1613> end
|1614> Ti>    4.00000000000   -6.50201694692    5.91519071220   -7.82049044430
|1615> NewECP
|1616> N_core 0
|1617>   lmax f
|1618>   s 2
|1619>    1      0.860000       9.191690  2
|1620>    2      0.172000       0.008301  2
|1621>   p 2
|1622>    1      0.860000      17.997720  2
|1623>    2      0.172000      -0.032600  2
|1624>   d 2
|1625>    1      1.600000      -9.504310  2
|1626>    2      0.320000      -0.151370  2
|1627>   f 1
|1628>    1      1.000000000    0.000000000 2
|1629> end
|1630> Ti>    4.00000000000    6.50196715662    5.91519071220   -7.82049044430
|1631> NewECP
|1632> N_core 0
|1633>   lmax f
|1634>   s 2
|1635>    1      0.860000       9.191690  2
|1636>    2      0.172000       0.008301  2
|1637>   p 2
|1638>    1      0.860000      17.997720  2
|1639>    2      0.172000      -0.032600  2
|1640>   d 2
|1641>    1      1.600000      -9.504310  2
|1642>    2      0.320000      -0.151370  2
|1643>   f 1
|1644>    1      1.000000000    0.000000000 2
|1645> end
|1646> Ti>    4.00000000000    6.50196715662   -5.91519076863   -7.82049044430
|1647> NewECP
|1648> N_core 0
|1649>   lmax f
|1650>   s 2
|1651>    1      0.860000       9.191690  2
|1652>    2      0.172000       0.008301  2
|1653>   p 2
|1654>    1      0.860000      17.997720  2
|1655>    2      0.172000      -0.032600  2
|1656>   d 2
|1657>    1      1.600000      -9.504310  2
|1658>    2      0.320000      -0.151370  2
|1659>   f 1
|1660>    1      1.000000000    0.000000000 2
|1661> end
|1662> Ti>    4.00000000000   -6.50201694692   -5.91519076863   -7.82049044430
|1663> NewECP
|1664> N_core 0
|1665>   lmax f
|1666>   s 2
|1667>    1      0.860000       9.191690  2
|1668>    2      0.172000       0.008301  2
|1669>   p 2
|1670>    1      0.860000      17.997720  2
|1671>    2      0.172000      -0.032600  2
|1672>   d 2
|1673>    1      1.600000      -9.504310  2
|1674>    2      0.320000      -0.151370  2
|1675>   f 1
|1676>    1      1.000000000    0.000000000 2
|1677> end
|1678> Ti>    4.00000000000   -0.00002489515    8.87278608240   -7.82049044430
|1679> NewECP
|1680> N_core 0
|1681>   lmax f
|1682>   s 2
|1683>    1      0.860000       9.191690  2
|1684>    2      0.172000       0.008301  2
|1685>   p 2
|1686>    1      0.860000      17.997720  2
|1687>    2      0.172000      -0.032600  2
|1688>   d 2
|1689>    1      1.600000      -9.504310  2
|1690>    2      0.320000      -0.151370  2
|1691>   f 1
|1692>    1      1.000000000    0.000000000 2
|1693> end
|1694> Ti>    4.00000000000   -0.00002489515   -8.87278613883   -7.82049044430
|1695> NewECP
|1696> N_core 0
|1697>   lmax f
|1698>   s 2
|1699>    1      0.860000       9.191690  2
|1700>    2      0.172000       0.008301  2
|1701>   p 2
|1702>    1      0.860000      17.997720  2
|1703>    2      0.172000      -0.032600  2
|1704>   d 2
|1705>    1      1.600000      -9.504310  2
|1706>    2      0.320000      -0.151370  2
|1707>   f 1
|1708>    1      1.000000000    0.000000000 2
|1709> end
|1710> Ti>    4.00000000000    6.50165450299    8.87181249147   -1.46053646138
|1711> NewECP
|1712> N_core 0
|1713>   lmax f
|1714>   s 2
|1715>    1      0.860000       9.191690  2
|1716>    2      0.172000       0.008301  2
|1717>   p 2
|1718>    1      0.860000      17.997720  2
|1719>    2      0.172000      -0.032600  2
|1720>   d 2
|1721>    1      1.600000      -9.504310  2
|1722>    2      0.320000      -0.151370  2
|1723>   f 1
|1724>    1      1.000000000    0.000000000 2
|1725> end
|1726> Ti>    4.00000000000   -6.50169070863   -8.87181218451   -1.46053672809
|1727> NewECP
|1728> N_core 0
|1729>   lmax f
|1730>   s 2
|1731>    1      0.860000       9.191690  2
|1732>    2      0.172000       0.008301  2
|1733>   p 2
|1734>    1      0.860000      17.997720  2
|1735>    2      0.172000      -0.032600  2
|1736>   d 2
|1737>    1      1.600000      -9.504310  2
|1738>    2      0.320000      -0.151370  2
|1739>   f 1
|1740>    1      1.000000000    0.000000000 2
|1741> end
|1742> Ti>    4.00000000000   -6.50232960056    8.87181249147   -1.46053646138
|1743> NewECP
|1744> N_core 0
|1745>   lmax f
|1746>   s 2
|1747>    1      0.860000       9.191690  2
|1748>    2      0.172000       0.008301  2
|1749>   p 2
|1750>    1      0.860000      17.997720  2
|1751>    2      0.172000      -0.032600  2
|1752>   d 2
|1753>    1      1.600000      -9.504310  2
|1754>    2      0.320000      -0.151370  2
|1755>   f 1
|1756>    1      1.000000000    0.000000000 2
|1757> end
|1758> Ti>    4.00000000000    6.50229339492   -8.87181218451   -1.46053672809
|1759> NewECP
|1760> N_core 0
|1761>   lmax f
|1762>   s 2
|1763>    1      0.860000       9.191690  2
|1764>    2      0.172000       0.008301  2
|1765>   p 2
|1766>    1      0.860000      17.997720  2
|1767>    2      0.172000      -0.032600  2
|1768>   d 2
|1769>    1      1.600000      -9.504310  2
|1770>    2      0.320000      -0.151370  2
|1771>   f 1
|1772>    1      1.000000000    0.000000000 2
|1773> end
|1774> Ti>    4.00000000000   -6.50201694692    1.47879765689  -11.07148647018
|1775> NewECP
|1776> N_core 0
|1777>   lmax f
|1778>   s 2
|1779>    1      0.860000       9.191690  2
|1780>    2      0.172000       0.008301  2
|1781>   p 2
|1782>    1      0.860000      17.997720  2
|1783>    2      0.172000      -0.032600  2
|1784>   d 2
|1785>    1      1.600000      -9.504310  2
|1786>    2      0.320000      -0.151370  2
|1787>   f 1
|1788>    1      1.000000000    0.000000000 2
|1789> end
|1790> Ti>    4.00000000000    6.50196715662    1.47879765689  -11.07148647018
|1791> NewECP
|1792> N_core 0
|1793>   lmax f
|1794>   s 2
|1795>    1      0.860000       9.191690  2
|1796>    2      0.172000       0.008301  2
|1797>   p 2
|1798>    1      0.860000      17.997720  2
|1799>    2      0.172000      -0.032600  2
|1800>   d 2
|1801>    1      1.600000      -9.504310  2
|1802>    2      0.320000      -0.151370  2
|1803>   f 1
|1804>    1      1.000000000    0.000000000 2
|1805> end
|1806> Ti>    4.00000000000    6.50196715662   -1.47879771332  -11.07148647018
|1807> NewECP
|1808> N_core 0
|1809>   lmax f
|1810>   s 2
|1811>    1      0.860000       9.191690  2
|1812>    2      0.172000       0.008301  2
|1813>   p 2
|1814>    1      0.860000      17.997720  2
|1815>    2      0.172000      -0.032600  2
|1816>   d 2
|1817>    1      1.600000      -9.504310  2
|1818>    2      0.320000      -0.151370  2
|1819>   f 1
|1820>    1      1.000000000    0.000000000 2
|1821> end
|1822> Ti>    4.00000000000   -6.50201694692   -1.47879771332  -11.07148647018
|1823> NewECP
|1824> N_core 0
|1825>   lmax f
|1826>   s 2
|1827>    1      0.860000       9.191690  2
|1828>    2      0.172000       0.008301  2
|1829>   p 2
|1830>    1      0.860000      17.997720  2
|1831>    2      0.172000      -0.032600  2
|1832>   d 2
|1833>    1      1.600000      -9.504310  2
|1834>    2      0.320000      -0.151370  2
|1835>   f 1
|1836>    1      1.000000000    0.000000000 2
|1837> end
|1838> Ti>    4.00000000000   -9.75301297281    1.47879765689   -7.82049044430
|1839> NewECP
|1840> N_core 0
|1841>   lmax f
|1842>   s 2
|1843>    1      0.860000       9.191690  2
|1844>    2      0.172000       0.008301  2
|1845>   p 2
|1846>    1      0.860000      17.997720  2
|1847>    2      0.172000      -0.032600  2
|1848>   d 2
|1849>    1      1.600000      -9.504310  2
|1850>    2      0.320000      -0.151370  2
|1851>   f 1
|1852>    1      1.000000000    0.000000000 2
|1853> end
|1854> Ti>    4.00000000000    9.75296318251    1.47879765689   -7.82049044430
|1855> NewECP
|1856> N_core 0
|1857>   lmax f
|1858>   s 2
|1859>    1      0.860000       9.191690  2
|1860>    2      0.172000       0.008301  2
|1861>   p 2
|1862>    1      0.860000      17.997720  2
|1863>    2      0.172000      -0.032600  2
|1864>   d 2
|1865>    1      1.600000      -9.504310  2
|1866>    2      0.320000      -0.151370  2
|1867>   f 1
|1868>    1      1.000000000    0.000000000 2
|1869> end
|1870> Ti>    4.00000000000    9.75296318251   -1.47879771332   -7.82049044430
|1871> NewECP
|1872> N_core 0
|1873>   lmax f
|1874>   s 2
|1875>    1      0.860000       9.191690  2
|1876>    2      0.172000       0.008301  2
|1877>   p 2
|1878>    1      0.860000      17.997720  2
|1879>    2      0.172000      -0.032600  2
|1880>   d 2
|1881>    1      1.600000      -9.504310  2
|1882>    2      0.320000      -0.151370  2
|1883>   f 1
|1884>    1      1.000000000    0.000000000 2
|1885> end
|1886> Ti>    4.00000000000   -9.75301297281   -1.47879771332   -7.82049044430
|1887> NewECP
|1888> N_core 0
|1889>   lmax f
|1890>   s 2
|1891>    1      0.860000       9.191690  2
|1892>    2      0.172000       0.008301  2
|1893>   p 2
|1894>    1      0.860000      17.997720  2
|1895>    2      0.172000      -0.032600  2
|1896>   d 2
|1897>    1      1.600000      -9.504310  2
|1898>    2      0.320000      -0.151370  2
|1899>   f 1
|1900>    1      1.000000000    0.000000000 2
|1901> end
|1902> Ti>    4.00000000000    9.75348115138    5.91514921314   -4.43582237088
|1903> NewECP
|1904> N_core 0
|1905>   lmax f
|1906>   s 2
|1907>    1      0.860000       9.191690  2
|1908>    2      0.172000       0.008301  2
|1909>   p 2
|1910>    1      0.860000      17.997720  2
|1911>    2      0.172000      -0.032600  2
|1912>   d 2
|1913>    1      1.600000      -9.504310  2
|1914>    2      0.320000      -0.151370  2
|1915>   f 1
|1916>    1      1.000000000    0.000000000 2
|1917> end
|1918> Ti>    4.00000000000   -9.75353112468    5.91523370624   -4.43582296951
|1919> NewECP
|1920> N_core 0
|1921>   lmax f
|1922>   s 2
|1923>    1      0.860000       9.191690  2
|1924>    2      0.172000       0.008301  2
|1925>   p 2
|1926>    1      0.860000      17.997720  2
|1927>    2      0.172000      -0.032600  2
|1928>   d 2
|1929>    1      1.600000      -9.504310  2
|1930>    2      0.320000      -0.151370  2
|1931>   f 1
|1932>    1      1.000000000    0.000000000 2
|1933> end
|1934> Ti>    4.00000000000    9.75348115138   -5.91523226768   -4.43582237088
|1935> NewECP
|1936> N_core 0
|1937>   lmax f
|1938>   s 2
|1939>    1      0.860000       9.191690  2
|1940>    2      0.172000       0.008301  2
|1941>   p 2
|1942>    1      0.860000      17.997720  2
|1943>    2      0.172000      -0.032600  2
|1944>   d 2
|1945>    1      1.600000      -9.504310  2
|1946>    2      0.320000      -0.151370  2
|1947>   f 1
|1948>    1      1.000000000    0.000000000 2
|1949> end
|1950> Ti>    4.00000000000   -9.75353112468   -5.91514777458   -4.43582296951
|1951> NewECP
|1952> N_core 0
|1953>   lmax f
|1954>   s 2
|1955>    1      0.860000       9.191690  2
|1956>    2      0.172000       0.008301  2
|1957>   p 2
|1958>    1      0.860000      17.997720  2
|1959>    2      0.172000      -0.032600  2
|1960>   d 2
|1961>    1      1.600000      -9.504310  2
|1962>    2      0.320000      -0.151370  2
|1963>   f 1
|1964>    1      1.000000000    0.000000000 2
|1965> end
|1966> Ti>    4.00000000000    0.00000000000   11.83038148082   -1.43694122213
|1967> NewECP
|1968> N_core 0
|1969>   lmax f
|1970>   s 2
|1971>    1      0.860000       9.191690  2
|1972>    2      0.172000       0.008301  2
|1973>   p 2
|1974>    1      0.860000      17.997720  2
|1975>    2      0.172000      -0.032600  2
|1976>   d 2
|1977>    1      1.600000      -9.504310  2
|1978>    2      0.320000      -0.151370  2
|1979>   f 1
|1980>    1      1.000000000    0.000000000 2
|1981> end
|1982> Ti>    4.00000000000    0.00000000000  -11.83038148082   -1.43694122213
|1983> NewECP
|1984> N_core 0
|1985>   lmax f
|1986>   s 2
|1987>    1      0.860000       9.191690  2
|1988>    2      0.172000       0.008301  2
|1989>   p 2
|1990>    1      0.860000      17.997720  2
|1991>    2      0.172000      -0.032600  2
|1992>   d 2
|1993>    1      1.600000      -9.504310  2
|1994>    2      0.320000      -0.151370  2
|1995>   f 1
|1996>    1      1.000000000    0.000000000 2
|1997> end
|1998> Ti>    4.00000000000    9.75467165396    7.39360048251   -1.08389187211
|1999> NewECP
|2000> N_core 0
|2001>   lmax f
|2002>   s 2
|2003>    1      0.860000       9.191690  2
|2004>    2      0.172000       0.008301  2
|2005>   p 2
|2006>    1      0.860000      17.997720  2
|2007>    2      0.172000      -0.032600  2
|2008>   d 2
|2009>    1      1.600000      -9.504310  2
|2010>    2      0.320000      -0.151370  2
|2011>   f 1
|2012>    1      1.000000000    0.000000000 2
|2013> end
|2014> Ti>    4.00000000000   -9.75472064452   -7.39360029398   -1.08389335211
|2015> NewECP
|2016> N_core 0
|2017>   lmax f
|2018>   s 2
|2019>    1      0.860000       9.191690  2
|2020>    2      0.172000       0.008301  2
|2021>   p 2
|2022>    1      0.860000      17.997720  2
|2023>    2      0.172000      -0.032600  2
|2024>   d 2
|2025>    1      1.600000      -9.504310  2
|2026>    2      0.320000      -0.151370  2
|2027>   f 1
|2028>    1      1.000000000    0.000000000 2
|2029> end
|2030> Ti>    4.00000000000   -9.75496740585    7.39380968753   -1.08375720193
|2031> NewECP
|2032> N_core 0
|2033>   lmax f
|2034>   s 2
|2035>    1      0.860000       9.191690  2
|2036>    2      0.172000       0.008301  2
|2037>   p 2
|2038>    1      0.860000      17.997720  2
|2039>    2      0.172000      -0.032600  2
|2040>   d 2
|2041>    1      1.600000      -9.504310  2
|2042>    2      0.320000      -0.151370  2
|2043>   f 1
|2044>    1      1.000000000    0.000000000 2
|2045> end
|2046> Ti>    4.00000000000    9.75491790275   -7.39381013915   -1.08375702682
|2047> NewECP
|2048> N_core 0
|2049>   lmax f
|2050>   s 2
|2051>    1      0.860000       9.191690  2
|2052>    2      0.172000       0.008301  2
|2053>   p 2
|2054>    1      0.860000      17.997720  2
|2055>    2      0.172000      -0.032600  2
|2056>   d 2
|2057>    1      1.600000      -9.504310  2
|2058>    2      0.320000      -0.151370  2
|2059>   f 1
|2060>    1      1.000000000    0.000000000 2
|2061> end
|2062> Ti>    4.00000000000   -9.75301297281    4.43639302709   -7.82049044430
|2063> NewECP
|2064> N_core 0
|2065>   lmax f
|2066>   s 2
|2067>    1      0.860000       9.191690  2
|2068>    2      0.172000       0.008301  2
|2069>   p 2
|2070>    1      0.860000      17.997720  2
|2071>    2      0.172000      -0.032600  2
|2072>   d 2
|2073>    1      1.600000      -9.504310  2
|2074>    2      0.320000      -0.151370  2
|2075>   f 1
|2076>    1      1.000000000    0.000000000 2
|2077> end
|2078> Ti>    4.00000000000    9.75296318251    4.43639302709   -7.82049044430
|2079> NewECP
|2080> N_core 0
|2081>   lmax f
|2082>   s 2
|2083>    1      0.860000       9.191690  2
|2084>    2      0.172000       0.008301  2
|2085>   p 2
|2086>    1      0.860000      17.997720  2
|2087>    2      0.172000      -0.032600  2
|2088>   d 2
|2089>    1      1.600000      -9.504310  2
|2090>    2      0.320000      -0.151370  2
|2091>   f 1
|2092>    1      1.000000000    0.000000000 2
|2093> end
|2094> Ti>    4.00000000000    9.75296318251   -4.43639308352   -7.82049044430
|2095> NewECP
|2096> N_core 0
|2097>   lmax f
|2098>   s 2
|2099>    1      0.860000       9.191690  2
|2100>    2      0.172000       0.008301  2
|2101>   p 2
|2102>    1      0.860000      17.997720  2
|2103>    2      0.172000      -0.032600  2
|2104>   d 2
|2105>    1      1.600000      -9.504310  2
|2106>    2      0.320000      -0.151370  2
|2107>   f 1
|2108>    1      1.000000000    0.000000000 2
|2109> end
|2110> Ti>    4.00000000000   -9.75301297281   -4.43639308352   -7.82049044430
|2111> NewECP
|2112> N_core 0
|2113>   lmax f
|2114>   s 2
|2115>    1      0.860000       9.191690  2
|2116>    2      0.172000       0.008301  2
|2117>   p 2
|2118>    1      0.860000      17.997720  2
|2119>    2      0.172000      -0.032600  2
|2120>   d 2
|2121>    1      1.600000      -9.504310  2
|2122>    2      0.320000      -0.151370  2
|2123>   f 1
|2124>    1      1.000000000    0.000000000 2
|2125> end
|2126> Ti>    4.00000000000    3.25156877623   11.83034440375   -4.43754121253
|2127> NewECP
|2128> N_core 0
|2129>   lmax f
|2130>   s 2
|2131>    1      0.860000       9.191690  2
|2132>    2      0.172000       0.008301  2
|2133>   p 2
|2134>    1      0.860000      17.997720  2
|2135>    2      0.172000      -0.032600  2
|2136>   d 2
|2137>    1      1.600000      -9.504310  2
|2138>    2      0.320000      -0.151370  2
|2139>   f 1
|2140>    1      1.000000000    0.000000000 2
|2141> end
|2142> Ti>    4.00000000000   -3.25161817455  -11.83034378673   -4.43752893607
|2143> NewECP
|2144> N_core 0
|2145>   lmax f
|2146>   s 2
|2147>    1      0.860000       9.191690  2
|2148>    2      0.172000       0.008301  2
|2149>   p 2
|2150>    1      0.860000      17.997720  2
|2151>    2      0.172000      -0.032600  2
|2152>   d 2
|2153>    1      1.600000      -9.504310  2
|2154>    2      0.320000      -0.151370  2
|2155>   f 1
|2156>    1      1.000000000    0.000000000 2
|2157> end
|2158> Ti>    4.00000000000   -3.25161817455   11.83041917491   -4.43752893607
|2159> NewECP
|2160> N_core 0
|2161>   lmax f
|2162>   s 2
|2163>    1      0.860000       9.191690  2
|2164>    2      0.172000       0.008301  2
|2165>   p 2
|2166>    1      0.860000      17.997720  2
|2167>    2      0.172000      -0.032600  2
|2168>   d 2
|2169>    1      1.600000      -9.504310  2
|2170>    2      0.320000      -0.151370  2
|2171>   f 1
|2172>    1      1.000000000    0.000000000 2
|2173> end
|2174> Ti>    4.00000000000    3.25156877623  -11.83041855789   -4.43754121253
|2175> NewECP
|2176> N_core 0
|2177>   lmax f
|2178>   s 2
|2179>    1      0.860000       9.191690  2
|2180>    2      0.172000       0.008301  2
|2181>   p 2
|2182>    1      0.860000      17.997720  2
|2183>    2      0.172000      -0.032600  2
|2184>   d 2
|2185>    1      1.600000      -9.504310  2
|2186>    2      0.320000      -0.151370  2
|2187>   f 1
|2188>    1      1.000000000    0.000000000 2
|2189> end
|2190> Ti>    4.00000000000   -6.50200150170   10.35138812093   -4.63893787342
|2191> NewECP
|2192> N_core 0
|2193>   lmax f
|2194>   s 2
|2195>    1      0.860000       9.191690  2
|2196>    2      0.172000       0.008301  2
|2197>   p 2
|2198>    1      0.860000      17.997720  2
|2199>    2      0.172000      -0.032600  2
|2200>   d 2
|2201>    1      1.600000      -9.504310  2
|2202>    2      0.320000      -0.151370  2
|2203>   f 1
|2204>    1      1.000000000    0.000000000 2
|2205> end
|2206> Ti>    4.00000000000    6.50198260185   10.35138812093   -4.63893787342
|2207> NewECP
|2208> N_core 0
|2209>   lmax f
|2210>   s 2
|2211>    1      0.860000       9.191690  2
|2212>    2      0.172000       0.008301  2
|2213>   p 2
|2214>    1      0.860000      17.997720  2
|2215>    2      0.172000      -0.032600  2
|2216>   d 2
|2217>    1      1.600000      -9.504310  2
|2218>    2      0.320000      -0.151370  2
|2219>   f 1
|2220>    1      1.000000000    0.000000000 2
|2221> end
|2222> Ti>    4.00000000000    6.50195053101  -10.35138768400   -4.63893801319
|2223> NewECP
|2224> N_core 0
|2225>   lmax f
|2226>   s 2
|2227>    1      0.860000       9.191690  2
|2228>    2      0.172000       0.008301  2
|2229>   p 2
|2230>    1      0.860000      17.997720  2
|2231>    2      0.172000      -0.032600  2
|2232>   d 2
|2233>    1      1.600000      -9.504310  2
|2234>    2      0.320000      -0.151370  2
|2235>   f 1
|2236>    1      1.000000000    0.000000000 2
|2237> end
|2238> Ti>    4.00000000000   -6.50203357254  -10.35138768400   -4.63893801319
|2239> NewECP
|2240> N_core 0
|2241>   lmax f
|2242>   s 2
|2243>    1      0.860000       9.191690  2
|2244>    2      0.172000       0.008301  2
|2245>   p 2
|2246>    1      0.860000      17.997720  2
|2247>    2      0.172000      -0.032600  2
|2248>   d 2
|2249>    1      1.600000      -9.504310  2
|2250>    2      0.320000      -0.151370  2
|2251>   f 1
|2252>    1      1.000000000    0.000000000 2
|2253> end
|2254> Ti>    4.00000000000  -13.00398410355    0.00000000000   -1.43694122213
|2255> NewECP
|2256> N_core 0
|2257>   lmax f
|2258>   s 2
|2259>    1      0.860000       9.191690  2
|2260>    2      0.172000       0.008301  2
|2261>   p 2
|2262>    1      0.860000      17.997720  2
|2263>    2      0.172000      -0.032600  2
|2264>   d 2
|2265>    1      1.600000      -9.504310  2
|2266>    2      0.320000      -0.151370  2
|2267>   f 1
|2268>    1      1.000000000    0.000000000 2
|2269> end
|2270> Ti>    4.00000000000   13.00398410355    0.00000000000   -1.43694122213
|2271> NewECP
|2272> N_core 0
|2273>   lmax f
|2274>   s 2
|2275>    1      0.860000       9.191690  2
|2276>    2      0.172000       0.008301  2
|2277>   p 2
|2278>    1      0.860000      17.997720  2
|2279>    2      0.172000      -0.032600  2
|2280>   d 2
|2281>    1      1.600000      -9.504310  2
|2282>    2      0.320000      -0.151370  2
|2283>   f 1
|2284>    1      1.000000000    0.000000000 2
|2285> end
|2286> Ti>    4.00000000000  -13.00392027882    2.95729500329   -1.46449325674
|2287> NewECP
|2288> N_core 0
|2289>   lmax f
|2290>   s 2
|2291>    1      0.860000       9.191690  2
|2292>    2      0.172000       0.008301  2
|2293>   p 2
|2294>    1      0.860000      17.997720  2
|2295>    2      0.172000      -0.032600  2
|2296>   d 2
|2297>    1      1.600000      -9.504310  2
|2298>    2      0.320000      -0.151370  2
|2299>   f 1
|2300>    1      1.000000000    0.000000000 2
|2301> end
|2302> Ti>    4.00000000000   13.00387069911   -2.95729489395   -1.46448961806
|2303> NewECP
|2304> N_core 0
|2305>   lmax f
|2306>   s 2
|2307>    1      0.860000       9.191690  2
|2308>    2      0.172000       0.008301  2
|2309>   p 2
|2310>    1      0.860000      17.997720  2
|2311>    2      0.172000      -0.032600  2
|2312>   d 2
|2313>    1      1.600000      -9.504310  2
|2314>    2      0.320000      -0.151370  2
|2315>   f 1
|2316>    1      1.000000000    0.000000000 2
|2317> end
|2318> Ti>    4.00000000000   13.00404792828    2.95729500329   -1.46449325674
|2319> NewECP
|2320> N_core 0
|2321>   lmax f
|2322>   s 2
|2323>    1      0.860000       9.191690  2
|2324>    2      0.172000       0.008301  2
|2325>   p 2
|2326>    1      0.860000      17.997720  2
|2327>    2      0.172000      -0.032600  2
|2328>   d 2
|2329>    1      1.600000      -9.504310  2
|2330>    2      0.320000      -0.151370  2
|2331>   f 1
|2332>    1      1.000000000    0.000000000 2
|2333> end
|2334> Ti>    4.00000000000  -13.00409750799   -2.95729489395   -1.46448961806
|2335> NewECP
|2336> N_core 0
|2337>   lmax f
|2338>   s 2
|2339>    1      0.860000       9.191690  2
|2340>    2      0.172000       0.008301  2
|2341>   p 2
|2342>    1      0.860000      17.997720  2
|2343>    2      0.172000      -0.032600  2
|2344>   d 2
|2345>    1      1.600000      -9.504310  2
|2346>    2      0.320000      -0.151370  2
|2347>   f 1
|2348>    1      1.000000000    0.000000000 2
|2349> end
|2350> Ti>    4.00000000000   -9.75274107435    8.87236411980   -4.43726543756
|2351> NewECP
|2352> N_core 0
|2353>   lmax f
|2354>   s 2
|2355>    1      0.860000       9.191690  2
|2356>    2      0.172000       0.008301  2
|2357>   p 2
|2358>    1      0.860000      17.997720  2
|2359>    2      0.172000      -0.032600  2
|2360>   d 2
|2361>    1      1.600000      -9.504310  2
|2362>    2      0.320000      -0.151370  2
|2363>   f 1
|2364>    1      1.000000000    0.000000000 2
|2365> end
|2366> Ti>    4.00000000000    9.75269251846   -8.87236594040   -4.43725795098
|2367> NewECP
|2368> N_core 0
|2369>   lmax f
|2370>   s 2
|2371>    1      0.860000       9.191690  2
|2372>    2      0.172000       0.008301  2
|2373>   p 2
|2374>    1      0.860000      17.997720  2
|2375>    2      0.172000      -0.032600  2
|2376>   d 2
|2377>    1      1.600000      -9.504310  2
|2378>    2      0.320000      -0.151370  2
|2379>   f 1
|2380>    1      1.000000000    0.000000000 2
|2381> end
|2382> Ti>    4.00000000000    9.75268717536    8.87233625233   -4.43761139255
|2383> NewECP
|2384> N_core 0
|2385>   lmax f
|2386>   s 2
|2387>    1      0.860000       9.191690  2
|2388>    2      0.172000       0.008301  2
|2389>   p 2
|2390>    1      0.860000      17.997720  2
|2391>    2      0.172000      -0.032600  2
|2392>   d 2
|2393>    1      1.600000      -9.504310  2
|2394>    2      0.320000      -0.151370  2
|2395>   f 1
|2396>    1      1.000000000    0.000000000 2
|2397> end
|2398> Ti>    4.00000000000   -9.75273506749   -8.87233312316   -4.43761924291
|2399> NewECP
|2400> N_core 0
|2401>   lmax f
|2402>   s 2
|2403>    1      0.860000       9.191690  2
|2404>    2      0.172000       0.008301  2
|2405>   p 2
|2406>    1      0.860000      17.997720  2
|2407>    2      0.172000      -0.032600  2
|2408>   d 2
|2409>    1      1.600000      -9.504310  2
|2410>    2      0.320000      -0.151370  2
|2411>   f 1
|2412>    1      1.000000000    0.000000000 2
|2413> end
|2414> Ti>    4.00000000000  -13.00400873231    5.91518996992   -1.46496759290
|2415> NewECP
|2416> N_core 0
|2417>   lmax f
|2418>   s 2
|2419>    1      0.860000       9.191690  2
|2420>    2      0.172000       0.008301  2
|2421>   p 2
|2422>    1      0.860000      17.997720  2
|2423>    2      0.172000      -0.032600  2
|2424>   d 2
|2425>    1      1.600000      -9.504310  2
|2426>    2      0.320000      -0.151370  2
|2427>   f 1
|2428>    1      1.000000000    0.000000000 2
|2429> end
|2430> Ti>    4.00000000000   13.00395947479    5.91518996992   -1.46496759290
|2431> NewECP
|2432> N_core 0
|2433>   lmax f
|2434>   s 2
|2435>    1      0.860000       9.191690  2
|2436>    2      0.172000       0.008301  2
|2437>   p 2
|2438>    1      0.860000      17.997720  2
|2439>    2      0.172000      -0.032600  2
|2440>   d 2
|2441>    1      1.600000      -9.504310  2
|2442>    2      0.320000      -0.151370  2
|2443>   f 1
|2444>    1      1.000000000    0.000000000 2
|2445> end
|2446> Ti>    4.00000000000   13.00395947479   -5.91519151090   -1.46496759290
|2447> NewECP
|2448> N_core 0
|2449>   lmax f
|2450>   s 2
|2451>    1      0.860000       9.191690  2
|2452>    2      0.172000       0.008301  2
|2453>   p 2
|2454>    1      0.860000      17.997720  2
|2455>    2      0.172000      -0.032600  2
|2456>   d 2
|2457>    1      1.600000      -9.504310  2
|2458>    2      0.320000      -0.151370  2
|2459>   f 1
|2460>    1      1.000000000    0.000000000 2
|2461> end
|2462> Ti>    4.00000000000  -13.00400873231   -5.91519151090   -1.46496759290
|2463> NewECP
|2464> N_core 0
|2465>   lmax f
|2466>   s 2
|2467>    1      0.860000       9.191690  2
|2468>    2      0.172000       0.008301  2
|2469>   p 2
|2470>    1      0.860000      17.997720  2
|2471>    2      0.172000      -0.032600  2
|2472>   d 2
|2473>    1      1.600000      -9.504310  2
|2474>    2      0.320000      -0.151370  2
|2475>   f 1
|2476>    1      1.000000000    0.000000000 2
|2477> end
|2478>   end
|2479> endd                         ****END OF INPUT****
================================================================================
----------------
TOTAL SCF ENERGY
----------------

Total Energy       :       -32795.22220100 Eh         -892403.36500 eV

Components:
Nuclear Repulsion  :        49066.70718297 Eh         1335172.98133 eV
Electronic Energy  :       -81861.92938396 Eh        -2227576.34633 eV
One Electron Energy:      -148056.25848861 Eh        -4028815.61450 eV
Two Electron Energy:        66194.32910465 Eh         1801239.26817 eV
Max COSX asymmetry :            0.00089253 Eh               0.02429 eV

Warning: maximum COSX asymmetry larger than 0.0005 Eh!
Please consider increasing the grid.

Virial components:
Potential Energy   :       -57733.02294900 Eh        -1570995.42231 eV
Kinetic Energy     :        24937.80074800 Eh          678592.05731 eV
Virial Ratio       :            2.31508077

--------------------Output has been truncated-------------------------


--------------------Output has been truncated-------------------------


--------------------Output has been truncated-------------------------


--------------------Output has been truncated-------------------------


--------------------Output has been truncated-------------------------


--------------------Output has been truncated-------------------------


--------------------Output has been truncated-------------------------


--------------------Output has been truncated-------------------------


--------------------Output has been truncated-------------------------


--------------------Output has been truncated-------------------------


-----------------------------------------------
 RI-MP2 CORRELATION ENERGY:    -18.144474488 Eh
-----------------------------------------------
---------------------------------------
MP2 TOTAL ENERGY:   -32813.366675483 Eh
---------------------------------------

Maximum memory used throughout the entire MP2-calculation: 17135.7 MB

-------------------------   --------------------
FINAL SINGLE POINT ENERGY    -32813.366675482896
-------------------------   --------------------
