 **********************************************************************
                          MRCC program system
 **********************************************************************
 
                              Written by
     Mihaly Kallay, Peter R. Nagy, David Mester, Laszlo Gyevi-Nagy,
        Jozsef Csoka, P. Bernat Szabo, Zoltan Rolik, Gyula Samu,
     Jozsef Csontos, Bence Hegely, Adam Ganyecz, Istvan Ladjanszki,
       Lorant Szegedy, Bence Ladoczki, Klara Petrov, Mate Farkas,
                    Pal D. Mezei, and Reka A. Horvath
 
        Department of Physical Chemistry and Materials Science
            Budapest University of Technology and Economics
                  Budapest P.O.Box 91, H-1521 Hungary
 
                              www.mrcc.hu
 
                      Release date: March 18, 2022

 ************************ 2022-11-13 05:53:55 *************************
 Executing minp...

 Reading input from MINP...
 
 Input file:
 
calc=LNO-CCSD(T)
scftype=rhf
verbosity=3
mem=150GB
symm=off
unit=angs
scfiguess=small
scfmaxit=1000
scfalg=locfit1


lcorthr=tight
bpedo=0.99999
ccmaxit=400
usedisk=0
ccsdalg=dfdirect
ccsdthreads=4
ccsdmkl=thr
ptthreads=4

charge=-24
core=22

basis=special
aug-cc-pVDZ
aug-cc-pVDZ
aug-cc-pVDZ
aug-cc-pVDZ
aug-cc-pVDZ
bse_CVDZ
aug-cc-pVDZ
aug-cc-pVDZ
aug-cc-pVDZ
aug-cc-pVDZ
aug-cc-pVDZ
bse_CVDZ
bse_CVDZ
bse_CVDZ
bse_CVDZ
aug-cc-pVDZ
aug-cc-pVDZ
aug-cc-pVDZ
aug-cc-pVDZ
aug-cc-pVDZ
aug-cc-pVDZ
aug-cc-pVDZ
aug-cc-pVDZ
aug-cc-pVDZ
aug-cc-pVDZ
aug-cc-pVDZ
aug-cc-pVDZ
nothing
nothing
nothing
nothing
nothing
nothing
nothing
nothing
nothing
nothing
nothing
nothing
nothing
nothing
nothing
nothing
nothing
nothing
nothing
nothing
nothing
nothing
nothing
nothing
nothing
nothing
nothing
nothing
nothing
nothing
nothing
nothing
nothing
nothing
nothing
nothing
nothing
nothing
nothing
nothing
nothing
nothing
nothing
nothing
nothing
nothing
nothing
nothing
nothing
nothing
nothing
nothing
nothing

basis_sm=special
def2-SVP
def2-SVP
def2-SVP
def2-SVP
def2-SVP
def2-SVP
def2-SVP
def2-SVP
def2-SVP
def2-SVP
def2-SVP
def2-SVP
def2-SVP
def2-SVP
def2-SVP
def2-SVP
def2-SVP
def2-SVP
def2-SVP
def2-SVP
def2-SVP
def2-SVP
def2-SVP
def2-SVP
def2-SVP
def2-SVP
def2-SVP
nothing
nothing
nothing
nothing
nothing
nothing
nothing
nothing
nothing
nothing
nothing
nothing
nothing
nothing
nothing
nothing
nothing
nothing
nothing
nothing
nothing
nothing
nothing
nothing
nothing
nothing
nothing
nothing
nothing
nothing
nothing
nothing
nothing
nothing
nothing
nothing
nothing
nothing
nothing
nothing
nothing
nothing
nothing
nothing
nothing
nothing
nothing
nothing
nothing
nothing
nothing
nothing
nothing

dfbasis_scf=special
def2-QZVPP-RI-JK
def2-QZVPP-RI-JK
def2-QZVPP-RI-JK
def2-QZVPP-RI-JK
def2-QZVPP-RI-JK
def2-QZVPP-RI-JK
def2-QZVPP-RI-JK
def2-QZVPP-RI-JK
def2-QZVPP-RI-JK
def2-QZVPP-RI-JK
def2-QZVPP-RI-JK
def2-QZVPP-RI-JK
def2-QZVPP-RI-JK
def2-QZVPP-RI-JK
def2-QZVPP-RI-JK
def2-QZVPP-RI-JK
def2-QZVPP-RI-JK
def2-QZVPP-RI-JK
def2-QZVPP-RI-JK
def2-QZVPP-RI-JK
def2-QZVPP-RI-JK
def2-QZVPP-RI-JK
def2-QZVPP-RI-JK
def2-QZVPP-RI-JK
def2-QZVPP-RI-JK
def2-QZVPP-RI-JK
def2-QZVPP-RI-JK
nothing
nothing
nothing
nothing
nothing
nothing
nothing
nothing
nothing
nothing
nothing
nothing
nothing
nothing
nothing
nothing
nothing
nothing
nothing
nothing
nothing
nothing
nothing
nothing
nothing
nothing
nothing
nothing
nothing
nothing
nothing
nothing
nothing
nothing
nothing
nothing
nothing
nothing
nothing
nothing
nothing
nothing
nothing
nothing
nothing
nothing
nothing
nothing
nothing
nothing
nothing
nothing
nothing

dfbasis_cor=special
aug-cc-pVDZ-RI
aug-cc-pVDZ-RI
aug-cc-pVDZ-RI
aug-cc-pVDZ-RI
aug-cc-pVDZ-RI
bse_CVDZ_mp2fit
aug-cc-pVDZ-RI
aug-cc-pVDZ-RI
aug-cc-pVDZ-RI
aug-cc-pVDZ-RI
aug-cc-pVDZ-RI
bse_CVDZ_mp2fit
bse_CVDZ_mp2fit
bse_CVDZ_mp2fit
bse_CVDZ_mp2fit
aug-cc-pVDZ-RI
aug-cc-pVDZ-RI
aug-cc-pVDZ-RI
aug-cc-pVDZ-RI
aug-cc-pVDZ-RI
aug-cc-pVDZ-RI
aug-cc-pVDZ-RI
aug-cc-pVDZ-RI
aug-cc-pVDZ-RI
aug-cc-pVDZ-RI
aug-cc-pVDZ-RI
aug-cc-pVDZ-RI
nothing
nothing
nothing
nothing
nothing
nothing
nothing
nothing
nothing
nothing
nothing
nothing
nothing
nothing
nothing
nothing
nothing
nothing
nothing
nothing
nothing
nothing
nothing
nothing
nothing
nothing
nothing
nothing
nothing
nothing
nothing
nothing
nothing
nothing
nothing
nothing
nothing
nothing
nothing
nothing
nothing
nothing
nothing
nothing
nothing
nothing
nothing
nothing
nothing
nothing
nothing
nothing
nothing

ecp=special
none
none
none
none
none
none
none
none
none
none
none
none
none
none
none
none
none
none
none
none
none
none
none
none
none
none
none
ECP-12
ECP-12
ECP-12
ECP-12
ECP-12
ECP-12
ECP-12
ECP-12
ECP-12
ECP-12
ECP-12
ECP-12
ECP-12
ECP-12
ECP-12
ECP-12
ECP-12
ECP-12
ECP-12
ECP-12
ECP-12
ECP-12
ECP-12
ECP-12
ECP-12
ECP-12
ECP-12
ECP-12
ECP-12
ECP-12
ECP-12
ECP-12
ECP-12
ECP-12
ECP-12
ECP-12
ECP-12
ECP-12
ECP-12
ECP-12
ECP-12
ECP-12
ECP-12
ECP-12
ECP-12
ECP-12
ECP-12
ECP-12
ECP-12
ECP-12
ECP-12
ECP-12
ECP-12

unit=angs
geom=xyz
80
C1 H4 Mg5 O17 ECP53
C     0.00000006415   -0.00001930787    3.08759408404
H    -0.00000040690    0.89812293656    3.71746235133
H    -0.00000046095   -0.89810576974    3.71745126580
H     0.90393161602    0.00000078092    2.46233355816
H    -0.90393233500    0.00000081918    2.46233320601
Mg    0.00000000000    0.00000000000   -0.03706705503
O    -0.00000009064    2.11144212086   -0.00543359663
O    -0.00000008555   -2.11144200804   -0.00543374182
O     2.11236193384   -0.00000001173   -0.00031603319
O    -2.11236176280   -0.00000005353   -0.00031610707
O     0.00000002086    0.00000002808   -2.15483520451
Mg   -2.10926338781    2.11106850377   -0.04919051637
Mg    2.10926348709    2.11106854471   -0.04919024713
Mg    2.10926346373   -2.11106860766   -0.04919025047
Mg   -2.10926347788   -2.11106855668   -0.04919059204
O    -2.11088757164    2.11035484012   -2.15762306845
O     2.11088743165    2.11035482711   -2.15762303003
O     2.11088732364   -2.11035480594   -2.15762302780
O    -2.11088753807   -2.11035472988   -2.15762314009
O    -4.22049355633    2.11059949289   -0.00075740740
O     4.22049349949    2.11059949289   -0.00075740740
O     4.22049354731   -2.11059942148   -0.00075782541
O    -4.22049350851   -2.11059942148   -0.00075782541
O    -2.11075449301    4.22049365051   -0.00000012904
O     2.11075457249    4.22049366033    0.00000000000
O     2.11075457249   -4.22049339549    0.00000000000
O    -2.11075449301   -4.22049340530   -0.00000012904
Mg   -0.00000016683    2.10941214786   -2.15086819119
Mg   -0.00000011484   -2.10941206996   -2.15086852727
Mg   -2.10933150267    0.00000010683   -2.15148596685
Mg    2.10933153095    0.00000002445   -2.15148584377
Mg   -0.00000006486    4.22049360725   -0.04840206101
Mg   -0.00000006486   -4.22049344857   -0.04840206101
Mg   -4.22049355717    0.00000004780   -0.04994278871
Mg    4.22049349864    0.00000004780   -0.04994278871
Mg   -0.00000011920    0.00000009893   -4.27642632973
Mg   -4.22049362330    2.11051838806   -2.15174427761
Mg    4.22049343251    2.11051838806   -2.15174427761
Mg    4.22049346398   -2.11051827857   -2.15174419716
Mg   -4.22049359184   -2.11051827857   -2.15174419716
Mg   -2.11030792409    4.22049360823   -2.15187242290
Mg    2.11030787446    4.22049367221   -2.15187250396
Mg    2.11030787446   -4.22049338360   -2.15187250396
Mg   -2.11030792409   -4.22049344759   -2.15187242290
Mg   -2.11024688315    2.11024686288   -4.27642632973
Mg    2.11024664475    2.11024686288   -4.27642632973
Mg    2.11024664475   -2.11024666502   -4.27642632973
Mg   -2.11024688315   -2.11024666502   -4.27642632973
Mg   -4.22049356049    4.22049355389   -0.04628482082
Mg    4.22049349533    4.22049355389   -0.04628482082
Mg    4.22049349533   -4.22049350193   -0.04628482082
Mg   -4.22049356049   -4.22049350193   -0.04628482082
Mg   -4.22049364711    0.00000009893   -4.27642632973
Mg   -0.00000011920    4.22049362684   -4.27642632973
Mg    4.22049340871    0.00000009893   -4.27642632973
Mg   -0.00000011920   -4.22049342898   -4.27642632973
Mg   -2.10926347788    6.32991849914   -0.04919059204
Mg    2.10926346373    6.32991844816   -0.04919025047
Mg    2.10926348709   -6.32991851111   -0.04919024713
Mg   -2.10926338781   -6.32991855205   -0.04919051637
Mg   -6.33172356873    2.11106854471   -0.04919024713
Mg    6.33172366801    2.11106850377   -0.04919051637
Mg    6.33172357794   -2.11106855668   -0.04919059204
Mg   -6.33172359209   -2.11106860766   -0.04919025047
Mg   -0.00000011484    6.33157498586   -2.15086852727
Mg   -0.00000016683   -6.33157490796   -2.15086819119
Mg   -6.33165552487    0.00000002445   -2.15148584377
Mg    6.33165555315    0.00000010683   -2.15148596685
Mg   -4.22049364711    4.22049362684   -4.27642632973
Mg    4.22049340871    4.22049362684   -4.27642632973
Mg    4.22049340871   -4.22049342898   -4.27642632973
Mg   -4.22049364711   -4.22049342898   -4.27642632973
Mg   -4.22049359184    6.33046877724   -2.15174419716
Mg    4.22049346398    6.33046877724   -2.15174419716
Mg    4.22049343251   -6.33046866776   -2.15174427761
Mg   -4.22049362330   -6.33046866776   -2.15174427761
Mg   -6.33067918136    4.22049367221   -2.15187250396
Mg    6.33067913172    4.22049360823   -2.15187242290
Mg    6.33067913172   -4.22049344759   -2.15187242290
Mg   -6.33067918136   -4.22049338360   -2.15187250396


ghost=serialno
1-5

qmmm=Amber
pointcharges
10169
     -0.00000016683    2.10941214786   -2.15086819119    2.00000000000
     -0.00000011484   -2.10941206996   -2.15086852727    2.00000000000
     -2.10933150267    0.00000010683   -2.15148596685    2.00000000000
      2.10933153095    0.00000002445   -2.15148584377    2.00000000000
--------------------Output has been truncated-------------------------


--------------------Output has been truncated-------------------------


--------------------Output has been truncated-------------------------


--------------------Output has been truncated-------------------------


--------------------Output has been truncated-------------------------


--------------------Output has been truncated-------------------------


--------------------Output has been truncated-------------------------


--------------------Output has been truncated-------------------------


--------------------Output has been truncated-------------------------


--------------------Output has been truncated-------------------------


 
 Final local CC results:
 
 Minimum number of correlated electrons:        38       ( 21.6%)
 Maximum number of correlated electrons:        94       ( 53.4%)
 Average number of correlated electrons:        55.2     ( 31.4%)
 Minimum number of correlated orbitals:         59       ( 10.5%)
 Maximum number of correlated orbitals:        178       ( 31.6%)
 Average number of correlated orbitals:        104.6     ( 18.6%)
 
 CPU time for integral calculations [min]:                  3.263
 Wall time for integral calculations [min]:                 0.668
 
 CPU time for SCF calculation [min]:                       74.744
 Wall time for SCF calculation [min]:                       1.887
 
 CPU time for orbital localization [min]:                   0.233
 Wall time for orbital localization [min]:                  0.034
 
 CPU time for integral transformations [min]:            1021.423
 Wall time for integral transformations [min]:             28.061
 
 Reference energy [au]:                                -11636.667648942284
 
 LMP2 correlation energy [au]:                             -4.436797065877
 Total LMP2 energy [au]:                               -11641.104446008161
 
 Total MP2 correction for dropped NAFs [au]:                0.001732296334
 Total MP2 correction [au]:                                -0.010301302323
 
 CPU time for CCSD calculations [min]:                    519.994
 Total CPU time for CCSD [min]:                          1619.657
 Wall time for CCSD calculations [min]:                    17.912
 Total wall time for CCSD [min]:                           48.562
 
 CCSD correlation energy [au]:                             -4.460221787137
 Total CCSD energy [au]:                               -11641.127870729422
 CCSD correlation energy + 0.5 MP2 corrections [au]:       -4.465372438299
 Total LNO-CCSD energy with MP2 corrections [au]:      -11641.133021380583
 
 CPU time for (T) corrections [min]:                      611.442
 Total CPU time for CCSD(T) [min]:                       2231.100
 Wall time for (T) corrections [min]:                      15.604
 Total wall time for CCSD(T) [min]:                        64.166
 
 Total (T) correlation energy contribution [au]:           -0.112297219836
 Total (T) correlation energy+0.5 MP2 correction [au]:     -0.117447870997
 CCSD(T) correlation energy [au]:                          -4.572519006973
 Total CCSD(T) energy [au]:                            -11641.240167949258
 CCSD(T) correlation energy + MP2 corrections [au]:        -4.582820309296
 Total LNO-CCSD(T) energy with MP2 corrections [au]:   -11641.250469251579
 
 ======================================================================
 ======================================================================
 
 ************************ 2022-11-13 06:59:22 *************************
                      Normal termination of mrcc.
 **********************************************************************
