 **********************************************************************
                          MRCC program system
 **********************************************************************
 
                              Written by
     Mihaly Kallay, Peter R. Nagy, David Mester, Laszlo Gyevi-Nagy,
        Jozsef Csoka, P. Bernat Szabo, Zoltan Rolik, Gyula Samu,
     Jozsef Csontos, Bence Hegely, Adam Ganyecz, Istvan Ladjanszki,
       Lorant Szegedy, Bence Ladoczki, Klara Petrov, Mate Farkas,
                    Pal D. Mezei, and Reka A. Horvath
 
        Department of Physical Chemistry and Materials Science
            Budapest University of Technology and Economics
                  Budapest P.O.Box 91, H-1521 Hungary
 
                              www.mrcc.hu
 
                      Release date: March 18, 2022

 ************************ 2023-02-05 13:17:20 *************************
 Executing minp...

 Reading input from MINP...
 
 Input file:
 
calc=FNO-CCSD(T)
verbosity=3
mem=220GB
unit=angs
scfiguess=small
scfalg=locfit1
ccmaxit=400
ccsdalg=dfdirect
ccsdthreads=4
ccsdmkl=thr
ptthreads=4
lnoepsv=1e-5
naf_cor=1e-2
basis=aug-cc-pVTZ
basis_sm=def2-SVP
dfbasis_scf=def2-QZVPP-RI-JK
dfbasis_cor=aug-cc-pVTZ-RI
unit=angs
geom=xyz
16

C    34.41670262    34.07107264    10.41543014
C    33.11117461    33.45680459    10.91530835
H    34.24160149    35.00442132     9.86225048
H    34.94674030    33.36940783     9.75379242
H    35.10002891    34.30603621    11.24227357
H    32.42643037    33.26105434    10.07939442
H    32.59136835    34.12756100    11.61262818
H    33.28915165    32.50678735    11.43686767
C    45.74245091    44.62250599    10.40840413
C    47.04216650    44.00866602    10.92356358
H    45.21716670    43.91831109     9.74574003
H    45.92449924    45.55346314     9.85293887
H    45.05140676    44.86310997    11.22701403
H    47.73607526    43.81200646    10.09557036
H    46.85792277    43.05914398    11.44395536
H    47.55426425    44.68025716    11.62583355

--------------------Output has been truncated-------------------------


--------------------Output has been truncated-------------------------


--------------------Output has been truncated-------------------------


--------------------Output has been truncated-------------------------


--------------------Output has been truncated-------------------------


--------------------Output has been truncated-------------------------


--------------------Output has been truncated-------------------------


--------------------Output has been truncated-------------------------


--------------------Output has been truncated-------------------------


--------------------Output has been truncated-------------------------


 
 Reference energy [au]:                      -158.519089247071
 DF-MP2 singlet pair energy [au]:              -0.600509767526
 DF-MP2 triplet pair energy [au]:              -0.150063605652
 DF-SCS-MP2 correlation energy [au]:           -0.770632922915
 DF-SCS-MP2 energy [au]:                     -159.289722169986
 DF-SOS-MP2 correlation energy [au]:           -0.780662697783
 DF-SOS-MP2 energy [au]:                     -159.299751944854
 DF-MP2 correlation energy [au]:               -0.750573373178
 DF-MP2 energy [au]:                         -159.269662620249

 Results in FNO basis:
 
 
 Reference energy [au]:                      -158.519089247071
 DF-MP2 singlet pair energy [au]:              -0.598169327534
 DF-MP2 triplet pair energy [au]:              -0.149851054015
 DF-SCS-MP2 correlation energy [au]:           -0.767753544379
 DF-SCS-MP2 energy [au]:                     -159.286842791450
 DF-SOS-MP2 correlation energy [au]:           -0.777620125794
 DF-SOS-MP2 energy [au]:                     -159.296709372865
 DF-MP2 correlation energy [au]:               -0.748020381549
 DF-MP2 energy [au]:                         -159.267109628620

 Results in NAF basis:
 
 
 Reference energy [au]:                      -158.519089247071
 DF-MP2 singlet pair energy [au]:              -0.598047828343
 DF-MP2 triplet pair energy [au]:              -0.149929146465
 DF-SCS-MP2 correlation energy [au]:           -0.767633776167
 DF-SCS-MP2 energy [au]:                     -159.286723023238
 DF-SOS-MP2 correlation energy [au]:           -0.777462176846
 DF-SOS-MP2 energy [au]:                     -159.296551423917
 DF-MP2 correlation energy [au]:               -0.747976974808
 DF-MP2 energy [au]:                         -159.267066221879

 ************************ 2023-02-05 13:18:03 *************************
 Executing ccsd...

 Allocation of 220.0 Gbytes of memory...

 Direct DF-CCSD(T) calculation
 
 Convergence criterion:  1.0E-06
 
 Number of occupied/virtual/auxiliary orbitals:    14   278   756
   3422.71 MB is the minimal memory requirement for (T)
    780.99 MB is the minimal memory requirement for CCSD
 
 Reference energy [au]:            -158.519089247071
 T1 contribution [au]:                0.000000000000
 Same spin MP2 energy [au]:          -0.149889981953
 Opposite spin MP2 energy [au]:      -0.598108236551
 MP2 correlation energy [au]:        -0.747998218504
 Total MP2 energy [au]:            -159.267087465575
 MP2 correction [au]:                -0.002575154674
 
 
 CPU time [min]:     0.909                   Wall time [min]:     0.132
 
 Starting CCSD iterations...
 
                     Residual norm          Energy
 Iteration  1        0.241423280636     -159.308944306061
 Iteration  2        0.060038573094     -159.328074312183
 Iteration  3        0.015975943179     -159.329986473699
 Iteration  4        0.003604225186     -159.330003109547
 Iteration  5        0.000758967203     -159.330013525344
 Iteration  6        0.000215375840     -159.330019680102
 Iteration  7        0.000051277126     -159.330019249369
 Iteration  8        0.000013080811     -159.330019832641
 Iteration  9        0.000002622722     -159.330019780592
 
 CCSD iteration has converged in  9 steps.
    23656.02 MB memory was utilized by CCSD
 
 T1 diagnostic:      7.817E-03            D1 diagnostic:      1.354E-02
 
 T1 contribution [au]:                                  0.000000000000
 PPL energy contribution [au]:                          0.205823678454
 Scaled PPL energy contribution [au]:                   0.206541134962

 OS-PPL energy contribution [au]:                       0.179923231578
 Scaled OS-PPL energy contribution [au]:                0.180665432673
 SS-PPL energy contribution [au]:                       0.025900446876
 Scaled SS-PPL energy contribution [au]:                0.025924102969

 Opposite spin CCSD energy [au]:                       -0.668569319196
 Same spin CCSD energy [au]:                           -0.142398600291
 CCSD correlation energy [au]:                         -0.810967919487
 CCSD correlation energy + MP2 correction [au]:        -0.813543074161
 CCSD correlation energy + MP2 + PPL corr. [au]:       -0.812825617654
 Total CCSD energy [au]:                             -159.330057166558
 Total CCSD energy + MP2 correction [au]:            -159.332632321232
 Total CCSD energy + MP2 + PPL corr. [au]:           -159.331914864725
 
 CPU time [min]:    53.343                   Wall time [min]:     1.782
 
 Calculation of (T) correction...
 
 
     4429.83 MB memory is utilized for (T)

 0%       25%       50%       75%       100%
 |---------|---------|---------|---------| 
 
 (T) correction [au]:                                    -0.027917950024
 (T*) correction [au]:                                   -0.028014063942
 (T+) correction [au]:                                   -0.028012900293
 CCSD(T) correlation energy [au]:                        -0.838885869511
 CCSD(T) correlation energy + MP2 correction [au]:       -0.841461024185
 CCSD(T+) correlation en. + MP2 + PPL corr. [au]:        -0.840838517947
 Total CCSD(T) energy [au]:                            -159.357975116582
 Total CCSD(T) energy + MP2 correction [au]:           -159.360550271256
 Total CCSD(T+) energy + MP2 + PPL corr. [au]:         -159.359927765018
 
 CPU time [min]:   111.235                   Wall time [min]:     3.486
 
 ************************ 2023-02-05 13:21:32 *************************
                      Normal termination of mrcc.
 **********************************************************************
