================================================================================
                                       INPUT FILE
================================================================================
NAME = orca.inp
|  1>  ! TightSCF RI-MP2 RIJCOSX SlowConv DIIS
|  2> %maxcore 75000
|  3> %pal
|  4> nprocs 16
|  5> end
|  6> %pointcharges "orca.bq"
|  7> %method
|  8> Method hf
|  9> RI on
| 10> RunTyp Energy
| 11> NewNCore O 2 end
| 12> NewNCore Mg 2 end
| 13> NewNCore H 0 end
| 14> NewNCore C 2 end
| 15> end
| 16> %basis
| 17> NewGTO Mg
| 18> "cc-pwCVDZ"
| 19> end
| 20> NewGTO H
| 21> "aug-cc-pVDZ"
| 22> end
| 23> NewGTO C
| 24> "aug-cc-pVDZ"
| 25> end
| 26> NewGTO O
| 27> "aug-cc-pVDZ"
| 28> end
| 29> NewAuxCGTO Mg
| 30> "AutoAux"
| 31> end
| 32> NewAuxCGTO H
| 33> "aug-cc-pVDZ/C"
| 34> end
| 35> NewAuxCGTO C
| 36> "aug-cc-pVDZ/C"
| 37> end
| 38> NewAuxCGTO O 
| 39> "aug-cc-pVDZ/C"
| 40> end
| 41> Aux "def2/J"
| 42> end
| 43> %scf
| 44> HFTyp rhf
| 45> Guess MORead
| 46> MOInp "orca_svp_start.gbw"
| 47> SCFMode Direct
| 48> sthresh 1e-6
| 49> AutoTRAHIter 60
| 50> MaxIter 1000
| 51> end
| 52> %coords
| 53> CTyp xyz
| 54> Mult 1
| 55> Units angs
| 56>       Charge -32
| 57>   coords
| 58> C:                     -0.76885753489    1.07411532797    3.02100749847
| 59> O:                     -0.76210882596   -0.04797415604    2.12425634126
| 60> H:                      0.10458782109    0.98019758004    3.67974724568
| 61> H:                     -1.57844236271    0.00010060711    1.52043498366
| 62> H:                     -0.69008735546    2.02833261801    2.47105234534
| 63> H:                     -1.67866825361    1.07925561358    3.64425977492
| 64> Mg                      0.00000000000    0.00000000000    0.00000000000
| 65> O                       2.07076100186    0.00657476458   -0.06780151869
| 66> O                      -0.05821065551   -2.11826435397   -0.09420906408
| 67> O                      -0.05892765054    2.12792286504   -0.07924086397
| 68> O                      -0.06108106527    0.00672094176   -2.20393962512
| 69> O                      -2.21049159528    0.00721412441   -0.01986080603
| 70> Mg                      2.05205075623   -2.11262858481   -0.11290406688
| 71> Mg                      2.05490301170    2.12301243576   -0.11795608829
| 72> Mg                     -2.16590396214   -2.12856842063   -0.11977523747
| 73> Mg                     -2.17133818356    2.13894675777   -0.13610194951
| 74> O                       2.05727117546   -2.10447259807   -2.22465343908
| 75> O                       2.05617549806    2.11547436538   -2.22438808913
| 76> O                      -2.17001096345   -2.09984855651   -2.21953943360
| 77> O                      -2.16929624903    2.11084588707   -2.22161898850
| 78> Mg                      4.14248767441    0.00384193246   -0.11693599476
| 79> Mg                     -0.05281126859   -4.21222214630   -0.12351428218
| 80> Mg                     -0.05281126859    4.22876490951   -0.12351428218
| 81> Mg                     -4.29849938141    0.00384193246   -0.11693599476
| 82> O                       4.16388178388   -2.11080274455   -0.06740952626
| 83> O                       4.16410635867    2.12071279654   -0.06759918151
| 84> O                       2.05592464709   -4.21647197299   -0.07088607727
| 85> O                       2.05592464709    4.22451508283   -0.07088607727
| 86> O                       4.16845957131    0.00594716631   -2.22122595955
| 87> O                      -2.16951903903   -4.21725649823   -0.07310060274
| 88> O                      -2.16951903903    4.22373055759   -0.07310060274
| 89> O                      -4.27710527194   -2.11080274455   -0.06740952626
| 90> O                      -0.05752156949   -4.21666671452   -2.23048631498
| 91> O                      -4.27688069714    2.12071279654   -0.06759918151
| 92> O                      -0.05752156949    4.22432034129   -2.23048631498
| 93> O                      -4.27252748451    0.00594716631   -2.22122595955
| 94> O                       6.23049546054    0.00721412441   -0.01986080603
| 95> O                      -0.05892765054   -6.31306419078   -0.07924086397
| 96> O                      -0.05821065551    6.32272270184   -0.09420906408
| 97> O                      -6.37022605395    0.00657476458   -0.06780151869
| 98> Mg>    2.00000000000    2.04633481111    0.00468094452   -2.21282958198
| 99> NewECP
|100> N_core 0
|101> lmax f
|102> s 1
|103> 1      1.732000000   14.676000000 2
|104> p 1
|105> 1      1.115000000    5.175700000 2
|106> d 1
|107> 1      1.203000000   -1.816000000 2
|108> f 1
|109> 1      1.000000000    0.000000000 2
|110> end
|111> Mg>    2.00000000000   -0.05465273515   -2.09588957423   -2.21013828133
|112> NewECP
|113> N_core 0
|114> lmax f
|115> s 1
|116> 1      1.732000000   14.676000000 2
|117> p 1
|118> 1      1.115000000    5.175700000 2
|119> d 1
|120> 1      1.203000000   -1.816000000 2
|121> f 1
|122> 1      1.000000000    0.000000000 2
|123> end
|124> Mg>    2.00000000000   -0.05400692288    2.10665530179   -2.21006086839
|125> NewECP
|126> N_core 0
|127> lmax f
|128> s 1
|129> 1      1.732000000   14.676000000 2
|130> p 1
|131> 1      1.115000000    5.175700000 2
|132> d 1
|133> 1      1.203000000   -1.816000000 2
|134> f 1
|135> 1      1.000000000    0.000000000 2
|136> end
|137> Mg>    2.00000000000   -2.15741385988    0.00391916526   -2.21216924080
|138> NewECP
|139> N_core 0
|140> lmax f
|141> s 1
|142> 1      1.732000000   14.676000000 2
|143> p 1
|144> 1      1.115000000    5.175700000 2
|145> d 1
|146> 1      1.203000000   -1.816000000 2
|147> f 1
|148> 1      1.000000000    0.000000000 2
|149> end
|150> Mg>    2.00000000000   -0.05580793263    0.00625184915   -4.34249950126
|151> NewECP
|152> N_core 0
|153> lmax f
|154> s 1
|155> 1      1.732000000   14.676000000 2
|156> p 1
|157> 1      1.115000000    5.175700000 2
|158> d 1
|159> 1      1.203000000   -1.816000000 2
|160> f 1
|161> 1      1.000000000    0.000000000 2
|162> end
|163> Mg>    2.00000000000    4.16224126384   -2.10356384611   -2.21872011682
|164> NewECP
|165> N_core 0
|166> lmax f
|167> s 1
|168> 1      1.732000000   14.676000000 2
|169> p 1
|170> 1      1.115000000    5.175700000 2
|171> d 1
|172> 1      1.203000000   -1.816000000 2
|173> f 1
|174> 1      1.000000000    0.000000000 2
|175> end
|176> Mg>    2.00000000000    4.16100455044    2.11451230958   -2.22113101436
|177> NewECP
|178> N_core 0
|179> lmax f
|180> s 1
|181> 1      1.732000000   14.676000000 2
|182> p 1
|183> 1      1.115000000    5.175700000 2
|184> d 1
|185> 1      1.203000000   -1.816000000 2
|186> f 1
|187> 1      1.000000000    0.000000000 2
|188> end
|189> Mg>    2.00000000000    2.05197349777   -4.21424795152   -2.22276967351
|190> NewECP
|191> N_core 0
|192> lmax f
|193> s 1
|194> 1      1.732000000   14.676000000 2
|195> p 1
|196> 1      1.115000000    5.175700000 2
|197> d 1
|198> 1      1.203000000   -1.816000000 2
|199> f 1
|200> 1      1.000000000    0.000000000 2
|201> end
|202> Mg>    2.00000000000    2.05197349777    4.22673910430   -2.22276967351
|203> NewECP
|204> N_core 0
|205> lmax f
|206> s 1
|207> 1      1.732000000   14.676000000 2
|208> p 1
|209> 1      1.115000000    5.175700000 2
|210> d 1
|211> 1      1.203000000   -1.816000000 2
|212> f 1
|213> 1      1.000000000    0.000000000 2
|214> end
|215> Mg>    2.00000000000   -2.16497461978   -4.21325636366   -2.22512792174
|216> NewECP
|217> N_core 0
|218> lmax f
|219> s 1
|220> 1      1.732000000   14.676000000 2
|221> p 1
|222> 1      1.115000000    5.175700000 2
|223> d 1
|224> 1      1.203000000   -1.816000000 2
|225> f 1
|226> 1      1.000000000    0.000000000 2
|227> end
|228> Mg>    2.00000000000    2.05443883132   -2.10399491481   -4.34249950126
|229> NewECP
|230> N_core 0
|231> lmax f
|232> s 1
|233> 1      1.732000000   14.676000000 2
|234> p 1
|235> 1      1.115000000    5.175700000 2
|236> d 1
|237> 1      1.203000000   -1.816000000 2
|238> f 1
|239> 1      1.000000000    0.000000000 2
|240> end
|241> Mg>    2.00000000000   -2.16497461978    4.22773069216   -2.22512792174
|242> NewECP
|243> N_core 0
|244> lmax f
|245> s 1
|246> 1      1.732000000   14.676000000 2
|247> p 1
|248> 1      1.115000000    5.175700000 2
|249> d 1
|250> 1      1.203000000   -1.816000000 2
|251> f 1
|252> 1      1.000000000    0.000000000 2
|253> end
|254> Mg>    2.00000000000    2.05443883132    2.11649861310   -4.34249950126
|255> NewECP
|256> N_core 0
|257> lmax f
|258> s 1
|259> 1      1.732000000   14.676000000 2
|260> p 1
|261> 1      1.115000000    5.175700000 2
|262> d 1
|263> 1      1.203000000   -1.816000000 2
|264> f 1
|265> 1      1.000000000    0.000000000 2
|266> end
|267> Mg>    2.00000000000   -4.27874579197   -2.10356384611   -2.21872011682
|268> NewECP
|269> N_core 0
|270> lmax f
|271> s 1
|272> 1      1.732000000   14.676000000 2
|273> p 1
|274> 1      1.115000000    5.175700000 2
|275> d 1
|276> 1      1.203000000   -1.816000000 2
|277> f 1
|278> 1      1.000000000    0.000000000 2
|279> end
|280> Mg>    2.00000000000   -4.27998250537    2.11451230958   -2.22113101436
|281> NewECP
|282> N_core 0
|283> lmax f
|284> s 1
|285> 1      1.732000000   14.676000000 2
|286> p 1
|287> 1      1.115000000    5.175700000 2
|288> d 1
|289> 1      1.203000000   -1.816000000 2
|290> f 1
|291> 1      1.000000000    0.000000000 2
|292> end
|293> Mg>    2.00000000000   -2.16605469659   -2.10399491481   -4.34249950126
|294> NewECP
|295> N_core 0
|296> lmax f
|297> s 1
|298> 1      1.732000000   14.676000000 2
|299> p 1
|300> 1      1.115000000    5.175700000 2
|301> d 1
|302> 1      1.203000000   -1.816000000 2
|303> f 1
|304> 1      1.000000000    0.000000000 2
|305> end
|306> Mg>    2.00000000000   -2.16605469659    2.11649861310   -4.34249950126
|307> NewECP
|308> N_core 0
|309> lmax f
|310> s 1
|311> 1      1.732000000   14.676000000 2
|312> p 1
|313> 1      1.115000000    5.175700000 2
|314> d 1
|315> 1      1.203000000   -1.816000000 2
|316> f 1
|317> 1      1.000000000    0.000000000 2
|318> end
|319> Mg>    2.00000000000    4.15930375490   -4.21437435328   -0.11648485895
|320> NewECP
|321> N_core 0
|322> lmax f
|323> s 1
|324> 1      1.732000000   14.676000000 2
|325> p 1
|326> 1      1.115000000    5.175700000 2
|327> d 1
|328> 1      1.203000000   -1.816000000 2
|329> f 1
|330> 1      1.000000000    0.000000000 2
|331> end
|332> Mg>    2.00000000000    4.15930375490    4.22661270253   -0.11648485895
|333> NewECP
|334> N_core 0
|335> lmax f
|336> s 1
|337> 1      1.732000000   14.676000000 2
|338> p 1
|339> 1      1.115000000    5.175700000 2
|340> d 1
|341> 1      1.203000000   -1.816000000 2
|342> f 1
|343> 1      1.000000000    0.000000000 2
|344> end
|345> Mg>    2.00000000000   -4.28168330092   -4.21437435328   -0.11648485895
|346> NewECP
|347> N_core 0
|348> lmax f
|349> s 1
|350> 1      1.732000000   14.676000000 2
|351> p 1
|352> 1      1.115000000    5.175700000 2
|353> d 1
|354> 1      1.203000000   -1.816000000 2
|355> f 1
|356> 1      1.000000000    0.000000000 2
|357> end
|358> Mg>    2.00000000000    4.16468559528    0.00625184915   -4.34249950126
|359> NewECP
|360> N_core 0
|361> lmax f
|362> s 1
|363> 1      1.732000000   14.676000000 2
|364> p 1
|365> 1      1.115000000    5.175700000 2
|366> d 1
|367> 1      1.203000000   -1.816000000 2
|368> f 1
|369> 1      1.000000000    0.000000000 2
|370> end
|371> Mg>    2.00000000000   -4.28168330092    4.22661270253   -0.11648485895
|372> NewECP
|373> N_core 0
|374> lmax f
|375> s 1
|376> 1      1.732000000   14.676000000 2
|377> p 1
|378> 1      1.115000000    5.175700000 2
|379> d 1
|380> 1      1.203000000   -1.816000000 2
|381> f 1
|382> 1      1.000000000    0.000000000 2
|383> end
|384> Mg>    2.00000000000   -0.05580793263   -4.21424167876   -4.34249950126
|385> NewECP
|386> N_core 0
|387> lmax f
|388> s 1
|389> 1      1.732000000   14.676000000 2
|390> p 1
|391> 1      1.115000000    5.175700000 2
|392> d 1
|393> 1      1.203000000   -1.816000000 2
|394> f 1
|395> 1      1.000000000    0.000000000 2
|396> end
|397> Mg>    2.00000000000   -0.05580793263    4.22674537706   -4.34249950126
|398> NewECP
|399> N_core 0
|400> lmax f
|401> s 1
|402> 1      1.732000000   14.676000000 2
|403> p 1
|404> 1      1.115000000    5.175700000 2
|405> d 1
|406> 1      1.203000000   -1.816000000 2
|407> f 1
|408> 1      1.000000000    0.000000000 2
|409> end
|410> Mg>    2.00000000000   -4.27630146054    0.00625184915   -4.34249950126
|411> NewECP
|412> N_core 0
|413> lmax f
|414> s 1
|415> 1      1.732000000   14.676000000 2
|416> p 1
|417> 1      1.115000000    5.175700000 2
|418> d 1
|419> 1      1.203000000   -1.816000000 2
|420> f 1
|421> 1      1.000000000    0.000000000 2
|422> end
|423> Mg>    2.00000000000    6.26964887226    2.13894675777   -0.13610194951
|424> NewECP
|425> N_core 0
|426> lmax f
|427> s 1
|428> 1      1.732000000   14.676000000 2
|429> p 1
|430> 1      1.115000000    5.175700000 2
|431> d 1
|432> 1      1.203000000   -1.816000000 2
|433> f 1
|434> 1      1.000000000    0.000000000 2
|435> end
|436> Mg>    2.00000000000    6.27508309368   -2.12856842063   -0.11977523747
|437> NewECP
|438> N_core 0
|439> lmax f
|440> s 1
|441> 1      1.732000000   14.676000000 2
|442> p 1
|443> 1      1.115000000    5.175700000 2
|444> d 1
|445> 1      1.203000000   -1.816000000 2
|446> f 1
|447> 1      1.000000000    0.000000000 2
|448> end
|449> Mg>    2.00000000000    2.05490301170   -6.31797462006   -0.11795608829
|450> NewECP
|451> N_core 0
|452> lmax f
|453> s 1
|454> 1      1.732000000   14.676000000 2
|455> p 1
|456> 1      1.115000000    5.175700000 2
|457> d 1
|458> 1      1.203000000   -1.816000000 2
|459> f 1
|460> 1      1.000000000    0.000000000 2
|461> end
|462> Mg>    2.00000000000    2.05205075623    6.32835847101   -0.11290406688
|463> NewECP
|464> N_core 0
|465> lmax f
|466> s 1
|467> 1      1.732000000   14.676000000 2
|468> p 1
|469> 1      1.115000000    5.175700000 2
|470> d 1
|471> 1      1.203000000   -1.816000000 2
|472> f 1
|473> 1      1.000000000    0.000000000 2
|474> end
|475> Mg>    2.00000000000    6.28357319593    0.00391916526   -2.21216924080
|476> NewECP
|477> N_core 0
|478> lmax f
|479> s 1
|480> 1      1.732000000   14.676000000 2
|481> p 1
|482> 1      1.115000000    5.175700000 2
|483> d 1
|484> 1      1.203000000   -1.816000000 2
|485> f 1
|486> 1      1.000000000    0.000000000 2
|487> end
|488> Mg>    2.00000000000   -2.17133818356   -6.30204029805   -0.13610194951
|489> NewECP
|490> N_core 0
|491> lmax f
|492> s 1
|493> 1      1.732000000   14.676000000 2
|494> p 1
|495> 1      1.115000000    5.175700000 2
|496> d 1
|497> 1      1.203000000   -1.816000000 2
|498> f 1
|499> 1      1.000000000    0.000000000 2
|500> end
|501> Mg>    2.00000000000   -2.16590396214    6.31241863519   -0.11977523747
|502> NewECP
|503> N_core 0
|504> lmax f
|505> s 1
|506> 1      1.732000000   14.676000000 2
|507> p 1
|508> 1      1.115000000    5.175700000 2
|509> d 1
|510> 1      1.203000000   -1.816000000 2
|511> f 1
|512> 1      1.000000000    0.000000000 2
|513> end
|514> Mg>    2.00000000000   -0.05400692288   -6.33433175402   -2.21006086839
|515> NewECP
|516> N_core 0
|517> lmax f
|518> s 1
|519> 1      1.732000000   14.676000000 2
|520> p 1
|521> 1      1.115000000    5.175700000 2
|522> d 1
|523> 1      1.203000000   -1.816000000 2
|524> f 1
|525> 1      1.000000000    0.000000000 2
|526> end
|527> Mg>    2.00000000000   -0.05465273515    6.34509748159   -2.21013828133
|528> NewECP
|529> N_core 0
|530> lmax f
|531> s 1
|532> 1      1.732000000   14.676000000 2
|533> p 1
|534> 1      1.115000000    5.175700000 2
|535> d 1
|536> 1      1.203000000   -1.816000000 2
|537> f 1
|538> 1      1.000000000    0.000000000 2
|539> end
|540> Mg>    2.00000000000   -6.38893629959   -2.11262858481   -0.11290406688
|541> NewECP
|542> N_core 0
|543> lmax f
|544> s 1
|545> 1      1.732000000   14.676000000 2
|546> p 1
|547> 1      1.115000000    5.175700000 2
|548> d 1
|549> 1      1.203000000   -1.816000000 2
|550> f 1
|551> 1      1.000000000    0.000000000 2
|552> end
|553> Mg>    2.00000000000   -6.38608404411    2.12301243576   -0.11795608829
|554> NewECP
|555> N_core 0
|556> lmax f
|557> s 1
|558> 1      1.732000000   14.676000000 2
|559> p 1
|560> 1      1.115000000    5.175700000 2
|561> d 1
|562> 1      1.203000000   -1.816000000 2
|563> f 1
|564> 1      1.000000000    0.000000000 2
|565> end
|566> Mg>    2.00000000000   -6.39465224470    0.00468094452   -2.21282958198
|567> NewECP
|568> N_core 0
|569> lmax f
|570> s 1
|571> 1      1.732000000   14.676000000 2
|572> p 1
|573> 1      1.115000000    5.175700000 2
|574> d 1
|575> 1      1.203000000   -1.816000000 2
|576> f 1
|577> 1      1.000000000    0.000000000 2
|578> end
|579> Mg>    2.00000000000    4.16468559528   -4.21424167876   -4.34249950126
|580> NewECP
|581> N_core 0
|582> lmax f
|583> s 1
|584> 1      1.732000000   14.676000000 2
|585> p 1
|586> 1      1.115000000    5.175700000 2
|587> d 1
|588> 1      1.203000000   -1.816000000 2
|589> f 1
|590> 1      1.000000000    0.000000000 2
|591> end
|592> Mg>    2.00000000000    4.16468559528    4.22674537706   -4.34249950126
|593> NewECP
|594> N_core 0
|595> lmax f
|596> s 1
|597> 1      1.732000000   14.676000000 2
|598> p 1
|599> 1      1.115000000    5.175700000 2
|600> d 1
|601> 1      1.203000000   -1.816000000 2
|602> f 1
|603> 1      1.000000000    0.000000000 2
|604> end
|605> Mg>    2.00000000000   -4.27630146054   -4.21424167876   -4.34249950126
|606> NewECP
|607> N_core 0
|608> lmax f
|609> s 1
|610> 1      1.732000000   14.676000000 2
|611> p 1
|612> 1      1.115000000    5.175700000 2
|613> d 1
|614> 1      1.203000000   -1.816000000 2
|615> f 1
|616> 1      1.000000000    0.000000000 2
|617> end
|618> Mg>    2.00000000000   -4.27630146054    4.22674537706   -4.34249950126
|619> NewECP
|620> N_core 0
|621> lmax f
|622> s 1
|623> 1      1.732000000   14.676000000 2
|624> p 1
|625> 1      1.115000000    5.175700000 2
|626> d 1
|627> 1      1.203000000   -1.816000000 2
|628> f 1
|629> 1      1.000000000    0.000000000 2
|630> end
|631> Mg>    2.00000000000    6.27601243604   -4.21325636366   -2.22512792174
|632> NewECP
|633> N_core 0
|634> lmax f
|635> s 1
|636> 1      1.732000000   14.676000000 2
|637> p 1
|638> 1      1.115000000    5.175700000 2
|639> d 1
|640> 1      1.203000000   -1.816000000 2
|641> f 1
|642> 1      1.000000000    0.000000000 2
|643> end
|644> Mg>    2.00000000000    6.27601243604    4.22773069216   -2.22512792174
|645> NewECP
|646> N_core 0
|647> lmax f
|648> s 1
|649> 1      1.732000000   14.676000000 2
|650> p 1
|651> 1      1.115000000    5.175700000 2
|652> d 1
|653> 1      1.203000000   -1.816000000 2
|654> f 1
|655> 1      1.000000000    0.000000000 2
|656> end
|657> Mg>    2.00000000000    4.16100455044   -6.32647474624   -2.22113101436
|658> NewECP
|659> N_core 0
|660> lmax f
|661> s 1
|662> 1      1.732000000   14.676000000 2
|663> p 1
|664> 1      1.115000000    5.175700000 2
|665> d 1
|666> 1      1.203000000   -1.816000000 2
|667> f 1
|668> 1      1.000000000    0.000000000 2
|669> end
|670> Mg>    2.00000000000    4.16224126384    6.33742320970   -2.21872011682
|671> NewECP
|672> N_core 0
|673> lmax f
|674> s 1
|675> 1      1.732000000   14.676000000 2
|676> p 1
|677> 1      1.115000000    5.175700000 2
|678> d 1
|679> 1      1.203000000   -1.816000000 2
|680> f 1
|681> 1      1.000000000    0.000000000 2
|682> end
|683> Mg>    2.00000000000    6.27493235923   -2.10399491481   -4.34249950126
|684> NewECP
|685> N_core 0
|686> lmax f
|687> s 1
|688> 1      1.732000000   14.676000000 2
|689> p 1
|690> 1      1.115000000    5.175700000 2
|691> d 1
|692> 1      1.203000000   -1.816000000 2
|693> f 1
|694> 1      1.000000000    0.000000000 2
|695> end
|696> Mg>    2.00000000000    6.27493235923    2.11649861310   -4.34249950126
|697> NewECP
|698> N_core 0
|699> lmax f
|700> s 1
|701> 1      1.732000000   14.676000000 2
|702> p 1
|703> 1      1.115000000    5.175700000 2
|704> d 1
|705> 1      1.203000000   -1.816000000 2
|706> f 1
|707> 1      1.000000000    0.000000000 2
|708> end
|709> Mg>    2.00000000000    2.05443883132   -6.32448844272   -4.34249950126
|710> NewECP
|711> N_core 0
|712> lmax f
|713> s 1
|714> 1      1.732000000   14.676000000 2
|715> p 1
|716> 1      1.115000000    5.175700000 2
|717> d 1
|718> 1      1.203000000   -1.816000000 2
|719> f 1
|720> 1      1.000000000    0.000000000 2
|721> end
|722> Mg>    2.00000000000    2.05443883132    6.33699214101   -4.34249950126
|723> NewECP
|724> N_core 0
|725> lmax f
|726> s 1
|727> 1      1.732000000   14.676000000 2
|728> p 1
|729> 1      1.115000000    5.175700000 2
|730> d 1
|731> 1      1.203000000   -1.816000000 2
|732> f 1
|733> 1      1.000000000    0.000000000 2
|734> end
|735> Mg>    2.00000000000   -4.27998250537   -6.32647474624   -2.22113101436
|736> NewECP
|737> N_core 0
|738> lmax f
|739> s 1
|740> 1      1.732000000   14.676000000 2
|741> p 1
|742> 1      1.115000000    5.175700000 2
|743> d 1
|744> 1      1.203000000   -1.816000000 2
|745> f 1
|746> 1      1.000000000    0.000000000 2
|747> end
|748> Mg>    2.00000000000   -4.27874579197    6.33742320970   -2.21872011682
|749> NewECP
|750> N_core 0
|751> lmax f
|752> s 1
|753> 1      1.732000000   14.676000000 2
|754> p 1
|755> 1      1.115000000    5.175700000 2
|756> d 1
|757> 1      1.203000000   -1.816000000 2
|758> f 1
|759> 1      1.000000000    0.000000000 2
|760> end
|761> Mg>    2.00000000000   -6.38901355805   -4.21424795152   -2.22276967351
|762> NewECP
|763> N_core 0
|764> lmax f
|765> s 1
|766> 1      1.732000000   14.676000000 2
|767> p 1
|768> 1      1.115000000    5.175700000 2
|769> d 1
|770> 1      1.203000000   -1.816000000 2
|771> f 1
|772> 1      1.000000000    0.000000000 2
|773> end
|774> Mg>    2.00000000000   -2.16605469659   -6.32448844272   -4.34249950126
|775> NewECP
|776> N_core 0
|777> lmax f
|778> s 1
|779> 1      1.732000000   14.676000000 2
|780> p 1
|781> 1      1.115000000    5.175700000 2
|782> d 1
|783> 1      1.203000000   -1.816000000 2
|784> f 1
|785> 1      1.000000000    0.000000000 2
|786> end
|787> Mg>    2.00000000000   -6.38901355805    4.22673910430   -2.22276967351
|788> NewECP
|789> N_core 0
|790> lmax f
|791> s 1
|792> 1      1.732000000   14.676000000 2
|793> p 1
|794> 1      1.115000000    5.175700000 2
|795> d 1
|796> 1      1.203000000   -1.816000000 2
|797> f 1
|798> 1      1.000000000    0.000000000 2
|799> end
|800> Mg>    2.00000000000   -2.16605469659    6.33699214101   -4.34249950126
|801> NewECP
|802> N_core 0
|803> lmax f
|804> s 1
|805> 1      1.732000000   14.676000000 2
|806> p 1
|807> 1      1.115000000    5.175700000 2
|808> d 1
|809> 1      1.203000000   -1.816000000 2
|810> f 1
|811> 1      1.000000000    0.000000000 2
|812> end
|813> Mg>    2.00000000000   -6.38654822450   -2.10399491481   -4.34249950126
|814> NewECP
|815> N_core 0
|816> lmax f
|817> s 1
|818> 1      1.732000000   14.676000000 2
|819> p 1
|820> 1      1.115000000    5.175700000 2
|821> d 1
|822> 1      1.203000000   -1.816000000 2
|823> f 1
|824> 1      1.000000000    0.000000000 2
|825> end
|826> Mg>    2.00000000000   -6.38654822450    2.11649861310   -4.34249950126
|827> NewECP
|828> N_core 0
|829> lmax f
|830> s 1
|831> 1      1.732000000   14.676000000 2
|832> p 1
|833> 1      1.115000000    5.175700000 2
|834> d 1
|835> 1      1.203000000   -1.816000000 2
|836> f 1
|837> 1      1.000000000    0.000000000 2
|838> end
|839> Mg>    2.00000000000   -8.44098705582    0.00000000000    0.00000000000
|840> NewECP
|841> N_core 0
|842> lmax f
|843> s 1
|844> 1      1.732000000   14.676000000 2
|845> p 1
|846> 1      1.115000000    5.175700000 2
|847> d 1
|848> 1      1.203000000   -1.816000000 2
|849> f 1
|850> 1      1.000000000    0.000000000 2
|851> end
|852> Mg>    2.00000000000    0.00000000000    8.44098705582    0.00000000000
|853> NewECP
|854> N_core 0
|855> lmax f
|856> s 1
|857> 1      1.732000000   14.676000000 2
|858> p 1
|859> 1      1.115000000    5.175700000 2
|860> d 1
|861> 1      1.203000000   -1.816000000 2
|862> f 1
|863> 1      1.000000000    0.000000000 2
|864> end
|865> Mg>    2.00000000000    8.44098705582    0.00000000000    0.00000000000
|866> NewECP
|867> N_core 0
|868> lmax f
|869> s 1
|870> 1      1.732000000   14.676000000 2
|871> p 1
|872> 1      1.115000000    5.175700000 2
|873> d 1
|874> 1      1.203000000   -1.816000000 2
|875> f 1
|876> 1      1.000000000    0.000000000 2
|877> end
|878> Mg>    2.00000000000    0.00000000000   -8.44098705582    0.00000000000
|879> NewECP
|880> N_core 0
|881> lmax f
|882> s 1
|883> 1      1.732000000   14.676000000 2
|884> p 1
|885> 1      1.115000000    5.175700000 2
|886> d 1
|887> 1      1.203000000   -1.816000000 2
|888> f 1
|889> 1      1.000000000    0.000000000 2
|890> end
|891> Mg>    2.00000000000    8.38633432067   -2.09588957423   -2.21013828133
|892> NewECP
|893> N_core 0
|894> lmax f
|895> s 1
|896> 1      1.732000000   14.676000000 2
|897> p 1
|898> 1      1.115000000    5.175700000 2
|899> d 1
|900> 1      1.203000000   -1.816000000 2
|901> f 1
|902> 1      1.000000000    0.000000000 2
|903> end
|904> Mg>    2.00000000000    8.38698013293    2.10665530179   -2.21006086839
|905> NewECP
|906> N_core 0
|907> lmax f
|908> s 1
|909> 1      1.732000000   14.676000000 2
|910> p 1
|911> 1      1.115000000    5.175700000 2
|912> d 1
|913> 1      1.203000000   -1.816000000 2
|914> f 1
|915> 1      1.000000000    0.000000000 2
|916> end
|917> Mg>    2.00000000000    2.04633481111   -8.43630611130   -2.21282958198
|918> NewECP
|919> N_core 0
|920> lmax f
|921> s 1
|922> 1      1.732000000   14.676000000 2
|923> p 1
|924> 1      1.115000000    5.175700000 2
|925> d 1
|926> 1      1.203000000   -1.816000000 2
|927> f 1
|928> 1      1.000000000    0.000000000 2
|929> end
|930> Mg>    2.00000000000    2.04633481111    8.44566800033   -2.21282958198
|931> NewECP
|932> N_core 0
|933> lmax f
|934> s 1
|935> 1      1.732000000   14.676000000 2
|936> p 1
|937> 1      1.115000000    5.175700000 2
|938> d 1
|939> 1      1.203000000   -1.816000000 2
|940> f 1
|941> 1      1.000000000    0.000000000 2
|942> end
|943> Mg>    2.00000000000   -2.15741385988   -8.43706789056   -2.21216924080
|944> NewECP
|945> N_core 0
|946> lmax f
|947> s 1
|948> 1      1.732000000   14.676000000 2
|949> p 1
|950> 1      1.115000000    5.175700000 2
|951> d 1
|952> 1      1.203000000   -1.816000000 2
|953> f 1
|954> 1      1.000000000    0.000000000 2
|955> end
|956> Mg>    2.00000000000   -2.15741385988    8.44490622108   -2.21216924080
|957> NewECP
|958> N_core 0
|959> lmax f
|960> s 1
|961> 1      1.732000000   14.676000000 2
|962> p 1
|963> 1      1.115000000    5.175700000 2
|964> d 1
|965> 1      1.203000000   -1.816000000 2
|966> f 1
|967> 1      1.000000000    0.000000000 2
|968> end
|969> Mg>    2.00000000000   -8.49563979097   -2.09588957423   -2.21013828133
|970> NewECP
|971> N_core 0
|972> lmax f
|973> s 1
|974> 1      1.732000000   14.676000000 2
|975> p 1
|976> 1      1.115000000    5.175700000 2
|977> d 1
|978> 1      1.203000000   -1.816000000 2
|979> f 1
|980> 1      1.000000000    0.000000000 2
|981> end
|982> Mg>    2.00000000000   -8.49499397870    2.10665530179   -2.21006086839
|983> NewECP
|984> N_core 0
|985> lmax f
|986> s 1
|987> 1      1.732000000   14.676000000 2
|988> p 1
|989> 1      1.115000000    5.175700000 2
|990> d 1
|991> 1      1.203000000   -1.816000000 2
|992> f 1
|993> 1      1.000000000    0.000000000 2
|994> end
|995>   end
|996> endd                         ****END OF INPUT****
================================================================================
----------------
TOTAL SCF ENERGY
----------------

Total Energy       :        -4177.56172578 Eh         -113677.23380 eV

Components:
Nuclear Repulsion  :         6063.84500305 Eh          165005.61126 eV
Electronic Energy  :       -10241.40672883 Eh         -278682.84505 eV
One Electron Energy:       -18279.91469030 Eh         -497421.76716 eV
Two Electron Energy:         8038.50796148 Eh          218738.92210 eV
Max COSX asymmetry :            0.00012096 Eh               0.00329 eV

Virial components:
Potential Energy   :        -7849.17748735 Eh         -213586.97798 eV
Kinetic Energy     :         3671.61576157 Eh           99909.74419 eV
Virial Ratio       :            2.13779927

--------------------Output has been truncated-------------------------


--------------------Output has been truncated-------------------------


--------------------Output has been truncated-------------------------


--------------------Output has been truncated-------------------------


--------------------Output has been truncated-------------------------


--------------------Output has been truncated-------------------------


--------------------Output has been truncated-------------------------


--------------------Output has been truncated-------------------------


--------------------Output has been truncated-------------------------


--------------------Output has been truncated-------------------------


-----------------------------------------------
 RI-MP2 CORRELATION ENERGY:     -6.769710962 Eh
-----------------------------------------------
---------------------------------------
MP2 TOTAL ENERGY:    -4184.331436738 Eh
---------------------------------------

Maximum memory used throughout the entire MP2-calculation: 501.6 MB

-------------------------   --------------------
FINAL SINGLE POINT ENERGY     -4184.331436737612
-------------------------   --------------------
TOTAL RUN TIME: 0 days 0 hours 7 minutes 18 seconds 535 msec
