================================================================================
                                       INPUT FILE
================================================================================
NAME = orca.inp
|  1>  ! TightSCF RI-MP2 RIJCOSX SlowConv DIIS
|  2> %maxcore 45000
|  3> %pal
|  4> nprocs 4
|  5> end
|  6> %pointcharges "orca.bq"
|  7> %method
|  8> Method hf
|  9> RI on
| 10> RunTyp Energy
| 11> NewNCore O 2 end
| 12> NewNCore Mg 2 end
| 13> NewNCore H 0 end
| 14> NewNCore C 2 end
| 15> end
| 16> %basis
| 17> NewGTO Mg
| 18> "cc-pwCVDZ"
| 19> end
| 20> NewGTO H
| 21> "aug-cc-pVDZ"
| 22> end
| 23> NewGTO C
| 24> "aug-cc-pVDZ"
| 25> end
| 26> NewGTO O
| 27> "aug-cc-pVDZ"
| 28> end
| 29> NewAuxCGTO Mg
| 30> "AutoAux"
| 31> end
| 32> NewAuxCGTO H
| 33> "aug-cc-pVDZ/C"
| 34> end
| 35> NewAuxCGTO C
| 36> "aug-cc-pVDZ/C"
| 37> end
| 38> NewAuxCGTO O 
| 39> "aug-cc-pVDZ/C"
| 40> end
| 41> Aux "def2/J"
| 42> end
| 43> %scf
| 44> HFTyp rhf
| 45> Guess MORead
| 46> MOInp "orca_svp_start.gbw"
| 47> SCFMode Direct
| 48> sthresh 1e-6
| 49> AutoTRAHIter 60
| 50> MaxIter 1000
| 51> end
| 52> %coords
| 53> CTyp xyz
| 54> Mult 1
| 55> Units angs
| 56>       Charge -50
| 57>   coords
| 58> C:                     -0.33910713253    1.60292195353    2.96532185597
| 59> C:                      1.04985656193    1.43279463672    2.93467895755
| 60> C:                      1.59801545876    0.14316389128    2.96515979917
| 61> C:                      0.75703708750   -0.97347952178    3.03224961212
| 62> C:                     -0.63314671019   -0.80368479970    3.06673353550
| 63> C:                     -1.17970311025    0.48329447844    3.02876264428
| 64> H:                     -0.76758416466    2.60555284454    2.93800489373
| 65> H:                      1.70613171805    2.29987311932    2.87561613800
| 66> H:                      2.68143409125    0.01086575907    2.93615501889
| 67> H:                      1.18790527427   -1.97504563202    3.04868050352
| 68> H:                     -1.28962273507   -1.67317592306    3.10975902688
| 69> H:                     -2.26268083512    0.61879291577    3.04842472805
| 70> O                       0.00000000000    0.00000000000   -0.06789716672
| 71> Mg                      0.00079460994    0.00096040231   -2.15487535731
| 72> Mg                      0.00098669068    2.09692780104   -0.04306509639
| 73> Mg                      2.09724956284    0.00152139653   -0.04492224842
| 74> Mg                     -2.09757718332    0.00165234861   -0.05353146267
| 75> Mg                      0.00110139310   -2.09806104593   -0.05614143939
| 76> O                      -0.00095139338    2.11480098834   -2.16010432646
| 77> O                       2.11561024811   -0.00200911107   -2.16080290463
| 78> O                      -2.11614931900   -0.00159571734   -2.16147200463
| 79> O                      -0.00068217254   -2.11645514570   -2.16186147587
| 80> O                      -2.10983800665   -2.11063628138   -0.00493084481
| 81> O                       2.11118240079   -2.11309615211   -0.00914545412
| 82> O                      -2.11421745463    2.11174169334   -0.01302921665
| 83> O                       2.11669379448    2.11496386816   -0.02356284648
| 84> Mg                      2.10734003622    2.10653645430   -2.15143865533
| 85> Mg                     -2.10773819662    2.10708764492   -2.15086069572
| 86> Mg                      2.10803820483   -2.10823945290   -2.15077181457
| 87> Mg                     -2.10856535767   -2.10866176995   -2.15100033794
| 88> O                      -0.00085724698   -0.00141612598   -4.26715889003
| 89> O                      -0.00003616532    4.21742467025   -0.00042919107
| 90> O                      -4.21800022681   -0.00033520909   -0.00168475323
| 91> O                       4.21807696234   -0.00039388880    0.00000000000
| 92> O                      -0.00008268449   -4.21818948121   -0.00260936510
| 93> Mg                     -0.00057437763    4.21540711693   -2.15106507806
| 94> Mg                      4.21641975279   -0.00118510105   -2.15088564329
| 95> Mg                     -4.21818266993   -0.00091564127   -2.15115379996
| 96> Mg                     -0.00038613740   -4.21887336364   -2.15133432364
| 97> Mg                     -2.10943123842    4.21652726665   -0.06205416335
| 98> Mg                      4.21727422839   -2.10953755145   -0.05973209106
| 99> Mg                      2.10884068603    4.21766513330   -0.06603271525
|100> Mg                      4.21820057282    2.10855855076   -0.06487912943
|101> Mg                     -4.21813291779   -2.10897856623   -0.05820485644
|102> Mg                     -4.21860606338    2.10819828122   -0.06149447878
|103> Mg                     -2.10862237527   -4.21872356255   -0.05866730551
|104> Mg                      2.10848442173   -4.21927750053   -0.06047785419
|105> O                       2.10938951697    2.10883063798   -4.26715889003
|106> O                      -2.11110401093    2.10883063798   -4.26715889003
|107> O                       2.10938951697   -2.11166288993   -4.26715889003
|108> O                      -2.11110401093   -2.11166288993   -4.26715889003
|109> O                      -4.22132718659   -2.11166472153   -2.15632793177
|110> O                      -2.11130986438    4.22073661078   -2.15796471897
|111> O                       4.22101908991   -2.11186391729   -2.15704199272
|112> O                      -2.11103550888   -4.22171963070   -2.15669413052
|113> O                       2.11013351498   -4.22250403614   -2.15769036009
|114> O                      -4.22252005019    2.10956473235   -2.15830587562
|115> O                       2.11032322455    4.22197440845   -2.15982035039
|116> O                       4.22280274698    2.10969077245   -2.15987356768
|117> O                      -0.00085724698    4.21907740193   -4.26715889003
|118> O                       4.21963628093   -0.00141612598   -4.26715889003
|119> O                      -4.22135077489   -0.00141612598   -4.26715889003
|120> O                      -0.00085724698   -4.22190965389   -4.26715889003
|121> O                       4.22014372780    4.21964448162   -0.00730840244
|122> O                      -4.22104940200    4.21925226022   -0.00738406506
|123> O                      -4.22015214174   -4.22065074349   -0.00685776826
|124> O                       4.21963330511   -4.22145359714   -0.00683344014
|125> Mg                     -0.00049171034    6.32820015102   -0.05695475299
|126> Mg                      6.32918564337   -0.00091288363   -0.05693510820
|127> Mg                     -6.32992364746   -0.00088861298   -0.05658599661
|128> Mg                     -0.00047211424   -6.33065552430   -0.05641026926
|129> O                      -0.00085757702    6.32898797563   -2.15606075933
|130> O                       6.32958844518   -0.00146336206   -2.15619519493
|131> O                      -6.33062022279   -0.00129928211   -2.15632778431
|132> O                      -0.00071530949   -6.33126365901   -2.15531000713
|133> O                       2.10944048871    6.32894125965   -0.00825810653
|134> O                      -2.11043940826    6.32869797294   -0.00751081114
|135> O                       6.32935516473    2.10902531944   -0.00838170515
|136> O                       6.32951259916   -2.11095835838   -0.00707444751
|137> O                      -6.33026501213    2.10874911064   -0.00806383077
|138> O                      -6.33043435258   -2.11072557728   -0.00729711620
|139> O                       2.10940465870   -6.33116669175   -0.00785838787
|140> O                      -2.11040965990   -6.33092422227   -0.00748078189
|141> O                      -0.00069163171    8.43955067867   -0.00733359470
|142> O                       8.44044899876   -0.00119185887   -0.00736309753
|143> O                      -8.44152511287   -0.00119185887   -0.00736309753
|144> O                      -0.00069163171   -8.44242343297   -0.00733359470
|145> Mg>    2.00000000000   -0.00085724698    2.10883063798   -4.26715889003
|146> NewECP
|147> N_core 0
|148> lmax f
|149> s 1
|150> 1      1.732000000   14.676000000 2
|151> p 1
|152> 1      1.115000000    5.175700000 2
|153> d 1
|154> 1      1.203000000   -1.816000000 2
|155> f 1
|156> 1      1.000000000    0.000000000 2
|157> end
|158> Mg>    2.00000000000    2.10938951697   -0.00141612598   -4.26715889003
|159> NewECP
|160> N_core 0
|161> lmax f
|162> s 1
|163> 1      1.732000000   14.676000000 2
|164> p 1
|165> 1      1.115000000    5.175700000 2
|166> d 1
|167> 1      1.203000000   -1.816000000 2
|168> f 1
|169> 1      1.000000000    0.000000000 2
|170> end
|171> Mg>    2.00000000000   -2.11110401093   -0.00141612598   -4.26715889003
|172> NewECP
|173> N_core 0
|174> lmax f
|175> s 1
|176> 1      1.732000000   14.676000000 2
|177> p 1
|178> 1      1.115000000    5.175700000 2
|179> d 1
|180> 1      1.203000000   -1.816000000 2
|181> f 1
|182> 1      1.000000000    0.000000000 2
|183> end
|184> Mg>    2.00000000000   -0.00085724698   -2.11166288993   -4.26715889003
|185> NewECP
|186> N_core 0
|187> lmax f
|188> s 1
|189> 1      1.732000000   14.676000000 2
|190> p 1
|191> 1      1.115000000    5.175700000 2
|192> d 1
|193> 1      1.203000000   -1.816000000 2
|194> f 1
|195> 1      1.000000000    0.000000000 2
|196> end
|197> Mg>    2.00000000000   -0.00085724698   -0.00141612598   -6.37740565399
|198> NewECP
|199> N_core 0
|200> lmax f
|201> s 1
|202> 1      1.732000000   14.676000000 2
|203> p 1
|204> 1      1.115000000    5.175700000 2
|205> d 1
|206> 1      1.203000000   -1.816000000 2
|207> f 1
|208> 1      1.000000000    0.000000000 2
|209> end
|210> Mg>    2.00000000000    2.10938951697    4.21907740193   -4.26715889003
|211> NewECP
|212> N_core 0
|213> lmax f
|214> s 1
|215> 1      1.732000000   14.676000000 2
|216> p 1
|217> 1      1.115000000    5.175700000 2
|218> d 1
|219> 1      1.203000000   -1.816000000 2
|220> f 1
|221> 1      1.000000000    0.000000000 2
|222> end
|223> Mg>    2.00000000000    4.21963628093    2.10883063798   -4.26715889003
|224> NewECP
|225> N_core 0
|226> lmax f
|227> s 1
|228> 1      1.732000000   14.676000000 2
|229> p 1
|230> 1      1.115000000    5.175700000 2
|231> d 1
|232> 1      1.203000000   -1.816000000 2
|233> f 1
|234> 1      1.000000000    0.000000000 2
|235> end
|236> Mg>    2.00000000000   -2.11110401093    4.21907740193   -4.26715889003
|237> NewECP
|238> N_core 0
|239> lmax f
|240> s 1
|241> 1      1.732000000   14.676000000 2
|242> p 1
|243> 1      1.115000000    5.175700000 2
|244> d 1
|245> 1      1.203000000   -1.816000000 2
|246> f 1
|247> 1      1.000000000    0.000000000 2
|248> end
|249> Mg>    2.00000000000    4.21963628093   -2.11166288993   -4.26715889003
|250> NewECP
|251> N_core 0
|252> lmax f
|253> s 1
|254> 1      1.732000000   14.676000000 2
|255> p 1
|256> 1      1.115000000    5.175700000 2
|257> d 1
|258> 1      1.203000000   -1.816000000 2
|259> f 1
|260> 1      1.000000000    0.000000000 2
|261> end
|262> Mg>    2.00000000000   -4.22135077489    2.10883063798   -4.26715889003
|263> NewECP
|264> N_core 0
|265> lmax f
|266> s 1
|267> 1      1.732000000   14.676000000 2
|268> p 1
|269> 1      1.115000000    5.175700000 2
|270> d 1
|271> 1      1.203000000   -1.816000000 2
|272> f 1
|273> 1      1.000000000    0.000000000 2
|274> end
|275> Mg>    2.00000000000    2.10938951697   -4.22190965389   -4.26715889003
|276> NewECP
|277> N_core 0
|278> lmax f
|279> s 1
|280> 1      1.732000000   14.676000000 2
|281> p 1
|282> 1      1.115000000    5.175700000 2
|283> d 1
|284> 1      1.203000000   -1.816000000 2
|285> f 1
|286> 1      1.000000000    0.000000000 2
|287> end
|288> Mg>    2.00000000000   -4.22135077489   -2.11166288993   -4.26715889003
|289> NewECP
|290> N_core 0
|291> lmax f
|292> s 1
|293> 1      1.732000000   14.676000000 2
|294> p 1
|295> 1      1.115000000    5.175700000 2
|296> d 1
|297> 1      1.203000000   -1.816000000 2
|298> f 1
|299> 1      1.000000000    0.000000000 2
|300> end
|301> Mg>    2.00000000000   -2.11110401093   -4.22190965389   -4.26715889003
|302> NewECP
|303> N_core 0
|304> lmax f
|305> s 1
|306> 1      1.732000000   14.676000000 2
|307> p 1
|308> 1      1.115000000    5.175700000 2
|309> d 1
|310> 1      1.203000000   -1.816000000 2
|311> f 1
|312> 1      1.000000000    0.000000000 2
|313> end
|314> Mg>    2.00000000000    4.21984377748    4.21905519186   -2.15314124909
|315> NewECP
|316> N_core 0
|317> lmax f
|318> s 1
|319> 1      1.732000000   14.676000000 2
|320> p 1
|321> 1      1.115000000    5.175700000 2
|322> d 1
|323> 1      1.203000000   -1.816000000 2
|324> f 1
|325> 1      1.000000000    0.000000000 2
|326> end
|327> Mg>    2.00000000000   -4.22075438099    4.21877179430   -2.15207878808
|328> NewECP
|329> N_core 0
|330> lmax f
|331> s 1
|332> 1      1.732000000   14.676000000 2
|333> p 1
|334> 1      1.115000000    5.175700000 2
|335> d 1
|336> 1      1.203000000   -1.816000000 2
|337> f 1
|338> 1      1.000000000    0.000000000 2
|339> end
|340> Mg>    2.00000000000    4.21938792545   -4.22110803069   -2.15148757710
|341> NewECP
|342> N_core 0
|343> lmax f
|344> s 1
|345> 1      1.732000000   14.676000000 2
|346> p 1
|347> 1      1.115000000    5.175700000 2
|348> d 1
|349> 1      1.203000000   -1.816000000 2
|350> f 1
|351> 1      1.000000000    0.000000000 2
|352> end
|353> Mg>    2.00000000000   -4.22037056644   -4.22091933616   -2.15115615431
|354> NewECP
|355> N_core 0
|356> lmax f
|357> s 1
|358> 1      1.732000000   14.676000000 2
|359> p 1
|360> 1      1.115000000    5.175700000 2
|361> d 1
|362> 1      1.203000000   -1.816000000 2
|363> f 1
|364> 1      1.000000000    0.000000000 2
|365> end
|366> Mg>    2.00000000000    2.10938951697    2.10883063798   -6.37740565399
|367> NewECP
|368> N_core 0
|369> lmax f
|370> s 1
|371> 1      1.732000000   14.676000000 2
|372> p 1
|373> 1      1.115000000    5.175700000 2
|374> d 1
|375> 1      1.203000000   -1.816000000 2
|376> f 1
|377> 1      1.000000000    0.000000000 2
|378> end
|379> Mg>    2.00000000000   -2.11110401093    2.10883063798   -6.37740565399
|380> NewECP
|381> N_core 0
|382> lmax f
|383> s 1
|384> 1      1.732000000   14.676000000 2
|385> p 1
|386> 1      1.115000000    5.175700000 2
|387> d 1
|388> 1      1.203000000   -1.816000000 2
|389> f 1
|390> 1      1.000000000    0.000000000 2
|391> end
|392> Mg>    2.00000000000    2.10938951697   -2.11166288993   -6.37740565399
|393> NewECP
|394> N_core 0
|395> lmax f
|396> s 1
|397> 1      1.732000000   14.676000000 2
|398> p 1
|399> 1      1.115000000    5.175700000 2
|400> d 1
|401> 1      1.203000000   -1.816000000 2
|402> f 1
|403> 1      1.000000000    0.000000000 2
|404> end
|405> Mg>    2.00000000000   -2.11110401093   -2.11166288993   -6.37740565399
|406> NewECP
|407> N_core 0
|408> lmax f
|409> s 1
|410> 1      1.732000000   14.676000000 2
|411> p 1
|412> 1      1.115000000    5.175700000 2
|413> d 1
|414> 1      1.203000000   -1.816000000 2
|415> f 1
|416> 1      1.000000000    0.000000000 2
|417> end
|418> Mg>    2.00000000000   -2.11058076946    6.32913060260   -2.15159056822
|419> NewECP
|420> N_core 0
|421> lmax f
|422> s 1
|423> 1      1.732000000   14.676000000 2
|424> p 1
|425> 1      1.115000000    5.175700000 2
|426> d 1
|427> 1      1.203000000   -1.816000000 2
|428> f 1
|429> 1      1.000000000    0.000000000 2
|430> end
|431> Mg>    2.00000000000    2.10917816939    6.32963121808   -2.15240548814
|432> NewECP
|433> N_core 0
|434> lmax f
|435> s 1
|436> 1      1.732000000   14.676000000 2
|437> p 1
|438> 1      1.115000000    5.175700000 2
|439> d 1
|440> 1      1.203000000   -1.816000000 2
|441> f 1
|442> 1      1.000000000    0.000000000 2
|443> end
|444> Mg>    2.00000000000    6.32953174040   -2.11108471719   -2.15130814393
|445> NewECP
|446> N_core 0
|447> lmax f
|448> s 1
|449> 1      1.732000000   14.676000000 2
|450> p 1
|451> 1      1.115000000    5.175700000 2
|452> d 1
|453> 1      1.203000000   -1.816000000 2
|454> f 1
|455> 1      1.000000000    0.000000000 2
|456> end
|457> Mg>    2.00000000000    6.33028489980    2.10865364280   -2.15245685129
|458> NewECP
|459> N_core 0
|460> lmax f
|461> s 1
|462> 1      1.732000000   14.676000000 2
|463> p 1
|464> 1      1.115000000    5.175700000 2
|465> d 1
|466> 1      1.203000000   -1.816000000 2
|467> f 1
|468> 1      1.000000000    0.000000000 2
|469> end
|470> Mg>    2.00000000000   -6.33066315821   -2.11111066111   -2.15109479606
|471> NewECP
|472> N_core 0
|473> lmax f
|474> s 1
|475> 1      1.732000000   14.676000000 2
|476> p 1
|477> 1      1.115000000    5.175700000 2
|478> d 1
|479> 1      1.203000000   -1.816000000 2
|480> f 1
|481> 1      1.000000000    0.000000000 2
|482> end
|483> Mg>    2.00000000000   -6.33111724837    2.10881092020   -2.15186922441
|484> NewECP
|485> N_core 0
|486> lmax f
|487> s 1
|488> 1      1.732000000   14.676000000 2
|489> p 1
|490> 1      1.115000000    5.175700000 2
|491> d 1
|492> 1      1.203000000   -1.816000000 2
|493> f 1
|494> 1      1.000000000    0.000000000 2
|495> end
|496> Mg>    2.00000000000   -2.11044912265   -6.33121079988   -2.15117644609
|497> NewECP
|498> N_core 0
|499> lmax f
|500> s 1
|501> 1      1.732000000   14.676000000 2
|502> p 1
|503> 1      1.115000000    5.175700000 2
|504> d 1
|505> 1      1.203000000   -1.816000000 2
|506> f 1
|507> 1      1.000000000    0.000000000 2
|508> end
|509> Mg>    2.00000000000    2.10918513398   -6.33146028949   -2.15156124545
|510> NewECP
|511> N_core 0
|512> lmax f
|513> s 1
|514> 1      1.732000000   14.676000000 2
|515> p 1
|516> 1      1.115000000    5.175700000 2
|517> d 1
|518> 1      1.203000000   -1.816000000 2
|519> f 1
|520> 1      1.000000000    0.000000000 2
|521> end
|522> Mg>    2.00000000000   -0.00085724698    4.21907740193   -6.37740565399
|523> NewECP
|524> N_core 0
|525> lmax f
|526> s 1
|527> 1      1.732000000   14.676000000 2
|528> p 1
|529> 1      1.115000000    5.175700000 2
|530> d 1
|531> 1      1.203000000   -1.816000000 2
|532> f 1
|533> 1      1.000000000    0.000000000 2
|534> end
|535> Mg>    2.00000000000    4.21963628093   -0.00141612598   -6.37740565399
|536> NewECP
|537> N_core 0
|538> lmax f
|539> s 1
|540> 1      1.732000000   14.676000000 2
|541> p 1
|542> 1      1.115000000    5.175700000 2
|543> d 1
|544> 1      1.203000000   -1.816000000 2
|545> f 1
|546> 1      1.000000000    0.000000000 2
|547> end
|548> Mg>    2.00000000000   -4.22135077489   -0.00141612598   -6.37740565399
|549> NewECP
|550> N_core 0
|551> lmax f
|552> s 1
|553> 1      1.732000000   14.676000000 2
|554> p 1
|555> 1      1.115000000    5.175700000 2
|556> d 1
|557> 1      1.203000000   -1.816000000 2
|558> f 1
|559> 1      1.000000000    0.000000000 2
|560> end
|561> Mg>    2.00000000000   -0.00085724698   -4.22190965389   -6.37740565399
|562> NewECP
|563> N_core 0
|564> lmax f
|565> s 1
|566> 1      1.732000000   14.676000000 2
|567> p 1
|568> 1      1.115000000    5.175700000 2
|569> d 1
|570> 1      1.203000000   -1.816000000 2
|571> f 1
|572> 1      1.000000000    0.000000000 2
|573> end
|574> Mg>    2.00000000000   -0.00085724698    6.32932416589   -4.26715889003
|575> NewECP
|576> N_core 0
|577> lmax f
|578> s 1
|579> 1      1.732000000   14.676000000 2
|580> p 1
|581> 1      1.115000000    5.175700000 2
|582> d 1
|583> 1      1.203000000   -1.816000000 2
|584> f 1
|585> 1      1.000000000    0.000000000 2
|586> end
|587> Mg>    2.00000000000    6.32988304488   -0.00141612598   -4.26715889003
|588> NewECP
|589> N_core 0
|590> lmax f
|591> s 1
|592> 1      1.732000000   14.676000000 2
|593> p 1
|594> 1      1.115000000    5.175700000 2
|595> d 1
|596> 1      1.203000000   -1.816000000 2
|597> f 1
|598> 1      1.000000000    0.000000000 2
|599> end
|600> Mg>    2.00000000000   -6.33159753884   -0.00141612598   -4.26715889003
|601> NewECP
|602> N_core 0
|603> lmax f
|604> s 1
|605> 1      1.732000000   14.676000000 2
|606> p 1
|607> 1      1.115000000    5.175700000 2
|608> d 1
|609> 1      1.203000000   -1.816000000 2
|610> f 1
|611> 1      1.000000000    0.000000000 2
|612> end
|613> Mg>    2.00000000000   -0.00085724698   -6.33215641784   -4.26715889003
|614> NewECP
|615> N_core 0
|616> lmax f
|617> s 1
|618> 1      1.732000000   14.676000000 2
|619> p 1
|620> 1      1.115000000    5.175700000 2
|621> d 1
|622> 1      1.203000000   -1.816000000 2
|623> f 1
|624> 1      1.000000000    0.000000000 2
|625> end
|626> Mg>    2.00000000000    4.21955380438    6.32923569268   -0.05759670573
|627> NewECP
|628> N_core 0
|629> lmax f
|630> s 1
|631> 1      1.732000000   14.676000000 2
|632> p 1
|633> 1      1.115000000    5.175700000 2
|634> d 1
|635> 1      1.203000000   -1.816000000 2
|636> f 1
|637> 1      1.000000000    0.000000000 2
|638> end
|639> Mg>    2.00000000000   -4.22047041185    6.32893161482   -0.05715067923
|640> NewECP
|641> N_core 0
|642> lmax f
|643> s 1
|644> 1      1.732000000   14.676000000 2
|645> p 1
|646> 1      1.115000000    5.175700000 2
|647> d 1
|648> 1      1.203000000   -1.816000000 2
|649> f 1
|650> 1      1.000000000    0.000000000 2
|651> end
|652> Mg>    2.00000000000    6.32991130792    4.21902498953   -0.05752296833
|653> NewECP
|654> N_core 0
|655> lmax f
|656> s 1
|657> 1      1.732000000   14.676000000 2
|658> p 1
|659> 1      1.115000000    5.175700000 2
|660> d 1
|661> 1      1.203000000   -1.816000000 2
|662> f 1
|663> 1      1.000000000    0.000000000 2
|664> end
|665> Mg>    2.00000000000   -6.33071484286    4.21887416995   -0.05722824352
|666> NewECP
|667> N_core 0
|668> lmax f
|669> s 1
|670> 1      1.732000000   14.676000000 2
|671> p 1
|672> 1      1.115000000    5.175700000 2
|673> d 1
|674> 1      1.203000000   -1.816000000 2
|675> f 1
|676> 1      1.000000000    0.000000000 2
|677> end
|678> Mg>    2.00000000000    6.32955209960   -4.22078233199   -0.05690421137
|679> NewECP
|680> N_core 0
|681> lmax f
|682> s 1
|683> 1      1.732000000   14.676000000 2
|684> p 1
|685> 1      1.115000000    5.175700000 2
|686> d 1
|687> 1      1.203000000   -1.816000000 2
|688> f 1
|689> 1      1.000000000    0.000000000 2
|690> end
|691> Mg>    2.00000000000   -6.33034762846   -4.22054267221   -0.05694949262
|692> NewECP
|693> N_core 0
|694> lmax f
|695> s 1
|696> 1      1.732000000   14.676000000 2
|697> p 1
|698> 1      1.115000000    5.175700000 2
|699> d 1
|700> 1      1.203000000   -1.816000000 2
|701> f 1
|702> 1      1.000000000    0.000000000 2
|703> end
|704> Mg>    2.00000000000    4.21928419038   -6.33132240153   -0.05702291299
|705> NewECP
|706> N_core 0
|707> lmax f
|708> s 1
|709> 1      1.732000000   14.676000000 2
|710> p 1
|711> 1      1.115000000    5.175700000 2
|712> d 1
|713> 1      1.203000000   -1.816000000 2
|714> f 1
|715> 1      1.000000000    0.000000000 2
|716> end
|717> Mg>    2.00000000000   -4.22007628845   -6.33085044888   -0.05702444126
|718> NewECP
|719> N_core 0
|720> lmax f
|721> s 1
|722> 1      1.732000000   14.676000000 2
|723> p 1
|724> 1      1.115000000    5.175700000 2
|725> d 1
|726> 1      1.203000000   -1.816000000 2
|727> f 1
|728> 1      1.000000000    0.000000000 2
|729> end
|730> Mg>    2.00000000000    4.21963628093    4.21907740193   -6.37740565399
|731> NewECP
|732> N_core 0
|733> lmax f
|734> s 1
|735> 1      1.732000000   14.676000000 2
|736> p 1
|737> 1      1.115000000    5.175700000 2
|738> d 1
|739> 1      1.203000000   -1.816000000 2
|740> f 1
|741> 1      1.000000000    0.000000000 2
|742> end
|743> Mg>    2.00000000000   -4.22135077489    4.21907740193   -6.37740565399
|744> NewECP
|745> N_core 0
|746> lmax f
|747> s 1
|748> 1      1.732000000   14.676000000 2
|749> p 1
|750> 1      1.115000000    5.175700000 2
|751> d 1
|752> 1      1.203000000   -1.816000000 2
|753> f 1
|754> 1      1.000000000    0.000000000 2
|755> end
|756> Mg>    2.00000000000    4.21963628093   -4.22190965389   -6.37740565399
|757> NewECP
|758> N_core 0
|759> lmax f
|760> s 1
|761> 1      1.732000000   14.676000000 2
|762> p 1
|763> 1      1.115000000    5.175700000 2
|764> d 1
|765> 1      1.203000000   -1.816000000 2
|766> f 1
|767> 1      1.000000000    0.000000000 2
|768> end
|769> Mg>    2.00000000000   -4.22135077489   -4.22190965389   -6.37740565399
|770> NewECP
|771> N_core 0
|772> lmax f
|773> s 1
|774> 1      1.732000000   14.676000000 2
|775> p 1
|776> 1      1.115000000    5.175700000 2
|777> d 1
|778> 1      1.203000000   -1.816000000 2
|779> f 1
|780> 1      1.000000000    0.000000000 2
|781> end
|782> Mg>    2.00000000000    4.21963628093    6.32932416589   -4.26715889003
|783> NewECP
|784> N_core 0
|785> lmax f
|786> s 1
|787> 1      1.732000000   14.676000000 2
|788> p 1
|789> 1      1.115000000    5.175700000 2
|790> d 1
|791> 1      1.203000000   -1.816000000 2
|792> f 1
|793> 1      1.000000000    0.000000000 2
|794> end
|795> Mg>    2.00000000000    6.32988304488    4.21907740193   -4.26715889003
|796> NewECP
|797> N_core 0
|798> lmax f
|799> s 1
|800> 1      1.732000000   14.676000000 2
|801> p 1
|802> 1      1.115000000    5.175700000 2
|803> d 1
|804> 1      1.203000000   -1.816000000 2
|805> f 1
|806> 1      1.000000000    0.000000000 2
|807> end
|808> Mg>    2.00000000000   -4.22135077489    6.32932416589   -4.26715889003
|809> NewECP
|810> N_core 0
|811> lmax f
|812> s 1
|813> 1      1.732000000   14.676000000 2
|814> p 1
|815> 1      1.115000000    5.175700000 2
|816> d 1
|817> 1      1.203000000   -1.816000000 2
|818> f 1
|819> 1      1.000000000    0.000000000 2
|820> end
|821> Mg>    2.00000000000   -6.33159753884    4.21907740193   -4.26715889003
|822> NewECP
|823> N_core 0
|824> lmax f
|825> s 1
|826> 1      1.732000000   14.676000000 2
|827> p 1
|828> 1      1.115000000    5.175700000 2
|829> d 1
|830> 1      1.203000000   -1.816000000 2
|831> f 1
|832> 1      1.000000000    0.000000000 2
|833> end
|834> Mg>    2.00000000000    6.32988304488   -4.22190965389   -4.26715889003
|835> NewECP
|836> N_core 0
|837> lmax f
|838> s 1
|839> 1      1.732000000   14.676000000 2
|840> p 1
|841> 1      1.115000000    5.175700000 2
|842> d 1
|843> 1      1.203000000   -1.816000000 2
|844> f 1
|845> 1      1.000000000    0.000000000 2
|846> end
|847> Mg>    2.00000000000    4.21963628093   -6.33215641784   -4.26715889003
|848> NewECP
|849> N_core 0
|850> lmax f
|851> s 1
|852> 1      1.732000000   14.676000000 2
|853> p 1
|854> 1      1.115000000    5.175700000 2
|855> d 1
|856> 1      1.203000000   -1.816000000 2
|857> f 1
|858> 1      1.000000000    0.000000000 2
|859> end
|860> Mg>    2.00000000000   -6.33159753884   -4.22190965389   -4.26715889003
|861> NewECP
|862> N_core 0
|863> lmax f
|864> s 1
|865> 1      1.732000000   14.676000000 2
|866> p 1
|867> 1      1.115000000    5.175700000 2
|868> d 1
|869> 1      1.203000000   -1.816000000 2
|870> f 1
|871> 1      1.000000000    0.000000000 2
|872> end
|873> Mg>    2.00000000000   -4.22135077489   -6.33215641784   -4.26715889003
|874> NewECP
|875> N_core 0
|876> lmax f
|877> s 1
|878> 1      1.732000000   14.676000000 2
|879> p 1
|880> 1      1.115000000    5.175700000 2
|881> d 1
|882> 1      1.203000000   -1.816000000 2
|883> f 1
|884> 1      1.000000000    0.000000000 2
|885> end
|886> Mg>    2.00000000000   -0.00084743283    8.43987776452   -2.15098895276
|887> NewECP
|888> N_core 0
|889> lmax f
|890> s 1
|891> 1      1.732000000   14.676000000 2
|892> p 1
|893> 1      1.115000000    5.175700000 2
|894> d 1
|895> 1      1.203000000   -1.816000000 2
|896> f 1
|897> 1      1.000000000    0.000000000 2
|898> end
|899> Mg>    2.00000000000    8.44048945156   -0.00131016082   -2.15097355627
|900> NewECP
|901> N_core 0
|902> lmax f
|903> s 1
|904> 1      1.732000000   14.676000000 2
|905> p 1
|906> 1      1.115000000    5.175700000 2
|907> d 1
|908> 1      1.203000000   -1.816000000 2
|909> f 1
|910> 1      1.000000000    0.000000000 2
|911> end
|912> Mg>    2.00000000000   -8.44148466008   -0.00131016082   -2.15097355627
|913> NewECP
|914> N_core 0
|915> lmax f
|916> s 1
|917> 1      1.732000000   14.676000000 2
|918> p 1
|919> 1      1.115000000    5.175700000 2
|920> d 1
|921> 1      1.203000000   -1.816000000 2
|922> f 1
|923> 1      1.000000000    0.000000000 2
|924> end
|925> Mg>    2.00000000000   -0.00084743283   -8.44209634712   -2.15098895276
|926> NewECP
|927> N_core 0
|928> lmax f
|929> s 1
|930> 1      1.732000000   14.676000000 2
|931> p 1
|932> 1      1.115000000    5.175700000 2
|933> d 1
|934> 1      1.203000000   -1.816000000 2
|935> f 1
|936> 1      1.000000000    0.000000000 2
|937> end
|938> Mg>    2.00000000000    2.10925442071    8.43977753751   -0.05728956732
|939> NewECP
|940> N_core 0
|941> lmax f
|942> s 1
|943> 1      1.732000000   14.676000000 2
|944> p 1
|945> 1      1.115000000    5.175700000 2
|946> d 1
|947> 1      1.203000000   -1.816000000 2
|948> f 1
|949> 1      1.000000000    0.000000000 2
|950> end
|951> Mg>    2.00000000000   -2.11048740275    8.43983374175   -0.05704305872
|952> NewECP
|953> N_core 0
|954> lmax f
|955> s 1
|956> 1      1.732000000   14.676000000 2
|957> p 1
|958> 1      1.115000000    5.175700000 2
|959> d 1
|960> 1      1.203000000   -1.816000000 2
|961> f 1
|962> 1      1.000000000    0.000000000 2
|963> end
|964> Mg>    2.00000000000    8.44058203754    2.10884054881   -0.05715275424
|965> NewECP
|966> N_core 0
|967> lmax f
|968> s 1
|969> 1      1.732000000   14.676000000 2
|970> p 1
|971> 1      1.115000000    5.175700000 2
|972> d 1
|973> 1      1.203000000   -1.816000000 2
|974> f 1
|975> 1      1.000000000    0.000000000 2
|976> end
|977> Mg>    2.00000000000    8.44056712718   -2.11087243517   -0.05696963914
|978> NewECP
|979> N_core 0
|980> lmax f
|981> s 1
|982> 1      1.732000000   14.676000000 2
|983> p 1
|984> 1      1.115000000    5.175700000 2
|985> d 1
|986> 1      1.203000000   -1.816000000 2
|987> f 1
|988> 1      1.000000000    0.000000000 2
|989> end
|990> Mg>    2.00000000000   -8.44139207410    2.10884054881   -0.05715275424
|991> NewECP
|992> N_core 0
|993> lmax f
|994> s 1
|995> 1      1.732000000   14.676000000 2
|996> p 1
|997> 1      1.115000000    5.175700000 2
|998> d 1
|999> 1      1.203000000   -1.816000000 2
|1000> f 1
|1001> 1      1.000000000    0.000000000 2
|1002> end
|1003> Mg>    2.00000000000   -8.44140698445   -2.11087243517   -0.05696963914
|1004> NewECP
|1005> N_core 0
|1006> lmax f
|1007> s 1
|1008> 1      1.732000000   14.676000000 2
|1009> p 1
|1010> 1      1.115000000    5.175700000 2
|1011> d 1
|1012> 1      1.203000000   -1.816000000 2
|1013> f 1
|1014> 1      1.000000000    0.000000000 2
|1015> end
|1016> Mg>    2.00000000000    2.10925442071   -8.44219657413   -0.05728956732
|1017> NewECP
|1018> N_core 0
|1019> lmax f
|1020> s 1
|1021> 1      1.732000000   14.676000000 2
|1022> p 1
|1023> 1      1.115000000    5.175700000 2
|1024> d 1
|1025> 1      1.203000000   -1.816000000 2
|1026> f 1
|1027> 1      1.000000000    0.000000000 2
|1028> end
|1029> Mg>    2.00000000000   -2.11048740275   -8.44214036989   -0.05704305872
|1030> NewECP
|1031> N_core 0
|1032> lmax f
|1033> s 1
|1034> 1      1.732000000   14.676000000 2
|1035> p 1
|1036> 1      1.115000000    5.175700000 2
|1037> d 1
|1038> 1      1.203000000   -1.816000000 2
|1039> f 1
|1040> 1      1.000000000    0.000000000 2
|1041> end
|1042> Mg>    2.00000000000    2.10938951697    6.32932416589   -6.37740565399
|1043> NewECP
|1044> N_core 0
|1045> lmax f
|1046> s 1
|1047> 1      1.732000000   14.676000000 2
|1048> p 1
|1049> 1      1.115000000    5.175700000 2
|1050> d 1
|1051> 1      1.203000000   -1.816000000 2
|1052> f 1
|1053> 1      1.000000000    0.000000000 2
|1054> end
|1055> Mg>    2.00000000000    6.32988304488    2.10883063798   -6.37740565399
|1056> NewECP
|1057> N_core 0
|1058> lmax f
|1059> s 1
|1060> 1      1.732000000   14.676000000 2
|1061> p 1
|1062> 1      1.115000000    5.175700000 2
|1063> d 1
|1064> 1      1.203000000   -1.816000000 2
|1065> f 1
|1066> 1      1.000000000    0.000000000 2
|1067> end
|1068> Mg>    2.00000000000   -2.11110401093    6.32932416589   -6.37740565399
|1069> NewECP
|1070> N_core 0
|1071> lmax f
|1072> s 1
|1073> 1      1.732000000   14.676000000 2
|1074> p 1
|1075> 1      1.115000000    5.175700000 2
|1076> d 1
|1077> 1      1.203000000   -1.816000000 2
|1078> f 1
|1079> 1      1.000000000    0.000000000 2
|1080> end
|1081> Mg>    2.00000000000    6.32988304488   -2.11166288993   -6.37740565399
|1082> NewECP
|1083> N_core 0
|1084> lmax f
|1085> s 1
|1086> 1      1.732000000   14.676000000 2
|1087> p 1
|1088> 1      1.115000000    5.175700000 2
|1089> d 1
|1090> 1      1.203000000   -1.816000000 2
|1091> f 1
|1092> 1      1.000000000    0.000000000 2
|1093> end
|1094> Mg>    2.00000000000   -6.33159753884    2.10883063798   -6.37740565399
|1095> NewECP
|1096> N_core 0
|1097> lmax f
|1098> s 1
|1099> 1      1.732000000   14.676000000 2
|1100> p 1
|1101> 1      1.115000000    5.175700000 2
|1102> d 1
|1103> 1      1.203000000   -1.816000000 2
|1104> f 1
|1105> 1      1.000000000    0.000000000 2
|1106> end
|1107> Mg>    2.00000000000    2.10938951697   -6.33215641784   -6.37740565399
|1108> NewECP
|1109> N_core 0
|1110> lmax f
|1111> s 1
|1112> 1      1.732000000   14.676000000 2
|1113> p 1
|1114> 1      1.115000000    5.175700000 2
|1115> d 1
|1116> 1      1.203000000   -1.816000000 2
|1117> f 1
|1118> 1      1.000000000    0.000000000 2
|1119> end
|1120> Mg>    2.00000000000   -6.33159753884   -2.11166288993   -6.37740565399
|1121> NewECP
|1122> N_core 0
|1123> lmax f
|1124> s 1
|1125> 1      1.732000000   14.676000000 2
|1126> p 1
|1127> 1      1.115000000    5.175700000 2
|1128> d 1
|1129> 1      1.203000000   -1.816000000 2
|1130> f 1
|1131> 1      1.000000000    0.000000000 2
|1132> end
|1133> Mg>    2.00000000000   -2.11110401093   -6.33215641784   -6.37740565399
|1134> NewECP
|1135> N_core 0
|1136> lmax f
|1137> s 1
|1138> 1      1.732000000   14.676000000 2
|1139> p 1
|1140> 1      1.115000000    5.175700000 2
|1141> d 1
|1142> 1      1.203000000   -1.816000000 2
|1143> f 1
|1144> 1      1.000000000    0.000000000 2
|1145> end
|1146> Mg>    2.00000000000    6.32997998703    6.32957765378   -2.15127259464
|1147> NewECP
|1148> N_core 0
|1149> lmax f
|1150> s 1
|1151> 1      1.732000000   14.676000000 2
|1152> p 1
|1153> 1      1.115000000    5.175700000 2
|1154> d 1
|1155> 1      1.203000000   -1.816000000 2
|1156> f 1
|1157> 1      1.000000000    0.000000000 2
|1158> end
|1159> Mg>    2.00000000000   -6.33117993031    6.32944687445   -2.15118204781
|1160> NewECP
|1161> N_core 0
|1162> lmax f
|1163> s 1
|1164> 1      1.732000000   14.676000000 2
|1165> p 1
|1166> 1      1.115000000    5.175700000 2
|1167> d 1
|1168> 1      1.203000000   -1.816000000 2
|1169> f 1
|1170> 1      1.000000000    0.000000000 2
|1171> end
|1172> Mg>    2.00000000000    6.33012285549   -6.33165994395   -2.15114785457
|1173> NewECP
|1174> N_core 0
|1175> lmax f
|1176> s 1
|1177> 1      1.732000000   14.676000000 2
|1178> p 1
|1179> 1      1.115000000    5.175700000 2
|1180> d 1
|1181> 1      1.203000000   -1.816000000 2
|1182> f 1
|1183> 1      1.000000000    0.000000000 2
|1184> end
|1185> Mg>    2.00000000000   -6.33121489258   -6.33167415814   -2.15117097331
|1186> NewECP
|1187> N_core 0
|1188> lmax f
|1189> s 1
|1190> 1      1.732000000   14.676000000 2
|1191> p 1
|1192> 1      1.115000000    5.175700000 2
|1193> d 1
|1194> 1      1.203000000   -1.816000000 2
|1195> f 1
|1196> 1      1.000000000    0.000000000 2
|1197> end
|1198> Mg>    2.00000000000    2.10938951697    8.43957092984   -4.26715889003
|1199> NewECP
|1200> N_core 0
|1201> lmax f
|1202> s 1
|1203> 1      1.732000000   14.676000000 2
|1204> p 1
|1205> 1      1.115000000    5.175700000 2
|1206> d 1
|1207> 1      1.203000000   -1.816000000 2
|1208> f 1
|1209> 1      1.000000000    0.000000000 2
|1210> end
|1211> Mg>    2.00000000000   -2.11110401093    8.43957092984   -4.26715889003
|1212> NewECP
|1213> N_core 0
|1214> lmax f
|1215> s 1
|1216> 1      1.732000000   14.676000000 2
|1217> p 1
|1218> 1      1.115000000    5.175700000 2
|1219> d 1
|1220> 1      1.203000000   -1.816000000 2
|1221> f 1
|1222> 1      1.000000000    0.000000000 2
|1223> end
|1224> Mg>    2.00000000000    8.44012980884    2.10883063798   -4.26715889003
|1225> NewECP
|1226> N_core 0
|1227> lmax f
|1228> s 1
|1229> 1      1.732000000   14.676000000 2
|1230> p 1
|1231> 1      1.115000000    5.175700000 2
|1232> d 1
|1233> 1      1.203000000   -1.816000000 2
|1234> f 1
|1235> 1      1.000000000    0.000000000 2
|1236> end
|1237> Mg>    2.00000000000    8.44012980884   -2.11166288993   -4.26715889003
|1238> NewECP
|1239> N_core 0
|1240> lmax f
|1241> s 1
|1242> 1      1.732000000   14.676000000 2
|1243> p 1
|1244> 1      1.115000000    5.175700000 2
|1245> d 1
|1246> 1      1.203000000   -1.816000000 2
|1247> f 1
|1248> 1      1.000000000    0.000000000 2
|1249> end
|1250> Mg>    2.00000000000   -8.44184430280    2.10883063798   -4.26715889003
|1251> NewECP
|1252> N_core 0
|1253> lmax f
|1254> s 1
|1255> 1      1.732000000   14.676000000 2
|1256> p 1
|1257> 1      1.115000000    5.175700000 2
|1258> d 1
|1259> 1      1.203000000   -1.816000000 2
|1260> f 1
|1261> 1      1.000000000    0.000000000 2
|1262> end
|1263> Mg>    2.00000000000    2.10938951697   -8.44240318179   -4.26715889003
|1264> NewECP
|1265> N_core 0
|1266> lmax f
|1267> s 1
|1268> 1      1.732000000   14.676000000 2
|1269> p 1
|1270> 1      1.115000000    5.175700000 2
|1271> d 1
|1272> 1      1.203000000   -1.816000000 2
|1273> f 1
|1274> 1      1.000000000    0.000000000 2
|1275> end
|1276> Mg>    2.00000000000   -8.44184430280   -2.11166288993   -4.26715889003
|1277> NewECP
|1278> N_core 0
|1279> lmax f
|1280> s 1
|1281> 1      1.732000000   14.676000000 2
|1282> p 1
|1283> 1      1.115000000    5.175700000 2
|1284> d 1
|1285> 1      1.203000000   -1.816000000 2
|1286> f 1
|1287> 1      1.000000000    0.000000000 2
|1288> end
|1289> Mg>    2.00000000000   -2.11110401093   -8.44240318179   -4.26715889003
|1290> NewECP
|1291> N_core 0
|1292> lmax f
|1293> s 1
|1294> 1      1.732000000   14.676000000 2
|1295> p 1
|1296> 1      1.115000000    5.175700000 2
|1297> d 1
|1298> 1      1.203000000   -1.816000000 2
|1299> f 1
|1300> 1      1.000000000    0.000000000 2
|1301> end
|1302> Mg>    2.00000000000    4.21977410861    8.43985966427   -2.15129139832
|1303> NewECP
|1304> N_core 0
|1305> lmax f
|1306> s 1
|1307> 1      1.732000000   14.676000000 2
|1308> p 1
|1309> 1      1.115000000    5.175700000 2
|1310> d 1
|1311> 1      1.203000000   -1.816000000 2
|1312> f 1
|1313> 1      1.000000000    0.000000000 2
|1314> end
|1315> Mg>    2.00000000000    8.44039398451    4.21916033658   -2.15132805789
|1316> NewECP
|1317> N_core 0
|1318> lmax f
|1319> s 1
|1320> 1      1.732000000   14.676000000 2
|1321> p 1
|1322> 1      1.115000000    5.175700000 2
|1323> d 1
|1324> 1      1.203000000   -1.816000000 2
|1325> f 1
|1326> 1      1.000000000    0.000000000 2
|1327> end
|1328> Mg>    2.00000000000   -4.22089136914    8.43970972814   -2.15110334514
|1329> NewECP
|1330> N_core 0
|1331> lmax f
|1332> s 1
|1333> 1      1.732000000   14.676000000 2
|1334> p 1
|1335> 1      1.115000000    5.175700000 2
|1336> d 1
|1337> 1      1.203000000   -1.816000000 2
|1338> f 1
|1339> 1      1.000000000    0.000000000 2
|1340> end
|1341> Mg>    2.00000000000    8.44041452469   -4.22149840169   -2.15120571861
|1342> NewECP
|1343> N_core 0
|1344> lmax f
|1345> s 1
|1346> 1      1.732000000   14.676000000 2
|1347> p 1
|1348> 1      1.115000000    5.175700000 2
|1349> d 1
|1350> 1      1.203000000   -1.816000000 2
|1351> f 1
|1352> 1      1.000000000    0.000000000 2
|1353> end
|1354> Mg>    2.00000000000   -8.44158012712    4.21916033658   -2.15132805789
|1355> NewECP
|1356> N_core 0
|1357> lmax f
|1358> s 1
|1359> 1      1.732000000   14.676000000 2
|1360> p 1
|1361> 1      1.115000000    5.175700000 2
|1362> d 1
|1363> 1      1.203000000   -1.816000000 2
|1364> f 1
|1365> 1      1.000000000    0.000000000 2
|1366> end
|1367> Mg>    2.00000000000    4.21977410861   -8.44211444736   -2.15129139832
|1368> NewECP
|1369> N_core 0
|1370> lmax f
|1371> s 1
|1372> 1      1.732000000   14.676000000 2
|1373> p 1
|1374> 1      1.115000000    5.175700000 2
|1375> d 1
|1376> 1      1.203000000   -1.816000000 2
|1377> f 1
|1378> 1      1.000000000    0.000000000 2
|1379> end
|1380> Mg>    2.00000000000   -8.44155958694   -4.22149840169   -2.15120571861
|1381> NewECP
|1382> N_core 0
|1383> lmax f
|1384> s 1
|1385> 1      1.732000000   14.676000000 2
|1386> p 1
|1387> 1      1.115000000    5.175700000 2
|1388> d 1
|1389> 1      1.203000000   -1.816000000 2
|1390> f 1
|1391> 1      1.000000000    0.000000000 2
|1392> end
|1393> Mg>    2.00000000000   -4.22089136914   -8.44226438349   -2.15110334514
|1394> NewECP
|1395> N_core 0
|1396> lmax f
|1397> s 1
|1398> 1      1.732000000   14.676000000 2
|1399> p 1
|1400> 1      1.115000000    5.175700000 2
|1401> d 1
|1402> 1      1.203000000   -1.816000000 2
|1403> f 1
|1404> 1      1.000000000    0.000000000 2
|1405> end
|1406> Mg>    2.00000000000   -0.00047211424   10.55131858733   -0.05641026926
|1407> NewECP
|1408> N_core 0
|1409> lmax f
|1410> s 1
|1411> 1      1.732000000   14.676000000 2
|1412> p 1
|1413> 1      1.115000000    5.175700000 2
|1414> d 1
|1415> 1      1.203000000   -1.816000000 2
|1416> f 1
|1417> 1      1.000000000    0.000000000 2
|1418> end
|1419> Mg>    2.00000000000   10.55205046418   -0.00088861298   -0.05658599661
|1420> NewECP
|1421> N_core 0
|1422> lmax f
|1423> s 1
|1424> 1      1.732000000   14.676000000 2
|1425> p 1
|1426> 1      1.115000000    5.175700000 2
|1427> d 1
|1428> 1      1.203000000   -1.816000000 2
|1429> f 1
|1430> 1      1.000000000    0.000000000 2
|1431> end
|1432> Mg>    2.00000000000  -10.55278846826   -0.00091288363   -0.05693510820
|1433> NewECP
|1434> N_core 0
|1435> lmax f
|1436> s 1
|1437> 1      1.732000000   14.676000000 2
|1438> p 1
|1439> 1      1.115000000    5.175700000 2
|1440> d 1
|1441> 1      1.203000000   -1.816000000 2
|1442> f 1
|1443> 1      1.000000000    0.000000000 2
|1444> end
|1445> Mg>    2.00000000000   -0.00049171034  -10.55377396061   -0.05695475299
|1446> NewECP
|1447> N_core 0
|1448> lmax f
|1449> s 1
|1450> 1      1.732000000   14.676000000 2
|1451> p 1
|1452> 1      1.115000000    5.175700000 2
|1453> d 1
|1454> 1      1.203000000   -1.816000000 2
|1455> f 1
|1456> 1      1.000000000    0.000000000 2
|1457> end
|1458> Mg>    2.00000000000    2.10918513398   10.55051382215   -2.15156124545
|1459> NewECP
|1460> N_core 0
|1461> lmax f
|1462> s 1
|1463> 1      1.732000000   14.676000000 2
|1464> p 1
|1465> 1      1.115000000    5.175700000 2
|1466> d 1
|1467> 1      1.203000000   -1.816000000 2
|1468> f 1
|1469> 1      1.000000000    0.000000000 2
|1470> end
|1471> Mg>    2.00000000000   10.55085686326    2.10881092020   -2.15186922441
|1472> NewECP
|1473> N_core 0
|1474> lmax f
|1475> s 1
|1476> 1      1.732000000   14.676000000 2
|1477> p 1
|1478> 1      1.115000000    5.175700000 2
|1479> d 1
|1480> 1      1.203000000   -1.816000000 2
|1481> f 1
|1482> 1      1.000000000    0.000000000 2
|1483> end
|1484> Mg>    2.00000000000   -2.11044912265   10.55076331175   -2.15117644609
|1485> NewECP
|1486> N_core 0
|1487> lmax f
|1488> s 1
|1489> 1      1.732000000   14.676000000 2
|1490> p 1
|1491> 1      1.115000000    5.175700000 2
|1492> d 1
|1493> 1      1.203000000   -1.816000000 2
|1494> f 1
|1495> 1      1.000000000    0.000000000 2
|1496> end
|1497> Mg>    2.00000000000   10.55131095343   -2.11111066111   -2.15109479606
|1498> NewECP
|1499> N_core 0
|1500> lmax f
|1501> s 1
|1502> 1      1.732000000   14.676000000 2
|1503> p 1
|1504> 1      1.115000000    5.175700000 2
|1505> d 1
|1506> 1      1.203000000   -1.816000000 2
|1507> f 1
|1508> 1      1.000000000    0.000000000 2
|1509> end
|1510> Mg>    2.00000000000  -10.55168921183    2.10865364280   -2.15245685129
|1511> NewECP
|1512> N_core 0
|1513> lmax f
|1514> s 1
|1515> 1      1.732000000   14.676000000 2
|1516> p 1
|1517> 1      1.115000000    5.175700000 2
|1518> d 1
|1519> 1      1.203000000   -1.816000000 2
|1520> f 1
|1521> 1      1.000000000    0.000000000 2
|1522> end
|1523> Mg>    2.00000000000    2.10917816939  -10.55234289355   -2.15240548814
|1524> NewECP
|1525> N_core 0
|1526> lmax f
|1527> s 1
|1528> 1      1.732000000   14.676000000 2
|1529> p 1
|1530> 1      1.115000000    5.175700000 2
|1531> d 1
|1532> 1      1.203000000   -1.816000000 2
|1533> f 1
|1534> 1      1.000000000    0.000000000 2
|1535> end
|1536> Mg>    2.00000000000  -10.55244237123   -2.11108471719   -2.15130814393
|1537> NewECP
|1538> N_core 0
|1539> lmax f
|1540> s 1
|1541> 1      1.732000000   14.676000000 2
|1542> p 1
|1543> 1      1.115000000    5.175700000 2
|1544> d 1
|1545> 1      1.203000000   -1.816000000 2
|1546> f 1
|1547> 1      1.000000000    0.000000000 2
|1548> end
|1549> Mg>    2.00000000000   -2.11058076946  -10.55284350903   -2.15159056822
|1550> NewECP
|1551> N_core 0
|1552> lmax f
|1553> s 1
|1554> 1      1.732000000   14.676000000 2
|1555> p 1
|1556> 1      1.115000000    5.175700000 2
|1557> d 1
|1558> 1      1.203000000   -1.816000000 2
|1559> f 1
|1560> 1      1.000000000    0.000000000 2
|1561> end
|1562>   end
|1563> endd                         ****END OF INPUT****
================================================================================
----------------
TOTAL SCF ENERGY
----------------

Total Energy       :        -9778.33282575 Eh         -266081.96353 eV

Components:
Nuclear Repulsion  :        25991.64947572 Eh          707268.73908 eV
Electronic Energy  :       -35769.98230146 Eh         -973350.70262 eV
One Electron Energy:       -66306.28517640 Eh        -1804285.74776 eV
Two Electron Energy:        30536.30287494 Eh          830935.04515 eV
Max COSX asymmetry :            0.00021721 Eh               0.00591 eV

Virial components:
Potential Energy   :       -18517.96287092 Eh         -503899.38747 eV
Kinetic Energy     :         8739.63004517 Eh          237817.42393 eV
Virial Ratio       :            2.11884974

--------------------Output has been truncated-------------------------


--------------------Output has been truncated-------------------------


--------------------Output has been truncated-------------------------


--------------------Output has been truncated-------------------------


--------------------Output has been truncated-------------------------


--------------------Output has been truncated-------------------------


--------------------Output has been truncated-------------------------


--------------------Output has been truncated-------------------------


--------------------Output has been truncated-------------------------


--------------------Output has been truncated-------------------------


-----------------------------------------------
 RI-MP2 CORRELATION ENERGY:    -14.575418581 Eh
-----------------------------------------------
---------------------------------------
MP2 TOTAL ENERGY:    -9792.908244326 Eh
---------------------------------------

Maximum memory used throughout the entire MP2-calculation: 9356.9 MB

-------------------------   --------------------
FINAL SINGLE POINT ENERGY     -9792.908244325765
-------------------------   --------------------
TOTAL RUN TIME: 0 days 4 hours 47 minutes 8 seconds 271 msec
