================================================================================
                                       INPUT FILE
================================================================================
NAME = orca.inp
|  1>  ! TightSCF RI-MP2 RIJCOSX SlowConv DIIS
|  2> %maxcore 75000
|  3> %pal
|  4> nprocs 16
|  5> end
|  6> %pointcharges "orca.bq"
|  7> %method
|  8> Method hf
|  9> RI on
| 10> RunTyp Energy
| 11> NewNCore O 2 end
| 12> NewNCore Mg 2 end
| 13> NewNCore H 0 end
| 14> NewNCore C 2 end
| 15> end
| 16> %basis
| 17> NewGTO Mg
| 18> "cc-pwCVDZ"
| 19> end
| 20> NewGTO H
| 21> "aug-cc-pVDZ"
| 22> end
| 23> NewGTO C
| 24> "aug-cc-pVDZ"
| 25> end
| 26> NewGTO O
| 27> "aug-cc-pVDZ"
| 28> end
| 29> NewAuxCGTO Mg
| 30> "AutoAux"
| 31> end
| 32> NewAuxCGTO H
| 33> "aug-cc-pVDZ/C"
| 34> end
| 35> NewAuxCGTO C
| 36> "aug-cc-pVDZ/C"
| 37> end
| 38> NewAuxCGTO O 
| 39> "aug-cc-pVDZ/C"
| 40> end
| 41> Aux "def2/J"
| 42> end
| 43> %scf
| 44> HFTyp rhf
| 45> Guess MORead
| 46> MOInp "orca_svp_start.gbw"
| 47> SCFMode Direct
| 48> sthresh 1e-6
| 49> AutoTRAHIter 60
| 50> MaxIter 1000
| 51> end
| 52> %coords
| 53> CTyp xyz
| 54> Mult 1
| 55> Units angs
| 56>       Charge -64
| 57>   coords
| 58> C:                     -0.76885753489    1.07411532797    3.02100749847
| 59> O:                     -0.76210882596   -0.04797415604    2.12425634126
| 60> H:                      0.10458782109    0.98019758004    3.67974724568
| 61> H:                     -1.57844236271    0.00010060711    1.52043498366
| 62> H:                     -0.69008735546    2.02833261801    2.47105234534
| 63> H:                     -1.67866825361    1.07925561358    3.64425977492
| 64> Mg                      0.00000000000    0.00000000000    0.00000000000
| 65> O                       2.07076100186    0.00657476458   -0.06780151869
| 66> O                      -0.05821065551   -2.11826435397   -0.09420906408
| 67> O                      -0.05892765054    2.12792286504   -0.07924086397
| 68> O                      -0.06108106527    0.00672094176   -2.20393962512
| 69> O                      -2.21049159528    0.00721412441   -0.01986080603
| 70> Mg                      2.05205075623   -2.11262858481   -0.11290406688
| 71> Mg                      2.05490301170    2.12301243576   -0.11795608829
| 72> Mg                      2.04633481111    0.00468094452   -2.21282958198
| 73> Mg                     -2.16590396214   -2.12856842063   -0.11977523747
| 74> Mg                     -0.05465273515   -2.09588957423   -2.21013828133
| 75> Mg                     -2.17133818356    2.13894675777   -0.13610194951
| 76> Mg                     -0.05400692288    2.10665530179   -2.21006086839
| 77> Mg                     -2.15741385988    0.00391916526   -2.21216924080
| 78> O                       2.05727117546   -2.10447259807   -2.22465343908
| 79> O                       2.05617549806    2.11547436538   -2.22438808913
| 80> O                      -2.17001096345   -2.09984855651   -2.21953943360
| 81> O                      -2.16929624903    2.11084588707   -2.22161898850
| 82> Mg                      4.14248767441    0.00384193246   -0.11693599476
| 83> Mg                     -0.05281126859   -4.21222214630   -0.12351428218
| 84> Mg                     -0.05281126859    4.22876490951   -0.12351428218
| 85> Mg                     -4.29849938141    0.00384193246   -0.11693599476
| 86> Mg                     -0.05580793263    0.00625184915   -4.34249950126
| 87> O                       4.16388178388   -2.11080274455   -0.06740952626
| 88> O                       4.16410635867    2.12071279654   -0.06759918151
| 89> O                       2.05592464709   -4.21647197299   -0.07088607727
| 90> O                       2.05592464709    4.22451508283   -0.07088607727
| 91> O                       4.16845957131    0.00594716631   -2.22122595955
| 92> O                      -2.16951903903   -4.21725649823   -0.07310060274
| 93> O                      -2.16951903903    4.22373055759   -0.07310060274
| 94> O                      -4.27710527194   -2.11080274455   -0.06740952626
| 95> O                      -0.05752156949   -4.21666671452   -2.23048631498
| 96> O                      -4.27688069714    2.12071279654   -0.06759918151
| 97> O                      -0.05752156949    4.22432034129   -2.23048631498
| 98> O                       2.05443883132    0.00625184915   -4.34249950126
| 99> O                      -4.27252748451    0.00594716631   -2.22122595955
|100> O                      -0.05580793263   -2.10399491481   -4.34249950126
|101> O                      -0.05580793263    2.11649861310   -4.34249950126
|102> O                      -2.16605469659    0.00625184915   -4.34249950126
|103> Mg                      4.16224126384   -2.10356384611   -2.21872011682
|104> Mg                      4.16100455044    2.11451230958   -2.22113101436
|105> Mg                      2.05197349777   -4.21424795152   -2.22276967351
|106> Mg                      2.05197349777    4.22673910430   -2.22276967351
|107> Mg                     -2.16497461978   -4.21325636366   -2.22512792174
|108> Mg                     -2.16497461978    4.22773069216   -2.22512792174
|109> Mg                     -4.27874579197   -2.10356384611   -2.21872011682
|110> Mg                     -4.27998250537    2.11451230958   -2.22113101436
|111> Mg                      4.15930375490   -4.21437435328   -0.11648485895
|112> Mg                      4.15930375490    4.22661270253   -0.11648485895
|113> Mg                     -4.28168330092   -4.21437435328   -0.11648485895
|114> Mg                     -4.28168330092    4.22661270253   -0.11648485895
|115> O                       6.23049546054    0.00721412441   -0.01986080603
|116> O                      -0.05892765054   -6.31306419078   -0.07924086397
|117> O                      -0.05821065551    6.32272270184   -0.09420906408
|118> O                       4.16550828094   -4.21546626971   -2.22675735223
|119> O                       4.16550828094    4.22552078611   -2.22675735223
|120> O                      -6.37022605395    0.00657476458   -0.06780151869
|121> O                       4.16468559528   -2.10399491481   -4.34249950126
|122> O                       4.16468559528    2.11649861310   -4.34249950126
|123> O                       2.05443883132   -4.21424167876   -4.34249950126
|124> O                       2.05443883132    4.22674537706   -4.34249950126
|125> O                      -4.27547877488   -4.21546626971   -2.22675735223
|126> O                      -4.27547877488    4.22552078611   -2.22675735223
|127> O                      -2.16605469659   -4.21424167876   -4.34249950126
|128> O                      -2.16605469659    4.22674537706   -4.34249950126
|129> O                      -4.27630146054   -2.10399491481   -4.34249950126
|130> O                      -4.27630146054    2.11649861310   -4.34249950126
|131> O                      -0.05580793263    0.00625184915   -6.45274626522
|132> O                       6.27097609237   -2.09984855651   -2.21953943360
|133> O                       6.27169080678    2.11084588707   -2.22161898850
|134> O                       2.05617549806   -6.32551269044   -2.22438808913
|135> O                       2.05727117546    6.33651445775   -2.22465343908
|136> O                      -2.16929624903   -6.33014116874   -2.22161898850
|137> O                      -2.17001096345    6.34113849930   -2.21953943360
|138> O                      -6.38371588036   -2.10447259807   -2.22465343908
|139> O                      -6.38481155776    2.11547436538   -2.22438808913
|140> O                       6.27146801679   -4.21725649823   -0.07310060274
|141> O                       6.27146801679    4.22373055759   -0.07310060274
|142> O                       4.16410635867   -6.32027425927   -0.06759918151
|143> O                       4.16388178388    6.33018431127   -0.06740952626
|144> O                      -4.27688069714   -6.32027425927   -0.06759918151
|145> O                      -4.27710527194    6.33018431127   -0.06740952626
|146> O                      -6.38506240873   -4.21647197299   -0.07088607727
|147> O                      -6.38506240873    4.22451508283   -0.07088607727
|148> Mg>    2.00000000000    2.05443883132   -2.10399491481   -4.34249950126
|149> NewECP
|150> N_core 0
|151> lmax f
|152> s 1
|153> 1      1.732000000   14.676000000 2
|154> p 1
|155> 1      1.115000000    5.175700000 2
|156> d 1
|157> 1      1.203000000   -1.816000000 2
|158> f 1
|159> 1      1.000000000    0.000000000 2
|160> end
|161> Mg>    2.00000000000    2.05443883132    2.11649861310   -4.34249950126
|162> NewECP
|163> N_core 0
|164> lmax f
|165> s 1
|166> 1      1.732000000   14.676000000 2
|167> p 1
|168> 1      1.115000000    5.175700000 2
|169> d 1
|170> 1      1.203000000   -1.816000000 2
|171> f 1
|172> 1      1.000000000    0.000000000 2
|173> end
|174> Mg>    2.00000000000   -2.16605469659   -2.10399491481   -4.34249950126
|175> NewECP
|176> N_core 0
|177> lmax f
|178> s 1
|179> 1      1.732000000   14.676000000 2
|180> p 1
|181> 1      1.115000000    5.175700000 2
|182> d 1
|183> 1      1.203000000   -1.816000000 2
|184> f 1
|185> 1      1.000000000    0.000000000 2
|186> end
|187> Mg>    2.00000000000   -2.16605469659    2.11649861310   -4.34249950126
|188> NewECP
|189> N_core 0
|190> lmax f
|191> s 1
|192> 1      1.732000000   14.676000000 2
|193> p 1
|194> 1      1.115000000    5.175700000 2
|195> d 1
|196> 1      1.203000000   -1.816000000 2
|197> f 1
|198> 1      1.000000000    0.000000000 2
|199> end
|200> Mg>    2.00000000000    4.16468559528    0.00625184915   -4.34249950126
|201> NewECP
|202> N_core 0
|203> lmax f
|204> s 1
|205> 1      1.732000000   14.676000000 2
|206> p 1
|207> 1      1.115000000    5.175700000 2
|208> d 1
|209> 1      1.203000000   -1.816000000 2
|210> f 1
|211> 1      1.000000000    0.000000000 2
|212> end
|213> Mg>    2.00000000000   -0.05580793263   -4.21424167876   -4.34249950126
|214> NewECP
|215> N_core 0
|216> lmax f
|217> s 1
|218> 1      1.732000000   14.676000000 2
|219> p 1
|220> 1      1.115000000    5.175700000 2
|221> d 1
|222> 1      1.203000000   -1.816000000 2
|223> f 1
|224> 1      1.000000000    0.000000000 2
|225> end
|226> Mg>    2.00000000000   -0.05580793263    4.22674537706   -4.34249950126
|227> NewECP
|228> N_core 0
|229> lmax f
|230> s 1
|231> 1      1.732000000   14.676000000 2
|232> p 1
|233> 1      1.115000000    5.175700000 2
|234> d 1
|235> 1      1.203000000   -1.816000000 2
|236> f 1
|237> 1      1.000000000    0.000000000 2
|238> end
|239> Mg>    2.00000000000   -4.27630146054    0.00625184915   -4.34249950126
|240> NewECP
|241> N_core 0
|242> lmax f
|243> s 1
|244> 1      1.732000000   14.676000000 2
|245> p 1
|246> 1      1.115000000    5.175700000 2
|247> d 1
|248> 1      1.203000000   -1.816000000 2
|249> f 1
|250> 1      1.000000000    0.000000000 2
|251> end
|252> Mg>    2.00000000000    6.26964887226    2.13894675777   -0.13610194951
|253> NewECP
|254> N_core 0
|255> lmax f
|256> s 1
|257> 1      1.732000000   14.676000000 2
|258> p 1
|259> 1      1.115000000    5.175700000 2
|260> d 1
|261> 1      1.203000000   -1.816000000 2
|262> f 1
|263> 1      1.000000000    0.000000000 2
|264> end
|265> Mg>    2.00000000000    6.27508309368   -2.12856842063   -0.11977523747
|266> NewECP
|267> N_core 0
|268> lmax f
|269> s 1
|270> 1      1.732000000   14.676000000 2
|271> p 1
|272> 1      1.115000000    5.175700000 2
|273> d 1
|274> 1      1.203000000   -1.816000000 2
|275> f 1
|276> 1      1.000000000    0.000000000 2
|277> end
|278> Mg>    2.00000000000    2.05490301170   -6.31797462006   -0.11795608829
|279> NewECP
|280> N_core 0
|281> lmax f
|282> s 1
|283> 1      1.732000000   14.676000000 2
|284> p 1
|285> 1      1.115000000    5.175700000 2
|286> d 1
|287> 1      1.203000000   -1.816000000 2
|288> f 1
|289> 1      1.000000000    0.000000000 2
|290> end
|291> Mg>    2.00000000000    2.05205075623    6.32835847101   -0.11290406688
|292> NewECP
|293> N_core 0
|294> lmax f
|295> s 1
|296> 1      1.732000000   14.676000000 2
|297> p 1
|298> 1      1.115000000    5.175700000 2
|299> d 1
|300> 1      1.203000000   -1.816000000 2
|301> f 1
|302> 1      1.000000000    0.000000000 2
|303> end
|304> Mg>    2.00000000000    6.28357319593    0.00391916526   -2.21216924080
|305> NewECP
|306> N_core 0
|307> lmax f
|308> s 1
|309> 1      1.732000000   14.676000000 2
|310> p 1
|311> 1      1.115000000    5.175700000 2
|312> d 1
|313> 1      1.203000000   -1.816000000 2
|314> f 1
|315> 1      1.000000000    0.000000000 2
|316> end
|317> Mg>    2.00000000000   -2.17133818356   -6.30204029805   -0.13610194951
|318> NewECP
|319> N_core 0
|320> lmax f
|321> s 1
|322> 1      1.732000000   14.676000000 2
|323> p 1
|324> 1      1.115000000    5.175700000 2
|325> d 1
|326> 1      1.203000000   -1.816000000 2
|327> f 1
|328> 1      1.000000000    0.000000000 2
|329> end
|330> Mg>    2.00000000000   -2.16590396214    6.31241863519   -0.11977523747
|331> NewECP
|332> N_core 0
|333> lmax f
|334> s 1
|335> 1      1.732000000   14.676000000 2
|336> p 1
|337> 1      1.115000000    5.175700000 2
|338> d 1
|339> 1      1.203000000   -1.816000000 2
|340> f 1
|341> 1      1.000000000    0.000000000 2
|342> end
|343> Mg>    2.00000000000   -0.05400692288   -6.33433175402   -2.21006086839
|344> NewECP
|345> N_core 0
|346> lmax f
|347> s 1
|348> 1      1.732000000   14.676000000 2
|349> p 1
|350> 1      1.115000000    5.175700000 2
|351> d 1
|352> 1      1.203000000   -1.816000000 2
|353> f 1
|354> 1      1.000000000    0.000000000 2
|355> end
|356> Mg>    2.00000000000   -0.05465273515    6.34509748159   -2.21013828133
|357> NewECP
|358> N_core 0
|359> lmax f
|360> s 1
|361> 1      1.732000000   14.676000000 2
|362> p 1
|363> 1      1.115000000    5.175700000 2
|364> d 1
|365> 1      1.203000000   -1.816000000 2
|366> f 1
|367> 1      1.000000000    0.000000000 2
|368> end
|369> Mg>    2.00000000000   -6.38893629959   -2.11262858481   -0.11290406688
|370> NewECP
|371> N_core 0
|372> lmax f
|373> s 1
|374> 1      1.732000000   14.676000000 2
|375> p 1
|376> 1      1.115000000    5.175700000 2
|377> d 1
|378> 1      1.203000000   -1.816000000 2
|379> f 1
|380> 1      1.000000000    0.000000000 2
|381> end
|382> Mg>    2.00000000000   -6.38608404411    2.12301243576   -0.11795608829
|383> NewECP
|384> N_core 0
|385> lmax f
|386> s 1
|387> 1      1.732000000   14.676000000 2
|388> p 1
|389> 1      1.115000000    5.175700000 2
|390> d 1
|391> 1      1.203000000   -1.816000000 2
|392> f 1
|393> 1      1.000000000    0.000000000 2
|394> end
|395> Mg>    2.00000000000   -6.39465224470    0.00468094452   -2.21282958198
|396> NewECP
|397> N_core 0
|398> lmax f
|399> s 1
|400> 1      1.732000000   14.676000000 2
|401> p 1
|402> 1      1.115000000    5.175700000 2
|403> d 1
|404> 1      1.203000000   -1.816000000 2
|405> f 1
|406> 1      1.000000000    0.000000000 2
|407> end
|408> Mg>    2.00000000000    2.05443883132    0.00625184915   -6.45274626522
|409> NewECP
|410> N_core 0
|411> lmax f
|412> s 1
|413> 1      1.732000000   14.676000000 2
|414> p 1
|415> 1      1.115000000    5.175700000 2
|416> d 1
|417> 1      1.203000000   -1.816000000 2
|418> f 1
|419> 1      1.000000000    0.000000000 2
|420> end
|421> Mg>    2.00000000000   -0.05580793263   -2.10399491481   -6.45274626522
|422> NewECP
|423> N_core 0
|424> lmax f
|425> s 1
|426> 1      1.732000000   14.676000000 2
|427> p 1
|428> 1      1.115000000    5.175700000 2
|429> d 1
|430> 1      1.203000000   -1.816000000 2
|431> f 1
|432> 1      1.000000000    0.000000000 2
|433> end
|434> Mg>    2.00000000000   -0.05580793263    2.11649861310   -6.45274626522
|435> NewECP
|436> N_core 0
|437> lmax f
|438> s 1
|439> 1      1.732000000   14.676000000 2
|440> p 1
|441> 1      1.115000000    5.175700000 2
|442> d 1
|443> 1      1.203000000   -1.816000000 2
|444> f 1
|445> 1      1.000000000    0.000000000 2
|446> end
|447> Mg>    2.00000000000   -2.16605469659    0.00625184915   -6.45274626522
|448> NewECP
|449> N_core 0
|450> lmax f
|451> s 1
|452> 1      1.732000000   14.676000000 2
|453> p 1
|454> 1      1.115000000    5.175700000 2
|455> d 1
|456> 1      1.203000000   -1.816000000 2
|457> f 1
|458> 1      1.000000000    0.000000000 2
|459> end
|460> Mg>    2.00000000000    4.16468559528   -4.21424167876   -4.34249950126
|461> NewECP
|462> N_core 0
|463> lmax f
|464> s 1
|465> 1      1.732000000   14.676000000 2
|466> p 1
|467> 1      1.115000000    5.175700000 2
|468> d 1
|469> 1      1.203000000   -1.816000000 2
|470> f 1
|471> 1      1.000000000    0.000000000 2
|472> end
|473> Mg>    2.00000000000    4.16468559528    4.22674537706   -4.34249950126
|474> NewECP
|475> N_core 0
|476> lmax f
|477> s 1
|478> 1      1.732000000   14.676000000 2
|479> p 1
|480> 1      1.115000000    5.175700000 2
|481> d 1
|482> 1      1.203000000   -1.816000000 2
|483> f 1
|484> 1      1.000000000    0.000000000 2
|485> end
|486> Mg>    2.00000000000   -4.27630146054   -4.21424167876   -4.34249950126
|487> NewECP
|488> N_core 0
|489> lmax f
|490> s 1
|491> 1      1.732000000   14.676000000 2
|492> p 1
|493> 1      1.115000000    5.175700000 2
|494> d 1
|495> 1      1.203000000   -1.816000000 2
|496> f 1
|497> 1      1.000000000    0.000000000 2
|498> end
|499> Mg>    2.00000000000   -4.27630146054    4.22674537706   -4.34249950126
|500> NewECP
|501> N_core 0
|502> lmax f
|503> s 1
|504> 1      1.732000000   14.676000000 2
|505> p 1
|506> 1      1.115000000    5.175700000 2
|507> d 1
|508> 1      1.203000000   -1.816000000 2
|509> f 1
|510> 1      1.000000000    0.000000000 2
|511> end
|512> Mg>    2.00000000000    6.27601243604   -4.21325636366   -2.22512792174
|513> NewECP
|514> N_core 0
|515> lmax f
|516> s 1
|517> 1      1.732000000   14.676000000 2
|518> p 1
|519> 1      1.115000000    5.175700000 2
|520> d 1
|521> 1      1.203000000   -1.816000000 2
|522> f 1
|523> 1      1.000000000    0.000000000 2
|524> end
|525> Mg>    2.00000000000    6.27601243604    4.22773069216   -2.22512792174
|526> NewECP
|527> N_core 0
|528> lmax f
|529> s 1
|530> 1      1.732000000   14.676000000 2
|531> p 1
|532> 1      1.115000000    5.175700000 2
|533> d 1
|534> 1      1.203000000   -1.816000000 2
|535> f 1
|536> 1      1.000000000    0.000000000 2
|537> end
|538> Mg>    2.00000000000    4.16100455044   -6.32647474624   -2.22113101436
|539> NewECP
|540> N_core 0
|541> lmax f
|542> s 1
|543> 1      1.732000000   14.676000000 2
|544> p 1
|545> 1      1.115000000    5.175700000 2
|546> d 1
|547> 1      1.203000000   -1.816000000 2
|548> f 1
|549> 1      1.000000000    0.000000000 2
|550> end
|551> Mg>    2.00000000000    4.16224126384    6.33742320970   -2.21872011682
|552> NewECP
|553> N_core 0
|554> lmax f
|555> s 1
|556> 1      1.732000000   14.676000000 2
|557> p 1
|558> 1      1.115000000    5.175700000 2
|559> d 1
|560> 1      1.203000000   -1.816000000 2
|561> f 1
|562> 1      1.000000000    0.000000000 2
|563> end
|564> Mg>    2.00000000000    6.27493235923   -2.10399491481   -4.34249950126
|565> NewECP
|566> N_core 0
|567> lmax f
|568> s 1
|569> 1      1.732000000   14.676000000 2
|570> p 1
|571> 1      1.115000000    5.175700000 2
|572> d 1
|573> 1      1.203000000   -1.816000000 2
|574> f 1
|575> 1      1.000000000    0.000000000 2
|576> end
|577> Mg>    2.00000000000    6.27493235923    2.11649861310   -4.34249950126
|578> NewECP
|579> N_core 0
|580> lmax f
|581> s 1
|582> 1      1.732000000   14.676000000 2
|583> p 1
|584> 1      1.115000000    5.175700000 2
|585> d 1
|586> 1      1.203000000   -1.816000000 2
|587> f 1
|588> 1      1.000000000    0.000000000 2
|589> end
|590> Mg>    2.00000000000    2.05443883132   -6.32448844272   -4.34249950126
|591> NewECP
|592> N_core 0
|593> lmax f
|594> s 1
|595> 1      1.732000000   14.676000000 2
|596> p 1
|597> 1      1.115000000    5.175700000 2
|598> d 1
|599> 1      1.203000000   -1.816000000 2
|600> f 1
|601> 1      1.000000000    0.000000000 2
|602> end
|603> Mg>    2.00000000000    2.05443883132    6.33699214101   -4.34249950126
|604> NewECP
|605> N_core 0
|606> lmax f
|607> s 1
|608> 1      1.732000000   14.676000000 2
|609> p 1
|610> 1      1.115000000    5.175700000 2
|611> d 1
|612> 1      1.203000000   -1.816000000 2
|613> f 1
|614> 1      1.000000000    0.000000000 2
|615> end
|616> Mg>    2.00000000000   -4.27998250537   -6.32647474624   -2.22113101436
|617> NewECP
|618> N_core 0
|619> lmax f
|620> s 1
|621> 1      1.732000000   14.676000000 2
|622> p 1
|623> 1      1.115000000    5.175700000 2
|624> d 1
|625> 1      1.203000000   -1.816000000 2
|626> f 1
|627> 1      1.000000000    0.000000000 2
|628> end
|629> Mg>    2.00000000000   -4.27874579197    6.33742320970   -2.21872011682
|630> NewECP
|631> N_core 0
|632> lmax f
|633> s 1
|634> 1      1.732000000   14.676000000 2
|635> p 1
|636> 1      1.115000000    5.175700000 2
|637> d 1
|638> 1      1.203000000   -1.816000000 2
|639> f 1
|640> 1      1.000000000    0.000000000 2
|641> end
|642> Mg>    2.00000000000    4.16468559528   -2.10399491481   -6.45274626522
|643> NewECP
|644> N_core 0
|645> lmax f
|646> s 1
|647> 1      1.732000000   14.676000000 2
|648> p 1
|649> 1      1.115000000    5.175700000 2
|650> d 1
|651> 1      1.203000000   -1.816000000 2
|652> f 1
|653> 1      1.000000000    0.000000000 2
|654> end
|655> Mg>    2.00000000000    4.16468559528    2.11649861310   -6.45274626522
|656> NewECP
|657> N_core 0
|658> lmax f
|659> s 1
|660> 1      1.732000000   14.676000000 2
|661> p 1
|662> 1      1.115000000    5.175700000 2
|663> d 1
|664> 1      1.203000000   -1.816000000 2
|665> f 1
|666> 1      1.000000000    0.000000000 2
|667> end
|668> Mg>    2.00000000000   -6.38901355805   -4.21424795152   -2.22276967351
|669> NewECP
|670> N_core 0
|671> lmax f
|672> s 1
|673> 1      1.732000000   14.676000000 2
|674> p 1
|675> 1      1.115000000    5.175700000 2
|676> d 1
|677> 1      1.203000000   -1.816000000 2
|678> f 1
|679> 1      1.000000000    0.000000000 2
|680> end
|681> Mg>    2.00000000000   -2.16605469659   -6.32448844272   -4.34249950126
|682> NewECP
|683> N_core 0
|684> lmax f
|685> s 1
|686> 1      1.732000000   14.676000000 2
|687> p 1
|688> 1      1.115000000    5.175700000 2
|689> d 1
|690> 1      1.203000000   -1.816000000 2
|691> f 1
|692> 1      1.000000000    0.000000000 2
|693> end
|694> Mg>    2.00000000000    2.05443883132   -4.21424167876   -6.45274626522
|695> NewECP
|696> N_core 0
|697> lmax f
|698> s 1
|699> 1      1.732000000   14.676000000 2
|700> p 1
|701> 1      1.115000000    5.175700000 2
|702> d 1
|703> 1      1.203000000   -1.816000000 2
|704> f 1
|705> 1      1.000000000    0.000000000 2
|706> end
|707> Mg>    2.00000000000   -6.38901355805    4.22673910430   -2.22276967351
|708> NewECP
|709> N_core 0
|710> lmax f
|711> s 1
|712> 1      1.732000000   14.676000000 2
|713> p 1
|714> 1      1.115000000    5.175700000 2
|715> d 1
|716> 1      1.203000000   -1.816000000 2
|717> f 1
|718> 1      1.000000000    0.000000000 2
|719> end
|720> Mg>    2.00000000000   -2.16605469659    6.33699214101   -4.34249950126
|721> NewECP
|722> N_core 0
|723> lmax f
|724> s 1
|725> 1      1.732000000   14.676000000 2
|726> p 1
|727> 1      1.115000000    5.175700000 2
|728> d 1
|729> 1      1.203000000   -1.816000000 2
|730> f 1
|731> 1      1.000000000    0.000000000 2
|732> end
|733> Mg>    2.00000000000    2.05443883132    4.22674537706   -6.45274626522
|734> NewECP
|735> N_core 0
|736> lmax f
|737> s 1
|738> 1      1.732000000   14.676000000 2
|739> p 1
|740> 1      1.115000000    5.175700000 2
|741> d 1
|742> 1      1.203000000   -1.816000000 2
|743> f 1
|744> 1      1.000000000    0.000000000 2
|745> end
|746> Mg>    2.00000000000   -6.38654822450   -2.10399491481   -4.34249950126
|747> NewECP
|748> N_core 0
|749> lmax f
|750> s 1
|751> 1      1.732000000   14.676000000 2
|752> p 1
|753> 1      1.115000000    5.175700000 2
|754> d 1
|755> 1      1.203000000   -1.816000000 2
|756> f 1
|757> 1      1.000000000    0.000000000 2
|758> end
|759> Mg>    2.00000000000   -2.16605469659   -4.21424167876   -6.45274626522
|760> NewECP
|761> N_core 0
|762> lmax f
|763> s 1
|764> 1      1.732000000   14.676000000 2
|765> p 1
|766> 1      1.115000000    5.175700000 2
|767> d 1
|768> 1      1.203000000   -1.816000000 2
|769> f 1
|770> 1      1.000000000    0.000000000 2
|771> end
|772> Mg>    2.00000000000   -6.38654822450    2.11649861310   -4.34249950126
|773> NewECP
|774> N_core 0
|775> lmax f
|776> s 1
|777> 1      1.732000000   14.676000000 2
|778> p 1
|779> 1      1.115000000    5.175700000 2
|780> d 1
|781> 1      1.203000000   -1.816000000 2
|782> f 1
|783> 1      1.000000000    0.000000000 2
|784> end
|785> Mg>    2.00000000000   -2.16605469659    4.22674537706   -6.45274626522
|786> NewECP
|787> N_core 0
|788> lmax f
|789> s 1
|790> 1      1.732000000   14.676000000 2
|791> p 1
|792> 1      1.115000000    5.175700000 2
|793> d 1
|794> 1      1.203000000   -1.816000000 2
|795> f 1
|796> 1      1.000000000    0.000000000 2
|797> end
|798> Mg>    2.00000000000   -4.27630146054   -2.10399491481   -6.45274626522
|799> NewECP
|800> N_core 0
|801> lmax f
|802> s 1
|803> 1      1.732000000   14.676000000 2
|804> p 1
|805> 1      1.115000000    5.175700000 2
|806> d 1
|807> 1      1.203000000   -1.816000000 2
|808> f 1
|809> 1      1.000000000    0.000000000 2
|810> end
|811> Mg>    2.00000000000   -4.27630146054    2.11649861310   -6.45274626522
|812> NewECP
|813> N_core 0
|814> lmax f
|815> s 1
|816> 1      1.732000000   14.676000000 2
|817> p 1
|818> 1      1.115000000    5.175700000 2
|819> d 1
|820> 1      1.203000000   -1.816000000 2
|821> f 1
|822> 1      1.000000000    0.000000000 2
|823> end
|824> Mg>    2.00000000000   -8.44098705582    0.00000000000    0.00000000000
|825> NewECP
|826> N_core 0
|827> lmax f
|828> s 1
|829> 1      1.732000000   14.676000000 2
|830> p 1
|831> 1      1.115000000    5.175700000 2
|832> d 1
|833> 1      1.203000000   -1.816000000 2
|834> f 1
|835> 1      1.000000000    0.000000000 2
|836> end
|837> Mg>    2.00000000000    0.00000000000    8.44098705582    0.00000000000
|838> NewECP
|839> N_core 0
|840> lmax f
|841> s 1
|842> 1      1.732000000   14.676000000 2
|843> p 1
|844> 1      1.115000000    5.175700000 2
|845> d 1
|846> 1      1.203000000   -1.816000000 2
|847> f 1
|848> 1      1.000000000    0.000000000 2
|849> end
|850> Mg>    2.00000000000    8.44098705582    0.00000000000    0.00000000000
|851> NewECP
|852> N_core 0
|853> lmax f
|854> s 1
|855> 1      1.732000000   14.676000000 2
|856> p 1
|857> 1      1.115000000    5.175700000 2
|858> d 1
|859> 1      1.203000000   -1.816000000 2
|860> f 1
|861> 1      1.000000000    0.000000000 2
|862> end
|863> Mg>    2.00000000000    0.00000000000   -8.44098705582    0.00000000000
|864> NewECP
|865> N_core 0
|866> lmax f
|867> s 1
|868> 1      1.732000000   14.676000000 2
|869> p 1
|870> 1      1.115000000    5.175700000 2
|871> d 1
|872> 1      1.203000000   -1.816000000 2
|873> f 1
|874> 1      1.000000000    0.000000000 2
|875> end
|876> Mg>    2.00000000000    6.26964887226   -6.30204029805   -0.13610194951
|877> NewECP
|878> N_core 0
|879> lmax f
|880> s 1
|881> 1      1.732000000   14.676000000 2
|882> p 1
|883> 1      1.115000000    5.175700000 2
|884> d 1
|885> 1      1.203000000   -1.816000000 2
|886> f 1
|887> 1      1.000000000    0.000000000 2
|888> end
|889> Mg>    2.00000000000    6.27508309368    6.31241863519   -0.11977523747
|890> NewECP
|891> N_core 0
|892> lmax f
|893> s 1
|894> 1      1.732000000   14.676000000 2
|895> p 1
|896> 1      1.115000000    5.175700000 2
|897> d 1
|898> 1      1.203000000   -1.816000000 2
|899> f 1
|900> 1      1.000000000    0.000000000 2
|901> end
|902> Mg>    2.00000000000    8.38633432067   -2.09588957423   -2.21013828133
|903> NewECP
|904> N_core 0
|905> lmax f
|906> s 1
|907> 1      1.732000000   14.676000000 2
|908> p 1
|909> 1      1.115000000    5.175700000 2
|910> d 1
|911> 1      1.203000000   -1.816000000 2
|912> f 1
|913> 1      1.000000000    0.000000000 2
|914> end
|915> Mg>    2.00000000000    8.38698013293    2.10665530179   -2.21006086839
|916> NewECP
|917> N_core 0
|918> lmax f
|919> s 1
|920> 1      1.732000000   14.676000000 2
|921> p 1
|922> 1      1.115000000    5.175700000 2
|923> d 1
|924> 1      1.203000000   -1.816000000 2
|925> f 1
|926> 1      1.000000000    0.000000000 2
|927> end
|928> Mg>    2.00000000000    2.04633481111   -8.43630611130   -2.21282958198
|929> NewECP
|930> N_core 0
|931> lmax f
|932> s 1
|933> 1      1.732000000   14.676000000 2
|934> p 1
|935> 1      1.115000000    5.175700000 2
|936> d 1
|937> 1      1.203000000   -1.816000000 2
|938> f 1
|939> 1      1.000000000    0.000000000 2
|940> end
|941> Mg>    2.00000000000    2.04633481111    8.44566800033   -2.21282958198
|942> NewECP
|943> N_core 0
|944> lmax f
|945> s 1
|946> 1      1.732000000   14.676000000 2
|947> p 1
|948> 1      1.115000000    5.175700000 2
|949> d 1
|950> 1      1.203000000   -1.816000000 2
|951> f 1
|952> 1      1.000000000    0.000000000 2
|953> end
|954> Mg>    2.00000000000   -6.38608404411   -6.31797462006   -0.11795608829
|955> NewECP
|956> N_core 0
|957> lmax f
|958> s 1
|959> 1      1.732000000   14.676000000 2
|960> p 1
|961> 1      1.115000000    5.175700000 2
|962> d 1
|963> 1      1.203000000   -1.816000000 2
|964> f 1
|965> 1      1.000000000    0.000000000 2
|966> end
|967> Mg>    2.00000000000   -2.15741385988   -8.43706789056   -2.21216924080
|968> NewECP
|969> N_core 0
|970> lmax f
|971> s 1
|972> 1      1.732000000   14.676000000 2
|973> p 1
|974> 1      1.115000000    5.175700000 2
|975> d 1
|976> 1      1.203000000   -1.816000000 2
|977> f 1
|978> 1      1.000000000    0.000000000 2
|979> end
|980> Mg>    2.00000000000   -2.15741385988    8.44490622108   -2.21216924080
|981> NewECP
|982> N_core 0
|983> lmax f
|984> s 1
|985> 1      1.732000000   14.676000000 2
|986> p 1
|987> 1      1.115000000    5.175700000 2
|988> d 1
|989> 1      1.203000000   -1.816000000 2
|990> f 1
|991> 1      1.000000000    0.000000000 2
|992> end
|993> Mg>    2.00000000000   -6.38893629959    6.32835847101   -0.11290406688
|994> NewECP
|995> N_core 0
|996> lmax f
|997> s 1
|998> 1      1.732000000   14.676000000 2
|999> p 1
|1000> 1      1.115000000    5.175700000 2
|1001> d 1
|1002> 1      1.203000000   -1.816000000 2
|1003> f 1
|1004> 1      1.000000000    0.000000000 2
|1005> end
|1006> Mg>    2.00000000000    6.27493235923    0.00625184915   -6.45274626522
|1007> NewECP
|1008> N_core 0
|1009> lmax f
|1010> s 1
|1011> 1      1.732000000   14.676000000 2
|1012> p 1
|1013> 1      1.115000000    5.175700000 2
|1014> d 1
|1015> 1      1.203000000   -1.816000000 2
|1016> f 1
|1017> 1      1.000000000    0.000000000 2
|1018> end
|1019> Mg>    2.00000000000   -8.49563979097   -2.09588957423   -2.21013828133
|1020> NewECP
|1021> N_core 0
|1022> lmax f
|1023> s 1
|1024> 1      1.732000000   14.676000000 2
|1025> p 1
|1026> 1      1.115000000    5.175700000 2
|1027> d 1
|1028> 1      1.203000000   -1.816000000 2
|1029> f 1
|1030> 1      1.000000000    0.000000000 2
|1031> end
|1032> Mg>    2.00000000000   -8.49499397870    2.10665530179   -2.21006086839
|1033> NewECP
|1034> N_core 0
|1035> lmax f
|1036> s 1
|1037> 1      1.732000000   14.676000000 2
|1038> p 1
|1039> 1      1.115000000    5.175700000 2
|1040> d 1
|1041> 1      1.203000000   -1.816000000 2
|1042> f 1
|1043> 1      1.000000000    0.000000000 2
|1044> end
|1045> Mg>    2.00000000000   -0.05580793263   -6.32448844272   -6.45274626522
|1046> NewECP
|1047> N_core 0
|1048> lmax f
|1049> s 1
|1050> 1      1.732000000   14.676000000 2
|1051> p 1
|1052> 1      1.115000000    5.175700000 2
|1053> d 1
|1054> 1      1.203000000   -1.816000000 2
|1055> f 1
|1056> 1      1.000000000    0.000000000 2
|1057> end
|1058> Mg>    2.00000000000   -0.05580793263    6.33699214101   -6.45274626522
|1059> NewECP
|1060> N_core 0
|1061> lmax f
|1062> s 1
|1063> 1      1.732000000   14.676000000 2
|1064> p 1
|1065> 1      1.115000000    5.175700000 2
|1066> d 1
|1067> 1      1.203000000   -1.816000000 2
|1068> f 1
|1069> 1      1.000000000    0.000000000 2
|1070> end
|1071> Mg>    2.00000000000   -6.38654822450    0.00625184915   -6.45274626522
|1072> NewECP
|1073> N_core 0
|1074> lmax f
|1075> s 1
|1076> 1      1.732000000   14.676000000 2
|1077> p 1
|1078> 1      1.115000000    5.175700000 2
|1079> d 1
|1080> 1      1.203000000   -1.816000000 2
|1081> f 1
|1082> 1      1.000000000    0.000000000 2
|1083> end
|1084> Mg>    2.00000000000    8.38817578723   -4.21222214630   -0.12351428218
|1085> NewECP
|1086> N_core 0
|1087> lmax f
|1088> s 1
|1089> 1      1.732000000   14.676000000 2
|1090> p 1
|1091> 1      1.115000000    5.175700000 2
|1092> d 1
|1093> 1      1.203000000   -1.816000000 2
|1094> f 1
|1095> 1      1.000000000    0.000000000 2
|1096> end
|1097> Mg>    2.00000000000    8.38817578723    4.22876490951   -0.12351428218
|1098> NewECP
|1099> N_core 0
|1100> lmax f
|1101> s 1
|1102> 1      1.732000000   14.676000000 2
|1103> p 1
|1104> 1      1.115000000    5.175700000 2
|1105> d 1
|1106> 1      1.203000000   -1.816000000 2
|1107> f 1
|1108> 1      1.000000000    0.000000000 2
|1109> end
|1110> Mg>    2.00000000000    4.14248767441   -8.43714512336   -0.11693599476
|1111> NewECP
|1112> N_core 0
|1113> lmax f
|1114> s 1
|1115> 1      1.732000000   14.676000000 2
|1116> p 1
|1117> 1      1.115000000    5.175700000 2
|1118> d 1
|1119> 1      1.203000000   -1.816000000 2
|1120> f 1
|1121> 1      1.000000000    0.000000000 2
|1122> end
|1123> Mg>    2.00000000000    4.14248767441    8.44482898827   -0.11693599476
|1124> NewECP
|1125> N_core 0
|1126> lmax f
|1127> s 1
|1128> 1      1.732000000   14.676000000 2
|1129> p 1
|1130> 1      1.115000000    5.175700000 2
|1131> d 1
|1132> 1      1.203000000   -1.816000000 2
|1133> f 1
|1134> 1      1.000000000    0.000000000 2
|1135> end
|1136> Mg>    2.00000000000    8.38517912318    0.00625184915   -4.34249950126
|1137> NewECP
|1138> N_core 0
|1139> lmax f
|1140> s 1
|1141> 1      1.732000000   14.676000000 2
|1142> p 1
|1143> 1      1.115000000    5.175700000 2
|1144> d 1
|1145> 1      1.203000000   -1.816000000 2
|1146> f 1
|1147> 1      1.000000000    0.000000000 2
|1148> end
|1149> Mg>    2.00000000000   -4.29849938141   -8.43714512336   -0.11693599476
|1150> NewECP
|1151> N_core 0
|1152> lmax f
|1153> s 1
|1154> 1      1.732000000   14.676000000 2
|1155> p 1
|1156> 1      1.115000000    5.175700000 2
|1157> d 1
|1158> 1      1.203000000   -1.816000000 2
|1159> f 1
|1160> 1      1.000000000    0.000000000 2
|1161> end
|1162> Mg>    2.00000000000   -4.29849938141    8.44482898827   -0.11693599476
|1163> NewECP
|1164> N_core 0
|1165> lmax f
|1166> s 1
|1167> 1      1.732000000   14.676000000 2
|1168> p 1
|1169> 1      1.115000000    5.175700000 2
|1170> d 1
|1171> 1      1.203000000   -1.816000000 2
|1172> f 1
|1173> 1      1.000000000    0.000000000 2
|1174> end
|1175> Mg>    2.00000000000   -8.49379832441   -4.21222214630   -0.12351428218
|1176> NewECP
|1177> N_core 0
|1178> lmax f
|1179> s 1
|1180> 1      1.732000000   14.676000000 2
|1181> p 1
|1182> 1      1.115000000    5.175700000 2
|1183> d 1
|1184> 1      1.203000000   -1.816000000 2
|1185> f 1
|1186> 1      1.000000000    0.000000000 2
|1187> end
|1188> Mg>    2.00000000000   -0.05580793263   -8.43473520667   -4.34249950126
|1189> NewECP
|1190> N_core 0
|1191> lmax f
|1192> s 1
|1193> 1      1.732000000   14.676000000 2
|1194> p 1
|1195> 1      1.115000000    5.175700000 2
|1196> d 1
|1197> 1      1.203000000   -1.816000000 2
|1198> f 1
|1199> 1      1.000000000    0.000000000 2
|1200> end
|1201> Mg>    2.00000000000   -8.49379832441    4.22876490951   -0.12351428218
|1202> NewECP
|1203> N_core 0
|1204> lmax f
|1205> s 1
|1206> 1      1.732000000   14.676000000 2
|1207> p 1
|1208> 1      1.115000000    5.175700000 2
|1209> d 1
|1210> 1      1.203000000   -1.816000000 2
|1211> f 1
|1212> 1      1.000000000    0.000000000 2
|1213> end
|1214> Mg>    2.00000000000   -0.05580793263    8.44723890496   -4.34249950126
|1215> NewECP
|1216> N_core 0
|1217> lmax f
|1218> s 1
|1219> 1      1.732000000   14.676000000 2
|1220> p 1
|1221> 1      1.115000000    5.175700000 2
|1222> d 1
|1223> 1      1.203000000   -1.816000000 2
|1224> f 1
|1225> 1      1.000000000    0.000000000 2
|1226> end
|1227> Mg>    2.00000000000   -8.49679498845    0.00625184915   -4.34249950126
|1228> NewECP
|1229> N_core 0
|1230> lmax f
|1231> s 1
|1232> 1      1.732000000   14.676000000 2
|1233> p 1
|1234> 1      1.115000000    5.175700000 2
|1235> d 1
|1236> 1      1.203000000   -1.816000000 2
|1237> f 1
|1238> 1      1.000000000    0.000000000 2
|1239> end
|1240> Mg>    2.00000000000    6.27493235923   -6.32448844272   -4.34249950126
|1241> NewECP
|1242> N_core 0
|1243> lmax f
|1244> s 1
|1245> 1      1.732000000   14.676000000 2
|1246> p 1
|1247> 1      1.115000000    5.175700000 2
|1248> d 1
|1249> 1      1.203000000   -1.816000000 2
|1250> f 1
|1251> 1      1.000000000    0.000000000 2
|1252> end
|1253> Mg>    2.00000000000    6.27493235923    6.33699214101   -4.34249950126
|1254> NewECP
|1255> N_core 0
|1256> lmax f
|1257> s 1
|1258> 1      1.732000000   14.676000000 2
|1259> p 1
|1260> 1      1.115000000    5.175700000 2
|1261> d 1
|1262> 1      1.203000000   -1.816000000 2
|1263> f 1
|1264> 1      1.000000000    0.000000000 2
|1265> end
|1266> Mg>    2.00000000000    6.27493235923   -4.21424167876   -6.45274626522
|1267> NewECP
|1268> N_core 0
|1269> lmax f
|1270> s 1
|1271> 1      1.732000000   14.676000000 2
|1272> p 1
|1273> 1      1.115000000    5.175700000 2
|1274> d 1
|1275> 1      1.203000000   -1.816000000 2
|1276> f 1
|1277> 1      1.000000000    0.000000000 2
|1278> end
|1279> Mg>    2.00000000000    6.27493235923    4.22674537706   -6.45274626522
|1280> NewECP
|1281> N_core 0
|1282> lmax f
|1283> s 1
|1284> 1      1.732000000   14.676000000 2
|1285> p 1
|1286> 1      1.115000000    5.175700000 2
|1287> d 1
|1288> 1      1.203000000   -1.816000000 2
|1289> f 1
|1290> 1      1.000000000    0.000000000 2
|1291> end
|1292> Mg>    2.00000000000    4.16468559528   -6.32448844272   -6.45274626522
|1293> NewECP
|1294> N_core 0
|1295> lmax f
|1296> s 1
|1297> 1      1.732000000   14.676000000 2
|1298> p 1
|1299> 1      1.115000000    5.175700000 2
|1300> d 1
|1301> 1      1.203000000   -1.816000000 2
|1302> f 1
|1303> 1      1.000000000    0.000000000 2
|1304> end
|1305> Mg>    2.00000000000    4.16468559528    6.33699214101   -6.45274626522
|1306> NewECP
|1307> N_core 0
|1308> lmax f
|1309> s 1
|1310> 1      1.732000000   14.676000000 2
|1311> p 1
|1312> 1      1.115000000    5.175700000 2
|1313> d 1
|1314> 1      1.203000000   -1.816000000 2
|1315> f 1
|1316> 1      1.000000000    0.000000000 2
|1317> end
|1318> Mg>    2.00000000000   -6.38654822450   -6.32448844272   -4.34249950126
|1319> NewECP
|1320> N_core 0
|1321> lmax f
|1322> s 1
|1323> 1      1.732000000   14.676000000 2
|1324> p 1
|1325> 1      1.115000000    5.175700000 2
|1326> d 1
|1327> 1      1.203000000   -1.816000000 2
|1328> f 1
|1329> 1      1.000000000    0.000000000 2
|1330> end
|1331> Mg>    2.00000000000   -6.38654822450    6.33699214101   -4.34249950126
|1332> NewECP
|1333> N_core 0
|1334> lmax f
|1335> s 1
|1336> 1      1.732000000   14.676000000 2
|1337> p 1
|1338> 1      1.115000000    5.175700000 2
|1339> d 1
|1340> 1      1.203000000   -1.816000000 2
|1341> f 1
|1342> 1      1.000000000    0.000000000 2
|1343> end
|1344> Mg>    2.00000000000   -4.27630146054   -6.32448844272   -6.45274626522
|1345> NewECP
|1346> N_core 0
|1347> lmax f
|1348> s 1
|1349> 1      1.732000000   14.676000000 2
|1350> p 1
|1351> 1      1.115000000    5.175700000 2
|1352> d 1
|1353> 1      1.203000000   -1.816000000 2
|1354> f 1
|1355> 1      1.000000000    0.000000000 2
|1356> end
|1357> Mg>    2.00000000000   -4.27630146054    6.33699214101   -6.45274626522
|1358> NewECP
|1359> N_core 0
|1360> lmax f
|1361> s 1
|1362> 1      1.732000000   14.676000000 2
|1363> p 1
|1364> 1      1.115000000    5.175700000 2
|1365> d 1
|1366> 1      1.203000000   -1.816000000 2
|1367> f 1
|1368> 1      1.000000000    0.000000000 2
|1369> end
|1370> Mg>    2.00000000000   -6.38654822450   -4.21424167876   -6.45274626522
|1371> NewECP
|1372> N_core 0
|1373> lmax f
|1374> s 1
|1375> 1      1.732000000   14.676000000 2
|1376> p 1
|1377> 1      1.115000000    5.175700000 2
|1378> d 1
|1379> 1      1.203000000   -1.816000000 2
|1380> f 1
|1381> 1      1.000000000    0.000000000 2
|1382> end
|1383> Mg>    2.00000000000   -6.38654822450    4.22674537706   -6.45274626522
|1384> NewECP
|1385> N_core 0
|1386> lmax f
|1387> s 1
|1388> 1      1.732000000   14.676000000 2
|1389> p 1
|1390> 1      1.115000000    5.175700000 2
|1391> d 1
|1392> 1      1.203000000   -1.816000000 2
|1393> f 1
|1394> 1      1.000000000    0.000000000 2
|1395> end
|1396> Mg>    2.00000000000    8.38517912318   -4.21424167876   -4.34249950126
|1397> NewECP
|1398> N_core 0
|1399> lmax f
|1400> s 1
|1401> 1      1.732000000   14.676000000 2
|1402> p 1
|1403> 1      1.115000000    5.175700000 2
|1404> d 1
|1405> 1      1.203000000   -1.816000000 2
|1406> f 1
|1407> 1      1.000000000    0.000000000 2
|1408> end
|1409> Mg>    2.00000000000    8.38517912318    4.22674537706   -4.34249950126
|1410> NewECP
|1411> N_core 0
|1412> lmax f
|1413> s 1
|1414> 1      1.732000000   14.676000000 2
|1415> p 1
|1416> 1      1.115000000    5.175700000 2
|1417> d 1
|1418> 1      1.203000000   -1.816000000 2
|1419> f 1
|1420> 1      1.000000000    0.000000000 2
|1421> end
|1422> Mg>    2.00000000000    4.16468559528   -8.43473520667   -4.34249950126
|1423> NewECP
|1424> N_core 0
|1425> lmax f
|1426> s 1
|1427> 1      1.732000000   14.676000000 2
|1428> p 1
|1429> 1      1.115000000    5.175700000 2
|1430> d 1
|1431> 1      1.203000000   -1.816000000 2
|1432> f 1
|1433> 1      1.000000000    0.000000000 2
|1434> end
|1435> Mg>    2.00000000000    4.16468559528    8.44723890496   -4.34249950126
|1436> NewECP
|1437> N_core 0
|1438> lmax f
|1439> s 1
|1440> 1      1.732000000   14.676000000 2
|1441> p 1
|1442> 1      1.115000000    5.175700000 2
|1443> d 1
|1444> 1      1.203000000   -1.816000000 2
|1445> f 1
|1446> 1      1.000000000    0.000000000 2
|1447> end
|1448> Mg>    2.00000000000   -4.27630146054   -8.43473520667   -4.34249950126
|1449> NewECP
|1450> N_core 0
|1451> lmax f
|1452> s 1
|1453> 1      1.732000000   14.676000000 2
|1454> p 1
|1455> 1      1.115000000    5.175700000 2
|1456> d 1
|1457> 1      1.203000000   -1.816000000 2
|1458> f 1
|1459> 1      1.000000000    0.000000000 2
|1460> end
|1461> Mg>    2.00000000000   -4.27630146054    8.44723890496   -4.34249950126
|1462> NewECP
|1463> N_core 0
|1464> lmax f
|1465> s 1
|1466> 1      1.732000000   14.676000000 2
|1467> p 1
|1468> 1      1.115000000    5.175700000 2
|1469> d 1
|1470> 1      1.203000000   -1.816000000 2
|1471> f 1
|1472> 1      1.000000000    0.000000000 2
|1473> end
|1474> Mg>    2.00000000000   -8.49679498845   -4.21424167876   -4.34249950126
|1475> NewECP
|1476> N_core 0
|1477> lmax f
|1478> s 1
|1479> 1      1.732000000   14.676000000 2
|1480> p 1
|1481> 1      1.115000000    5.175700000 2
|1482> d 1
|1483> 1      1.203000000   -1.816000000 2
|1484> f 1
|1485> 1      1.000000000    0.000000000 2
|1486> end
|1487> Mg>    2.00000000000   -8.49679498845    4.22674537706   -4.34249950126
|1488> NewECP
|1489> N_core 0
|1490> lmax f
|1491> s 1
|1492> 1      1.732000000   14.676000000 2
|1493> p 1
|1494> 1      1.115000000    5.175700000 2
|1495> d 1
|1496> 1      1.203000000   -1.816000000 2
|1497> f 1
|1498> 1      1.000000000    0.000000000 2
|1499> end
|1500> Mg>    2.00000000000    8.38698013293   -6.33433175402   -2.21006086839
|1501> NewECP
|1502> N_core 0
|1503> lmax f
|1504> s 1
|1505> 1      1.732000000   14.676000000 2
|1506> p 1
|1507> 1      1.115000000    5.175700000 2
|1508> d 1
|1509> 1      1.203000000   -1.816000000 2
|1510> f 1
|1511> 1      1.000000000    0.000000000 2
|1512> end
|1513> Mg>    2.00000000000    8.38633432067    6.34509748159   -2.21013828133
|1514> NewECP
|1515> N_core 0
|1516> lmax f
|1517> s 1
|1518> 1      1.732000000   14.676000000 2
|1519> p 1
|1520> 1      1.115000000    5.175700000 2
|1521> d 1
|1522> 1      1.203000000   -1.816000000 2
|1523> f 1
|1524> 1      1.000000000    0.000000000 2
|1525> end
|1526> Mg>    2.00000000000    6.28357319593   -8.43706789056   -2.21216924080
|1527> NewECP
|1528> N_core 0
|1529> lmax f
|1530> s 1
|1531> 1      1.732000000   14.676000000 2
|1532> p 1
|1533> 1      1.115000000    5.175700000 2
|1534> d 1
|1535> 1      1.203000000   -1.816000000 2
|1536> f 1
|1537> 1      1.000000000    0.000000000 2
|1538> end
|1539> Mg>    2.00000000000    6.28357319593    8.44490622108   -2.21216924080
|1540> NewECP
|1541> N_core 0
|1542> lmax f
|1543> s 1
|1544> 1      1.732000000   14.676000000 2
|1545> p 1
|1546> 1      1.115000000    5.175700000 2
|1547> d 1
|1548> 1      1.203000000   -1.816000000 2
|1549> f 1
|1550> 1      1.000000000    0.000000000 2
|1551> end
|1552> Mg>    2.00000000000   -6.39465224470   -8.43630611130   -2.21282958198
|1553> NewECP
|1554> N_core 0
|1555> lmax f
|1556> s 1
|1557> 1      1.732000000   14.676000000 2
|1558> p 1
|1559> 1      1.115000000    5.175700000 2
|1560> d 1
|1561> 1      1.203000000   -1.816000000 2
|1562> f 1
|1563> 1      1.000000000    0.000000000 2
|1564> end
|1565> Mg>    2.00000000000   -6.39465224470    8.44566800033   -2.21282958198
|1566> NewECP
|1567> N_core 0
|1568> lmax f
|1569> s 1
|1570> 1      1.732000000   14.676000000 2
|1571> p 1
|1572> 1      1.115000000    5.175700000 2
|1573> d 1
|1574> 1      1.203000000   -1.816000000 2
|1575> f 1
|1576> 1      1.000000000    0.000000000 2
|1577> end
|1578> Mg>    2.00000000000   -8.49499397870   -6.33433175402   -2.21006086839
|1579> NewECP
|1580> N_core 0
|1581> lmax f
|1582> s 1
|1583> 1      1.732000000   14.676000000 2
|1584> p 1
|1585> 1      1.115000000    5.175700000 2
|1586> d 1
|1587> 1      1.203000000   -1.816000000 2
|1588> f 1
|1589> 1      1.000000000    0.000000000 2
|1590> end
|1591> Mg>    2.00000000000   -8.49563979097    6.34509748159   -2.21013828133
|1592> NewECP
|1593> N_core 0
|1594> lmax f
|1595> s 1
|1596> 1      1.732000000   14.676000000 2
|1597> p 1
|1598> 1      1.115000000    5.175700000 2
|1599> d 1
|1600> 1      1.203000000   -1.816000000 2
|1601> f 1
|1602> 1      1.000000000    0.000000000 2
|1603> end
|1604>   end
|1605> endd                         ****END OF INPUT****
================================================================================
----------------
TOTAL SCF ENERGY
----------------

Total Energy       :       -10476.36954388 Eh         -285076.50830 eV

Components:
Nuclear Repulsion  :        32151.15911571 Eh          874877.51745 eV
Electronic Energy  :       -42627.52865960 Eh        -1159954.02575 eV
One Electron Energy:       -79540.55202116 Eh        -2164408.45690 eV
Two Electron Energy:        36913.02336156 Eh         1004454.43114 eV
Max COSX asymmetry :            0.00026245 Eh               0.00714 eV

Virial components:
Potential Energy   :       -20017.08573361 Eh         -544692.59445 eV
Kinetic Energy     :         9540.71618973 Eh          259616.08615 eV
Virial Ratio       :            2.09806951

--------------------Output has been truncated-------------------------


--------------------Output has been truncated-------------------------


--------------------Output has been truncated-------------------------


--------------------Output has been truncated-------------------------


--------------------Output has been truncated-------------------------


--------------------Output has been truncated-------------------------


--------------------Output has been truncated-------------------------


--------------------Output has been truncated-------------------------


--------------------Output has been truncated-------------------------


--------------------Output has been truncated-------------------------


-----------------------------------------------
 RI-MP2 CORRELATION ENERGY:    -16.535019879 Eh
-----------------------------------------------
---------------------------------------
MP2 TOTAL ENERGY:   -10492.904563763 Eh
---------------------------------------

Maximum memory used throughout the entire MP2-calculation: 3879.7 MB

-------------------------   --------------------
FINAL SINGLE POINT ENERGY    -10492.904563762793
-------------------------   --------------------
