 **********************************************************************
                          MRCC program system
 **********************************************************************
 
                              Written by
     Mihaly Kallay, Peter R. Nagy, David Mester, Laszlo Gyevi-Nagy,
        Jozsef Csoka, P. Bernat Szabo, Zoltan Rolik, Gyula Samu,
     Jozsef Csontos, Bence Hegely, Adam Ganyecz, Istvan Ladjanszki,
       Lorant Szegedy, Bence Ladoczki, Klara Petrov, Mate Farkas,
                    Pal D. Mezei, and Reka A. Horvath
 
        Department of Physical Chemistry and Materials Science
            Budapest University of Technology and Economics
                  Budapest P.O.Box 91, H-1521 Hungary
 
                              www.mrcc.hu
 
                      Release date: March 18, 2022

 ************************ 2023-02-04 11:56:14 *************************
 Executing minp...

 Reading input from MINP...
 
 Input file:
 
calc=FNO-CCSD(T)
verbosity=3
mem=220GB
unit=angs
scfiguess=small
scfalg=locfit1
ccmaxit=400
ccsdalg=dfdirect
ccsdthreads=4
ccsdmkl=thr
ptthreads=4
lnoepsv=1e-5
naf_cor=1e-2
basis=aug-cc-pVQZ
basis_sm=def2-SVP
dfbasis_scf=def2-QZVPP-RI-JK
dfbasis_cor=aug-cc-pVQZ-RI
unit=angs
geom=xyz
10

C    29.54344629    29.54344629    16.97505516
H    29.54344670    30.44187631    17.60392580
H    29.54344662    28.64496649    17.60393442
H    30.44658454    29.54342777    16.34911135
H    28.64030918    29.54342779    16.34911130
C    21.10246164    21.10246164    16.97505516
H    21.10246204    22.00089166    17.60392580
H    21.10246196    20.20398183    17.60393442
H    22.00559989    21.10244311    16.34911135
H    20.19932453    21.10244313    16.34911130

--------------------Output has been truncated-------------------------


--------------------Output has been truncated-------------------------


--------------------Output has been truncated-------------------------


--------------------Output has been truncated-------------------------


--------------------Output has been truncated-------------------------


--------------------Output has been truncated-------------------------


--------------------Output has been truncated-------------------------


--------------------Output has been truncated-------------------------


--------------------Output has been truncated-------------------------


--------------------Output has been truncated-------------------------


 
 Reference energy [au]:                       -40.215614175506
 DF-MP2 singlet pair energy [au]:              -0.173752873914
 DF-MP2 triplet pair energy [au]:              -0.037498361566
 DF-SCS-MP2 correlation energy [au]:           -0.221002902552
 DF-SCS-MP2 energy [au]:                      -40.436617078058
 DF-SOS-MP2 correlation energy [au]:           -0.225878736089
 DF-SOS-MP2 energy [au]:                      -40.441492911595
 DF-MP2 correlation energy [au]:               -0.211251235480
 DF-MP2 energy [au]:                          -40.426865410986

 Results in FNO basis:
 
 
 Reference energy [au]:                       -40.215614175506
 DF-MP2 singlet pair energy [au]:              -0.170618203841
 DF-MP2 triplet pair energy [au]:              -0.037357059270
 DF-SCS-MP2 correlation energy [au]:           -0.217194197699
 DF-SCS-MP2 energy [au]:                      -40.432808373205
 DF-SOS-MP2 correlation energy [au]:           -0.221803664993
 DF-SOS-MP2 energy [au]:                      -40.437417840499
 DF-MP2 correlation energy [au]:               -0.207975263111
 DF-MP2 energy [au]:                          -40.423589438617

 Results in NAF basis:
 
 
 Reference energy [au]:                       -40.215614175506
 DF-MP2 singlet pair energy [au]:              -0.170600642412
 DF-MP2 triplet pair energy [au]:              -0.037363751025
 DF-SCS-MP2 correlation energy [au]:           -0.217175354569
 DF-SCS-MP2 energy [au]:                      -40.432789530075
 DF-SOS-MP2 correlation energy [au]:           -0.221780835136
 DF-SOS-MP2 energy [au]:                      -40.437395010642
 DF-MP2 correlation energy [au]:               -0.207964393437
 DF-MP2 energy [au]:                          -40.423578568943

 ************************ 2023-02-04 11:56:50 *************************
 Executing ccsd...

 Allocation of 220.0 Gbytes of memory...

 Direct DF-CCSD(T) calculation
 
 Convergence criterion:  1.0E-06
 
 Number of occupied/virtual/auxiliary orbitals:     4   101   320
    163.36 MB is the minimal memory requirement for (T)
     39.40 MB is the minimal memory requirement for CCSD
 
 Reference energy [au]:             -40.215614175506
 T1 contribution [au]:                0.000000000000
 Same spin MP2 energy [au]:          -0.037360400699
 Opposite spin MP2 energy [au]:      -0.170609413333
 MP2 correlation energy [au]:        -0.207969814032
 Total MP2 energy [au]:             -40.423583989538
 MP2 correction [au]:                -0.003281421448
 
 
 CPU time [min]:     0.175                   Wall time [min]:     0.008
 
 Starting CCSD iterations...
 
                     Residual norm          Energy
 Iteration  1        0.138680872603      -40.436528975256
 Iteration  2        0.035376073939      -40.442052528101
 Iteration  3        0.009771739327      -40.442635248714
 Iteration  4        0.002020926786      -40.442639747830
 Iteration  5        0.000374897554      -40.442646258664
 Iteration  6        0.000084797666      -40.442646135419
 Iteration  7        0.000020223471      -40.442646825448
 Iteration  8        0.000003738677      -40.442646882396
 
 CCSD iteration has converged in  8 steps.
      444.29 MB memory was utilized by CCSD
 
 T1 diagnostic:      7.996E-03            D1 diagnostic:      1.292E-02
 
 T1 contribution [au]:                                  0.000000000000
 PPL energy contribution [au]:                          0.060602208569
 Scaled PPL energy contribution [au]:                   0.061558997208

 OS-PPL energy contribution [au]:                       0.053773712763
 Scaled OS-PPL energy contribution [au]:                0.054766764005
 SS-PPL energy contribution [au]:                       0.006828495805
 Scaled SS-PPL energy contribution [au]:                0.006852794759

 Opposite spin CCSD energy [au]:                       -0.191003422885
 Same spin CCSD energy [au]:                           -0.036036035466
 CCSD correlation energy [au]:                         -0.227039458352
 CCSD correlation energy + MP2 correction [au]:        -0.230320879800
 CCSD correlation energy + MP2 + PPL corr. [au]:       -0.229364091161
 Total CCSD energy [au]:                              -40.442653633858
 Total CCSD energy + MP2 correction [au]:             -40.445935055306
 Total CCSD energy + MP2 + PPL corr. [au]:            -40.444978266666
 
 CPU time [min]:     0.900                   Wall time [min]:     0.029
 
 Calculation of (T) correction...
 
 
      124.68 MB memory is utilized for (T)

 0%       25%       50%       75%       100%
 |---------|---------|---------|---------| 
 
 (T) correction [au]:                                    -0.006941734623
 (T*) correction [au]:                                   -0.007051263772
 (T+) correction [au]:                                   -0.007050856797
 CCSD(T) correlation energy [au]:                        -0.233981192974
 CCSD(T) correlation energy + MP2 correction [au]:       -0.237262614422
 CCSD(T+) correlation en. + MP2 + PPL corr. [au]:        -0.236414947957
 Total CCSD(T) energy [au]:                             -40.449595368480
 Total CCSD(T) energy + MP2 correction [au]:            -40.452876789928
 Total CCSD(T+) energy + MP2 + PPL corr. [au]:          -40.452029123463
 
 CPU time [min]:     0.983                   Wall time [min]:     0.031
 
 ************************ 2023-02-04 11:56:52 *************************
                      Normal termination of mrcc.
 **********************************************************************
