 **********************************************************************
                          MRCC program system
 **********************************************************************
 
                              Written by
     Mihaly Kallay, Peter R. Nagy, David Mester, Laszlo Gyevi-Nagy,
        Jozsef Csoka, P. Bernat Szabo, Zoltan Rolik, Gyula Samu,
     Jozsef Csontos, Bence Hegely, Adam Ganyecz, Istvan Ladjanszki,
       Lorant Szegedy, Bence Ladoczki, Klara Petrov, Mate Farkas,
                    Pal D. Mezei, and Reka A. Horvath
 
        Department of Physical Chemistry and Materials Science
            Budapest University of Technology and Economics
                  Budapest P.O.Box 91, H-1521 Hungary
 
                              www.mrcc.hu
 
                      Release date: March 18, 2022

 ************************ 2023-02-05 13:22:06 *************************
 Executing minp...

 Reading input from MINP...
 
 Input file:
 
calc=FNO-CCSD(T)
verbosity=3
mem=220GB
unit=angs
scfiguess=small
scfalg=locfit1
ccmaxit=400
ccsdalg=dfdirect
ccsdthreads=4
ccsdmkl=thr
ptthreads=4
lnoepsv=1e-5
naf_cor=1e-2
basis=aug-cc-pVQZ
basis_sm=def2-SVP
dfbasis_scf=def2-QZVPP-RI-JK
dfbasis_cor=aug-cc-pVQZ-RI
unit=angs
geom=xyz
16

C    34.41670262    34.07107264    10.41543014
C    33.11117461    33.45680459    10.91530835
H    34.24160149    35.00442132     9.86225048
H    34.94674030    33.36940783     9.75379242
H    35.10002891    34.30603621    11.24227357
H    32.42643037    33.26105434    10.07939442
H    32.59136835    34.12756100    11.61262818
H    33.28915165    32.50678735    11.43686767
C    51.29867193    34.07107264    10.41543014
C    49.99314392    33.45680459    10.91530835
H    51.12357080    35.00442132     9.86225048
H    51.82870961    33.36940783     9.75379242
H    51.98199822    34.30603621    11.24227357
H    49.30839968    33.26105434    10.07939442
H    49.47333766    34.12756100    11.61262818
H    50.17112096    32.50678735    11.43686767

--------------------Output has been truncated-------------------------


--------------------Output has been truncated-------------------------


--------------------Output has been truncated-------------------------


--------------------Output has been truncated-------------------------


--------------------Output has been truncated-------------------------


--------------------Output has been truncated-------------------------


--------------------Output has been truncated-------------------------


--------------------Output has been truncated-------------------------


--------------------Output has been truncated-------------------------


--------------------Output has been truncated-------------------------


 
 Reference energy [au]:                       -79.264437034583
 DF-MP2 singlet pair energy [au]:              -0.317722285173
 DF-MP2 triplet pair energy [au]:              -0.076906317579
 DF-SCS-MP2 correlation energy [au]:           -0.406902181401
 DF-SCS-MP2 energy [au]:                      -79.671339215984
 DF-SOS-MP2 correlation energy [au]:           -0.413038970725
 DF-SOS-MP2 energy [au]:                      -79.677476005308
 DF-MP2 correlation energy [au]:               -0.394628602752
 DF-MP2 energy [au]:                          -79.659065637335

 Results in FNO basis:
 
 
 Reference energy [au]:                       -79.264437034583
 DF-MP2 singlet pair energy [au]:              -0.312548724848
 DF-MP2 triplet pair energy [au]:              -0.076620436547
 DF-SCS-MP2 correlation energy [au]:           -0.400598615333
 DF-SCS-MP2 energy [au]:                      -79.665035649916
 DF-SOS-MP2 correlation energy [au]:           -0.406313342302
 DF-SOS-MP2 energy [au]:                      -79.670750376885
 DF-MP2 correlation energy [au]:               -0.389169161395
 DF-MP2 energy [au]:                          -79.653606195978

 Results in NAF basis:
 
 
 Reference energy [au]:                       -79.264437034583
 DF-MP2 singlet pair energy [au]:              -0.312527762604
 DF-MP2 triplet pair energy [au]:              -0.076628443035
 DF-SCS-MP2 correlation energy [au]:           -0.400576129469
 DF-SCS-MP2 energy [au]:                      -79.665013164052
 DF-SOS-MP2 correlation energy [au]:           -0.406286091385
 DF-SOS-MP2 energy [au]:                      -79.670723125968
 DF-MP2 correlation energy [au]:               -0.389156205638
 DF-MP2 energy [au]:                          -79.653593240221

 ************************ 2023-02-05 13:23:32 *************************
 Executing ccsd...

 Allocation of 220.0 Gbytes of memory...

 Direct DF-CCSD(T) calculation
 
 Convergence criterion:  1.0E-06
 
 Number of occupied/virtual/auxiliary orbitals:     7   175   551
    851.32 MB is the minimal memory requirement for (T)
    190.43 MB is the minimal memory requirement for CCSD
 
 Reference energy [au]:             -79.264437034583
 T1 contribution [au]:                0.000000000000
 Same spin MP2 energy [au]:          -0.076624437228
 Opposite spin MP2 energy [au]:      -0.312538239018
 MP2 correlation energy [au]:        -0.389162676246
 Total MP2 energy [au]:             -79.653599710829
 MP2 correction [au]:                -0.005465926506
 
 
 CPU time [min]:     0.404                   Wall time [min]:     0.050
 
 Starting CCSD iterations...
 
                     Residual norm          Energy
 Iteration  1        0.179604452905      -79.671512652585
 Iteration  2        0.044511314215      -79.681094817533
 Iteration  3        0.013089807980      -79.682230541730
 Iteration  4        0.002650290477      -79.682237764465
 Iteration  5        0.000560968429      -79.682243629709
 Iteration  6        0.000156931330      -79.682245680562
 Iteration  7        0.000037096212      -79.682245455508
 Iteration  8        0.000009998713      -79.682245819396
 
 CCSD iteration has converged in  8 steps.
     3804.92 MB memory was utilized by CCSD
 
 T1 diagnostic:      8.231E-03            D1 diagnostic:      1.428E-02
 
 T1 contribution [au]:                                  0.000000000000
 PPL energy contribution [au]:                          0.108935365132
 Scaled PPL energy contribution [au]:                   0.110475086044

 OS-PPL energy contribution [au]:                       0.095542157895
 Scaled OS-PPL energy contribution [au]:                0.097137060842
 SS-PPL energy contribution [au]:                       0.013393207237
 Scaled SS-PPL energy contribution [au]:                0.013441284261

 Opposite spin CCSD energy [au]:                       -0.345140099965
 Same spin CCSD energy [au]:                           -0.072676437677
 CCSD correlation energy [au]:                         -0.417816537642
 CCSD correlation energy + MP2 correction [au]:        -0.423282464149
 CCSD correlation energy + MP2 + PPL corr. [au]:       -0.421742743236
 Total CCSD energy [au]:                              -79.682253572225
 Total CCSD energy + MP2 correction [au]:             -79.687719498732
 Total CCSD energy + MP2 + PPL corr. [au]:            -79.686179777819
 
 CPU time [min]:     6.431                   Wall time [min]:     0.235
 
 Calculation of (T) correction...
 
 
      783.34 MB memory is utilized for (T)

 0%       25%       50%       75%       100%
 |---------|---------|---------|---------| 
 
 (T) correction [au]:                                    -0.014762651867
 (T*) correction [au]:                                   -0.014969998498
 (T+) correction [au]:                                   -0.014966467068
 CCSD(T) correlation energy [au]:                        -0.432579189509
 CCSD(T) correlation energy + MP2 correction [au]:       -0.438045116015
 CCSD(T+) correlation en. + MP2 + PPL corr. [au]:        -0.436709210304
 Total CCSD(T) energy [au]:                             -79.697016224092
 Total CCSD(T) energy + MP2 correction [au]:            -79.702482150598
 Total CCSD(T+) energy + MP2 + PPL corr. [au]:          -79.701146244887
 
 CPU time [min]:     8.141                   Wall time [min]:     0.292
 
 ************************ 2023-02-05 13:23:49 *************************
                      Normal termination of mrcc.
 **********************************************************************
