 **********************************************************************
                          MRCC program system
 **********************************************************************
 
                              Written by
     Mihaly Kallay, Peter R. Nagy, David Mester, Laszlo Gyevi-Nagy,
        Jozsef Csoka, P. Bernat Szabo, Zoltan Rolik, Gyula Samu,
     Jozsef Csontos, Bence Hegely, Adam Ganyecz, Istvan Ladjanszki,
       Lorant Szegedy, Bence Ladoczki, Klara Petrov, Mate Farkas,
                    Pal D. Mezei, and Reka A. Horvath
 
        Department of Physical Chemistry and Materials Science
            Budapest University of Technology and Economics
                  Budapest P.O.Box 91, H-1521 Hungary
 
                              www.mrcc.hu
 
                      Release date: March 18, 2022

 ************************ 2023-02-05 13:14:52 *************************
 Executing minp...

 Reading input from MINP...
 
 Input file:
 
calc=FNO-CCSD(T)
verbosity=3
mem=220GB
unit=angs
scfiguess=small
scfalg=locfit1
ccmaxit=400
ccsdalg=dfdirect
ccsdthreads=4
ccsdmkl=thr
ptthreads=4
lnoepsv=1e-5
naf_cor=1e-2
basis=aug-cc-pVTZ
basis_sm=def2-SVP
dfbasis_scf=def2-QZVPP-RI-JK
dfbasis_cor=aug-cc-pVTZ-RI
unit=angs
geom=xyz
16

C    34.41670262    34.07107264    10.41543014
C    33.11117461    33.45680459    10.91530835
H    34.24160149    35.00442132     9.86225048
H    34.94674030    33.36940783     9.75379242
H    35.10002891    34.30603621    11.24227357
H    32.42643037    33.26105434    10.07939442
H    32.59136835    34.12756100    11.61262818
H    33.28915165    32.50678735    11.43686767
C    37.30146851    23.52004258    10.40841099
C    38.60118650    22.90620846    10.92356869
H    36.77622810    22.81583689     9.74571409
H    37.48350439    24.45098191     9.85291346
H    36.61044119    23.76067685    11.22702485
H    39.29502691    22.70956722    10.09551480
H    38.41694628    21.95668890    11.44396498
H    39.11330594    23.57775033    11.62587494

--------------------Output has been truncated-------------------------


--------------------Output has been truncated-------------------------


--------------------Output has been truncated-------------------------


--------------------Output has been truncated-------------------------


--------------------Output has been truncated-------------------------


--------------------Output has been truncated-------------------------


--------------------Output has been truncated-------------------------


--------------------Output has been truncated-------------------------


--------------------Output has been truncated-------------------------


--------------------Output has been truncated-------------------------


 
 Reference energy [au]:                      -158.519089402513
 DF-MP2 singlet pair energy [au]:              -0.600513125968
 DF-MP2 triplet pair energy [au]:              -0.150065720588
 DF-SCS-MP2 correlation energy [au]:           -0.770637658025
 DF-SCS-MP2 energy [au]:                     -159.289727060537
 DF-SOS-MP2 correlation energy [au]:           -0.780667063759
 DF-SOS-MP2 energy [au]:                     -159.299756466271
 DF-MP2 correlation energy [au]:               -0.750578846556
 DF-MP2 energy [au]:                         -159.269668249069

 Results in FNO basis:
 
 
 Reference energy [au]:                      -158.519089402513
 DF-MP2 singlet pair energy [au]:              -0.598172018055
 DF-MP2 triplet pair energy [au]:              -0.149853023893
 DF-SCS-MP2 correlation energy [au]:           -0.767757429630
 DF-SCS-MP2 energy [au]:                     -159.286846832143
 DF-SOS-MP2 correlation energy [au]:           -0.777623623472
 DF-SOS-MP2 energy [au]:                     -159.296713025984
 DF-MP2 correlation energy [au]:               -0.748025041948
 DF-MP2 energy [au]:                         -159.267114444460

 Results in NAF basis:
 
 
 Reference energy [au]:                      -158.519089402513
 DF-MP2 singlet pair energy [au]:              -0.598051031532
 DF-MP2 triplet pair energy [au]:              -0.149931224744
 DF-SCS-MP2 correlation energy [au]:           -0.767638312753
 DF-SCS-MP2 energy [au]:                     -159.286727715266
 DF-SOS-MP2 correlation energy [au]:           -0.777466340992
 DF-SOS-MP2 energy [au]:                     -159.296555743504
 DF-MP2 correlation energy [au]:               -0.747982256277
 DF-MP2 energy [au]:                         -159.267071658789

 ************************ 2023-02-05 13:15:41 *************************
 Executing ccsd...

 Allocation of 220.0 Gbytes of memory...

 Direct DF-CCSD(T) calculation
 
 Convergence criterion:  1.0E-06
 
 Number of occupied/virtual/auxiliary orbitals:    14   278   756
   3422.71 MB is the minimal memory requirement for (T)
    780.99 MB is the minimal memory requirement for CCSD
 
 Reference energy [au]:            -158.519089402513
 T1 contribution [au]:                0.000000000000
 Same spin MP2 energy [au]:          -0.149892006155
 Opposite spin MP2 energy [au]:      -0.598111183645
 MP2 correlation energy [au]:        -0.748003189800
 Total MP2 energy [au]:            -159.267092592313
 MP2 correction [au]:                -0.002575656756
 
 
 CPU time [min]:     0.913                   Wall time [min]:     0.136
 
 Starting CCSD iterations...
 
                     Residual norm          Energy
 Iteration  1        0.241423208851     -159.308949050247
 Iteration  2        0.060038414842     -159.328079010885
 Iteration  3        0.015976002431     -159.329991189557
 Iteration  4        0.003604227557     -159.330007821548
 Iteration  5        0.000758975421     -159.330018235306
 Iteration  6        0.000215380762     -159.330024389876
 Iteration  7        0.000051278337     -159.330023959084
 Iteration  8        0.000013081278     -159.330024542283
 Iteration  9        0.000002622838     -159.330024490225
 
 CCSD iteration has converged in  9 steps.
    23656.02 MB memory was utilized by CCSD
 
 T1 diagnostic:      7.817E-03            D1 diagnostic:      1.354E-02
 
 T1 contribution [au]:                                  0.000000000000
 PPL energy contribution [au]:                          0.205824153720
 Scaled PPL energy contribution [au]:                   0.206541662672

 OS-PPL energy contribution [au]:                       0.179923629073
 Scaled OS-PPL energy contribution [au]:                0.180665877787
 SS-PPL energy contribution [au]:                       0.025900524647
 Scaled SS-PPL energy contribution [au]:                0.025924187791

 Opposite spin CCSD energy [au]:                       -0.668571700735
 Same spin CCSD energy [au]:                           -0.142400444765
 CCSD correlation energy [au]:                         -0.810972145500
 CCSD correlation energy + MP2 correction [au]:        -0.813547802256
 CCSD correlation energy + MP2 + PPL corr. [au]:       -0.812830293304
 Total CCSD energy [au]:                             -159.330061548012
 Total CCSD energy + MP2 correction [au]:            -159.332637204769
 Total CCSD energy + MP2 + PPL corr. [au]:           -159.331919695817
 
 CPU time [min]:    55.459                   Wall time [min]:     1.885
 
 Calculation of (T) correction...
 
 
     4429.83 MB memory is utilized for (T)

 0%       25%       50%       75%       100%
 |---------|---------|---------|---------| 
 
 (T) correction [au]:                                    -0.027918551921
 (T*) correction [au]:                                   -0.028014686013
 (T+) correction [au]:                                   -0.028013511569
 CCSD(T) correlation energy [au]:                        -0.838890697421
 CCSD(T) correlation energy + MP2 correction [au]:       -0.841466354177
 CCSD(T+) correlation en. + MP2 + PPL corr. [au]:        -0.840843804873
 Total CCSD(T) energy [au]:                            -159.357980099934
 Total CCSD(T) energy + MP2 correction [au]:           -159.360555756690
 Total CCSD(T+) energy + MP2 + PPL corr. [au]:         -159.359933207386
 
 CPU time [min]:   112.531                   Wall time [min]:     3.561
 
 ************************ 2023-02-05 13:19:15 *************************
                      Normal termination of mrcc.
 **********************************************************************
