 **********************************************************************
                          MRCC program system
 **********************************************************************
 
                              Written by
     Mihaly Kallay, Peter R. Nagy, David Mester, Laszlo Gyevi-Nagy,
        Jozsef Csoka, P. Bernat Szabo, Zoltan Rolik, Gyula Samu,
     Jozsef Csontos, Bence Hegely, Adam Ganyecz, Istvan Ladjanszki,
       Lorant Szegedy, Bence Ladoczki, Klara Petrov, Mate Farkas,
                    Pal D. Mezei, and Reka A. Horvath
 
        Department of Physical Chemistry and Materials Science
            Budapest University of Technology and Economics
                  Budapest P.O.Box 91, H-1521 Hungary
 
                              www.mrcc.hu
 
                      Release date: March 18, 2022

 ************************ 2023-02-28 17:29:48 *************************
 Executing minp...

 Reading input from MINP...
 
 Input file:
 
calc=LNO-CCSD(T)
scftype=rhf
verbosity=3
mem=220GB
symm=off
unit=angs
scfiguess=small
scfmaxit=1000
scfalg=locfit1


lcorthr=tight
bpedo=0.99999
ccmaxit=400
usedisk=0
ccsdalg=dfdirect
ccsdthreads=4
ccsdmkl=thr
ptthreads=4

charge=-32
core=34

basis=special
aug-cc-pVTZ
aug-cc-pVTZ
aug-cc-pVTZ
bse_CVTZ
aug-cc-pVTZ
aug-cc-pVTZ
aug-cc-pVTZ
aug-cc-pVTZ
aug-cc-pVTZ
bse_CVTZ
bse_CVTZ
bse_CVTZ
bse_CVTZ
aug-cc-pVTZ
aug-cc-pVTZ
aug-cc-pVTZ
aug-cc-pVTZ
bse_CVTZ
bse_CVTZ
bse_CVTZ
bse_CVTZ
aug-cc-pVTZ
aug-cc-pVTZ
aug-cc-pVTZ
aug-cc-pVTZ
aug-cc-pVTZ
aug-cc-pVTZ
aug-cc-pVTZ
aug-cc-pVTZ
aug-cc-pVTZ
aug-cc-pVTZ
aug-cc-pVTZ
aug-cc-pVTZ
aug-cc-pVTZ
aug-cc-pVTZ
aug-cc-pVTZ
aug-cc-pVTZ
nothing
nothing
nothing
nothing
nothing
nothing
nothing
nothing
nothing
nothing
nothing
nothing
nothing
nothing
nothing
nothing
nothing
nothing
nothing
nothing
nothing
nothing
nothing
nothing
nothing
nothing
nothing
nothing
nothing
nothing
nothing
nothing
nothing
nothing
nothing
nothing
nothing
nothing
nothing
nothing
nothing
nothing
nothing
nothing
nothing
nothing
nothing
nothing
nothing
nothing
nothing
nothing
nothing
nothing
nothing
nothing
nothing
nothing
nothing
nothing
nothing
nothing
nothing
nothing
nothing
nothing
nothing
nothing
nothing

basis_sm=special
def2-SVP
def2-SVP
def2-SVP
def2-SVP
def2-SVP
def2-SVP
def2-SVP
def2-SVP
def2-SVP
def2-SVP
def2-SVP
def2-SVP
def2-SVP
def2-SVP
def2-SVP
def2-SVP
def2-SVP
def2-SVP
def2-SVP
def2-SVP
def2-SVP
def2-SVP
def2-SVP
def2-SVP
def2-SVP
def2-SVP
def2-SVP
def2-SVP
def2-SVP
def2-SVP
def2-SVP
def2-SVP
def2-SVP
def2-SVP
def2-SVP
def2-SVP
def2-SVP
nothing
nothing
nothing
nothing
nothing
nothing
nothing
nothing
nothing
nothing
nothing
nothing
nothing
nothing
nothing
nothing
nothing
nothing
nothing
nothing
nothing
nothing
nothing
nothing
nothing
nothing
nothing
nothing
nothing
nothing
nothing
nothing
nothing
nothing
nothing
nothing
nothing
nothing
nothing
nothing
nothing
nothing
nothing
nothing
nothing
nothing
nothing
nothing
nothing
nothing
nothing
nothing
nothing
nothing
nothing
nothing
nothing
nothing
nothing
nothing
nothing
nothing
nothing
nothing
nothing
nothing
nothing
nothing
nothing

dfbasis_scf=special
def2-QZVPP-RI-JK
def2-QZVPP-RI-JK
def2-QZVPP-RI-JK
def2-QZVPP-RI-JK
def2-QZVPP-RI-JK
def2-QZVPP-RI-JK
def2-QZVPP-RI-JK
def2-QZVPP-RI-JK
def2-QZVPP-RI-JK
def2-QZVPP-RI-JK
def2-QZVPP-RI-JK
def2-QZVPP-RI-JK
def2-QZVPP-RI-JK
def2-QZVPP-RI-JK
def2-QZVPP-RI-JK
def2-QZVPP-RI-JK
def2-QZVPP-RI-JK
def2-QZVPP-RI-JK
def2-QZVPP-RI-JK
def2-QZVPP-RI-JK
def2-QZVPP-RI-JK
def2-QZVPP-RI-JK
def2-QZVPP-RI-JK
def2-QZVPP-RI-JK
def2-QZVPP-RI-JK
def2-QZVPP-RI-JK
def2-QZVPP-RI-JK
def2-QZVPP-RI-JK
def2-QZVPP-RI-JK
def2-QZVPP-RI-JK
def2-QZVPP-RI-JK
def2-QZVPP-RI-JK
def2-QZVPP-RI-JK
def2-QZVPP-RI-JK
def2-QZVPP-RI-JK
def2-QZVPP-RI-JK
def2-QZVPP-RI-JK
nothing
nothing
nothing
nothing
nothing
nothing
nothing
nothing
nothing
nothing
nothing
nothing
nothing
nothing
nothing
nothing
nothing
nothing
nothing
nothing
nothing
nothing
nothing
nothing
nothing
nothing
nothing
nothing
nothing
nothing
nothing
nothing
nothing
nothing
nothing
nothing
nothing
nothing
nothing
nothing
nothing
nothing
nothing
nothing
nothing
nothing
nothing
nothing
nothing
nothing
nothing
nothing
nothing
nothing
nothing
nothing
nothing
nothing
nothing
nothing
nothing
nothing
nothing
nothing
nothing
nothing
nothing
nothing
nothing

dfbasis_cor=special
aug-cc-pVTZ-RI
aug-cc-pVTZ-RI
aug-cc-pVTZ-RI
bse_CVTZ_mp2fit
aug-cc-pVTZ-RI
aug-cc-pVTZ-RI
aug-cc-pVTZ-RI
aug-cc-pVTZ-RI
aug-cc-pVTZ-RI
bse_CVTZ_mp2fit
bse_CVTZ_mp2fit
bse_CVTZ_mp2fit
bse_CVTZ_mp2fit
aug-cc-pVTZ-RI
aug-cc-pVTZ-RI
aug-cc-pVTZ-RI
aug-cc-pVTZ-RI
bse_CVTZ_mp2fit
bse_CVTZ_mp2fit
bse_CVTZ_mp2fit
bse_CVTZ_mp2fit
aug-cc-pVTZ-RI
aug-cc-pVTZ-RI
aug-cc-pVTZ-RI
aug-cc-pVTZ-RI
aug-cc-pVTZ-RI
aug-cc-pVTZ-RI
aug-cc-pVTZ-RI
aug-cc-pVTZ-RI
aug-cc-pVTZ-RI
aug-cc-pVTZ-RI
aug-cc-pVTZ-RI
aug-cc-pVTZ-RI
aug-cc-pVTZ-RI
aug-cc-pVTZ-RI
aug-cc-pVTZ-RI
aug-cc-pVTZ-RI
nothing
nothing
nothing
nothing
nothing
nothing
nothing
nothing
nothing
nothing
nothing
nothing
nothing
nothing
nothing
nothing
nothing
nothing
nothing
nothing
nothing
nothing
nothing
nothing
nothing
nothing
nothing
nothing
nothing
nothing
nothing
nothing
nothing
nothing
nothing
nothing
nothing
nothing
nothing
nothing
nothing
nothing
nothing
nothing
nothing
nothing
nothing
nothing
nothing
nothing
nothing
nothing
nothing
nothing
nothing
nothing
nothing
nothing
nothing
nothing
nothing
nothing
nothing
nothing
nothing
nothing
nothing
nothing
nothing

ecp=special
none
none
none
none
none
none
none
none
none
none
none
none
none
none
none
none
none
none
none
none
none
none
none
none
none
none
none
none
none
none
none
none
none
none
none
none
none
ECP-12
ECP-12
ECP-12
ECP-12
ECP-12
ECP-12
ECP-12
ECP-12
ECP-12
ECP-12
ECP-12
ECP-12
ECP-12
ECP-12
ECP-12
ECP-12
ECP-12
ECP-12
ECP-12
ECP-12
ECP-12
ECP-12
ECP-12
ECP-12
ECP-12
ECP-12
ECP-12
ECP-12
ECP-12
ECP-12
ECP-12
ECP-12
ECP-12
ECP-12
ECP-12
ECP-12
ECP-12
ECP-12
ECP-12
ECP-12
ECP-12
ECP-12
ECP-12
ECP-12
ECP-12
ECP-12
ECP-12
ECP-12
ECP-12
ECP-12
ECP-12
ECP-12
ECP-12
ECP-12
ECP-12
ECP-12
ECP-12
ECP-12
ECP-12
ECP-12
ECP-12
ECP-12
ECP-12
ECP-12
ECP-12
ECP-12
ECP-12
ECP-12
ECP-12

unit=angs
geom=xyz
106
N2 O1 Mg9 O25 ECP69
N    -0.05726124972    0.16959320566    2.44933396632
N    -0.24515066614    0.80098884880    3.38472460394
O    -0.44428134243    1.46855722051    4.36188415145
Mg    0.00000000000    0.00000000000   -0.00675832801
O    -0.00165954437   -2.11209173267   -0.01357600361
O     2.11557454773    0.00649835930   -0.00953342328
O    -2.11867605583    0.00708789823   -0.00595041182
O    -0.00229284042    2.12318925765    0.00000000000
O    -0.00174822714    0.00651912361   -2.15523169929
Mg    2.10823325660   -2.10449121978   -0.05546671095
Mg   -2.11118026979   -2.10467210955   -0.05586661022
Mg    2.10960300952    2.11588484781   -0.05905133784
Mg   -2.11346901567    2.11693384558   -0.06212548867
O     2.10959313173   -2.10507215009   -2.16368252741
O    -2.11261298353   -2.10470317098   -2.16344250803
O     2.10860944439    2.11659369105   -2.16304474579
O    -2.11187543345    2.11645792049   -2.16332109245
Mg   -0.00152962000   -4.21229079609   -0.05722640272
Mg    4.21820385147    0.00533253817   -0.05731420199
Mg   -4.22278320435    0.00533253817   -0.05731420199
Mg   -0.00152962000    4.22869625973   -0.05722640272
O     2.10978541094   -4.21544538359   -0.00467784701
O     4.21914255059   -2.10538097266   -0.00487181267
O    -2.11304411897   -4.21536103238   -0.00507786689
O    -4.22184450523   -2.10538097266   -0.00487181267
O     4.21906153284    2.11715624492   -0.00491211229
O     2.10978541094    4.22554167223   -0.00467784701
O    -4.22192552298    2.11715624492   -0.00491211229
O    -2.11304411897    4.22562602344   -0.00507786689
O    -0.00163194307   -4.21616063229   -2.16413635252
O     4.21933811005    0.00615958911   -2.16418991895
O    -4.22164894576    0.00615958911   -2.16418991895
O    -0.00163194307    4.22482642353   -2.16413635252
O    -0.00229284042   -6.31779779816    0.00000000000
O     6.32231099999    0.00708789823   -0.00595041182
O    -6.32541250808    0.00649835930   -0.00953342328
O    -0.00165954437    6.32889532315   -0.01357600361
Mg   -0.00140905581   -2.10111527005   -2.15384030434
Mg    2.10494512016    0.00531802047   -2.15411418058
Mg   -2.10784318946    0.00526767966   -2.15433007640
Mg   -0.00137316081    2.11194692596   -2.15414408913
Mg   -0.00153497801    0.00580432697   -4.28208710793
Mg    2.10813100080   -4.21430256720   -2.15898021847
Mg   -2.11128189560   -4.21398335354   -2.15937430364
Mg    4.21889644969   -2.10384087306   -2.15869068214
Mg   -4.22209060613   -2.10384087306   -2.15869068214
Mg    4.21857318524    2.11557764431   -2.15971539225
Mg   -4.22241387058    2.11557764431   -2.15971539225
Mg    2.10813100080    4.22668448861   -2.15898021847
Mg   -2.11128189560    4.22700370228   -2.15937430364
Mg    2.10871178595   -2.10444243699   -4.28208710793
Mg   -2.11178174196   -2.10444243699   -4.28208710793
Mg    2.10871178595    2.11605109092   -4.28208710793
Mg   -2.11178174196    2.11605109092   -4.28208710793
Mg    4.21874426263   -4.21402423085   -0.05345299504
Mg   -4.22224279319   -4.21402423085   -0.05345299504
Mg    4.21874426263    4.22696282497   -0.05345299504
Mg   -4.22224279319    4.22696282497   -0.05345299504
Mg   -0.00153497801   -4.21468920094   -4.28208710793
Mg    4.21895854990    0.00580432697   -4.28208710793
Mg   -4.22202850591    0.00580432697   -4.28208710793
Mg   -0.00153497801    4.22629785487   -4.28208710793
Mg    2.10960300952   -6.32510220801   -0.05905133784
Mg   -2.11346901567   -6.32405321024   -0.06212548867
Mg    6.32980678603   -2.10467210955   -0.05586661022
Mg    6.32751804015    2.11693384558   -0.06212548867
Mg   -6.33275379922   -2.10449121978   -0.05546671095
Mg   -6.33138404630    2.11588484781   -0.05905133784
Mg    2.10823325660    6.33649583604   -0.05546671095
Mg   -2.11118026979    6.33631494627   -0.05586661022
Mg   -0.00137316081   -6.32904012986   -2.15414408913
Mg    6.33314386636    0.00526767966   -2.15433007640
Mg   -6.33604193566    0.00531802047   -2.15411418058
Mg   -0.00140905581    6.33987178576   -2.15384030434
Mg    4.21895854990   -4.21468920094   -4.28208710793
Mg   -4.22202850591   -4.21468920094   -4.28208710793
Mg    4.21895854990    4.22629785487   -4.28208710793
Mg   -4.22202850591    4.22629785487   -4.28208710793
Mg    4.21857318524   -6.32540941151   -2.15971539225
Mg    6.32970516021   -4.21398335354   -2.15937430364
Mg   -4.22241387058   -6.32540941151   -2.15971539225
Mg   -6.33285605502   -4.21430256720   -2.15898021847
Mg    6.32970516021    4.22700370228   -2.15937430364
Mg    4.21889644969    6.33714618276   -2.15869068214
Mg   -6.33285605502    4.22668448861   -2.15898021847
Mg   -4.22209060613    6.33714618276   -2.15869068214
Mg    2.10871178595   -6.32493596490   -4.28208710793
Mg   -2.11178174196   -6.32493596490   -4.28208710793
Mg    6.32920531386   -2.10444243699   -4.28208710793
Mg   -6.33227526987   -2.10444243699   -4.28208710793
Mg    6.32920531386    2.11605109092   -4.28208710793
Mg   -6.33227526987    2.11605109092   -4.28208710793
Mg    2.10871178595    6.33654461883   -4.28208710793
Mg   -2.11178174196    6.33654461883   -4.28208710793
Mg   -8.44098705582    0.00000000000   -0.00675832801
Mg    0.00000000000    8.44098705582   -0.00675832801
Mg    8.44098705582    0.00000000000   -0.00675832801
Mg    0.00000000000   -8.44098705582   -0.00675832801
Mg    2.10494512016   -8.43566903535   -2.15411418058
Mg   -2.10784318946   -8.43571937616   -2.15433007640
Mg    8.43957800001   -2.10111527005   -2.15384030434
Mg   -8.44239611162   -2.10111527005   -2.15384030434
Mg    8.43961389500    2.11194692596   -2.15414408913
Mg   -8.44236021663    2.11194692596   -2.15414408913
Mg    2.10494512016    8.44630507629   -2.15411418058
Mg   -2.10784318946    8.44625473547   -2.15433007640


ghost=serialno
1-3

qmmm=Amber
pointcharges
10157
     -0.00140905581   -2.10111527005   -2.15384030434    2.00000000000
      2.10494512016    0.00531802047   -2.15411418058    2.00000000000
     -2.10784318946    0.00526767966   -2.15433007640    2.00000000000
     -0.00137316081    2.11194692596   -2.15414408913    2.00000000000
--------------------Output has been truncated-------------------------


--------------------Output has been truncated-------------------------


--------------------Output has been truncated-------------------------


--------------------Output has been truncated-------------------------


--------------------Output has been truncated-------------------------


--------------------Output has been truncated-------------------------


--------------------Output has been truncated-------------------------


--------------------Output has been truncated-------------------------


--------------------Output has been truncated-------------------------


--------------------Output has been truncated-------------------------


 
 Final local CC results:
 
 Minimum number of correlated electrons:        38       ( 14.0%)
 Maximum number of correlated electrons:       116       ( 42.6%)
 Average number of correlated electrons:        63.1     ( 23.2%)
 Minimum number of correlated orbitals:         80       (  4.5%)
 Maximum number of correlated orbitals:        256       ( 14.3%)
 Average number of correlated orbitals:        146.6     (  8.2%)
 
 CPU time for integral calculations [min]:                 32.172
 Wall time for integral calculations [min]:                 8.534
 
 CPU time for SCF calculation [min]:                      565.777
 Wall time for SCF calculation [min]:                      16.007
 
 CPU time for orbital localization [min]:                   0.849
 Wall time for orbital localization [min]:                  0.477
 
 CPU time for integral transformations [min]:           14732.853
 Wall time for integral transformations [min]:            478.583
 
 Reference energy [au]:                                -13024.759099537505
 
 LMP2 correlation energy [au]:                             -9.214562338671
 Total LMP2 energy [au]:                               -13033.973661876176
 
 Total MP2 correction for dropped NAFs [au]:               -0.000632344934
 Total MP2 correction [au]:                                -0.032066808531
 
 CPU time for CCSD calculations [min]:                   3321.891
 Total CPU time for CCSD [min]:                         18653.542
 Wall time for CCSD calculations [min]:                   130.504
 Total wall time for CCSD [min]:                          634.104
 
 CCSD correlation energy [au]:                             -9.156863332139
 Total CCSD energy [au]:                               -13033.915962869643
 CCSD correlation energy + 0.5 MP2 corrections [au]:       -9.172896736404
 Total LNO-CCSD energy with MP2 corrections [au]:      -13033.931996273910
 
 CPU time for (T) corrections [min]:                     5391.306
 Total CPU time for CCSD(T) [min]:                      24044.848
 Wall time for (T) corrections [min]:                     156.997
 Total wall time for CCSD(T) [min]:                       791.101
 
 Total (T) correlation energy contribution [au]:           -0.306335712262
 Total (T) correlation energy+0.5 MP2 correction [au]:     -0.322369116527
 CCSD(T) correlation energy [au]:                          -9.463199044401
 Total CCSD(T) energy [au]:                            -13034.222298581906
 CCSD(T) correlation energy + MP2 corrections [au]:        -9.495265852932
 Total LNO-CCSD(T) energy with MP2 corrections [au]:   -13034.254365390436
 
 ======================================================================
 ======================================================================
 
 ************************ 2023-03-01 06:43:51 *************************
                      Normal termination of mrcc.
 **********************************************************************
