 **********************************************************************
                          MRCC program system
 **********************************************************************
 
                              Written by
     Mihaly Kallay, Peter R. Nagy, David Mester, Laszlo Gyevi-Nagy,
        Jozsef Csoka, P. Bernat Szabo, Zoltan Rolik, Gyula Samu,
     Jozsef Csontos, Bence Hegely, Adam Ganyecz, Istvan Ladjanszki,
       Lorant Szegedy, Bence Ladoczki, Klara Petrov, Mate Farkas,
                    Pal D. Mezei, and Reka A. Horvath
 
        Department of Physical Chemistry and Materials Science
            Budapest University of Technology and Economics
                  Budapest P.O.Box 91, H-1521 Hungary
 
                              www.mrcc.hu
 
                      Release date: March 18, 2022

 ************************ 2023-02-04 11:42:56 *************************
 Executing minp...

 Reading input from MINP...
 
 Input file:
 
calc=FNO-CCSD(T)
verbosity=3
mem=220GB
unit=angs
scfiguess=small
scfalg=locfit1
ccmaxit=400
ccsdalg=dfdirect
ccsdthreads=4
ccsdmkl=thr
ptthreads=4
lnoepsv=1e-5
naf_cor=1e-2
basis=aug-cc-pVQZ
basis_sm=def2-SVP
dfbasis_scf=def2-QZVPP-RI-JK
dfbasis_cor=aug-cc-pVQZ-RI
unit=angs
geom=xyz
10

C    29.54344629    29.54344629    16.97505516
H    29.54344670    30.44187631    17.60392580
H    29.54344662    28.64496649    17.60393442
H    30.44658454    29.54342777    16.34911135
H    28.64030918    29.54342779    16.34911130
C    33.76390794    29.54341474    16.97521401
H    32.86548827    29.54341495    17.60422237
H    33.76392673    30.44620261    16.34882774
H    33.76392671    28.64062797    16.34882693
H    34.66237815    29.54341492    17.60423123

--------------------Output has been truncated-------------------------


--------------------Output has been truncated-------------------------


--------------------Output has been truncated-------------------------


--------------------Output has been truncated-------------------------


--------------------Output has been truncated-------------------------


--------------------Output has been truncated-------------------------


--------------------Output has been truncated-------------------------


--------------------Output has been truncated-------------------------


--------------------Output has been truncated-------------------------


--------------------Output has been truncated-------------------------


 
 Reference energy [au]:                       -80.430924268892
 DF-MP2 singlet pair energy [au]:              -0.348008414808
 DF-MP2 triplet pair energy [au]:              -0.075434120545
 DF-SCS-MP2 correlation energy [au]:           -0.442754804618
 DF-SCS-MP2 energy [au]:                      -80.873679073510
 DF-SOS-MP2 correlation energy [au]:           -0.452410939251
 DF-SOS-MP2 energy [au]:                      -80.883335208143
 DF-MP2 correlation energy [au]:               -0.423442535353
 DF-MP2 energy [au]:                          -80.854366804245

 Results in FNO basis:
 
 
 Reference energy [au]:                       -80.430924268892
 DF-MP2 singlet pair energy [au]:              -0.341515840905
 DF-MP2 triplet pair energy [au]:              -0.075119565454
 DF-SCS-MP2 correlation energy [au]:           -0.434858864237
 DF-SCS-MP2 energy [au]:                      -80.865783133129
 DF-SOS-MP2 correlation energy [au]:           -0.443970593176
 DF-SOS-MP2 energy [au]:                      -80.874894862068
 DF-MP2 correlation energy [au]:               -0.416635406359
 DF-MP2 energy [au]:                          -80.847559675251

 Results in NAF basis:
 
 
 Reference energy [au]:                       -80.430924268892
 DF-MP2 singlet pair energy [au]:              -0.341484202381
 DF-MP2 triplet pair energy [au]:              -0.075130266903
 DF-SCS-MP2 correlation energy [au]:           -0.434824465158
 DF-SCS-MP2 energy [au]:                      -80.865748734050
 DF-SOS-MP2 correlation energy [au]:           -0.443929463095
 DF-SOS-MP2 energy [au]:                      -80.874853731987
 DF-MP2 correlation energy [au]:               -0.416614469284
 DF-MP2 energy [au]:                          -80.847538738176

 ************************ 2023-02-04 11:43:40 *************************
 Executing ccsd...

 Allocation of 220.0 Gbytes of memory...

 Direct DF-CCSD(T) calculation
 
 Convergence criterion:  1.0E-06
 
 Number of occupied/virtual/auxiliary orbitals:     8   201   639
   1293.69 MB is the minimal memory requirement for (T)
    290.03 MB is the minimal memory requirement for CCSD
 
 Reference energy [au]:             -80.430924268892
 T1 contribution [au]:                0.000000000000
 Same spin MP2 energy [au]:          -0.075124909999
 Opposite spin MP2 energy [au]:      -0.341500009513
 MP2 correlation energy [au]:        -0.416624919512
 Total MP2 energy [au]:             -80.847549188404
 MP2 correction [au]:                -0.006817615841
 
 
 CPU time [min]:     0.478                   Wall time [min]:     0.053
 
 Starting CCSD iterations...
 
                     Residual norm          Energy
 Iteration  1        0.186048100628      -80.873442088547
 Iteration  2        0.047171734749      -80.884357918428
 Iteration  3        0.013163059227      -80.885641166433
 Iteration  4        0.002693939664      -80.885642494638
 Iteration  5        0.000504420874      -80.885650084328
 Iteration  6        0.000124742901      -80.885651046385
 Iteration  7        0.000034135386      -80.885651617314
 Iteration  8        0.000010095508      -80.885652112222
 Iteration  9        0.000002235171      -80.885652091441
 
 CCSD iteration has converged in  9 steps.
     6559.81 MB memory was utilized by CCSD
 
 T1 diagnostic:      8.038E-03            D1 diagnostic:      1.324E-02
 
 T1 contribution [au]:                                  0.000000000000
 PPL energy contribution [au]:                          0.121184300570
 Scaled PPL energy contribution [au]:                   0.123168367734

 OS-PPL energy contribution [au]:                       0.107488242650
 Scaled OS-PPL energy contribution [au]:                0.109540713664
 SS-PPL energy contribution [au]:                       0.013696057920
 Scaled SS-PPL energy contribution [au]:                0.013750820407

 Opposite spin CCSD energy [au]:                       -0.382253623797
 Same spin CCSD energy [au]:                           -0.072486931016
 CCSD correlation energy [au]:                         -0.454740554813
 CCSD correlation energy + MP2 correction [au]:        -0.461558170654
 CCSD correlation energy + MP2 + PPL corr. [au]:       -0.459574103490
 Total CCSD energy [au]:                              -80.885664823705
 Total CCSD energy + MP2 correction [au]:             -80.892482439546
 Total CCSD energy + MP2 + PPL corr. [au]:            -80.890498372382
 
 CPU time [min]:    12.609                   Wall time [min]:     0.400
 
 Calculation of (T) correction...
 
 
     1257.63 MB memory is utilized for (T)

 0%       25%       50%       75%       100%
 |---------|---------|---------|---------| 
 
 (T) correction [au]:                                    -0.014001842028
 (T*) correction [au]:                                   -0.014230967017
 (T+) correction [au]:                                   -0.014230083794
 CCSD(T) correlation energy [au]:                        -0.468742396841
 CCSD(T) correlation energy + MP2 correction [au]:       -0.475560012682
 CCSD(T+) correlation en. + MP2 + PPL corr. [au]:        -0.473804187284
 Total CCSD(T) energy [au]:                             -80.899666665733
 Total CCSD(T) energy + MP2 correction [au]:            -80.906484281574
 Total CCSD(T+) energy + MP2 + PPL corr. [au]:          -80.904728456176
 
 CPU time [min]:    16.575                   Wall time [min]:     0.547
 
 ************************ 2023-02-04 11:44:13 *************************
                      Normal termination of mrcc.
 **********************************************************************
