 **********************************************************************
                          MRCC program system
 **********************************************************************
 
                              Written by
     Mihaly Kallay, Peter R. Nagy, David Mester, Laszlo Gyevi-Nagy,
        Jozsef Csoka, P. Bernat Szabo, Zoltan Rolik, Gyula Samu,
     Jozsef Csontos, Bence Hegely, Adam Ganyecz, Istvan Ladjanszki,
       Lorant Szegedy, Bence Ladoczki, Klara Petrov, Mate Farkas,
                    Pal D. Mezei, and Reka A. Horvath
 
        Department of Physical Chemistry and Materials Science
            Budapest University of Technology and Economics
                  Budapest P.O.Box 91, H-1521 Hungary
 
                              www.mrcc.hu
 
                      Release date: March 18, 2022

 ************************ 2023-02-04 11:42:45 *************************
 Executing minp...

 Reading input from MINP...
 
 Input file:
 
calc=FNO-CCSD(T)
verbosity=3
mem=220GB
unit=angs
scfiguess=small
scfalg=locfit1
ccmaxit=400
ccsdalg=dfdirect
ccsdthreads=4
ccsdmkl=thr
ptthreads=4
lnoepsv=1e-5
naf_cor=1e-2
basis=aug-cc-pVTZ
basis_sm=def2-SVP
dfbasis_scf=def2-QZVPP-RI-JK
dfbasis_cor=aug-cc-pVTZ-RI
unit=angs
geom=xyz
10

C    29.54344629    29.54344629    16.97505516
H    29.54344670    30.44187631    17.60392580
H    29.54344662    28.64496649    17.60393442
H    30.44658454    29.54342777    16.34911135
H    28.64030918    29.54342779    16.34911130
C    33.76390794    29.54341474    16.97521401
H    32.86548827    29.54341495    17.60422237
H    33.76392673    30.44620261    16.34882774
H    33.76392671    28.64062797    16.34882693
H    34.66237815    29.54341492    17.60423123

--------------------Output has been truncated-------------------------


--------------------Output has been truncated-------------------------


--------------------Output has been truncated-------------------------


--------------------Output has been truncated-------------------------


--------------------Output has been truncated-------------------------


--------------------Output has been truncated-------------------------


--------------------Output has been truncated-------------------------


--------------------Output has been truncated-------------------------


--------------------Output has been truncated-------------------------


--------------------Output has been truncated-------------------------


 
 Reference energy [au]:                       -80.425735427509
 DF-MP2 singlet pair energy [au]:              -0.329403670379
 DF-MP2 triplet pair energy [au]:              -0.073627702166
 DF-SCS-MP2 correlation energy [au]:           -0.419826971844
 DF-SCS-MP2 energy [au]:                      -80.845562399353
 DF-SOS-MP2 correlation energy [au]:           -0.428224771493
 DF-SOS-MP2 energy [au]:                      -80.853960199003
 DF-MP2 correlation energy [au]:               -0.403031372545
 DF-MP2 energy [au]:                          -80.828766800054

 Results in FNO basis:
 
 
 Reference energy [au]:                       -80.425735427509
 DF-MP2 singlet pair energy [au]:              -0.328035954961
 DF-MP2 triplet pair energy [au]:              -0.073520855048
 DF-SCS-MP2 correlation energy [au]:           -0.418150097635
 DF-SCS-MP2 energy [au]:                      -80.843885525145
 DF-SOS-MP2 correlation energy [au]:           -0.426446741449
 DF-SOS-MP2 energy [au]:                      -80.852182168958
 DF-MP2 correlation energy [au]:               -0.401556810009
 DF-MP2 energy [au]:                          -80.827292237518

 Results in NAF basis:
 
 
 Reference energy [au]:                       -80.425735427509
 DF-MP2 singlet pair energy [au]:              -0.327968588324
 DF-MP2 triplet pair energy [au]:              -0.073560934388
 DF-SCS-MP2 correlation energy [au]:           -0.418082617452
 DF-SCS-MP2 energy [au]:                      -80.843818044961
 DF-SOS-MP2 correlation energy [au]:           -0.426359164821
 DF-SOS-MP2 energy [au]:                      -80.852094592331
 DF-MP2 correlation energy [au]:               -0.401529522712
 DF-MP2 energy [au]:                          -80.827264950222

 ************************ 2023-02-04 11:43:05 *************************
 Executing ccsd...

 Allocation of 220.0 Gbytes of memory...

 Direct DF-CCSD(T) calculation
 
 Convergence criterion:  1.0E-06
 
 Number of occupied/virtual/auxiliary orbitals:     8   167   444
    727.97 MB is the minimal memory requirement for (T)
    157.42 MB is the minimal memory requirement for CCSD
 
 Reference energy [au]:             -80.425735427509
 T1 contribution [au]:                0.000000000000
 Same spin MP2 energy [au]:          -0.073540839373
 Opposite spin MP2 energy [au]:      -0.328002104748
 MP2 correlation energy [au]:        -0.401542944122
 Total MP2 energy [au]:             -80.827278371631
 MP2 correction [au]:                -0.001488428423
 
 
 CPU time [min]:     0.360                   Wall time [min]:     0.022
 
 Starting CCSD iterations...
 
                     Residual norm          Energy
 Iteration  1        0.177819269343      -80.856148305397
 Iteration  2        0.045044739955      -80.867068910491
 Iteration  3        0.011139951259      -80.868120829232
 Iteration  4        0.002554684453      -80.868115519991
 Iteration  5        0.000490567098      -80.868124705386
 Iteration  6        0.000116030920      -80.868126312615
 Iteration  7        0.000033296967      -80.868126745510
 Iteration  8        0.000009084138      -80.868127179093
 
 CCSD iteration has converged in  8 steps.
     3145.86 MB memory was utilized by CCSD
 
 T1 diagnostic:      7.532E-03            D1 diagnostic:      1.245E-02
 
 T1 contribution [au]:                                  0.000000000000
 PPL energy contribution [au]:                          0.115060922197
 Scaled PPL energy contribution [au]:                   0.115490429018

 OS-PPL energy contribution [au]:                       0.101786819246
 Scaled OS-PPL energy contribution [au]:                0.102231140586
 SS-PPL energy contribution [au]:                       0.013274102951
 Scaled SS-PPL energy contribution [au]:                0.013286456224

 Opposite spin CCSD energy [au]:                       -0.371339177666
 Same spin CCSD energy [au]:                           -0.071074210485
 CCSD correlation energy [au]:                         -0.442413388151
 CCSD correlation energy + MP2 correction [au]:        -0.443901816574
 CCSD correlation energy + MP2 + PPL corr. [au]:       -0.443472309753
 Total CCSD energy [au]:                              -80.868148815661
 Total CCSD energy + MP2 correction [au]:             -80.869637244084
 Total CCSD energy + MP2 + PPL corr. [au]:            -80.869207737263
 
 CPU time [min]:     5.051                   Wall time [min]:     0.155
 
 Calculation of (T) correction...
 
 
      710.32 MB memory is utilized for (T)

 0%       25%       50%       75%       100%
 |---------|---------|---------|---------| 
 
 (T) correction [au]:                                    -0.013264874462
 (T*) correction [au]:                                   -0.013314044336
 (T+) correction [au]:                                   -0.013314050002
 CCSD(T) correlation energy [au]:                        -0.455678262613
 CCSD(T) correlation energy + MP2 correction [au]:       -0.457166691036
 CCSD(T+) correlation en. + MP2 + PPL corr. [au]:        -0.456786359755
 Total CCSD(T) energy [au]:                             -80.881413690122
 Total CCSD(T) energy + MP2 correction [au]:            -80.882902118545
 Total CCSD(T+) energy + MP2 + PPL corr. [au]:          -80.882521787265
 
 CPU time [min]:     7.060                   Wall time [min]:     0.225
 
 ************************ 2023-02-04 11:43:19 *************************
                      Normal termination of mrcc.
 **********************************************************************
