 **********************************************************************
                          MRCC program system
 **********************************************************************
 
                              Written by
     Mihaly Kallay, Peter R. Nagy, David Mester, Laszlo Gyevi-Nagy,
        Jozsef Csoka, P. Bernat Szabo, Zoltan Rolik, Gyula Samu,
     Jozsef Csontos, Bence Hegely, Adam Ganyecz, Istvan Ladjanszki,
       Lorant Szegedy, Bence Ladoczki, Klara Petrov, Mate Farkas,
                    Pal D. Mezei, and Reka A. Horvath
 
        Department of Physical Chemistry and Materials Science
            Budapest University of Technology and Economics
                  Budapest P.O.Box 91, H-1521 Hungary
 
                              www.mrcc.hu
 
                      Release date: March 18, 2022

 ************************ 2023-02-04 11:48:27 *************************
 Executing minp...

 Reading input from MINP...
 
 Input file:
 
calc=FNO-CCSD(T)
verbosity=3
mem=220GB
unit=angs
scfiguess=small
scfalg=locfit1
ccmaxit=400
ccsdalg=dfdirect
ccsdthreads=4
ccsdmkl=thr
ptthreads=4
lnoepsv=1e-5
naf_cor=1e-2
basis=aug-cc-pVTZ
basis_sm=def2-SVP
dfbasis_scf=def2-QZVPP-RI-JK
dfbasis_cor=aug-cc-pVTZ-RI
unit=angs
geom=xyz
10

C    29.54344629    29.54344629    16.97505516
H    29.54344670    30.44187631    17.60392580
H    29.54344662    28.64496649    17.60393442
H    30.44658454    29.54342777    16.34911135
H    28.64030918    29.54342779    16.34911130
C    46.42538513    33.76390703    16.97524142
H    45.52689325    33.76390727    17.60416815
H    47.32392699    33.76390723    17.60417697
H    46.42540368    32.86110881    16.34882759
H    46.42540375    34.66670636    16.34882843

--------------------Output has been truncated-------------------------


--------------------Output has been truncated-------------------------


--------------------Output has been truncated-------------------------


--------------------Output has been truncated-------------------------


--------------------Output has been truncated-------------------------


--------------------Output has been truncated-------------------------


--------------------Output has been truncated-------------------------


--------------------Output has been truncated-------------------------


--------------------Output has been truncated-------------------------


--------------------Output has been truncated-------------------------


 
 Reference energy [au]:                       -40.213014007175
 DF-MP2 singlet pair energy [au]:              -0.164418775955
 DF-MP2 triplet pair energy [au]:              -0.036594509229
 DF-SCS-MP2 correlation energy [au]:           -0.209500700890
 DF-SCS-MP2 energy [au]:                      -40.422514708065
 DF-SOS-MP2 correlation energy [au]:           -0.213744408742
 DF-SOS-MP2 energy [au]:                      -40.426758415917
 DF-MP2 correlation energy [au]:               -0.201013285185
 DF-MP2 energy [au]:                          -40.414027292360

 Results in FNO basis:
 
 
 Reference energy [au]:                       -40.213014007175
 DF-MP2 singlet pair energy [au]:              -0.163768538557
 DF-MP2 triplet pair energy [au]:              -0.036550753708
 DF-SCS-MP2 correlation energy [au]:           -0.208705830838
 DF-SCS-MP2 energy [au]:                      -40.421719838013
 DF-SOS-MP2 correlation energy [au]:           -0.212899100124
 DF-SOS-MP2 energy [au]:                      -40.425913107299
 DF-MP2 correlation energy [au]:               -0.200319292265
 DF-MP2 energy [au]:                          -40.413333299440

 Results in NAF basis:
 
 
 Reference energy [au]:                       -40.213014007175
 DF-MP2 singlet pair energy [au]:              -0.163734265823
 DF-MP2 triplet pair energy [au]:              -0.036570032084
 DF-SCS-MP2 correlation energy [au]:           -0.208671129682
 DF-SCS-MP2 energy [au]:                      -40.421685136857
 DF-SOS-MP2 correlation energy [au]:           -0.212854545570
 DF-SOS-MP2 energy [au]:                      -40.425868552745
 DF-MP2 correlation energy [au]:               -0.200304297907
 DF-MP2 energy [au]:                          -40.413318305082

 ************************ 2023-02-04 11:48:43 *************************
 Executing ccsd...

 Allocation of 220.0 Gbytes of memory...

 Direct DF-CCSD(T) calculation
 
 Convergence criterion:  1.0E-06
 
 Number of occupied/virtual/auxiliary orbitals:     4    83   221
     89.04 MB is the minimal memory requirement for (T)
     22.38 MB is the minimal memory requirement for CCSD
 
 Reference energy [au]:             -40.213014007175
 T1 contribution [au]:                0.000000000000
 Same spin MP2 energy [au]:          -0.036560365516
 Opposite spin MP2 energy [au]:      -0.163751320648
 MP2 correlation energy [au]:        -0.200311686164
 Total MP2 energy [au]:             -40.413325693339
 MP2 correction [au]:                -0.000701599021
 
 
 CPU time [min]:     0.060                   Wall time [min]:     0.003
 
 Starting CCSD iterations...
 
                     Residual norm          Energy
 Iteration  1        0.131886662168      -40.427793496606
 Iteration  2        0.033754329734      -40.433316472171
 Iteration  3        0.008181264773      -40.433782587012
 Iteration  4        0.001913828224      -40.433785189892
 Iteration  5        0.000362932774      -40.433792239534
 Iteration  6        0.000073614125      -40.433792372565
 Iteration  7        0.000017727601      -40.433792977778
 Iteration  8        0.000003099781      -40.433792995464
 
 CCSD iteration has converged in  8 steps.
      207.43 MB memory was utilized by CCSD
 
 T1 diagnostic:      7.475E-03            D1 diagnostic:      1.210E-02
 
 T1 contribution [au]:                                  0.000000000000
 PPL energy contribution [au]:                          0.057486885566
 Scaled PPL energy contribution [au]:                   0.057689913400

 OS-PPL energy contribution [au]:                       0.050871915667
 Scaled OS-PPL energy contribution [au]:                0.051084049907
 SS-PPL energy contribution [au]:                       0.006614969900
 Scaled SS-PPL energy contribution [au]:                0.006619533385

 Opposite spin CCSD energy [au]:                       -0.185468100221
 Same spin CCSD energy [au]:                           -0.035322322484
 CCSD correlation energy [au]:                         -0.220790422706
 CCSD correlation energy + MP2 correction [au]:        -0.221492021726
 CCSD correlation energy + MP2 + PPL corr. [au]:       -0.221288993892
 Total CCSD energy [au]:                              -40.433804429881
 Total CCSD energy + MP2 correction [au]:             -40.434506028901
 Total CCSD energy + MP2 + PPL corr. [au]:            -40.434303001067
 
 CPU time [min]:     0.388                   Wall time [min]:     0.013
 
 Calculation of (T) correction...
 
 
       67.65 MB memory is utilized for (T)

 0%       25%       50%       75%       100%
 |---------|---------|---------|---------| 
 
 (T) correction [au]:                                    -0.006568652039
 (T*) correction [au]:                                   -0.006591658984
 (T+) correction [au]:                                   -0.006591679138
 CCSD(T) correlation energy [au]:                        -0.227359074745
 CCSD(T) correlation energy + MP2 correction [au]:       -0.228060673766
 CCSD(T+) correlation en. + MP2 + PPL corr. [au]:        -0.227880673030
 Total CCSD(T) energy [au]:                             -40.440373081920
 Total CCSD(T) energy + MP2 correction [au]:            -40.441074680941
 Total CCSD(T+) energy + MP2 + PPL corr. [au]:          -40.440894680205
 
 CPU time [min]:     0.453                   Wall time [min]:     0.015
 
 ************************ 2023-02-04 11:48:44 *************************
                      Normal termination of mrcc.
 **********************************************************************
