 **********************************************************************
                          MRCC program system
 **********************************************************************
 
                              Written by
     Mihaly Kallay, Peter R. Nagy, David Mester, Laszlo Gyevi-Nagy,
        Jozsef Csoka, P. Bernat Szabo, Zoltan Rolik, Gyula Samu,
     Jozsef Csontos, Bence Hegely, Adam Ganyecz, Istvan Ladjanszki,
       Lorant Szegedy, Bence Ladoczki, Klara Petrov, Mate Farkas,
                    Pal D. Mezei, and Reka A. Horvath
 
        Department of Physical Chemistry and Materials Science
            Budapest University of Technology and Economics
                  Budapest P.O.Box 91, H-1521 Hungary
 
                              www.mrcc.hu
 
                      Release date: March 18, 2022

 ************************ 2023-04-11 17:18:24 *************************
 Executing minp...

 Reading input from MINP...
 
 Input file:
 
calc=LNO-CCSD(T)
scftype=rhf
verbosity=3
mem=220GB
symm=off
unit=angs
scfiguess=small
scfmaxit=1000
scfalg=locfit1


lcorthr=tight
bpedo=0.99999
ccmaxit=400
usedisk=0
ccsdalg=dfdirect
ccsdthreads=4
ccsdmkl=thr
ptthreads=4

charge=-18
core=53

basis=special
aug-cc-pVTZ
aug-cc-pVTZ
aug-cc-pVTZ
cc-pVTZ
aug-cc-pVTZ
aug-cc-pVTZ
aug-cc-pVTZ
aug-cc-pVTZ
aug-cc-pVTZ
cc-pVTZ
cc-pVTZ
cc-pVTZ
aug-cc-pVTZ
aug-cc-pVTZ
aug-cc-pVTZ
aug-cc-pVTZ
aug-cc-pVTZ
aug-cc-pVTZ
aug-cc-pVTZ
aug-cc-pVTZ
aug-cc-pVTZ
aug-cc-pVTZ
aug-cc-pVTZ
aug-cc-pVTZ
nothing
nothing
nothing
nothing
nothing
nothing
nothing
nothing
nothing
nothing
nothing
nothing
nothing
nothing
nothing
nothing
nothing
nothing
nothing
nothing
nothing
nothing
nothing
nothing
nothing
nothing
nothing
nothing
nothing
nothing
nothing
nothing
nothing
nothing
nothing
nothing
nothing
nothing
nothing
nothing
nothing
nothing
nothing
nothing
nothing
nothing
nothing
nothing
nothing
nothing
nothing
nothing
nothing
nothing
nothing
nothing
nothing
nothing
nothing
nothing
nothing
nothing

basis_sm=special
def2-SVP
def2-SVP
def2-SVP
def2-SVP
def2-SVP
def2-SVP
def2-SVP
def2-SVP
def2-SVP
def2-SVP
def2-SVP
def2-SVP
def2-SVP
def2-SVP
def2-SVP
def2-SVP
def2-SVP
def2-SVP
def2-SVP
def2-SVP
def2-SVP
def2-SVP
def2-SVP
def2-SVP
nothing
nothing
nothing
nothing
nothing
nothing
nothing
nothing
nothing
nothing
nothing
nothing
nothing
nothing
nothing
nothing
nothing
nothing
nothing
nothing
nothing
nothing
nothing
nothing
nothing
nothing
nothing
nothing
nothing
nothing
nothing
nothing
nothing
nothing
nothing
nothing
nothing
nothing
nothing
nothing
nothing
nothing
nothing
nothing
nothing
nothing
nothing
nothing
nothing
nothing
nothing
nothing
nothing
nothing
nothing
nothing
nothing
nothing
nothing
nothing
nothing
nothing

dfbasis_scf=special
def2-QZVPP-RI-JK
def2-QZVPP-RI-JK
def2-QZVPP-RI-JK
def2-QZVPP-RI-JK
def2-QZVPP-RI-JK
def2-QZVPP-RI-JK
def2-QZVPP-RI-JK
def2-QZVPP-RI-JK
def2-QZVPP-RI-JK
def2-QZVPP-RI-JK
def2-QZVPP-RI-JK
def2-QZVPP-RI-JK
def2-QZVPP-RI-JK
def2-QZVPP-RI-JK
def2-QZVPP-RI-JK
def2-QZVPP-RI-JK
def2-QZVPP-RI-JK
def2-QZVPP-RI-JK
def2-QZVPP-RI-JK
def2-QZVPP-RI-JK
def2-QZVPP-RI-JK
def2-QZVPP-RI-JK
def2-QZVPP-RI-JK
def2-QZVPP-RI-JK
nothing
nothing
nothing
nothing
nothing
nothing
nothing
nothing
nothing
nothing
nothing
nothing
nothing
nothing
nothing
nothing
nothing
nothing
nothing
nothing
nothing
nothing
nothing
nothing
nothing
nothing
nothing
nothing
nothing
nothing
nothing
nothing
nothing
nothing
nothing
nothing
nothing
nothing
nothing
nothing
nothing
nothing
nothing
nothing
nothing
nothing
nothing
nothing
nothing
nothing
nothing
nothing
nothing
nothing
nothing
nothing
nothing
nothing
nothing
nothing
nothing
nothing

dfbasis_cor=special
aug-cc-pVTZ-RI
aug-cc-pVTZ-RI
aug-cc-pVTZ-RI
cc-pVTZ-RI
aug-cc-pVTZ-RI
aug-cc-pVTZ-RI
aug-cc-pVTZ-RI
aug-cc-pVTZ-RI
aug-cc-pVTZ-RI
cc-pVTZ-RI
cc-pVTZ-RI
cc-pVTZ-RI
aug-cc-pVTZ-RI
aug-cc-pVTZ-RI
aug-cc-pVTZ-RI
aug-cc-pVTZ-RI
aug-cc-pVTZ-RI
aug-cc-pVTZ-RI
aug-cc-pVTZ-RI
aug-cc-pVTZ-RI
aug-cc-pVTZ-RI
aug-cc-pVTZ-RI
aug-cc-pVTZ-RI
aug-cc-pVTZ-RI
nothing
nothing
nothing
nothing
nothing
nothing
nothing
nothing
nothing
nothing
nothing
nothing
nothing
nothing
nothing
nothing
nothing
nothing
nothing
nothing
nothing
nothing
nothing
nothing
nothing
nothing
nothing
nothing
nothing
nothing
nothing
nothing
nothing
nothing
nothing
nothing
nothing
nothing
nothing
nothing
nothing
nothing
nothing
nothing
nothing
nothing
nothing
nothing
nothing
nothing
nothing
nothing
nothing
nothing
nothing
nothing
nothing
nothing
nothing
nothing
nothing
nothing

ecp=special
none
none
none
none
none
none
none
none
none
none
none
none
none
none
none
none
none
none
none
none
none
none
none
none
ECP-22
ECP-22
ECP-22
ECP-22
ECP-22
ECP-22
ECP-22
ECP-22
ECP-22
ECP-22
ECP-22
ECP-22
ECP-22
ECP-22
ECP-22
ECP-22
ECP-22
ECP-22
ECP-22
ECP-22
ECP-22
ECP-22
ECP-22
ECP-22
ECP-22
ECP-22
ECP-22
ECP-22
ECP-22
ECP-22
ECP-22
ECP-22
ECP-22
ECP-22
ECP-22
ECP-22
ECP-22
ECP-22
ECP-22
ECP-22
ECP-22
ECP-22
ECP-22
ECP-22
ECP-22
ECP-22
ECP-22
ECP-22
ECP-22
ECP-22
ECP-22
ECP-22
ECP-22
ECP-22
ECP-22
ECP-22
ECP-22
ECP-22
ECP-22
ECP-22
ECP-22
ECP-22

unit=angs
geom=xyz
86
H2 O1 Ti4 O17 ECP62
H     1.89798442467    0.76892357091    1.09500300994
H     1.89796701023   -0.76888339837    1.09498291566
O     1.29090844524   -0.00005254918    1.12611635030
Ti    0.00000000000    0.00000000000   -0.77370084871
O    -1.64817325598   -0.00000215208    0.00000000000
O    -0.94100323191    0.00000142808   -2.37909136869
O     0.50556793744    1.91238553012   -0.73338906055
O     0.50556915160   -1.91238357459   -0.73338758178
O     1.92807916659   -0.00000035590   -1.64078281987
Ti   -2.78049178881    0.00000120312   -1.48033747516
Ti    2.29985076291    1.88259799097   -1.59633106815
Ti    2.29985203922   -1.88260089015   -1.59633312388
O    -3.18776140722    1.89015119990   -1.48811615453
O    -3.18775925192   -1.89014830090   -1.48811413625
O     1.94171336355    1.92261756978   -3.59305585196
O     1.94171378233   -1.92261729888   -3.59305600998
O     3.45454038744    1.82665920325   -0.09543016793
O     3.45453580280   -1.82666159560   -0.09542698634
O    -3.20349802410    0.00000190353   -3.53243064219
O     1.95397971728    3.79378135619   -1.53900833716
O     1.95397913173   -3.79377980234   -1.53900471159
O    -4.65731457972   -0.00000007270   -0.71766161891
O     4.19822624131    1.91013173119   -2.48372458318
O     4.19822737614   -1.91012960554   -2.48372714859
Ti   -0.01659662649    3.79938284995   -0.94179438239
Ti   -0.01659472499   -3.79938415148   -0.94179199941
Ti   -1.42692687711    0.00000132311   -4.31461670435
Ti   -2.81353667748    3.78130604725   -1.49243347955
Ti   -2.81353140596   -3.78130162268   -1.49243206062
Ti    0.81536056812    1.89450335410   -5.16120212020
Ti    0.81536004138   -1.89450071564   -5.16120271478
Ti    5.08724077673    1.88388830902   -0.94458395108
Ti    5.08724042819   -1.88388456178   -0.94458311852
Ti   -1.44960209749    3.79047733446   -4.39638265149
Ti   -1.44960262998   -3.79047458330   -4.39638262520
Ti   -5.18651807902    1.88388830902   -0.94458395108
Ti   -5.18651842756   -1.88388456178   -0.94458311852
Ti    3.70233321188    1.89011155380   -4.43452261597
Ti    3.70233342068   -1.89010721299   -4.43452384909
Ti   -4.27420279142    0.00000174056   -5.12312477151
Ti    2.33403400187    5.68440566678   -1.51651174168
Ti    2.33403400187   -5.68440798571   -1.51651174168
Ti   -4.30391908981    3.79304027090   -5.13111525611
Ti   -4.30391920697   -3.79303638748   -5.13111409206
Ti    0.82297015220    5.68440776894   -5.14248294343
Ti    0.82297015220   -5.68440588355   -5.14248294343
Ti    5.99955606433    0.00000174056   -5.12312477151
Ti    7.49326706694    0.00000120312   -1.48033747516
Ti   -0.01659472499    7.56942950101   -0.94179199941
Ti   -0.01659662649   -7.56943080254   -0.94179438239
Ti   -2.86933130450    0.00000124517   -7.85598111261
Ti    5.11542579946    5.68440974223   -0.94191258676
Ti    5.11542579946   -5.68440391026   -0.94191258676
Ti   -5.15833305629    5.68440974223   -0.94191258676
Ti   -5.15833305629   -5.68440391026   -0.94191258676
Ti    3.68672659871    5.68440808062   -4.41341258901
Ti    3.68672659871   -5.68440557187   -4.41341258901
Ti    2.27603103532    1.89000307717   -7.89968790358
Ti    2.27603138186   -1.88999965986   -7.89968782218
Ti   -6.57142564387    1.89011155380   -4.43452261597
Ti   -6.57142543507   -1.89010721299   -4.43452384909
Ti   -2.81353140596    7.58751202981   -1.49243206062
Ti   -2.81353667748   -7.58750760524   -1.49243347955
Ti   -0.62703780383    1.89223554068   -8.69895427342
Ti   -0.62703830144   -1.89223283188   -8.69895424882
Ti   -7.97390809284    1.88259799097   -1.59633106815
Ti   -7.97390681654   -1.88260089015   -1.59633312388
Ti    5.96983976594    3.79304027090   -5.13111525611
Ti    5.96983964878   -3.79303638748   -5.13111409206
Ti    7.46022217827    3.78130604725   -1.49243347955
Ti    7.46022744980   -3.78130162268   -1.49243206062
Ti   -1.44960262998    7.57833906918   -4.39638262520
Ti   -1.44960209749   -7.57833631803   -4.39638265149
Ti   -2.87309711725    3.78927907357   -7.88617177122
Ti   -2.87309728046   -3.78927579300   -7.88617212901
Ti    2.26702842703    5.68440833769   -7.89326072214
Ti    2.26702842703   -5.68440531480   -7.89326072214
Ti   -6.58703225704    5.68440808062   -4.41341258901
Ti   -6.58703225704   -5.68440557187   -4.41341258901
Ti    8.84683197864    0.00000132311   -4.31461670435
Ti   -5.74112866944    0.00000213904   -8.70039482954
Ti    2.29985203922    9.48621276234   -1.59633312388
Ti    2.29985076291   -9.48621566152   -1.59633106815
Ti    8.82415675826    3.79047733446   -4.39638265149
Ti    8.82415622578   -3.79047458330   -4.39638262520
Ti  -10.27375885575   -0.00000000000   -0.77370084871


ghost=serialno
1-3

qmmm=Amber
pointcharges
9557
     -0.01659662649    3.79938284995   -0.94179438239    4.00000000000
     -0.01659472499   -3.79938415148   -0.94179199941    4.00000000000
     -1.42692687711    0.00000132311   -4.31461670435    4.00000000000
     -1.62787415746    3.78255411259   -0.06137855864   -2.00000000000
--------------------Output has been truncated-------------------------


--------------------Output has been truncated-------------------------


--------------------Output has been truncated-------------------------


--------------------Output has been truncated-------------------------


--------------------Output has been truncated-------------------------


--------------------Output has been truncated-------------------------


--------------------Output has been truncated-------------------------


--------------------Output has been truncated-------------------------


--------------------Output has been truncated-------------------------


--------------------Output has been truncated-------------------------


 
 Final local CC results:
 
 Minimum number of correlated electrons:        42       ( 30.9%)
 Maximum number of correlated electrons:       112       ( 82.4%)
 Average number of correlated electrons:        66.0     ( 48.5%)
 Minimum number of correlated orbitals:        121       ( 11.1%)
 Maximum number of correlated orbitals:        287       ( 26.3%)
 Average number of correlated orbitals:        172.9     ( 15.8%)
 
 CPU time for integral calculations [min]:                 30.918
 Wall time for integral calculations [min]:                16.941
 
 CPU time for SCF calculation [min]:                      436.933
 Wall time for SCF calculation [min]:                      12.274
 
 CPU time for orbital localization [min]:                   0.305
 Wall time for orbital localization [min]:                  0.049
 
 CPU time for integral transformations [min]:            3970.037
 Wall time for integral transformations [min]:            124.104
 
 Reference energy [au]:                                -85291.045262923551
 
 LMP2 correlation energy [au]:                             -4.947613718431
 Total LMP2 energy [au]:                               -85295.992876641976
 
 Total MP2 correction for dropped NAFs [au]:               -0.000036917434
 Total MP2 correction [au]:                                -0.015252712391
 
 CPU time for CCSD calculations [min]:                   2547.257
 Total CPU time for CCSD [min]:                          6985.450
 Wall time for CCSD calculations [min]:                    99.841
 Total wall time for CCSD [min]:                          253.208
 
 CCSD correlation energy [au]:                             -4.844663754046
 Total CCSD energy [au]:                               -85295.889926677599
 CCSD correlation energy + 0.5 MP2 corrections [au]:       -4.852290110241
 Total LNO-CCSD energy with MP2 corrections [au]:      -85295.897553033792
 
 CPU time for (T) corrections [min]:                     2933.958
 Total CPU time for CCSD(T) [min]:                       9919.408
 Wall time for (T) corrections [min]:                      86.424
 Total wall time for CCSD(T) [min]:                       339.632
 
 Total (T) correlation energy contribution [au]:           -0.249590856939
 Total (T) correlation energy+0.5 MP2 correction [au]:     -0.257217213134
 CCSD(T) correlation energy [au]:                          -5.094254610985
 Total CCSD(T) energy [au]:                            -85296.139517534539
 CCSD(T) correlation energy + MP2 corrections [au]:        -5.109507323375
 Total LNO-CCSD(T) energy with MP2 corrections [au]:   -85296.154770246925
 
 ======================================================================
 ======================================================================
 
 ************************ 2023-04-11 23:02:32 *************************
                      Normal termination of mrcc.
 **********************************************************************
