 **********************************************************************
                          MRCC program system
 **********************************************************************
 
                              Written by
     Mihaly Kallay, Peter R. Nagy, David Mester, Laszlo Gyevi-Nagy,
        Jozsef Csoka, P. Bernat Szabo, Zoltan Rolik, Gyula Samu,
     Jozsef Csontos, Bence Hegely, Adam Ganyecz, Istvan Ladjanszki,
       Lorant Szegedy, Bence Ladoczki, Klara Petrov, Mate Farkas,
                    Pal D. Mezei, and Reka A. Horvath
 
        Department of Physical Chemistry and Materials Science
            Budapest University of Technology and Economics
                  Budapest P.O.Box 91, H-1521 Hungary
 
                              www.mrcc.hu
 
                      Release date: March 18, 2022

 ************************ 2023-02-05 13:29:25 *************************
 Executing minp...

 Reading input from MINP...
 
 Input file:
 
calc=FNO-CCSD(T)
verbosity=3
mem=220GB
unit=angs
scfiguess=small
scfalg=locfit1
ccmaxit=400
ccsdalg=dfdirect
ccsdthreads=4
ccsdmkl=thr
ptthreads=4
lnoepsv=1e-5
naf_cor=1e-2
basis=aug-cc-pVTZ
basis_sm=def2-SVP
dfbasis_scf=def2-QZVPP-RI-JK
dfbasis_cor=aug-cc-pVTZ-RI
unit=angs
geom=xyz
16

C    34.41670262    34.07107264    10.41543014
C    33.11117461    33.45680459    10.91530835
H    34.24160149    35.00442132     9.86225048
H    34.94674030    33.36940783     9.75379242
H    35.10002891    34.30603621    11.24227357
H    32.42643037    33.26105434    10.07939442
H    32.59136835    34.12756100    11.61262818
H    33.28915165    32.50678735    11.43686767
C    28.86048386    31.96102723    10.40841099
C    30.16020184    31.34719311    10.92356869
H    28.33524345    31.25682155     9.74571409
H    29.04251974    32.89196657     9.85291346
H    28.16945653    32.20166151    11.22702485
H    30.85404226    31.15055188    10.09551480
H    29.97596163    30.39767355    11.44396498
H    30.67232128    32.01873499    11.62587494

--------------------Output has been truncated-------------------------


--------------------Output has been truncated-------------------------


--------------------Output has been truncated-------------------------


--------------------Output has been truncated-------------------------


--------------------Output has been truncated-------------------------


--------------------Output has been truncated-------------------------


--------------------Output has been truncated-------------------------


--------------------Output has been truncated-------------------------


--------------------Output has been truncated-------------------------


--------------------Output has been truncated-------------------------


 
 Reference energy [au]:                      -158.517457148809
 DF-MP2 singlet pair energy [au]:              -0.602086192771
 DF-MP2 triplet pair energy [au]:              -0.151236870771
 DF-SCS-MP2 correlation energy [au]:           -0.772915721583
 DF-SCS-MP2 energy [au]:                     -159.290372870392
 DF-SOS-MP2 correlation energy [au]:           -0.782712050603
 DF-SOS-MP2 energy [au]:                     -159.300169199412
 DF-MP2 correlation energy [au]:               -0.753323063542
 DF-MP2 energy [au]:                         -159.270780212351

 Results in FNO basis:
 
 
 Reference energy [au]:                      -158.517457148809
 DF-MP2 singlet pair energy [au]:              -0.599812145662
 DF-MP2 triplet pair energy [au]:              -0.151016139706
 DF-SCS-MP2 correlation energy [au]:           -0.770113288030
 DF-SCS-MP2 energy [au]:                     -159.287570436839
 DF-SOS-MP2 correlation energy [au]:           -0.779755789361
 DF-SOS-MP2 energy [au]:                     -159.297212938170
 DF-MP2 correlation energy [au]:               -0.750828285368
 DF-MP2 energy [au]:                         -159.268285434178

 Results in NAF basis:
 
 
 Reference energy [au]:                      -158.517457148809
 DF-MP2 singlet pair energy [au]:              -0.599692197406
 DF-MP2 triplet pair energy [au]:              -0.151094650841
 DF-SCS-MP2 correlation energy [au]:           -0.769995520501
 DF-SCS-MP2 energy [au]:                     -159.287452669310
 DF-SOS-MP2 correlation energy [au]:           -0.779599856628
 DF-SOS-MP2 energy [au]:                     -159.297057005437
 DF-MP2 correlation energy [au]:               -0.750786848247
 DF-MP2 energy [au]:                         -159.268243997056

 ************************ 2023-02-05 13:30:18 *************************
 Executing ccsd...

 Allocation of 220.0 Gbytes of memory...

 Direct DF-CCSD(T) calculation
 
 Convergence criterion:  1.0E-06
 
 Number of occupied/virtual/auxiliary orbitals:    14   284   767
   3641.22 MB is the minimal memory requirement for (T)
    821.10 MB is the minimal memory requirement for CCSD
 
 Reference energy [au]:            -158.517457148809
 T1 contribution [au]:                0.000000000000
 Same spin MP2 energy [au]:          -0.151055274198
 Opposite spin MP2 energy [au]:      -0.599751822431
 MP2 correlation energy [au]:        -0.750807096630
 Total MP2 energy [au]:            -159.268264245439
 MP2 correction [au]:                -0.002515966912
 
 
 CPU time [min]:     0.917                   Wall time [min]:     0.118
 
 Starting CCSD iterations...
 
                     Residual norm          Energy
 Iteration  1        0.236064987012     -159.309820912341
 Iteration  2        0.058248746424     -159.328876943881
 Iteration  3        0.015671790546     -159.330867467455
 Iteration  4        0.003520264916     -159.330864523140
 Iteration  5        0.000795206165     -159.330874437678
 Iteration  6        0.000234614560     -159.330879838355
 Iteration  7        0.000055079995     -159.330879749651
 Iteration  8        0.000015488980     -159.330880233013
 Iteration  9        0.000004216642     -159.330880243761
 
 CCSD iteration has converged in  9 steps.
    25734.28 MB memory was utilized by CCSD
 
 T1 diagnostic:      7.917E-03            D1 diagnostic:      1.398E-02
 
 T1 contribution [au]:                                  0.000000000000
 PPL energy contribution [au]:                          0.206188060948
 Scaled PPL energy contribution [au]:                   0.206887236842

 OS-PPL energy contribution [au]:                       0.180160470231
 Scaled OS-PPL energy contribution [au]:                0.180880980758
 SS-PPL energy contribution [au]:                       0.026027590717
 Scaled SS-PPL energy contribution [au]:                0.026052553381

 Opposite spin CCSD energy [au]:                       -0.669885660810
 Same spin CCSD energy [au]:                           -0.143573925635
 CCSD correlation energy [au]:                         -0.813459586445
 CCSD correlation energy + MP2 correction [au]:        -0.815975553357
 CCSD correlation energy + MP2 + PPL corr. [au]:       -0.815276377463
 Total CCSD energy [au]:                             -159.330916735254
 Total CCSD energy + MP2 correction [au]:            -159.333432702166
 Total CCSD energy + MP2 + PPL corr. [au]:           -159.332733526272
 
 CPU time [min]:    57.476                   Wall time [min]:     1.899
 
 Calculation of (T) correction...
 
 
     4710.74 MB memory is utilized for (T)

 0%       25%       50%       75%       100%
 |---------|---------|---------|---------| 
 
 (T) correction [au]:                                    -0.028304434811
 (T*) correction [au]:                                   -0.028399283437
 (T+) correction [au]:                                   -0.028398259136
 CCSD(T) correlation energy [au]:                        -0.841764021256
 CCSD(T) correlation energy + MP2 correction [au]:       -0.844279988168
 CCSD(T+) correlation en. + MP2 + PPL corr. [au]:        -0.843674636599
 Total CCSD(T) energy [au]:                            -159.359221170065
 Total CCSD(T) energy + MP2 correction [au]:           -159.361737136977
 Total CCSD(T+) energy + MP2 + PPL corr. [au]:         -159.361131785409
 
 CPU time [min]:   119.674                   Wall time [min]:     3.767
 
 ************************ 2023-02-05 13:34:04 *************************
                      Normal termination of mrcc.
 **********************************************************************
