 **********************************************************************
                          MRCC program system
 **********************************************************************
 
                              Written by
     Mihaly Kallay, Peter R. Nagy, David Mester, Laszlo Gyevi-Nagy,
        Jozsef Csoka, P. Bernat Szabo, Zoltan Rolik, Gyula Samu,
     Jozsef Csontos, Bence Hegely, Adam Ganyecz, Istvan Ladjanszki,
       Lorant Szegedy, Bence Ladoczki, Klara Petrov, Mate Farkas,
                    Pal D. Mezei, and Reka A. Horvath
 
        Department of Physical Chemistry and Materials Science
            Budapest University of Technology and Economics
                  Budapest P.O.Box 91, H-1521 Hungary
 
                              www.mrcc.hu
 
                      Release date: March 18, 2022

 ************************ 2023-02-05 13:29:34 *************************
 Executing minp...

 Reading input from MINP...
 
 Input file:
 
calc=FNO-CCSD(T)
verbosity=3
mem=220GB
unit=angs
scfiguess=small
scfalg=locfit1
ccmaxit=400
ccsdalg=dfdirect
ccsdthreads=4
ccsdmkl=thr
ptthreads=4
lnoepsv=1e-5
naf_cor=1e-2
basis=aug-cc-pVQZ
basis_sm=def2-SVP
dfbasis_scf=def2-QZVPP-RI-JK
dfbasis_cor=aug-cc-pVQZ-RI
unit=angs
geom=xyz
16

C    34.41670262    34.07107264    10.41543014
C    33.11117461    33.45680459    10.91530835
H    34.24160149    35.00442132     9.86225048
H    34.94674030    33.36940783     9.75379242
H    35.10002891    34.30603621    11.24227357
H    32.42643037    33.26105434    10.07939442
H    32.59136835    34.12756100    11.61262818
H    33.28915165    32.50678735    11.43686767
C    28.86048386    31.96102723    10.40841099
C    30.16020184    31.34719311    10.92356869
H    28.33524345    31.25682155     9.74571409
H    29.04251974    32.89196657     9.85291346
H    28.16945653    32.20166151    11.22702485
H    30.85404226    31.15055188    10.09551480
H    29.97596163    30.39767355    11.44396498
H    30.67232128    32.01873499    11.62587494

--------------------Output has been truncated-------------------------


--------------------Output has been truncated-------------------------


--------------------Output has been truncated-------------------------


--------------------Output has been truncated-------------------------


--------------------Output has been truncated-------------------------


--------------------Output has been truncated-------------------------


--------------------Output has been truncated-------------------------


--------------------Output has been truncated-------------------------


--------------------Output has been truncated-------------------------


--------------------Output has been truncated-------------------------


 
 Reference energy [au]:                      -158.527215518322
 DF-MP2 singlet pair energy [au]:              -0.636861622547
 DF-MP2 triplet pair energy [au]:              -0.154973810768
 DF-SCS-MP2 correlation energy [au]:           -0.815891883979
 DF-SCS-MP2 energy [au]:                     -159.343107402302
 DF-SOS-MP2 correlation energy [au]:           -0.827920109311
 DF-SOS-MP2 energy [au]:                     -159.355135627634
 DF-MP2 correlation energy [au]:               -0.791835433316
 DF-MP2 energy [au]:                         -159.319050951638

 Results in FNO basis:
 
 
 Reference energy [au]:                      -158.527215518322
 DF-MP2 singlet pair energy [au]:              -0.626355115445
 DF-MP2 triplet pair energy [au]:              -0.154360261590
 DF-SCS-MP2 correlation energy [au]:           -0.803079559064
 DF-SCS-MP2 energy [au]:                     -159.330295077386
 DF-SOS-MP2 correlation energy [au]:           -0.814261650078
 DF-SOS-MP2 energy [au]:                     -159.341477168401
 DF-MP2 correlation energy [au]:               -0.780715377035
 DF-MP2 energy [au]:                         -159.307930895357

 Results in NAF basis:
 
 
 Reference energy [au]:                      -158.527215518322
 DF-MP2 singlet pair energy [au]:              -0.626312751798
 DF-MP2 triplet pair energy [au]:              -0.154375137104
 DF-SCS-MP2 correlation energy [au]:           -0.803033681193
 DF-SCS-MP2 energy [au]:                     -159.330249199515
 DF-SOS-MP2 correlation energy [au]:           -0.814206577338
 DF-SOS-MP2 energy [au]:                     -159.341422095660
 DF-MP2 correlation energy [au]:               -0.780687888903
 DF-MP2 energy [au]:                         -159.307903407225

 ************************ 2023-02-05 13:32:30 *************************
 Executing ccsd...

 Allocation of 220.0 Gbytes of memory...

 Direct DF-CCSD(T) calculation
 
 Convergence criterion:  1.0E-06
 
 Number of occupied/virtual/auxiliary orbitals:    14   351  1110
   6958.63 MB is the minimal memory requirement for (T)
   1592.02 MB is the minimal memory requirement for CCSD
 
 Reference energy [au]:            -158.527215518322
 T1 contribution [au]:                0.000000000000
 Same spin MP2 energy [au]:          -0.154367694325
 Opposite spin MP2 energy [au]:      -0.626333924392
 MP2 correlation energy [au]:        -0.780701618717
 Total MP2 energy [au]:            -159.307917137040
 MP2 correction [au]:                -0.011133814598
 
 
 CPU time [min]:     1.544                   Wall time [min]:     0.463
 
 Starting CCSD iterations...
 
                     Residual norm          Energy
 Iteration  1        0.247446702135     -159.343518489633
 Iteration  2        0.061007697455     -159.362617413921
 Iteration  3        0.018022439952     -159.364941958336
 Iteration  4        0.003647371184     -159.364940791234
 Iteration  5        0.000811881529     -159.364950940737
 Iteration  6        0.000235610889     -159.364954402176
 Iteration  7        0.000058184977     -159.364954121535
 Iteration  8        0.000016396553     -159.364954726716
 Iteration  9        0.000004169884     -159.364954753182
 
 CCSD iteration has converged in  9 steps.
    59716.35 MB memory was utilized by CCSD
 
 T1 diagnostic:      8.305E-03            D1 diagnostic:      1.471E-02
 
 T1 contribution [au]:                                  0.000000000000
 PPL energy contribution [au]:                          0.218044592822
 Scaled PPL energy contribution [au]:                   0.221171866541

 OS-PPL energy contribution [au]:                       0.191145535195
 Scaled OS-PPL energy contribution [au]:                0.194377015987
 SS-PPL energy contribution [au]:                       0.026899057627
 Scaled SS-PPL energy contribution [au]:                0.027002407423

 Opposite spin CCSD energy [au]:                       -0.691273008851
 Same spin CCSD energy [au]:                           -0.146482559213
 CCSD correlation energy [au]:                         -0.837755568065
 CCSD correlation energy + MP2 correction [au]:        -0.848889382663
 CCSD correlation energy + MP2 + PPL corr. [au]:       -0.845762108944
 Total CCSD energy [au]:                             -159.364971086387
 Total CCSD energy + MP2 correction [au]:            -159.376104900985
 Total CCSD energy + MP2 + PPL corr. [au]:           -159.372977627266
 
 CPU time [min]:   160.449                   Wall time [min]:     5.533
 
 Calculation of (T) correction...
 
 
     8907.18 MB memory is utilized for (T)

 0%       25%       50%       75%       100%
 |---------|---------|---------|---------| 
 
 (T) correction [au]:                                    -0.029884342258
 (T*) correction [au]:                                   -0.030310531621
 (T+) correction [au]:                                   -0.030303966478
 CCSD(T) correlation energy [au]:                        -0.867639910323
 CCSD(T) correlation energy + MP2 correction [au]:       -0.878773724921
 CCSD(T+) correlation en. + MP2 + PPL corr. [au]:        -0.876066075421
 Total CCSD(T) energy [au]:                            -159.394855428645
 Total CCSD(T) energy + MP2 correction [au]:           -159.405989243243
 Total CCSD(T+) energy + MP2 + PPL corr. [au]:         -159.403281593744
 
 CPU time [min]:   298.494                   Wall time [min]:     9.756
 
 ************************ 2023-02-05 13:42:16 *************************
                      Normal termination of mrcc.
 **********************************************************************
