 **********************************************************************
                          MRCC program system
 **********************************************************************
 
                              Written by
     Mihaly Kallay, Peter R. Nagy, David Mester, Laszlo Gyevi-Nagy,
        Jozsef Csoka, P. Bernat Szabo, Zoltan Rolik, Gyula Samu,
     Jozsef Csontos, Bence Hegely, Adam Ganyecz, Istvan Ladjanszki,
       Lorant Szegedy, Bence Ladoczki, Klara Petrov, Mate Farkas,
                    Pal D. Mezei, and Reka A. Horvath
 
        Department of Physical Chemistry and Materials Science
            Budapest University of Technology and Economics
                  Budapest P.O.Box 91, H-1521 Hungary
 
                              www.mrcc.hu
 
                      Release date: March 18, 2022

 ************************ 2023-02-05 13:34:53 *************************
 Executing minp...

 Reading input from MINP...
 
 Input file:
 
calc=FNO-CCSD(T)
verbosity=3
mem=220GB
unit=angs
scfiguess=small
scfalg=locfit1
ccmaxit=400
ccsdalg=dfdirect
ccsdthreads=4
ccsdmkl=thr
ptthreads=4
lnoepsv=1e-5
naf_cor=1e-2
basis=aug-cc-pVQZ
basis_sm=def2-SVP
dfbasis_scf=def2-QZVPP-RI-JK
dfbasis_cor=aug-cc-pVQZ-RI
unit=angs
geom=xyz
16

C    34.41670262    34.07107264    10.41543014
C    33.11117461    33.45680459    10.91530835
H    34.24160149    35.00442132     9.86225048
H    34.94674030    33.36940783     9.75379242
H    35.10002891    34.30603621    11.24227357
H    32.42643037    33.26105434    10.07939442
H    32.59136835    34.12756100    11.61262818
H    33.28915165    32.50678735    11.43686767
C    28.86048160    27.74053668    10.40840413
C    30.16019719    27.12669671    10.92356358
H    28.33519739    27.03634178     9.74574003
H    29.04252993    28.67149383     9.85293887
H    28.16943746    27.98114066    11.22701403
H    30.85410596    26.93003715    10.09557036
H    29.97595347    26.17717467    11.44395536
H    30.67229494    27.79828785    11.62583355

--------------------Output has been truncated-------------------------


--------------------Output has been truncated-------------------------


--------------------Output has been truncated-------------------------


--------------------Output has been truncated-------------------------


--------------------Output has been truncated-------------------------


--------------------Output has been truncated-------------------------


--------------------Output has been truncated-------------------------


--------------------Output has been truncated-------------------------


--------------------Output has been truncated-------------------------


--------------------Output has been truncated-------------------------


 
 Reference energy [au]:                       -79.264438115551
 DF-MP2 singlet pair energy [au]:              -0.317726151036
 DF-MP2 triplet pair energy [au]:              -0.076906683469
 DF-SCS-MP2 correlation energy [au]:           -0.406906942399
 DF-SCS-MP2 energy [au]:                      -79.671345057950
 DF-SOS-MP2 correlation energy [au]:           -0.413043996346
 DF-SOS-MP2 energy [au]:                      -79.677482111898
 DF-MP2 correlation energy [au]:               -0.394632834504
 DF-MP2 energy [au]:                          -79.659070950056

 Results in FNO basis:
 
 
 Reference energy [au]:                       -79.264438115551
 DF-MP2 singlet pair energy [au]:              -0.312550541158
 DF-MP2 triplet pair energy [au]:              -0.076620646657
 DF-SCS-MP2 correlation energy [au]:           -0.400600864942
 DF-SCS-MP2 energy [au]:                      -79.665038980493
 DF-SOS-MP2 correlation energy [au]:           -0.406315703505
 DF-SOS-MP2 energy [au]:                      -79.670753819057
 DF-MP2 correlation energy [au]:               -0.389171187815
 DF-MP2 energy [au]:                          -79.653609303366

 Results in NAF basis:
 
 
 Reference energy [au]:                       -79.264438115551
 DF-MP2 singlet pair energy [au]:              -0.312529565131
 DF-MP2 triplet pair energy [au]:              -0.076628659432
 DF-SCS-MP2 correlation energy [au]:           -0.400578364635
 DF-SCS-MP2 energy [au]:                      -79.665016480186
 DF-SOS-MP2 correlation energy [au]:           -0.406288434670
 DF-SOS-MP2 energy [au]:                      -79.670726550222
 DF-MP2 correlation energy [au]:               -0.389158224563
 DF-MP2 energy [au]:                          -79.653596340114

 ************************ 2023-02-05 13:36:37 *************************
 Executing ccsd...

 Allocation of 220.0 Gbytes of memory...

 Direct DF-CCSD(T) calculation
 
 Convergence criterion:  1.0E-06
 
 Number of occupied/virtual/auxiliary orbitals:     7   175   551
    851.32 MB is the minimal memory requirement for (T)
    190.43 MB is the minimal memory requirement for CCSD
 
 Reference energy [au]:             -79.264438115551
 T1 contribution [au]:                0.000000000000
 Same spin MP2 energy [au]:          -0.076624650478
 Opposite spin MP2 energy [au]:      -0.312540048434
 MP2 correlation energy [au]:        -0.389164698912
 Total MP2 energy [au]:             -79.653602814463
 MP2 correction [au]:                -0.005468135592
 
 
 CPU time [min]:     0.399                   Wall time [min]:     0.049
 
 Starting CCSD iterations...
 
                     Residual norm          Energy
 Iteration  1        0.179604715478      -79.671515416110
 Iteration  2        0.044511538271      -79.681097548431
 Iteration  3        0.013089969969      -79.682233299216
 Iteration  4        0.002650279555      -79.682240521308
 Iteration  5        0.000560964824      -79.682246386893
 Iteration  6        0.000156929938      -79.682248437912
 Iteration  7        0.000037095428      -79.682248212876
 Iteration  8        0.000009998500      -79.682248576788
 
 CCSD iteration has converged in  8 steps.
     3804.92 MB memory was utilized by CCSD
 
 T1 diagnostic:      8.231E-03            D1 diagnostic:      1.428E-02
 
 T1 contribution [au]:                                  0.000000000000
 PPL energy contribution [au]:                          0.108936346779
 Scaled PPL energy contribution [au]:                   0.110476691327

 OS-PPL energy contribution [au]:                       0.095543063422
 Scaled OS-PPL energy contribution [au]:                0.097138600718
 SS-PPL energy contribution [au]:                       0.013393283356
 Scaled SS-PPL energy contribution [au]:                0.013441386492

 Opposite spin CCSD energy [au]:                       -0.345141579505
 Same spin CCSD energy [au]:                           -0.072676639373
 CCSD correlation energy [au]:                         -0.417818218879
 CCSD correlation energy + MP2 correction [au]:        -0.423286354471
 CCSD correlation energy + MP2 + PPL corr. [au]:       -0.421746009923
 Total CCSD energy [au]:                              -79.682256334430
 Total CCSD energy + MP2 correction [au]:             -79.687724470023
 Total CCSD energy + MP2 + PPL corr. [au]:            -79.686184125474
 
 CPU time [min]:     6.377                   Wall time [min]:     0.233
 
 Calculation of (T) correction...
 
 
      783.34 MB memory is utilized for (T)

 0%       25%       50%       75%       100%
 |---------|---------|---------|---------| 
 
 (T) correction [au]:                                    -0.014762806059
 (T*) correction [au]:                                   -0.014970237580
 (T+) correction [au]:                                   -0.014966705511
 CCSD(T) correlation energy [au]:                        -0.432581024938
 CCSD(T) correlation energy + MP2 correction [au]:       -0.438049160530
 CCSD(T+) correlation en. + MP2 + PPL corr. [au]:        -0.436712715434
 Total CCSD(T) energy [au]:                             -79.697019140489
 Total CCSD(T) energy + MP2 correction [au]:            -79.702487276082
 Total CCSD(T+) energy + MP2 + PPL corr. [au]:          -79.701150830985
 
 CPU time [min]:     8.082                   Wall time [min]:     0.290
 
 ************************ 2023-02-05 13:36:54 *************************
                      Normal termination of mrcc.
 **********************************************************************
