 **********************************************************************
                          MRCC program system
 **********************************************************************
 
                              Written by
     Mihaly Kallay, Peter R. Nagy, David Mester, Laszlo Gyevi-Nagy,
        Jozsef Csoka, P. Bernat Szabo, Zoltan Rolik, Gyula Samu,
     Jozsef Csontos, Bence Hegely, Adam Ganyecz, Istvan Ladjanszki,
       Lorant Szegedy, Bence Ladoczki, Klara Petrov, Mate Farkas,
                    Pal D. Mezei, and Reka A. Horvath
 
        Department of Physical Chemistry and Materials Science
            Budapest University of Technology and Economics
                  Budapest P.O.Box 91, H-1521 Hungary
 
                              www.mrcc.hu
 
                      Release date: March 18, 2022

 ************************ 2023-02-05 13:12:27 *************************
 Executing minp...

 Reading input from MINP...
 
 Input file:
 
calc=FNO-CCSD(T)
verbosity=3
mem=220GB
unit=angs
scfiguess=small
scfalg=locfit1
ccmaxit=400
ccsdalg=dfdirect
ccsdthreads=4
ccsdmkl=thr
ptthreads=4
lnoepsv=1e-5
naf_cor=1e-2
basis=aug-cc-pVQZ
basis_sm=def2-SVP
dfbasis_scf=def2-QZVPP-RI-JK
dfbasis_cor=aug-cc-pVQZ-RI
unit=angs
geom=xyz
16

C    34.41670262    34.07107264    10.41543014
C    33.11117461    33.45680459    10.91530835
H    34.24160149    35.00442132     9.86225048
H    34.94674030    33.36940783     9.75379242
H    35.10002891    34.30603621    11.24227357
H    32.42643037    33.26105434    10.07939442
H    32.59136835    34.12756100    11.61262818
H    33.28915165    32.50678735    11.43686767
C    34.41672034    46.73257559    10.41548088
C    33.11116301    46.11828004    10.91529140
H    34.24151778    47.66601471     9.86250154
H    34.94669279    46.03070320     9.75399090
H    35.10030311    46.96765980    11.24209422
H    32.42628860    45.92238203    10.07951373
H    32.59132561    46.78921263    11.61243196
H    33.28922462    45.16817730    11.43663402

--------------------Output has been truncated-------------------------


--------------------Output has been truncated-------------------------


--------------------Output has been truncated-------------------------


--------------------Output has been truncated-------------------------


--------------------Output has been truncated-------------------------


--------------------Output has been truncated-------------------------


--------------------Output has been truncated-------------------------


--------------------Output has been truncated-------------------------


--------------------Output has been truncated-------------------------


--------------------Output has been truncated-------------------------


 
 Reference energy [au]:                       -79.264437048789
 DF-MP2 singlet pair energy [au]:              -0.317722354786
 DF-MP2 triplet pair energy [au]:              -0.076906323072
 DF-SCS-MP2 correlation energy [au]:           -0.406902266767
 DF-SCS-MP2 energy [au]:                      -79.671339315556
 DF-SOS-MP2 correlation energy [au]:           -0.413039061222
 DF-SOS-MP2 energy [au]:                      -79.677476110011
 DF-MP2 correlation energy [au]:               -0.394628677858
 DF-MP2 energy [au]:                          -79.659065726647

 Results in FNO basis:
 
 
 Reference energy [au]:                       -79.264437048789
 DF-MP2 singlet pair energy [au]:              -0.312548752781
 DF-MP2 triplet pair energy [au]:              -0.076620439147
 DF-SCS-MP2 correlation energy [au]:           -0.400598649720
 DF-SCS-MP2 energy [au]:                      -79.665035698509
 DF-SOS-MP2 correlation energy [au]:           -0.406313378616
 DF-SOS-MP2 energy [au]:                      -79.670750427405
 DF-MP2 correlation energy [au]:               -0.389169191928
 DF-MP2 energy [au]:                          -79.653606240717

 Results in NAF basis:
 
 
 Reference energy [au]:                       -79.264437048789
 DF-MP2 singlet pair energy [au]:              -0.312527790708
 DF-MP2 triplet pair energy [au]:              -0.076628445636
 DF-SCS-MP2 correlation energy [au]:           -0.400576164062
 DF-SCS-MP2 energy [au]:                      -79.665013212851
 DF-SOS-MP2 correlation energy [au]:           -0.406286127921
 DF-SOS-MP2 energy [au]:                      -79.670723176710
 DF-MP2 correlation energy [au]:               -0.389156236344
 DF-MP2 energy [au]:                          -79.653593285133

 ************************ 2023-02-05 13:13:58 *************************
 Executing ccsd...

 Allocation of 220.0 Gbytes of memory...

 Direct DF-CCSD(T) calculation
 
 Convergence criterion:  1.0E-06
 
 Number of occupied/virtual/auxiliary orbitals:     7   175   551
    851.32 MB is the minimal memory requirement for (T)
    190.43 MB is the minimal memory requirement for CCSD
 
 Reference energy [au]:             -79.264437048789
 T1 contribution [au]:                0.000000000000
 Same spin MP2 energy [au]:          -0.076624439828
 Opposite spin MP2 energy [au]:      -0.312538267037
 MP2 correlation energy [au]:        -0.389162706866
 Total MP2 energy [au]:             -79.653599755655
 MP2 correction [au]:                -0.005465970992
 
 
 CPU time [min]:     0.401                   Wall time [min]:     0.050
 
 Starting CCSD iterations...
 
                     Residual norm          Energy
 Iteration  1        0.179604442405      -79.671512680588
 Iteration  2        0.044511310868      -79.681094842737
 Iteration  3        0.013089810150      -79.682230567297
 Iteration  4        0.002650289632      -79.682237790026
 Iteration  5        0.000560968347      -79.682243655283
 Iteration  6        0.000156931287      -79.682245706138
 Iteration  7        0.000037096197      -79.682245481083
 Iteration  8        0.000009998708      -79.682245844971
 
 CCSD iteration has converged in  8 steps.
     3804.92 MB memory was utilized by CCSD
 
 T1 diagnostic:      8.231E-03            D1 diagnostic:      1.428E-02
 
 T1 contribution [au]:                                  0.000000000000
 PPL energy contribution [au]:                          0.108935370033
 Scaled PPL energy contribution [au]:                   0.110475103272

 OS-PPL energy contribution [au]:                       0.095542163497
 Scaled OS-PPL energy contribution [au]:                0.097137079013
 SS-PPL energy contribution [au]:                       0.013393206537
 Scaled SS-PPL energy contribution [au]:                0.013441284058

 Opposite spin CCSD energy [au]:                       -0.345140111289
 Same spin CCSD energy [au]:                           -0.072676437622
 CCSD correlation energy [au]:                         -0.417816548911
 CCSD correlation energy + MP2 correction [au]:        -0.423282519903
 CCSD correlation energy + MP2 + PPL corr. [au]:       -0.421742786665
 Total CCSD energy [au]:                              -79.682253597700
 Total CCSD energy + MP2 correction [au]:             -79.687719568692
 Total CCSD energy + MP2 + PPL corr. [au]:            -79.686179835454
 
 CPU time [min]:     6.368                   Wall time [min]:     0.233
 
 Calculation of (T) correction...
 
 
      783.34 MB memory is utilized for (T)

 0%       25%       50%       75%       100%
 |---------|---------|---------|---------| 
 
 (T) correction [au]:                                    -0.014762652537
 (T*) correction [au]:                                   -0.014970000850
 (T+) correction [au]:                                   -0.014966469395
 CCSD(T) correlation energy [au]:                        -0.432579201449
 CCSD(T) correlation energy + MP2 correction [au]:       -0.438045172441
 CCSD(T+) correlation en. + MP2 + PPL corr. [au]:        -0.436709256060
 Total CCSD(T) energy [au]:                             -79.697016250238
 Total CCSD(T) energy + MP2 correction [au]:            -79.702482221230
 Total CCSD(T+) energy + MP2 + PPL corr. [au]:          -79.701146304849
 
 CPU time [min]:     8.079                   Wall time [min]:     0.290
 
 ************************ 2023-02-05 13:14:16 *************************
                      Normal termination of mrcc.
 **********************************************************************
