 **********************************************************************
                          MRCC program system
 **********************************************************************
 
                              Written by
     Mihaly Kallay, Peter R. Nagy, David Mester, Laszlo Gyevi-Nagy,
        Jozsef Csoka, P. Bernat Szabo, Zoltan Rolik, Gyula Samu,
     Jozsef Csontos, Bence Hegely, Adam Ganyecz, Istvan Ladjanszki,
       Lorant Szegedy, Bence Ladoczki, Klara Petrov, Mate Farkas,
                    Pal D. Mezei, and Reka A. Horvath
 
        Department of Physical Chemistry and Materials Science
            Budapest University of Technology and Economics
                  Budapest P.O.Box 91, H-1521 Hungary
 
                              www.mrcc.hu
 
                      Release date: March 18, 2022

 ************************ 2024-02-06 13:44:57 *************************
 Executing minp...

 Reading input from MINP...
 
 Input file:
 
calc=FNO-CCSD(T)
verbosity=3
mem=220GB
unit=angs
scfiguess=small
scfalg=locfit1
ccmaxit=400
ccsdalg=dfdirect
ccsdthreads=4
ccsdmkl=thr
ptthreads=4
lnoepsv=1e-5
naf_cor=1e-2
basis=aug-cc-pVTZ
basis_sm=def2-SVP
dfbasis_scf=def2-QZVPP-RI-JK
dfbasis_cor=aug-cc-pVTZ-RI
unit=angs
geom=xyz
12

H     6.99490617     7.23756519    16.25105594
H     5.55295574     6.60195460    16.39048342
O     6.47170340     6.40747381    16.13767208
H     9.87775989     5.47134921    16.26958622
H    11.33605388     6.06979352    16.39129416
O    10.42212875     6.28582631    16.13893456
H     7.56610137     4.92473053    16.26136841
H     8.17879292     3.47745490    16.43766050
O     8.38265406     4.38043644    16.14137534
H     9.33709402     7.82450804    16.25810800
H     8.70116862     9.27305031    16.31724160
O     8.50366513     8.33839294    16.13199788

--------------------Output has been truncated-------------------------


--------------------Output has been truncated-------------------------


--------------------Output has been truncated-------------------------


--------------------Output has been truncated-------------------------


--------------------Output has been truncated-------------------------


--------------------Output has been truncated-------------------------


--------------------Output has been truncated-------------------------


--------------------Output has been truncated-------------------------


--------------------Output has been truncated-------------------------


--------------------Output has been truncated-------------------------


 
 Reference energy [au]:                       -76.057958232707
 DF-MP2 singlet pair energy [au]:              -0.204956050051
 DF-MP2 triplet pair energy [au]:              -0.065565930363
 DF-SCS-MP2 correlation energy [au]:           -0.267802570182
 DF-SCS-MP2 energy [au]:                      -76.325760802889
 DF-SOS-MP2 correlation energy [au]:           -0.266442865066
 DF-SOS-MP2 energy [au]:                      -76.324401097773
 DF-MP2 correlation energy [au]:               -0.270521980414
 DF-MP2 energy [au]:                          -76.328480213121

 Results in FNO basis:
 
 
 Reference energy [au]:                       -76.057958232707
 DF-MP2 singlet pair energy [au]:              -0.204428501890
 DF-MP2 triplet pair energy [au]:              -0.065519278156
 DF-SCS-MP2 correlation energy [au]:           -0.267153961653
 DF-SCS-MP2 energy [au]:                      -76.325112194360
 DF-SOS-MP2 correlation energy [au]:           -0.265757052457
 DF-SOS-MP2 energy [au]:                      -76.323715285164
 DF-MP2 correlation energy [au]:               -0.269947780046
 DF-MP2 energy [au]:                          -76.327906012753

 Results in NAF basis:
 
 
 Reference energy [au]:                       -76.057958232707
 DF-MP2 singlet pair energy [au]:              -0.204373700124
 DF-MP2 triplet pair energy [au]:              -0.065568286133
 DF-SCS-MP2 correlation energy [au]:           -0.267104535527
 DF-SCS-MP2 energy [au]:                      -76.325062768234
 DF-SOS-MP2 correlation energy [au]:           -0.265685810162
 DF-SOS-MP2 energy [au]:                      -76.323644042868
 DF-MP2 correlation energy [au]:               -0.269941986258
 DF-MP2 energy [au]:                          -76.327900218964

 ************************ 2024-02-06 13:45:31 *************************
 Executing ccsd...

 Allocation of 220.0 Gbytes of memory...

 Direct DF-CCSD(T) calculation
 
 Convergence criterion:  1.0E-06
 
 Number of occupied/virtual/auxiliary orbitals:     4    62   164
     37.66 MB is the minimal memory requirement for (T)
     12.55 MB is the minimal memory requirement for CCSD
 
 Reference energy [au]:             -76.057958232707
 T1 contribution [au]:                0.000000000000
 Same spin MP2 energy [au]:          -0.065543713774
 Opposite spin MP2 energy [au]:      -0.204400929043
 MP2 correlation energy [au]:        -0.269944642817
 Total MP2 energy [au]:             -76.327902875524
 MP2 correction [au]:                -0.000577337597
 
 
 CPU time [min]:     0.067                   Wall time [min]:     0.004
 
 Starting CCSD iterations...
 
                     Residual norm          Energy
 Iteration  1        0.159631538495      -76.326352592580
 Iteration  2        0.035070971877      -76.331558245509
 Iteration  3        0.012901516541      -76.332823670719
 Iteration  4        0.002827603662      -76.332680987418
 Iteration  5        0.000843391129      -76.332711539903
 Iteration  6        0.000182180933      -76.332713122831
 Iteration  7        0.000041522633      -76.332712559834
 Iteration  8        0.000012390298      -76.332712420089
 Iteration  9        0.000003040764      -76.332712321725
 
 CCSD iteration has converged in  9 steps.
       71.26 MB memory was utilized by CCSD
 
 T1 diagnostic:      9.653E-03            D1 diagnostic:      2.051E-02
 
 T1 contribution [au]:                                  0.000000000000
 PPL energy contribution [au]:                          0.058384694526
 Scaled PPL energy contribution [au]:                   0.058510490525

 OS-PPL energy contribution [au]:                       0.048555920352
 Scaled OS-PPL energy contribution [au]:                0.048694433726
 SS-PPL energy contribution [au]:                       0.009828774174
 Scaled SS-PPL energy contribution [au]:                0.009828980067

 Opposite spin CCSD energy [au]:                       -0.216847057258
 Same spin CCSD energy [au]:                           -0.057918874796
 CCSD correlation energy [au]:                         -0.274765932054
 CCSD correlation energy + MP2 correction [au]:        -0.275343269651
 CCSD correlation energy + MP2 + PPL corr. [au]:       -0.275217473652
 Total CCSD energy [au]:                              -76.332724164761
 Total CCSD energy + MP2 correction [au]:             -76.333301502358
 Total CCSD energy + MP2 + PPL corr. [au]:            -76.333175706359
 
 CPU time [min]:     0.272                   Wall time [min]:     0.010
 
 Calculation of (T) correction...
 
 
       28.81 MB memory is utilized for (T)

 0%       25%       50%       75%       100%
 |---------|---------|---------|---------| 
 
 (T) correction [au]:                                    -0.008827259176
 (T*) correction [au]:                                   -0.008846138264
 (T+) correction [au]:                                   -0.008845872547
 CCSD(T) correlation energy [au]:                        -0.283593191230
 CCSD(T) correlation energy + MP2 correction [au]:       -0.284170528827
 CCSD(T+) correlation en. + MP2 + PPL corr. [au]:        -0.284063346199
 Total CCSD(T) energy [au]:                             -76.341551423937
 Total CCSD(T) energy + MP2 correction [au]:            -76.342128761533
 Total CCSD(T+) energy + MP2 + PPL corr. [au]:          -76.342021578906
 
 CPU time [min]:     0.308                   Wall time [min]:     0.011
 
 ************************ 2024-02-06 13:45:32 *************************
                      Normal termination of mrcc.
 **********************************************************************
