 **********************************************************************
                          MRCC program system
 **********************************************************************
 
                              Written by
     Mihaly Kallay, Peter R. Nagy, David Mester, Laszlo Gyevi-Nagy,
        Jozsef Csoka, P. Bernat Szabo, Zoltan Rolik, Gyula Samu,
     Jozsef Csontos, Bence Hegely, Adam Ganyecz, Istvan Ladjanszki,
       Lorant Szegedy, Bence Ladoczki, Klara Petrov, Mate Farkas,
                    Pal D. Mezei, and Reka A. Horvath
 
        Department of Physical Chemistry and Materials Science
            Budapest University of Technology and Economics
                  Budapest P.O.Box 91, H-1521 Hungary
 
                              www.mrcc.hu
 
                      Release date: March 18, 2022

 ************************ 2024-02-06 13:44:57 *************************
 Executing minp...

 Reading input from MINP...
 
 Input file:
 
calc=FNO-CCSD(T)
verbosity=3
mem=220GB
unit=angs
scfiguess=small
scfalg=locfit1
ccmaxit=400
ccsdalg=dfdirect
ccsdthreads=4
ccsdmkl=thr
ptthreads=4
lnoepsv=1e-5
naf_cor=1e-2
basis=aug-cc-pVQZ
basis_sm=def2-SVP
dfbasis_scf=def2-QZVPP-RI-JK
dfbasis_cor=aug-cc-pVQZ-RI
unit=angs
geom=xyz
12

H     6.99490617     7.23756519    16.25105594
H     5.55295574     6.60195460    16.39048342
O     6.47170340     6.40747381    16.13767208
H     9.87775989     5.47134921    16.26958622
H    11.33605388     6.06979352    16.39129416
O    10.42212875     6.28582631    16.13893456
H     7.56610137     4.92473053    16.26136841
H     8.17879292     3.47745490    16.43766050
O     8.38265406     4.38043644    16.14137534
H     9.33709402     7.82450804    16.25810800
H     8.70116862     9.27305031    16.31724160
O     8.50366513     8.33839294    16.13199788

--------------------Output has been truncated-------------------------


--------------------Output has been truncated-------------------------


--------------------Output has been truncated-------------------------


--------------------Output has been truncated-------------------------


--------------------Output has been truncated-------------------------


--------------------Output has been truncated-------------------------


--------------------Output has been truncated-------------------------


--------------------Output has been truncated-------------------------


--------------------Output has been truncated-------------------------


--------------------Output has been truncated-------------------------


 
 Reference energy [au]:                       -76.063168912077
 DF-MP2 singlet pair energy [au]:              -0.220112269872
 DF-MP2 triplet pair energy [au]:              -0.067581106492
 DF-SCS-MP2 correlation energy [au]:           -0.286661759344
 DF-SCS-MP2 energy [au]:                      -76.349830671421
 DF-SOS-MP2 correlation energy [au]:           -0.286145950834
 DF-SOS-MP2 energy [au]:                      -76.349314862911
 DF-MP2 correlation energy [au]:               -0.287693376364
 DF-MP2 energy [au]:                          -76.350862288442

 Results in FNO basis:
 
 
 Reference energy [au]:                       -76.063168912077
 DF-MP2 singlet pair energy [au]:              -0.218193804377
 DF-MP2 triplet pair energy [au]:              -0.067461803136
 DF-SCS-MP2 correlation energy [au]:           -0.284319832964
 DF-SCS-MP2 energy [au]:                      -76.347488745042
 DF-SOS-MP2 correlation energy [au]:           -0.283651945690
 DF-SOS-MP2 energy [au]:                      -76.346820857767
 DF-MP2 correlation energy [au]:               -0.285655607513
 DF-MP2 energy [au]:                          -76.348824519590

 Results in NAF basis:
 
 
 Reference energy [au]:                       -76.063168912077
 DF-MP2 singlet pair energy [au]:              -0.218182128719
 DF-MP2 triplet pair energy [au]:              -0.067466891791
 DF-SCS-MP2 correlation energy [au]:           -0.284307518393
 DF-SCS-MP2 energy [au]:                      -76.347476430470
 DF-SOS-MP2 correlation energy [au]:           -0.283636767334
 DF-SOS-MP2 energy [au]:                      -76.346805679412
 DF-MP2 correlation energy [au]:               -0.285649020510
 DF-MP2 energy [au]:                          -76.348817932587

 ************************ 2024-02-06 13:46:20 *************************
 Executing ccsd...

 Allocation of 220.0 Gbytes of memory...

 Direct DF-CCSD(T) calculation
 
 Convergence criterion:  1.0E-06
 
 Number of occupied/virtual/auxiliary orbitals:     4    84   246
     93.51 MB is the minimal memory requirement for (T)
     24.35 MB is the minimal memory requirement for CCSD
 
 Reference energy [au]:             -76.063168912077
 T1 contribution [au]:                0.000000000000
 Same spin MP2 energy [au]:          -0.067464345806
 Opposite spin MP2 energy [au]:      -0.218187963153
 MP2 correlation energy [au]:        -0.285652308958
 Total MP2 energy [au]:             -76.348821221036
 MP2 correction [au]:                -0.002041067406
 
 
 CPU time [min]:     0.153                   Wall time [min]:     0.007
 
 Starting CCSD iterations...
 
                     Residual norm          Energy
 Iteration  1        0.170255584388      -76.345392888073
 Iteration  2        0.038054558025      -76.350654611691
 Iteration  3        0.013018789798      -76.351860420508
 Iteration  4        0.002795925095      -76.351738176352
 Iteration  5        0.000864851703      -76.351768176501
 Iteration  6        0.000178125946      -76.351770132187
 Iteration  7        0.000043283288      -76.351769508122
 Iteration  8        0.000012266060      -76.351769444233
 Iteration  9        0.000003047758      -76.351769352798
 
 CCSD iteration has converged in  9 steps.
      220.24 MB memory was utilized by CCSD
 
 T1 diagnostic:      8.989E-03            D1 diagnostic:      1.847E-02
 
 T1 contribution [au]:                                  0.000000000000
 PPL energy contribution [au]:                          0.063185311772
 Scaled PPL energy contribution [au]:                   0.063640673331

 OS-PPL energy contribution [au]:                       0.052965041405
 Scaled OS-PPL energy contribution [au]:                0.053438178116
 SS-PPL energy contribution [au]:                       0.010220270367
 Scaled SS-PPL energy contribution [au]:                0.010237122540

 Opposite spin CCSD energy [au]:                       -0.228969443118
 Same spin CCSD energy [au]:                           -0.059634988321
 CCSD correlation energy [au]:                         -0.288604431439
 CCSD correlation energy + MP2 correction [au]:        -0.290645498845
 CCSD correlation energy + MP2 + PPL corr. [au]:       -0.290190137286
 Total CCSD energy [au]:                              -76.351773343517
 Total CCSD energy + MP2 correction [au]:             -76.353814410922
 Total CCSD energy + MP2 + PPL corr. [au]:            -76.353359049363
 
 CPU time [min]:     0.621                   Wall time [min]:     0.021
 
 Calculation of (T) correction...
 
 
       71.33 MB memory is utilized for (T)

 0%       25%       50%       75%       100%
 |---------|---------|---------|---------| 
 
 (T) correction [au]:                                    -0.009485836996
 (T*) correction [au]:                                   -0.009553616013
 (T+) correction [au]:                                   -0.009552303867
 CCSD(T) correlation energy [au]:                        -0.298090268435
 CCSD(T) correlation energy + MP2 correction [au]:       -0.300131335840
 CCSD(T+) correlation en. + MP2 + PPL corr. [au]:        -0.299742441153
 Total CCSD(T) energy [au]:                             -76.361259180512
 Total CCSD(T) energy + MP2 correction [au]:            -76.363300247918
 Total CCSD(T+) energy + MP2 + PPL corr. [au]:          -76.362911353231
 
 CPU time [min]:     0.712                   Wall time [min]:     0.023
 
 ************************ 2024-02-06 13:46:21 *************************
                      Normal termination of mrcc.
 **********************************************************************
