 **********************************************************************
                          MRCC program system
 **********************************************************************
 
                              Written by
     Mihaly Kallay, Peter R. Nagy, David Mester, Laszlo Gyevi-Nagy,
        Jozsef Csoka, P. Bernat Szabo, Zoltan Rolik, Gyula Samu,
     Jozsef Csontos, Bence Hegely, Adam Ganyecz, Istvan Ladjanszki,
       Lorant Szegedy, Bence Ladoczki, Klara Petrov, Mate Farkas,
                    Pal D. Mezei, and Reka A. Horvath
 
        Department of Physical Chemistry and Materials Science
            Budapest University of Technology and Economics
                  Budapest P.O.Box 91, H-1521 Hungary
 
                              www.mrcc.hu
 
                      Release date: March 18, 2022

 ************************ 2023-02-05 13:27:43 *************************
 Executing minp...

 Reading input from MINP...
 
 Input file:
 
calc=FNO-CCSD(T)
verbosity=3
mem=220GB
unit=angs
scfiguess=small
scfalg=locfit1
ccmaxit=400
ccsdalg=dfdirect
ccsdthreads=4
ccsdmkl=thr
ptthreads=4
lnoepsv=1e-5
naf_cor=1e-2
basis=aug-cc-pVQZ
basis_sm=def2-SVP
dfbasis_scf=def2-QZVPP-RI-JK
dfbasis_cor=aug-cc-pVQZ-RI
unit=angs
geom=xyz
16

C    34.41670262    34.07107264    10.41543014
C    33.11117461    33.45680459    10.91530835
H    34.24160149    35.00442132     9.86225048
H    34.94674030    33.36940783     9.75379242
H    35.10002891    34.30603621    11.24227357
H    32.42643037    33.26105434    10.07939442
H    32.59136835    34.12756100    11.61262818
H    33.28915165    32.50678735    11.43686767
C    17.53473331    25.63008798    10.41543014
C    16.22920530    25.01581994    10.91530835
H    17.35963218    26.56343667     9.86225048
H    18.06477099    24.92842317     9.75379242
H    18.21805960    25.86505155    11.24227357
H    15.54446106    24.82006969    10.07939442
H    15.70939904    25.68657634    11.61262818
H    16.40718234    24.06580270    11.43686767

--------------------Output has been truncated-------------------------


--------------------Output has been truncated-------------------------


--------------------Output has been truncated-------------------------


--------------------Output has been truncated-------------------------


--------------------Output has been truncated-------------------------


--------------------Output has been truncated-------------------------


--------------------Output has been truncated-------------------------


--------------------Output has been truncated-------------------------


--------------------Output has been truncated-------------------------


--------------------Output has been truncated-------------------------


 
 Reference energy [au]:                       -79.264437034684
 DF-MP2 singlet pair energy [au]:              -0.317722280913
 DF-MP2 triplet pair energy [au]:              -0.076906315269
 DF-SCS-MP2 correlation energy [au]:           -0.406902175519
 DF-SCS-MP2 energy [au]:                      -79.671339210203
 DF-SOS-MP2 correlation energy [au]:           -0.413038965187
 DF-SOS-MP2 energy [au]:                      -79.677475999871
 DF-MP2 correlation energy [au]:               -0.394628596182
 DF-MP2 energy [au]:                          -79.659065630866

 Results in FNO basis:
 
 
 Reference energy [au]:                       -79.264437034684
 DF-MP2 singlet pair energy [au]:              -0.312548720781
 DF-MP2 triplet pair energy [au]:              -0.076620434251
 DF-SCS-MP2 correlation energy [au]:           -0.400598609687
 DF-SCS-MP2 energy [au]:                      -79.665035644371
 DF-SOS-MP2 correlation energy [au]:           -0.406313337015
 DF-SOS-MP2 energy [au]:                      -79.670750371699
 DF-MP2 correlation energy [au]:               -0.389169155032
 DF-MP2 energy [au]:                          -79.653606189716

 Results in NAF basis:
 
 
 Reference energy [au]:                       -79.264437034684
 DF-MP2 singlet pair energy [au]:              -0.312527758572
 DF-MP2 triplet pair energy [au]:              -0.076628440732
 DF-SCS-MP2 correlation energy [au]:           -0.400576123864
 DF-SCS-MP2 energy [au]:                      -79.665013158548
 DF-SOS-MP2 correlation energy [au]:           -0.406286086144
 DF-SOS-MP2 energy [au]:                      -79.670723120828
 DF-MP2 correlation energy [au]:               -0.389156199305
 DF-MP2 energy [au]:                          -79.653593233989

 ************************ 2023-02-05 13:29:08 *************************
 Executing ccsd...

 Allocation of 220.0 Gbytes of memory...

 Direct DF-CCSD(T) calculation
 
 Convergence criterion:  1.0E-06
 
 Number of occupied/virtual/auxiliary orbitals:     7   175   551
    851.32 MB is the minimal memory requirement for (T)
    190.43 MB is the minimal memory requirement for CCSD
 
 Reference energy [au]:             -79.264437034684
 T1 contribution [au]:                0.000000000000
 Same spin MP2 energy [au]:          -0.076624434929
 Opposite spin MP2 energy [au]:      -0.312538234969
 MP2 correlation energy [au]:        -0.389162669898
 Total MP2 energy [au]:             -79.653599704582
 MP2 correction [au]:                -0.005465926284
 
 
 CPU time [min]:     0.402                   Wall time [min]:     0.050
 
 Starting CCSD iterations...
 
                     Residual norm          Energy
 Iteration  1        0.179604438093      -79.671512632403
 Iteration  2        0.044511305923      -79.681094794429
 Iteration  3        0.013089806742      -79.682230518541
 Iteration  4        0.002650289382      -79.682237741233
 Iteration  5        0.000560968237      -79.682243606485
 Iteration  6        0.000156931253      -79.682245657337
 Iteration  7        0.000037096191      -79.682245432282
 Iteration  8        0.000009998706      -79.682245796170
 
 CCSD iteration has converged in  8 steps.
     3804.92 MB memory was utilized by CCSD
 
 T1 diagnostic:      8.231E-03            D1 diagnostic:      1.428E-02
 
 T1 contribution [au]:                                  0.000000000000
 PPL energy contribution [au]:                          0.108935350700
 Scaled PPL energy contribution [au]:                   0.110475071369

 OS-PPL energy contribution [au]:                       0.095542145817
 Scaled OS-PPL energy contribution [au]:                0.097137048515
 SS-PPL energy contribution [au]:                       0.013393204883
 Scaled SS-PPL energy contribution [au]:                0.013441281899

 Opposite spin CCSD energy [au]:                       -0.345140081186
 Same spin CCSD energy [au]:                           -0.072676433113
 CCSD correlation energy [au]:                         -0.417816514299
 CCSD correlation energy + MP2 correction [au]:        -0.423282440583
 CCSD correlation energy + MP2 + PPL corr. [au]:       -0.421742719914
 Total CCSD energy [au]:                              -79.682253548983
 Total CCSD energy + MP2 correction [au]:             -79.687719475267
 Total CCSD energy + MP2 + PPL corr. [au]:            -79.686179754598
 
 CPU time [min]:     6.527                   Wall time [min]:     0.238
 
 Calculation of (T) correction...
 
 
      783.34 MB memory is utilized for (T)

 0%       25%       50%       75%       100%
 |---------|---------|---------|---------| 
 
 (T) correction [au]:                                    -0.014762649836
 (T*) correction [au]:                                   -0.014969996434
 (T+) correction [au]:                                   -0.014966465003
 CCSD(T) correlation energy [au]:                        -0.432579164135
 CCSD(T) correlation energy + MP2 correction [au]:       -0.438045090419
 CCSD(T+) correlation en. + MP2 + PPL corr. [au]:        -0.436709184917
 Total CCSD(T) energy [au]:                             -79.697016198819
 Total CCSD(T) energy + MP2 correction [au]:            -79.702482125103
 Total CCSD(T+) energy + MP2 + PPL corr. [au]:          -79.701146219601
 
 CPU time [min]:     8.244                   Wall time [min]:     0.295
 
 ************************ 2023-02-05 13:29:26 *************************
                      Normal termination of mrcc.
 **********************************************************************
