 **********************************************************************
                          MRCC program system
 **********************************************************************
 
                              Written by
     Mihaly Kallay, Peter R. Nagy, David Mester, Laszlo Gyevi-Nagy,
        Jozsef Csoka, P. Bernat Szabo, Zoltan Rolik, Gyula Samu,
     Jozsef Csontos, Bence Hegely, Adam Ganyecz, Istvan Ladjanszki,
       Lorant Szegedy, Bence Ladoczki, Klara Petrov, Mate Farkas,
                    Pal D. Mezei, and Reka A. Horvath
 
        Department of Physical Chemistry and Materials Science
            Budapest University of Technology and Economics
                  Budapest P.O.Box 91, H-1521 Hungary
 
                              www.mrcc.hu
 
                      Release date: March 18, 2022

 ************************ 2023-02-05 13:30:00 *************************
 Executing minp...

 Reading input from MINP...
 
 Input file:
 
calc=FNO-CCSD(T)
verbosity=3
mem=220GB
unit=angs
scfiguess=small
scfalg=locfit1
ccmaxit=400
ccsdalg=dfdirect
ccsdthreads=4
ccsdmkl=thr
ptthreads=4
lnoepsv=1e-5
naf_cor=1e-2
basis=aug-cc-pVTZ
basis_sm=def2-SVP
dfbasis_scf=def2-QZVPP-RI-JK
dfbasis_cor=aug-cc-pVTZ-RI
unit=angs
geom=xyz
16

C    34.41670262    34.07107264    10.41543014
C    33.11117461    33.45680459    10.91530835
H    34.24160149    35.00442132     9.86225048
H    34.94674030    33.36940783     9.75379242
H    35.10002891    34.30603621    11.24227357
H    32.42643037    33.26105434    10.07939442
H    32.59136835    34.12756100    11.61262818
H    33.28915165    32.50678735    11.43686767
C    25.97571797    42.51205729    10.41543014
C    24.67018996    41.89778925    10.91530835
H    25.80061684    43.44540598     9.86225048
H    26.50575565    41.81039248     9.75379242
H    26.65904426    42.74702086    11.24227357
H    23.98544572    41.70203900    10.07939442
H    24.15038370    42.56854565    11.61262818
H    24.84816699    40.94777201    11.43686767

--------------------Output has been truncated-------------------------


--------------------Output has been truncated-------------------------


--------------------Output has been truncated-------------------------


--------------------Output has been truncated-------------------------


--------------------Output has been truncated-------------------------


--------------------Output has been truncated-------------------------


--------------------Output has been truncated-------------------------


--------------------Output has been truncated-------------------------


--------------------Output has been truncated-------------------------


--------------------Output has been truncated-------------------------


 
 Reference energy [au]:                       -79.259550528487
 DF-MP2 singlet pair energy [au]:              -0.300254661716
 DF-MP2 triplet pair energy [au]:              -0.075031502725
 DF-SCS-MP2 correlation energy [au]:           -0.385316094968
 DF-SCS-MP2 energy [au]:                      -79.644866623455
 DF-SOS-MP2 correlation energy [au]:           -0.390331060231
 DF-SOS-MP2 energy [au]:                      -79.649881588719
 DF-MP2 correlation energy [au]:               -0.375286164441
 DF-MP2 energy [au]:                          -79.634836692929

 Results in FNO basis:
 
 
 Reference energy [au]:                       -79.259550528487
 DF-MP2 singlet pair energy [au]:              -0.299084405166
 DF-MP2 triplet pair energy [au]:              -0.074925231200
 DF-SCS-MP2 correlation energy [au]:           -0.383876363265
 DF-SCS-MP2 energy [au]:                      -79.643426891753
 DF-SOS-MP2 correlation energy [au]:           -0.388809726715
 DF-SOS-MP2 energy [au]:                      -79.648360255203
 DF-MP2 correlation energy [au]:               -0.374009636366
 DF-MP2 energy [au]:                          -79.633560164853

 Results in NAF basis:
 
 
 Reference energy [au]:                       -79.259550528487
 DF-MP2 singlet pair energy [au]:              -0.299023673694
 DF-MP2 triplet pair energy [au]:              -0.074964276089
 DF-SCS-MP2 correlation energy [au]:           -0.383816500462
 DF-SCS-MP2 energy [au]:                      -79.643367028950
 DF-SOS-MP2 correlation energy [au]:           -0.388730775802
 DF-SOS-MP2 energy [au]:                      -79.648281304289
 DF-MP2 correlation energy [au]:               -0.373987949783
 DF-MP2 energy [au]:                          -79.633538478270

 ************************ 2023-02-05 13:30:30 *************************
 Executing ccsd...

 Allocation of 220.0 Gbytes of memory...

 Direct DF-CCSD(T) calculation
 
 Convergence criterion:  1.0E-06
 
 Number of occupied/virtual/auxiliary orbitals:     7   139   378
    421.21 MB is the minimal memory requirement for (T)
     94.89 MB is the minimal memory requirement for CCSD
 
 Reference energy [au]:             -79.259550528487
 T1 contribution [au]:                0.000000000000
 Same spin MP2 energy [au]:          -0.074944694463
 Opposite spin MP2 energy [au]:      -0.299053868610
 MP2 correlation energy [au]:        -0.373998563073
 Total MP2 energy [au]:             -79.633549091560
 MP2 correction [au]:                -0.001287601369
 
 
 CPU time [min]:     0.320                   Wall time [min]:     0.016
 
 Starting CCSD iterations...
 
                     Residual norm          Energy
 Iteration  1        0.170712268902      -79.654477637500
 Iteration  2        0.042453549534      -79.664042559112
 Iteration  3        0.011296564075      -79.664998608441
 Iteration  4        0.002548545263      -79.665006929871
 Iteration  5        0.000536665700      -79.665012136491
 Iteration  6        0.000152292121      -79.665015214107
 Iteration  7        0.000036257672      -79.665014998811
 Iteration  8        0.000009249100      -79.665015290446
 
 CCSD iteration has converged in  8 steps.
     1534.57 MB memory was utilized by CCSD
 
 T1 diagnostic:      7.816E-03            D1 diagnostic:      1.353E-02
 
 T1 contribution [au]:                                  0.000000000000
 PPL energy contribution [au]:                          0.102911586298
 Scaled PPL energy contribution [au]:                   0.103270318295

 OS-PPL energy contribution [au]:                       0.089961374122
 Scaled OS-PPL energy contribution [au]:                0.090332479266
 SS-PPL energy contribution [au]:                       0.012950212176
 Scaled SS-PPL energy contribution [au]:                0.012962039823

 Opposite spin CCSD energy [au]:                       -0.334284371038
 Same spin CCSD energy [au]:                           -0.071199058247
 CCSD correlation energy [au]:                         -0.405483429285
 CCSD correlation energy + MP2 correction [au]:        -0.406771030654
 CCSD correlation energy + MP2 + PPL corr. [au]:       -0.406412298658
 Total CCSD energy [au]:                              -79.665033957773
 Total CCSD energy + MP2 correction [au]:             -79.666321559142
 Total CCSD energy + MP2 + PPL corr. [au]:            -79.665962827145
 
 CPU time [min]:     2.715                   Wall time [min]:     0.087
 
 Calculation of (T) correction...
 
 
      388.93 MB memory is utilized for (T)

 0%       25%       50%       75%       100%
 |---------|---------|---------|---------| 
 
 (T) correction [au]:                                    -0.013958914428
 (T*) correction [au]:                                   -0.014006972145
 (T+) correction [au]:                                   -0.014006389758
 CCSD(T) correlation energy [au]:                        -0.419442343713
 CCSD(T) correlation energy + MP2 correction [au]:       -0.420729945082
 CCSD(T+) correlation en. + MP2 + PPL corr. [au]:        -0.420418688416
 Total CCSD(T) energy [au]:                             -79.678992872201
 Total CCSD(T) energy + MP2 correction [au]:            -79.680280473569
 Total CCSD(T+) energy + MP2 + PPL corr. [au]:          -79.679969216903
 
 CPU time [min]:     3.425                   Wall time [min]:     0.109
 
 ************************ 2023-02-05 13:30:37 *************************
                      Normal termination of mrcc.
 **********************************************************************
