 **********************************************************************
                          MRCC program system
 **********************************************************************
 
                              Written by
     Mihaly Kallay, Peter R. Nagy, David Mester, Laszlo Gyevi-Nagy,
        Jozsef Csoka, P. Bernat Szabo, Zoltan Rolik, Gyula Samu,
     Jozsef Csontos, Bence Hegely, Adam Ganyecz, Istvan Ladjanszki,
       Lorant Szegedy, Bence Ladoczki, Klara Petrov, Mate Farkas,
                    Pal D. Mezei, and Reka A. Horvath
 
        Department of Physical Chemistry and Materials Science
            Budapest University of Technology and Economics
                  Budapest P.O.Box 91, H-1521 Hungary
 
                              www.mrcc.hu
 
                      Release date: March 18, 2022

 ************************ 2023-02-05 13:12:27 *************************
 Executing minp...

 Reading input from MINP...
 
 Input file:
 
calc=FNO-CCSD(T)
verbosity=3
mem=220GB
unit=angs
scfiguess=small
scfalg=locfit1
ccmaxit=400
ccsdalg=dfdirect
ccsdthreads=4
ccsdmkl=thr
ptthreads=4
lnoepsv=1e-5
naf_cor=1e-2
basis=aug-cc-pVTZ
basis_sm=def2-SVP
dfbasis_scf=def2-QZVPP-RI-JK
dfbasis_cor=aug-cc-pVTZ-RI
unit=angs
geom=xyz
16

C    34.41670262    34.07107264    10.41543014
C    33.11117461    33.45680459    10.91530835
H    34.24160149    35.00442132     9.86225048
H    34.94674030    33.36940783     9.75379242
H    35.10002891    34.30603621    11.24227357
H    32.42643037    33.26105434    10.07939442
H    32.59136835    34.12756100    11.61262818
H    33.28915165    32.50678735    11.43686767
C    37.30146626    53.06349064    10.40840413
C    38.60118185    52.44965067    10.92356358
H    36.77618205    52.35929574     9.74574003
H    37.48351459    53.99444780     9.85293887
H    36.61042211    53.30409463    11.22701403
H    39.29509061    52.25299112    10.09557036
H    38.41693812    51.50012863    11.44395536
H    39.11327959    53.12124181    11.62583355

--------------------Output has been truncated-------------------------


--------------------Output has been truncated-------------------------


--------------------Output has been truncated-------------------------


--------------------Output has been truncated-------------------------


--------------------Output has been truncated-------------------------


--------------------Output has been truncated-------------------------


--------------------Output has been truncated-------------------------


--------------------Output has been truncated-------------------------


--------------------Output has been truncated-------------------------


--------------------Output has been truncated-------------------------


 
 Reference energy [au]:                      -158.519089218263
 DF-MP2 singlet pair energy [au]:              -0.600509622032
 DF-MP2 triplet pair energy [au]:              -0.150063458011
 DF-SCS-MP2 correlation energy [au]:           -0.770632699108
 DF-SCS-MP2 energy [au]:                     -159.289721917372
 DF-SOS-MP2 correlation energy [au]:           -0.780662508641
 DF-SOS-MP2 energy [au]:                     -159.299751726905
 DF-MP2 correlation energy [au]:               -0.750573080043
 DF-MP2 energy [au]:                         -159.269662298306

 Results in FNO basis:
 
 
 Reference energy [au]:                      -158.519089218263
 DF-MP2 singlet pair energy [au]:              -0.598169208587
 DF-MP2 triplet pair energy [au]:              -0.149850915120
 DF-SCS-MP2 correlation energy [au]:           -0.767753355344
 DF-SCS-MP2 energy [au]:                     -159.286842573607
 DF-SOS-MP2 correlation energy [au]:           -0.777619971163
 DF-SOS-MP2 energy [au]:                     -159.296709189426
 DF-MP2 correlation energy [au]:               -0.748020123706
 DF-MP2 energy [au]:                         -159.267109341970

 Results in NAF basis:
 
 
 Reference energy [au]:                      -158.519089218263
 DF-MP2 singlet pair energy [au]:              -0.598047717860
 DF-MP2 triplet pair energy [au]:              -0.149929014669
 DF-SCS-MP2 correlation energy [au]:           -0.767633599654
 DF-SCS-MP2 energy [au]:                     -159.286722817918
 DF-SOS-MP2 correlation energy [au]:           -0.777462033217
 DF-SOS-MP2 energy [au]:                     -159.296551251481
 DF-MP2 correlation energy [au]:               -0.747976732528
 DF-MP2 energy [au]:                         -159.267065950792

 ************************ 2023-02-05 13:13:09 *************************
 Executing ccsd...

 Allocation of 220.0 Gbytes of memory...

 Direct DF-CCSD(T) calculation
 
 Convergence criterion:  1.0E-06
 
 Number of occupied/virtual/auxiliary orbitals:    14   278   756
   3422.71 MB is the minimal memory requirement for (T)
    780.99 MB is the minimal memory requirement for CCSD
 
 Reference energy [au]:            -158.519089218263
 T1 contribution [au]:                0.000000000000
 Same spin MP2 energy [au]:          -0.149889846514
 Opposite spin MP2 energy [au]:      -0.598108121617
 MP2 correlation energy [au]:        -0.747997968131
 Total MP2 energy [au]:            -159.267087186395
 MP2 correction [au]:                -0.002575111912
 
 
 CPU time [min]:     0.906                   Wall time [min]:     0.132
 
 Starting CCSD iterations...
 
                     Residual norm          Energy
 Iteration  1        0.241423260803     -159.308944168169
 Iteration  2        0.060038609574     -159.328074192075
 Iteration  3        0.015975919644     -159.329986345453
 Iteration  4        0.003604224909     -159.330002982003
 Iteration  5        0.000758966835     -159.330013397815
 Iteration  6        0.000215375417     -159.330019552588
 Iteration  7        0.000051277078     -159.330019121862
 Iteration  8        0.000013080790     -159.330019705135
 Iteration  9        0.000002622724     -159.330019653086
 
 CCSD iteration has converged in  9 steps.
    23656.02 MB memory was utilized by CCSD
 
 T1 diagnostic:      7.817E-03            D1 diagnostic:      1.354E-02
 
 T1 contribution [au]:                                  0.000000000000
 PPL energy contribution [au]:                          0.205823694668
 Scaled PPL energy contribution [au]:                   0.206541137313

 OS-PPL energy contribution [au]:                       0.179923244753
 Scaled OS-PPL energy contribution [au]:                0.180665435245
 SS-PPL energy contribution [au]:                       0.025900449915
 Scaled SS-PPL energy contribution [au]:                0.025924103711

 Opposite spin CCSD energy [au]:                       -0.668569313372
 Same spin CCSD energy [au]:                           -0.142398473925
 CCSD correlation energy [au]:                         -0.810967787297
 CCSD correlation energy + MP2 correction [au]:        -0.813542899208
 CCSD correlation energy + MP2 + PPL corr. [au]:       -0.812825456564
 Total CCSD energy [au]:                             -159.330057005560
 Total CCSD energy + MP2 correction [au]:            -159.332632117472
 Total CCSD energy + MP2 + PPL corr. [au]:           -159.331914674827
 
 CPU time [min]:    53.627                   Wall time [min]:     1.786
 
 Calculation of (T) correction...
 
 
     4429.83 MB memory is utilized for (T)

 0%       25%       50%       75%       100%
 |---------|---------|---------|---------| 
 
 (T) correction [au]:                                    -0.027917927324
 (T*) correction [au]:                                   -0.028014039600
 (T+) correction [au]:                                   -0.028012875614
 CCSD(T) correlation energy [au]:                        -0.838885714620
 CCSD(T) correlation energy + MP2 correction [au]:       -0.841460826532
 CCSD(T+) correlation en. + MP2 + PPL corr. [au]:        -0.840838332177
 Total CCSD(T) energy [au]:                            -159.357974932884
 Total CCSD(T) energy + MP2 correction [au]:           -159.360550044795
 Total CCSD(T+) energy + MP2 + PPL corr. [au]:         -159.359927550441
 
 CPU time [min]:   111.512                   Wall time [min]:     3.482
 
 ************************ 2023-02-05 13:16:38 *************************
                      Normal termination of mrcc.
 **********************************************************************
