================================================================================
                                       INPUT FILE
================================================================================
NAME = orca.inp
|  1>  ! TightSCF RI-MP2 RIJCOSX SlowConv DIIS
|  2> %maxcore 45000
|  3> %pal
|  4> nprocs 4
|  5> end
|  6> %pointcharges "orca.bq"
|  7> %method
|  8> Method hf
|  9> RI on
| 10> RunTyp Energy
| 11> NewNCore O 2 end
| 12> NewNCore Mg 2 end
| 13> NewNCore H 0 end
| 14> NewNCore C 2 end
| 15> end
| 16> %basis
| 17> NewGTO Mg
| 18> "cc-pwCVDZ"
| 19> end
| 20> NewGTO H
| 21> "aug-cc-pVDZ"
| 22> end
| 23> NewGTO C
| 24> "aug-cc-pVDZ"
| 25> end
| 26> NewGTO O
| 27> "aug-cc-pVDZ"
| 28> end
| 29> NewAuxCGTO Mg
| 30> "AutoAux"
| 31> end
| 32> NewAuxCGTO H
| 33> "aug-cc-pVDZ/C"
| 34> end
| 35> NewAuxCGTO C
| 36> "aug-cc-pVDZ/C"
| 37> end
| 38> NewAuxCGTO O 
| 39> "aug-cc-pVDZ/C"
| 40> end
| 41> Aux "def2/J"
| 42> end
| 43> %scf
| 44> HFTyp rhf
| 45> Guess MORead
| 46> MOInp "orca_svp_start.gbw"
| 47> SCFMode Direct
| 48> sthresh 1e-6
| 49> AutoTRAHIter 60
| 50> MaxIter 1000
| 51> end
| 52> %coords
| 53> CTyp xyz
| 54> Mult 1
| 55> Units angs
| 56>       Charge -50
| 57>   coords
| 58> C:                     -0.33910713253    1.60292195353    2.96532185597
| 59> C:                      1.04985656193    1.43279463672    2.93467895755
| 60> C:                      1.59801545876    0.14316389128    2.96515979917
| 61> C:                      0.75703708750   -0.97347952178    3.03224961212
| 62> C:                     -0.63314671019   -0.80368479970    3.06673353550
| 63> C:                     -1.17970311025    0.48329447844    3.02876264428
| 64> H:                     -0.76758416466    2.60555284454    2.93800489373
| 65> H:                      1.70613171805    2.29987311932    2.87561613800
| 66> H:                      2.68143409125    0.01086575907    2.93615501889
| 67> H:                      1.18790527427   -1.97504563202    3.04868050352
| 68> H:                     -1.28962273507   -1.67317592306    3.10975902688
| 69> H:                     -2.26268083512    0.61879291577    3.04842472805
| 70> O                       0.00000000000    0.00000000000   -0.06789716672
| 71> Mg                      0.00079460994    0.00096040231   -2.15487535731
| 72> Mg                      0.00098669068    2.09692780104   -0.04306509639
| 73> Mg                      2.09724956284    0.00152139653   -0.04492224842
| 74> Mg                     -2.09757718332    0.00165234861   -0.05353146267
| 75> Mg                      0.00110139310   -2.09806104593   -0.05614143939
| 76> O                      -0.00095139338    2.11480098834   -2.16010432646
| 77> O                       2.11561024811   -0.00200911107   -2.16080290463
| 78> O                      -2.11614931900   -0.00159571734   -2.16147200463
| 79> O                      -0.00068217254   -2.11645514570   -2.16186147587
| 80> O                      -2.10983800665   -2.11063628138   -0.00493084481
| 81> O                       2.11118240079   -2.11309615211   -0.00914545412
| 82> O                      -2.11421745463    2.11174169334   -0.01302921665
| 83> O                       2.11669379448    2.11496386816   -0.02356284648
| 84> Mg                      2.10734003622    2.10653645430   -2.15143865533
| 85> Mg                     -2.10773819662    2.10708764492   -2.15086069572
| 86> Mg                      2.10803820483   -2.10823945290   -2.15077181457
| 87> Mg                     -2.10856535767   -2.10866176995   -2.15100033794
| 88> O                      -0.00085724698   -0.00141612598   -4.26715889003
| 89> O                      -0.00003616532    4.21742467025   -0.00042919107
| 90> O                      -4.21800022681   -0.00033520909   -0.00168475323
| 91> O                       4.21807696234   -0.00039388880    0.00000000000
| 92> O                      -0.00008268449   -4.21818948121   -0.00260936510
| 93> Mg                     -0.00085724698    2.10883063798   -4.26715889003
| 94> Mg                      2.10938951697   -0.00141612598   -4.26715889003
| 95> Mg                     -2.11110401093   -0.00141612598   -4.26715889003
| 96> Mg                     -0.00085724698   -2.11166288993   -4.26715889003
| 97> Mg                     -0.00057437763    4.21540711693   -2.15106507806
| 98> Mg                      4.21641975279   -0.00118510105   -2.15088564329
| 99> Mg                     -4.21818266993   -0.00091564127   -2.15115379996
|100> Mg                     -0.00038613740   -4.21887336364   -2.15133432364
|101> Mg                     -2.10943123842    4.21652726665   -0.06205416335
|102> Mg                      4.21727422839   -2.10953755145   -0.05973209106
|103> Mg                      2.10884068603    4.21766513330   -0.06603271525
|104> Mg                      4.21820057282    2.10855855076   -0.06487912943
|105> Mg                     -4.21813291779   -2.10897856623   -0.05820485644
|106> Mg                     -4.21860606338    2.10819828122   -0.06149447878
|107> Mg                     -2.10862237527   -4.21872356255   -0.05866730551
|108> Mg                      2.10848442173   -4.21927750053   -0.06047785419
|109> O                       2.10938951697    2.10883063798   -4.26715889003
|110> O                      -2.11110401093    2.10883063798   -4.26715889003
|111> O                       2.10938951697   -2.11166288993   -4.26715889003
|112> O                      -2.11110401093   -2.11166288993   -4.26715889003
|113> O                      -4.22132718659   -2.11166472153   -2.15632793177
|114> O                      -2.11130986438    4.22073661078   -2.15796471897
|115> O                       4.22101908991   -2.11186391729   -2.15704199272
|116> O                      -2.11103550888   -4.22171963070   -2.15669413052
|117> O                       2.11013351498   -4.22250403614   -2.15769036009
|118> O                      -4.22252005019    2.10956473235   -2.15830587562
|119> O                       2.11032322455    4.22197440845   -2.15982035039
|120> O                       4.22280274698    2.10969077245   -2.15987356768
|121> O                      -0.00085724698    4.21907740193   -4.26715889003
|122> O                       4.21963628093   -0.00141612598   -4.26715889003
|123> O                      -4.22135077489   -0.00141612598   -4.26715889003
|124> O                      -0.00085724698   -4.22190965389   -4.26715889003
|125> O                       4.22014372780    4.21964448162   -0.00730840244
|126> O                      -4.22104940200    4.21925226022   -0.00738406506
|127> O                      -4.22015214174   -4.22065074349   -0.00685776826
|128> O                       4.21963330511   -4.22145359714   -0.00683344014
|129> Mg                     -0.00049171034    6.32820015102   -0.05695475299
|130> Mg                      6.32918564337   -0.00091288363   -0.05693510820
|131> Mg                     -6.32992364746   -0.00088861298   -0.05658599661
|132> Mg                     -0.00047211424   -6.33065552430   -0.05641026926
|133> O                      -0.00085724698    2.10883063798   -6.37740565399
|134> O                       2.10938951697   -0.00141612598   -6.37740565399
|135> O                      -2.11110401093   -0.00141612598   -6.37740565399
|136> O                      -0.00085724698   -2.11166288993   -6.37740565399
|137> O                      -0.00085757702    6.32898797563   -2.15606075933
|138> O                       6.32958844518   -0.00146336206   -2.15619519493
|139> O                      -6.33062022279   -0.00129928211   -2.15632778431
|140> O                      -0.00071530949   -6.33126365901   -2.15531000713
|141> O                       2.10944048871    6.32894125965   -0.00825810653
|142> O                      -2.11043940826    6.32869797294   -0.00751081114
|143> O                       6.32935516473    2.10902531944   -0.00838170515
|144> O                       6.32951259916   -2.11095835838   -0.00707444751
|145> O                      -6.33026501213    2.10874911064   -0.00806383077
|146> O                      -6.33043435258   -2.11072557728   -0.00729711620
|147> O                       2.10940465870   -6.33116669175   -0.00785838787
|148> O                      -2.11040965990   -6.33092422227   -0.00748078189
|149> O                      -0.00069163171    8.43955067867   -0.00733359470
|150> O                       8.44044899876   -0.00119185887   -0.00736309753
|151> O                      -8.44152511287   -0.00119185887   -0.00736309753
|152> O                      -0.00069163171   -8.44242343297   -0.00733359470
|153> Mg>    2.00000000000   -0.00085724698   -0.00141612598   -6.37740565399
|154> NewECP
|155> N_core 0
|156> lmax f
|157> s 1
|158> 1      1.732000000   14.676000000 2
|159> p 1
|160> 1      1.115000000    5.175700000 2
|161> d 1
|162> 1      1.203000000   -1.816000000 2
|163> f 1
|164> 1      1.000000000    0.000000000 2
|165> end
|166> Mg>    2.00000000000    2.10938951697    4.21907740193   -4.26715889003
|167> NewECP
|168> N_core 0
|169> lmax f
|170> s 1
|171> 1      1.732000000   14.676000000 2
|172> p 1
|173> 1      1.115000000    5.175700000 2
|174> d 1
|175> 1      1.203000000   -1.816000000 2
|176> f 1
|177> 1      1.000000000    0.000000000 2
|178> end
|179> Mg>    2.00000000000    4.21963628093    2.10883063798   -4.26715889003
|180> NewECP
|181> N_core 0
|182> lmax f
|183> s 1
|184> 1      1.732000000   14.676000000 2
|185> p 1
|186> 1      1.115000000    5.175700000 2
|187> d 1
|188> 1      1.203000000   -1.816000000 2
|189> f 1
|190> 1      1.000000000    0.000000000 2
|191> end
|192> Mg>    2.00000000000   -2.11110401093    4.21907740193   -4.26715889003
|193> NewECP
|194> N_core 0
|195> lmax f
|196> s 1
|197> 1      1.732000000   14.676000000 2
|198> p 1
|199> 1      1.115000000    5.175700000 2
|200> d 1
|201> 1      1.203000000   -1.816000000 2
|202> f 1
|203> 1      1.000000000    0.000000000 2
|204> end
|205> Mg>    2.00000000000    4.21963628093   -2.11166288993   -4.26715889003
|206> NewECP
|207> N_core 0
|208> lmax f
|209> s 1
|210> 1      1.732000000   14.676000000 2
|211> p 1
|212> 1      1.115000000    5.175700000 2
|213> d 1
|214> 1      1.203000000   -1.816000000 2
|215> f 1
|216> 1      1.000000000    0.000000000 2
|217> end
|218> Mg>    2.00000000000   -4.22135077489    2.10883063798   -4.26715889003
|219> NewECP
|220> N_core 0
|221> lmax f
|222> s 1
|223> 1      1.732000000   14.676000000 2
|224> p 1
|225> 1      1.115000000    5.175700000 2
|226> d 1
|227> 1      1.203000000   -1.816000000 2
|228> f 1
|229> 1      1.000000000    0.000000000 2
|230> end
|231> Mg>    2.00000000000    2.10938951697   -4.22190965389   -4.26715889003
|232> NewECP
|233> N_core 0
|234> lmax f
|235> s 1
|236> 1      1.732000000   14.676000000 2
|237> p 1
|238> 1      1.115000000    5.175700000 2
|239> d 1
|240> 1      1.203000000   -1.816000000 2
|241> f 1
|242> 1      1.000000000    0.000000000 2
|243> end
|244> Mg>    2.00000000000   -4.22135077489   -2.11166288993   -4.26715889003
|245> NewECP
|246> N_core 0
|247> lmax f
|248> s 1
|249> 1      1.732000000   14.676000000 2
|250> p 1
|251> 1      1.115000000    5.175700000 2
|252> d 1
|253> 1      1.203000000   -1.816000000 2
|254> f 1
|255> 1      1.000000000    0.000000000 2
|256> end
|257> Mg>    2.00000000000   -2.11110401093   -4.22190965389   -4.26715889003
|258> NewECP
|259> N_core 0
|260> lmax f
|261> s 1
|262> 1      1.732000000   14.676000000 2
|263> p 1
|264> 1      1.115000000    5.175700000 2
|265> d 1
|266> 1      1.203000000   -1.816000000 2
|267> f 1
|268> 1      1.000000000    0.000000000 2
|269> end
|270> Mg>    2.00000000000    4.21984377748    4.21905519186   -2.15314124909
|271> NewECP
|272> N_core 0
|273> lmax f
|274> s 1
|275> 1      1.732000000   14.676000000 2
|276> p 1
|277> 1      1.115000000    5.175700000 2
|278> d 1
|279> 1      1.203000000   -1.816000000 2
|280> f 1
|281> 1      1.000000000    0.000000000 2
|282> end
|283> Mg>    2.00000000000   -4.22075438099    4.21877179430   -2.15207878808
|284> NewECP
|285> N_core 0
|286> lmax f
|287> s 1
|288> 1      1.732000000   14.676000000 2
|289> p 1
|290> 1      1.115000000    5.175700000 2
|291> d 1
|292> 1      1.203000000   -1.816000000 2
|293> f 1
|294> 1      1.000000000    0.000000000 2
|295> end
|296> Mg>    2.00000000000    4.21938792545   -4.22110803069   -2.15148757710
|297> NewECP
|298> N_core 0
|299> lmax f
|300> s 1
|301> 1      1.732000000   14.676000000 2
|302> p 1
|303> 1      1.115000000    5.175700000 2
|304> d 1
|305> 1      1.203000000   -1.816000000 2
|306> f 1
|307> 1      1.000000000    0.000000000 2
|308> end
|309> Mg>    2.00000000000   -4.22037056644   -4.22091933616   -2.15115615431
|310> NewECP
|311> N_core 0
|312> lmax f
|313> s 1
|314> 1      1.732000000   14.676000000 2
|315> p 1
|316> 1      1.115000000    5.175700000 2
|317> d 1
|318> 1      1.203000000   -1.816000000 2
|319> f 1
|320> 1      1.000000000    0.000000000 2
|321> end
|322> Mg>    2.00000000000    2.10938951697    2.10883063798   -6.37740565399
|323> NewECP
|324> N_core 0
|325> lmax f
|326> s 1
|327> 1      1.732000000   14.676000000 2
|328> p 1
|329> 1      1.115000000    5.175700000 2
|330> d 1
|331> 1      1.203000000   -1.816000000 2
|332> f 1
|333> 1      1.000000000    0.000000000 2
|334> end
|335> Mg>    2.00000000000   -2.11110401093    2.10883063798   -6.37740565399
|336> NewECP
|337> N_core 0
|338> lmax f
|339> s 1
|340> 1      1.732000000   14.676000000 2
|341> p 1
|342> 1      1.115000000    5.175700000 2
|343> d 1
|344> 1      1.203000000   -1.816000000 2
|345> f 1
|346> 1      1.000000000    0.000000000 2
|347> end
|348> Mg>    2.00000000000    2.10938951697   -2.11166288993   -6.37740565399
|349> NewECP
|350> N_core 0
|351> lmax f
|352> s 1
|353> 1      1.732000000   14.676000000 2
|354> p 1
|355> 1      1.115000000    5.175700000 2
|356> d 1
|357> 1      1.203000000   -1.816000000 2
|358> f 1
|359> 1      1.000000000    0.000000000 2
|360> end
|361> Mg>    2.00000000000   -2.11110401093   -2.11166288993   -6.37740565399
|362> NewECP
|363> N_core 0
|364> lmax f
|365> s 1
|366> 1      1.732000000   14.676000000 2
|367> p 1
|368> 1      1.115000000    5.175700000 2
|369> d 1
|370> 1      1.203000000   -1.816000000 2
|371> f 1
|372> 1      1.000000000    0.000000000 2
|373> end
|374> Mg>    2.00000000000   -2.11058076946    6.32913060260   -2.15159056822
|375> NewECP
|376> N_core 0
|377> lmax f
|378> s 1
|379> 1      1.732000000   14.676000000 2
|380> p 1
|381> 1      1.115000000    5.175700000 2
|382> d 1
|383> 1      1.203000000   -1.816000000 2
|384> f 1
|385> 1      1.000000000    0.000000000 2
|386> end
|387> Mg>    2.00000000000    2.10917816939    6.32963121808   -2.15240548814
|388> NewECP
|389> N_core 0
|390> lmax f
|391> s 1
|392> 1      1.732000000   14.676000000 2
|393> p 1
|394> 1      1.115000000    5.175700000 2
|395> d 1
|396> 1      1.203000000   -1.816000000 2
|397> f 1
|398> 1      1.000000000    0.000000000 2
|399> end
|400> Mg>    2.00000000000    6.32953174040   -2.11108471719   -2.15130814393
|401> NewECP
|402> N_core 0
|403> lmax f
|404> s 1
|405> 1      1.732000000   14.676000000 2
|406> p 1
|407> 1      1.115000000    5.175700000 2
|408> d 1
|409> 1      1.203000000   -1.816000000 2
|410> f 1
|411> 1      1.000000000    0.000000000 2
|412> end
|413> Mg>    2.00000000000    6.33028489980    2.10865364280   -2.15245685129
|414> NewECP
|415> N_core 0
|416> lmax f
|417> s 1
|418> 1      1.732000000   14.676000000 2
|419> p 1
|420> 1      1.115000000    5.175700000 2
|421> d 1
|422> 1      1.203000000   -1.816000000 2
|423> f 1
|424> 1      1.000000000    0.000000000 2
|425> end
|426> Mg>    2.00000000000   -6.33066315821   -2.11111066111   -2.15109479606
|427> NewECP
|428> N_core 0
|429> lmax f
|430> s 1
|431> 1      1.732000000   14.676000000 2
|432> p 1
|433> 1      1.115000000    5.175700000 2
|434> d 1
|435> 1      1.203000000   -1.816000000 2
|436> f 1
|437> 1      1.000000000    0.000000000 2
|438> end
|439> Mg>    2.00000000000   -6.33111724837    2.10881092020   -2.15186922441
|440> NewECP
|441> N_core 0
|442> lmax f
|443> s 1
|444> 1      1.732000000   14.676000000 2
|445> p 1
|446> 1      1.115000000    5.175700000 2
|447> d 1
|448> 1      1.203000000   -1.816000000 2
|449> f 1
|450> 1      1.000000000    0.000000000 2
|451> end
|452> Mg>    2.00000000000   -2.11044912265   -6.33121079988   -2.15117644609
|453> NewECP
|454> N_core 0
|455> lmax f
|456> s 1
|457> 1      1.732000000   14.676000000 2
|458> p 1
|459> 1      1.115000000    5.175700000 2
|460> d 1
|461> 1      1.203000000   -1.816000000 2
|462> f 1
|463> 1      1.000000000    0.000000000 2
|464> end
|465> Mg>    2.00000000000    2.10918513398   -6.33146028949   -2.15156124545
|466> NewECP
|467> N_core 0
|468> lmax f
|469> s 1
|470> 1      1.732000000   14.676000000 2
|471> p 1
|472> 1      1.115000000    5.175700000 2
|473> d 1
|474> 1      1.203000000   -1.816000000 2
|475> f 1
|476> 1      1.000000000    0.000000000 2
|477> end
|478> Mg>    2.00000000000   -0.00085724698    4.21907740193   -6.37740565399
|479> NewECP
|480> N_core 0
|481> lmax f
|482> s 1
|483> 1      1.732000000   14.676000000 2
|484> p 1
|485> 1      1.115000000    5.175700000 2
|486> d 1
|487> 1      1.203000000   -1.816000000 2
|488> f 1
|489> 1      1.000000000    0.000000000 2
|490> end
|491> Mg>    2.00000000000    4.21963628093   -0.00141612598   -6.37740565399
|492> NewECP
|493> N_core 0
|494> lmax f
|495> s 1
|496> 1      1.732000000   14.676000000 2
|497> p 1
|498> 1      1.115000000    5.175700000 2
|499> d 1
|500> 1      1.203000000   -1.816000000 2
|501> f 1
|502> 1      1.000000000    0.000000000 2
|503> end
|504> Mg>    2.00000000000   -4.22135077489   -0.00141612598   -6.37740565399
|505> NewECP
|506> N_core 0
|507> lmax f
|508> s 1
|509> 1      1.732000000   14.676000000 2
|510> p 1
|511> 1      1.115000000    5.175700000 2
|512> d 1
|513> 1      1.203000000   -1.816000000 2
|514> f 1
|515> 1      1.000000000    0.000000000 2
|516> end
|517> Mg>    2.00000000000   -0.00085724698   -4.22190965389   -6.37740565399
|518> NewECP
|519> N_core 0
|520> lmax f
|521> s 1
|522> 1      1.732000000   14.676000000 2
|523> p 1
|524> 1      1.115000000    5.175700000 2
|525> d 1
|526> 1      1.203000000   -1.816000000 2
|527> f 1
|528> 1      1.000000000    0.000000000 2
|529> end
|530> Mg>    2.00000000000   -0.00085724698    6.32932416589   -4.26715889003
|531> NewECP
|532> N_core 0
|533> lmax f
|534> s 1
|535> 1      1.732000000   14.676000000 2
|536> p 1
|537> 1      1.115000000    5.175700000 2
|538> d 1
|539> 1      1.203000000   -1.816000000 2
|540> f 1
|541> 1      1.000000000    0.000000000 2
|542> end
|543> Mg>    2.00000000000    6.32988304488   -0.00141612598   -4.26715889003
|544> NewECP
|545> N_core 0
|546> lmax f
|547> s 1
|548> 1      1.732000000   14.676000000 2
|549> p 1
|550> 1      1.115000000    5.175700000 2
|551> d 1
|552> 1      1.203000000   -1.816000000 2
|553> f 1
|554> 1      1.000000000    0.000000000 2
|555> end
|556> Mg>    2.00000000000   -6.33159753884   -0.00141612598   -4.26715889003
|557> NewECP
|558> N_core 0
|559> lmax f
|560> s 1
|561> 1      1.732000000   14.676000000 2
|562> p 1
|563> 1      1.115000000    5.175700000 2
|564> d 1
|565> 1      1.203000000   -1.816000000 2
|566> f 1
|567> 1      1.000000000    0.000000000 2
|568> end
|569> Mg>    2.00000000000   -0.00085724698   -6.33215641784   -4.26715889003
|570> NewECP
|571> N_core 0
|572> lmax f
|573> s 1
|574> 1      1.732000000   14.676000000 2
|575> p 1
|576> 1      1.115000000    5.175700000 2
|577> d 1
|578> 1      1.203000000   -1.816000000 2
|579> f 1
|580> 1      1.000000000    0.000000000 2
|581> end
|582> Mg>    2.00000000000    4.21955380438    6.32923569268   -0.05759670573
|583> NewECP
|584> N_core 0
|585> lmax f
|586> s 1
|587> 1      1.732000000   14.676000000 2
|588> p 1
|589> 1      1.115000000    5.175700000 2
|590> d 1
|591> 1      1.203000000   -1.816000000 2
|592> f 1
|593> 1      1.000000000    0.000000000 2
|594> end
|595> Mg>    2.00000000000   -4.22047041185    6.32893161482   -0.05715067923
|596> NewECP
|597> N_core 0
|598> lmax f
|599> s 1
|600> 1      1.732000000   14.676000000 2
|601> p 1
|602> 1      1.115000000    5.175700000 2
|603> d 1
|604> 1      1.203000000   -1.816000000 2
|605> f 1
|606> 1      1.000000000    0.000000000 2
|607> end
|608> Mg>    2.00000000000    6.32991130792    4.21902498953   -0.05752296833
|609> NewECP
|610> N_core 0
|611> lmax f
|612> s 1
|613> 1      1.732000000   14.676000000 2
|614> p 1
|615> 1      1.115000000    5.175700000 2
|616> d 1
|617> 1      1.203000000   -1.816000000 2
|618> f 1
|619> 1      1.000000000    0.000000000 2
|620> end
|621> Mg>    2.00000000000   -6.33071484286    4.21887416995   -0.05722824352
|622> NewECP
|623> N_core 0
|624> lmax f
|625> s 1
|626> 1      1.732000000   14.676000000 2
|627> p 1
|628> 1      1.115000000    5.175700000 2
|629> d 1
|630> 1      1.203000000   -1.816000000 2
|631> f 1
|632> 1      1.000000000    0.000000000 2
|633> end
|634> Mg>    2.00000000000    6.32955209960   -4.22078233199   -0.05690421137
|635> NewECP
|636> N_core 0
|637> lmax f
|638> s 1
|639> 1      1.732000000   14.676000000 2
|640> p 1
|641> 1      1.115000000    5.175700000 2
|642> d 1
|643> 1      1.203000000   -1.816000000 2
|644> f 1
|645> 1      1.000000000    0.000000000 2
|646> end
|647> Mg>    2.00000000000   -6.33034762846   -4.22054267221   -0.05694949262
|648> NewECP
|649> N_core 0
|650> lmax f
|651> s 1
|652> 1      1.732000000   14.676000000 2
|653> p 1
|654> 1      1.115000000    5.175700000 2
|655> d 1
|656> 1      1.203000000   -1.816000000 2
|657> f 1
|658> 1      1.000000000    0.000000000 2
|659> end
|660> Mg>    2.00000000000    4.21928419038   -6.33132240153   -0.05702291299
|661> NewECP
|662> N_core 0
|663> lmax f
|664> s 1
|665> 1      1.732000000   14.676000000 2
|666> p 1
|667> 1      1.115000000    5.175700000 2
|668> d 1
|669> 1      1.203000000   -1.816000000 2
|670> f 1
|671> 1      1.000000000    0.000000000 2
|672> end
|673> Mg>    2.00000000000   -4.22007628845   -6.33085044888   -0.05702444126
|674> NewECP
|675> N_core 0
|676> lmax f
|677> s 1
|678> 1      1.732000000   14.676000000 2
|679> p 1
|680> 1      1.115000000    5.175700000 2
|681> d 1
|682> 1      1.203000000   -1.816000000 2
|683> f 1
|684> 1      1.000000000    0.000000000 2
|685> end
|686> Mg>    2.00000000000    4.21963628093    4.21907740193   -6.37740565399
|687> NewECP
|688> N_core 0
|689> lmax f
|690> s 1
|691> 1      1.732000000   14.676000000 2
|692> p 1
|693> 1      1.115000000    5.175700000 2
|694> d 1
|695> 1      1.203000000   -1.816000000 2
|696> f 1
|697> 1      1.000000000    0.000000000 2
|698> end
|699> Mg>    2.00000000000   -4.22135077489    4.21907740193   -6.37740565399
|700> NewECP
|701> N_core 0
|702> lmax f
|703> s 1
|704> 1      1.732000000   14.676000000 2
|705> p 1
|706> 1      1.115000000    5.175700000 2
|707> d 1
|708> 1      1.203000000   -1.816000000 2
|709> f 1
|710> 1      1.000000000    0.000000000 2
|711> end
|712> Mg>    2.00000000000    4.21963628093   -4.22190965389   -6.37740565399
|713> NewECP
|714> N_core 0
|715> lmax f
|716> s 1
|717> 1      1.732000000   14.676000000 2
|718> p 1
|719> 1      1.115000000    5.175700000 2
|720> d 1
|721> 1      1.203000000   -1.816000000 2
|722> f 1
|723> 1      1.000000000    0.000000000 2
|724> end
|725> Mg>    2.00000000000   -4.22135077489   -4.22190965389   -6.37740565399
|726> NewECP
|727> N_core 0
|728> lmax f
|729> s 1
|730> 1      1.732000000   14.676000000 2
|731> p 1
|732> 1      1.115000000    5.175700000 2
|733> d 1
|734> 1      1.203000000   -1.816000000 2
|735> f 1
|736> 1      1.000000000    0.000000000 2
|737> end
|738> Mg>    2.00000000000    4.21963628093    6.32932416589   -4.26715889003
|739> NewECP
|740> N_core 0
|741> lmax f
|742> s 1
|743> 1      1.732000000   14.676000000 2
|744> p 1
|745> 1      1.115000000    5.175700000 2
|746> d 1
|747> 1      1.203000000   -1.816000000 2
|748> f 1
|749> 1      1.000000000    0.000000000 2
|750> end
|751> Mg>    2.00000000000    6.32988304488    4.21907740193   -4.26715889003
|752> NewECP
|753> N_core 0
|754> lmax f
|755> s 1
|756> 1      1.732000000   14.676000000 2
|757> p 1
|758> 1      1.115000000    5.175700000 2
|759> d 1
|760> 1      1.203000000   -1.816000000 2
|761> f 1
|762> 1      1.000000000    0.000000000 2
|763> end
|764> Mg>    2.00000000000   -4.22135077489    6.32932416589   -4.26715889003
|765> NewECP
|766> N_core 0
|767> lmax f
|768> s 1
|769> 1      1.732000000   14.676000000 2
|770> p 1
|771> 1      1.115000000    5.175700000 2
|772> d 1
|773> 1      1.203000000   -1.816000000 2
|774> f 1
|775> 1      1.000000000    0.000000000 2
|776> end
|777> Mg>    2.00000000000   -6.33159753884    4.21907740193   -4.26715889003
|778> NewECP
|779> N_core 0
|780> lmax f
|781> s 1
|782> 1      1.732000000   14.676000000 2
|783> p 1
|784> 1      1.115000000    5.175700000 2
|785> d 1
|786> 1      1.203000000   -1.816000000 2
|787> f 1
|788> 1      1.000000000    0.000000000 2
|789> end
|790> Mg>    2.00000000000    6.32988304488   -4.22190965389   -4.26715889003
|791> NewECP
|792> N_core 0
|793> lmax f
|794> s 1
|795> 1      1.732000000   14.676000000 2
|796> p 1
|797> 1      1.115000000    5.175700000 2
|798> d 1
|799> 1      1.203000000   -1.816000000 2
|800> f 1
|801> 1      1.000000000    0.000000000 2
|802> end
|803> Mg>    2.00000000000    4.21963628093   -6.33215641784   -4.26715889003
|804> NewECP
|805> N_core 0
|806> lmax f
|807> s 1
|808> 1      1.732000000   14.676000000 2
|809> p 1
|810> 1      1.115000000    5.175700000 2
|811> d 1
|812> 1      1.203000000   -1.816000000 2
|813> f 1
|814> 1      1.000000000    0.000000000 2
|815> end
|816> Mg>    2.00000000000   -6.33159753884   -4.22190965389   -4.26715889003
|817> NewECP
|818> N_core 0
|819> lmax f
|820> s 1
|821> 1      1.732000000   14.676000000 2
|822> p 1
|823> 1      1.115000000    5.175700000 2
|824> d 1
|825> 1      1.203000000   -1.816000000 2
|826> f 1
|827> 1      1.000000000    0.000000000 2
|828> end
|829> Mg>    2.00000000000   -4.22135077489   -6.33215641784   -4.26715889003
|830> NewECP
|831> N_core 0
|832> lmax f
|833> s 1
|834> 1      1.732000000   14.676000000 2
|835> p 1
|836> 1      1.115000000    5.175700000 2
|837> d 1
|838> 1      1.203000000   -1.816000000 2
|839> f 1
|840> 1      1.000000000    0.000000000 2
|841> end
|842> Mg>    2.00000000000   -0.00084743283    8.43987776452   -2.15098895276
|843> NewECP
|844> N_core 0
|845> lmax f
|846> s 1
|847> 1      1.732000000   14.676000000 2
|848> p 1
|849> 1      1.115000000    5.175700000 2
|850> d 1
|851> 1      1.203000000   -1.816000000 2
|852> f 1
|853> 1      1.000000000    0.000000000 2
|854> end
|855> Mg>    2.00000000000    8.44048945156   -0.00131016082   -2.15097355627
|856> NewECP
|857> N_core 0
|858> lmax f
|859> s 1
|860> 1      1.732000000   14.676000000 2
|861> p 1
|862> 1      1.115000000    5.175700000 2
|863> d 1
|864> 1      1.203000000   -1.816000000 2
|865> f 1
|866> 1      1.000000000    0.000000000 2
|867> end
|868> Mg>    2.00000000000   -8.44148466008   -0.00131016082   -2.15097355627
|869> NewECP
|870> N_core 0
|871> lmax f
|872> s 1
|873> 1      1.732000000   14.676000000 2
|874> p 1
|875> 1      1.115000000    5.175700000 2
|876> d 1
|877> 1      1.203000000   -1.816000000 2
|878> f 1
|879> 1      1.000000000    0.000000000 2
|880> end
|881> Mg>    2.00000000000   -0.00084743283   -8.44209634712   -2.15098895276
|882> NewECP
|883> N_core 0
|884> lmax f
|885> s 1
|886> 1      1.732000000   14.676000000 2
|887> p 1
|888> 1      1.115000000    5.175700000 2
|889> d 1
|890> 1      1.203000000   -1.816000000 2
|891> f 1
|892> 1      1.000000000    0.000000000 2
|893> end
|894> Mg>    2.00000000000    2.10925442071    8.43977753751   -0.05728956732
|895> NewECP
|896> N_core 0
|897> lmax f
|898> s 1
|899> 1      1.732000000   14.676000000 2
|900> p 1
|901> 1      1.115000000    5.175700000 2
|902> d 1
|903> 1      1.203000000   -1.816000000 2
|904> f 1
|905> 1      1.000000000    0.000000000 2
|906> end
|907> Mg>    2.00000000000   -2.11048740275    8.43983374175   -0.05704305872
|908> NewECP
|909> N_core 0
|910> lmax f
|911> s 1
|912> 1      1.732000000   14.676000000 2
|913> p 1
|914> 1      1.115000000    5.175700000 2
|915> d 1
|916> 1      1.203000000   -1.816000000 2
|917> f 1
|918> 1      1.000000000    0.000000000 2
|919> end
|920> Mg>    2.00000000000    8.44058203754    2.10884054881   -0.05715275424
|921> NewECP
|922> N_core 0
|923> lmax f
|924> s 1
|925> 1      1.732000000   14.676000000 2
|926> p 1
|927> 1      1.115000000    5.175700000 2
|928> d 1
|929> 1      1.203000000   -1.816000000 2
|930> f 1
|931> 1      1.000000000    0.000000000 2
|932> end
|933> Mg>    2.00000000000    8.44056712718   -2.11087243517   -0.05696963914
|934> NewECP
|935> N_core 0
|936> lmax f
|937> s 1
|938> 1      1.732000000   14.676000000 2
|939> p 1
|940> 1      1.115000000    5.175700000 2
|941> d 1
|942> 1      1.203000000   -1.816000000 2
|943> f 1
|944> 1      1.000000000    0.000000000 2
|945> end
|946> Mg>    2.00000000000   -8.44139207410    2.10884054881   -0.05715275424
|947> NewECP
|948> N_core 0
|949> lmax f
|950> s 1
|951> 1      1.732000000   14.676000000 2
|952> p 1
|953> 1      1.115000000    5.175700000 2
|954> d 1
|955> 1      1.203000000   -1.816000000 2
|956> f 1
|957> 1      1.000000000    0.000000000 2
|958> end
|959> Mg>    2.00000000000   -8.44140698445   -2.11087243517   -0.05696963914
|960> NewECP
|961> N_core 0
|962> lmax f
|963> s 1
|964> 1      1.732000000   14.676000000 2
|965> p 1
|966> 1      1.115000000    5.175700000 2
|967> d 1
|968> 1      1.203000000   -1.816000000 2
|969> f 1
|970> 1      1.000000000    0.000000000 2
|971> end
|972> Mg>    2.00000000000    2.10925442071   -8.44219657413   -0.05728956732
|973> NewECP
|974> N_core 0
|975> lmax f
|976> s 1
|977> 1      1.732000000   14.676000000 2
|978> p 1
|979> 1      1.115000000    5.175700000 2
|980> d 1
|981> 1      1.203000000   -1.816000000 2
|982> f 1
|983> 1      1.000000000    0.000000000 2
|984> end
|985> Mg>    2.00000000000   -2.11048740275   -8.44214036989   -0.05704305872
|986> NewECP
|987> N_core 0
|988> lmax f
|989> s 1
|990> 1      1.732000000   14.676000000 2
|991> p 1
|992> 1      1.115000000    5.175700000 2
|993> d 1
|994> 1      1.203000000   -1.816000000 2
|995> f 1
|996> 1      1.000000000    0.000000000 2
|997> end
|998> Mg>    2.00000000000    2.10938951697    6.32932416589   -6.37740565399
|999> NewECP
|1000> N_core 0
|1001> lmax f
|1002> s 1
|1003> 1      1.732000000   14.676000000 2
|1004> p 1
|1005> 1      1.115000000    5.175700000 2
|1006> d 1
|1007> 1      1.203000000   -1.816000000 2
|1008> f 1
|1009> 1      1.000000000    0.000000000 2
|1010> end
|1011> Mg>    2.00000000000    6.32988304488    2.10883063798   -6.37740565399
|1012> NewECP
|1013> N_core 0
|1014> lmax f
|1015> s 1
|1016> 1      1.732000000   14.676000000 2
|1017> p 1
|1018> 1      1.115000000    5.175700000 2
|1019> d 1
|1020> 1      1.203000000   -1.816000000 2
|1021> f 1
|1022> 1      1.000000000    0.000000000 2
|1023> end
|1024> Mg>    2.00000000000   -2.11110401093    6.32932416589   -6.37740565399
|1025> NewECP
|1026> N_core 0
|1027> lmax f
|1028> s 1
|1029> 1      1.732000000   14.676000000 2
|1030> p 1
|1031> 1      1.115000000    5.175700000 2
|1032> d 1
|1033> 1      1.203000000   -1.816000000 2
|1034> f 1
|1035> 1      1.000000000    0.000000000 2
|1036> end
|1037> Mg>    2.00000000000    6.32988304488   -2.11166288993   -6.37740565399
|1038> NewECP
|1039> N_core 0
|1040> lmax f
|1041> s 1
|1042> 1      1.732000000   14.676000000 2
|1043> p 1
|1044> 1      1.115000000    5.175700000 2
|1045> d 1
|1046> 1      1.203000000   -1.816000000 2
|1047> f 1
|1048> 1      1.000000000    0.000000000 2
|1049> end
|1050> Mg>    2.00000000000   -6.33159753884    2.10883063798   -6.37740565399
|1051> NewECP
|1052> N_core 0
|1053> lmax f
|1054> s 1
|1055> 1      1.732000000   14.676000000 2
|1056> p 1
|1057> 1      1.115000000    5.175700000 2
|1058> d 1
|1059> 1      1.203000000   -1.816000000 2
|1060> f 1
|1061> 1      1.000000000    0.000000000 2
|1062> end
|1063> Mg>    2.00000000000    2.10938951697   -6.33215641784   -6.37740565399
|1064> NewECP
|1065> N_core 0
|1066> lmax f
|1067> s 1
|1068> 1      1.732000000   14.676000000 2
|1069> p 1
|1070> 1      1.115000000    5.175700000 2
|1071> d 1
|1072> 1      1.203000000   -1.816000000 2
|1073> f 1
|1074> 1      1.000000000    0.000000000 2
|1075> end
|1076> Mg>    2.00000000000   -6.33159753884   -2.11166288993   -6.37740565399
|1077> NewECP
|1078> N_core 0
|1079> lmax f
|1080> s 1
|1081> 1      1.732000000   14.676000000 2
|1082> p 1
|1083> 1      1.115000000    5.175700000 2
|1084> d 1
|1085> 1      1.203000000   -1.816000000 2
|1086> f 1
|1087> 1      1.000000000    0.000000000 2
|1088> end
|1089> Mg>    2.00000000000   -2.11110401093   -6.33215641784   -6.37740565399
|1090> NewECP
|1091> N_core 0
|1092> lmax f
|1093> s 1
|1094> 1      1.732000000   14.676000000 2
|1095> p 1
|1096> 1      1.115000000    5.175700000 2
|1097> d 1
|1098> 1      1.203000000   -1.816000000 2
|1099> f 1
|1100> 1      1.000000000    0.000000000 2
|1101> end
|1102> Mg>    2.00000000000    6.32997998703    6.32957765378   -2.15127259464
|1103> NewECP
|1104> N_core 0
|1105> lmax f
|1106> s 1
|1107> 1      1.732000000   14.676000000 2
|1108> p 1
|1109> 1      1.115000000    5.175700000 2
|1110> d 1
|1111> 1      1.203000000   -1.816000000 2
|1112> f 1
|1113> 1      1.000000000    0.000000000 2
|1114> end
|1115> Mg>    2.00000000000   -6.33117993031    6.32944687445   -2.15118204781
|1116> NewECP
|1117> N_core 0
|1118> lmax f
|1119> s 1
|1120> 1      1.732000000   14.676000000 2
|1121> p 1
|1122> 1      1.115000000    5.175700000 2
|1123> d 1
|1124> 1      1.203000000   -1.816000000 2
|1125> f 1
|1126> 1      1.000000000    0.000000000 2
|1127> end
|1128> Mg>    2.00000000000    6.33012285549   -6.33165994395   -2.15114785457
|1129> NewECP
|1130> N_core 0
|1131> lmax f
|1132> s 1
|1133> 1      1.732000000   14.676000000 2
|1134> p 1
|1135> 1      1.115000000    5.175700000 2
|1136> d 1
|1137> 1      1.203000000   -1.816000000 2
|1138> f 1
|1139> 1      1.000000000    0.000000000 2
|1140> end
|1141> Mg>    2.00000000000   -6.33121489258   -6.33167415814   -2.15117097331
|1142> NewECP
|1143> N_core 0
|1144> lmax f
|1145> s 1
|1146> 1      1.732000000   14.676000000 2
|1147> p 1
|1148> 1      1.115000000    5.175700000 2
|1149> d 1
|1150> 1      1.203000000   -1.816000000 2
|1151> f 1
|1152> 1      1.000000000    0.000000000 2
|1153> end
|1154> Mg>    2.00000000000    2.10938951697    8.43957092984   -4.26715889003
|1155> NewECP
|1156> N_core 0
|1157> lmax f
|1158> s 1
|1159> 1      1.732000000   14.676000000 2
|1160> p 1
|1161> 1      1.115000000    5.175700000 2
|1162> d 1
|1163> 1      1.203000000   -1.816000000 2
|1164> f 1
|1165> 1      1.000000000    0.000000000 2
|1166> end
|1167> Mg>    2.00000000000   -2.11110401093    8.43957092984   -4.26715889003
|1168> NewECP
|1169> N_core 0
|1170> lmax f
|1171> s 1
|1172> 1      1.732000000   14.676000000 2
|1173> p 1
|1174> 1      1.115000000    5.175700000 2
|1175> d 1
|1176> 1      1.203000000   -1.816000000 2
|1177> f 1
|1178> 1      1.000000000    0.000000000 2
|1179> end
|1180> Mg>    2.00000000000    8.44012980884    2.10883063798   -4.26715889003
|1181> NewECP
|1182> N_core 0
|1183> lmax f
|1184> s 1
|1185> 1      1.732000000   14.676000000 2
|1186> p 1
|1187> 1      1.115000000    5.175700000 2
|1188> d 1
|1189> 1      1.203000000   -1.816000000 2
|1190> f 1
|1191> 1      1.000000000    0.000000000 2
|1192> end
|1193> Mg>    2.00000000000    8.44012980884   -2.11166288993   -4.26715889003
|1194> NewECP
|1195> N_core 0
|1196> lmax f
|1197> s 1
|1198> 1      1.732000000   14.676000000 2
|1199> p 1
|1200> 1      1.115000000    5.175700000 2
|1201> d 1
|1202> 1      1.203000000   -1.816000000 2
|1203> f 1
|1204> 1      1.000000000    0.000000000 2
|1205> end
|1206> Mg>    2.00000000000   -8.44184430280    2.10883063798   -4.26715889003
|1207> NewECP
|1208> N_core 0
|1209> lmax f
|1210> s 1
|1211> 1      1.732000000   14.676000000 2
|1212> p 1
|1213> 1      1.115000000    5.175700000 2
|1214> d 1
|1215> 1      1.203000000   -1.816000000 2
|1216> f 1
|1217> 1      1.000000000    0.000000000 2
|1218> end
|1219> Mg>    2.00000000000    2.10938951697   -8.44240318179   -4.26715889003
|1220> NewECP
|1221> N_core 0
|1222> lmax f
|1223> s 1
|1224> 1      1.732000000   14.676000000 2
|1225> p 1
|1226> 1      1.115000000    5.175700000 2
|1227> d 1
|1228> 1      1.203000000   -1.816000000 2
|1229> f 1
|1230> 1      1.000000000    0.000000000 2
|1231> end
|1232> Mg>    2.00000000000   -8.44184430280   -2.11166288993   -4.26715889003
|1233> NewECP
|1234> N_core 0
|1235> lmax f
|1236> s 1
|1237> 1      1.732000000   14.676000000 2
|1238> p 1
|1239> 1      1.115000000    5.175700000 2
|1240> d 1
|1241> 1      1.203000000   -1.816000000 2
|1242> f 1
|1243> 1      1.000000000    0.000000000 2
|1244> end
|1245> Mg>    2.00000000000   -2.11110401093   -8.44240318179   -4.26715889003
|1246> NewECP
|1247> N_core 0
|1248> lmax f
|1249> s 1
|1250> 1      1.732000000   14.676000000 2
|1251> p 1
|1252> 1      1.115000000    5.175700000 2
|1253> d 1
|1254> 1      1.203000000   -1.816000000 2
|1255> f 1
|1256> 1      1.000000000    0.000000000 2
|1257> end
|1258> Mg>    2.00000000000    4.21977410861    8.43985966427   -2.15129139832
|1259> NewECP
|1260> N_core 0
|1261> lmax f
|1262> s 1
|1263> 1      1.732000000   14.676000000 2
|1264> p 1
|1265> 1      1.115000000    5.175700000 2
|1266> d 1
|1267> 1      1.203000000   -1.816000000 2
|1268> f 1
|1269> 1      1.000000000    0.000000000 2
|1270> end
|1271> Mg>    2.00000000000    8.44039398451    4.21916033658   -2.15132805789
|1272> NewECP
|1273> N_core 0
|1274> lmax f
|1275> s 1
|1276> 1      1.732000000   14.676000000 2
|1277> p 1
|1278> 1      1.115000000    5.175700000 2
|1279> d 1
|1280> 1      1.203000000   -1.816000000 2
|1281> f 1
|1282> 1      1.000000000    0.000000000 2
|1283> end
|1284> Mg>    2.00000000000   -4.22089136914    8.43970972814   -2.15110334514
|1285> NewECP
|1286> N_core 0
|1287> lmax f
|1288> s 1
|1289> 1      1.732000000   14.676000000 2
|1290> p 1
|1291> 1      1.115000000    5.175700000 2
|1292> d 1
|1293> 1      1.203000000   -1.816000000 2
|1294> f 1
|1295> 1      1.000000000    0.000000000 2
|1296> end
|1297> Mg>    2.00000000000    8.44041452469   -4.22149840169   -2.15120571861
|1298> NewECP
|1299> N_core 0
|1300> lmax f
|1301> s 1
|1302> 1      1.732000000   14.676000000 2
|1303> p 1
|1304> 1      1.115000000    5.175700000 2
|1305> d 1
|1306> 1      1.203000000   -1.816000000 2
|1307> f 1
|1308> 1      1.000000000    0.000000000 2
|1309> end
|1310> Mg>    2.00000000000   -8.44158012712    4.21916033658   -2.15132805789
|1311> NewECP
|1312> N_core 0
|1313> lmax f
|1314> s 1
|1315> 1      1.732000000   14.676000000 2
|1316> p 1
|1317> 1      1.115000000    5.175700000 2
|1318> d 1
|1319> 1      1.203000000   -1.816000000 2
|1320> f 1
|1321> 1      1.000000000    0.000000000 2
|1322> end
|1323> Mg>    2.00000000000    4.21977410861   -8.44211444736   -2.15129139832
|1324> NewECP
|1325> N_core 0
|1326> lmax f
|1327> s 1
|1328> 1      1.732000000   14.676000000 2
|1329> p 1
|1330> 1      1.115000000    5.175700000 2
|1331> d 1
|1332> 1      1.203000000   -1.816000000 2
|1333> f 1
|1334> 1      1.000000000    0.000000000 2
|1335> end
|1336> Mg>    2.00000000000   -8.44155958694   -4.22149840169   -2.15120571861
|1337> NewECP
|1338> N_core 0
|1339> lmax f
|1340> s 1
|1341> 1      1.732000000   14.676000000 2
|1342> p 1
|1343> 1      1.115000000    5.175700000 2
|1344> d 1
|1345> 1      1.203000000   -1.816000000 2
|1346> f 1
|1347> 1      1.000000000    0.000000000 2
|1348> end
|1349> Mg>    2.00000000000   -4.22089136914   -8.44226438349   -2.15110334514
|1350> NewECP
|1351> N_core 0
|1352> lmax f
|1353> s 1
|1354> 1      1.732000000   14.676000000 2
|1355> p 1
|1356> 1      1.115000000    5.175700000 2
|1357> d 1
|1358> 1      1.203000000   -1.816000000 2
|1359> f 1
|1360> 1      1.000000000    0.000000000 2
|1361> end
|1362> Mg>    2.00000000000   -0.00047211424   10.55131858733   -0.05641026926
|1363> NewECP
|1364> N_core 0
|1365> lmax f
|1366> s 1
|1367> 1      1.732000000   14.676000000 2
|1368> p 1
|1369> 1      1.115000000    5.175700000 2
|1370> d 1
|1371> 1      1.203000000   -1.816000000 2
|1372> f 1
|1373> 1      1.000000000    0.000000000 2
|1374> end
|1375> Mg>    2.00000000000   10.55205046418   -0.00088861298   -0.05658599661
|1376> NewECP
|1377> N_core 0
|1378> lmax f
|1379> s 1
|1380> 1      1.732000000   14.676000000 2
|1381> p 1
|1382> 1      1.115000000    5.175700000 2
|1383> d 1
|1384> 1      1.203000000   -1.816000000 2
|1385> f 1
|1386> 1      1.000000000    0.000000000 2
|1387> end
|1388> Mg>    2.00000000000  -10.55278846826   -0.00091288363   -0.05693510820
|1389> NewECP
|1390> N_core 0
|1391> lmax f
|1392> s 1
|1393> 1      1.732000000   14.676000000 2
|1394> p 1
|1395> 1      1.115000000    5.175700000 2
|1396> d 1
|1397> 1      1.203000000   -1.816000000 2
|1398> f 1
|1399> 1      1.000000000    0.000000000 2
|1400> end
|1401> Mg>    2.00000000000   -0.00049171034  -10.55377396061   -0.05695475299
|1402> NewECP
|1403> N_core 0
|1404> lmax f
|1405> s 1
|1406> 1      1.732000000   14.676000000 2
|1407> p 1
|1408> 1      1.115000000    5.175700000 2
|1409> d 1
|1410> 1      1.203000000   -1.816000000 2
|1411> f 1
|1412> 1      1.000000000    0.000000000 2
|1413> end
|1414> Mg>    2.00000000000    2.10918513398   10.55051382215   -2.15156124545
|1415> NewECP
|1416> N_core 0
|1417> lmax f
|1418> s 1
|1419> 1      1.732000000   14.676000000 2
|1420> p 1
|1421> 1      1.115000000    5.175700000 2
|1422> d 1
|1423> 1      1.203000000   -1.816000000 2
|1424> f 1
|1425> 1      1.000000000    0.000000000 2
|1426> end
|1427> Mg>    2.00000000000   10.55085686326    2.10881092020   -2.15186922441
|1428> NewECP
|1429> N_core 0
|1430> lmax f
|1431> s 1
|1432> 1      1.732000000   14.676000000 2
|1433> p 1
|1434> 1      1.115000000    5.175700000 2
|1435> d 1
|1436> 1      1.203000000   -1.816000000 2
|1437> f 1
|1438> 1      1.000000000    0.000000000 2
|1439> end
|1440> Mg>    2.00000000000   -2.11044912265   10.55076331175   -2.15117644609
|1441> NewECP
|1442> N_core 0
|1443> lmax f
|1444> s 1
|1445> 1      1.732000000   14.676000000 2
|1446> p 1
|1447> 1      1.115000000    5.175700000 2
|1448> d 1
|1449> 1      1.203000000   -1.816000000 2
|1450> f 1
|1451> 1      1.000000000    0.000000000 2
|1452> end
|1453> Mg>    2.00000000000   10.55131095343   -2.11111066111   -2.15109479606
|1454> NewECP
|1455> N_core 0
|1456> lmax f
|1457> s 1
|1458> 1      1.732000000   14.676000000 2
|1459> p 1
|1460> 1      1.115000000    5.175700000 2
|1461> d 1
|1462> 1      1.203000000   -1.816000000 2
|1463> f 1
|1464> 1      1.000000000    0.000000000 2
|1465> end
|1466> Mg>    2.00000000000  -10.55168921183    2.10865364280   -2.15245685129
|1467> NewECP
|1468> N_core 0
|1469> lmax f
|1470> s 1
|1471> 1      1.732000000   14.676000000 2
|1472> p 1
|1473> 1      1.115000000    5.175700000 2
|1474> d 1
|1475> 1      1.203000000   -1.816000000 2
|1476> f 1
|1477> 1      1.000000000    0.000000000 2
|1478> end
|1479> Mg>    2.00000000000    2.10917816939  -10.55234289355   -2.15240548814
|1480> NewECP
|1481> N_core 0
|1482> lmax f
|1483> s 1
|1484> 1      1.732000000   14.676000000 2
|1485> p 1
|1486> 1      1.115000000    5.175700000 2
|1487> d 1
|1488> 1      1.203000000   -1.816000000 2
|1489> f 1
|1490> 1      1.000000000    0.000000000 2
|1491> end
|1492> Mg>    2.00000000000  -10.55244237123   -2.11108471719   -2.15130814393
|1493> NewECP
|1494> N_core 0
|1495> lmax f
|1496> s 1
|1497> 1      1.732000000   14.676000000 2
|1498> p 1
|1499> 1      1.115000000    5.175700000 2
|1500> d 1
|1501> 1      1.203000000   -1.816000000 2
|1502> f 1
|1503> 1      1.000000000    0.000000000 2
|1504> end
|1505> Mg>    2.00000000000   -2.11058076946  -10.55284350903   -2.15159056822
|1506> NewECP
|1507> N_core 0
|1508> lmax f
|1509> s 1
|1510> 1      1.732000000   14.676000000 2
|1511> p 1
|1512> 1      1.115000000    5.175700000 2
|1513> d 1
|1514> 1      1.203000000   -1.816000000 2
|1515> f 1
|1516> 1      1.000000000    0.000000000 2
|1517> end
|1518>   end
|1519> endd                         ****END OF INPUT****
================================================================================
----------------
TOTAL SCF ENERGY
----------------

Total Energy       :       -10780.93306424 Eh         -293364.10302 eV

Components:
Nuclear Repulsion  :        32059.53698507 Eh          872384.35253 eV
Electronic Energy  :       -42840.47004931 Eh        -1165748.45555 eV
One Electron Energy:       -79792.56205290 Eh        -2171265.99849 eV
Two Electron Energy:        36952.09200359 Eh         1005517.54294 eV
Max COSX asymmetry :            0.00030276 Eh               0.00824 eV

Virial components:
Potential Energy   :       -20618.27480993 Eh         -561051.78090 eV
Kinetic Energy     :         9837.34174568 Eh          267687.67788 eV
Virial Ratio       :            2.09591934

--------------------Output has been truncated-------------------------


--------------------Output has been truncated-------------------------


--------------------Output has been truncated-------------------------


--------------------Output has been truncated-------------------------


--------------------Output has been truncated-------------------------


--------------------Output has been truncated-------------------------


--------------------Output has been truncated-------------------------


--------------------Output has been truncated-------------------------


--------------------Output has been truncated-------------------------


--------------------Output has been truncated-------------------------


-----------------------------------------------
 RI-MP2 CORRELATION ENERGY:    -16.056727910 Eh
-----------------------------------------------
---------------------------------------
MP2 TOTAL ENERGY:   -10796.989792152 Eh
---------------------------------------

Maximum memory used throughout the entire MP2-calculation: 12516.5 MB

-------------------------   --------------------
FINAL SINGLE POINT ENERGY    -10796.989792151942
-------------------------   --------------------
TOTAL RUN TIME: 0 days 6 hours 56 minutes 42 seconds 302 msec
