 **********************************************************************
                          MRCC program system
 **********************************************************************
 
                              Written by
     Mihaly Kallay, Peter R. Nagy, David Mester, Laszlo Gyevi-Nagy,
        Jozsef Csoka, P. Bernat Szabo, Zoltan Rolik, Gyula Samu,
     Jozsef Csontos, Bence Hegely, Adam Ganyecz, Istvan Ladjanszki,
       Lorant Szegedy, Bence Ladoczki, Klara Petrov, Mate Farkas,
                    Pal D. Mezei, and Reka A. Horvath
 
        Department of Physical Chemistry and Materials Science
            Budapest University of Technology and Economics
                  Budapest P.O.Box 91, H-1521 Hungary
 
                              www.mrcc.hu
 
                      Release date: March 18, 2022

 ************************ 2023-02-04 11:44:30 *************************
 Executing minp...

 Reading input from MINP...
 
 Input file:
 
calc=FNO-CCSD(T)
verbosity=3
mem=220GB
unit=angs
scfiguess=small
scfalg=locfit1
ccmaxit=400
ccsdalg=dfdirect
ccsdthreads=4
ccsdmkl=thr
ptthreads=4
lnoepsv=1e-5
naf_cor=1e-2
basis=aug-cc-pVTZ
basis_sm=def2-SVP
dfbasis_scf=def2-QZVPP-RI-JK
dfbasis_cor=aug-cc-pVTZ-RI
unit=angs
geom=xyz
10

C    29.54344629    29.54344629    16.97505516
H    29.54344670    30.44187631    17.60392580
H    29.54344662    28.64496649    17.60393442
H    30.44658454    29.54342777    16.34911135
H    28.64030918    29.54342779    16.34911130
C    37.98440048    42.20489168    16.97524142
H    37.08590860    42.20489192    17.60416815
H    38.88294233    42.20489188    17.60417697
H    37.98441903    41.30209347    16.34882759
H    37.98441909    43.10769102    16.34882843

--------------------Output has been truncated-------------------------


--------------------Output has been truncated-------------------------


--------------------Output has been truncated-------------------------


--------------------Output has been truncated-------------------------


--------------------Output has been truncated-------------------------


--------------------Output has been truncated-------------------------


--------------------Output has been truncated-------------------------


--------------------Output has been truncated-------------------------


--------------------Output has been truncated-------------------------


--------------------Output has been truncated-------------------------


 
 Reference energy [au]:                       -80.426029310942
 DF-MP2 singlet pair energy [au]:              -0.328838436969
 DF-MP2 triplet pair energy [au]:              -0.073188864016
 DF-SCS-MP2 correlation energy [au]:           -0.419002412368
 DF-SCS-MP2 energy [au]:                      -80.845031723310
 DF-SOS-MP2 correlation energy [au]:           -0.427489968059
 DF-SOS-MP2 energy [au]:                      -80.853519279001
 DF-MP2 correlation energy [au]:               -0.402027300984
 DF-MP2 energy [au]:                          -80.828056611926

 Results in FNO basis:
 
 
 Reference energy [au]:                       -80.426029310942
 DF-MP2 singlet pair energy [au]:              -0.327537894318
 DF-MP2 triplet pair energy [au]:              -0.073101342340
 DF-SCS-MP2 correlation energy [au]:           -0.417412587295
 DF-SCS-MP2 energy [au]:                      -80.843441898237
 DF-SOS-MP2 correlation energy [au]:           -0.425799262614
 DF-SOS-MP2 energy [au]:                      -80.851828573556
 DF-MP2 correlation energy [au]:               -0.400639236658
 DF-MP2 energy [au]:                          -80.826668547600

 Results in NAF basis:
 
 
 Reference energy [au]:                       -80.426029310942
 DF-MP2 singlet pair energy [au]:              -0.327472086523
 DF-MP2 triplet pair energy [au]:              -0.073140185738
 DF-SCS-MP2 correlation energy [au]:           -0.417346565740
 DF-SCS-MP2 energy [au]:                      -80.843375876682
 DF-SOS-MP2 correlation energy [au]:           -0.425713712480
 DF-SOS-MP2 energy [au]:                      -80.851743023422
 DF-MP2 correlation energy [au]:               -0.400612272261
 DF-MP2 energy [au]:                          -80.826641583203

 ************************ 2023-02-04 11:44:49 *************************
 Executing ccsd...

 Allocation of 220.0 Gbytes of memory...

 Direct DF-CCSD(T) calculation
 
 Convergence criterion:  1.0E-06
 
 Number of occupied/virtual/auxiliary orbitals:     8   166   443
    715.53 MB is the minimal memory requirement for (T)
    155.43 MB is the minimal memory requirement for CCSD
 
 Reference energy [au]:             -80.426029310942
 T1 contribution [au]:                0.000000000000
 Same spin MP2 energy [au]:          -0.073120710271
 Opposite spin MP2 energy [au]:      -0.327504828139
 MP2 correlation energy [au]:        -0.400625538411
 Total MP2 energy [au]:             -80.826654849353
 MP2 correction [au]:                -0.001401762573
 
 
 CPU time [min]:     0.353                   Wall time [min]:     0.016
 
 Starting CCSD iterations...
 
                     Residual norm          Energy
 Iteration  1        0.186523197513      -80.855590515939
 Iteration  2        0.047736977592      -80.866636940749
 Iteration  3        0.011571668957      -80.867569413178
 Iteration  4        0.002706745921      -80.867574626435
 Iteration  5        0.000513314972      -80.867588732766
 Iteration  6        0.000104128567      -80.867588998132
 Iteration  7        0.000025077030      -80.867590208953
 Iteration  8        0.000004385031      -80.867590244443
 Iteration  9        0.000000887474      -80.867590227399
 
 CCSD iteration has converged in  9 steps.
     3072.80 MB memory was utilized by CCSD
 
 T1 diagnostic:      7.475E-03            D1 diagnostic:      1.210E-02
 
 T1 contribution [au]:                                  0.000000000000
 PPL energy contribution [au]:                          0.114977271166
 Scaled PPL energy contribution [au]:                   0.115382474790

 OS-PPL energy contribution [au]:                       0.101747177253
 Scaled OS-PPL energy contribution [au]:                0.102170610473
 SS-PPL energy contribution [au]:                       0.013230093913
 Scaled SS-PPL energy contribution [au]:                0.013239159729

 Opposite spin CCSD energy [au]:                       -0.370938166633
 Same spin CCSD energy [au]:                           -0.070644097186
 CCSD correlation energy [au]:                         -0.441582263819
 CCSD correlation energy + MP2 correction [au]:        -0.442984026393
 CCSD correlation energy + MP2 + PPL corr. [au]:       -0.442578822768
 Total CCSD energy [au]:                              -80.867611574761
 Total CCSD energy + MP2 correction [au]:             -80.869013337335
 Total CCSD energy + MP2 + PPL corr. [au]:            -80.868608133710
 
 CPU time [min]:     5.509                   Wall time [min]:     0.161
 
 Calculation of (T) correction...
 
 
      698.30 MB memory is utilized for (T)

 0%       25%       50%       75%       100%
 |---------|---------|---------|---------| 
 
 (T) correction [au]:                                    -0.013137855643
 (T*) correction [au]:                                   -0.013183824142
 (T+) correction [au]:                                   -0.013183807197
 CCSD(T) correlation energy [au]:                        -0.454720119463
 CCSD(T) correlation energy + MP2 correction [au]:       -0.456121882036
 CCSD(T+) correlation en. + MP2 + PPL corr. [au]:        -0.455762629965
 Total CCSD(T) energy [au]:                             -80.880749430404
 Total CCSD(T) energy + MP2 correction [au]:            -80.882151192978
 Total CCSD(T+) energy + MP2 + PPL corr. [au]:          -80.881791940907
 
 CPU time [min]:     7.448                   Wall time [min]:     0.229
 
 ************************ 2023-02-04 11:45:02 *************************
                      Normal termination of mrcc.
 **********************************************************************
