 **********************************************************************
                          MRCC program system
 **********************************************************************
 
                              Written by
     Mihaly Kallay, Peter R. Nagy, David Mester, Laszlo Gyevi-Nagy,
        Jozsef Csoka, P. Bernat Szabo, Zoltan Rolik, Gyula Samu,
     Jozsef Csontos, Bence Hegely, Adam Ganyecz, Istvan Ladjanszki,
       Lorant Szegedy, Bence Ladoczki, Klara Petrov, Mate Farkas,
                    Pal D. Mezei, and Reka A. Horvath
 
        Department of Physical Chemistry and Materials Science
            Budapest University of Technology and Economics
                  Budapest P.O.Box 91, H-1521 Hungary
 
                              www.mrcc.hu
 
                      Release date: March 18, 2022

 ************************ 2023-02-05 13:33:08 *************************
 Executing minp...

 Reading input from MINP...
 
 Input file:
 
calc=FNO-CCSD(T)
verbosity=3
mem=220GB
unit=angs
scfiguess=small
scfalg=locfit1
ccmaxit=400
ccsdalg=dfdirect
ccsdthreads=4
ccsdmkl=thr
ptthreads=4
lnoepsv=1e-5
naf_cor=1e-2
basis=aug-cc-pVQZ
basis_sm=def2-SVP
dfbasis_scf=def2-QZVPP-RI-JK
dfbasis_cor=aug-cc-pVQZ-RI
unit=angs
geom=xyz
16

C    34.41670262    34.07107264    10.41543014
C    33.11117461    33.45680459    10.91530835
H    34.24160149    35.00442132     9.86225048
H    34.94674030    33.36940783     9.75379242
H    35.10002891    34.30603621    11.24227357
H    32.42643037    33.26105434    10.07939442
H    32.59136835    34.12756100    11.61262818
H    33.28915165    32.50678735    11.43686767
C    25.97571797    17.18910333    10.41543014
C    24.67018996    16.57483529    10.91530835
H    25.80061684    18.12245202     9.86225048
H    26.50575565    16.48743852     9.75379242
H    26.65904426    17.42406690    11.24227357
H    23.98544572    16.37908503    10.07939442
H    24.15038370    17.24559169    11.61262818
H    24.84816699    15.62481804    11.43686767

--------------------Output has been truncated-------------------------


--------------------Output has been truncated-------------------------


--------------------Output has been truncated-------------------------


--------------------Output has been truncated-------------------------


--------------------Output has been truncated-------------------------


--------------------Output has been truncated-------------------------


--------------------Output has been truncated-------------------------


--------------------Output has been truncated-------------------------


--------------------Output has been truncated-------------------------


--------------------Output has been truncated-------------------------


 
 Reference energy [au]:                       -79.264437034703
 DF-MP2 singlet pair energy [au]:              -0.317722283185
 DF-MP2 triplet pair energy [au]:              -0.076906316593
 DF-SCS-MP2 correlation energy [au]:           -0.406902178687
 DF-SCS-MP2 energy [au]:                      -79.671339213389
 DF-SOS-MP2 correlation energy [au]:           -0.413038968141
 DF-SOS-MP2 energy [au]:                      -79.677476002843
 DF-MP2 correlation energy [au]:               -0.394628599778
 DF-MP2 energy [au]:                          -79.659065634481

 Results in FNO basis:
 
 
 Reference energy [au]:                       -79.264437034703
 DF-MP2 singlet pair energy [au]:              -0.312548723055
 DF-MP2 triplet pair energy [au]:              -0.076620435575
 DF-SCS-MP2 correlation energy [au]:           -0.400598612858
 DF-SCS-MP2 energy [au]:                      -79.665035647560
 DF-SOS-MP2 correlation energy [au]:           -0.406313339971
 DF-SOS-MP2 energy [au]:                      -79.670750374674
 DF-MP2 correlation energy [au]:               -0.389169158630
 DF-MP2 energy [au]:                          -79.653606193332

 Results in NAF basis:
 
 
 Reference energy [au]:                       -79.264437034703
 DF-MP2 singlet pair energy [au]:              -0.312527760866
 DF-MP2 triplet pair energy [au]:              -0.076628442054
 DF-SCS-MP2 correlation energy [au]:           -0.400576127057
 DF-SCS-MP2 energy [au]:                      -79.665013161759
 DF-SOS-MP2 correlation energy [au]:           -0.406286089125
 DF-SOS-MP2 energy [au]:                      -79.670723123828
 DF-MP2 correlation energy [au]:               -0.389156202920
 DF-MP2 energy [au]:                          -79.653593237622

 ************************ 2023-02-05 13:34:31 *************************
 Executing ccsd...

 Allocation of 220.0 Gbytes of memory...

 Direct DF-CCSD(T) calculation
 
 Convergence criterion:  1.0E-06
 
 Number of occupied/virtual/auxiliary orbitals:     7   175   551
    851.32 MB is the minimal memory requirement for (T)
    190.43 MB is the minimal memory requirement for CCSD
 
 Reference energy [au]:             -79.264437034703
 T1 contribution [au]:                0.000000000000
 Same spin MP2 energy [au]:          -0.076624436251
 Opposite spin MP2 energy [au]:      -0.312538237253
 MP2 correlation energy [au]:        -0.389162673504
 Total MP2 energy [au]:             -79.653599708207
 MP2 correction [au]:                -0.005465926274
 
 
 CPU time [min]:     0.398                   Wall time [min]:     0.050
 
 Starting CCSD iterations...
 
                     Residual norm          Energy
 Iteration  1        0.179604441744      -79.671512637966
 Iteration  2        0.044511307620      -79.681094800570
 Iteration  3        0.013089807135      -79.682230524723
 Iteration  4        0.002650289596      -79.682237747425
 Iteration  5        0.000560968286      -79.682243612676
 Iteration  6        0.000156931273      -79.682245663529
 Iteration  7        0.000037096197      -79.682245438474
 Iteration  8        0.000009998708      -79.682245802362
 
 CCSD iteration has converged in  8 steps.
     3804.92 MB memory was utilized by CCSD
 
 T1 diagnostic:      8.231E-03            D1 diagnostic:      1.428E-02
 
 T1 contribution [au]:                                  0.000000000000
 PPL energy contribution [au]:                          0.108935353742
 Scaled PPL energy contribution [au]:                   0.110475074434

 OS-PPL energy contribution [au]:                       0.095542148313
 Scaled OS-PPL energy contribution [au]:                0.097137051034
 SS-PPL energy contribution [au]:                       0.013393205429
 Scaled SS-PPL energy contribution [au]:                0.013441282446

 Opposite spin CCSD energy [au]:                       -0.345140085869
 Same spin CCSD energy [au]:                           -0.072676434596
 CCSD correlation energy [au]:                         -0.417816520465
 CCSD correlation energy + MP2 correction [au]:        -0.423282446739
 CCSD correlation energy + MP2 + PPL corr. [au]:       -0.421742726046
 Total CCSD energy [au]:                              -79.682253555168
 Total CCSD energy + MP2 correction [au]:             -79.687719481442
 Total CCSD energy + MP2 + PPL corr. [au]:            -79.686179760749
 
 CPU time [min]:     6.397                   Wall time [min]:     0.234
 
 Calculation of (T) correction...
 
 
      783.34 MB memory is utilized for (T)

 0%       25%       50%       75%       100%
 |---------|---------|---------|---------| 
 
 (T) correction [au]:                                    -0.014762650388
 (T*) correction [au]:                                   -0.014969996992
 (T+) correction [au]:                                   -0.014966465560
 CCSD(T) correlation energy [au]:                        -0.432579170853
 CCSD(T) correlation energy + MP2 correction [au]:       -0.438045097127
 CCSD(T+) correlation en. + MP2 + PPL corr. [au]:        -0.436709191607
 Total CCSD(T) energy [au]:                             -79.697016205556
 Total CCSD(T) energy + MP2 correction [au]:            -79.702482131830
 Total CCSD(T+) energy + MP2 + PPL corr. [au]:          -79.701146226309
 
 CPU time [min]:     8.110                   Wall time [min]:     0.291
 
 ************************ 2023-02-05 13:34:49 *************************
                      Normal termination of mrcc.
 **********************************************************************
