 **********************************************************************
                          MRCC program system
 **********************************************************************
 
                              Written by
     Mihaly Kallay, Peter R. Nagy, David Mester, Laszlo Gyevi-Nagy,
        Jozsef Csoka, P. Bernat Szabo, Zoltan Rolik, Gyula Samu,
     Jozsef Csontos, Bence Hegely, Adam Ganyecz, Istvan Ladjanszki,
       Lorant Szegedy, Bence Ladoczki, Klara Petrov, Mate Farkas,
                    Pal D. Mezei, and Reka A. Horvath
 
        Department of Physical Chemistry and Materials Science
            Budapest University of Technology and Economics
                  Budapest P.O.Box 91, H-1521 Hungary
 
                              www.mrcc.hu
 
                      Release date: March 18, 2022

 ************************ 2023-02-04 11:46:00 *************************
 Executing minp...

 Reading input from MINP...
 
 Input file:
 
calc=FNO-CCSD(T)
verbosity=3
mem=220GB
unit=angs
scfiguess=small
scfalg=locfit1
ccmaxit=400
ccsdalg=dfdirect
ccsdthreads=4
ccsdmkl=thr
ptthreads=4
lnoepsv=1e-5
naf_cor=1e-2
basis=aug-cc-pVQZ
basis_sm=def2-SVP
dfbasis_scf=def2-QZVPP-RI-JK
dfbasis_cor=aug-cc-pVQZ-RI
unit=angs
geom=xyz
10

C    29.54344629    29.54344629    16.97505516
H    29.54344670    30.44187631    17.60392580
H    29.54344662    28.64496649    17.60393442
H    30.44658454    29.54342777    16.34911135
H    28.64030918    29.54342779    16.34911130
C    37.98443094    12.66147698    16.97505516
H    37.98443135    13.55990700    17.60392580
H    37.98443127    11.76299718    17.60393442
H    38.88756920    12.66145846    16.34911135
H    37.08129384    12.66145848    16.34911130

--------------------Output has been truncated-------------------------


--------------------Output has been truncated-------------------------


--------------------Output has been truncated-------------------------


--------------------Output has been truncated-------------------------


--------------------Output has been truncated-------------------------


--------------------Output has been truncated-------------------------


--------------------Output has been truncated-------------------------


--------------------Output has been truncated-------------------------


--------------------Output has been truncated-------------------------


--------------------Output has been truncated-------------------------


 
 Reference energy [au]:                       -40.215614173281
 DF-MP2 singlet pair energy [au]:              -0.173752857361
 DF-MP2 triplet pair energy [au]:              -0.037498360706
 DF-SCS-MP2 correlation energy [au]:           -0.221002882402
 DF-SCS-MP2 energy [au]:                      -40.436617055683
 DF-SOS-MP2 correlation energy [au]:           -0.225878714570
 DF-SOS-MP2 energy [au]:                      -40.441492887851
 DF-MP2 correlation energy [au]:               -0.211251218067
 DF-MP2 energy [au]:                          -40.426865391348

 Results in FNO basis:
 
 
 Reference energy [au]:                       -40.215614173281
 DF-MP2 singlet pair energy [au]:              -0.170618196494
 DF-MP2 triplet pair energy [au]:              -0.037357059002
 DF-SCS-MP2 correlation energy [au]:           -0.217194188793
 DF-SCS-MP2 energy [au]:                      -40.432808362074
 DF-SOS-MP2 correlation energy [au]:           -0.221803655442
 DF-SOS-MP2 energy [au]:                      -40.437417828723
 DF-MP2 correlation energy [au]:               -0.207975255496
 DF-MP2 energy [au]:                          -40.423589428777

 Results in NAF basis:
 
 
 Reference energy [au]:                       -40.215614173281
 DF-MP2 singlet pair energy [au]:              -0.170600637335
 DF-MP2 triplet pair energy [au]:              -0.037363751759
 DF-SCS-MP2 correlation energy [au]:           -0.217175348722
 DF-SCS-MP2 energy [au]:                      -40.432789522003
 DF-SOS-MP2 correlation energy [au]:           -0.221780828536
 DF-SOS-MP2 energy [au]:                      -40.437395001816
 DF-MP2 correlation energy [au]:               -0.207964389095
 DF-MP2 energy [au]:                          -40.423578562375

 ************************ 2023-02-04 11:46:33 *************************
 Executing ccsd...

 Allocation of 220.0 Gbytes of memory...

 Direct DF-CCSD(T) calculation
 
 Convergence criterion:  1.0E-06
 
 Number of occupied/virtual/auxiliary orbitals:     4   101   320
    163.36 MB is the minimal memory requirement for (T)
     39.40 MB is the minimal memory requirement for CCSD
 
 Reference energy [au]:             -40.215614173281
 T1 contribution [au]:                0.000000000000
 Same spin MP2 energy [au]:          -0.037360400933
 Opposite spin MP2 energy [au]:      -0.170609407123
 MP2 correlation energy [au]:        -0.207969808056
 Total MP2 energy [au]:             -40.423583981337
 MP2 correction [au]:                -0.003281410011
 
 
 CPU time [min]:     0.174                   Wall time [min]:     0.008
 
 Starting CCSD iterations...
 
                     Residual norm          Energy
 Iteration  1        0.138680877001      -40.436528970712
 Iteration  2        0.035376072625      -40.442052523870
 Iteration  3        0.009771738529      -40.442635244418
 Iteration  4        0.002020926824      -40.442639743528
 Iteration  5        0.000374897528      -40.442646254354
 Iteration  6        0.000084797660      -40.442646131110
 Iteration  7        0.000020223470      -40.442646821139
 Iteration  8        0.000003738677      -40.442646878087
 
 CCSD iteration has converged in  8 steps.
      444.29 MB memory was utilized by CCSD
 
 T1 diagnostic:      7.996E-03            D1 diagnostic:      1.292E-02
 
 T1 contribution [au]:                                  0.000000000000
 PPL energy contribution [au]:                          0.060602205584
 Scaled PPL energy contribution [au]:                   0.061558990408

 OS-PPL energy contribution [au]:                       0.053773709668
 Scaled OS-PPL energy contribution [au]:                0.054766757288
 SS-PPL energy contribution [au]:                       0.006828495916
 Scaled SS-PPL energy contribution [au]:                0.006852794591

 Opposite spin CCSD energy [au]:                       -0.191003418708
 Same spin CCSD energy [au]:                           -0.036036035794
 CCSD correlation energy [au]:                         -0.227039454501
 CCSD correlation energy + MP2 correction [au]:        -0.230320864513
 CCSD correlation energy + MP2 + PPL corr. [au]:       -0.229364079689
 Total CCSD energy [au]:                              -40.442653627782
 Total CCSD energy + MP2 correction [au]:             -40.445935037793
 Total CCSD energy + MP2 + PPL corr. [au]:            -40.444978252970
 
 CPU time [min]:     0.858                   Wall time [min]:     0.027
 
 Calculation of (T) correction...
 
 
      124.68 MB memory is utilized for (T)

 0%       25%       50%       75%       100%
 |---------|---------|---------|---------| 
 
 (T) correction [au]:                                    -0.006941734386
 (T*) correction [au]:                                   -0.007051263154
 (T+) correction [au]:                                   -0.007050856135
 CCSD(T) correlation energy [au]:                        -0.233981188888
 CCSD(T) correlation energy + MP2 correction [au]:       -0.237262598899
 CCSD(T+) correlation en. + MP2 + PPL corr. [au]:        -0.236414935824
 Total CCSD(T) energy [au]:                             -40.449595362169
 Total CCSD(T) energy + MP2 correction [au]:            -40.452876772180
 Total CCSD(T+) energy + MP2 + PPL corr. [au]:          -40.452029109104
 
 CPU time [min]:     0.940                   Wall time [min]:     0.030
 
 ************************ 2023-02-04 11:46:34 *************************
                      Normal termination of mrcc.
 **********************************************************************
