 **********************************************************************
                          MRCC program system
 **********************************************************************
 
                              Written by
     Mihaly Kallay, Peter R. Nagy, David Mester, Laszlo Gyevi-Nagy,
        Jozsef Csoka, P. Bernat Szabo, Zoltan Rolik, Gyula Samu,
     Jozsef Csontos, Bence Hegely, Adam Ganyecz, Istvan Ladjanszki,
       Lorant Szegedy, Bence Ladoczki, Klara Petrov, Mate Farkas,
                    Pal D. Mezei, and Reka A. Horvath
 
        Department of Physical Chemistry and Materials Science
            Budapest University of Technology and Economics
                  Budapest P.O.Box 91, H-1521 Hungary
 
                              www.mrcc.hu
 
                      Release date: March 18, 2022

 ************************ 2023-02-05 13:15:33 *************************
 Executing minp...

 Reading input from MINP...
 
 Input file:
 
calc=FNO-CCSD(T)
verbosity=3
mem=220GB
unit=angs
scfiguess=small
scfalg=locfit1
ccmaxit=400
ccsdalg=dfdirect
ccsdthreads=4
ccsdmkl=thr
ptthreads=4
lnoepsv=1e-5
naf_cor=1e-2
basis=aug-cc-pVQZ
basis_sm=def2-SVP
dfbasis_scf=def2-QZVPP-RI-JK
dfbasis_cor=aug-cc-pVQZ-RI
unit=angs
geom=xyz
16

C    34.41670262    34.07107264    10.41543014
C    33.11117461    33.45680459    10.91530835
H    34.24160149    35.00442132     9.86225048
H    34.94674030    33.36940783     9.75379242
H    35.10002891    34.30603621    11.24227357
H    32.42643037    33.26105434    10.07939442
H    32.59136835    34.12756100    11.61262818
H    33.28915165    32.50678735    11.43686767
C    42.85768728    34.07107264    10.41543014
C    41.55215927    33.45680459    10.91530835
H    42.68258615    35.00442132     9.86225048
H    43.38772495    33.36940783     9.75379242
H    43.54101356    34.30603621    11.24227357
H    40.86741503    33.26105434    10.07939442
H    41.03235300    34.12756100    11.61262818
H    41.73013630    32.50678735    11.43686767

--------------------Output has been truncated-------------------------


--------------------Output has been truncated-------------------------


--------------------Output has been truncated-------------------------


--------------------Output has been truncated-------------------------


--------------------Output has been truncated-------------------------


--------------------Output has been truncated-------------------------


--------------------Output has been truncated-------------------------


--------------------Output has been truncated-------------------------


--------------------Output has been truncated-------------------------


--------------------Output has been truncated-------------------------


 
 Reference energy [au]:                      -158.528875152253
 DF-MP2 singlet pair energy [au]:              -0.635467024493
 DF-MP2 triplet pair energy [au]:              -0.153830735619
 DF-SCS-MP2 correlation energy [au]:           -0.813837341265
 DF-SCS-MP2 energy [au]:                     -159.342712493518
 DF-SOS-MP2 correlation energy [au]:           -0.826107131841
 DF-SOS-MP2 energy [au]:                     -159.354982284094
 DF-MP2 correlation energy [au]:               -0.789297760112
 DF-MP2 energy [au]:                         -159.318172912365

 Results in FNO basis:
 
 
 Reference energy [au]:                      -158.528875152253
 DF-MP2 singlet pair energy [au]:              -0.625113368354
 DF-MP2 triplet pair energy [au]:              -0.153257283222
 DF-SCS-MP2 correlation energy [au]:           -0.801221803099
 DF-SCS-MP2 energy [au]:                     -159.330096955352
 DF-SOS-MP2 correlation energy [au]:           -0.812647378860
 DF-SOS-MP2 energy [au]:                     -159.341522531113
 DF-MP2 correlation energy [au]:               -0.778370651576
 DF-MP2 energy [au]:                         -159.307245803828

 Results in NAF basis:
 
 
 Reference energy [au]:                      -158.528875152253
 DF-MP2 singlet pair energy [au]:              -0.625070863198
 DF-MP2 triplet pair energy [au]:              -0.153272981617
 DF-SCS-MP2 correlation energy [au]:           -0.801176029710
 DF-SCS-MP2 energy [au]:                     -159.330051181962
 DF-SOS-MP2 correlation energy [au]:           -0.812592122157
 DF-SOS-MP2 energy [au]:                     -159.341467274410
 DF-MP2 correlation energy [au]:               -0.778343844815
 DF-MP2 energy [au]:                         -159.307218997068

 ************************ 2023-02-05 13:18:20 *************************
 Executing ccsd...

 Allocation of 220.0 Gbytes of memory...

 Direct DF-CCSD(T) calculation
 
 Convergence criterion:  1.0E-06
 
 Number of occupied/virtual/auxiliary orbitals:    14   350  1101
   6894.54 MB is the minimal memory requirement for (T)
   1573.93 MB is the minimal memory requirement for CCSD
 
 Reference energy [au]:            -158.528875152253
 T1 contribution [au]:                0.000000000000
 Same spin MP2 energy [au]:          -0.153265127105
 Opposite spin MP2 energy [au]:      -0.625092106035
 MP2 correlation energy [au]:        -0.778357233139
 Total MP2 energy [au]:            -159.307232385392
 MP2 correction [au]:                -0.010940526973
 
 
 CPU time [min]:     1.644                   Wall time [min]:     0.569
 
 Starting CCSD iterations...
 
                     Residual norm          Energy
 Iteration  1        0.246162876660     -159.343055146909
 Iteration  2        0.060682563778     -159.362143537645
 Iteration  3        0.017929869462     -159.364500349056
 Iteration  4        0.003628447299     -159.364506567101
 Iteration  5        0.000768989503     -159.364517583526
 Iteration  6        0.000214806465     -159.364520140902
 Iteration  7        0.000050534799     -159.364519932390
 Iteration  8        0.000013660715     -159.364520588028
 Iteration  9        0.000002720608     -159.364520548769
 
 CCSD iteration has converged in  9 steps.
    59038.48 MB memory was utilized by CCSD
 
 T1 diagnostic:      8.232E-03            D1 diagnostic:      1.428E-02
 
 T1 contribution [au]:                                  0.000000000000
 PPL energy contribution [au]:                          0.217870222757
 Scaled PPL energy contribution [au]:                   0.220952108396

 OS-PPL energy contribution [au]:                       0.191083247194
 Scaled OS-PPL energy contribution [au]:                0.194275146253
 SS-PPL energy contribution [au]:                       0.026786975563
 Scaled SS-PPL energy contribution [au]:                0.026883477604

 Opposite spin CCSD energy [au]:                       -0.690292240076
 Same spin CCSD energy [au]:                           -0.145369094738
 CCSD correlation energy [au]:                         -0.835661334814
 CCSD correlation energy + MP2 correction [au]:        -0.846601861787
 CCSD correlation energy + MP2 + PPL corr. [au]:       -0.843519976147
 Total CCSD energy [au]:                             -159.364536487066
 Total CCSD energy + MP2 correction [au]:            -159.375477014039
 Total CCSD energy + MP2 + PPL corr. [au]:           -159.372395128400
 
 CPU time [min]:   156.398                   Wall time [min]:     5.505
 
 Calculation of (T) correction...
 
 
     8827.33 MB memory is utilized for (T)

 0%       25%       50%       75%       100%
 |---------|---------|---------|---------| 
 
 (T) correction [au]:                                    -0.029530487222
 (T*) correction [au]:                                   -0.029945565387
 (T+) correction [au]:                                   -0.029938518906
 CCSD(T) correlation energy [au]:                        -0.865191822036
 CCSD(T) correlation energy + MP2 correction [au]:       -0.876132349008
 CCSD(T+) correlation en. + MP2 + PPL corr. [au]:        -0.873458495053
 Total CCSD(T) energy [au]:                            -159.394066974288
 Total CCSD(T) energy + MP2 correction [au]:           -159.405007501261
 Total CCSD(T+) energy + MP2 + PPL corr. [au]:         -159.402333647306
 
 CPU time [min]:   278.484                   Wall time [min]:     9.150
 
 ************************ 2023-02-05 13:27:30 *************************
                      Normal termination of mrcc.
 **********************************************************************
