 **********************************************************************
                          MRCC program system
 **********************************************************************
 
                              Written by
     Mihaly Kallay, Peter R. Nagy, David Mester, Laszlo Gyevi-Nagy,
        Jozsef Csoka, P. Bernat Szabo, Zoltan Rolik, Gyula Samu,
     Jozsef Csontos, Bence Hegely, Adam Ganyecz, Istvan Ladjanszki,
       Lorant Szegedy, Bence Ladoczki, Klara Petrov, Mate Farkas,
                    Pal D. Mezei, and Reka A. Horvath
 
        Department of Physical Chemistry and Materials Science
            Budapest University of Technology and Economics
                  Budapest P.O.Box 91, H-1521 Hungary
 
                              www.mrcc.hu
 
                      Release date: March 18, 2022

 ************************ 2023-02-05 13:15:05 *************************
 Executing minp...

 Reading input from MINP...
 
 Input file:
 
calc=FNO-CCSD(T)
verbosity=3
mem=220GB
unit=angs
scfiguess=small
scfalg=locfit1
ccmaxit=400
ccsdalg=dfdirect
ccsdthreads=4
ccsdmkl=thr
ptthreads=4
lnoepsv=1e-5
naf_cor=1e-2
basis=aug-cc-pVTZ
basis_sm=def2-SVP
dfbasis_scf=def2-QZVPP-RI-JK
dfbasis_cor=aug-cc-pVTZ-RI
unit=angs
geom=xyz
16

C    34.41670262    34.07107264    10.41543014
C    33.11117461    33.45680459    10.91530835
H    34.24160149    35.00442132     9.86225048
H    34.94674030    33.36940783     9.75379242
H    35.10002891    34.30603621    11.24227357
H    32.42643037    33.26105434    10.07939442
H    32.59136835    34.12756100    11.61262818
H    33.28915165    32.50678735    11.43686767
C    42.85768728    34.07107264    10.41543014
C    41.55215927    33.45680459    10.91530835
H    42.68258615    35.00442132     9.86225048
H    43.38772495    33.36940783     9.75379242
H    43.54101356    34.30603621    11.24227357
H    40.86741503    33.26105434    10.07939442
H    41.03235300    34.12756100    11.61262818
H    41.73013630    32.50678735    11.43686767

--------------------Output has been truncated-------------------------


--------------------Output has been truncated-------------------------


--------------------Output has been truncated-------------------------


--------------------Output has been truncated-------------------------


--------------------Output has been truncated-------------------------


--------------------Output has been truncated-------------------------


--------------------Output has been truncated-------------------------


--------------------Output has been truncated-------------------------


--------------------Output has been truncated-------------------------


--------------------Output has been truncated-------------------------


 
 Reference energy [au]:                      -158.519102073539
 DF-MP2 singlet pair energy [au]:              -0.600536349691
 DF-MP2 triplet pair energy [au]:              -0.150081875819
 DF-SCS-MP2 correlation energy [au]:           -0.770670911568
 DF-SCS-MP2 energy [au]:                     -159.289772985107
 DF-SOS-MP2 correlation energy [au]:           -0.780697254598
 DF-SOS-MP2 energy [au]:                     -159.299799328137
 DF-MP2 correlation energy [au]:               -0.750618225509
 DF-MP2 energy [au]:                         -159.269720299048

 Results in FNO basis:
 
 
 Reference energy [au]:                      -158.519102073539
 DF-MP2 singlet pair energy [au]:              -0.598188970906
 DF-MP2 triplet pair energy [au]:              -0.149867649501
 DF-SCS-MP2 correlation energy [au]:           -0.767782648254
 DF-SCS-MP2 energy [au]:                     -159.286884721793
 DF-SOS-MP2 correlation energy [au]:           -0.777645662177
 DF-SOS-MP2 energy [au]:                     -159.296747735716
 DF-MP2 correlation energy [au]:               -0.748056620407
 DF-MP2 energy [au]:                         -159.267158693945

 Results in NAF basis:
 
 
 Reference energy [au]:                      -158.519102073539
 DF-MP2 singlet pair energy [au]:              -0.598068494009
 DF-MP2 triplet pair energy [au]:              -0.149945935835
 DF-SCS-MP2 correlation energy [au]:           -0.767664171422
 DF-SCS-MP2 energy [au]:                     -159.286766244961
 DF-SOS-MP2 correlation energy [au]:           -0.777489042212
 DF-SOS-MP2 energy [au]:                     -159.296591115750
 DF-MP2 correlation energy [au]:               -0.748014429844
 DF-MP2 energy [au]:                         -159.267116503383

 ************************ 2023-02-05 13:16:04 *************************
 Executing ccsd...

 Allocation of 220.0 Gbytes of memory...

 Direct DF-CCSD(T) calculation
 
 Convergence criterion:  1.0E-06
 
 Number of occupied/virtual/auxiliary orbitals:    14   278   756
   3422.71 MB is the minimal memory requirement for (T)
    780.99 MB is the minimal memory requirement for CCSD
 
 Reference energy [au]:            -158.519102073539
 T1 contribution [au]:                0.000000000000
 Same spin MP2 energy [au]:          -0.149906674899
 Opposite spin MP2 energy [au]:      -0.598128391700
 MP2 correlation energy [au]:        -0.748035066599
 Total MP2 energy [au]:            -159.267137140137
 MP2 correction [au]:                -0.002583158911
 
 
 CPU time [min]:     0.912                   Wall time [min]:     0.132
 
 Starting CCSD iterations...
 
                     Residual norm          Energy
 Iteration  1        0.234819151124     -159.308991596616
 Iteration  2        0.057897297142     -159.328041801557
 Iteration  3        0.015543226984     -159.330044906391
 Iteration  4        0.003486874782     -159.330051239395
 Iteration  5        0.000733623042     -159.330061605928
 Iteration  6        0.000207638041     -159.330066073661
 Iteration  7        0.000049431891     -159.330065864073
 Iteration  8        0.000012686108     -159.330066392817
 Iteration  9        0.000002542521     -159.330066340222
 
 CCSD iteration has converged in  9 steps.
    23656.02 MB memory was utilized by CCSD
 
 T1 diagnostic:      7.818E-03            D1 diagnostic:      1.354E-02
 
 T1 contribution [au]:                                  0.000000000000
 PPL energy contribution [au]:                          0.205825233525
 Scaled PPL energy contribution [au]:                   0.206544717655

 OS-PPL energy contribution [au]:                       0.179923987300
 Scaled OS-PPL energy contribution [au]:                0.180667963630
 SS-PPL energy contribution [au]:                       0.025901246225
 Scaled SS-PPL energy contribution [au]:                0.025925161115

 Opposite spin CCSD energy [au]:                       -0.668585822634
 Same spin CCSD energy [au]:                           -0.142415194632
 CCSD correlation energy [au]:                         -0.811001017266
 CCSD correlation energy + MP2 correction [au]:        -0.813584176177
 CCSD correlation energy + MP2 + PPL corr. [au]:       -0.812864692047
 Total CCSD energy [au]:                             -159.330103090805
 Total CCSD energy + MP2 correction [au]:            -159.332686249716
 Total CCSD energy + MP2 + PPL corr. [au]:           -159.331966765585
 
 CPU time [min]:    52.802                   Wall time [min]:     1.778
 
 Calculation of (T) correction...
 
 
     4429.83 MB memory is utilized for (T)

 0%       25%       50%       75%       100%
 |---------|---------|---------|---------| 
 
 (T) correction [au]:                                    -0.027923244983
 (T*) correction [au]:                                   -0.028019671183
 (T+) correction [au]:                                   -0.028018485516
 CCSD(T) correlation energy [au]:                        -0.838924262249
 CCSD(T) correlation energy + MP2 correction [au]:       -0.841507421160
 CCSD(T+) correlation en. + MP2 + PPL corr. [au]:        -0.840883177563
 Total CCSD(T) energy [au]:                            -159.358026335788
 Total CCSD(T) energy + MP2 correction [au]:           -159.360609494699
 Total CCSD(T+) energy + MP2 + PPL corr. [au]:         -159.359985251102
 
 CPU time [min]:   110.486                   Wall time [min]:     3.471
 
 ************************ 2023-02-05 13:19:32 *************************
                      Normal termination of mrcc.
 **********************************************************************
