 **********************************************************************
                          MRCC program system
 **********************************************************************
 
                              Written by
     Mihaly Kallay, Peter R. Nagy, David Mester, Laszlo Gyevi-Nagy,
        Jozsef Csoka, P. Bernat Szabo, Zoltan Rolik, Gyula Samu,
     Jozsef Csontos, Bence Hegely, Adam Ganyecz, Istvan Ladjanszki,
       Lorant Szegedy, Bence Ladoczki, Klara Petrov, Mate Farkas,
                    Pal D. Mezei, and Reka A. Horvath
 
        Department of Physical Chemistry and Materials Science
            Budapest University of Technology and Economics
                  Budapest P.O.Box 91, H-1521 Hungary
 
                              www.mrcc.hu
 
                      Release date: March 18, 2022

 ************************ 2022-11-13 05:01:07 *************************
 Executing minp...

 Reading input from MINP...
 
 Input file:
 
calc=LNO-CCSD(T)
scftype=rhf
verbosity=3
mem=150GB
symm=off
unit=angs
scfiguess=small
scfmaxit=1000
scfalg=locfit1


lcorthr=tight
bpedo=0.99999
ccmaxit=400
usedisk=0
ccsdalg=dfdirect
ccsdthreads=4
ccsdmkl=thr
ptthreads=4

charge=-8
core=6

basis=special
aug-cc-pVTZ
aug-cc-pVTZ
aug-cc-pVTZ
aug-cc-pVTZ
aug-cc-pVTZ
bse_CVTZ
aug-cc-pVTZ
aug-cc-pVTZ
aug-cc-pVTZ
aug-cc-pVTZ
aug-cc-pVTZ
nothing
nothing
nothing
nothing
nothing
nothing
nothing
nothing
nothing
nothing
nothing
nothing
nothing
nothing
nothing
nothing
nothing
nothing
nothing
nothing
nothing
nothing
nothing
nothing
nothing

basis_sm=special
def2-SVP
def2-SVP
def2-SVP
def2-SVP
def2-SVP
def2-SVP
def2-SVP
def2-SVP
def2-SVP
def2-SVP
def2-SVP
nothing
nothing
nothing
nothing
nothing
nothing
nothing
nothing
nothing
nothing
nothing
nothing
nothing
nothing
nothing
nothing
nothing
nothing
nothing
nothing
nothing
nothing
nothing
nothing
nothing

dfbasis_scf=special
def2-QZVPP-RI-JK
def2-QZVPP-RI-JK
def2-QZVPP-RI-JK
def2-QZVPP-RI-JK
def2-QZVPP-RI-JK
def2-QZVPP-RI-JK
def2-QZVPP-RI-JK
def2-QZVPP-RI-JK
def2-QZVPP-RI-JK
def2-QZVPP-RI-JK
def2-QZVPP-RI-JK
nothing
nothing
nothing
nothing
nothing
nothing
nothing
nothing
nothing
nothing
nothing
nothing
nothing
nothing
nothing
nothing
nothing
nothing
nothing
nothing
nothing
nothing
nothing
nothing
nothing

dfbasis_cor=special
aug-cc-pVTZ-RI
aug-cc-pVTZ-RI
aug-cc-pVTZ-RI
aug-cc-pVTZ-RI
aug-cc-pVTZ-RI
bse_CVTZ_mp2fit
aug-cc-pVTZ-RI
aug-cc-pVTZ-RI
aug-cc-pVTZ-RI
aug-cc-pVTZ-RI
aug-cc-pVTZ-RI
nothing
nothing
nothing
nothing
nothing
nothing
nothing
nothing
nothing
nothing
nothing
nothing
nothing
nothing
nothing
nothing
nothing
nothing
nothing
nothing
nothing
nothing
nothing
nothing
nothing

ecp=special
none
none
none
none
none
none
none
none
none
none
none
ECP-12
ECP-12
ECP-12
ECP-12
ECP-12
ECP-12
ECP-12
ECP-12
ECP-12
ECP-12
ECP-12
ECP-12
ECP-12
ECP-12
ECP-12
ECP-12
ECP-12
ECP-12
ECP-12
ECP-12
ECP-12
ECP-12
ECP-12
ECP-12
ECP-12

unit=angs
geom=xyz
36
C1 H4 Mg1 O5 ECP25
C     0.00000006415   -0.00001930787    3.08759408404
H    -0.00000040690    0.89812293656    3.71746235133
H    -0.00000046095   -0.89810576974    3.71745126580
H     0.90393161602    0.00000078092    2.46233355816
H    -0.90393233500    0.00000081918    2.46233320601
Mg    0.00000000000    0.00000000000   -0.03706705503
O    -0.00000009064    2.11144212086   -0.00543359663
O    -0.00000008555   -2.11144200804   -0.00543374182
O     2.11236193384   -0.00000001173   -0.00031603319
O    -2.11236176280   -0.00000005353   -0.00031610707
O     0.00000002086    0.00000002808   -2.15483520451
Mg   -2.10926338781    2.11106850377   -0.04919051637
Mg    2.10926348709    2.11106854471   -0.04919024713
Mg    2.10926346373   -2.11106860766   -0.04919025047
Mg   -2.10926347788   -2.11106855668   -0.04919059204
Mg   -0.00000016683    2.10941214786   -2.15086819119
Mg   -0.00000011484   -2.10941206996   -2.15086852727
Mg   -2.10933150267    0.00000010683   -2.15148596685
Mg    2.10933153095    0.00000002445   -2.15148584377
Mg   -0.00000006486    4.22049360725   -0.04840206101
Mg   -0.00000006486   -4.22049344857   -0.04840206101
Mg   -4.22049355717    0.00000004780   -0.04994278871
Mg    4.22049349864    0.00000004780   -0.04994278871
Mg   -0.00000011920    0.00000009893   -4.27642632973
Mg   -4.22049362330    2.11051838806   -2.15174427761
Mg    4.22049343251    2.11051838806   -2.15174427761
Mg    4.22049346398   -2.11051827857   -2.15174419716
Mg   -4.22049359184   -2.11051827857   -2.15174419716
Mg   -2.11030792409    4.22049360823   -2.15187242290
Mg    2.11030787446    4.22049367221   -2.15187250396
Mg    2.11030787446   -4.22049338360   -2.15187250396
Mg   -2.11030792409   -4.22049344759   -2.15187242290
Mg   -2.11024688315    2.11024686288   -4.27642632973
Mg    2.11024664475    2.11024686288   -4.27642632973
Mg    2.11024664475   -2.11024666502   -4.27642632973
Mg   -2.11024688315   -2.11024666502   -4.27642632973


ghost=serialno
1-5

qmmm=Amber
pointcharges
10185
     -2.10926338781    2.11106850377   -0.04919051637    2.00000000000
      2.10926348709    2.11106854471   -0.04919024713    2.00000000000
      2.10926346373   -2.11106860766   -0.04919025047    2.00000000000
     -2.10926347788   -2.11106855668   -0.04919059204    2.00000000000
--------------------Output has been truncated-------------------------


--------------------Output has been truncated-------------------------


--------------------Output has been truncated-------------------------


--------------------Output has been truncated-------------------------


--------------------Output has been truncated-------------------------


--------------------Output has been truncated-------------------------


--------------------Output has been truncated-------------------------


--------------------Output has been truncated-------------------------


--------------------Output has been truncated-------------------------


--------------------Output has been truncated-------------------------


 
 Final local CC results:
 
 Minimum number of correlated electrons:        38       ( 79.2%)
 Maximum number of correlated electrons:        48       (100.0%)
 Average number of correlated electrons:        41.0     ( 85.4%)
 Minimum number of correlated orbitals:         80       ( 19.0%)
 Maximum number of correlated orbitals:        132       ( 31.4%)
 Average number of correlated orbitals:        108.7     ( 25.8%)
 
 CPU time for integral calculations [min]:                  1.940
 Wall time for integral calculations [min]:                 0.549
 
 CPU time for SCF calculation [min]:                       10.737
 Wall time for SCF calculation [min]:                       0.278
 
 CPU time for orbital localization [min]:                   0.117
 Wall time for orbital localization [min]:                  0.008
 
 CPU time for integral transformations [min]:             120.391
 Wall time for integral transformations [min]:              3.146
 
 Reference energy [au]:                                 -9951.940542100236
 
 LMP2 correlation energy [au]:                             -1.630174967695
 Total LMP2 energy [au]:                                -9953.570717067931
 
 Total MP2 correction for dropped NAFs [au]:               -0.000073439719
 Total MP2 correction [au]:                                -0.002613040526
 
 CPU time for CCSD calculations [min]:                     60.301
 Total CPU time for CCSD [min]:                           193.486
 Wall time for CCSD calculations [min]:                     1.597
 Total wall time for CCSD [min]:                            5.578
 
 CCSD correlation energy [au]:                             -1.621526399259
 Total CCSD energy [au]:                                -9953.562068499494
 CCSD correlation energy + 0.5 MP2 corrections [au]:       -1.622832919522
 Total LNO-CCSD energy with MP2 corrections [au]:       -9953.563375019758
 
 CPU time for (T) corrections [min]:                       55.442
 Total CPU time for CCSD(T) [min]:                        248.928
 Wall time for (T) corrections [min]:                       1.394
 Total wall time for CCSD(T) [min]:                         6.972
 
 Total (T) correlation energy contribution [au]:           -0.055349447381
 Total (T) correlation energy+0.5 MP2 correction [au]:     -0.056655967644
 CCSD(T) correlation energy [au]:                          -1.676875846640
 Total CCSD(T) energy [au]:                             -9953.617417946876
 CCSD(T) correlation energy + MP2 corrections [au]:        -1.679488887166
 Total LNO-CCSD(T) energy with MP2 corrections [au]:    -9953.620030987402
 
 ======================================================================
 ======================================================================
 
 ************************ 2022-11-13 05:08:19 *************************
                      Normal termination of mrcc.
 **********************************************************************
