 **********************************************************************
                          MRCC program system
 **********************************************************************
 
                              Written by
     Mihaly Kallay, Peter R. Nagy, David Mester, Laszlo Gyevi-Nagy,
        Jozsef Csoka, P. Bernat Szabo, Zoltan Rolik, Gyula Samu,
     Jozsef Csontos, Bence Hegely, Adam Ganyecz, Istvan Ladjanszki,
       Lorant Szegedy, Bence Ladoczki, Klara Petrov, Mate Farkas,
                    Pal D. Mezei, and Reka A. Horvath
 
        Department of Physical Chemistry and Materials Science
            Budapest University of Technology and Economics
                  Budapest P.O.Box 91, H-1521 Hungary
 
                              www.mrcc.hu
 
                      Release date: March 18, 2022

 ************************ 2023-02-05 13:19:00 *************************
 Executing minp...

 Reading input from MINP...
 
 Input file:
 
calc=FNO-CCSD(T)
verbosity=3
mem=220GB
unit=angs
scfiguess=small
scfalg=locfit1
ccmaxit=400
ccsdalg=dfdirect
ccsdthreads=4
ccsdmkl=thr
ptthreads=4
lnoepsv=1e-5
naf_cor=1e-2
basis=aug-cc-pVQZ
basis_sm=def2-SVP
dfbasis_scf=def2-QZVPP-RI-JK
dfbasis_cor=aug-cc-pVQZ-RI
unit=angs
geom=xyz
16

C    34.41670262    34.07107264    10.41543014
C    33.11117461    33.45680459    10.91530835
H    34.24160149    35.00442132     9.86225048
H    34.94674030    33.36940783     9.75379242
H    35.10002891    34.30603621    11.24227357
H    32.42643037    33.26105434    10.07939442
H    32.59136835    34.12756100    11.61262818
H    33.28915165    32.50678735    11.43686767
C    45.74245317    48.84299654    10.40841099
C    47.04217115    48.22916242    10.92356869
H    45.21721276    48.13879085     9.74571409
H    45.92448905    49.77393588     9.85291346
H    45.05142584    49.08363081    11.22702485
H    47.73601157    48.03252119    10.09551480
H    46.85793094    47.27964286    11.44396498
H    47.55429059    48.90070429    11.62587494

--------------------Output has been truncated-------------------------


--------------------Output has been truncated-------------------------


--------------------Output has been truncated-------------------------


--------------------Output has been truncated-------------------------


--------------------Output has been truncated-------------------------


--------------------Output has been truncated-------------------------


--------------------Output has been truncated-------------------------


--------------------Output has been truncated-------------------------


--------------------Output has been truncated-------------------------


--------------------Output has been truncated-------------------------


 
 Reference energy [au]:                      -158.528862307282
 DF-MP2 singlet pair energy [au]:              -0.635445742019
 DF-MP2 triplet pair energy [au]:              -0.153813223067
 DF-SCS-MP2 correlation energy [au]:           -0.813805964778
 DF-SCS-MP2 energy [au]:                     -159.342668272060
 DF-SOS-MP2 correlation energy [au]:           -0.826079464624
 DF-SOS-MP2 energy [au]:                     -159.354941771906
 DF-MP2 correlation energy [au]:               -0.789258965086
 DF-MP2 energy [au]:                         -159.318121272368

 Results in FNO basis:
 
 
 Reference energy [au]:                      -158.528862307282
 DF-MP2 singlet pair energy [au]:              -0.625098541643
 DF-MP2 triplet pair energy [au]:              -0.153241450664
 DF-SCS-MP2 correlation energy [au]:           -0.801198733526
 DF-SCS-MP2 energy [au]:                     -159.330061040809
 DF-SOS-MP2 correlation energy [au]:           -0.812628104136
 DF-SOS-MP2 energy [au]:                     -159.341490411418
 DF-MP2 correlation energy [au]:               -0.778339992307
 DF-MP2 energy [au]:                         -159.307202299589

 Results in NAF basis:
 
 
 Reference energy [au]:                      -158.528862307282
 DF-MP2 singlet pair energy [au]:              -0.625056592831
 DF-MP2 triplet pair energy [au]:              -0.153257454880
 DF-SCS-MP2 correlation energy [au]:           -0.801153729691
 DF-SCS-MP2 energy [au]:                     -159.330016036973
 DF-SOS-MP2 correlation energy [au]:           -0.812573570681
 DF-SOS-MP2 energy [au]:                     -159.341435877963
 DF-MP2 correlation energy [au]:               -0.778314047712
 DF-MP2 energy [au]:                         -159.307176354994

 ************************ 2023-02-05 13:21:09 *************************
 Executing ccsd...

 Allocation of 220.0 Gbytes of memory...

 Direct DF-CCSD(T) calculation
 
 Convergence criterion:  1.0E-06
 
 Number of occupied/virtual/auxiliary orbitals:    14   350  1102
   6895.51 MB is the minimal memory requirement for (T)
   1574.97 MB is the minimal memory requirement for CCSD
 
 Reference energy [au]:            -158.528862307282
 T1 contribution [au]:                0.000000000000
 Same spin MP2 energy [au]:          -0.153249447645
 Opposite spin MP2 energy [au]:      -0.625077557823
 MP2 correlation energy [au]:        -0.778327005468
 Total MP2 energy [au]:            -159.307189312750
 MP2 correction [au]:                -0.010931959618
 
 
 CPU time [min]:     1.549                   Wall time [min]:     0.460
 
 Starting CCSD iterations...
 
                     Residual norm          Energy
 Iteration  1        0.253998884323     -159.343015056250
 Iteration  2        0.062948830774     -159.362179576425
 Iteration  3        0.018512026710     -159.364451099792
 Iteration  4        0.003748121594     -159.364465540235
 Iteration  5        0.000793338628     -159.364477272951
 Iteration  6        0.000221937522     -159.364481374194
 Iteration  7        0.000052462975     -159.364480923997
 Iteration  8        0.000014140966     -159.364481651772
 Iteration  9        0.000002817612     -159.364481608952
 
 CCSD iteration has converged in  9 steps.
    59039.49 MB memory was utilized by CCSD
 
 T1 diagnostic:      8.231E-03            D1 diagnostic:      1.428E-02
 
 T1 contribution [au]:                                  0.000000000000
 PPL energy contribution [au]:                          0.217871573450
 Scaled PPL energy contribution [au]:                   0.220951055958

 OS-PPL energy contribution [au]:                       0.191085109618
 Scaled OS-PPL energy contribution [au]:                0.194274956482
 SS-PPL energy contribution [au]:                       0.026786463833
 Scaled SS-PPL energy contribution [au]:                0.026882621137

 Opposite spin CCSD energy [au]:                       -0.690281513863
 Same spin CCSD energy [au]:                           -0.145353309685
 CCSD correlation energy [au]:                         -0.835634823548
 CCSD correlation energy + MP2 correction [au]:        -0.846566783165
 CCSD correlation energy + MP2 + PPL corr. [au]:       -0.843487300657
 Total CCSD energy [au]:                             -159.364497130830
 Total CCSD energy + MP2 correction [au]:            -159.375429090448
 Total CCSD energy + MP2 + PPL corr. [au]:           -159.372349607940
 
 CPU time [min]:   159.173                   Wall time [min]:     5.488
 
 Calculation of (T) correction...
 
 
     8828.31 MB memory is utilized for (T)

 0%       25%       50%       75%       100%
 |---------|---------|---------|---------| 
 
 (T) correction [au]:                                    -0.029525460722
 (T*) correction [au]:                                   -0.029940159354
 (T+) correction [au]:                                   -0.029933098251
 CCSD(T) correlation energy [au]:                        -0.865160284269
 CCSD(T) correlation energy + MP2 correction [au]:       -0.876092243887
 CCSD(T+) correlation en. + MP2 + PPL corr. [au]:        -0.873420398909
 Total CCSD(T) energy [au]:                            -159.394022591552
 Total CCSD(T) energy + MP2 correction [au]:           -159.404954551169
 Total CCSD(T+) energy + MP2 + PPL corr. [au]:         -159.402282706191
 
 CPU time [min]:   281.779                   Wall time [min]:     9.150
 
 ************************ 2023-02-05 13:30:19 *************************
                      Normal termination of mrcc.
 **********************************************************************
