================================================================================
                                       INPUT FILE
================================================================================
NAME = orca.inp
|  1>  ! TightSCF RI-MP2 RIJCOSX SlowConv DIIS
|  2> %maxcore 55000
|  3> %pal
|  4> nprocs 4
|  5> end
|  6> %pointcharges "orca.bq"
|  7> %method
|  8> Method hf
|  9> RI on
| 10> RunTyp Energy
| 11> NewNCore O 2 end
| 12> NewNCore Ti 18 end
| 13> NewNCore C 2 end
| 14> end
| 15> %basis
| 16> NewGTO Ti
| 17> "cc-pVTZ"
| 18> end
| 19> NewGTO H
| 20> "aug-cc-pVTZ"
| 21> end
| 22> NewGTO O
| 23> "aug-cc-pVTZ"
| 24> end
| 25> NewGTO C
| 26> "aug-cc-pVTZ"
| 27> end
| 28> NewAuxCGTO Ti
| 29> "cc-pVTZ/C"
| 30> end
| 31> NewAuxCGTO H
| 32> "aug-cc-pVTZ/C"
| 33> end
| 34> NewAuxCGTO O 
| 35> "aug-cc-pVTZ/C"
| 36> end
| 37> NewAuxCGTO C 
| 38> "aug-cc-pVTZ/C"
| 39> end
| 40> Aux "def2/J"    
| 41> end
| 42> %scf
| 43> HFTyp rhf
| 44> Guess MORead
| 45> MOInp "orca_svp_start.gbw"
| 46> SCFMode Direct
| 47> sthresh 1e-6
| 48> AutoTRAHIter 60
| 49> MaxIter 1000
| 50> end
| 51> %coords
| 52> CTyp xyz
| 53> Mult 1
| 54> Units angs
| 55>       Charge -48
| 56>   coords
| 57> C:                     -0.00000430917    1.31509164067    1.42857598049
| 58> O:                     -0.00000574611    2.47911189179    1.59383662211
| 59> O:                     -0.00000267128    0.14922737618    1.23368264549
| 60> Ti                      0.00000000000    0.00000000000   -1.44256391667
| 61> O                       0.00000024093    0.01111718398   -3.26027565441
| 62> O                       1.22732106558   -1.47578819880   -1.15995863404
| 63> O                      -1.22732086204   -1.47578812926   -1.15995869046
| 64> O                      -1.22489961421    1.49745915609   -1.15300400298
| 65> O                       1.22489957656    1.49745925465   -1.15300314847
| 66> Ti                      0.00000020254   -2.94916952236   -1.46573875063
| 67> Ti                      0.00000027915    2.97595395145   -1.46419592765
| 68> O                      -3.25778056690    0.01214663029   -2.57711744614
| 69> O                       3.25778030978    0.01214679184   -2.57711733675
| 70> O                       0.00000009680   -2.95113360904   -3.27202148623
| 71> O                       0.00000022729    2.97325748899   -3.27119649418
| 72> Ti                      0.00000074038   -1.46370376776   -4.63260032643
| 73> Ti                     -0.00000044463    1.48727558783   -4.63020748467
| 74> O                      -3.23558968288    0.01536946511   -0.00271414281
| 75> O                       3.23558990257    0.01536932651   -0.00271402688
| 76> Ti                      3.25176697271   -1.46620422283   -1.08472223800
| 77> Ti                     -3.25176665366   -1.46620409450   -1.08472231324
| 78> Ti                     -3.25103578484    1.49172800415   -1.09340727928
| 79> Ti                      3.25103599127    1.49172790646   -1.09340699921
| 80> O                       1.94910748287   -1.46703369796   -4.54444438991
| 81> O                      -1.94910742346   -1.46703365193   -4.54444396026
| 82> O                      -1.94914394803    1.49050975445   -4.54500087025
| 83> O                       1.94914403776    1.49050973678   -4.54500127829
| 84> O                      -0.00000004581    0.01187131580   -5.82119562668
| 85> O                       3.25581760512   -2.94733576416   -2.57564683672
| 86> O                      -3.25581761156   -2.94733571766   -2.57564673075
| 87> O                      -3.25560503254    2.97087383308   -2.57707191415
| 88> O                       3.25560483141    2.97087372847   -2.57707186737
| 89> O                       1.22452658325   -4.42618281315   -1.13893172032
| 90> O                      -1.22452637092   -4.42618276983   -1.13893151157
| 91> O                       3.25002794090   -2.94410910435   -0.00086982439
| 92> O                      -3.25002777557   -2.94410900153   -0.00086970982
| 93> O                      -3.24319149083    2.96606592429   -0.00179606478
| 94> O                       3.24319172453    2.96606599032   -0.00179600181
| 95> O                      -1.22505590052    4.45213695333   -1.14542808143
| 96> O                       1.22505610086    4.45213696798   -1.14542826112
| 97> O                      -0.00000007084   -2.94277829417   -5.82416666746
| 98> O                      -0.00000003488    2.96601552843   -5.82354587699
| 99> O                       5.27848928068   -1.46558907870   -1.13395795255
|100> O                      -5.27848912649   -1.46558906999   -1.13395788044
|101> O                      -5.27851440728    1.49038163026   -1.13450422766
|102> O                       5.27851461637    1.49038164738   -1.13450418060
|103> Ti                      3.25016571393   -4.42452753568   -1.08384236698
|104> Ti                     -3.25016555176   -4.42452752611   -1.08384202204
|105> Ti                     -3.24938595146    4.44805170014   -1.08307226799
|106> Ti                      3.24938628337    4.44805160044   -1.08307232889
|107> Ti                      0.00000002858   -5.90318659064   -1.46546448187
|108> Ti                      0.00000002858    5.92719489018   -1.46546448187
|109> O                       0.00000009360   -5.90250416145   -3.27183476956
|110> O                       0.00000009360    5.92787731937   -3.27183476956
|111> Ti                     -6.50199202602    0.01230862848   -1.46105206143
|112> Ti                      6.50199207752    0.01230862848   -1.46105206143
|113> O                      -6.50199192588    0.01199367751   -3.26754500332
|114> O                       6.50199217767    0.01199367751   -3.26754500332
|115> O                       3.25289603130   -5.90315525632   -2.57497608436
|116> O                      -3.25289599689   -5.90315536447   -2.57497594349
|117> O                      -3.25289599689    5.92722611636   -2.57497594349
|118> O                       3.25289603130    5.92722622450   -2.57497608436
|119> O                       3.25248696960   -5.90384467089   -0.00000020836
|120> O                      -3.25248687075   -5.90384466245    0.00000000000
|121> O                       5.27909340525   -4.42424488660   -1.13602191341
|122> O                      -5.27909319170   -4.42424492616   -1.13602193978
|123> O                      -5.27854142203    4.44731491313   -1.13528206565
|124> O                       5.27854163950    4.44731484722   -1.13528206225
|125> O                      -3.25248687075    5.92653681837    0.00000000000
|126> O                       3.25248696960    5.92653680993   -0.00000020836
|127> O                       1.22505610086   -7.37824451284   -1.14542826112
|128> O                      -1.22505590052   -7.37824452749   -1.14542808143
|129> O                      -1.22452637092    7.40419871099   -1.13893151157
|130> O                       1.22452658325    7.40419866767   -1.13893172032
|131> O                       7.72549497706   -1.46558906999   -1.13395788044
|132> O                      -7.72549482286   -1.46558907870   -1.13395795255
|133> O                      -7.72546948718    1.49038164738   -1.13450418060
|134> O                       7.72546969627    1.49038163026   -1.13450422766
|135> Ti>    4.00000000000   -3.25154958675    0.01148246660   -4.43823110500
|136> NewECP
|137> N_core 0
|138>   lmax f
|139>   s 2
|140>    1      0.860000       9.191690  2
|141>    2      0.172000       0.008301  2
|142>   p 2
|143>    1      0.860000      17.997720  2
|144>    2      0.172000      -0.032600  2
|145>   d 2
|146>    1      1.600000      -9.504310  2
|147>    2      0.320000      -0.151370  2
|148>   f 1
|149>    1      1.000000000    0.000000000 2
|150> end
|151> Ti>    4.00000000000    3.25154967935    0.01148238996   -4.43823094102
|152> NewECP
|153> N_core 0
|154>   lmax f
|155>   s 2
|156>    1      0.860000       9.191690  2
|157>    2      0.172000       0.008301  2
|158>   p 2
|159>    1      0.860000      17.997720  2
|160>    2      0.172000      -0.032600  2
|161>   d 2
|162>    1      1.600000      -9.504310  2
|163>    2      0.320000      -0.151370  2
|164>   f 1
|165>    1      1.000000000    0.000000000 2
|166> end
|167> Ti>    4.00000000000    3.25126627741   -2.94623381254   -4.43568993978
|168> NewECP
|169> N_core 0
|170>   lmax f
|171>   s 2
|172>    1      0.860000       9.191690  2
|173>    2      0.172000       0.008301  2
|174>   p 2
|175>    1      0.860000      17.997720  2
|176>    2      0.172000      -0.032600  2
|177>   d 2
|178>    1      1.600000      -9.504310  2
|179>    2      0.320000      -0.151370  2
|180>   f 1
|181>    1      1.000000000    0.000000000 2
|182> end
|183> Ti>    4.00000000000   -3.25126345341   -2.94623424325   -4.43568976119
|184> NewECP
|185> N_core 0
|186>   lmax f
|187>   s 2
|188>    1      0.860000       9.191690  2
|189>    2      0.172000       0.008301  2
|190>   p 2
|191>    1      0.860000      17.997720  2
|192>    2      0.172000      -0.032600  2
|193>   d 2
|194>    1      1.600000      -9.504310  2
|195>    2      0.320000      -0.151370  2
|196>   f 1
|197>    1      1.000000000    0.000000000 2
|198> end
|199> Ti>    4.00000000000   -3.25128086190    2.96976901046   -4.43864233812
|200> NewECP
|201> N_core 0
|202>   lmax f
|203>   s 2
|204>    1      0.860000       9.191690  2
|205>    2      0.172000       0.008301  2
|206>   p 2
|207>    1      0.860000      17.997720  2
|208>    2      0.172000      -0.032600  2
|209>   d 2
|210>    1      1.600000      -9.504310  2
|211>    2      0.320000      -0.151370  2
|212>   f 1
|213>    1      1.000000000    0.000000000 2
|214> end
|215> Ti>    4.00000000000    3.25127930838    2.96976910195   -4.43864227428
|216> NewECP
|217> N_core 0
|218>   lmax f
|219>   s 2
|220>    1      0.860000       9.191690  2
|221>    2      0.172000       0.008301  2
|222>   p 2
|223>    1      0.860000      17.997720  2
|224>    2      0.172000      -0.032600  2
|225>   d 2
|226>    1      1.600000      -9.504310  2
|227>    2      0.320000      -0.151370  2
|228>   f 1
|229>    1      1.000000000    0.000000000 2
|230> end
|231> Ti>    4.00000000000    0.00000160963   -4.42332381644   -4.64323864462
|232> NewECP
|233> N_core 0
|234>   lmax f
|235>   s 2
|236>    1      0.860000       9.191690  2
|237>    2      0.172000       0.008301  2
|238>   p 2
|239>    1      0.860000      17.997720  2
|240>    2      0.172000      -0.032600  2
|241>   d 2
|242>    1      1.600000      -9.504310  2
|243>    2      0.320000      -0.151370  2
|244>   f 1
|245>    1      1.000000000    0.000000000 2
|246> end
|247> Ti>    4.00000000000   -0.00000040544    4.44613061925   -4.64292724999
|248> NewECP
|249> N_core 0
|250>   lmax f
|251>   s 2
|252>    1      0.860000       9.191690  2
|253>    2      0.172000       0.008301  2
|254>   p 2
|255>    1      0.860000      17.997720  2
|256>    2      0.172000      -0.032600  2
|257>   d 2
|258>    1      1.600000      -9.504310  2
|259>    2      0.320000      -0.151370  2
|260>   f 1
|261>    1      1.000000000    0.000000000 2
|262> end
|263> Ti>    4.00000000000    0.00000011657    0.01175357416   -7.82073409235
|264> NewECP
|265> N_core 0
|266>   lmax f
|267>   s 2
|268>    1      0.860000       9.191690  2
|269>    2      0.172000       0.008301  2
|270>   p 2
|271>    1      0.860000      17.997720  2
|272>    2      0.172000      -0.032600  2
|273>   d 2
|274>    1      1.600000      -9.504310  2
|275>    2      0.320000      -0.151370  2
|276>   f 1
|277>    1      1.000000000    0.000000000 2
|278> end
|279> Ti>    4.00000000000    0.00000011657   -2.94584179605   -7.82073409235
|280> NewECP
|281> N_core 0
|282>   lmax f
|283>   s 2
|284>    1      0.860000       9.191690  2
|285>    2      0.172000       0.008301  2
|286>   p 2
|287>    1      0.860000      17.997720  2
|288>    2      0.172000      -0.032600  2
|289>   d 2
|290>    1      1.600000      -9.504310  2
|291>    2      0.320000      -0.151370  2
|292>   f 1
|293>    1      1.000000000    0.000000000 2
|294> end
|295> Ti>    4.00000000000    0.00000011657    2.96934894436   -7.82073409235
|296> NewECP
|297> N_core 0
|298>   lmax f
|299>   s 2
|300>    1      0.860000       9.191690  2
|301>    2      0.172000       0.008301  2
|302>   p 2
|303>    1      0.860000      17.997720  2
|304>    2      0.172000      -0.032600  2
|305>   d 2
|306>    1      1.600000      -9.504310  2
|307>    2      0.320000      -0.151370  2
|308>   f 1
|309>    1      1.000000000    0.000000000 2
|310> end
|311> Ti>    4.00000000000    6.50199235511   -2.94621452929   -1.46030404955
|312> NewECP
|313> N_core 0
|314>   lmax f
|315>   s 2
|316>    1      0.860000       9.191690  2
|317>    2      0.172000       0.008301  2
|318>   p 2
|319>    1      0.860000      17.997720  2
|320>    2      0.172000      -0.032600  2
|321>   d 2
|322>    1      1.600000      -9.504310  2
|323>    2      0.320000      -0.151370  2
|324>   f 1
|325>    1      1.000000000    0.000000000 2
|326> end
|327> Ti>    4.00000000000   -6.50199174844   -2.94621452929   -1.46030404955
|328> NewECP
|329> N_core 0
|330>   lmax f
|331>   s 2
|332>    1      0.860000       9.191690  2
|333>    2      0.172000       0.008301  2
|334>   p 2
|335>    1      0.860000      17.997720  2
|336>    2      0.172000      -0.032600  2
|337>   d 2
|338>    1      1.600000      -9.504310  2
|339>    2      0.320000      -0.151370  2
|340>   f 1
|341>    1      1.000000000    0.000000000 2
|342> end
|343> Ti>    4.00000000000   -6.50199173324    2.96991919178   -1.46071103296
|344> NewECP
|345> N_core 0
|346>   lmax f
|347>   s 2
|348>    1      0.860000       9.191690  2
|349>    2      0.172000       0.008301  2
|350>   p 2
|351>    1      0.860000      17.997720  2
|352>    2      0.172000      -0.032600  2
|353>   d 2
|354>    1      1.600000      -9.504310  2
|355>    2      0.320000      -0.151370  2
|356>   f 1
|357>    1      1.000000000    0.000000000 2
|358> end
|359> Ti>    4.00000000000    6.50199237030    2.96991919178   -1.46071103296
|360> NewECP
|361> N_core 0
|362>   lmax f
|363>   s 2
|364>    1      0.860000       9.191690  2
|365>    2      0.172000       0.008301  2
|366>   p 2
|367>    1      0.860000      17.997720  2
|368>    2      0.172000      -0.032600  2
|369>   d 2
|370>    1      1.600000      -9.504310  2
|371>    2      0.320000      -0.151370  2
|372>   f 1
|373>    1      1.000000000    0.000000000 2
|374> end
|375> Ti>    4.00000000000    3.25099614245   -1.46704411095   -7.82073409235
|376> NewECP
|377> N_core 0
|378>   lmax f
|379>   s 2
|380>    1      0.860000       9.191690  2
|381>    2      0.172000       0.008301  2
|382>   p 2
|383>    1      0.860000      17.997720  2
|384>    2      0.172000      -0.032600  2
|385>   d 2
|386>    1      1.600000      -9.504310  2
|387>    2      0.320000      -0.151370  2
|388>   f 1
|389>    1      1.000000000    0.000000000 2
|390> end
|391> Ti>    4.00000000000   -3.25099590932   -1.46704411095   -7.82073409235
|392> NewECP
|393> N_core 0
|394>   lmax f
|395>   s 2
|396>    1      0.860000       9.191690  2
|397>    2      0.172000       0.008301  2
|398>   p 2
|399>    1      0.860000      17.997720  2
|400>    2      0.172000      -0.032600  2
|401>   d 2
|402>    1      1.600000      -9.504310  2
|403>    2      0.320000      -0.151370  2
|404>   f 1
|405>    1      1.000000000    0.000000000 2
|406> end
|407> Ti>    4.00000000000   -3.25099590932    1.49055125926   -7.82073409235
|408> NewECP
|409> N_core 0
|410>   lmax f
|411>   s 2
|412>    1      0.860000       9.191690  2
|413>    2      0.172000       0.008301  2
|414>   p 2
|415>    1      0.860000      17.997720  2
|416>    2      0.172000      -0.032600  2
|417>   d 2
|418>    1      1.600000      -9.504310  2
|419>    2      0.320000      -0.151370  2
|420>   f 1
|421>    1      1.000000000    0.000000000 2
|422> end
|423> Ti>    4.00000000000    3.25099614245    1.49055125926   -7.82073409235
|424> NewECP
|425> N_core 0
|426>   lmax f
|427>   s 2
|428>    1      0.860000       9.191690  2
|429>    2      0.172000       0.008301  2
|430>   p 2
|431>    1      0.860000      17.997720  2
|432>    2      0.172000      -0.032600  2
|433>   d 2
|434>    1      1.600000      -9.504310  2
|435>    2      0.320000      -0.151370  2
|436>   f 1
|437>    1      1.000000000    0.000000000 2
|438> end
|439> Ti>    4.00000000000    3.25078433582   -5.90328484533   -4.43558888253
|440> NewECP
|441> N_core 0
|442>   lmax f
|443>   s 2
|444>    1      0.860000       9.191690  2
|445>    2      0.172000       0.008301  2
|446>   p 2
|447>    1      0.860000      17.997720  2
|448>    2      0.172000      -0.032600  2
|449>   d 2
|450>    1      1.600000      -9.504310  2
|451>    2      0.320000      -0.151370  2
|452>   f 1
|453>    1      1.000000000    0.000000000 2
|454> end
|455> Ti>    4.00000000000   -3.25078328814   -5.90328453587   -4.43558876573
|456> NewECP
|457> N_core 0
|458>   lmax f
|459>   s 2
|460>    1      0.860000       9.191690  2
|461>    2      0.172000       0.008301  2
|462>   p 2
|463>    1      0.860000      17.997720  2
|464>    2      0.172000      -0.032600  2
|465>   d 2
|466>    1      1.600000      -9.504310  2
|467>    2      0.320000      -0.151370  2
|468>   f 1
|469>    1      1.000000000    0.000000000 2
|470> end
|471> Ti>    4.00000000000    6.50199325613   -1.46711326301   -4.63914156862
|472> NewECP
|473> N_core 0
|474>   lmax f
|475>   s 2
|476>    1      0.860000       9.191690  2
|477>    2      0.172000       0.008301  2
|478>   p 2
|479>    1      0.860000      17.997720  2
|480>    2      0.172000      -0.032600  2
|481>   d 2
|482>    1      1.600000      -9.504310  2
|483>    2      0.320000      -0.151370  2
|484>   f 1
|485>    1      1.000000000    0.000000000 2
|486> end
|487> Ti>    4.00000000000   -6.50199084742   -1.46711326301   -4.63914156862
|488> NewECP
|489> N_core 0
|490>   lmax f
|491>   s 2
|492>    1      0.860000       9.191690  2
|493>    2      0.172000       0.008301  2
|494>   p 2
|495>    1      0.860000      17.997720  2
|496>    2      0.172000      -0.032600  2
|497>   d 2
|498>    1      1.600000      -9.504310  2
|499>    2      0.320000      -0.151370  2
|500>   f 1
|501>    1      1.000000000    0.000000000 2
|502> end
|503> Ti>    4.00000000000   -3.25078328814    5.92709694496   -4.43558876573
|504> NewECP
|505> N_core 0
|506>   lmax f
|507>   s 2
|508>    1      0.860000       9.191690  2
|509>    2      0.172000       0.008301  2
|510>   p 2
|511>    1      0.860000      17.997720  2
|512>    2      0.172000      -0.032600  2
|513>   d 2
|514>    1      1.600000      -9.504310  2
|515>    2      0.320000      -0.151370  2
|516>   f 1
|517>    1      1.000000000    0.000000000 2
|518> end
|519> Ti>    4.00000000000    3.25078433582    5.92709663550   -4.43558888253
|520> NewECP
|521> N_core 0
|522>   lmax f
|523>   s 2
|524>    1      0.860000       9.191690  2
|525>    2      0.172000       0.008301  2
|526>   p 2
|527>    1      0.860000      17.997720  2
|528>    2      0.172000      -0.032600  2
|529>   d 2
|530>    1      1.600000      -9.504310  2
|531>    2      0.320000      -0.151370  2
|532>   f 1
|533>    1      1.000000000    0.000000000 2
|534> end
|535> Ti>    4.00000000000   -6.50199272809    1.49070034015   -4.63923909380
|536> NewECP
|537> N_core 0
|538>   lmax f
|539>   s 2
|540>    1      0.860000       9.191690  2
|541>    2      0.172000       0.008301  2
|542>   p 2
|543>    1      0.860000      17.997720  2
|544>    2      0.172000      -0.032600  2
|545>   d 2
|546>    1      1.600000      -9.504310  2
|547>    2      0.320000      -0.151370  2
|548>   f 1
|549>    1      1.000000000    0.000000000 2
|550> end
|551> Ti>    4.00000000000    6.50199137546    1.49070034015   -4.63923909380
|552> NewECP
|553> N_core 0
|554>   lmax f
|555>   s 2
|556>    1      0.860000       9.191690  2
|557>    2      0.172000       0.008301  2
|558>   p 2
|559>    1      0.860000      17.997720  2
|560>    2      0.172000      -0.032600  2
|561>   d 2
|562>    1      1.600000      -9.504310  2
|563>    2      0.320000      -0.151370  2
|564>   f 1
|565>    1      1.000000000    0.000000000 2
|566> end
|567> Ti>    4.00000000000   -0.00000040544   -7.38425086158   -4.64292724999
|568> NewECP
|569> N_core 0
|570>   lmax f
|571>   s 2
|572>    1      0.860000       9.191690  2
|573>    2      0.172000       0.008301  2
|574>   p 2
|575>    1      0.860000      17.997720  2
|576>    2      0.172000      -0.032600  2
|577>   d 2
|578>    1      1.600000      -9.504310  2
|579>    2      0.320000      -0.151370  2
|580>   f 1
|581>    1      1.000000000    0.000000000 2
|582> end
|583> Ti>    4.00000000000    0.00000160963    7.40705766438   -4.64323864462
|584> NewECP
|585> N_core 0
|586>   lmax f
|587>   s 2
|588>    1      0.860000       9.191690  2
|589>    2      0.172000       0.008301  2
|590>   p 2
|591>    1      0.860000      17.997720  2
|592>    2      0.172000      -0.032600  2
|593>   d 2
|594>    1      1.600000      -9.504310  2
|595>    2      0.320000      -0.151370  2
|596>   f 1
|597>    1      1.000000000    0.000000000 2
|598> end
|599> Ti>    4.00000000000    3.24938628337   -7.38232988038   -1.08307232889
|600> NewECP
|601> N_core 0
|602>   lmax f
|603>   s 2
|604>    1      0.860000       9.191690  2
|605>    2      0.172000       0.008301  2
|606>   p 2
|607>    1      0.860000      17.997720  2
|608>    2      0.172000      -0.032600  2
|609>   d 2
|610>    1      1.600000      -9.504310  2
|611>    2      0.320000      -0.151370  2
|612>   f 1
|613>    1      1.000000000    0.000000000 2
|614> end
|615> Ti>    4.00000000000   -3.24938595146   -7.38232978068   -1.08307226799
|616> NewECP
|617> N_core 0
|618>   lmax f
|619>   s 2
|620>    1      0.860000       9.191690  2
|621>    2      0.172000       0.008301  2
|622>   p 2
|623>    1      0.860000      17.997720  2
|624>    2      0.172000      -0.032600  2
|625>   d 2
|626>    1      1.600000      -9.504310  2
|627>    2      0.320000      -0.151370  2
|628>   f 1
|629>    1      1.000000000    0.000000000 2
|630> end
|631> Ti>    4.00000000000   -3.25016555176    7.40585395471   -1.08384202204
|632> NewECP
|633> N_core 0
|634>   lmax f
|635>   s 2
|636>    1      0.860000       9.191690  2
|637>    2      0.172000       0.008301  2
|638>   p 2
|639>    1      0.860000      17.997720  2
|640>    2      0.172000      -0.032600  2
|641>   d 2
|642>    1      1.600000      -9.504310  2
|643>    2      0.320000      -0.151370  2
|644>   f 1
|645>    1      1.000000000    0.000000000 2
|646> end
|647> Ti>    4.00000000000    3.25016571393    7.40585394514   -1.08384236698
|648> NewECP
|649> N_core 0
|650>   lmax f
|651>   s 2
|652>    1      0.860000       9.191690  2
|653>    2      0.172000       0.008301  2
|654>   p 2
|655>    1      0.860000      17.997720  2
|656>    2      0.172000      -0.032600  2
|657>   d 2
|658>    1      1.600000      -9.504310  2
|659>    2      0.320000      -0.151370  2
|660>   f 1
|661>    1      1.000000000    0.000000000 2
|662> end
|663> Ti>    4.00000000000    3.25099614245   -4.42463948115   -7.82073409235
|664> NewECP
|665> N_core 0
|666>   lmax f
|667>   s 2
|668>    1      0.860000       9.191690  2
|669>    2      0.172000       0.008301  2
|670>   p 2
|671>    1      0.860000      17.997720  2
|672>    2      0.172000      -0.032600  2
|673>   d 2
|674>    1      1.600000      -9.504310  2
|675>    2      0.320000      -0.151370  2
|676>   f 1
|677>    1      1.000000000    0.000000000 2
|678> end
|679> Ti>    4.00000000000   -3.25099590932   -4.42463948115   -7.82073409235
|680> NewECP
|681> N_core 0
|682>   lmax f
|683>   s 2
|684>    1      0.860000       9.191690  2
|685>    2      0.172000       0.008301  2
|686>   p 2
|687>    1      0.860000      17.997720  2
|688>    2      0.172000      -0.032600  2
|689>   d 2
|690>    1      1.600000      -9.504310  2
|691>    2      0.320000      -0.151370  2
|692>   f 1
|693>    1      1.000000000    0.000000000 2
|694> end
|695> Ti>    4.00000000000   -3.25099590932    4.44814662946   -7.82073409235
|696> NewECP
|697> N_core 0
|698>   lmax f
|699>   s 2
|700>    1      0.860000       9.191690  2
|701>    2      0.172000       0.008301  2
|702>   p 2
|703>    1      0.860000      17.997720  2
|704>    2      0.172000      -0.032600  2
|705>   d 2
|706>    1      1.600000      -9.504310  2
|707>    2      0.320000      -0.151370  2
|708>   f 1
|709>    1      1.000000000    0.000000000 2
|710> end
|711> Ti>    4.00000000000    3.25099614245    4.44814662946   -7.82073409235
|712> NewECP
|713> N_core 0
|714>   lmax f
|715>   s 2
|716>    1      0.860000       9.191690  2
|717>    2      0.172000       0.008301  2
|718>   p 2
|719>    1      0.860000      17.997720  2
|720>    2      0.172000      -0.032600  2
|721>   d 2
|722>    1      1.600000      -9.504310  2
|723>    2      0.320000      -0.151370  2
|724>   f 1
|725>    1      1.000000000    0.000000000 2
|726> end
|727> Ti>    4.00000000000    6.50199304146   -4.42479936996   -4.63865310007
|728> NewECP
|729> N_core 0
|730>   lmax f
|731>   s 2
|732>    1      0.860000       9.191690  2
|733>    2      0.172000       0.008301  2
|734>   p 2
|735>    1      0.860000      17.997720  2
|736>    2      0.172000      -0.032600  2
|737>   d 2
|738>    1      1.600000      -9.504310  2
|739>    2      0.320000      -0.151370  2
|740>   f 1
|741>    1      1.000000000    0.000000000 2
|742> end
|743> Ti>    4.00000000000   -6.50199106209   -4.42479936996   -4.63865310007
|744> NewECP
|745> N_core 0
|746>   lmax f
|747>   s 2
|748>    1      0.860000       9.191690  2
|749>    2      0.172000       0.008301  2
|750>   p 2
|751>    1      0.860000      17.997720  2
|752>    2      0.172000      -0.032600  2
|753>   d 2
|754>    1      1.600000      -9.504310  2
|755>    2      0.320000      -0.151370  2
|756>   f 1
|757>    1      1.000000000    0.000000000 2
|758> end
|759> Ti>    4.00000000000   -6.50199205762    4.44825299974   -4.63883844012
|760> NewECP
|761> N_core 0
|762>   lmax f
|763>   s 2
|764>    1      0.860000       9.191690  2
|765>    2      0.172000       0.008301  2
|766>   p 2
|767>    1      0.860000      17.997720  2
|768>    2      0.172000      -0.032600  2
|769>   d 2
|770>    1      1.600000      -9.504310  2
|771>    2      0.320000      -0.151370  2
|772>   f 1
|773>    1      1.000000000    0.000000000 2
|774> end
|775> Ti>    4.00000000000    6.50199204593    4.44825299974   -4.63883844012
|776> NewECP
|777> N_core 0
|778>   lmax f
|779>   s 2
|780>    1      0.860000       9.191690  2
|781>    2      0.172000       0.008301  2
|782>   p 2
|783>    1      0.860000      17.997720  2
|784>    2      0.172000      -0.032600  2
|785>   d 2
|786>    1      1.600000      -9.504310  2
|787>    2      0.320000      -0.151370  2
|788>   f 1
|789>    1      1.000000000    0.000000000 2
|790> end
|791> Ti>    4.00000000000    0.00000011657   -5.90343716625   -7.82073409235
|792> NewECP
|793> N_core 0
|794>   lmax f
|795>   s 2
|796>    1      0.860000       9.191690  2
|797>    2      0.172000       0.008301  2
|798>   p 2
|799>    1      0.860000      17.997720  2
|800>    2      0.172000      -0.032600  2
|801>   d 2
|802>    1      1.600000      -9.504310  2
|803>    2      0.320000      -0.151370  2
|804>   f 1
|805>    1      1.000000000    0.000000000 2
|806> end
|807> Ti>    4.00000000000    0.00000011657    5.92694431457   -7.82073409235
|808> NewECP
|809> N_core 0
|810>   lmax f
|811>   s 2
|812>    1      0.860000       9.191690  2
|813>    2      0.172000       0.008301  2
|814>   p 2
|815>    1      0.860000      17.997720  2
|816>    2      0.172000      -0.032600  2
|817>   d 2
|818>    1      1.600000      -9.504310  2
|819>    2      0.320000      -0.151370  2
|820>   f 1
|821>    1      1.000000000    0.000000000 2
|822> end
|823> Ti>    4.00000000000    6.50199201943   -5.90360595513   -1.46025532616
|824> NewECP
|825> N_core 0
|826>   lmax f
|827>   s 2
|828>    1      0.860000       9.191690  2
|829>    2      0.172000       0.008301  2
|830>   p 2
|831>    1      0.860000      17.997720  2
|832>    2      0.172000      -0.032600  2
|833>   d 2
|834>    1      1.600000      -9.504310  2
|835>    2      0.320000      -0.151370  2
|836>   f 1
|837>    1      1.000000000    0.000000000 2
|838> end
|839> Ti>    4.00000000000   -6.50199208412   -5.90360595513   -1.46025532616
|840> NewECP
|841> N_core 0
|842>   lmax f
|843>   s 2
|844>    1      0.860000       9.191690  2
|845>    2      0.172000       0.008301  2
|846>   p 2
|847>    1      0.860000      17.997720  2
|848>    2      0.172000      -0.032600  2
|849>   d 2
|850>    1      1.600000      -9.504310  2
|851>    2      0.320000      -0.151370  2
|852>   f 1
|853>    1      1.000000000    0.000000000 2
|854> end
|855> Ti>    4.00000000000   -6.50199208412    5.92677552570   -1.46025532616
|856> NewECP
|857> N_core 0
|858>   lmax f
|859>   s 2
|860>    1      0.860000       9.191690  2
|861>    2      0.172000       0.008301  2
|862>   p 2
|863>    1      0.860000      17.997720  2
|864>    2      0.172000      -0.032600  2
|865>   d 2
|866>    1      1.600000      -9.504310  2
|867>    2      0.320000      -0.151370  2
|868>   f 1
|869>    1      1.000000000    0.000000000 2
|870> end
|871> Ti>    4.00000000000    6.50199201943    5.92677552570   -1.46025532616
|872> NewECP
|873> N_core 0
|874>   lmax f
|875>   s 2
|876>    1      0.860000       9.191690  2
|877>    2      0.172000       0.008301  2
|878>   p 2
|879>    1      0.860000      17.997720  2
|880>    2      0.172000      -0.032600  2
|881>   d 2
|882>    1      1.600000      -9.504310  2
|883>    2      0.320000      -0.151370  2
|884>   f 1
|885>    1      1.000000000    0.000000000 2
|886> end
|887> Ti>    4.00000000000    0.00000027915   -8.85442752937   -1.46419592765
|888> NewECP
|889> N_core 0
|890>   lmax f
|891>   s 2
|892>    1      0.860000       9.191690  2
|893>    2      0.172000       0.008301  2
|894>   p 2
|895>    1      0.860000      17.997720  2
|896>    2      0.172000      -0.032600  2
|897>   d 2
|898>    1      1.600000      -9.504310  2
|899>    2      0.320000      -0.151370  2
|900>   f 1
|901>    1      1.000000000    0.000000000 2
|902> end
|903> Ti>    4.00000000000    0.00000020254    8.88121195847   -1.46573875063
|904> NewECP
|905> N_core 0
|906>   lmax f
|907>   s 2
|908>    1      0.860000       9.191690  2
|909>    2      0.172000       0.008301  2
|910>   p 2
|911>    1      0.860000      17.997720  2
|912>    2      0.172000      -0.032600  2
|913>   d 2
|914>    1      1.600000      -9.504310  2
|915>    2      0.320000      -0.151370  2
|916>   f 1
|917>    1      1.000000000    0.000000000 2
|918> end
|919> Ti>    4.00000000000   -6.50199193521    0.01175357416   -7.82073409235
|920> NewECP
|921> N_core 0
|922>   lmax f
|923>   s 2
|924>    1      0.860000       9.191690  2
|925>    2      0.172000       0.008301  2
|926>   p 2
|927>    1      0.860000      17.997720  2
|928>    2      0.172000      -0.032600  2
|929>   d 2
|930>    1      1.600000      -9.504310  2
|931>    2      0.320000      -0.151370  2
|932>   f 1
|933>    1      1.000000000    0.000000000 2
|934> end
|935> Ti>    4.00000000000    6.50199216834    0.01175357416   -7.82073409235
|936> NewECP
|937> N_core 0
|938>   lmax f
|939>   s 2
|940>    1      0.860000       9.191690  2
|941>    2      0.172000       0.008301  2
|942>   p 2
|943>    1      0.860000      17.997720  2
|944>    2      0.172000      -0.032600  2
|945>   d 2
|946>    1      1.600000      -9.504310  2
|947>    2      0.320000      -0.151370  2
|948>   f 1
|949>    1      1.000000000    0.000000000 2
|950> end
|951> Ti>    4.00000000000    6.50199216834   -2.94584179605   -7.82073409235
|952> NewECP
|953> N_core 0
|954>   lmax f
|955>   s 2
|956>    1      0.860000       9.191690  2
|957>    2      0.172000       0.008301  2
|958>   p 2
|959>    1      0.860000      17.997720  2
|960>    2      0.172000      -0.032600  2
|961>   d 2
|962>    1      1.600000      -9.504310  2
|963>    2      0.320000      -0.151370  2
|964>   f 1
|965>    1      1.000000000    0.000000000 2
|966> end
|967> Ti>    4.00000000000   -6.50199193521   -2.94584179605   -7.82073409235
|968> NewECP
|969> N_core 0
|970>   lmax f
|971>   s 2
|972>    1      0.860000       9.191690  2
|973>    2      0.172000       0.008301  2
|974>   p 2
|975>    1      0.860000      17.997720  2
|976>    2      0.172000      -0.032600  2
|977>   d 2
|978>    1      1.600000      -9.504310  2
|979>    2      0.320000      -0.151370  2
|980>   f 1
|981>    1      1.000000000    0.000000000 2
|982> end
|983> Ti>    4.00000000000   -6.50199193521    2.96934894436   -7.82073409235
|984> NewECP
|985> N_core 0
|986>   lmax f
|987>   s 2
|988>    1      0.860000       9.191690  2
|989>    2      0.172000       0.008301  2
|990>   p 2
|991>    1      0.860000      17.997720  2
|992>    2      0.172000      -0.032600  2
|993>   d 2
|994>    1      1.600000      -9.504310  2
|995>    2      0.320000      -0.151370  2
|996>   f 1
|997>    1      1.000000000    0.000000000 2
|998> end
|999> Ti>    4.00000000000    6.50199216834    2.96934894436   -7.82073409235
|1000> NewECP
|1001> N_core 0
|1002>   lmax f
|1003>   s 2
|1004>    1      0.860000       9.191690  2
|1005>    2      0.172000       0.008301  2
|1006>   p 2
|1007>    1      0.860000      17.997720  2
|1008>    2      0.172000      -0.032600  2
|1009>   d 2
|1010>    1      1.600000      -9.504310  2
|1011>    2      0.320000      -0.151370  2
|1012>   f 1
|1013>    1      1.000000000    0.000000000 2
|1014> end
|1015> Ti>    4.00000000000    0.00000011657   -1.46704411095  -11.07173011823
|1016> NewECP
|1017> N_core 0
|1018>   lmax f
|1019>   s 2
|1020>    1      0.860000       9.191690  2
|1021>    2      0.172000       0.008301  2
|1022>   p 2
|1023>    1      0.860000      17.997720  2
|1024>    2      0.172000      -0.032600  2
|1025>   d 2
|1026>    1      1.600000      -9.504310  2
|1027>    2      0.320000      -0.151370  2
|1028>   f 1
|1029>    1      1.000000000    0.000000000 2
|1030> end
|1031> Ti>    4.00000000000    0.00000011657    1.49055125926  -11.07173011823
|1032> NewECP
|1033> N_core 0
|1034>   lmax f
|1035>   s 2
|1036>    1      0.860000       9.191690  2
|1037>    2      0.172000       0.008301  2
|1038>   p 2
|1039>    1      0.860000      17.997720  2
|1040>    2      0.172000      -0.032600  2
|1041>   d 2
|1042>    1      1.600000      -9.504310  2
|1043>    2      0.320000      -0.151370  2
|1044>   f 1
|1045>    1      1.000000000    0.000000000 2
|1046> end
|1047> Ti>    4.00000000000    9.75221744989   -1.46620409450   -1.08472231324
|1048> NewECP
|1049> N_core 0
|1050>   lmax f
|1051>   s 2
|1052>    1      0.860000       9.191690  2
|1053>    2      0.172000       0.008301  2
|1054>   p 2
|1055>    1      0.860000      17.997720  2
|1056>    2      0.172000      -0.032600  2
|1057>   d 2
|1058>    1      1.600000      -9.504310  2
|1059>    2      0.320000      -0.151370  2
|1060>   f 1
|1061>    1      1.000000000    0.000000000 2
|1062> end
|1063> Ti>    4.00000000000   -9.75221713084   -1.46620422283   -1.08472223800
|1064> NewECP
|1065> N_core 0
|1066>   lmax f
|1067>   s 2
|1068>    1      0.860000       9.191690  2
|1069>    2      0.172000       0.008301  2
|1070>   p 2
|1071>    1      0.860000      17.997720  2
|1072>    2      0.172000      -0.032600  2
|1073>   d 2
|1074>    1      1.600000      -9.504310  2
|1075>    2      0.320000      -0.151370  2
|1076>   f 1
|1077>    1      1.000000000    0.000000000 2
|1078> end
|1079> Ti>    4.00000000000   -9.75294811228    1.49172790646   -1.09340699921
|1080> NewECP
|1081> N_core 0
|1082>   lmax f
|1083>   s 2
|1084>    1      0.860000       9.191690  2
|1085>    2      0.172000       0.008301  2
|1086>   p 2
|1087>    1      0.860000      17.997720  2
|1088>    2      0.172000      -0.032600  2
|1089>   d 2
|1090>    1      1.600000      -9.504310  2
|1091>    2      0.320000      -0.151370  2
|1092>   f 1
|1093>    1      1.000000000    0.000000000 2
|1094> end
|1095> Ti>    4.00000000000    9.75294831871    1.49172800415   -1.09340727928
|1096> NewECP
|1097> N_core 0
|1098>   lmax f
|1099>   s 2
|1100>    1      0.860000       9.191690  2
|1101>    2      0.172000       0.008301  2
|1102>   p 2
|1103>    1      0.860000      17.997720  2
|1104>    2      0.172000      -0.032600  2
|1105>   d 2
|1106>    1      1.600000      -9.504310  2
|1107>    2      0.320000      -0.151370  2
|1108>   f 1
|1109>    1      1.000000000    0.000000000 2
|1110> end
|1111> Ti>    4.00000000000    3.25127930838   -8.86061237888   -4.43864227428
|1112> NewECP
|1113> N_core 0
|1114>   lmax f
|1115>   s 2
|1116>    1      0.860000       9.191690  2
|1117>    2      0.172000       0.008301  2
|1118>   p 2
|1119>    1      0.860000      17.997720  2
|1120>    2      0.172000      -0.032600  2
|1121>   d 2
|1122>    1      1.600000      -9.504310  2
|1123>    2      0.320000      -0.151370  2
|1124>   f 1
|1125>    1      1.000000000    0.000000000 2
|1126> end
|1127> Ti>    4.00000000000   -3.25128086190   -8.86061247036   -4.43864233812
|1128> NewECP
|1129> N_core 0
|1130>   lmax f
|1131>   s 2
|1132>    1      0.860000       9.191690  2
|1133>    2      0.172000       0.008301  2
|1134>   p 2
|1135>    1      0.860000      17.997720  2
|1136>    2      0.172000      -0.032600  2
|1137>   d 2
|1138>    1      1.600000      -9.504310  2
|1139>    2      0.320000      -0.151370  2
|1140>   f 1
|1141>    1      1.000000000    0.000000000 2
|1142> end
|1143> Ti>    4.00000000000   -3.25126345341    8.88414723757   -4.43568976119
|1144> NewECP
|1145> N_core 0
|1146>   lmax f
|1147>   s 2
|1148>    1      0.860000       9.191690  2
|1149>    2      0.172000       0.008301  2
|1150>   p 2
|1151>    1      0.860000      17.997720  2
|1152>    2      0.172000      -0.032600  2
|1153>   d 2
|1154>    1      1.600000      -9.504310  2
|1155>    2      0.320000      -0.151370  2
|1156>   f 1
|1157>    1      1.000000000    0.000000000 2
|1158> end
|1159> Ti>    4.00000000000    3.25126627741    8.88414766829   -4.43568993978
|1160> NewECP
|1161> N_core 0
|1162>   lmax f
|1163>   s 2
|1164>    1      0.860000       9.191690  2
|1165>    2      0.172000       0.008301  2
|1166>   p 2
|1167>    1      0.860000      17.997720  2
|1168>    2      0.172000      -0.032600  2
|1169>   d 2
|1170>    1      1.600000      -9.504310  2
|1171>    2      0.320000      -0.151370  2
|1172>   f 1
|1173>    1      1.000000000    0.000000000 2
|1174> end
|1175> Ti>    4.00000000000   -9.75243442420    0.01148238996   -4.43823094102
|1176> NewECP
|1177> N_core 0
|1178>   lmax f
|1179>   s 2
|1180>    1      0.860000       9.191690  2
|1181>    2      0.172000       0.008301  2
|1182>   p 2
|1183>    1      0.860000      17.997720  2
|1184>    2      0.172000      -0.032600  2
|1185>   d 2
|1186>    1      1.600000      -9.504310  2
|1187>    2      0.320000      -0.151370  2
|1188>   f 1
|1189>    1      1.000000000    0.000000000 2
|1190> end
|1191> Ti>    4.00000000000    9.75243451680    0.01148246660   -4.43823110500
|1192> NewECP
|1193> N_core 0
|1194>   lmax f
|1195>   s 2
|1196>    1      0.860000       9.191690  2
|1197>    2      0.172000       0.008301  2
|1198>   p 2
|1199>    1      0.860000      17.997720  2
|1200>    2      0.172000      -0.032600  2
|1201>   d 2
|1202>    1      1.600000      -9.504310  2
|1203>    2      0.320000      -0.151370  2
|1204>   f 1
|1205>    1      1.000000000    0.000000000 2
|1206> end
|1207> Ti>    4.00000000000    3.25099614245   -7.38223485136   -7.82073409235
|1208> NewECP
|1209> N_core 0
|1210>   lmax f
|1211>   s 2
|1212>    1      0.860000       9.191690  2
|1213>    2      0.172000       0.008301  2
|1214>   p 2
|1215>    1      0.860000      17.997720  2
|1216>    2      0.172000      -0.032600  2
|1217>   d 2
|1218>    1      1.600000      -9.504310  2
|1219>    2      0.320000      -0.151370  2
|1220>   f 1
|1221>    1      1.000000000    0.000000000 2
|1222> end
|1223> Ti>    4.00000000000   -3.25099590932   -7.38223485136   -7.82073409235
|1224> NewECP
|1225> N_core 0
|1226>   lmax f
|1227>   s 2
|1228>    1      0.860000       9.191690  2
|1229>    2      0.172000       0.008301  2
|1230>   p 2
|1231>    1      0.860000      17.997720  2
|1232>    2      0.172000      -0.032600  2
|1233>   d 2
|1234>    1      1.600000      -9.504310  2
|1235>    2      0.320000      -0.151370  2
|1236>   f 1
|1237>    1      1.000000000    0.000000000 2
|1238> end
|1239> Ti>    4.00000000000   -3.25099590932    7.40574199967   -7.82073409235
|1240> NewECP
|1241> N_core 0
|1242>   lmax f
|1243>   s 2
|1244>    1      0.860000       9.191690  2
|1245>    2      0.172000       0.008301  2
|1246>   p 2
|1247>    1      0.860000      17.997720  2
|1248>    2      0.172000      -0.032600  2
|1249>   d 2
|1250>    1      1.600000      -9.504310  2
|1251>    2      0.320000      -0.151370  2
|1252>   f 1
|1253>    1      1.000000000    0.000000000 2
|1254> end
|1255> Ti>    4.00000000000    3.25099614245    7.40574199967   -7.82073409235
|1256> NewECP
|1257> N_core 0
|1258>   lmax f
|1259>   s 2
|1260>    1      0.860000       9.191690  2
|1261>    2      0.172000       0.008301  2
|1262>   p 2
|1263>    1      0.860000      17.997720  2
|1264>    2      0.172000      -0.032600  2
|1265>   d 2
|1266>    1      1.600000      -9.504310  2
|1267>    2      0.320000      -0.151370  2
|1268>   f 1
|1269>    1      1.000000000    0.000000000 2
|1270> end
|1271> Ti>    4.00000000000    6.50199204593   -7.38212848108   -4.63883844012
|1272> NewECP
|1273> N_core 0
|1274>   lmax f
|1275>   s 2
|1276>    1      0.860000       9.191690  2
|1277>    2      0.172000       0.008301  2
|1278>   p 2
|1279>    1      0.860000      17.997720  2
|1280>    2      0.172000      -0.032600  2
|1281>   d 2
|1282>    1      1.600000      -9.504310  2
|1283>    2      0.320000      -0.151370  2
|1284>   f 1
|1285>    1      1.000000000    0.000000000 2
|1286> end
|1287> Ti>    4.00000000000   -6.50199205762   -7.38212848108   -4.63883844012
|1288> NewECP
|1289> N_core 0
|1290>   lmax f
|1291>   s 2
|1292>    1      0.860000       9.191690  2
|1293>    2      0.172000       0.008301  2
|1294>   p 2
|1295>    1      0.860000      17.997720  2
|1296>    2      0.172000      -0.032600  2
|1297>   d 2
|1298>    1      1.600000      -9.504310  2
|1299>    2      0.320000      -0.151370  2
|1300>   f 1
|1301>    1      1.000000000    0.000000000 2
|1302> end
|1303> Ti>    4.00000000000   -6.50199106209    7.40558211086   -4.63865310007
|1304> NewECP
|1305> N_core 0
|1306>   lmax f
|1307>   s 2
|1308>    1      0.860000       9.191690  2
|1309>    2      0.172000       0.008301  2
|1310>   p 2
|1311>    1      0.860000      17.997720  2
|1312>    2      0.172000      -0.032600  2
|1313>   d 2
|1314>    1      1.600000      -9.504310  2
|1315>    2      0.320000      -0.151370  2
|1316>   f 1
|1317>    1      1.000000000    0.000000000 2
|1318> end
|1319> Ti>    4.00000000000    6.50199304146    7.40558211086   -4.63865310007
|1320> NewECP
|1321> N_core 0
|1322>   lmax f
|1323>   s 2
|1324>    1      0.860000       9.191690  2
|1325>    2      0.172000       0.008301  2
|1326>   p 2
|1327>    1      0.860000      17.997720  2
|1328>    2      0.172000      -0.032600  2
|1329>   d 2
|1330>    1      1.600000      -9.504310  2
|1331>    2      0.320000      -0.151370  2
|1332>   f 1
|1333>    1      1.000000000    0.000000000 2
|1334> end
|1335> Ti>    4.00000000000    0.00000011657   -4.42463948115  -11.07173011823
|1336> NewECP
|1337> N_core 0
|1338>   lmax f
|1339>   s 2
|1340>    1      0.860000       9.191690  2
|1341>    2      0.172000       0.008301  2
|1342>   p 2
|1343>    1      0.860000      17.997720  2
|1344>    2      0.172000      -0.032600  2
|1345>   d 2
|1346>    1      1.600000      -9.504310  2
|1347>    2      0.320000      -0.151370  2
|1348>   f 1
|1349>    1      1.000000000    0.000000000 2
|1350> end
|1351> Ti>    4.00000000000    0.00000011657    4.44814662946  -11.07173011823
|1352> NewECP
|1353> N_core 0
|1354>   lmax f
|1355>   s 2
|1356>    1      0.860000       9.191690  2
|1357>    2      0.172000       0.008301  2
|1358>   p 2
|1359>    1      0.860000      17.997720  2
|1360>    2      0.172000      -0.032600  2
|1361>   d 2
|1362>    1      1.600000      -9.504310  2
|1363>    2      0.320000      -0.151370  2
|1364>   f 1
|1365>    1      1.000000000    0.000000000 2
|1366> end
|1367> Ti>    4.00000000000    9.75272065013   -2.94623424325   -4.43568976119
|1368> NewECP
|1369> N_core 0
|1370>   lmax f
|1371>   s 2
|1372>    1      0.860000       9.191690  2
|1373>    2      0.172000       0.008301  2
|1374>   p 2
|1375>    1      0.860000      17.997720  2
|1376>    2      0.172000      -0.032600  2
|1377>   d 2
|1378>    1      1.600000      -9.504310  2
|1379>    2      0.320000      -0.151370  2
|1380>   f 1
|1381>    1      1.000000000    0.000000000 2
|1382> end
|1383> Ti>    4.00000000000   -9.75271782614   -2.94623381254   -4.43568993978
|1384> NewECP
|1385> N_core 0
|1386>   lmax f
|1387>   s 2
|1388>    1      0.860000       9.191690  2
|1389>    2      0.172000       0.008301  2
|1390>   p 2
|1391>    1      0.860000      17.997720  2
|1392>    2      0.172000      -0.032600  2
|1393>   d 2
|1394>    1      1.600000      -9.504310  2
|1395>    2      0.320000      -0.151370  2
|1396>   f 1
|1397>    1      1.000000000    0.000000000 2
|1398> end
|1399> Ti>    4.00000000000   -9.75270479517    2.96976910195   -4.43864227428
|1400> NewECP
|1401> N_core 0
|1402>   lmax f
|1403>   s 2
|1404>    1      0.860000       9.191690  2
|1405>    2      0.172000       0.008301  2
|1406>   p 2
|1407>    1      0.860000      17.997720  2
|1408>    2      0.172000      -0.032600  2
|1409>   d 2
|1410>    1      1.600000      -9.504310  2
|1411>    2      0.320000      -0.151370  2
|1412>   f 1
|1413>    1      1.000000000    0.000000000 2
|1414> end
|1415> Ti>    4.00000000000    9.75270324165    2.96976901046   -4.43864233812
|1416> NewECP
|1417> N_core 0
|1418>   lmax f
|1419>   s 2
|1420>    1      0.860000       9.191690  2
|1421>    2      0.172000       0.008301  2
|1422>   p 2
|1423>    1      0.860000      17.997720  2
|1424>    2      0.172000      -0.032600  2
|1425>   d 2
|1426>    1      1.600000      -9.504310  2
|1427>    2      0.320000      -0.151370  2
|1428>   f 1
|1429>    1      1.000000000    0.000000000 2
|1430> end
|1431> Ti>    4.00000000000    9.75381855179   -4.42452752611   -1.08384202204
|1432> NewECP
|1433> N_core 0
|1434>   lmax f
|1435>   s 2
|1436>    1      0.860000       9.191690  2
|1437>    2      0.172000       0.008301  2
|1438>   p 2
|1439>    1      0.860000      17.997720  2
|1440>    2      0.172000      -0.032600  2
|1441>   d 2
|1442>    1      1.600000      -9.504310  2
|1443>    2      0.320000      -0.151370  2
|1444>   f 1
|1445>    1      1.000000000    0.000000000 2
|1446> end
|1447> Ti>    4.00000000000   -9.75381838962   -4.42452753568   -1.08384236698
|1448> NewECP
|1449> N_core 0
|1450>   lmax f
|1451>   s 2
|1452>    1      0.860000       9.191690  2
|1453>    2      0.172000       0.008301  2
|1454>   p 2
|1455>    1      0.860000      17.997720  2
|1456>    2      0.172000      -0.032600  2
|1457>   d 2
|1458>    1      1.600000      -9.504310  2
|1459>    2      0.320000      -0.151370  2
|1460>   f 1
|1461>    1      1.000000000    0.000000000 2
|1462> end
|1463> Ti>    4.00000000000   -9.75459782018    4.44805160044   -1.08307232889
|1464> NewECP
|1465> N_core 0
|1466>   lmax f
|1467>   s 2
|1468>    1      0.860000       9.191690  2
|1469>    2      0.172000       0.008301  2
|1470>   p 2
|1471>    1      0.860000      17.997720  2
|1472>    2      0.172000      -0.032600  2
|1473>   d 2
|1474>    1      1.600000      -9.504310  2
|1475>    2      0.320000      -0.151370  2
|1476>   f 1
|1477>    1      1.000000000    0.000000000 2
|1478> end
|1479> Ti>    4.00000000000    9.75459815208    4.44805170014   -1.08307226799
|1480> NewECP
|1481> N_core 0
|1482>   lmax f
|1483>   s 2
|1484>    1      0.860000       9.191690  2
|1485>    2      0.172000       0.008301  2
|1486>   p 2
|1487>    1      0.860000      17.997720  2
|1488>    2      0.172000      -0.032600  2
|1489>   d 2
|1490>    1      1.600000      -9.504310  2
|1491>    2      0.320000      -0.151370  2
|1492>   f 1
|1493>    1      1.000000000    0.000000000 2
|1494> end
|1495> Ti>    4.00000000000   -0.00000044463  -10.34310589299   -4.63020748467
|1496> NewECP
|1497> N_core 0
|1498>   lmax f
|1499>   s 2
|1500>    1      0.860000       9.191690  2
|1501>    2      0.172000       0.008301  2
|1502>   p 2
|1503>    1      0.860000      17.997720  2
|1504>    2      0.172000      -0.032600  2
|1505>   d 2
|1506>    1      1.600000      -9.504310  2
|1507>    2      0.320000      -0.151370  2
|1508>   f 1
|1509>    1      1.000000000    0.000000000 2
|1510> end
|1511> Ti>    4.00000000000    3.25103599127  -10.33865357436   -1.09340699921
|1512> NewECP
|1513> N_core 0
|1514>   lmax f
|1515>   s 2
|1516>    1      0.860000       9.191690  2
|1517>    2      0.172000       0.008301  2
|1518>   p 2
|1519>    1      0.860000      17.997720  2
|1520>    2      0.172000      -0.032600  2
|1521>   d 2
|1522>    1      1.600000      -9.504310  2
|1523>    2      0.320000      -0.151370  2
|1524>   f 1
|1525>    1      1.000000000    0.000000000 2
|1526> end
|1527> Ti>    4.00000000000   -3.25103578484  -10.33865347668   -1.09340727928
|1528> NewECP
|1529> N_core 0
|1530>   lmax f
|1531>   s 2
|1532>    1      0.860000       9.191690  2
|1533>    2      0.172000       0.008301  2
|1534>   p 2
|1535>    1      0.860000      17.997720  2
|1536>    2      0.172000      -0.032600  2
|1537>   d 2
|1538>    1      1.600000      -9.504310  2
|1539>    2      0.320000      -0.151370  2
|1540>   f 1
|1541>    1      1.000000000    0.000000000 2
|1542> end
|1543> Ti>    4.00000000000    0.00000074038   10.36667771307   -4.63260032643
|1544> NewECP
|1545> N_core 0
|1546>   lmax f
|1547>   s 2
|1548>    1      0.860000       9.191690  2
|1549>    2      0.172000       0.008301  2
|1550>   p 2
|1551>    1      0.860000      17.997720  2
|1552>    2      0.172000      -0.032600  2
|1553>   d 2
|1554>    1      1.600000      -9.504310  2
|1555>    2      0.320000      -0.151370  2
|1556>   f 1
|1557>    1      1.000000000    0.000000000 2
|1558> end
|1559> Ti>    4.00000000000   -3.25176665366   10.36417738632   -1.08472231324
|1560> NewECP
|1561> N_core 0
|1562>   lmax f
|1563>   s 2
|1564>    1      0.860000       9.191690  2
|1565>    2      0.172000       0.008301  2
|1566>   p 2
|1567>    1      0.860000      17.997720  2
|1568>    2      0.172000      -0.032600  2
|1569>   d 2
|1570>    1      1.600000      -9.504310  2
|1571>    2      0.320000      -0.151370  2
|1572>   f 1
|1573>    1      1.000000000    0.000000000 2
|1574> end
|1575> Ti>    4.00000000000    3.25176697271   10.36417725799   -1.08472223800
|1576> NewECP
|1577> N_core 0
|1578>   lmax f
|1579>   s 2
|1580>    1      0.860000       9.191690  2
|1581>    2      0.172000       0.008301  2
|1582>   p 2
|1583>    1      0.860000      17.997720  2
|1584>    2      0.172000      -0.032600  2
|1585>   d 2
|1586>    1      1.600000      -9.504310  2
|1587>    2      0.320000      -0.151370  2
|1588>   f 1
|1589>    1      1.000000000    0.000000000 2
|1590> end
|1591> Ti>    4.00000000000    0.00000011657   -8.86103253646   -7.82073409235
|1592> NewECP
|1593> N_core 0
|1594>   lmax f
|1595>   s 2
|1596>    1      0.860000       9.191690  2
|1597>    2      0.172000       0.008301  2
|1598>   p 2
|1599>    1      0.860000      17.997720  2
|1600>    2      0.172000      -0.032600  2
|1601>   d 2
|1602>    1      1.600000      -9.504310  2
|1603>    2      0.320000      -0.151370  2
|1604>   f 1
|1605>    1      1.000000000    0.000000000 2
|1606> end
|1607> Ti>    4.00000000000    0.00000011657    8.88453968477   -7.82073409235
|1608> NewECP
|1609> N_core 0
|1610>   lmax f
|1611>   s 2
|1612>    1      0.860000       9.191690  2
|1613>    2      0.172000       0.008301  2
|1614>   p 2
|1615>    1      0.860000      17.997720  2
|1616>    2      0.172000      -0.032600  2
|1617>   d 2
|1618>    1      1.600000      -9.504310  2
|1619>    2      0.320000      -0.151370  2
|1620>   f 1
|1621>    1      1.000000000    0.000000000 2
|1622> end
|1623> Ti>    4.00000000000    6.50199237030   -8.86046228905   -1.46071103296
|1624> NewECP
|1625> N_core 0
|1626>   lmax f
|1627>   s 2
|1628>    1      0.860000       9.191690  2
|1629>    2      0.172000       0.008301  2
|1630>   p 2
|1631>    1      0.860000      17.997720  2
|1632>    2      0.172000      -0.032600  2
|1633>   d 2
|1634>    1      1.600000      -9.504310  2
|1635>    2      0.320000      -0.151370  2
|1636>   f 1
|1637>    1      1.000000000    0.000000000 2
|1638> end
|1639> Ti>    4.00000000000   -6.50199173324   -8.86046228905   -1.46071103296
|1640> NewECP
|1641> N_core 0
|1642>   lmax f
|1643>   s 2
|1644>    1      0.860000       9.191690  2
|1645>    2      0.172000       0.008301  2
|1646>   p 2
|1647>    1      0.860000      17.997720  2
|1648>    2      0.172000      -0.032600  2
|1649>   d 2
|1650>    1      1.600000      -9.504310  2
|1651>    2      0.320000      -0.151370  2
|1652>   f 1
|1653>    1      1.000000000    0.000000000 2
|1654> end
|1655> Ti>    4.00000000000   -6.50199174844    8.88416695154   -1.46030404955
|1656> NewECP
|1657> N_core 0
|1658>   lmax f
|1659>   s 2
|1660>    1      0.860000       9.191690  2
|1661>    2      0.172000       0.008301  2
|1662>   p 2
|1663>    1      0.860000      17.997720  2
|1664>    2      0.172000      -0.032600  2
|1665>   d 2
|1666>    1      1.600000      -9.504310  2
|1667>    2      0.320000      -0.151370  2
|1668>   f 1
|1669>    1      1.000000000    0.000000000 2
|1670> end
|1671> Ti>    4.00000000000    6.50199235511    8.88416695154   -1.46030404955
|1672> NewECP
|1673> N_core 0
|1674>   lmax f
|1675>   s 2
|1676>    1      0.860000       9.191690  2
|1677>    2      0.172000       0.008301  2
|1678>   p 2
|1679>    1      0.860000      17.997720  2
|1680>    2      0.172000      -0.032600  2
|1681>   d 2
|1682>    1      1.600000      -9.504310  2
|1683>    2      0.320000      -0.151370  2
|1684>   f 1
|1685>    1      1.000000000    0.000000000 2
|1686> end
|1687> Ti>    4.00000000000    9.75298819423   -1.46704411095   -7.82073409235
|1688> NewECP
|1689> N_core 0
|1690>   lmax f
|1691>   s 2
|1692>    1      0.860000       9.191690  2
|1693>    2      0.172000       0.008301  2
|1694>   p 2
|1695>    1      0.860000      17.997720  2
|1696>    2      0.172000      -0.032600  2
|1697>   d 2
|1698>    1      1.600000      -9.504310  2
|1699>    2      0.320000      -0.151370  2
|1700>   f 1
|1701>    1      1.000000000    0.000000000 2
|1702> end
|1703> Ti>    4.00000000000   -9.75298796109   -1.46704411095   -7.82073409235
|1704> NewECP
|1705> N_core 0
|1706>   lmax f
|1707>   s 2
|1708>    1      0.860000       9.191690  2
|1709>    2      0.172000       0.008301  2
|1710>   p 2
|1711>    1      0.860000      17.997720  2
|1712>    2      0.172000      -0.032600  2
|1713>   d 2
|1714>    1      1.600000      -9.504310  2
|1715>    2      0.320000      -0.151370  2
|1716>   f 1
|1717>    1      1.000000000    0.000000000 2
|1718> end
|1719> Ti>    4.00000000000   -9.75298796109    1.49055125926   -7.82073409235
|1720> NewECP
|1721> N_core 0
|1722>   lmax f
|1723>   s 2
|1724>    1      0.860000       9.191690  2
|1725>    2      0.172000       0.008301  2
|1726>   p 2
|1727>    1      0.860000      17.997720  2
|1728>    2      0.172000      -0.032600  2
|1729>   d 2
|1730>    1      1.600000      -9.504310  2
|1731>    2      0.320000      -0.151370  2
|1732>   f 1
|1733>    1      1.000000000    0.000000000 2
|1734> end
|1735> Ti>    4.00000000000    9.75298819423    1.49055125926   -7.82073409235
|1736> NewECP
|1737> N_core 0
|1738>   lmax f
|1739>   s 2
|1740>    1      0.860000       9.191690  2
|1741>    2      0.172000       0.008301  2
|1742>   p 2
|1743>    1      0.860000      17.997720  2
|1744>    2      0.172000      -0.032600  2
|1745>   d 2
|1746>    1      1.600000      -9.504310  2
|1747>    2      0.320000      -0.151370  2
|1748>   f 1
|1749>    1      1.000000000    0.000000000 2
|1750> end
|1751> Ti>    4.00000000000    9.75320081541   -5.90328453587   -4.43558876573
|1752> NewECP
|1753> N_core 0
|1754>   lmax f
|1755>   s 2
|1756>    1      0.860000       9.191690  2
|1757>    2      0.172000       0.008301  2
|1758>   p 2
|1759>    1      0.860000      17.997720  2
|1760>    2      0.172000      -0.032600  2
|1761>   d 2
|1762>    1      1.600000      -9.504310  2
|1763>    2      0.320000      -0.151370  2
|1764>   f 1
|1765>    1      1.000000000    0.000000000 2
|1766> end
|1767> Ti>    4.00000000000   -9.75319976773   -5.90328484533   -4.43558888253
|1768> NewECP
|1769> N_core 0
|1770>   lmax f
|1771>   s 2
|1772>    1      0.860000       9.191690  2
|1773>    2      0.172000       0.008301  2
|1774>   p 2
|1775>    1      0.860000      17.997720  2
|1776>    2      0.172000      -0.032600  2
|1777>   d 2
|1778>    1      1.600000      -9.504310  2
|1779>    2      0.320000      -0.151370  2
|1780>   f 1
|1781>    1      1.000000000    0.000000000 2
|1782> end
|1783> Ti>    4.00000000000   -9.75319976773    5.92709663550   -4.43558888253
|1784> NewECP
|1785> N_core 0
|1786>   lmax f
|1787>   s 2
|1788>    1      0.860000       9.191690  2
|1789>    2      0.172000       0.008301  2
|1790>   p 2
|1791>    1      0.860000      17.997720  2
|1792>    2      0.172000      -0.032600  2
|1793>   d 2
|1794>    1      1.600000      -9.504310  2
|1795>    2      0.320000      -0.151370  2
|1796>   f 1
|1797>    1      1.000000000    0.000000000 2
|1798> end
|1799> Ti>    4.00000000000    9.75320081541    5.92709694496   -4.43558876573
|1800> NewECP
|1801> N_core 0
|1802>   lmax f
|1803>   s 2
|1804>    1      0.860000       9.191690  2
|1805>    2      0.172000       0.008301  2
|1806>   p 2
|1807>    1      0.860000      17.997720  2
|1808>    2      0.172000      -0.032600  2
|1809>   d 2
|1810>    1      1.600000      -9.504310  2
|1811>    2      0.320000      -0.151370  2
|1812>   f 1
|1813>    1      1.000000000    0.000000000 2
|1814> end
|1815> Ti>    4.00000000000    0.00000000000   11.83038148082   -1.44256391667
|1816> NewECP
|1817> N_core 0
|1818>   lmax f
|1819>   s 2
|1820>    1      0.860000       9.191690  2
|1821>    2      0.172000       0.008301  2
|1822>   p 2
|1823>    1      0.860000      17.997720  2
|1824>    2      0.172000      -0.032600  2
|1825>   d 2
|1826>    1      1.600000      -9.504310  2
|1827>    2      0.320000      -0.151370  2
|1828>   f 1
|1829>    1      1.000000000    0.000000000 2
|1830> end
|1831> Ti>    4.00000000000    0.00000000000  -11.83038148082   -1.44256391667
|1832> NewECP
|1833> N_core 0
|1834>   lmax f
|1835>   s 2
|1836>    1      0.860000       9.191690  2
|1837>    2      0.172000       0.008301  2
|1838>   p 2
|1839>    1      0.860000      17.997720  2
|1840>    2      0.172000      -0.032600  2
|1841>   d 2
|1842>    1      1.600000      -9.504310  2
|1843>    2      0.320000      -0.151370  2
|1844>   f 1
|1845>    1      1.000000000    0.000000000 2
|1846> end
|1847> Ti>    4.00000000000    9.75459815208   -7.38232978068   -1.08307226799
|1848> NewECP
|1849> N_core 0
|1850>   lmax f
|1851>   s 2
|1852>    1      0.860000       9.191690  2
|1853>    2      0.172000       0.008301  2
|1854>   p 2
|1855>    1      0.860000      17.997720  2
|1856>    2      0.172000      -0.032600  2
|1857>   d 2
|1858>    1      1.600000      -9.504310  2
|1859>    2      0.320000      -0.151370  2
|1860>   f 1
|1861>    1      1.000000000    0.000000000 2
|1862> end
|1863> Ti>    4.00000000000   -9.75459782018   -7.38232988038   -1.08307232889
|1864> NewECP
|1865> N_core 0
|1866>   lmax f
|1867>   s 2
|1868>    1      0.860000       9.191690  2
|1869>    2      0.172000       0.008301  2
|1870>   p 2
|1871>    1      0.860000      17.997720  2
|1872>    2      0.172000      -0.032600  2
|1873>   d 2
|1874>    1      1.600000      -9.504310  2
|1875>    2      0.320000      -0.151370  2
|1876>   f 1
|1877>    1      1.000000000    0.000000000 2
|1878> end
|1879> Ti>    4.00000000000   -9.75381838962    7.40585394514   -1.08384236698
|1880> NewECP
|1881> N_core 0
|1882>   lmax f
|1883>   s 2
|1884>    1      0.860000       9.191690  2
|1885>    2      0.172000       0.008301  2
|1886>   p 2
|1887>    1      0.860000      17.997720  2
|1888>    2      0.172000      -0.032600  2
|1889>   d 2
|1890>    1      1.600000      -9.504310  2
|1891>    2      0.320000      -0.151370  2
|1892>   f 1
|1893>    1      1.000000000    0.000000000 2
|1894> end
|1895> Ti>    4.00000000000    9.75381855179    7.40585395471   -1.08384202204
|1896> NewECP
|1897> N_core 0
|1898>   lmax f
|1899>   s 2
|1900>    1      0.860000       9.191690  2
|1901>    2      0.172000       0.008301  2
|1902>   p 2
|1903>    1      0.860000      17.997720  2
|1904>    2      0.172000      -0.032600  2
|1905>   d 2
|1906>    1      1.600000      -9.504310  2
|1907>    2      0.320000      -0.151370  2
|1908>   f 1
|1909>    1      1.000000000    0.000000000 2
|1910> end
|1911> Ti>    4.00000000000    3.25154967935  -11.81889909086   -4.43823094102
|1912> NewECP
|1913> N_core 0
|1914>   lmax f
|1915>   s 2
|1916>    1      0.860000       9.191690  2
|1917>    2      0.172000       0.008301  2
|1918>   p 2
|1919>    1      0.860000      17.997720  2
|1920>    2      0.172000      -0.032600  2
|1921>   d 2
|1922>    1      1.600000      -9.504310  2
|1923>    2      0.320000      -0.151370  2
|1924>   f 1
|1925>    1      1.000000000    0.000000000 2
|1926> end
|1927> Ti>    4.00000000000   -3.25154958675  -11.81889901422   -4.43823110500
|1928> NewECP
|1929> N_core 0
|1930>   lmax f
|1931>   s 2
|1932>    1      0.860000       9.191690  2
|1933>    2      0.172000       0.008301  2
|1934>   p 2
|1935>    1      0.860000      17.997720  2
|1936>    2      0.172000      -0.032600  2
|1937>   d 2
|1938>    1      1.600000      -9.504310  2
|1939>    2      0.320000      -0.151370  2
|1940>   f 1
|1941>    1      1.000000000    0.000000000 2
|1942> end
|1943> Ti>    4.00000000000    6.50199137546  -10.33968114067   -4.63923909380
|1944> NewECP
|1945> N_core 0
|1946>   lmax f
|1947>   s 2
|1948>    1      0.860000       9.191690  2
|1949>    2      0.172000       0.008301  2
|1950>   p 2
|1951>    1      0.860000      17.997720  2
|1952>    2      0.172000      -0.032600  2
|1953>   d 2
|1954>    1      1.600000      -9.504310  2
|1955>    2      0.320000      -0.151370  2
|1956>   f 1
|1957>    1      1.000000000    0.000000000 2
|1958> end
|1959> Ti>    4.00000000000   -6.50199272809  -10.33968114067   -4.63923909380
|1960> NewECP
|1961> N_core 0
|1962>   lmax f
|1963>   s 2
|1964>    1      0.860000       9.191690  2
|1965>    2      0.172000       0.008301  2
|1966>   p 2
|1967>    1      0.860000      17.997720  2
|1968>    2      0.172000      -0.032600  2
|1969>   d 2
|1970>    1      1.600000      -9.504310  2
|1971>    2      0.320000      -0.151370  2
|1972>   f 1
|1973>    1      1.000000000    0.000000000 2
|1974> end
|1975> Ti>    4.00000000000   -3.25154958675   11.84186394743   -4.43823110500
|1976> NewECP
|1977> N_core 0
|1978>   lmax f
|1979>   s 2
|1980>    1      0.860000       9.191690  2
|1981>    2      0.172000       0.008301  2
|1982>   p 2
|1983>    1      0.860000      17.997720  2
|1984>    2      0.172000      -0.032600  2
|1985>   d 2
|1986>    1      1.600000      -9.504310  2
|1987>    2      0.320000      -0.151370  2
|1988>   f 1
|1989>    1      1.000000000    0.000000000 2
|1990> end
|1991> Ti>    4.00000000000    3.25154967935   11.84186387078   -4.43823094102
|1992> NewECP
|1993> N_core 0
|1994>   lmax f
|1995>   s 2
|1996>    1      0.860000       9.191690  2
|1997>    2      0.172000       0.008301  2
|1998>   p 2
|1999>    1      0.860000      17.997720  2
|2000>    2      0.172000      -0.032600  2
|2001>   d 2
|2002>    1      1.600000      -9.504310  2
|2003>    2      0.320000      -0.151370  2
|2004>   f 1
|2005>    1      1.000000000    0.000000000 2
|2006> end
|2007> Ti>    4.00000000000   -6.50199084742   10.36326821781   -4.63914156862
|2008> NewECP
|2009> N_core 0
|2010>   lmax f
|2011>   s 2
|2012>    1      0.860000       9.191690  2
|2013>    2      0.172000       0.008301  2
|2014>   p 2
|2015>    1      0.860000      17.997720  2
|2016>    2      0.172000      -0.032600  2
|2017>   d 2
|2018>    1      1.600000      -9.504310  2
|2019>    2      0.320000      -0.151370  2
|2020>   f 1
|2021>    1      1.000000000    0.000000000 2
|2022> end
|2023> Ti>    4.00000000000    6.50199325613   10.36326821781   -4.63914156862
|2024> NewECP
|2025> N_core 0
|2026>   lmax f
|2027>   s 2
|2028>    1      0.860000       9.191690  2
|2029>    2      0.172000       0.008301  2
|2030>   p 2
|2031>    1      0.860000      17.997720  2
|2032>    2      0.172000      -0.032600  2
|2033>   d 2
|2034>    1      1.600000      -9.504310  2
|2035>    2      0.320000      -0.151370  2
|2036>   f 1
|2037>    1      1.000000000    0.000000000 2
|2038> end
|2039> Ti>    4.00000000000  -13.00398410355    0.00000000000   -1.44256391667
|2040> NewECP
|2041> N_core 0
|2042>   lmax f
|2043>   s 2
|2044>    1      0.860000       9.191690  2
|2045>    2      0.172000       0.008301  2
|2046>   p 2
|2047>    1      0.860000      17.997720  2
|2048>    2      0.172000      -0.032600  2
|2049>   d 2
|2050>    1      1.600000      -9.504310  2
|2051>    2      0.320000      -0.151370  2
|2052>   f 1
|2053>    1      1.000000000    0.000000000 2
|2054> end
|2055> Ti>    4.00000000000   13.00398410355    0.00000000000   -1.44256391667
|2056> NewECP
|2057> N_core 0
|2058>   lmax f
|2059>   s 2
|2060>    1      0.860000       9.191690  2
|2061>    2      0.172000       0.008301  2
|2062>   p 2
|2063>    1      0.860000      17.997720  2
|2064>    2      0.172000      -0.032600  2
|2065>   d 2
|2066>    1      1.600000      -9.504310  2
|2067>    2      0.320000      -0.151370  2
|2068>   f 1
|2069>    1      1.000000000    0.000000000 2
|2070> end
|2071> Ti>    4.00000000000   13.00398430609   -2.94916952236   -1.46573875063
|2072> NewECP
|2073> N_core 0
|2074>   lmax f
|2075>   s 2
|2076>    1      0.860000       9.191690  2
|2077>    2      0.172000       0.008301  2
|2078>   p 2
|2079>    1      0.860000      17.997720  2
|2080>    2      0.172000      -0.032600  2
|2081>   d 2
|2082>    1      1.600000      -9.504310  2
|2083>    2      0.320000      -0.151370  2
|2084>   f 1
|2085>    1      1.000000000    0.000000000 2
|2086> end
|2087> Ti>    4.00000000000  -13.00398390101   -2.94916952236   -1.46573875063
|2088> NewECP
|2089> N_core 0
|2090>   lmax f
|2091>   s 2
|2092>    1      0.860000       9.191690  2
|2093>    2      0.172000       0.008301  2
|2094>   p 2
|2095>    1      0.860000      17.997720  2
|2096>    2      0.172000      -0.032600  2
|2097>   d 2
|2098>    1      1.600000      -9.504310  2
|2099>    2      0.320000      -0.151370  2
|2100>   f 1
|2101>    1      1.000000000    0.000000000 2
|2102> end
|2103> Ti>    4.00000000000  -13.00398382440    2.97595395145   -1.46419592765
|2104> NewECP
|2105> N_core 0
|2106>   lmax f
|2107>   s 2
|2108>    1      0.860000       9.191690  2
|2109>    2      0.172000       0.008301  2
|2110>   p 2
|2111>    1      0.860000      17.997720  2
|2112>    2      0.172000      -0.032600  2
|2113>   d 2
|2114>    1      1.600000      -9.504310  2
|2115>    2      0.320000      -0.151370  2
|2116>   f 1
|2117>    1      1.000000000    0.000000000 2
|2118> end
|2119> Ti>    4.00000000000   13.00398438270    2.97595395145   -1.46419592765
|2120> NewECP
|2121> N_core 0
|2122>   lmax f
|2123>   s 2
|2124>    1      0.860000       9.191690  2
|2125>    2      0.172000       0.008301  2
|2126>   p 2
|2127>    1      0.860000      17.997720  2
|2128>    2      0.172000      -0.032600  2
|2129>   d 2
|2130>    1      1.600000      -9.504310  2
|2131>    2      0.320000      -0.151370  2
|2132>   f 1
|2133>    1      1.000000000    0.000000000 2
|2134> end
|2135>   end
|2136> endd                         ****END OF INPUT****
================================================================================
----------------
TOTAL SCF ENERGY
----------------

Total Energy       :       -24839.14968964 Eh         -675907.62553 eV

Components:
Nuclear Repulsion  :        30842.58859466 Eh          839269.50330 eV
Electronic Energy  :       -55681.73828430 Eh        -1515177.12883 eV
One Electron Energy:       -99561.21489675 Eh        -2709198.39033 eV
Two Electron Energy:        43879.47661244 Eh         1194021.26149 eV
Max COSX asymmetry :            0.00321869 Eh               0.08758 eV

Warning: maximum COSX asymmetry larger than 0.0005 Eh!
Please consider increasing the grid.

Virial components:
Potential Energy   :       -43633.57103675 Eh        -1187329.83059 eV
Kinetic Energy     :        18794.42134711 Eh          511422.20506 eV
Virial Ratio       :            2.32162354

--------------------Output has been truncated-------------------------


--------------------Output has been truncated-------------------------


--------------------Output has been truncated-------------------------


--------------------Output has been truncated-------------------------


--------------------Output has been truncated-------------------------


--------------------Output has been truncated-------------------------


--------------------Output has been truncated-------------------------


--------------------Output has been truncated-------------------------


--------------------Output has been truncated-------------------------


--------------------Output has been truncated-------------------------


-----------------------------------------------
 RI-MP2 CORRELATION ENERGY:    -17.378645105 Eh
-----------------------------------------------
---------------------------------------
MP2 TOTAL ENERGY:   -24856.528334745 Eh
---------------------------------------

Maximum memory used throughout the entire MP2-calculation: 20692.7 MB

-------------------------   --------------------
FINAL SINGLE POINT ENERGY    -24856.528334745079
-------------------------   --------------------
TOTAL RUN TIME: 1 days 22 hours 55 minutes 11 seconds 629 msec
