 **********************************************************************
                          MRCC program system
 **********************************************************************
 
                              Written by
     Mihaly Kallay, Peter R. Nagy, David Mester, Laszlo Gyevi-Nagy,
        Jozsef Csoka, P. Bernat Szabo, Zoltan Rolik, Gyula Samu,
     Jozsef Csontos, Bence Hegely, Adam Ganyecz, Istvan Ladjanszki,
       Lorant Szegedy, Bence Ladoczki, Klara Petrov, Mate Farkas,
                    Pal D. Mezei, and Reka A. Horvath
 
        Department of Physical Chemistry and Materials Science
            Budapest University of Technology and Economics
                  Budapest P.O.Box 91, H-1521 Hungary
 
                              www.mrcc.hu
 
                      Release date: March 18, 2022

 ************************ 2023-02-05 13:26:47 *************************
 Executing minp...

 Reading input from MINP...
 
 Input file:
 
calc=FNO-CCSD(T)
verbosity=3
mem=220GB
unit=angs
scfiguess=small
scfalg=locfit1
ccmaxit=400
ccsdalg=dfdirect
ccsdthreads=4
ccsdmkl=thr
ptthreads=4
lnoepsv=1e-5
naf_cor=1e-2
basis=aug-cc-pVQZ
basis_sm=def2-SVP
dfbasis_scf=def2-QZVPP-RI-JK
dfbasis_cor=aug-cc-pVQZ-RI
unit=angs
geom=xyz
16

C    34.41670262    34.07107264    10.41543014
C    33.11117461    33.45680459    10.91530835
H    34.24160149    35.00442132     9.86225048
H    34.94674030    33.36940783     9.75379242
H    35.10002891    34.30603621    11.24227357
H    32.42643037    33.26105434    10.07939442
H    32.59136835    34.12756100    11.61262818
H    33.28915165    32.50678735    11.43686767
C    20.41949921    48.84299654    10.40841099
C    21.71921719    48.22916242    10.92356869
H    19.89425880    48.13879085     9.74571409
H    20.60153508    49.77393588     9.85291346
H    19.72847188    49.08363081    11.22702485
H    22.41305761    48.03252119    10.09551480
H    21.53497697    47.27964286    11.44396498
H    22.23133663    48.90070429    11.62587494

--------------------Output has been truncated-------------------------


--------------------Output has been truncated-------------------------


--------------------Output has been truncated-------------------------


--------------------Output has been truncated-------------------------


--------------------Output has been truncated-------------------------


--------------------Output has been truncated-------------------------


--------------------Output has been truncated-------------------------


--------------------Output has been truncated-------------------------


--------------------Output has been truncated-------------------------


--------------------Output has been truncated-------------------------


 
 Reference energy [au]:                      -158.528862306886
 DF-MP2 singlet pair energy [au]:              -0.635445744617
 DF-MP2 triplet pair energy [au]:              -0.153813223741
 DF-SCS-MP2 correlation energy [au]:           -0.813805968121
 DF-SCS-MP2 energy [au]:                     -159.342668275007
 DF-SOS-MP2 correlation energy [au]:           -0.826079468002
 DF-SOS-MP2 energy [au]:                     -159.354941774889
 DF-MP2 correlation energy [au]:               -0.789258968358
 DF-MP2 energy [au]:                         -159.318121275245

 Results in FNO basis:
 
 
 Reference energy [au]:                      -158.528862306886
 DF-MP2 singlet pair energy [au]:              -0.625098544384
 DF-MP2 triplet pair energy [au]:              -0.153241451413
 DF-SCS-MP2 correlation energy [au]:           -0.801198737065
 DF-SCS-MP2 energy [au]:                     -159.330061043951
 DF-SOS-MP2 correlation energy [au]:           -0.812628107699
 DF-SOS-MP2 energy [au]:                     -159.341490414585
 DF-MP2 correlation energy [au]:               -0.778339995797
 DF-MP2 energy [au]:                         -159.307202302683

 Results in NAF basis:
 
 
 Reference energy [au]:                      -158.528862306886
 DF-MP2 singlet pair energy [au]:              -0.625056595791
 DF-MP2 triplet pair energy [au]:              -0.153257455648
 DF-SCS-MP2 correlation energy [au]:           -0.801153733498
 DF-SCS-MP2 energy [au]:                     -159.330016040385
 DF-SOS-MP2 correlation energy [au]:           -0.812573574528
 DF-SOS-MP2 energy [au]:                     -159.341435881414
 DF-MP2 correlation energy [au]:               -0.778314051439
 DF-MP2 energy [au]:                         -159.307176358325

 ************************ 2023-02-05 13:28:56 *************************
 Executing ccsd...

 Allocation of 220.0 Gbytes of memory...

 Direct DF-CCSD(T) calculation
 
 Convergence criterion:  1.0E-06
 
 Number of occupied/virtual/auxiliary orbitals:    14   350  1102
   6895.51 MB is the minimal memory requirement for (T)
   1574.97 MB is the minimal memory requirement for CCSD
 
 Reference energy [au]:            -158.528862306886
 T1 contribution [au]:                0.000000000000
 Same spin MP2 energy [au]:          -0.153249448404
 Opposite spin MP2 energy [au]:      -0.625077560673
 MP2 correlation energy [au]:        -0.778327009077
 Total MP2 energy [au]:            -159.307189315963
 MP2 correction [au]:                -0.010931959282
 
 
 CPU time [min]:     1.556                   Wall time [min]:     0.464
 
 Starting CCSD iterations...
 
                     Residual norm          Energy
 Iteration  1        0.253998894217     -159.343015071833
 Iteration  2        0.062948835917     -159.362179594638
 Iteration  3        0.018512027376     -159.364451118044
 Iteration  4        0.003748122237     -159.364465558525
 Iteration  5        0.000793338690     -159.364477291239
 Iteration  6        0.000221937544     -159.364481392483
 Iteration  7        0.000052462984     -159.364480942287
 Iteration  8        0.000014140969     -159.364481670062
 Iteration  9        0.000002817613     -159.364481627242
 
 CCSD iteration has converged in  9 steps.
    59039.49 MB memory was utilized by CCSD
 
 T1 diagnostic:      8.231E-03            D1 diagnostic:      1.428E-02
 
 T1 contribution [au]:                                  0.000000000000
 PPL energy contribution [au]:                          0.217871586343
 Scaled PPL energy contribution [au]:                   0.220951068889

 OS-PPL energy contribution [au]:                       0.191085120447
 Scaled OS-PPL energy contribution [au]:                0.194274967365
 SS-PPL energy contribution [au]:                       0.026786465896
 Scaled SS-PPL energy contribution [au]:                0.026882623191

 Opposite spin CCSD energy [au]:                       -0.690281529800
 Same spin CCSD energy [au]:                           -0.145353312300
 CCSD correlation energy [au]:                         -0.835634842100
 CCSD correlation energy + MP2 correction [au]:        -0.846566801382
 CCSD correlation energy + MP2 + PPL corr. [au]:       -0.843487318836
 Total CCSD energy [au]:                             -159.364497148986
 Total CCSD energy + MP2 correction [au]:            -159.375429108268
 Total CCSD energy + MP2 + PPL corr. [au]:           -159.372349625722
 
 CPU time [min]:   153.264                   Wall time [min]:     5.314
 
 Calculation of (T) correction...
 
 
     8828.31 MB memory is utilized for (T)

 0%       25%       50%       75%       100%
 |---------|---------|---------|---------| 
 
 (T) correction [au]:                                    -0.029525462133
 (T*) correction [au]:                                   -0.029940160770
 (T+) correction [au]:                                   -0.029933099663
 CCSD(T) correlation energy [au]:                        -0.865160304233
 CCSD(T) correlation energy + MP2 correction [au]:       -0.876092263515
 CCSD(T+) correlation en. + MP2 + PPL corr. [au]:        -0.873420418498
 Total CCSD(T) energy [au]:                            -159.394022611119
 Total CCSD(T) energy + MP2 correction [au]:           -159.404954570401
 Total CCSD(T+) energy + MP2 + PPL corr. [au]:         -159.402282725385
 
 CPU time [min]:   274.542                   Wall time [min]:     8.936
 
 ************************ 2023-02-05 13:37:53 *************************
                      Normal termination of mrcc.
 **********************************************************************
