 **********************************************************************
                          MRCC program system
 **********************************************************************
 
                              Written by
     Mihaly Kallay, Peter R. Nagy, David Mester, Laszlo Gyevi-Nagy,
        Jozsef Csoka, P. Bernat Szabo, Zoltan Rolik, Gyula Samu,
     Jozsef Csontos, Bence Hegely, Adam Ganyecz, Istvan Ladjanszki,
       Lorant Szegedy, Bence Ladoczki, Klara Petrov, Mate Farkas,
                    Pal D. Mezei, and Reka A. Horvath
 
        Department of Physical Chemistry and Materials Science
            Budapest University of Technology and Economics
                  Budapest P.O.Box 91, H-1521 Hungary
 
                              www.mrcc.hu
 
                      Release date: March 18, 2022

 ************************ 2023-02-04 11:43:31 *************************
 Executing minp...

 Reading input from MINP...
 
 Input file:
 
calc=FNO-CCSD(T)
verbosity=3
mem=220GB
unit=angs
scfiguess=small
scfalg=locfit1
ccmaxit=400
ccsdalg=dfdirect
ccsdthreads=4
ccsdmkl=thr
ptthreads=4
lnoepsv=1e-5
naf_cor=1e-2
basis=aug-cc-pVQZ
basis_sm=def2-SVP
dfbasis_scf=def2-QZVPP-RI-JK
dfbasis_cor=aug-cc-pVQZ-RI
unit=angs
geom=xyz
10

C    29.54344629    29.54344629    16.97505516
H    29.54344670    30.44187631    17.60392580
H    29.54344662    28.64496649    17.60393442
H    30.44658454    29.54342777    16.34911135
H    28.64030918    29.54342779    16.34911130
C    33.76393855    25.32295416    16.97520498
H    32.86104419    25.32293552    16.34891491
H    33.76393892    24.42443359    17.60414260
H    33.76393902    26.22142438    17.60413400
H    34.66683405    25.32293540    16.34891492

--------------------Output has been truncated-------------------------


--------------------Output has been truncated-------------------------


--------------------Output has been truncated-------------------------


--------------------Output has been truncated-------------------------


--------------------Output has been truncated-------------------------


--------------------Output has been truncated-------------------------


--------------------Output has been truncated-------------------------


--------------------Output has been truncated-------------------------


--------------------Output has been truncated-------------------------


--------------------Output has been truncated-------------------------


 
 Reference energy [au]:                       -40.215615555889
 DF-MP2 singlet pair energy [au]:              -0.173756502812
 DF-MP2 triplet pair energy [au]:              -0.037498355480
 DF-SCS-MP2 correlation energy [au]:           -0.221007255201
 DF-SCS-MP2 energy [au]:                      -40.436622811090
 DF-SOS-MP2 correlation energy [au]:           -0.225883453655
 DF-SOS-MP2 energy [au]:                      -40.441499009544
 DF-MP2 correlation energy [au]:               -0.211254858292
 DF-MP2 energy [au]:                          -40.426870414181

 Results in FNO basis:
 
 
 Reference energy [au]:                       -40.215615555889
 DF-MP2 singlet pair energy [au]:              -0.170620019572
 DF-MP2 triplet pair energy [au]:              -0.037356924198
 DF-SCS-MP2 correlation energy [au]:           -0.217196331552
 DF-SCS-MP2 energy [au]:                      -40.432811887441
 DF-SOS-MP2 correlation energy [au]:           -0.221806025443
 DF-SOS-MP2 energy [au]:                      -40.437421581332
 DF-MP2 correlation energy [au]:               -0.207976943770
 DF-MP2 energy [au]:                          -40.423592499659

 Results in NAF basis:
 
 
 Reference energy [au]:                       -40.215615555889
 DF-MP2 singlet pair energy [au]:              -0.170602405800
 DF-MP2 triplet pair energy [au]:              -0.037363613530
 DF-SCS-MP2 correlation energy [au]:           -0.217177424803
 DF-SCS-MP2 energy [au]:                      -40.432792980691
 DF-SOS-MP2 correlation energy [au]:           -0.221783127539
 DF-SOS-MP2 energy [au]:                      -40.437398683428
 DF-MP2 correlation energy [au]:               -0.207966019329
 DF-MP2 energy [au]:                          -40.423581575218

 ************************ 2023-02-04 11:44:13 *************************
 Executing ccsd...

 Allocation of 220.0 Gbytes of memory...

 Direct DF-CCSD(T) calculation
 
 Convergence criterion:  1.0E-06
 
 Number of occupied/virtual/auxiliary orbitals:     4   101   320
    163.36 MB is the minimal memory requirement for (T)
     39.40 MB is the minimal memory requirement for CCSD
 
 Reference energy [au]:             -40.215615555889
 T1 contribution [au]:                0.000000000000
 Same spin MP2 energy [au]:          -0.037360264439
 Opposite spin MP2 energy [au]:      -0.170611202976
 MP2 correlation energy [au]:        -0.207971467415
 Total MP2 energy [au]:             -40.423587023304
 MP2 correction [au]:                -0.003283390877
 
 
 CPU time [min]:     0.175                   Wall time [min]:     0.008
 
 Starting CCSD iterations...
 
                     Residual norm          Energy
 Iteration  1        0.138682825938      -40.436531821999
 Iteration  2        0.035377538841      -40.442055648562
 Iteration  3        0.009772679007      -40.442638482132
 Iteration  4        0.002021083197      -40.442642984214
 Iteration  5        0.000374936725      -40.442649496658
 Iteration  6        0.000084809381      -40.442649373421
 Iteration  7        0.000020226754      -40.442650063630
 Iteration  8        0.000003739348      -40.442650120602
 
 CCSD iteration has converged in  8 steps.
      444.29 MB memory was utilized by CCSD
 
 T1 diagnostic:      7.996E-03            D1 diagnostic:      1.291E-02
 
 T1 contribution [au]:                                  0.000000000000
 PPL energy contribution [au]:                          0.060604424515
 Scaled PPL energy contribution [au]:                   0.061561820997

 OS-PPL energy contribution [au]:                       0.053775865190
 Scaled OS-PPL energy contribution [au]:                0.054769532259
 SS-PPL energy contribution [au]:                       0.006828559325
 Scaled SS-PPL energy contribution [au]:                0.006852882082

 Opposite spin CCSD energy [au]:                       -0.191005614979
 Same spin CCSD energy [au]:                           -0.036035728831
 CCSD correlation energy [au]:                         -0.227041343809
 CCSD correlation energy + MP2 correction [au]:        -0.230324734686
 CCSD correlation energy + MP2 + PPL corr. [au]:       -0.229367338204
 Total CCSD energy [au]:                              -40.442656899698
 Total CCSD energy + MP2 correction [au]:             -40.445940290575
 Total CCSD energy + MP2 + PPL corr. [au]:            -40.444982894093
 
 CPU time [min]:     0.905                   Wall time [min]:     0.029
 
 Calculation of (T) correction...
 
 
      124.68 MB memory is utilized for (T)

 0%       25%       50%       75%       100%
 |---------|---------|---------|---------| 
 
 (T) correction [au]:                                    -0.006942062068
 (T*) correction [au]:                                   -0.007051661252
 (T+) correction [au]:                                   -0.007051254276
 CCSD(T) correlation energy [au]:                        -0.233983405877
 CCSD(T) correlation energy + MP2 correction [au]:       -0.237266796754
 CCSD(T+) correlation en. + MP2 + PPL corr. [au]:        -0.236418592480
 Total CCSD(T) energy [au]:                             -40.449598961766
 Total CCSD(T) energy + MP2 correction [au]:            -40.452882352642
 Total CCSD(T+) energy + MP2 + PPL corr. [au]:          -40.452034148369
 
 CPU time [min]:     0.986                   Wall time [min]:     0.031
 
 ************************ 2023-02-04 11:44:15 *************************
                      Normal termination of mrcc.
 **********************************************************************
