 **********************************************************************
                          MRCC program system
 **********************************************************************
 
                              Written by
     Mihaly Kallay, Peter R. Nagy, David Mester, Laszlo Gyevi-Nagy,
        Jozsef Csoka, P. Bernat Szabo, Zoltan Rolik, Gyula Samu,
     Jozsef Csontos, Bence Hegely, Adam Ganyecz, Istvan Ladjanszki,
       Lorant Szegedy, Bence Ladoczki, Klara Petrov, Mate Farkas,
                    Pal D. Mezei, and Reka A. Horvath
 
        Department of Physical Chemistry and Materials Science
            Budapest University of Technology and Economics
                  Budapest P.O.Box 91, H-1521 Hungary
 
                              www.mrcc.hu
 
                      Release date: March 18, 2022

 ************************ 2023-02-05 13:19:19 *************************
 Executing minp...

 Reading input from MINP...
 
 Input file:
 
calc=FNO-CCSD(T)
verbosity=3
mem=220GB
unit=angs
scfiguess=small
scfalg=locfit1
ccmaxit=400
ccsdalg=dfdirect
ccsdthreads=4
ccsdmkl=thr
ptthreads=4
lnoepsv=1e-5
naf_cor=1e-2
basis=aug-cc-pVTZ
basis_sm=def2-SVP
dfbasis_scf=def2-QZVPP-RI-JK
dfbasis_cor=aug-cc-pVTZ-RI
unit=angs
geom=xyz
16

C    34.41670262    34.07107264    10.41543014
C    33.11117461    33.45680459    10.91530835
H    34.24160149    35.00442132     9.86225048
H    34.94674030    33.36940783     9.75379242
H    35.10002891    34.30603621    11.24227357
H    32.42643037    33.26105434    10.07939442
H    32.59136835    34.12756100    11.61262818
H    33.28915165    32.50678735    11.43686767
C    45.74245091    19.29955203    10.40840413
C    47.04216650    18.68571206    10.92356358
H    45.21716670    18.59535713     9.74574003
H    45.92449924    20.23050918     9.85293887
H    45.05140676    19.54015601    11.22701403
H    47.73607526    18.48905250    10.09557036
H    46.85792277    17.73619002    11.44395536
H    47.55426425    19.35730320    11.62583355

--------------------Output has been truncated-------------------------


--------------------Output has been truncated-------------------------


--------------------Output has been truncated-------------------------


--------------------Output has been truncated-------------------------


--------------------Output has been truncated-------------------------


--------------------Output has been truncated-------------------------


--------------------Output has been truncated-------------------------


--------------------Output has been truncated-------------------------


--------------------Output has been truncated-------------------------


--------------------Output has been truncated-------------------------


 
 Reference energy [au]:                      -158.519089235866
 DF-MP2 singlet pair energy [au]:              -0.600509623227
 DF-MP2 triplet pair energy [au]:              -0.150063461238
 DF-SCS-MP2 correlation energy [au]:           -0.770632701619
 DF-SCS-MP2 energy [au]:                     -159.289721937484
 DF-SOS-MP2 correlation energy [au]:           -0.780662510195
 DF-SOS-MP2 energy [au]:                     -159.299751746061
 DF-MP2 correlation energy [au]:               -0.750573084465
 DF-MP2 energy [au]:                         -159.269662320331

 Results in FNO basis:
 
 
 Reference energy [au]:                      -158.519089235866
 DF-MP2 singlet pair energy [au]:              -0.598169209456
 DF-MP2 triplet pair energy [au]:              -0.149850918180
 DF-SCS-MP2 correlation energy [au]:           -0.767753357407
 DF-SCS-MP2 energy [au]:                     -159.286842593273
 DF-SOS-MP2 correlation energy [au]:           -0.777619972293
 DF-SOS-MP2 energy [au]:                     -159.296709208158
 DF-MP2 correlation energy [au]:               -0.748020127636
 DF-MP2 energy [au]:                         -159.267109363501

 Results in NAF basis:
 
 
 Reference energy [au]:                      -158.519089235866
 DF-MP2 singlet pair energy [au]:              -0.598047714051
 DF-MP2 triplet pair energy [au]:              -0.149929024313
 DF-SCS-MP2 correlation energy [au]:           -0.767633598298
 DF-SCS-MP2 energy [au]:                     -159.286722834164
 DF-SOS-MP2 correlation energy [au]:           -0.777462028266
 DF-SOS-MP2 energy [au]:                     -159.296551264131
 DF-MP2 correlation energy [au]:               -0.747976738364
 DF-MP2 energy [au]:                         -159.267065974229

 ************************ 2023-02-05 13:20:01 *************************
 Executing ccsd...

 Allocation of 220.0 Gbytes of memory...

 Direct DF-CCSD(T) calculation
 
 Convergence criterion:  1.0E-06
 
 Number of occupied/virtual/auxiliary orbitals:    14   278   756
   3422.71 MB is the minimal memory requirement for (T)
    780.99 MB is the minimal memory requirement for CCSD
 
 Reference energy [au]:            -158.519089235866
 T1 contribution [au]:                0.000000000000
 Same spin MP2 energy [au]:          -0.149889852857
 Opposite spin MP2 energy [au]:      -0.598108120104
 MP2 correlation energy [au]:        -0.747997972961
 Total MP2 energy [au]:            -159.267087208827
 MP2 correction [au]:                -0.002575111504
 
 
 CPU time [min]:     0.905                   Wall time [min]:     0.132
 
 Starting CCSD iterations...
 
                     Residual norm          Energy
 Iteration  1        0.241423272380     -159.308944188059
 Iteration  2        0.060038611646     -159.328074213108
 Iteration  3        0.015975920359     -159.329986366753
 Iteration  4        0.003604224355     -159.330003003367
 Iteration  5        0.000758966597     -159.330013419162
 Iteration  6        0.000215375442     -159.330019573933
 Iteration  7        0.000051277073     -159.330019143211
 Iteration  8        0.000013080784     -159.330019726484
 Iteration  9        0.000002622720     -159.330019674434
 
 CCSD iteration has converged in  9 steps.
    23656.02 MB memory was utilized by CCSD
 
 T1 diagnostic:      7.817E-03            D1 diagnostic:      1.354E-02
 
 T1 contribution [au]:                                  0.000000000000
 PPL energy contribution [au]:                          0.205823685966
 Scaled PPL energy contribution [au]:                   0.206541128220

 OS-PPL energy contribution [au]:                       0.179923235136
 Scaled OS-PPL energy contribution [au]:                0.180665427032
 SS-PPL energy contribution [au]:                       0.025900450830
 Scaled SS-PPL energy contribution [au]:                0.025924103637

 Opposite spin CCSD energy [au]:                       -0.668569309918
 Same spin CCSD energy [au]:                           -0.142398479004
 CCSD correlation energy [au]:                         -0.810967788923
 CCSD correlation energy + MP2 correction [au]:        -0.813542900426
 CCSD correlation energy + MP2 + PPL corr. [au]:       -0.812825458172
 Total CCSD energy [au]:                             -159.330057024788
 Total CCSD energy + MP2 correction [au]:            -159.332632136292
 Total CCSD energy + MP2 + PPL corr. [au]:           -159.331914694038
 
 CPU time [min]:    53.165                   Wall time [min]:     1.774
 
 Calculation of (T) correction...
 
 
     4429.83 MB memory is utilized for (T)

 0%       25%       50%       75%       100%
 |---------|---------|---------|---------| 
 
 (T) correction [au]:                                    -0.027917928410
 (T*) correction [au]:                                   -0.028014040674
 (T+) correction [au]:                                   -0.028012876647
 CCSD(T) correlation energy [au]:                        -0.838885717333
 CCSD(T) correlation energy + MP2 correction [au]:       -0.841460828836
 CCSD(T+) correlation en. + MP2 + PPL corr. [au]:        -0.840838334820
 Total CCSD(T) energy [au]:                            -159.357974953198
 Total CCSD(T) energy + MP2 correction [au]:           -159.360550064702
 Total CCSD(T+) energy + MP2 + PPL corr. [au]:         -159.359927570685
 
 CPU time [min]:   111.027                   Wall time [min]:     3.471
 
 ************************ 2023-02-05 13:23:29 *************************
                      Normal termination of mrcc.
 **********************************************************************
