 **********************************************************************
                          MRCC program system
 **********************************************************************
 
                              Written by
     Mihaly Kallay, Peter R. Nagy, David Mester, Laszlo Gyevi-Nagy,
        Jozsef Csoka, P. Bernat Szabo, Zoltan Rolik, Gyula Samu,
     Jozsef Csontos, Bence Hegely, Adam Ganyecz, Istvan Ladjanszki,
       Lorant Szegedy, Bence Ladoczki, Klara Petrov, Mate Farkas,
                    Pal D. Mezei, and Reka A. Horvath
 
        Department of Physical Chemistry and Materials Science
            Budapest University of Technology and Economics
                  Budapest P.O.Box 91, H-1521 Hungary
 
                              www.mrcc.hu
 
                      Release date: March 18, 2022

 ************************ 2023-02-04 11:56:03 *************************
 Executing minp...

 Reading input from MINP...
 
 Input file:
 
calc=FNO-CCSD(T)
verbosity=3
mem=220GB
unit=angs
scfiguess=small
scfalg=locfit1
ccmaxit=400
ccsdalg=dfdirect
ccsdthreads=4
ccsdmkl=thr
ptthreads=4
lnoepsv=1e-5
naf_cor=1e-2
basis=aug-cc-pVQZ
basis_sm=def2-SVP
dfbasis_scf=def2-QZVPP-RI-JK
dfbasis_cor=aug-cc-pVQZ-RI
unit=angs
geom=xyz
10

C    29.54344629    29.54344629    16.97505516
H    29.54344670    30.44187631    17.60392580
H    29.54344662    28.64496649    17.60393442
H    30.44658454    29.54342777    16.34911135
H    28.64030918    29.54342779    16.34911130
C    21.10243117    16.88193772    16.97524142
H    20.20393929    16.88193796    17.60416815
H    22.00097302    16.88193792    17.60417697
H    21.10244972    15.97913951    16.34882759
H    21.10244979    17.78473706    16.34882843

--------------------Output has been truncated-------------------------


--------------------Output has been truncated-------------------------


--------------------Output has been truncated-------------------------


--------------------Output has been truncated-------------------------


--------------------Output has been truncated-------------------------


--------------------Output has been truncated-------------------------


--------------------Output has been truncated-------------------------


--------------------Output has been truncated-------------------------


--------------------Output has been truncated-------------------------


--------------------Output has been truncated-------------------------


 
 Reference energy [au]:                       -80.431229540877
 DF-MP2 singlet pair energy [au]:              -0.347506404654
 DF-MP2 triplet pair energy [au]:              -0.074996529853
 DF-SCS-MP2 correlation energy [au]:           -0.442006528869
 DF-SCS-MP2 energy [au]:                      -80.873236069746
 DF-SOS-MP2 correlation energy [au]:           -0.451758326050
 DF-SOS-MP2 energy [au]:                      -80.882987866927
 DF-MP2 correlation energy [au]:               -0.422502934507
 DF-MP2 energy [au]:                          -80.853732475384

 Results in FNO basis:
 
 
 Reference energy [au]:                       -80.431229540877
 DF-MP2 singlet pair energy [au]:              -0.341237006878
 DF-MP2 triplet pair energy [au]:              -0.074713916466
 DF-SCS-MP2 correlation energy [au]:           -0.434389047076
 DF-SCS-MP2 energy [au]:                      -80.865618587953
 DF-SOS-MP2 correlation energy [au]:           -0.443608108942
 DF-SOS-MP2 energy [au]:                      -80.874837649819
 DF-MP2 correlation energy [au]:               -0.415950923345
 DF-MP2 energy [au]:                          -80.847180464222

 Results in NAF basis:
 
 
 Reference energy [au]:                       -80.431229540877
 DF-MP2 singlet pair energy [au]:              -0.341202411215
 DF-MP2 triplet pair energy [au]:              -0.074727074343
 DF-SCS-MP2 correlation energy [au]:           -0.434351918239
 DF-SCS-MP2 energy [au]:                      -80.865581459116
 DF-SOS-MP2 correlation energy [au]:           -0.443563134579
 DF-SOS-MP2 energy [au]:                      -80.874792675457
 DF-MP2 correlation energy [au]:               -0.415929485557
 DF-MP2 energy [au]:                          -80.847159026435

 ************************ 2023-02-04 11:56:40 *************************
 Executing ccsd...

 Allocation of 220.0 Gbytes of memory...

 Direct DF-CCSD(T) calculation
 
 Convergence criterion:  1.0E-06
 
 Number of occupied/virtual/auxiliary orbitals:     8   202   640
   1312.15 MB is the minimal memory requirement for (T)
    293.11 MB is the minimal memory requirement for CCSD
 
 Reference energy [au]:             -80.431229540877
 T1 contribution [au]:                0.000000000000
 Same spin MP2 energy [au]:          -0.074720486920
 Opposite spin MP2 energy [au]:      -0.341219691091
 MP2 correlation energy [au]:        -0.415940178011
 Total MP2 energy [au]:             -80.847169718888
 MP2 correction [au]:                -0.006562756496
 
 
 CPU time [min]:     0.490                   Wall time [min]:     0.057
 
 Starting CCSD iterations...
 
                     Residual norm          Energy
 Iteration  1        0.196126485278      -80.873059923022
 Iteration  2        0.050030455375      -80.884107397201
 Iteration  3        0.013820056485      -80.885272946434
 Iteration  4        0.002858160622      -80.885281948786
 Iteration  5        0.000530221894      -80.885294973203
 Iteration  6        0.000119932869      -80.885294726670
 Iteration  7        0.000028603239      -80.885296106925
 Iteration  8        0.000005287884      -80.885296220867
 Iteration  9        0.000001125812      -80.885296196906
 
 CCSD iteration has converged in  9 steps.
     6687.81 MB memory was utilized by CCSD
 
 T1 diagnostic:      7.996E-03            D1 diagnostic:      1.292E-02
 
 T1 contribution [au]:                                  0.000000000000
 PPL energy contribution [au]:                          0.121206212643
 Scaled PPL energy contribution [au]:                   0.123119745794

 OS-PPL energy contribution [au]:                       0.107549267839
 Scaled OS-PPL energy contribution [au]:                0.109535251025
 SS-PPL energy contribution [au]:                       0.013656944803
 Scaled SS-PPL energy contribution [au]:                0.013705580747

 Opposite spin CCSD energy [au]:                       -0.382008453854
 Same spin CCSD energy [au]:                           -0.072071502092
 CCSD correlation energy [au]:                         -0.454079955946
 CCSD correlation energy + MP2 correction [au]:        -0.460642712442
 CCSD correlation energy + MP2 + PPL corr. [au]:       -0.458729179290
 Total CCSD energy [au]:                              -80.885309496823
 Total CCSD energy + MP2 correction [au]:             -80.891872253319
 Total CCSD energy + MP2 + PPL corr. [au]:            -80.889958720167
 
 CPU time [min]:    12.722                   Wall time [min]:     0.406
 
 Calculation of (T) correction...
 
 
     1275.43 MB memory is utilized for (T)

 0%       25%       50%       75%       100%
 |---------|---------|---------|---------| 
 
 (T) correction [au]:                                    -0.013883724362
 (T*) correction [au]:                                   -0.014102783513
 (T+) correction [au]:                                   -0.014101964030
 CCSD(T) correlation energy [au]:                        -0.467963680308
 CCSD(T) correlation energy + MP2 correction [au]:       -0.474526436803
 CCSD(T+) correlation en. + MP2 + PPL corr. [au]:        -0.472831143320
 Total CCSD(T) energy [au]:                             -80.899193221185
 Total CCSD(T) energy + MP2 correction [au]:            -80.905755977681
 Total CCSD(T+) energy + MP2 + PPL corr. [au]:          -80.904060684197
 
 CPU time [min]:    16.704                   Wall time [min]:     0.537
 
 ************************ 2023-02-04 11:57:12 *************************
                      Normal termination of mrcc.
 **********************************************************************
