 **********************************************************************
                          MRCC program system
 **********************************************************************
 
                              Written by
     Mihaly Kallay, Peter R. Nagy, David Mester, Laszlo Gyevi-Nagy,
        Jozsef Csoka, P. Bernat Szabo, Zoltan Rolik, Gyula Samu,
     Jozsef Csontos, Bence Hegely, Adam Ganyecz, Istvan Ladjanszki,
       Lorant Szegedy, Bence Ladoczki, Klara Petrov, Mate Farkas,
                    Pal D. Mezei, and Reka A. Horvath
 
        Department of Physical Chemistry and Materials Science
            Budapest University of Technology and Economics
                  Budapest P.O.Box 91, H-1521 Hungary
 
                              www.mrcc.hu
 
                      Release date: March 18, 2022

 ************************ 2023-02-04 11:44:43 *************************
 Executing minp...

 Reading input from MINP...
 
 Input file:
 
calc=FNO-CCSD(T)
verbosity=3
mem=220GB
unit=angs
scfiguess=small
scfalg=locfit1
ccmaxit=400
ccsdalg=dfdirect
ccsdthreads=4
ccsdmkl=thr
ptthreads=4
lnoepsv=1e-5
naf_cor=1e-2
basis=aug-cc-pVTZ
basis_sm=def2-SVP
dfbasis_scf=def2-QZVPP-RI-JK
dfbasis_cor=aug-cc-pVTZ-RI
unit=angs
geom=xyz
10

C    29.54344629    29.54344629    16.97505516
H    29.54344670    30.44187631    17.60392580
H    29.54344662    28.64496649    17.60393442
H    30.44658454    29.54342777    16.34911135
H    28.64030918    29.54342779    16.34911130
C    33.76393855    33.76393881    16.97520498
H    33.76393892    32.86541825    17.60414260
H    32.86104419    33.76392017    16.34891491
H    33.76393902    34.66240904    17.60413400
H    34.66683405    33.76392005    16.34891492

--------------------Output has been truncated-------------------------


--------------------Output has been truncated-------------------------


--------------------Output has been truncated-------------------------


--------------------Output has been truncated-------------------------


--------------------Output has been truncated-------------------------


--------------------Output has been truncated-------------------------


--------------------Output has been truncated-------------------------


--------------------Output has been truncated-------------------------


--------------------Output has been truncated-------------------------


--------------------Output has been truncated-------------------------


 
 Reference energy [au]:                       -40.213014716186
 DF-MP2 singlet pair energy [au]:              -0.164426319679
 DF-MP2 triplet pair energy [au]:              -0.036595366100
 DF-SCS-MP2 correlation energy [au]:           -0.209510038981
 DF-SCS-MP2 energy [au]:                      -40.422524755167
 DF-SOS-MP2 correlation energy [au]:           -0.213754215583
 DF-SOS-MP2 energy [au]:                      -40.426768931768
 DF-MP2 correlation energy [au]:               -0.201021685779
 DF-MP2 energy [au]:                          -40.414036401965

 Results in FNO basis:
 
 
 Reference energy [au]:                       -40.213014716186
 DF-MP2 singlet pair energy [au]:              -0.163774052636
 DF-MP2 triplet pair energy [au]:              -0.036551454749
 DF-SCS-MP2 correlation energy [au]:           -0.208712681413
 DF-SCS-MP2 energy [au]:                      -40.421727397598
 DF-SOS-MP2 correlation energy [au]:           -0.212906268427
 DF-SOS-MP2 energy [au]:                      -40.425920984612
 DF-MP2 correlation energy [au]:               -0.200325507385
 DF-MP2 energy [au]:                          -40.413340223571

 Results in NAF basis:
 
 
 Reference energy [au]:                       -40.213014716186
 DF-MP2 singlet pair energy [au]:              -0.163739891362
 DF-MP2 triplet pair energy [au]:              -0.036570750849
 DF-SCS-MP2 correlation energy [au]:           -0.208678119917
 DF-SCS-MP2 energy [au]:                      -40.421692836103
 DF-SOS-MP2 correlation energy [au]:           -0.212861858770
 DF-SOS-MP2 energy [au]:                      -40.425876574956
 DF-MP2 correlation energy [au]:               -0.200310642211
 DF-MP2 energy [au]:                          -40.413325358397

 ************************ 2023-02-04 11:45:01 *************************
 Executing ccsd...

 Allocation of 220.0 Gbytes of memory...

 Direct DF-CCSD(T) calculation
 
 Convergence criterion:  1.0E-06
 
 Number of occupied/virtual/auxiliary orbitals:     4    83   221
     89.04 MB is the minimal memory requirement for (T)
     22.38 MB is the minimal memory requirement for CCSD
 
 Reference energy [au]:             -40.213014716186
 T1 contribution [au]:                0.000000000000
 Same spin MP2 energy [au]:          -0.036561075424
 Opposite spin MP2 energy [au]:      -0.163756890396
 MP2 correlation energy [au]:        -0.200317965820
 Total MP2 energy [au]:             -40.413332682006
 MP2 correction [au]:                -0.000703719959
 
 
 CPU time [min]:     0.058                   Wall time [min]:     0.004
 
 Starting CCSD iterations...
 
                     Residual norm          Energy
 Iteration  1        0.131889284144      -40.427800167598
 Iteration  2        0.033755395399      -40.433323171893
 Iteration  3        0.008181909586      -40.433789328234
 Iteration  4        0.001913897297      -40.433791922519
 Iteration  5        0.000362915105      -40.433798970503
 Iteration  6        0.000073615880      -40.433799102925
 Iteration  7        0.000017729053      -40.433799708313
 Iteration  8        0.000003100304      -40.433799726059
 
 CCSD iteration has converged in  8 steps.
      207.43 MB memory was utilized by CCSD
 
 T1 diagnostic:      7.476E-03            D1 diagnostic:      1.210E-02
 
 T1 contribution [au]:                                  0.000000000000
 PPL energy contribution [au]:                          0.057489662576
 Scaled PPL energy contribution [au]:                   0.057693282077

 OS-PPL energy contribution [au]:                       0.050874462705
 Scaled OS-PPL energy contribution [au]:                0.051087194381
 SS-PPL energy contribution [au]:                       0.006615199871
 Scaled SS-PPL energy contribution [au]:                0.006619787792

 Opposite spin CCSD energy [au]:                       -0.185473375050
 Same spin CCSD energy [au]:                           -0.035322981698
 CCSD correlation energy [au]:                         -0.220796356748
 CCSD correlation energy + MP2 correction [au]:        -0.221500076707
 CCSD correlation energy + MP2 + PPL corr. [au]:       -0.221296457207
 Total CCSD energy [au]:                              -40.433811072934
 Total CCSD energy + MP2 correction [au]:             -40.434514792893
 Total CCSD energy + MP2 + PPL corr. [au]:            -40.434311173392
 
 CPU time [min]:     0.444                   Wall time [min]:     0.015
 
 Calculation of (T) correction...
 
 
       67.65 MB memory is utilized for (T)

 0%       25%       50%       75%       100%
 |---------|---------|---------|---------| 
 
 (T) correction [au]:                                    -0.006569077428
 (T*) correction [au]:                                   -0.006592154694
 (T+) correction [au]:                                   -0.006592171764
 CCSD(T) correlation energy [au]:                        -0.227365434176
 CCSD(T) correlation energy + MP2 correction [au]:       -0.228069154135
 CCSD(T+) correlation en. + MP2 + PPL corr. [au]:        -0.227888628971
 Total CCSD(T) energy [au]:                             -40.440380150362
 Total CCSD(T) energy + MP2 correction [au]:            -40.441083870321
 Total CCSD(T+) energy + MP2 + PPL corr. [au]:          -40.440903345156
 
 CPU time [min]:     0.509                   Wall time [min]:     0.017
 
 ************************ 2023-02-04 11:45:02 *************************
                      Normal termination of mrcc.
 **********************************************************************
