 **********************************************************************
                          MRCC program system
 **********************************************************************
 
                              Written by
     Mihaly Kallay, Peter R. Nagy, David Mester, Laszlo Gyevi-Nagy,
        Jozsef Csoka, P. Bernat Szabo, Zoltan Rolik, Gyula Samu,
     Jozsef Csontos, Bence Hegely, Adam Ganyecz, Istvan Ladjanszki,
       Lorant Szegedy, Bence Ladoczki, Klara Petrov, Mate Farkas,
                    Pal D. Mezei, and Reka A. Horvath
 
        Department of Physical Chemistry and Materials Science
            Budapest University of Technology and Economics
                  Budapest P.O.Box 91, H-1521 Hungary
 
                              www.mrcc.hu
 
                      Release date: March 18, 2022

 ************************ 2023-02-05 13:13:51 *************************
 Executing minp...

 Reading input from MINP...
 
 Input file:
 
calc=FNO-CCSD(T)
verbosity=3
mem=220GB
unit=angs
scfiguess=small
scfalg=locfit1
ccmaxit=400
ccsdalg=dfdirect
ccsdthreads=4
ccsdmkl=thr
ptthreads=4
lnoepsv=1e-5
naf_cor=1e-2
basis=aug-cc-pVTZ
basis_sm=def2-SVP
dfbasis_scf=def2-QZVPP-RI-JK
dfbasis_cor=aug-cc-pVTZ-RI
unit=angs
geom=xyz
16

C    34.41670262    34.07107264    10.41543014
C    33.11117461    33.45680459    10.91530835
H    34.24160149    35.00442132     9.86225048
H    34.94674030    33.36940783     9.75379242
H    35.10002891    34.30603621    11.24227357
H    32.42643037    33.26105434    10.07939442
H    32.59136835    34.12756100    11.61262818
H    33.28915165    32.50678735    11.43686767
C    37.30146851    15.07905792    10.40841099
C    38.60118650    14.46522380    10.92356869
H    36.77622810    14.37485224     9.74571409
H    37.48350439    16.00999726     9.85291346
H    36.61044119    15.31969220    11.22702485
H    39.29502691    14.26858257    10.09551480
H    38.41694628    13.51570424    11.44396498
H    39.11330594    15.13676568    11.62587494

--------------------Output has been truncated-------------------------


--------------------Output has been truncated-------------------------


--------------------Output has been truncated-------------------------


--------------------Output has been truncated-------------------------


--------------------Output has been truncated-------------------------


--------------------Output has been truncated-------------------------


--------------------Output has been truncated-------------------------


--------------------Output has been truncated-------------------------


--------------------Output has been truncated-------------------------


--------------------Output has been truncated-------------------------


 
 Reference energy [au]:                       -79.259538755244
 DF-MP2 singlet pair energy [au]:              -0.300255294493
 DF-MP2 triplet pair energy [au]:              -0.075031924352
 DF-SCS-MP2 correlation energy [au]:           -0.385316994843
 DF-SCS-MP2 energy [au]:                      -79.644855750086
 DF-SOS-MP2 correlation energy [au]:           -0.390331882841
 DF-SOS-MP2 energy [au]:                      -79.649870638085
 DF-MP2 correlation energy [au]:               -0.375287218845
 DF-MP2 energy [au]:                          -79.634825974089

 Results in FNO basis:
 
 
 Reference energy [au]:                       -79.259538755244
 DF-MP2 singlet pair energy [au]:              -0.299085077667
 DF-MP2 triplet pair energy [au]:              -0.074925651317
 DF-SCS-MP2 correlation energy [au]:           -0.383877310306
 DF-SCS-MP2 energy [au]:                      -79.643416065550
 DF-SOS-MP2 correlation energy [au]:           -0.388810600967
 DF-SOS-MP2 energy [au]:                      -79.648349356211
 DF-MP2 correlation energy [au]:               -0.374010728984
 DF-MP2 energy [au]:                          -79.633549484227

 Results in NAF basis:
 
 
 Reference energy [au]:                       -79.259538755244
 DF-MP2 singlet pair energy [au]:              -0.299024304635
 DF-MP2 triplet pair energy [au]:              -0.074964709895
 DF-SCS-MP2 correlation energy [au]:           -0.383817402193
 DF-SCS-MP2 energy [au]:                      -79.643356157437
 DF-SOS-MP2 correlation energy [au]:           -0.388731596025
 DF-SOS-MP2 energy [au]:                      -79.648270351268
 DF-MP2 correlation energy [au]:               -0.373989014530
 DF-MP2 energy [au]:                          -79.633527769774

 ************************ 2023-02-05 13:14:40 *************************
 Executing ccsd...

 Allocation of 220.0 Gbytes of memory...

 Direct DF-CCSD(T) calculation
 
 Convergence criterion:  1.0E-06
 
 Number of occupied/virtual/auxiliary orbitals:     7   139   378
    421.21 MB is the minimal memory requirement for (T)
     94.89 MB is the minimal memory requirement for CCSD
 
 Reference energy [au]:             -79.259538755244
 T1 contribution [au]:                0.000000000000
 Same spin MP2 energy [au]:          -0.074945121396
 Opposite spin MP2 energy [au]:      -0.299054520312
 MP2 correlation energy [au]:        -0.373999641708
 Total MP2 energy [au]:             -79.633538396952
 MP2 correction [au]:                -0.001287577137
 
 
 CPU time [min]:     0.315                   Wall time [min]:     0.016
 
 Starting CCSD iterations...
 
                     Residual norm          Energy
 Iteration  1        0.170712041865      -79.654466825683
 Iteration  2        0.042453984359      -79.664031952395
 Iteration  3        0.011296844026      -79.664988060917
 Iteration  4        0.002548605119      -79.664996376234
 Iteration  5        0.000536675785      -79.665001585442
 Iteration  6        0.000152294742      -79.665004662593
 Iteration  7        0.000036259169      -79.665004447155
 Iteration  8        0.000009249949      -79.665004738794
 
 CCSD iteration has converged in  8 steps.
     1534.57 MB memory was utilized by CCSD
 
 T1 diagnostic:      7.817E-03            D1 diagnostic:      1.354E-02
 
 T1 contribution [au]:                                  0.000000000000
 PPL energy contribution [au]:                          0.102912299809
 Scaled PPL energy contribution [au]:                   0.103271030801

 OS-PPL energy contribution [au]:                       0.089962054881
 Scaled OS-PPL energy contribution [au]:                0.090333162944
 SS-PPL energy contribution [au]:                       0.012950244927
 Scaled SS-PPL energy contribution [au]:                0.012962070811

 Opposite spin CCSD energy [au]:                       -0.334285307204
 Same spin CCSD energy [au]:                           -0.071199365178
 CCSD correlation energy [au]:                         -0.405484672382
 CCSD correlation energy + MP2 correction [au]:        -0.406772249519
 CCSD correlation energy + MP2 + PPL corr. [au]:       -0.406413518527
 Total CCSD energy [au]:                              -79.665023427626
 Total CCSD energy + MP2 correction [au]:             -79.666311004763
 Total CCSD energy + MP2 + PPL corr. [au]:            -79.665952273770
 
 CPU time [min]:     2.703                   Wall time [min]:     0.087
 
 Calculation of (T) correction...
 
 
      388.93 MB memory is utilized for (T)

 0%       25%       50%       75%       100%
 |---------|---------|---------|---------| 
 
 (T) correction [au]:                                    -0.013959022245
 (T*) correction [au]:                                   -0.014007079291
 (T+) correction [au]:                                   -0.014006497793
 CCSD(T) correlation energy [au]:                        -0.419443694627
 CCSD(T) correlation energy + MP2 correction [au]:       -0.420731271764
 CCSD(T+) correlation en. + MP2 + PPL corr. [au]:        -0.420420016320
 Total CCSD(T) energy [au]:                             -79.678982449870
 Total CCSD(T) energy + MP2 correction [au]:            -79.680270027008
 Total CCSD(T+) energy + MP2 + PPL corr. [au]:          -79.679958771564
 
 CPU time [min]:     3.399                   Wall time [min]:     0.108
 
 ************************ 2023-02-05 13:14:47 *************************
                      Normal termination of mrcc.
 **********************************************************************
