 **********************************************************************
                          MRCC program system
 **********************************************************************
 
                              Written by
     Mihaly Kallay, Peter R. Nagy, David Mester, Laszlo Gyevi-Nagy,
        Jozsef Csoka, P. Bernat Szabo, Zoltan Rolik, Gyula Samu,
     Jozsef Csontos, Bence Hegely, Adam Ganyecz, Istvan Ladjanszki,
       Lorant Szegedy, Bence Ladoczki, Klara Petrov, Mate Farkas,
                    Pal D. Mezei, and Reka A. Horvath
 
        Department of Physical Chemistry and Materials Science
            Budapest University of Technology and Economics
                  Budapest P.O.Box 91, H-1521 Hungary
 
                              www.mrcc.hu
 
                      Release date: March 18, 2022

 ************************ 2023-02-05 13:24:48 *************************
 Executing minp...

 Reading input from MINP...
 
 Input file:
 
calc=FNO-CCSD(T)
verbosity=3
mem=220GB
unit=angs
scfiguess=small
scfalg=locfit1
ccmaxit=400
ccsdalg=dfdirect
ccsdthreads=4
ccsdmkl=thr
ptthreads=4
lnoepsv=1e-5
naf_cor=1e-2
basis=aug-cc-pVTZ
basis_sm=def2-SVP
dfbasis_scf=def2-QZVPP-RI-JK
dfbasis_cor=aug-cc-pVTZ-RI
unit=angs
geom=xyz
16

C    34.41670262    34.07107264    10.41543014
C    33.11117461    33.45680459    10.91530835
H    34.24160149    35.00442132     9.86225048
H    34.94674030    33.36940783     9.75379242
H    35.10002891    34.30603621    11.24227357
H    32.42643037    33.26105434    10.07939442
H    32.59136835    34.12756100    11.61262818
H    33.28915165    32.50678735    11.43686767
C    20.41949921    31.96102723    10.40841099
C    21.71921719    31.34719311    10.92356869
H    19.89425880    31.25682155     9.74571409
H    20.60153508    32.89196657     9.85291346
H    19.72847188    32.20166151    11.22702485
H    22.41305761    31.15055188    10.09551480
H    21.53497697    30.39767355    11.44396498
H    22.23133663    32.01873499    11.62587494

--------------------Output has been truncated-------------------------


--------------------Output has been truncated-------------------------


--------------------Output has been truncated-------------------------


--------------------Output has been truncated-------------------------


--------------------Output has been truncated-------------------------


--------------------Output has been truncated-------------------------


--------------------Output has been truncated-------------------------


--------------------Output has been truncated-------------------------


--------------------Output has been truncated-------------------------


--------------------Output has been truncated-------------------------


 
 Reference energy [au]:                      -158.519089128683
 DF-MP2 singlet pair energy [au]:              -0.600511052772
 DF-MP2 triplet pair energy [au]:              -0.150064482348
 DF-SCS-MP2 correlation energy [au]:           -0.770634757443
 DF-SCS-MP2 energy [au]:                     -159.289723886125
 DF-SOS-MP2 correlation energy [au]:           -0.780664368604
 DF-SOS-MP2 energy [au]:                     -159.299753497287
 DF-MP2 correlation energy [au]:               -0.750575535120
 DF-MP2 energy [au]:                         -159.269664663803

 Results in FNO basis:
 
 
 Reference energy [au]:                      -158.519089128683
 DF-MP2 singlet pair energy [au]:              -0.598170370192
 DF-MP2 triplet pair energy [au]:              -0.149851869249
 DF-SCS-MP2 correlation energy [au]:           -0.767755067314
 DF-SCS-MP2 energy [au]:                     -159.286844195996
 DF-SOS-MP2 correlation energy [au]:           -0.777621481250
 DF-SOS-MP2 energy [au]:                     -159.296710609932
 DF-MP2 correlation energy [au]:               -0.748022239441
 DF-MP2 energy [au]:                         -159.267111368123

 Results in NAF basis:
 
 
 Reference energy [au]:                      -158.519089128683
 DF-MP2 singlet pair energy [au]:              -0.598049313231
 DF-MP2 triplet pair energy [au]:              -0.149930060171
 DF-SCS-MP2 correlation energy [au]:           -0.767635862600
 DF-SCS-MP2 energy [au]:                     -159.286724991283
 DF-SOS-MP2 correlation energy [au]:           -0.777464107200
 DF-SOS-MP2 energy [au]:                     -159.296553235883
 DF-MP2 correlation energy [au]:               -0.747979373401
 DF-MP2 energy [au]:                         -159.267068502084

 ************************ 2023-02-05 13:25:32 *************************
 Executing ccsd...

 Allocation of 220.0 Gbytes of memory...

 Direct DF-CCSD(T) calculation
 
 Convergence criterion:  1.0E-06
 
 Number of occupied/virtual/auxiliary orbitals:    14   278   756
   3422.71 MB is the minimal memory requirement for (T)
    780.99 MB is the minimal memory requirement for CCSD
 
 Reference energy [au]:            -158.519089128683
 T1 contribution [au]:                0.000000000000
 Same spin MP2 energy [au]:          -0.149890846646
 Opposite spin MP2 energy [au]:      -0.598109500682
 MP2 correlation energy [au]:        -0.748000347329
 Total MP2 energy [au]:            -159.267089476011
 MP2 correction [au]:                -0.002575187791
 
 
 CPU time [min]:     0.908                   Wall time [min]:     0.132
 
 Starting CCSD iterations...
 
                     Residual norm          Energy
 Iteration  1        0.241417433163     -159.308946186702
 Iteration  2        0.060036730199     -159.328076223723
 Iteration  3        0.015975436762     -159.329988345208
 Iteration  4        0.003604128630     -159.330004973923
 Iteration  5        0.000758952434     -159.330015387848
 Iteration  6        0.000215373206     -159.330021542253
 Iteration  7        0.000051276457     -159.330021111402
 Iteration  8        0.000013080823     -159.330021694634
 Iteration  9        0.000002622724     -159.330021642579
 
 CCSD iteration has converged in  9 steps.
    23656.02 MB memory was utilized by CCSD
 
 T1 diagnostic:      7.817E-03            D1 diagnostic:      1.354E-02
 
 T1 contribution [au]:                                  0.000000000000
 PPL energy contribution [au]:                          0.205823825654
 Scaled PPL energy contribution [au]:                   0.206541217829

 OS-PPL energy contribution [au]:                       0.179923371489
 Scaled OS-PPL energy contribution [au]:                0.180665514349
 SS-PPL energy contribution [au]:                       0.025900454165
 Scaled SS-PPL energy contribution [au]:                0.025924104874

 Opposite spin CCSD energy [au]:                       -0.668570230688
 Same spin CCSD energy [au]:                           -0.142399397740
 CCSD correlation energy [au]:                         -0.810969628428
 CCSD correlation energy + MP2 correction [au]:        -0.813544816219
 CCSD correlation energy + MP2 + PPL corr. [au]:       -0.812827424044
 Total CCSD energy [au]:                             -159.330058757110
 Total CCSD energy + MP2 correction [au]:            -159.332633944902
 Total CCSD energy + MP2 + PPL corr. [au]:           -159.331916552727
 
 CPU time [min]:    53.952                   Wall time [min]:     1.798
 
 Calculation of (T) correction...
 
 
     4429.83 MB memory is utilized for (T)

 0%       25%       50%       75%       100%
 |---------|---------|---------|---------| 
 
 (T) correction [au]:                                    -0.027918204222
 (T*) correction [au]:                                   -0.028014319978
 (T+) correction [au]:                                   -0.028013147749
 CCSD(T) correlation energy [au]:                        -0.838887832650
 CCSD(T) correlation energy + MP2 correction [au]:       -0.841463020441
 CCSD(T+) correlation en. + MP2 + PPL corr. [au]:        -0.840840571793
 Total CCSD(T) energy [au]:                            -159.357976961332
 Total CCSD(T) energy + MP2 correction [au]:           -159.360552149124
 Total CCSD(T+) energy + MP2 + PPL corr. [au]:         -159.359929700476
 
 CPU time [min]:   111.897                   Wall time [min]:     3.500
 
 ************************ 2023-02-05 13:29:02 *************************
                      Normal termination of mrcc.
 **********************************************************************
