 **********************************************************************
                          MRCC program system
 **********************************************************************
 
                              Written by
     Mihaly Kallay, Peter R. Nagy, David Mester, Laszlo Gyevi-Nagy,
        Jozsef Csoka, P. Bernat Szabo, Zoltan Rolik, Gyula Samu,
     Jozsef Csontos, Bence Hegely, Adam Ganyecz, Istvan Ladjanszki,
       Lorant Szegedy, Bence Ladoczki, Klara Petrov, Mate Farkas,
                    Pal D. Mezei, and Reka A. Horvath
 
        Department of Physical Chemistry and Materials Science
            Budapest University of Technology and Economics
                  Budapest P.O.Box 91, H-1521 Hungary
 
                              www.mrcc.hu
 
                      Release date: March 18, 2022

 ************************ 2023-02-04 11:52:50 *************************
 Executing minp...

 Reading input from MINP...
 
 Input file:
 
calc=FNO-CCSD(T)
verbosity=3
mem=220GB
unit=angs
scfiguess=small
scfalg=locfit1
ccmaxit=400
ccsdalg=dfdirect
ccsdthreads=4
ccsdmkl=thr
ptthreads=4
lnoepsv=1e-5
naf_cor=1e-2
basis=aug-cc-pVQZ
basis_sm=def2-SVP
dfbasis_scf=def2-QZVPP-RI-JK
dfbasis_cor=aug-cc-pVQZ-RI
unit=angs
geom=xyz
10

C    29.54344629    29.54344629    16.97505516
H    29.54344670    30.44187631    17.60392580
H    29.54344662    28.64496649    17.60393442
H    30.44658454    29.54342777    16.34911135
H    28.64030918    29.54342779    16.34911130
C    21.10246164    29.54344629    16.97505516
H    21.10246204    30.44187631    17.60392580
H    21.10246196    28.64496649    17.60393442
H    22.00559989    29.54342777    16.34911135
H    20.19932453    29.54342779    16.34911130

--------------------Output has been truncated-------------------------


--------------------Output has been truncated-------------------------


--------------------Output has been truncated-------------------------


--------------------Output has been truncated-------------------------


--------------------Output has been truncated-------------------------


--------------------Output has been truncated-------------------------


--------------------Output has been truncated-------------------------


--------------------Output has been truncated-------------------------


--------------------Output has been truncated-------------------------


--------------------Output has been truncated-------------------------


 
 Reference energy [au]:                       -40.215614303539
 DF-MP2 singlet pair energy [au]:              -0.173753309433
 DF-MP2 triplet pair energy [au]:              -0.037498402224
 DF-SCS-MP2 correlation energy [au]:           -0.221003438727
 DF-SCS-MP2 energy [au]:                      -40.436617742266
 DF-SOS-MP2 correlation energy [au]:           -0.225879302263
 DF-SOS-MP2 energy [au]:                      -40.441493605801
 DF-MP2 correlation energy [au]:               -0.211251711657
 DF-MP2 energy [au]:                          -40.426866015196

 Results in FNO basis:
 
 
 Reference energy [au]:                       -40.215614303539
 DF-MP2 singlet pair energy [au]:              -0.170618402519
 DF-MP2 triplet pair energy [au]:              -0.037357083022
 DF-SCS-MP2 correlation energy [au]:           -0.217194444030
 DF-SCS-MP2 energy [au]:                      -40.432808747569
 DF-SOS-MP2 correlation energy [au]:           -0.221803923275
 DF-SOS-MP2 energy [au]:                      -40.437418226813
 DF-MP2 correlation energy [au]:               -0.207975485541
 DF-MP2 energy [au]:                          -40.423589789080

 Results in NAF basis:
 
 
 Reference energy [au]:                       -40.215614303539
 DF-MP2 singlet pair energy [au]:              -0.170600829325
 DF-MP2 triplet pair energy [au]:              -0.037363769386
 DF-SCS-MP2 correlation energy [au]:           -0.217175584985
 DF-SCS-MP2 energy [au]:                      -40.432789888524
 DF-SOS-MP2 correlation energy [au]:           -0.221781078123
 DF-SOS-MP2 energy [au]:                      -40.437395381661
 DF-MP2 correlation energy [au]:               -0.207964598711
 DF-MP2 energy [au]:                          -40.423578902250

 ************************ 2023-02-04 11:53:27 *************************
 Executing ccsd...

 Allocation of 220.0 Gbytes of memory...

 Direct DF-CCSD(T) calculation
 
 Convergence criterion:  1.0E-06
 
 Number of occupied/virtual/auxiliary orbitals:     4   101   320
    163.36 MB is the minimal memory requirement for (T)
     39.40 MB is the minimal memory requirement for CCSD
 
 Reference energy [au]:             -40.215614303539
 T1 contribution [au]:                0.000000000000
 Same spin MP2 energy [au]:          -0.037360421766
 Opposite spin MP2 energy [au]:      -0.170609606121
 MP2 correlation energy [au]:        -0.207970027887
 Total MP2 energy [au]:             -40.423584331425
 MP2 correction [au]:                -0.003281683771
 
 
 CPU time [min]:     0.175                   Wall time [min]:     0.008
 
 Starting CCSD iterations...
 
                     Residual norm          Energy
 Iteration  1        0.138680834333      -40.436529271938
 Iteration  2        0.035376101104      -40.442052818529
 Iteration  3        0.009771769750      -40.442635542252
 Iteration  4        0.002020928139      -40.442640041688
 Iteration  5        0.000374898539      -40.442646552575
 Iteration  6        0.000084798070      -40.442646429341
 Iteration  7        0.000020223553      -40.442647119374
 Iteration  8        0.000003738686      -40.442647176323
 
 CCSD iteration has converged in  8 steps.
      444.29 MB memory was utilized by CCSD
 
 T1 diagnostic:      7.996E-03            D1 diagnostic:      1.292E-02
 
 T1 contribution [au]:                                  0.000000000000
 PPL energy contribution [au]:                          0.060602312594
 Scaled PPL energy contribution [au]:                   0.061559180333

 OS-PPL energy contribution [au]:                       0.053773809588
 Scaled OS-PPL energy contribution [au]:                0.054766939345
 SS-PPL energy contribution [au]:                       0.006828503006
 Scaled SS-PPL energy contribution [au]:                0.006852805681

 Opposite spin CCSD energy [au]:                       -0.191003580771
 Same spin CCSD energy [au]:                           -0.036036053420
 CCSD correlation energy [au]:                         -0.227039634190
 CCSD correlation energy + MP2 correction [au]:        -0.230321317961
 CCSD correlation energy + MP2 + PPL corr. [au]:       -0.229364450222
 Total CCSD energy [au]:                              -40.442653937729
 Total CCSD energy + MP2 correction [au]:             -40.445935621500
 Total CCSD energy + MP2 + PPL corr. [au]:            -40.444978753761
 
 CPU time [min]:     0.860                   Wall time [min]:     0.027
 
 Calculation of (T) correction...
 
 
      124.68 MB memory is utilized for (T)

 0%       25%       50%       75%       100%
 |---------|---------|---------|---------| 
 
 (T) correction [au]:                                    -0.006941749909
 (T*) correction [au]:                                   -0.007051287943
 (T+) correction [au]:                                   -0.007050880935
 CCSD(T) correlation energy [au]:                        -0.233981384100
 CCSD(T) correlation energy + MP2 correction [au]:       -0.237263067870
 CCSD(T+) correlation en. + MP2 + PPL corr. [au]:        -0.236415331157
 Total CCSD(T) energy [au]:                             -40.449595687638
 Total CCSD(T) energy + MP2 correction [au]:            -40.452877371409
 Total CCSD(T+) energy + MP2 + PPL corr. [au]:          -40.452029634696
 
 CPU time [min]:     0.942                   Wall time [min]:     0.030
 
 ************************ 2023-02-04 11:53:29 *************************
                      Normal termination of mrcc.
 **********************************************************************
