 **********************************************************************
                          MRCC program system
 **********************************************************************
 
                              Written by
     Mihaly Kallay, Peter R. Nagy, David Mester, Laszlo Gyevi-Nagy,
        Jozsef Csoka, P. Bernat Szabo, Zoltan Rolik, Gyula Samu,
     Jozsef Csontos, Bence Hegely, Adam Ganyecz, Istvan Ladjanszki,
       Lorant Szegedy, Bence Ladoczki, Klara Petrov, Mate Farkas,
                    Pal D. Mezei, and Reka A. Horvath
 
        Department of Physical Chemistry and Materials Science
            Budapest University of Technology and Economics
                  Budapest P.O.Box 91, H-1521 Hungary
 
                              www.mrcc.hu
 
                      Release date: March 18, 2022

 ************************ 2023-02-04 11:52:42 *************************
 Executing minp...

 Reading input from MINP...
 
 Input file:
 
calc=FNO-CCSD(T)
verbosity=3
mem=220GB
unit=angs
scfiguess=small
scfalg=locfit1
ccmaxit=400
ccsdalg=dfdirect
ccsdthreads=4
ccsdmkl=thr
ptthreads=4
lnoepsv=1e-5
naf_cor=1e-2
basis=aug-cc-pVTZ
basis_sm=def2-SVP
dfbasis_scf=def2-QZVPP-RI-JK
dfbasis_cor=aug-cc-pVTZ-RI
unit=angs
geom=xyz
10

C    29.54344629    29.54344629    16.97505516
H    29.54344670    30.44187631    17.60392580
H    29.54344662    28.64496649    17.60393442
H    30.44658454    29.54342777    16.34911135
H    28.64030918    29.54342779    16.34911130
C    21.10246164    29.54344629    16.97505516
H    21.10246204    30.44187631    17.60392580
H    21.10246196    28.64496649    17.60393442
H    22.00559989    29.54342777    16.34911135
H    20.19932453    29.54342779    16.34911130

--------------------Output has been truncated-------------------------


--------------------Output has been truncated-------------------------


--------------------Output has been truncated-------------------------


--------------------Output has been truncated-------------------------


--------------------Output has been truncated-------------------------


--------------------Output has been truncated-------------------------


--------------------Output has been truncated-------------------------


--------------------Output has been truncated-------------------------


--------------------Output has been truncated-------------------------


--------------------Output has been truncated-------------------------


 
 Reference energy [au]:                       -40.213014355464
 DF-MP2 singlet pair energy [au]:              -0.164420105429
 DF-MP2 triplet pair energy [au]:              -0.036594664956
 DF-SCS-MP2 correlation energy [au]:           -0.209502348167
 DF-SCS-MP2 energy [au]:                      -40.422516703630
 DF-SOS-MP2 correlation energy [au]:           -0.213746137058
 DF-SOS-MP2 energy [au]:                      -40.426760492521
 DF-MP2 correlation energy [au]:               -0.201014770385
 DF-MP2 energy [au]:                          -40.414029125849

 Results in FNO basis:
 
 
 Reference energy [au]:                       -40.213014355464
 DF-MP2 singlet pair energy [au]:              -0.163769562993
 DF-MP2 triplet pair energy [au]:              -0.036550885338
 DF-SCS-MP2 correlation energy [au]:           -0.208707104038
 DF-SCS-MP2 energy [au]:                      -40.421721459501
 DF-SOS-MP2 correlation energy [au]:           -0.212900431891
 DF-SOS-MP2 energy [au]:                      -40.425914787355
 DF-MP2 correlation energy [au]:               -0.200320448332
 DF-MP2 energy [au]:                          -40.413334803795

 Results in NAF basis:
 
 
 Reference energy [au]:                       -40.213014355464
 DF-MP2 singlet pair energy [au]:              -0.163735198404
 DF-MP2 triplet pair energy [au]:              -0.036570142510
 DF-SCS-MP2 correlation energy [au]:           -0.208672285588
 DF-SCS-MP2 energy [au]:                      -40.421686641052
 DF-SOS-MP2 correlation energy [au]:           -0.212855757925
 DF-SOS-MP2 energy [au]:                      -40.425870113389
 DF-MP2 correlation energy [au]:               -0.200305340915
 DF-MP2 energy [au]:                          -40.413319696378

 ************************ 2023-02-04 11:52:59 *************************
 Executing ccsd...

 Allocation of 220.0 Gbytes of memory...

 Direct DF-CCSD(T) calculation
 
 Convergence criterion:  1.0E-06
 
 Number of occupied/virtual/auxiliary orbitals:     4    83   221
     89.04 MB is the minimal memory requirement for (T)
     22.38 MB is the minimal memory requirement for CCSD
 
 Reference energy [au]:             -40.213014355464
 T1 contribution [au]:                0.000000000000
 Same spin MP2 energy [au]:          -0.036560486533
 Opposite spin MP2 energy [au]:      -0.163752299113
 MP2 correlation energy [au]:        -0.200312785646
 Total MP2 energy [au]:             -40.413327141109
 MP2 correction [au]:                -0.000701984739
 
 
 CPU time [min]:     0.059                   Wall time [min]:     0.004
 
 Starting CCSD iterations...
 
                     Residual norm          Energy
 Iteration  1        0.131887167862      -40.427794887384
 Iteration  2        0.033754606331      -40.433317887781
 Iteration  3        0.008181368665      -40.433784010363
 Iteration  4        0.001913845009      -40.433786611750
 Iteration  5        0.000362929918      -40.433793661112
 Iteration  6        0.000073613983      -40.433793794017
 Iteration  7        0.000017727740      -40.433794399261
 Iteration  8        0.000003099804      -40.433794416955
 
 CCSD iteration has converged in  8 steps.
      207.43 MB memory was utilized by CCSD
 
 T1 diagnostic:      7.475E-03            D1 diagnostic:      1.210E-02
 
 T1 contribution [au]:                                  0.000000000000
 PPL energy contribution [au]:                          0.057487377838
 Scaled PPL energy contribution [au]:                   0.057690533067

 OS-PPL energy contribution [au]:                       0.050872369818
 Scaled OS-PPL energy contribution [au]:                0.051084627873
 SS-PPL energy contribution [au]:                       0.006615008021
 Scaled SS-PPL energy contribution [au]:                0.006619579656

 Opposite spin CCSD energy [au]:                       -0.185469129978
 Same spin CCSD energy [au]:                           -0.035322435362
 CCSD correlation energy [au]:                         -0.220791565340
 CCSD correlation energy + MP2 correction [au]:        -0.221493550079
 CCSD correlation energy + MP2 + PPL corr. [au]:       -0.221290394850
 Total CCSD energy [au]:                              -40.433805920803
 Total CCSD energy + MP2 correction [au]:             -40.434507905543
 Total CCSD energy + MP2 + PPL corr. [au]:            -40.434304750314
 
 CPU time [min]:     0.386                   Wall time [min]:     0.013
 
 Calculation of (T) correction...
 
 
       67.65 MB memory is utilized for (T)

 0%       25%       50%       75%       100%
 |---------|---------|---------|---------| 
 
 (T) correction [au]:                                    -0.006568705916
 (T*) correction [au]:                                   -0.006591725572
 (T+) correction [au]:                                   -0.006591747482
 CCSD(T) correlation energy [au]:                        -0.227360271256
 CCSD(T) correlation energy + MP2 correction [au]:       -0.228062255995
 CCSD(T+) correlation en. + MP2 + PPL corr. [au]:        -0.227882142332
 Total CCSD(T) energy [au]:                             -40.440374626719
 Total CCSD(T) energy + MP2 correction [au]:            -40.441076611459
 Total CCSD(T+) energy + MP2 + PPL corr. [au]:          -40.440896497796
 
 CPU time [min]:     0.451                   Wall time [min]:     0.015
 
 ************************ 2023-02-04 11:53:00 *************************
                      Normal termination of mrcc.
 **********************************************************************
