================================================================================
                                       INPUT FILE
================================================================================
NAME = orca.inp
|  1>  ! TightSCF RI-MP2 RIJCOSX SlowConv DIIS
|  2> %maxcore 55000
|  3> %pal
|  4> nprocs 4
|  5> end
|  6> %pointcharges "orca.bq"
|  7> %method
|  8> Method hf
|  9> RI on
| 10> RunTyp Energy
| 11> NewNCore O 2 end
| 12> NewNCore Ti 18 end
| 13> NewNCore H 0 end
| 14> end
| 15> %basis
| 16> NewGTO Ti
| 17> "cc-pVDZ"
| 18> end
| 19> NewGTO H
| 20> "aug-cc-pVDZ"
| 21> end
| 22> NewGTO O
| 23> "aug-cc-pVDZ"
| 24> end
| 25> NewGTO C
| 26> "aug-cc-pVDZ"
| 27> end
| 28> NewAuxCGTO Ti
| 29> "cc-pVTZ/C"
| 30> end
| 31> NewAuxCGTO H
| 32> "aug-cc-pVDZ/C"
| 33> end
| 34> NewAuxCGTO O 
| 35> "aug-cc-pVDZ/C"
| 36> end
| 37> NewAuxCGTO C 
| 38> "aug-cc-pVDZ/C"
| 39> end
| 40> Aux "def2/J"    
| 41> end
| 42> %scf
| 43> HFTyp rhf
| 44> Guess MORead
| 45> MOInp "orca_svp_start.gbw"
| 46> SCFMode Direct
| 47> sthresh 1e-6
| 48> AutoTRAHIter 60
| 49> MaxIter 1000
| 50> end
| 51> %coords
| 52> CTyp xyz
| 53> Mult 1
| 54> Units angs
| 55>       Charge -52
| 56>   coords
| 57> H:                      0.11988923287    0.59804121696    1.41042952946
| 58> H:                      1.45806733769   -0.03680829535    0.83360111016
| 59> O:                      0.46431133996   -0.09552044587    0.82313974803
| 60> Ti                      0.00000000000    0.00000000000   -1.35464524053
| 61> O                      -0.02525221251    0.01411498456   -3.24703266312
| 62> O                      -1.22652473447   -1.48249549252   -1.16082886760
| 63> O                      -1.21226924573    1.49598323734   -1.10284663508
| 64> O                       1.24662826588   -1.51072959850   -1.27774763113
| 65> O                       1.24903264116    1.53518623358   -1.27733519871
| 66> Ti                     -0.00336926445   -2.95247835621   -1.48556541997
| 67> Ti                     -0.00167434627    2.96768500197   -1.49305272630
| 68> O                       3.10860555439    0.00633221019   -0.00495328631
| 69> O                      -3.25714379204    0.01403560926   -2.57408853747
| 70> O                      -3.24195002443    0.00760238737   -0.00299735986
| 71> O                       3.30833449826    0.01068006345   -2.58313196887
| 72> O                      -0.03273954923   -2.96816633933   -3.28768842723
| 73> Ti                      0.07277685750   -1.44665459890   -4.59744566213
| 74> O                      -0.04168406761    2.98161400135   -3.29215959356
| 75> Ti                      0.07366786025    1.46358951182   -4.60336990041
| 76> Ti                     -3.25748296122   -1.47206061503   -1.08979484150
| 77> Ti                      3.25086119127    1.49499688088   -1.11867511755
| 78> Ti                      3.25785623818   -1.48848213614   -1.11762413751
| 79> Ti                     -3.25528964365    1.48921076743   -1.08789967127
| 80> O                       1.94631774994   -1.46936309537   -4.52765457219
| 81> O                       1.94693777670    1.48933861723   -4.52981809520
| 82> O                      -1.96702403301   -1.46932001092   -4.54501839538
| 83> O                      -1.96769972750    1.48693260494   -4.55171292305
| 84> Ti                     -3.19483054720    0.00938676187   -4.43660429188
| 85> O                      -0.00699191448    0.00692330807   -5.81524279410
| 86> Ti                      3.31482200071    0.00904656579   -4.44378686682
| 87> O                      -3.24414845568    2.96217997486   -2.57425213545
| 88> O                      -3.25837246527   -2.95020005248   -2.57751537097
| 89> O                       3.22565225453   -2.94163412140   -0.01079478241
| 90> O                       3.22382240143    2.95405350167   -0.00863896190
| 91> O                       3.28141114048   -2.95355289135   -2.57975515978
| 92> O                      -3.25456950090   -2.94780059721   -0.00439803187
| 93> O                       3.28438986559    2.97458658529   -2.57978776203
| 94> O                       1.21878819473   -4.43149239071   -1.15640083684
| 95> O                      -3.25762090471    2.96574451980    0.00000000000
| 96> O                      -1.23348195145   -4.43731260142   -1.14453622591
| 97> O                       1.21836076048    4.44321804302   -1.15608902106
| 98> O                      -1.23236539518    4.45426900604   -1.13999780103
| 99> O                      -0.00890057045   -2.93276200661   -5.82408217040
|100> O                      -0.00835405052    2.95283925635   -5.82646645095
|101> O                       5.27181155906   -1.46240439445   -1.10427944959
|102> O                       5.27186564493    1.47856755764   -1.10408589305
|103> O                      -5.28450905505   -1.47055699470   -1.13766151887
|104> O                      -5.28332739115    1.48806650611   -1.13604680983
|105> Ti                      3.23538096183   -4.43673191070   -1.08974911926
|106> Ti                     -3.25163280837   -4.42907736993   -1.08901690282
|107> Ti                      3.23673579402    4.44358768116   -1.08940912639
|108> Ti                     -3.25004586066    4.44552594655   -1.08749521489
|109> O                       4.54352310573   -1.47279883617   -4.56229335135
|110> O                       4.54372098513    1.49117643472   -4.56292456605
|111> O                      -4.56375513892   -1.46971010673   -4.54489368804
|112> O                      -4.56389333418    1.48995255463   -4.54422342149
|113> Ti                     -0.01778584805   -5.90728950601   -1.48695897680
|114> Ti                     -0.01778584805    5.92309197481   -1.48695897680
|115> O                       3.22947364740    0.00953966933   -6.54306996045
|116> O                      -3.27251840437    0.00953966933   -6.54306996045
|117> O                      -0.01539278286   -5.90728269414   -3.28707633260
|118> O                      -0.01539278286    5.92309878668   -3.28707633260
|119> Ti                      6.50166103512    0.00951372374   -1.45902377143
|120> Ti                     -6.50232306842    0.00951372374   -1.45902377143
|121> O                       6.48439778124    0.00924021012   -3.26488140117
|122> O                      -6.51958632230    0.00924021012   -3.26488140117
|123> O                       3.25157506388   -5.90615435411   -2.57164211540
|124> O                      -3.25718161564   -5.90718123965   -2.57720443523
|125> O                       3.25157506388    5.92422712671   -2.57164211540
|126> O                      -3.25718161564    5.92320024117   -2.57720443523
|127> O                       3.24016800683   -5.90933692973   -0.00012451790
|128> O                      -3.26674235521   -5.90685238354   -0.00250216519
|129> O                       3.24016800683    5.92104455109   -0.00012451790
|130> O                       5.27114556028   -4.42824870166   -1.12316478402
|131> O                      -5.28747835231   -4.42468247233   -1.14115126336
|132> O                      -3.26674235521    5.92352909728   -0.00250216519
|133> O                       5.27188446608    4.44446224317   -1.12009050453
|134> O                      -5.28626002024    4.44023036714   -1.14460113003
|135> Ti                      6.49206683837   -2.95341306083   -1.45747699511
|136> Ti                      6.49080604379    2.96917638970   -1.45695253402
|137> Ti                     -6.51191726517   -2.95341306083   -1.45747699511
|138> Ti                     -6.51317805976    2.96917638970   -1.45695253402
|139> O                       6.48283902673   -2.94688845843   -3.26325225365
|140> O                       6.48125895830    2.96430726932   -3.26307640331
|141> O                      -6.52114507682   -2.94688845843   -3.26325225365
|142> O                      -6.52272514525    2.96430726932   -3.26307640331
|143> O                      -1.23236539518   -7.37611247478   -1.13999780103
|144> O                       1.21836076048   -7.38716343781   -1.15608902106
|145> O                      -1.23348195145    7.39306887941   -1.14453622591
|146> O                       1.21878819473    7.39888909012   -1.15640083684
|147> O                       7.71947504849   -1.47055699470   -1.13766151887
|148> O                       7.72065671240    1.48806650611   -1.13604680983
|149> O                      -7.73217254448   -1.46240439445   -1.10427944959
|150> O                      -7.73211845862    1.47856755764   -1.10408589305
|151> O                       7.71650575124   -4.42468247233   -1.14115126336
|152> O                       7.71772408331    4.44023036714   -1.14460113003
|153> O                      -7.73283854327   -4.42824870166   -1.12316478402
|154> O                      -7.73209963746    4.44446224317   -1.12009050453
|155> Ti>    4.00000000000   -3.19184106123   -2.94797023012   -4.43957695776
|156> NewECP
|157> N_core 0
|158>   lmax f
|159>   s 2
|160>    1      0.860000       9.191690  2
|161>    2      0.172000       0.008301  2
|162>   p 2
|163>    1      0.860000      17.997720  2
|164>    2      0.172000      -0.032600  2
|165>   d 2
|166>    1      1.600000      -9.504310  2
|167>    2      0.320000      -0.151370  2
|168>   f 1
|169>    1      1.000000000    0.000000000 2
|170> end
|171> Ti>    4.00000000000   -3.19041490465    2.96552610008   -4.44028321920
|172> NewECP
|173> N_core 0
|174>   lmax f
|175>   s 2
|176>    1      0.860000       9.191690  2
|177>    2      0.172000       0.008301  2
|178>   p 2
|179>    1      0.860000      17.997720  2
|180>    2      0.172000      -0.032600  2
|181>   d 2
|182>    1      1.600000      -9.504310  2
|183>    2      0.320000      -0.151370  2
|184>   f 1
|185>    1      1.000000000    0.000000000 2
|186> end
|187> Ti>    4.00000000000    3.31120314892   -2.95032172198   -4.44939525413
|188> NewECP
|189> N_core 0
|190>   lmax f
|191>   s 2
|192>    1      0.860000       9.191690  2
|193>    2      0.172000       0.008301  2
|194>   p 2
|195>    1      0.860000      17.997720  2
|196>    2      0.172000      -0.032600  2
|197>   d 2
|198>    1      1.600000      -9.504310  2
|199>    2      0.320000      -0.151370  2
|200>   f 1
|201>    1      1.000000000    0.000000000 2
|202> end
|203> Ti>    4.00000000000    3.31145078476    2.96803156685   -4.44863145429
|204> NewECP
|205> N_core 0
|206>   lmax f
|207>   s 2
|208>    1      0.860000       9.191690  2
|209>    2      0.172000       0.008301  2
|210>   p 2
|211>    1      0.860000      17.997720  2
|212>    2      0.172000      -0.032600  2
|213>   d 2
|214>    1      1.600000      -9.504310  2
|215>    2      0.320000      -0.151370  2
|216>   f 1
|217>    1      1.000000000    0.000000000 2
|218> end
|219> Ti>    4.00000000000    0.07098400780   -4.41598332684   -4.66445404983
|220> NewECP
|221> N_core 0
|222>   lmax f
|223>   s 2
|224>    1      0.860000       9.191690  2
|225>    2      0.172000       0.008301  2
|226>   p 2
|227>    1      0.860000      17.997720  2
|228>    2      0.172000      -0.032600  2
|229>   d 2
|230>    1      1.600000      -9.504310  2
|231>    2      0.320000      -0.151370  2
|232>   f 1
|233>    1      1.000000000    0.000000000 2
|234> end
|235> Ti>    4.00000000000    0.07064876405    4.43514281525   -4.66589118749
|236> NewECP
|237> N_core 0
|238>   lmax f
|239>   s 2
|240>    1      0.860000       9.191690  2
|241>    2      0.172000       0.008301  2
|242>   p 2
|243>    1      0.860000      17.997720  2
|244>    2      0.172000      -0.032600  2
|245>   d 2
|246>    1      1.600000      -9.504310  2
|247>    2      0.320000      -0.151370  2
|248>   f 1
|249>    1      1.000000000    0.000000000 2
|250> end
|251> Ti>    4.00000000000   -0.02152237848    0.00953966933   -7.81745452778
|252> NewECP
|253> N_core 0
|254>   lmax f
|255>   s 2
|256>    1      0.860000       9.191690  2
|257>    2      0.172000       0.008301  2
|258>   p 2
|259>    1      0.860000      17.997720  2
|260>    2      0.172000      -0.032600  2
|261>   d 2
|262>    1      1.600000      -9.504310  2
|263>    2      0.320000      -0.151370  2
|264>   f 1
|265>    1      1.000000000    0.000000000 2
|266> end
|267> Ti>    4.00000000000   -0.02152237848   -2.94805570088   -7.81745452778
|268> NewECP
|269> N_core 0
|270>   lmax f
|271>   s 2
|272>    1      0.860000       9.191690  2
|273>    2      0.172000       0.008301  2
|274>   p 2
|275>    1      0.860000      17.997720  2
|276>    2      0.172000      -0.032600  2
|277>   d 2
|278>    1      1.600000      -9.504310  2
|279>    2      0.320000      -0.151370  2
|280>   f 1
|281>    1      1.000000000    0.000000000 2
|282> end
|283> Ti>    4.00000000000   -0.02152237848    2.96713503953   -7.81745452778
|284> NewECP
|285> N_core 0
|286>   lmax f
|287>   s 2
|288>    1      0.860000       9.191690  2
|289>    2      0.172000       0.008301  2
|290>   p 2
|291>    1      0.860000      17.997720  2
|292>    2      0.172000      -0.032600  2
|293>   d 2
|294>    1      1.600000      -9.504310  2
|295>    2      0.320000      -0.151370  2
|296>   f 1
|297>    1      1.000000000    0.000000000 2
|298> end
|299> Ti>    4.00000000000   -6.43016255510   -1.46993153929   -4.63836565848
|300> NewECP
|301> N_core 0
|302>   lmax f
|303>   s 2
|304>    1      0.860000       9.191690  2
|305>    2      0.172000       0.008301  2
|306>   p 2
|307>    1      0.860000      17.997720  2
|308>    2      0.172000      -0.032600  2
|309>   d 2
|310>    1      1.600000      -9.504310  2
|311>    2      0.320000      -0.151370  2
|312>   f 1
|313>    1      1.000000000    0.000000000 2
|314> end
|315> Ti>    4.00000000000   -6.43048586966    1.48850662212   -4.63840198022
|316> NewECP
|317> N_core 0
|318>   lmax f
|319>   s 2
|320>    1      0.860000       9.191690  2
|321>    2      0.172000       0.008301  2
|322>   p 2
|323>    1      0.860000      17.997720  2
|324>    2      0.172000      -0.032600  2
|325>   d 2
|326>    1      1.600000      -9.504310  2
|327>    2      0.320000      -0.151370  2
|328>   f 1
|329>    1      1.000000000    0.000000000 2
|330> end
|331> Ti>    4.00000000000    3.22947364740   -1.46925801578   -7.81745452778
|332> NewECP
|333> N_core 0
|334>   lmax f
|335>   s 2
|336>    1      0.860000       9.191690  2
|337>    2      0.172000       0.008301  2
|338>   p 2
|339>    1      0.860000      17.997720  2
|340>    2      0.172000      -0.032600  2
|341>   d 2
|342>    1      1.600000      -9.504310  2
|343>    2      0.320000      -0.151370  2
|344>   f 1
|345>    1      1.000000000    0.000000000 2
|346> end
|347> Ti>    4.00000000000    3.22947364740    1.48833735443   -7.81745452778
|348> NewECP
|349> N_core 0
|350>   lmax f
|351>   s 2
|352>    1      0.860000       9.191690  2
|353>    2      0.172000       0.008301  2
|354>   p 2
|355>    1      0.860000      17.997720  2
|356>    2      0.172000      -0.032600  2
|357>   d 2
|358>    1      1.600000      -9.504310  2
|359>    2      0.320000      -0.151370  2
|360>   f 1
|361>    1      1.000000000    0.000000000 2
|362> end
|363> Ti>    4.00000000000   -3.19282882467   -5.90629062095   -4.43907565154
|364> NewECP
|365> N_core 0
|366>   lmax f
|367>   s 2
|368>    1      0.860000       9.191690  2
|369>    2      0.172000       0.008301  2
|370>   p 2
|371>    1      0.860000      17.997720  2
|372>    2      0.172000      -0.032600  2
|373>   d 2
|374>    1      1.600000      -9.504310  2
|375>    2      0.320000      -0.151370  2
|376>   f 1
|377>    1      1.000000000    0.000000000 2
|378> end
|379> Ti>    4.00000000000   -3.27251840437   -1.46925801578   -7.81745452778
|380> NewECP
|381> N_core 0
|382>   lmax f
|383>   s 2
|384>    1      0.860000       9.191690  2
|385>    2      0.172000       0.008301  2
|386>   p 2
|387>    1      0.860000      17.997720  2
|388>    2      0.172000      -0.032600  2
|389>   d 2
|390>    1      1.600000      -9.504310  2
|391>    2      0.320000      -0.151370  2
|392>   f 1
|393>    1      1.000000000    0.000000000 2
|394> end
|395> Ti>    4.00000000000   -3.27251840437    1.48833735443   -7.81745452778
|396> NewECP
|397> N_core 0
|398>   lmax f
|399>   s 2
|400>    1      0.860000       9.191690  2
|401>    2      0.172000       0.008301  2
|402>   p 2
|403>    1      0.860000      17.997720  2
|404>    2      0.172000      -0.032600  2
|405>   d 2
|406>    1      1.600000      -9.504310  2
|407>    2      0.320000      -0.151370  2
|408>   f 1
|409>    1      1.000000000    0.000000000 2
|410> end
|411> Ti>    4.00000000000   -3.19282882467    5.92409085987   -4.43907565154
|412> NewECP
|413> N_core 0
|414>   lmax f
|415>   s 2
|416>    1      0.860000       9.191690  2
|417>    2      0.172000       0.008301  2
|418>   p 2
|419>    1      0.860000      17.997720  2
|420>    2      0.172000      -0.032600  2
|421>   d 2
|422>    1      1.600000      -9.504310  2
|423>    2      0.320000      -0.151370  2
|424>   f 1
|425>    1      1.000000000    0.000000000 2
|426> end
|427> Ti>    4.00000000000    3.30520845705   -5.90639971173   -4.44013125058
|428> NewECP
|429> N_core 0
|430>   lmax f
|431>   s 2
|432>    1      0.860000       9.191690  2
|433>    2      0.172000       0.008301  2
|434>   p 2
|435>    1      0.860000      17.997720  2
|436>    2      0.172000      -0.032600  2
|437>   d 2
|438>    1      1.600000      -9.504310  2
|439>    2      0.320000      -0.151370  2
|440>   f 1
|441>    1      1.000000000    0.000000000 2
|442> end
|443> Ti>    4.00000000000    3.30520845705    5.92398176910   -4.44013125058
|444> NewECP
|445> N_core 0
|446>   lmax f
|447>   s 2
|448>    1      0.860000       9.191690  2
|449>    2      0.172000       0.008301  2
|450>   p 2
|451>    1      0.860000      17.997720  2
|452>    2      0.172000      -0.032600  2
|453>   d 2
|454>    1      1.600000      -9.504310  2
|455>    2      0.320000      -0.151370  2
|456>   f 1
|457>    1      1.000000000    0.000000000 2
|458> end
|459> Ti>    4.00000000000    6.57382154845   -1.46993153929   -4.63836565848
|460> NewECP
|461> N_core 0
|462>   lmax f
|463>   s 2
|464>    1      0.860000       9.191690  2
|465>    2      0.172000       0.008301  2
|466>   p 2
|467>    1      0.860000      17.997720  2
|468>    2      0.172000      -0.032600  2
|469>   d 2
|470>    1      1.600000      -9.504310  2
|471>    2      0.320000      -0.151370  2
|472>   f 1
|473>    1      1.000000000    0.000000000 2
|474> end
|475> Ti>    4.00000000000    6.57349823389    1.48850662212   -4.63840198022
|476> NewECP
|477> N_core 0
|478>   lmax f
|479>   s 2
|480>    1      0.860000       9.191690  2
|481>    2      0.172000       0.008301  2
|482>   p 2
|483>    1      0.860000      17.997720  2
|484>    2      0.172000      -0.032600  2
|485>   d 2
|486>    1      1.600000      -9.504310  2
|487>    2      0.320000      -0.151370  2
|488>   f 1
|489>    1      1.000000000    0.000000000 2
|490> end
|491> Ti>    4.00000000000    3.23673579402   -7.38679379966   -1.08940912639
|492> NewECP
|493> N_core 0
|494>   lmax f
|495>   s 2
|496>    1      0.860000       9.191690  2
|497>    2      0.172000       0.008301  2
|498>   p 2
|499>    1      0.860000      17.997720  2
|500>    2      0.172000      -0.032600  2
|501>   d 2
|502>    1      1.600000      -9.504310  2
|503>    2      0.320000      -0.151370  2
|504>   f 1
|505>    1      1.000000000    0.000000000 2
|506> end
|507> Ti>    4.00000000000   -3.25004586066   -7.38485553427   -1.08749521489
|508> NewECP
|509> N_core 0
|510>   lmax f
|511>   s 2
|512>    1      0.860000       9.191690  2
|513>    2      0.172000       0.008301  2
|514>   p 2
|515>    1      0.860000      17.997720  2
|516>    2      0.172000      -0.032600  2
|517>   d 2
|518>    1      1.600000      -9.504310  2
|519>    2      0.320000      -0.151370  2
|520>   f 1
|521>    1      1.000000000    0.000000000 2
|522> end
|523> Ti>    4.00000000000    3.23538096183    7.39364957012   -1.08974911926
|524> NewECP
|525> N_core 0
|526>   lmax f
|527>   s 2
|528>    1      0.860000       9.191690  2
|529>    2      0.172000       0.008301  2
|530>   p 2
|531>    1      0.860000      17.997720  2
|532>    2      0.172000      -0.032600  2
|533>   d 2
|534>    1      1.600000      -9.504310  2
|535>    2      0.320000      -0.151370  2
|536>   f 1
|537>    1      1.000000000    0.000000000 2
|538> end
|539> Ti>    4.00000000000   -3.25163280837    7.40130411090   -1.08901690282
|540> NewECP
|541> N_core 0
|542>   lmax f
|543>   s 2
|544>    1      0.860000       9.191690  2
|545>    2      0.172000       0.008301  2
|546>   p 2
|547>    1      0.860000      17.997720  2
|548>    2      0.172000      -0.032600  2
|549>   d 2
|550>    1      1.600000      -9.504310  2
|551>    2      0.320000      -0.151370  2
|552>   f 1
|553>    1      1.000000000    0.000000000 2
|554> end
|555> Ti>    4.00000000000    0.07064876405   -7.39523866557   -4.66589118749
|556> NewECP
|557> N_core 0
|558>   lmax f
|559>   s 2
|560>    1      0.860000       9.191690  2
|561>    2      0.172000       0.008301  2
|562>   p 2
|563>    1      0.860000      17.997720  2
|564>    2      0.172000      -0.032600  2
|565>   d 2
|566>    1      1.600000      -9.504310  2
|567>    2      0.320000      -0.151370  2
|568>   f 1
|569>    1      1.000000000    0.000000000 2
|570> end
|571> Ti>    4.00000000000    0.07098400780    7.41439815398   -4.66445404983
|572> NewECP
|573> N_core 0
|574>   lmax f
|575>   s 2
|576>    1      0.860000       9.191690  2
|577>    2      0.172000       0.008301  2
|578>   p 2
|579>    1      0.860000      17.997720  2
|580>    2      0.172000      -0.032600  2
|581>   d 2
|582>    1      1.600000      -9.504310  2
|583>    2      0.320000      -0.151370  2
|584>   f 1
|585>    1      1.000000000    0.000000000 2
|586> end
|587> Ti>    4.00000000000   -6.42860799330   -4.42782769213   -4.63690545296
|588> NewECP
|589> N_core 0
|590>   lmax f
|591>   s 2
|592>    1      0.860000       9.191690  2
|593>    2      0.172000       0.008301  2
|594>   p 2
|595>    1      0.860000      17.997720  2
|596>    2      0.172000      -0.032600  2
|597>   d 2
|598>    1      1.600000      -9.504310  2
|599>    2      0.320000      -0.151370  2
|600>   f 1
|601>    1      1.000000000    0.000000000 2
|602> end
|603> Ti>    4.00000000000    3.22947364740   -4.42685338598   -7.81745452778
|604> NewECP
|605> N_core 0
|606>   lmax f
|607>   s 2
|608>    1      0.860000       9.191690  2
|609>    2      0.172000       0.008301  2
|610>   p 2
|611>    1      0.860000      17.997720  2
|612>    2      0.172000      -0.032600  2
|613>   d 2
|614>    1      1.600000      -9.504310  2
|615>    2      0.320000      -0.151370  2
|616>   f 1
|617>    1      1.000000000    0.000000000 2
|618> end
|619> Ti>    4.00000000000   -6.42887183096    4.44579316480   -4.63628684943
|620> NewECP
|621> N_core 0
|622>   lmax f
|623>   s 2
|624>    1      0.860000       9.191690  2
|625>    2      0.172000       0.008301  2
|626>   p 2
|627>    1      0.860000      17.997720  2
|628>    2      0.172000      -0.032600  2
|629>   d 2
|630>    1      1.600000      -9.504310  2
|631>    2      0.320000      -0.151370  2
|632>   f 1
|633>    1      1.000000000    0.000000000 2
|634> end
|635> Ti>    4.00000000000    3.22947364740    4.44593272463   -7.81745452778
|636> NewECP
|637> N_core 0
|638>   lmax f
|639>   s 2
|640>    1      0.860000       9.191690  2
|641>    2      0.172000       0.008301  2
|642>   p 2
|643>    1      0.860000      17.997720  2
|644>    2      0.172000      -0.032600  2
|645>   d 2
|646>    1      1.600000      -9.504310  2
|647>    2      0.320000      -0.151370  2
|648>   f 1
|649>    1      1.000000000    0.000000000 2
|650> end
|651> Ti>    4.00000000000   -3.27251840437   -4.42685338598   -7.81745452778
|652> NewECP
|653> N_core 0
|654>   lmax f
|655>   s 2
|656>    1      0.860000       9.191690  2
|657>    2      0.172000       0.008301  2
|658>   p 2
|659>    1      0.860000      17.997720  2
|660>    2      0.172000      -0.032600  2
|661>   d 2
|662>    1      1.600000      -9.504310  2
|663>    2      0.320000      -0.151370  2
|664>   f 1
|665>    1      1.000000000    0.000000000 2
|666> end
|667> Ti>    4.00000000000   -3.27251840437    4.44593272463   -7.81745452778
|668> NewECP
|669> N_core 0
|670>   lmax f
|671>   s 2
|672>    1      0.860000       9.191690  2
|673>    2      0.172000       0.008301  2
|674>   p 2
|675>    1      0.860000      17.997720  2
|676>    2      0.172000      -0.032600  2
|677>   d 2
|678>    1      1.600000      -9.504310  2
|679>    2      0.320000      -0.151370  2
|680>   f 1
|681>    1      1.000000000    0.000000000 2
|682> end
|683> Ti>    4.00000000000    6.57537611025   -4.42782769213   -4.63690545296
|684> NewECP
|685> N_core 0
|686>   lmax f
|687>   s 2
|688>    1      0.860000       9.191690  2
|689>    2      0.172000       0.008301  2
|690>   p 2
|691>    1      0.860000      17.997720  2
|692>    2      0.172000      -0.032600  2
|693>   d 2
|694>    1      1.600000      -9.504310  2
|695>    2      0.320000      -0.151370  2
|696>   f 1
|697>    1      1.000000000    0.000000000 2
|698> end
|699> Ti>    4.00000000000    6.57511227259    4.44579316480   -4.63628684943
|700> NewECP
|701> N_core 0
|702>   lmax f
|703>   s 2
|704>    1      0.860000       9.191690  2
|705>    2      0.172000       0.008301  2
|706>   p 2
|707>    1      0.860000      17.997720  2
|708>    2      0.172000      -0.032600  2
|709>   d 2
|710>    1      1.600000      -9.504310  2
|711>    2      0.320000      -0.151370  2
|712>   f 1
|713>    1      1.000000000    0.000000000 2
|714> end
|715> Ti>    4.00000000000   -0.02152237848   -5.90565107109   -7.81745452778
|716> NewECP
|717> N_core 0
|718>   lmax f
|719>   s 2
|720>    1      0.860000       9.191690  2
|721>    2      0.172000       0.008301  2
|722>   p 2
|723>    1      0.860000      17.997720  2
|724>    2      0.172000      -0.032600  2
|725>   d 2
|726>    1      1.600000      -9.504310  2
|727>    2      0.320000      -0.151370  2
|728>   f 1
|729>    1      1.000000000    0.000000000 2
|730> end
|731> Ti>    4.00000000000   -0.02152237848    5.92473040974   -7.81745452778
|732> NewECP
|733> N_core 0
|734>   lmax f
|735>   s 2
|736>    1      0.860000       9.191690  2
|737>    2      0.172000       0.008301  2
|738>   p 2
|739>    1      0.860000      17.997720  2
|740>    2      0.172000      -0.032600  2
|741>   d 2
|742>    1      1.600000      -9.504310  2
|743>    2      0.320000      -0.151370  2
|744>   f 1
|745>    1      1.000000000    0.000000000 2
|746> end
|747> Ti>    4.00000000000    6.49311430945   -5.90729947101   -1.45827234633
|748> NewECP
|749> N_core 0
|750>   lmax f
|751>   s 2
|752>    1      0.860000       9.191690  2
|753>    2      0.172000       0.008301  2
|754>   p 2
|755>    1      0.860000      17.997720  2
|756>    2      0.172000      -0.032600  2
|757>   d 2
|758>    1      1.600000      -9.504310  2
|759>    2      0.320000      -0.151370  2
|760>   f 1
|761>    1      1.000000000    0.000000000 2
|762> end
|763> Ti>    4.00000000000    6.49311430945    5.92308200981   -1.45827234633
|764> NewECP
|765> N_core 0
|766>   lmax f
|767>   s 2
|768>    1      0.860000       9.191690  2
|769>    2      0.172000       0.008301  2
|770>   p 2
|771>    1      0.860000      17.997720  2
|772>    2      0.172000      -0.032600  2
|773>   d 2
|774>    1      1.600000      -9.504310  2
|775>    2      0.320000      -0.151370  2
|776>   f 1
|777>    1      1.000000000    0.000000000 2
|778> end
|779> Ti>    4.00000000000   -6.51086979410   -5.90729947101   -1.45827234633
|780> NewECP
|781> N_core 0
|782>   lmax f
|783>   s 2
|784>    1      0.860000       9.191690  2
|785>    2      0.172000       0.008301  2
|786>   p 2
|787>    1      0.860000      17.997720  2
|788>    2      0.172000      -0.032600  2
|789>   d 2
|790>    1      1.600000      -9.504310  2
|791>    2      0.320000      -0.151370  2
|792>   f 1
|793>    1      1.000000000    0.000000000 2
|794> end
|795> Ti>    4.00000000000   -6.51086979410    5.92308200981   -1.45827234633
|796> NewECP
|797> N_core 0
|798>   lmax f
|799>   s 2
|800>    1      0.860000       9.191690  2
|801>    2      0.172000       0.008301  2
|802>   p 2
|803>    1      0.860000      17.997720  2
|804>    2      0.172000      -0.032600  2
|805>   d 2
|806>    1      1.600000      -9.504310  2
|807>    2      0.320000      -0.151370  2
|808>   f 1
|809>    1      1.000000000    0.000000000 2
|810> end
|811> Ti>    4.00000000000   -0.00167434627   -8.86269647885   -1.49305272630
|812> NewECP
|813> N_core 0
|814>   lmax f
|815>   s 2
|816>    1      0.860000       9.191690  2
|817>    2      0.172000       0.008301  2
|818>   p 2
|819>    1      0.860000      17.997720  2
|820>    2      0.172000      -0.032600  2
|821>   d 2
|822>    1      1.600000      -9.504310  2
|823>    2      0.320000      -0.151370  2
|824>   f 1
|825>    1      1.000000000    0.000000000 2
|826> end
|827> Ti>    4.00000000000   -0.00336926445    8.87790312461   -1.48556541997
|828> NewECP
|829> N_core 0
|830>   lmax f
|831>   s 2
|832>    1      0.860000       9.191690  2
|833>    2      0.172000       0.008301  2
|834>   p 2
|835>    1      0.860000      17.997720  2
|836>    2      0.172000      -0.032600  2
|837>   d 2
|838>    1      1.600000      -9.504310  2
|839>    2      0.320000      -0.151370  2
|840>   f 1
|841>    1      1.000000000    0.000000000 2
|842> end
|843> Ti>    4.00000000000    6.48046967329    0.00953966933   -7.81745452778
|844> NewECP
|845> N_core 0
|846>   lmax f
|847>   s 2
|848>    1      0.860000       9.191690  2
|849>    2      0.172000       0.008301  2
|850>   p 2
|851>    1      0.860000      17.997720  2
|852>    2      0.172000      -0.032600  2
|853>   d 2
|854>    1      1.600000      -9.504310  2
|855>    2      0.320000      -0.151370  2
|856>   f 1
|857>    1      1.000000000    0.000000000 2
|858> end
|859> Ti>    4.00000000000   -6.52351443026    0.00953966933   -7.81745452778
|860> NewECP
|861> N_core 0
|862>   lmax f
|863>   s 2
|864>    1      0.860000       9.191690  2
|865>    2      0.172000       0.008301  2
|866>   p 2
|867>    1      0.860000      17.997720  2
|868>    2      0.172000      -0.032600  2
|869>   d 2
|870>    1      1.600000      -9.504310  2
|871>    2      0.320000      -0.151370  2
|872>   f 1
|873>    1      1.000000000    0.000000000 2
|874> end
|875> Ti>    4.00000000000    6.48046967329   -2.94805570088   -7.81745452778
|876> NewECP
|877> N_core 0
|878>   lmax f
|879>   s 2
|880>    1      0.860000       9.191690  2
|881>    2      0.172000       0.008301  2
|882>   p 2
|883>    1      0.860000      17.997720  2
|884>    2      0.172000      -0.032600  2
|885>   d 2
|886>    1      1.600000      -9.504310  2
|887>    2      0.320000      -0.151370  2
|888>   f 1
|889>    1      1.000000000    0.000000000 2
|890> end
|891> Ti>    4.00000000000    6.48046967329    2.96713503953   -7.81745452778
|892> NewECP
|893> N_core 0
|894>   lmax f
|895>   s 2
|896>    1      0.860000       9.191690  2
|897>    2      0.172000       0.008301  2
|898>   p 2
|899>    1      0.860000      17.997720  2
|900>    2      0.172000      -0.032600  2
|901>   d 2
|902>    1      1.600000      -9.504310  2
|903>    2      0.320000      -0.151370  2
|904>   f 1
|905>    1      1.000000000    0.000000000 2
|906> end
|907> Ti>    4.00000000000   -6.52351443026   -2.94805570088   -7.81745452778
|908> NewECP
|909> N_core 0
|910>   lmax f
|911>   s 2
|912>    1      0.860000       9.191690  2
|913>    2      0.172000       0.008301  2
|914>   p 2
|915>    1      0.860000      17.997720  2
|916>    2      0.172000      -0.032600  2
|917>   d 2
|918>    1      1.600000      -9.504310  2
|919>    2      0.320000      -0.151370  2
|920>   f 1
|921>    1      1.000000000    0.000000000 2
|922> end
|923> Ti>    4.00000000000   -6.52351443026    2.96713503953   -7.81745452778
|924> NewECP
|925> N_core 0
|926>   lmax f
|927>   s 2
|928>    1      0.860000       9.191690  2
|929>    2      0.172000       0.008301  2
|930>   p 2
|931>    1      0.860000      17.997720  2
|932>    2      0.172000      -0.032600  2
|933>   d 2
|934>    1      1.600000      -9.504310  2
|935>    2      0.320000      -0.151370  2
|936>   f 1
|937>    1      1.000000000    0.000000000 2
|938> end
|939> Ti>    4.00000000000   -0.02152237848   -1.46925801578  -11.06845055366
|940> NewECP
|941> N_core 0
|942>   lmax f
|943>   s 2
|944>    1      0.860000       9.191690  2
|945>    2      0.172000       0.008301  2
|946>   p 2
|947>    1      0.860000      17.997720  2
|948>    2      0.172000      -0.032600  2
|949>   d 2
|950>    1      1.600000      -9.504310  2
|951>    2      0.320000      -0.151370  2
|952>   f 1
|953>    1      1.000000000    0.000000000 2
|954> end
|955> Ti>    4.00000000000   -0.02152237848    1.48833735443  -11.06845055366
|956> NewECP
|957> N_core 0
|958>   lmax f
|959>   s 2
|960>    1      0.860000       9.191690  2
|961>    2      0.172000       0.008301  2
|962>   p 2
|963>    1      0.860000      17.997720  2
|964>    2      0.172000      -0.032600  2
|965>   d 2
|966>    1      1.600000      -9.504310  2
|967>    2      0.320000      -0.151370  2
|968>   f 1
|969>    1      1.000000000    0.000000000 2
|970> end
|971> Ti>    4.00000000000    9.74650114233   -1.47206061503   -1.08979484150
|972> NewECP
|973> N_core 0
|974>   lmax f
|975>   s 2
|976>    1      0.860000       9.191690  2
|977>    2      0.172000       0.008301  2
|978>   p 2
|979>    1      0.860000      17.997720  2
|980>    2      0.172000      -0.032600  2
|981>   d 2
|982>    1      1.600000      -9.504310  2
|983>    2      0.320000      -0.151370  2
|984>   f 1
|985>    1      1.000000000    0.000000000 2
|986> end
|987> Ti>    4.00000000000   -9.74612786537   -1.48848213614   -1.11762413751
|988> NewECP
|989> N_core 0
|990>   lmax f
|991>   s 2
|992>    1      0.860000       9.191690  2
|993>    2      0.172000       0.008301  2
|994>   p 2
|995>    1      0.860000      17.997720  2
|996>    2      0.172000      -0.032600  2
|997>   d 2
|998>    1      1.600000      -9.504310  2
|999>    2      0.320000      -0.151370  2
|1000>   f 1
|1001>    1      1.000000000    0.000000000 2
|1002> end
|1003> Ti>    4.00000000000    9.74869445990    1.48921076743   -1.08789967127
|1004> NewECP
|1005> N_core 0
|1006>   lmax f
|1007>   s 2
|1008>    1      0.860000       9.191690  2
|1009>    2      0.172000       0.008301  2
|1010>   p 2
|1011>    1      0.860000      17.997720  2
|1012>    2      0.172000      -0.032600  2
|1013>   d 2
|1014>    1      1.600000      -9.504310  2
|1015>    2      0.320000      -0.151370  2
|1016>   f 1
|1017>    1      1.000000000    0.000000000 2
|1018> end
|1019> Ti>    4.00000000000   -9.75312291227    1.49499688088   -1.11867511755
|1020> NewECP
|1021> N_core 0
|1022>   lmax f
|1023>   s 2
|1024>    1      0.860000       9.191690  2
|1025>    2      0.172000       0.008301  2
|1026>   p 2
|1027>    1      0.860000      17.997720  2
|1028>    2      0.172000      -0.032600  2
|1029>   d 2
|1030>    1      1.600000      -9.504310  2
|1031>    2      0.320000      -0.151370  2
|1032>   f 1
|1033>    1      1.000000000    0.000000000 2
|1034> end
|1035> Ti>    4.00000000000   -3.19041490465   -8.86485538074   -4.44028321920
|1036> NewECP
|1037> N_core 0
|1038>   lmax f
|1039>   s 2
|1040>    1      0.860000       9.191690  2
|1041>    2      0.172000       0.008301  2
|1042>   p 2
|1043>    1      0.860000      17.997720  2
|1044>    2      0.172000      -0.032600  2
|1045>   d 2
|1046>    1      1.600000      -9.504310  2
|1047>    2      0.320000      -0.151370  2
|1048>   f 1
|1049>    1      1.000000000    0.000000000 2
|1050> end
|1051> Ti>    4.00000000000   -3.19184106123    8.88241125070   -4.43957695776
|1052> NewECP
|1053> N_core 0
|1054>   lmax f
|1055>   s 2
|1056>    1      0.860000       9.191690  2
|1057>    2      0.172000       0.008301  2
|1058>   p 2
|1059>    1      0.860000      17.997720  2
|1060>    2      0.172000      -0.032600  2
|1061>   d 2
|1062>    1      1.600000      -9.504310  2
|1063>    2      0.320000      -0.151370  2
|1064>   f 1
|1065>    1      1.000000000    0.000000000 2
|1066> end
|1067> Ti>    4.00000000000    3.31145078476   -8.86234991397   -4.44863145429
|1068> NewECP
|1069> N_core 0
|1070>   lmax f
|1071>   s 2
|1072>    1      0.860000       9.191690  2
|1073>    2      0.172000       0.008301  2
|1074>   p 2
|1075>    1      0.860000      17.997720  2
|1076>    2      0.172000      -0.032600  2
|1077>   d 2
|1078>    1      1.600000      -9.504310  2
|1079>    2      0.320000      -0.151370  2
|1080>   f 1
|1081>    1      1.000000000    0.000000000 2
|1082> end
|1083> Ti>    4.00000000000    3.31120314892    8.88005975884   -4.44939525413
|1084> NewECP
|1085> N_core 0
|1086>   lmax f
|1087>   s 2
|1088>    1      0.860000       9.191690  2
|1089>    2      0.172000       0.008301  2
|1090>   p 2
|1091>    1      0.860000      17.997720  2
|1092>    2      0.172000      -0.032600  2
|1093>   d 2
|1094>    1      1.600000      -9.504310  2
|1095>    2      0.320000      -0.151370  2
|1096>   f 1
|1097>    1      1.000000000    0.000000000 2
|1098> end
|1099> Ti>    4.00000000000   -9.68916210283    0.00904656579   -4.44378686682
|1100> NewECP
|1101> N_core 0
|1102>   lmax f
|1103>   s 2
|1104>    1      0.860000       9.191690  2
|1105>    2      0.172000       0.008301  2
|1106>   p 2
|1107>    1      0.860000      17.997720  2
|1108>    2      0.172000      -0.032600  2
|1109>   d 2
|1110>    1      1.600000      -9.504310  2
|1111>    2      0.320000      -0.151370  2
|1112>   f 1
|1113>    1      1.000000000    0.000000000 2
|1114> end
|1115> Ti>    4.00000000000    3.22947364740    0.00953966933  -11.06845055366
|1116> NewECP
|1117> N_core 0
|1118>   lmax f
|1119>   s 2
|1120>    1      0.860000       9.191690  2
|1121>    2      0.172000       0.008301  2
|1122>   p 2
|1123>    1      0.860000      17.997720  2
|1124>    2      0.172000      -0.032600  2
|1125>   d 2
|1126>    1      1.600000      -9.504310  2
|1127>    2      0.320000      -0.151370  2
|1128>   f 1
|1129>    1      1.000000000    0.000000000 2
|1130> end
|1131> Ti>    4.00000000000   -3.27251840437    0.00953966933  -11.06845055366
|1132> NewECP
|1133> N_core 0
|1134>   lmax f
|1135>   s 2
|1136>    1      0.860000       9.191690  2
|1137>    2      0.172000       0.008301  2
|1138>   p 2
|1139>    1      0.860000      17.997720  2
|1140>    2      0.172000      -0.032600  2
|1141>   d 2
|1142>    1      1.600000      -9.504310  2
|1143>    2      0.320000      -0.151370  2
|1144>   f 1
|1145>    1      1.000000000    0.000000000 2
|1146> end
|1147> Ti>    4.00000000000    9.80915355635    0.00938676187   -4.43660429188
|1148> NewECP
|1149> N_core 0
|1150>   lmax f
|1151>   s 2
|1152>    1      0.860000       9.191690  2
|1153>    2      0.172000       0.008301  2
|1154>   p 2
|1155>    1      0.860000      17.997720  2
|1156>    2      0.172000      -0.032600  2
|1157>   d 2
|1158>    1      1.600000      -9.504310  2
|1159>    2      0.320000      -0.151370  2
|1160>   f 1
|1161>    1      1.000000000    0.000000000 2
|1162> end
|1163> Ti>    4.00000000000   -6.42887183096   -7.38458831602   -4.63628684943
|1164> NewECP
|1165> N_core 0
|1166>   lmax f
|1167>   s 2
|1168>    1      0.860000       9.191690  2
|1169>    2      0.172000       0.008301  2
|1170>   p 2
|1171>    1      0.860000      17.997720  2
|1172>    2      0.172000      -0.032600  2
|1173>   d 2
|1174>    1      1.600000      -9.504310  2
|1175>    2      0.320000      -0.151370  2
|1176>   f 1
|1177>    1      1.000000000    0.000000000 2
|1178> end
|1179> Ti>    4.00000000000    3.22947364740   -7.38444875619   -7.81745452778
|1180> NewECP
|1181> N_core 0
|1182>   lmax f
|1183>   s 2
|1184>    1      0.860000       9.191690  2
|1185>    2      0.172000       0.008301  2
|1186>   p 2
|1187>    1      0.860000      17.997720  2
|1188>    2      0.172000      -0.032600  2
|1189>   d 2
|1190>    1      1.600000      -9.504310  2
|1191>    2      0.320000      -0.151370  2
|1192>   f 1
|1193>    1      1.000000000    0.000000000 2
|1194> end
|1195> Ti>    4.00000000000   -6.42860799330    7.40255378870   -4.63690545296
|1196> NewECP
|1197> N_core 0
|1198>   lmax f
|1199>   s 2
|1200>    1      0.860000       9.191690  2
|1201>    2      0.172000       0.008301  2
|1202>   p 2
|1203>    1      0.860000      17.997720  2
|1204>    2      0.172000      -0.032600  2
|1205>   d 2
|1206>    1      1.600000      -9.504310  2
|1207>    2      0.320000      -0.151370  2
|1208>   f 1
|1209>    1      1.000000000    0.000000000 2
|1210> end
|1211> Ti>    4.00000000000   -3.27251840437   -7.38444875619   -7.81745452778
|1212> NewECP
|1213> N_core 0
|1214>   lmax f
|1215>   s 2
|1216>    1      0.860000       9.191690  2
|1217>    2      0.172000       0.008301  2
|1218>   p 2
|1219>    1      0.860000      17.997720  2
|1220>    2      0.172000      -0.032600  2
|1221>   d 2
|1222>    1      1.600000      -9.504310  2
|1223>    2      0.320000      -0.151370  2
|1224>   f 1
|1225>    1      1.000000000    0.000000000 2
|1226> end
|1227> Ti>    4.00000000000    3.22947364740    7.40352809484   -7.81745452778
|1228> NewECP
|1229> N_core 0
|1230>   lmax f
|1231>   s 2
|1232>    1      0.860000       9.191690  2
|1233>    2      0.172000       0.008301  2
|1234>   p 2
|1235>    1      0.860000      17.997720  2
|1236>    2      0.172000      -0.032600  2
|1237>   d 2
|1238>    1      1.600000      -9.504310  2
|1239>    2      0.320000      -0.151370  2
|1240>   f 1
|1241>    1      1.000000000    0.000000000 2
|1242> end
|1243> Ti>    4.00000000000   -3.27251840437    7.40352809484   -7.81745452778
|1244> NewECP
|1245> N_core 0
|1246>   lmax f
|1247>   s 2
|1248>    1      0.860000       9.191690  2
|1249>    2      0.172000       0.008301  2
|1250>   p 2
|1251>    1      0.860000      17.997720  2
|1252>    2      0.172000      -0.032600  2
|1253>   d 2
|1254>    1      1.600000      -9.504310  2
|1255>    2      0.320000      -0.151370  2
|1256>   f 1
|1257>    1      1.000000000    0.000000000 2
|1258> end
|1259> Ti>    4.00000000000    6.57511227259   -7.38458831602   -4.63628684943
|1260> NewECP
|1261> N_core 0
|1262>   lmax f
|1263>   s 2
|1264>    1      0.860000       9.191690  2
|1265>    2      0.172000       0.008301  2
|1266>   p 2
|1267>    1      0.860000      17.997720  2
|1268>    2      0.172000      -0.032600  2
|1269>   d 2
|1270>    1      1.600000      -9.504310  2
|1271>    2      0.320000      -0.151370  2
|1272>   f 1
|1273>    1      1.000000000    0.000000000 2
|1274> end
|1275> Ti>    4.00000000000    6.57537611025    7.40255378870   -4.63690545296
|1276> NewECP
|1277> N_core 0
|1278>   lmax f
|1279>   s 2
|1280>    1      0.860000       9.191690  2
|1281>    2      0.172000       0.008301  2
|1282>   p 2
|1283>    1      0.860000      17.997720  2
|1284>    2      0.172000      -0.032600  2
|1285>   d 2
|1286>    1      1.600000      -9.504310  2
|1287>    2      0.320000      -0.151370  2
|1288>   f 1
|1289>    1      1.000000000    0.000000000 2
|1290> end
|1291> Ti>    4.00000000000   -9.69278095463   -2.95032172198   -4.44939525413
|1292> NewECP
|1293> N_core 0
|1294>   lmax f
|1295>   s 2
|1296>    1      0.860000       9.191690  2
|1297>    2      0.172000       0.008301  2
|1298>   p 2
|1299>    1      0.860000      17.997720  2
|1300>    2      0.172000      -0.032600  2
|1301>   d 2
|1302>    1      1.600000      -9.504310  2
|1303>    2      0.320000      -0.151370  2
|1304>   f 1
|1305>    1      1.000000000    0.000000000 2
|1306> end
|1307> Ti>    4.00000000000   -9.69253331879    2.96803156685   -4.44863145429
|1308> NewECP
|1309> N_core 0
|1310>   lmax f
|1311>   s 2
|1312>    1      0.860000       9.191690  2
|1313>    2      0.172000       0.008301  2
|1314>   p 2
|1315>    1      0.860000      17.997720  2
|1316>    2      0.172000      -0.032600  2
|1317>   d 2
|1318>    1      1.600000      -9.504310  2
|1319>    2      0.320000      -0.151370  2
|1320>   f 1
|1321>    1      1.000000000    0.000000000 2
|1322> end
|1323> Ti>    4.00000000000    3.22947364740   -2.94805570088  -11.06845055366
|1324> NewECP
|1325> N_core 0
|1326>   lmax f
|1327>   s 2
|1328>    1      0.860000       9.191690  2
|1329>    2      0.172000       0.008301  2
|1330>   p 2
|1331>    1      0.860000      17.997720  2
|1332>    2      0.172000      -0.032600  2
|1333>   d 2
|1334>    1      1.600000      -9.504310  2
|1335>    2      0.320000      -0.151370  2
|1336>   f 1
|1337>    1      1.000000000    0.000000000 2
|1338> end
|1339> Ti>    4.00000000000    3.22947364740    2.96713503953  -11.06845055366
|1340> NewECP
|1341> N_core 0
|1342>   lmax f
|1343>   s 2
|1344>    1      0.860000       9.191690  2
|1345>    2      0.172000       0.008301  2
|1346>   p 2
|1347>    1      0.860000      17.997720  2
|1348>    2      0.172000      -0.032600  2
|1349>   d 2
|1350>    1      1.600000      -9.504310  2
|1351>    2      0.320000      -0.151370  2
|1352>   f 1
|1353>    1      1.000000000    0.000000000 2
|1354> end
|1355> Ti>    4.00000000000   -3.27251840437   -2.94805570088  -11.06845055366
|1356> NewECP
|1357> N_core 0
|1358>   lmax f
|1359>   s 2
|1360>    1      0.860000       9.191690  2
|1361>    2      0.172000       0.008301  2
|1362>   p 2
|1363>    1      0.860000      17.997720  2
|1364>    2      0.172000      -0.032600  2
|1365>   d 2
|1366>    1      1.600000      -9.504310  2
|1367>    2      0.320000      -0.151370  2
|1368>   f 1
|1369>    1      1.000000000    0.000000000 2
|1370> end
|1371> Ti>    4.00000000000   -3.27251840437    2.96713503953  -11.06845055366
|1372> NewECP
|1373> N_core 0
|1374>   lmax f
|1375>   s 2
|1376>    1      0.860000       9.191690  2
|1377>    2      0.172000       0.008301  2
|1378>   p 2
|1379>    1      0.860000      17.997720  2
|1380>    2      0.172000      -0.032600  2
|1381>   d 2
|1382>    1      1.600000      -9.504310  2
|1383>    2      0.320000      -0.151370  2
|1384>   f 1
|1385>    1      1.000000000    0.000000000 2
|1386> end
|1387> Ti>    4.00000000000   -0.02152237848   -4.42685338598  -11.06845055366
|1388> NewECP
|1389> N_core 0
|1390>   lmax f
|1391>   s 2
|1392>    1      0.860000       9.191690  2
|1393>    2      0.172000       0.008301  2
|1394>   p 2
|1395>    1      0.860000      17.997720  2
|1396>    2      0.172000      -0.032600  2
|1397>   d 2
|1398>    1      1.600000      -9.504310  2
|1399>    2      0.320000      -0.151370  2
|1400>   f 1
|1401>    1      1.000000000    0.000000000 2
|1402> end
|1403> Ti>    4.00000000000   -0.02152237848    4.44593272463  -11.06845055366
|1404> NewECP
|1405> N_core 0
|1406>   lmax f
|1407>   s 2
|1408>    1      0.860000       9.191690  2
|1409>    2      0.172000       0.008301  2
|1410>   p 2
|1411>    1      0.860000      17.997720  2
|1412>    2      0.172000      -0.032600  2
|1413>   d 2
|1414>    1      1.600000      -9.504310  2
|1415>    2      0.320000      -0.151370  2
|1416>   f 1
|1417>    1      1.000000000    0.000000000 2
|1418> end
|1419> Ti>    4.00000000000    9.81214304232   -2.94797023012   -4.43957695776
|1420> NewECP
|1421> N_core 0
|1422>   lmax f
|1423>   s 2
|1424>    1      0.860000       9.191690  2
|1425>    2      0.172000       0.008301  2
|1426>   p 2
|1427>    1      0.860000      17.997720  2
|1428>    2      0.172000      -0.032600  2
|1429>   d 2
|1430>    1      1.600000      -9.504310  2
|1431>    2      0.320000      -0.151370  2
|1432>   f 1
|1433>    1      1.000000000    0.000000000 2
|1434> end
|1435> Ti>    4.00000000000    9.81356919890    2.96552610008   -4.44028321920
|1436> NewECP
|1437> N_core 0
|1438>   lmax f
|1439>   s 2
|1440>    1      0.860000       9.191690  2
|1441>    2      0.172000       0.008301  2
|1442>   p 2
|1443>    1      0.860000      17.997720  2
|1444>    2      0.172000      -0.032600  2
|1445>   d 2
|1446>    1      1.600000      -9.504310  2
|1447>    2      0.320000      -0.151370  2
|1448>   f 1
|1449>    1      1.000000000    0.000000000 2
|1450> end
|1451> Ti>    4.00000000000    9.75235129517   -4.42907736993   -1.08901690282
|1452> NewECP
|1453> N_core 0
|1454>   lmax f
|1455>   s 2
|1456>    1      0.860000       9.191690  2
|1457>    2      0.172000       0.008301  2
|1458>   p 2
|1459>    1      0.860000      17.997720  2
|1460>    2      0.172000      -0.032600  2
|1461>   d 2
|1462>    1      1.600000      -9.504310  2
|1463>    2      0.320000      -0.151370  2
|1464>   f 1
|1465>    1      1.000000000    0.000000000 2
|1466> end
|1467> Ti>    4.00000000000    9.75393824288    4.44552594655   -1.08749521489
|1468> NewECP
|1469> N_core 0
|1470>   lmax f
|1471>   s 2
|1472>    1      0.860000       9.191690  2
|1473>    2      0.172000       0.008301  2
|1474>   p 2
|1475>    1      0.860000      17.997720  2
|1476>    2      0.172000      -0.032600  2
|1477>   d 2
|1478>    1      1.600000      -9.504310  2
|1479>    2      0.320000      -0.151370  2
|1480>   f 1
|1481>    1      1.000000000    0.000000000 2
|1482> end
|1483> Ti>    4.00000000000   -9.76860314172   -4.43673191070   -1.08974911926
|1484> NewECP
|1485> N_core 0
|1486>   lmax f
|1487>   s 2
|1488>    1      0.860000       9.191690  2
|1489>    2      0.172000       0.008301  2
|1490>   p 2
|1491>    1      0.860000      17.997720  2
|1492>    2      0.172000      -0.032600  2
|1493>   d 2
|1494>    1      1.600000      -9.504310  2
|1495>    2      0.320000      -0.151370  2
|1496>   f 1
|1497>    1      1.000000000    0.000000000 2
|1498> end
|1499> Ti>    4.00000000000   -9.76724830953    4.44358768116   -1.08940912639
|1500> NewECP
|1501> N_core 0
|1502>   lmax f
|1503>   s 2
|1504>    1      0.860000       9.191690  2
|1505>    2      0.172000       0.008301  2
|1506>   p 2
|1507>    1      0.860000      17.997720  2
|1508>    2      0.172000      -0.032600  2
|1509>   d 2
|1510>    1      1.600000      -9.504310  2
|1511>    2      0.320000      -0.151370  2
|1512>   f 1
|1513>    1      1.000000000    0.000000000 2
|1514> end
|1515> Ti>    4.00000000000    3.25086119127  -10.33538459994   -1.11867511755
|1516> NewECP
|1517> N_core 0
|1518>   lmax f
|1519>   s 2
|1520>    1      0.860000       9.191690  2
|1521>    2      0.172000       0.008301  2
|1522>   p 2
|1523>    1      0.860000      17.997720  2
|1524>    2      0.172000      -0.032600  2
|1525>   d 2
|1526>    1      1.600000      -9.504310  2
|1527>    2      0.320000      -0.151370  2
|1528>   f 1
|1529>    1      1.000000000    0.000000000 2
|1530> end
|1531> Ti>    4.00000000000   -3.25528964365  -10.34117071339   -1.08789967127
|1532> NewECP
|1533> N_core 0
|1534>   lmax f
|1535>   s 2
|1536>    1      0.860000       9.191690  2
|1537>    2      0.172000       0.008301  2
|1538>   p 2
|1539>    1      0.860000      17.997720  2
|1540>    2      0.172000      -0.032600  2
|1541>   d 2
|1542>    1      1.600000      -9.504310  2
|1543>    2      0.320000      -0.151370  2
|1544>   f 1
|1545>    1      1.000000000    0.000000000 2
|1546> end
|1547> Ti>    4.00000000000    3.25785623818   10.34189934468   -1.11762413751
|1548> NewECP
|1549> N_core 0
|1550>   lmax f
|1551>   s 2
|1552>    1      0.860000       9.191690  2
|1553>    2      0.172000       0.008301  2
|1554>   p 2
|1555>    1      0.860000      17.997720  2
|1556>    2      0.172000      -0.032600  2
|1557>   d 2
|1558>    1      1.600000      -9.504310  2
|1559>    2      0.320000      -0.151370  2
|1560>   f 1
|1561>    1      1.000000000    0.000000000 2
|1562> end
|1563> Ti>    4.00000000000   -3.25748296122   10.35832086579   -1.08979484150
|1564> NewECP
|1565> N_core 0
|1566>   lmax f
|1567>   s 2
|1568>    1      0.860000       9.191690  2
|1569>    2      0.172000       0.008301  2
|1570>   p 2
|1571>    1      0.860000      17.997720  2
|1572>    2      0.172000      -0.032600  2
|1573>   d 2
|1574>    1      1.600000      -9.504310  2
|1575>    2      0.320000      -0.151370  2
|1576>   f 1
|1577>    1      1.000000000    0.000000000 2
|1578> end
|1579> Ti>    4.00000000000    0.07366786025  -10.36679196900   -4.60336990041
|1580> NewECP
|1581> N_core 0
|1582>   lmax f
|1583>   s 2
|1584>    1      0.860000       9.191690  2
|1585>    2      0.172000       0.008301  2
|1586>   p 2
|1587>    1      0.860000      17.997720  2
|1588>    2      0.172000      -0.032600  2
|1589>   d 2
|1590>    1      1.600000      -9.504310  2
|1591>    2      0.320000      -0.151370  2
|1592>   f 1
|1593>    1      1.000000000    0.000000000 2
|1594> end
|1595> Ti>    4.00000000000    0.07277685750   10.38372688193   -4.59744566213
|1596> NewECP
|1597> N_core 0
|1598>   lmax f
|1599>   s 2
|1600>    1      0.860000       9.191690  2
|1601>    2      0.172000       0.008301  2
|1602>   p 2
|1603>    1      0.860000      17.997720  2
|1604>    2      0.172000      -0.032600  2
|1605>   d 2
|1606>    1      1.600000      -9.504310  2
|1607>    2      0.320000      -0.151370  2
|1608>   f 1
|1609>    1      1.000000000    0.000000000 2
|1610> end
|1611> Ti>    4.00000000000    6.48046967329   -5.90565107109   -7.81745452778
|1612> NewECP
|1613> N_core 0
|1614>   lmax f
|1615>   s 2
|1616>    1      0.860000       9.191690  2
|1617>    2      0.172000       0.008301  2
|1618>   p 2
|1619>    1      0.860000      17.997720  2
|1620>    2      0.172000      -0.032600  2
|1621>   d 2
|1622>    1      1.600000      -9.504310  2
|1623>    2      0.320000      -0.151370  2
|1624>   f 1
|1625>    1      1.000000000    0.000000000 2
|1626> end
|1627> Ti>    4.00000000000    6.48046967329    5.92473040974   -7.81745452778
|1628> NewECP
|1629> N_core 0
|1630>   lmax f
|1631>   s 2
|1632>    1      0.860000       9.191690  2
|1633>    2      0.172000       0.008301  2
|1634>   p 2
|1635>    1      0.860000      17.997720  2
|1636>    2      0.172000      -0.032600  2
|1637>   d 2
|1638>    1      1.600000      -9.504310  2
|1639>    2      0.320000      -0.151370  2
|1640>   f 1
|1641>    1      1.000000000    0.000000000 2
|1642> end
|1643> Ti>    4.00000000000   -6.52351443026   -5.90565107109   -7.81745452778
|1644> NewECP
|1645> N_core 0
|1646>   lmax f
|1647>   s 2
|1648>    1      0.860000       9.191690  2
|1649>    2      0.172000       0.008301  2
|1650>   p 2
|1651>    1      0.860000      17.997720  2
|1652>    2      0.172000      -0.032600  2
|1653>   d 2
|1654>    1      1.600000      -9.504310  2
|1655>    2      0.320000      -0.151370  2
|1656>   f 1
|1657>    1      1.000000000    0.000000000 2
|1658> end
|1659> Ti>    4.00000000000   -6.52351443026    5.92473040974   -7.81745452778
|1660> NewECP
|1661> N_core 0
|1662>   lmax f
|1663>   s 2
|1664>    1      0.860000       9.191690  2
|1665>    2      0.172000       0.008301  2
|1666>   p 2
|1667>    1      0.860000      17.997720  2
|1668>    2      0.172000      -0.032600  2
|1669>   d 2
|1670>    1      1.600000      -9.504310  2
|1671>    2      0.320000      -0.151370  2
|1672>   f 1
|1673>    1      1.000000000    0.000000000 2
|1674> end
|1675> Ti>    4.00000000000   -0.02152237848   -8.86324644129   -7.81745452778
|1676> NewECP
|1677> N_core 0
|1678>   lmax f
|1679>   s 2
|1680>    1      0.860000       9.191690  2
|1681>    2      0.172000       0.008301  2
|1682>   p 2
|1683>    1      0.860000      17.997720  2
|1684>    2      0.172000      -0.032600  2
|1685>   d 2
|1686>    1      1.600000      -9.504310  2
|1687>    2      0.320000      -0.151370  2
|1688>   f 1
|1689>    1      1.000000000    0.000000000 2
|1690> end
|1691> Ti>    4.00000000000    6.49080604379   -8.86120509113   -1.45695253402
|1692> NewECP
|1693> N_core 0
|1694>   lmax f
|1695>   s 2
|1696>    1      0.860000       9.191690  2
|1697>    2      0.172000       0.008301  2
|1698>   p 2
|1699>    1      0.860000      17.997720  2
|1700>    2      0.172000      -0.032600  2
|1701>   d 2
|1702>    1      1.600000      -9.504310  2
|1703>    2      0.320000      -0.151370  2
|1704>   f 1
|1705>    1      1.000000000    0.000000000 2
|1706> end
|1707> Ti>    4.00000000000   -0.02152237848    8.88232577994   -7.81745452778
|1708> NewECP
|1709> N_core 0
|1710>   lmax f
|1711>   s 2
|1712>    1      0.860000       9.191690  2
|1713>    2      0.172000       0.008301  2
|1714>   p 2
|1715>    1      0.860000      17.997720  2
|1716>    2      0.172000      -0.032600  2
|1717>   d 2
|1718>    1      1.600000      -9.504310  2
|1719>    2      0.320000      -0.151370  2
|1720>   f 1
|1721>    1      1.000000000    0.000000000 2
|1722> end
|1723> Ti>    4.00000000000   -6.51317805976   -8.86120509113   -1.45695253402
|1724> NewECP
|1725> N_core 0
|1726>   lmax f
|1727>   s 2
|1728>    1      0.860000       9.191690  2
|1729>    2      0.172000       0.008301  2
|1730>   p 2
|1731>    1      0.860000      17.997720  2
|1732>    2      0.172000      -0.032600  2
|1733>   d 2
|1734>    1      1.600000      -9.504310  2
|1735>    2      0.320000      -0.151370  2
|1736>   f 1
|1737>    1      1.000000000    0.000000000 2
|1738> end
|1739> Ti>    4.00000000000    6.49206683837    8.87696841999   -1.45747699511
|1740> NewECP
|1741> N_core 0
|1742>   lmax f
|1743>   s 2
|1744>    1      0.860000       9.191690  2
|1745>    2      0.172000       0.008301  2
|1746>   p 2
|1747>    1      0.860000      17.997720  2
|1748>    2      0.172000      -0.032600  2
|1749>   d 2
|1750>    1      1.600000      -9.504310  2
|1751>    2      0.320000      -0.151370  2
|1752>   f 1
|1753>    1      1.000000000    0.000000000 2
|1754> end
|1755> Ti>    4.00000000000   -6.51191726517    8.87696841999   -1.45747699511
|1756> NewECP
|1757> N_core 0
|1758>   lmax f
|1759>   s 2
|1760>    1      0.860000       9.191690  2
|1761>    2      0.172000       0.008301  2
|1762>   p 2
|1763>    1      0.860000      17.997720  2
|1764>    2      0.172000      -0.032600  2
|1765>   d 2
|1766>    1      1.600000      -9.504310  2
|1767>    2      0.320000      -0.151370  2
|1768>   f 1
|1769>    1      1.000000000    0.000000000 2
|1770> end
|1771> Ti>    4.00000000000   -9.69877564649   -5.90639971173   -4.44013125058
|1772> NewECP
|1773> N_core 0
|1774>   lmax f
|1775>   s 2
|1776>    1      0.860000       9.191690  2
|1777>    2      0.172000       0.008301  2
|1778>   p 2
|1779>    1      0.860000      17.997720  2
|1780>    2      0.172000      -0.032600  2
|1781>   d 2
|1782>    1      1.600000      -9.504310  2
|1783>    2      0.320000      -0.151370  2
|1784>   f 1
|1785>    1      1.000000000    0.000000000 2
|1786> end
|1787> Ti>    4.00000000000    6.48046967329   -1.46925801578  -11.06845055366
|1788> NewECP
|1789> N_core 0
|1790>   lmax f
|1791>   s 2
|1792>    1      0.860000       9.191690  2
|1793>    2      0.172000       0.008301  2
|1794>   p 2
|1795>    1      0.860000      17.997720  2
|1796>    2      0.172000      -0.032600  2
|1797>   d 2
|1798>    1      1.600000      -9.504310  2
|1799>    2      0.320000      -0.151370  2
|1800>   f 1
|1801>    1      1.000000000    0.000000000 2
|1802> end
|1803> Ti>    4.00000000000    6.48046967329    1.48833735443  -11.06845055366
|1804> NewECP
|1805> N_core 0
|1806>   lmax f
|1807>   s 2
|1808>    1      0.860000       9.191690  2
|1809>    2      0.172000       0.008301  2
|1810>   p 2
|1811>    1      0.860000      17.997720  2
|1812>    2      0.172000      -0.032600  2
|1813>   d 2
|1814>    1      1.600000      -9.504310  2
|1815>    2      0.320000      -0.151370  2
|1816>   f 1
|1817>    1      1.000000000    0.000000000 2
|1818> end
|1819> Ti>    4.00000000000    9.73146569918   -1.46925801578   -7.81745452778
|1820> NewECP
|1821> N_core 0
|1822>   lmax f
|1823>   s 2
|1824>    1      0.860000       9.191690  2
|1825>    2      0.172000       0.008301  2
|1826>   p 2
|1827>    1      0.860000      17.997720  2
|1828>    2      0.172000      -0.032600  2
|1829>   d 2
|1830>    1      1.600000      -9.504310  2
|1831>    2      0.320000      -0.151370  2
|1832>   f 1
|1833>    1      1.000000000    0.000000000 2
|1834> end
|1835> Ti>    4.00000000000   -9.69877564649    5.92398176910   -4.44013125058
|1836> NewECP
|1837> N_core 0
|1838>   lmax f
|1839>   s 2
|1840>    1      0.860000       9.191690  2
|1841>    2      0.172000       0.008301  2
|1842>   p 2
|1843>    1      0.860000      17.997720  2
|1844>    2      0.172000      -0.032600  2
|1845>   d 2
|1846>    1      1.600000      -9.504310  2
|1847>    2      0.320000      -0.151370  2
|1848>   f 1
|1849>    1      1.000000000    0.000000000 2
|1850> end
|1851> Ti>    4.00000000000    9.73146569918    1.48833735443   -7.81745452778
|1852> NewECP
|1853> N_core 0
|1854>   lmax f
|1855>   s 2
|1856>    1      0.860000       9.191690  2
|1857>    2      0.172000       0.008301  2
|1858>   p 2
|1859>    1      0.860000      17.997720  2
|1860>    2      0.172000      -0.032600  2
|1861>   d 2
|1862>    1      1.600000      -9.504310  2
|1863>    2      0.320000      -0.151370  2
|1864>   f 1
|1865>    1      1.000000000    0.000000000 2
|1866> end
|1867> Ti>    4.00000000000   -6.52351443026   -1.46925801578  -11.06845055366
|1868> NewECP
|1869> N_core 0
|1870>   lmax f
|1871>   s 2
|1872>    1      0.860000       9.191690  2
|1873>    2      0.172000       0.008301  2
|1874>   p 2
|1875>    1      0.860000      17.997720  2
|1876>    2      0.172000      -0.032600  2
|1877>   d 2
|1878>    1      1.600000      -9.504310  2
|1879>    2      0.320000      -0.151370  2
|1880>   f 1
|1881>    1      1.000000000    0.000000000 2
|1882> end
|1883> Ti>    4.00000000000   -6.52351443026    1.48833735443  -11.06845055366
|1884> NewECP
|1885> N_core 0
|1886>   lmax f
|1887>   s 2
|1888>    1      0.860000       9.191690  2
|1889>    2      0.172000       0.008301  2
|1890>   p 2
|1891>    1      0.860000      17.997720  2
|1892>    2      0.172000      -0.032600  2
|1893>   d 2
|1894>    1      1.600000      -9.504310  2
|1895>    2      0.320000      -0.151370  2
|1896>   f 1
|1897>    1      1.000000000    0.000000000 2
|1898> end
|1899> Ti>    4.00000000000   -9.77451045615   -1.46925801578   -7.81745452778
|1900> NewECP
|1901> N_core 0
|1902>   lmax f
|1903>   s 2
|1904>    1      0.860000       9.191690  2
|1905>    2      0.172000       0.008301  2
|1906>   p 2
|1907>    1      0.860000      17.997720  2
|1908>    2      0.172000      -0.032600  2
|1909>   d 2
|1910>    1      1.600000      -9.504310  2
|1911>    2      0.320000      -0.151370  2
|1912>   f 1
|1913>    1      1.000000000    0.000000000 2
|1914> end
|1915> Ti>    4.00000000000   -9.77451045615    1.48833735443   -7.81745452778
|1916> NewECP
|1917> N_core 0
|1918>   lmax f
|1919>   s 2
|1920>    1      0.860000       9.191690  2
|1921>    2      0.172000       0.008301  2
|1922>   p 2
|1923>    1      0.860000      17.997720  2
|1924>    2      0.172000      -0.032600  2
|1925>   d 2
|1926>    1      1.600000      -9.504310  2
|1927>    2      0.320000      -0.151370  2
|1928>   f 1
|1929>    1      1.000000000    0.000000000 2
|1930> end
|1931> Ti>    4.00000000000    0.00000000000   11.83038148082   -1.35464524053
|1932> NewECP
|1933> N_core 0
|1934>   lmax f
|1935>   s 2
|1936>    1      0.860000       9.191690  2
|1937>    2      0.172000       0.008301  2
|1938>   p 2
|1939>    1      0.860000      17.997720  2
|1940>    2      0.172000      -0.032600  2
|1941>   d 2
|1942>    1      1.600000      -9.504310  2
|1943>    2      0.320000      -0.151370  2
|1944>   f 1
|1945>    1      1.000000000    0.000000000 2
|1946> end
|1947> Ti>    4.00000000000    0.00000000000  -11.83038148082   -1.35464524053
|1948> NewECP
|1949> N_core 0
|1950>   lmax f
|1951>   s 2
|1952>    1      0.860000       9.191690  2
|1953>    2      0.172000       0.008301  2
|1954>   p 2
|1955>    1      0.860000      17.997720  2
|1956>    2      0.172000      -0.032600  2
|1957>   d 2
|1958>    1      1.600000      -9.504310  2
|1959>    2      0.320000      -0.151370  2
|1960>   f 1
|1961>    1      1.000000000    0.000000000 2
|1962> end
|1963> Ti>    4.00000000000    9.81115527887   -5.90629062095   -4.43907565154
|1964> NewECP
|1965> N_core 0
|1966>   lmax f
|1967>   s 2
|1968>    1      0.860000       9.191690  2
|1969>    2      0.172000       0.008301  2
|1970>   p 2
|1971>    1      0.860000      17.997720  2
|1972>    2      0.172000      -0.032600  2
|1973>   d 2
|1974>    1      1.600000      -9.504310  2
|1975>    2      0.320000      -0.151370  2
|1976>   f 1
|1977>    1      1.000000000    0.000000000 2
|1978> end
|1979> Ti>    4.00000000000    9.81115527887    5.92409085987   -4.43907565154
|1980> NewECP
|1981> N_core 0
|1982>   lmax f
|1983>   s 2
|1984>    1      0.860000       9.191690  2
|1985>    2      0.172000       0.008301  2
|1986>   p 2
|1987>    1      0.860000      17.997720  2
|1988>    2      0.172000      -0.032600  2
|1989>   d 2
|1990>    1      1.600000      -9.504310  2
|1991>    2      0.320000      -0.151370  2
|1992>   f 1
|1993>    1      1.000000000    0.000000000 2
|1994> end
|1995> Ti>    4.00000000000    9.75393824288   -7.38485553427   -1.08749521489
|1996> NewECP
|1997> N_core 0
|1998>   lmax f
|1999>   s 2
|2000>    1      0.860000       9.191690  2
|2001>    2      0.172000       0.008301  2
|2002>   p 2
|2003>    1      0.860000      17.997720  2
|2004>    2      0.172000      -0.032600  2
|2005>   d 2
|2006>    1      1.600000      -9.504310  2
|2007>    2      0.320000      -0.151370  2
|2008>   f 1
|2009>    1      1.000000000    0.000000000 2
|2010> end
|2011> Ti>    4.00000000000    9.75235129517    7.40130411090   -1.08901690282
|2012> NewECP
|2013> N_core 0
|2014>   lmax f
|2015>   s 2
|2016>    1      0.860000       9.191690  2
|2017>    2      0.172000       0.008301  2
|2018>   p 2
|2019>    1      0.860000      17.997720  2
|2020>    2      0.172000      -0.032600  2
|2021>   d 2
|2022>    1      1.600000      -9.504310  2
|2023>    2      0.320000      -0.151370  2
|2024>   f 1
|2025>    1      1.000000000    0.000000000 2
|2026> end
|2027> Ti>    4.00000000000   -9.76724830953   -7.38679379966   -1.08940912639
|2028> NewECP
|2029> N_core 0
|2030>   lmax f
|2031>   s 2
|2032>    1      0.860000       9.191690  2
|2033>    2      0.172000       0.008301  2
|2034>   p 2
|2035>    1      0.860000      17.997720  2
|2036>    2      0.172000      -0.032600  2
|2037>   d 2
|2038>    1      1.600000      -9.504310  2
|2039>    2      0.320000      -0.151370  2
|2040>   f 1
|2041>    1      1.000000000    0.000000000 2
|2042> end
|2043> Ti>    4.00000000000   -9.76860314172    7.39364957012   -1.08974911926
|2044> NewECP
|2045> N_core 0
|2046>   lmax f
|2047>   s 2
|2048>    1      0.860000       9.191690  2
|2049>    2      0.172000       0.008301  2
|2050>   p 2
|2051>    1      0.860000      17.997720  2
|2052>    2      0.172000      -0.032600  2
|2053>   d 2
|2054>    1      1.600000      -9.504310  2
|2055>    2      0.320000      -0.151370  2
|2056>   f 1
|2057>    1      1.000000000    0.000000000 2
|2058> end
|2059> Ti>    4.00000000000    9.73146569918   -4.42685338598   -7.81745452778
|2060> NewECP
|2061> N_core 0
|2062>   lmax f
|2063>   s 2
|2064>    1      0.860000       9.191690  2
|2065>    2      0.172000       0.008301  2
|2066>   p 2
|2067>    1      0.860000      17.997720  2
|2068>    2      0.172000      -0.032600  2
|2069>   d 2
|2070>    1      1.600000      -9.504310  2
|2071>    2      0.320000      -0.151370  2
|2072>   f 1
|2073>    1      1.000000000    0.000000000 2
|2074> end
|2075> Ti>    4.00000000000    9.73146569918    4.44593272463   -7.81745452778
|2076> NewECP
|2077> N_core 0
|2078>   lmax f
|2079>   s 2
|2080>    1      0.860000       9.191690  2
|2081>    2      0.172000       0.008301  2
|2082>   p 2
|2083>    1      0.860000      17.997720  2
|2084>    2      0.172000      -0.032600  2
|2085>   d 2
|2086>    1      1.600000      -9.504310  2
|2087>    2      0.320000      -0.151370  2
|2088>   f 1
|2089>    1      1.000000000    0.000000000 2
|2090> end
|2091> Ti>    4.00000000000   -9.77451045615   -4.42685338598   -7.81745452778
|2092> NewECP
|2093> N_core 0
|2094>   lmax f
|2095>   s 2
|2096>    1      0.860000       9.191690  2
|2097>    2      0.172000       0.008301  2
|2098>   p 2
|2099>    1      0.860000      17.997720  2
|2100>    2      0.172000      -0.032600  2
|2101>   d 2
|2102>    1      1.600000      -9.504310  2
|2103>    2      0.320000      -0.151370  2
|2104>   f 1
|2105>    1      1.000000000    0.000000000 2
|2106> end
|2107> Ti>    4.00000000000   -9.77451045615    4.44593272463   -7.81745452778
|2108> NewECP
|2109> N_core 0
|2110>   lmax f
|2111>   s 2
|2112>    1      0.860000       9.191690  2
|2113>    2      0.172000       0.008301  2
|2114>   p 2
|2115>    1      0.860000      17.997720  2
|2116>    2      0.172000      -0.032600  2
|2117>   d 2
|2118>    1      1.600000      -9.504310  2
|2119>    2      0.320000      -0.151370  2
|2120>   f 1
|2121>    1      1.000000000    0.000000000 2
|2122> end
|2123> Ti>    4.00000000000   -6.43048586966  -10.34187485870   -4.63840198022
|2124> NewECP
|2125> N_core 0
|2126>   lmax f
|2127>   s 2
|2128>    1      0.860000       9.191690  2
|2129>    2      0.172000       0.008301  2
|2130>   p 2
|2131>    1      0.860000      17.997720  2
|2132>    2      0.172000      -0.032600  2
|2133>   d 2
|2134>    1      1.600000      -9.504310  2
|2135>    2      0.320000      -0.151370  2
|2136>   f 1
|2137>    1      1.000000000    0.000000000 2
|2138> end
|2139> Ti>    4.00000000000   -3.19483054720  -11.82099471895   -4.43660429188
|2140> NewECP
|2141> N_core 0
|2142>   lmax f
|2143>   s 2
|2144>    1      0.860000       9.191690  2
|2145>    2      0.172000       0.008301  2
|2146>   p 2
|2147>    1      0.860000      17.997720  2
|2148>    2      0.172000      -0.032600  2
|2149>   d 2
|2150>    1      1.600000      -9.504310  2
|2151>    2      0.320000      -0.151370  2
|2152>   f 1
|2153>    1      1.000000000    0.000000000 2
|2154> end
|2155> Ti>    4.00000000000   -6.43016255510   10.36044994154   -4.63836565848
|2156> NewECP
|2157> N_core 0
|2158>   lmax f
|2159>   s 2
|2160>    1      0.860000       9.191690  2
|2161>    2      0.172000       0.008301  2
|2162>   p 2
|2163>    1      0.860000      17.997720  2
|2164>    2      0.172000      -0.032600  2
|2165>   d 2
|2166>    1      1.600000      -9.504310  2
|2167>    2      0.320000      -0.151370  2
|2168>   f 1
|2169>    1      1.000000000    0.000000000 2
|2170> end
|2171> Ti>    4.00000000000   -3.19483054720   11.83976824270   -4.43660429188
|2172> NewECP
|2173> N_core 0
|2174>   lmax f
|2175>   s 2
|2176>    1      0.860000       9.191690  2
|2177>    2      0.172000       0.008301  2
|2178>   p 2
|2179>    1      0.860000      17.997720  2
|2180>    2      0.172000      -0.032600  2
|2181>   d 2
|2182>    1      1.600000      -9.504310  2
|2183>    2      0.320000      -0.151370  2
|2184>   f 1
|2185>    1      1.000000000    0.000000000 2
|2186> end
|2187> Ti>    4.00000000000    3.31482200071  -11.82133491503   -4.44378686682
|2188> NewECP
|2189> N_core 0
|2190>   lmax f
|2191>   s 2
|2192>    1      0.860000       9.191690  2
|2193>    2      0.172000       0.008301  2
|2194>   p 2
|2195>    1      0.860000      17.997720  2
|2196>    2      0.172000      -0.032600  2
|2197>   d 2
|2198>    1      1.600000      -9.504310  2
|2199>    2      0.320000      -0.151370  2
|2200>   f 1
|2201>    1      1.000000000    0.000000000 2
|2202> end
|2203> Ti>    4.00000000000    3.31482200071   11.83942804661   -4.44378686682
|2204> NewECP
|2205> N_core 0
|2206>   lmax f
|2207>   s 2
|2208>    1      0.860000       9.191690  2
|2209>    2      0.172000       0.008301  2
|2210>   p 2
|2211>    1      0.860000      17.997720  2
|2212>    2      0.172000      -0.032600  2
|2213>   d 2
|2214>    1      1.600000      -9.504310  2
|2215>    2      0.320000      -0.151370  2
|2216>   f 1
|2217>    1      1.000000000    0.000000000 2
|2218> end
|2219> Ti>    4.00000000000    6.57349823389  -10.34187485870   -4.63840198022
|2220> NewECP
|2221> N_core 0
|2222>   lmax f
|2223>   s 2
|2224>    1      0.860000       9.191690  2
|2225>    2      0.172000       0.008301  2
|2226>   p 2
|2227>    1      0.860000      17.997720  2
|2228>    2      0.172000      -0.032600  2
|2229>   d 2
|2230>    1      1.600000      -9.504310  2
|2231>    2      0.320000      -0.151370  2
|2232>   f 1
|2233>    1      1.000000000    0.000000000 2
|2234> end
|2235> Ti>    4.00000000000    6.57382154845   10.36044994154   -4.63836565848
|2236> NewECP
|2237> N_core 0
|2238>   lmax f
|2239>   s 2
|2240>    1      0.860000       9.191690  2
|2241>    2      0.172000       0.008301  2
|2242>   p 2
|2243>    1      0.860000      17.997720  2
|2244>    2      0.172000      -0.032600  2
|2245>   d 2
|2246>    1      1.600000      -9.504310  2
|2247>    2      0.320000      -0.151370  2
|2248>   f 1
|2249>    1      1.000000000    0.000000000 2
|2250> end
|2251> Ti>    4.00000000000  -13.00398410355    0.00000000000   -1.35464524053
|2252> NewECP
|2253> N_core 0
|2254>   lmax f
|2255>   s 2
|2256>    1      0.860000       9.191690  2
|2257>    2      0.172000       0.008301  2
|2258>   p 2
|2259>    1      0.860000      17.997720  2
|2260>    2      0.172000      -0.032600  2
|2261>   d 2
|2262>    1      1.600000      -9.504310  2
|2263>    2      0.320000      -0.151370  2
|2264>   f 1
|2265>    1      1.000000000    0.000000000 2
|2266> end
|2267> Ti>    4.00000000000   13.00398410355    0.00000000000   -1.35464524053
|2268> NewECP
|2269> N_core 0
|2270>   lmax f
|2271>   s 2
|2272>    1      0.860000       9.191690  2
|2273>    2      0.172000       0.008301  2
|2274>   p 2
|2275>    1      0.860000      17.997720  2
|2276>    2      0.172000      -0.032600  2
|2277>   d 2
|2278>    1      1.600000      -9.504310  2
|2279>    2      0.320000      -0.151370  2
|2280>   f 1
|2281>    1      1.000000000    0.000000000 2
|2282> end
|2283> Ti>    4.00000000000   13.00061483910   -2.95247835621   -1.48556541997
|2284> NewECP
|2285> N_core 0
|2286>   lmax f
|2287>   s 2
|2288>    1      0.860000       9.191690  2
|2289>    2      0.172000       0.008301  2
|2290>   p 2
|2291>    1      0.860000      17.997720  2
|2292>    2      0.172000      -0.032600  2
|2293>   d 2
|2294>    1      1.600000      -9.504310  2
|2295>    2      0.320000      -0.151370  2
|2296>   f 1
|2297>    1      1.000000000    0.000000000 2
|2298> end
|2299> Ti>    4.00000000000   13.00230975728    2.96768500197   -1.49305272630
|2300> NewECP
|2301> N_core 0
|2302>   lmax f
|2303>   s 2
|2304>    1      0.860000       9.191690  2
|2305>    2      0.172000       0.008301  2
|2306>   p 2
|2307>    1      0.860000      17.997720  2
|2308>    2      0.172000      -0.032600  2
|2309>   d 2
|2310>    1      1.600000      -9.504310  2
|2311>    2      0.320000      -0.151370  2
|2312>   f 1
|2313>    1      1.000000000    0.000000000 2
|2314> end
|2315> Ti>    4.00000000000  -13.00735336800   -2.95247835621   -1.48556541997
|2316> NewECP
|2317> N_core 0
|2318>   lmax f
|2319>   s 2
|2320>    1      0.860000       9.191690  2
|2321>    2      0.172000       0.008301  2
|2322>   p 2
|2323>    1      0.860000      17.997720  2
|2324>    2      0.172000      -0.032600  2
|2325>   d 2
|2326>    1      1.600000      -9.504310  2
|2327>    2      0.320000      -0.151370  2
|2328>   f 1
|2329>    1      1.000000000    0.000000000 2
|2330> end
|2331> Ti>    4.00000000000  -13.00565844981    2.96768500197   -1.49305272630
|2332> NewECP
|2333> N_core 0
|2334>   lmax f
|2335>   s 2
|2336>    1      0.860000       9.191690  2
|2337>    2      0.172000       0.008301  2
|2338>   p 2
|2339>    1      0.860000      17.997720  2
|2340>    2      0.172000      -0.032600  2
|2341>   d 2
|2342>    1      1.600000      -9.504310  2
|2343>    2      0.320000      -0.151370  2
|2344>   f 1
|2345>    1      1.000000000    0.000000000 2
|2346> end
|2347> Ti>    4.00000000000   -9.69253331879   -8.86234991397   -4.44863145429
|2348> NewECP
|2349> N_core 0
|2350>   lmax f
|2351>   s 2
|2352>    1      0.860000       9.191690  2
|2353>    2      0.172000       0.008301  2
|2354>   p 2
|2355>    1      0.860000      17.997720  2
|2356>    2      0.172000      -0.032600  2
|2357>   d 2
|2358>    1      1.600000      -9.504310  2
|2359>    2      0.320000      -0.151370  2
|2360>   f 1
|2361>    1      1.000000000    0.000000000 2
|2362> end
|2363> Ti>    4.00000000000   -9.69278095463    8.88005975884   -4.44939525413
|2364> NewECP
|2365> N_core 0
|2366>   lmax f
|2367>   s 2
|2368>    1      0.860000       9.191690  2
|2369>    2      0.172000       0.008301  2
|2370>   p 2
|2371>    1      0.860000      17.997720  2
|2372>    2      0.172000      -0.032600  2
|2373>   d 2
|2374>    1      1.600000      -9.504310  2
|2375>    2      0.320000      -0.151370  2
|2376>   f 1
|2377>    1      1.000000000    0.000000000 2
|2378> end
|2379> Ti>    4.00000000000    9.81356919890   -8.86485538074   -4.44028321920
|2380> NewECP
|2381> N_core 0
|2382>   lmax f
|2383>   s 2
|2384>    1      0.860000       9.191690  2
|2385>    2      0.172000       0.008301  2
|2386>   p 2
|2387>    1      0.860000      17.997720  2
|2388>    2      0.172000      -0.032600  2
|2389>   d 2
|2390>    1      1.600000      -9.504310  2
|2391>    2      0.320000      -0.151370  2
|2392>   f 1
|2393>    1      1.000000000    0.000000000 2
|2394> end
|2395> Ti>    4.00000000000    9.81214304232    8.88241125070   -4.43957695776
|2396> NewECP
|2397> N_core 0
|2398>   lmax f
|2399>   s 2
|2400>    1      0.860000       9.191690  2
|2401>    2      0.172000       0.008301  2
|2402>   p 2
|2403>    1      0.860000      17.997720  2
|2404>    2      0.172000      -0.032600  2
|2405>   d 2
|2406>    1      1.600000      -9.504310  2
|2407>    2      0.320000      -0.151370  2
|2408>   f 1
|2409>    1      1.000000000    0.000000000 2
|2410> end
|2411> Ti>    4.00000000000   12.98619825550   -5.90728950601   -1.48695897680
|2412> NewECP
|2413> N_core 0
|2414>   lmax f
|2415>   s 2
|2416>    1      0.860000       9.191690  2
|2417>    2      0.172000       0.008301  2
|2418>   p 2
|2419>    1      0.860000      17.997720  2
|2420>    2      0.172000      -0.032600  2
|2421>   d 2
|2422>    1      1.600000      -9.504310  2
|2423>    2      0.320000      -0.151370  2
|2424>   f 1
|2425>    1      1.000000000    0.000000000 2
|2426> end
|2427> Ti>    4.00000000000   12.98619825550    5.92309197481   -1.48695897680
|2428> NewECP
|2429> N_core 0
|2430>   lmax f
|2431>   s 2
|2432>    1      0.860000       9.191690  2
|2433>    2      0.172000       0.008301  2
|2434>   p 2
|2435>    1      0.860000      17.997720  2
|2436>    2      0.172000      -0.032600  2
|2437>   d 2
|2438>    1      1.600000      -9.504310  2
|2439>    2      0.320000      -0.151370  2
|2440>   f 1
|2441>    1      1.000000000    0.000000000 2
|2442> end
|2443> Ti>    4.00000000000  -13.02176995160   -5.90728950601   -1.48695897680
|2444> NewECP
|2445> N_core 0
|2446>   lmax f
|2447>   s 2
|2448>    1      0.860000       9.191690  2
|2449>    2      0.172000       0.008301  2
|2450>   p 2
|2451>    1      0.860000      17.997720  2
|2452>    2      0.172000      -0.032600  2
|2453>   d 2
|2454>    1      1.600000      -9.504310  2
|2455>    2      0.320000      -0.151370  2
|2456>   f 1
|2457>    1      1.000000000    0.000000000 2
|2458> end
|2459> Ti>    4.00000000000  -13.02176995160    5.92309197481   -1.48695897680
|2460> NewECP
|2461> N_core 0
|2462>   lmax f
|2463>   s 2
|2464>    1      0.860000       9.191690  2
|2465>    2      0.172000       0.008301  2
|2466>   p 2
|2467>    1      0.860000      17.997720  2
|2468>    2      0.172000      -0.032600  2
|2469>   d 2
|2470>    1      1.600000      -9.504310  2
|2471>    2      0.320000      -0.151370  2
|2472>   f 1
|2473>    1      1.000000000    0.000000000 2
|2474> end
|2475>   end
|2476> endd                         ****END OF INPUT****
================================================================================
----------------
TOTAL SCF ENERGY
----------------

Total Energy       :       -32796.56531489 Eh         -892439.91299 eV

Components:
Nuclear Repulsion  :        49079.13660615 Eh         1335511.20313 eV
Electronic Energy  :       -81875.70192104 Eh        -2227951.11612 eV
One Electron Energy:      -148084.79807233 Eh        -4029592.21606 eV
Two Electron Energy:        66209.09615129 Eh         1801641.09994 eV
Max COSX asymmetry :            0.00086797 Eh               0.02362 eV

Warning: maximum COSX asymmetry larger than 0.0005 Eh!
Please consider increasing the grid.

Virial components:
Potential Energy   :       -57734.28778683 Eh        -1571029.84029 eV
Kinetic Energy     :        24937.72247193 Eh          678589.92731 eV
Virial Ratio       :            2.31513876

--------------------Output has been truncated-------------------------


--------------------Output has been truncated-------------------------


--------------------Output has been truncated-------------------------


--------------------Output has been truncated-------------------------


--------------------Output has been truncated-------------------------


--------------------Output has been truncated-------------------------


--------------------Output has been truncated-------------------------


--------------------Output has been truncated-------------------------


--------------------Output has been truncated-------------------------


--------------------Output has been truncated-------------------------


-----------------------------------------------
 RI-MP2 CORRELATION ENERGY:    -18.151088102 Eh
-----------------------------------------------
---------------------------------------
MP2 TOTAL ENERGY:   -32814.716402996 Eh
---------------------------------------

Maximum memory used throughout the entire MP2-calculation: 16949.1 MB

-------------------------   --------------------
FINAL SINGLE POINT ENERGY    -32814.716402996295
-------------------------   --------------------
TOTAL RUN TIME: 1 days 22 hours 10 minutes 53 seconds 213 msec
