 **********************************************************************
                          MRCC program system
 **********************************************************************
 
                              Written by
     Mihaly Kallay, Peter R. Nagy, David Mester, Laszlo Gyevi-Nagy,
        Jozsef Csoka, P. Bernat Szabo, Zoltan Rolik, Gyula Samu,
     Jozsef Csontos, Bence Hegely, Adam Ganyecz, Istvan Ladjanszki,
       Lorant Szegedy, Bence Ladoczki, Klara Petrov, Mate Farkas,
                    Pal D. Mezei, and Reka A. Horvath
 
        Department of Physical Chemistry and Materials Science
            Budapest University of Technology and Economics
                  Budapest P.O.Box 91, H-1521 Hungary
 
                              www.mrcc.hu
 
                     Release date: August 28, 2023

 ************************ 2024-11-25 16:08:47 *************************
 Executing minp...

 Reading input from MINP...
 
 Input file:
 
calc=LNO-CCSD(T)
scftype=rhf
verbosity=3
mem=200000MB
symm=off
unit=angs
scfiguess=small
scfmaxit=1000
scfalg=locfit1
bpedo=0.99999
ccmaxit=400
usedisk=0
ccsdalg=dfdirect
ccsdthreads=4
ccsdmkl=thr
ptthreads=4
lcorthr=tight
basis_sm=special
def2-SVP
def2-SVP
def2-SVP
def2-SVP
def2-SVP
def2-SVP
def2-SVP
def2-SVP
def2-SVP
def2-SVP
def2-SVP
def2-SVP
def2-SVP
def2-SVP
def2-SVP
def2-SVP
def2-SVP
def2-SVP
def2-SVP
def2-SVP
def2-SVP
def2-SVP
def2-SVP
def2-SVP
no-basis-set
no-basis-set
no-basis-set
no-basis-set
no-basis-set
no-basis-set
no-basis-set
no-basis-set
no-basis-set
no-basis-set
no-basis-set
no-basis-set
no-basis-set
no-basis-set
no-basis-set
no-basis-set
no-basis-set
no-basis-set
no-basis-set
no-basis-set
no-basis-set
no-basis-set
no-basis-set
no-basis-set
no-basis-set
no-basis-set
no-basis-set
no-basis-set
no-basis-set
no-basis-set
no-basis-set
no-basis-set
no-basis-set
no-basis-set
no-basis-set
no-basis-set
no-basis-set
no-basis-set
no-basis-set
no-basis-set
no-basis-set
no-basis-set
no-basis-set
no-basis-set
no-basis-set
no-basis-set
no-basis-set
no-basis-set
no-basis-set
no-basis-set
no-basis-set
no-basis-set
no-basis-set
no-basis-set
no-basis-set
no-basis-set
no-basis-set
no-basis-set
no-basis-set
no-basis-set
no-basis-set
no-basis-set
no-basis-set
no-basis-set
no-basis-set
no-basis-set
no-basis-set
no-basis-set
no-basis-set
no-basis-set
no-basis-set
no-basis-set
no-basis-set
no-basis-set
no-basis-set
no-basis-set
no-basis-set
no-basis-set
no-basis-set
no-basis-set
no-basis-set
no-basis-set
no-basis-set
no-basis-set
no-basis-set
no-basis-set
no-basis-set
no-basis-set
no-basis-set
no-basis-set
no-basis-set
no-basis-set
no-basis-set
no-basis-set
no-basis-set
no-basis-set
no-basis-set


basis=special
aug-cc-pVDZ
aug-cc-pVDZ
cc-pVDZ
aug-cc-pVDZ
aug-cc-pVDZ
aug-cc-pVDZ
aug-cc-pVDZ
aug-cc-pVDZ
cc-pVDZ
cc-pVDZ
cc-pVDZ
cc-pVDZ
aug-cc-pVDZ
aug-cc-pVDZ
aug-cc-pVDZ
aug-cc-pVDZ
aug-cc-pVDZ
aug-cc-pVDZ
aug-cc-pVDZ
aug-cc-pVDZ
aug-cc-pVDZ
aug-cc-pVDZ
aug-cc-pVDZ
aug-cc-pVDZ
no-basis-set
no-basis-set
no-basis-set
no-basis-set
no-basis-set
no-basis-set
no-basis-set
no-basis-set
no-basis-set
no-basis-set
no-basis-set
no-basis-set
no-basis-set
no-basis-set
no-basis-set
no-basis-set
no-basis-set
no-basis-set
no-basis-set
no-basis-set
no-basis-set
no-basis-set
no-basis-set
no-basis-set
no-basis-set
no-basis-set
no-basis-set
no-basis-set
no-basis-set
no-basis-set
no-basis-set
no-basis-set
no-basis-set
no-basis-set
no-basis-set
no-basis-set
no-basis-set
no-basis-set
no-basis-set
no-basis-set
no-basis-set
no-basis-set
no-basis-set
no-basis-set
no-basis-set
no-basis-set
no-basis-set
no-basis-set
no-basis-set
no-basis-set
no-basis-set
no-basis-set
no-basis-set
no-basis-set
no-basis-set
no-basis-set
no-basis-set
no-basis-set
no-basis-set
no-basis-set
no-basis-set
no-basis-set
no-basis-set
no-basis-set
no-basis-set
no-basis-set
no-basis-set
no-basis-set
no-basis-set
no-basis-set
no-basis-set
no-basis-set
no-basis-set
no-basis-set
no-basis-set
no-basis-set
no-basis-set
no-basis-set
no-basis-set
no-basis-set
no-basis-set
no-basis-set
no-basis-set
no-basis-set
no-basis-set
no-basis-set
no-basis-set
no-basis-set
no-basis-set
no-basis-set
no-basis-set
no-basis-set
no-basis-set
no-basis-set
no-basis-set
no-basis-set
no-basis-set


dfbasis_scf=special
def2-QZVPP-RI-JK
def2-QZVPP-RI-JK
def2-QZVPP-RI-JK
def2-QZVPP-RI-JK
def2-QZVPP-RI-JK
def2-QZVPP-RI-JK
def2-QZVPP-RI-JK
def2-QZVPP-RI-JK
def2-QZVPP-RI-JK
def2-QZVPP-RI-JK
def2-QZVPP-RI-JK
def2-QZVPP-RI-JK
def2-QZVPP-RI-JK
def2-QZVPP-RI-JK
def2-QZVPP-RI-JK
def2-QZVPP-RI-JK
def2-QZVPP-RI-JK
def2-QZVPP-RI-JK
def2-QZVPP-RI-JK
def2-QZVPP-RI-JK
def2-QZVPP-RI-JK
def2-QZVPP-RI-JK
def2-QZVPP-RI-JK
def2-QZVPP-RI-JK
no-basis-set
no-basis-set
no-basis-set
no-basis-set
no-basis-set
no-basis-set
no-basis-set
no-basis-set
no-basis-set
no-basis-set
no-basis-set
no-basis-set
no-basis-set
no-basis-set
no-basis-set
no-basis-set
no-basis-set
no-basis-set
no-basis-set
no-basis-set
no-basis-set
no-basis-set
no-basis-set
no-basis-set
no-basis-set
no-basis-set
no-basis-set
no-basis-set
no-basis-set
no-basis-set
no-basis-set
no-basis-set
no-basis-set
no-basis-set
no-basis-set
no-basis-set
no-basis-set
no-basis-set
no-basis-set
no-basis-set
no-basis-set
no-basis-set
no-basis-set
no-basis-set
no-basis-set
no-basis-set
no-basis-set
no-basis-set
no-basis-set
no-basis-set
no-basis-set
no-basis-set
no-basis-set
no-basis-set
no-basis-set
no-basis-set
no-basis-set
no-basis-set
no-basis-set
no-basis-set
no-basis-set
no-basis-set
no-basis-set
no-basis-set
no-basis-set
no-basis-set
no-basis-set
no-basis-set
no-basis-set
no-basis-set
no-basis-set
no-basis-set
no-basis-set
no-basis-set
no-basis-set
no-basis-set
no-basis-set
no-basis-set
no-basis-set
no-basis-set
no-basis-set
no-basis-set
no-basis-set
no-basis-set
no-basis-set
no-basis-set
no-basis-set
no-basis-set
no-basis-set
no-basis-set
no-basis-set
no-basis-set
no-basis-set
no-basis-set
no-basis-set
no-basis-set
no-basis-set


dfbasis_cor=special
aug-cc-pVDZ-RI
aug-cc-pVDZ-RI
cc-pVDZ-RI
aug-cc-pVDZ-RI
aug-cc-pVDZ-RI
aug-cc-pVDZ-RI
aug-cc-pVDZ-RI
aug-cc-pVDZ-RI
cc-pVDZ-RI
cc-pVDZ-RI
cc-pVDZ-RI
cc-pVDZ-RI
aug-cc-pVDZ-RI
aug-cc-pVDZ-RI
aug-cc-pVDZ-RI
aug-cc-pVDZ-RI
aug-cc-pVDZ-RI
aug-cc-pVDZ-RI
aug-cc-pVDZ-RI
aug-cc-pVDZ-RI
aug-cc-pVDZ-RI
aug-cc-pVDZ-RI
aug-cc-pVDZ-RI
aug-cc-pVDZ-RI
no-basis-set
no-basis-set
no-basis-set
no-basis-set
no-basis-set
no-basis-set
no-basis-set
no-basis-set
no-basis-set
no-basis-set
no-basis-set
no-basis-set
no-basis-set
no-basis-set
no-basis-set
no-basis-set
no-basis-set
no-basis-set
no-basis-set
no-basis-set
no-basis-set
no-basis-set
no-basis-set
no-basis-set
no-basis-set
no-basis-set
no-basis-set
no-basis-set
no-basis-set
no-basis-set
no-basis-set
no-basis-set
no-basis-set
no-basis-set
no-basis-set
no-basis-set
no-basis-set
no-basis-set
no-basis-set
no-basis-set
no-basis-set
no-basis-set
no-basis-set
no-basis-set
no-basis-set
no-basis-set
no-basis-set
no-basis-set
no-basis-set
no-basis-set
no-basis-set
no-basis-set
no-basis-set
no-basis-set
no-basis-set
no-basis-set
no-basis-set
no-basis-set
no-basis-set
no-basis-set
no-basis-set
no-basis-set
no-basis-set
no-basis-set
no-basis-set
no-basis-set
no-basis-set
no-basis-set
no-basis-set
no-basis-set
no-basis-set
no-basis-set
no-basis-set
no-basis-set
no-basis-set
no-basis-set
no-basis-set
no-basis-set
no-basis-set
no-basis-set
no-basis-set
no-basis-set
no-basis-set
no-basis-set
no-basis-set
no-basis-set
no-basis-set
no-basis-set
no-basis-set
no-basis-set
no-basis-set
no-basis-set
no-basis-set
no-basis-set
no-basis-set
no-basis-set
no-basis-set


ecp=special
none
none
none
none
none
none
none
none
none
none
none
none
none
none
none
none
none
none
none
none
none
none
none
none
capECP
capECP
capECP
capECP
capECP
capECP
capECP
capECP
capECP
capECP
capECP
capECP
capECP
capECP
capECP
capECP
capECP
capECP
capECP
capECP
capECP
capECP
capECP
capECP
capECP
capECP
capECP
capECP
capECP
capECP
capECP
capECP
capECP
capECP
capECP
capECP
capECP
capECP
capECP
capECP
capECP
capECP
capECP
capECP
capECP
capECP
capECP
capECP
capECP
capECP
capECP
capECP
capECP
capECP
capECP
capECP
capECP
capECP
capECP
capECP
capECP
capECP
capECP
capECP
capECP
capECP
capECP
capECP
capECP
capECP
capECP
capECP
capECP
capECP
capECP
capECP
capECP
capECP
capECP
capECP
capECP
capECP
capECP
capECP
capECP
capECP
capECP
capECP
capECP
capECP
capECP
capECP
capECP
capECP
capECP
capECP
capECP

charge=-24
mult=1
core=42
geom=xyz
121

C                       0.00000000000    0.00000000000    2.44102235837
O                       0.00000000000    0.00000000000    3.58784217303
Mg                      0.00000000000    0.00000000000    0.00000000000
O                      -2.12018425659    0.00000000000    0.00567209089
O                       0.00000000000    2.12018425659    0.00567209089
O                       2.12018425659    0.00000000000    0.00567209089
O                       0.00000000000   -2.12018425659    0.00567209089
O                       0.00000000000    0.00000000000   -2.14129966123
Mg                     -2.11144262254    2.11144262254   -0.04367284424
Mg                      2.11144262254    2.11144262254   -0.04367284424
Mg                      2.11144262254   -2.11144262254   -0.04367284424
Mg                     -2.11144262254   -2.11144262254   -0.04367284424
O                      -2.11070451449    2.11070451449   -2.14923989662
O                       2.11070451449    2.11070451449   -2.14923989662
O                       2.11070451449   -2.11070451449   -2.14923989662
O                      -2.11070451449   -2.11070451449   -2.14923989662
O                      -4.22049352791    2.11209139723    0.00772802266
O                      -2.11209139723    4.22049352791    0.00772802266
O                       2.11209139723    4.22049352791    0.00772802266
O                       4.22049352791    2.11209139723    0.00772802266
O                       4.22049352791   -2.11209139723    0.00772802266
O                       2.11209139723   -4.22049352791    0.00772802266
O                      -2.11209139723   -4.22049352791    0.00772802266
O                      -4.22049352791   -2.11209139723    0.00772802266
Mg                     -2.10705287155    0.00000000000   -2.14155206950
Mg                      0.00000000000    2.10705287155   -2.14155206950
Mg                      2.10705287155    0.00000000000   -2.14155206950
Mg                      0.00000000000   -2.10705287155   -2.14155206950
Mg                     -4.22049352791    0.00000000000   -0.04269731856
Mg                      0.00000000000    4.22049352791   -0.04269731856
Mg                      4.22049352791    0.00000000000   -0.04269731856
Mg                      0.00000000000   -4.22049352791   -0.04269731856
Mg                      0.00000000000    0.00000000000   -4.26789528527
Mg                     -4.22049352791    2.10973412517   -2.14445912302
Mg                     -2.10973412517    4.22049352791   -2.14445912302
Mg                      2.10973412517    4.22049352791   -2.14445912302
Mg                      4.22049352791    2.10973412517   -2.14445912302
Mg                      4.22049352791   -2.10973412517   -2.14445912302
Mg                      2.10973412517   -4.22049352791   -2.14445912302
Mg                     -2.10973412517   -4.22049352791   -2.14445912302
Mg                     -4.22049352791   -2.10973412517   -2.14445912302
Mg                     -2.11024676395    2.11024676395   -4.26789528527
Mg                      2.11024676395    2.11024676395   -4.26789528527
Mg                      2.11024676395   -2.11024676395   -4.26789528527
Mg                     -2.11024676395   -2.11024676395   -4.26789528527
Mg                     -4.22049352791    4.22049352791   -0.03992370948
Mg                      4.22049352791    4.22049352791   -0.03992370948
Mg                      4.22049352791   -4.22049352791   -0.03992370948
Mg                     -4.22049352791   -4.22049352791   -0.03992370948
Mg                     -4.22049352791    0.00000000000   -4.26789528527
Mg                      0.00000000000    4.22049352791   -4.26789528527
Mg                      4.22049352791    0.00000000000   -4.26789528527
Mg                      0.00000000000   -4.22049352791   -4.26789528527
Mg                     -6.32954443328    2.11144262254   -0.04367284424
Mg                     -2.11144262254    6.32954443328   -0.04367284424
Mg                      2.11144262254    6.32954443328   -0.04367284424
Mg                      6.32954443328    2.11144262254   -0.04367284424
Mg                      6.32954443328   -2.11144262254   -0.04367284424
Mg                      2.11144262254   -6.32954443328   -0.04367284424
Mg                     -2.11144262254   -6.32954443328   -0.04367284424
Mg                     -6.32954443328   -2.11144262254   -0.04367284424
Mg                     -6.33393418427    0.00000000000   -2.14155206950
Mg                      0.00000000000    6.33393418427   -2.14155206950
Mg                      6.33393418427    0.00000000000   -2.14155206950
Mg                      0.00000000000   -6.33393418427   -2.14155206950
Mg                     -2.11024676395    0.00000000000   -6.37814204923
Mg                      0.00000000000    2.11024676395   -6.37814204923
Mg                      2.11024676395    0.00000000000   -6.37814204923
Mg                      0.00000000000   -2.11024676395   -6.37814204923
Mg                     -4.22049352791    4.22049352791   -4.26789528527
Mg                      4.22049352791    4.22049352791   -4.26789528527
Mg                      4.22049352791   -4.22049352791   -4.26789528527
Mg                     -4.22049352791   -4.22049352791   -4.26789528527
Mg                     -6.33125293065    4.22049352791   -2.14445912302
Mg                     -4.22049352791    6.33125293065   -2.14445912302
Mg                      4.22049352791    6.33125293065   -2.14445912302
Mg                      6.33125293065    4.22049352791   -2.14445912302
Mg                      6.33125293065   -4.22049352791   -2.14445912302
Mg                      4.22049352791   -6.33125293065   -2.14445912302
Mg                     -4.22049352791   -6.33125293065   -2.14445912302
Mg                     -6.33125293065   -4.22049352791   -2.14445912302
Mg                     -6.33074029186    2.11024676395   -4.26789528527
Mg                     -2.11024676395    6.33074029186   -4.26789528527
Mg                      2.11024676395    6.33074029186   -4.26789528527
Mg                      6.33074029186    2.11024676395   -4.26789528527
Mg                      6.33074029186   -2.11024676395   -4.26789528527
Mg                      2.11024676395   -6.33074029186   -4.26789528527
Mg                     -2.11024676395   -6.33074029186   -4.26789528527
Mg                     -6.33074029186   -2.11024676395   -4.26789528527
Mg                     -4.22049352791    2.11024676395   -6.37814204923
Mg                     -2.11024676395    4.22049352791   -6.37814204923
Mg                      2.11024676395    4.22049352791   -6.37814204923
Mg                      4.22049352791    2.11024676395   -6.37814204923
Mg                      4.22049352791   -2.11024676395   -6.37814204923
Mg                      2.11024676395   -4.22049352791   -6.37814204923
Mg                     -2.11024676395   -4.22049352791   -6.37814204923
Mg                     -4.22049352791   -2.11024676395   -6.37814204923
Mg                     -8.44098705582    0.00000000000    0.00000000000
Mg                      0.00000000000    8.44098705582    0.00000000000
Mg                      8.44098705582    0.00000000000    0.00000000000
Mg                      0.00000000000   -8.44098705582    0.00000000000
Mg                     -6.32954443328    6.32954443328   -0.04367284424
Mg                      6.32954443328    6.32954443328   -0.04367284424
Mg                      6.32954443328   -6.32954443328   -0.04367284424
Mg                     -6.32954443328   -6.32954443328   -0.04367284424
Mg                     -8.44098705582    2.10705287155   -2.14155206950
Mg                     -2.10705287155    8.44098705582   -2.14155206950
Mg                      2.10705287155    8.44098705582   -2.14155206950
Mg                      8.44098705582    2.10705287155   -2.14155206950
Mg                      8.44098705582   -2.10705287155   -2.14155206950
Mg                      2.10705287155   -8.44098705582   -2.14155206950
Mg                     -2.10705287155   -8.44098705582   -2.14155206950
Mg                     -8.44098705582   -2.10705287155   -2.14155206950
Mg                     -8.44098705582    4.22049352791   -0.04269731856
Mg                     -4.22049352791    8.44098705582   -0.04269731856
Mg                      4.22049352791    8.44098705582   -0.04269731856
Mg                      8.44098705582    4.22049352791   -0.04269731856
Mg                      8.44098705582   -4.22049352791   -0.04269731856
Mg                      4.22049352791   -8.44098705582   -0.04269731856
Mg                     -4.22049352791   -8.44098705582   -0.04269731856
Mg                     -8.44098705582   -4.22049352791   -0.04269731856

ghost=serialno
1,2

qmmm=Amber
pointcharges
10169
    -2.10705287155    0.00000000000   -2.14155206950    2.00000000000
     0.00000000000    2.10705287155   -2.14155206950    2.00000000000
     2.10705287155    0.00000000000   -2.14155206950    2.00000000000
     0.00000000000   -2.10705287155   -2.14155206950    2.00000000000
--------------------Output has been truncated-------------------------


--------------------Output has been truncated-------------------------


--------------------Output has been truncated-------------------------


--------------------Output has been truncated-------------------------


--------------------Output has been truncated-------------------------


--------------------Output has been truncated-------------------------


--------------------Output has been truncated-------------------------


--------------------Output has been truncated-------------------------


--------------------Output has been truncated-------------------------


--------------------Output has been truncated-------------------------


 
 Final local CC results:
 
 Minimum number of correlated electrons:        38       ( 27.9%)
 Maximum number of correlated electrons:        74       ( 54.4%)
 Average number of correlated electrons:        51.1     ( 37.6%)
 Minimum number of correlated orbitals:         79       ( 16.3%)
 Maximum number of correlated orbitals:        150       ( 30.9%)
 Average number of correlated orbitals:        104.8     ( 21.6%)
 
 CPU time for integral calculations [min]:                  1.421
 Wall time for integral calculations [min]:                 0.850
 
 CPU time for SCF calculation [min]:                       22.506
 Wall time for SCF calculation [min]:                       2.850
 
 CPU time for orbital localization [min]:                   0.086
 Wall time for orbital localization [min]:                  0.039
 
 CPU time for integral transformations [min]:             115.302
 Wall time for integral transformations [min]:             19.323
 
 Reference energy [au]:                                -11578.037914482633
 
 LMP2 correlation energy [au]:                             -3.869318519807
 Total LMP2 energy [au]:                               -11581.907233002439
 
 Total MP2 correction for dropped NAFs [au]:                0.001783544520
 Total MP2 correction [au]:                                -0.005788769494
 
 CPU time for CCSD calculations [min]:                    127.481
 Total CPU time for CCSD [min]:                           266.796
 Wall time for CCSD calculations [min]:                    17.949
 Total wall time for CCSD [min]:                           41.010
 
 CCSD correlation energy [au]:                             -3.880273515960
 Total CCSD energy [au]:                               -11581.918187998592
 CCSD correlation energy + 0.5 MP2 corrections [au]:       -3.883167900706
 Total LNO-CCSD energy with MP2 corrections [au]:      -11581.921082383340
 
 CPU time for (T) corrections [min]:                      141.165
 Total CPU time for CCSD(T) [min]:                        407.961
 Wall time for (T) corrections [min]:                      18.146
 Total wall time for CCSD(T) [min]:                        59.156
 
 Total (T) correlation energy contribution [au]:           -0.105817199296
 Total (T) correlation energy+0.5 MP2 correction [au]:     -0.108711584043
 CCSD(T) correlation energy [au]:                          -3.986090715256
 Total CCSD(T) energy [au]:                            -11582.024005197889
 CCSD(T) correlation energy + MP2 corrections [au]:        -3.991879484749
 Total LNO-CCSD(T) energy with MP2 corrections [au]:   -11582.029793967382
 
 ======================================================================
 ======================================================================
 
 ************************ 2024-11-25 17:09:31 *************************
                      Normal termination of mrcc.
 **********************************************************************
