================================================================================
                                       INPUT FILE
================================================================================
NAME = orca.inp
|  1> ! NormalSCF HF RIJCOSX SlowConv DIIS 
|  2> %pal nprocs 8 end
|  3> %maxcore 25000
|  4> %pointcharges "orca.pc"
|  5> %method
|  6> Method hf
|  7> RI on
|  8> RunTyp Energy
|  9> NewNCore C 2 end
| 10> NewNCore Mg 10 end
| 11> NewNCore O 2 end
| 12> end
| 13> %basis
| 14> Basis "def2-SVP"
| 15> Aux "def2/J"
| 16> AuxC "def2-SVP/C"
| 17> end
| 18> %scf
| 19> HFTyp rhf
| 20> AutoStart false
| 21> Guess Hueckel
| 22> SCFMode Direct
| 23> sthresh 1e-6
| 24> AutoTRAHIter 60
| 25> MaxIter 1000
| 26> end
| 27> %coords
| 28> CTyp xyz
| 29> Mult 1
| 30> Units angs
| 31> Charge -24
| 32> coords
| 33> C:                      0.00000000000    0.00000000000    2.44102235837
| 34> O:                      0.00000000000    0.00000000000    3.58784217303
| 35> Mg                      0.00000000000    0.00000000000    0.00000000000
| 36> O                      -2.12018425659    0.00000000000    0.00567209089
| 37> O                       0.00000000000    2.12018425659    0.00567209089
| 38> O                       2.12018425659    0.00000000000    0.00567209089
| 39> O                       0.00000000000   -2.12018425659    0.00567209089
| 40> O                       0.00000000000    0.00000000000   -2.14129966123
| 41> Mg                     -2.11144262254    2.11144262254   -0.04367284424
| 42> Mg                      2.11144262254    2.11144262254   -0.04367284424
| 43> Mg                      2.11144262254   -2.11144262254   -0.04367284424
| 44> Mg                     -2.11144262254   -2.11144262254   -0.04367284424
| 45> O                      -2.11070451449    2.11070451449   -2.14923989662
| 46> O                       2.11070451449    2.11070451449   -2.14923989662
| 47> O                       2.11070451449   -2.11070451449   -2.14923989662
| 48> O                      -2.11070451449   -2.11070451449   -2.14923989662
| 49> O                      -4.22049352791    2.11209139723    0.00772802266
| 50> O                      -2.11209139723    4.22049352791    0.00772802266
| 51> O                       2.11209139723    4.22049352791    0.00772802266
| 52> O                       4.22049352791    2.11209139723    0.00772802266
| 53> O                       4.22049352791   -2.11209139723    0.00772802266
| 54> O                       2.11209139723   -4.22049352791    0.00772802266
| 55> O                      -2.11209139723   -4.22049352791    0.00772802266
| 56> O                      -4.22049352791   -2.11209139723    0.00772802266
| 57> Mg>    2.00000000000   -2.10705287155    0.00000000000   -2.14155206950
| 58> NewECP
| 59> N_core 0
| 60> lmax f
| 61> s 1
| 62> 1      1.732000000   14.676000000 2
| 63> p 1
| 64> 1      1.115000000    5.175700000 2
| 65> d 1
| 66> 1      1.203000000   -1.816000000 2
| 67> f 1
| 68> 1      1.000000000    0.000000000 2
| 69> end
| 70> Mg>    2.00000000000    0.00000000000    2.10705287155   -2.14155206950
| 71> NewECP
| 72> N_core 0
| 73> lmax f
| 74> s 1
| 75> 1      1.732000000   14.676000000 2
| 76> p 1
| 77> 1      1.115000000    5.175700000 2
| 78> d 1
| 79> 1      1.203000000   -1.816000000 2
| 80> f 1
| 81> 1      1.000000000    0.000000000 2
| 82> end
| 83> Mg>    2.00000000000    2.10705287155    0.00000000000   -2.14155206950
| 84> NewECP
| 85> N_core 0
| 86> lmax f
| 87> s 1
| 88> 1      1.732000000   14.676000000 2
| 89> p 1
| 90> 1      1.115000000    5.175700000 2
| 91> d 1
| 92> 1      1.203000000   -1.816000000 2
| 93> f 1
| 94> 1      1.000000000    0.000000000 2
| 95> end
| 96> Mg>    2.00000000000    0.00000000000   -2.10705287155   -2.14155206950
| 97> NewECP
| 98> N_core 0
| 99> lmax f
|100> s 1
|101> 1      1.732000000   14.676000000 2
|102> p 1
|103> 1      1.115000000    5.175700000 2
|104> d 1
|105> 1      1.203000000   -1.816000000 2
|106> f 1
|107> 1      1.000000000    0.000000000 2
|108> end
|109> Mg>    2.00000000000   -4.22049352791    0.00000000000   -0.04269731856
|110> NewECP
|111> N_core 0
|112> lmax f
|113> s 1
|114> 1      1.732000000   14.676000000 2
|115> p 1
|116> 1      1.115000000    5.175700000 2
|117> d 1
|118> 1      1.203000000   -1.816000000 2
|119> f 1
|120> 1      1.000000000    0.000000000 2
|121> end
|122> Mg>    2.00000000000    0.00000000000    4.22049352791   -0.04269731856
|123> NewECP
|124> N_core 0
|125> lmax f
|126> s 1
|127> 1      1.732000000   14.676000000 2
|128> p 1
|129> 1      1.115000000    5.175700000 2
|130> d 1
|131> 1      1.203000000   -1.816000000 2
|132> f 1
|133> 1      1.000000000    0.000000000 2
|134> end
|135> Mg>    2.00000000000    4.22049352791    0.00000000000   -0.04269731856
|136> NewECP
|137> N_core 0
|138> lmax f
|139> s 1
|140> 1      1.732000000   14.676000000 2
|141> p 1
|142> 1      1.115000000    5.175700000 2
|143> d 1
|144> 1      1.203000000   -1.816000000 2
|145> f 1
|146> 1      1.000000000    0.000000000 2
|147> end
|148> Mg>    2.00000000000    0.00000000000   -4.22049352791   -0.04269731856
|149> NewECP
|150> N_core 0
|151> lmax f
|152> s 1
|153> 1      1.732000000   14.676000000 2
|154> p 1
|155> 1      1.115000000    5.175700000 2
|156> d 1
|157> 1      1.203000000   -1.816000000 2
|158> f 1
|159> 1      1.000000000    0.000000000 2
|160> end
|161> Mg>    2.00000000000    0.00000000000    0.00000000000   -4.26789528527
|162> NewECP
|163> N_core 0
|164> lmax f
|165> s 1
|166> 1      1.732000000   14.676000000 2
|167> p 1
|168> 1      1.115000000    5.175700000 2
|169> d 1
|170> 1      1.203000000   -1.816000000 2
|171> f 1
|172> 1      1.000000000    0.000000000 2
|173> end
|174> Mg>    2.00000000000   -4.22049352791    2.10973412517   -2.14445912302
|175> NewECP
|176> N_core 0
|177> lmax f
|178> s 1
|179> 1      1.732000000   14.676000000 2
|180> p 1
|181> 1      1.115000000    5.175700000 2
|182> d 1
|183> 1      1.203000000   -1.816000000 2
|184> f 1
|185> 1      1.000000000    0.000000000 2
|186> end
|187> Mg>    2.00000000000   -2.10973412517    4.22049352791   -2.14445912302
|188> NewECP
|189> N_core 0
|190> lmax f
|191> s 1
|192> 1      1.732000000   14.676000000 2
|193> p 1
|194> 1      1.115000000    5.175700000 2
|195> d 1
|196> 1      1.203000000   -1.816000000 2
|197> f 1
|198> 1      1.000000000    0.000000000 2
|199> end
|200> Mg>    2.00000000000    2.10973412517    4.22049352791   -2.14445912302
|201> NewECP
|202> N_core 0
|203> lmax f
|204> s 1
|205> 1      1.732000000   14.676000000 2
|206> p 1
|207> 1      1.115000000    5.175700000 2
|208> d 1
|209> 1      1.203000000   -1.816000000 2
|210> f 1
|211> 1      1.000000000    0.000000000 2
|212> end
|213> Mg>    2.00000000000    4.22049352791    2.10973412517   -2.14445912302
|214> NewECP
|215> N_core 0
|216> lmax f
|217> s 1
|218> 1      1.732000000   14.676000000 2
|219> p 1
|220> 1      1.115000000    5.175700000 2
|221> d 1
|222> 1      1.203000000   -1.816000000 2
|223> f 1
|224> 1      1.000000000    0.000000000 2
|225> end
|226> Mg>    2.00000000000    4.22049352791   -2.10973412517   -2.14445912302
|227> NewECP
|228> N_core 0
|229> lmax f
|230> s 1
|231> 1      1.732000000   14.676000000 2
|232> p 1
|233> 1      1.115000000    5.175700000 2
|234> d 1
|235> 1      1.203000000   -1.816000000 2
|236> f 1
|237> 1      1.000000000    0.000000000 2
|238> end
|239> Mg>    2.00000000000    2.10973412517   -4.22049352791   -2.14445912302
|240> NewECP
|241> N_core 0
|242> lmax f
|243> s 1
|244> 1      1.732000000   14.676000000 2
|245> p 1
|246> 1      1.115000000    5.175700000 2
|247> d 1
|248> 1      1.203000000   -1.816000000 2
|249> f 1
|250> 1      1.000000000    0.000000000 2
|251> end
|252> Mg>    2.00000000000   -2.10973412517   -4.22049352791   -2.14445912302
|253> NewECP
|254> N_core 0
|255> lmax f
|256> s 1
|257> 1      1.732000000   14.676000000 2
|258> p 1
|259> 1      1.115000000    5.175700000 2
|260> d 1
|261> 1      1.203000000   -1.816000000 2
|262> f 1
|263> 1      1.000000000    0.000000000 2
|264> end
|265> Mg>    2.00000000000   -4.22049352791   -2.10973412517   -2.14445912302
|266> NewECP
|267> N_core 0
|268> lmax f
|269> s 1
|270> 1      1.732000000   14.676000000 2
|271> p 1
|272> 1      1.115000000    5.175700000 2
|273> d 1
|274> 1      1.203000000   -1.816000000 2
|275> f 1
|276> 1      1.000000000    0.000000000 2
|277> end
|278> Mg>    2.00000000000   -2.11024676395    2.11024676395   -4.26789528527
|279> NewECP
|280> N_core 0
|281> lmax f
|282> s 1
|283> 1      1.732000000   14.676000000 2
|284> p 1
|285> 1      1.115000000    5.175700000 2
|286> d 1
|287> 1      1.203000000   -1.816000000 2
|288> f 1
|289> 1      1.000000000    0.000000000 2
|290> end
|291> Mg>    2.00000000000    2.11024676395    2.11024676395   -4.26789528527
|292> NewECP
|293> N_core 0
|294> lmax f
|295> s 1
|296> 1      1.732000000   14.676000000 2
|297> p 1
|298> 1      1.115000000    5.175700000 2
|299> d 1
|300> 1      1.203000000   -1.816000000 2
|301> f 1
|302> 1      1.000000000    0.000000000 2
|303> end
|304> Mg>    2.00000000000    2.11024676395   -2.11024676395   -4.26789528527
|305> NewECP
|306> N_core 0
|307> lmax f
|308> s 1
|309> 1      1.732000000   14.676000000 2
|310> p 1
|311> 1      1.115000000    5.175700000 2
|312> d 1
|313> 1      1.203000000   -1.816000000 2
|314> f 1
|315> 1      1.000000000    0.000000000 2
|316> end
|317> Mg>    2.00000000000   -2.11024676395   -2.11024676395   -4.26789528527
|318> NewECP
|319> N_core 0
|320> lmax f
|321> s 1
|322> 1      1.732000000   14.676000000 2
|323> p 1
|324> 1      1.115000000    5.175700000 2
|325> d 1
|326> 1      1.203000000   -1.816000000 2
|327> f 1
|328> 1      1.000000000    0.000000000 2
|329> end
|330> Mg>    2.00000000000   -4.22049352791    4.22049352791   -0.03992370948
|331> NewECP
|332> N_core 0
|333> lmax f
|334> s 1
|335> 1      1.732000000   14.676000000 2
|336> p 1
|337> 1      1.115000000    5.175700000 2
|338> d 1
|339> 1      1.203000000   -1.816000000 2
|340> f 1
|341> 1      1.000000000    0.000000000 2
|342> end
|343> Mg>    2.00000000000    4.22049352791    4.22049352791   -0.03992370948
|344> NewECP
|345> N_core 0
|346> lmax f
|347> s 1
|348> 1      1.732000000   14.676000000 2
|349> p 1
|350> 1      1.115000000    5.175700000 2
|351> d 1
|352> 1      1.203000000   -1.816000000 2
|353> f 1
|354> 1      1.000000000    0.000000000 2
|355> end
|356> Mg>    2.00000000000    4.22049352791   -4.22049352791   -0.03992370948
|357> NewECP
|358> N_core 0
|359> lmax f
|360> s 1
|361> 1      1.732000000   14.676000000 2
|362> p 1
|363> 1      1.115000000    5.175700000 2
|364> d 1
|365> 1      1.203000000   -1.816000000 2
|366> f 1
|367> 1      1.000000000    0.000000000 2
|368> end
|369> Mg>    2.00000000000   -4.22049352791   -4.22049352791   -0.03992370948
|370> NewECP
|371> N_core 0
|372> lmax f
|373> s 1
|374> 1      1.732000000   14.676000000 2
|375> p 1
|376> 1      1.115000000    5.175700000 2
|377> d 1
|378> 1      1.203000000   -1.816000000 2
|379> f 1
|380> 1      1.000000000    0.000000000 2
|381> end
|382> Mg>    2.00000000000   -4.22049352791    0.00000000000   -4.26789528527
|383> NewECP
|384> N_core 0
|385> lmax f
|386> s 1
|387> 1      1.732000000   14.676000000 2
|388> p 1
|389> 1      1.115000000    5.175700000 2
|390> d 1
|391> 1      1.203000000   -1.816000000 2
|392> f 1
|393> 1      1.000000000    0.000000000 2
|394> end
|395> Mg>    2.00000000000    0.00000000000    4.22049352791   -4.26789528527
|396> NewECP
|397> N_core 0
|398> lmax f
|399> s 1
|400> 1      1.732000000   14.676000000 2
|401> p 1
|402> 1      1.115000000    5.175700000 2
|403> d 1
|404> 1      1.203000000   -1.816000000 2
|405> f 1
|406> 1      1.000000000    0.000000000 2
|407> end
|408> Mg>    2.00000000000    4.22049352791    0.00000000000   -4.26789528527
|409> NewECP
|410> N_core 0
|411> lmax f
|412> s 1
|413> 1      1.732000000   14.676000000 2
|414> p 1
|415> 1      1.115000000    5.175700000 2
|416> d 1
|417> 1      1.203000000   -1.816000000 2
|418> f 1
|419> 1      1.000000000    0.000000000 2
|420> end
|421> Mg>    2.00000000000    0.00000000000   -4.22049352791   -4.26789528527
|422> NewECP
|423> N_core 0
|424> lmax f
|425> s 1
|426> 1      1.732000000   14.676000000 2
|427> p 1
|428> 1      1.115000000    5.175700000 2
|429> d 1
|430> 1      1.203000000   -1.816000000 2
|431> f 1
|432> 1      1.000000000    0.000000000 2
|433> end
|434> Mg>    2.00000000000   -6.32954443328    2.11144262254   -0.04367284424
|435> NewECP
|436> N_core 0
|437> lmax f
|438> s 1
|439> 1      1.732000000   14.676000000 2
|440> p 1
|441> 1      1.115000000    5.175700000 2
|442> d 1
|443> 1      1.203000000   -1.816000000 2
|444> f 1
|445> 1      1.000000000    0.000000000 2
|446> end
|447> Mg>    2.00000000000   -2.11144262254    6.32954443328   -0.04367284424
|448> NewECP
|449> N_core 0
|450> lmax f
|451> s 1
|452> 1      1.732000000   14.676000000 2
|453> p 1
|454> 1      1.115000000    5.175700000 2
|455> d 1
|456> 1      1.203000000   -1.816000000 2
|457> f 1
|458> 1      1.000000000    0.000000000 2
|459> end
|460> Mg>    2.00000000000    2.11144262254    6.32954443328   -0.04367284424
|461> NewECP
|462> N_core 0
|463> lmax f
|464> s 1
|465> 1      1.732000000   14.676000000 2
|466> p 1
|467> 1      1.115000000    5.175700000 2
|468> d 1
|469> 1      1.203000000   -1.816000000 2
|470> f 1
|471> 1      1.000000000    0.000000000 2
|472> end
|473> Mg>    2.00000000000    6.32954443328    2.11144262254   -0.04367284424
|474> NewECP
|475> N_core 0
|476> lmax f
|477> s 1
|478> 1      1.732000000   14.676000000 2
|479> p 1
|480> 1      1.115000000    5.175700000 2
|481> d 1
|482> 1      1.203000000   -1.816000000 2
|483> f 1
|484> 1      1.000000000    0.000000000 2
|485> end
|486> Mg>    2.00000000000    6.32954443328   -2.11144262254   -0.04367284424
|487> NewECP
|488> N_core 0
|489> lmax f
|490> s 1
|491> 1      1.732000000   14.676000000 2
|492> p 1
|493> 1      1.115000000    5.175700000 2
|494> d 1
|495> 1      1.203000000   -1.816000000 2
|496> f 1
|497> 1      1.000000000    0.000000000 2
|498> end
|499> Mg>    2.00000000000    2.11144262254   -6.32954443328   -0.04367284424
|500> NewECP
|501> N_core 0
|502> lmax f
|503> s 1
|504> 1      1.732000000   14.676000000 2
|505> p 1
|506> 1      1.115000000    5.175700000 2
|507> d 1
|508> 1      1.203000000   -1.816000000 2
|509> f 1
|510> 1      1.000000000    0.000000000 2
|511> end
|512> Mg>    2.00000000000   -2.11144262254   -6.32954443328   -0.04367284424
|513> NewECP
|514> N_core 0
|515> lmax f
|516> s 1
|517> 1      1.732000000   14.676000000 2
|518> p 1
|519> 1      1.115000000    5.175700000 2
|520> d 1
|521> 1      1.203000000   -1.816000000 2
|522> f 1
|523> 1      1.000000000    0.000000000 2
|524> end
|525> Mg>    2.00000000000   -6.32954443328   -2.11144262254   -0.04367284424
|526> NewECP
|527> N_core 0
|528> lmax f
|529> s 1
|530> 1      1.732000000   14.676000000 2
|531> p 1
|532> 1      1.115000000    5.175700000 2
|533> d 1
|534> 1      1.203000000   -1.816000000 2
|535> f 1
|536> 1      1.000000000    0.000000000 2
|537> end
|538> Mg>    2.00000000000   -6.33393418427    0.00000000000   -2.14155206950
|539> NewECP
|540> N_core 0
|541> lmax f
|542> s 1
|543> 1      1.732000000   14.676000000 2
|544> p 1
|545> 1      1.115000000    5.175700000 2
|546> d 1
|547> 1      1.203000000   -1.816000000 2
|548> f 1
|549> 1      1.000000000    0.000000000 2
|550> end
|551> Mg>    2.00000000000    0.00000000000    6.33393418427   -2.14155206950
|552> NewECP
|553> N_core 0
|554> lmax f
|555> s 1
|556> 1      1.732000000   14.676000000 2
|557> p 1
|558> 1      1.115000000    5.175700000 2
|559> d 1
|560> 1      1.203000000   -1.816000000 2
|561> f 1
|562> 1      1.000000000    0.000000000 2
|563> end
|564> Mg>    2.00000000000    6.33393418427    0.00000000000   -2.14155206950
|565> NewECP
|566> N_core 0
|567> lmax f
|568> s 1
|569> 1      1.732000000   14.676000000 2
|570> p 1
|571> 1      1.115000000    5.175700000 2
|572> d 1
|573> 1      1.203000000   -1.816000000 2
|574> f 1
|575> 1      1.000000000    0.000000000 2
|576> end
|577> Mg>    2.00000000000    0.00000000000   -6.33393418427   -2.14155206950
|578> NewECP
|579> N_core 0
|580> lmax f
|581> s 1
|582> 1      1.732000000   14.676000000 2
|583> p 1
|584> 1      1.115000000    5.175700000 2
|585> d 1
|586> 1      1.203000000   -1.816000000 2
|587> f 1
|588> 1      1.000000000    0.000000000 2
|589> end
|590> Mg>    2.00000000000   -2.11024676395    0.00000000000   -6.37814204923
|591> NewECP
|592> N_core 0
|593> lmax f
|594> s 1
|595> 1      1.732000000   14.676000000 2
|596> p 1
|597> 1      1.115000000    5.175700000 2
|598> d 1
|599> 1      1.203000000   -1.816000000 2
|600> f 1
|601> 1      1.000000000    0.000000000 2
|602> end
|603> Mg>    2.00000000000    0.00000000000    2.11024676395   -6.37814204923
|604> NewECP
|605> N_core 0
|606> lmax f
|607> s 1
|608> 1      1.732000000   14.676000000 2
|609> p 1
|610> 1      1.115000000    5.175700000 2
|611> d 1
|612> 1      1.203000000   -1.816000000 2
|613> f 1
|614> 1      1.000000000    0.000000000 2
|615> end
|616> Mg>    2.00000000000    2.11024676395    0.00000000000   -6.37814204923
|617> NewECP
|618> N_core 0
|619> lmax f
|620> s 1
|621> 1      1.732000000   14.676000000 2
|622> p 1
|623> 1      1.115000000    5.175700000 2
|624> d 1
|625> 1      1.203000000   -1.816000000 2
|626> f 1
|627> 1      1.000000000    0.000000000 2
|628> end
|629> Mg>    2.00000000000    0.00000000000   -2.11024676395   -6.37814204923
|630> NewECP
|631> N_core 0
|632> lmax f
|633> s 1
|634> 1      1.732000000   14.676000000 2
|635> p 1
|636> 1      1.115000000    5.175700000 2
|637> d 1
|638> 1      1.203000000   -1.816000000 2
|639> f 1
|640> 1      1.000000000    0.000000000 2
|641> end
|642> Mg>    2.00000000000   -4.22049352791    4.22049352791   -4.26789528527
|643> NewECP
|644> N_core 0
|645> lmax f
|646> s 1
|647> 1      1.732000000   14.676000000 2
|648> p 1
|649> 1      1.115000000    5.175700000 2
|650> d 1
|651> 1      1.203000000   -1.816000000 2
|652> f 1
|653> 1      1.000000000    0.000000000 2
|654> end
|655> Mg>    2.00000000000    4.22049352791    4.22049352791   -4.26789528527
|656> NewECP
|657> N_core 0
|658> lmax f
|659> s 1
|660> 1      1.732000000   14.676000000 2
|661> p 1
|662> 1      1.115000000    5.175700000 2
|663> d 1
|664> 1      1.203000000   -1.816000000 2
|665> f 1
|666> 1      1.000000000    0.000000000 2
|667> end
|668> Mg>    2.00000000000    4.22049352791   -4.22049352791   -4.26789528527
|669> NewECP
|670> N_core 0
|671> lmax f
|672> s 1
|673> 1      1.732000000   14.676000000 2
|674> p 1
|675> 1      1.115000000    5.175700000 2
|676> d 1
|677> 1      1.203000000   -1.816000000 2
|678> f 1
|679> 1      1.000000000    0.000000000 2
|680> end
|681> Mg>    2.00000000000   -4.22049352791   -4.22049352791   -4.26789528527
|682> NewECP
|683> N_core 0
|684> lmax f
|685> s 1
|686> 1      1.732000000   14.676000000 2
|687> p 1
|688> 1      1.115000000    5.175700000 2
|689> d 1
|690> 1      1.203000000   -1.816000000 2
|691> f 1
|692> 1      1.000000000    0.000000000 2
|693> end
|694> Mg>    2.00000000000   -6.33125293065    4.22049352791   -2.14445912302
|695> NewECP
|696> N_core 0
|697> lmax f
|698> s 1
|699> 1      1.732000000   14.676000000 2
|700> p 1
|701> 1      1.115000000    5.175700000 2
|702> d 1
|703> 1      1.203000000   -1.816000000 2
|704> f 1
|705> 1      1.000000000    0.000000000 2
|706> end
|707> Mg>    2.00000000000   -4.22049352791    6.33125293065   -2.14445912302
|708> NewECP
|709> N_core 0
|710> lmax f
|711> s 1
|712> 1      1.732000000   14.676000000 2
|713> p 1
|714> 1      1.115000000    5.175700000 2
|715> d 1
|716> 1      1.203000000   -1.816000000 2
|717> f 1
|718> 1      1.000000000    0.000000000 2
|719> end
|720> Mg>    2.00000000000    4.22049352791    6.33125293065   -2.14445912302
|721> NewECP
|722> N_core 0
|723> lmax f
|724> s 1
|725> 1      1.732000000   14.676000000 2
|726> p 1
|727> 1      1.115000000    5.175700000 2
|728> d 1
|729> 1      1.203000000   -1.816000000 2
|730> f 1
|731> 1      1.000000000    0.000000000 2
|732> end
|733> Mg>    2.00000000000    6.33125293065    4.22049352791   -2.14445912302
|734> NewECP
|735> N_core 0
|736> lmax f
|737> s 1
|738> 1      1.732000000   14.676000000 2
|739> p 1
|740> 1      1.115000000    5.175700000 2
|741> d 1
|742> 1      1.203000000   -1.816000000 2
|743> f 1
|744> 1      1.000000000    0.000000000 2
|745> end
|746> Mg>    2.00000000000    6.33125293065   -4.22049352791   -2.14445912302
|747> NewECP
|748> N_core 0
|749> lmax f
|750> s 1
|751> 1      1.732000000   14.676000000 2
|752> p 1
|753> 1      1.115000000    5.175700000 2
|754> d 1
|755> 1      1.203000000   -1.816000000 2
|756> f 1
|757> 1      1.000000000    0.000000000 2
|758> end
|759> Mg>    2.00000000000    4.22049352791   -6.33125293065   -2.14445912302
|760> NewECP
|761> N_core 0
|762> lmax f
|763> s 1
|764> 1      1.732000000   14.676000000 2
|765> p 1
|766> 1      1.115000000    5.175700000 2
|767> d 1
|768> 1      1.203000000   -1.816000000 2
|769> f 1
|770> 1      1.000000000    0.000000000 2
|771> end
|772> Mg>    2.00000000000   -4.22049352791   -6.33125293065   -2.14445912302
|773> NewECP
|774> N_core 0
|775> lmax f
|776> s 1
|777> 1      1.732000000   14.676000000 2
|778> p 1
|779> 1      1.115000000    5.175700000 2
|780> d 1
|781> 1      1.203000000   -1.816000000 2
|782> f 1
|783> 1      1.000000000    0.000000000 2
|784> end
|785> Mg>    2.00000000000   -6.33125293065   -4.22049352791   -2.14445912302
|786> NewECP
|787> N_core 0
|788> lmax f
|789> s 1
|790> 1      1.732000000   14.676000000 2
|791> p 1
|792> 1      1.115000000    5.175700000 2
|793> d 1
|794> 1      1.203000000   -1.816000000 2
|795> f 1
|796> 1      1.000000000    0.000000000 2
|797> end
|798> Mg>    2.00000000000   -6.33074029186    2.11024676395   -4.26789528527
|799> NewECP
|800> N_core 0
|801> lmax f
|802> s 1
|803> 1      1.732000000   14.676000000 2
|804> p 1
|805> 1      1.115000000    5.175700000 2
|806> d 1
|807> 1      1.203000000   -1.816000000 2
|808> f 1
|809> 1      1.000000000    0.000000000 2
|810> end
|811> Mg>    2.00000000000   -2.11024676395    6.33074029186   -4.26789528527
|812> NewECP
|813> N_core 0
|814> lmax f
|815> s 1
|816> 1      1.732000000   14.676000000 2
|817> p 1
|818> 1      1.115000000    5.175700000 2
|819> d 1
|820> 1      1.203000000   -1.816000000 2
|821> f 1
|822> 1      1.000000000    0.000000000 2
|823> end
|824> Mg>    2.00000000000    2.11024676395    6.33074029186   -4.26789528527
|825> NewECP
|826> N_core 0
|827> lmax f
|828> s 1
|829> 1      1.732000000   14.676000000 2
|830> p 1
|831> 1      1.115000000    5.175700000 2
|832> d 1
|833> 1      1.203000000   -1.816000000 2
|834> f 1
|835> 1      1.000000000    0.000000000 2
|836> end
|837> Mg>    2.00000000000    6.33074029186    2.11024676395   -4.26789528527
|838> NewECP
|839> N_core 0
|840> lmax f
|841> s 1
|842> 1      1.732000000   14.676000000 2
|843> p 1
|844> 1      1.115000000    5.175700000 2
|845> d 1
|846> 1      1.203000000   -1.816000000 2
|847> f 1
|848> 1      1.000000000    0.000000000 2
|849> end
|850> Mg>    2.00000000000    6.33074029186   -2.11024676395   -4.26789528527
|851> NewECP
|852> N_core 0
|853> lmax f
|854> s 1
|855> 1      1.732000000   14.676000000 2
|856> p 1
|857> 1      1.115000000    5.175700000 2
|858> d 1
|859> 1      1.203000000   -1.816000000 2
|860> f 1
|861> 1      1.000000000    0.000000000 2
|862> end
|863> Mg>    2.00000000000    2.11024676395   -6.33074029186   -4.26789528527
|864> NewECP
|865> N_core 0
|866> lmax f
|867> s 1
|868> 1      1.732000000   14.676000000 2
|869> p 1
|870> 1      1.115000000    5.175700000 2
|871> d 1
|872> 1      1.203000000   -1.816000000 2
|873> f 1
|874> 1      1.000000000    0.000000000 2
|875> end
|876> Mg>    2.00000000000   -2.11024676395   -6.33074029186   -4.26789528527
|877> NewECP
|878> N_core 0
|879> lmax f
|880> s 1
|881> 1      1.732000000   14.676000000 2
|882> p 1
|883> 1      1.115000000    5.175700000 2
|884> d 1
|885> 1      1.203000000   -1.816000000 2
|886> f 1
|887> 1      1.000000000    0.000000000 2
|888> end
|889> Mg>    2.00000000000   -6.33074029186   -2.11024676395   -4.26789528527
|890> NewECP
|891> N_core 0
|892> lmax f
|893> s 1
|894> 1      1.732000000   14.676000000 2
|895> p 1
|896> 1      1.115000000    5.175700000 2
|897> d 1
|898> 1      1.203000000   -1.816000000 2
|899> f 1
|900> 1      1.000000000    0.000000000 2
|901> end
|902> Mg>    2.00000000000   -4.22049352791    2.11024676395   -6.37814204923
|903> NewECP
|904> N_core 0
|905> lmax f
|906> s 1
|907> 1      1.732000000   14.676000000 2
|908> p 1
|909> 1      1.115000000    5.175700000 2
|910> d 1
|911> 1      1.203000000   -1.816000000 2
|912> f 1
|913> 1      1.000000000    0.000000000 2
|914> end
|915> Mg>    2.00000000000   -2.11024676395    4.22049352791   -6.37814204923
|916> NewECP
|917> N_core 0
|918> lmax f
|919> s 1
|920> 1      1.732000000   14.676000000 2
|921> p 1
|922> 1      1.115000000    5.175700000 2
|923> d 1
|924> 1      1.203000000   -1.816000000 2
|925> f 1
|926> 1      1.000000000    0.000000000 2
|927> end
|928> Mg>    2.00000000000    2.11024676395    4.22049352791   -6.37814204923
|929> NewECP
|930> N_core 0
|931> lmax f
|932> s 1
|933> 1      1.732000000   14.676000000 2
|934> p 1
|935> 1      1.115000000    5.175700000 2
|936> d 1
|937> 1      1.203000000   -1.816000000 2
|938> f 1
|939> 1      1.000000000    0.000000000 2
|940> end
|941> Mg>    2.00000000000    4.22049352791    2.11024676395   -6.37814204923
|942> NewECP
|943> N_core 0
|944> lmax f
|945> s 1
|946> 1      1.732000000   14.676000000 2
|947> p 1
|948> 1      1.115000000    5.175700000 2
|949> d 1
|950> 1      1.203000000   -1.816000000 2
|951> f 1
|952> 1      1.000000000    0.000000000 2
|953> end
|954> Mg>    2.00000000000    4.22049352791   -2.11024676395   -6.37814204923
|955> NewECP
|956> N_core 0
|957> lmax f
|958> s 1
|959> 1      1.732000000   14.676000000 2
|960> p 1
|961> 1      1.115000000    5.175700000 2
|962> d 1
|963> 1      1.203000000   -1.816000000 2
|964> f 1
|965> 1      1.000000000    0.000000000 2
|966> end
|967> Mg>    2.00000000000    2.11024676395   -4.22049352791   -6.37814204923
|968> NewECP
|969> N_core 0
|970> lmax f
|971> s 1
|972> 1      1.732000000   14.676000000 2
|973> p 1
|974> 1      1.115000000    5.175700000 2
|975> d 1
|976> 1      1.203000000   -1.816000000 2
|977> f 1
|978> 1      1.000000000    0.000000000 2
|979> end
|980> Mg>    2.00000000000   -2.11024676395   -4.22049352791   -6.37814204923
|981> NewECP
|982> N_core 0
|983> lmax f
|984> s 1
|985> 1      1.732000000   14.676000000 2
|986> p 1
|987> 1      1.115000000    5.175700000 2
|988> d 1
|989> 1      1.203000000   -1.816000000 2
|990> f 1
|991> 1      1.000000000    0.000000000 2
|992> end
|993> Mg>    2.00000000000   -4.22049352791   -2.11024676395   -6.37814204923
|994> NewECP
|995> N_core 0
|996> lmax f
|997> s 1
|998> 1      1.732000000   14.676000000 2
|999> p 1
|1000> 1      1.115000000    5.175700000 2
|1001> d 1
|1002> 1      1.203000000   -1.816000000 2
|1003> f 1
|1004> 1      1.000000000    0.000000000 2
|1005> end
|1006> Mg>    2.00000000000   -8.44098705582    0.00000000000    0.00000000000
|1007> NewECP
|1008> N_core 0
|1009> lmax f
|1010> s 1
|1011> 1      1.732000000   14.676000000 2
|1012> p 1
|1013> 1      1.115000000    5.175700000 2
|1014> d 1
|1015> 1      1.203000000   -1.816000000 2
|1016> f 1
|1017> 1      1.000000000    0.000000000 2
|1018> end
|1019> Mg>    2.00000000000    0.00000000000    8.44098705582    0.00000000000
|1020> NewECP
|1021> N_core 0
|1022> lmax f
|1023> s 1
|1024> 1      1.732000000   14.676000000 2
|1025> p 1
|1026> 1      1.115000000    5.175700000 2
|1027> d 1
|1028> 1      1.203000000   -1.816000000 2
|1029> f 1
|1030> 1      1.000000000    0.000000000 2
|1031> end
|1032> Mg>    2.00000000000    8.44098705582    0.00000000000    0.00000000000
|1033> NewECP
|1034> N_core 0
|1035> lmax f
|1036> s 1
|1037> 1      1.732000000   14.676000000 2
|1038> p 1
|1039> 1      1.115000000    5.175700000 2
|1040> d 1
|1041> 1      1.203000000   -1.816000000 2
|1042> f 1
|1043> 1      1.000000000    0.000000000 2
|1044> end
|1045> Mg>    2.00000000000    0.00000000000   -8.44098705582    0.00000000000
|1046> NewECP
|1047> N_core 0
|1048> lmax f
|1049> s 1
|1050> 1      1.732000000   14.676000000 2
|1051> p 1
|1052> 1      1.115000000    5.175700000 2
|1053> d 1
|1054> 1      1.203000000   -1.816000000 2
|1055> f 1
|1056> 1      1.000000000    0.000000000 2
|1057> end
|1058> Mg>    2.00000000000   -6.32954443328    6.32954443328   -0.04367284424
|1059> NewECP
|1060> N_core 0
|1061> lmax f
|1062> s 1
|1063> 1      1.732000000   14.676000000 2
|1064> p 1
|1065> 1      1.115000000    5.175700000 2
|1066> d 1
|1067> 1      1.203000000   -1.816000000 2
|1068> f 1
|1069> 1      1.000000000    0.000000000 2
|1070> end
|1071> Mg>    2.00000000000    6.32954443328    6.32954443328   -0.04367284424
|1072> NewECP
|1073> N_core 0
|1074> lmax f
|1075> s 1
|1076> 1      1.732000000   14.676000000 2
|1077> p 1
|1078> 1      1.115000000    5.175700000 2
|1079> d 1
|1080> 1      1.203000000   -1.816000000 2
|1081> f 1
|1082> 1      1.000000000    0.000000000 2
|1083> end
|1084> Mg>    2.00000000000    6.32954443328   -6.32954443328   -0.04367284424
|1085> NewECP
|1086> N_core 0
|1087> lmax f
|1088> s 1
|1089> 1      1.732000000   14.676000000 2
|1090> p 1
|1091> 1      1.115000000    5.175700000 2
|1092> d 1
|1093> 1      1.203000000   -1.816000000 2
|1094> f 1
|1095> 1      1.000000000    0.000000000 2
|1096> end
|1097> Mg>    2.00000000000   -6.32954443328   -6.32954443328   -0.04367284424
|1098> NewECP
|1099> N_core 0
|1100> lmax f
|1101> s 1
|1102> 1      1.732000000   14.676000000 2
|1103> p 1
|1104> 1      1.115000000    5.175700000 2
|1105> d 1
|1106> 1      1.203000000   -1.816000000 2
|1107> f 1
|1108> 1      1.000000000    0.000000000 2
|1109> end
|1110> Mg>    2.00000000000   -8.44098705582    2.10705287155   -2.14155206950
|1111> NewECP
|1112> N_core 0
|1113> lmax f
|1114> s 1
|1115> 1      1.732000000   14.676000000 2
|1116> p 1
|1117> 1      1.115000000    5.175700000 2
|1118> d 1
|1119> 1      1.203000000   -1.816000000 2
|1120> f 1
|1121> 1      1.000000000    0.000000000 2
|1122> end
|1123> Mg>    2.00000000000   -2.10705287155    8.44098705582   -2.14155206950
|1124> NewECP
|1125> N_core 0
|1126> lmax f
|1127> s 1
|1128> 1      1.732000000   14.676000000 2
|1129> p 1
|1130> 1      1.115000000    5.175700000 2
|1131> d 1
|1132> 1      1.203000000   -1.816000000 2
|1133> f 1
|1134> 1      1.000000000    0.000000000 2
|1135> end
|1136> Mg>    2.00000000000    2.10705287155    8.44098705582   -2.14155206950
|1137> NewECP
|1138> N_core 0
|1139> lmax f
|1140> s 1
|1141> 1      1.732000000   14.676000000 2
|1142> p 1
|1143> 1      1.115000000    5.175700000 2
|1144> d 1
|1145> 1      1.203000000   -1.816000000 2
|1146> f 1
|1147> 1      1.000000000    0.000000000 2
|1148> end
|1149> Mg>    2.00000000000    8.44098705582    2.10705287155   -2.14155206950
|1150> NewECP
|1151> N_core 0
|1152> lmax f
|1153> s 1
|1154> 1      1.732000000   14.676000000 2
|1155> p 1
|1156> 1      1.115000000    5.175700000 2
|1157> d 1
|1158> 1      1.203000000   -1.816000000 2
|1159> f 1
|1160> 1      1.000000000    0.000000000 2
|1161> end
|1162> Mg>    2.00000000000    8.44098705582   -2.10705287155   -2.14155206950
|1163> NewECP
|1164> N_core 0
|1165> lmax f
|1166> s 1
|1167> 1      1.732000000   14.676000000 2
|1168> p 1
|1169> 1      1.115000000    5.175700000 2
|1170> d 1
|1171> 1      1.203000000   -1.816000000 2
|1172> f 1
|1173> 1      1.000000000    0.000000000 2
|1174> end
|1175> Mg>    2.00000000000    2.10705287155   -8.44098705582   -2.14155206950
|1176> NewECP
|1177> N_core 0
|1178> lmax f
|1179> s 1
|1180> 1      1.732000000   14.676000000 2
|1181> p 1
|1182> 1      1.115000000    5.175700000 2
|1183> d 1
|1184> 1      1.203000000   -1.816000000 2
|1185> f 1
|1186> 1      1.000000000    0.000000000 2
|1187> end
|1188> Mg>    2.00000000000   -2.10705287155   -8.44098705582   -2.14155206950
|1189> NewECP
|1190> N_core 0
|1191> lmax f
|1192> s 1
|1193> 1      1.732000000   14.676000000 2
|1194> p 1
|1195> 1      1.115000000    5.175700000 2
|1196> d 1
|1197> 1      1.203000000   -1.816000000 2
|1198> f 1
|1199> 1      1.000000000    0.000000000 2
|1200> end
|1201> Mg>    2.00000000000   -8.44098705582   -2.10705287155   -2.14155206950
|1202> NewECP
|1203> N_core 0
|1204> lmax f
|1205> s 1
|1206> 1      1.732000000   14.676000000 2
|1207> p 1
|1208> 1      1.115000000    5.175700000 2
|1209> d 1
|1210> 1      1.203000000   -1.816000000 2
|1211> f 1
|1212> 1      1.000000000    0.000000000 2
|1213> end
|1214> Mg>    2.00000000000   -8.44098705582    4.22049352791   -0.04269731856
|1215> NewECP
|1216> N_core 0
|1217> lmax f
|1218> s 1
|1219> 1      1.732000000   14.676000000 2
|1220> p 1
|1221> 1      1.115000000    5.175700000 2
|1222> d 1
|1223> 1      1.203000000   -1.816000000 2
|1224> f 1
|1225> 1      1.000000000    0.000000000 2
|1226> end
|1227> Mg>    2.00000000000   -4.22049352791    8.44098705582   -0.04269731856
|1228> NewECP
|1229> N_core 0
|1230> lmax f
|1231> s 1
|1232> 1      1.732000000   14.676000000 2
|1233> p 1
|1234> 1      1.115000000    5.175700000 2
|1235> d 1
|1236> 1      1.203000000   -1.816000000 2
|1237> f 1
|1238> 1      1.000000000    0.000000000 2
|1239> end
|1240> Mg>    2.00000000000    4.22049352791    8.44098705582   -0.04269731856
|1241> NewECP
|1242> N_core 0
|1243> lmax f
|1244> s 1
|1245> 1      1.732000000   14.676000000 2
|1246> p 1
|1247> 1      1.115000000    5.175700000 2
|1248> d 1
|1249> 1      1.203000000   -1.816000000 2
|1250> f 1
|1251> 1      1.000000000    0.000000000 2
|1252> end
|1253> Mg>    2.00000000000    8.44098705582    4.22049352791   -0.04269731856
|1254> NewECP
|1255> N_core 0
|1256> lmax f
|1257> s 1
|1258> 1      1.732000000   14.676000000 2
|1259> p 1
|1260> 1      1.115000000    5.175700000 2
|1261> d 1
|1262> 1      1.203000000   -1.816000000 2
|1263> f 1
|1264> 1      1.000000000    0.000000000 2
|1265> end
|1266> Mg>    2.00000000000    8.44098705582   -4.22049352791   -0.04269731856
|1267> NewECP
|1268> N_core 0
|1269> lmax f
|1270> s 1
|1271> 1      1.732000000   14.676000000 2
|1272> p 1
|1273> 1      1.115000000    5.175700000 2
|1274> d 1
|1275> 1      1.203000000   -1.816000000 2
|1276> f 1
|1277> 1      1.000000000    0.000000000 2
|1278> end
|1279> Mg>    2.00000000000    4.22049352791   -8.44098705582   -0.04269731856
|1280> NewECP
|1281> N_core 0
|1282> lmax f
|1283> s 1
|1284> 1      1.732000000   14.676000000 2
|1285> p 1
|1286> 1      1.115000000    5.175700000 2
|1287> d 1
|1288> 1      1.203000000   -1.816000000 2
|1289> f 1
|1290> 1      1.000000000    0.000000000 2
|1291> end
|1292> Mg>    2.00000000000   -4.22049352791   -8.44098705582   -0.04269731856
|1293> NewECP
|1294> N_core 0
|1295> lmax f
|1296> s 1
|1297> 1      1.732000000   14.676000000 2
|1298> p 1
|1299> 1      1.115000000    5.175700000 2
|1300> d 1
|1301> 1      1.203000000   -1.816000000 2
|1302> f 1
|1303> 1      1.000000000    0.000000000 2
|1304> end
|1305> Mg>    2.00000000000   -8.44098705582   -4.22049352791   -0.04269731856
|1306> NewECP
|1307> N_core 0
|1308> lmax f
|1309> s 1
|1310> 1      1.732000000   14.676000000 2
|1311> p 1
|1312> 1      1.115000000    5.175700000 2
|1313> d 1
|1314> 1      1.203000000   -1.816000000 2
|1315> f 1
|1316> 1      1.000000000    0.000000000 2
|1317> end
|1318> end
|1319> end
|1320>  
|1321> 
|1322>                          ****END OF INPUT****
================================================================================
----------------
TOTAL SCF ENERGY
----------------

Total Energy       :      -3431.02053675285970 Eh          -93362.81528 eV

Components:
Nuclear Repulsion  :       1899.77987409589878 Eh           51695.63853 eV
Electronic Energy  :      -5330.80471255080374 Eh         -145058.57086 eV
One Electron Energy:      -9304.42888259006395 Eh         -253186.38164 eV
Two Electron Energy:       3973.62417003926021 Eh          108127.81078 eV

Virial components:
Potential Energy   :      -5698.19816439842907 Eh         -155055.85494 eV
Kinetic Energy     :       2267.17762764556892 Eh           61693.03966 eV
Virial Ratio       :          2.51334438683392

--------------------Output has been truncated-------------------------


--------------------Output has been truncated-------------------------


--------------------Output has been truncated-------------------------


--------------------Output has been truncated-------------------------


--------------------Output has been truncated-------------------------


--------------------Output has been truncated-------------------------


--------------------Output has been truncated-------------------------


--------------------Output has been truncated-------------------------


--------------------Output has been truncated-------------------------


--------------------Output has been truncated-------------------------



                                 *****************
                                 * O   R   C   A *
DIIS solution               ....       1.662 sec  (  3.2%)
SOSCF solution              ....       0.179 sec  (  0.3%)
Finished LeanSCF after  52.5 sec

Maximum memory used throughout the entire LEANSCF-calculation: 37.8 MB

-------------------------   --------------------
FINAL SINGLE POINT ENERGY     -3431.020536752860
-------------------------   --------------------
TOTAL RUN TIME: 0 days 0 hours 1 minutes 13 seconds 880 msec
