 **********************************************************************
                          MRCC program system
 **********************************************************************
 
                              Written by
     Mihaly Kallay, Peter R. Nagy, David Mester, Laszlo Gyevi-Nagy,
        Jozsef Csoka, P. Bernat Szabo, Zoltan Rolik, Gyula Samu,
     Jozsef Csontos, Bence Hegely, Adam Ganyecz, Istvan Ladjanszki,
       Lorant Szegedy, Bence Ladoczki, Klara Petrov, Mate Farkas,
                    Pal D. Mezei, and Reka A. Horvath
 
        Department of Physical Chemistry and Materials Science
            Budapest University of Technology and Economics
                  Budapest P.O.Box 91, H-1521 Hungary
 
                              www.mrcc.hu
 
                      Release date: March 18, 2022

 ************************ 2023-02-04 11:48:10 *************************
 Executing minp...

 Reading input from MINP...
 
 Input file:
 
calc=FNO-CCSD(T)
verbosity=3
mem=220GB
unit=angs
scfiguess=small
scfalg=locfit1
ccmaxit=400
ccsdalg=dfdirect
ccsdthreads=4
ccsdmkl=thr
ptthreads=4
lnoepsv=1e-5
naf_cor=1e-2
basis=aug-cc-pVTZ
basis_sm=def2-SVP
dfbasis_scf=def2-QZVPP-RI-JK
dfbasis_cor=aug-cc-pVTZ-RI
unit=angs
geom=xyz
10

C    29.54344629    29.54344629    16.97505516
H    29.54344670    30.44187631    17.60392580
H    29.54344662    28.64496649    17.60393442
H    30.44658454    29.54342777    16.34911135
H    28.64030918    29.54342779    16.34911130
C    42.20489259    29.54341474    16.97521401
H    41.30647292    29.54341495    17.60422237
H    42.20491139    30.44620261    16.34882774
H    42.20491137    28.64062797    16.34882693
H    43.10336281    29.54341492    17.60423123

--------------------Output has been truncated-------------------------


--------------------Output has been truncated-------------------------


--------------------Output has been truncated-------------------------


--------------------Output has been truncated-------------------------


--------------------Output has been truncated-------------------------


--------------------Output has been truncated-------------------------


--------------------Output has been truncated-------------------------


--------------------Output has been truncated-------------------------


--------------------Output has been truncated-------------------------


--------------------Output has been truncated-------------------------


 
 Reference energy [au]:                       -40.213014016594
 DF-MP2 singlet pair energy [au]:              -0.164418828530
 DF-MP2 triplet pair energy [au]:              -0.036594516280
 DF-SCS-MP2 correlation energy [au]:           -0.209500766329
 DF-SCS-MP2 energy [au]:                      -40.422514782923
 DF-SOS-MP2 correlation energy [au]:           -0.213744477089
 DF-SOS-MP2 energy [au]:                      -40.426758493683
 DF-MP2 correlation energy [au]:               -0.201013344810
 DF-MP2 energy [au]:                          -40.414027361404

 Results in FNO basis:
 
 
 Reference energy [au]:                       -40.213014016594
 DF-MP2 singlet pair energy [au]:              -0.163768579438
 DF-MP2 triplet pair energy [au]:              -0.036550759807
 DF-SCS-MP2 correlation energy [au]:           -0.208705881928
 DF-SCS-MP2 energy [au]:                      -40.421719898522
 DF-SOS-MP2 correlation energy [au]:           -0.212899153270
 DF-SOS-MP2 energy [au]:                      -40.425913169864
 DF-MP2 correlation energy [au]:               -0.200319339245
 DF-MP2 energy [au]:                          -40.413333355839

 Results in NAF basis:
 
 
 Reference energy [au]:                       -40.213014016594
 DF-MP2 singlet pair energy [au]:              -0.163734305615
 DF-MP2 triplet pair energy [au]:              -0.036570037786
 DF-SCS-MP2 correlation energy [au]:           -0.208671179334
 DF-SCS-MP2 energy [au]:                      -40.421685195927
 DF-SOS-MP2 correlation energy [au]:           -0.212854597300
 DF-SOS-MP2 energy [au]:                      -40.425868613894
 DF-MP2 correlation energy [au]:               -0.200304343401
 DF-MP2 energy [au]:                          -40.413318359995

 ************************ 2023-02-04 11:48:27 *************************
 Executing ccsd...

 Allocation of 220.0 Gbytes of memory...

 Direct DF-CCSD(T) calculation
 
 Convergence criterion:  1.0E-06
 
 Number of occupied/virtual/auxiliary orbitals:     4    83   221
     89.04 MB is the minimal memory requirement for (T)
     22.38 MB is the minimal memory requirement for CCSD
 
 Reference energy [au]:             -40.213014016594
 T1 contribution [au]:                0.000000000000
 Same spin MP2 energy [au]:          -0.036560371416
 Opposite spin MP2 energy [au]:      -0.163751360985
 MP2 correlation energy [au]:        -0.200311732401
 Total MP2 energy [au]:             -40.413325748995
 MP2 correction [au]:                -0.000701612409
 
 
 CPU time [min]:     0.059                   Wall time [min]:     0.004
 
 Starting CCSD iterations...
 
                     Residual norm          Energy
 Iteration  1        0.131886695024      -40.427793551558
 Iteration  2        0.033754344427      -40.433316528398
 Iteration  3        0.008181270531      -40.433782643684
 Iteration  4        0.001913829198      -40.433785246526
 Iteration  5        0.000362932659      -40.433792296150
 Iteration  6        0.000073614156      -40.433792429178
 Iteration  7        0.000017727618      -40.433793034393
 Iteration  8        0.000003099783      -40.433793052079
 
 CCSD iteration has converged in  8 steps.
      207.43 MB memory was utilized by CCSD
 
 T1 diagnostic:      7.475E-03            D1 diagnostic:      1.210E-02
 
 T1 contribution [au]:                                  0.000000000000
 PPL energy contribution [au]:                          0.057486906156
 Scaled PPL energy contribution [au]:                   0.057689938058

 OS-PPL energy contribution [au]:                       0.050871934447
 Scaled OS-PPL energy contribution [au]:                0.051084072671
 SS-PPL energy contribution [au]:                       0.006614971710
 Scaled SS-PPL energy contribution [au]:                0.006619535433

 Opposite spin CCSD energy [au]:                       -0.185468142923
 Same spin CCSD energy [au]:                           -0.035322327769
 CCSD correlation energy [au]:                         -0.220790470692
 CCSD correlation energy + MP2 correction [au]:        -0.221492083101
 CCSD correlation energy + MP2 + PPL corr. [au]:       -0.221289051199
 Total CCSD energy [au]:                              -40.433804487286
 Total CCSD energy + MP2 correction [au]:             -40.434506099695
 Total CCSD energy + MP2 + PPL corr. [au]:            -40.434303067793
 
 CPU time [min]:     0.436                   Wall time [min]:     0.014
 
 Calculation of (T) correction...
 
 
       67.65 MB memory is utilized for (T)

 0%       25%       50%       75%       100%
 |---------|---------|---------|---------| 
 
 (T) correction [au]:                                    -0.006568654064
 (T*) correction [au]:                                   -0.006591661449
 (T+) correction [au]:                                   -0.006591681620
 CCSD(T) correlation energy [au]:                        -0.227359124756
 CCSD(T) correlation energy + MP2 correction [au]:       -0.228060737165
 CCSD(T+) correlation en. + MP2 + PPL corr. [au]:        -0.227880732819
 Total CCSD(T) energy [au]:                             -40.440373141350
 Total CCSD(T) energy + MP2 correction [au]:            -40.441074753759
 Total CCSD(T+) energy + MP2 + PPL corr. [au]:          -40.440894749413
 
 CPU time [min]:     0.501                   Wall time [min]:     0.016
 
 ************************ 2023-02-04 11:48:28 *************************
                      Normal termination of mrcc.
 **********************************************************************
