 **********************************************************************
                          MRCC program system
 **********************************************************************
 
                              Written by
     Mihaly Kallay, Peter R. Nagy, David Mester, Laszlo Gyevi-Nagy,
        Jozsef Csoka, P. Bernat Szabo, Zoltan Rolik, Gyula Samu,
     Jozsef Csontos, Bence Hegely, Adam Ganyecz, Istvan Ladjanszki,
       Lorant Szegedy, Bence Ladoczki, Klara Petrov, Mate Farkas,
                    Pal D. Mezei, and Reka A. Horvath
 
        Department of Physical Chemistry and Materials Science
            Budapest University of Technology and Economics
                  Budapest P.O.Box 91, H-1521 Hungary
 
                              www.mrcc.hu
 
                      Release date: March 18, 2022

 ************************ 2023-02-05 13:25:17 *************************
 Executing minp...

 Reading input from MINP...
 
 Input file:
 
calc=FNO-CCSD(T)
verbosity=3
mem=220GB
unit=angs
scfiguess=small
scfalg=locfit1
ccmaxit=400
ccsdalg=dfdirect
ccsdthreads=4
ccsdmkl=thr
ptthreads=4
lnoepsv=1e-5
naf_cor=1e-2
basis=aug-cc-pVQZ
basis_sm=def2-SVP
dfbasis_scf=def2-QZVPP-RI-JK
dfbasis_cor=aug-cc-pVQZ-RI
unit=angs
geom=xyz
16

C    34.41670262    34.07107264    10.41543014
C    33.11117461    33.45680459    10.91530835
H    34.24160149    35.00442132     9.86225048
H    34.94674030    33.36940783     9.75379242
H    35.10002891    34.30603621    11.24227357
H    32.42643037    33.26105434    10.07939442
H    32.59136835    34.12756100    11.61262818
H    33.28915165    32.50678735    11.43686767
C    20.41949921    31.96102723    10.40841099
C    21.71921719    31.34719311    10.92356869
H    19.89425880    31.25682155     9.74571409
H    20.60153508    32.89196657     9.85291346
H    19.72847188    32.20166151    11.22702485
H    22.41305761    31.15055188    10.09551480
H    21.53497697    30.39767355    11.44396498
H    22.23133663    32.01873499    11.62587494

--------------------Output has been truncated-------------------------


--------------------Output has been truncated-------------------------


--------------------Output has been truncated-------------------------


--------------------Output has been truncated-------------------------


--------------------Output has been truncated-------------------------


--------------------Output has been truncated-------------------------


--------------------Output has been truncated-------------------------


--------------------Output has been truncated-------------------------


--------------------Output has been truncated-------------------------


--------------------Output has been truncated-------------------------


 
 Reference energy [au]:                       -79.264437086601
 DF-MP2 singlet pair energy [au]:              -0.317722380150
 DF-MP2 triplet pair energy [au]:              -0.076906325259
 DF-SCS-MP2 correlation energy [au]:           -0.406902297933
 DF-SCS-MP2 energy [au]:                      -79.671339384533
 DF-SOS-MP2 correlation energy [au]:           -0.413039094194
 DF-SOS-MP2 energy [au]:                      -79.677476180795
 DF-MP2 correlation energy [au]:               -0.394628705409
 DF-MP2 energy [au]:                          -79.659065792010

 Results in FNO basis:
 
 
 Reference energy [au]:                       -79.264437086601
 DF-MP2 singlet pair energy [au]:              -0.312548777039
 DF-MP2 triplet pair energy [au]:              -0.076620441187
 DF-SCS-MP2 correlation energy [au]:           -0.400598679510
 DF-SCS-MP2 energy [au]:                      -79.665035766111
 DF-SOS-MP2 correlation energy [au]:           -0.406313410151
 DF-SOS-MP2 energy [au]:                      -79.670750496752
 DF-MP2 correlation energy [au]:               -0.389169218227
 DF-MP2 energy [au]:                          -79.653606304828

 Results in NAF basis:
 
 
 Reference energy [au]:                       -79.264437086601
 DF-MP2 singlet pair energy [au]:              -0.312527815202
 DF-MP2 triplet pair energy [au]:              -0.076628447793
 DF-SCS-MP2 correlation energy [au]:           -0.400576194173
 DF-SCS-MP2 energy [au]:                      -79.665013280774
 DF-SOS-MP2 correlation energy [au]:           -0.406286159762
 DF-SOS-MP2 energy [au]:                      -79.670723246363
 DF-MP2 correlation energy [au]:               -0.389156262994
 DF-MP2 energy [au]:                          -79.653593349595

 ************************ 2023-02-05 13:26:49 *************************
 Executing ccsd...

 Allocation of 220.0 Gbytes of memory...

 Direct DF-CCSD(T) calculation
 
 Convergence criterion:  1.0E-06
 
 Number of occupied/virtual/auxiliary orbitals:     7   175   551
    851.32 MB is the minimal memory requirement for (T)
    190.43 MB is the minimal memory requirement for CCSD
 
 Reference energy [au]:             -79.264437086601
 T1 contribution [au]:                0.000000000000
 Same spin MP2 energy [au]:          -0.076624441927
 Opposite spin MP2 energy [au]:      -0.312538291413
 MP2 correlation energy [au]:        -0.389162733340
 Total MP2 energy [au]:             -79.653599819941
 MP2 correction [au]:                -0.005465972069
 
 
 CPU time [min]:     0.404                   Wall time [min]:     0.050
 
 Starting CCSD iterations...
 
                     Residual norm          Energy
 Iteration  1        0.179604457647      -79.671512743721
 Iteration  2        0.044511321446      -79.681094906254
 Iteration  3        0.013089812427      -79.682230631013
 Iteration  4        0.002650288928      -79.682237853715
 Iteration  5        0.000560968037      -79.682243719002
 Iteration  6        0.000156931211      -79.682245769872
 Iteration  7        0.000037096146      -79.682245544819
 Iteration  8        0.000009998694      -79.682245908708
 
 CCSD iteration has converged in  8 steps.
     3804.92 MB memory was utilized by CCSD
 
 T1 diagnostic:      8.231E-03            D1 diagnostic:      1.428E-02
 
 T1 contribution [au]:                                  0.000000000000
 PPL energy contribution [au]:                          0.108935388113
 Scaled PPL energy contribution [au]:                   0.110475121750

 OS-PPL energy contribution [au]:                       0.095542179703
 Scaled OS-PPL energy contribution [au]:                0.097137095634
 SS-PPL energy contribution [au]:                       0.013393208410
 Scaled SS-PPL energy contribution [au]:                0.013441285944

 Opposite spin CCSD energy [au]:                       -0.345140133372
 Same spin CCSD energy [au]:                           -0.072676441286
 CCSD correlation energy [au]:                         -0.417816574658
 CCSD correlation energy + MP2 correction [au]:        -0.423282546726
 CCSD correlation energy + MP2 + PPL corr. [au]:       -0.421742813089
 Total CCSD energy [au]:                              -79.682253661258
 Total CCSD energy + MP2 correction [au]:             -79.687719633327
 Total CCSD energy + MP2 + PPL corr. [au]:            -79.686179899690
 
 CPU time [min]:     6.674                   Wall time [min]:     0.242
 
 Calculation of (T) correction...
 
 
      783.34 MB memory is utilized for (T)

 0%       25%       50%       75%       100%
 |---------|---------|---------|---------| 
 
 (T) correction [au]:                                    -0.014762655691
 (T*) correction [au]:                                   -0.014970004074
 (T+) correction [au]:                                   -0.014966472622
 CCSD(T) correlation energy [au]:                        -0.432579230349
 CCSD(T) correlation energy + MP2 correction [au]:       -0.438045202417
 CCSD(T+) correlation en. + MP2 + PPL corr. [au]:        -0.436709285711
 Total CCSD(T) energy [au]:                             -79.697016316950
 Total CCSD(T) energy + MP2 correction [au]:            -79.702482289018
 Total CCSD(T+) energy + MP2 + PPL corr. [au]:          -79.701146372312
 
 CPU time [min]:     8.388                   Wall time [min]:     0.299
 
 ************************ 2023-02-05 13:27:07 *************************
                      Normal termination of mrcc.
 **********************************************************************
