================================================================================
                                       INPUT FILE
================================================================================
NAME = orca.inp
|  1>  ! TightSCF RI-MP2 RIJCOSX SlowConv DIIS
|  2> %maxcore 55000
|  3> %pal
|  4> nprocs 4
|  5> end
|  6> %pointcharges "orca.bq"
|  7> %method
|  8> Method hf
|  9> RI on
| 10> RunTyp Energy
| 11> NewNCore O 2 end
| 12> NewNCore Ti 18 end
| 13> NewNCore C 2 end
| 14> NewNCore H 0 end
| 15> end
| 16> %basis
| 17> NewGTO Ti
| 18> "cc-pVDZ"
| 19> end
| 20> NewGTO H
| 21> "aug-cc-pVDZ"
| 22> end
| 23> NewGTO O
| 24> "aug-cc-pVDZ"
| 25> end
| 26> NewGTO C
| 27> "aug-cc-pVDZ"
| 28> end
| 29> NewAuxCGTO Ti
| 30> "cc-pVTZ/C"
| 31> end
| 32> NewAuxCGTO H
| 33> "aug-cc-pVDZ/C"
| 34> end
| 35> NewAuxCGTO O 
| 36> "aug-cc-pVDZ/C"
| 37> end
| 38> NewAuxCGTO C 
| 39> "aug-cc-pVDZ/C"
| 40> end
| 41> Aux "def2/J"    
| 42> end
| 43> %scf
| 44> HFTyp rhf
| 45> Guess MORead
| 46> MOInp "orca_svp_start.gbw"
| 47> SCFMode Direct
| 48> sthresh 1e-6
| 49> AutoTRAHIter 60
| 50> MaxIter 1000
| 51> end
| 52> %coords
| 53> CTyp xyz
| 54> Mult 1
| 55> Units angs
| 56>       Charge -52
| 57>   coords
| 58> C:                      0.12450231270    1.04681247009    1.69832454997
| 59> O:                      0.49304023508   -0.02079519643    0.78715525802
| 60> H:                     -0.96249075501    1.15750762384    1.64707813452
| 61> H:                      1.49048989149   -0.07651000440    0.74426707438
| 62> H:                      0.42878796509    0.76824059940    2.71621382127
| 63> H:                      0.62403522322    1.98659215615    1.41563893378
| 64> Ti                      0.00000000000    0.00000000000   -1.33807142264
| 65> O                      -0.01054518389    0.01041339435   -3.24910669693
| 66> O                      -1.22535105068   -1.48322710251   -1.16114063363
| 67> O                      -1.21183603561    1.49264677878   -1.11915424611
| 68> O                       1.24749495126   -1.51422722755   -1.26374695913
| 69> O                       1.25439008494    1.54227815700   -1.29430321331
| 70> Ti                     -0.00122090246   -2.95438555219   -1.48547979454
| 71> Ti                      0.00002248039    2.96537345130   -1.49682151131
| 72> O                       3.10598737838    0.00459982464   -0.00793290675
| 73> O                      -3.25801710391    0.01031232011   -2.57545719072
| 74> O                      -3.23394781584    0.00917142172   -0.00395175739
| 75> O                       3.31197482044    0.00703449431   -2.58493364748
| 76> O                      -0.02120828598   -2.96990201519   -3.28694097294
| 77> Ti                      0.08293367429   -1.44456083798   -4.59246122543
| 78> O                      -0.03508689611    2.98316030326   -3.29588549461
| 79> Ti                      0.08330326465    1.45754983918   -4.59818387545
| 80> Ti                     -3.25659001122   -1.47223676771   -1.08970630539
| 81> Ti                      3.25103342482    1.49449616177   -1.12335312799
| 82> Ti                     -3.25646001385    1.48887619497   -1.09380847576
| 83> Ti                      3.25990466522   -1.49356199026   -1.12229704541
| 84> O                       1.95718529944   -1.47265943387   -4.53229640405
| 85> O                       1.95752237417    1.48872401350   -4.53164347684
| 86> O                      -1.95872760697   -1.47185904047   -4.54256795006
| 87> O                      -1.95949290797    1.48410778222   -4.54887905411
| 88> Ti                     -3.18660955941    0.00703891409   -4.43832977510
| 89> O                       0.00196139953    0.00504511146   -5.81569593635
| 90> Ti                      3.32386005285    0.00636111413   -4.44538464593
| 91> O                      -3.24393639325    2.96071117794   -2.57580148421
| 92> O                       3.22158369205    2.95097121995   -0.00949242416
| 93> O                      -3.25680371071   -2.95150214478   -2.57680762281
| 94> O                       3.23204390072   -2.94386991704   -0.01130033425
| 95> O                       3.28165029249   -2.95375025799   -2.57955589125
| 96> O                      -3.25178520906   -2.94841444196   -0.00389936226
| 97> O                      -3.24882719960    2.96197857947   -0.00134092747
| 98> O                       1.22005053932   -4.43253475757   -1.15183948028
| 99> O                       3.29240206243    2.97451173577   -2.58065193651
|100> O                       1.21943048860    4.44158314157   -1.15320076874
|101> O                      -1.23212094380   -4.43788555437   -1.14700860637
|102> O                      -1.23100033976    4.45439651740   -1.14293084034
|103> O                      -0.00019685689   -2.93508640339   -5.82397626332
|104> O                       0.00078247750    2.94959439393   -5.82744354351
|105> O                       5.27351765621   -1.46396610542   -1.10624087845
|106> O                       5.27304641280    1.47660066557   -1.10549029370
|107> O                      -5.28294739900   -1.47143563082   -1.13300195903
|108> O                      -5.28187000144    1.48656151127   -1.13283849781
|109> Ti                      3.23583363005   -4.43939826505   -1.09060020295
|110> Ti                     -3.25006137269   -4.42964968677   -1.08895232853
|111> Ti                      3.23632718065    4.44194515777   -1.09078193103
|112> Ti                     -3.24731879003    4.44458168405   -1.08791866758
|113> O                      -4.55497858963   -1.47280880983   -4.54811476798
|114> O                      -4.55512554774    1.48747647669   -4.54746994879
|115> O                       4.55313130307   -1.47587970510   -4.56091992534
|116> O                       4.55333580504    1.48849876736   -4.56176438682
|117> Ti                     -0.01652575250   -5.90923753025   -1.48929871894
|118> Ti                     -0.01652575250    5.92114395058   -1.48929871894
|119> O                       3.24115361540    0.00625964610   -6.54314697042
|120> O                      -3.26083843637    0.00625964610   -6.54314697042
|121> O                      -0.00577009701   -5.90947305838   -3.28788966428
|122> O                      -0.00577009701    5.92090842244   -3.28788966428
|123> Ti                     -6.50113982158    0.00774664581   -1.45920688906
|124> Ti                      6.50284428197    0.00774664581   -1.45920688906
|125> O                       6.49336600113    0.00673341465   -3.26488172846
|126> O                      -6.51061810242    0.00673341465   -3.26488172846
|127> O                       3.25293417359   -5.90842881783   -2.57141129050
|128> O                      -3.25566244445   -5.90927832959   -2.57658226736
|129> O                       3.25293417359    5.92195266299   -2.57141129050
|130> O                      -3.25566244445    5.92110315124   -2.57658226736
|131> O                       3.24248986798   -5.91156331411    0.00000000000
|132> O                       3.24248986798    5.91881816671    0.00000000000
|133> O                      -3.26421704874   -5.90839555717   -0.00254799545
|134> O                       5.27245513825   -4.43037395570   -1.12768853425
|135> O                      -3.26421704874    5.92198592365   -0.00254799545
|136> O                      -5.28619895185   -4.42626972508   -1.13629905679
|137> O                       5.27316198250    4.44291127632   -1.12155209077
|138> O                      -5.28448111109    4.43732172602   -1.14014739801
|139> Ti                      6.49464777486   -2.95569920764   -1.45740178224
|140> Ti                      6.49187230890    2.96790101099   -1.45713099450
|141> Ti                     -6.50933632869   -2.95569920764   -1.45740178224
|142> Ti                     -6.51211179465    2.96790101099   -1.45713099450
|143> O                       6.49274797722   -2.94906395958   -3.26292210807
|144> O                       6.49058987292    2.96206892584   -3.26309623172
|145> O                      -6.51123612633   -2.94906395958   -3.26292210807
|146> O                      -6.51339423063    2.96206892584   -3.26309623172
|147> O                      -1.23100033976   -7.37598496342   -1.14293084034
|148> O                       1.21943048860   -7.38879833925   -1.15320076874
|149> O                      -1.23212094380    7.39249592646   -1.14700860637
|150> O                       1.22005053932    7.39784672325   -1.15183948028
|151> O                       7.72103670455   -1.47143563082   -1.13300195903
|152> O                       7.72211410211    1.48656151127   -1.13283849781
|153> O                      -7.73046644734   -1.46396610542   -1.10624087845
|154> O                      -7.73093769075    1.47660066557   -1.10549029370
|155> O                       7.71778515170   -4.42626972508   -1.13629905679
|156> O                       7.71950299246    4.43732172602   -1.14014739801
|157> O                      -7.73152896530   -4.43037395570   -1.12768853425
|158> O                      -7.73082212104    4.44291127632   -1.12155209077
|159> Ti>    4.00000000000   -3.18204185687   -2.94968936082   -4.43946446195
|160> NewECP
|161> N_core 0
|162>   lmax f
|163>   s 2
|164>    1      0.860000       9.191690  2
|165>    2      0.172000       0.008301  2
|166>   p 2
|167>    1      0.860000      17.997720  2
|168>    2      0.172000      -0.032600  2
|169>   d 2
|170>    1      1.600000      -9.504310  2
|171>    2      0.320000      -0.151370  2
|172>   f 1
|173>    1      1.000000000    0.000000000 2
|174> end
|175> Ti>    4.00000000000   -3.18091527205    2.96376288323   -4.44266062246
|176> NewECP
|177> N_core 0
|178>   lmax f
|179>   s 2
|180>    1      0.860000       9.191690  2
|181>    2      0.172000       0.008301  2
|182>   p 2
|183>    1      0.860000      17.997720  2
|184>    2      0.172000      -0.032600  2
|185>   d 2
|186>    1      1.600000      -9.504310  2
|187>    2      0.320000      -0.151370  2
|188>   f 1
|189>    1      1.000000000    0.000000000 2
|190> end
|191> Ti>    4.00000000000    3.31944617297   -2.95288167635   -4.45244160177
|192> NewECP
|193> N_core 0
|194>   lmax f
|195>   s 2
|196>    1      0.860000       9.191690  2
|197>    2      0.172000       0.008301  2
|198>   p 2
|199>    1      0.860000      17.997720  2
|200>    2      0.172000      -0.032600  2
|201>   d 2
|202>    1      1.600000      -9.504310  2
|203>    2      0.320000      -0.151370  2
|204>   f 1
|205>    1      1.000000000    0.000000000 2
|206> end
|207> Ti>    4.00000000000    3.32091429267    2.96520866993   -4.45037393472
|208> NewECP
|209> N_core 0
|210>   lmax f
|211>   s 2
|212>    1      0.860000       9.191690  2
|213>    2      0.172000       0.008301  2
|214>   p 2
|215>    1      0.860000      17.997720  2
|216>    2      0.172000      -0.032600  2
|217>   d 2
|218>    1      1.600000      -9.504310  2
|219>    2      0.320000      -0.151370  2
|220>   f 1
|221>    1      1.000000000    0.000000000 2
|222> end
|223> Ti>    4.00000000000    0.08050640881   -4.41643328715   -4.66645148787
|224> NewECP
|225> N_core 0
|226>   lmax f
|227>   s 2
|228>    1      0.860000       9.191690  2
|229>    2      0.172000       0.008301  2
|230>   p 2
|231>    1      0.860000      17.997720  2
|232>    2      0.172000      -0.032600  2
|233>   d 2
|234>    1      1.600000      -9.504310  2
|235>    2      0.320000      -0.151370  2
|236>   f 1
|237>    1      1.000000000    0.000000000 2
|238> end
|239> Ti>    4.00000000000    0.08227284752    4.43114417589   -4.66976262263
|240> NewECP
|241> N_core 0
|242>   lmax f
|243>   s 2
|244>    1      0.860000       9.191690  2
|245>    2      0.172000       0.008301  2
|246>   p 2
|247>    1      0.860000      17.997720  2
|248>    2      0.172000      -0.032600  2
|249>   d 2
|250>    1      1.600000      -9.504310  2
|251>    2      0.320000      -0.151370  2
|252>   f 1
|253>    1      1.000000000    0.000000000 2
|254> end
|255> Ti>    4.00000000000   -0.00984241049    0.00625964610   -7.81753153775
|256> NewECP
|257> N_core 0
|258>   lmax f
|259>   s 2
|260>    1      0.860000       9.191690  2
|261>    2      0.172000       0.008301  2
|262>   p 2
|263>    1      0.860000      17.997720  2
|264>    2      0.172000      -0.032600  2
|265>   d 2
|266>    1      1.600000      -9.504310  2
|267>    2      0.320000      -0.151370  2
|268>   f 1
|269>    1      1.000000000    0.000000000 2
|270> end
|271> Ti>    4.00000000000   -0.00984241049   -2.95133572410   -7.81753153775
|272> NewECP
|273> N_core 0
|274>   lmax f
|275>   s 2
|276>    1      0.860000       9.191690  2
|277>    2      0.172000       0.008301  2
|278>   p 2
|279>    1      0.860000      17.997720  2
|280>    2      0.172000      -0.032600  2
|281>   d 2
|282>    1      1.600000      -9.504310  2
|283>    2      0.320000      -0.151370  2
|284>   f 1
|285>    1      1.000000000    0.000000000 2
|286> end
|287> Ti>    4.00000000000   -0.00984241049    2.96385501631   -7.81753153775
|288> NewECP
|289> N_core 0
|290>   lmax f
|291>   s 2
|292>    1      0.860000       9.191690  2
|293>    2      0.172000       0.008301  2
|294>   p 2
|295>    1      0.860000      17.997720  2
|296>    2      0.172000      -0.032600  2
|297>   d 2
|298>    1      1.600000      -9.504310  2
|299>    2      0.320000      -0.151370  2
|300>   f 1
|301>    1      1.000000000    0.000000000 2
|302> end
|303> Ti>    4.00000000000   -6.42100180501   -1.47274473271   -4.63917858613
|304> NewECP
|305> N_core 0
|306>   lmax f
|307>   s 2
|308>    1      0.860000       9.191690  2
|309>    2      0.172000       0.008301  2
|310>   p 2
|311>    1      0.860000      17.997720  2
|312>    2      0.172000      -0.032600  2
|313>   d 2
|314>    1      1.600000      -9.504310  2
|315>    2      0.320000      -0.151370  2
|316>   f 1
|317>    1      1.000000000    0.000000000 2
|318> end
|319> Ti>    4.00000000000   -6.42088754184    1.48593261243   -4.63863317356
|320> NewECP
|321> N_core 0
|322>   lmax f
|323>   s 2
|324>    1      0.860000       9.191690  2
|325>    2      0.172000       0.008301  2
|326>   p 2
|327>    1      0.860000      17.997720  2
|328>    2      0.172000      -0.032600  2
|329>   d 2
|330>    1      1.600000      -9.504310  2
|331>    2      0.320000      -0.151370  2
|332>   f 1
|333>    1      1.000000000    0.000000000 2
|334> end
|335> Ti>    4.00000000000    3.24115361540   -1.47253803900   -7.81753153775
|336> NewECP
|337> N_core 0
|338>   lmax f
|339>   s 2
|340>    1      0.860000       9.191690  2
|341>    2      0.172000       0.008301  2
|342>   p 2
|343>    1      0.860000      17.997720  2
|344>    2      0.172000      -0.032600  2
|345>   d 2
|346>    1      1.600000      -9.504310  2
|347>    2      0.320000      -0.151370  2
|348>   f 1
|349>    1      1.000000000    0.000000000 2
|350> end
|351> Ti>    4.00000000000   -3.18276059561   -5.90904848220   -4.43910019399
|352> NewECP
|353> N_core 0
|354>   lmax f
|355>   s 2
|356>    1      0.860000       9.191690  2
|357>    2      0.172000       0.008301  2
|358>   p 2
|359>    1      0.860000      17.997720  2
|360>    2      0.172000      -0.032600  2
|361>   d 2
|362>    1      1.600000      -9.504310  2
|363>    2      0.320000      -0.151370  2
|364>   f 1
|365>    1      1.000000000    0.000000000 2
|366> end
|367> Ti>    4.00000000000    3.24115361540    1.48505733121   -7.81753153775
|368> NewECP
|369> N_core 0
|370>   lmax f
|371>   s 2
|372>    1      0.860000       9.191690  2
|373>    2      0.172000       0.008301  2
|374>   p 2
|375>    1      0.860000      17.997720  2
|376>    2      0.172000      -0.032600  2
|377>   d 2
|378>    1      1.600000      -9.504310  2
|379>    2      0.320000      -0.151370  2
|380>   f 1
|381>    1      1.000000000    0.000000000 2
|382> end
|383> Ti>    4.00000000000   -3.26083843637   -1.47253803900   -7.81753153775
|384> NewECP
|385> N_core 0
|386>   lmax f
|387>   s 2
|388>    1      0.860000       9.191690  2
|389>    2      0.172000       0.008301  2
|390>   p 2
|391>    1      0.860000      17.997720  2
|392>    2      0.172000      -0.032600  2
|393>   d 2
|394>    1      1.600000      -9.504310  2
|395>    2      0.320000      -0.151370  2
|396>   f 1
|397>    1      1.000000000    0.000000000 2
|398> end
|399> Ti>    4.00000000000   -3.18276059561    5.92133299863   -4.43910019399
|400> NewECP
|401> N_core 0
|402>   lmax f
|403>   s 2
|404>    1      0.860000       9.191690  2
|405>    2      0.172000       0.008301  2
|406>   p 2
|407>    1      0.860000      17.997720  2
|408>    2      0.172000      -0.032600  2
|409>   d 2
|410>    1      1.600000      -9.504310  2
|411>    2      0.320000      -0.151370  2
|412>   f 1
|413>    1      1.000000000    0.000000000 2
|414> end
|415> Ti>    4.00000000000   -3.26083843637    1.48505733121   -7.81753153775
|416> NewECP
|417> N_core 0
|418>   lmax f
|419>   s 2
|420>    1      0.860000       9.191690  2
|421>    2      0.172000       0.008301  2
|422>   p 2
|423>    1      0.860000      17.997720  2
|424>    2      0.172000      -0.032600  2
|425>   d 2
|426>    1      1.600000      -9.504310  2
|427>    2      0.320000      -0.151370  2
|428>   f 1
|429>    1      1.000000000    0.000000000 2
|430> end
|431> Ti>    4.00000000000    3.31527735314   -5.90833806215   -4.44083243901
|432> NewECP
|433> N_core 0
|434>   lmax f
|435>   s 2
|436>    1      0.860000       9.191690  2
|437>    2      0.172000       0.008301  2
|438>   p 2
|439>    1      0.860000      17.997720  2
|440>    2      0.172000      -0.032600  2
|441>   d 2
|442>    1      1.600000      -9.504310  2
|443>    2      0.320000      -0.151370  2
|444>   f 1
|445>    1      1.000000000    0.000000000 2
|446> end
|447> Ti>    4.00000000000    3.31527735314    5.92204341867   -4.44083243901
|448> NewECP
|449> N_core 0
|450>   lmax f
|451>   s 2
|452>    1      0.860000       9.191690  2
|453>    2      0.172000       0.008301  2
|454>   p 2
|455>    1      0.860000      17.997720  2
|456>    2      0.172000      -0.032600  2
|457>   d 2
|458>    1      1.600000      -9.504310  2
|459>    2      0.320000      -0.151370  2
|460>   f 1
|461>    1      1.000000000    0.000000000 2
|462> end
|463> Ti>    4.00000000000    6.58298229854   -1.47274473271   -4.63917858613
|464> NewECP
|465> N_core 0
|466>   lmax f
|467>   s 2
|468>    1      0.860000       9.191690  2
|469>    2      0.172000       0.008301  2
|470>   p 2
|471>    1      0.860000      17.997720  2
|472>    2      0.172000      -0.032600  2
|473>   d 2
|474>    1      1.600000      -9.504310  2
|475>    2      0.320000      -0.151370  2
|476>   f 1
|477>    1      1.000000000    0.000000000 2
|478> end
|479> Ti>    4.00000000000    6.58309656171    1.48593261243   -4.63863317356
|480> NewECP
|481> N_core 0
|482>   lmax f
|483>   s 2
|484>    1      0.860000       9.191690  2
|485>    2      0.172000       0.008301  2
|486>   p 2
|487>    1      0.860000      17.997720  2
|488>    2      0.172000      -0.032600  2
|489>   d 2
|490>    1      1.600000      -9.504310  2
|491>    2      0.320000      -0.151370  2
|492>   f 1
|493>    1      1.000000000    0.000000000 2
|494> end
|495> Ti>    4.00000000000    3.23632718065   -7.38843632305   -1.09078193103
|496> NewECP
|497> N_core 0
|498>   lmax f
|499>   s 2
|500>    1      0.860000       9.191690  2
|501>    2      0.172000       0.008301  2
|502>   p 2
|503>    1      0.860000      17.997720  2
|504>    2      0.172000      -0.032600  2
|505>   d 2
|506>    1      1.600000      -9.504310  2
|507>    2      0.320000      -0.151370  2
|508>   f 1
|509>    1      1.000000000    0.000000000 2
|510> end
|511> Ti>    4.00000000000   -3.24731879003   -7.38579979677   -1.08791866758
|512> NewECP
|513> N_core 0
|514>   lmax f
|515>   s 2
|516>    1      0.860000       9.191690  2
|517>    2      0.172000       0.008301  2
|518>   p 2
|519>    1      0.860000      17.997720  2
|520>    2      0.172000      -0.032600  2
|521>   d 2
|522>    1      1.600000      -9.504310  2
|523>    2      0.320000      -0.151370  2
|524>   f 1
|525>    1      1.000000000    0.000000000 2
|526> end
|527> Ti>    4.00000000000    3.23583363005    7.39098321577   -1.09060020295
|528> NewECP
|529> N_core 0
|530>   lmax f
|531>   s 2
|532>    1      0.860000       9.191690  2
|533>    2      0.172000       0.008301  2
|534>   p 2
|535>    1      0.860000      17.997720  2
|536>    2      0.172000      -0.032600  2
|537>   d 2
|538>    1      1.600000      -9.504310  2
|539>    2      0.320000      -0.151370  2
|540>   f 1
|541>    1      1.000000000    0.000000000 2
|542> end
|543> Ti>    4.00000000000   -3.25006137269    7.40073179405   -1.08895232853
|544> NewECP
|545> N_core 0
|546>   lmax f
|547>   s 2
|548>    1      0.860000       9.191690  2
|549>    2      0.172000       0.008301  2
|550>   p 2
|551>    1      0.860000      17.997720  2
|552>    2      0.172000      -0.032600  2
|553>   d 2
|554>    1      1.600000      -9.504310  2
|555>    2      0.320000      -0.151370  2
|556>   f 1
|557>    1      1.000000000    0.000000000 2
|558> end
|559> Ti>    4.00000000000    0.08227284752   -7.39923730493   -4.66976262263
|560> NewECP
|561> N_core 0
|562>   lmax f
|563>   s 2
|564>    1      0.860000       9.191690  2
|565>    2      0.172000       0.008301  2
|566>   p 2
|567>    1      0.860000      17.997720  2
|568>    2      0.172000      -0.032600  2
|569>   d 2
|570>    1      1.600000      -9.504310  2
|571>    2      0.320000      -0.151370  2
|572>   f 1
|573>    1      1.000000000    0.000000000 2
|574> end
|575> Ti>    4.00000000000    0.08050640881    7.41394819367   -4.66645148787
|576> NewECP
|577> N_core 0
|578>   lmax f
|579>   s 2
|580>    1      0.860000       9.191690  2
|581>    2      0.172000       0.008301  2
|582>   p 2
|583>    1      0.860000      17.997720  2
|584>    2      0.172000      -0.032600  2
|585>   d 2
|586>    1      1.600000      -9.504310  2
|587>    2      0.320000      -0.151370  2
|588>   f 1
|589>    1      1.000000000    0.000000000 2
|590> end
|591> Ti>    4.00000000000   -6.41726740344   -4.43051322054   -4.63665712733
|592> NewECP
|593> N_core 0
|594>   lmax f
|595>   s 2
|596>    1      0.860000       9.191690  2
|597>    2      0.172000       0.008301  2
|598>   p 2
|599>    1      0.860000      17.997720  2
|600>    2      0.172000      -0.032600  2
|601>   d 2
|602>    1      1.600000      -9.504310  2
|603>    2      0.320000      -0.151370  2
|604>   f 1
|605>    1      1.000000000    0.000000000 2
|606> end
|607> Ti>    4.00000000000   -6.41943950033    4.44323331185   -4.63694353463
|608> NewECP
|609> N_core 0
|610>   lmax f
|611>   s 2
|612>    1      0.860000       9.191690  2
|613>    2      0.172000       0.008301  2
|614>   p 2
|615>    1      0.860000      17.997720  2
|616>    2      0.172000      -0.032600  2
|617>   d 2
|618>    1      1.600000      -9.504310  2
|619>    2      0.320000      -0.151370  2
|620>   f 1
|621>    1      1.000000000    0.000000000 2
|622> end
|623> Ti>    4.00000000000    3.24115361540   -4.43013340920   -7.81753153775
|624> NewECP
|625> N_core 0
|626>   lmax f
|627>   s 2
|628>    1      0.860000       9.191690  2
|629>    2      0.172000       0.008301  2
|630>   p 2
|631>    1      0.860000      17.997720  2
|632>    2      0.172000      -0.032600  2
|633>   d 2
|634>    1      1.600000      -9.504310  2
|635>    2      0.320000      -0.151370  2
|636>   f 1
|637>    1      1.000000000    0.000000000 2
|638> end
|639> Ti>    4.00000000000    3.24115361540    4.44265270141   -7.81753153775
|640> NewECP
|641> N_core 0
|642>   lmax f
|643>   s 2
|644>    1      0.860000       9.191690  2
|645>    2      0.172000       0.008301  2
|646>   p 2
|647>    1      0.860000      17.997720  2
|648>    2      0.172000      -0.032600  2
|649>   d 2
|650>    1      1.600000      -9.504310  2
|651>    2      0.320000      -0.151370  2
|652>   f 1
|653>    1      1.000000000    0.000000000 2
|654> end
|655> Ti>    4.00000000000   -3.26083843637   -4.43013340920   -7.81753153775
|656> NewECP
|657> N_core 0
|658>   lmax f
|659>   s 2
|660>    1      0.860000       9.191690  2
|661>    2      0.172000       0.008301  2
|662>   p 2
|663>    1      0.860000      17.997720  2
|664>    2      0.172000      -0.032600  2
|665>   d 2
|666>    1      1.600000      -9.504310  2
|667>    2      0.320000      -0.151370  2
|668>   f 1
|669>    1      1.000000000    0.000000000 2
|670> end
|671> Ti>    4.00000000000   -3.26083843637    4.44265270141   -7.81753153775
|672> NewECP
|673> N_core 0
|674>   lmax f
|675>   s 2
|676>    1      0.860000       9.191690  2
|677>    2      0.172000       0.008301  2
|678>   p 2
|679>    1      0.860000      17.997720  2
|680>    2      0.172000      -0.032600  2
|681>   d 2
|682>    1      1.600000      -9.504310  2
|683>    2      0.320000      -0.151370  2
|684>   f 1
|685>    1      1.000000000    0.000000000 2
|686> end
|687> Ti>    4.00000000000    6.58671670010   -4.43051322054   -4.63665712733
|688> NewECP
|689> N_core 0
|690>   lmax f
|691>   s 2
|692>    1      0.860000       9.191690  2
|693>    2      0.172000       0.008301  2
|694>   p 2
|695>    1      0.860000      17.997720  2
|696>    2      0.172000      -0.032600  2
|697>   d 2
|698>    1      1.600000      -9.504310  2
|699>    2      0.320000      -0.151370  2
|700>   f 1
|701>    1      1.000000000    0.000000000 2
|702> end
|703> Ti>    4.00000000000    6.58454460321    4.44323331185   -4.63694353463
|704> NewECP
|705> N_core 0
|706>   lmax f
|707>   s 2
|708>    1      0.860000       9.191690  2
|709>    2      0.172000       0.008301  2
|710>   p 2
|711>    1      0.860000      17.997720  2
|712>    2      0.172000      -0.032600  2
|713>   d 2
|714>    1      1.600000      -9.504310  2
|715>    2      0.320000      -0.151370  2
|716>   f 1
|717>    1      1.000000000    0.000000000 2
|718> end
|719> Ti>    4.00000000000   -0.00984241049   -5.90893109431   -7.81753153775
|720> NewECP
|721> N_core 0
|722>   lmax f
|723>   s 2
|724>    1      0.860000       9.191690  2
|725>    2      0.172000       0.008301  2
|726>   p 2
|727>    1      0.860000      17.997720  2
|728>    2      0.172000      -0.032600  2
|729>   d 2
|730>    1      1.600000      -9.504310  2
|731>    2      0.320000      -0.151370  2
|732>   f 1
|733>    1      1.000000000    0.000000000 2
|734> end
|735> Ti>    4.00000000000   -0.00984241049    5.92145038652   -7.81753153775
|736> NewECP
|737> N_core 0
|738>   lmax f
|739>   s 2
|740>    1      0.860000       9.191690  2
|741>    2      0.172000       0.008301  2
|742>   p 2
|743>    1      0.860000      17.997720  2
|744>    2      0.172000      -0.032600  2
|745>   d 2
|746>    1      1.600000      -9.504310  2
|747>    2      0.320000      -0.151370  2
|748>   f 1
|749>    1      1.000000000    0.000000000 2
|750> end
|751> Ti>    4.00000000000    6.49537930510   -5.90957489693   -1.45813350750
|752> NewECP
|753> N_core 0
|754>   lmax f
|755>   s 2
|756>    1      0.860000       9.191690  2
|757>    2      0.172000       0.008301  2
|758>   p 2
|759>    1      0.860000      17.997720  2
|760>    2      0.172000      -0.032600  2
|761>   d 2
|762>    1      1.600000      -9.504310  2
|763>    2      0.320000      -0.151370  2
|764>   f 1
|765>    1      1.000000000    0.000000000 2
|766> end
|767> Ti>    4.00000000000    6.49537930510    5.92080658389   -1.45813350750
|768> NewECP
|769> N_core 0
|770>   lmax f
|771>   s 2
|772>    1      0.860000       9.191690  2
|773>    2      0.172000       0.008301  2
|774>   p 2
|775>    1      0.860000      17.997720  2
|776>    2      0.172000      -0.032600  2
|777>   d 2
|778>    1      1.600000      -9.504310  2
|779>    2      0.320000      -0.151370  2
|780>   f 1
|781>    1      1.000000000    0.000000000 2
|782> end
|783> Ti>    4.00000000000   -6.50860479845   -5.90957489693   -1.45813350750
|784> NewECP
|785> N_core 0
|786>   lmax f
|787>   s 2
|788>    1      0.860000       9.191690  2
|789>    2      0.172000       0.008301  2
|790>   p 2
|791>    1      0.860000      17.997720  2
|792>    2      0.172000      -0.032600  2
|793>   d 2
|794>    1      1.600000      -9.504310  2
|795>    2      0.320000      -0.151370  2
|796>   f 1
|797>    1      1.000000000    0.000000000 2
|798> end
|799> Ti>    4.00000000000   -6.50860479845    5.92080658389   -1.45813350750
|800> NewECP
|801> N_core 0
|802>   lmax f
|803>   s 2
|804>    1      0.860000       9.191690  2
|805>    2      0.172000       0.008301  2
|806>   p 2
|807>    1      0.860000      17.997720  2
|808>    2      0.172000      -0.032600  2
|809>   d 2
|810>    1      1.600000      -9.504310  2
|811>    2      0.320000      -0.151370  2
|812>   f 1
|813>    1      1.000000000    0.000000000 2
|814> end
|815> Ti>    4.00000000000    0.00002248039   -8.86500802953   -1.49682151131
|816> NewECP
|817> N_core 0
|818>   lmax f
|819>   s 2
|820>    1      0.860000       9.191690  2
|821>    2      0.172000       0.008301  2
|822>   p 2
|823>    1      0.860000      17.997720  2
|824>    2      0.172000      -0.032600  2
|825>   d 2
|826>    1      1.600000      -9.504310  2
|827>    2      0.320000      -0.151370  2
|828>   f 1
|829>    1      1.000000000    0.000000000 2
|830> end
|831> Ti>    4.00000000000   -0.00122090246    8.87599592863   -1.48547979454
|832> NewECP
|833> N_core 0
|834>   lmax f
|835>   s 2
|836>    1      0.860000       9.191690  2
|837>    2      0.172000       0.008301  2
|838>   p 2
|839>    1      0.860000      17.997720  2
|840>    2      0.172000      -0.032600  2
|841>   d 2
|842>    1      1.600000      -9.504310  2
|843>    2      0.320000      -0.151370  2
|844>   f 1
|845>    1      1.000000000    0.000000000 2
|846> end
|847> Ti>    4.00000000000    6.49214964129    0.00625964610   -7.81753153775
|848> NewECP
|849> N_core 0
|850>   lmax f
|851>   s 2
|852>    1      0.860000       9.191690  2
|853>    2      0.172000       0.008301  2
|854>   p 2
|855>    1      0.860000      17.997720  2
|856>    2      0.172000      -0.032600  2
|857>   d 2
|858>    1      1.600000      -9.504310  2
|859>    2      0.320000      -0.151370  2
|860>   f 1
|861>    1      1.000000000    0.000000000 2
|862> end
|863> Ti>    4.00000000000   -6.51183446226    0.00625964610   -7.81753153775
|864> NewECP
|865> N_core 0
|866>   lmax f
|867>   s 2
|868>    1      0.860000       9.191690  2
|869>    2      0.172000       0.008301  2
|870>   p 2
|871>    1      0.860000      17.997720  2
|872>    2      0.172000      -0.032600  2
|873>   d 2
|874>    1      1.600000      -9.504310  2
|875>    2      0.320000      -0.151370  2
|876>   f 1
|877>    1      1.000000000    0.000000000 2
|878> end
|879> Ti>    4.00000000000    6.49214964129   -2.95133572410   -7.81753153775
|880> NewECP
|881> N_core 0
|882>   lmax f
|883>   s 2
|884>    1      0.860000       9.191690  2
|885>    2      0.172000       0.008301  2
|886>   p 2
|887>    1      0.860000      17.997720  2
|888>    2      0.172000      -0.032600  2
|889>   d 2
|890>    1      1.600000      -9.504310  2
|891>    2      0.320000      -0.151370  2
|892>   f 1
|893>    1      1.000000000    0.000000000 2
|894> end
|895> Ti>    4.00000000000    6.49214964129    2.96385501631   -7.81753153775
|896> NewECP
|897> N_core 0
|898>   lmax f
|899>   s 2
|900>    1      0.860000       9.191690  2
|901>    2      0.172000       0.008301  2
|902>   p 2
|903>    1      0.860000      17.997720  2
|904>    2      0.172000      -0.032600  2
|905>   d 2
|906>    1      1.600000      -9.504310  2
|907>    2      0.320000      -0.151370  2
|908>   f 1
|909>    1      1.000000000    0.000000000 2
|910> end
|911> Ti>    4.00000000000   -6.51183446226   -2.95133572410   -7.81753153775
|912> NewECP
|913> N_core 0
|914>   lmax f
|915>   s 2
|916>    1      0.860000       9.191690  2
|917>    2      0.172000       0.008301  2
|918>   p 2
|919>    1      0.860000      17.997720  2
|920>    2      0.172000      -0.032600  2
|921>   d 2
|922>    1      1.600000      -9.504310  2
|923>    2      0.320000      -0.151370  2
|924>   f 1
|925>    1      1.000000000    0.000000000 2
|926> end
|927> Ti>    4.00000000000   -6.51183446226    2.96385501631   -7.81753153775
|928> NewECP
|929> N_core 0
|930>   lmax f
|931>   s 2
|932>    1      0.860000       9.191690  2
|933>    2      0.172000       0.008301  2
|934>   p 2
|935>    1      0.860000      17.997720  2
|936>    2      0.172000      -0.032600  2
|937>   d 2
|938>    1      1.600000      -9.504310  2
|939>    2      0.320000      -0.151370  2
|940>   f 1
|941>    1      1.000000000    0.000000000 2
|942> end
|943> Ti>    4.00000000000   -0.00984241049   -1.47253803900  -11.06852756364
|944> NewECP
|945> N_core 0
|946>   lmax f
|947>   s 2
|948>    1      0.860000       9.191690  2
|949>    2      0.172000       0.008301  2
|950>   p 2
|951>    1      0.860000      17.997720  2
|952>    2      0.172000      -0.032600  2
|953>   d 2
|954>    1      1.600000      -9.504310  2
|955>    2      0.320000      -0.151370  2
|956>   f 1
|957>    1      1.000000000    0.000000000 2
|958> end
|959> Ti>    4.00000000000   -0.00984241049    1.48505733121  -11.06852756364
|960> NewECP
|961> N_core 0
|962>   lmax f
|963>   s 2
|964>    1      0.860000       9.191690  2
|965>    2      0.172000       0.008301  2
|966>   p 2
|967>    1      0.860000      17.997720  2
|968>    2      0.172000      -0.032600  2
|969>   d 2
|970>    1      1.600000      -9.504310  2
|971>    2      0.320000      -0.151370  2
|972>   f 1
|973>    1      1.000000000    0.000000000 2
|974> end
|975> Ti>    4.00000000000   -9.74407943832   -1.49356199026   -1.12229704541
|976> NewECP
|977> N_core 0
|978>   lmax f
|979>   s 2
|980>    1      0.860000       9.191690  2
|981>    2      0.172000       0.008301  2
|982>   p 2
|983>    1      0.860000      17.997720  2
|984>    2      0.172000      -0.032600  2
|985>   d 2
|986>    1      1.600000      -9.504310  2
|987>    2      0.320000      -0.151370  2
|988>   f 1
|989>    1      1.000000000    0.000000000 2
|990> end
|991> Ti>    4.00000000000    9.74739409233   -1.47223676771   -1.08970630539
|992> NewECP
|993> N_core 0
|994>   lmax f
|995>   s 2
|996>    1      0.860000       9.191690  2
|997>    2      0.172000       0.008301  2
|998>   p 2
|999>    1      0.860000      17.997720  2
|1000>    2      0.172000      -0.032600  2
|1001>   d 2
|1002>    1      1.600000      -9.504310  2
|1003>    2      0.320000      -0.151370  2
|1004>   f 1
|1005>    1      1.000000000    0.000000000 2
|1006> end
|1007> Ti>    4.00000000000    9.74752408969    1.48887619497   -1.09380847576
|1008> NewECP
|1009> N_core 0
|1010>   lmax f
|1011>   s 2
|1012>    1      0.860000       9.191690  2
|1013>    2      0.172000       0.008301  2
|1014>   p 2
|1015>    1      0.860000      17.997720  2
|1016>    2      0.172000      -0.032600  2
|1017>   d 2
|1018>    1      1.600000      -9.504310  2
|1019>    2      0.320000      -0.151370  2
|1020>   f 1
|1021>    1      1.000000000    0.000000000 2
|1022> end
|1023> Ti>    4.00000000000   -9.75295067873    1.49449616177   -1.12335312799
|1024> NewECP
|1025> N_core 0
|1026>   lmax f
|1027>   s 2
|1028>    1      0.860000       9.191690  2
|1029>    2      0.172000       0.008301  2
|1030>   p 2
|1031>    1      0.860000      17.997720  2
|1032>    2      0.172000      -0.032600  2
|1033>   d 2
|1034>    1      1.600000      -9.504310  2
|1035>    2      0.320000      -0.151370  2
|1036>   f 1
|1037>    1      1.000000000    0.000000000 2
|1038> end
|1039> Ti>    4.00000000000   -3.18091527205   -8.86661859760   -4.44266062246
|1040> NewECP
|1041> N_core 0
|1042>   lmax f
|1043>   s 2
|1044>    1      0.860000       9.191690  2
|1045>    2      0.172000       0.008301  2
|1046>   p 2
|1047>    1      0.860000      17.997720  2
|1048>    2      0.172000      -0.032600  2
|1049>   d 2
|1050>    1      1.600000      -9.504310  2
|1051>    2      0.320000      -0.151370  2
|1052>   f 1
|1053>    1      1.000000000    0.000000000 2
|1054> end
|1055> Ti>    4.00000000000   -3.18204185687    8.88069212000   -4.43946446195
|1056> NewECP
|1057> N_core 0
|1058>   lmax f
|1059>   s 2
|1060>    1      0.860000       9.191690  2
|1061>    2      0.172000       0.008301  2
|1062>   p 2
|1063>    1      0.860000      17.997720  2
|1064>    2      0.172000      -0.032600  2
|1065>   d 2
|1066>    1      1.600000      -9.504310  2
|1067>    2      0.320000      -0.151370  2
|1068>   f 1
|1069>    1      1.000000000    0.000000000 2
|1070> end
|1071> Ti>    4.00000000000    3.32091429267   -8.86517281089   -4.45037393472
|1072> NewECP
|1073> N_core 0
|1074>   lmax f
|1075>   s 2
|1076>    1      0.860000       9.191690  2
|1077>    2      0.172000       0.008301  2
|1078>   p 2
|1079>    1      0.860000      17.997720  2
|1080>    2      0.172000      -0.032600  2
|1081>   d 2
|1082>    1      1.600000      -9.504310  2
|1083>    2      0.320000      -0.151370  2
|1084>   f 1
|1085>    1      1.000000000    0.000000000 2
|1086> end
|1087> Ti>    4.00000000000    3.31944617297    8.87749980447   -4.45244160177
|1088> NewECP
|1089> N_core 0
|1090>   lmax f
|1091>   s 2
|1092>    1      0.860000       9.191690  2
|1093>    2      0.172000       0.008301  2
|1094>   p 2
|1095>    1      0.860000      17.997720  2
|1096>    2      0.172000      -0.032600  2
|1097>   d 2
|1098>    1      1.600000      -9.504310  2
|1099>    2      0.320000      -0.151370  2
|1100>   f 1
|1101>    1      1.000000000    0.000000000 2
|1102> end
|1103> Ti>    4.00000000000   -9.68012405070    0.00636111413   -4.44538464593
|1104> NewECP
|1105> N_core 0
|1106>   lmax f
|1107>   s 2
|1108>    1      0.860000       9.191690  2
|1109>    2      0.172000       0.008301  2
|1110>   p 2
|1111>    1      0.860000      17.997720  2
|1112>    2      0.172000      -0.032600  2
|1113>   d 2
|1114>    1      1.600000      -9.504310  2
|1115>    2      0.320000      -0.151370  2
|1116>   f 1
|1117>    1      1.000000000    0.000000000 2
|1118> end
|1119> Ti>    4.00000000000    3.24115361540    0.00625964610  -11.06852756364
|1120> NewECP
|1121> N_core 0
|1122>   lmax f
|1123>   s 2
|1124>    1      0.860000       9.191690  2
|1125>    2      0.172000       0.008301  2
|1126>   p 2
|1127>    1      0.860000      17.997720  2
|1128>    2      0.172000      -0.032600  2
|1129>   d 2
|1130>    1      1.600000      -9.504310  2
|1131>    2      0.320000      -0.151370  2
|1132>   f 1
|1133>    1      1.000000000    0.000000000 2
|1134> end
|1135> Ti>    4.00000000000   -3.26083843637    0.00625964610  -11.06852756364
|1136> NewECP
|1137> N_core 0
|1138>   lmax f
|1139>   s 2
|1140>    1      0.860000       9.191690  2
|1141>    2      0.172000       0.008301  2
|1142>   p 2
|1143>    1      0.860000      17.997720  2
|1144>    2      0.172000      -0.032600  2
|1145>   d 2
|1146>    1      1.600000      -9.504310  2
|1147>    2      0.320000      -0.151370  2
|1148>   f 1
|1149>    1      1.000000000    0.000000000 2
|1150> end
|1151> Ti>    4.00000000000    9.81737454414    0.00703891409   -4.43832977510
|1152> NewECP
|1153> N_core 0
|1154>   lmax f
|1155>   s 2
|1156>    1      0.860000       9.191690  2
|1157>    2      0.172000       0.008301  2
|1158>   p 2
|1159>    1      0.860000      17.997720  2
|1160>    2      0.172000      -0.032600  2
|1161>   d 2
|1162>    1      1.600000      -9.504310  2
|1163>    2      0.320000      -0.151370  2
|1164>   f 1
|1165>    1      1.000000000    0.000000000 2
|1166> end
|1167> Ti>    4.00000000000   -6.41943950033   -7.38714816897   -4.63694353463
|1168> NewECP
|1169> N_core 0
|1170>   lmax f
|1171>   s 2
|1172>    1      0.860000       9.191690  2
|1173>    2      0.172000       0.008301  2
|1174>   p 2
|1175>    1      0.860000      17.997720  2
|1176>    2      0.172000      -0.032600  2
|1177>   d 2
|1178>    1      1.600000      -9.504310  2
|1179>    2      0.320000      -0.151370  2
|1180>   f 1
|1181>    1      1.000000000    0.000000000 2
|1182> end
|1183> Ti>    4.00000000000   -6.41726740344    7.39986826028   -4.63665712733
|1184> NewECP
|1185> N_core 0
|1186>   lmax f
|1187>   s 2
|1188>    1      0.860000       9.191690  2
|1189>    2      0.172000       0.008301  2
|1190>   p 2
|1191>    1      0.860000      17.997720  2
|1192>    2      0.172000      -0.032600  2
|1193>   d 2
|1194>    1      1.600000      -9.504310  2
|1195>    2      0.320000      -0.151370  2
|1196>   f 1
|1197>    1      1.000000000    0.000000000 2
|1198> end
|1199> Ti>    4.00000000000    3.24115361540   -7.38772877941   -7.81753153775
|1200> NewECP
|1201> N_core 0
|1202>   lmax f
|1203>   s 2
|1204>    1      0.860000       9.191690  2
|1205>    2      0.172000       0.008301  2
|1206>   p 2
|1207>    1      0.860000      17.997720  2
|1208>    2      0.172000      -0.032600  2
|1209>   d 2
|1210>    1      1.600000      -9.504310  2
|1211>    2      0.320000      -0.151370  2
|1212>   f 1
|1213>    1      1.000000000    0.000000000 2
|1214> end
|1215> Ti>    4.00000000000   -3.26083843637   -7.38772877941   -7.81753153775
|1216> NewECP
|1217> N_core 0
|1218>   lmax f
|1219>   s 2
|1220>    1      0.860000       9.191690  2
|1221>    2      0.172000       0.008301  2
|1222>   p 2
|1223>    1      0.860000      17.997720  2
|1224>    2      0.172000      -0.032600  2
|1225>   d 2
|1226>    1      1.600000      -9.504310  2
|1227>    2      0.320000      -0.151370  2
|1228>   f 1
|1229>    1      1.000000000    0.000000000 2
|1230> end
|1231> Ti>    4.00000000000    3.24115361540    7.40024807162   -7.81753153775
|1232> NewECP
|1233> N_core 0
|1234>   lmax f
|1235>   s 2
|1236>    1      0.860000       9.191690  2
|1237>    2      0.172000       0.008301  2
|1238>   p 2
|1239>    1      0.860000      17.997720  2
|1240>    2      0.172000      -0.032600  2
|1241>   d 2
|1242>    1      1.600000      -9.504310  2
|1243>    2      0.320000      -0.151370  2
|1244>   f 1
|1245>    1      1.000000000    0.000000000 2
|1246> end
|1247> Ti>    4.00000000000   -3.26083843637    7.40024807162   -7.81753153775
|1248> NewECP
|1249> N_core 0
|1250>   lmax f
|1251>   s 2
|1252>    1      0.860000       9.191690  2
|1253>    2      0.172000       0.008301  2
|1254>   p 2
|1255>    1      0.860000      17.997720  2
|1256>    2      0.172000      -0.032600  2
|1257>   d 2
|1258>    1      1.600000      -9.504310  2
|1259>    2      0.320000      -0.151370  2
|1260>   f 1
|1261>    1      1.000000000    0.000000000 2
|1262> end
|1263> Ti>    4.00000000000    6.58454460321   -7.38714816897   -4.63694353463
|1264> NewECP
|1265> N_core 0
|1266>   lmax f
|1267>   s 2
|1268>    1      0.860000       9.191690  2
|1269>    2      0.172000       0.008301  2
|1270>   p 2
|1271>    1      0.860000      17.997720  2
|1272>    2      0.172000      -0.032600  2
|1273>   d 2
|1274>    1      1.600000      -9.504310  2
|1275>    2      0.320000      -0.151370  2
|1276>   f 1
|1277>    1      1.000000000    0.000000000 2
|1278> end
|1279> Ti>    4.00000000000    6.58671670010    7.39986826028   -4.63665712733
|1280> NewECP
|1281> N_core 0
|1282>   lmax f
|1283>   s 2
|1284>    1      0.860000       9.191690  2
|1285>    2      0.172000       0.008301  2
|1286>   p 2
|1287>    1      0.860000      17.997720  2
|1288>    2      0.172000      -0.032600  2
|1289>   d 2
|1290>    1      1.600000      -9.504310  2
|1291>    2      0.320000      -0.151370  2
|1292>   f 1
|1293>    1      1.000000000    0.000000000 2
|1294> end
|1295> Ti>    4.00000000000   -9.68453793057   -2.95288167635   -4.45244160177
|1296> NewECP
|1297> N_core 0
|1298>   lmax f
|1299>   s 2
|1300>    1      0.860000       9.191690  2
|1301>    2      0.172000       0.008301  2
|1302>   p 2
|1303>    1      0.860000      17.997720  2
|1304>    2      0.172000      -0.032600  2
|1305>   d 2
|1306>    1      1.600000      -9.504310  2
|1307>    2      0.320000      -0.151370  2
|1308>   f 1
|1309>    1      1.000000000    0.000000000 2
|1310> end
|1311> Ti>    4.00000000000   -9.68306981088    2.96520866993   -4.45037393472
|1312> NewECP
|1313> N_core 0
|1314>   lmax f
|1315>   s 2
|1316>    1      0.860000       9.191690  2
|1317>    2      0.172000       0.008301  2
|1318>   p 2
|1319>    1      0.860000      17.997720  2
|1320>    2      0.172000      -0.032600  2
|1321>   d 2
|1322>    1      1.600000      -9.504310  2
|1323>    2      0.320000      -0.151370  2
|1324>   f 1
|1325>    1      1.000000000    0.000000000 2
|1326> end
|1327> Ti>    4.00000000000    3.24115361540   -2.95133572410  -11.06852756364
|1328> NewECP
|1329> N_core 0
|1330>   lmax f
|1331>   s 2
|1332>    1      0.860000       9.191690  2
|1333>    2      0.172000       0.008301  2
|1334>   p 2
|1335>    1      0.860000      17.997720  2
|1336>    2      0.172000      -0.032600  2
|1337>   d 2
|1338>    1      1.600000      -9.504310  2
|1339>    2      0.320000      -0.151370  2
|1340>   f 1
|1341>    1      1.000000000    0.000000000 2
|1342> end
|1343> Ti>    4.00000000000    3.24115361540    2.96385501631  -11.06852756364
|1344> NewECP
|1345> N_core 0
|1346>   lmax f
|1347>   s 2
|1348>    1      0.860000       9.191690  2
|1349>    2      0.172000       0.008301  2
|1350>   p 2
|1351>    1      0.860000      17.997720  2
|1352>    2      0.172000      -0.032600  2
|1353>   d 2
|1354>    1      1.600000      -9.504310  2
|1355>    2      0.320000      -0.151370  2
|1356>   f 1
|1357>    1      1.000000000    0.000000000 2
|1358> end
|1359> Ti>    4.00000000000   -3.26083843637   -2.95133572410  -11.06852756364
|1360> NewECP
|1361> N_core 0
|1362>   lmax f
|1363>   s 2
|1364>    1      0.860000       9.191690  2
|1365>    2      0.172000       0.008301  2
|1366>   p 2
|1367>    1      0.860000      17.997720  2
|1368>    2      0.172000      -0.032600  2
|1369>   d 2
|1370>    1      1.600000      -9.504310  2
|1371>    2      0.320000      -0.151370  2
|1372>   f 1
|1373>    1      1.000000000    0.000000000 2
|1374> end
|1375> Ti>    4.00000000000   -3.26083843637    2.96385501631  -11.06852756364
|1376> NewECP
|1377> N_core 0
|1378>   lmax f
|1379>   s 2
|1380>    1      0.860000       9.191690  2
|1381>    2      0.172000       0.008301  2
|1382>   p 2
|1383>    1      0.860000      17.997720  2
|1384>    2      0.172000      -0.032600  2
|1385>   d 2
|1386>    1      1.600000      -9.504310  2
|1387>    2      0.320000      -0.151370  2
|1388>   f 1
|1389>    1      1.000000000    0.000000000 2
|1390> end
|1391> Ti>    4.00000000000   -0.00984241049   -4.43013340920  -11.06852756364
|1392> NewECP
|1393> N_core 0
|1394>   lmax f
|1395>   s 2
|1396>    1      0.860000       9.191690  2
|1397>    2      0.172000       0.008301  2
|1398>   p 2
|1399>    1      0.860000      17.997720  2
|1400>    2      0.172000      -0.032600  2
|1401>   d 2
|1402>    1      1.600000      -9.504310  2
|1403>    2      0.320000      -0.151370  2
|1404>   f 1
|1405>    1      1.000000000    0.000000000 2
|1406> end
|1407> Ti>    4.00000000000   -0.00984241049    4.44265270141  -11.06852756364
|1408> NewECP
|1409> N_core 0
|1410>   lmax f
|1411>   s 2
|1412>    1      0.860000       9.191690  2
|1413>    2      0.172000       0.008301  2
|1414>   p 2
|1415>    1      0.860000      17.997720  2
|1416>    2      0.172000      -0.032600  2
|1417>   d 2
|1418>    1      1.600000      -9.504310  2
|1419>    2      0.320000      -0.151370  2
|1420>   f 1
|1421>    1      1.000000000    0.000000000 2
|1422> end
|1423> Ti>    4.00000000000    9.82194224667   -2.94968936082   -4.43946446195
|1424> NewECP
|1425> N_core 0
|1426>   lmax f
|1427>   s 2
|1428>    1      0.860000       9.191690  2
|1429>    2      0.172000       0.008301  2
|1430>   p 2
|1431>    1      0.860000      17.997720  2
|1432>    2      0.172000      -0.032600  2
|1433>   d 2
|1434>    1      1.600000      -9.504310  2
|1435>    2      0.320000      -0.151370  2
|1436>   f 1
|1437>    1      1.000000000    0.000000000 2
|1438> end
|1439> Ti>    4.00000000000    9.75392273086   -4.42964968677   -1.08895232853
|1440> NewECP
|1441> N_core 0
|1442>   lmax f
|1443>   s 2
|1444>    1      0.860000       9.191690  2
|1445>    2      0.172000       0.008301  2
|1446>   p 2
|1447>    1      0.860000      17.997720  2
|1448>    2      0.172000      -0.032600  2
|1449>   d 2
|1450>    1      1.600000      -9.504310  2
|1451>    2      0.320000      -0.151370  2
|1452>   f 1
|1453>    1      1.000000000    0.000000000 2
|1454> end
|1455> Ti>    4.00000000000    9.82306883150    2.96376288323   -4.44266062246
|1456> NewECP
|1457> N_core 0
|1458>   lmax f
|1459>   s 2
|1460>    1      0.860000       9.191690  2
|1461>    2      0.172000       0.008301  2
|1462>   p 2
|1463>    1      0.860000      17.997720  2
|1464>    2      0.172000      -0.032600  2
|1465>   d 2
|1466>    1      1.600000      -9.504310  2
|1467>    2      0.320000      -0.151370  2
|1468>   f 1
|1469>    1      1.000000000    0.000000000 2
|1470> end
|1471> Ti>    4.00000000000    9.75666531352    4.44458168405   -1.08791866758
|1472> NewECP
|1473> N_core 0
|1474>   lmax f
|1475>   s 2
|1476>    1      0.860000       9.191690  2
|1477>    2      0.172000       0.008301  2
|1478>   p 2
|1479>    1      0.860000      17.997720  2
|1480>    2      0.172000      -0.032600  2
|1481>   d 2
|1482>    1      1.600000      -9.504310  2
|1483>    2      0.320000      -0.151370  2
|1484>   f 1
|1485>    1      1.000000000    0.000000000 2
|1486> end
|1487> Ti>    4.00000000000   -9.76815047350   -4.43939826505   -1.09060020295
|1488> NewECP
|1489> N_core 0
|1490>   lmax f
|1491>   s 2
|1492>    1      0.860000       9.191690  2
|1493>    2      0.172000       0.008301  2
|1494>   p 2
|1495>    1      0.860000      17.997720  2
|1496>    2      0.172000      -0.032600  2
|1497>   d 2
|1498>    1      1.600000      -9.504310  2
|1499>    2      0.320000      -0.151370  2
|1500>   f 1
|1501>    1      1.000000000    0.000000000 2
|1502> end
|1503> Ti>    4.00000000000   -9.76765692289    4.44194515777   -1.09078193103
|1504> NewECP
|1505> N_core 0
|1506>   lmax f
|1507>   s 2
|1508>    1      0.860000       9.191690  2
|1509>    2      0.172000       0.008301  2
|1510>   p 2
|1511>    1      0.860000      17.997720  2
|1512>    2      0.172000      -0.032600  2
|1513>   d 2
|1514>    1      1.600000      -9.504310  2
|1515>    2      0.320000      -0.151370  2
|1516>   f 1
|1517>    1      1.000000000    0.000000000 2
|1518> end
|1519> Ti>    4.00000000000    3.25103342482  -10.33588531906   -1.12335312799
|1520> NewECP
|1521> N_core 0
|1522>   lmax f
|1523>   s 2
|1524>    1      0.860000       9.191690  2
|1525>    2      0.172000       0.008301  2
|1526>   p 2
|1527>    1      0.860000      17.997720  2
|1528>    2      0.172000      -0.032600  2
|1529>   d 2
|1530>    1      1.600000      -9.504310  2
|1531>    2      0.320000      -0.151370  2
|1532>   f 1
|1533>    1      1.000000000    0.000000000 2
|1534> end
|1535> Ti>    4.00000000000    3.25990466522   10.33681949056   -1.12229704541
|1536> NewECP
|1537> N_core 0
|1538>   lmax f
|1539>   s 2
|1540>    1      0.860000       9.191690  2
|1541>    2      0.172000       0.008301  2
|1542>   p 2
|1543>    1      0.860000      17.997720  2
|1544>    2      0.172000      -0.032600  2
|1545>   d 2
|1546>    1      1.600000      -9.504310  2
|1547>    2      0.320000      -0.151370  2
|1548>   f 1
|1549>    1      1.000000000    0.000000000 2
|1550> end
|1551> Ti>    4.00000000000   -3.25646001385  -10.34150528585   -1.09380847576
|1552> NewECP
|1553> N_core 0
|1554>   lmax f
|1555>   s 2
|1556>    1      0.860000       9.191690  2
|1557>    2      0.172000       0.008301  2
|1558>   p 2
|1559>    1      0.860000      17.997720  2
|1560>    2      0.172000      -0.032600  2
|1561>   d 2
|1562>    1      1.600000      -9.504310  2
|1563>    2      0.320000      -0.151370  2
|1564>   f 1
|1565>    1      1.000000000    0.000000000 2
|1566> end
|1567> Ti>    4.00000000000   -3.25659001122   10.35814471312   -1.08970630539
|1568> NewECP
|1569> N_core 0
|1570>   lmax f
|1571>   s 2
|1572>    1      0.860000       9.191690  2
|1573>    2      0.172000       0.008301  2
|1574>   p 2
|1575>    1      0.860000      17.997720  2
|1576>    2      0.172000      -0.032600  2
|1577>   d 2
|1578>    1      1.600000      -9.504310  2
|1579>    2      0.320000      -0.151370  2
|1580>   f 1
|1581>    1      1.000000000    0.000000000 2
|1582> end
|1583> Ti>    4.00000000000    0.08330326465  -10.37283164164   -4.59818387545
|1584> NewECP
|1585> N_core 0
|1586>   lmax f
|1587>   s 2
|1588>    1      0.860000       9.191690  2
|1589>    2      0.172000       0.008301  2
|1590>   p 2
|1591>    1      0.860000      17.997720  2
|1592>    2      0.172000      -0.032600  2
|1593>   d 2
|1594>    1      1.600000      -9.504310  2
|1595>    2      0.320000      -0.151370  2
|1596>   f 1
|1597>    1      1.000000000    0.000000000 2
|1598> end
|1599> Ti>    4.00000000000    0.08293367429   10.38582064284   -4.59246122543
|1600> NewECP
|1601> N_core 0
|1602>   lmax f
|1603>   s 2
|1604>    1      0.860000       9.191690  2
|1605>    2      0.172000       0.008301  2
|1606>   p 2
|1607>    1      0.860000      17.997720  2
|1608>    2      0.172000      -0.032600  2
|1609>   d 2
|1610>    1      1.600000      -9.504310  2
|1611>    2      0.320000      -0.151370  2
|1612>   f 1
|1613>    1      1.000000000    0.000000000 2
|1614> end
|1615> Ti>    4.00000000000    6.49214964129   -5.90893109431   -7.81753153775
|1616> NewECP
|1617> N_core 0
|1618>   lmax f
|1619>   s 2
|1620>    1      0.860000       9.191690  2
|1621>    2      0.172000       0.008301  2
|1622>   p 2
|1623>    1      0.860000      17.997720  2
|1624>    2      0.172000      -0.032600  2
|1625>   d 2
|1626>    1      1.600000      -9.504310  2
|1627>    2      0.320000      -0.151370  2
|1628>   f 1
|1629>    1      1.000000000    0.000000000 2
|1630> end
|1631> Ti>    4.00000000000    6.49214964129    5.92145038652   -7.81753153775
|1632> NewECP
|1633> N_core 0
|1634>   lmax f
|1635>   s 2
|1636>    1      0.860000       9.191690  2
|1637>    2      0.172000       0.008301  2
|1638>   p 2
|1639>    1      0.860000      17.997720  2
|1640>    2      0.172000      -0.032600  2
|1641>   d 2
|1642>    1      1.600000      -9.504310  2
|1643>    2      0.320000      -0.151370  2
|1644>   f 1
|1645>    1      1.000000000    0.000000000 2
|1646> end
|1647> Ti>    4.00000000000   -6.51183446226   -5.90893109431   -7.81753153775
|1648> NewECP
|1649> N_core 0
|1650>   lmax f
|1651>   s 2
|1652>    1      0.860000       9.191690  2
|1653>    2      0.172000       0.008301  2
|1654>   p 2
|1655>    1      0.860000      17.997720  2
|1656>    2      0.172000      -0.032600  2
|1657>   d 2
|1658>    1      1.600000      -9.504310  2
|1659>    2      0.320000      -0.151370  2
|1660>   f 1
|1661>    1      1.000000000    0.000000000 2
|1662> end
|1663> Ti>    4.00000000000   -6.51183446226    5.92145038652   -7.81753153775
|1664> NewECP
|1665> N_core 0
|1666>   lmax f
|1667>   s 2
|1668>    1      0.860000       9.191690  2
|1669>    2      0.172000       0.008301  2
|1670>   p 2
|1671>    1      0.860000      17.997720  2
|1672>    2      0.172000      -0.032600  2
|1673>   d 2
|1674>    1      1.600000      -9.504310  2
|1675>    2      0.320000      -0.151370  2
|1676>   f 1
|1677>    1      1.000000000    0.000000000 2
|1678> end
|1679> Ti>    4.00000000000   -0.00984241049   -8.86652646451   -7.81753153775
|1680> NewECP
|1681> N_core 0
|1682>   lmax f
|1683>   s 2
|1684>    1      0.860000       9.191690  2
|1685>    2      0.172000       0.008301  2
|1686>   p 2
|1687>    1      0.860000      17.997720  2
|1688>    2      0.172000      -0.032600  2
|1689>   d 2
|1690>    1      1.600000      -9.504310  2
|1691>    2      0.320000      -0.151370  2
|1692>   f 1
|1693>    1      1.000000000    0.000000000 2
|1694> end
|1695> Ti>    4.00000000000    6.49187230890   -8.86248046984   -1.45713099450
|1696> NewECP
|1697> N_core 0
|1698>   lmax f
|1699>   s 2
|1700>    1      0.860000       9.191690  2
|1701>    2      0.172000       0.008301  2
|1702>   p 2
|1703>    1      0.860000      17.997720  2
|1704>    2      0.172000      -0.032600  2
|1705>   d 2
|1706>    1      1.600000      -9.504310  2
|1707>    2      0.320000      -0.151370  2
|1708>   f 1
|1709>    1      1.000000000    0.000000000 2
|1710> end
|1711> Ti>    4.00000000000   -0.00984241049    8.87904575672   -7.81753153775
|1712> NewECP
|1713> N_core 0
|1714>   lmax f
|1715>   s 2
|1716>    1      0.860000       9.191690  2
|1717>    2      0.172000       0.008301  2
|1718>   p 2
|1719>    1      0.860000      17.997720  2
|1720>    2      0.172000      -0.032600  2
|1721>   d 2
|1722>    1      1.600000      -9.504310  2
|1723>    2      0.320000      -0.151370  2
|1724>   f 1
|1725>    1      1.000000000    0.000000000 2
|1726> end
|1727> Ti>    4.00000000000    6.49464777486    8.87468227319   -1.45740178224
|1728> NewECP
|1729> N_core 0
|1730>   lmax f
|1731>   s 2
|1732>    1      0.860000       9.191690  2
|1733>    2      0.172000       0.008301  2
|1734>   p 2
|1735>    1      0.860000      17.997720  2
|1736>    2      0.172000      -0.032600  2
|1737>   d 2
|1738>    1      1.600000      -9.504310  2
|1739>    2      0.320000      -0.151370  2
|1740>   f 1
|1741>    1      1.000000000    0.000000000 2
|1742> end
|1743> Ti>    4.00000000000   -6.51211179465   -8.86248046984   -1.45713099450
|1744> NewECP
|1745> N_core 0
|1746>   lmax f
|1747>   s 2
|1748>    1      0.860000       9.191690  2
|1749>    2      0.172000       0.008301  2
|1750>   p 2
|1751>    1      0.860000      17.997720  2
|1752>    2      0.172000      -0.032600  2
|1753>   d 2
|1754>    1      1.600000      -9.504310  2
|1755>    2      0.320000      -0.151370  2
|1756>   f 1
|1757>    1      1.000000000    0.000000000 2
|1758> end
|1759> Ti>    4.00000000000   -6.50933632869    8.87468227319   -1.45740178224
|1760> NewECP
|1761> N_core 0
|1762>   lmax f
|1763>   s 2
|1764>    1      0.860000       9.191690  2
|1765>    2      0.172000       0.008301  2
|1766>   p 2
|1767>    1      0.860000      17.997720  2
|1768>    2      0.172000      -0.032600  2
|1769>   d 2
|1770>    1      1.600000      -9.504310  2
|1771>    2      0.320000      -0.151370  2
|1772>   f 1
|1773>    1      1.000000000    0.000000000 2
|1774> end
|1775> Ti>    4.00000000000   -9.68870675041   -5.90833806215   -4.44083243901
|1776> NewECP
|1777> N_core 0
|1778>   lmax f
|1779>   s 2
|1780>    1      0.860000       9.191690  2
|1781>    2      0.172000       0.008301  2
|1782>   p 2
|1783>    1      0.860000      17.997720  2
|1784>    2      0.172000      -0.032600  2
|1785>   d 2
|1786>    1      1.600000      -9.504310  2
|1787>    2      0.320000      -0.151370  2
|1788>   f 1
|1789>    1      1.000000000    0.000000000 2
|1790> end
|1791> Ti>    4.00000000000   -9.68870675041    5.92204341867   -4.44083243901
|1792> NewECP
|1793> N_core 0
|1794>   lmax f
|1795>   s 2
|1796>    1      0.860000       9.191690  2
|1797>    2      0.172000       0.008301  2
|1798>   p 2
|1799>    1      0.860000      17.997720  2
|1800>    2      0.172000      -0.032600  2
|1801>   d 2
|1802>    1      1.600000      -9.504310  2
|1803>    2      0.320000      -0.151370  2
|1804>   f 1
|1805>    1      1.000000000    0.000000000 2
|1806> end
|1807> Ti>    4.00000000000    6.49214964129   -1.47253803900  -11.06852756364
|1808> NewECP
|1809> N_core 0
|1810>   lmax f
|1811>   s 2
|1812>    1      0.860000       9.191690  2
|1813>    2      0.172000       0.008301  2
|1814>   p 2
|1815>    1      0.860000      17.997720  2
|1816>    2      0.172000      -0.032600  2
|1817>   d 2
|1818>    1      1.600000      -9.504310  2
|1819>    2      0.320000      -0.151370  2
|1820>   f 1
|1821>    1      1.000000000    0.000000000 2
|1822> end
|1823> Ti>    4.00000000000    6.49214964129    1.48505733121  -11.06852756364
|1824> NewECP
|1825> N_core 0
|1826>   lmax f
|1827>   s 2
|1828>    1      0.860000       9.191690  2
|1829>    2      0.172000       0.008301  2
|1830>   p 2
|1831>    1      0.860000      17.997720  2
|1832>    2      0.172000      -0.032600  2
|1833>   d 2
|1834>    1      1.600000      -9.504310  2
|1835>    2      0.320000      -0.151370  2
|1836>   f 1
|1837>    1      1.000000000    0.000000000 2
|1838> end
|1839> Ti>    4.00000000000    9.74314566717   -1.47253803900   -7.81753153775
|1840> NewECP
|1841> N_core 0
|1842>   lmax f
|1843>   s 2
|1844>    1      0.860000       9.191690  2
|1845>    2      0.172000       0.008301  2
|1846>   p 2
|1847>    1      0.860000      17.997720  2
|1848>    2      0.172000      -0.032600  2
|1849>   d 2
|1850>    1      1.600000      -9.504310  2
|1851>    2      0.320000      -0.151370  2
|1852>   f 1
|1853>    1      1.000000000    0.000000000 2
|1854> end
|1855> Ti>    4.00000000000    9.74314566717    1.48505733121   -7.81753153775
|1856> NewECP
|1857> N_core 0
|1858>   lmax f
|1859>   s 2
|1860>    1      0.860000       9.191690  2
|1861>    2      0.172000       0.008301  2
|1862>   p 2
|1863>    1      0.860000      17.997720  2
|1864>    2      0.172000      -0.032600  2
|1865>   d 2
|1866>    1      1.600000      -9.504310  2
|1867>    2      0.320000      -0.151370  2
|1868>   f 1
|1869>    1      1.000000000    0.000000000 2
|1870> end
|1871> Ti>    4.00000000000   -6.51183446226   -1.47253803900  -11.06852756364
|1872> NewECP
|1873> N_core 0
|1874>   lmax f
|1875>   s 2
|1876>    1      0.860000       9.191690  2
|1877>    2      0.172000       0.008301  2
|1878>   p 2
|1879>    1      0.860000      17.997720  2
|1880>    2      0.172000      -0.032600  2
|1881>   d 2
|1882>    1      1.600000      -9.504310  2
|1883>    2      0.320000      -0.151370  2
|1884>   f 1
|1885>    1      1.000000000    0.000000000 2
|1886> end
|1887> Ti>    4.00000000000   -6.51183446226    1.48505733121  -11.06852756364
|1888> NewECP
|1889> N_core 0
|1890>   lmax f
|1891>   s 2
|1892>    1      0.860000       9.191690  2
|1893>    2      0.172000       0.008301  2
|1894>   p 2
|1895>    1      0.860000      17.997720  2
|1896>    2      0.172000      -0.032600  2
|1897>   d 2
|1898>    1      1.600000      -9.504310  2
|1899>    2      0.320000      -0.151370  2
|1900>   f 1
|1901>    1      1.000000000    0.000000000 2
|1902> end
|1903> Ti>    4.00000000000   -9.76283048815   -1.47253803900   -7.81753153775
|1904> NewECP
|1905> N_core 0
|1906>   lmax f
|1907>   s 2
|1908>    1      0.860000       9.191690  2
|1909>    2      0.172000       0.008301  2
|1910>   p 2
|1911>    1      0.860000      17.997720  2
|1912>    2      0.172000      -0.032600  2
|1913>   d 2
|1914>    1      1.600000      -9.504310  2
|1915>    2      0.320000      -0.151370  2
|1916>   f 1
|1917>    1      1.000000000    0.000000000 2
|1918> end
|1919> Ti>    4.00000000000   -9.76283048815    1.48505733121   -7.81753153775
|1920> NewECP
|1921> N_core 0
|1922>   lmax f
|1923>   s 2
|1924>    1      0.860000       9.191690  2
|1925>    2      0.172000       0.008301  2
|1926>   p 2
|1927>    1      0.860000      17.997720  2
|1928>    2      0.172000      -0.032600  2
|1929>   d 2
|1930>    1      1.600000      -9.504310  2
|1931>    2      0.320000      -0.151370  2
|1932>   f 1
|1933>    1      1.000000000    0.000000000 2
|1934> end
|1935> Ti>    4.00000000000    0.00000000000   11.83038148082   -1.33807142264
|1936> NewECP
|1937> N_core 0
|1938>   lmax f
|1939>   s 2
|1940>    1      0.860000       9.191690  2
|1941>    2      0.172000       0.008301  2
|1942>   p 2
|1943>    1      0.860000      17.997720  2
|1944>    2      0.172000      -0.032600  2
|1945>   d 2
|1946>    1      1.600000      -9.504310  2
|1947>    2      0.320000      -0.151370  2
|1948>   f 1
|1949>    1      1.000000000    0.000000000 2
|1950> end
|1951> Ti>    4.00000000000    0.00000000000  -11.83038148082   -1.33807142264
|1952> NewECP
|1953> N_core 0
|1954>   lmax f
|1955>   s 2
|1956>    1      0.860000       9.191690  2
|1957>    2      0.172000       0.008301  2
|1958>   p 2
|1959>    1      0.860000      17.997720  2
|1960>    2      0.172000      -0.032600  2
|1961>   d 2
|1962>    1      1.600000      -9.504310  2
|1963>    2      0.320000      -0.151370  2
|1964>   f 1
|1965>    1      1.000000000    0.000000000 2
|1966> end
|1967> Ti>    4.00000000000    9.82122350794   -5.90904848220   -4.43910019399
|1968> NewECP
|1969> N_core 0
|1970>   lmax f
|1971>   s 2
|1972>    1      0.860000       9.191690  2
|1973>    2      0.172000       0.008301  2
|1974>   p 2
|1975>    1      0.860000      17.997720  2
|1976>    2      0.172000      -0.032600  2
|1977>   d 2
|1978>    1      1.600000      -9.504310  2
|1979>    2      0.320000      -0.151370  2
|1980>   f 1
|1981>    1      1.000000000    0.000000000 2
|1982> end
|1983> Ti>    4.00000000000    9.82122350794    5.92133299863   -4.43910019399
|1984> NewECP
|1985> N_core 0
|1986>   lmax f
|1987>   s 2
|1988>    1      0.860000       9.191690  2
|1989>    2      0.172000       0.008301  2
|1990>   p 2
|1991>    1      0.860000      17.997720  2
|1992>    2      0.172000      -0.032600  2
|1993>   d 2
|1994>    1      1.600000      -9.504310  2
|1995>    2      0.320000      -0.151370  2
|1996>   f 1
|1997>    1      1.000000000    0.000000000 2
|1998> end
|1999> Ti>    4.00000000000    9.75666531352   -7.38579979677   -1.08791866758
|2000> NewECP
|2001> N_core 0
|2002>   lmax f
|2003>   s 2
|2004>    1      0.860000       9.191690  2
|2005>    2      0.172000       0.008301  2
|2006>   p 2
|2007>    1      0.860000      17.997720  2
|2008>    2      0.172000      -0.032600  2
|2009>   d 2
|2010>    1      1.600000      -9.504310  2
|2011>    2      0.320000      -0.151370  2
|2012>   f 1
|2013>    1      1.000000000    0.000000000 2
|2014> end
|2015> Ti>    4.00000000000    9.75392273086    7.40073179405   -1.08895232853
|2016> NewECP
|2017> N_core 0
|2018>   lmax f
|2019>   s 2
|2020>    1      0.860000       9.191690  2
|2021>    2      0.172000       0.008301  2
|2022>   p 2
|2023>    1      0.860000      17.997720  2
|2024>    2      0.172000      -0.032600  2
|2025>   d 2
|2026>    1      1.600000      -9.504310  2
|2027>    2      0.320000      -0.151370  2
|2028>   f 1
|2029>    1      1.000000000    0.000000000 2
|2030> end
|2031> Ti>    4.00000000000   -9.76765692289   -7.38843632305   -1.09078193103
|2032> NewECP
|2033> N_core 0
|2034>   lmax f
|2035>   s 2
|2036>    1      0.860000       9.191690  2
|2037>    2      0.172000       0.008301  2
|2038>   p 2
|2039>    1      0.860000      17.997720  2
|2040>    2      0.172000      -0.032600  2
|2041>   d 2
|2042>    1      1.600000      -9.504310  2
|2043>    2      0.320000      -0.151370  2
|2044>   f 1
|2045>    1      1.000000000    0.000000000 2
|2046> end
|2047> Ti>    4.00000000000   -9.76815047350    7.39098321577   -1.09060020295
|2048> NewECP
|2049> N_core 0
|2050>   lmax f
|2051>   s 2
|2052>    1      0.860000       9.191690  2
|2053>    2      0.172000       0.008301  2
|2054>   p 2
|2055>    1      0.860000      17.997720  2
|2056>    2      0.172000      -0.032600  2
|2057>   d 2
|2058>    1      1.600000      -9.504310  2
|2059>    2      0.320000      -0.151370  2
|2060>   f 1
|2061>    1      1.000000000    0.000000000 2
|2062> end
|2063> Ti>    4.00000000000    9.74314566717   -4.43013340920   -7.81753153775
|2064> NewECP
|2065> N_core 0
|2066>   lmax f
|2067>   s 2
|2068>    1      0.860000       9.191690  2
|2069>    2      0.172000       0.008301  2
|2070>   p 2
|2071>    1      0.860000      17.997720  2
|2072>    2      0.172000      -0.032600  2
|2073>   d 2
|2074>    1      1.600000      -9.504310  2
|2075>    2      0.320000      -0.151370  2
|2076>   f 1
|2077>    1      1.000000000    0.000000000 2
|2078> end
|2079> Ti>    4.00000000000    9.74314566717    4.44265270141   -7.81753153775
|2080> NewECP
|2081> N_core 0
|2082>   lmax f
|2083>   s 2
|2084>    1      0.860000       9.191690  2
|2085>    2      0.172000       0.008301  2
|2086>   p 2
|2087>    1      0.860000      17.997720  2
|2088>    2      0.172000      -0.032600  2
|2089>   d 2
|2090>    1      1.600000      -9.504310  2
|2091>    2      0.320000      -0.151370  2
|2092>   f 1
|2093>    1      1.000000000    0.000000000 2
|2094> end
|2095> Ti>    4.00000000000   -9.76283048815   -4.43013340920   -7.81753153775
|2096> NewECP
|2097> N_core 0
|2098>   lmax f
|2099>   s 2
|2100>    1      0.860000       9.191690  2
|2101>    2      0.172000       0.008301  2
|2102>   p 2
|2103>    1      0.860000      17.997720  2
|2104>    2      0.172000      -0.032600  2
|2105>   d 2
|2106>    1      1.600000      -9.504310  2
|2107>    2      0.320000      -0.151370  2
|2108>   f 1
|2109>    1      1.000000000    0.000000000 2
|2110> end
|2111> Ti>    4.00000000000   -9.76283048815    4.44265270141   -7.81753153775
|2112> NewECP
|2113> N_core 0
|2114>   lmax f
|2115>   s 2
|2116>    1      0.860000       9.191690  2
|2117>    2      0.172000       0.008301  2
|2118>   p 2
|2119>    1      0.860000      17.997720  2
|2120>    2      0.172000      -0.032600  2
|2121>   d 2
|2122>    1      1.600000      -9.504310  2
|2123>    2      0.320000      -0.151370  2
|2124>   f 1
|2125>    1      1.000000000    0.000000000 2
|2126> end
|2127> Ti>    4.00000000000   -6.42088754184  -10.34444886839   -4.63863317356
|2128> NewECP
|2129> N_core 0
|2130>   lmax f
|2131>   s 2
|2132>    1      0.860000       9.191690  2
|2133>    2      0.172000       0.008301  2
|2134>   p 2
|2135>    1      0.860000      17.997720  2
|2136>    2      0.172000      -0.032600  2
|2137>   d 2
|2138>    1      1.600000      -9.504310  2
|2139>    2      0.320000      -0.151370  2
|2140>   f 1
|2141>    1      1.000000000    0.000000000 2
|2142> end
|2143> Ti>    4.00000000000   -6.42100180501   10.35763674811   -4.63917858613
|2144> NewECP
|2145> N_core 0
|2146>   lmax f
|2147>   s 2
|2148>    1      0.860000       9.191690  2
|2149>    2      0.172000       0.008301  2
|2150>   p 2
|2151>    1      0.860000      17.997720  2
|2152>    2      0.172000      -0.032600  2
|2153>   d 2
|2154>    1      1.600000      -9.504310  2
|2155>    2      0.320000      -0.151370  2
|2156>   f 1
|2157>    1      1.000000000    0.000000000 2
|2158> end
|2159> Ti>    4.00000000000   -3.18660955941  -11.82334256673   -4.43832977510
|2160> NewECP
|2161> N_core 0
|2162>   lmax f
|2163>   s 2
|2164>    1      0.860000       9.191690  2
|2165>    2      0.172000       0.008301  2
|2166>   p 2
|2167>    1      0.860000      17.997720  2
|2168>    2      0.172000      -0.032600  2
|2169>   d 2
|2170>    1      1.600000      -9.504310  2
|2171>    2      0.320000      -0.151370  2
|2172>   f 1
|2173>    1      1.000000000    0.000000000 2
|2174> end
|2175> Ti>    4.00000000000   -3.18660955941   11.83742039491   -4.43832977510
|2176> NewECP
|2177> N_core 0
|2178>   lmax f
|2179>   s 2
|2180>    1      0.860000       9.191690  2
|2181>    2      0.172000       0.008301  2
|2182>   p 2
|2183>    1      0.860000      17.997720  2
|2184>    2      0.172000      -0.032600  2
|2185>   d 2
|2186>    1      1.600000      -9.504310  2
|2187>    2      0.320000      -0.151370  2
|2188>   f 1
|2189>    1      1.000000000    0.000000000 2
|2190> end
|2191> Ti>    4.00000000000    3.32386005285  -11.82402036669   -4.44538464593
|2192> NewECP
|2193> N_core 0
|2194>   lmax f
|2195>   s 2
|2196>    1      0.860000       9.191690  2
|2197>    2      0.172000       0.008301  2
|2198>   p 2
|2199>    1      0.860000      17.997720  2
|2200>    2      0.172000      -0.032600  2
|2201>   d 2
|2202>    1      1.600000      -9.504310  2
|2203>    2      0.320000      -0.151370  2
|2204>   f 1
|2205>    1      1.000000000    0.000000000 2
|2206> end
|2207> Ti>    4.00000000000    3.32386005285   11.83674259496   -4.44538464593
|2208> NewECP
|2209> N_core 0
|2210>   lmax f
|2211>   s 2
|2212>    1      0.860000       9.191690  2
|2213>    2      0.172000       0.008301  2
|2214>   p 2
|2215>    1      0.860000      17.997720  2
|2216>    2      0.172000      -0.032600  2
|2217>   d 2
|2218>    1      1.600000      -9.504310  2
|2219>    2      0.320000      -0.151370  2
|2220>   f 1
|2221>    1      1.000000000    0.000000000 2
|2222> end
|2223> Ti>    4.00000000000    6.58309656171  -10.34444886839   -4.63863317356
|2224> NewECP
|2225> N_core 0
|2226>   lmax f
|2227>   s 2
|2228>    1      0.860000       9.191690  2
|2229>    2      0.172000       0.008301  2
|2230>   p 2
|2231>    1      0.860000      17.997720  2
|2232>    2      0.172000      -0.032600  2
|2233>   d 2
|2234>    1      1.600000      -9.504310  2
|2235>    2      0.320000      -0.151370  2
|2236>   f 1
|2237>    1      1.000000000    0.000000000 2
|2238> end
|2239> Ti>    4.00000000000    6.58298229854   10.35763674811   -4.63917858613
|2240> NewECP
|2241> N_core 0
|2242>   lmax f
|2243>   s 2
|2244>    1      0.860000       9.191690  2
|2245>    2      0.172000       0.008301  2
|2246>   p 2
|2247>    1      0.860000      17.997720  2
|2248>    2      0.172000      -0.032600  2
|2249>   d 2
|2250>    1      1.600000      -9.504310  2
|2251>    2      0.320000      -0.151370  2
|2252>   f 1
|2253>    1      1.000000000    0.000000000 2
|2254> end
|2255> Ti>    4.00000000000  -13.00398410355    0.00000000000   -1.33807142264
|2256> NewECP
|2257> N_core 0
|2258>   lmax f
|2259>   s 2
|2260>    1      0.860000       9.191690  2
|2261>    2      0.172000       0.008301  2
|2262>   p 2
|2263>    1      0.860000      17.997720  2
|2264>    2      0.172000      -0.032600  2
|2265>   d 2
|2266>    1      1.600000      -9.504310  2
|2267>    2      0.320000      -0.151370  2
|2268>   f 1
|2269>    1      1.000000000    0.000000000 2
|2270> end
|2271> Ti>    4.00000000000   13.00398410355    0.00000000000   -1.33807142264
|2272> NewECP
|2273> N_core 0
|2274>   lmax f
|2275>   s 2
|2276>    1      0.860000       9.191690  2
|2277>    2      0.172000       0.008301  2
|2278>   p 2
|2279>    1      0.860000      17.997720  2
|2280>    2      0.172000      -0.032600  2
|2281>   d 2
|2282>    1      1.600000      -9.504310  2
|2283>    2      0.320000      -0.151370  2
|2284>   f 1
|2285>    1      1.000000000    0.000000000 2
|2286> end
|2287> Ti>    4.00000000000   13.00276320109   -2.95438555219   -1.48547979454
|2288> NewECP
|2289> N_core 0
|2290>   lmax f
|2291>   s 2
|2292>    1      0.860000       9.191690  2
|2293>    2      0.172000       0.008301  2
|2294>   p 2
|2295>    1      0.860000      17.997720  2
|2296>    2      0.172000      -0.032600  2
|2297>   d 2
|2298>    1      1.600000      -9.504310  2
|2299>    2      0.320000      -0.151370  2
|2300>   f 1
|2301>    1      1.000000000    0.000000000 2
|2302> end
|2303> Ti>    4.00000000000  -13.00520500601   -2.95438555219   -1.48547979454
|2304> NewECP
|2305> N_core 0
|2306>   lmax f
|2307>   s 2
|2308>    1      0.860000       9.191690  2
|2309>    2      0.172000       0.008301  2
|2310>   p 2
|2311>    1      0.860000      17.997720  2
|2312>    2      0.172000      -0.032600  2
|2313>   d 2
|2314>    1      1.600000      -9.504310  2
|2315>    2      0.320000      -0.151370  2
|2316>   f 1
|2317>    1      1.000000000    0.000000000 2
|2318> end
|2319> Ti>    4.00000000000  -13.00396162315    2.96537345130   -1.49682151131
|2320> NewECP
|2321> N_core 0
|2322>   lmax f
|2323>   s 2
|2324>    1      0.860000       9.191690  2
|2325>    2      0.172000       0.008301  2
|2326>   p 2
|2327>    1      0.860000      17.997720  2
|2328>    2      0.172000      -0.032600  2
|2329>   d 2
|2330>    1      1.600000      -9.504310  2
|2331>    2      0.320000      -0.151370  2
|2332>   f 1
|2333>    1      1.000000000    0.000000000 2
|2334> end
|2335> Ti>    4.00000000000   13.00400658394    2.96537345130   -1.49682151131
|2336> NewECP
|2337> N_core 0
|2338>   lmax f
|2339>   s 2
|2340>    1      0.860000       9.191690  2
|2341>    2      0.172000       0.008301  2
|2342>   p 2
|2343>    1      0.860000      17.997720  2
|2344>    2      0.172000      -0.032600  2
|2345>   d 2
|2346>    1      1.600000      -9.504310  2
|2347>    2      0.320000      -0.151370  2
|2348>   f 1
|2349>    1      1.000000000    0.000000000 2
|2350> end
|2351> Ti>    4.00000000000   -9.68306981088   -8.86517281089   -4.45037393472
|2352> NewECP
|2353> N_core 0
|2354>   lmax f
|2355>   s 2
|2356>    1      0.860000       9.191690  2
|2357>    2      0.172000       0.008301  2
|2358>   p 2
|2359>    1      0.860000      17.997720  2
|2360>    2      0.172000      -0.032600  2
|2361>   d 2
|2362>    1      1.600000      -9.504310  2
|2363>    2      0.320000      -0.151370  2
|2364>   f 1
|2365>    1      1.000000000    0.000000000 2
|2366> end
|2367> Ti>    4.00000000000   -9.68453793057    8.87749980447   -4.45244160177
|2368> NewECP
|2369> N_core 0
|2370>   lmax f
|2371>   s 2
|2372>    1      0.860000       9.191690  2
|2373>    2      0.172000       0.008301  2
|2374>   p 2
|2375>    1      0.860000      17.997720  2
|2376>    2      0.172000      -0.032600  2
|2377>   d 2
|2378>    1      1.600000      -9.504310  2
|2379>    2      0.320000      -0.151370  2
|2380>   f 1
|2381>    1      1.000000000    0.000000000 2
|2382> end
|2383> Ti>    4.00000000000    9.82306883150   -8.86661859760   -4.44266062246
|2384> NewECP
|2385> N_core 0
|2386>   lmax f
|2387>   s 2
|2388>    1      0.860000       9.191690  2
|2389>    2      0.172000       0.008301  2
|2390>   p 2
|2391>    1      0.860000      17.997720  2
|2392>    2      0.172000      -0.032600  2
|2393>   d 2
|2394>    1      1.600000      -9.504310  2
|2395>    2      0.320000      -0.151370  2
|2396>   f 1
|2397>    1      1.000000000    0.000000000 2
|2398> end
|2399> Ti>    4.00000000000    9.82194224667    8.88069212000   -4.43946446195
|2400> NewECP
|2401> N_core 0
|2402>   lmax f
|2403>   s 2
|2404>    1      0.860000       9.191690  2
|2405>    2      0.172000       0.008301  2
|2406>   p 2
|2407>    1      0.860000      17.997720  2
|2408>    2      0.172000      -0.032600  2
|2409>   d 2
|2410>    1      1.600000      -9.504310  2
|2411>    2      0.320000      -0.151370  2
|2412>   f 1
|2413>    1      1.000000000    0.000000000 2
|2414> end
|2415> Ti>    4.00000000000   12.98745835105   -5.90923753025   -1.48929871894
|2416> NewECP
|2417> N_core 0
|2418>   lmax f
|2419>   s 2
|2420>    1      0.860000       9.191690  2
|2421>    2      0.172000       0.008301  2
|2422>   p 2
|2423>    1      0.860000      17.997720  2
|2424>    2      0.172000      -0.032600  2
|2425>   d 2
|2426>    1      1.600000      -9.504310  2
|2427>    2      0.320000      -0.151370  2
|2428>   f 1
|2429>    1      1.000000000    0.000000000 2
|2430> end
|2431> Ti>    4.00000000000   12.98745835105    5.92114395058   -1.48929871894
|2432> NewECP
|2433> N_core 0
|2434>   lmax f
|2435>   s 2
|2436>    1      0.860000       9.191690  2
|2437>    2      0.172000       0.008301  2
|2438>   p 2
|2439>    1      0.860000      17.997720  2
|2440>    2      0.172000      -0.032600  2
|2441>   d 2
|2442>    1      1.600000      -9.504310  2
|2443>    2      0.320000      -0.151370  2
|2444>   f 1
|2445>    1      1.000000000    0.000000000 2
|2446> end
|2447> Ti>    4.00000000000  -13.02050985605   -5.90923753025   -1.48929871894
|2448> NewECP
|2449> N_core 0
|2450>   lmax f
|2451>   s 2
|2452>    1      0.860000       9.191690  2
|2453>    2      0.172000       0.008301  2
|2454>   p 2
|2455>    1      0.860000      17.997720  2
|2456>    2      0.172000      -0.032600  2
|2457>   d 2
|2458>    1      1.600000      -9.504310  2
|2459>    2      0.320000      -0.151370  2
|2460>   f 1
|2461>    1      1.000000000    0.000000000 2
|2462> end
|2463> Ti>    4.00000000000  -13.02050985605    5.92114395058   -1.48929871894
|2464> NewECP
|2465> N_core 0
|2466>   lmax f
|2467>   s 2
|2468>    1      0.860000       9.191690  2
|2469>    2      0.172000       0.008301  2
|2470>   p 2
|2471>    1      0.860000      17.997720  2
|2472>    2      0.172000      -0.032600  2
|2473>   d 2
|2474>    1      1.600000      -9.504310  2
|2475>    2      0.320000      -0.151370  2
|2476>   f 1
|2477>    1      1.000000000    0.000000000 2
|2478> end
|2479>   end
|2480> endd                         ****END OF INPUT****
================================================================================
----------------
TOTAL SCF ENERGY
----------------

Total Energy       :       -32796.52902206 Eh         -892438.92541 eV

Components:
Nuclear Repulsion  :        49080.18687689 Eh         1335539.78245 eV
Electronic Energy  :       -81876.71589895 Eh        -2227978.70786 eV
One Electron Energy:      -148086.90542200 Eh        -4029649.55996 eV
Two Electron Energy:        66210.18952305 Eh         1801670.85210 eV
Max COSX asymmetry :            0.00085809 Eh               0.02335 eV

Warning: maximum COSX asymmetry larger than 0.0005 Eh!
Please consider increasing the grid.

Virial components:
Potential Energy   :       -57734.19537007 Eh        -1571027.32551 eV
Kinetic Energy     :        24937.66634801 Eh          678588.40010 eV
Virial Ratio       :            2.31514026

--------------------Output has been truncated-------------------------


--------------------Output has been truncated-------------------------


--------------------Output has been truncated-------------------------


--------------------Output has been truncated-------------------------


--------------------Output has been truncated-------------------------


--------------------Output has been truncated-------------------------


--------------------Output has been truncated-------------------------


--------------------Output has been truncated-------------------------


--------------------Output has been truncated-------------------------


--------------------Output has been truncated-------------------------


-----------------------------------------------
 RI-MP2 CORRELATION ENERGY:    -18.154957322 Eh
-----------------------------------------------
---------------------------------------
MP2 TOTAL ENERGY:   -32814.683979383 Eh
---------------------------------------

Maximum memory used throughout the entire MP2-calculation: 17401.7 MB

-------------------------   --------------------
FINAL SINGLE POINT ENERGY    -32814.683979382869
-------------------------   --------------------
