 **********************************************************************
                          MRCC program system
 **********************************************************************
 
                              Written by
     Mihaly Kallay, Peter R. Nagy, David Mester, Laszlo Gyevi-Nagy,
        Jozsef Csoka, P. Bernat Szabo, Zoltan Rolik, Gyula Samu,
     Jozsef Csontos, Bence Hegely, Adam Ganyecz, Istvan Ladjanszki,
       Lorant Szegedy, Bence Ladoczki, Klara Petrov, Mate Farkas,
                    Pal D. Mezei, and Reka A. Horvath
 
        Department of Physical Chemistry and Materials Science
            Budapest University of Technology and Economics
                  Budapest P.O.Box 91, H-1521 Hungary
 
                              www.mrcc.hu
 
                      Release date: March 18, 2022

 ************************ 2023-02-28 15:39:22 *************************
 Executing minp...

 Reading input from MINP...
 
 Input file:
 
calc=LNO-CCSD(T)
scftype=rhf
verbosity=3
mem=220GB
symm=off
unit=angs
scfiguess=small
scfmaxit=1000
scfalg=locfit1


lcorthr=tight
bpedo=0.99999
ccmaxit=400
usedisk=0
ccsdalg=dfdirect
ccsdthreads=4
ccsdmkl=thr
ptthreads=4

charge=-24
core=24

basis=special
aug-cc-pVDZ
aug-cc-pVDZ
aug-cc-pVDZ
bse_CVDZ
aug-cc-pVDZ
aug-cc-pVDZ
aug-cc-pVDZ
aug-cc-pVDZ
aug-cc-pVDZ
bse_CVDZ
bse_CVDZ
bse_CVDZ
aug-cc-pVDZ
aug-cc-pVDZ
aug-cc-pVDZ
bse_CVDZ
bse_CVDZ
aug-cc-pVDZ
aug-cc-pVDZ
aug-cc-pVDZ
aug-cc-pVDZ
aug-cc-pVDZ
aug-cc-pVDZ
aug-cc-pVDZ
aug-cc-pVDZ
aug-cc-pVDZ
aug-cc-pVDZ
nothing
nothing
nothing
nothing
nothing
nothing
nothing
nothing
nothing
nothing
nothing
nothing
nothing
nothing
nothing
nothing
nothing
nothing
nothing
nothing
nothing
nothing
nothing
nothing
nothing
nothing
nothing
nothing
nothing
nothing
nothing
nothing
nothing
nothing
nothing
nothing
nothing
nothing
nothing
nothing
nothing
nothing
nothing
nothing
nothing
nothing
nothing
nothing
nothing
nothing
nothing
nothing
nothing
nothing
nothing
nothing

basis_sm=special
def2-SVP
def2-SVP
def2-SVP
def2-SVP
def2-SVP
def2-SVP
def2-SVP
def2-SVP
def2-SVP
def2-SVP
def2-SVP
def2-SVP
def2-SVP
def2-SVP
def2-SVP
def2-SVP
def2-SVP
def2-SVP
def2-SVP
def2-SVP
def2-SVP
def2-SVP
def2-SVP
def2-SVP
def2-SVP
def2-SVP
def2-SVP
nothing
nothing
nothing
nothing
nothing
nothing
nothing
nothing
nothing
nothing
nothing
nothing
nothing
nothing
nothing
nothing
nothing
nothing
nothing
nothing
nothing
nothing
nothing
nothing
nothing
nothing
nothing
nothing
nothing
nothing
nothing
nothing
nothing
nothing
nothing
nothing
nothing
nothing
nothing
nothing
nothing
nothing
nothing
nothing
nothing
nothing
nothing
nothing
nothing
nothing
nothing
nothing
nothing
nothing
nothing
nothing

dfbasis_scf=special
def2-QZVPP-RI-JK
def2-QZVPP-RI-JK
def2-QZVPP-RI-JK
def2-QZVPP-RI-JK
def2-QZVPP-RI-JK
def2-QZVPP-RI-JK
def2-QZVPP-RI-JK
def2-QZVPP-RI-JK
def2-QZVPP-RI-JK
def2-QZVPP-RI-JK
def2-QZVPP-RI-JK
def2-QZVPP-RI-JK
def2-QZVPP-RI-JK
def2-QZVPP-RI-JK
def2-QZVPP-RI-JK
def2-QZVPP-RI-JK
def2-QZVPP-RI-JK
def2-QZVPP-RI-JK
def2-QZVPP-RI-JK
def2-QZVPP-RI-JK
def2-QZVPP-RI-JK
def2-QZVPP-RI-JK
def2-QZVPP-RI-JK
def2-QZVPP-RI-JK
def2-QZVPP-RI-JK
def2-QZVPP-RI-JK
def2-QZVPP-RI-JK
nothing
nothing
nothing
nothing
nothing
nothing
nothing
nothing
nothing
nothing
nothing
nothing
nothing
nothing
nothing
nothing
nothing
nothing
nothing
nothing
nothing
nothing
nothing
nothing
nothing
nothing
nothing
nothing
nothing
nothing
nothing
nothing
nothing
nothing
nothing
nothing
nothing
nothing
nothing
nothing
nothing
nothing
nothing
nothing
nothing
nothing
nothing
nothing
nothing
nothing
nothing
nothing
nothing
nothing
nothing
nothing

dfbasis_cor=special
aug-cc-pVDZ-RI
aug-cc-pVDZ-RI
aug-cc-pVDZ-RI
bse_CVDZ_mp2fit
aug-cc-pVDZ-RI
aug-cc-pVDZ-RI
aug-cc-pVDZ-RI
aug-cc-pVDZ-RI
aug-cc-pVDZ-RI
bse_CVDZ_mp2fit
bse_CVDZ_mp2fit
bse_CVDZ_mp2fit
aug-cc-pVDZ-RI
aug-cc-pVDZ-RI
aug-cc-pVDZ-RI
bse_CVDZ_mp2fit
bse_CVDZ_mp2fit
aug-cc-pVDZ-RI
aug-cc-pVDZ-RI
aug-cc-pVDZ-RI
aug-cc-pVDZ-RI
aug-cc-pVDZ-RI
aug-cc-pVDZ-RI
aug-cc-pVDZ-RI
aug-cc-pVDZ-RI
aug-cc-pVDZ-RI
aug-cc-pVDZ-RI
nothing
nothing
nothing
nothing
nothing
nothing
nothing
nothing
nothing
nothing
nothing
nothing
nothing
nothing
nothing
nothing
nothing
nothing
nothing
nothing
nothing
nothing
nothing
nothing
nothing
nothing
nothing
nothing
nothing
nothing
nothing
nothing
nothing
nothing
nothing
nothing
nothing
nothing
nothing
nothing
nothing
nothing
nothing
nothing
nothing
nothing
nothing
nothing
nothing
nothing
nothing
nothing
nothing
nothing
nothing
nothing

ecp=special
none
none
none
none
none
none
none
none
none
none
none
none
none
none
none
none
none
none
none
none
none
none
none
none
none
none
none
ECP-12
ECP-12
ECP-12
ECP-12
ECP-12
ECP-12
ECP-12
ECP-12
ECP-12
ECP-12
ECP-12
ECP-12
ECP-12
ECP-12
ECP-12
ECP-12
ECP-12
ECP-12
ECP-12
ECP-12
ECP-12
ECP-12
ECP-12
ECP-12
ECP-12
ECP-12
ECP-12
ECP-12
ECP-12
ECP-12
ECP-12
ECP-12
ECP-12
ECP-12
ECP-12
ECP-12
ECP-12
ECP-12
ECP-12
ECP-12
ECP-12
ECP-12
ECP-12
ECP-12
ECP-12
ECP-12
ECP-12
ECP-12
ECP-12
ECP-12
ECP-12
ECP-12
ECP-12
ECP-12
ECP-12
ECP-12

unit=angs
geom=xyz
83
N2 O1 Mg6 O18 ECP56
N     0.21938998798    0.40711977304    2.97219464994
N     1.05356774415    1.17304794437    2.80999671970
O     1.92808598532    1.97633711084    2.62078476033
Mg    0.00000000000    0.00000000000   -0.06414637471
O     0.00879312303    0.00842352091   -2.16734401299
O    -2.10365172079    0.00761122469   -0.01597712917
O     0.00778395620   -2.10382756004   -0.01463473797
O     2.11515428806    0.00800445658    0.00000000000
O     0.00810805587    2.11629766541   -0.00126230397
Mg   -2.10215918382    2.11757634283   -0.05857971338
Mg    2.11809648320   -2.10229967536   -0.05857210618
Mg    2.12796920687    2.12721324578   -0.04032291113
O    -2.09930351015    2.11904071425   -2.16803153327
O     2.11924277587   -2.09956218720   -2.16794134341
O     2.11856833703    2.11812882663   -2.16308822988
Mg    4.22945987783    0.00998626723   -0.05743045094
Mg    0.01042449524    4.22958987528   -0.05874866953
O    -4.20733064831    2.11960444750   -0.01704913316
O     2.11997259781   -4.20744671144   -0.01762926941
O     4.22756375500    0.00792116316   -2.16698246721
O     0.00827861593    4.22763163985   -2.16729557194
O    -2.10037212195    4.22887703545   -0.00807978831
O     4.22921196793   -2.10069788129   -0.00834786329
O     4.23365640750    2.11960444750   -0.01704913316
O     2.11997259781    4.23354034437   -0.01762926941
O     0.00778395620    6.33715949577   -0.01463473797
O     6.33733533502    0.00761122469   -0.01597712917
Mg   -2.10342106048    0.00836257636   -2.16287324258
Mg    0.00869458373   -2.10350864443   -2.16299267631
Mg   -2.10182671140   -2.10194801669   -0.05433122489
Mg    0.01114258755    2.11865590409   -2.15862203820
Mg    2.11891481275    0.01078710265   -2.15861177273
Mg    0.01042449524   -4.21139718053   -0.05874866953
Mg   -4.21152717799    0.00998626723   -0.05743045094
Mg    0.00894784418    0.00856002639   -4.28659186237
Mg   -4.21151483900   -2.10185587264   -2.16149164580
Mg   -2.10163503777   -4.21193677885   -2.16154933510
Mg   -4.21194264270    2.11939709126   -2.16103414158
Mg    2.11995598863   -4.21234766126   -2.16106567971
Mg   -2.10129891977   -2.10168673757   -4.28659186237
Mg   -2.10163503777    4.22905027697   -2.16154933510
Mg    4.22947221682   -2.10185587264   -2.16149164580
Mg   -2.10129891977    2.11880679034   -4.28659186237
Mg    2.11919460814   -2.10168673757   -4.28659186237
Mg    2.11995598863    4.22863939456   -2.16106567971
Mg    4.22904441312    2.11939709126   -2.16103414158
Mg    2.11919460814    2.11880679034   -4.28659186237
Mg   -4.21154568373    0.00856002639   -4.28659186237
Mg    0.00894784418   -4.21193350152   -4.28659186237
Mg   -4.21093989873    4.22974356707   -0.05698052938
Mg    4.23004715709   -4.21124348875   -0.05698052938
Mg    0.00894784418    4.22905355430   -4.28659186237
Mg    4.22944137209    0.00856002639   -4.28659186237
Mg    4.23004715709    4.22974356707   -0.05698052938
Mg   -6.32207224307    0.01078710265   -2.15861177273
Mg    0.01114258755   -6.32233115173   -2.15862203820
Mg   -6.31301784894    2.12721324578   -0.04032291113
Mg    2.12796920687   -6.31377381004   -0.04032291113
Mg    6.33756599534    0.00836257636   -2.16287324258
Mg    0.00869458373    6.33747841139   -2.16299267631
Mg   -2.10182671140    6.33903903912   -0.05433122489
Mg    6.33916034442   -2.10194801669   -0.05433122489
Mg    2.11809648320    6.33868738046   -0.05857210618
Mg    6.33882787200    2.11757634283   -0.05857971338
Mg   -4.21154568373    4.22905355430   -4.28659186237
Mg    4.22944137209   -4.21193350152   -4.28659186237
Mg    4.22944137209    4.22905355430   -4.28659186237
Mg   -6.32103106718    4.22863939456   -2.16106567971
Mg    4.22904441312   -6.32158996455   -2.16103414158
Mg   -4.21151483900    6.33913118318   -2.16149164580
Mg    6.33935201805   -4.21193677885   -2.16154933510
Mg   -2.10129891977    6.33930031825   -4.28659186237
Mg    6.33968813605   -2.10168673757   -4.28659186237
Mg    4.22947221682    6.33913118318   -2.16149164580
Mg    6.33935201805    4.22905027697   -2.16154933510
Mg    2.11919460814    6.33930031825   -4.28659186237
Mg    6.33968813605    2.11880679034   -4.28659186237
Mg    0.00000000000    8.44098705582   -0.06414637471
Mg    8.44098705582    0.00000000000   -0.06414637471
Mg   -2.10342106048    8.44934963218   -2.16287324258
Mg    8.44968163954   -2.10350864443   -2.16299267631
Mg    2.11891481275    8.45177415847   -2.15861177273
Mg    8.45212964336    2.11865590409   -2.15862203820


ghost=serialno
1-3

qmmm=Amber
pointcharges
10167
     -2.10342106048    0.00836257636   -2.16287324258    2.00000000000
      0.00869458373   -2.10350864443   -2.16299267631    2.00000000000
     -2.10182671140   -2.10194801669   -0.05433122489    2.00000000000
      0.01114258755    2.11865590409   -2.15862203820    2.00000000000
--------------------Output has been truncated-------------------------


--------------------Output has been truncated-------------------------


--------------------Output has been truncated-------------------------


--------------------Output has been truncated-------------------------


--------------------Output has been truncated-------------------------


--------------------Output has been truncated-------------------------


--------------------Output has been truncated-------------------------


--------------------Output has been truncated-------------------------


--------------------Output has been truncated-------------------------


--------------------Output has been truncated-------------------------


 
 Final local CC results:
 
 Minimum number of correlated electrons:        38       ( 19.8%)
 Maximum number of correlated electrons:       112       ( 58.3%)
 Average number of correlated electrons:        57.9     ( 30.2%)
 Minimum number of correlated orbitals:         60       (  9.7%)
 Maximum number of correlated orbitals:        206       ( 33.2%)
 Average number of correlated orbitals:        109.8     ( 17.7%)
 
 CPU time for integral calculations [min]:                  4.236
 Wall time for integral calculations [min]:                 0.925
 
 CPU time for SCF calculation [min]:                       87.813
 Wall time for SCF calculation [min]:                       2.470
 
 CPU time for orbital localization [min]:                   0.388
 Wall time for orbital localization [min]:                  0.148
 
 CPU time for integral transformations [min]:            1267.478
 Wall time for integral transformations [min]:             38.986
 
 Reference energy [au]:                                -11874.066456511347
 
 LMP2 correlation energy [au]:                             -4.794691270255
 Total LMP2 energy [au]:                               -11878.861147781603
 
 Total MP2 correction for dropped NAFs [au]:                0.001771196391
 Total MP2 correction [au]:                                -0.012586924317
 
 CPU time for CCSD calculations [min]:                    815.167
 Total CPU time for CCSD [min]:                          2175.082
 Wall time for CCSD calculations [min]:                    31.389
 Total wall time for CCSD [min]:                           73.917
 
 CCSD correlation energy [au]:                             -4.818332470843
 Total CCSD energy [au]:                               -11878.884788982190
 CCSD correlation energy + 0.5 MP2 corrections [au]:       -4.824625933002
 Total LNO-CCSD energy with MP2 corrections [au]:      -11878.891082444350
 
 CPU time for (T) corrections [min]:                      827.875
 Total CPU time for CCSD(T) [min]:                       3002.957
 Wall time for (T) corrections [min]:                      24.360
 Total wall time for CCSD(T) [min]:                        98.277
 
 Total (T) correlation energy contribution [au]:           -0.122771984711
 Total (T) correlation energy+0.5 MP2 correction [au]:     -0.129065446870
 CCSD(T) correlation energy [au]:                          -4.941104455555
 Total CCSD(T) energy [au]:                            -11879.007560966902
 CCSD(T) correlation energy + MP2 corrections [au]:        -4.953691379872
 Total LNO-CCSD(T) energy with MP2 corrections [au]:   -11879.020147891220
 
 ======================================================================
 ======================================================================
 
 ************************ 2023-02-28 17:19:20 *************************
                      Normal termination of mrcc.
 **********************************************************************
