================================================================================
                                       INPUT FILE
================================================================================
NAME = orca.inp
|  1>  ! TightSCF RI-MP2 RIJCOSX SlowConv DIIS
|  2> %maxcore 55000
|  3> %pal
|  4> nprocs 4
|  5> end
|  6> %pointcharges "orca.bq"
|  7> %method
|  8> Method hf
|  9> RI on
| 10> RunTyp Energy
| 11> NewNCore O 2 end
| 12> NewNCore Ti 18 end
| 13> NewNCore C 2 end
| 14> NewNCore H 0 end
| 15> end
| 16> %basis
| 17> NewGTO Ti
| 18> "cc-pVDZ"
| 19> end
| 20> NewGTO H
| 21> "aug-cc-pVDZ"
| 22> end
| 23> NewGTO O
| 24> "aug-cc-pVDZ"
| 25> end
| 26> NewGTO C
| 27> "aug-cc-pVDZ"
| 28> end
| 29> NewAuxCGTO Ti
| 30> "cc-pVTZ/C"
| 31> end
| 32> NewAuxCGTO H
| 33> "aug-cc-pVDZ/C"
| 34> end
| 35> NewAuxCGTO O 
| 36> "aug-cc-pVDZ/C"
| 37> end
| 38> NewAuxCGTO C 
| 39> "aug-cc-pVDZ/C"
| 40> end
| 41> Aux "def2/J"    
| 42> end
| 43> %scf
| 44> HFTyp rhf
| 45> Guess MORead
| 46> MOInp "orca_svp_start.gbw"
| 47> SCFMode Direct
| 48> sthresh 1e-6
| 49> AutoTRAHIter 60
| 50> MaxIter 1000
| 51> end
| 52> %coords
| 53> CTyp xyz
| 54> Mult 1
| 55> Units angs
| 56>       Charge -44
| 57>   coords
| 58> C:                      0.12450231270    1.04681247009    1.69832454997
| 59> O:                      0.49304023508   -0.02079519643    0.78715525802
| 60> H:                     -0.96249075501    1.15750762384    1.64707813452
| 61> H:                      1.49048989149   -0.07651000440    0.74426707438
| 62> H:                      0.42878796509    0.76824059940    2.71621382127
| 63> H:                      0.62403522322    1.98659215615    1.41563893378
| 64> Ti                      0.00000000000    0.00000000000   -1.33807142264
| 65> O                      -0.01054518389    0.01041339435   -3.24910669693
| 66> O                      -1.22535105068   -1.48322710251   -1.16114063363
| 67> O                      -1.21183603561    1.49264677878   -1.11915424611
| 68> O                       1.24749495126   -1.51422722755   -1.26374695913
| 69> O                       1.25439008494    1.54227815700   -1.29430321331
| 70> Ti                     -0.00122090246   -2.95438555219   -1.48547979454
| 71> Ti                      0.00002248039    2.96537345130   -1.49682151131
| 72> O                       3.10598737838    0.00459982464   -0.00793290675
| 73> O                      -3.25801710391    0.01031232011   -2.57545719072
| 74> O                      -3.23394781584    0.00917142172   -0.00395175739
| 75> O                       3.31197482044    0.00703449431   -2.58493364748
| 76> O                      -0.02120828598   -2.96990201519   -3.28694097294
| 77> Ti                      0.08293367429   -1.44456083798   -4.59246122543
| 78> O                      -0.03508689611    2.98316030326   -3.29588549461
| 79> Ti                      0.08330326465    1.45754983918   -4.59818387545
| 80> Ti                     -3.25659001122   -1.47223676771   -1.08970630539
| 81> Ti                      3.25103342482    1.49449616177   -1.12335312799
| 82> Ti                     -3.25646001385    1.48887619497   -1.09380847576
| 83> Ti                      3.25990466522   -1.49356199026   -1.12229704541
| 84> O                       1.95718529944   -1.47265943387   -4.53229640405
| 85> O                       1.95752237417    1.48872401350   -4.53164347684
| 86> O                      -1.95872760697   -1.47185904047   -4.54256795006
| 87> O                      -1.95949290797    1.48410778222   -4.54887905411
| 88> O                       0.00196139953    0.00504511146   -5.81569593635
| 89> O                      -3.24393639325    2.96071117794   -2.57580148421
| 90> O                       3.22158369205    2.95097121995   -0.00949242416
| 91> O                      -3.25680371071   -2.95150214478   -2.57680762281
| 92> O                       3.23204390072   -2.94386991704   -0.01130033425
| 93> O                       3.28165029249   -2.95375025799   -2.57955589125
| 94> O                      -3.25178520906   -2.94841444196   -0.00389936226
| 95> O                      -3.24882719960    2.96197857947   -0.00134092747
| 96> O                       1.22005053932   -4.43253475757   -1.15183948028
| 97> O                       3.29240206243    2.97451173577   -2.58065193651
| 98> O                       1.21943048860    4.44158314157   -1.15320076874
| 99> O                      -1.23212094380   -4.43788555437   -1.14700860637
|100> O                      -1.23100033976    4.45439651740   -1.14293084034
|101> O                      -0.00019685689   -2.93508640339   -5.82397626332
|102> O                       0.00078247750    2.94959439393   -5.82744354351
|103> O                       5.27351765621   -1.46396610542   -1.10624087845
|104> O                       5.27304641280    1.47660066557   -1.10549029370
|105> O                      -5.28294739900   -1.47143563082   -1.13300195903
|106> O                      -5.28187000144    1.48656151127   -1.13283849781
|107> Ti                      3.23583363005   -4.43939826505   -1.09060020295
|108> Ti                     -3.25006137269   -4.42964968677   -1.08895232853
|109> Ti                      3.23632718065    4.44194515777   -1.09078193103
|110> Ti                     -3.24731879003    4.44458168405   -1.08791866758
|111> Ti                     -0.01652575250   -5.90923753025   -1.48929871894
|112> Ti                     -0.01652575250    5.92114395058   -1.48929871894
|113> O                      -0.00577009701   -5.90947305838   -3.28788966428
|114> O                      -0.00577009701    5.92090842244   -3.28788966428
|115> O                       3.25293417359   -5.90842881783   -2.57141129050
|116> O                      -3.25566244445   -5.90927832959   -2.57658226736
|117> O                       3.25293417359    5.92195266299   -2.57141129050
|118> O                      -3.25566244445    5.92110315124   -2.57658226736
|119> O                       3.24248986798   -5.91156331411    0.00000000000
|120> O                       3.24248986798    5.91881816671    0.00000000000
|121> O                      -3.26421704874   -5.90839555717   -0.00254799545
|122> O                       5.27245513825   -4.43037395570   -1.12768853425
|123> O                      -3.26421704874    5.92198592365   -0.00254799545
|124> O                      -5.28619895185   -4.42626972508   -1.13629905679
|125> O                       5.27316198250    4.44291127632   -1.12155209077
|126> O                      -5.28448111109    4.43732172602   -1.14014739801
|127> O                      -1.23100033976   -7.37598496342   -1.14293084034
|128> O                       1.21943048860   -7.38879833925   -1.15320076874
|129> O                      -1.23212094380    7.39249592646   -1.14700860637
|130> O                       1.22005053932    7.39784672325   -1.15183948028
|131> Ti>    4.00000000000   -3.18660955941    0.00703891409   -4.43832977510
|132> NewECP
|133> N_core 0
|134>   lmax f
|135>   s 2
|136>    1      0.860000       9.191690  2
|137>    2      0.172000       0.008301  2
|138>   p 2
|139>    1      0.860000      17.997720  2
|140>    2      0.172000      -0.032600  2
|141>   d 2
|142>    1      1.600000      -9.504310  2
|143>    2      0.320000      -0.151370  2
|144>   f 1
|145>    1      1.000000000    0.000000000 2
|146> end
|147> Ti>    4.00000000000    3.32386005285    0.00636111413   -4.44538464593
|148> NewECP
|149> N_core 0
|150>   lmax f
|151>   s 2
|152>    1      0.860000       9.191690  2
|153>    2      0.172000       0.008301  2
|154>   p 2
|155>    1      0.860000      17.997720  2
|156>    2      0.172000      -0.032600  2
|157>   d 2
|158>    1      1.600000      -9.504310  2
|159>    2      0.320000      -0.151370  2
|160>   f 1
|161>    1      1.000000000    0.000000000 2
|162> end
|163> Ti>    4.00000000000   -3.18204185687   -2.94968936082   -4.43946446195
|164> NewECP
|165> N_core 0
|166>   lmax f
|167>   s 2
|168>    1      0.860000       9.191690  2
|169>    2      0.172000       0.008301  2
|170>   p 2
|171>    1      0.860000      17.997720  2
|172>    2      0.172000      -0.032600  2
|173>   d 2
|174>    1      1.600000      -9.504310  2
|175>    2      0.320000      -0.151370  2
|176>   f 1
|177>    1      1.000000000    0.000000000 2
|178> end
|179> Ti>    4.00000000000   -3.18091527205    2.96376288323   -4.44266062246
|180> NewECP
|181> N_core 0
|182>   lmax f
|183>   s 2
|184>    1      0.860000       9.191690  2
|185>    2      0.172000       0.008301  2
|186>   p 2
|187>    1      0.860000      17.997720  2
|188>    2      0.172000      -0.032600  2
|189>   d 2
|190>    1      1.600000      -9.504310  2
|191>    2      0.320000      -0.151370  2
|192>   f 1
|193>    1      1.000000000    0.000000000 2
|194> end
|195> Ti>    4.00000000000    3.31944617297   -2.95288167635   -4.45244160177
|196> NewECP
|197> N_core 0
|198>   lmax f
|199>   s 2
|200>    1      0.860000       9.191690  2
|201>    2      0.172000       0.008301  2
|202>   p 2
|203>    1      0.860000      17.997720  2
|204>    2      0.172000      -0.032600  2
|205>   d 2
|206>    1      1.600000      -9.504310  2
|207>    2      0.320000      -0.151370  2
|208>   f 1
|209>    1      1.000000000    0.000000000 2
|210> end
|211> Ti>    4.00000000000    3.32091429267    2.96520866993   -4.45037393472
|212> NewECP
|213> N_core 0
|214>   lmax f
|215>   s 2
|216>    1      0.860000       9.191690  2
|217>    2      0.172000       0.008301  2
|218>   p 2
|219>    1      0.860000      17.997720  2
|220>    2      0.172000      -0.032600  2
|221>   d 2
|222>    1      1.600000      -9.504310  2
|223>    2      0.320000      -0.151370  2
|224>   f 1
|225>    1      1.000000000    0.000000000 2
|226> end
|227> Ti>    4.00000000000    0.08050640881   -4.41643328715   -4.66645148787
|228> NewECP
|229> N_core 0
|230>   lmax f
|231>   s 2
|232>    1      0.860000       9.191690  2
|233>    2      0.172000       0.008301  2
|234>   p 2
|235>    1      0.860000      17.997720  2
|236>    2      0.172000      -0.032600  2
|237>   d 2
|238>    1      1.600000      -9.504310  2
|239>    2      0.320000      -0.151370  2
|240>   f 1
|241>    1      1.000000000    0.000000000 2
|242> end
|243> Ti>    4.00000000000    0.08227284752    4.43114417589   -4.66976262263
|244> NewECP
|245> N_core 0
|246>   lmax f
|247>   s 2
|248>    1      0.860000       9.191690  2
|249>    2      0.172000       0.008301  2
|250>   p 2
|251>    1      0.860000      17.997720  2
|252>    2      0.172000      -0.032600  2
|253>   d 2
|254>    1      1.600000      -9.504310  2
|255>    2      0.320000      -0.151370  2
|256>   f 1
|257>    1      1.000000000    0.000000000 2
|258> end
|259> Ti>    4.00000000000   -0.00984241049    0.00625964610   -7.81753153775
|260> NewECP
|261> N_core 0
|262>   lmax f
|263>   s 2
|264>    1      0.860000       9.191690  2
|265>    2      0.172000       0.008301  2
|266>   p 2
|267>    1      0.860000      17.997720  2
|268>    2      0.172000      -0.032600  2
|269>   d 2
|270>    1      1.600000      -9.504310  2
|271>    2      0.320000      -0.151370  2
|272>   f 1
|273>    1      1.000000000    0.000000000 2
|274> end
|275> Ti>    4.00000000000   -6.50113982158    0.00774664581   -1.45920688906
|276> NewECP
|277> N_core 0
|278>   lmax f
|279>   s 2
|280>    1      0.860000       9.191690  2
|281>    2      0.172000       0.008301  2
|282>   p 2
|283>    1      0.860000      17.997720  2
|284>    2      0.172000      -0.032600  2
|285>   d 2
|286>    1      1.600000      -9.504310  2
|287>    2      0.320000      -0.151370  2
|288>   f 1
|289>    1      1.000000000    0.000000000 2
|290> end
|291> Ti>    4.00000000000    6.50284428197    0.00774664581   -1.45920688906
|292> NewECP
|293> N_core 0
|294>   lmax f
|295>   s 2
|296>    1      0.860000       9.191690  2
|297>    2      0.172000       0.008301  2
|298>   p 2
|299>    1      0.860000      17.997720  2
|300>    2      0.172000      -0.032600  2
|301>   d 2
|302>    1      1.600000      -9.504310  2
|303>    2      0.320000      -0.151370  2
|304>   f 1
|305>    1      1.000000000    0.000000000 2
|306> end
|307> Ti>    4.00000000000   -0.00984241049   -2.95133572410   -7.81753153775
|308> NewECP
|309> N_core 0
|310>   lmax f
|311>   s 2
|312>    1      0.860000       9.191690  2
|313>    2      0.172000       0.008301  2
|314>   p 2
|315>    1      0.860000      17.997720  2
|316>    2      0.172000      -0.032600  2
|317>   d 2
|318>    1      1.600000      -9.504310  2
|319>    2      0.320000      -0.151370  2
|320>   f 1
|321>    1      1.000000000    0.000000000 2
|322> end
|323> Ti>    4.00000000000   -0.00984241049    2.96385501631   -7.81753153775
|324> NewECP
|325> N_core 0
|326>   lmax f
|327>   s 2
|328>    1      0.860000       9.191690  2
|329>    2      0.172000       0.008301  2
|330>   p 2
|331>    1      0.860000      17.997720  2
|332>    2      0.172000      -0.032600  2
|333>   d 2
|334>    1      1.600000      -9.504310  2
|335>    2      0.320000      -0.151370  2
|336>   f 1
|337>    1      1.000000000    0.000000000 2
|338> end
|339> Ti>    4.00000000000    6.49464777486   -2.95569920764   -1.45740178224
|340> NewECP
|341> N_core 0
|342>   lmax f
|343>   s 2
|344>    1      0.860000       9.191690  2
|345>    2      0.172000       0.008301  2
|346>   p 2
|347>    1      0.860000      17.997720  2
|348>    2      0.172000      -0.032600  2
|349>   d 2
|350>    1      1.600000      -9.504310  2
|351>    2      0.320000      -0.151370  2
|352>   f 1
|353>    1      1.000000000    0.000000000 2
|354> end
|355> Ti>    4.00000000000    6.49187230890    2.96790101099   -1.45713099450
|356> NewECP
|357> N_core 0
|358>   lmax f
|359>   s 2
|360>    1      0.860000       9.191690  2
|361>    2      0.172000       0.008301  2
|362>   p 2
|363>    1      0.860000      17.997720  2
|364>    2      0.172000      -0.032600  2
|365>   d 2
|366>    1      1.600000      -9.504310  2
|367>    2      0.320000      -0.151370  2
|368>   f 1
|369>    1      1.000000000    0.000000000 2
|370> end
|371> Ti>    4.00000000000   -6.50933632869   -2.95569920764   -1.45740178224
|372> NewECP
|373> N_core 0
|374>   lmax f
|375>   s 2
|376>    1      0.860000       9.191690  2
|377>    2      0.172000       0.008301  2
|378>   p 2
|379>    1      0.860000      17.997720  2
|380>    2      0.172000      -0.032600  2
|381>   d 2
|382>    1      1.600000      -9.504310  2
|383>    2      0.320000      -0.151370  2
|384>   f 1
|385>    1      1.000000000    0.000000000 2
|386> end
|387> Ti>    4.00000000000   -6.51211179465    2.96790101099   -1.45713099450
|388> NewECP
|389> N_core 0
|390>   lmax f
|391>   s 2
|392>    1      0.860000       9.191690  2
|393>    2      0.172000       0.008301  2
|394>   p 2
|395>    1      0.860000      17.997720  2
|396>    2      0.172000      -0.032600  2
|397>   d 2
|398>    1      1.600000      -9.504310  2
|399>    2      0.320000      -0.151370  2
|400>   f 1
|401>    1      1.000000000    0.000000000 2
|402> end
|403> Ti>    4.00000000000   -6.42100180501   -1.47274473271   -4.63917858613
|404> NewECP
|405> N_core 0
|406>   lmax f
|407>   s 2
|408>    1      0.860000       9.191690  2
|409>    2      0.172000       0.008301  2
|410>   p 2
|411>    1      0.860000      17.997720  2
|412>    2      0.172000      -0.032600  2
|413>   d 2
|414>    1      1.600000      -9.504310  2
|415>    2      0.320000      -0.151370  2
|416>   f 1
|417>    1      1.000000000    0.000000000 2
|418> end
|419> Ti>    4.00000000000   -6.42088754184    1.48593261243   -4.63863317356
|420> NewECP
|421> N_core 0
|422>   lmax f
|423>   s 2
|424>    1      0.860000       9.191690  2
|425>    2      0.172000       0.008301  2
|426>   p 2
|427>    1      0.860000      17.997720  2
|428>    2      0.172000      -0.032600  2
|429>   d 2
|430>    1      1.600000      -9.504310  2
|431>    2      0.320000      -0.151370  2
|432>   f 1
|433>    1      1.000000000    0.000000000 2
|434> end
|435> Ti>    4.00000000000    3.24115361540   -1.47253803900   -7.81753153775
|436> NewECP
|437> N_core 0
|438>   lmax f
|439>   s 2
|440>    1      0.860000       9.191690  2
|441>    2      0.172000       0.008301  2
|442>   p 2
|443>    1      0.860000      17.997720  2
|444>    2      0.172000      -0.032600  2
|445>   d 2
|446>    1      1.600000      -9.504310  2
|447>    2      0.320000      -0.151370  2
|448>   f 1
|449>    1      1.000000000    0.000000000 2
|450> end
|451> Ti>    4.00000000000   -3.18276059561   -5.90904848220   -4.43910019399
|452> NewECP
|453> N_core 0
|454>   lmax f
|455>   s 2
|456>    1      0.860000       9.191690  2
|457>    2      0.172000       0.008301  2
|458>   p 2
|459>    1      0.860000      17.997720  2
|460>    2      0.172000      -0.032600  2
|461>   d 2
|462>    1      1.600000      -9.504310  2
|463>    2      0.320000      -0.151370  2
|464>   f 1
|465>    1      1.000000000    0.000000000 2
|466> end
|467> Ti>    4.00000000000    3.24115361540    1.48505733121   -7.81753153775
|468> NewECP
|469> N_core 0
|470>   lmax f
|471>   s 2
|472>    1      0.860000       9.191690  2
|473>    2      0.172000       0.008301  2
|474>   p 2
|475>    1      0.860000      17.997720  2
|476>    2      0.172000      -0.032600  2
|477>   d 2
|478>    1      1.600000      -9.504310  2
|479>    2      0.320000      -0.151370  2
|480>   f 1
|481>    1      1.000000000    0.000000000 2
|482> end
|483> Ti>    4.00000000000   -3.26083843637   -1.47253803900   -7.81753153775
|484> NewECP
|485> N_core 0
|486>   lmax f
|487>   s 2
|488>    1      0.860000       9.191690  2
|489>    2      0.172000       0.008301  2
|490>   p 2
|491>    1      0.860000      17.997720  2
|492>    2      0.172000      -0.032600  2
|493>   d 2
|494>    1      1.600000      -9.504310  2
|495>    2      0.320000      -0.151370  2
|496>   f 1
|497>    1      1.000000000    0.000000000 2
|498> end
|499> Ti>    4.00000000000   -3.18276059561    5.92133299863   -4.43910019399
|500> NewECP
|501> N_core 0
|502>   lmax f
|503>   s 2
|504>    1      0.860000       9.191690  2
|505>    2      0.172000       0.008301  2
|506>   p 2
|507>    1      0.860000      17.997720  2
|508>    2      0.172000      -0.032600  2
|509>   d 2
|510>    1      1.600000      -9.504310  2
|511>    2      0.320000      -0.151370  2
|512>   f 1
|513>    1      1.000000000    0.000000000 2
|514> end
|515> Ti>    4.00000000000   -3.26083843637    1.48505733121   -7.81753153775
|516> NewECP
|517> N_core 0
|518>   lmax f
|519>   s 2
|520>    1      0.860000       9.191690  2
|521>    2      0.172000       0.008301  2
|522>   p 2
|523>    1      0.860000      17.997720  2
|524>    2      0.172000      -0.032600  2
|525>   d 2
|526>    1      1.600000      -9.504310  2
|527>    2      0.320000      -0.151370  2
|528>   f 1
|529>    1      1.000000000    0.000000000 2
|530> end
|531> Ti>    4.00000000000    3.31527735314   -5.90833806215   -4.44083243901
|532> NewECP
|533> N_core 0
|534>   lmax f
|535>   s 2
|536>    1      0.860000       9.191690  2
|537>    2      0.172000       0.008301  2
|538>   p 2
|539>    1      0.860000      17.997720  2
|540>    2      0.172000      -0.032600  2
|541>   d 2
|542>    1      1.600000      -9.504310  2
|543>    2      0.320000      -0.151370  2
|544>   f 1
|545>    1      1.000000000    0.000000000 2
|546> end
|547> Ti>    4.00000000000    3.31527735314    5.92204341867   -4.44083243901
|548> NewECP
|549> N_core 0
|550>   lmax f
|551>   s 2
|552>    1      0.860000       9.191690  2
|553>    2      0.172000       0.008301  2
|554>   p 2
|555>    1      0.860000      17.997720  2
|556>    2      0.172000      -0.032600  2
|557>   d 2
|558>    1      1.600000      -9.504310  2
|559>    2      0.320000      -0.151370  2
|560>   f 1
|561>    1      1.000000000    0.000000000 2
|562> end
|563> Ti>    4.00000000000    6.58298229854   -1.47274473271   -4.63917858613
|564> NewECP
|565> N_core 0
|566>   lmax f
|567>   s 2
|568>    1      0.860000       9.191690  2
|569>    2      0.172000       0.008301  2
|570>   p 2
|571>    1      0.860000      17.997720  2
|572>    2      0.172000      -0.032600  2
|573>   d 2
|574>    1      1.600000      -9.504310  2
|575>    2      0.320000      -0.151370  2
|576>   f 1
|577>    1      1.000000000    0.000000000 2
|578> end
|579> Ti>    4.00000000000    6.58309656171    1.48593261243   -4.63863317356
|580> NewECP
|581> N_core 0
|582>   lmax f
|583>   s 2
|584>    1      0.860000       9.191690  2
|585>    2      0.172000       0.008301  2
|586>   p 2
|587>    1      0.860000      17.997720  2
|588>    2      0.172000      -0.032600  2
|589>   d 2
|590>    1      1.600000      -9.504310  2
|591>    2      0.320000      -0.151370  2
|592>   f 1
|593>    1      1.000000000    0.000000000 2
|594> end
|595> Ti>    4.00000000000    3.23632718065   -7.38843632305   -1.09078193103
|596> NewECP
|597> N_core 0
|598>   lmax f
|599>   s 2
|600>    1      0.860000       9.191690  2
|601>    2      0.172000       0.008301  2
|602>   p 2
|603>    1      0.860000      17.997720  2
|604>    2      0.172000      -0.032600  2
|605>   d 2
|606>    1      1.600000      -9.504310  2
|607>    2      0.320000      -0.151370  2
|608>   f 1
|609>    1      1.000000000    0.000000000 2
|610> end
|611> Ti>    4.00000000000   -3.24731879003   -7.38579979677   -1.08791866758
|612> NewECP
|613> N_core 0
|614>   lmax f
|615>   s 2
|616>    1      0.860000       9.191690  2
|617>    2      0.172000       0.008301  2
|618>   p 2
|619>    1      0.860000      17.997720  2
|620>    2      0.172000      -0.032600  2
|621>   d 2
|622>    1      1.600000      -9.504310  2
|623>    2      0.320000      -0.151370  2
|624>   f 1
|625>    1      1.000000000    0.000000000 2
|626> end
|627> Ti>    4.00000000000    3.23583363005    7.39098321577   -1.09060020295
|628> NewECP
|629> N_core 0
|630>   lmax f
|631>   s 2
|632>    1      0.860000       9.191690  2
|633>    2      0.172000       0.008301  2
|634>   p 2
|635>    1      0.860000      17.997720  2
|636>    2      0.172000      -0.032600  2
|637>   d 2
|638>    1      1.600000      -9.504310  2
|639>    2      0.320000      -0.151370  2
|640>   f 1
|641>    1      1.000000000    0.000000000 2
|642> end
|643> Ti>    4.00000000000   -3.25006137269    7.40073179405   -1.08895232853
|644> NewECP
|645> N_core 0
|646>   lmax f
|647>   s 2
|648>    1      0.860000       9.191690  2
|649>    2      0.172000       0.008301  2
|650>   p 2
|651>    1      0.860000      17.997720  2
|652>    2      0.172000      -0.032600  2
|653>   d 2
|654>    1      1.600000      -9.504310  2
|655>    2      0.320000      -0.151370  2
|656>   f 1
|657>    1      1.000000000    0.000000000 2
|658> end
|659> Ti>    4.00000000000    0.08227284752   -7.39923730493   -4.66976262263
|660> NewECP
|661> N_core 0
|662>   lmax f
|663>   s 2
|664>    1      0.860000       9.191690  2
|665>    2      0.172000       0.008301  2
|666>   p 2
|667>    1      0.860000      17.997720  2
|668>    2      0.172000      -0.032600  2
|669>   d 2
|670>    1      1.600000      -9.504310  2
|671>    2      0.320000      -0.151370  2
|672>   f 1
|673>    1      1.000000000    0.000000000 2
|674> end
|675> Ti>    4.00000000000    0.08050640881    7.41394819367   -4.66645148787
|676> NewECP
|677> N_core 0
|678>   lmax f
|679>   s 2
|680>    1      0.860000       9.191690  2
|681>    2      0.172000       0.008301  2
|682>   p 2
|683>    1      0.860000      17.997720  2
|684>    2      0.172000      -0.032600  2
|685>   d 2
|686>    1      1.600000      -9.504310  2
|687>    2      0.320000      -0.151370  2
|688>   f 1
|689>    1      1.000000000    0.000000000 2
|690> end
|691> Ti>    4.00000000000   -6.41726740344   -4.43051322054   -4.63665712733
|692> NewECP
|693> N_core 0
|694>   lmax f
|695>   s 2
|696>    1      0.860000       9.191690  2
|697>    2      0.172000       0.008301  2
|698>   p 2
|699>    1      0.860000      17.997720  2
|700>    2      0.172000      -0.032600  2
|701>   d 2
|702>    1      1.600000      -9.504310  2
|703>    2      0.320000      -0.151370  2
|704>   f 1
|705>    1      1.000000000    0.000000000 2
|706> end
|707> Ti>    4.00000000000   -6.41943950033    4.44323331185   -4.63694353463
|708> NewECP
|709> N_core 0
|710>   lmax f
|711>   s 2
|712>    1      0.860000       9.191690  2
|713>    2      0.172000       0.008301  2
|714>   p 2
|715>    1      0.860000      17.997720  2
|716>    2      0.172000      -0.032600  2
|717>   d 2
|718>    1      1.600000      -9.504310  2
|719>    2      0.320000      -0.151370  2
|720>   f 1
|721>    1      1.000000000    0.000000000 2
|722> end
|723> Ti>    4.00000000000    3.24115361540   -4.43013340920   -7.81753153775
|724> NewECP
|725> N_core 0
|726>   lmax f
|727>   s 2
|728>    1      0.860000       9.191690  2
|729>    2      0.172000       0.008301  2
|730>   p 2
|731>    1      0.860000      17.997720  2
|732>    2      0.172000      -0.032600  2
|733>   d 2
|734>    1      1.600000      -9.504310  2
|735>    2      0.320000      -0.151370  2
|736>   f 1
|737>    1      1.000000000    0.000000000 2
|738> end
|739> Ti>    4.00000000000    3.24115361540    4.44265270141   -7.81753153775
|740> NewECP
|741> N_core 0
|742>   lmax f
|743>   s 2
|744>    1      0.860000       9.191690  2
|745>    2      0.172000       0.008301  2
|746>   p 2
|747>    1      0.860000      17.997720  2
|748>    2      0.172000      -0.032600  2
|749>   d 2
|750>    1      1.600000      -9.504310  2
|751>    2      0.320000      -0.151370  2
|752>   f 1
|753>    1      1.000000000    0.000000000 2
|754> end
|755> Ti>    4.00000000000   -3.26083843637   -4.43013340920   -7.81753153775
|756> NewECP
|757> N_core 0
|758>   lmax f
|759>   s 2
|760>    1      0.860000       9.191690  2
|761>    2      0.172000       0.008301  2
|762>   p 2
|763>    1      0.860000      17.997720  2
|764>    2      0.172000      -0.032600  2
|765>   d 2
|766>    1      1.600000      -9.504310  2
|767>    2      0.320000      -0.151370  2
|768>   f 1
|769>    1      1.000000000    0.000000000 2
|770> end
|771> Ti>    4.00000000000   -3.26083843637    4.44265270141   -7.81753153775
|772> NewECP
|773> N_core 0
|774>   lmax f
|775>   s 2
|776>    1      0.860000       9.191690  2
|777>    2      0.172000       0.008301  2
|778>   p 2
|779>    1      0.860000      17.997720  2
|780>    2      0.172000      -0.032600  2
|781>   d 2
|782>    1      1.600000      -9.504310  2
|783>    2      0.320000      -0.151370  2
|784>   f 1
|785>    1      1.000000000    0.000000000 2
|786> end
|787> Ti>    4.00000000000    6.58671670010   -4.43051322054   -4.63665712733
|788> NewECP
|789> N_core 0
|790>   lmax f
|791>   s 2
|792>    1      0.860000       9.191690  2
|793>    2      0.172000       0.008301  2
|794>   p 2
|795>    1      0.860000      17.997720  2
|796>    2      0.172000      -0.032600  2
|797>   d 2
|798>    1      1.600000      -9.504310  2
|799>    2      0.320000      -0.151370  2
|800>   f 1
|801>    1      1.000000000    0.000000000 2
|802> end
|803> Ti>    4.00000000000    6.58454460321    4.44323331185   -4.63694353463
|804> NewECP
|805> N_core 0
|806>   lmax f
|807>   s 2
|808>    1      0.860000       9.191690  2
|809>    2      0.172000       0.008301  2
|810>   p 2
|811>    1      0.860000      17.997720  2
|812>    2      0.172000      -0.032600  2
|813>   d 2
|814>    1      1.600000      -9.504310  2
|815>    2      0.320000      -0.151370  2
|816>   f 1
|817>    1      1.000000000    0.000000000 2
|818> end
|819> Ti>    4.00000000000   -0.00984241049   -5.90893109431   -7.81753153775
|820> NewECP
|821> N_core 0
|822>   lmax f
|823>   s 2
|824>    1      0.860000       9.191690  2
|825>    2      0.172000       0.008301  2
|826>   p 2
|827>    1      0.860000      17.997720  2
|828>    2      0.172000      -0.032600  2
|829>   d 2
|830>    1      1.600000      -9.504310  2
|831>    2      0.320000      -0.151370  2
|832>   f 1
|833>    1      1.000000000    0.000000000 2
|834> end
|835> Ti>    4.00000000000   -0.00984241049    5.92145038652   -7.81753153775
|836> NewECP
|837> N_core 0
|838>   lmax f
|839>   s 2
|840>    1      0.860000       9.191690  2
|841>    2      0.172000       0.008301  2
|842>   p 2
|843>    1      0.860000      17.997720  2
|844>    2      0.172000      -0.032600  2
|845>   d 2
|846>    1      1.600000      -9.504310  2
|847>    2      0.320000      -0.151370  2
|848>   f 1
|849>    1      1.000000000    0.000000000 2
|850> end
|851> Ti>    4.00000000000    6.49537930510   -5.90957489693   -1.45813350750
|852> NewECP
|853> N_core 0
|854>   lmax f
|855>   s 2
|856>    1      0.860000       9.191690  2
|857>    2      0.172000       0.008301  2
|858>   p 2
|859>    1      0.860000      17.997720  2
|860>    2      0.172000      -0.032600  2
|861>   d 2
|862>    1      1.600000      -9.504310  2
|863>    2      0.320000      -0.151370  2
|864>   f 1
|865>    1      1.000000000    0.000000000 2
|866> end
|867> Ti>    4.00000000000    6.49537930510    5.92080658389   -1.45813350750
|868> NewECP
|869> N_core 0
|870>   lmax f
|871>   s 2
|872>    1      0.860000       9.191690  2
|873>    2      0.172000       0.008301  2
|874>   p 2
|875>    1      0.860000      17.997720  2
|876>    2      0.172000      -0.032600  2
|877>   d 2
|878>    1      1.600000      -9.504310  2
|879>    2      0.320000      -0.151370  2
|880>   f 1
|881>    1      1.000000000    0.000000000 2
|882> end
|883> Ti>    4.00000000000   -6.50860479845   -5.90957489693   -1.45813350750
|884> NewECP
|885> N_core 0
|886>   lmax f
|887>   s 2
|888>    1      0.860000       9.191690  2
|889>    2      0.172000       0.008301  2
|890>   p 2
|891>    1      0.860000      17.997720  2
|892>    2      0.172000      -0.032600  2
|893>   d 2
|894>    1      1.600000      -9.504310  2
|895>    2      0.320000      -0.151370  2
|896>   f 1
|897>    1      1.000000000    0.000000000 2
|898> end
|899> Ti>    4.00000000000   -6.50860479845    5.92080658389   -1.45813350750
|900> NewECP
|901> N_core 0
|902>   lmax f
|903>   s 2
|904>    1      0.860000       9.191690  2
|905>    2      0.172000       0.008301  2
|906>   p 2
|907>    1      0.860000      17.997720  2
|908>    2      0.172000      -0.032600  2
|909>   d 2
|910>    1      1.600000      -9.504310  2
|911>    2      0.320000      -0.151370  2
|912>   f 1
|913>    1      1.000000000    0.000000000 2
|914> end
|915> Ti>    4.00000000000    0.00002248039   -8.86500802953   -1.49682151131
|916> NewECP
|917> N_core 0
|918>   lmax f
|919>   s 2
|920>    1      0.860000       9.191690  2
|921>    2      0.172000       0.008301  2
|922>   p 2
|923>    1      0.860000      17.997720  2
|924>    2      0.172000      -0.032600  2
|925>   d 2
|926>    1      1.600000      -9.504310  2
|927>    2      0.320000      -0.151370  2
|928>   f 1
|929>    1      1.000000000    0.000000000 2
|930> end
|931> Ti>    4.00000000000   -0.00122090246    8.87599592863   -1.48547979454
|932> NewECP
|933> N_core 0
|934>   lmax f
|935>   s 2
|936>    1      0.860000       9.191690  2
|937>    2      0.172000       0.008301  2
|938>   p 2
|939>    1      0.860000      17.997720  2
|940>    2      0.172000      -0.032600  2
|941>   d 2
|942>    1      1.600000      -9.504310  2
|943>    2      0.320000      -0.151370  2
|944>   f 1
|945>    1      1.000000000    0.000000000 2
|946> end
|947> Ti>    4.00000000000    6.49214964129    0.00625964610   -7.81753153775
|948> NewECP
|949> N_core 0
|950>   lmax f
|951>   s 2
|952>    1      0.860000       9.191690  2
|953>    2      0.172000       0.008301  2
|954>   p 2
|955>    1      0.860000      17.997720  2
|956>    2      0.172000      -0.032600  2
|957>   d 2
|958>    1      1.600000      -9.504310  2
|959>    2      0.320000      -0.151370  2
|960>   f 1
|961>    1      1.000000000    0.000000000 2
|962> end
|963> Ti>    4.00000000000   -6.51183446226    0.00625964610   -7.81753153775
|964> NewECP
|965> N_core 0
|966>   lmax f
|967>   s 2
|968>    1      0.860000       9.191690  2
|969>    2      0.172000       0.008301  2
|970>   p 2
|971>    1      0.860000      17.997720  2
|972>    2      0.172000      -0.032600  2
|973>   d 2
|974>    1      1.600000      -9.504310  2
|975>    2      0.320000      -0.151370  2
|976>   f 1
|977>    1      1.000000000    0.000000000 2
|978> end
|979> Ti>    4.00000000000    6.49214964129   -2.95133572410   -7.81753153775
|980> NewECP
|981> N_core 0
|982>   lmax f
|983>   s 2
|984>    1      0.860000       9.191690  2
|985>    2      0.172000       0.008301  2
|986>   p 2
|987>    1      0.860000      17.997720  2
|988>    2      0.172000      -0.032600  2
|989>   d 2
|990>    1      1.600000      -9.504310  2
|991>    2      0.320000      -0.151370  2
|992>   f 1
|993>    1      1.000000000    0.000000000 2
|994> end
|995> Ti>    4.00000000000    6.49214964129    2.96385501631   -7.81753153775
|996> NewECP
|997> N_core 0
|998>   lmax f
|999>   s 2
|1000>    1      0.860000       9.191690  2
|1001>    2      0.172000       0.008301  2
|1002>   p 2
|1003>    1      0.860000      17.997720  2
|1004>    2      0.172000      -0.032600  2
|1005>   d 2
|1006>    1      1.600000      -9.504310  2
|1007>    2      0.320000      -0.151370  2
|1008>   f 1
|1009>    1      1.000000000    0.000000000 2
|1010> end
|1011> Ti>    4.00000000000   -6.51183446226   -2.95133572410   -7.81753153775
|1012> NewECP
|1013> N_core 0
|1014>   lmax f
|1015>   s 2
|1016>    1      0.860000       9.191690  2
|1017>    2      0.172000       0.008301  2
|1018>   p 2
|1019>    1      0.860000      17.997720  2
|1020>    2      0.172000      -0.032600  2
|1021>   d 2
|1022>    1      1.600000      -9.504310  2
|1023>    2      0.320000      -0.151370  2
|1024>   f 1
|1025>    1      1.000000000    0.000000000 2
|1026> end
|1027> Ti>    4.00000000000   -6.51183446226    2.96385501631   -7.81753153775
|1028> NewECP
|1029> N_core 0
|1030>   lmax f
|1031>   s 2
|1032>    1      0.860000       9.191690  2
|1033>    2      0.172000       0.008301  2
|1034>   p 2
|1035>    1      0.860000      17.997720  2
|1036>    2      0.172000      -0.032600  2
|1037>   d 2
|1038>    1      1.600000      -9.504310  2
|1039>    2      0.320000      -0.151370  2
|1040>   f 1
|1041>    1      1.000000000    0.000000000 2
|1042> end
|1043> Ti>    4.00000000000   -0.00984241049   -1.47253803900  -11.06852756364
|1044> NewECP
|1045> N_core 0
|1046>   lmax f
|1047>   s 2
|1048>    1      0.860000       9.191690  2
|1049>    2      0.172000       0.008301  2
|1050>   p 2
|1051>    1      0.860000      17.997720  2
|1052>    2      0.172000      -0.032600  2
|1053>   d 2
|1054>    1      1.600000      -9.504310  2
|1055>    2      0.320000      -0.151370  2
|1056>   f 1
|1057>    1      1.000000000    0.000000000 2
|1058> end
|1059> Ti>    4.00000000000   -0.00984241049    1.48505733121  -11.06852756364
|1060> NewECP
|1061> N_core 0
|1062>   lmax f
|1063>   s 2
|1064>    1      0.860000       9.191690  2
|1065>    2      0.172000       0.008301  2
|1066>   p 2
|1067>    1      0.860000      17.997720  2
|1068>    2      0.172000      -0.032600  2
|1069>   d 2
|1070>    1      1.600000      -9.504310  2
|1071>    2      0.320000      -0.151370  2
|1072>   f 1
|1073>    1      1.000000000    0.000000000 2
|1074> end
|1075> Ti>    4.00000000000   -9.74407943832   -1.49356199026   -1.12229704541
|1076> NewECP
|1077> N_core 0
|1078>   lmax f
|1079>   s 2
|1080>    1      0.860000       9.191690  2
|1081>    2      0.172000       0.008301  2
|1082>   p 2
|1083>    1      0.860000      17.997720  2
|1084>    2      0.172000      -0.032600  2
|1085>   d 2
|1086>    1      1.600000      -9.504310  2
|1087>    2      0.320000      -0.151370  2
|1088>   f 1
|1089>    1      1.000000000    0.000000000 2
|1090> end
|1091> Ti>    4.00000000000    9.74739409233   -1.47223676771   -1.08970630539
|1092> NewECP
|1093> N_core 0
|1094>   lmax f
|1095>   s 2
|1096>    1      0.860000       9.191690  2
|1097>    2      0.172000       0.008301  2
|1098>   p 2
|1099>    1      0.860000      17.997720  2
|1100>    2      0.172000      -0.032600  2
|1101>   d 2
|1102>    1      1.600000      -9.504310  2
|1103>    2      0.320000      -0.151370  2
|1104>   f 1
|1105>    1      1.000000000    0.000000000 2
|1106> end
|1107> Ti>    4.00000000000    9.74752408969    1.48887619497   -1.09380847576
|1108> NewECP
|1109> N_core 0
|1110>   lmax f
|1111>   s 2
|1112>    1      0.860000       9.191690  2
|1113>    2      0.172000       0.008301  2
|1114>   p 2
|1115>    1      0.860000      17.997720  2
|1116>    2      0.172000      -0.032600  2
|1117>   d 2
|1118>    1      1.600000      -9.504310  2
|1119>    2      0.320000      -0.151370  2
|1120>   f 1
|1121>    1      1.000000000    0.000000000 2
|1122> end
|1123> Ti>    4.00000000000   -9.75295067873    1.49449616177   -1.12335312799
|1124> NewECP
|1125> N_core 0
|1126>   lmax f
|1127>   s 2
|1128>    1      0.860000       9.191690  2
|1129>    2      0.172000       0.008301  2
|1130>   p 2
|1131>    1      0.860000      17.997720  2
|1132>    2      0.172000      -0.032600  2
|1133>   d 2
|1134>    1      1.600000      -9.504310  2
|1135>    2      0.320000      -0.151370  2
|1136>   f 1
|1137>    1      1.000000000    0.000000000 2
|1138> end
|1139> Ti>    4.00000000000   -3.18091527205   -8.86661859760   -4.44266062246
|1140> NewECP
|1141> N_core 0
|1142>   lmax f
|1143>   s 2
|1144>    1      0.860000       9.191690  2
|1145>    2      0.172000       0.008301  2
|1146>   p 2
|1147>    1      0.860000      17.997720  2
|1148>    2      0.172000      -0.032600  2
|1149>   d 2
|1150>    1      1.600000      -9.504310  2
|1151>    2      0.320000      -0.151370  2
|1152>   f 1
|1153>    1      1.000000000    0.000000000 2
|1154> end
|1155> Ti>    4.00000000000   -3.18204185687    8.88069212000   -4.43946446195
|1156> NewECP
|1157> N_core 0
|1158>   lmax f
|1159>   s 2
|1160>    1      0.860000       9.191690  2
|1161>    2      0.172000       0.008301  2
|1162>   p 2
|1163>    1      0.860000      17.997720  2
|1164>    2      0.172000      -0.032600  2
|1165>   d 2
|1166>    1      1.600000      -9.504310  2
|1167>    2      0.320000      -0.151370  2
|1168>   f 1
|1169>    1      1.000000000    0.000000000 2
|1170> end
|1171> Ti>    4.00000000000    3.32091429267   -8.86517281089   -4.45037393472
|1172> NewECP
|1173> N_core 0
|1174>   lmax f
|1175>   s 2
|1176>    1      0.860000       9.191690  2
|1177>    2      0.172000       0.008301  2
|1178>   p 2
|1179>    1      0.860000      17.997720  2
|1180>    2      0.172000      -0.032600  2
|1181>   d 2
|1182>    1      1.600000      -9.504310  2
|1183>    2      0.320000      -0.151370  2
|1184>   f 1
|1185>    1      1.000000000    0.000000000 2
|1186> end
|1187> Ti>    4.00000000000    3.31944617297    8.87749980447   -4.45244160177
|1188> NewECP
|1189> N_core 0
|1190>   lmax f
|1191>   s 2
|1192>    1      0.860000       9.191690  2
|1193>    2      0.172000       0.008301  2
|1194>   p 2
|1195>    1      0.860000      17.997720  2
|1196>    2      0.172000      -0.032600  2
|1197>   d 2
|1198>    1      1.600000      -9.504310  2
|1199>    2      0.320000      -0.151370  2
|1200>   f 1
|1201>    1      1.000000000    0.000000000 2
|1202> end
|1203> Ti>    4.00000000000   -9.68012405070    0.00636111413   -4.44538464593
|1204> NewECP
|1205> N_core 0
|1206>   lmax f
|1207>   s 2
|1208>    1      0.860000       9.191690  2
|1209>    2      0.172000       0.008301  2
|1210>   p 2
|1211>    1      0.860000      17.997720  2
|1212>    2      0.172000      -0.032600  2
|1213>   d 2
|1214>    1      1.600000      -9.504310  2
|1215>    2      0.320000      -0.151370  2
|1216>   f 1
|1217>    1      1.000000000    0.000000000 2
|1218> end
|1219> Ti>    4.00000000000    9.81737454414    0.00703891409   -4.43832977510
|1220> NewECP
|1221> N_core 0
|1222>   lmax f
|1223>   s 2
|1224>    1      0.860000       9.191690  2
|1225>    2      0.172000       0.008301  2
|1226>   p 2
|1227>    1      0.860000      17.997720  2
|1228>    2      0.172000      -0.032600  2
|1229>   d 2
|1230>    1      1.600000      -9.504310  2
|1231>    2      0.320000      -0.151370  2
|1232>   f 1
|1233>    1      1.000000000    0.000000000 2
|1234> end
|1235> Ti>    4.00000000000   -6.41943950033   -7.38714816897   -4.63694353463
|1236> NewECP
|1237> N_core 0
|1238>   lmax f
|1239>   s 2
|1240>    1      0.860000       9.191690  2
|1241>    2      0.172000       0.008301  2
|1242>   p 2
|1243>    1      0.860000      17.997720  2
|1244>    2      0.172000      -0.032600  2
|1245>   d 2
|1246>    1      1.600000      -9.504310  2
|1247>    2      0.320000      -0.151370  2
|1248>   f 1
|1249>    1      1.000000000    0.000000000 2
|1250> end
|1251> Ti>    4.00000000000   -6.41726740344    7.39986826028   -4.63665712733
|1252> NewECP
|1253> N_core 0
|1254>   lmax f
|1255>   s 2
|1256>    1      0.860000       9.191690  2
|1257>    2      0.172000       0.008301  2
|1258>   p 2
|1259>    1      0.860000      17.997720  2
|1260>    2      0.172000      -0.032600  2
|1261>   d 2
|1262>    1      1.600000      -9.504310  2
|1263>    2      0.320000      -0.151370  2
|1264>   f 1
|1265>    1      1.000000000    0.000000000 2
|1266> end
|1267> Ti>    4.00000000000    3.24115361540   -7.38772877941   -7.81753153775
|1268> NewECP
|1269> N_core 0
|1270>   lmax f
|1271>   s 2
|1272>    1      0.860000       9.191690  2
|1273>    2      0.172000       0.008301  2
|1274>   p 2
|1275>    1      0.860000      17.997720  2
|1276>    2      0.172000      -0.032600  2
|1277>   d 2
|1278>    1      1.600000      -9.504310  2
|1279>    2      0.320000      -0.151370  2
|1280>   f 1
|1281>    1      1.000000000    0.000000000 2
|1282> end
|1283> Ti>    4.00000000000   -3.26083843637   -7.38772877941   -7.81753153775
|1284> NewECP
|1285> N_core 0
|1286>   lmax f
|1287>   s 2
|1288>    1      0.860000       9.191690  2
|1289>    2      0.172000       0.008301  2
|1290>   p 2
|1291>    1      0.860000      17.997720  2
|1292>    2      0.172000      -0.032600  2
|1293>   d 2
|1294>    1      1.600000      -9.504310  2
|1295>    2      0.320000      -0.151370  2
|1296>   f 1
|1297>    1      1.000000000    0.000000000 2
|1298> end
|1299> Ti>    4.00000000000    3.24115361540    7.40024807162   -7.81753153775
|1300> NewECP
|1301> N_core 0
|1302>   lmax f
|1303>   s 2
|1304>    1      0.860000       9.191690  2
|1305>    2      0.172000       0.008301  2
|1306>   p 2
|1307>    1      0.860000      17.997720  2
|1308>    2      0.172000      -0.032600  2
|1309>   d 2
|1310>    1      1.600000      -9.504310  2
|1311>    2      0.320000      -0.151370  2
|1312>   f 1
|1313>    1      1.000000000    0.000000000 2
|1314> end
|1315> Ti>    4.00000000000   -3.26083843637    7.40024807162   -7.81753153775
|1316> NewECP
|1317> N_core 0
|1318>   lmax f
|1319>   s 2
|1320>    1      0.860000       9.191690  2
|1321>    2      0.172000       0.008301  2
|1322>   p 2
|1323>    1      0.860000      17.997720  2
|1324>    2      0.172000      -0.032600  2
|1325>   d 2
|1326>    1      1.600000      -9.504310  2
|1327>    2      0.320000      -0.151370  2
|1328>   f 1
|1329>    1      1.000000000    0.000000000 2
|1330> end
|1331> Ti>    4.00000000000    6.58454460321   -7.38714816897   -4.63694353463
|1332> NewECP
|1333> N_core 0
|1334>   lmax f
|1335>   s 2
|1336>    1      0.860000       9.191690  2
|1337>    2      0.172000       0.008301  2
|1338>   p 2
|1339>    1      0.860000      17.997720  2
|1340>    2      0.172000      -0.032600  2
|1341>   d 2
|1342>    1      1.600000      -9.504310  2
|1343>    2      0.320000      -0.151370  2
|1344>   f 1
|1345>    1      1.000000000    0.000000000 2
|1346> end
|1347> Ti>    4.00000000000    6.58671670010    7.39986826028   -4.63665712733
|1348> NewECP
|1349> N_core 0
|1350>   lmax f
|1351>   s 2
|1352>    1      0.860000       9.191690  2
|1353>    2      0.172000       0.008301  2
|1354>   p 2
|1355>    1      0.860000      17.997720  2
|1356>    2      0.172000      -0.032600  2
|1357>   d 2
|1358>    1      1.600000      -9.504310  2
|1359>    2      0.320000      -0.151370  2
|1360>   f 1
|1361>    1      1.000000000    0.000000000 2
|1362> end
|1363> Ti>    4.00000000000   -9.68453793057   -2.95288167635   -4.45244160177
|1364> NewECP
|1365> N_core 0
|1366>   lmax f
|1367>   s 2
|1368>    1      0.860000       9.191690  2
|1369>    2      0.172000       0.008301  2
|1370>   p 2
|1371>    1      0.860000      17.997720  2
|1372>    2      0.172000      -0.032600  2
|1373>   d 2
|1374>    1      1.600000      -9.504310  2
|1375>    2      0.320000      -0.151370  2
|1376>   f 1
|1377>    1      1.000000000    0.000000000 2
|1378> end
|1379> Ti>    4.00000000000   -9.68306981088    2.96520866993   -4.45037393472
|1380> NewECP
|1381> N_core 0
|1382>   lmax f
|1383>   s 2
|1384>    1      0.860000       9.191690  2
|1385>    2      0.172000       0.008301  2
|1386>   p 2
|1387>    1      0.860000      17.997720  2
|1388>    2      0.172000      -0.032600  2
|1389>   d 2
|1390>    1      1.600000      -9.504310  2
|1391>    2      0.320000      -0.151370  2
|1392>   f 1
|1393>    1      1.000000000    0.000000000 2
|1394> end
|1395> Ti>    4.00000000000   -0.00984241049   -4.43013340920  -11.06852756364
|1396> NewECP
|1397> N_core 0
|1398>   lmax f
|1399>   s 2
|1400>    1      0.860000       9.191690  2
|1401>    2      0.172000       0.008301  2
|1402>   p 2
|1403>    1      0.860000      17.997720  2
|1404>    2      0.172000      -0.032600  2
|1405>   d 2
|1406>    1      1.600000      -9.504310  2
|1407>    2      0.320000      -0.151370  2
|1408>   f 1
|1409>    1      1.000000000    0.000000000 2
|1410> end
|1411> Ti>    4.00000000000   -0.00984241049    4.44265270141  -11.06852756364
|1412> NewECP
|1413> N_core 0
|1414>   lmax f
|1415>   s 2
|1416>    1      0.860000       9.191690  2
|1417>    2      0.172000       0.008301  2
|1418>   p 2
|1419>    1      0.860000      17.997720  2
|1420>    2      0.172000      -0.032600  2
|1421>   d 2
|1422>    1      1.600000      -9.504310  2
|1423>    2      0.320000      -0.151370  2
|1424>   f 1
|1425>    1      1.000000000    0.000000000 2
|1426> end
|1427> Ti>    4.00000000000    9.82194224667   -2.94968936082   -4.43946446195
|1428> NewECP
|1429> N_core 0
|1430>   lmax f
|1431>   s 2
|1432>    1      0.860000       9.191690  2
|1433>    2      0.172000       0.008301  2
|1434>   p 2
|1435>    1      0.860000      17.997720  2
|1436>    2      0.172000      -0.032600  2
|1437>   d 2
|1438>    1      1.600000      -9.504310  2
|1439>    2      0.320000      -0.151370  2
|1440>   f 1
|1441>    1      1.000000000    0.000000000 2
|1442> end
|1443> Ti>    4.00000000000    9.75392273086   -4.42964968677   -1.08895232853
|1444> NewECP
|1445> N_core 0
|1446>   lmax f
|1447>   s 2
|1448>    1      0.860000       9.191690  2
|1449>    2      0.172000       0.008301  2
|1450>   p 2
|1451>    1      0.860000      17.997720  2
|1452>    2      0.172000      -0.032600  2
|1453>   d 2
|1454>    1      1.600000      -9.504310  2
|1455>    2      0.320000      -0.151370  2
|1456>   f 1
|1457>    1      1.000000000    0.000000000 2
|1458> end
|1459> Ti>    4.00000000000    9.82306883150    2.96376288323   -4.44266062246
|1460> NewECP
|1461> N_core 0
|1462>   lmax f
|1463>   s 2
|1464>    1      0.860000       9.191690  2
|1465>    2      0.172000       0.008301  2
|1466>   p 2
|1467>    1      0.860000      17.997720  2
|1468>    2      0.172000      -0.032600  2
|1469>   d 2
|1470>    1      1.600000      -9.504310  2
|1471>    2      0.320000      -0.151370  2
|1472>   f 1
|1473>    1      1.000000000    0.000000000 2
|1474> end
|1475> Ti>    4.00000000000    9.75666531352    4.44458168405   -1.08791866758
|1476> NewECP
|1477> N_core 0
|1478>   lmax f
|1479>   s 2
|1480>    1      0.860000       9.191690  2
|1481>    2      0.172000       0.008301  2
|1482>   p 2
|1483>    1      0.860000      17.997720  2
|1484>    2      0.172000      -0.032600  2
|1485>   d 2
|1486>    1      1.600000      -9.504310  2
|1487>    2      0.320000      -0.151370  2
|1488>   f 1
|1489>    1      1.000000000    0.000000000 2
|1490> end
|1491> Ti>    4.00000000000   -9.76815047350   -4.43939826505   -1.09060020295
|1492> NewECP
|1493> N_core 0
|1494>   lmax f
|1495>   s 2
|1496>    1      0.860000       9.191690  2
|1497>    2      0.172000       0.008301  2
|1498>   p 2
|1499>    1      0.860000      17.997720  2
|1500>    2      0.172000      -0.032600  2
|1501>   d 2
|1502>    1      1.600000      -9.504310  2
|1503>    2      0.320000      -0.151370  2
|1504>   f 1
|1505>    1      1.000000000    0.000000000 2
|1506> end
|1507> Ti>    4.00000000000   -9.76765692289    4.44194515777   -1.09078193103
|1508> NewECP
|1509> N_core 0
|1510>   lmax f
|1511>   s 2
|1512>    1      0.860000       9.191690  2
|1513>    2      0.172000       0.008301  2
|1514>   p 2
|1515>    1      0.860000      17.997720  2
|1516>    2      0.172000      -0.032600  2
|1517>   d 2
|1518>    1      1.600000      -9.504310  2
|1519>    2      0.320000      -0.151370  2
|1520>   f 1
|1521>    1      1.000000000    0.000000000 2
|1522> end
|1523> Ti>    4.00000000000    3.25103342482  -10.33588531906   -1.12335312799
|1524> NewECP
|1525> N_core 0
|1526>   lmax f
|1527>   s 2
|1528>    1      0.860000       9.191690  2
|1529>    2      0.172000       0.008301  2
|1530>   p 2
|1531>    1      0.860000      17.997720  2
|1532>    2      0.172000      -0.032600  2
|1533>   d 2
|1534>    1      1.600000      -9.504310  2
|1535>    2      0.320000      -0.151370  2
|1536>   f 1
|1537>    1      1.000000000    0.000000000 2
|1538> end
|1539> Ti>    4.00000000000    3.25990466522   10.33681949056   -1.12229704541
|1540> NewECP
|1541> N_core 0
|1542>   lmax f
|1543>   s 2
|1544>    1      0.860000       9.191690  2
|1545>    2      0.172000       0.008301  2
|1546>   p 2
|1547>    1      0.860000      17.997720  2
|1548>    2      0.172000      -0.032600  2
|1549>   d 2
|1550>    1      1.600000      -9.504310  2
|1551>    2      0.320000      -0.151370  2
|1552>   f 1
|1553>    1      1.000000000    0.000000000 2
|1554> end
|1555> Ti>    4.00000000000   -3.25646001385  -10.34150528585   -1.09380847576
|1556> NewECP
|1557> N_core 0
|1558>   lmax f
|1559>   s 2
|1560>    1      0.860000       9.191690  2
|1561>    2      0.172000       0.008301  2
|1562>   p 2
|1563>    1      0.860000      17.997720  2
|1564>    2      0.172000      -0.032600  2
|1565>   d 2
|1566>    1      1.600000      -9.504310  2
|1567>    2      0.320000      -0.151370  2
|1568>   f 1
|1569>    1      1.000000000    0.000000000 2
|1570> end
|1571> Ti>    4.00000000000   -3.25659001122   10.35814471312   -1.08970630539
|1572> NewECP
|1573> N_core 0
|1574>   lmax f
|1575>   s 2
|1576>    1      0.860000       9.191690  2
|1577>    2      0.172000       0.008301  2
|1578>   p 2
|1579>    1      0.860000      17.997720  2
|1580>    2      0.172000      -0.032600  2
|1581>   d 2
|1582>    1      1.600000      -9.504310  2
|1583>    2      0.320000      -0.151370  2
|1584>   f 1
|1585>    1      1.000000000    0.000000000 2
|1586> end
|1587> Ti>    4.00000000000    0.08330326465  -10.37283164164   -4.59818387545
|1588> NewECP
|1589> N_core 0
|1590>   lmax f
|1591>   s 2
|1592>    1      0.860000       9.191690  2
|1593>    2      0.172000       0.008301  2
|1594>   p 2
|1595>    1      0.860000      17.997720  2
|1596>    2      0.172000      -0.032600  2
|1597>   d 2
|1598>    1      1.600000      -9.504310  2
|1599>    2      0.320000      -0.151370  2
|1600>   f 1
|1601>    1      1.000000000    0.000000000 2
|1602> end
|1603> Ti>    4.00000000000    0.08293367429   10.38582064284   -4.59246122543
|1604> NewECP
|1605> N_core 0
|1606>   lmax f
|1607>   s 2
|1608>    1      0.860000       9.191690  2
|1609>    2      0.172000       0.008301  2
|1610>   p 2
|1611>    1      0.860000      17.997720  2
|1612>    2      0.172000      -0.032600  2
|1613>   d 2
|1614>    1      1.600000      -9.504310  2
|1615>    2      0.320000      -0.151370  2
|1616>   f 1
|1617>    1      1.000000000    0.000000000 2
|1618> end
|1619> Ti>    4.00000000000   -0.00984241049   -8.86652646451   -7.81753153775
|1620> NewECP
|1621> N_core 0
|1622>   lmax f
|1623>   s 2
|1624>    1      0.860000       9.191690  2
|1625>    2      0.172000       0.008301  2
|1626>   p 2
|1627>    1      0.860000      17.997720  2
|1628>    2      0.172000      -0.032600  2
|1629>   d 2
|1630>    1      1.600000      -9.504310  2
|1631>    2      0.320000      -0.151370  2
|1632>   f 1
|1633>    1      1.000000000    0.000000000 2
|1634> end
|1635> Ti>    4.00000000000    6.49187230890   -8.86248046984   -1.45713099450
|1636> NewECP
|1637> N_core 0
|1638>   lmax f
|1639>   s 2
|1640>    1      0.860000       9.191690  2
|1641>    2      0.172000       0.008301  2
|1642>   p 2
|1643>    1      0.860000      17.997720  2
|1644>    2      0.172000      -0.032600  2
|1645>   d 2
|1646>    1      1.600000      -9.504310  2
|1647>    2      0.320000      -0.151370  2
|1648>   f 1
|1649>    1      1.000000000    0.000000000 2
|1650> end
|1651> Ti>    4.00000000000   -0.00984241049    8.87904575672   -7.81753153775
|1652> NewECP
|1653> N_core 0
|1654>   lmax f
|1655>   s 2
|1656>    1      0.860000       9.191690  2
|1657>    2      0.172000       0.008301  2
|1658>   p 2
|1659>    1      0.860000      17.997720  2
|1660>    2      0.172000      -0.032600  2
|1661>   d 2
|1662>    1      1.600000      -9.504310  2
|1663>    2      0.320000      -0.151370  2
|1664>   f 1
|1665>    1      1.000000000    0.000000000 2
|1666> end
|1667> Ti>    4.00000000000    6.49464777486    8.87468227319   -1.45740178224
|1668> NewECP
|1669> N_core 0
|1670>   lmax f
|1671>   s 2
|1672>    1      0.860000       9.191690  2
|1673>    2      0.172000       0.008301  2
|1674>   p 2
|1675>    1      0.860000      17.997720  2
|1676>    2      0.172000      -0.032600  2
|1677>   d 2
|1678>    1      1.600000      -9.504310  2
|1679>    2      0.320000      -0.151370  2
|1680>   f 1
|1681>    1      1.000000000    0.000000000 2
|1682> end
|1683> Ti>    4.00000000000   -6.51211179465   -8.86248046984   -1.45713099450
|1684> NewECP
|1685> N_core 0
|1686>   lmax f
|1687>   s 2
|1688>    1      0.860000       9.191690  2
|1689>    2      0.172000       0.008301  2
|1690>   p 2
|1691>    1      0.860000      17.997720  2
|1692>    2      0.172000      -0.032600  2
|1693>   d 2
|1694>    1      1.600000      -9.504310  2
|1695>    2      0.320000      -0.151370  2
|1696>   f 1
|1697>    1      1.000000000    0.000000000 2
|1698> end
|1699> Ti>    4.00000000000   -6.50933632869    8.87468227319   -1.45740178224
|1700> NewECP
|1701> N_core 0
|1702>   lmax f
|1703>   s 2
|1704>    1      0.860000       9.191690  2
|1705>    2      0.172000       0.008301  2
|1706>   p 2
|1707>    1      0.860000      17.997720  2
|1708>    2      0.172000      -0.032600  2
|1709>   d 2
|1710>    1      1.600000      -9.504310  2
|1711>    2      0.320000      -0.151370  2
|1712>   f 1
|1713>    1      1.000000000    0.000000000 2
|1714> end
|1715> Ti>    4.00000000000   -9.68870675041   -5.90833806215   -4.44083243901
|1716> NewECP
|1717> N_core 0
|1718>   lmax f
|1719>   s 2
|1720>    1      0.860000       9.191690  2
|1721>    2      0.172000       0.008301  2
|1722>   p 2
|1723>    1      0.860000      17.997720  2
|1724>    2      0.172000      -0.032600  2
|1725>   d 2
|1726>    1      1.600000      -9.504310  2
|1727>    2      0.320000      -0.151370  2
|1728>   f 1
|1729>    1      1.000000000    0.000000000 2
|1730> end
|1731> Ti>    4.00000000000   -9.68870675041    5.92204341867   -4.44083243901
|1732> NewECP
|1733> N_core 0
|1734>   lmax f
|1735>   s 2
|1736>    1      0.860000       9.191690  2
|1737>    2      0.172000       0.008301  2
|1738>   p 2
|1739>    1      0.860000      17.997720  2
|1740>    2      0.172000      -0.032600  2
|1741>   d 2
|1742>    1      1.600000      -9.504310  2
|1743>    2      0.320000      -0.151370  2
|1744>   f 1
|1745>    1      1.000000000    0.000000000 2
|1746> end
|1747> Ti>    4.00000000000    0.00000000000   11.83038148082   -1.33807142264
|1748> NewECP
|1749> N_core 0
|1750>   lmax f
|1751>   s 2
|1752>    1      0.860000       9.191690  2
|1753>    2      0.172000       0.008301  2
|1754>   p 2
|1755>    1      0.860000      17.997720  2
|1756>    2      0.172000      -0.032600  2
|1757>   d 2
|1758>    1      1.600000      -9.504310  2
|1759>    2      0.320000      -0.151370  2
|1760>   f 1
|1761>    1      1.000000000    0.000000000 2
|1762> end
|1763> Ti>    4.00000000000    0.00000000000  -11.83038148082   -1.33807142264
|1764> NewECP
|1765> N_core 0
|1766>   lmax f
|1767>   s 2
|1768>    1      0.860000       9.191690  2
|1769>    2      0.172000       0.008301  2
|1770>   p 2
|1771>    1      0.860000      17.997720  2
|1772>    2      0.172000      -0.032600  2
|1773>   d 2
|1774>    1      1.600000      -9.504310  2
|1775>    2      0.320000      -0.151370  2
|1776>   f 1
|1777>    1      1.000000000    0.000000000 2
|1778> end
|1779> Ti>    4.00000000000    9.82122350794   -5.90904848220   -4.43910019399
|1780> NewECP
|1781> N_core 0
|1782>   lmax f
|1783>   s 2
|1784>    1      0.860000       9.191690  2
|1785>    2      0.172000       0.008301  2
|1786>   p 2
|1787>    1      0.860000      17.997720  2
|1788>    2      0.172000      -0.032600  2
|1789>   d 2
|1790>    1      1.600000      -9.504310  2
|1791>    2      0.320000      -0.151370  2
|1792>   f 1
|1793>    1      1.000000000    0.000000000 2
|1794> end
|1795> Ti>    4.00000000000    9.82122350794    5.92133299863   -4.43910019399
|1796> NewECP
|1797> N_core 0
|1798>   lmax f
|1799>   s 2
|1800>    1      0.860000       9.191690  2
|1801>    2      0.172000       0.008301  2
|1802>   p 2
|1803>    1      0.860000      17.997720  2
|1804>    2      0.172000      -0.032600  2
|1805>   d 2
|1806>    1      1.600000      -9.504310  2
|1807>    2      0.320000      -0.151370  2
|1808>   f 1
|1809>    1      1.000000000    0.000000000 2
|1810> end
|1811> Ti>    4.00000000000    9.75666531352   -7.38579979677   -1.08791866758
|1812> NewECP
|1813> N_core 0
|1814>   lmax f
|1815>   s 2
|1816>    1      0.860000       9.191690  2
|1817>    2      0.172000       0.008301  2
|1818>   p 2
|1819>    1      0.860000      17.997720  2
|1820>    2      0.172000      -0.032600  2
|1821>   d 2
|1822>    1      1.600000      -9.504310  2
|1823>    2      0.320000      -0.151370  2
|1824>   f 1
|1825>    1      1.000000000    0.000000000 2
|1826> end
|1827> Ti>    4.00000000000    9.75392273086    7.40073179405   -1.08895232853
|1828> NewECP
|1829> N_core 0
|1830>   lmax f
|1831>   s 2
|1832>    1      0.860000       9.191690  2
|1833>    2      0.172000       0.008301  2
|1834>   p 2
|1835>    1      0.860000      17.997720  2
|1836>    2      0.172000      -0.032600  2
|1837>   d 2
|1838>    1      1.600000      -9.504310  2
|1839>    2      0.320000      -0.151370  2
|1840>   f 1
|1841>    1      1.000000000    0.000000000 2
|1842> end
|1843> Ti>    4.00000000000   -9.76765692289   -7.38843632305   -1.09078193103
|1844> NewECP
|1845> N_core 0
|1846>   lmax f
|1847>   s 2
|1848>    1      0.860000       9.191690  2
|1849>    2      0.172000       0.008301  2
|1850>   p 2
|1851>    1      0.860000      17.997720  2
|1852>    2      0.172000      -0.032600  2
|1853>   d 2
|1854>    1      1.600000      -9.504310  2
|1855>    2      0.320000      -0.151370  2
|1856>   f 1
|1857>    1      1.000000000    0.000000000 2
|1858> end
|1859> Ti>    4.00000000000   -9.76815047350    7.39098321577   -1.09060020295
|1860> NewECP
|1861> N_core 0
|1862>   lmax f
|1863>   s 2
|1864>    1      0.860000       9.191690  2
|1865>    2      0.172000       0.008301  2
|1866>   p 2
|1867>    1      0.860000      17.997720  2
|1868>    2      0.172000      -0.032600  2
|1869>   d 2
|1870>    1      1.600000      -9.504310  2
|1871>    2      0.320000      -0.151370  2
|1872>   f 1
|1873>    1      1.000000000    0.000000000 2
|1874> end
|1875> Ti>    4.00000000000   -6.42088754184  -10.34444886839   -4.63863317356
|1876> NewECP
|1877> N_core 0
|1878>   lmax f
|1879>   s 2
|1880>    1      0.860000       9.191690  2
|1881>    2      0.172000       0.008301  2
|1882>   p 2
|1883>    1      0.860000      17.997720  2
|1884>    2      0.172000      -0.032600  2
|1885>   d 2
|1886>    1      1.600000      -9.504310  2
|1887>    2      0.320000      -0.151370  2
|1888>   f 1
|1889>    1      1.000000000    0.000000000 2
|1890> end
|1891> Ti>    4.00000000000   -6.42100180501   10.35763674811   -4.63917858613
|1892> NewECP
|1893> N_core 0
|1894>   lmax f
|1895>   s 2
|1896>    1      0.860000       9.191690  2
|1897>    2      0.172000       0.008301  2
|1898>   p 2
|1899>    1      0.860000      17.997720  2
|1900>    2      0.172000      -0.032600  2
|1901>   d 2
|1902>    1      1.600000      -9.504310  2
|1903>    2      0.320000      -0.151370  2
|1904>   f 1
|1905>    1      1.000000000    0.000000000 2
|1906> end
|1907> Ti>    4.00000000000   -3.18660955941  -11.82334256673   -4.43832977510
|1908> NewECP
|1909> N_core 0
|1910>   lmax f
|1911>   s 2
|1912>    1      0.860000       9.191690  2
|1913>    2      0.172000       0.008301  2
|1914>   p 2
|1915>    1      0.860000      17.997720  2
|1916>    2      0.172000      -0.032600  2
|1917>   d 2
|1918>    1      1.600000      -9.504310  2
|1919>    2      0.320000      -0.151370  2
|1920>   f 1
|1921>    1      1.000000000    0.000000000 2
|1922> end
|1923> Ti>    4.00000000000   -3.18660955941   11.83742039491   -4.43832977510
|1924> NewECP
|1925> N_core 0
|1926>   lmax f
|1927>   s 2
|1928>    1      0.860000       9.191690  2
|1929>    2      0.172000       0.008301  2
|1930>   p 2
|1931>    1      0.860000      17.997720  2
|1932>    2      0.172000      -0.032600  2
|1933>   d 2
|1934>    1      1.600000      -9.504310  2
|1935>    2      0.320000      -0.151370  2
|1936>   f 1
|1937>    1      1.000000000    0.000000000 2
|1938> end
|1939> Ti>    4.00000000000    3.32386005285  -11.82402036669   -4.44538464593
|1940> NewECP
|1941> N_core 0
|1942>   lmax f
|1943>   s 2
|1944>    1      0.860000       9.191690  2
|1945>    2      0.172000       0.008301  2
|1946>   p 2
|1947>    1      0.860000      17.997720  2
|1948>    2      0.172000      -0.032600  2
|1949>   d 2
|1950>    1      1.600000      -9.504310  2
|1951>    2      0.320000      -0.151370  2
|1952>   f 1
|1953>    1      1.000000000    0.000000000 2
|1954> end
|1955> Ti>    4.00000000000    3.32386005285   11.83674259496   -4.44538464593
|1956> NewECP
|1957> N_core 0
|1958>   lmax f
|1959>   s 2
|1960>    1      0.860000       9.191690  2
|1961>    2      0.172000       0.008301  2
|1962>   p 2
|1963>    1      0.860000      17.997720  2
|1964>    2      0.172000      -0.032600  2
|1965>   d 2
|1966>    1      1.600000      -9.504310  2
|1967>    2      0.320000      -0.151370  2
|1968>   f 1
|1969>    1      1.000000000    0.000000000 2
|1970> end
|1971> Ti>    4.00000000000    6.58309656171  -10.34444886839   -4.63863317356
|1972> NewECP
|1973> N_core 0
|1974>   lmax f
|1975>   s 2
|1976>    1      0.860000       9.191690  2
|1977>    2      0.172000       0.008301  2
|1978>   p 2
|1979>    1      0.860000      17.997720  2
|1980>    2      0.172000      -0.032600  2
|1981>   d 2
|1982>    1      1.600000      -9.504310  2
|1983>    2      0.320000      -0.151370  2
|1984>   f 1
|1985>    1      1.000000000    0.000000000 2
|1986> end
|1987> Ti>    4.00000000000    6.58298229854   10.35763674811   -4.63917858613
|1988> NewECP
|1989> N_core 0
|1990>   lmax f
|1991>   s 2
|1992>    1      0.860000       9.191690  2
|1993>    2      0.172000       0.008301  2
|1994>   p 2
|1995>    1      0.860000      17.997720  2
|1996>    2      0.172000      -0.032600  2
|1997>   d 2
|1998>    1      1.600000      -9.504310  2
|1999>    2      0.320000      -0.151370  2
|2000>   f 1
|2001>    1      1.000000000    0.000000000 2
|2002> end
|2003>   end
|2004> endd                         ****END OF INPUT****
================================================================================
----------------
TOTAL SCF ENERGY
----------------

Total Energy       :       -22152.03210185 Eh         -602787.43861 eV

Components:
Nuclear Repulsion  :        25319.77785994 Eh          688986.18295 eV
Electronic Energy  :       -47471.80996179 Eh        -1291773.62156 eV
One Electron Energy:       -84496.79307244 Eh        -2299274.63236 eV
Two Electron Energy:        37024.98311064 Eh         1007501.01080 eV
Max COSX asymmetry :            0.00046227 Eh               0.01258 eV

Virial components:
Potential Energy   :       -38798.65713975 Eh        -1055765.13483 eV
Kinetic Energy     :        16646.62503790 Eh          452977.69622 eV
Virial Ratio       :            2.33072212

--------------------Output has been truncated-------------------------


--------------------Output has been truncated-------------------------


--------------------Output has been truncated-------------------------


--------------------Output has been truncated-------------------------


--------------------Output has been truncated-------------------------


--------------------Output has been truncated-------------------------


--------------------Output has been truncated-------------------------


--------------------Output has been truncated-------------------------


--------------------Output has been truncated-------------------------


--------------------Output has been truncated-------------------------


-----------------------------------------------
 RI-MP2 CORRELATION ENERGY:    -12.920383094 Eh
-----------------------------------------------
---------------------------------------
MP2 TOTAL ENERGY:   -22164.952484943 Eh
---------------------------------------

Maximum memory used throughout the entire MP2-calculation: 6771.6 MB

-------------------------   --------------------
FINAL SINGLE POINT ENERGY    -22164.952484943460
-------------------------   --------------------
