 **********************************************************************
                          MRCC program system
 **********************************************************************
 
                              Written by
     Mihaly Kallay, Peter R. Nagy, David Mester, Laszlo Gyevi-Nagy,
        Jozsef Csoka, P. Bernat Szabo, Zoltan Rolik, Gyula Samu,
     Jozsef Csontos, Bence Hegely, Adam Ganyecz, Istvan Ladjanszki,
       Lorant Szegedy, Bence Ladoczki, Klara Petrov, Mate Farkas,
                    Pal D. Mezei, and Reka A. Horvath
 
        Department of Physical Chemistry and Materials Science
            Budapest University of Technology and Economics
                  Budapest P.O.Box 91, H-1521 Hungary
 
                              www.mrcc.hu
 
                      Release date: March 18, 2022

 ************************ 2023-04-16 07:34:56 *************************
 Executing minp...

 Reading input from MINP...
 
 Input file:
 
calc=LNO-CCSD(T)
scftype=rhf
verbosity=3
mem=220GB
symm=off
unit=angs
scfiguess=small
scfmaxit=1000
scfalg=locfit1


lcorthr=tight
bpedo=0.99999
ccmaxit=400
usedisk=0
ccsdalg=dfdirect
ccsdthreads=4
ccsdmkl=thr
ptthreads=4

charge=-26
core=90

basis=special
aug-cc-pVDZ
aug-cc-pVDZ
aug-cc-pVDZ
cc-pVDZ
aug-cc-pVDZ
aug-cc-pVDZ
aug-cc-pVDZ
aug-cc-pVDZ
aug-cc-pVDZ
cc-pVDZ
cc-pVDZ
aug-cc-pVDZ
aug-cc-pVDZ
aug-cc-pVDZ
aug-cc-pVDZ
aug-cc-pVDZ
aug-cc-pVDZ
cc-pVDZ
cc-pVDZ
cc-pVDZ
cc-pVDZ
aug-cc-pVDZ
aug-cc-pVDZ
aug-cc-pVDZ
aug-cc-pVDZ
aug-cc-pVDZ
aug-cc-pVDZ
aug-cc-pVDZ
aug-cc-pVDZ
aug-cc-pVDZ
aug-cc-pVDZ
aug-cc-pVDZ
aug-cc-pVDZ
aug-cc-pVDZ
aug-cc-pVDZ
aug-cc-pVDZ
aug-cc-pVDZ
nothing
nothing
nothing
nothing
nothing
nothing
nothing
nothing
nothing
nothing
nothing
nothing
nothing
nothing
nothing
nothing
nothing
nothing
nothing
nothing
nothing
nothing
nothing
nothing
nothing
nothing
nothing
nothing
nothing
nothing
nothing
nothing
nothing
nothing
nothing
nothing
nothing
nothing
nothing
nothing
nothing
nothing
nothing
nothing
nothing
nothing
nothing
nothing
nothing
nothing
nothing
nothing
nothing
nothing
nothing
nothing
nothing
nothing
nothing
nothing
nothing
nothing
nothing
nothing
nothing
nothing
nothing
nothing
nothing
nothing
nothing
nothing
nothing
nothing
nothing
nothing
nothing
nothing
nothing
nothing
nothing

basis_sm=special
def2-SVP
def2-SVP
def2-SVP
def2-SVP
def2-SVP
def2-SVP
def2-SVP
def2-SVP
def2-SVP
def2-SVP
def2-SVP
def2-SVP
def2-SVP
def2-SVP
def2-SVP
def2-SVP
def2-SVP
def2-SVP
def2-SVP
def2-SVP
def2-SVP
def2-SVP
def2-SVP
def2-SVP
def2-SVP
def2-SVP
def2-SVP
def2-SVP
def2-SVP
def2-SVP
def2-SVP
def2-SVP
def2-SVP
def2-SVP
def2-SVP
def2-SVP
def2-SVP
nothing
nothing
nothing
nothing
nothing
nothing
nothing
nothing
nothing
nothing
nothing
nothing
nothing
nothing
nothing
nothing
nothing
nothing
nothing
nothing
nothing
nothing
nothing
nothing
nothing
nothing
nothing
nothing
nothing
nothing
nothing
nothing
nothing
nothing
nothing
nothing
nothing
nothing
nothing
nothing
nothing
nothing
nothing
nothing
nothing
nothing
nothing
nothing
nothing
nothing
nothing
nothing
nothing
nothing
nothing
nothing
nothing
nothing
nothing
nothing
nothing
nothing
nothing
nothing
nothing
nothing
nothing
nothing
nothing
nothing
nothing
nothing
nothing
nothing
nothing
nothing
nothing
nothing
nothing
nothing
nothing

dfbasis_scf=special
def2-QZVPP-RI-JK
def2-QZVPP-RI-JK
def2-QZVPP-RI-JK
def2-QZVPP-RI-JK
def2-QZVPP-RI-JK
def2-QZVPP-RI-JK
def2-QZVPP-RI-JK
def2-QZVPP-RI-JK
def2-QZVPP-RI-JK
def2-QZVPP-RI-JK
def2-QZVPP-RI-JK
def2-QZVPP-RI-JK
def2-QZVPP-RI-JK
def2-QZVPP-RI-JK
def2-QZVPP-RI-JK
def2-QZVPP-RI-JK
def2-QZVPP-RI-JK
def2-QZVPP-RI-JK
def2-QZVPP-RI-JK
def2-QZVPP-RI-JK
def2-QZVPP-RI-JK
def2-QZVPP-RI-JK
def2-QZVPP-RI-JK
def2-QZVPP-RI-JK
def2-QZVPP-RI-JK
def2-QZVPP-RI-JK
def2-QZVPP-RI-JK
def2-QZVPP-RI-JK
def2-QZVPP-RI-JK
def2-QZVPP-RI-JK
def2-QZVPP-RI-JK
def2-QZVPP-RI-JK
def2-QZVPP-RI-JK
def2-QZVPP-RI-JK
def2-QZVPP-RI-JK
def2-QZVPP-RI-JK
def2-QZVPP-RI-JK
nothing
nothing
nothing
nothing
nothing
nothing
nothing
nothing
nothing
nothing
nothing
nothing
nothing
nothing
nothing
nothing
nothing
nothing
nothing
nothing
nothing
nothing
nothing
nothing
nothing
nothing
nothing
nothing
nothing
nothing
nothing
nothing
nothing
nothing
nothing
nothing
nothing
nothing
nothing
nothing
nothing
nothing
nothing
nothing
nothing
nothing
nothing
nothing
nothing
nothing
nothing
nothing
nothing
nothing
nothing
nothing
nothing
nothing
nothing
nothing
nothing
nothing
nothing
nothing
nothing
nothing
nothing
nothing
nothing
nothing
nothing
nothing
nothing
nothing
nothing
nothing
nothing
nothing
nothing
nothing
nothing

dfbasis_cor=special
aug-cc-pVDZ-RI
aug-cc-pVDZ-RI
aug-cc-pVDZ-RI
cc-pVDZ-RI
aug-cc-pVDZ-RI
aug-cc-pVDZ-RI
aug-cc-pVDZ-RI
aug-cc-pVDZ-RI
aug-cc-pVDZ-RI
cc-pVDZ-RI
cc-pVDZ-RI
aug-cc-pVDZ-RI
aug-cc-pVDZ-RI
aug-cc-pVDZ-RI
aug-cc-pVDZ-RI
aug-cc-pVDZ-RI
aug-cc-pVDZ-RI
cc-pVDZ-RI
cc-pVDZ-RI
cc-pVDZ-RI
cc-pVDZ-RI
aug-cc-pVDZ-RI
aug-cc-pVDZ-RI
aug-cc-pVDZ-RI
aug-cc-pVDZ-RI
aug-cc-pVDZ-RI
aug-cc-pVDZ-RI
aug-cc-pVDZ-RI
aug-cc-pVDZ-RI
aug-cc-pVDZ-RI
aug-cc-pVDZ-RI
aug-cc-pVDZ-RI
aug-cc-pVDZ-RI
aug-cc-pVDZ-RI
aug-cc-pVDZ-RI
aug-cc-pVDZ-RI
aug-cc-pVDZ-RI
nothing
nothing
nothing
nothing
nothing
nothing
nothing
nothing
nothing
nothing
nothing
nothing
nothing
nothing
nothing
nothing
nothing
nothing
nothing
nothing
nothing
nothing
nothing
nothing
nothing
nothing
nothing
nothing
nothing
nothing
nothing
nothing
nothing
nothing
nothing
nothing
nothing
nothing
nothing
nothing
nothing
nothing
nothing
nothing
nothing
nothing
nothing
nothing
nothing
nothing
nothing
nothing
nothing
nothing
nothing
nothing
nothing
nothing
nothing
nothing
nothing
nothing
nothing
nothing
nothing
nothing
nothing
nothing
nothing
nothing
nothing
nothing
nothing
nothing
nothing
nothing
nothing
nothing
nothing
nothing
nothing

ecp=special
none
none
none
none
none
none
none
none
none
none
none
none
none
none
none
none
none
none
none
none
none
none
none
none
none
none
none
none
none
none
none
none
none
none
none
none
none
ECP-22
ECP-22
ECP-22
ECP-22
ECP-22
ECP-22
ECP-22
ECP-22
ECP-22
ECP-22
ECP-22
ECP-22
ECP-22
ECP-22
ECP-22
ECP-22
ECP-22
ECP-22
ECP-22
ECP-22
ECP-22
ECP-22
ECP-22
ECP-22
ECP-22
ECP-22
ECP-22
ECP-22
ECP-22
ECP-22
ECP-22
ECP-22
ECP-22
ECP-22
ECP-22
ECP-22
ECP-22
ECP-22
ECP-22
ECP-22
ECP-22
ECP-22
ECP-22
ECP-22
ECP-22
ECP-22
ECP-22
ECP-22
ECP-22
ECP-22
ECP-22
ECP-22
ECP-22
ECP-22
ECP-22
ECP-22
ECP-22
ECP-22
ECP-22
ECP-22
ECP-22
ECP-22
ECP-22
ECP-22
ECP-22
ECP-22
ECP-22
ECP-22
ECP-22
ECP-22
ECP-22
ECP-22
ECP-22
ECP-22
ECP-22
ECP-22
ECP-22
ECP-22
ECP-22
ECP-22
ECP-22

unit=angs
geom=xyz
118
H2 O1 Ti7 O27 ECP81
H     0.11988923287    0.59804121696    1.41042952946
H     1.45806733769   -0.03680829535    0.83360111016
O     0.46431133996   -0.09552044587    0.82313974803
Ti    0.00000000000    0.00000000000   -1.35464524053
O    -0.02525221251    0.01411498456   -3.24703266312
O    -1.22652473447   -1.48249549252   -1.16082886760
O    -1.21226924573    1.49598323734   -1.10284663508
O     1.24662826588   -1.51072959850   -1.27774763113
O     1.24903264116    1.53518623358   -1.27733519871
Ti   -0.00336926445   -2.95247835621   -1.48556541997
Ti   -0.00167434627    2.96768500197   -1.49305272630
O     3.10860555439    0.00633221019   -0.00495328631
O    -3.25714379204    0.01403560926   -2.57408853747
O    -3.24195002443    0.00760238737   -0.00299735986
O     3.30833449826    0.01068006345   -2.58313196887
O    -0.03273954923   -2.96816633933   -3.28768842723
O    -0.04168406761    2.98161400135   -3.29215959356
Ti   -3.25748296122   -1.47206061503   -1.08979484150
Ti    3.25086119127    1.49499688088   -1.11867511755
Ti    3.25785623818   -1.48848213614   -1.11762413751
Ti   -3.25528964365    1.48921076743   -1.08789967127
O    -3.24414845568    2.96217997486   -2.57425213545
O    -3.25837246527   -2.95020005248   -2.57751537097
O     3.22565225453   -2.94163412140   -0.01079478241
O     3.22382240143    2.95405350167   -0.00863896190
O     3.28141114048   -2.95355289135   -2.57975515978
O    -3.25456950090   -2.94780059721   -0.00439803187
O     3.28438986559    2.97458658529   -2.57978776203
O     1.21878819473   -4.43149239071   -1.15640083684
O    -3.25762090471    2.96574451980    0.00000000000
O    -1.23348195145   -4.43731260142   -1.14453622591
O     1.21836076048    4.44321804302   -1.15608902106
O    -1.23236539518    4.45426900604   -1.13999780103
O     5.27181155906   -1.46240439445   -1.10427944959
O     5.27186564493    1.47856755764   -1.10408589305
O    -5.28450905505   -1.47055699470   -1.13766151887
O    -5.28332739115    1.48806650611   -1.13604680983
Ti    0.07277685750   -1.44665459890   -4.59744566213
Ti    0.07366786025    1.46358951182   -4.60336990041
Ti   -3.19483054720    0.00938676187   -4.43660429188
Ti    3.31482200071    0.00904656579   -4.44378686682
Ti   -3.19184106123   -2.94797023012   -4.43957695776
Ti   -3.19041490465    2.96552610008   -4.44028321920
Ti    3.31120314892   -2.95032172198   -4.44939525413
Ti    3.31145078476    2.96803156685   -4.44863145429
Ti    3.23538096183   -4.43673191070   -1.08974911926
Ti   -3.25163280837   -4.42907736993   -1.08901690282
Ti    3.23673579402    4.44358768116   -1.08940912639
Ti   -3.25004586066    4.44552594655   -1.08749521489
Ti    0.07098400780   -4.41598332684   -4.66445404983
Ti    0.07064876405    4.43514281525   -4.66589118749
Ti   -0.01778584805   -5.90728950601   -1.48695897680
Ti   -0.01778584805    5.92309197481   -1.48695897680
Ti   -0.02152237848    0.00953966933   -7.81745452778
Ti    6.50166103512    0.00951372374   -1.45902377143
Ti   -6.50232306842    0.00951372374   -1.45902377143
Ti   -0.02152237848   -2.94805570088   -7.81745452778
Ti   -0.02152237848    2.96713503953   -7.81745452778
Ti    6.49206683837   -2.95341306083   -1.45747699511
Ti    6.49080604379    2.96917638970   -1.45695253402
Ti   -6.51191726517   -2.95341306083   -1.45747699511
Ti   -6.51317805976    2.96917638970   -1.45695253402
Ti   -6.43016255510   -1.46993153929   -4.63836565848
Ti   -6.43048586966    1.48850662212   -4.63840198022
Ti    3.22947364740   -1.46925801578   -7.81745452778
Ti    3.22947364740    1.48833735443   -7.81745452778
Ti   -3.19282882467   -5.90629062095   -4.43907565154
Ti   -3.27251840437   -1.46925801578   -7.81745452778
Ti   -3.27251840437    1.48833735443   -7.81745452778
Ti   -3.19282882467    5.92409085987   -4.43907565154
Ti    3.30520845705   -5.90639971173   -4.44013125058
Ti    3.30520845705    5.92398176910   -4.44013125058
Ti    6.57382154845   -1.46993153929   -4.63836565848
Ti    6.57349823389    1.48850662212   -4.63840198022
Ti    3.23673579402   -7.38679379966   -1.08940912639
Ti   -3.25004586066   -7.38485553427   -1.08749521489
Ti    3.23538096183    7.39364957012   -1.08974911926
Ti   -3.25163280837    7.40130411090   -1.08901690282
Ti    0.07064876405   -7.39523866557   -4.66589118749
Ti    0.07098400780    7.41439815398   -4.66445404983
Ti   -6.42860799330   -4.42782769213   -4.63690545296
Ti    3.22947364740   -4.42685338598   -7.81745452778
Ti   -6.42887183096    4.44579316480   -4.63628684943
Ti    3.22947364740    4.44593272463   -7.81745452778
Ti   -3.27251840437   -4.42685338598   -7.81745452778
Ti   -3.27251840437    4.44593272463   -7.81745452778
Ti    6.57537611025   -4.42782769213   -4.63690545296
Ti    6.57511227259    4.44579316480   -4.63628684943
Ti   -0.02152237848   -5.90565107109   -7.81745452778
Ti   -0.02152237848    5.92473040974   -7.81745452778
Ti    6.49311430945   -5.90729947101   -1.45827234633
Ti    6.49311430945    5.92308200981   -1.45827234633
Ti   -6.51086979410   -5.90729947101   -1.45827234633
Ti   -6.51086979410    5.92308200981   -1.45827234633
Ti   -0.00167434627   -8.86269647885   -1.49305272630
Ti   -0.00336926445    8.87790312461   -1.48556541997
Ti    9.74650114233   -1.47206061503   -1.08979484150
Ti   -9.74612786537   -1.48848213614   -1.11762413751
Ti    9.74869445990    1.48921076743   -1.08789967127
Ti   -9.75312291227    1.49499688088   -1.11867511755
Ti   -3.19041490465   -8.86485538074   -4.44028321920
Ti   -3.19184106123    8.88241125070   -4.43957695776
Ti    3.31145078476   -8.86234991397   -4.44863145429
Ti    3.31120314892    8.88005975884   -4.44939525413
Ti   -9.68916210283    0.00904656579   -4.44378686682
Ti    9.80915355635    0.00938676187   -4.43660429188
Ti   -6.42887183096   -7.38458831602   -4.63628684943
Ti   -6.42860799330    7.40255378870   -4.63690545296
Ti    6.57511227259   -7.38458831602   -4.63628684943
Ti    6.57537611025    7.40255378870   -4.63690545296
Ti   -9.69278095463   -2.95032172198   -4.44939525413
Ti   -9.69253331879    2.96803156685   -4.44863145429
Ti    9.81214304232   -2.94797023012   -4.43957695776
Ti    9.81356919890    2.96552610008   -4.44028321920
Ti    9.75235129517   -4.42907736993   -1.08901690282
Ti    9.75393824288    4.44552594655   -1.08749521489
Ti   -9.76860314172   -4.43673191070   -1.08974911926
Ti   -9.76724830953    4.44358768116   -1.08940912639


ghost=serialno
1-3

qmmm=Amber
pointcharges
11960
      0.07277685750   -1.44665459890   -4.59744566213    4.00000000000
      0.07366786025    1.46358951182   -4.60336990041    4.00000000000
      1.94631774994   -1.46936309537   -4.52765457219   -2.00000000000
      1.94693777670    1.48933861723   -4.52981809520   -2.00000000000
--------------------Output has been truncated-------------------------


--------------------Output has been truncated-------------------------


--------------------Output has been truncated-------------------------


--------------------Output has been truncated-------------------------


--------------------Output has been truncated-------------------------


--------------------Output has been truncated-------------------------


--------------------Output has been truncated-------------------------


--------------------Output has been truncated-------------------------


--------------------Output has been truncated-------------------------


--------------------Output has been truncated-------------------------


 
 Final local CC results:
 
 Minimum number of correlated electrons:        52       ( 24.1%)
 Maximum number of correlated electrons:       136       ( 63.0%)
 Average number of correlated electrons:        82.2     ( 38.1%)
 Minimum number of correlated orbitals:        113       ( 12.9%)
 Maximum number of correlated orbitals:        262       ( 30.0%)
 Average number of correlated orbitals:        166.1     ( 19.0%)
 
 CPU time for integral calculations [min]:                 26.643
 Wall time for integral calculations [min]:                11.214
 
 CPU time for SCF calculation [min]:                      868.156
 Wall time for SCF calculation [min]:                      24.394
 
 CPU time for orbital localization [min]:                   0.323
 Wall time for orbital localization [min]:                  0.079
 
 CPU time for integral transformations [min]:            6842.031
 Wall time for integral transformations [min]:            213.543
 
 Reference energy [au]:                               -123934.108745230697
 
 LMP2 correlation energy [au]:                             -6.589145289911
 Total LMP2 energy [au]:                              -123940.697890520605
 
 Total MP2 correction for dropped NAFs [au]:                0.001888695785
 Total MP2 correction [au]:                                -0.019004448920
 
 CPU time for CCSD calculations [min]:                   6136.954
 Total CPU time for CCSD [min]:                         13874.106
 Wall time for CCSD calculations [min]:                   239.221
 Total wall time for CCSD [min]:                          488.451
 
 CCSD correlation energy [au]:                             -6.463222739704
 Total CCSD energy [au]:                              -123940.571967970405
 CCSD correlation energy + 0.5 MP2 corrections [au]:       -6.472724964164
 Total LNO-CCSD energy with MP2 corrections [au]:     -123940.581470194855
 
 CPU time for (T) corrections [min]:                     5551.119
 Total CPU time for CCSD(T) [min]:                      19425.225
 Wall time for (T) corrections [min]:                     162.376
 Total wall time for CCSD(T) [min]:                       650.827
 
 Total (T) correlation energy contribution [au]:           -0.312679707163
 Total (T) correlation energy+0.5 MP2 correction [au]:     -0.322181931624
 CCSD(T) correlation energy [au]:                          -6.775902446867
 Total CCSD(T) energy [au]:                           -123940.884647677565
 CCSD(T) correlation energy + MP2 corrections [au]:        -6.794906895787
 Total LNO-CCSD(T) energy with MP2 corrections [au]:  -123940.903652126479
 
 ======================================================================
 ======================================================================
 
 ************************ 2023-04-16 18:39:21 *************************
                      Normal termination of mrcc.
 **********************************************************************
