 **********************************************************************
                          MRCC program system
 **********************************************************************
 
                              Written by
     Mihaly Kallay, Peter R. Nagy, David Mester, Laszlo Gyevi-Nagy,
        Jozsef Csoka, P. Bernat Szabo, Zoltan Rolik, Gyula Samu,
     Jozsef Csontos, Bence Hegely, Adam Ganyecz, Istvan Ladjanszki,
       Lorant Szegedy, Bence Ladoczki, Klara Petrov, Mate Farkas,
                    Pal D. Mezei, and Reka A. Horvath
 
        Department of Physical Chemistry and Materials Science
            Budapest University of Technology and Economics
                  Budapest P.O.Box 91, H-1521 Hungary
 
                              www.mrcc.hu
 
                      Release date: March 18, 2022

 ************************ 2023-02-04 11:52:23 *************************
 Executing minp...

 Reading input from MINP...
 
 Input file:
 
calc=FNO-CCSD(T)
verbosity=3
mem=220GB
unit=angs
scfiguess=small
scfalg=locfit1
ccmaxit=400
ccsdalg=dfdirect
ccsdthreads=4
ccsdmkl=thr
ptthreads=4
lnoepsv=1e-5
naf_cor=1e-2
basis=aug-cc-pVQZ
basis_sm=def2-SVP
dfbasis_scf=def2-QZVPP-RI-JK
dfbasis_cor=aug-cc-pVQZ-RI
unit=angs
geom=xyz
10

C    29.54344629    29.54344629    16.97505516
H    29.54344670    30.44187631    17.60392580
H    29.54344662    28.64496649    17.60393442
H    30.44658454    29.54342777    16.34911135
H    28.64030918    29.54342779    16.34911130
C    12.66144652    25.32292238    16.97524142
H    12.66146513    26.22572171    16.34882843
H    11.76295464    25.32292262    17.60416815
H    13.55998837    25.32292258    17.60417697
H    12.66146506    24.42012416    16.34882759

--------------------Output has been truncated-------------------------


--------------------Output has been truncated-------------------------


--------------------Output has been truncated-------------------------


--------------------Output has been truncated-------------------------


--------------------Output has been truncated-------------------------


--------------------Output has been truncated-------------------------


--------------------Output has been truncated-------------------------


--------------------Output has been truncated-------------------------


--------------------Output has been truncated-------------------------


--------------------Output has been truncated-------------------------


 
 Reference energy [au]:                       -80.431229546141
 DF-MP2 singlet pair energy [au]:              -0.347506340946
 DF-MP2 triplet pair energy [au]:              -0.074996468013
 DF-SCS-MP2 correlation energy [au]:           -0.442006431807
 DF-SCS-MP2 energy [au]:                      -80.873235977948
 DF-SOS-MP2 correlation energy [au]:           -0.451758243230
 DF-SOS-MP2 energy [au]:                      -80.882987789372
 DF-MP2 correlation energy [au]:               -0.422502808959
 DF-MP2 energy [au]:                          -80.853732355101

 Results in FNO basis:
 
 
 Reference energy [au]:                       -80.431229546141
 DF-MP2 singlet pair energy [au]:              -0.341236959894
 DF-MP2 triplet pair energy [au]:              -0.074713860156
 DF-SCS-MP2 correlation energy [au]:           -0.434388971925
 DF-SCS-MP2 energy [au]:                      -80.865618518066
 DF-SOS-MP2 correlation energy [au]:           -0.443608047862
 DF-SOS-MP2 energy [au]:                      -80.874837594004
 DF-MP2 correlation energy [au]:               -0.415950820050
 DF-MP2 energy [au]:                          -80.847180366191

 Results in NAF basis:
 
 
 Reference energy [au]:                       -80.431229546141
 DF-MP2 singlet pair energy [au]:              -0.341201939924
 DF-MP2 triplet pair energy [au]:              -0.074727206713
 DF-SCS-MP2 correlation energy [au]:           -0.434351396813
 DF-SCS-MP2 energy [au]:                      -80.865580942955
 DF-SOS-MP2 correlation energy [au]:           -0.443562521902
 DF-SOS-MP2 energy [au]:                      -80.874792068043
 DF-MP2 correlation energy [au]:               -0.415929146637
 DF-MP2 energy [au]:                          -80.847158692779

 ************************ 2023-02-04 11:52:59 *************************
 Executing ccsd...

 Allocation of 220.0 Gbytes of memory...

 Direct DF-CCSD(T) calculation
 
 Convergence criterion:  1.0E-06
 
 Number of occupied/virtual/auxiliary orbitals:     8   202   640
   1312.15 MB is the minimal memory requirement for (T)
    293.11 MB is the minimal memory requirement for CCSD
 
 Reference energy [au]:             -80.431229546141
 T1 contribution [au]:                0.000000000000
 Same spin MP2 energy [au]:          -0.074720524629
 Opposite spin MP2 energy [au]:      -0.341219430668
 MP2 correlation energy [au]:        -0.415939955298
 Total MP2 energy [au]:             -80.847169501439
 MP2 correction [au]:                -0.006562853662
 
 
 CPU time [min]:     0.491                   Wall time [min]:     0.058
 
 Starting CCSD iterations...
 
                     Residual norm          Energy
 Iteration  1        0.196126093437      -80.873059568944
 Iteration  2        0.050030360446      -80.884107002651
 Iteration  3        0.013819970343      -80.885272543485
 Iteration  4        0.002858147276      -80.885281544777
 Iteration  5        0.000530219268      -80.885294569191
 Iteration  6        0.000119932214      -80.885294322652
 Iteration  7        0.000028603111      -80.885295702896
 Iteration  8        0.000005287853      -80.885295816835
 Iteration  9        0.000001125804      -80.885295792875
 
 CCSD iteration has converged in  9 steps.
     6687.81 MB memory was utilized by CCSD
 
 T1 diagnostic:      7.996E-03            D1 diagnostic:      1.292E-02
 
 T1 contribution [au]:                                  0.000000000000
 PPL energy contribution [au]:                          0.121206003500
 Scaled PPL energy contribution [au]:                   0.123119598055

 OS-PPL energy contribution [au]:                       0.107549022629
 Scaled OS-PPL energy contribution [au]:                0.109535131912
 SS-PPL energy contribution [au]:                       0.013656980871
 Scaled SS-PPL energy contribution [au]:                0.013705585610

 Opposite spin CCSD energy [au]:                       -0.382008134187
 Same spin CCSD energy [au]:                           -0.072071572792
 CCSD correlation energy [au]:                         -0.454079706979
 CCSD correlation energy + MP2 correction [au]:        -0.460642560640
 CCSD correlation energy + MP2 + PPL corr. [au]:       -0.458728966086
 Total CCSD energy [au]:                              -80.885309253120
 Total CCSD energy + MP2 correction [au]:             -80.891872106782
 Total CCSD energy + MP2 + PPL corr. [au]:            -80.889958512227
 
 CPU time [min]:    13.024                   Wall time [min]:     0.417
 
 Calculation of (T) correction...
 
 
     1275.43 MB memory is utilized for (T)

 0%       25%       50%       75%       100%
 |---------|---------|---------|---------| 
 
 (T) correction [au]:                                    -0.013883702935
 (T*) correction [au]:                                   -0.014102765109
 (T+) correction [au]:                                   -0.014101950189
 CCSD(T) correlation energy [au]:                        -0.467963409914
 CCSD(T) correlation energy + MP2 correction [au]:       -0.474526263575
 CCSD(T+) correlation en. + MP2 + PPL corr. [au]:        -0.472830916275
 Total CCSD(T) energy [au]:                             -80.899192956055
 Total CCSD(T) energy + MP2 correction [au]:            -80.905755809717
 Total CCSD(T+) energy + MP2 + PPL corr. [au]:          -80.904060462416
 
 CPU time [min]:    17.033                   Wall time [min]:     0.549
 
 ************************ 2023-02-04 11:53:32 *************************
                      Normal termination of mrcc.
 **********************************************************************
