 **********************************************************************
                          MRCC program system
 **********************************************************************
 
                              Written by
     Mihaly Kallay, Peter R. Nagy, David Mester, Laszlo Gyevi-Nagy,
        Jozsef Csoka, P. Bernat Szabo, Zoltan Rolik, Gyula Samu,
     Jozsef Csontos, Bence Hegely, Adam Ganyecz, Istvan Ladjanszki,
       Lorant Szegedy, Bence Ladoczki, Klara Petrov, Mate Farkas,
                    Pal D. Mezei, and Reka A. Horvath
 
        Department of Physical Chemistry and Materials Science
            Budapest University of Technology and Economics
                  Budapest P.O.Box 91, H-1521 Hungary
 
                              www.mrcc.hu
 
                      Release date: March 18, 2022

 ************************ 2023-02-05 13:30:22 *************************
 Executing minp...

 Reading input from MINP...
 
 Input file:
 
calc=FNO-CCSD(T)
verbosity=3
mem=220GB
unit=angs
scfiguess=small
scfalg=locfit1
ccmaxit=400
ccsdalg=dfdirect
ccsdthreads=4
ccsdmkl=thr
ptthreads=4
lnoepsv=1e-5
naf_cor=1e-2
basis=aug-cc-pVQZ
basis_sm=def2-SVP
dfbasis_scf=def2-QZVPP-RI-JK
dfbasis_cor=aug-cc-pVQZ-RI
unit=angs
geom=xyz
16

C    34.41670262    34.07107264    10.41543014
C    33.11117461    33.45680459    10.91530835
H    34.24160149    35.00442132     9.86225048
H    34.94674030    33.36940783     9.75379242
H    35.10002891    34.30603621    11.24227357
H    32.42643037    33.26105434    10.07939442
H    32.59136835    34.12756100    11.61262818
H    33.28915165    32.50678735    11.43686767
C    25.97573568    38.29159093    10.41548088
C    24.67017836    37.67729539    10.91529140
H    25.80053312    39.22503006     9.86250154
H    26.50570813    37.58971855     9.75399090
H    26.65931845    38.52667515    11.24209422
H    23.98530395    37.48139737    10.07951373
H    24.15034095    38.34822797    11.61243196
H    24.84823997    36.72719264    11.43663402

--------------------Output has been truncated-------------------------


--------------------Output has been truncated-------------------------


--------------------Output has been truncated-------------------------


--------------------Output has been truncated-------------------------


--------------------Output has been truncated-------------------------


--------------------Output has been truncated-------------------------


--------------------Output has been truncated-------------------------


--------------------Output has been truncated-------------------------


--------------------Output has been truncated-------------------------


--------------------Output has been truncated-------------------------


 
 Reference energy [au]:                       -79.264434905321
 DF-MP2 singlet pair energy [au]:              -0.317723213714
 DF-MP2 triplet pair energy [au]:              -0.076906375548
 DF-SCS-MP2 correlation energy [au]:           -0.406903314973
 DF-SCS-MP2 energy [au]:                      -79.671338220294
 DF-SOS-MP2 correlation energy [au]:           -0.413040177828
 DF-SOS-MP2 energy [au]:                      -79.677475083149
 DF-MP2 correlation energy [au]:               -0.394629589262
 DF-MP2 energy [au]:                          -79.659064494583

 Results in FNO basis:
 
 
 Reference energy [au]:                       -79.264434905321
 DF-MP2 singlet pair energy [au]:              -0.312549258634
 DF-MP2 triplet pair energy [au]:              -0.076620465102
 DF-SCS-MP2 correlation energy [au]:           -0.400599265394
 DF-SCS-MP2 energy [au]:                      -79.665034170715
 DF-SOS-MP2 correlation energy [au]:           -0.406314036224
 DF-SOS-MP2 energy [au]:                      -79.670748941545
 DF-MP2 correlation energy [au]:               -0.389169723735
 DF-MP2 energy [au]:                          -79.653604629056

 Results in NAF basis:
 
 
 Reference energy [au]:                       -79.264434905321
 DF-MP2 singlet pair energy [au]:              -0.312528296971
 DF-MP2 triplet pair energy [au]:              -0.076628471827
 DF-SCS-MP2 correlation energy [au]:           -0.400576780308
 DF-SCS-MP2 energy [au]:                      -79.665011685629
 DF-SOS-MP2 correlation energy [au]:           -0.406286786063
 DF-SOS-MP2 energy [au]:                      -79.670721691383
 DF-MP2 correlation energy [au]:               -0.389156768799
 DF-MP2 energy [au]:                          -79.653591674120

 ************************ 2023-02-05 13:31:59 *************************
 Executing ccsd...

 Allocation of 220.0 Gbytes of memory...

 Direct DF-CCSD(T) calculation
 
 Convergence criterion:  1.0E-06
 
 Number of occupied/virtual/auxiliary orbitals:     7   175   551
    851.32 MB is the minimal memory requirement for (T)
    190.43 MB is the minimal memory requirement for CCSD
 
 Reference energy [au]:             -79.264434905321
 T1 contribution [au]:                0.000000000000
 Same spin MP2 energy [au]:          -0.076624465902
 Opposite spin MP2 energy [au]:      -0.312538773096
 MP2 correlation energy [au]:        -0.389163238998
 Total MP2 energy [au]:             -79.653598144319
 MP2 correction [au]:                -0.005466350264
 
 
 CPU time [min]:     0.400                   Wall time [min]:     0.049
 
 Starting CCSD iterations...
 
                     Residual norm          Energy
 Iteration  1        0.179602607654      -79.671511000148
 Iteration  2        0.044510769437      -79.681093176901
 Iteration  3        0.013089858257      -79.682228970825
 Iteration  4        0.002650304448      -79.682236199454
 Iteration  5        0.000560979274      -79.682242065109
 Iteration  6        0.000156933967      -79.682244115354
 Iteration  7        0.000037096621      -79.682243890200
 Iteration  8        0.000009998888      -79.682244254057
 
 CCSD iteration has converged in  8 steps.
     3804.92 MB memory was utilized by CCSD
 
 T1 diagnostic:      8.231E-03            D1 diagnostic:      1.428E-02
 
 T1 contribution [au]:                                  0.000000000000
 PPL energy contribution [au]:                          0.108935957032
 Scaled PPL energy contribution [au]:                   0.110475799314

 OS-PPL energy contribution [au]:                       0.095542707918
 Scaled OS-PPL energy contribution [au]:                0.097137734839
 SS-PPL energy contribution [au]:                       0.013393249114
 Scaled SS-PPL energy contribution [au]:                0.013441331284

 Opposite spin CCSD energy [au]:                       -0.345140697897
 Same spin CCSD energy [au]:                           -0.072676403197
 CCSD correlation energy [au]:                         -0.417817101094
 CCSD correlation energy + MP2 correction [au]:        -0.423283451358
 CCSD correlation energy + MP2 + PPL corr. [au]:       -0.421743609076
 Total CCSD energy [au]:                              -79.682252006415
 Total CCSD energy + MP2 correction [au]:             -79.687718356679
 Total CCSD energy + MP2 + PPL corr. [au]:            -79.686178514397
 
 CPU time [min]:     6.473                   Wall time [min]:     0.236
 
 Calculation of (T) correction...
 
 
      783.34 MB memory is utilized for (T)

 0%       25%       50%       75%       100%
 |---------|---------|---------|---------| 
 
 (T) correction [au]:                                    -0.014762770888
 (T*) correction [au]:                                   -0.014970134967
 (T+) correction [au]:                                   -0.014966604050
 CCSD(T) correlation energy [au]:                        -0.432579871982
 CCSD(T) correlation energy + MP2 correction [au]:       -0.438046222246
 CCSD(T+) correlation en. + MP2 + PPL corr. [au]:        -0.436710213126
 Total CCSD(T) energy [au]:                             -79.697014777303
 Total CCSD(T) energy + MP2 correction [au]:            -79.702481127567
 Total CCSD(T+) energy + MP2 + PPL corr. [au]:          -79.701145118447
 
 CPU time [min]:     8.167                   Wall time [min]:     0.292
 
 ************************ 2023-02-05 13:32:17 *************************
                      Normal termination of mrcc.
 **********************************************************************
