 **********************************************************************
                          MRCC program system
 **********************************************************************
 
                              Written by
     Mihaly Kallay, Peter R. Nagy, David Mester, Laszlo Gyevi-Nagy,
        Jozsef Csoka, P. Bernat Szabo, Zoltan Rolik, Gyula Samu,
     Jozsef Csontos, Bence Hegely, Adam Ganyecz, Istvan Ladjanszki,
       Lorant Szegedy, Bence Ladoczki, Klara Petrov, Mate Farkas,
                    Pal D. Mezei, and Reka A. Horvath
 
        Department of Physical Chemistry and Materials Science
            Budapest University of Technology and Economics
                  Budapest P.O.Box 91, H-1521 Hungary
 
                              www.mrcc.hu
 
                      Release date: March 18, 2022

 ************************ 2023-02-05 13:23:52 *************************
 Executing minp...

 Reading input from MINP...
 
 Input file:
 
calc=FNO-CCSD(T)
verbosity=3
mem=220GB
unit=angs
scfiguess=small
scfalg=locfit1
ccmaxit=400
ccsdalg=dfdirect
ccsdthreads=4
ccsdmkl=thr
ptthreads=4
lnoepsv=1e-5
naf_cor=1e-2
basis=aug-cc-pVTZ
basis_sm=def2-SVP
dfbasis_scf=def2-QZVPP-RI-JK
dfbasis_cor=aug-cc-pVTZ-RI
unit=angs
geom=xyz
16

C    34.41670262    34.07107264    10.41543014
C    33.11117461    33.45680459    10.91530835
H    34.24160149    35.00442132     9.86225048
H    34.94674030    33.36940783     9.75379242
H    35.10002891    34.30603621    11.24227357
H    32.42643037    33.26105434    10.07939442
H    32.59136835    34.12756100    11.61262818
H    33.28915165    32.50678735    11.43686767
C    51.29867193    25.63008798    10.41543014
C    49.99314392    25.01581994    10.91530835
H    51.12357080    26.56343667     9.86225048
H    51.82870961    24.92842317     9.75379242
H    51.98199822    25.86505155    11.24227357
H    49.30839968    24.82006969    10.07939442
H    49.47333766    25.68657634    11.61262818
H    50.17112096    24.06580270    11.43686767

--------------------Output has been truncated-------------------------


--------------------Output has been truncated-------------------------


--------------------Output has been truncated-------------------------


--------------------Output has been truncated-------------------------


--------------------Output has been truncated-------------------------


--------------------Output has been truncated-------------------------


--------------------Output has been truncated-------------------------


--------------------Output has been truncated-------------------------


--------------------Output has been truncated-------------------------


--------------------Output has been truncated-------------------------


 
 Reference energy [au]:                       -79.259550503465
 DF-MP2 singlet pair energy [au]:              -0.300254289729
 DF-MP2 triplet pair energy [au]:              -0.075031442245
 DF-SCS-MP2 correlation energy [au]:           -0.385315628424
 DF-SCS-MP2 energy [au]:                      -79.644866131888
 DF-SOS-MP2 correlation energy [au]:           -0.390330576648
 DF-SOS-MP2 energy [au]:                      -79.649881080113
 DF-MP2 correlation energy [au]:               -0.375285731974
 DF-MP2 energy [au]:                          -79.634836235439

 Results in FNO basis:
 
 
 Reference energy [au]:                       -79.259550503465
 DF-MP2 singlet pair energy [au]:              -0.299084107626
 DF-MP2 triplet pair energy [au]:              -0.074925176418
 DF-SCS-MP2 correlation energy [au]:           -0.383875987957
 DF-SCS-MP2 energy [au]:                      -79.643426491422
 DF-SOS-MP2 correlation energy [au]:           -0.388809339914
 DF-SOS-MP2 energy [au]:                      -79.648359843379
 DF-MP2 correlation energy [au]:               -0.374009284044
 DF-MP2 energy [au]:                          -79.633559787508

 Results in NAF basis:
 
 
 Reference energy [au]:                       -79.259550503465
 DF-MP2 singlet pair energy [au]:              -0.299023376870
 DF-MP2 triplet pair energy [au]:              -0.074964220951
 DF-SCS-MP2 correlation energy [au]:           -0.383816125894
 DF-SCS-MP2 energy [au]:                      -79.643366629359
 DF-SOS-MP2 correlation energy [au]:           -0.388730389931
 DF-SOS-MP2 energy [au]:                      -79.648280893395
 DF-MP2 correlation energy [au]:               -0.373987597821
 DF-MP2 energy [au]:                          -79.633538101285

 ************************ 2023-02-05 13:24:21 *************************
 Executing ccsd...

 Allocation of 220.0 Gbytes of memory...

 Direct DF-CCSD(T) calculation
 
 Convergence criterion:  1.0E-06
 
 Number of occupied/virtual/auxiliary orbitals:     7   139   378
    421.21 MB is the minimal memory requirement for (T)
     94.89 MB is the minimal memory requirement for CCSD
 
 Reference energy [au]:             -79.259550503465
 T1 contribution [au]:                0.000000000000
 Same spin MP2 energy [au]:          -0.074944639504
 Opposite spin MP2 energy [au]:      -0.299053571432
 MP2 correlation energy [au]:        -0.373998210937
 Total MP2 energy [au]:             -79.633548714402
 MP2 correction [au]:                -0.001287521037
 
 
 CPU time [min]:     0.320                   Wall time [min]:     0.017
 
 Starting CCSD iterations...
 
                     Residual norm          Energy
 Iteration  1        0.170712144448      -79.654477276995
 Iteration  2        0.042453498755      -79.664042194409
 Iteration  3        0.011296535511      -79.664998240421
 Iteration  4        0.002548541609      -79.665006562077
 Iteration  5        0.000536665449      -79.665011768810
 Iteration  6        0.000152292044      -79.665014846441
 Iteration  7        0.000036257619      -79.665014631153
 Iteration  8        0.000009249088      -79.665014922789
 
 CCSD iteration has converged in  8 steps.
     1534.57 MB memory was utilized by CCSD
 
 T1 diagnostic:      7.816E-03            D1 diagnostic:      1.353E-02
 
 T1 contribution [au]:                                  0.000000000000
 PPL energy contribution [au]:                          0.102911447026
 Scaled PPL energy contribution [au]:                   0.103270156563

 OS-PPL energy contribution [au]:                       0.089961249520
 Scaled OS-PPL energy contribution [au]:                0.090332331760
 SS-PPL energy contribution [au]:                       0.012950197505
 Scaled SS-PPL energy contribution [au]:                0.012962024222

 Opposite spin CCSD energy [au]:                       -0.334284073966
 Same spin CCSD energy [au]:                           -0.071199012452
 CCSD correlation energy [au]:                         -0.405483086419
 CCSD correlation energy + MP2 correction [au]:        -0.406770607456
 CCSD correlation energy + MP2 + PPL corr. [au]:       -0.406411897918
 Total CCSD energy [au]:                              -79.665033589884
 Total CCSD energy + MP2 correction [au]:             -79.666321110921
 Total CCSD energy + MP2 + PPL corr. [au]:            -79.665962401383
 
 CPU time [min]:     2.728                   Wall time [min]:     0.087
 
 Calculation of (T) correction...
 
 
      388.93 MB memory is utilized for (T)

 0%       25%       50%       75%       100%
 |---------|---------|---------|---------| 
 
 (T) correction [au]:                                    -0.013958893935
 (T*) correction [au]:                                   -0.014006948629
 (T+) correction [au]:                                   -0.014006366291
 CCSD(T) correlation energy [au]:                        -0.419441980353
 CCSD(T) correlation energy + MP2 correction [au]:       -0.420729501391
 CCSD(T+) correlation en. + MP2 + PPL corr. [au]:        -0.420418264209
 Total CCSD(T) energy [au]:                             -79.678992483818
 Total CCSD(T) energy + MP2 correction [au]:            -79.680280004856
 Total CCSD(T+) energy + MP2 + PPL corr. [au]:          -79.679968767674
 
 CPU time [min]:     3.427                   Wall time [min]:     0.109
 
 ************************ 2023-02-05 13:24:28 *************************
                      Normal termination of mrcc.
 **********************************************************************
