 **********************************************************************
                          MRCC program system
 **********************************************************************
 
                              Written by
     Mihaly Kallay, Peter R. Nagy, David Mester, Laszlo Gyevi-Nagy,
        Jozsef Csoka, P. Bernat Szabo, Zoltan Rolik, Gyula Samu,
     Jozsef Csontos, Bence Hegely, Adam Ganyecz, Istvan Ladjanszki,
       Lorant Szegedy, Bence Ladoczki, Klara Petrov, Mate Farkas,
                    Pal D. Mezei, and Reka A. Horvath
 
        Department of Physical Chemistry and Materials Science
            Budapest University of Technology and Economics
                  Budapest P.O.Box 91, H-1521 Hungary
 
                              www.mrcc.hu
 
                      Release date: March 18, 2022

 ************************ 2023-02-04 11:44:10 *************************
 Executing minp...

 Reading input from MINP...
 
 Input file:
 
calc=FNO-CCSD(T)
verbosity=3
mem=220GB
unit=angs
scfiguess=small
scfalg=locfit1
ccmaxit=400
ccsdalg=dfdirect
ccsdthreads=4
ccsdmkl=thr
ptthreads=4
lnoepsv=1e-5
naf_cor=1e-2
basis=aug-cc-pVQZ
basis_sm=def2-SVP
dfbasis_scf=def2-QZVPP-RI-JK
dfbasis_cor=aug-cc-pVQZ-RI
unit=angs
geom=xyz
10

C    29.54344629    29.54344629    16.97505516
H    29.54344670    30.44187631    17.60392580
H    29.54344662    28.64496649    17.60393442
H    30.44658454    29.54342777    16.34911135
H    28.64030918    29.54342779    16.34911130
C    33.76390794    37.98439940    16.97521401
H    32.86548827    37.98439960    17.60422237
H    33.76392673    38.88718726    16.34882774
H    33.76392671    37.08161262    16.34882693
H    34.66237815    37.98439958    17.60423123

--------------------Output has been truncated-------------------------


--------------------Output has been truncated-------------------------


--------------------Output has been truncated-------------------------


--------------------Output has been truncated-------------------------


--------------------Output has been truncated-------------------------


--------------------Output has been truncated-------------------------


--------------------Output has been truncated-------------------------


--------------------Output has been truncated-------------------------


--------------------Output has been truncated-------------------------


--------------------Output has been truncated-------------------------


 
 Reference energy [au]:                       -40.215617352676
 DF-MP2 singlet pair energy [au]:              -0.173753180027
 DF-MP2 triplet pair energy [au]:              -0.037498147238
 DF-SCS-MP2 correlation energy [au]:           -0.221003198445
 DF-SCS-MP2 energy [au]:                      -40.436620551121
 DF-SOS-MP2 correlation energy [au]:           -0.225879134035
 DF-SOS-MP2 energy [au]:                      -40.441496486711
 DF-MP2 correlation energy [au]:               -0.211251327265
 DF-MP2 energy [au]:                          -40.426868679941

 Results in FNO basis:
 
 
 Reference energy [au]:                       -40.215617352676
 DF-MP2 singlet pair energy [au]:              -0.170618399520
 DF-MP2 triplet pair energy [au]:              -0.037356838666
 DF-SCS-MP2 correlation energy [au]:           -0.217194358980
 DF-SCS-MP2 energy [au]:                      -40.432811711656
 DF-SOS-MP2 correlation energy [au]:           -0.221803919377
 DF-SOS-MP2 energy [au]:                      -40.437421272052
 DF-MP2 correlation energy [au]:               -0.207975238186
 DF-MP2 energy [au]:                          -40.423592590862

 Results in NAF basis:
 
 
 Reference energy [au]:                       -40.215617352676
 DF-MP2 singlet pair energy [au]:              -0.170600803063
 DF-MP2 triplet pair energy [au]:              -0.037363516502
 DF-SCS-MP2 correlation energy [au]:           -0.217175469177
 DF-SCS-MP2 energy [au]:                      -40.432792821852
 DF-SOS-MP2 correlation energy [au]:           -0.221781043983
 DF-SOS-MP2 energy [au]:                      -40.437398396658
 DF-MP2 correlation energy [au]:               -0.207964319565
 DF-MP2 energy [au]:                          -40.423581672241

 ************************ 2023-02-04 11:44:47 *************************
 Executing ccsd...

 Allocation of 220.0 Gbytes of memory...

 Direct DF-CCSD(T) calculation
 
 Convergence criterion:  1.0E-06
 
 Number of occupied/virtual/auxiliary orbitals:     4   101   320
    163.36 MB is the minimal memory requirement for (T)
     39.40 MB is the minimal memory requirement for CCSD
 
 Reference energy [au]:             -40.215617352676
 T1 contribution [au]:                0.000000000000
 Same spin MP2 energy [au]:          -0.037360173118
 Opposite spin MP2 energy [au]:      -0.170609591478
 MP2 correlation energy [au]:        -0.207969764596
 Total MP2 energy [au]:             -40.423587117272
 MP2 correction [au]:                -0.003281562669
 
 
 CPU time [min]:     0.175                   Wall time [min]:     0.008
 
 Starting CCSD iterations...
 
                     Residual norm          Energy
 Iteration  1        0.138682020596      -40.436532107448
 Iteration  2        0.035376793566      -40.442055804912
 Iteration  3        0.009772169167      -40.442638570620
 Iteration  4        0.002021005684      -40.442643069444
 Iteration  5        0.000374917718      -40.442649581427
 Iteration  6        0.000084803464      -40.442649458173
 Iteration  7        0.000020225288      -40.442650148314
 Iteration  8        0.000003739056      -40.442650205293
 
 CCSD iteration has converged in  8 steps.
      444.29 MB memory was utilized by CCSD
 
 T1 diagnostic:      7.996E-03            D1 diagnostic:      1.291E-02
 
 T1 contribution [au]:                                  0.000000000000
 PPL energy contribution [au]:                          0.060602898225
 Scaled PPL energy contribution [au]:                   0.061559746559

 OS-PPL energy contribution [au]:                       0.053774419926
 Scaled OS-PPL energy contribution [au]:                0.054767529348
 SS-PPL energy contribution [au]:                       0.006828478298
 Scaled SS-PPL energy contribution [au]:                0.006852781166

 Opposite spin CCSD energy [au]:                       -0.191003904309
 Same spin CCSD energy [au]:                           -0.036035725309
 CCSD correlation energy [au]:                         -0.227039629618
 CCSD correlation energy + MP2 correction [au]:        -0.230321192286
 CCSD correlation energy + MP2 + PPL corr. [au]:       -0.229364343952
 Total CCSD energy [au]:                              -40.442656982294
 Total CCSD energy + MP2 correction [au]:             -40.445938544962
 Total CCSD energy + MP2 + PPL corr. [au]:            -40.444981696627
 
 CPU time [min]:     0.861                   Wall time [min]:     0.027
 
 Calculation of (T) correction...
 
 
      124.68 MB memory is utilized for (T)

 0%       25%       50%       75%       100%
 |---------|---------|---------|---------| 
 
 (T) correction [au]:                                    -0.006941825465
 (T*) correction [au]:                                   -0.007051360788
 (T+) correction [au]:                                   -0.007050954742
 CCSD(T) correlation energy [au]:                        -0.233981455083
 CCSD(T) correlation energy + MP2 correction [au]:       -0.237263017752
 CCSD(T+) correlation en. + MP2 + PPL corr. [au]:        -0.236415298693
 Total CCSD(T) energy [au]:                             -40.449598807759
 Total CCSD(T) energy + MP2 correction [au]:            -40.452880370428
 Total CCSD(T+) energy + MP2 + PPL corr. [au]:          -40.452032651369
 
 CPU time [min]:     0.945                   Wall time [min]:     0.030
 
 ************************ 2023-02-04 11:44:49 *************************
                      Normal termination of mrcc.
 **********************************************************************
