 **********************************************************************
                          MRCC program system
 **********************************************************************
 
                              Written by
     Mihaly Kallay, Peter R. Nagy, David Mester, Laszlo Gyevi-Nagy,
        Jozsef Csoka, P. Bernat Szabo, Zoltan Rolik, Gyula Samu,
     Jozsef Csontos, Bence Hegely, Adam Ganyecz, Istvan Ladjanszki,
       Lorant Szegedy, Bence Ladoczki, Klara Petrov, Mate Farkas,
                    Pal D. Mezei, and Reka A. Horvath
 
        Department of Physical Chemistry and Materials Science
            Budapest University of Technology and Economics
                  Budapest P.O.Box 91, H-1521 Hungary
 
                              www.mrcc.hu
 
                      Release date: March 18, 2022

 ************************ 2023-02-04 11:44:05 *************************
 Executing minp...

 Reading input from MINP...
 
 Input file:
 
calc=FNO-CCSD(T)
verbosity=3
mem=220GB
unit=angs
scfiguess=small
scfalg=locfit1
ccmaxit=400
ccsdalg=dfdirect
ccsdthreads=4
ccsdmkl=thr
ptthreads=4
lnoepsv=1e-5
naf_cor=1e-2
basis=aug-cc-pVTZ
basis_sm=def2-SVP
dfbasis_scf=def2-QZVPP-RI-JK
dfbasis_cor=aug-cc-pVTZ-RI
unit=angs
geom=xyz
10

C    29.54344629    29.54344629    16.97505516
H    29.54344670    30.44187631    17.60392580
H    29.54344662    28.64496649    17.60393442
H    30.44658454    29.54342777    16.34911135
H    28.64030918    29.54342779    16.34911130
C    33.76390794    37.98439940    16.97521401
H    32.86548827    37.98439960    17.60422237
H    33.76392673    38.88718726    16.34882774
H    33.76392671    37.08161262    16.34882693
H    34.66237815    37.98439958    17.60423123

--------------------Output has been truncated-------------------------


--------------------Output has been truncated-------------------------


--------------------Output has been truncated-------------------------


--------------------Output has been truncated-------------------------


--------------------Output has been truncated-------------------------


--------------------Output has been truncated-------------------------


--------------------Output has been truncated-------------------------


--------------------Output has been truncated-------------------------


--------------------Output has been truncated-------------------------


--------------------Output has been truncated-------------------------


 
 Reference energy [au]:                       -40.213017316340
 DF-MP2 singlet pair energy [au]:              -0.164419715206
 DF-MP2 triplet pair energy [au]:              -0.036594383501
 DF-SCS-MP2 correlation energy [au]:           -0.209501786081
 DF-SCS-MP2 energy [au]:                      -40.422519102420
 DF-SOS-MP2 correlation energy [au]:           -0.213745629768
 DF-SOS-MP2 energy [au]:                      -40.426762946107
 DF-MP2 correlation energy [au]:               -0.201014098707
 DF-MP2 energy [au]:                          -40.414031415046

 Results in FNO basis:
 
 
 Reference energy [au]:                       -40.213017316340
 DF-MP2 singlet pair energy [au]:              -0.163769297803
 DF-MP2 triplet pair energy [au]:              -0.036550613569
 DF-SCS-MP2 correlation energy [au]:           -0.208706695220
 DF-SCS-MP2 energy [au]:                      -40.421724011559
 DF-SOS-MP2 correlation energy [au]:           -0.212900087144
 DF-SOS-MP2 energy [au]:                      -40.425917403483
 DF-MP2 correlation energy [au]:               -0.200319911372
 DF-MP2 energy [au]:                          -40.413337227711

 Results in NAF basis:
 
 
 Reference energy [au]:                       -40.213017316340
 DF-MP2 singlet pair energy [au]:              -0.163735045656
 DF-MP2 triplet pair energy [au]:              -0.036569928741
 DF-SCS-MP2 correlation energy [au]:           -0.208672031035
 DF-SCS-MP2 energy [au]:                      -40.421689347374
 DF-SOS-MP2 correlation energy [au]:           -0.212855559353
 DF-SOS-MP2 energy [au]:                      -40.425872875693
 DF-MP2 correlation energy [au]:               -0.200304974397
 DF-MP2 energy [au]:                          -40.413322290737

 ************************ 2023-02-04 11:44:22 *************************
 Executing ccsd...

 Allocation of 220.0 Gbytes of memory...

 Direct DF-CCSD(T) calculation
 
 Convergence criterion:  1.0E-06
 
 Number of occupied/virtual/auxiliary orbitals:     4    83   221
     89.04 MB is the minimal memory requirement for (T)
     22.38 MB is the minimal memory requirement for CCSD
 
 Reference energy [au]:             -40.213017316340
 T1 contribution [au]:                0.000000000000
 Same spin MP2 energy [au]:          -0.036560243760
 Opposite spin MP2 energy [au]:      -0.163752090115
 MP2 correlation energy [au]:        -0.200312333875
 Total MP2 energy [au]:             -40.413329650215
 MP2 correction [au]:                -0.000701764831
 
 
 CPU time [min]:     0.058                   Wall time [min]:     0.003
 
 Starting CCSD iterations...
 
                     Residual norm          Energy
 Iteration  1        0.131888250081      -40.427797529861
 Iteration  2        0.033755222980      -40.433320678517
 Iteration  3        0.008181723144      -40.433786839416
 Iteration  4        0.001913918671      -40.433789440903
 Iteration  5        0.000362950710      -40.433796491733
 Iteration  6        0.000073619807      -40.433796624621
 Iteration  7        0.000017729621      -40.433797229968
 Iteration  8        0.000003100190      -40.433797247686
 
 CCSD iteration has converged in  8 steps.
      207.43 MB memory was utilized by CCSD
 
 T1 diagnostic:      7.475E-03            D1 diagnostic:      1.210E-02
 
 T1 contribution [au]:                                  0.000000000000
 PPL energy contribution [au]:                          0.057487857523
 Scaled PPL energy contribution [au]:                   0.057690927394

 OS-PPL energy contribution [au]:                       0.050872871276
 Scaled OS-PPL energy contribution [au]:                0.051085058073
 SS-PPL energy contribution [au]:                       0.006614986247
 Scaled SS-PPL energy contribution [au]:                0.006619545656

 Opposite spin CCSD energy [au]:                       -0.185469217743
 Same spin CCSD energy [au]:                           -0.035322104796
 CCSD correlation energy [au]:                         -0.220791322539
 CCSD correlation energy + MP2 correction [au]:        -0.221493087370
 CCSD correlation energy + MP2 + PPL corr. [au]:       -0.221290017499
 Total CCSD energy [au]:                              -40.433808638878
 Total CCSD energy + MP2 correction [au]:             -40.434510403710
 Total CCSD energy + MP2 + PPL corr. [au]:            -40.434307333838
 
 CPU time [min]:     0.392                   Wall time [min]:     0.013
 
 Calculation of (T) correction...
 
 
       67.65 MB memory is utilized for (T)

 0%       25%       50%       75%       100%
 |---------|---------|---------|---------| 
 
 (T) correction [au]:                                    -0.006568779307
 (T*) correction [au]:                                   -0.006591792060
 (T+) correction [au]:                                   -0.006591811242
 CCSD(T) correlation energy [au]:                        -0.227360101845
 CCSD(T) correlation energy + MP2 correction [au]:       -0.228061866677
 CCSD(T+) correlation en. + MP2 + PPL corr. [au]:        -0.227881828740
 Total CCSD(T) energy [au]:                             -40.440377418185
 Total CCSD(T) energy + MP2 correction [au]:            -40.441079183016
 Total CCSD(T+) energy + MP2 + PPL corr. [au]:          -40.440899145080
 
 CPU time [min]:     0.458                   Wall time [min]:     0.015
 
 ************************ 2023-02-04 11:44:23 *************************
                      Normal termination of mrcc.
 **********************************************************************
