 **********************************************************************
                          MRCC program system
 **********************************************************************
 
                              Written by
     Mihaly Kallay, Peter R. Nagy, David Mester, Laszlo Gyevi-Nagy,
        Jozsef Csoka, P. Bernat Szabo, Zoltan Rolik, Gyula Samu,
     Jozsef Csontos, Bence Hegely, Adam Ganyecz, Istvan Ladjanszki,
       Lorant Szegedy, Bence Ladoczki, Klara Petrov, Mate Farkas,
                    Pal D. Mezei, and Reka A. Horvath
 
        Department of Physical Chemistry and Materials Science
            Budapest University of Technology and Economics
                  Budapest P.O.Box 91, H-1521 Hungary
 
                              www.mrcc.hu
 
                      Release date: March 18, 2022

 ************************ 2023-02-05 13:31:21 *************************
 Executing minp...

 Reading input from MINP...
 
 Input file:
 
calc=FNO-CCSD(T)
verbosity=3
mem=220GB
unit=angs
scfiguess=small
scfalg=locfit1
ccmaxit=400
ccsdalg=dfdirect
ccsdthreads=4
ccsdmkl=thr
ptthreads=4
lnoepsv=1e-5
naf_cor=1e-2
basis=aug-cc-pVTZ
basis_sm=def2-SVP
dfbasis_scf=def2-QZVPP-RI-JK
dfbasis_cor=aug-cc-pVTZ-RI
unit=angs
geom=xyz
16

C    34.41670262    34.07107264    10.41543014
C    33.11117461    33.45680459    10.91530835
H    34.24160149    35.00442132     9.86225048
H    34.94674030    33.36940783     9.75379242
H    35.10002891    34.30603621    11.24227357
H    32.42643037    33.26105434    10.07939442
H    32.59136835    34.12756100    11.61262818
H    33.28915165    32.50678735    11.43686767
C    25.97571797    50.95304195    10.41543014
C    24.67018996    50.33877390    10.91530835
H    25.80061684    51.88639063     9.86225048
H    26.50575565    50.25137714     9.75379242
H    26.65904426    51.18800552    11.24227357
H    23.98544572    50.14302365    10.07939442
H    24.15038370    51.00953031    11.61262818
H    24.84816699    49.38875666    11.43686767

--------------------Output has been truncated-------------------------


--------------------Output has been truncated-------------------------


--------------------Output has been truncated-------------------------


--------------------Output has been truncated-------------------------


--------------------Output has been truncated-------------------------


--------------------Output has been truncated-------------------------


--------------------Output has been truncated-------------------------


--------------------Output has been truncated-------------------------


--------------------Output has been truncated-------------------------


--------------------Output has been truncated-------------------------


 
 Reference energy [au]:                      -158.519100997602
 DF-MP2 singlet pair energy [au]:              -0.600508671979
 DF-MP2 triplet pair energy [au]:              -0.150062976245
 DF-SCS-MP2 correlation energy [au]:           -0.770631398457
 DF-SCS-MP2 energy [au]:                     -159.289732396059
 DF-SOS-MP2 correlation energy [au]:           -0.780661273573
 DF-SOS-MP2 energy [au]:                     -159.299762271175
 DF-MP2 correlation energy [au]:               -0.750571648224
 DF-MP2 energy [au]:                         -159.269672645826

 Results in FNO basis:
 
 
 Reference energy [au]:                      -158.519100997602
 DF-MP2 singlet pair energy [au]:              -0.598168291892
 DF-MP2 triplet pair energy [au]:              -0.149850439545
 DF-SCS-MP2 correlation energy [au]:           -0.767752096786
 DF-SCS-MP2 energy [au]:                     -159.286853094388
 DF-SOS-MP2 correlation energy [au]:           -0.777618779460
 DF-SOS-MP2 energy [au]:                     -159.296719777062
 DF-MP2 correlation energy [au]:               -0.748018731438
 DF-MP2 energy [au]:                         -159.267119729040

 Results in NAF basis:
 
 
 Reference energy [au]:                      -158.519100997602
 DF-MP2 singlet pair energy [au]:              -0.598047057532
 DF-MP2 triplet pair energy [au]:              -0.149928654103
 DF-SCS-MP2 correlation energy [au]:           -0.767632687073
 DF-SCS-MP2 energy [au]:                     -159.286733684675
 DF-SOS-MP2 correlation energy [au]:           -0.777461174792
 DF-SOS-MP2 energy [au]:                     -159.296562172394
 DF-MP2 correlation energy [au]:               -0.747975711635
 DF-MP2 energy [au]:                         -159.267076709237

 ************************ 2023-02-05 13:32:10 *************************
 Executing ccsd...

 Allocation of 220.0 Gbytes of memory...

 Direct DF-CCSD(T) calculation
 
 Convergence criterion:  1.0E-06
 
 Number of occupied/virtual/auxiliary orbitals:    14   278   756
   3422.71 MB is the minimal memory requirement for (T)
    780.99 MB is the minimal memory requirement for CCSD
 
 Reference energy [au]:            -158.519100997602
 T1 contribution [au]:                0.000000000000
 Same spin MP2 energy [au]:          -0.149889428614
 Opposite spin MP2 energy [au]:      -0.598107333339
 MP2 correlation energy [au]:        -0.747996761953
 Total MP2 energy [au]:            -159.267097759555
 MP2 correction [au]:                -0.002574886272
 
 
 CPU time [min]:     0.909                   Wall time [min]:     0.132
 
 Starting CCSD iterations...
 
                     Residual norm          Energy
 Iteration  1        0.241423389200     -159.308954886441
 Iteration  2        0.060038250421     -159.328084697466
 Iteration  3        0.015975735763     -159.329996796388
 Iteration  4        0.003604182431     -159.330013438791
 Iteration  5        0.000758960463     -159.330023852368
 Iteration  6        0.000215373696     -159.330030007576
 Iteration  7        0.000051276082     -159.330029576976
 Iteration  8        0.000013080224     -159.330030160246
 Iteration  9        0.000002622469     -159.330030108207
 
 CCSD iteration has converged in  9 steps.
    23656.02 MB memory was utilized by CCSD
 
 T1 diagnostic:      7.816E-03            D1 diagnostic:      1.353E-02
 
 T1 contribution [au]:                                  0.000000000000
 PPL energy contribution [au]:                          0.205822916612
 Scaled PPL energy contribution [au]:                   0.206540245489

 OS-PPL energy contribution [au]:                       0.179922509981
 Scaled OS-PPL energy contribution [au]:                0.180664611232
 SS-PPL energy contribution [au]:                       0.025900406630
 Scaled SS-PPL energy contribution [au]:                0.025924039753

 Opposite spin CCSD energy [au]:                       -0.668568121098
 Same spin CCSD energy [au]:                           -0.142398160664
 CCSD correlation energy [au]:                         -0.810966281763
 CCSD correlation energy + MP2 correction [au]:        -0.813541168034
 CCSD correlation energy + MP2 + PPL corr. [au]:       -0.812823839156
 Total CCSD energy [au]:                             -159.330067279364
 Total CCSD energy + MP2 correction [au]:            -159.332642165636
 Total CCSD energy + MP2 + PPL corr. [au]:           -159.331924836758
 
 CPU time [min]:    53.535                   Wall time [min]:     1.800
 
 Calculation of (T) correction...
 
 
     4429.83 MB memory is utilized for (T)

 0%       25%       50%       75%       100%
 |---------|---------|---------|---------| 
 
 (T) correction [au]:                                    -0.027917800571
 (T*) correction [au]:                                   -0.028013904144
 (T+) correction [au]:                                   -0.028012733738
 CCSD(T) correlation energy [au]:                        -0.838884082334
 CCSD(T) correlation energy + MP2 correction [au]:       -0.841458968605
 CCSD(T+) correlation en. + MP2 + PPL corr. [au]:        -0.840836572895
 Total CCSD(T) energy [au]:                            -159.357985079935
 Total CCSD(T) energy + MP2 correction [au]:           -159.360559966207
 Total CCSD(T+) energy + MP2 + PPL corr. [au]:         -159.359937570497
 
 CPU time [min]:   111.689                   Wall time [min]:     3.506
 
 ************************ 2023-02-05 13:35:40 *************************
                      Normal termination of mrcc.
 **********************************************************************
