================================================================================
                                       INPUT FILE
================================================================================
NAME = orca.inp
|  1>  ! TightSCF RI-MP2 RIJCOSX SlowConv DIIS
|  2> %maxcore 45000
|  3> %pal
|  4> nprocs 4
|  5> end
|  6> %pointcharges "orca.bq"
|  7> %method
|  8> Method hf
|  9> RI on
| 10> RunTyp Energy
| 11> NewNCore O 2 end
| 12> NewNCore Mg 2 end
| 13> NewNCore H 0 end
| 14> end
| 15> %basis
| 16> NewGTO Mg
| 17> "cc-pwCVDZ"
| 18> end
| 19> NewGTO H
| 20> "aug-cc-pVDZ"
| 21> end
| 22> NewGTO O
| 23> "aug-cc-pVDZ"
| 24> end
| 25> NewAuxCGTO Mg
| 26> "AutoAux"
| 27> end
| 28> NewAuxCGTO H
| 29> "aug-cc-pVDZ/C"
| 30> end
| 31> NewAuxCGTO O 
| 32> "aug-cc-pVDZ/C"
| 33> end
| 34> Aux "def2/J"    
| 35> end
| 36> %scf
| 37> HFTyp rhf
| 38> Guess MORead
| 39> MOInp "orca_svp_start.gbw"
| 40> SCFMode Direct
| 41> sthresh 1e-6
| 42> AutoTRAHIter 60
| 43> MaxIter 1000
| 44> end
| 45> %coords
| 46> CTyp xyz
| 47> Mult 1
| 48> Units angs
| 49>       Charge -50
| 50>   coords
| 51> H:                     -1.44605406294    0.90712894739    2.35341957559
| 52> H:                     -2.88800449137    0.27151836092    2.49284706023
| 53> H:                      1.43679965930   -0.85908702728    2.37194985282
| 54> H:                      2.89509364456   -0.26064271559    2.49365779821
| 55> H:                     -0.87485885651   -1.40570570984    2.36373204790
| 56> H:                     -0.26216731321   -2.85298133864    2.54002414122
| 57> H:                      0.89613378660    1.49407179961    2.36047163780
| 58> H:                      0.26020838517    2.94261407057    2.41960523406
| 59> O:                     -1.96925683494    0.07703756613    2.24003571447
| 60> O:                      1.98116851885   -0.04460993063    2.24129819623
| 61> O:                     -0.05830616783   -1.94999979959    2.24373897335
| 62> O:                      0.06270490095    2.00795669847    2.23436151750
| 63> O                       0.00000000000    0.00000000000   -0.07927941166
| 64> Mg                      0.00051032934   -0.00131806542   -2.15365616875
| 65> Mg                     -0.00930503106    2.09787572631   -0.02828869271
| 66> Mg                     -2.10147163502   -0.00876127593   -0.02514118045
| 67> Mg                      2.10192995773    0.00923260299   -0.02042132041
| 68> Mg                      0.00923291205   -2.10271520063   -0.01971083771
| 69> O                      -0.00078217939    2.11974367817   -2.17114866425
| 70> O                       0.00087652673   -2.11987033410   -2.17126012466
| 71> O                       2.12042746186    0.00119942222   -2.17118086493
| 72> O                      -2.12020598503   -0.00050248623   -2.17172119115
| 73> O                      -2.13212205357   -2.13299577156   -0.04305664973
| 74> O                       2.13426697819   -2.13193608582   -0.04325076587
| 75> O                      -2.13408361048    2.13221557212   -0.04462024620
| 76> O                       2.13241750631    2.13495087092   -0.04434236668
| 77> Mg                      2.10367925793   -2.10268784612   -2.16189517101
| 78> Mg                     -2.10262584492   -2.10369022451   -2.16263243875
| 79> Mg                      2.10363493269    2.10361965726   -2.16276310872
| 80> Mg                     -2.10417084339    2.10303910469   -2.16349891742
| 81> O                       0.00002442298    0.00030225164   -4.28739139709
| 82> O                       0.00174982204    4.23635120796    0.00000000000
| 83> O                      -4.23651694261    0.00194177521   -0.00357234078
| 84> O                      -0.00100933567   -4.23685887729   -0.00641059341
| 85> O                       4.23755588128   -0.00081536189   -0.00415031752
| 86> Mg                      0.00073174611   -4.21316067590   -2.16855383866
| 87> Mg                      4.21382252936    0.00073866082   -2.16839181497
| 88> Mg                     -0.00026868168    4.21375610084   -2.16886882535
| 89> Mg                     -4.21375489156   -0.00022764170   -2.16905228669
| 90> Mg                     -2.11488843042   -4.22138777438   -0.09672818112
| 91> Mg                     -4.22159936808   -2.11479060316   -0.08969314674
| 92> Mg                      2.11531305381   -4.22141068918   -0.08932787861
| 93> Mg                     -2.11526558387    4.22186960504   -0.08912691018
| 94> Mg                      4.22216285822    2.11519054698   -0.08929295740
| 95> Mg                      4.22203670435   -2.11538167109   -0.09647895883
| 96> Mg                     -4.22216106710    2.11628218717   -0.09756793186
| 97> Mg                      2.11684801940    4.22225353072   -0.09768696092
| 98> O                       2.11027118693   -2.10994451232   -4.28739139709
| 99> O                      -2.11022234098   -2.10994451232   -4.28739139709
|100> O                      -2.11022234098    2.11054901559   -4.28739139709
|101> O                       2.11027118693    2.11054901559   -4.28739139709
|102> O                      -4.22670978053   -2.11078174729   -2.17962312581
|103> O                      -2.11060722823    4.22725801602   -2.17927666929
|104> O                       2.11149210819   -4.22689254917   -2.17999953492
|105> O                       4.22716844910    2.11166184362   -2.17984712561
|106> O                       4.22716598226   -2.11108878619   -2.18109151557
|107> O                      -2.11122225859   -4.22689146403   -2.18152521286
|108> O                       2.11099002689    4.22725671894   -2.18124289893
|109> O                      -4.22699763964    2.11180531403   -2.18180575481
|110> O                       0.00002442298   -4.22019127627   -4.28739139709
|111> O                      -4.22046910493    0.00030225164   -4.28739139709
|112> O                       4.22051795089    0.00030225164   -4.28739139709
|113> O                       0.00002442298    4.22079577955   -4.28739139709
|114> O                      -4.22719093525   -4.22759937489   -0.02871733359
|115> O                      -4.22761249855    4.22786373044   -0.02829910433
|116> O                       4.22841749683   -4.22759142896   -0.02843122739
|117> O                       4.22808047571    4.22818238822   -0.02832161443
|118> O                       0.00036194049    6.33137642797   -2.17585356912
|119> O                      -0.00001214612   -6.33165547217   -2.17603658483
|120> O                      -6.33141899895    0.00048671078   -2.17669916964
|121> O                       6.33181825713    0.00014772313   -2.17674640170
|122> O                      -6.33353765925   -2.11290491856   -0.02718220786
|123> O                      -2.11352889316   -6.33335675333   -0.02800310668
|124> O                      -6.33322951382    2.11406972313   -0.02763401522
|125> O                      -2.11291043714    6.33373864339   -0.02682412795
|126> O                       2.11368986427   -6.33355345651   -0.02714943575
|127> O                       2.11362450079    6.33365455614   -0.02732300452
|128> O                       6.33384739041    2.11389950146   -0.02712789919
|129> O                       6.33429829758   -2.11322358838   -0.02692967395
|130> Mg>    2.00000000000    0.00002442298   -2.10994451232   -4.28739139709
|131> NewECP
|132> N_core 0
|133> lmax f
|134> s 1
|135> 1      1.732000000   14.676000000 2
|136> p 1
|137> 1      1.115000000    5.175700000 2
|138> d 1
|139> 1      1.203000000   -1.816000000 2
|140> f 1
|141> 1      1.000000000    0.000000000 2
|142> end
|143> Mg>    2.00000000000   -2.11022234098    0.00030225164   -4.28739139709
|144> NewECP
|145> N_core 0
|146> lmax f
|147> s 1
|148> 1      1.732000000   14.676000000 2
|149> p 1
|150> 1      1.115000000    5.175700000 2
|151> d 1
|152> 1      1.203000000   -1.816000000 2
|153> f 1
|154> 1      1.000000000    0.000000000 2
|155> end
|156> Mg>    2.00000000000    2.11027118693    0.00030225164   -4.28739139709
|157> NewECP
|158> N_core 0
|159> lmax f
|160> s 1
|161> 1      1.732000000   14.676000000 2
|162> p 1
|163> 1      1.115000000    5.175700000 2
|164> d 1
|165> 1      1.203000000   -1.816000000 2
|166> f 1
|167> 1      1.000000000    0.000000000 2
|168> end
|169> Mg>    2.00000000000    0.00002442298    2.11054901559   -4.28739139709
|170> NewECP
|171> N_core 0
|172> lmax f
|173> s 1
|174> 1      1.732000000   14.676000000 2
|175> p 1
|176> 1      1.115000000    5.175700000 2
|177> d 1
|178> 1      1.203000000   -1.816000000 2
|179> f 1
|180> 1      1.000000000    0.000000000 2
|181> end
|182> Mg>    2.00000000000    0.00002442298    0.00030225164   -6.39763816104
|183> NewECP
|184> N_core 0
|185> lmax f
|186> s 1
|187> 1      1.732000000   14.676000000 2
|188> p 1
|189> 1      1.115000000    5.175700000 2
|190> d 1
|191> 1      1.203000000   -1.816000000 2
|192> f 1
|193> 1      1.000000000    0.000000000 2
|194> end
|195> Mg>    2.00000000000    2.11027118693   -4.22019127627   -4.28739139709
|196> NewECP
|197> N_core 0
|198> lmax f
|199> s 1
|200> 1      1.732000000   14.676000000 2
|201> p 1
|202> 1      1.115000000    5.175700000 2
|203> d 1
|204> 1      1.203000000   -1.816000000 2
|205> f 1
|206> 1      1.000000000    0.000000000 2
|207> end
|208> Mg>    2.00000000000   -2.11022234098   -4.22019127627   -4.28739139709
|209> NewECP
|210> N_core 0
|211> lmax f
|212> s 1
|213> 1      1.732000000   14.676000000 2
|214> p 1
|215> 1      1.115000000    5.175700000 2
|216> d 1
|217> 1      1.203000000   -1.816000000 2
|218> f 1
|219> 1      1.000000000    0.000000000 2
|220> end
|221> Mg>    2.00000000000    4.22051795089   -2.10994451232   -4.28739139709
|222> NewECP
|223> N_core 0
|224> lmax f
|225> s 1
|226> 1      1.732000000   14.676000000 2
|227> p 1
|228> 1      1.115000000    5.175700000 2
|229> d 1
|230> 1      1.203000000   -1.816000000 2
|231> f 1
|232> 1      1.000000000    0.000000000 2
|233> end
|234> Mg>    2.00000000000   -4.22046910493   -2.10994451232   -4.28739139709
|235> NewECP
|236> N_core 0
|237> lmax f
|238> s 1
|239> 1      1.732000000   14.676000000 2
|240> p 1
|241> 1      1.115000000    5.175700000 2
|242> d 1
|243> 1      1.203000000   -1.816000000 2
|244> f 1
|245> 1      1.000000000    0.000000000 2
|246> end
|247> Mg>    2.00000000000   -4.22046910493    2.11054901559   -4.28739139709
|248> NewECP
|249> N_core 0
|250> lmax f
|251> s 1
|252> 1      1.732000000   14.676000000 2
|253> p 1
|254> 1      1.115000000    5.175700000 2
|255> d 1
|256> 1      1.203000000   -1.816000000 2
|257> f 1
|258> 1      1.000000000    0.000000000 2
|259> end
|260> Mg>    2.00000000000    4.22051795089    2.11054901559   -4.28739139709
|261> NewECP
|262> N_core 0
|263> lmax f
|264> s 1
|265> 1      1.732000000   14.676000000 2
|266> p 1
|267> 1      1.115000000    5.175700000 2
|268> d 1
|269> 1      1.203000000   -1.816000000 2
|270> f 1
|271> 1      1.000000000    0.000000000 2
|272> end
|273> Mg>    2.00000000000   -2.11022234098    4.22079577955   -4.28739139709
|274> NewECP
|275> N_core 0
|276> lmax f
|277> s 1
|278> 1      1.732000000   14.676000000 2
|279> p 1
|280> 1      1.115000000    5.175700000 2
|281> d 1
|282> 1      1.203000000   -1.816000000 2
|283> f 1
|284> 1      1.000000000    0.000000000 2
|285> end
|286> Mg>    2.00000000000    2.11027118693    4.22079577955   -4.28739139709
|287> NewECP
|288> N_core 0
|289> lmax f
|290> s 1
|291> 1      1.732000000   14.676000000 2
|292> p 1
|293> 1      1.115000000    5.175700000 2
|294> d 1
|295> 1      1.203000000   -1.816000000 2
|296> f 1
|297> 1      1.000000000    0.000000000 2
|298> end
|299> Mg>    2.00000000000   -4.22091228891   -4.22018330715   -2.17560026317
|300> NewECP
|301> N_core 0
|302> lmax f
|303> s 1
|304> 1      1.732000000   14.676000000 2
|305> p 1
|306> 1      1.115000000    5.175700000 2
|307> d 1
|308> 1      1.203000000   -1.816000000 2
|309> f 1
|310> 1      1.000000000    0.000000000 2
|311> end
|312> Mg>    2.00000000000    4.22069861013   -4.22086919832   -2.17547471021
|313> NewECP
|314> N_core 0
|315> lmax f
|316> s 1
|317> 1      1.732000000   14.676000000 2
|318> p 1
|319> 1      1.115000000    5.175700000 2
|320> d 1
|321> 1      1.203000000   -1.816000000 2
|322> f 1
|323> 1      1.000000000    0.000000000 2
|324> end
|325> Mg>    2.00000000000   -4.22036711203    4.22190309637   -2.17540561068
|326> NewECP
|327> N_core 0
|328> lmax f
|329> s 1
|330> 1      1.732000000   14.676000000 2
|331> p 1
|332> 1      1.115000000    5.175700000 2
|333> d 1
|334> 1      1.203000000   -1.816000000 2
|335> f 1
|336> 1      1.000000000    0.000000000 2
|337> end
|338> Mg>    2.00000000000    4.22161375018    4.22058243905   -2.17543541896
|339> NewECP
|340> N_core 0
|341> lmax f
|342> s 1
|343> 1      1.732000000   14.676000000 2
|344> p 1
|345> 1      1.115000000    5.175700000 2
|346> d 1
|347> 1      1.203000000   -1.816000000 2
|348> f 1
|349> 1      1.000000000    0.000000000 2
|350> end
|351> Mg>    2.00000000000    0.00018460839   -6.33253034851   -0.08137506640
|352> NewECP
|353> N_core 0
|354> lmax f
|355> s 1
|356> 1      1.732000000   14.676000000 2
|357> p 1
|358> 1      1.115000000    5.175700000 2
|359> d 1
|360> 1      1.203000000   -1.816000000 2
|361> f 1
|362> 1      1.000000000    0.000000000 2
|363> end
|364> Mg>    2.00000000000   -6.33317979626    0.00050865818   -0.08114101353
|365> NewECP
|366> N_core 0
|367> lmax f
|368> s 1
|369> 1      1.732000000   14.676000000 2
|370> p 1
|371> 1      1.115000000    5.175700000 2
|372> d 1
|373> 1      1.203000000   -1.816000000 2
|374> f 1
|375> 1      1.000000000    0.000000000 2
|376> end
|377> Mg>    2.00000000000    6.33361600076    0.00012489685   -0.08096369158
|378> NewECP
|379> N_core 0
|380> lmax f
|381> s 1
|382> 1      1.732000000   14.676000000 2
|383> p 1
|384> 1      1.115000000    5.175700000 2
|385> d 1
|386> 1      1.203000000   -1.816000000 2
|387> f 1
|388> 1      1.000000000    0.000000000 2
|389> end
|390> Mg>    2.00000000000    0.00024613270    6.33396305538   -0.08037095796
|391> NewECP
|392> N_core 0
|393> lmax f
|394> s 1
|395> 1      1.732000000   14.676000000 2
|396> p 1
|397> 1      1.115000000    5.175700000 2
|398> d 1
|399> 1      1.203000000   -1.816000000 2
|400> f 1
|401> 1      1.000000000    0.000000000 2
|402> end
|403> Mg>    2.00000000000    2.11027118693   -2.10994451232   -6.39763816104
|404> NewECP
|405> N_core 0
|406> lmax f
|407> s 1
|408> 1      1.732000000   14.676000000 2
|409> p 1
|410> 1      1.115000000    5.175700000 2
|411> d 1
|412> 1      1.203000000   -1.816000000 2
|413> f 1
|414> 1      1.000000000    0.000000000 2
|415> end
|416> Mg>    2.00000000000   -2.11022234098   -2.10994451232   -6.39763816104
|417> NewECP
|418> N_core 0
|419> lmax f
|420> s 1
|421> 1      1.732000000   14.676000000 2
|422> p 1
|423> 1      1.115000000    5.175700000 2
|424> d 1
|425> 1      1.203000000   -1.816000000 2
|426> f 1
|427> 1      1.000000000    0.000000000 2
|428> end
|429> Mg>    2.00000000000   -2.11022234098    2.11054901559   -6.39763816104
|430> NewECP
|431> N_core 0
|432> lmax f
|433> s 1
|434> 1      1.732000000   14.676000000 2
|435> p 1
|436> 1      1.115000000    5.175700000 2
|437> d 1
|438> 1      1.203000000   -1.816000000 2
|439> f 1
|440> 1      1.000000000    0.000000000 2
|441> end
|442> Mg>    2.00000000000    2.11027118693    2.11054901559   -6.39763816104
|443> NewECP
|444> N_core 0
|445> lmax f
|446> s 1
|447> 1      1.732000000   14.676000000 2
|448> p 1
|449> 1      1.115000000    5.175700000 2
|450> d 1
|451> 1      1.203000000   -1.816000000 2
|452> f 1
|453> 1      1.000000000    0.000000000 2
|454> end
|455> Mg>    2.00000000000    2.10986443814   -6.33062896047   -2.17426328190
|456> NewECP
|457> N_core 0
|458> lmax f
|459> s 1
|460> 1      1.732000000   14.676000000 2
|461> p 1
|462> 1      1.115000000    5.175700000 2
|463> d 1
|464> 1      1.203000000   -1.816000000 2
|465> f 1
|466> 1      1.000000000    0.000000000 2
|467> end
|468> Mg>    2.00000000000   -6.33072466177   -2.10984501733   -2.17422765962
|469> NewECP
|470> N_core 0
|471> lmax f
|472> s 1
|473> 1      1.732000000   14.676000000 2
|474> p 1
|475> 1      1.115000000    5.175700000 2
|476> d 1
|477> 1      1.203000000   -1.816000000 2
|478> f 1
|479> 1      1.000000000    0.000000000 2
|480> end
|481> Mg>    2.00000000000   -2.11000313669    6.33130531395   -2.17408641115
|482> NewECP
|483> N_core 0
|484> lmax f
|485> s 1
|486> 1      1.732000000   14.676000000 2
|487> p 1
|488> 1      1.115000000    5.175700000 2
|489> d 1
|490> 1      1.203000000   -1.816000000 2
|491> f 1
|492> 1      1.000000000    0.000000000 2
|493> end
|494> Mg>    2.00000000000    6.33117771539    2.11024275263   -2.17430101527
|495> NewECP
|496> N_core 0
|497> lmax f
|498> s 1
|499> 1      1.732000000   14.676000000 2
|500> p 1
|501> 1      1.115000000    5.175700000 2
|502> d 1
|503> 1      1.203000000   -1.816000000 2
|504> f 1
|505> 1      1.000000000    0.000000000 2
|506> end
|507> Mg>    2.00000000000   -2.10976283091   -6.33111374858   -2.17496544967
|508> NewECP
|509> N_core 0
|510> lmax f
|511> s 1
|512> 1      1.732000000   14.676000000 2
|513> p 1
|514> 1      1.115000000    5.175700000 2
|515> d 1
|516> 1      1.203000000   -1.816000000 2
|517> f 1
|518> 1      1.000000000    0.000000000 2
|519> end
|520> Mg>    2.00000000000    6.33177684614   -2.10998016584   -2.17488032241
|521> NewECP
|522> N_core 0
|523> lmax f
|524> s 1
|525> 1      1.732000000   14.676000000 2
|526> p 1
|527> 1      1.115000000    5.175700000 2
|528> d 1
|529> 1      1.203000000   -1.816000000 2
|530> f 1
|531> 1      1.000000000    0.000000000 2
|532> end
|533> Mg>    2.00000000000   -6.33173606206    2.11072933066   -2.17494495899
|534> NewECP
|535> N_core 0
|536> lmax f
|537> s 1
|538> 1      1.732000000   14.676000000 2
|539> p 1
|540> 1      1.115000000    5.175700000 2
|541> d 1
|542> 1      1.203000000   -1.816000000 2
|543> f 1
|544> 1      1.000000000    0.000000000 2
|545> end
|546> Mg>    2.00000000000    2.11060642753    6.33208095412   -2.17485161961
|547> NewECP
|548> N_core 0
|549> lmax f
|550> s 1
|551> 1      1.732000000   14.676000000 2
|552> p 1
|553> 1      1.115000000    5.175700000 2
|554> d 1
|555> 1      1.203000000   -1.816000000 2
|556> f 1
|557> 1      1.000000000    0.000000000 2
|558> end
|559> Mg>    2.00000000000    0.00002442298   -4.22019127627   -6.39763816104
|560> NewECP
|561> N_core 0
|562> lmax f
|563> s 1
|564> 1      1.732000000   14.676000000 2
|565> p 1
|566> 1      1.115000000    5.175700000 2
|567> d 1
|568> 1      1.203000000   -1.816000000 2
|569> f 1
|570> 1      1.000000000    0.000000000 2
|571> end
|572> Mg>    2.00000000000   -4.22046910493    0.00030225164   -6.39763816104
|573> NewECP
|574> N_core 0
|575> lmax f
|576> s 1
|577> 1      1.732000000   14.676000000 2
|578> p 1
|579> 1      1.115000000    5.175700000 2
|580> d 1
|581> 1      1.203000000   -1.816000000 2
|582> f 1
|583> 1      1.000000000    0.000000000 2
|584> end
|585> Mg>    2.00000000000    4.22051795089    0.00030225164   -6.39763816104
|586> NewECP
|587> N_core 0
|588> lmax f
|589> s 1
|590> 1      1.732000000   14.676000000 2
|591> p 1
|592> 1      1.115000000    5.175700000 2
|593> d 1
|594> 1      1.203000000   -1.816000000 2
|595> f 1
|596> 1      1.000000000    0.000000000 2
|597> end
|598> Mg>    2.00000000000    0.00002442298    4.22079577955   -6.39763816104
|599> NewECP
|600> N_core 0
|601> lmax f
|602> s 1
|603> 1      1.732000000   14.676000000 2
|604> p 1
|605> 1      1.115000000    5.175700000 2
|606> d 1
|607> 1      1.203000000   -1.816000000 2
|608> f 1
|609> 1      1.000000000    0.000000000 2
|610> end
|611> Mg>    2.00000000000    0.00002442298   -6.33043804023   -4.28739139709
|612> NewECP
|613> N_core 0
|614> lmax f
|615> s 1
|616> 1      1.732000000   14.676000000 2
|617> p 1
|618> 1      1.115000000    5.175700000 2
|619> d 1
|620> 1      1.203000000   -1.816000000 2
|621> f 1
|622> 1      1.000000000    0.000000000 2
|623> end
|624> Mg>    2.00000000000   -6.33071586888    0.00030225164   -4.28739139709
|625> NewECP
|626> N_core 0
|627> lmax f
|628> s 1
|629> 1      1.732000000   14.676000000 2
|630> p 1
|631> 1      1.115000000    5.175700000 2
|632> d 1
|633> 1      1.203000000   -1.816000000 2
|634> f 1
|635> 1      1.000000000    0.000000000 2
|636> end
|637> Mg>    2.00000000000    6.33076471484    0.00030225164   -4.28739139709
|638> NewECP
|639> N_core 0
|640> lmax f
|641> s 1
|642> 1      1.732000000   14.676000000 2
|643> p 1
|644> 1      1.115000000    5.175700000 2
|645> d 1
|646> 1      1.203000000   -1.816000000 2
|647> f 1
|648> 1      1.000000000    0.000000000 2
|649> end
|650> Mg>    2.00000000000    0.00002442298    6.33104254350   -4.28739139709
|651> NewECP
|652> N_core 0
|653> lmax f
|654> s 1
|655> 1      1.732000000   14.676000000 2
|656> p 1
|657> 1      1.115000000    5.175700000 2
|658> d 1
|659> 1      1.203000000   -1.816000000 2
|660> f 1
|661> 1      1.000000000    0.000000000 2
|662> end
|663> Mg>    2.00000000000   -6.33168424956   -4.22262899559   -0.08086226091
|664> NewECP
|665> N_core 0
|666> lmax f
|667> s 1
|668> 1      1.732000000   14.676000000 2
|669> p 1
|670> 1      1.115000000    5.175700000 2
|671> d 1
|672> 1      1.203000000   -1.816000000 2
|673> f 1
|674> 1      1.000000000    0.000000000 2
|675> end
|676> Mg>    2.00000000000   -4.22267700146   -6.33175187352   -0.08124574796
|677> NewECP
|678> N_core 0
|679> lmax f
|680> s 1
|681> 1      1.732000000   14.676000000 2
|682> p 1
|683> 1      1.115000000    5.175700000 2
|684> d 1
|685> 1      1.203000000   -1.816000000 2
|686> f 1
|687> 1      1.000000000    0.000000000 2
|688> end
|689> Mg>    2.00000000000    4.22309990306   -6.33182958274   -0.08098086217
|690> NewECP
|691> N_core 0
|692> lmax f
|693> s 1
|694> 1      1.732000000   14.676000000 2
|695> p 1
|696> 1      1.115000000    5.175700000 2
|697> d 1
|698> 1      1.203000000   -1.816000000 2
|699> f 1
|700> 1      1.000000000    0.000000000 2
|701> end
|702> Mg>    2.00000000000   -4.22238590852    6.33275717940   -0.08045631466
|703> NewECP
|704> N_core 0
|705> lmax f
|706> s 1
|707> 1      1.732000000   14.676000000 2
|708> p 1
|709> 1      1.115000000    5.175700000 2
|710> d 1
|711> 1      1.203000000   -1.816000000 2
|712> f 1
|713> 1      1.000000000    0.000000000 2
|714> end
|715> Mg>    2.00000000000   -6.33206038096    4.22354664093   -0.08041955862
|716> NewECP
|717> N_core 0
|718> lmax f
|719> s 1
|720> 1      1.732000000   14.676000000 2
|721> p 1
|722> 1      1.115000000    5.175700000 2
|723> d 1
|724> 1      1.203000000   -1.816000000 2
|725> f 1
|726> 1      1.000000000    0.000000000 2
|727> end
|728> Mg>    2.00000000000    6.33255069751   -4.22278256571   -0.08078999317
|729> NewECP
|730> N_core 0
|731> lmax f
|732> s 1
|733> 1      1.732000000   14.676000000 2
|734> p 1
|735> 1      1.115000000    5.175700000 2
|736> d 1
|737> 1      1.203000000   -1.816000000 2
|738> f 1
|739> 1      1.000000000    0.000000000 2
|740> end
|741> Mg>    2.00000000000    6.33249205517    4.22322231266   -0.08046302131
|742> NewECP
|743> N_core 0
|744> lmax f
|745> s 1
|746> 1      1.732000000   14.676000000 2
|747> p 1
|748> 1      1.115000000    5.175700000 2
|749> d 1
|750> 1      1.203000000   -1.816000000 2
|751> f 1
|752> 1      1.000000000    0.000000000 2
|753> end
|754> Mg>    2.00000000000    4.22361632789    6.33271615572   -0.08064510434
|755> NewECP
|756> N_core 0
|757> lmax f
|758> s 1
|759> 1      1.732000000   14.676000000 2
|760> p 1
|761> 1      1.115000000    5.175700000 2
|762> d 1
|763> 1      1.203000000   -1.816000000 2
|764> f 1
|765> 1      1.000000000    0.000000000 2
|766> end
|767> Mg>    2.00000000000    4.22051795089   -4.22019127627   -6.39763816104
|768> NewECP
|769> N_core 0
|770> lmax f
|771> s 1
|772> 1      1.732000000   14.676000000 2
|773> p 1
|774> 1      1.115000000    5.175700000 2
|775> d 1
|776> 1      1.203000000   -1.816000000 2
|777> f 1
|778> 1      1.000000000    0.000000000 2
|779> end
|780> Mg>    2.00000000000   -4.22046910493   -4.22019127627   -6.39763816104
|781> NewECP
|782> N_core 0
|783> lmax f
|784> s 1
|785> 1      1.732000000   14.676000000 2
|786> p 1
|787> 1      1.115000000    5.175700000 2
|788> d 1
|789> 1      1.203000000   -1.816000000 2
|790> f 1
|791> 1      1.000000000    0.000000000 2
|792> end
|793> Mg>    2.00000000000   -4.22046910493    4.22079577955   -6.39763816104
|794> NewECP
|795> N_core 0
|796> lmax f
|797> s 1
|798> 1      1.732000000   14.676000000 2
|799> p 1
|800> 1      1.115000000    5.175700000 2
|801> d 1
|802> 1      1.203000000   -1.816000000 2
|803> f 1
|804> 1      1.000000000    0.000000000 2
|805> end
|806> Mg>    2.00000000000    4.22051795089    4.22079577955   -6.39763816104
|807> NewECP
|808> N_core 0
|809> lmax f
|810> s 1
|811> 1      1.732000000   14.676000000 2
|812> p 1
|813> 1      1.115000000    5.175700000 2
|814> d 1
|815> 1      1.203000000   -1.816000000 2
|816> f 1
|817> 1      1.000000000    0.000000000 2
|818> end
|819> Mg>    2.00000000000    4.22051795089   -6.33043804023   -4.28739139709
|820> NewECP
|821> N_core 0
|822> lmax f
|823> s 1
|824> 1      1.732000000   14.676000000 2
|825> p 1
|826> 1      1.115000000    5.175700000 2
|827> d 1
|828> 1      1.203000000   -1.816000000 2
|829> f 1
|830> 1      1.000000000    0.000000000 2
|831> end
|832> Mg>    2.00000000000   -4.22046910493   -6.33043804023   -4.28739139709
|833> NewECP
|834> N_core 0
|835> lmax f
|836> s 1
|837> 1      1.732000000   14.676000000 2
|838> p 1
|839> 1      1.115000000    5.175700000 2
|840> d 1
|841> 1      1.203000000   -1.816000000 2
|842> f 1
|843> 1      1.000000000    0.000000000 2
|844> end
|845> Mg>    2.00000000000    6.33076471484   -4.22019127627   -4.28739139709
|846> NewECP
|847> N_core 0
|848> lmax f
|849> s 1
|850> 1      1.732000000   14.676000000 2
|851> p 1
|852> 1      1.115000000    5.175700000 2
|853> d 1
|854> 1      1.203000000   -1.816000000 2
|855> f 1
|856> 1      1.000000000    0.000000000 2
|857> end
|858> Mg>    2.00000000000   -6.33071586888   -4.22019127627   -4.28739139709
|859> NewECP
|860> N_core 0
|861> lmax f
|862> s 1
|863> 1      1.732000000   14.676000000 2
|864> p 1
|865> 1      1.115000000    5.175700000 2
|866> d 1
|867> 1      1.203000000   -1.816000000 2
|868> f 1
|869> 1      1.000000000    0.000000000 2
|870> end
|871> Mg>    2.00000000000   -6.33071586888    4.22079577955   -4.28739139709
|872> NewECP
|873> N_core 0
|874> lmax f
|875> s 1
|876> 1      1.732000000   14.676000000 2
|877> p 1
|878> 1      1.115000000    5.175700000 2
|879> d 1
|880> 1      1.203000000   -1.816000000 2
|881> f 1
|882> 1      1.000000000    0.000000000 2
|883> end
|884> Mg>    2.00000000000   -4.22046910493    6.33104254350   -4.28739139709
|885> NewECP
|886> N_core 0
|887> lmax f
|888> s 1
|889> 1      1.732000000   14.676000000 2
|890> p 1
|891> 1      1.115000000    5.175700000 2
|892> d 1
|893> 1      1.203000000   -1.816000000 2
|894> f 1
|895> 1      1.000000000    0.000000000 2
|896> end
|897> Mg>    2.00000000000    6.33076471484    4.22079577955   -4.28739139709
|898> NewECP
|899> N_core 0
|900> lmax f
|901> s 1
|902> 1      1.732000000   14.676000000 2
|903> p 1
|904> 1      1.115000000    5.175700000 2
|905> d 1
|906> 1      1.203000000   -1.816000000 2
|907> f 1
|908> 1      1.000000000    0.000000000 2
|909> end
|910> Mg>    2.00000000000    4.22051795089    6.33104254350   -4.28739139709
|911> NewECP
|912> N_core 0
|913> lmax f
|914> s 1
|915> 1      1.732000000   14.676000000 2
|916> p 1
|917> 1      1.115000000    5.175700000 2
|918> d 1
|919> 1      1.203000000   -1.816000000 2
|920> f 1
|921> 1      1.000000000    0.000000000 2
|922> end
|923> Mg>    2.00000000000    0.00023715938   -8.44043098057   -2.17311584389
|924> NewECP
|925> N_core 0
|926> lmax f
|927> s 1
|928> 1      1.732000000   14.676000000 2
|929> p 1
|930> 1      1.115000000    5.175700000 2
|931> d 1
|932> 1      1.203000000   -1.816000000 2
|933> f 1
|934> 1      1.000000000    0.000000000 2
|935> end
|936> Mg>    2.00000000000   -8.44094605231    0.00045095589   -2.17319618921
|937> NewECP
|938> N_core 0
|939> lmax f
|940> s 1
|941> 1      1.732000000   14.676000000 2
|942> p 1
|943> 1      1.115000000    5.175700000 2
|944> d 1
|945> 1      1.203000000   -1.816000000 2
|946> f 1
|947> 1      1.000000000    0.000000000 2
|948> end
|949> Mg>    2.00000000000    8.44102805932    0.00045095589   -2.17319618921
|950> NewECP
|951> N_core 0
|952> lmax f
|953> s 1
|954> 1      1.732000000   14.676000000 2
|955> p 1
|956> 1      1.115000000    5.175700000 2
|957> d 1
|958> 1      1.203000000   -1.816000000 2
|959> f 1
|960> 1      1.000000000    0.000000000 2
|961> end
|962> Mg>    2.00000000000    0.00023715938    8.44154313107   -2.17311584389
|963> NewECP
|964> N_core 0
|965> lmax f
|966> s 1
|967> 1      1.732000000   14.676000000 2
|968> p 1
|969> 1      1.115000000    5.175700000 2
|970> d 1
|971> 1      1.203000000   -1.816000000 2
|972> f 1
|973> 1      1.000000000    0.000000000 2
|974> end
|975> Mg>    2.00000000000    2.11259853891   -8.44025994270   -0.08014597788
|976> NewECP
|977> N_core 0
|978> lmax f
|979> s 1
|980> 1      1.732000000   14.676000000 2
|981> p 1
|982> 1      1.115000000    5.175700000 2
|983> d 1
|984> 1      1.203000000   -1.816000000 2
|985> f 1
|986> 1      1.000000000    0.000000000 2
|987> end
|988> Mg>    2.00000000000   -8.44036749352   -2.11199372724   -0.08013516129
|989> NewECP
|990> N_core 0
|991> lmax f
|992> s 1
|993> 1      1.732000000   14.676000000 2
|994> p 1
|995> 1      1.115000000    5.175700000 2
|996> d 1
|997> 1      1.203000000   -1.816000000 2
|998> f 1
|999> 1      1.000000000    0.000000000 2
|1000> end
|1001> Mg>    2.00000000000   -2.11202289367   -8.44069891757   -0.08028132117
|1002> NewECP
|1003> N_core 0
|1004> lmax f
|1005> s 1
|1006> 1      1.732000000   14.676000000 2
|1007> p 1
|1008> 1      1.115000000    5.175700000 2
|1009> d 1
|1010> 1      1.203000000   -1.816000000 2
|1011> f 1
|1012> 1      1.000000000    0.000000000 2
|1013> end
|1014> Mg>    2.00000000000    8.44088640116    2.11295874955   -0.08035064568
|1015> NewECP
|1016> N_core 0
|1017> lmax f
|1018> s 1
|1019> 1      1.732000000   14.676000000 2
|1020> p 1
|1021> 1      1.115000000    5.175700000 2
|1022> d 1
|1023> 1      1.203000000   -1.816000000 2
|1024> f 1
|1025> 1      1.000000000    0.000000000 2
|1026> end
|1027> Mg>    2.00000000000   -2.11202289367    8.44127519406   -0.08028132117
|1028> NewECP
|1029> N_core 0
|1030> lmax f
|1031> s 1
|1032> 1      1.732000000   14.676000000 2
|1033> p 1
|1034> 1      1.115000000    5.175700000 2
|1035> d 1
|1036> 1      1.203000000   -1.816000000 2
|1037> f 1
|1038> 1      1.000000000    0.000000000 2
|1039> end
|1040> Mg>    2.00000000000   -8.44108771048    2.11295874955   -0.08035064568
|1041> NewECP
|1042> N_core 0
|1043> lmax f
|1044> s 1
|1045> 1      1.732000000   14.676000000 2
|1046> p 1
|1047> 1      1.115000000    5.175700000 2
|1048> d 1
|1049> 1      1.203000000   -1.816000000 2
|1050> f 1
|1051> 1      1.000000000    0.000000000 2
|1052> end
|1053> Mg>    2.00000000000    8.44160661812   -2.11199372724   -0.08013516129
|1054> NewECP
|1055> N_core 0
|1056> lmax f
|1057> s 1
|1058> 1      1.732000000   14.676000000 2
|1059> p 1
|1060> 1      1.115000000    5.175700000 2
|1061> d 1
|1062> 1      1.203000000   -1.816000000 2
|1063> f 1
|1064> 1      1.000000000    0.000000000 2
|1065> end
|1066> Mg>    2.00000000000    2.11259853891    8.44171416893   -0.08014597788
|1067> NewECP
|1068> N_core 0
|1069> lmax f
|1070> s 1
|1071> 1      1.732000000   14.676000000 2
|1072> p 1
|1073> 1      1.115000000    5.175700000 2
|1074> d 1
|1075> 1      1.203000000   -1.816000000 2
|1076> f 1
|1077> 1      1.000000000    0.000000000 2
|1078> end
|1079> Mg>    2.00000000000    2.11027118693   -6.33043804023   -6.39763816104
|1080> NewECP
|1081> N_core 0
|1082> lmax f
|1083> s 1
|1084> 1      1.732000000   14.676000000 2
|1085> p 1
|1086> 1      1.115000000    5.175700000 2
|1087> d 1
|1088> 1      1.203000000   -1.816000000 2
|1089> f 1
|1090> 1      1.000000000    0.000000000 2
|1091> end
|1092> Mg>    2.00000000000   -2.11022234098   -6.33043804023   -6.39763816104
|1093> NewECP
|1094> N_core 0
|1095> lmax f
|1096> s 1
|1097> 1      1.732000000   14.676000000 2
|1098> p 1
|1099> 1      1.115000000    5.175700000 2
|1100> d 1
|1101> 1      1.203000000   -1.816000000 2
|1102> f 1
|1103> 1      1.000000000    0.000000000 2
|1104> end
|1105> Mg>    2.00000000000    6.33076471484   -2.10994451232   -6.39763816104
|1106> NewECP
|1107> N_core 0
|1108> lmax f
|1109> s 1
|1110> 1      1.732000000   14.676000000 2
|1111> p 1
|1112> 1      1.115000000    5.175700000 2
|1113> d 1
|1114> 1      1.203000000   -1.816000000 2
|1115> f 1
|1116> 1      1.000000000    0.000000000 2
|1117> end
|1118> Mg>    2.00000000000   -6.33071586888   -2.10994451232   -6.39763816104
|1119> NewECP
|1120> N_core 0
|1121> lmax f
|1122> s 1
|1123> 1      1.732000000   14.676000000 2
|1124> p 1
|1125> 1      1.115000000    5.175700000 2
|1126> d 1
|1127> 1      1.203000000   -1.816000000 2
|1128> f 1
|1129> 1      1.000000000    0.000000000 2
|1130> end
|1131> Mg>    2.00000000000   -6.33071586888    2.11054901559   -6.39763816104
|1132> NewECP
|1133> N_core 0
|1134> lmax f
|1135> s 1
|1136> 1      1.732000000   14.676000000 2
|1137> p 1
|1138> 1      1.115000000    5.175700000 2
|1139> d 1
|1140> 1      1.203000000   -1.816000000 2
|1141> f 1
|1142> 1      1.000000000    0.000000000 2
|1143> end
|1144> Mg>    2.00000000000    6.33076471484    2.11054901559   -6.39763816104
|1145> NewECP
|1146> N_core 0
|1147> lmax f
|1148> s 1
|1149> 1      1.732000000   14.676000000 2
|1150> p 1
|1151> 1      1.115000000    5.175700000 2
|1152> d 1
|1153> 1      1.203000000   -1.816000000 2
|1154> f 1
|1155> 1      1.000000000    0.000000000 2
|1156> end
|1157> Mg>    2.00000000000   -2.11022234098    6.33104254350   -6.39763816104
|1158> NewECP
|1159> N_core 0
|1160> lmax f
|1161> s 1
|1162> 1      1.732000000   14.676000000 2
|1163> p 1
|1164> 1      1.115000000    5.175700000 2
|1165> d 1
|1166> 1      1.203000000   -1.816000000 2
|1167> f 1
|1168> 1      1.000000000    0.000000000 2
|1169> end
|1170> Mg>    2.00000000000    2.11027118693    6.33104254350   -6.39763816104
|1171> NewECP
|1172> N_core 0
|1173> lmax f
|1174> s 1
|1175> 1      1.732000000   14.676000000 2
|1176> p 1
|1177> 1      1.115000000    5.175700000 2
|1178> d 1
|1179> 1      1.203000000   -1.816000000 2
|1180> f 1
|1181> 1      1.000000000    0.000000000 2
|1182> end
|1183> Mg>    2.00000000000   -6.33106828156   -6.33091137777   -2.17342147835
|1184> NewECP
|1185> N_core 0
|1186> lmax f
|1187> s 1
|1188> 1      1.732000000   14.676000000 2
|1189> p 1
|1190> 1      1.115000000    5.175700000 2
|1191> d 1
|1192> 1      1.203000000   -1.816000000 2
|1193> f 1
|1194> 1      1.000000000    0.000000000 2
|1195> end
|1196> Mg>    2.00000000000    6.33163534402   -6.33074627704   -2.17317838482
|1197> NewECP
|1198> N_core 0
|1199> lmax f
|1200> s 1
|1201> 1      1.732000000   14.676000000 2
|1202> p 1
|1203> 1      1.115000000    5.175700000 2
|1204> d 1
|1205> 1      1.203000000   -1.816000000 2
|1206> f 1
|1207> 1      1.000000000    0.000000000 2
|1208> end
|1209> Mg>    2.00000000000   -6.33077824255    6.33183075382   -2.17314929593
|1210> NewECP
|1211> N_core 0
|1212> lmax f
|1213> s 1
|1214> 1      1.732000000   14.676000000 2
|1215> p 1
|1216> 1      1.115000000    5.175700000 2
|1217> d 1
|1218> 1      1.203000000   -1.816000000 2
|1219> f 1
|1220> 1      1.000000000    0.000000000 2
|1221> end
|1222> Mg>    2.00000000000    6.33161468250    6.33158264150   -2.17306736815
|1223> NewECP
|1224> N_core 0
|1225> lmax f
|1226> s 1
|1227> 1      1.732000000   14.676000000 2
|1228> p 1
|1229> 1      1.115000000    5.175700000 2
|1230> d 1
|1231> 1      1.203000000   -1.816000000 2
|1232> f 1
|1233> 1      1.000000000    0.000000000 2
|1234> end
|1235> Mg>    2.00000000000    2.11027118693   -8.44068480418   -4.28739139709
|1236> NewECP
|1237> N_core 0
|1238> lmax f
|1239> s 1
|1240> 1      1.732000000   14.676000000 2
|1241> p 1
|1242> 1      1.115000000    5.175700000 2
|1243> d 1
|1244> 1      1.203000000   -1.816000000 2
|1245> f 1
|1246> 1      1.000000000    0.000000000 2
|1247> end
|1248> Mg>    2.00000000000   -2.11022234098   -8.44068480418   -4.28739139709
|1249> NewECP
|1250> N_core 0
|1251> lmax f
|1252> s 1
|1253> 1      1.732000000   14.676000000 2
|1254> p 1
|1255> 1      1.115000000    5.175700000 2
|1256> d 1
|1257> 1      1.203000000   -1.816000000 2
|1258> f 1
|1259> 1      1.000000000    0.000000000 2
|1260> end
|1261> Mg>    2.00000000000    8.44101147880   -2.10994451232   -4.28739139709
|1262> NewECP
|1263> N_core 0
|1264> lmax f
|1265> s 1
|1266> 1      1.732000000   14.676000000 2
|1267> p 1
|1268> 1      1.115000000    5.175700000 2
|1269> d 1
|1270> 1      1.203000000   -1.816000000 2
|1271> f 1
|1272> 1      1.000000000    0.000000000 2
|1273> end
|1274> Mg>    2.00000000000   -8.44096263284   -2.10994451232   -4.28739139709
|1275> NewECP
|1276> N_core 0
|1277> lmax f
|1278> s 1
|1279> 1      1.732000000   14.676000000 2
|1280> p 1
|1281> 1      1.115000000    5.175700000 2
|1282> d 1
|1283> 1      1.203000000   -1.816000000 2
|1284> f 1
|1285> 1      1.000000000    0.000000000 2
|1286> end
|1287> Mg>    2.00000000000   -8.44096263284    2.11054901559   -4.28739139709
|1288> NewECP
|1289> N_core 0
|1290> lmax f
|1291> s 1
|1292> 1      1.732000000   14.676000000 2
|1293> p 1
|1294> 1      1.115000000    5.175700000 2
|1295> d 1
|1296> 1      1.203000000   -1.816000000 2
|1297> f 1
|1298> 1      1.000000000    0.000000000 2
|1299> end
|1300> Mg>    2.00000000000    8.44101147880    2.11054901559   -4.28739139709
|1301> NewECP
|1302> N_core 0
|1303> lmax f
|1304> s 1
|1305> 1      1.732000000   14.676000000 2
|1306> p 1
|1307> 1      1.115000000    5.175700000 2
|1308> d 1
|1309> 1      1.203000000   -1.816000000 2
|1310> f 1
|1311> 1      1.000000000    0.000000000 2
|1312> end
|1313> Mg>    2.00000000000   -2.11022234098    8.44128930745   -4.28739139709
|1314> NewECP
|1315> N_core 0
|1316> lmax f
|1317> s 1
|1318> 1      1.732000000   14.676000000 2
|1319> p 1
|1320> 1      1.115000000    5.175700000 2
|1321> d 1
|1322> 1      1.203000000   -1.816000000 2
|1323> f 1
|1324> 1      1.000000000    0.000000000 2
|1325> end
|1326> Mg>    2.00000000000    2.11027118693    8.44128930745   -4.28739139709
|1327> NewECP
|1328> N_core 0
|1329> lmax f
|1330> s 1
|1331> 1      1.732000000   14.676000000 2
|1332> p 1
|1333> 1      1.115000000    5.175700000 2
|1334> d 1
|1335> 1      1.203000000   -1.816000000 2
|1336> f 1
|1337> 1      1.000000000    0.000000000 2
|1338> end
|1339> Mg>    2.00000000000   -4.22117446914   -8.44057502002   -2.17361741095
|1340> NewECP
|1341> N_core 0
|1342> lmax f
|1343> s 1
|1344> 1      1.732000000   14.676000000 2
|1345> p 1
|1346> 1      1.115000000    5.175700000 2
|1347> d 1
|1348> 1      1.203000000   -1.816000000 2
|1349> f 1
|1350> 1      1.000000000    0.000000000 2
|1351> end
|1352> Mg>    2.00000000000    4.22152633104   -8.44053122600   -2.17341013268
|1353> NewECP
|1354> N_core 0
|1355> lmax f
|1356> s 1
|1357> 1      1.732000000   14.676000000 2
|1358> p 1
|1359> 1      1.115000000    5.175700000 2
|1360> d 1
|1361> 1      1.203000000   -1.816000000 2
|1362> f 1
|1363> 1      1.000000000    0.000000000 2
|1364> end
|1365> Mg>    2.00000000000   -8.44083569390   -4.22100780445   -2.17352105220
|1366> NewECP
|1367> N_core 0
|1368> lmax f
|1369> s 1
|1370> 1      1.732000000   14.676000000 2
|1371> p 1
|1372> 1      1.115000000    5.175700000 2
|1373> d 1
|1374> 1      1.203000000   -1.816000000 2
|1375> f 1
|1376> 1      1.000000000    0.000000000 2
|1377> end
|1378> Mg>    2.00000000000   -8.44069039234    4.22177204117   -2.17352224609
|1379> NewECP
|1380> N_core 0
|1381> lmax f
|1382> s 1
|1383> 1      1.732000000   14.676000000 2
|1384> p 1
|1385> 1      1.115000000    5.175700000 2
|1386> d 1
|1387> 1      1.203000000   -1.816000000 2
|1388> f 1
|1389> 1      1.000000000    0.000000000 2
|1390> end
|1391> Mg>    2.00000000000    8.44113841773   -4.22100780445   -2.17352105220
|1392> NewECP
|1393> N_core 0
|1394> lmax f
|1395> s 1
|1396> 1      1.732000000   14.676000000 2
|1397> p 1
|1398> 1      1.115000000    5.175700000 2
|1399> d 1
|1400> 1      1.203000000   -1.816000000 2
|1401> f 1
|1402> 1      1.000000000    0.000000000 2
|1403> end
|1404> Mg>    2.00000000000   -4.22117446914    8.44139909162   -2.17361741095
|1405> NewECP
|1406> N_core 0
|1407> lmax f
|1408> s 1
|1409> 1      1.732000000   14.676000000 2
|1410> p 1
|1411> 1      1.115000000    5.175700000 2
|1412> d 1
|1413> 1      1.203000000   -1.816000000 2
|1414> f 1
|1415> 1      1.000000000    0.000000000 2
|1416> end
|1417> Mg>    2.00000000000    4.22152633104    8.44144288563   -2.17341013268
|1418> NewECP
|1419> N_core 0
|1420> lmax f
|1421> s 1
|1422> 1      1.732000000   14.676000000 2
|1423> p 1
|1424> 1      1.115000000    5.175700000 2
|1425> d 1
|1426> 1      1.203000000   -1.816000000 2
|1427> f 1
|1428> 1      1.000000000    0.000000000 2
|1429> end
|1430> Mg>    2.00000000000    8.44128371929    4.22177204117   -2.17352224609
|1431> NewECP
|1432> N_core 0
|1433> lmax f
|1434> s 1
|1435> 1      1.732000000   14.676000000 2
|1436> p 1
|1437> 1      1.115000000    5.175700000 2
|1438> d 1
|1439> 1      1.203000000   -1.816000000 2
|1440> f 1
|1441> 1      1.000000000    0.000000000 2
|1442> end
|1443>   end
|1444> endd                         ****END OF INPUT****
================================================================================
----------------
TOTAL SCF ENERGY
----------------

Total Energy       :        -8536.41330721 Eh         -232287.61536 eV

Components:
Nuclear Repulsion  :        21779.18889127 Eh          592641.85906 eV
Electronic Energy  :       -30315.60219848 Eh         -824929.47442 eV
One Electron Energy:       -56051.52470947 Eh        -1525239.52902 eV
Two Electron Energy:        25735.92251100 Eh          700310.05460 eV
Max COSX asymmetry :            0.00020737 Eh               0.00564 eV

Virial components:
Potential Energy   :       -16178.58137472 Eh         -440241.58066 eV
Kinetic Energy     :         7642.16806751 Eh          207953.96529 eV
Virial Ratio       :            2.11701460

--------------------Output has been truncated-------------------------


--------------------Output has been truncated-------------------------


--------------------Output has been truncated-------------------------


--------------------Output has been truncated-------------------------


--------------------Output has been truncated-------------------------


--------------------Output has been truncated-------------------------


--------------------Output has been truncated-------------------------


--------------------Output has been truncated-------------------------


--------------------Output has been truncated-------------------------


--------------------Output has been truncated-------------------------


-----------------------------------------------
 RI-MP2 CORRELATION ENERGY:    -13.148211936 Eh
-----------------------------------------------
---------------------------------------
MP2 TOTAL ENERGY:    -8549.561519142 Eh
---------------------------------------

Maximum memory used throughout the entire MP2-calculation: 6601.8 MB

-------------------------   --------------------
FINAL SINGLE POINT ENERGY     -8549.561519142488
-------------------------   --------------------
