 **********************************************************************
                          MRCC program system
 **********************************************************************
 
                              Written by
     Mihaly Kallay, Peter R. Nagy, David Mester, Laszlo Gyevi-Nagy,
        Jozsef Csoka, P. Bernat Szabo, Zoltan Rolik, Gyula Samu,
     Jozsef Csontos, Bence Hegely, Adam Ganyecz, Istvan Ladjanszki,
       Lorant Szegedy, Bence Ladoczki, Klara Petrov, Mate Farkas,
                    Pal D. Mezei, and Reka A. Horvath
 
        Department of Physical Chemistry and Materials Science
            Budapest University of Technology and Economics
                  Budapest P.O.Box 91, H-1521 Hungary
 
                              www.mrcc.hu
 
                      Release date: March 18, 2022

 ************************ 2023-02-05 13:24:45 *************************
 Executing minp...

 Reading input from MINP...
 
 Input file:
 
calc=FNO-CCSD(T)
verbosity=3
mem=220GB
unit=angs
scfiguess=small
scfalg=locfit1
ccmaxit=400
ccsdalg=dfdirect
ccsdthreads=4
ccsdmkl=thr
ptthreads=4
lnoepsv=1e-5
naf_cor=1e-2
basis=aug-cc-pVQZ
basis_sm=def2-SVP
dfbasis_scf=def2-QZVPP-RI-JK
dfbasis_cor=aug-cc-pVQZ-RI
unit=angs
geom=xyz
16

C    34.41670262    34.07107264    10.41543014
C    33.11117461    33.45680459    10.91530835
H    34.24160149    35.00442132     9.86225048
H    34.94674030    33.36940783     9.75379242
H    35.10002891    34.30603621    11.24227357
H    32.42643037    33.26105434    10.07939442
H    32.59136835    34.12756100    11.61262818
H    33.28915165    32.50678735    11.43686767
C    20.41949695    36.18152134    10.40840413
C    21.71921254    35.56768136    10.92356358
H    19.89421274    35.47732643     9.74574003
H    20.60154528    37.11247849     9.85293887
H    19.72845280    36.42212532    11.22701403
H    22.41312130    35.37102181    10.09557036
H    21.53496881    34.61815933    11.44395536
H    22.23131028    36.23927251    11.62583355

--------------------Output has been truncated-------------------------


--------------------Output has been truncated-------------------------


--------------------Output has been truncated-------------------------


--------------------Output has been truncated-------------------------


--------------------Output has been truncated-------------------------


--------------------Output has been truncated-------------------------


--------------------Output has been truncated-------------------------


--------------------Output has been truncated-------------------------


--------------------Output has been truncated-------------------------


--------------------Output has been truncated-------------------------


 
 Reference energy [au]:                      -158.528862173216
 DF-MP2 singlet pair energy [au]:              -0.635446872913
 DF-MP2 triplet pair energy [au]:              -0.153814224112
 DF-SCS-MP2 correlation energy [au]:           -0.813807655533
 DF-SCS-MP2 energy [au]:                     -159.342669828749
 DF-SOS-MP2 correlation energy [au]:           -0.826080934787
 DF-SOS-MP2 energy [au]:                     -159.354943108003
 DF-MP2 correlation energy [au]:               -0.789261097025
 DF-MP2 energy [au]:                         -159.318123270241

 Results in FNO basis:
 
 
 Reference energy [au]:                      -158.528862173216
 DF-MP2 singlet pair energy [au]:              -0.625099415958
 DF-MP2 triplet pair energy [au]:              -0.153242379385
 DF-SCS-MP2 correlation energy [au]:           -0.801200092278
 DF-SCS-MP2 energy [au]:                     -159.330062265494
 DF-SOS-MP2 correlation energy [au]:           -0.812629240746
 DF-SOS-MP2 energy [au]:                     -159.341491413962
 DF-MP2 correlation energy [au]:               -0.778341795343
 DF-MP2 energy [au]:                         -159.307203968559

 Results in NAF basis:
 
 
 Reference energy [au]:                      -158.528862173216
 DF-MP2 singlet pair energy [au]:              -0.625057228671
 DF-MP2 triplet pair energy [au]:              -0.153258397179
 DF-SCS-MP2 correlation energy [au]:           -0.801154806798
 DF-SCS-MP2 energy [au]:                     -159.330016980014
 DF-SOS-MP2 correlation energy [au]:           -0.812574397272
 DF-SOS-MP2 energy [au]:                     -159.341436570488
 DF-MP2 correlation energy [au]:               -0.778315625850
 DF-MP2 energy [au]:                         -159.307177799067

 ************************ 2023-02-05 13:27:08 *************************
 Executing ccsd...

 Allocation of 220.0 Gbytes of memory...

 Direct DF-CCSD(T) calculation
 
 Convergence criterion:  1.0E-06
 
 Number of occupied/virtual/auxiliary orbitals:    14   350  1101
   6894.54 MB is the minimal memory requirement for (T)
   1573.93 MB is the minimal memory requirement for CCSD
 
 Reference energy [au]:            -158.528862173216
 T1 contribution [au]:                0.000000000000
 Same spin MP2 energy [au]:          -0.153250382889
 Opposite spin MP2 energy [au]:      -0.625078312455
 MP2 correlation energy [au]:        -0.778328695344
 Total MP2 energy [au]:            -159.307190868561
 MP2 correction [au]:                -0.010932401681
 
 
 CPU time [min]:     1.649                   Wall time [min]:     0.569
 
 Starting CCSD iterations...
 
                     Residual norm          Energy
 Iteration  1        0.253997230930     -159.343016567164
 Iteration  2        0.062948581934     -159.362181006281
 Iteration  3        0.018511867101     -159.364452498920
 Iteration  4        0.003748107284     -159.364466941727
 Iteration  5        0.000793340107     -159.364478671980
 Iteration  6        0.000221936589     -159.364482773159
 Iteration  7        0.000052462393     -159.364482323041
 Iteration  8        0.000014140998     -159.364483050784
 Iteration  9        0.000002817727     -159.364483007965
 
 CCSD iteration has converged in  9 steps.
    59038.48 MB memory was utilized by CCSD
 
 T1 diagnostic:      8.231E-03            D1 diagnostic:      1.428E-02
 
 T1 contribution [au]:                                  0.000000000000
 PPL energy contribution [au]:                          0.217871230515
 Scaled PPL energy contribution [au]:                   0.220950860751

 OS-PPL energy contribution [au]:                       0.191084726331
 Scaled OS-PPL energy contribution [au]:                0.194274716096
 SS-PPL energy contribution [au]:                       0.026786504185
 Scaled SS-PPL energy contribution [au]:                0.026882671331

 Opposite spin CCSD energy [au]:                       -0.690282214747
 Same spin CCSD energy [au]:                           -0.145354220404
 CCSD correlation energy [au]:                         -0.835636435151
 CCSD correlation energy + MP2 correction [au]:        -0.846568836831
 CCSD correlation energy + MP2 + PPL corr. [au]:       -0.843489206595
 Total CCSD energy [au]:                             -159.364498608367
 Total CCSD energy + MP2 correction [au]:            -159.375431010047
 Total CCSD energy + MP2 + PPL corr. [au]:           -159.372351379811
 
 CPU time [min]:   153.376                   Wall time [min]:     5.418
 
 Calculation of (T) correction...
 
 
     8827.33 MB memory is utilized for (T)

 0%       25%       50%       75%       100%
 |---------|---------|---------|---------| 
 
 (T) correction [au]:                                    -0.029525742483
 (T*) correction [au]:                                   -0.029940460942
 (T+) correction [au]:                                   -0.029933403097
 CCSD(T) correlation energy [au]:                        -0.865162177634
 CCSD(T) correlation energy + MP2 correction [au]:       -0.876094579314
 CCSD(T+) correlation en. + MP2 + PPL corr. [au]:        -0.873422609692
 Total CCSD(T) energy [au]:                            -159.394024350850
 Total CCSD(T) energy + MP2 correction [au]:           -159.404956752531
 Total CCSD(T+) energy + MP2 + PPL corr. [au]:         -159.402284782908
 
 CPU time [min]:   274.246                   Wall time [min]:     9.033
 
 ************************ 2023-02-05 13:36:10 *************************
                      Normal termination of mrcc.
 **********************************************************************
