 **********************************************************************
                          MRCC program system
 **********************************************************************
 
                              Written by
     Mihaly Kallay, Peter R. Nagy, David Mester, Laszlo Gyevi-Nagy,
        Jozsef Csoka, P. Bernat Szabo, Zoltan Rolik, Gyula Samu,
     Jozsef Csontos, Bence Hegely, Adam Ganyecz, Istvan Ladjanszki,
       Lorant Szegedy, Bence Ladoczki, Klara Petrov, Mate Farkas,
                    Pal D. Mezei, and Reka A. Horvath
 
        Department of Physical Chemistry and Materials Science
            Budapest University of Technology and Economics
                  Budapest P.O.Box 91, H-1521 Hungary
 
                              www.mrcc.hu
 
                      Release date: March 18, 2022

 ************************ 2023-02-05 13:14:21 *************************
 Executing minp...

 Reading input from MINP...
 
 Input file:
 
calc=FNO-CCSD(T)
verbosity=3
mem=220GB
unit=angs
scfiguess=small
scfalg=locfit1
ccmaxit=400
ccsdalg=dfdirect
ccsdthreads=4
ccsdmkl=thr
ptthreads=4
lnoepsv=1e-5
naf_cor=1e-2
basis=aug-cc-pVTZ
basis_sm=def2-SVP
dfbasis_scf=def2-QZVPP-RI-JK
dfbasis_cor=aug-cc-pVTZ-RI
unit=angs
geom=xyz
16

C    34.41670262    34.07107264    10.41543014
C    33.11117461    33.45680459    10.91530835
H    34.24160149    35.00442132     9.86225048
H    34.94674030    33.36940783     9.75379242
H    35.10002891    34.30603621    11.24227357
H    32.42643037    33.26105434    10.07939442
H    32.59136835    34.12756100    11.61262818
H    33.28915165    32.50678735    11.43686767
C    34.41670262    25.63008798    10.41543014
C    33.11117461    25.01581994    10.91530835
H    34.24160149    26.56343667     9.86225048
H    34.94674030    24.92842317     9.75379242
H    35.10002891    25.86505155    11.24227357
H    32.42643037    24.82006969    10.07939442
H    32.59136835    25.68657634    11.61262818
H    33.28915165    24.06580270    11.43686767

--------------------Output has been truncated-------------------------


--------------------Output has been truncated-------------------------


--------------------Output has been truncated-------------------------


--------------------Output has been truncated-------------------------


--------------------Output has been truncated-------------------------


--------------------Output has been truncated-------------------------


--------------------Output has been truncated-------------------------


--------------------Output has been truncated-------------------------


--------------------Output has been truncated-------------------------


--------------------Output has been truncated-------------------------


 
 Reference energy [au]:                       -79.259551000286
 DF-MP2 singlet pair energy [au]:              -0.300258616404
 DF-MP2 triplet pair energy [au]:              -0.075032062971
 DF-SCS-MP2 correlation energy [au]:           -0.385321027342
 DF-SCS-MP2 energy [au]:                      -79.644872027628
 DF-SOS-MP2 correlation energy [au]:           -0.390336201325
 DF-SOS-MP2 energy [au]:                      -79.649887201611
 DF-MP2 correlation energy [au]:               -0.375290679375
 DF-MP2 energy [au]:                          -79.634841679661

 Results in FNO basis:
 
 
 Reference energy [au]:                       -79.259551000286
 DF-MP2 singlet pair energy [au]:              -0.299087400506
 DF-MP2 triplet pair energy [au]:              -0.074925698201
 DF-SCS-MP2 correlation energy [au]:           -0.383880113341
 DF-SCS-MP2 energy [au]:                      -79.643431113627
 DF-SOS-MP2 correlation energy [au]:           -0.388813620658
 DF-SOS-MP2 energy [au]:                      -79.648364620944
 DF-MP2 correlation energy [au]:               -0.374013098707
 DF-MP2 energy [au]:                          -79.633564098993

 Results in NAF basis:
 
 
 Reference energy [au]:                       -79.259551000286
 DF-MP2 singlet pair energy [au]:              -0.299026652505
 DF-MP2 triplet pair energy [au]:              -0.074964745314
 DF-SCS-MP2 correlation energy [au]:           -0.383820231445
 DF-SCS-MP2 energy [au]:                      -79.643371231730
 DF-SOS-MP2 correlation energy [au]:           -0.388734648257
 DF-SOS-MP2 energy [au]:                      -79.648285648543
 DF-MP2 correlation energy [au]:               -0.373991397820
 DF-MP2 energy [au]:                          -79.633542398105

 ************************ 2023-02-05 13:15:00 *************************
 Executing ccsd...

 Allocation of 220.0 Gbytes of memory...

 Direct DF-CCSD(T) calculation
 
 Convergence criterion:  1.0E-06
 
 Number of occupied/virtual/auxiliary orbitals:     7   139   378
    421.21 MB is the minimal memory requirement for (T)
     94.89 MB is the minimal memory requirement for CCSD
 
 Reference energy [au]:             -79.259551000286
 T1 contribution [au]:                0.000000000000
 Same spin MP2 energy [au]:          -0.074945162566
 Opposite spin MP2 energy [au]:      -0.299056855639
 MP2 correlation energy [au]:        -0.374002018205
 Total MP2 energy [au]:             -79.633553018491
 MP2 correction [au]:                -0.001288661170
 
 
 CPU time [min]:     0.323                   Wall time [min]:     0.017
 
 Starting CCSD iterations...
 
                     Residual norm          Energy
 Iteration  1        0.170713195923      -79.654481426287
 Iteration  2        0.042453848240      -79.664046397863
 Iteration  3        0.011296737229      -79.665002459349
 Iteration  4        0.002548566840      -79.665010774730
 Iteration  5        0.000536659980      -79.665015981634
 Iteration  6        0.000152289285      -79.665019059144
 Iteration  7        0.000036257574      -79.665018843698
 Iteration  8        0.000009248934      -79.665019135344
 
 CCSD iteration has converged in  8 steps.
     1534.57 MB memory was utilized by CCSD
 
 T1 diagnostic:      7.817E-03            D1 diagnostic:      1.353E-02
 
 T1 contribution [au]:                                  0.000000000000
 PPL energy contribution [au]:                          0.102913002252
 Scaled PPL energy contribution [au]:                   0.103272030120

 OS-PPL energy contribution [au]:                       0.089962660332
 Scaled OS-PPL energy contribution [au]:                0.090334061055
 SS-PPL energy contribution [au]:                       0.012950341919
 Scaled SS-PPL energy contribution [au]:                0.012962185034

 Opposite spin CCSD energy [au]:                       -0.334287364026
 Same spin CCSD energy [au]:                           -0.071199450527
 CCSD correlation energy [au]:                         -0.405486814552
 CCSD correlation energy + MP2 correction [au]:        -0.406775475723
 CCSD correlation energy + MP2 + PPL corr. [au]:       -0.406416447854
 Total CCSD energy [au]:                              -79.665037814838
 Total CCSD energy + MP2 correction [au]:             -79.666326476008
 Total CCSD energy + MP2 + PPL corr. [au]:            -79.665967448140
 
 CPU time [min]:     2.773                   Wall time [min]:     0.089
 
 Calculation of (T) correction...
 
 
      388.93 MB memory is utilized for (T)

 0%       25%       50%       75%       100%
 |---------|---------|---------|---------| 
 
 (T) correction [au]:                                    -0.013959116872
 (T*) correction [au]:                                   -0.014007214398
 (T+) correction [au]:                                   -0.014006631482
 CCSD(T) correlation energy [au]:                        -0.419445931424
 CCSD(T) correlation energy + MP2 correction [au]:       -0.420734592594
 CCSD(T+) correlation en. + MP2 + PPL corr. [au]:        -0.420423079336
 Total CCSD(T) energy [au]:                             -79.678996931710
 Total CCSD(T) energy + MP2 correction [au]:            -79.680285592880
 Total CCSD(T+) energy + MP2 + PPL corr. [au]:          -79.679974079622
 
 CPU time [min]:     3.479                   Wall time [min]:     0.111
 
 ************************ 2023-02-05 13:15:07 *************************
                      Normal termination of mrcc.
 **********************************************************************
