 **********************************************************************
                          MRCC program system
 **********************************************************************
 
                              Written by
     Mihaly Kallay, Peter R. Nagy, David Mester, Laszlo Gyevi-Nagy,
        Jozsef Csoka, P. Bernat Szabo, Zoltan Rolik, Gyula Samu,
     Jozsef Csontos, Bence Hegely, Adam Ganyecz, Istvan Ladjanszki,
       Lorant Szegedy, Bence Ladoczki, Klara Petrov, Mate Farkas,
                    Pal D. Mezei, and Reka A. Horvath
 
        Department of Physical Chemistry and Materials Science
            Budapest University of Technology and Economics
                  Budapest P.O.Box 91, H-1521 Hungary
 
                              www.mrcc.hu
 
                     Release date: August 28, 2023

 ************************ 2024-11-25 19:06:30 *************************
 Executing minp...

 Reading input from MINP...
 
 Input file:
 
calc=LNO-CCSD(T)
scftype=rhf
verbosity=3
mem=200000MB
symm=off
unit=angs
scfiguess=restart
scfmaxit=1000
scfalg=locfit1
bpedo=0.99999
ccmaxit=400
usedisk=0
ccsdalg=dfdirect
ccsdthreads=4
ccsdmkl=thr
ptthreads=4
lcorthr=tight
basis_sm=special
def2-SVP
def2-SVP
def2-SVP
def2-SVP
def2-SVP
def2-SVP
def2-SVP
def2-SVP
def2-SVP
def2-SVP
def2-SVP
def2-SVP
def2-SVP
def2-SVP
def2-SVP
def2-SVP
def2-SVP
def2-SVP
def2-SVP
def2-SVP
def2-SVP
def2-SVP
def2-SVP
def2-SVP
def2-SVP
def2-SVP
def2-SVP
def2-SVP
def2-SVP
def2-SVP
def2-SVP
def2-SVP
def2-SVP
def2-SVP
def2-SVP
def2-SVP
no-basis-set
no-basis-set
no-basis-set
no-basis-set
no-basis-set
no-basis-set
no-basis-set
no-basis-set
no-basis-set
no-basis-set
no-basis-set
no-basis-set
no-basis-set
no-basis-set
no-basis-set
no-basis-set
no-basis-set
no-basis-set
no-basis-set
no-basis-set
no-basis-set
no-basis-set
no-basis-set
no-basis-set
no-basis-set
no-basis-set
no-basis-set
no-basis-set
no-basis-set
no-basis-set
no-basis-set
no-basis-set
no-basis-set
no-basis-set
no-basis-set
no-basis-set
no-basis-set
no-basis-set
no-basis-set
no-basis-set
no-basis-set
no-basis-set
no-basis-set
no-basis-set
no-basis-set
no-basis-set
no-basis-set
no-basis-set
no-basis-set
no-basis-set
no-basis-set
no-basis-set
no-basis-set
no-basis-set
no-basis-set
no-basis-set
no-basis-set
no-basis-set
no-basis-set
no-basis-set
no-basis-set
no-basis-set
no-basis-set
no-basis-set
no-basis-set
no-basis-set
no-basis-set
no-basis-set
no-basis-set
no-basis-set
no-basis-set
no-basis-set
no-basis-set
no-basis-set
no-basis-set
no-basis-set
no-basis-set
no-basis-set
no-basis-set
no-basis-set
no-basis-set
no-basis-set
no-basis-set
no-basis-set
no-basis-set
no-basis-set
no-basis-set
no-basis-set
no-basis-set
no-basis-set
no-basis-set
no-basis-set
no-basis-set
no-basis-set
no-basis-set
no-basis-set
no-basis-set
no-basis-set
no-basis-set
no-basis-set
no-basis-set
no-basis-set
no-basis-set
no-basis-set
no-basis-set
no-basis-set
no-basis-set
no-basis-set
no-basis-set
no-basis-set
no-basis-set
no-basis-set
no-basis-set


basis=special
aug-cc-pVTZ
aug-cc-pVTZ
cc-pVTZ
aug-cc-pVTZ
aug-cc-pVTZ
aug-cc-pVTZ
aug-cc-pVTZ
aug-cc-pVTZ
cc-pVTZ
cc-pVTZ
cc-pVTZ
cc-pVTZ
aug-cc-pVTZ
aug-cc-pVTZ
aug-cc-pVTZ
aug-cc-pVTZ
cc-pVTZ
cc-pVTZ
cc-pVTZ
cc-pVTZ
aug-cc-pVTZ
aug-cc-pVTZ
aug-cc-pVTZ
aug-cc-pVTZ
aug-cc-pVTZ
aug-cc-pVTZ
aug-cc-pVTZ
aug-cc-pVTZ
aug-cc-pVTZ
aug-cc-pVTZ
aug-cc-pVTZ
aug-cc-pVTZ
aug-cc-pVTZ
aug-cc-pVTZ
aug-cc-pVTZ
aug-cc-pVTZ
no-basis-set
no-basis-set
no-basis-set
no-basis-set
no-basis-set
no-basis-set
no-basis-set
no-basis-set
no-basis-set
no-basis-set
no-basis-set
no-basis-set
no-basis-set
no-basis-set
no-basis-set
no-basis-set
no-basis-set
no-basis-set
no-basis-set
no-basis-set
no-basis-set
no-basis-set
no-basis-set
no-basis-set
no-basis-set
no-basis-set
no-basis-set
no-basis-set
no-basis-set
no-basis-set
no-basis-set
no-basis-set
no-basis-set
no-basis-set
no-basis-set
no-basis-set
no-basis-set
no-basis-set
no-basis-set
no-basis-set
no-basis-set
no-basis-set
no-basis-set
no-basis-set
no-basis-set
no-basis-set
no-basis-set
no-basis-set
no-basis-set
no-basis-set
no-basis-set
no-basis-set
no-basis-set
no-basis-set
no-basis-set
no-basis-set
no-basis-set
no-basis-set
no-basis-set
no-basis-set
no-basis-set
no-basis-set
no-basis-set
no-basis-set
no-basis-set
no-basis-set
no-basis-set
no-basis-set
no-basis-set
no-basis-set
no-basis-set
no-basis-set
no-basis-set
no-basis-set
no-basis-set
no-basis-set
no-basis-set
no-basis-set
no-basis-set
no-basis-set
no-basis-set
no-basis-set
no-basis-set
no-basis-set
no-basis-set
no-basis-set
no-basis-set
no-basis-set
no-basis-set
no-basis-set
no-basis-set
no-basis-set
no-basis-set
no-basis-set
no-basis-set
no-basis-set
no-basis-set
no-basis-set
no-basis-set
no-basis-set
no-basis-set
no-basis-set
no-basis-set
no-basis-set
no-basis-set
no-basis-set
no-basis-set
no-basis-set
no-basis-set
no-basis-set
no-basis-set
no-basis-set
no-basis-set


dfbasis_scf=special
def2-QZVPP-RI-JK
def2-QZVPP-RI-JK
def2-QZVPP-RI-JK
def2-QZVPP-RI-JK
def2-QZVPP-RI-JK
def2-QZVPP-RI-JK
def2-QZVPP-RI-JK
def2-QZVPP-RI-JK
def2-QZVPP-RI-JK
def2-QZVPP-RI-JK
def2-QZVPP-RI-JK
def2-QZVPP-RI-JK
def2-QZVPP-RI-JK
def2-QZVPP-RI-JK
def2-QZVPP-RI-JK
def2-QZVPP-RI-JK
def2-QZVPP-RI-JK
def2-QZVPP-RI-JK
def2-QZVPP-RI-JK
def2-QZVPP-RI-JK
def2-QZVPP-RI-JK
def2-QZVPP-RI-JK
def2-QZVPP-RI-JK
def2-QZVPP-RI-JK
def2-QZVPP-RI-JK
def2-QZVPP-RI-JK
def2-QZVPP-RI-JK
def2-QZVPP-RI-JK
def2-QZVPP-RI-JK
def2-QZVPP-RI-JK
def2-QZVPP-RI-JK
def2-QZVPP-RI-JK
def2-QZVPP-RI-JK
def2-QZVPP-RI-JK
def2-QZVPP-RI-JK
def2-QZVPP-RI-JK
no-basis-set
no-basis-set
no-basis-set
no-basis-set
no-basis-set
no-basis-set
no-basis-set
no-basis-set
no-basis-set
no-basis-set
no-basis-set
no-basis-set
no-basis-set
no-basis-set
no-basis-set
no-basis-set
no-basis-set
no-basis-set
no-basis-set
no-basis-set
no-basis-set
no-basis-set
no-basis-set
no-basis-set
no-basis-set
no-basis-set
no-basis-set
no-basis-set
no-basis-set
no-basis-set
no-basis-set
no-basis-set
no-basis-set
no-basis-set
no-basis-set
no-basis-set
no-basis-set
no-basis-set
no-basis-set
no-basis-set
no-basis-set
no-basis-set
no-basis-set
no-basis-set
no-basis-set
no-basis-set
no-basis-set
no-basis-set
no-basis-set
no-basis-set
no-basis-set
no-basis-set
no-basis-set
no-basis-set
no-basis-set
no-basis-set
no-basis-set
no-basis-set
no-basis-set
no-basis-set
no-basis-set
no-basis-set
no-basis-set
no-basis-set
no-basis-set
no-basis-set
no-basis-set
no-basis-set
no-basis-set
no-basis-set
no-basis-set
no-basis-set
no-basis-set
no-basis-set
no-basis-set
no-basis-set
no-basis-set
no-basis-set
no-basis-set
no-basis-set
no-basis-set
no-basis-set
no-basis-set
no-basis-set
no-basis-set
no-basis-set
no-basis-set
no-basis-set
no-basis-set
no-basis-set
no-basis-set
no-basis-set
no-basis-set
no-basis-set
no-basis-set
no-basis-set
no-basis-set
no-basis-set
no-basis-set
no-basis-set
no-basis-set
no-basis-set
no-basis-set
no-basis-set
no-basis-set
no-basis-set
no-basis-set
no-basis-set
no-basis-set
no-basis-set
no-basis-set
no-basis-set
no-basis-set


dfbasis_cor=special
aug-cc-pVTZ-RI
aug-cc-pVTZ-RI
cc-pVTZ-RI
aug-cc-pVTZ-RI
aug-cc-pVTZ-RI
aug-cc-pVTZ-RI
aug-cc-pVTZ-RI
aug-cc-pVTZ-RI
cc-pVTZ-RI
cc-pVTZ-RI
cc-pVTZ-RI
cc-pVTZ-RI
aug-cc-pVTZ-RI
aug-cc-pVTZ-RI
aug-cc-pVTZ-RI
aug-cc-pVTZ-RI
cc-pVTZ-RI
cc-pVTZ-RI
cc-pVTZ-RI
cc-pVTZ-RI
aug-cc-pVTZ-RI
aug-cc-pVTZ-RI
aug-cc-pVTZ-RI
aug-cc-pVTZ-RI
aug-cc-pVTZ-RI
aug-cc-pVTZ-RI
aug-cc-pVTZ-RI
aug-cc-pVTZ-RI
aug-cc-pVTZ-RI
aug-cc-pVTZ-RI
aug-cc-pVTZ-RI
aug-cc-pVTZ-RI
aug-cc-pVTZ-RI
aug-cc-pVTZ-RI
aug-cc-pVTZ-RI
aug-cc-pVTZ-RI
no-basis-set
no-basis-set
no-basis-set
no-basis-set
no-basis-set
no-basis-set
no-basis-set
no-basis-set
no-basis-set
no-basis-set
no-basis-set
no-basis-set
no-basis-set
no-basis-set
no-basis-set
no-basis-set
no-basis-set
no-basis-set
no-basis-set
no-basis-set
no-basis-set
no-basis-set
no-basis-set
no-basis-set
no-basis-set
no-basis-set
no-basis-set
no-basis-set
no-basis-set
no-basis-set
no-basis-set
no-basis-set
no-basis-set
no-basis-set
no-basis-set
no-basis-set
no-basis-set
no-basis-set
no-basis-set
no-basis-set
no-basis-set
no-basis-set
no-basis-set
no-basis-set
no-basis-set
no-basis-set
no-basis-set
no-basis-set
no-basis-set
no-basis-set
no-basis-set
no-basis-set
no-basis-set
no-basis-set
no-basis-set
no-basis-set
no-basis-set
no-basis-set
no-basis-set
no-basis-set
no-basis-set
no-basis-set
no-basis-set
no-basis-set
no-basis-set
no-basis-set
no-basis-set
no-basis-set
no-basis-set
no-basis-set
no-basis-set
no-basis-set
no-basis-set
no-basis-set
no-basis-set
no-basis-set
no-basis-set
no-basis-set
no-basis-set
no-basis-set
no-basis-set
no-basis-set
no-basis-set
no-basis-set
no-basis-set
no-basis-set
no-basis-set
no-basis-set
no-basis-set
no-basis-set
no-basis-set
no-basis-set
no-basis-set
no-basis-set
no-basis-set
no-basis-set
no-basis-set
no-basis-set
no-basis-set
no-basis-set
no-basis-set
no-basis-set
no-basis-set
no-basis-set
no-basis-set
no-basis-set
no-basis-set
no-basis-set
no-basis-set
no-basis-set
no-basis-set
no-basis-set
no-basis-set


ecp=special
none
none
none
none
none
none
none
none
none
none
none
none
none
none
none
none
none
none
none
none
none
none
none
none
none
none
none
none
none
none
none
none
none
none
none
none
capECP
capECP
capECP
capECP
capECP
capECP
capECP
capECP
capECP
capECP
capECP
capECP
capECP
capECP
capECP
capECP
capECP
capECP
capECP
capECP
capECP
capECP
capECP
capECP
capECP
capECP
capECP
capECP
capECP
capECP
capECP
capECP
capECP
capECP
capECP
capECP
capECP
capECP
capECP
capECP
capECP
capECP
capECP
capECP
capECP
capECP
capECP
capECP
capECP
capECP
capECP
capECP
capECP
capECP
capECP
capECP
capECP
capECP
capECP
capECP
capECP
capECP
capECP
capECP
capECP
capECP
capECP
capECP
capECP
capECP
capECP
capECP
capECP
capECP
capECP
capECP
capECP
capECP
capECP
capECP
capECP
capECP
capECP
capECP
capECP
capECP
capECP
capECP
capECP
capECP
capECP
capECP
capECP
capECP
capECP
capECP
capECP
capECP
capECP
capECP
capECP
capECP
capECP
capECP
capECP
capECP
capECP
capECP
capECP
capECP
capECP
capECP
capECP

charge=-32
mult=1
core=70
geom=xyz
149

C                       0.00000000000    0.00000000000    2.44102235837
O                       0.00000000000    0.00000000000    3.58784217303
Mg                      0.00000000000    0.00000000000    0.00000000000
O                      -2.12018425659    0.00000000000    0.00567209089
O                       0.00000000000    2.12018425659    0.00567209089
O                       2.12018425659    0.00000000000    0.00567209089
O                       0.00000000000   -2.12018425659    0.00567209089
O                       0.00000000000    0.00000000000   -2.14129966123
Mg                     -2.11144262254    2.11144262254   -0.04367284424
Mg                      2.11144262254    2.11144262254   -0.04367284424
Mg                      2.11144262254   -2.11144262254   -0.04367284424
Mg                     -2.11144262254   -2.11144262254   -0.04367284424
O                      -2.11070451449    2.11070451449   -2.14923989662
O                       2.11070451449    2.11070451449   -2.14923989662
O                       2.11070451449   -2.11070451449   -2.14923989662
O                      -2.11070451449   -2.11070451449   -2.14923989662
Mg                     -4.22049352791    0.00000000000   -0.04269731856
Mg                      0.00000000000    4.22049352791   -0.04269731856
Mg                      4.22049352791    0.00000000000   -0.04269731856
Mg                      0.00000000000   -4.22049352791   -0.04269731856
O                      -4.22049352791    2.11209139723    0.00772802266
O                      -2.11209139723    4.22049352791    0.00772802266
O                       2.11209139723    4.22049352791    0.00772802266
O                       4.22049352791    2.11209139723    0.00772802266
O                       4.22049352791   -2.11209139723    0.00772802266
O                       2.11209139723   -4.22049352791    0.00772802266
O                      -2.11209139723   -4.22049352791    0.00772802266
O                      -4.22049352791   -2.11209139723    0.00772802266
O                      -4.22049352791    0.00000000000   -2.15129719490
O                       0.00000000000    4.22049352791   -2.15129719490
O                       4.22049352791    0.00000000000   -2.15129719490
O                       0.00000000000   -4.22049352791   -2.15129719490
O                      -6.32080279923    0.00000000000    0.00567209089
O                       0.00000000000    6.32080279923    0.00567209089
O                       6.32080279923    0.00000000000    0.00567209089
O                       0.00000000000   -6.32080279923    0.00567209089
Mg                     -2.10705287155    0.00000000000   -2.14155206950
Mg                      0.00000000000    2.10705287155   -2.14155206950
Mg                      2.10705287155    0.00000000000   -2.14155206950
Mg                      0.00000000000   -2.10705287155   -2.14155206950
Mg                      0.00000000000    0.00000000000   -4.26789528527
Mg                     -4.22049352791    2.10973412517   -2.14445912302
Mg                     -2.10973412517    4.22049352791   -2.14445912302
Mg                      2.10973412517    4.22049352791   -2.14445912302
Mg                      4.22049352791    2.10973412517   -2.14445912302
Mg                      4.22049352791   -2.10973412517   -2.14445912302
Mg                      2.10973412517   -4.22049352791   -2.14445912302
Mg                     -2.10973412517   -4.22049352791   -2.14445912302
Mg                     -4.22049352791   -2.10973412517   -2.14445912302
Mg                     -2.11024676395    2.11024676395   -4.26789528527
Mg                      2.11024676395    2.11024676395   -4.26789528527
Mg                      2.11024676395   -2.11024676395   -4.26789528527
Mg                     -2.11024676395   -2.11024676395   -4.26789528527
Mg                     -4.22049352791    4.22049352791   -0.03992370948
Mg                      4.22049352791    4.22049352791   -0.03992370948
Mg                      4.22049352791   -4.22049352791   -0.03992370948
Mg                     -4.22049352791   -4.22049352791   -0.03992370948
Mg                     -4.22049352791    0.00000000000   -4.26789528527
Mg                      0.00000000000    4.22049352791   -4.26789528527
Mg                      4.22049352791    0.00000000000   -4.26789528527
Mg                      0.00000000000   -4.22049352791   -4.26789528527
Mg                     -6.32954443328    2.11144262254   -0.04367284424
Mg                     -2.11144262254    6.32954443328   -0.04367284424
Mg                      2.11144262254    6.32954443328   -0.04367284424
Mg                      6.32954443328    2.11144262254   -0.04367284424
Mg                      6.32954443328   -2.11144262254   -0.04367284424
Mg                      2.11144262254   -6.32954443328   -0.04367284424
Mg                     -2.11144262254   -6.32954443328   -0.04367284424
Mg                     -6.32954443328   -2.11144262254   -0.04367284424
Mg                     -6.33393418427    0.00000000000   -2.14155206950
Mg                      0.00000000000    6.33393418427   -2.14155206950
Mg                      6.33393418427    0.00000000000   -2.14155206950
Mg                      0.00000000000   -6.33393418427   -2.14155206950
Mg                     -2.11024676395    0.00000000000   -6.37814204923
Mg                      0.00000000000    2.11024676395   -6.37814204923
Mg                      2.11024676395    0.00000000000   -6.37814204923
Mg                      0.00000000000   -2.11024676395   -6.37814204923
Mg                     -4.22049352791    4.22049352791   -4.26789528527
Mg                      4.22049352791    4.22049352791   -4.26789528527
Mg                      4.22049352791   -4.22049352791   -4.26789528527
Mg                     -4.22049352791   -4.22049352791   -4.26789528527
Mg                     -6.33125293065    4.22049352791   -2.14445912302
Mg                     -4.22049352791    6.33125293065   -2.14445912302
Mg                      4.22049352791    6.33125293065   -2.14445912302
Mg                      6.33125293065    4.22049352791   -2.14445912302
Mg                      6.33125293065   -4.22049352791   -2.14445912302
Mg                      4.22049352791   -6.33125293065   -2.14445912302
Mg                     -4.22049352791   -6.33125293065   -2.14445912302
Mg                     -6.33125293065   -4.22049352791   -2.14445912302
Mg                     -6.33074029186    2.11024676395   -4.26789528527
Mg                     -2.11024676395    6.33074029186   -4.26789528527
Mg                      2.11024676395    6.33074029186   -4.26789528527
Mg                      6.33074029186    2.11024676395   -4.26789528527
Mg                      6.33074029186   -2.11024676395   -4.26789528527
Mg                      2.11024676395   -6.33074029186   -4.26789528527
Mg                     -2.11024676395   -6.33074029186   -4.26789528527
Mg                     -6.33074029186   -2.11024676395   -4.26789528527
Mg                     -4.22049352791    2.11024676395   -6.37814204923
Mg                     -2.11024676395    4.22049352791   -6.37814204923
Mg                      2.11024676395    4.22049352791   -6.37814204923
Mg                      4.22049352791    2.11024676395   -6.37814204923
Mg                      4.22049352791   -2.11024676395   -6.37814204923
Mg                      2.11024676395   -4.22049352791   -6.37814204923
Mg                     -2.11024676395   -4.22049352791   -6.37814204923
Mg                     -4.22049352791   -2.11024676395   -6.37814204923
Mg                     -8.44098705582    0.00000000000    0.00000000000
Mg                      0.00000000000    8.44098705582    0.00000000000
Mg                      8.44098705582    0.00000000000    0.00000000000
Mg                      0.00000000000   -8.44098705582    0.00000000000
Mg                     -6.32954443328    6.32954443328   -0.04367284424
Mg                      6.32954443328    6.32954443328   -0.04367284424
Mg                      6.32954443328   -6.32954443328   -0.04367284424
Mg                     -6.32954443328   -6.32954443328   -0.04367284424
Mg                     -8.44098705582    2.10705287155   -2.14155206950
Mg                     -2.10705287155    8.44098705582   -2.14155206950
Mg                      2.10705287155    8.44098705582   -2.14155206950
Mg                      8.44098705582    2.10705287155   -2.14155206950
Mg                      8.44098705582   -2.10705287155   -2.14155206950
Mg                      2.10705287155   -8.44098705582   -2.14155206950
Mg                     -2.10705287155   -8.44098705582   -2.14155206950
Mg                     -8.44098705582   -2.10705287155   -2.14155206950
Mg                     -6.33074029186    0.00000000000   -6.37814204923
Mg                      0.00000000000    6.33074029186   -6.37814204923
Mg                      6.33074029186    0.00000000000   -6.37814204923
Mg                      0.00000000000   -6.33074029186   -6.37814204923
Mg                     -8.44098705582    4.22049352791   -0.04269731856
Mg                     -4.22049352791    8.44098705582   -0.04269731856
Mg                      4.22049352791    8.44098705582   -0.04269731856
Mg                      8.44098705582    4.22049352791   -0.04269731856
Mg                      8.44098705582   -4.22049352791   -0.04269731856
Mg                      4.22049352791   -8.44098705582   -0.04269731856
Mg                     -4.22049352791   -8.44098705582   -0.04269731856
Mg                     -8.44098705582   -4.22049352791   -0.04269731856
Mg                     -8.44098705582    0.00000000000   -4.26789528527
Mg                      0.00000000000    8.44098705582   -4.26789528527
Mg                      8.44098705582    0.00000000000   -4.26789528527
Mg                      0.00000000000   -8.44098705582   -4.26789528527
Mg                    -10.55242967836    2.11144262254   -0.04367284424
Mg                     -2.11144262254   10.55242967836   -0.04367284424
Mg                      2.11144262254   10.55242967836   -0.04367284424
Mg                     10.55242967836    2.11144262254   -0.04367284424
Mg                     10.55242967836   -2.11144262254   -0.04367284424
Mg                      2.11144262254  -10.55242967836   -0.04367284424
Mg                     -2.11144262254  -10.55242967836   -0.04367284424
Mg                    -10.55242967836   -2.11144262254   -0.04367284424
Mg                    -10.54803992736    0.00000000000   -2.14155206950
Mg                      0.00000000000   10.54803992736   -2.14155206950
Mg                     10.54803992736    0.00000000000   -2.14155206950
Mg                      0.00000000000  -10.54803992736   -2.14155206950

ghost=serialno
1,2

qmmm=Amber
pointcharges
10157
    -2.10705287155    0.00000000000   -2.14155206950    2.00000000000
     0.00000000000    2.10705287155   -2.14155206950    2.00000000000
     2.10705287155    0.00000000000   -2.14155206950    2.00000000000
     0.00000000000   -2.10705287155   -2.14155206950    2.00000000000
--------------------Output has been truncated-------------------------


--------------------Output has been truncated-------------------------


--------------------Output has been truncated-------------------------


--------------------Output has been truncated-------------------------


--------------------Output has been truncated-------------------------


--------------------Output has been truncated-------------------------


--------------------Output has been truncated-------------------------


--------------------Output has been truncated-------------------------


--------------------Output has been truncated-------------------------


--------------------Output has been truncated-------------------------


 
 Final local CC results:
 
 Minimum number of correlated electrons:        34       ( 17.0%)
 Maximum number of correlated electrons:        90       ( 45.0%)
 Average number of correlated electrons:        60.7     ( 30.4%)
 Minimum number of correlated orbitals:        100       (  6.8%)
 Maximum number of correlated orbitals:        212       ( 14.3%)
 Average number of correlated orbitals:        152.3     ( 10.3%)
 
 CPU time for integral calculations [min]:                 12.104
 Wall time for integral calculations [min]:                 8.403
 
 CPU time for SCF calculation [min]:                      174.647
 Wall time for SCF calculation [min]:                      22.198
 
 CPU time for orbital localization [min]:                   0.388
 Wall time for orbital localization [min]:                  0.330
 
 CPU time for integral transformations [min]:            2465.516
 Wall time for integral transformations [min]:            347.250
 
 Reference energy [au]:                                -12966.719130495872
 
 LMP2 correlation energy [au]:                             -7.092775450328
 Total LMP2 energy [au]:                               -12973.811905946201
 
 Total MP2 correction for dropped NAFs [au]:               -0.000167185468
 Total MP2 correction [au]:                                -0.019093723303
 
 CPU time for CCSD calculations [min]:                    781.446
 Total CPU time for CCSD [min]:                          3434.101
 Wall time for CCSD calculations [min]:                   112.953
 Total wall time for CCSD [min]:                          491.134
 
 CCSD correlation energy [au]:                             -7.012901418825
 Total CCSD energy [au]:                               -12973.732031914698
 CCSD correlation energy + 0.5 MP2 corrections [au]:       -7.022448280477
 Total LNO-CCSD energy with MP2 corrections [au]:      -12973.741578776349
 
 CPU time for (T) corrections [min]:                     1077.270
 Total CPU time for CCSD(T) [min]:                       4511.371
 Wall time for (T) corrections [min]:                     139.005
 Total wall time for CCSD(T) [min]:                       630.140
 
 Total (T) correlation energy contribution [au]:           -0.282157770791
 Total (T) correlation energy+0.5 MP2 correction [au]:     -0.291704632442
 CCSD(T) correlation energy [au]:                          -7.295059189616
 Total CCSD(T) energy [au]:                            -12974.014189685489
 CCSD(T) correlation energy + MP2 corrections [au]:        -7.314152912919
 Total LNO-CCSD(T) energy with MP2 corrections [au]:   -12974.033283408791
 
 ======================================================================
 ======================================================================
 
 ************************ 2024-11-26 05:36:54 *************************
                      Normal termination of mrcc.
 **********************************************************************
