================================================================================
                                       INPUT FILE
================================================================================
NAME = orca.inp
|  1> ! NormalSCF HF RIJCOSX SlowConv DIIS 
|  2> %pal nprocs 8 end
|  3> %maxcore 25000
|  4> %pointcharges "orca.pc"
|  5> %method
|  6> Method hf
|  7> RI on
|  8> RunTyp Energy
|  9> NewNCore C 2 end
| 10> NewNCore Mg 10 end
| 11> NewNCore O 2 end
| 12> end
| 13> %basis
| 14> Basis "def2-SVP"
| 15> Aux "def2/J"
| 16> AuxC "def2-SVP/C"
| 17> end
| 18> %scf
| 19> HFTyp rhf
| 20> AutoStart false
| 21> Guess Hueckel
| 22> SCFMode Direct
| 23> sthresh 1e-6
| 24> AutoTRAHIter 60
| 25> MaxIter 1000
| 26> end
| 27> %coords
| 28> CTyp xyz
| 29> Mult 1
| 30> Units angs
| 31> Charge -32
| 32> coords
| 33> C:                      0.00000000000    0.00000000000    2.44102235837
| 34> O:                      0.00000000000    0.00000000000    3.58784217303
| 35> Mg                      0.00000000000    0.00000000000    0.00000000000
| 36> O                      -2.12018425659    0.00000000000    0.00567209089
| 37> O                       0.00000000000    2.12018425659    0.00567209089
| 38> O                       2.12018425659    0.00000000000    0.00567209089
| 39> O                       0.00000000000   -2.12018425659    0.00567209089
| 40> O                       0.00000000000    0.00000000000   -2.14129966123
| 41> Mg                     -2.11144262254    2.11144262254   -0.04367284424
| 42> Mg                      2.11144262254    2.11144262254   -0.04367284424
| 43> Mg                      2.11144262254   -2.11144262254   -0.04367284424
| 44> Mg                     -2.11144262254   -2.11144262254   -0.04367284424
| 45> O                      -2.11070451449    2.11070451449   -2.14923989662
| 46> O                       2.11070451449    2.11070451449   -2.14923989662
| 47> O                       2.11070451449   -2.11070451449   -2.14923989662
| 48> O                      -2.11070451449   -2.11070451449   -2.14923989662
| 49> Mg                     -4.22049352791    0.00000000000   -0.04269731856
| 50> Mg                      0.00000000000    4.22049352791   -0.04269731856
| 51> Mg                      4.22049352791    0.00000000000   -0.04269731856
| 52> Mg                      0.00000000000   -4.22049352791   -0.04269731856
| 53> O                      -4.22049352791    2.11209139723    0.00772802266
| 54> O                      -2.11209139723    4.22049352791    0.00772802266
| 55> O                       2.11209139723    4.22049352791    0.00772802266
| 56> O                       4.22049352791    2.11209139723    0.00772802266
| 57> O                       4.22049352791   -2.11209139723    0.00772802266
| 58> O                       2.11209139723   -4.22049352791    0.00772802266
| 59> O                      -2.11209139723   -4.22049352791    0.00772802266
| 60> O                      -4.22049352791   -2.11209139723    0.00772802266
| 61> O                      -4.22049352791    0.00000000000   -2.15129719490
| 62> O                       0.00000000000    4.22049352791   -2.15129719490
| 63> O                       4.22049352791    0.00000000000   -2.15129719490
| 64> O                       0.00000000000   -4.22049352791   -2.15129719490
| 65> O                      -6.32080279923    0.00000000000    0.00567209089
| 66> O                       0.00000000000    6.32080279923    0.00567209089
| 67> O                       6.32080279923    0.00000000000    0.00567209089
| 68> O                       0.00000000000   -6.32080279923    0.00567209089
| 69> Mg>    2.00000000000   -2.10705287155    0.00000000000   -2.14155206950
| 70> NewECP
| 71> N_core 0
| 72> lmax f
| 73> s 1
| 74> 1      1.732000000   14.676000000 2
| 75> p 1
| 76> 1      1.115000000    5.175700000 2
| 77> d 1
| 78> 1      1.203000000   -1.816000000 2
| 79> f 1
| 80> 1      1.000000000    0.000000000 2
| 81> end
| 82> Mg>    2.00000000000    0.00000000000    2.10705287155   -2.14155206950
| 83> NewECP
| 84> N_core 0
| 85> lmax f
| 86> s 1
| 87> 1      1.732000000   14.676000000 2
| 88> p 1
| 89> 1      1.115000000    5.175700000 2
| 90> d 1
| 91> 1      1.203000000   -1.816000000 2
| 92> f 1
| 93> 1      1.000000000    0.000000000 2
| 94> end
| 95> Mg>    2.00000000000    2.10705287155    0.00000000000   -2.14155206950
| 96> NewECP
| 97> N_core 0
| 98> lmax f
| 99> s 1
|100> 1      1.732000000   14.676000000 2
|101> p 1
|102> 1      1.115000000    5.175700000 2
|103> d 1
|104> 1      1.203000000   -1.816000000 2
|105> f 1
|106> 1      1.000000000    0.000000000 2
|107> end
|108> Mg>    2.00000000000    0.00000000000   -2.10705287155   -2.14155206950
|109> NewECP
|110> N_core 0
|111> lmax f
|112> s 1
|113> 1      1.732000000   14.676000000 2
|114> p 1
|115> 1      1.115000000    5.175700000 2
|116> d 1
|117> 1      1.203000000   -1.816000000 2
|118> f 1
|119> 1      1.000000000    0.000000000 2
|120> end
|121> Mg>    2.00000000000    0.00000000000    0.00000000000   -4.26789528527
|122> NewECP
|123> N_core 0
|124> lmax f
|125> s 1
|126> 1      1.732000000   14.676000000 2
|127> p 1
|128> 1      1.115000000    5.175700000 2
|129> d 1
|130> 1      1.203000000   -1.816000000 2
|131> f 1
|132> 1      1.000000000    0.000000000 2
|133> end
|134> Mg>    2.00000000000   -4.22049352791    2.10973412517   -2.14445912302
|135> NewECP
|136> N_core 0
|137> lmax f
|138> s 1
|139> 1      1.732000000   14.676000000 2
|140> p 1
|141> 1      1.115000000    5.175700000 2
|142> d 1
|143> 1      1.203000000   -1.816000000 2
|144> f 1
|145> 1      1.000000000    0.000000000 2
|146> end
|147> Mg>    2.00000000000   -2.10973412517    4.22049352791   -2.14445912302
|148> NewECP
|149> N_core 0
|150> lmax f
|151> s 1
|152> 1      1.732000000   14.676000000 2
|153> p 1
|154> 1      1.115000000    5.175700000 2
|155> d 1
|156> 1      1.203000000   -1.816000000 2
|157> f 1
|158> 1      1.000000000    0.000000000 2
|159> end
|160> Mg>    2.00000000000    2.10973412517    4.22049352791   -2.14445912302
|161> NewECP
|162> N_core 0
|163> lmax f
|164> s 1
|165> 1      1.732000000   14.676000000 2
|166> p 1
|167> 1      1.115000000    5.175700000 2
|168> d 1
|169> 1      1.203000000   -1.816000000 2
|170> f 1
|171> 1      1.000000000    0.000000000 2
|172> end
|173> Mg>    2.00000000000    4.22049352791    2.10973412517   -2.14445912302
|174> NewECP
|175> N_core 0
|176> lmax f
|177> s 1
|178> 1      1.732000000   14.676000000 2
|179> p 1
|180> 1      1.115000000    5.175700000 2
|181> d 1
|182> 1      1.203000000   -1.816000000 2
|183> f 1
|184> 1      1.000000000    0.000000000 2
|185> end
|186> Mg>    2.00000000000    4.22049352791   -2.10973412517   -2.14445912302
|187> NewECP
|188> N_core 0
|189> lmax f
|190> s 1
|191> 1      1.732000000   14.676000000 2
|192> p 1
|193> 1      1.115000000    5.175700000 2
|194> d 1
|195> 1      1.203000000   -1.816000000 2
|196> f 1
|197> 1      1.000000000    0.000000000 2
|198> end
|199> Mg>    2.00000000000    2.10973412517   -4.22049352791   -2.14445912302
|200> NewECP
|201> N_core 0
|202> lmax f
|203> s 1
|204> 1      1.732000000   14.676000000 2
|205> p 1
|206> 1      1.115000000    5.175700000 2
|207> d 1
|208> 1      1.203000000   -1.816000000 2
|209> f 1
|210> 1      1.000000000    0.000000000 2
|211> end
|212> Mg>    2.00000000000   -2.10973412517   -4.22049352791   -2.14445912302
|213> NewECP
|214> N_core 0
|215> lmax f
|216> s 1
|217> 1      1.732000000   14.676000000 2
|218> p 1
|219> 1      1.115000000    5.175700000 2
|220> d 1
|221> 1      1.203000000   -1.816000000 2
|222> f 1
|223> 1      1.000000000    0.000000000 2
|224> end
|225> Mg>    2.00000000000   -4.22049352791   -2.10973412517   -2.14445912302
|226> NewECP
|227> N_core 0
|228> lmax f
|229> s 1
|230> 1      1.732000000   14.676000000 2
|231> p 1
|232> 1      1.115000000    5.175700000 2
|233> d 1
|234> 1      1.203000000   -1.816000000 2
|235> f 1
|236> 1      1.000000000    0.000000000 2
|237> end
|238> Mg>    2.00000000000   -2.11024676395    2.11024676395   -4.26789528527
|239> NewECP
|240> N_core 0
|241> lmax f
|242> s 1
|243> 1      1.732000000   14.676000000 2
|244> p 1
|245> 1      1.115000000    5.175700000 2
|246> d 1
|247> 1      1.203000000   -1.816000000 2
|248> f 1
|249> 1      1.000000000    0.000000000 2
|250> end
|251> Mg>    2.00000000000    2.11024676395    2.11024676395   -4.26789528527
|252> NewECP
|253> N_core 0
|254> lmax f
|255> s 1
|256> 1      1.732000000   14.676000000 2
|257> p 1
|258> 1      1.115000000    5.175700000 2
|259> d 1
|260> 1      1.203000000   -1.816000000 2
|261> f 1
|262> 1      1.000000000    0.000000000 2
|263> end
|264> Mg>    2.00000000000    2.11024676395   -2.11024676395   -4.26789528527
|265> NewECP
|266> N_core 0
|267> lmax f
|268> s 1
|269> 1      1.732000000   14.676000000 2
|270> p 1
|271> 1      1.115000000    5.175700000 2
|272> d 1
|273> 1      1.203000000   -1.816000000 2
|274> f 1
|275> 1      1.000000000    0.000000000 2
|276> end
|277> Mg>    2.00000000000   -2.11024676395   -2.11024676395   -4.26789528527
|278> NewECP
|279> N_core 0
|280> lmax f
|281> s 1
|282> 1      1.732000000   14.676000000 2
|283> p 1
|284> 1      1.115000000    5.175700000 2
|285> d 1
|286> 1      1.203000000   -1.816000000 2
|287> f 1
|288> 1      1.000000000    0.000000000 2
|289> end
|290> Mg>    2.00000000000   -4.22049352791    4.22049352791   -0.03992370948
|291> NewECP
|292> N_core 0
|293> lmax f
|294> s 1
|295> 1      1.732000000   14.676000000 2
|296> p 1
|297> 1      1.115000000    5.175700000 2
|298> d 1
|299> 1      1.203000000   -1.816000000 2
|300> f 1
|301> 1      1.000000000    0.000000000 2
|302> end
|303> Mg>    2.00000000000    4.22049352791    4.22049352791   -0.03992370948
|304> NewECP
|305> N_core 0
|306> lmax f
|307> s 1
|308> 1      1.732000000   14.676000000 2
|309> p 1
|310> 1      1.115000000    5.175700000 2
|311> d 1
|312> 1      1.203000000   -1.816000000 2
|313> f 1
|314> 1      1.000000000    0.000000000 2
|315> end
|316> Mg>    2.00000000000    4.22049352791   -4.22049352791   -0.03992370948
|317> NewECP
|318> N_core 0
|319> lmax f
|320> s 1
|321> 1      1.732000000   14.676000000 2
|322> p 1
|323> 1      1.115000000    5.175700000 2
|324> d 1
|325> 1      1.203000000   -1.816000000 2
|326> f 1
|327> 1      1.000000000    0.000000000 2
|328> end
|329> Mg>    2.00000000000   -4.22049352791   -4.22049352791   -0.03992370948
|330> NewECP
|331> N_core 0
|332> lmax f
|333> s 1
|334> 1      1.732000000   14.676000000 2
|335> p 1
|336> 1      1.115000000    5.175700000 2
|337> d 1
|338> 1      1.203000000   -1.816000000 2
|339> f 1
|340> 1      1.000000000    0.000000000 2
|341> end
|342> Mg>    2.00000000000   -4.22049352791    0.00000000000   -4.26789528527
|343> NewECP
|344> N_core 0
|345> lmax f
|346> s 1
|347> 1      1.732000000   14.676000000 2
|348> p 1
|349> 1      1.115000000    5.175700000 2
|350> d 1
|351> 1      1.203000000   -1.816000000 2
|352> f 1
|353> 1      1.000000000    0.000000000 2
|354> end
|355> Mg>    2.00000000000    0.00000000000    4.22049352791   -4.26789528527
|356> NewECP
|357> N_core 0
|358> lmax f
|359> s 1
|360> 1      1.732000000   14.676000000 2
|361> p 1
|362> 1      1.115000000    5.175700000 2
|363> d 1
|364> 1      1.203000000   -1.816000000 2
|365> f 1
|366> 1      1.000000000    0.000000000 2
|367> end
|368> Mg>    2.00000000000    4.22049352791    0.00000000000   -4.26789528527
|369> NewECP
|370> N_core 0
|371> lmax f
|372> s 1
|373> 1      1.732000000   14.676000000 2
|374> p 1
|375> 1      1.115000000    5.175700000 2
|376> d 1
|377> 1      1.203000000   -1.816000000 2
|378> f 1
|379> 1      1.000000000    0.000000000 2
|380> end
|381> Mg>    2.00000000000    0.00000000000   -4.22049352791   -4.26789528527
|382> NewECP
|383> N_core 0
|384> lmax f
|385> s 1
|386> 1      1.732000000   14.676000000 2
|387> p 1
|388> 1      1.115000000    5.175700000 2
|389> d 1
|390> 1      1.203000000   -1.816000000 2
|391> f 1
|392> 1      1.000000000    0.000000000 2
|393> end
|394> Mg>    2.00000000000   -6.32954443328    2.11144262254   -0.04367284424
|395> NewECP
|396> N_core 0
|397> lmax f
|398> s 1
|399> 1      1.732000000   14.676000000 2
|400> p 1
|401> 1      1.115000000    5.175700000 2
|402> d 1
|403> 1      1.203000000   -1.816000000 2
|404> f 1
|405> 1      1.000000000    0.000000000 2
|406> end
|407> Mg>    2.00000000000   -2.11144262254    6.32954443328   -0.04367284424
|408> NewECP
|409> N_core 0
|410> lmax f
|411> s 1
|412> 1      1.732000000   14.676000000 2
|413> p 1
|414> 1      1.115000000    5.175700000 2
|415> d 1
|416> 1      1.203000000   -1.816000000 2
|417> f 1
|418> 1      1.000000000    0.000000000 2
|419> end
|420> Mg>    2.00000000000    2.11144262254    6.32954443328   -0.04367284424
|421> NewECP
|422> N_core 0
|423> lmax f
|424> s 1
|425> 1      1.732000000   14.676000000 2
|426> p 1
|427> 1      1.115000000    5.175700000 2
|428> d 1
|429> 1      1.203000000   -1.816000000 2
|430> f 1
|431> 1      1.000000000    0.000000000 2
|432> end
|433> Mg>    2.00000000000    6.32954443328    2.11144262254   -0.04367284424
|434> NewECP
|435> N_core 0
|436> lmax f
|437> s 1
|438> 1      1.732000000   14.676000000 2
|439> p 1
|440> 1      1.115000000    5.175700000 2
|441> d 1
|442> 1      1.203000000   -1.816000000 2
|443> f 1
|444> 1      1.000000000    0.000000000 2
|445> end
|446> Mg>    2.00000000000    6.32954443328   -2.11144262254   -0.04367284424
|447> NewECP
|448> N_core 0
|449> lmax f
|450> s 1
|451> 1      1.732000000   14.676000000 2
|452> p 1
|453> 1      1.115000000    5.175700000 2
|454> d 1
|455> 1      1.203000000   -1.816000000 2
|456> f 1
|457> 1      1.000000000    0.000000000 2
|458> end
|459> Mg>    2.00000000000    2.11144262254   -6.32954443328   -0.04367284424
|460> NewECP
|461> N_core 0
|462> lmax f
|463> s 1
|464> 1      1.732000000   14.676000000 2
|465> p 1
|466> 1      1.115000000    5.175700000 2
|467> d 1
|468> 1      1.203000000   -1.816000000 2
|469> f 1
|470> 1      1.000000000    0.000000000 2
|471> end
|472> Mg>    2.00000000000   -2.11144262254   -6.32954443328   -0.04367284424
|473> NewECP
|474> N_core 0
|475> lmax f
|476> s 1
|477> 1      1.732000000   14.676000000 2
|478> p 1
|479> 1      1.115000000    5.175700000 2
|480> d 1
|481> 1      1.203000000   -1.816000000 2
|482> f 1
|483> 1      1.000000000    0.000000000 2
|484> end
|485> Mg>    2.00000000000   -6.32954443328   -2.11144262254   -0.04367284424
|486> NewECP
|487> N_core 0
|488> lmax f
|489> s 1
|490> 1      1.732000000   14.676000000 2
|491> p 1
|492> 1      1.115000000    5.175700000 2
|493> d 1
|494> 1      1.203000000   -1.816000000 2
|495> f 1
|496> 1      1.000000000    0.000000000 2
|497> end
|498> Mg>    2.00000000000   -6.33393418427    0.00000000000   -2.14155206950
|499> NewECP
|500> N_core 0
|501> lmax f
|502> s 1
|503> 1      1.732000000   14.676000000 2
|504> p 1
|505> 1      1.115000000    5.175700000 2
|506> d 1
|507> 1      1.203000000   -1.816000000 2
|508> f 1
|509> 1      1.000000000    0.000000000 2
|510> end
|511> Mg>    2.00000000000    0.00000000000    6.33393418427   -2.14155206950
|512> NewECP
|513> N_core 0
|514> lmax f
|515> s 1
|516> 1      1.732000000   14.676000000 2
|517> p 1
|518> 1      1.115000000    5.175700000 2
|519> d 1
|520> 1      1.203000000   -1.816000000 2
|521> f 1
|522> 1      1.000000000    0.000000000 2
|523> end
|524> Mg>    2.00000000000    6.33393418427    0.00000000000   -2.14155206950
|525> NewECP
|526> N_core 0
|527> lmax f
|528> s 1
|529> 1      1.732000000   14.676000000 2
|530> p 1
|531> 1      1.115000000    5.175700000 2
|532> d 1
|533> 1      1.203000000   -1.816000000 2
|534> f 1
|535> 1      1.000000000    0.000000000 2
|536> end
|537> Mg>    2.00000000000    0.00000000000   -6.33393418427   -2.14155206950
|538> NewECP
|539> N_core 0
|540> lmax f
|541> s 1
|542> 1      1.732000000   14.676000000 2
|543> p 1
|544> 1      1.115000000    5.175700000 2
|545> d 1
|546> 1      1.203000000   -1.816000000 2
|547> f 1
|548> 1      1.000000000    0.000000000 2
|549> end
|550> Mg>    2.00000000000   -2.11024676395    0.00000000000   -6.37814204923
|551> NewECP
|552> N_core 0
|553> lmax f
|554> s 1
|555> 1      1.732000000   14.676000000 2
|556> p 1
|557> 1      1.115000000    5.175700000 2
|558> d 1
|559> 1      1.203000000   -1.816000000 2
|560> f 1
|561> 1      1.000000000    0.000000000 2
|562> end
|563> Mg>    2.00000000000    0.00000000000    2.11024676395   -6.37814204923
|564> NewECP
|565> N_core 0
|566> lmax f
|567> s 1
|568> 1      1.732000000   14.676000000 2
|569> p 1
|570> 1      1.115000000    5.175700000 2
|571> d 1
|572> 1      1.203000000   -1.816000000 2
|573> f 1
|574> 1      1.000000000    0.000000000 2
|575> end
|576> Mg>    2.00000000000    2.11024676395    0.00000000000   -6.37814204923
|577> NewECP
|578> N_core 0
|579> lmax f
|580> s 1
|581> 1      1.732000000   14.676000000 2
|582> p 1
|583> 1      1.115000000    5.175700000 2
|584> d 1
|585> 1      1.203000000   -1.816000000 2
|586> f 1
|587> 1      1.000000000    0.000000000 2
|588> end
|589> Mg>    2.00000000000    0.00000000000   -2.11024676395   -6.37814204923
|590> NewECP
|591> N_core 0
|592> lmax f
|593> s 1
|594> 1      1.732000000   14.676000000 2
|595> p 1
|596> 1      1.115000000    5.175700000 2
|597> d 1
|598> 1      1.203000000   -1.816000000 2
|599> f 1
|600> 1      1.000000000    0.000000000 2
|601> end
|602> Mg>    2.00000000000   -4.22049352791    4.22049352791   -4.26789528527
|603> NewECP
|604> N_core 0
|605> lmax f
|606> s 1
|607> 1      1.732000000   14.676000000 2
|608> p 1
|609> 1      1.115000000    5.175700000 2
|610> d 1
|611> 1      1.203000000   -1.816000000 2
|612> f 1
|613> 1      1.000000000    0.000000000 2
|614> end
|615> Mg>    2.00000000000    4.22049352791    4.22049352791   -4.26789528527
|616> NewECP
|617> N_core 0
|618> lmax f
|619> s 1
|620> 1      1.732000000   14.676000000 2
|621> p 1
|622> 1      1.115000000    5.175700000 2
|623> d 1
|624> 1      1.203000000   -1.816000000 2
|625> f 1
|626> 1      1.000000000    0.000000000 2
|627> end
|628> Mg>    2.00000000000    4.22049352791   -4.22049352791   -4.26789528527
|629> NewECP
|630> N_core 0
|631> lmax f
|632> s 1
|633> 1      1.732000000   14.676000000 2
|634> p 1
|635> 1      1.115000000    5.175700000 2
|636> d 1
|637> 1      1.203000000   -1.816000000 2
|638> f 1
|639> 1      1.000000000    0.000000000 2
|640> end
|641> Mg>    2.00000000000   -4.22049352791   -4.22049352791   -4.26789528527
|642> NewECP
|643> N_core 0
|644> lmax f
|645> s 1
|646> 1      1.732000000   14.676000000 2
|647> p 1
|648> 1      1.115000000    5.175700000 2
|649> d 1
|650> 1      1.203000000   -1.816000000 2
|651> f 1
|652> 1      1.000000000    0.000000000 2
|653> end
|654> Mg>    2.00000000000   -6.33125293065    4.22049352791   -2.14445912302
|655> NewECP
|656> N_core 0
|657> lmax f
|658> s 1
|659> 1      1.732000000   14.676000000 2
|660> p 1
|661> 1      1.115000000    5.175700000 2
|662> d 1
|663> 1      1.203000000   -1.816000000 2
|664> f 1
|665> 1      1.000000000    0.000000000 2
|666> end
|667> Mg>    2.00000000000   -4.22049352791    6.33125293065   -2.14445912302
|668> NewECP
|669> N_core 0
|670> lmax f
|671> s 1
|672> 1      1.732000000   14.676000000 2
|673> p 1
|674> 1      1.115000000    5.175700000 2
|675> d 1
|676> 1      1.203000000   -1.816000000 2
|677> f 1
|678> 1      1.000000000    0.000000000 2
|679> end
|680> Mg>    2.00000000000    4.22049352791    6.33125293065   -2.14445912302
|681> NewECP
|682> N_core 0
|683> lmax f
|684> s 1
|685> 1      1.732000000   14.676000000 2
|686> p 1
|687> 1      1.115000000    5.175700000 2
|688> d 1
|689> 1      1.203000000   -1.816000000 2
|690> f 1
|691> 1      1.000000000    0.000000000 2
|692> end
|693> Mg>    2.00000000000    6.33125293065    4.22049352791   -2.14445912302
|694> NewECP
|695> N_core 0
|696> lmax f
|697> s 1
|698> 1      1.732000000   14.676000000 2
|699> p 1
|700> 1      1.115000000    5.175700000 2
|701> d 1
|702> 1      1.203000000   -1.816000000 2
|703> f 1
|704> 1      1.000000000    0.000000000 2
|705> end
|706> Mg>    2.00000000000    6.33125293065   -4.22049352791   -2.14445912302
|707> NewECP
|708> N_core 0
|709> lmax f
|710> s 1
|711> 1      1.732000000   14.676000000 2
|712> p 1
|713> 1      1.115000000    5.175700000 2
|714> d 1
|715> 1      1.203000000   -1.816000000 2
|716> f 1
|717> 1      1.000000000    0.000000000 2
|718> end
|719> Mg>    2.00000000000    4.22049352791   -6.33125293065   -2.14445912302
|720> NewECP
|721> N_core 0
|722> lmax f
|723> s 1
|724> 1      1.732000000   14.676000000 2
|725> p 1
|726> 1      1.115000000    5.175700000 2
|727> d 1
|728> 1      1.203000000   -1.816000000 2
|729> f 1
|730> 1      1.000000000    0.000000000 2
|731> end
|732> Mg>    2.00000000000   -4.22049352791   -6.33125293065   -2.14445912302
|733> NewECP
|734> N_core 0
|735> lmax f
|736> s 1
|737> 1      1.732000000   14.676000000 2
|738> p 1
|739> 1      1.115000000    5.175700000 2
|740> d 1
|741> 1      1.203000000   -1.816000000 2
|742> f 1
|743> 1      1.000000000    0.000000000 2
|744> end
|745> Mg>    2.00000000000   -6.33125293065   -4.22049352791   -2.14445912302
|746> NewECP
|747> N_core 0
|748> lmax f
|749> s 1
|750> 1      1.732000000   14.676000000 2
|751> p 1
|752> 1      1.115000000    5.175700000 2
|753> d 1
|754> 1      1.203000000   -1.816000000 2
|755> f 1
|756> 1      1.000000000    0.000000000 2
|757> end
|758> Mg>    2.00000000000   -6.33074029186    2.11024676395   -4.26789528527
|759> NewECP
|760> N_core 0
|761> lmax f
|762> s 1
|763> 1      1.732000000   14.676000000 2
|764> p 1
|765> 1      1.115000000    5.175700000 2
|766> d 1
|767> 1      1.203000000   -1.816000000 2
|768> f 1
|769> 1      1.000000000    0.000000000 2
|770> end
|771> Mg>    2.00000000000   -2.11024676395    6.33074029186   -4.26789528527
|772> NewECP
|773> N_core 0
|774> lmax f
|775> s 1
|776> 1      1.732000000   14.676000000 2
|777> p 1
|778> 1      1.115000000    5.175700000 2
|779> d 1
|780> 1      1.203000000   -1.816000000 2
|781> f 1
|782> 1      1.000000000    0.000000000 2
|783> end
|784> Mg>    2.00000000000    2.11024676395    6.33074029186   -4.26789528527
|785> NewECP
|786> N_core 0
|787> lmax f
|788> s 1
|789> 1      1.732000000   14.676000000 2
|790> p 1
|791> 1      1.115000000    5.175700000 2
|792> d 1
|793> 1      1.203000000   -1.816000000 2
|794> f 1
|795> 1      1.000000000    0.000000000 2
|796> end
|797> Mg>    2.00000000000    6.33074029186    2.11024676395   -4.26789528527
|798> NewECP
|799> N_core 0
|800> lmax f
|801> s 1
|802> 1      1.732000000   14.676000000 2
|803> p 1
|804> 1      1.115000000    5.175700000 2
|805> d 1
|806> 1      1.203000000   -1.816000000 2
|807> f 1
|808> 1      1.000000000    0.000000000 2
|809> end
|810> Mg>    2.00000000000    6.33074029186   -2.11024676395   -4.26789528527
|811> NewECP
|812> N_core 0
|813> lmax f
|814> s 1
|815> 1      1.732000000   14.676000000 2
|816> p 1
|817> 1      1.115000000    5.175700000 2
|818> d 1
|819> 1      1.203000000   -1.816000000 2
|820> f 1
|821> 1      1.000000000    0.000000000 2
|822> end
|823> Mg>    2.00000000000    2.11024676395   -6.33074029186   -4.26789528527
|824> NewECP
|825> N_core 0
|826> lmax f
|827> s 1
|828> 1      1.732000000   14.676000000 2
|829> p 1
|830> 1      1.115000000    5.175700000 2
|831> d 1
|832> 1      1.203000000   -1.816000000 2
|833> f 1
|834> 1      1.000000000    0.000000000 2
|835> end
|836> Mg>    2.00000000000   -2.11024676395   -6.33074029186   -4.26789528527
|837> NewECP
|838> N_core 0
|839> lmax f
|840> s 1
|841> 1      1.732000000   14.676000000 2
|842> p 1
|843> 1      1.115000000    5.175700000 2
|844> d 1
|845> 1      1.203000000   -1.816000000 2
|846> f 1
|847> 1      1.000000000    0.000000000 2
|848> end
|849> Mg>    2.00000000000   -6.33074029186   -2.11024676395   -4.26789528527
|850> NewECP
|851> N_core 0
|852> lmax f
|853> s 1
|854> 1      1.732000000   14.676000000 2
|855> p 1
|856> 1      1.115000000    5.175700000 2
|857> d 1
|858> 1      1.203000000   -1.816000000 2
|859> f 1
|860> 1      1.000000000    0.000000000 2
|861> end
|862> Mg>    2.00000000000   -4.22049352791    2.11024676395   -6.37814204923
|863> NewECP
|864> N_core 0
|865> lmax f
|866> s 1
|867> 1      1.732000000   14.676000000 2
|868> p 1
|869> 1      1.115000000    5.175700000 2
|870> d 1
|871> 1      1.203000000   -1.816000000 2
|872> f 1
|873> 1      1.000000000    0.000000000 2
|874> end
|875> Mg>    2.00000000000   -2.11024676395    4.22049352791   -6.37814204923
|876> NewECP
|877> N_core 0
|878> lmax f
|879> s 1
|880> 1      1.732000000   14.676000000 2
|881> p 1
|882> 1      1.115000000    5.175700000 2
|883> d 1
|884> 1      1.203000000   -1.816000000 2
|885> f 1
|886> 1      1.000000000    0.000000000 2
|887> end
|888> Mg>    2.00000000000    2.11024676395    4.22049352791   -6.37814204923
|889> NewECP
|890> N_core 0
|891> lmax f
|892> s 1
|893> 1      1.732000000   14.676000000 2
|894> p 1
|895> 1      1.115000000    5.175700000 2
|896> d 1
|897> 1      1.203000000   -1.816000000 2
|898> f 1
|899> 1      1.000000000    0.000000000 2
|900> end
|901> Mg>    2.00000000000    4.22049352791    2.11024676395   -6.37814204923
|902> NewECP
|903> N_core 0
|904> lmax f
|905> s 1
|906> 1      1.732000000   14.676000000 2
|907> p 1
|908> 1      1.115000000    5.175700000 2
|909> d 1
|910> 1      1.203000000   -1.816000000 2
|911> f 1
|912> 1      1.000000000    0.000000000 2
|913> end
|914> Mg>    2.00000000000    4.22049352791   -2.11024676395   -6.37814204923
|915> NewECP
|916> N_core 0
|917> lmax f
|918> s 1
|919> 1      1.732000000   14.676000000 2
|920> p 1
|921> 1      1.115000000    5.175700000 2
|922> d 1
|923> 1      1.203000000   -1.816000000 2
|924> f 1
|925> 1      1.000000000    0.000000000 2
|926> end
|927> Mg>    2.00000000000    2.11024676395   -4.22049352791   -6.37814204923
|928> NewECP
|929> N_core 0
|930> lmax f
|931> s 1
|932> 1      1.732000000   14.676000000 2
|933> p 1
|934> 1      1.115000000    5.175700000 2
|935> d 1
|936> 1      1.203000000   -1.816000000 2
|937> f 1
|938> 1      1.000000000    0.000000000 2
|939> end
|940> Mg>    2.00000000000   -2.11024676395   -4.22049352791   -6.37814204923
|941> NewECP
|942> N_core 0
|943> lmax f
|944> s 1
|945> 1      1.732000000   14.676000000 2
|946> p 1
|947> 1      1.115000000    5.175700000 2
|948> d 1
|949> 1      1.203000000   -1.816000000 2
|950> f 1
|951> 1      1.000000000    0.000000000 2
|952> end
|953> Mg>    2.00000000000   -4.22049352791   -2.11024676395   -6.37814204923
|954> NewECP
|955> N_core 0
|956> lmax f
|957> s 1
|958> 1      1.732000000   14.676000000 2
|959> p 1
|960> 1      1.115000000    5.175700000 2
|961> d 1
|962> 1      1.203000000   -1.816000000 2
|963> f 1
|964> 1      1.000000000    0.000000000 2
|965> end
|966> Mg>    2.00000000000   -8.44098705582    0.00000000000    0.00000000000
|967> NewECP
|968> N_core 0
|969> lmax f
|970> s 1
|971> 1      1.732000000   14.676000000 2
|972> p 1
|973> 1      1.115000000    5.175700000 2
|974> d 1
|975> 1      1.203000000   -1.816000000 2
|976> f 1
|977> 1      1.000000000    0.000000000 2
|978> end
|979> Mg>    2.00000000000    0.00000000000    8.44098705582    0.00000000000
|980> NewECP
|981> N_core 0
|982> lmax f
|983> s 1
|984> 1      1.732000000   14.676000000 2
|985> p 1
|986> 1      1.115000000    5.175700000 2
|987> d 1
|988> 1      1.203000000   -1.816000000 2
|989> f 1
|990> 1      1.000000000    0.000000000 2
|991> end
|992> Mg>    2.00000000000    8.44098705582    0.00000000000    0.00000000000
|993> NewECP
|994> N_core 0
|995> lmax f
|996> s 1
|997> 1      1.732000000   14.676000000 2
|998> p 1
|999> 1      1.115000000    5.175700000 2
|1000> d 1
|1001> 1      1.203000000   -1.816000000 2
|1002> f 1
|1003> 1      1.000000000    0.000000000 2
|1004> end
|1005> Mg>    2.00000000000    0.00000000000   -8.44098705582    0.00000000000
|1006> NewECP
|1007> N_core 0
|1008> lmax f
|1009> s 1
|1010> 1      1.732000000   14.676000000 2
|1011> p 1
|1012> 1      1.115000000    5.175700000 2
|1013> d 1
|1014> 1      1.203000000   -1.816000000 2
|1015> f 1
|1016> 1      1.000000000    0.000000000 2
|1017> end
|1018> Mg>    2.00000000000   -6.32954443328    6.32954443328   -0.04367284424
|1019> NewECP
|1020> N_core 0
|1021> lmax f
|1022> s 1
|1023> 1      1.732000000   14.676000000 2
|1024> p 1
|1025> 1      1.115000000    5.175700000 2
|1026> d 1
|1027> 1      1.203000000   -1.816000000 2
|1028> f 1
|1029> 1      1.000000000    0.000000000 2
|1030> end
|1031> Mg>    2.00000000000    6.32954443328    6.32954443328   -0.04367284424
|1032> NewECP
|1033> N_core 0
|1034> lmax f
|1035> s 1
|1036> 1      1.732000000   14.676000000 2
|1037> p 1
|1038> 1      1.115000000    5.175700000 2
|1039> d 1
|1040> 1      1.203000000   -1.816000000 2
|1041> f 1
|1042> 1      1.000000000    0.000000000 2
|1043> end
|1044> Mg>    2.00000000000    6.32954443328   -6.32954443328   -0.04367284424
|1045> NewECP
|1046> N_core 0
|1047> lmax f
|1048> s 1
|1049> 1      1.732000000   14.676000000 2
|1050> p 1
|1051> 1      1.115000000    5.175700000 2
|1052> d 1
|1053> 1      1.203000000   -1.816000000 2
|1054> f 1
|1055> 1      1.000000000    0.000000000 2
|1056> end
|1057> Mg>    2.00000000000   -6.32954443328   -6.32954443328   -0.04367284424
|1058> NewECP
|1059> N_core 0
|1060> lmax f
|1061> s 1
|1062> 1      1.732000000   14.676000000 2
|1063> p 1
|1064> 1      1.115000000    5.175700000 2
|1065> d 1
|1066> 1      1.203000000   -1.816000000 2
|1067> f 1
|1068> 1      1.000000000    0.000000000 2
|1069> end
|1070> Mg>    2.00000000000   -8.44098705582    2.10705287155   -2.14155206950
|1071> NewECP
|1072> N_core 0
|1073> lmax f
|1074> s 1
|1075> 1      1.732000000   14.676000000 2
|1076> p 1
|1077> 1      1.115000000    5.175700000 2
|1078> d 1
|1079> 1      1.203000000   -1.816000000 2
|1080> f 1
|1081> 1      1.000000000    0.000000000 2
|1082> end
|1083> Mg>    2.00000000000   -2.10705287155    8.44098705582   -2.14155206950
|1084> NewECP
|1085> N_core 0
|1086> lmax f
|1087> s 1
|1088> 1      1.732000000   14.676000000 2
|1089> p 1
|1090> 1      1.115000000    5.175700000 2
|1091> d 1
|1092> 1      1.203000000   -1.816000000 2
|1093> f 1
|1094> 1      1.000000000    0.000000000 2
|1095> end
|1096> Mg>    2.00000000000    2.10705287155    8.44098705582   -2.14155206950
|1097> NewECP
|1098> N_core 0
|1099> lmax f
|1100> s 1
|1101> 1      1.732000000   14.676000000 2
|1102> p 1
|1103> 1      1.115000000    5.175700000 2
|1104> d 1
|1105> 1      1.203000000   -1.816000000 2
|1106> f 1
|1107> 1      1.000000000    0.000000000 2
|1108> end
|1109> Mg>    2.00000000000    8.44098705582    2.10705287155   -2.14155206950
|1110> NewECP
|1111> N_core 0
|1112> lmax f
|1113> s 1
|1114> 1      1.732000000   14.676000000 2
|1115> p 1
|1116> 1      1.115000000    5.175700000 2
|1117> d 1
|1118> 1      1.203000000   -1.816000000 2
|1119> f 1
|1120> 1      1.000000000    0.000000000 2
|1121> end
|1122> Mg>    2.00000000000    8.44098705582   -2.10705287155   -2.14155206950
|1123> NewECP
|1124> N_core 0
|1125> lmax f
|1126> s 1
|1127> 1      1.732000000   14.676000000 2
|1128> p 1
|1129> 1      1.115000000    5.175700000 2
|1130> d 1
|1131> 1      1.203000000   -1.816000000 2
|1132> f 1
|1133> 1      1.000000000    0.000000000 2
|1134> end
|1135> Mg>    2.00000000000    2.10705287155   -8.44098705582   -2.14155206950
|1136> NewECP
|1137> N_core 0
|1138> lmax f
|1139> s 1
|1140> 1      1.732000000   14.676000000 2
|1141> p 1
|1142> 1      1.115000000    5.175700000 2
|1143> d 1
|1144> 1      1.203000000   -1.816000000 2
|1145> f 1
|1146> 1      1.000000000    0.000000000 2
|1147> end
|1148> Mg>    2.00000000000   -2.10705287155   -8.44098705582   -2.14155206950
|1149> NewECP
|1150> N_core 0
|1151> lmax f
|1152> s 1
|1153> 1      1.732000000   14.676000000 2
|1154> p 1
|1155> 1      1.115000000    5.175700000 2
|1156> d 1
|1157> 1      1.203000000   -1.816000000 2
|1158> f 1
|1159> 1      1.000000000    0.000000000 2
|1160> end
|1161> Mg>    2.00000000000   -8.44098705582   -2.10705287155   -2.14155206950
|1162> NewECP
|1163> N_core 0
|1164> lmax f
|1165> s 1
|1166> 1      1.732000000   14.676000000 2
|1167> p 1
|1168> 1      1.115000000    5.175700000 2
|1169> d 1
|1170> 1      1.203000000   -1.816000000 2
|1171> f 1
|1172> 1      1.000000000    0.000000000 2
|1173> end
|1174> Mg>    2.00000000000   -6.33074029186    0.00000000000   -6.37814204923
|1175> NewECP
|1176> N_core 0
|1177> lmax f
|1178> s 1
|1179> 1      1.732000000   14.676000000 2
|1180> p 1
|1181> 1      1.115000000    5.175700000 2
|1182> d 1
|1183> 1      1.203000000   -1.816000000 2
|1184> f 1
|1185> 1      1.000000000    0.000000000 2
|1186> end
|1187> Mg>    2.00000000000    0.00000000000    6.33074029186   -6.37814204923
|1188> NewECP
|1189> N_core 0
|1190> lmax f
|1191> s 1
|1192> 1      1.732000000   14.676000000 2
|1193> p 1
|1194> 1      1.115000000    5.175700000 2
|1195> d 1
|1196> 1      1.203000000   -1.816000000 2
|1197> f 1
|1198> 1      1.000000000    0.000000000 2
|1199> end
|1200> Mg>    2.00000000000    6.33074029186    0.00000000000   -6.37814204923
|1201> NewECP
|1202> N_core 0
|1203> lmax f
|1204> s 1
|1205> 1      1.732000000   14.676000000 2
|1206> p 1
|1207> 1      1.115000000    5.175700000 2
|1208> d 1
|1209> 1      1.203000000   -1.816000000 2
|1210> f 1
|1211> 1      1.000000000    0.000000000 2
|1212> end
|1213> Mg>    2.00000000000    0.00000000000   -6.33074029186   -6.37814204923
|1214> NewECP
|1215> N_core 0
|1216> lmax f
|1217> s 1
|1218> 1      1.732000000   14.676000000 2
|1219> p 1
|1220> 1      1.115000000    5.175700000 2
|1221> d 1
|1222> 1      1.203000000   -1.816000000 2
|1223> f 1
|1224> 1      1.000000000    0.000000000 2
|1225> end
|1226> Mg>    2.00000000000   -8.44098705582    4.22049352791   -0.04269731856
|1227> NewECP
|1228> N_core 0
|1229> lmax f
|1230> s 1
|1231> 1      1.732000000   14.676000000 2
|1232> p 1
|1233> 1      1.115000000    5.175700000 2
|1234> d 1
|1235> 1      1.203000000   -1.816000000 2
|1236> f 1
|1237> 1      1.000000000    0.000000000 2
|1238> end
|1239> Mg>    2.00000000000   -4.22049352791    8.44098705582   -0.04269731856
|1240> NewECP
|1241> N_core 0
|1242> lmax f
|1243> s 1
|1244> 1      1.732000000   14.676000000 2
|1245> p 1
|1246> 1      1.115000000    5.175700000 2
|1247> d 1
|1248> 1      1.203000000   -1.816000000 2
|1249> f 1
|1250> 1      1.000000000    0.000000000 2
|1251> end
|1252> Mg>    2.00000000000    4.22049352791    8.44098705582   -0.04269731856
|1253> NewECP
|1254> N_core 0
|1255> lmax f
|1256> s 1
|1257> 1      1.732000000   14.676000000 2
|1258> p 1
|1259> 1      1.115000000    5.175700000 2
|1260> d 1
|1261> 1      1.203000000   -1.816000000 2
|1262> f 1
|1263> 1      1.000000000    0.000000000 2
|1264> end
|1265> Mg>    2.00000000000    8.44098705582    4.22049352791   -0.04269731856
|1266> NewECP
|1267> N_core 0
|1268> lmax f
|1269> s 1
|1270> 1      1.732000000   14.676000000 2
|1271> p 1
|1272> 1      1.115000000    5.175700000 2
|1273> d 1
|1274> 1      1.203000000   -1.816000000 2
|1275> f 1
|1276> 1      1.000000000    0.000000000 2
|1277> end
|1278> Mg>    2.00000000000    8.44098705582   -4.22049352791   -0.04269731856
|1279> NewECP
|1280> N_core 0
|1281> lmax f
|1282> s 1
|1283> 1      1.732000000   14.676000000 2
|1284> p 1
|1285> 1      1.115000000    5.175700000 2
|1286> d 1
|1287> 1      1.203000000   -1.816000000 2
|1288> f 1
|1289> 1      1.000000000    0.000000000 2
|1290> end
|1291> Mg>    2.00000000000    4.22049352791   -8.44098705582   -0.04269731856
|1292> NewECP
|1293> N_core 0
|1294> lmax f
|1295> s 1
|1296> 1      1.732000000   14.676000000 2
|1297> p 1
|1298> 1      1.115000000    5.175700000 2
|1299> d 1
|1300> 1      1.203000000   -1.816000000 2
|1301> f 1
|1302> 1      1.000000000    0.000000000 2
|1303> end
|1304> Mg>    2.00000000000   -4.22049352791   -8.44098705582   -0.04269731856
|1305> NewECP
|1306> N_core 0
|1307> lmax f
|1308> s 1
|1309> 1      1.732000000   14.676000000 2
|1310> p 1
|1311> 1      1.115000000    5.175700000 2
|1312> d 1
|1313> 1      1.203000000   -1.816000000 2
|1314> f 1
|1315> 1      1.000000000    0.000000000 2
|1316> end
|1317> Mg>    2.00000000000   -8.44098705582   -4.22049352791   -0.04269731856
|1318> NewECP
|1319> N_core 0
|1320> lmax f
|1321> s 1
|1322> 1      1.732000000   14.676000000 2
|1323> p 1
|1324> 1      1.115000000    5.175700000 2
|1325> d 1
|1326> 1      1.203000000   -1.816000000 2
|1327> f 1
|1328> 1      1.000000000    0.000000000 2
|1329> end
|1330> Mg>    2.00000000000   -8.44098705582    0.00000000000   -4.26789528527
|1331> NewECP
|1332> N_core 0
|1333> lmax f
|1334> s 1
|1335> 1      1.732000000   14.676000000 2
|1336> p 1
|1337> 1      1.115000000    5.175700000 2
|1338> d 1
|1339> 1      1.203000000   -1.816000000 2
|1340> f 1
|1341> 1      1.000000000    0.000000000 2
|1342> end
|1343> Mg>    2.00000000000    0.00000000000    8.44098705582   -4.26789528527
|1344> NewECP
|1345> N_core 0
|1346> lmax f
|1347> s 1
|1348> 1      1.732000000   14.676000000 2
|1349> p 1
|1350> 1      1.115000000    5.175700000 2
|1351> d 1
|1352> 1      1.203000000   -1.816000000 2
|1353> f 1
|1354> 1      1.000000000    0.000000000 2
|1355> end
|1356> Mg>    2.00000000000    8.44098705582    0.00000000000   -4.26789528527
|1357> NewECP
|1358> N_core 0
|1359> lmax f
|1360> s 1
|1361> 1      1.732000000   14.676000000 2
|1362> p 1
|1363> 1      1.115000000    5.175700000 2
|1364> d 1
|1365> 1      1.203000000   -1.816000000 2
|1366> f 1
|1367> 1      1.000000000    0.000000000 2
|1368> end
|1369> Mg>    2.00000000000    0.00000000000   -8.44098705582   -4.26789528527
|1370> NewECP
|1371> N_core 0
|1372> lmax f
|1373> s 1
|1374> 1      1.732000000   14.676000000 2
|1375> p 1
|1376> 1      1.115000000    5.175700000 2
|1377> d 1
|1378> 1      1.203000000   -1.816000000 2
|1379> f 1
|1380> 1      1.000000000    0.000000000 2
|1381> end
|1382> Mg>    2.00000000000  -10.55242967836    2.11144262254   -0.04367284424
|1383> NewECP
|1384> N_core 0
|1385> lmax f
|1386> s 1
|1387> 1      1.732000000   14.676000000 2
|1388> p 1
|1389> 1      1.115000000    5.175700000 2
|1390> d 1
|1391> 1      1.203000000   -1.816000000 2
|1392> f 1
|1393> 1      1.000000000    0.000000000 2
|1394> end
|1395> Mg>    2.00000000000   -2.11144262254   10.55242967836   -0.04367284424
|1396> NewECP
|1397> N_core 0
|1398> lmax f
|1399> s 1
|1400> 1      1.732000000   14.676000000 2
|1401> p 1
|1402> 1      1.115000000    5.175700000 2
|1403> d 1
|1404> 1      1.203000000   -1.816000000 2
|1405> f 1
|1406> 1      1.000000000    0.000000000 2
|1407> end
|1408> Mg>    2.00000000000    2.11144262254   10.55242967836   -0.04367284424
|1409> NewECP
|1410> N_core 0
|1411> lmax f
|1412> s 1
|1413> 1      1.732000000   14.676000000 2
|1414> p 1
|1415> 1      1.115000000    5.175700000 2
|1416> d 1
|1417> 1      1.203000000   -1.816000000 2
|1418> f 1
|1419> 1      1.000000000    0.000000000 2
|1420> end
|1421> Mg>    2.00000000000   10.55242967836    2.11144262254   -0.04367284424
|1422> NewECP
|1423> N_core 0
|1424> lmax f
|1425> s 1
|1426> 1      1.732000000   14.676000000 2
|1427> p 1
|1428> 1      1.115000000    5.175700000 2
|1429> d 1
|1430> 1      1.203000000   -1.816000000 2
|1431> f 1
|1432> 1      1.000000000    0.000000000 2
|1433> end
|1434> Mg>    2.00000000000   10.55242967836   -2.11144262254   -0.04367284424
|1435> NewECP
|1436> N_core 0
|1437> lmax f
|1438> s 1
|1439> 1      1.732000000   14.676000000 2
|1440> p 1
|1441> 1      1.115000000    5.175700000 2
|1442> d 1
|1443> 1      1.203000000   -1.816000000 2
|1444> f 1
|1445> 1      1.000000000    0.000000000 2
|1446> end
|1447> Mg>    2.00000000000    2.11144262254  -10.55242967836   -0.04367284424
|1448> NewECP
|1449> N_core 0
|1450> lmax f
|1451> s 1
|1452> 1      1.732000000   14.676000000 2
|1453> p 1
|1454> 1      1.115000000    5.175700000 2
|1455> d 1
|1456> 1      1.203000000   -1.816000000 2
|1457> f 1
|1458> 1      1.000000000    0.000000000 2
|1459> end
|1460> Mg>    2.00000000000   -2.11144262254  -10.55242967836   -0.04367284424
|1461> NewECP
|1462> N_core 0
|1463> lmax f
|1464> s 1
|1465> 1      1.732000000   14.676000000 2
|1466> p 1
|1467> 1      1.115000000    5.175700000 2
|1468> d 1
|1469> 1      1.203000000   -1.816000000 2
|1470> f 1
|1471> 1      1.000000000    0.000000000 2
|1472> end
|1473> Mg>    2.00000000000  -10.55242967836   -2.11144262254   -0.04367284424
|1474> NewECP
|1475> N_core 0
|1476> lmax f
|1477> s 1
|1478> 1      1.732000000   14.676000000 2
|1479> p 1
|1480> 1      1.115000000    5.175700000 2
|1481> d 1
|1482> 1      1.203000000   -1.816000000 2
|1483> f 1
|1484> 1      1.000000000    0.000000000 2
|1485> end
|1486> Mg>    2.00000000000  -10.54803992736    0.00000000000   -2.14155206950
|1487> NewECP
|1488> N_core 0
|1489> lmax f
|1490> s 1
|1491> 1      1.732000000   14.676000000 2
|1492> p 1
|1493> 1      1.115000000    5.175700000 2
|1494> d 1
|1495> 1      1.203000000   -1.816000000 2
|1496> f 1
|1497> 1      1.000000000    0.000000000 2
|1498> end
|1499> Mg>    2.00000000000    0.00000000000   10.54803992736   -2.14155206950
|1500> NewECP
|1501> N_core 0
|1502> lmax f
|1503> s 1
|1504> 1      1.732000000   14.676000000 2
|1505> p 1
|1506> 1      1.115000000    5.175700000 2
|1507> d 1
|1508> 1      1.203000000   -1.816000000 2
|1509> f 1
|1510> 1      1.000000000    0.000000000 2
|1511> end
|1512> Mg>    2.00000000000   10.54803992736    0.00000000000   -2.14155206950
|1513> NewECP
|1514> N_core 0
|1515> lmax f
|1516> s 1
|1517> 1      1.732000000   14.676000000 2
|1518> p 1
|1519> 1      1.115000000    5.175700000 2
|1520> d 1
|1521> 1      1.203000000   -1.816000000 2
|1522> f 1
|1523> 1      1.000000000    0.000000000 2
|1524> end
|1525> Mg>    2.00000000000    0.00000000000  -10.54803992736   -2.14155206950
|1526> NewECP
|1527> N_core 0
|1528> lmax f
|1529> s 1
|1530> 1      1.732000000   14.676000000 2
|1531> p 1
|1532> 1      1.115000000    5.175700000 2
|1533> d 1
|1534> 1      1.203000000   -1.816000000 2
|1535> f 1
|1536> 1      1.000000000    0.000000000 2
|1537> end
|1538> end
|1539> end
|1540>  
|1541> 
|1542>                          ****END OF INPUT****
================================================================================
----------------
TOTAL SCF ENERGY
----------------

Total Energy       :      -5061.21266469595230 Eh         -137722.59829 eV

Components:
Nuclear Repulsion  :       5179.26812165212687 Eh          140935.05059 eV
Electronic Energy  :     -10240.48719460386383 Eh         -278657.82326 eV
One Electron Energy:     -18288.65424561891632 Eh         -497659.58255 eV
Two Electron Energy:       8048.16705101505249 Eh          219001.75929 eV

Virial components:
Potential Energy   :      -8723.07130339229843 Eh         -237366.83766 eV
Kinetic Energy     :       3661.85863869634659 Eh           99644.23937 eV
Virial Ratio       :          2.38214310383587

--------------------Output has been truncated-------------------------


--------------------Output has been truncated-------------------------


--------------------Output has been truncated-------------------------


--------------------Output has been truncated-------------------------


--------------------Output has been truncated-------------------------


--------------------Output has been truncated-------------------------


--------------------Output has been truncated-------------------------


--------------------Output has been truncated-------------------------


--------------------Output has been truncated-------------------------


--------------------Output has been truncated-------------------------



                                 *****************
                                 * O   R   C   A *
DIIS solution               ....       4.060 sec  (  2.9%)
SOSCF solution              ....       0.424 sec  (  0.3%)
Finished LeanSCF after 141.4 sec

Maximum memory used throughout the entire LEANSCF-calculation: 70.2 MB

-------------------------   --------------------
FINAL SINGLE POINT ENERGY     -5061.212664695952
-------------------------   --------------------
TOTAL RUN TIME: 0 days 0 hours 2 minutes 47 seconds 918 msec
