 **********************************************************************
                          MRCC program system
 **********************************************************************
 
                              Written by
     Mihaly Kallay, Peter R. Nagy, David Mester, Laszlo Gyevi-Nagy,
        Jozsef Csoka, P. Bernat Szabo, Zoltan Rolik, Gyula Samu,
     Jozsef Csontos, Bence Hegely, Adam Ganyecz, Istvan Ladjanszki,
       Lorant Szegedy, Bence Ladoczki, Klara Petrov, Mate Farkas,
                    Pal D. Mezei, and Reka A. Horvath
 
        Department of Physical Chemistry and Materials Science
            Budapest University of Technology and Economics
                  Budapest P.O.Box 91, H-1521 Hungary
 
                              www.mrcc.hu
 
                      Release date: March 18, 2022

 ************************ 2023-02-05 13:12:27 *************************
 Executing minp...

 Reading input from MINP...
 
 Input file:
 
calc=FNO-CCSD(T)
verbosity=3
mem=220GB
unit=angs
scfiguess=small
scfalg=locfit1
ccmaxit=400
ccsdalg=dfdirect
ccsdthreads=4
ccsdmkl=thr
ptthreads=4
lnoepsv=1e-5
naf_cor=1e-2
basis=aug-cc-pVQZ
basis_sm=def2-SVP
dfbasis_scf=def2-QZVPP-RI-JK
dfbasis_cor=aug-cc-pVQZ-RI
unit=angs
geom=xyz
16

C    34.41670262    34.07107264    10.41543014
C    33.11117461    33.45680459    10.91530835
H    34.24160149    35.00442132     9.86225048
H    34.94674030    33.36940783     9.75379242
H    35.10002891    34.30603621    11.24227357
H    32.42643037    33.26105434    10.07939442
H    32.59136835    34.12756100    11.61262818
H    33.28915165    32.50678735    11.43686767
C    34.41672034    38.29159093    10.41548088
C    33.11116301    37.67729539    10.91529140
H    34.24151778    39.22503006     9.86250154
H    34.94669279    37.58971855     9.75399090
H    35.10030311    38.52667515    11.24209422
H    32.42628860    37.48139737    10.07951373
H    32.59132561    38.34822797    11.61243196
H    33.28922462    36.72719264    11.43663402

--------------------Output has been truncated-------------------------


--------------------Output has been truncated-------------------------


--------------------Output has been truncated-------------------------


--------------------Output has been truncated-------------------------


--------------------Output has been truncated-------------------------


--------------------Output has been truncated-------------------------


--------------------Output has been truncated-------------------------


--------------------Output has been truncated-------------------------


--------------------Output has been truncated-------------------------


--------------------Output has been truncated-------------------------


 
 Reference energy [au]:                       -79.264446079395
 DF-MP2 singlet pair energy [au]:              -0.317806703908
 DF-MP2 triplet pair energy [au]:              -0.076913452702
 DF-SCS-MP2 correlation energy [au]:           -0.407005862257
 DF-SCS-MP2 energy [au]:                      -79.671451941652
 DF-SOS-MP2 correlation energy [au]:           -0.413148715081
 DF-SOS-MP2 energy [au]:                      -79.677594794475
 DF-MP2 correlation energy [au]:               -0.394720156610
 DF-MP2 energy [au]:                          -79.659166236005

 Results in FNO basis:
 
 
 Reference energy [au]:                       -79.264446079395
 DF-MP2 singlet pair energy [au]:              -0.312583585403
 DF-MP2 triplet pair energy [au]:              -0.076623873387
 DF-SCS-MP2 correlation energy [au]:           -0.400641593612
 DF-SCS-MP2 energy [au]:                      -79.665087673007
 DF-SOS-MP2 correlation energy [au]:           -0.406358661024
 DF-SOS-MP2 energy [au]:                      -79.670804740418
 DF-MP2 correlation energy [au]:               -0.389207458790
 DF-MP2 energy [au]:                          -79.653653538184

 Results in NAF basis:
 
 
 Reference energy [au]:                       -79.264446079395
 DF-MP2 singlet pair energy [au]:              -0.312562614584
 DF-MP2 triplet pair energy [au]:              -0.076631935015
 DF-SCS-MP2 correlation energy [au]:           -0.400619115840
 DF-SCS-MP2 energy [au]:                      -79.665065195234
 DF-SOS-MP2 correlation energy [au]:           -0.406331398960
 DF-SOS-MP2 energy [au]:                      -79.670777478354
 DF-MP2 correlation energy [au]:               -0.389194549600
 DF-MP2 energy [au]:                          -79.653640628994

 ************************ 2023-02-05 13:14:25 *************************
 Executing ccsd...

 Allocation of 220.0 Gbytes of memory...

 Direct DF-CCSD(T) calculation
 
 Convergence criterion:  1.0E-06
 
 Number of occupied/virtual/auxiliary orbitals:     7   175   553
    851.81 MB is the minimal memory requirement for (T)
    190.95 MB is the minimal memory requirement for CCSD
 
 Reference energy [au]:             -79.264446079395
 T1 contribution [au]:                0.000000000000
 Same spin MP2 energy [au]:          -0.076627901726
 Opposite spin MP2 energy [au]:      -0.312573095397
 MP2 correlation energy [au]:        -0.389200997123
 Total MP2 energy [au]:             -79.653647076518
 MP2 correction [au]:                -0.005519159487
 
 
 CPU time [min]:     0.402                   Wall time [min]:     0.050
 
 Starting CCSD iterations...
 
                     Residual norm          Energy
 Iteration  1        0.179606006898      -79.671552613208
 Iteration  2        0.044514360409      -79.681134101547
 Iteration  3        0.013092735178      -79.682270395825
 Iteration  4        0.002650316115      -79.682277595067
 Iteration  5        0.000560978102      -79.682283461299
 Iteration  6        0.000156929376      -79.682285512426
 Iteration  7        0.000037093281      -79.682285287031
 Iteration  8        0.000009997679      -79.682285651033
 
 CCSD iteration has converged in  8 steps.
     3805.43 MB memory was utilized by CCSD
 
 T1 diagnostic:      8.231E-03            D1 diagnostic:      1.428E-02
 
 T1 contribution [au]:                                  0.000000000000
 PPL energy contribution [au]:                          0.108954994677
 Scaled PPL energy contribution [au]:                   0.110509721415

 OS-PPL energy contribution [au]:                       0.095560600886
 Scaled OS-PPL energy contribution [au]:                0.097170752962
 SS-PPL energy contribution [au]:                       0.013394393791
 Scaled SS-PPL energy contribution [au]:                0.013443100479

 Opposite spin CCSD energy [au]:                       -0.345167677057
 Same spin CCSD energy [au]:                           -0.072679658050
 CCSD correlation energy [au]:                         -0.417847335106
 CCSD correlation energy + MP2 correction [au]:        -0.423366494593
 CCSD correlation energy + MP2 + PPL corr. [au]:       -0.421811767855
 Total CCSD energy [au]:                              -79.682293414501
 Total CCSD energy + MP2 correction [au]:             -79.687812573988
 Total CCSD energy + MP2 + PPL corr. [au]:            -79.686257847250
 
 CPU time [min]:     6.509                   Wall time [min]:     0.237
 
 Calculation of (T) correction...
 
 
      783.82 MB memory is utilized for (T)

 0%       25%       50%       75%       100%
 |---------|---------|---------|---------| 
 
 (T) correction [au]:                                    -0.014765412238
 (T*) correction [au]:                                   -0.014974796761
 (T+) correction [au]:                                   -0.014971233979
 CCSD(T) correlation energy [au]:                        -0.432612747345
 CCSD(T) correlation energy + MP2 correction [au]:       -0.438131906831
 CCSD(T+) correlation en. + MP2 + PPL corr. [au]:        -0.436783001834
 Total CCSD(T) energy [au]:                             -79.697058826739
 Total CCSD(T) energy + MP2 correction [au]:            -79.702577986226
 Total CCSD(T+) energy + MP2 + PPL corr. [au]:          -79.701229081228
 
 CPU time [min]:     8.272                   Wall time [min]:     0.306
 
 ************************ 2023-02-05 13:14:43 *************************
                      Normal termination of mrcc.
 **********************************************************************
