 **********************************************************************
                          MRCC program system
 **********************************************************************
 
                              Written by
     Mihaly Kallay, Peter R. Nagy, David Mester, Laszlo Gyevi-Nagy,
        Jozsef Csoka, P. Bernat Szabo, Zoltan Rolik, Gyula Samu,
     Jozsef Csontos, Bence Hegely, Adam Ganyecz, Istvan Ladjanszki,
       Lorant Szegedy, Bence Ladoczki, Klara Petrov, Mate Farkas,
                    Pal D. Mezei, and Reka A. Horvath
 
        Department of Physical Chemistry and Materials Science
            Budapest University of Technology and Economics
                  Budapest P.O.Box 91, H-1521 Hungary
 
                              www.mrcc.hu
 
                      Release date: March 18, 2022

 ************************ 2023-02-04 11:39:19 *************************
 Executing minp...

 Reading input from MINP...
 
 Input file:
 
calc=FNO-CCSD(T)
verbosity=3
mem=220GB
unit=angs
scfiguess=small
scfalg=locfit1
ccmaxit=400
ccsdalg=dfdirect
ccsdthreads=4
ccsdmkl=thr
ptthreads=4
lnoepsv=1e-5
naf_cor=1e-2
basis=aug-cc-pVQZ
basis_sm=def2-SVP
dfbasis_scf=def2-QZVPP-RI-JK
dfbasis_cor=aug-cc-pVQZ-RI
unit=angs
geom=xyz
10

C    29.54344629    29.54344629    16.97505516
H    29.54344670    30.44187631    17.60392580
H    29.54344662    28.64496649    17.60393442
H    30.44658454    29.54342777    16.34911135
H    28.64030918    29.54342779    16.34911130
C    25.32295389    33.76393881    16.97520498
H    25.32295437    34.66240904    17.60413400
H    26.22584939    33.76392005    16.34891492
H    25.32295426    32.86541825    17.60414260
H    24.42005953    33.76392017    16.34891491

--------------------Output has been truncated-------------------------


--------------------Output has been truncated-------------------------


--------------------Output has been truncated-------------------------


--------------------Output has been truncated-------------------------


--------------------Output has been truncated-------------------------


--------------------Output has been truncated-------------------------


--------------------Output has been truncated-------------------------


--------------------Output has been truncated-------------------------


--------------------Output has been truncated-------------------------


--------------------Output has been truncated-------------------------


 
 Reference energy [au]:                       -40.215615085735
 DF-MP2 singlet pair energy [au]:              -0.173755952193
 DF-MP2 triplet pair energy [au]:              -0.037498605530
 DF-SCS-MP2 correlation energy [au]:           -0.221006677808
 DF-SCS-MP2 energy [au]:                      -40.436621763543
 DF-SOS-MP2 correlation energy [au]:           -0.225882737851
 DF-SOS-MP2 energy [au]:                      -40.441497823586
 DF-MP2 correlation energy [au]:               -0.211254557723
 DF-MP2 energy [au]:                          -40.426869643458

 Results in FNO basis:
 
 
 Reference energy [au]:                       -40.215615085735
 DF-MP2 singlet pair energy [au]:              -0.170619511298
 DF-MP2 triplet pair energy [au]:              -0.037357174475
 DF-SCS-MP2 correlation energy [au]:           -0.217195805050
 DF-SCS-MP2 energy [au]:                      -40.432810890785
 DF-SOS-MP2 correlation energy [au]:           -0.221805364688
 DF-SOS-MP2 energy [au]:                      -40.437420450423
 DF-MP2 correlation energy [au]:               -0.207976685773
 DF-MP2 energy [au]:                          -40.423591771508

 Results in NAF basis:
 
 
 Reference energy [au]:                       -40.215615085735
 DF-MP2 singlet pair energy [au]:              -0.170601855677
 DF-MP2 triplet pair energy [au]:              -0.037363847149
 DF-SCS-MP2 correlation energy [au]:           -0.217176842529
 DF-SCS-MP2 energy [au]:                      -40.432791928264
 DF-SOS-MP2 correlation energy [au]:           -0.221782412380
 DF-SOS-MP2 energy [au]:                      -40.437397498115
 DF-MP2 correlation energy [au]:               -0.207965702826
 DF-MP2 energy [au]:                          -40.423580788561

 ************************ 2023-02-04 11:40:02 *************************
 Executing ccsd...

 Allocation of 220.0 Gbytes of memory...

 Direct DF-CCSD(T) calculation
 
 Convergence criterion:  1.0E-06
 
 Number of occupied/virtual/auxiliary orbitals:     4   101   320
    163.36 MB is the minimal memory requirement for (T)
     39.40 MB is the minimal memory requirement for CCSD
 
 Reference energy [au]:             -40.215615085735
 T1 contribution [au]:                0.000000000000
 Same spin MP2 energy [au]:          -0.037360506372
 Opposite spin MP2 energy [au]:      -0.170610673716
 MP2 correlation energy [au]:        -0.207971180087
 Total MP2 energy [au]:             -40.423586265822
 MP2 correction [au]:                -0.003283377636
 
 
 CPU time [min]:     0.175                   Wall time [min]:     0.008
 
 Starting CCSD iterations...
 
                     Residual norm          Energy
 Iteration  1        0.138680735691      -40.436530983427
 Iteration  2        0.035376235826      -40.442054521479
 Iteration  3        0.009771874194      -40.442637265375
 Iteration  4        0.002020927780      -40.442641764610
 Iteration  5        0.000374893312      -40.442648274423
 Iteration  6        0.000084796230      -40.442648151237
 Iteration  7        0.000020223185      -40.442648841285
 Iteration  8        0.000003738637      -40.442648898221
 
 CCSD iteration has converged in  8 steps.
      444.29 MB memory was utilized by CCSD
 
 T1 diagnostic:      7.996E-03            D1 diagnostic:      1.292E-02
 
 T1 contribution [au]:                                  0.000000000000
 PPL energy contribution [au]:                          0.060602996446
 Scaled PPL energy contribution [au]:                   0.061560376155

 OS-PPL energy contribution [au]:                       0.053774444692
 Scaled OS-PPL energy contribution [au]:                0.054768088147
 SS-PPL energy contribution [au]:                       0.006828551754
 Scaled SS-PPL energy contribution [au]:                0.006852877158

 Opposite spin CCSD energy [au]:                       -0.191004472430
 Same spin CCSD energy [au]:                           -0.036036150778
 CCSD correlation energy [au]:                         -0.227040623208
 CCSD correlation energy + MP2 correction [au]:        -0.230324000845
 CCSD correlation energy + MP2 + PPL corr. [au]:       -0.229366621136
 Total CCSD energy [au]:                              -40.442655708943
 Total CCSD energy + MP2 correction [au]:             -40.445939086579
 Total CCSD energy + MP2 + PPL corr. [au]:            -40.444981706871
 
 CPU time [min]:     0.908                   Wall time [min]:     0.029
 
 Calculation of (T) correction...
 
 
      124.68 MB memory is utilized for (T)

 0%       25%       50%       75%       100%
 |---------|---------|---------|---------| 
 
 (T) correction [au]:                                    -0.006941854318
 (T*) correction [au]:                                   -0.007051449932
 (T+) correction [au]:                                   -0.007051043740
 CCSD(T) correlation energy [au]:                        -0.233982477526
 CCSD(T) correlation energy + MP2 correction [au]:       -0.237265855162
 CCSD(T+) correlation en. + MP2 + PPL corr. [au]:        -0.236417664876
 Total CCSD(T) energy [au]:                             -40.449597563261
 Total CCSD(T) energy + MP2 correction [au]:            -40.452880940897
 Total CCSD(T+) energy + MP2 + PPL corr. [au]:          -40.452032750611
 
 CPU time [min]:     0.993                   Wall time [min]:     0.031
 
 ************************ 2023-02-04 11:40:04 *************************
                      Normal termination of mrcc.
 **********************************************************************
