 **********************************************************************
                          MRCC program system
 **********************************************************************
 
                              Written by
     Mihaly Kallay, Peter R. Nagy, David Mester, Laszlo Gyevi-Nagy,
        Jozsef Csoka, P. Bernat Szabo, Zoltan Rolik, Gyula Samu,
     Jozsef Csontos, Bence Hegely, Adam Ganyecz, Istvan Ladjanszki,
       Lorant Szegedy, Bence Ladoczki, Klara Petrov, Mate Farkas,
                    Pal D. Mezei, and Reka A. Horvath
 
        Department of Physical Chemistry and Materials Science
            Budapest University of Technology and Economics
                  Budapest P.O.Box 91, H-1521 Hungary
 
                              www.mrcc.hu
 
                      Release date: March 18, 2022

 ************************ 2023-02-05 13:17:31 *************************
 Executing minp...

 Reading input from MINP...
 
 Input file:
 
calc=FNO-CCSD(T)
verbosity=3
mem=220GB
unit=angs
scfiguess=small
scfalg=locfit1
ccmaxit=400
ccsdalg=dfdirect
ccsdthreads=4
ccsdmkl=thr
ptthreads=4
lnoepsv=1e-5
naf_cor=1e-2
basis=aug-cc-pVTZ
basis_sm=def2-SVP
dfbasis_scf=def2-QZVPP-RI-JK
dfbasis_cor=aug-cc-pVTZ-RI
unit=angs
geom=xyz
16

C    34.41670262    34.07107264    10.41543014
C    33.11117461    33.45680459    10.91530835
H    34.24160149    35.00442132     9.86225048
H    34.94674030    33.36940783     9.75379242
H    35.10002891    34.30603621    11.24227357
H    32.42643037    33.26105434    10.07939442
H    32.59136835    34.12756100    11.61262818
H    33.28915165    32.50678735    11.43686767
C    45.74245317    40.40201188    10.40841099
C    47.04217115    39.78817777    10.92356869
H    45.21721276    39.69780620     9.74571409
H    45.92448905    41.33295122     9.85291346
H    45.05142584    40.64264616    11.22702485
H    47.73601157    39.59153653    10.09551480
H    46.85793094    38.83865821    11.44396498
H    47.55429059    40.45971964    11.62587494

--------------------Output has been truncated-------------------------


--------------------Output has been truncated-------------------------


--------------------Output has been truncated-------------------------


--------------------Output has been truncated-------------------------


--------------------Output has been truncated-------------------------


--------------------Output has been truncated-------------------------


--------------------Output has been truncated-------------------------


--------------------Output has been truncated-------------------------


--------------------Output has been truncated-------------------------


--------------------Output has been truncated-------------------------


 
 Reference energy [au]:                       -79.259550506765
 DF-MP2 singlet pair energy [au]:              -0.300254327476
 DF-MP2 triplet pair energy [au]:              -0.075031447765
 DF-SCS-MP2 correlation energy [au]:           -0.385315675559
 DF-SCS-MP2 energy [au]:                      -79.644866182324
 DF-SOS-MP2 correlation energy [au]:           -0.390330625718
 DF-SOS-MP2 energy [au]:                      -79.649881132484
 DF-MP2 correlation energy [au]:               -0.375285775241
 DF-MP2 energy [au]:                          -79.634836282006

 Results in FNO basis:
 
 
 Reference energy [au]:                       -79.259550506765
 DF-MP2 singlet pair energy [au]:              -0.299084138375
 DF-MP2 triplet pair energy [au]:              -0.074925181554
 DF-SCS-MP2 correlation energy [au]:           -0.383876026568
 DF-SCS-MP2 energy [au]:                      -79.643426533333
 DF-SOS-MP2 correlation energy [au]:           -0.388809379887
 DF-SOS-MP2 energy [au]:                      -79.648359886652
 DF-MP2 correlation energy [au]:               -0.374009319929
 DF-MP2 energy [au]:                          -79.633559826694

 Results in NAF basis:
 
 
 Reference energy [au]:                       -79.259550506765
 DF-MP2 singlet pair energy [au]:              -0.299023406261
 DF-MP2 triplet pair energy [au]:              -0.074964225744
 DF-SCS-MP2 correlation energy [au]:           -0.383816162761
 DF-SCS-MP2 energy [au]:                      -79.643366669526
 DF-SOS-MP2 correlation energy [au]:           -0.388730428140
 DF-SOS-MP2 energy [au]:                      -79.648280934905
 DF-MP2 correlation energy [au]:               -0.373987632005
 DF-MP2 energy [au]:                          -79.633538138770

 ************************ 2023-02-05 13:18:01 *************************
 Executing ccsd...

 Allocation of 220.0 Gbytes of memory...

 Direct DF-CCSD(T) calculation
 
 Convergence criterion:  1.0E-06
 
 Number of occupied/virtual/auxiliary orbitals:     7   139   378
    421.21 MB is the minimal memory requirement for (T)
     94.89 MB is the minimal memory requirement for CCSD
 
 Reference energy [au]:             -79.259550506765
 T1 contribution [au]:                0.000000000000
 Same spin MP2 energy [au]:          -0.074944644469
 Opposite spin MP2 energy [au]:      -0.299053601502
 MP2 correlation energy [au]:        -0.373998245971
 Total MP2 energy [au]:             -79.633548752736
 MP2 correction [au]:                -0.001287529270
 
 
 CPU time [min]:     0.318                   Wall time [min]:     0.017
 
 Starting CCSD iterations...
 
                     Residual norm          Energy
 Iteration  1        0.170712156450      -79.654477312599
 Iteration  2        0.042453502371      -79.664042229691
 Iteration  3        0.011296539186      -79.664998276390
 Iteration  4        0.002548542099      -79.665006598109
 Iteration  5        0.000536665564      -79.665011804811
 Iteration  6        0.000152292099      -79.665014882442
 Iteration  7        0.000036257628      -79.665014667155
 Iteration  8        0.000009249090      -79.665014958791
 
 CCSD iteration has converged in  8 steps.
     1534.57 MB memory was utilized by CCSD
 
 T1 diagnostic:      7.816E-03            D1 diagnostic:      1.353E-02
 
 T1 contribution [au]:                                  0.000000000000
 PPL energy contribution [au]:                          0.102911462033
 Scaled PPL energy contribution [au]:                   0.103270174107

 OS-PPL energy contribution [au]:                       0.089961263100
 Scaled OS-PPL energy contribution [au]:                0.090332347885
 SS-PPL energy contribution [au]:                       0.012950198932
 Scaled SS-PPL energy contribution [au]:                0.012962025784

 Opposite spin CCSD energy [au]:                       -0.334284102811
 Same spin CCSD energy [au]:                           -0.071199017090
 CCSD correlation energy [au]:                         -0.405483119901
 CCSD correlation energy + MP2 correction [au]:        -0.406770649171
 CCSD correlation energy + MP2 + PPL corr. [au]:       -0.406411937097
 Total CCSD energy [au]:                              -79.665033626666
 Total CCSD energy + MP2 correction [au]:             -79.666321155936
 Total CCSD energy + MP2 + PPL corr. [au]:            -79.665962443862
 
 CPU time [min]:     2.724                   Wall time [min]:     0.087
 
 Calculation of (T) correction...
 
 
      388.93 MB memory is utilized for (T)

 0%       25%       50%       75%       100%
 |---------|---------|---------|---------| 
 
 (T) correction [au]:                                    -0.013958895850
 (T*) correction [au]:                                   -0.014006950854
 (T+) correction [au]:                                   -0.014006368546
 CCSD(T) correlation energy [au]:                        -0.419442015752
 CCSD(T) correlation energy + MP2 correction [au]:       -0.420729545022
 CCSD(T+) correlation en. + MP2 + PPL corr. [au]:        -0.420418305643
 Total CCSD(T) energy [au]:                             -79.678992522517
 Total CCSD(T) energy + MP2 correction [au]:            -79.680280051787
 Total CCSD(T+) energy + MP2 + PPL corr. [au]:          -79.679968812408
 
 CPU time [min]:     3.426                   Wall time [min]:     0.109
 
 ************************ 2023-02-05 13:18:08 *************************
                      Normal termination of mrcc.
 **********************************************************************
