 **********************************************************************
                          MRCC program system
 **********************************************************************
 
                              Written by
     Mihaly Kallay, Peter R. Nagy, David Mester, Laszlo Gyevi-Nagy,
        Jozsef Csoka, P. Bernat Szabo, Zoltan Rolik, Gyula Samu,
     Jozsef Csontos, Bence Hegely, Adam Ganyecz, Istvan Ladjanszki,
       Lorant Szegedy, Bence Ladoczki, Klara Petrov, Mate Farkas,
                    Pal D. Mezei, and Reka A. Horvath
 
        Department of Physical Chemistry and Materials Science
            Budapest University of Technology and Economics
                  Budapest P.O.Box 91, H-1521 Hungary
 
                              www.mrcc.hu
 
                      Release date: March 18, 2022

 ************************ 2023-02-04 11:38:51 *************************
 Executing minp...

 Reading input from MINP...
 
 Input file:
 
calc=FNO-CCSD(T)
verbosity=3
mem=220GB
unit=angs
scfiguess=small
scfalg=locfit1
ccmaxit=400
ccsdalg=dfdirect
ccsdthreads=4
ccsdmkl=thr
ptthreads=4
lnoepsv=1e-5
naf_cor=1e-2
basis=aug-cc-pVQZ
basis_sm=def2-SVP
dfbasis_scf=def2-QZVPP-RI-JK
dfbasis_cor=aug-cc-pVQZ-RI
unit=angs
geom=xyz
10

C    29.54344629    29.54344629    16.97505516
H    29.54344670    30.44187631    17.60392580
H    29.54344662    28.64496649    17.60393442
H    30.44658454    29.54342777    16.34911135
H    28.64030918    29.54342779    16.34911130
C    29.54341583    42.20489168    16.97524142
H    28.64492395    42.20489192    17.60416815
H    30.44195768    42.20489188    17.60417697
H    29.54343437    41.30209347    16.34882759
H    29.54343444    43.10769102    16.34882843

--------------------Output has been truncated-------------------------


--------------------Output has been truncated-------------------------


--------------------Output has been truncated-------------------------


--------------------Output has been truncated-------------------------


--------------------Output has been truncated-------------------------


--------------------Output has been truncated-------------------------


--------------------Output has been truncated-------------------------


--------------------Output has been truncated-------------------------


--------------------Output has been truncated-------------------------


--------------------Output has been truncated-------------------------


 
 Reference energy [au]:                       -40.215615372219
 DF-MP2 singlet pair energy [au]:              -0.173753453518
 DF-MP2 triplet pair energy [au]:              -0.037498058872
 DF-SCS-MP2 correlation energy [au]:           -0.221003497179
 DF-SCS-MP2 energy [au]:                      -40.436618869398
 DF-SOS-MP2 correlation energy [au]:           -0.225879489573
 DF-SOS-MP2 energy [au]:                      -40.441494861792
 DF-MP2 correlation energy [au]:               -0.211251512390
 DF-MP2 energy [au]:                          -40.426866884609

 Results in FNO basis:
 
 
 Reference energy [au]:                       -40.215615372219
 DF-MP2 singlet pair energy [au]:              -0.170618736297
 DF-MP2 triplet pair energy [au]:              -0.037356756386
 DF-SCS-MP2 correlation energy [au]:           -0.217194735685
 DF-SCS-MP2 energy [au]:                      -40.432810107904
 DF-SOS-MP2 correlation energy [au]:           -0.221804357186
 DF-SOS-MP2 energy [au]:                      -40.437419729405
 DF-MP2 correlation energy [au]:               -0.207975492683
 DF-MP2 energy [au]:                          -40.423590864901

 Results in NAF basis:
 
 
 Reference energy [au]:                       -40.215615372219
 DF-MP2 singlet pair energy [au]:              -0.170601174601
 DF-MP2 triplet pair energy [au]:              -0.037363454702
 DF-SCS-MP2 correlation energy [au]:           -0.217175894421
 DF-SCS-MP2 energy [au]:                      -40.432791266640
 DF-SOS-MP2 correlation energy [au]:           -0.221781526981
 DF-SOS-MP2 energy [au]:                      -40.437396899200
 DF-MP2 correlation energy [au]:               -0.207964629302
 DF-MP2 energy [au]:                          -40.423580001521

 ************************ 2023-02-04 11:39:31 *************************
 Executing ccsd...

 Allocation of 220.0 Gbytes of memory...

 Direct DF-CCSD(T) calculation
 
 Convergence criterion:  1.0E-06
 
 Number of occupied/virtual/auxiliary orbitals:     4   101   320
    163.36 MB is the minimal memory requirement for (T)
     39.40 MB is the minimal memory requirement for CCSD
 
 Reference energy [au]:             -40.215615372219
 T1 contribution [au]:                0.000000000000
 Same spin MP2 energy [au]:          -0.037360101087
 Opposite spin MP2 energy [au]:      -0.170609945654
 MP2 correlation energy [au]:        -0.207970046742
 Total MP2 energy [au]:             -40.423585418961
 MP2 correction [au]:                -0.003281465648
 
 
 CPU time [min]:     0.176                   Wall time [min]:     0.008
 
 Starting CCSD iterations...
 
                     Residual norm          Energy
 Iteration  1        0.138683190995      -40.436530464114
 Iteration  2        0.035377526738      -40.442054335441
 Iteration  3        0.009772633084      -40.442637155271
 Iteration  4        0.002021099449      -40.442641657184
 Iteration  5        0.000374945249      -40.442648170866
 Iteration  6        0.000084812057      -40.442648047565
 Iteration  7        0.000020227412      -40.442648737779
 Iteration  8        0.000003739467      -40.442648794770
 
 CCSD iteration has converged in  8 steps.
      444.29 MB memory was utilized by CCSD
 
 T1 diagnostic:      7.996E-03            D1 diagnostic:      1.291E-02
 
 T1 contribution [au]:                                  0.000000000000
 PPL energy contribution [au]:                          0.060603758418
 Scaled PPL energy contribution [au]:                   0.061560582733

 OS-PPL energy contribution [au]:                       0.053775261801
 Scaled OS-PPL energy contribution [au]:                0.054768353888
 SS-PPL energy contribution [au]:                       0.006828496617
 Scaled SS-PPL energy contribution [au]:                0.006852794856

 Opposite spin CCSD energy [au]:                       -0.191004632756
 Same spin CCSD energy [au]:                           -0.036035538147
 CCSD correlation energy [au]:                         -0.227040170903
 CCSD correlation energy + MP2 correction [au]:        -0.230321636551
 CCSD correlation energy + MP2 + PPL corr. [au]:       -0.229364812236
 Total CCSD energy [au]:                              -40.442655543122
 Total CCSD energy + MP2 correction [au]:             -40.445937008770
 Total CCSD energy + MP2 + PPL corr. [au]:            -40.444980184455
 
 CPU time [min]:     0.856                   Wall time [min]:     0.027
 
 Calculation of (T) correction...
 
 
      124.68 MB memory is utilized for (T)

 0%       25%       50%       75%       100%
 |---------|---------|---------|---------| 
 
 (T) correction [au]:                                    -0.006941958457
 (T*) correction [au]:                                   -0.007051492491
 (T+) correction [au]:                                   -0.007051085624
 CCSD(T) correlation energy [au]:                        -0.233982129360
 CCSD(T) correlation energy + MP2 correction [au]:       -0.237263595008
 CCSD(T+) correlation en. + MP2 + PPL corr. [au]:        -0.236415897860
 Total CCSD(T) energy [au]:                             -40.449597501578
 Total CCSD(T) energy + MP2 correction [au]:            -40.452878967227
 Total CCSD(T+) energy + MP2 + PPL corr. [au]:          -40.452031270078
 
 CPU time [min]:     0.939                   Wall time [min]:     0.030
 
 ************************ 2023-02-04 11:39:33 *************************
                      Normal termination of mrcc.
 **********************************************************************
