 **********************************************************************
                          MRCC program system
 **********************************************************************
 
                              Written by
     Mihaly Kallay, Peter R. Nagy, David Mester, Laszlo Gyevi-Nagy,
        Jozsef Csoka, P. Bernat Szabo, Zoltan Rolik, Gyula Samu,
     Jozsef Csontos, Bence Hegely, Adam Ganyecz, Istvan Ladjanszki,
       Lorant Szegedy, Bence Ladoczki, Klara Petrov, Mate Farkas,
                    Pal D. Mezei, and Reka A. Horvath
 
        Department of Physical Chemistry and Materials Science
            Budapest University of Technology and Economics
                  Budapest P.O.Box 91, H-1521 Hungary
 
                              www.mrcc.hu
 
                      Release date: March 18, 2022

 ************************ 2023-02-05 13:17:25 *************************
 Executing minp...

 Reading input from MINP...
 
 Input file:
 
calc=FNO-CCSD(T)
verbosity=3
mem=220GB
unit=angs
scfiguess=small
scfalg=locfit1
ccmaxit=400
ccsdalg=dfdirect
ccsdthreads=4
ccsdmkl=thr
ptthreads=4
lnoepsv=1e-5
naf_cor=1e-2
basis=aug-cc-pVQZ
basis_sm=def2-SVP
dfbasis_scf=def2-QZVPP-RI-JK
dfbasis_cor=aug-cc-pVQZ-RI
unit=angs
geom=xyz
16

C    34.41670262    34.07107264    10.41543014
C    33.11117461    33.45680459    10.91530835
H    34.24160149    35.00442132     9.86225048
H    34.94674030    33.36940783     9.75379242
H    35.10002891    34.30603621    11.24227357
H    32.42643037    33.26105434    10.07939442
H    32.59136835    34.12756100    11.61262818
H    33.28915165    32.50678735    11.43686767
C    45.74245091    44.62250599    10.40840413
C    47.04216650    44.00866602    10.92356358
H    45.21716670    43.91831109     9.74574003
H    45.92449924    45.55346314     9.85293887
H    45.05140676    44.86310997    11.22701403
H    47.73607526    43.81200646    10.09557036
H    46.85792277    43.05914398    11.44395536
H    47.55426425    44.68025716    11.62583355

--------------------Output has been truncated-------------------------


--------------------Output has been truncated-------------------------


--------------------Output has been truncated-------------------------


--------------------Output has been truncated-------------------------


--------------------Output has been truncated-------------------------


--------------------Output has been truncated-------------------------


--------------------Output has been truncated-------------------------


--------------------Output has been truncated-------------------------


--------------------Output has been truncated-------------------------


--------------------Output has been truncated-------------------------


 
 Reference energy [au]:                       -79.264425222586
 DF-MP2 singlet pair energy [au]:              -0.317723344755
 DF-MP2 triplet pair energy [au]:              -0.076906839436
 DF-SCS-MP2 correlation energy [au]:           -0.406903626851
 DF-SCS-MP2 energy [au]:                      -79.671328849438
 DF-SOS-MP2 correlation energy [au]:           -0.413040348181
 DF-SOS-MP2 energy [au]:                      -79.677465570768
 DF-MP2 correlation energy [au]:               -0.394630184191
 DF-MP2 energy [au]:                          -79.659055406777

 Results in FNO basis:
 
 
 Reference energy [au]:                       -79.264425222586
 DF-MP2 singlet pair energy [au]:              -0.312549720758
 DF-MP2 triplet pair energy [au]:              -0.076620952990
 DF-SCS-MP2 correlation energy [au]:           -0.400599982573
 DF-SCS-MP2 energy [au]:                      -79.665025205159
 DF-SOS-MP2 correlation energy [au]:           -0.406314636985
 DF-SOS-MP2 energy [au]:                      -79.670739859571
 DF-MP2 correlation energy [au]:               -0.389170673748
 DF-MP2 energy [au]:                          -79.653595896334

 Results in NAF basis:
 
 
 Reference energy [au]:                       -79.264425222586
 DF-MP2 singlet pair energy [au]:              -0.312528733943
 DF-MP2 triplet pair energy [au]:              -0.076628950160
 DF-SCS-MP2 correlation energy [au]:           -0.400577464118
 DF-SCS-MP2 energy [au]:                      -79.665002686704
 DF-SOS-MP2 correlation energy [au]:           -0.406287354125
 DF-SOS-MP2 energy [au]:                      -79.670712576712
 DF-MP2 correlation energy [au]:               -0.389157684103
 DF-MP2 energy [au]:                          -79.653582906689

 ************************ 2023-02-05 13:18:51 *************************
 Executing ccsd...

 Allocation of 220.0 Gbytes of memory...

 Direct DF-CCSD(T) calculation
 
 Convergence criterion:  1.0E-06
 
 Number of occupied/virtual/auxiliary orbitals:     7   175   551
    851.32 MB is the minimal memory requirement for (T)
    190.43 MB is the minimal memory requirement for CCSD
 
 Reference energy [au]:             -79.264425222586
 T1 contribution [au]:                0.000000000000
 Same spin MP2 energy [au]:          -0.076624949011
 Opposite spin MP2 energy [au]:      -0.312539222642
 MP2 correlation energy [au]:        -0.389164171653
 Total MP2 energy [au]:             -79.653589394240
 MP2 correction [au]:                -0.005466012537
 
 
 CPU time [min]:     0.401                   Wall time [min]:     0.050
 
 Starting CCSD iterations...
 
                     Residual norm          Energy
 Iteration  1        0.179604143722      -79.671502234752
 Iteration  2        0.044511753367      -79.681084580399
 Iteration  3        0.013090142552      -79.682220379725
 Iteration  4        0.002650352449      -79.682227596980
 Iteration  5        0.000560981359      -79.682233464571
 Iteration  6        0.000156935252      -79.682235514946
 Iteration  7        0.000037097452      -79.682235289807
 Iteration  8        0.000009999589      -79.682235653696
 
 CCSD iteration has converged in  8 steps.
     3804.92 MB memory was utilized by CCSD
 
 T1 diagnostic:      8.231E-03            D1 diagnostic:      1.428E-02
 
 T1 contribution [au]:                                  0.000000000000
 PPL energy contribution [au]:                          0.108936205759
 Scaled PPL energy contribution [au]:                   0.110475962024

 OS-PPL energy contribution [au]:                       0.095542939920
 Scaled OS-PPL energy contribution [au]:                0.097137879095
 SS-PPL energy contribution [au]:                       0.013393265840
 Scaled SS-PPL energy contribution [au]:                0.013441345403

 Opposite spin CCSD energy [au]:                       -0.345141374187
 Same spin CCSD energy [au]:                           -0.072676826212
 CCSD correlation energy [au]:                         -0.417818200400
 CCSD correlation energy + MP2 correction [au]:        -0.423284212937
 CCSD correlation energy + MP2 + PPL corr. [au]:       -0.421744456672
 Total CCSD energy [au]:                              -79.682243422986
 Total CCSD energy + MP2 correction [au]:             -79.687709435523
 Total CCSD energy + MP2 + PPL corr. [au]:            -79.686169679258
 
 CPU time [min]:     6.446                   Wall time [min]:     0.236
 
 Calculation of (T) correction...
 
 
      783.34 MB memory is utilized for (T)

 0%       25%       50%       75%       100%
 |---------|---------|---------|---------| 
 
 (T) correction [au]:                                    -0.014762781141
 (T*) correction [au]:                                   -0.014970132056
 (T+) correction [au]:                                   -0.014966602471
 CCSD(T) correlation energy [au]:                        -0.432580981541
 CCSD(T) correlation energy + MP2 correction [au]:       -0.438046994078
 CCSD(T+) correlation en. + MP2 + PPL corr. [au]:        -0.436711059143
 Total CCSD(T) energy [au]:                             -79.697006204127
 Total CCSD(T) energy + MP2 correction [au]:            -79.702472216665
 Total CCSD(T+) energy + MP2 + PPL corr. [au]:          -79.701136281729
 
 CPU time [min]:     8.135                   Wall time [min]:     0.292
 
 ************************ 2023-02-05 13:19:09 *************************
                      Normal termination of mrcc.
 **********************************************************************
