 **********************************************************************
                          MRCC program system
 **********************************************************************
 
                              Written by
     Mihaly Kallay, Peter R. Nagy, David Mester, Laszlo Gyevi-Nagy,
        Jozsef Csoka, P. Bernat Szabo, Zoltan Rolik, Gyula Samu,
     Jozsef Csontos, Bence Hegely, Adam Ganyecz, Istvan Ladjanszki,
       Lorant Szegedy, Bence Ladoczki, Klara Petrov, Mate Farkas,
                    Pal D. Mezei, and Reka A. Horvath
 
        Department of Physical Chemistry and Materials Science
            Budapest University of Technology and Economics
                  Budapest P.O.Box 91, H-1521 Hungary
 
                              www.mrcc.hu
 
                      Release date: March 18, 2022

 ************************ 2023-02-04 11:37:27 *************************
 Executing minp...

 Reading input from MINP...
 
 Input file:
 
calc=FNO-CCSD(T)
verbosity=3
mem=220GB
unit=angs
scfiguess=small
scfalg=locfit1
ccmaxit=400
ccsdalg=dfdirect
ccsdthreads=4
ccsdmkl=thr
ptthreads=4
lnoepsv=1e-5
naf_cor=1e-2
basis=aug-cc-pVQZ
basis_sm=def2-SVP
dfbasis_scf=def2-QZVPP-RI-JK
dfbasis_cor=aug-cc-pVQZ-RI
unit=angs
geom=xyz
10

C    29.54344629    29.54344629    16.97505516
H    29.54344670    30.44187631    17.60392580
H    29.54344662    28.64496649    17.60393442
H    30.44658454    29.54342777    16.34911135
H    28.64030918    29.54342779    16.34911130
C    29.54341583    33.76390703    16.97524142
H    28.64492395    33.76390727    17.60416815
H    30.44195768    33.76390723    17.60417697
H    29.54343437    32.86110881    16.34882759
H    29.54343444    34.66670636    16.34882843

--------------------Output has been truncated-------------------------


--------------------Output has been truncated-------------------------


--------------------Output has been truncated-------------------------


--------------------Output has been truncated-------------------------


--------------------Output has been truncated-------------------------


--------------------Output has been truncated-------------------------


--------------------Output has been truncated-------------------------


--------------------Output has been truncated-------------------------


--------------------Output has been truncated-------------------------


--------------------Output has been truncated-------------------------


 
 Reference energy [au]:                       -80.430922447809
 DF-MP2 singlet pair energy [au]:              -0.348008765299
 DF-MP2 triplet pair energy [au]:              -0.075433976532
 DF-SCS-MP2 correlation energy [au]:           -0.442755177203
 DF-SCS-MP2 energy [au]:                      -80.873677625012
 DF-SOS-MP2 correlation energy [au]:           -0.452411394889
 DF-SOS-MP2 energy [au]:                      -80.883333842698
 DF-MP2 correlation energy [au]:               -0.423442741831
 DF-MP2 energy [au]:                          -80.854365189640

 Results in FNO basis:
 
 
 Reference energy [au]:                       -80.430922447809
 DF-MP2 singlet pair energy [au]:              -0.341516174621
 DF-MP2 triplet pair energy [au]:              -0.075119423639
 DF-SCS-MP2 correlation energy [au]:           -0.434859217425
 DF-SCS-MP2 energy [au]:                      -80.865781665233
 DF-SOS-MP2 correlation energy [au]:           -0.443971027007
 DF-SOS-MP2 energy [au]:                      -80.874893474816
 DF-MP2 correlation energy [au]:               -0.416635598260
 DF-MP2 energy [au]:                          -80.847558046068

 Results in NAF basis:
 
 
 Reference energy [au]:                       -80.430922447809
 DF-MP2 singlet pair energy [au]:              -0.341484532201
 DF-MP2 triplet pair energy [au]:              -0.075130136363
 DF-SCS-MP2 correlation energy [au]:           -0.434824817429
 DF-SCS-MP2 energy [au]:                      -80.865747265238
 DF-SOS-MP2 correlation energy [au]:           -0.443929891862
 DF-SOS-MP2 energy [au]:                      -80.874852339671
 DF-MP2 correlation energy [au]:               -0.416614668564
 DF-MP2 energy [au]:                          -80.847537116373

 ************************ 2023-02-04 11:38:11 *************************
 Executing ccsd...

 Allocation of 220.0 Gbytes of memory...

 Direct DF-CCSD(T) calculation
 
 Convergence criterion:  1.0E-06
 
 Number of occupied/virtual/auxiliary orbitals:     8   201   639
   1293.69 MB is the minimal memory requirement for (T)
    290.03 MB is the minimal memory requirement for CCSD
 
 Reference energy [au]:             -80.430922447809
 T1 contribution [au]:                0.000000000000
 Same spin MP2 energy [au]:          -0.075124773817
 Opposite spin MP2 energy [au]:      -0.341500341259
 MP2 correlation energy [au]:        -0.416625115076
 Total MP2 energy [au]:             -80.847547562884
 MP2 correction [au]:                -0.006817626756
 
 
 CPU time [min]:     0.476                   Wall time [min]:     0.052
 
 Starting CCSD iterations...
 
                     Residual norm          Energy
 Iteration  1        0.186199843250      -80.873440481415
 Iteration  2        0.047215898711      -80.884358486805
 Iteration  3        0.013172681864      -80.885639701594
 Iteration  4        0.002696027975      -80.885641060411
 Iteration  5        0.000504814895      -80.885648712307
 Iteration  6        0.000124830250      -80.885649671147
 Iteration  7        0.000034159961      -80.885650247280
 Iteration  8        0.000010099440      -80.885650741227
 Iteration  9        0.000002236036      -80.885650720696
 
 CCSD iteration has converged in  9 steps.
     6559.81 MB memory was utilized by CCSD
 
 T1 diagnostic:      8.038E-03            D1 diagnostic:      1.324E-02
 
 T1 contribution [au]:                                  0.000000000000
 PPL energy contribution [au]:                          0.121185170897
 Scaled PPL energy contribution [au]:                   0.123169253299

 OS-PPL energy contribution [au]:                       0.107489103181
 Scaled OS-PPL energy contribution [au]:                0.109541594995
 SS-PPL energy contribution [au]:                       0.013696067716
 Scaled SS-PPL energy contribution [au]:                0.013750827973

 Opposite spin CCSD energy [au]:                       -0.382254329262
 Same spin CCSD energy [au]:                           -0.072486673488
 CCSD correlation energy [au]:                         -0.454741002750
 CCSD correlation energy + MP2 correction [au]:        -0.461558629505
 CCSD correlation energy + MP2 + PPL corr. [au]:       -0.459574547103
 Total CCSD energy [au]:                              -80.885663450558
 Total CCSD energy + MP2 correction [au]:             -80.892481077314
 Total CCSD energy + MP2 + PPL corr. [au]:            -80.890496994912
 
 CPU time [min]:    13.050                   Wall time [min]:     0.411
 
 Calculation of (T) correction...
 
 
     1257.63 MB memory is utilized for (T)

 0%       25%       50%       75%       100%
 |---------|---------|---------|---------| 
 
 (T) correction [au]:                                    -0.014001957549
 (T*) correction [au]:                                   -0.014231084688
 (T+) correction [au]:                                   -0.014230201319
 CCSD(T) correlation energy [au]:                        -0.468742960299
 CCSD(T) correlation energy + MP2 correction [au]:       -0.475560587055
 CCSD(T+) correlation en. + MP2 + PPL corr. [au]:        -0.473804748422
 Total CCSD(T) energy [au]:                             -80.899665408108
 Total CCSD(T) energy + MP2 correction [au]:            -80.906483034863
 Total CCSD(T+) energy + MP2 + PPL corr. [au]:          -80.904727196231
 
 CPU time [min]:    17.017                   Wall time [min]:     0.558
 
 ************************ 2023-02-04 11:38:45 *************************
                      Normal termination of mrcc.
 **********************************************************************
