 **********************************************************************
                          MRCC program system
 **********************************************************************
 
                              Written by
     Mihaly Kallay, Peter R. Nagy, David Mester, Laszlo Gyevi-Nagy,
        Jozsef Csoka, P. Bernat Szabo, Zoltan Rolik, Gyula Samu,
     Jozsef Csontos, Bence Hegely, Adam Ganyecz, Istvan Ladjanszki,
       Lorant Szegedy, Bence Ladoczki, Klara Petrov, Mate Farkas,
                    Pal D. Mezei, and Reka A. Horvath
 
        Department of Physical Chemistry and Materials Science
            Budapest University of Technology and Economics
                  Budapest P.O.Box 91, H-1521 Hungary
 
                              www.mrcc.hu
 
                      Release date: March 18, 2022

 ************************ 2023-02-28 17:37:11 *************************
 Executing minp...

 Reading input from MINP...
 
 Input file:
 
calc=DF-CCSD(T)
scftype=rhf
verbosity=3
mem=240GB
symm=off
unit=angs
scfiguess=small
scfmaxit=1000
scfalg=locfit1


ccmaxit=400
ccsdalg=dfdirect
ccsdthreads=4
ccsdmkl=thr
ptthreads=4

charge=-8
core=6

basis=special
aug-cc-pVTZ
aug-cc-pVTZ
aug-cc-pVTZ
bse_CVTZ
aug-cc-pVTZ
aug-cc-pVTZ
aug-cc-pVTZ
aug-cc-pVTZ
aug-cc-pVTZ
nothing
nothing
nothing
nothing
nothing
nothing
nothing
nothing
nothing
nothing
nothing
nothing
nothing
nothing
nothing
nothing
nothing
nothing
nothing
nothing
nothing
nothing
nothing
nothing
nothing

basis_sm=special
def2-SVP
def2-SVP
def2-SVP
def2-SVP
def2-SVP
def2-SVP
def2-SVP
def2-SVP
def2-SVP
nothing
nothing
nothing
nothing
nothing
nothing
nothing
nothing
nothing
nothing
nothing
nothing
nothing
nothing
nothing
nothing
nothing
nothing
nothing
nothing
nothing
nothing
nothing
nothing
nothing

dfbasis_scf=special
def2-QZVPP-RI-JK
def2-QZVPP-RI-JK
def2-QZVPP-RI-JK
def2-QZVPP-RI-JK
def2-QZVPP-RI-JK
def2-QZVPP-RI-JK
def2-QZVPP-RI-JK
def2-QZVPP-RI-JK
def2-QZVPP-RI-JK
nothing
nothing
nothing
nothing
nothing
nothing
nothing
nothing
nothing
nothing
nothing
nothing
nothing
nothing
nothing
nothing
nothing
nothing
nothing
nothing
nothing
nothing
nothing
nothing
nothing

dfbasis_cor=special
aug-cc-pVTZ-RI
aug-cc-pVTZ-RI
aug-cc-pVTZ-RI
bse_CVTZ_mp2fit
aug-cc-pVTZ-RI
aug-cc-pVTZ-RI
aug-cc-pVTZ-RI
aug-cc-pVTZ-RI
aug-cc-pVTZ-RI
nothing
nothing
nothing
nothing
nothing
nothing
nothing
nothing
nothing
nothing
nothing
nothing
nothing
nothing
nothing
nothing
nothing
nothing
nothing
nothing
nothing
nothing
nothing
nothing
nothing

ecp=special
none
none
none
none
none
none
none
none
none
ECP-12
ECP-12
ECP-12
ECP-12
ECP-12
ECP-12
ECP-12
ECP-12
ECP-12
ECP-12
ECP-12
ECP-12
ECP-12
ECP-12
ECP-12
ECP-12
ECP-12
ECP-12
ECP-12
ECP-12
ECP-12
ECP-12
ECP-12
ECP-12
ECP-12

unit=angs
geom=xyz
34
N2 O1 Mg1 O5 ECP25
N    -0.05726124972    0.16959320566    2.44933396632
N    -0.24515066614    0.80098884880    3.38472460394
O    -0.44428134243    1.46855722051    4.36188415145
Mg    0.00000000000    0.00000000000   -0.00675832801
O    -0.00165954437   -2.11209173267   -0.01357600361
O     2.11557454773    0.00649835930   -0.00953342328
O    -2.11867605583    0.00708789823   -0.00595041182
O    -0.00229284042    2.12318925765    0.00000000000
O    -0.00174822714    0.00651912361   -2.15523169929
Mg    2.10823325660   -2.10449121978   -0.05546671095
Mg   -2.11118026979   -2.10467210955   -0.05586661022
Mg    2.10960300952    2.11588484781   -0.05905133784
Mg   -2.11346901567    2.11693384558   -0.06212548867
Mg   -0.00140905581   -2.10111527005   -2.15384030434
Mg    2.10494512016    0.00531802047   -2.15411418058
Mg   -2.10784318946    0.00526767966   -2.15433007640
Mg   -0.00137316081    2.11194692596   -2.15414408913
Mg   -0.00152962000   -4.21229079609   -0.05722640272
Mg    4.21820385147    0.00533253817   -0.05731420199
Mg   -4.22278320435    0.00533253817   -0.05731420199
Mg   -0.00152962000    4.22869625973   -0.05722640272
Mg   -0.00153497801    0.00580432697   -4.28208710793
Mg    2.10813100080   -4.21430256720   -2.15898021847
Mg   -2.11128189560   -4.21398335354   -2.15937430364
Mg    4.21889644969   -2.10384087306   -2.15869068214
Mg   -4.22209060613   -2.10384087306   -2.15869068214
Mg    4.21857318524    2.11557764431   -2.15971539225
Mg   -4.22241387058    2.11557764431   -2.15971539225
Mg    2.10813100080    4.22668448861   -2.15898021847
Mg   -2.11128189560    4.22700370228   -2.15937430364
Mg    2.10871178595   -2.10444243699   -4.28208710793
Mg   -2.11178174196   -2.10444243699   -4.28208710793
Mg    2.10871178595    2.11605109092   -4.28208710793
Mg   -2.11178174196    2.11605109092   -4.28208710793


ghost=serialno
1-3

qmmm=Amber
pointcharges
10185
      2.10823325660   -2.10449121978   -0.05546671095    2.00000000000
     -2.11118026979   -2.10467210955   -0.05586661022    2.00000000000
      2.10960300952    2.11588484781   -0.05905133784    2.00000000000
     -2.11346901567    2.11693384558   -0.06212548867    2.00000000000
--------------------Output has been truncated-------------------------


--------------------Output has been truncated-------------------------


--------------------Output has been truncated-------------------------


--------------------Output has been truncated-------------------------


--------------------Output has been truncated-------------------------


--------------------Output has been truncated-------------------------


--------------------Output has been truncated-------------------------


--------------------Output has been truncated-------------------------


--------------------Output has been truncated-------------------------


--------------------Output has been truncated-------------------------


 ************************ 2023-02-28 17:38:44 *************************
 Executing ccsd...

 Allocation of 240.0 Gbytes of memory...

 Direct DF-CCSD(T) calculation
 
 Convergence criterion:  1.0E-06
 
 Number of occupied/virtual/auxiliary orbitals:    24   397  1024
  10311.83 MB is the minimal memory requirement for (T)
   2661.25 MB is the minimal memory requirement for CCSD
 
 Reference energy [au]:           -9951.336253646878
 T1 contribution [au]:                0.000000000000
 Same spin MP2 energy [au]:          -0.432463122346
 Opposite spin MP2 energy [au]:      -1.197415165119
 MP2 correlation energy [au]:        -1.629878287466
 Total MP2 energy [au]:           -9952.966131934343
 
 
 CPU time [min]:     1.349                   Wall time [min]:     0.219
 
 Starting CCSD iterations...
 
                     Residual norm          Energy
 Iteration  1        0.362109946747    -9952.922104358442
 Iteration  2        0.077718024543    -9952.952442092161
 Iteration  3        0.028557981289    -9952.960348193586
 Iteration  4        0.008545093848    -9952.959412180371
 Iteration  5        0.002497990893    -9952.959271232105
 Iteration  6        0.000861204936    -9952.959364434557
 Iteration  7        0.000361865084    -9952.959364465074
 Iteration  8        0.000133094560    -9952.959353194619
 Iteration  9        0.000047514359    -9952.959351249705
 Iteration 10        0.000016797808    -9952.959351283143
 Iteration 11        0.000006241237    -9952.959351119149
 
 CCSD iteration has converged in 11 steps.
    97581.65 MB memory was utilized by CCSD
 
 T1 diagnostic:      1.110E-02            D1 diagnostic:      3.586E-02
 
 T1 contribution [au]:                                  0.000000000000
 Opposite spin CCSD energy [au]:                       -1.243667512512
 Same spin CCSD energy [au]:                           -0.379429959759
 CCSD correlation energy [au]:                         -1.623097472271
 Total CCSD energy [au]:                            -9952.959351119149
 
 CPU time [min]:   384.446                   Wall time [min]:    12.475
 
 Calculation of (T) correction...
 
 
    18708.69 MB memory is utilized for (T)

 0%       25%       50%       75%       100%
 |---------|---------|---------|---------| 
 
 (T) correction [au]:                                    -0.056514949556
 CCSD(T) correlation energy [au]:                        -1.679612421827
 Total CCSD(T) energy [au]:                           -9953.015866068705
 
 CPU time [min]:  1334.048                   Wall time [min]:    39.832
 
 ************************ 2023-02-28 18:18:34 *************************
                      Normal termination of mrcc.
 **********************************************************************
