 **********************************************************************
                          MRCC program system
 **********************************************************************
 
                              Written by
     Mihaly Kallay, Peter R. Nagy, David Mester, Laszlo Gyevi-Nagy,
        Jozsef Csoka, P. Bernat Szabo, Zoltan Rolik, Gyula Samu,
     Jozsef Csontos, Bence Hegely, Adam Ganyecz, Istvan Ladjanszki,
       Lorant Szegedy, Bence Ladoczki, Klara Petrov, Mate Farkas,
                    Pal D. Mezei, and Reka A. Horvath
 
        Department of Physical Chemistry and Materials Science
            Budapest University of Technology and Economics
                  Budapest P.O.Box 91, H-1521 Hungary
 
                              www.mrcc.hu
 
                      Release date: March 18, 2022

 ************************ 2023-02-28 16:33:48 *************************
 Executing minp...

 Reading input from MINP...
 
 Input file:
 
calc=LNO-CCSD(T)
scftype=rhf
verbosity=3
mem=220GB
symm=off
unit=angs
scfiguess=small
scfmaxit=1000
scfalg=locfit1


lcorthr=tight
bpedo=0.99999
ccmaxit=400
usedisk=0
ccsdalg=dfdirect
ccsdthreads=4
ccsdmkl=thr
ptthreads=4

charge=-8
core=6

basis=special
aug-cc-pVTZ
aug-cc-pVTZ
aug-cc-pVTZ
bse_CVTZ
aug-cc-pVTZ
aug-cc-pVTZ
aug-cc-pVTZ
aug-cc-pVTZ
aug-cc-pVTZ
nothing
nothing
nothing
nothing
nothing
nothing
nothing
nothing
nothing
nothing
nothing
nothing
nothing
nothing
nothing
nothing
nothing
nothing
nothing
nothing
nothing
nothing
nothing
nothing
nothing

basis_sm=special
def2-SVP
def2-SVP
def2-SVP
def2-SVP
def2-SVP
def2-SVP
def2-SVP
def2-SVP
def2-SVP
nothing
nothing
nothing
nothing
nothing
nothing
nothing
nothing
nothing
nothing
nothing
nothing
nothing
nothing
nothing
nothing
nothing
nothing
nothing
nothing
nothing
nothing
nothing
nothing
nothing

dfbasis_scf=special
def2-QZVPP-RI-JK
def2-QZVPP-RI-JK
def2-QZVPP-RI-JK
def2-QZVPP-RI-JK
def2-QZVPP-RI-JK
def2-QZVPP-RI-JK
def2-QZVPP-RI-JK
def2-QZVPP-RI-JK
def2-QZVPP-RI-JK
nothing
nothing
nothing
nothing
nothing
nothing
nothing
nothing
nothing
nothing
nothing
nothing
nothing
nothing
nothing
nothing
nothing
nothing
nothing
nothing
nothing
nothing
nothing
nothing
nothing

dfbasis_cor=special
aug-cc-pVTZ-RI
aug-cc-pVTZ-RI
aug-cc-pVTZ-RI
bse_CVTZ_mp2fit
aug-cc-pVTZ-RI
aug-cc-pVTZ-RI
aug-cc-pVTZ-RI
aug-cc-pVTZ-RI
aug-cc-pVTZ-RI
nothing
nothing
nothing
nothing
nothing
nothing
nothing
nothing
nothing
nothing
nothing
nothing
nothing
nothing
nothing
nothing
nothing
nothing
nothing
nothing
nothing
nothing
nothing
nothing
nothing

ecp=special
none
none
none
none
none
none
none
none
none
ECP-12
ECP-12
ECP-12
ECP-12
ECP-12
ECP-12
ECP-12
ECP-12
ECP-12
ECP-12
ECP-12
ECP-12
ECP-12
ECP-12
ECP-12
ECP-12
ECP-12
ECP-12
ECP-12
ECP-12
ECP-12
ECP-12
ECP-12
ECP-12
ECP-12

unit=angs
geom=xyz
34
N2 O1 Mg1 O5 ECP25
N    -0.05726124972    0.16959320566    2.44933396632
N    -0.24515066614    0.80098884880    3.38472460394
O    -0.44428134243    1.46855722051    4.36188415145
Mg    0.00000000000    0.00000000000   -0.00675832801
O    -0.00165954437   -2.11209173267   -0.01357600361
O     2.11557454773    0.00649835930   -0.00953342328
O    -2.11867605583    0.00708789823   -0.00595041182
O    -0.00229284042    2.12318925765    0.00000000000
O    -0.00174822714    0.00651912361   -2.15523169929
Mg    2.10823325660   -2.10449121978   -0.05546671095
Mg   -2.11118026979   -2.10467210955   -0.05586661022
Mg    2.10960300952    2.11588484781   -0.05905133784
Mg   -2.11346901567    2.11693384558   -0.06212548867
Mg   -0.00140905581   -2.10111527005   -2.15384030434
Mg    2.10494512016    0.00531802047   -2.15411418058
Mg   -2.10784318946    0.00526767966   -2.15433007640
Mg   -0.00137316081    2.11194692596   -2.15414408913
Mg   -0.00152962000   -4.21229079609   -0.05722640272
Mg    4.21820385147    0.00533253817   -0.05731420199
Mg   -4.22278320435    0.00533253817   -0.05731420199
Mg   -0.00152962000    4.22869625973   -0.05722640272
Mg   -0.00153497801    0.00580432697   -4.28208710793
Mg    2.10813100080   -4.21430256720   -2.15898021847
Mg   -2.11128189560   -4.21398335354   -2.15937430364
Mg    4.21889644969   -2.10384087306   -2.15869068214
Mg   -4.22209060613   -2.10384087306   -2.15869068214
Mg    4.21857318524    2.11557764431   -2.15971539225
Mg   -4.22241387058    2.11557764431   -2.15971539225
Mg    2.10813100080    4.22668448861   -2.15898021847
Mg   -2.11128189560    4.22700370228   -2.15937430364
Mg    2.10871178595   -2.10444243699   -4.28208710793
Mg   -2.11178174196   -2.10444243699   -4.28208710793
Mg    2.10871178595    2.11605109092   -4.28208710793
Mg   -2.11178174196    2.11605109092   -4.28208710793


ghost=serialno
1-3

qmmm=Amber
pointcharges
10185
      2.10823325660   -2.10449121978   -0.05546671095    2.00000000000
     -2.11118026979   -2.10467210955   -0.05586661022    2.00000000000
      2.10960300952    2.11588484781   -0.05905133784    2.00000000000
     -2.11346901567    2.11693384558   -0.06212548867    2.00000000000
--------------------Output has been truncated-------------------------


--------------------Output has been truncated-------------------------


--------------------Output has been truncated-------------------------


--------------------Output has been truncated-------------------------


--------------------Output has been truncated-------------------------


--------------------Output has been truncated-------------------------


--------------------Output has been truncated-------------------------


--------------------Output has been truncated-------------------------


--------------------Output has been truncated-------------------------


--------------------Output has been truncated-------------------------


 
 Final local CC results:
 
 Minimum number of correlated electrons:        38       ( 79.2%)
 Maximum number of correlated electrons:        48       (100.0%)
 Average number of correlated electrons:        41.0     ( 85.4%)
 Minimum number of correlated orbitals:         80       ( 19.0%)
 Maximum number of correlated orbitals:        133       ( 31.6%)
 Average number of correlated orbitals:        108.3     ( 25.7%)
 
 CPU time for integral calculations [min]:                  2.165
 Wall time for integral calculations [min]:                 0.615
 
 CPU time for SCF calculation [min]:                        8.935
 Wall time for SCF calculation [min]:                       0.263
 
 CPU time for orbital localization [min]:                   0.188
 Wall time for orbital localization [min]:                  0.009
 
 CPU time for integral transformations [min]:             112.411
 Wall time for integral transformations [min]:              3.310
 
 Reference energy [au]:                                 -9951.336253646863
 
 LMP2 correlation energy [au]:                             -1.629378120205
 Total LMP2 energy [au]:                                -9952.965631767067
 
 Total MP2 correction for dropped NAFs [au]:               -0.000071270432
 Total MP2 correction [au]:                                -0.002575968003
 
 CPU time for CCSD calculations [min]:                     60.962
 Total CPU time for CCSD [min]:                           184.661
 Wall time for CCSD calculations [min]:                     1.795
 Total wall time for CCSD [min]:                            5.992
 
 CCSD correlation energy [au]:                             -1.620868265028
 Total CCSD energy [au]:                                -9952.957121911892
 CCSD correlation energy + 0.5 MP2 corrections [au]:       -1.622156249030
 Total LNO-CCSD energy with MP2 corrections [au]:       -9952.958409895893
 
 CPU time for (T) corrections [min]:                       47.949
 Total CPU time for CCSD(T) [min]:                        232.611
 Wall time for (T) corrections [min]:                       1.416
 Total wall time for CCSD(T) [min]:                         7.408
 
 Total (T) correlation energy contribution [au]:           -0.055246345428
 Total (T) correlation energy+0.5 MP2 correction [au]:     -0.056534329430
 CCSD(T) correlation energy [au]:                          -1.676114610456
 Total CCSD(T) energy [au]:                             -9953.012368257319
 CCSD(T) correlation energy + MP2 corrections [au]:        -1.678690578460
 Total LNO-CCSD(T) energy with MP2 corrections [au]:    -9953.014944225322
 
 ======================================================================
 ======================================================================
 
 ************************ 2023-02-28 16:41:40 *************************
                      Normal termination of mrcc.
 **********************************************************************
