 **********************************************************************
                          MRCC program system
 **********************************************************************
 
                              Written by
     Mihaly Kallay, Peter R. Nagy, David Mester, Laszlo Gyevi-Nagy,
        Jozsef Csoka, P. Bernat Szabo, Zoltan Rolik, Gyula Samu,
     Jozsef Csontos, Bence Hegely, Adam Ganyecz, Istvan Ladjanszki,
       Lorant Szegedy, Bence Ladoczki, Klara Petrov, Mate Farkas,
                    Pal D. Mezei, and Reka A. Horvath
 
        Department of Physical Chemistry and Materials Science
            Budapest University of Technology and Economics
                  Budapest P.O.Box 91, H-1521 Hungary
 
                              www.mrcc.hu
 
                      Release date: March 18, 2022

 ************************ 2023-02-04 11:41:22 *************************
 Executing minp...

 Reading input from MINP...
 
 Input file:
 
calc=FNO-CCSD(T)
verbosity=3
mem=220GB
unit=angs
scfiguess=small
scfalg=locfit1
ccmaxit=400
ccsdalg=dfdirect
ccsdthreads=4
ccsdmkl=thr
ptthreads=4
lnoepsv=1e-5
naf_cor=1e-2
basis=aug-cc-pVTZ
basis_sm=def2-SVP
dfbasis_scf=def2-QZVPP-RI-JK
dfbasis_cor=aug-cc-pVTZ-RI
unit=angs
geom=xyz
10

C    29.54344629    29.54344629    16.97505516
H    29.54344670    30.44187631    17.60392580
H    29.54344662    28.64496649    17.60393442
H    30.44658454    29.54342777    16.34911135
H    28.64030918    29.54342779    16.34911130
C    29.54344629    21.10246164    16.97505516
H    29.54344670    22.00089166    17.60392580
H    29.54344662    20.20398183    17.60393442
H    30.44658454    21.10244311    16.34911135
H    28.64030918    21.10244313    16.34911130

--------------------Output has been truncated-------------------------


--------------------Output has been truncated-------------------------


--------------------Output has been truncated-------------------------


--------------------Output has been truncated-------------------------


--------------------Output has been truncated-------------------------


--------------------Output has been truncated-------------------------


--------------------Output has been truncated-------------------------


--------------------Output has been truncated-------------------------


--------------------Output has been truncated-------------------------


--------------------Output has been truncated-------------------------


 
 Reference energy [au]:                       -40.213014352890
 DF-MP2 singlet pair energy [au]:              -0.164420100878
 DF-MP2 triplet pair energy [au]:              -0.036594664274
 DF-SCS-MP2 correlation energy [au]:           -0.209502342479
 DF-SCS-MP2 energy [au]:                      -40.422516695368
 DF-SOS-MP2 correlation energy [au]:           -0.213746131142
 DF-SOS-MP2 energy [au]:                      -40.426760484031
 DF-MP2 correlation energy [au]:               -0.201014765152
 DF-MP2 energy [au]:                          -40.414029118042

 Results in FNO basis:
 
 
 Reference energy [au]:                       -40.213014352890
 DF-MP2 singlet pair energy [au]:              -0.163769562169
 DF-MP2 triplet pair energy [au]:              -0.036550884678
 DF-SCS-MP2 correlation energy [au]:           -0.208707102829
 DF-SCS-MP2 energy [au]:                      -40.421721455718
 DF-SOS-MP2 correlation energy [au]:           -0.212900430819
 DF-SOS-MP2 energy [au]:                      -40.425914783709
 DF-MP2 correlation energy [au]:               -0.200320446847
 DF-MP2 energy [au]:                          -40.413334799736

 Results in NAF basis:
 
 
 Reference energy [au]:                       -40.213014352890
 DF-MP2 singlet pair energy [au]:              -0.163735175604
 DF-MP2 triplet pair energy [au]:              -0.036570159408
 DF-SCS-MP2 correlation energy [au]:           -0.208672263861
 DF-SCS-MP2 energy [au]:                      -40.421686616751
 DF-SOS-MP2 correlation energy [au]:           -0.212855728286
 DF-SOS-MP2 energy [au]:                      -40.425870081175
 DF-MP2 correlation energy [au]:               -0.200305335012
 DF-MP2 energy [au]:                          -40.413319687902

 ************************ 2023-02-04 11:41:40 *************************
 Executing ccsd...

 Allocation of 220.0 Gbytes of memory...

 Direct DF-CCSD(T) calculation
 
 Convergence criterion:  1.0E-06
 
 Number of occupied/virtual/auxiliary orbitals:     4    83   221
     89.04 MB is the minimal memory requirement for (T)
     22.38 MB is the minimal memory requirement for CCSD
 
 Reference energy [au]:             -40.213014352890
 T1 contribution [au]:                0.000000000000
 Same spin MP2 energy [au]:          -0.036560494647
 Opposite spin MP2 energy [au]:      -0.163752287308
 MP2 correlation energy [au]:        -0.200312781954
 Total MP2 energy [au]:             -40.413327134844
 MP2 correction [au]:                -0.000701983198
 
 
 CPU time [min]:     0.060                   Wall time [min]:     0.004
 
 Starting CCSD iterations...
 
                     Residual norm          Energy
 Iteration  1        0.131887258437      -40.427794889471
 Iteration  2        0.033754639455      -40.433317898359
 Iteration  3        0.008181377121      -40.433784020366
 Iteration  4        0.001913846003      -40.433786621447
 Iteration  5        0.000362930308      -40.433793670984
 Iteration  6        0.000073613729      -40.433793803859
 Iteration  7        0.000017727648      -40.433794409103
 Iteration  8        0.000003099778      -40.433794426797
 
 CCSD iteration has converged in  8 steps.
      207.43 MB memory was utilized by CCSD
 
 T1 diagnostic:      7.475E-03            D1 diagnostic:      1.210E-02
 
 T1 contribution [au]:                                  0.000000000000
 PPL energy contribution [au]:                          0.057487382139
 Scaled PPL energy contribution [au]:                   0.057690537626

 OS-PPL energy contribution [au]:                       0.050872369294
 Scaled OS-PPL energy contribution [au]:                0.051084633155
 SS-PPL energy contribution [au]:                       0.006615012844
 Scaled SS-PPL energy contribution [au]:                0.006619581296

 Opposite spin CCSD energy [au]:                       -0.185469132341
 Same spin CCSD energy [au]:                           -0.035322443770
 CCSD correlation energy [au]:                         -0.220791576111
 CCSD correlation energy + MP2 correction [au]:        -0.221493559309
 CCSD correlation energy + MP2 + PPL corr. [au]:       -0.221290403821
 Total CCSD energy [au]:                              -40.433805929001
 Total CCSD energy + MP2 correction [au]:             -40.434507912199
 Total CCSD energy + MP2 + PPL corr. [au]:            -40.434304756711
 
 CPU time [min]:     0.449                   Wall time [min]:     0.015
 
 Calculation of (T) correction...
 
 
       67.65 MB memory is utilized for (T)

 0%       25%       50%       75%       100%
 |---------|---------|---------|---------| 
 
 (T) correction [au]:                                    -0.006568710156
 (T*) correction [au]:                                   -0.006591729776
 (T+) correction [au]:                                   -0.006591751790
 CCSD(T) correlation energy [au]:                        -0.227360286267
 CCSD(T) correlation energy + MP2 correction [au]:       -0.228062269465
 CCSD(T+) correlation en. + MP2 + PPL corr. [au]:        -0.227882155612
 Total CCSD(T) energy [au]:                             -40.440374639157
 Total CCSD(T) energy + MP2 correction [au]:            -40.441076622355
 Total CCSD(T+) energy + MP2 + PPL corr. [au]:          -40.440896508501
 
 CPU time [min]:     0.516                   Wall time [min]:     0.017
 
 ************************ 2023-02-04 11:41:41 *************************
                      Normal termination of mrcc.
 **********************************************************************
