 **********************************************************************
                          MRCC program system
 **********************************************************************
 
                              Written by
     Mihaly Kallay, Peter R. Nagy, David Mester, Laszlo Gyevi-Nagy,
        Jozsef Csoka, P. Bernat Szabo, Zoltan Rolik, Gyula Samu,
     Jozsef Csontos, Bence Hegely, Adam Ganyecz, Istvan Ladjanszki,
       Lorant Szegedy, Bence Ladoczki, Klara Petrov, Mate Farkas,
                    Pal D. Mezei, and Reka A. Horvath
 
        Department of Physical Chemistry and Materials Science
            Budapest University of Technology and Economics
                  Budapest P.O.Box 91, H-1521 Hungary
 
                              www.mrcc.hu
 
                      Release date: March 18, 2022

 ************************ 2023-02-17 15:08:14 *************************
 Executing minp...

 Reading input from MINP...
 
 Input file:
 
calc=LNO-CCSD(T)
scftype=rhf
verbosity=3
mem=220GB
symm=off
unit=angs
scfiguess=small
scfmaxit=1000
scfalg=locfit1


lcorthr=tight
bpedo=0.99999
ccmaxit=400
usedisk=0
ccsdalg=dfdirect
ccsdthreads=4
ccsdmkl=thr
ptthreads=4

charge=-18
core=17

basis=special
aug-cc-pVTZ
aug-cc-pVTZ
aug-cc-pVTZ
aug-cc-pVTZ
aug-cc-pVTZ
aug-cc-pVTZ
aug-cc-pVTZ
aug-cc-pVTZ
aug-cc-pVTZ
aug-cc-pVTZ
aug-cc-pVTZ
aug-cc-pVTZ
aug-cc-pVTZ
bse_CVTZ
bse_CVTZ
bse_CVTZ
bse_CVTZ
aug-cc-pVTZ
aug-cc-pVTZ
aug-cc-pVTZ
aug-cc-pVTZ
aug-cc-pVTZ
aug-cc-pVTZ
aug-cc-pVTZ
aug-cc-pVTZ
aug-cc-pVTZ
aug-cc-pVTZ
aug-cc-pVTZ
aug-cc-pVTZ
nothing
nothing
nothing
nothing
nothing
nothing
nothing
nothing
nothing
nothing
nothing
nothing
nothing
nothing
nothing
nothing
nothing
nothing
nothing
nothing
nothing
nothing
nothing
nothing
nothing
nothing
nothing
nothing
nothing
nothing
nothing
nothing
nothing
nothing
nothing
nothing
nothing
nothing
nothing
nothing
nothing
nothing
nothing
nothing
nothing

basis_sm=special
def2-SVP
def2-SVP
def2-SVP
def2-SVP
def2-SVP
def2-SVP
def2-SVP
def2-SVP
def2-SVP
def2-SVP
def2-SVP
def2-SVP
def2-SVP
def2-SVP
def2-SVP
def2-SVP
def2-SVP
def2-SVP
def2-SVP
def2-SVP
def2-SVP
def2-SVP
def2-SVP
def2-SVP
def2-SVP
def2-SVP
def2-SVP
def2-SVP
def2-SVP
nothing
nothing
nothing
nothing
nothing
nothing
nothing
nothing
nothing
nothing
nothing
nothing
nothing
nothing
nothing
nothing
nothing
nothing
nothing
nothing
nothing
nothing
nothing
nothing
nothing
nothing
nothing
nothing
nothing
nothing
nothing
nothing
nothing
nothing
nothing
nothing
nothing
nothing
nothing
nothing
nothing
nothing
nothing
nothing
nothing

dfbasis_scf=special
def2-QZVPP-RI-JK
def2-QZVPP-RI-JK
def2-QZVPP-RI-JK
def2-QZVPP-RI-JK
def2-QZVPP-RI-JK
def2-QZVPP-RI-JK
def2-QZVPP-RI-JK
def2-QZVPP-RI-JK
def2-QZVPP-RI-JK
def2-QZVPP-RI-JK
def2-QZVPP-RI-JK
def2-QZVPP-RI-JK
def2-QZVPP-RI-JK
def2-QZVPP-RI-JK
def2-QZVPP-RI-JK
def2-QZVPP-RI-JK
def2-QZVPP-RI-JK
def2-QZVPP-RI-JK
def2-QZVPP-RI-JK
def2-QZVPP-RI-JK
def2-QZVPP-RI-JK
def2-QZVPP-RI-JK
def2-QZVPP-RI-JK
def2-QZVPP-RI-JK
def2-QZVPP-RI-JK
def2-QZVPP-RI-JK
def2-QZVPP-RI-JK
def2-QZVPP-RI-JK
def2-QZVPP-RI-JK
nothing
nothing
nothing
nothing
nothing
nothing
nothing
nothing
nothing
nothing
nothing
nothing
nothing
nothing
nothing
nothing
nothing
nothing
nothing
nothing
nothing
nothing
nothing
nothing
nothing
nothing
nothing
nothing
nothing
nothing
nothing
nothing
nothing
nothing
nothing
nothing
nothing
nothing
nothing
nothing
nothing
nothing
nothing
nothing
nothing

dfbasis_cor=special
aug-cc-pVTZ-RI
aug-cc-pVTZ-RI
aug-cc-pVTZ-RI
aug-cc-pVTZ-RI
aug-cc-pVTZ-RI
aug-cc-pVTZ-RI
aug-cc-pVTZ-RI
aug-cc-pVTZ-RI
aug-cc-pVTZ-RI
aug-cc-pVTZ-RI
aug-cc-pVTZ-RI
aug-cc-pVTZ-RI
aug-cc-pVTZ-RI
bse_CVTZ_mp2fit
bse_CVTZ_mp2fit
bse_CVTZ_mp2fit
bse_CVTZ_mp2fit
aug-cc-pVTZ-RI
aug-cc-pVTZ-RI
aug-cc-pVTZ-RI
aug-cc-pVTZ-RI
aug-cc-pVTZ-RI
aug-cc-pVTZ-RI
aug-cc-pVTZ-RI
aug-cc-pVTZ-RI
aug-cc-pVTZ-RI
aug-cc-pVTZ-RI
aug-cc-pVTZ-RI
aug-cc-pVTZ-RI
nothing
nothing
nothing
nothing
nothing
nothing
nothing
nothing
nothing
nothing
nothing
nothing
nothing
nothing
nothing
nothing
nothing
nothing
nothing
nothing
nothing
nothing
nothing
nothing
nothing
nothing
nothing
nothing
nothing
nothing
nothing
nothing
nothing
nothing
nothing
nothing
nothing
nothing
nothing
nothing
nothing
nothing
nothing
nothing
nothing

ecp=special
none
none
none
none
none
none
none
none
none
none
none
none
none
none
none
none
none
none
none
none
none
none
none
none
none
none
none
none
none
ECP-12
ECP-12
ECP-12
ECP-12
ECP-12
ECP-12
ECP-12
ECP-12
ECP-12
ECP-12
ECP-12
ECP-12
ECP-12
ECP-12
ECP-12
ECP-12
ECP-12
ECP-12
ECP-12
ECP-12
ECP-12
ECP-12
ECP-12
ECP-12
ECP-12
ECP-12
ECP-12
ECP-12
ECP-12
ECP-12
ECP-12
ECP-12
ECP-12
ECP-12
ECP-12
ECP-12
ECP-12
ECP-12
ECP-12
ECP-12
ECP-12
ECP-12
ECP-12
ECP-12
ECP-12

unit=angs
geom=xyz
74
C6 H6 Mg4 O13 ECP45
C    -0.33910713253    1.60292195353    2.96532185597
C     1.04985656193    1.43279463672    2.93467895755
C     1.59801545876    0.14316389128    2.96515979917
C     0.75703708750   -0.97347952178    3.03224961212
C    -0.63314671019   -0.80368479970    3.06673353550
C    -1.17970311025    0.48329447844    3.02876264428
H    -0.76758416466    2.60555284454    2.93800489373
H     1.70613171805    2.29987311932    2.87561613800
H     2.68143409125    0.01086575907    2.93615501889
H     1.18790527427   -1.97504563202    3.04868050352
H    -1.28962273507   -1.67317592306    3.10975902688
H    -2.26268083512    0.61879291577    3.04842472805
O     0.00000000000    0.00000000000   -0.06789716672
Mg    0.00098669068    2.09692780104   -0.04306509639
Mg    2.09724956284    0.00152139653   -0.04492224842
Mg   -2.09757718332    0.00165234861   -0.05353146267
Mg    0.00110139310   -2.09806104593   -0.05614143939
O    -0.00095139338    2.11480098834   -2.16010432646
O     2.11561024811   -0.00200911107   -2.16080290463
O    -2.11614931900   -0.00159571734   -2.16147200463
O    -0.00068217254   -2.11645514570   -2.16186147587
O    -2.10983800665   -2.11063628138   -0.00493084481
O     2.11118240079   -2.11309615211   -0.00914545412
O    -2.11421745463    2.11174169334   -0.01302921665
O     2.11669379448    2.11496386816   -0.02356284648
O    -0.00003616532    4.21742467025   -0.00042919107
O    -4.21800022681   -0.00033520909   -0.00168475323
O     4.21807696234   -0.00039388880    0.00000000000
O    -0.00008268449   -4.21818948121   -0.00260936510
Mg    0.00079460994    0.00096040231   -2.15487535731
Mg    2.10734003622    2.10653645430   -2.15143865533
Mg   -2.10773819662    2.10708764492   -2.15086069572
Mg    2.10803820483   -2.10823945290   -2.15077181457
Mg   -2.10856535767   -2.10866176995   -2.15100033794
Mg   -0.00085724698    2.10883063798   -4.26715889003
Mg    2.10938951697   -0.00141612598   -4.26715889003
Mg   -2.11110401093   -0.00141612598   -4.26715889003
Mg   -0.00085724698   -2.11166288993   -4.26715889003
Mg   -0.00057437763    4.21540711693   -2.15106507806
Mg    4.21641975279   -0.00118510105   -2.15088564329
Mg   -4.21818266993   -0.00091564127   -2.15115379996
Mg   -0.00038613740   -4.21887336364   -2.15133432364
Mg   -2.10943123842    4.21652726665   -0.06205416335
Mg    4.21727422839   -2.10953755145   -0.05973209106
Mg    2.10884068603    4.21766513330   -0.06603271525
Mg    4.21820057282    2.10855855076   -0.06487912943
Mg   -4.21813291779   -2.10897856623   -0.05820485644
Mg   -4.21860606338    2.10819828122   -0.06149447878
Mg   -2.10862237527   -4.21872356255   -0.05866730551
Mg    2.10848442173   -4.21927750053   -0.06047785419
Mg    2.10938951697    4.21907740193   -4.26715889003
Mg    4.21963628093    2.10883063798   -4.26715889003
Mg   -2.11110401093    4.21907740193   -4.26715889003
Mg    4.21963628093   -2.11166288993   -4.26715889003
Mg   -4.22135077489    2.10883063798   -4.26715889003
Mg    2.10938951697   -4.22190965389   -4.26715889003
Mg   -4.22135077489   -2.11166288993   -4.26715889003
Mg   -2.11110401093   -4.22190965389   -4.26715889003
Mg    4.21984377748    4.21905519186   -2.15314124909
Mg   -4.22075438099    4.21877179430   -2.15207878808
Mg    4.21938792545   -4.22110803069   -2.15148757710
Mg   -4.22037056644   -4.22091933616   -2.15115615431
Mg   -0.00049171034    6.32820015102   -0.05695475299
Mg    6.32918564337   -0.00091288363   -0.05693510820
Mg   -6.32992364746   -0.00088861298   -0.05658599661
Mg   -0.00047211424   -6.33065552430   -0.05641026926
Mg   -2.11058076946    6.32913060260   -2.15159056822
Mg    2.10917816939    6.32963121808   -2.15240548814
Mg    6.32953174040   -2.11108471719   -2.15130814393
Mg    6.33028489980    2.10865364280   -2.15245685129
Mg   -6.33066315821   -2.11111066111   -2.15109479606
Mg   -6.33111724837    2.10881092020   -2.15186922441
Mg   -2.11044912265   -6.33121079988   -2.15117644609
Mg    2.10918513398   -6.33146028949   -2.15156124545


ghost=serialno
1-12

qmmm=Amber
pointcharges
10174
      0.00079460994    0.00096040231   -2.15487535731    2.00000000000
      2.10734003622    2.10653645430   -2.15143865533    2.00000000000
     -2.10773819662    2.10708764492   -2.15086069572    2.00000000000
      2.10803820483   -2.10823945290   -2.15077181457    2.00000000000
--------------------Output has been truncated-------------------------


--------------------Output has been truncated-------------------------


--------------------Output has been truncated-------------------------


--------------------Output has been truncated-------------------------


--------------------Output has been truncated-------------------------


--------------------Output has been truncated-------------------------


--------------------Output has been truncated-------------------------


--------------------Output has been truncated-------------------------


--------------------Output has been truncated-------------------------


--------------------Output has been truncated-------------------------


 
 Final local CC results:
 
 Minimum number of correlated electrons:        38       ( 27.9%)
 Maximum number of correlated electrons:       112       ( 82.4%)
 Average number of correlated electrons:        55.9     ( 41.1%)
 Minimum number of correlated orbitals:         80       (  6.5%)
 Maximum number of correlated orbitals:        251       ( 20.4%)
 Average number of correlated orbitals:        135.3     ( 11.0%)
 
 CPU time for integral calculations [min]:                 14.351
 Wall time for integral calculations [min]:                 4.483
 
 CPU time for SCF calculation [min]:                      162.237
 Wall time for SCF calculation [min]:                       4.586
 
 CPU time for orbital localization [min]:                   0.349
 Wall time for orbital localization [min]:                  0.082
 
 CPU time for integral transformations [min]:            3398.664
 Wall time for integral transformations [min]:            104.347
 
 Reference energy [au]:                                -10617.759000000087
 
 LMP2 correlation energy [au]:                             -4.611153438727
 Total LMP2 energy [au]:                               -10622.370153438815
 
 Total MP2 correction for dropped NAFs [au]:               -0.000294424353
 Total MP2 correction [au]:                                -0.013177272857
 
 CPU time for CCSD calculations [min]:                    980.361
 Total CPU time for CCSD [min]:                          4555.962
 Wall time for CCSD calculations [min]:                    38.168
 Total wall time for CCSD [min]:                          151.666
 
 CCSD correlation energy [au]:                             -4.584475238468
 Total CCSD energy [au]:                               -10622.343475238556
 CCSD correlation energy + 0.5 MP2 corrections [au]:       -4.591063874897
 Total LNO-CCSD energy with MP2 corrections [au]:      -10622.350063874985
 
 CPU time for (T) corrections [min]:                     1409.898
 Total CPU time for CCSD(T) [min]:                       5965.859
 Wall time for (T) corrections [min]:                      41.336
 Total wall time for CCSD(T) [min]:                       193.002
 
 Total (T) correlation energy contribution [au]:           -0.154380887896
 Total (T) correlation energy+0.5 MP2 correction [au]:     -0.160969524324
 CCSD(T) correlation energy [au]:                          -4.738856126364
 Total CCSD(T) energy [au]:                            -10622.497856126452
 CCSD(T) correlation energy + MP2 corrections [au]:        -4.752033399221
 Total LNO-CCSD(T) energy with MP2 corrections [au]:   -10622.511033399309
 
 ======================================================================
 ======================================================================
 
 ************************ 2023-02-17 18:22:32 *************************
                      Normal termination of mrcc.
 **********************************************************************
