 **********************************************************************
                          MRCC program system
 **********************************************************************
 
                              Written by
     Mihaly Kallay, Peter R. Nagy, David Mester, Laszlo Gyevi-Nagy,
        Jozsef Csoka, P. Bernat Szabo, Zoltan Rolik, Gyula Samu,
     Jozsef Csontos, Bence Hegely, Adam Ganyecz, Istvan Ladjanszki,
       Lorant Szegedy, Bence Ladoczki, Klara Petrov, Mate Farkas,
                    Pal D. Mezei, and Reka A. Horvath
 
        Department of Physical Chemistry and Materials Science
            Budapest University of Technology and Economics
                  Budapest P.O.Box 91, H-1521 Hungary
 
                              www.mrcc.hu
 
                      Release date: March 18, 2022

 ************************ 2023-02-04 11:41:02 *************************
 Executing minp...

 Reading input from MINP...
 
 Input file:
 
calc=FNO-CCSD(T)
verbosity=3
mem=220GB
unit=angs
scfiguess=small
scfalg=locfit1
ccmaxit=400
ccsdalg=dfdirect
ccsdthreads=4
ccsdmkl=thr
ptthreads=4
lnoepsv=1e-5
naf_cor=1e-2
basis=aug-cc-pVTZ
basis_sm=def2-SVP
dfbasis_scf=def2-QZVPP-RI-JK
dfbasis_cor=aug-cc-pVTZ-RI
unit=angs
geom=xyz
10

C    29.54344629    29.54344629    16.97505516
H    29.54344670    30.44187631    17.60392580
H    29.54344662    28.64496649    17.60393442
H    30.44658454    29.54342777    16.34911135
H    28.64030918    29.54342779    16.34911130
C    29.54341583    16.88193772    16.97524142
H    28.64492395    16.88193796    17.60416815
H    30.44195768    16.88193792    17.60417697
H    29.54343437    15.97913951    16.34882759
H    29.54343444    17.78473706    16.34882843

--------------------Output has been truncated-------------------------


--------------------Output has been truncated-------------------------


--------------------Output has been truncated-------------------------


--------------------Output has been truncated-------------------------


--------------------Output has been truncated-------------------------


--------------------Output has been truncated-------------------------


--------------------Output has been truncated-------------------------


--------------------Output has been truncated-------------------------


--------------------Output has been truncated-------------------------


--------------------Output has been truncated-------------------------


 
 Reference energy [au]:                       -40.213015315547
 DF-MP2 singlet pair energy [au]:              -0.164419597165
 DF-MP2 triplet pair energy [au]:              -0.036594246935
 DF-SCS-MP2 correlation energy [au]:           -0.209501598910
 DF-SCS-MP2 energy [au]:                      -40.422516914457
 DF-SOS-MP2 correlation energy [au]:           -0.213745476315
 DF-SOS-MP2 energy [au]:                      -40.426760791862
 DF-MP2 correlation energy [au]:               -0.201013844100
 DF-MP2 energy [au]:                          -40.414029159647

 Results in FNO basis:
 
 
 Reference energy [au]:                       -40.213015315547
 DF-MP2 singlet pair energy [au]:              -0.163769301711
 DF-MP2 triplet pair energy [au]:              -0.036550487623
 DF-SCS-MP2 correlation energy [au]:           -0.208706657927
 DF-SCS-MP2 energy [au]:                      -40.421721973474
 DF-SOS-MP2 correlation energy [au]:           -0.212900092224
 DF-SOS-MP2 energy [au]:                      -40.425915407771
 DF-MP2 correlation energy [au]:               -0.200319789334
 DF-MP2 energy [au]:                          -40.413335104881

 Results in NAF basis:
 
 
 Reference energy [au]:                       -40.213015315547
 DF-MP2 singlet pair energy [au]:              -0.163735021371
 DF-MP2 triplet pair energy [au]:              -0.036569767043
 DF-SCS-MP2 correlation energy [au]:           -0.208671947993
 DF-SCS-MP2 energy [au]:                      -40.421687263540
 DF-SOS-MP2 correlation energy [au]:           -0.212855527782
 DF-SOS-MP2 energy [au]:                      -40.425870843329
 DF-MP2 correlation energy [au]:               -0.200304788414
 DF-MP2 energy [au]:                          -40.413320103961

 ************************ 2023-02-04 11:41:18 *************************
 Executing ccsd...

 Allocation of 220.0 Gbytes of memory...

 Direct DF-CCSD(T) calculation
 
 Convergence criterion:  1.0E-06
 
 Number of occupied/virtual/auxiliary orbitals:     4    83   221
     89.04 MB is the minimal memory requirement for (T)
     22.38 MB is the minimal memory requirement for CCSD
 
 Reference energy [au]:             -40.213015315547
 T1 contribution [au]:                0.000000000000
 Same spin MP2 energy [au]:          -0.036560099952
 Opposite spin MP2 energy [au]:      -0.163752080001
 MP2 correlation energy [au]:        -0.200312179953
 Total MP2 energy [au]:             -40.413327495500
 MP2 correction [au]:                -0.000701664147
 
 
 CPU time [min]:     0.061                   Wall time [min]:     0.004
 
 Starting CCSD iterations...
 
                     Residual norm          Energy
 Iteration  1        0.131889010669      -40.427795333883
 Iteration  2        0.033755732233      -40.433318632472
 Iteration  3        0.008182086921      -40.433784837297
 Iteration  4        0.001914001456      -40.433787442431
 Iteration  5        0.000362979017      -40.433794495078
 Iteration  6        0.000073627565      -40.433794627924
 Iteration  7        0.000017731621      -40.433795233341
 Iteration  8        0.000003100589      -40.433795251061
 
 CCSD iteration has converged in  8 steps.
      207.43 MB memory was utilized by CCSD
 
 T1 diagnostic:      7.476E-03            D1 diagnostic:      1.210E-02
 
 T1 contribution [au]:                                  0.000000000000
 PPL energy contribution [au]:                          0.057488491005
 Scaled PPL energy contribution [au]:                   0.057691543612

 OS-PPL energy contribution [au]:                       0.050873514549
 Scaled OS-PPL energy contribution [au]:                0.051085674855
 SS-PPL energy contribution [au]:                       0.006614976457
 Scaled SS-PPL energy contribution [au]:                0.006619540457

 Opposite spin CCSD energy [au]:                       -0.185469520090
 Same spin CCSD energy [au]:                           -0.035321854850
 CCSD correlation energy [au]:                         -0.220791374940
 CCSD correlation energy + MP2 correction [au]:        -0.221493039087
 CCSD correlation energy + MP2 + PPL corr. [au]:       -0.221289986481
 Total CCSD energy [au]:                              -40.433806690487
 Total CCSD energy + MP2 correction [au]:             -40.434508354634
 Total CCSD energy + MP2 + PPL corr. [au]:            -40.434305302028
 
 CPU time [min]:     0.393                   Wall time [min]:     0.013
 
 Calculation of (T) correction...
 
 
       67.65 MB memory is utilized for (T)

 0%       25%       50%       75%       100%
 |---------|---------|---------|---------| 
 
 (T) correction [au]:                                    -0.006568881346
 (T*) correction [au]:                                   -0.006591891173
 (T+) correction [au]:                                   -0.006591911426
 CCSD(T) correlation energy [au]:                        -0.227360256286
 CCSD(T) correlation energy + MP2 correction [au]:       -0.228061920434
 CCSD(T+) correlation en. + MP2 + PPL corr. [au]:        -0.227881897907
 Total CCSD(T) energy [au]:                             -40.440375571833
 Total CCSD(T) energy + MP2 correction [au]:            -40.441077235981
 Total CCSD(T+) energy + MP2 + PPL corr. [au]:          -40.440897213454
 
 CPU time [min]:     0.458                   Wall time [min]:     0.015
 
 ************************ 2023-02-04 11:41:19 *************************
                      Normal termination of mrcc.
 **********************************************************************
