 **********************************************************************
                          MRCC program system
 **********************************************************************
 
                              Written by
     Mihaly Kallay, Peter R. Nagy, David Mester, Laszlo Gyevi-Nagy,
        Jozsef Csoka, P. Bernat Szabo, Zoltan Rolik, Gyula Samu,
     Jozsef Csontos, Bence Hegely, Adam Ganyecz, Istvan Ladjanszki,
       Lorant Szegedy, Bence Ladoczki, Klara Petrov, Mate Farkas,
                    Pal D. Mezei, and Reka A. Horvath
 
        Department of Physical Chemistry and Materials Science
            Budapest University of Technology and Economics
                  Budapest P.O.Box 91, H-1521 Hungary
 
                              www.mrcc.hu
 
                      Release date: March 18, 2022

 ************************ 2023-02-04 11:41:09 *************************
 Executing minp...

 Reading input from MINP...
 
 Input file:
 
calc=FNO-CCSD(T)
verbosity=3
mem=220GB
unit=angs
scfiguess=small
scfalg=locfit1
ccmaxit=400
ccsdalg=dfdirect
ccsdthreads=4
ccsdmkl=thr
ptthreads=4
lnoepsv=1e-5
naf_cor=1e-2
basis=aug-cc-pVQZ
basis_sm=def2-SVP
dfbasis_scf=def2-QZVPP-RI-JK
dfbasis_cor=aug-cc-pVQZ-RI
unit=angs
geom=xyz
10

C    29.54344629    29.54344629    16.97505516
H    29.54344670    30.44187631    17.60392580
H    29.54344662    28.64496649    17.60393442
H    30.44658454    29.54342777    16.34911135
H    28.64030918    29.54342779    16.34911130
C    29.54341583    16.88193772    16.97524142
H    28.64492395    16.88193796    17.60416815
H    30.44195768    16.88193792    17.60417697
H    29.54343437    15.97913951    16.34882759
H    29.54343444    17.78473706    16.34882843

--------------------Output has been truncated-------------------------


--------------------Output has been truncated-------------------------


--------------------Output has been truncated-------------------------


--------------------Output has been truncated-------------------------


--------------------Output has been truncated-------------------------


--------------------Output has been truncated-------------------------


--------------------Output has been truncated-------------------------


--------------------Output has been truncated-------------------------


--------------------Output has been truncated-------------------------


--------------------Output has been truncated-------------------------


 
 Reference energy [au]:                       -40.215615372218
 DF-MP2 singlet pair energy [au]:              -0.173753451282
 DF-MP2 triplet pair energy [au]:              -0.037498057679
 DF-SCS-MP2 correlation energy [au]:           -0.221003494098
 DF-SCS-MP2 energy [au]:                      -40.436618866316
 DF-SOS-MP2 correlation energy [au]:           -0.225879486666
 DF-SOS-MP2 energy [au]:                      -40.441494858885
 DF-MP2 correlation energy [au]:               -0.211251508961
 DF-MP2 energy [au]:                          -40.426866881179

 Results in FNO basis:
 
 
 Reference energy [au]:                       -40.215615372218
 DF-MP2 singlet pair energy [au]:              -0.170618734064
 DF-MP2 triplet pair energy [au]:              -0.037356755193
 DF-SCS-MP2 correlation energy [au]:           -0.217194732608
 DF-SCS-MP2 energy [au]:                      -40.432810104826
 DF-SOS-MP2 correlation energy [au]:           -0.221804354283
 DF-SOS-MP2 energy [au]:                      -40.437419726502
 DF-MP2 correlation energy [au]:               -0.207975489257
 DF-MP2 energy [au]:                          -40.423590861475

 Results in NAF basis:
 
 
 Reference energy [au]:                       -40.215615372218
 DF-MP2 singlet pair energy [au]:              -0.170601172367
 DF-MP2 triplet pair energy [au]:              -0.037363453508
 DF-SCS-MP2 correlation energy [au]:           -0.217175891343
 DF-SCS-MP2 energy [au]:                      -40.432791263561
 DF-SOS-MP2 correlation energy [au]:           -0.221781524077
 DF-SOS-MP2 energy [au]:                      -40.437396896295
 DF-MP2 correlation energy [au]:               -0.207964625875
 DF-MP2 energy [au]:                          -40.423579998093

 ************************ 2023-02-04 11:41:46 *************************
 Executing ccsd...

 Allocation of 220.0 Gbytes of memory...

 Direct DF-CCSD(T) calculation
 
 Convergence criterion:  1.0E-06
 
 Number of occupied/virtual/auxiliary orbitals:     4   101   320
    163.36 MB is the minimal memory requirement for (T)
     39.40 MB is the minimal memory requirement for CCSD
 
 Reference energy [au]:             -40.215615372218
 T1 contribution [au]:                0.000000000000
 Same spin MP2 energy [au]:          -0.037360099894
 Opposite spin MP2 energy [au]:      -0.170609943421
 MP2 correlation energy [au]:        -0.207970043315
 Total MP2 energy [au]:             -40.423585415533
 MP2 correction [au]:                -0.003281465646
 
 
 CPU time [min]:     0.175                   Wall time [min]:     0.008
 
 Starting CCSD iterations...
 
                     Residual norm          Energy
 Iteration  1        0.138683185319      -40.436530458213
 Iteration  2        0.035377523927      -40.442054328793
 Iteration  3        0.009772632607      -40.442637148591
 Iteration  4        0.002021099115      -40.442641650498
 Iteration  5        0.000374945176      -40.442648164180
 Iteration  6        0.000084812043      -40.442648040879
 Iteration  7        0.000020227406      -40.442648731093
 Iteration  8        0.000003739466      -40.442648788084
 
 CCSD iteration has converged in  8 steps.
      444.29 MB memory was utilized by CCSD
 
 T1 diagnostic:      7.996E-03            D1 diagnostic:      1.291E-02
 
 T1 contribution [au]:                                  0.000000000000
 PPL energy contribution [au]:                          0.060603754966
 Scaled PPL energy contribution [au]:                   0.061560579242

 OS-PPL energy contribution [au]:                       0.053775258919
 Scaled OS-PPL energy contribution [au]:                0.054768350965
 SS-PPL energy contribution [au]:                       0.006828496047
 Scaled SS-PPL energy contribution [au]:                0.006852794285

 Opposite spin CCSD energy [au]:                       -0.191004627539
 Same spin CCSD energy [au]:                           -0.036035536678
 CCSD correlation energy [au]:                         -0.227040164217
 CCSD correlation energy + MP2 correction [au]:        -0.230321629863
 CCSD correlation energy + MP2 + PPL corr. [au]:       -0.229364805587
 Total CCSD energy [au]:                              -40.442655536436
 Total CCSD energy + MP2 correction [au]:             -40.445937002082
 Total CCSD energy + MP2 + PPL corr. [au]:            -40.444980177806
 
 CPU time [min]:     0.862                   Wall time [min]:     0.027
 
 Calculation of (T) correction...
 
 
      124.68 MB memory is utilized for (T)

 0%       25%       50%       75%       100%
 |---------|---------|---------|---------| 
 
 (T) correction [au]:                                    -0.006941957948
 (T*) correction [au]:                                   -0.007051491976
 (T+) correction [au]:                                   -0.007051085109
 CCSD(T) correlation energy [au]:                        -0.233982122165
 CCSD(T) correlation energy + MP2 correction [au]:       -0.237263587811
 CCSD(T+) correlation en. + MP2 + PPL corr. [au]:        -0.236415890696
 Total CCSD(T) energy [au]:                             -40.449597494384
 Total CCSD(T) energy + MP2 correction [au]:            -40.452878960030
 Total CCSD(T+) energy + MP2 + PPL corr. [au]:          -40.452031262914
 
 CPU time [min]:     0.943                   Wall time [min]:     0.030
 
 ************************ 2023-02-04 11:41:47 *************************
                      Normal termination of mrcc.
 **********************************************************************
