 **********************************************************************
                          MRCC program system
 **********************************************************************
 
                              Written by
     Mihaly Kallay, Peter R. Nagy, David Mester, Laszlo Gyevi-Nagy,
        Jozsef Csoka, P. Bernat Szabo, Zoltan Rolik, Gyula Samu,
     Jozsef Csontos, Bence Hegely, Adam Ganyecz, Istvan Ladjanszki,
       Lorant Szegedy, Bence Ladoczki, Klara Petrov, Mate Farkas,
                    Pal D. Mezei, and Reka A. Horvath
 
        Department of Physical Chemistry and Materials Science
            Budapest University of Technology and Economics
                  Budapest P.O.Box 91, H-1521 Hungary
 
                              www.mrcc.hu
 
                      Release date: March 18, 2022

 ************************ 2023-02-04 11:50:08 *************************
 Executing minp...

 Reading input from MINP...
 
 Input file:
 
calc=FNO-CCSD(T)
verbosity=3
mem=220GB
unit=angs
scfiguess=small
scfalg=locfit1
ccmaxit=400
ccsdalg=dfdirect
ccsdthreads=4
ccsdmkl=thr
ptthreads=4
lnoepsv=1e-5
naf_cor=1e-2
basis=aug-cc-pVTZ
basis_sm=def2-SVP
dfbasis_scf=def2-QZVPP-RI-JK
dfbasis_cor=aug-cc-pVTZ-RI
unit=angs
geom=xyz
10

C    29.54344629    29.54344629    16.97505516
H    29.54344670    30.44187631    17.60392580
H    29.54344662    28.64496649    17.60393442
H    30.44658454    29.54342777    16.34911135
H    28.64030918    29.54342779    16.34911130
C    46.42541560    21.10246164    16.97505516
H    46.42541600    22.00089166    17.60392580
H    46.42541593    20.20398183    17.60393442
H    47.32855385    21.10244311    16.34911135
H    45.52227849    21.10244313    16.34911130

--------------------Output has been truncated-------------------------


--------------------Output has been truncated-------------------------


--------------------Output has been truncated-------------------------


--------------------Output has been truncated-------------------------


--------------------Output has been truncated-------------------------


--------------------Output has been truncated-------------------------


--------------------Output has been truncated-------------------------


--------------------Output has been truncated-------------------------


--------------------Output has been truncated-------------------------


--------------------Output has been truncated-------------------------


 
 Reference energy [au]:                       -80.426028015420
 DF-MP2 singlet pair energy [au]:              -0.328837584408
 DF-MP2 triplet pair energy [au]:              -0.073189051316
 DF-SCS-MP2 correlation energy [au]:           -0.419001451729
 DF-SCS-MP2 energy [au]:                      -80.845029467149
 DF-SOS-MP2 correlation energy [au]:           -0.427488859731
 DF-SOS-MP2 energy [au]:                      -80.853516875151
 DF-MP2 correlation energy [au]:               -0.402026635724
 DF-MP2 energy [au]:                          -80.828054651145

 Results in FNO basis:
 
 
 Reference energy [au]:                       -80.426028015420
 DF-MP2 singlet pair energy [au]:              -0.327537104020
 DF-MP2 triplet pair energy [au]:              -0.073101538221
 DF-SCS-MP2 correlation energy [au]:           -0.417411704231
 DF-SCS-MP2 energy [au]:                      -80.843439719651
 DF-SOS-MP2 correlation energy [au]:           -0.425798235226
 DF-SOS-MP2 energy [au]:                      -80.851826250646
 DF-MP2 correlation energy [au]:               -0.400638642241
 DF-MP2 energy [au]:                          -80.826666657661

 Results in NAF basis:
 
 
 Reference energy [au]:                       -80.426028015420
 DF-MP2 singlet pair energy [au]:              -0.327471604136
 DF-MP2 triplet pair energy [au]:              -0.073140312742
 DF-SCS-MP2 correlation energy [au]:           -0.417346029211
 DF-SCS-MP2 energy [au]:                      -80.843374044631
 DF-SOS-MP2 correlation energy [au]:           -0.425713085377
 DF-SOS-MP2 energy [au]:                      -80.851741100797
 DF-MP2 correlation energy [au]:               -0.400611916878
 DF-MP2 energy [au]:                          -80.826639932299

 ************************ 2023-02-04 11:50:26 *************************
 Executing ccsd...

 Allocation of 220.0 Gbytes of memory...

 Direct DF-CCSD(T) calculation
 
 Convergence criterion:  1.0E-06
 
 Number of occupied/virtual/auxiliary orbitals:     8   166   443
    715.53 MB is the minimal memory requirement for (T)
    155.43 MB is the minimal memory requirement for CCSD
 
 Reference energy [au]:             -80.426028015420
 T1 contribution [au]:                0.000000000000
 Same spin MP2 energy [au]:          -0.073120871793
 Opposite spin MP2 energy [au]:      -0.327504192197
 MP2 correlation energy [au]:        -0.400625063990
 Total MP2 energy [au]:             -80.826653079410
 MP2 correction [au]:                -0.001401571735
 
 
 CPU time [min]:     0.352                   Wall time [min]:     0.015
 
 Starting CCSD iterations...
 
                     Residual norm          Energy
 Iteration  1        0.186520419953      -80.855588969590
 Iteration  2        0.047735740423      -80.866635043665
 Iteration  3        0.011570879670      -80.867567400638
 Iteration  4        0.002706602429      -80.867572612444
 Iteration  5        0.000513280697      -80.867586715427
 Iteration  6        0.000104118869      -80.867586981030
 Iteration  7        0.000025073935      -80.867588191639
 Iteration  8        0.000004384329      -80.867588227086
 Iteration  9        0.000000887267      -80.867588210045
 
 CCSD iteration has converged in  9 steps.
     3072.80 MB memory was utilized by CCSD
 
 T1 diagnostic:      7.475E-03            D1 diagnostic:      1.210E-02
 
 T1 contribution [au]:                                  0.000000000000
 PPL energy contribution [au]:                          0.114975772523
 Scaled PPL energy contribution [au]:                   0.115380895303

 OS-PPL energy contribution [au]:                       0.101745710817
 Scaled OS-PPL energy contribution [au]:                0.102169038889
 SS-PPL energy contribution [au]:                       0.013230061706
 Scaled SS-PPL energy contribution [au]:                0.013239143339

 Opposite spin CCSD energy [au]:                       -0.370936886546
 Same spin CCSD energy [au]:                           -0.070644508440
 CCSD correlation energy [au]:                         -0.441581394986
 CCSD correlation energy + MP2 correction [au]:        -0.442982966721
 CCSD correlation energy + MP2 + PPL corr. [au]:       -0.442577843940
 Total CCSD energy [au]:                              -80.867609410406
 Total CCSD energy + MP2 correction [au]:             -80.869010982141
 Total CCSD energy + MP2 + PPL corr. [au]:            -80.868605859360
 
 CPU time [min]:     5.497                   Wall time [min]:     0.160
 
 Calculation of (T) correction...
 
 
      698.30 MB memory is utilized for (T)

 0%       25%       50%       75%       100%
 |---------|---------|---------|---------| 
 
 (T) correction [au]:                                    -0.013137550894
 (T*) correction [au]:                                   -0.013183512122
 (T+) correction [au]:                                   -0.013183497710
 CCSD(T) correlation energy [au]:                        -0.454718945880
 CCSD(T) correlation energy + MP2 correction [au]:       -0.456120517615
 CCSD(T+) correlation en. + MP2 + PPL corr. [au]:        -0.455761341650
 Total CCSD(T) energy [au]:                             -80.880746961301
 Total CCSD(T) energy + MP2 correction [au]:            -80.882148533035
 Total CCSD(T+) energy + MP2 + PPL corr. [au]:          -80.881789357070
 
 CPU time [min]:     7.423                   Wall time [min]:     0.227
 
 ************************ 2023-02-04 11:50:40 *************************
                      Normal termination of mrcc.
 **********************************************************************
