 **********************************************************************
                          MRCC program system
 **********************************************************************
 
                              Written by
     Mihaly Kallay, Peter R. Nagy, David Mester, Laszlo Gyevi-Nagy,
        Jozsef Csoka, P. Bernat Szabo, Zoltan Rolik, Gyula Samu,
     Jozsef Csontos, Bence Hegely, Adam Ganyecz, Istvan Ladjanszki,
       Lorant Szegedy, Bence Ladoczki, Klara Petrov, Mate Farkas,
                    Pal D. Mezei, and Reka A. Horvath
 
        Department of Physical Chemistry and Materials Science
            Budapest University of Technology and Economics
                  Budapest P.O.Box 91, H-1521 Hungary
 
                              www.mrcc.hu
 
                      Release date: March 18, 2022

 ************************ 2023-02-04 11:50:12 *************************
 Executing minp...

 Reading input from MINP...
 
 Input file:
 
calc=FNO-CCSD(T)
verbosity=3
mem=220GB
unit=angs
scfiguess=small
scfalg=locfit1
ccmaxit=400
ccsdalg=dfdirect
ccsdthreads=4
ccsdmkl=thr
ptthreads=4
lnoepsv=1e-5
naf_cor=1e-2
basis=aug-cc-pVQZ
basis_sm=def2-SVP
dfbasis_scf=def2-QZVPP-RI-JK
dfbasis_cor=aug-cc-pVQZ-RI
unit=angs
geom=xyz
10

C    29.54344629    29.54344629    16.97505516
H    29.54344670    30.44187631    17.60392580
H    29.54344662    28.64496649    17.60393442
H    30.44658454    29.54342777    16.34911135
H    28.64030918    29.54342779    16.34911130
C    46.42541560    21.10246164    16.97505516
H    46.42541600    22.00089166    17.60392580
H    46.42541593    20.20398183    17.60393442
H    47.32855385    21.10244311    16.34911135
H    45.52227849    21.10244313    16.34911130

--------------------Output has been truncated-------------------------


--------------------Output has been truncated-------------------------


--------------------Output has been truncated-------------------------


--------------------Output has been truncated-------------------------


--------------------Output has been truncated-------------------------


--------------------Output has been truncated-------------------------


--------------------Output has been truncated-------------------------


--------------------Output has been truncated-------------------------


--------------------Output has been truncated-------------------------


--------------------Output has been truncated-------------------------


 
 Reference energy [au]:                       -80.431228349895
 DF-MP2 singlet pair energy [au]:              -0.347505744865
 DF-MP2 triplet pair energy [au]:              -0.074996751726
 DF-SCS-MP2 correlation energy [au]:           -0.442005811079
 DF-SCS-MP2 energy [au]:                      -80.873234160975
 DF-SOS-MP2 correlation energy [au]:           -0.451757468324
 DF-SOS-MP2 energy [au]:                      -80.882985818219
 DF-MP2 correlation energy [au]:               -0.422502496590
 DF-MP2 energy [au]:                          -80.853730846486

 Results in FNO basis:
 
 
 Reference energy [au]:                       -80.431228349895
 DF-MP2 singlet pair energy [au]:              -0.341236415455
 DF-MP2 triplet pair energy [au]:              -0.074714145722
 DF-SCS-MP2 correlation energy [au]:           -0.434388413786
 DF-SCS-MP2 energy [au]:                      -80.865616763681
 DF-SOS-MP2 correlation energy [au]:           -0.443607340091
 DF-SOS-MP2 energy [au]:                      -80.874835689986
 DF-MP2 correlation energy [au]:               -0.415950561177
 DF-MP2 energy [au]:                          -80.847178911072

 Results in NAF basis:
 
 
 Reference energy [au]:                       -80.431228349895
 DF-MP2 singlet pair energy [au]:              -0.341202138828
 DF-MP2 triplet pair energy [au]:              -0.074726354743
 DF-SCS-MP2 correlation energy [au]:           -0.434351351508
 DF-SCS-MP2 energy [au]:                      -80.865579701403
 DF-SOS-MP2 correlation energy [au]:           -0.443562780477
 DF-SOS-MP2 energy [au]:                      -80.874791130372
 DF-MP2 correlation energy [au]:               -0.415928493571
 DF-MP2 energy [au]:                          -80.847156843466

 ************************ 2023-02-04 11:50:47 *************************
 Executing ccsd...

 Allocation of 220.0 Gbytes of memory...

 Direct DF-CCSD(T) calculation
 
 Convergence criterion:  1.0E-06
 
 Number of occupied/virtual/auxiliary orbitals:     8   202   640
   1312.15 MB is the minimal memory requirement for (T)
    293.11 MB is the minimal memory requirement for CCSD
 
 Reference energy [au]:             -80.431228349895
 T1 contribution [au]:                0.000000000000
 Same spin MP2 energy [au]:          -0.074720242423
 Opposite spin MP2 energy [au]:      -0.341219260630
 MP2 correlation energy [au]:        -0.415939503053
 Total MP2 energy [au]:             -80.847167852948
 MP2 correction [au]:                -0.006562993538
 
 
 CPU time [min]:     0.497                   Wall time [min]:     0.057
 
 Starting CCSD iterations...
 
                     Residual norm          Energy
 Iteration  1        0.196124246814      -80.873057929183
 Iteration  2        0.050029324388      -80.884105133344
 Iteration  3        0.013819481202      -80.885270603349
 Iteration  4        0.002858073721      -80.885279607709
 Iteration  5        0.000530194476      -80.885292629519
 Iteration  6        0.000119923132      -80.885292383001
 Iteration  7        0.000028600552      -80.885293763120
 Iteration  8        0.000005287331      -80.885293877019
 Iteration  9        0.000001125704      -80.885293853058
 
 CCSD iteration has converged in  9 steps.
     6687.81 MB memory was utilized by CCSD
 
 T1 diagnostic:      7.996E-03            D1 diagnostic:      1.292E-02
 
 T1 contribution [au]:                                  0.000000000000
 PPL energy contribution [au]:                          0.121204817099
 Scaled PPL energy contribution [au]:                   0.123118489918

 OS-PPL energy contribution [au]:                       0.107548055745
 Scaled OS-PPL energy contribution [au]:                0.109533896396
 SS-PPL energy contribution [au]:                       0.013656761354
 Scaled SS-PPL energy contribution [au]:                0.013705555308

 Opposite spin CCSD energy [au]:                       -0.382007612596
 Same spin CCSD energy [au]:                           -0.072071393211
 CCSD correlation energy [au]:                         -0.454079005807
 CCSD correlation energy + MP2 correction [au]:        -0.460641999345
 CCSD correlation energy + MP2 + PPL corr. [au]:       -0.458728326525
 Total CCSD energy [au]:                              -80.885307355702
 Total CCSD energy + MP2 correction [au]:             -80.891870349240
 Total CCSD energy + MP2 + PPL corr. [au]:            -80.889956676420
 
 CPU time [min]:    12.743                   Wall time [min]:     0.408
 
 Calculation of (T) correction...
 
 
     1275.43 MB memory is utilized for (T)

 0%       25%       50%       75%       100%
 |---------|---------|---------|---------| 
 
 (T) correction [au]:                                    -0.013883364813
 (T*) correction [au]:                                   -0.014102426559
 (T+) correction [au]:                                   -0.014101615199
 CCSD(T) correlation energy [au]:                        -0.467962370620
 CCSD(T) correlation energy + MP2 correction [au]:       -0.474525364158
 CCSD(T+) correlation en. + MP2 + PPL corr. [au]:        -0.472829941724
 Total CCSD(T) energy [au]:                             -80.899190720516
 Total CCSD(T) energy + MP2 correction [au]:            -80.905753714053
 Total CCSD(T+) energy + MP2 + PPL corr. [au]:          -80.904058291620
 
 CPU time [min]:    16.717                   Wall time [min]:     0.537
 
 ************************ 2023-02-04 11:51:19 *************************
                      Normal termination of mrcc.
 **********************************************************************
