 **********************************************************************
                          MRCC program system
 **********************************************************************
 
                              Written by
     Mihaly Kallay, Peter R. Nagy, David Mester, Laszlo Gyevi-Nagy,
        Jozsef Csoka, P. Bernat Szabo, Zoltan Rolik, Gyula Samu,
     Jozsef Csontos, Bence Hegely, Adam Ganyecz, Istvan Ladjanszki,
       Lorant Szegedy, Bence Ladoczki, Klara Petrov, Mate Farkas,
                    Pal D. Mezei, and Reka A. Horvath
 
        Department of Physical Chemistry and Materials Science
            Budapest University of Technology and Economics
                  Budapest P.O.Box 91, H-1521 Hungary
 
                              www.mrcc.hu
 
                      Release date: March 18, 2022

 ************************ 2022-11-13 18:17:02 *************************
 Executing minp...

 Reading input from MINP...
 
 Input file:
 
calc=LNO-CCSD(T)
scftype=rhf
verbosity=3
mem=300GB
symm=off
unit=angs
scfiguess=small
scfmaxit=1000
scfalg=locfit1


lcorthr=tight
bpedo=0.99999
ccmaxit=400
usedisk=0
ccsdalg=dfdirect
ccsdthreads=4
ccsdmkl=thr
ptthreads=4

charge=-32
core=34

basis=special
aug-cc-pVTZ
aug-cc-pVTZ
aug-cc-pVTZ
aug-cc-pVTZ
aug-cc-pVTZ
bse_CVTZ
aug-cc-pVTZ
aug-cc-pVTZ
aug-cc-pVTZ
aug-cc-pVTZ
aug-cc-pVTZ
bse_CVTZ
bse_CVTZ
bse_CVTZ
bse_CVTZ
aug-cc-pVTZ
aug-cc-pVTZ
aug-cc-pVTZ
aug-cc-pVTZ
bse_CVTZ
bse_CVTZ
bse_CVTZ
bse_CVTZ
aug-cc-pVTZ
aug-cc-pVTZ
aug-cc-pVTZ
aug-cc-pVTZ
aug-cc-pVTZ
aug-cc-pVTZ
aug-cc-pVTZ
aug-cc-pVTZ
aug-cc-pVTZ
aug-cc-pVTZ
aug-cc-pVTZ
aug-cc-pVTZ
aug-cc-pVTZ
aug-cc-pVTZ
aug-cc-pVTZ
aug-cc-pVTZ
nothing
nothing
nothing
nothing
nothing
nothing
nothing
nothing
nothing
nothing
nothing
nothing
nothing
nothing
nothing
nothing
nothing
nothing
nothing
nothing
nothing
nothing
nothing
nothing
nothing
nothing
nothing
nothing
nothing
nothing
nothing
nothing
nothing
nothing
nothing
nothing
nothing
nothing
nothing
nothing
nothing
nothing
nothing
nothing
nothing
nothing
nothing
nothing
nothing
nothing
nothing
nothing
nothing
nothing
nothing
nothing
nothing
nothing
nothing
nothing
nothing
nothing
nothing
nothing
nothing
nothing
nothing
nothing
nothing

basis_sm=special
def2-SVP
def2-SVP
def2-SVP
def2-SVP
def2-SVP
def2-SVP
def2-SVP
def2-SVP
def2-SVP
def2-SVP
def2-SVP
def2-SVP
def2-SVP
def2-SVP
def2-SVP
def2-SVP
def2-SVP
def2-SVP
def2-SVP
def2-SVP
def2-SVP
def2-SVP
def2-SVP
def2-SVP
def2-SVP
def2-SVP
def2-SVP
def2-SVP
def2-SVP
def2-SVP
def2-SVP
def2-SVP
def2-SVP
def2-SVP
def2-SVP
def2-SVP
def2-SVP
def2-SVP
def2-SVP
nothing
nothing
nothing
nothing
nothing
nothing
nothing
nothing
nothing
nothing
nothing
nothing
nothing
nothing
nothing
nothing
nothing
nothing
nothing
nothing
nothing
nothing
nothing
nothing
nothing
nothing
nothing
nothing
nothing
nothing
nothing
nothing
nothing
nothing
nothing
nothing
nothing
nothing
nothing
nothing
nothing
nothing
nothing
nothing
nothing
nothing
nothing
nothing
nothing
nothing
nothing
nothing
nothing
nothing
nothing
nothing
nothing
nothing
nothing
nothing
nothing
nothing
nothing
nothing
nothing
nothing
nothing
nothing
nothing

dfbasis_scf=special
def2-QZVPP-RI-JK
def2-QZVPP-RI-JK
def2-QZVPP-RI-JK
def2-QZVPP-RI-JK
def2-QZVPP-RI-JK
def2-QZVPP-RI-JK
def2-QZVPP-RI-JK
def2-QZVPP-RI-JK
def2-QZVPP-RI-JK
def2-QZVPP-RI-JK
def2-QZVPP-RI-JK
def2-QZVPP-RI-JK
def2-QZVPP-RI-JK
def2-QZVPP-RI-JK
def2-QZVPP-RI-JK
def2-QZVPP-RI-JK
def2-QZVPP-RI-JK
def2-QZVPP-RI-JK
def2-QZVPP-RI-JK
def2-QZVPP-RI-JK
def2-QZVPP-RI-JK
def2-QZVPP-RI-JK
def2-QZVPP-RI-JK
def2-QZVPP-RI-JK
def2-QZVPP-RI-JK
def2-QZVPP-RI-JK
def2-QZVPP-RI-JK
def2-QZVPP-RI-JK
def2-QZVPP-RI-JK
def2-QZVPP-RI-JK
def2-QZVPP-RI-JK
def2-QZVPP-RI-JK
def2-QZVPP-RI-JK
def2-QZVPP-RI-JK
def2-QZVPP-RI-JK
def2-QZVPP-RI-JK
def2-QZVPP-RI-JK
def2-QZVPP-RI-JK
def2-QZVPP-RI-JK
nothing
nothing
nothing
nothing
nothing
nothing
nothing
nothing
nothing
nothing
nothing
nothing
nothing
nothing
nothing
nothing
nothing
nothing
nothing
nothing
nothing
nothing
nothing
nothing
nothing
nothing
nothing
nothing
nothing
nothing
nothing
nothing
nothing
nothing
nothing
nothing
nothing
nothing
nothing
nothing
nothing
nothing
nothing
nothing
nothing
nothing
nothing
nothing
nothing
nothing
nothing
nothing
nothing
nothing
nothing
nothing
nothing
nothing
nothing
nothing
nothing
nothing
nothing
nothing
nothing
nothing
nothing
nothing
nothing

dfbasis_cor=special
aug-cc-pVTZ-RI
aug-cc-pVTZ-RI
aug-cc-pVTZ-RI
aug-cc-pVTZ-RI
aug-cc-pVTZ-RI
bse_CVTZ_mp2fit
aug-cc-pVTZ-RI
aug-cc-pVTZ-RI
aug-cc-pVTZ-RI
aug-cc-pVTZ-RI
aug-cc-pVTZ-RI
bse_CVTZ_mp2fit
bse_CVTZ_mp2fit
bse_CVTZ_mp2fit
bse_CVTZ_mp2fit
aug-cc-pVTZ-RI
aug-cc-pVTZ-RI
aug-cc-pVTZ-RI
aug-cc-pVTZ-RI
bse_CVTZ_mp2fit
bse_CVTZ_mp2fit
bse_CVTZ_mp2fit
bse_CVTZ_mp2fit
aug-cc-pVTZ-RI
aug-cc-pVTZ-RI
aug-cc-pVTZ-RI
aug-cc-pVTZ-RI
aug-cc-pVTZ-RI
aug-cc-pVTZ-RI
aug-cc-pVTZ-RI
aug-cc-pVTZ-RI
aug-cc-pVTZ-RI
aug-cc-pVTZ-RI
aug-cc-pVTZ-RI
aug-cc-pVTZ-RI
aug-cc-pVTZ-RI
aug-cc-pVTZ-RI
aug-cc-pVTZ-RI
aug-cc-pVTZ-RI
nothing
nothing
nothing
nothing
nothing
nothing
nothing
nothing
nothing
nothing
nothing
nothing
nothing
nothing
nothing
nothing
nothing
nothing
nothing
nothing
nothing
nothing
nothing
nothing
nothing
nothing
nothing
nothing
nothing
nothing
nothing
nothing
nothing
nothing
nothing
nothing
nothing
nothing
nothing
nothing
nothing
nothing
nothing
nothing
nothing
nothing
nothing
nothing
nothing
nothing
nothing
nothing
nothing
nothing
nothing
nothing
nothing
nothing
nothing
nothing
nothing
nothing
nothing
nothing
nothing
nothing
nothing
nothing
nothing

ecp=special
none
none
none
none
none
none
none
none
none
none
none
none
none
none
none
none
none
none
none
none
none
none
none
none
none
none
none
none
none
none
none
none
none
none
none
none
none
none
none
ECP-12
ECP-12
ECP-12
ECP-12
ECP-12
ECP-12
ECP-12
ECP-12
ECP-12
ECP-12
ECP-12
ECP-12
ECP-12
ECP-12
ECP-12
ECP-12
ECP-12
ECP-12
ECP-12
ECP-12
ECP-12
ECP-12
ECP-12
ECP-12
ECP-12
ECP-12
ECP-12
ECP-12
ECP-12
ECP-12
ECP-12
ECP-12
ECP-12
ECP-12
ECP-12
ECP-12
ECP-12
ECP-12
ECP-12
ECP-12
ECP-12
ECP-12
ECP-12
ECP-12
ECP-12
ECP-12
ECP-12
ECP-12
ECP-12
ECP-12
ECP-12
ECP-12
ECP-12
ECP-12
ECP-12
ECP-12
ECP-12
ECP-12
ECP-12
ECP-12
ECP-12
ECP-12
ECP-12
ECP-12
ECP-12
ECP-12
ECP-12
ECP-12
ECP-12

unit=angs
geom=xyz
108
C1 H4 Mg9 O25 ECP69
C    -0.00000074369    0.00001803251    3.08965671684
H    -0.00000033754    0.89844805459    3.71852735897
H    -0.00000041529   -0.89846176989    3.71853597467
H     0.90313750836   -0.00000048980    2.46371290163
H    -0.90313785220   -0.00000046979    2.46371285650
Mg    0.00000000000    0.00000000000   -0.04013054705
O    -0.00000005880    2.10979218463   -0.00099629636
O     0.00000003396   -2.10979182518   -0.00099618038
O    -2.11010809856    0.00000033399    0.00000000000
O     2.11010786831    0.00000009530   -0.00000006127
O    -0.00000004214    0.00000030504   -2.15514404250
Mg   -2.11067208612    2.11041522276   -0.05126301443
Mg    2.11067182897    2.11041535269   -0.05126312488
Mg    2.11067181856   -2.11041493231   -0.05126326161
Mg   -2.11067202432   -2.11041463749   -0.05126344764
O    -2.11032302050    2.11021885049   -2.15582843548
O     2.11032308034    2.11021896709   -2.15582826621
O     2.11032286331   -2.11021841698   -2.15582832831
O    -2.11032304542   -2.11021834941   -2.15582848481
Mg   -4.22049342343    0.00000017413   -0.04129674490
Mg    4.22049363238    0.00000017413   -0.04129674490
Mg    0.00000001596    4.22049386504   -0.04217611702
Mg    0.00000001596   -4.22049319078   -0.04217611702
O    -2.10972949167    4.22049372563   -0.00093772867
O     2.10972919847    4.22049381676   -0.00093733480
O     2.10972919847   -4.22049323906   -0.00093733480
O    -2.10972949167   -4.22049333019   -0.00093772867
O    -4.22049351679    2.11070217987   -0.00146008092
O     4.22049353903    2.11070217987   -0.00146008092
O     4.22049340171   -2.11070191535   -0.00146052161
O    -4.22049365410   -2.11070191535   -0.00146052161
O    -4.22049361723    0.00000017826   -2.15548283974
O     4.22049343859    0.00000017826   -2.15548283974
O    -0.00000001596    4.22049385676   -2.15591862118
O    -0.00000001596   -4.22049319906   -2.15591862118
O    -6.33087918750    0.00000009530   -0.00000006127
O     6.33087895726    0.00000033399    0.00000000000
O     0.00000003396    6.33119523063   -0.00099618038
O    -0.00000005880   -6.33119487119   -0.00099629636
Mg   -2.10970402434    0.00000019377   -2.14942510171
Mg    2.10970414555    0.00000031420   -2.14942467063
Mg   -0.00000001866    2.10984860169   -2.14995884065
Mg   -0.00000006412   -2.10984798285   -2.14995915510
Mg   -0.00000022182    0.00000037698   -4.27515348534
Mg   -4.22049347839    2.11024973952   -2.15013000455
Mg   -2.11023175475    4.22049377840   -2.15014758497
Mg    2.11023161856    4.22049377222   -2.15014768707
Mg    4.22049357743    2.11024973952   -2.15013000455
Mg    4.22049329842   -2.11024928802   -2.15013000984
Mg    2.11023161856   -4.22049328359   -2.15014768707
Mg   -2.11023175475   -4.22049327741   -2.15014758497
Mg   -4.22049375739   -2.11024928802   -2.15013000984
Mg   -2.11024698577    2.11024714093   -4.27515348534
Mg    2.11024654214    2.11024714093   -4.27515348534
Mg    2.11024654214   -2.11024638698   -4.27515348534
Mg   -2.11024698577   -2.11024638698   -4.27515348534
Mg   -4.22049353787    4.22049361170   -0.04079595557
Mg    4.22049351795    4.22049361170   -0.04079595557
Mg    4.22049351795   -4.22049344412   -0.04079595557
Mg   -4.22049353787   -4.22049344412   -0.04079595557
Mg   -4.22049374973    0.00000037698   -4.27515348534
Mg   -0.00000022182    4.22049390489   -4.27515348534
Mg    4.22049330609    0.00000037698   -4.27515348534
Mg   -0.00000022182   -4.22049315093   -4.27515348534
Mg   -6.33031522684    2.11041535269   -0.05126312488
Mg    6.33031496969    2.11041522276   -0.05126301443
Mg    6.33031503150   -2.11041463749   -0.05126344764
Mg   -6.33031523726   -2.11041493231   -0.05126326161
Mg   -2.11067202432    6.33057241833   -0.05126344764
Mg    2.11067181856    6.33057212351   -0.05126326161
Mg    2.11067182897   -6.33057170313   -0.05126312488
Mg   -2.11067208612   -6.33057183306   -0.05126301443
Mg   -6.33128291027    0.00000031420   -2.14942467063
Mg    6.33128303147    0.00000019377   -2.14942510171
Mg   -0.00000006412    6.33113907297   -2.14995915510
Mg   -0.00000001866   -6.33113845412   -2.14995884065
Mg   -4.22049374973    4.22049390489   -4.27515348534
Mg    4.22049330609    4.22049390489   -4.27515348534
Mg    4.22049330609   -4.22049315093   -4.27515348534
Mg   -4.22049374973   -4.22049315093   -4.27515348534
Mg   -6.33075543725    4.22049377222   -2.15014768707
Mg   -4.22049375739    6.33073776780   -2.15013000984
Mg    4.22049329842    6.33073776780   -2.15013000984
Mg    6.33075530107    4.22049377840   -2.15014758497
Mg    6.33075530107   -4.22049327741   -2.15014758497
Mg    4.22049357743   -6.33073731630   -2.15013000455
Mg   -4.22049347839   -6.33073731630   -2.15013000455
Mg   -6.33075543725   -4.22049328359   -2.15014768707
Mg   -6.33074051368    2.11024714093   -4.27515348534
Mg   -2.11024698577    6.33074066884   -4.27515348534
Mg    2.11024654214    6.33074066884   -4.27515348534
Mg    6.33074007005    2.11024714093   -4.27515348534
Mg    6.33074007005   -2.11024638698   -4.27515348534
Mg    2.11024654214   -6.33073991489   -4.27515348534
Mg   -2.11024698577   -6.33073991489   -4.27515348534
Mg   -6.33074051368   -2.11024638698   -4.27515348534
Mg   -8.44098705582    0.00000000000   -0.04013054705
Mg    0.00000000000    8.44098705582   -0.04013054705
Mg    8.44098705582    0.00000000000   -0.04013054705
Mg    0.00000000000   -8.44098705582   -0.04013054705
Mg   -2.10970402434    8.44098724959   -2.14942510171
Mg    2.10970414555    8.44098737001   -2.14942467063
Mg    2.10970414555   -8.44098674162   -2.14942467063
Mg   -2.10970402434   -8.44098686205   -2.14942510171
Mg   -8.44098707447    2.10984860169   -2.14995884065
Mg    8.44098703716    2.10984860169   -2.14995884065
Mg    8.44098699169   -2.10984798285   -2.14995915510
Mg   -8.44098711994   -2.10984798285   -2.14995915510


ghost=serialno
1-5

qmmm=Amber
pointcharges
10157
     -2.10970402434    0.00000019377   -2.14942510171    2.00000000000
      2.10970414555    0.00000031420   -2.14942467063    2.00000000000
     -0.00000001866    2.10984860169   -2.14995884065    2.00000000000
     -0.00000006412   -2.10984798285   -2.14995915510    2.00000000000
--------------------Output has been truncated-------------------------


--------------------Output has been truncated-------------------------


--------------------Output has been truncated-------------------------


--------------------Output has been truncated-------------------------


--------------------Output has been truncated-------------------------


--------------------Output has been truncated-------------------------


--------------------Output has been truncated-------------------------


--------------------Output has been truncated-------------------------


--------------------Output has been truncated-------------------------


--------------------Output has been truncated-------------------------


 
 Final local CC results:
 
 Minimum number of correlated electrons:        38       ( 14.0%)
 Maximum number of correlated electrons:       118       ( 43.4%)
 Average number of correlated electrons:        63.1     ( 23.2%)
 Minimum number of correlated orbitals:         80       (  4.5%)
 Maximum number of correlated orbitals:        257       ( 14.4%)
 Average number of correlated orbitals:        146.6     (  8.2%)
 
 CPU time for integral calculations [min]:                 26.615
 Wall time for integral calculations [min]:                 7.973
 
 CPU time for SCF calculation [min]:                      425.768
 Wall time for SCF calculation [min]:                      13.578
 
 CPU time for orbital localization [min]:                   0.598
 Wall time for orbital localization [min]:                  0.320
 
 CPU time for integral transformations [min]:           11045.169
 Wall time for integral transformations [min]:            411.289
 
 Reference energy [au]:                                -13011.732847406893
 
 LMP2 correlation energy [au]:                             -9.215078766289
 Total LMP2 energy [au]:                               -13020.947926173181
 
 Total MP2 correction for dropped NAFs [au]:               -0.000632414697
 Total MP2 correction [au]:                                -0.032060193262
 
 CPU time for CCSD calculations [min]:                   2060.478
 Total CPU time for CCSD [min]:                         13558.629
 Wall time for CCSD calculations [min]:                    99.395
 Total wall time for CCSD [min]:                          532.557
 
 CCSD correlation energy [au]:                             -9.157429213666
 Total CCSD energy [au]:                               -13020.890276620559
 CCSD correlation energy + 0.5 MP2 corrections [au]:       -9.173459310297
 Total LNO-CCSD energy with MP2 corrections [au]:      -13020.906306717190
 
 CPU time for (T) corrections [min]:                     3275.998
 Total CPU time for CCSD(T) [min]:                      16834.627
 Wall time for (T) corrections [min]:                     114.350
 Total wall time for CCSD(T) [min]:                       646.906
 
 Total (T) correlation energy contribution [au]:           -0.306426704455
 Total (T) correlation energy+0.5 MP2 correction [au]:     -0.322456801086
 CCSD(T) correlation energy [au]:                          -9.463855918121
 Total CCSD(T) energy [au]:                            -13021.196703325013
 CCSD(T) correlation energy + MP2 corrections [au]:        -9.495916111383
 Total LNO-CCSD(T) energy with MP2 corrections [au]:   -13021.228763518277
 
 ======================================================================
 ======================================================================
 
 ************************ 2022-11-14 05:06:46 *************************
                      Normal termination of mrcc.
 **********************************************************************
