 **********************************************************************
                          MRCC program system
 **********************************************************************
 
                              Written by
     Mihaly Kallay, Peter R. Nagy, David Mester, Laszlo Gyevi-Nagy,
        Jozsef Csoka, P. Bernat Szabo, Zoltan Rolik, Gyula Samu,
     Jozsef Csontos, Bence Hegely, Adam Ganyecz, Istvan Ladjanszki,
       Lorant Szegedy, Bence Ladoczki, Klara Petrov, Mate Farkas,
                    Pal D. Mezei, and Reka A. Horvath
 
        Department of Physical Chemistry and Materials Science
            Budapest University of Technology and Economics
                  Budapest P.O.Box 91, H-1521 Hungary
 
                              www.mrcc.hu
 
                      Release date: March 18, 2022

 ************************ 2023-02-05 13:17:13 *************************
 Executing minp...

 Reading input from MINP...
 
 Input file:
 
calc=FNO-CCSD(T)
verbosity=3
mem=220GB
unit=angs
scfiguess=small
scfalg=locfit1
ccmaxit=400
ccsdalg=dfdirect
ccsdthreads=4
ccsdmkl=thr
ptthreads=4
lnoepsv=1e-5
naf_cor=1e-2
basis=aug-cc-pVTZ
basis_sm=def2-SVP
dfbasis_scf=def2-QZVPP-RI-JK
dfbasis_cor=aug-cc-pVTZ-RI
unit=angs
geom=xyz
16

C    34.41670262    34.07107264    10.41543014
C    33.11117461    33.45680459    10.91530835
H    34.24160149    35.00442132     9.86225048
H    34.94674030    33.36940783     9.75379242
H    35.10002891    34.30603621    11.24227357
H    32.42643037    33.26105434    10.07939442
H    32.59136835    34.12756100    11.61262818
H    33.28915165    32.50678735    11.43686767
C    42.85770499    38.29159093    10.41548088
C    41.55214767    37.67729539    10.91529140
H    42.68250243    39.22503006     9.86250154
H    43.38767744    37.58971855     9.75399090
H    43.54128776    38.52667515    11.24209422
H    40.86727325    37.48139737    10.07951373
H    41.03231026    38.34822797    11.61243196
H    41.73020928    36.72719264    11.43663402

--------------------Output has been truncated-------------------------


--------------------Output has been truncated-------------------------


--------------------Output has been truncated-------------------------


--------------------Output has been truncated-------------------------


--------------------Output has been truncated-------------------------


--------------------Output has been truncated-------------------------


--------------------Output has been truncated-------------------------


--------------------Output has been truncated-------------------------


--------------------Output has been truncated-------------------------


--------------------Output has been truncated-------------------------


 
 Reference energy [au]:                       -79.259551411077
 DF-MP2 singlet pair energy [au]:              -0.300257898640
 DF-MP2 triplet pair energy [au]:              -0.075031935860
 DF-SCS-MP2 correlation energy [au]:           -0.385320123655
 DF-SCS-MP2 energy [au]:                      -79.644871534732
 DF-SOS-MP2 correlation energy [au]:           -0.390335268232
 DF-SOS-MP2 energy [au]:                      -79.649886679310
 DF-MP2 correlation energy [au]:               -0.375289834500
 DF-MP2 energy [au]:                          -79.634841245578

 Results in FNO basis:
 
 
 Reference energy [au]:                       -79.259551411077
 DF-MP2 singlet pair energy [au]:              -0.299086808152
 DF-MP2 triplet pair energy [au]:              -0.074925604382
 DF-SCS-MP2 correlation energy [au]:           -0.383879371243
 DF-SCS-MP2 energy [au]:                      -79.643430782321
 DF-SOS-MP2 correlation energy [au]:           -0.388812850598
 DF-SOS-MP2 energy [au]:                      -79.648364261675
 DF-MP2 correlation energy [au]:               -0.374012412534
 DF-MP2 energy [au]:                          -79.633563823612

 Results in NAF basis:
 
 
 Reference energy [au]:                       -79.259551411077
 DF-MP2 singlet pair energy [au]:              -0.299026027061
 DF-MP2 triplet pair energy [au]:              -0.074964663729
 DF-SCS-MP2 correlation energy [au]:           -0.383819453716
 DF-SCS-MP2 energy [au]:                      -79.643370864793
 DF-SOS-MP2 correlation energy [au]:           -0.388733835179
 DF-SOS-MP2 energy [au]:                      -79.648285246257
 DF-MP2 correlation energy [au]:               -0.373990690790
 DF-MP2 energy [au]:                          -79.633542101867

 ************************ 2023-02-05 13:17:46 *************************
 Executing ccsd...

 Allocation of 220.0 Gbytes of memory...

 Direct DF-CCSD(T) calculation
 
 Convergence criterion:  1.0E-06
 
 Number of occupied/virtual/auxiliary orbitals:     7   139   378
    421.21 MB is the minimal memory requirement for (T)
     94.89 MB is the minimal memory requirement for CCSD
 
 Reference energy [au]:             -79.259551411077
 T1 contribution [au]:                0.000000000000
 Same spin MP2 energy [au]:          -0.074945074846
 Opposite spin MP2 energy [au]:      -0.299056246750
 MP2 correlation energy [au]:        -0.374001321596
 Total MP2 energy [au]:             -79.633552732674
 MP2 correction [au]:                -0.001288512904
 
 
 CPU time [min]:     0.320                   Wall time [min]:     0.017
 
 Starting CCSD iterations...
 
                     Residual norm          Energy
 Iteration  1        0.170712744661      -79.654481263135
 Iteration  2        0.042453755843      -79.664046234006
 Iteration  3        0.011296672735      -79.665002289284
 Iteration  4        0.002548556435      -79.665010607879
 Iteration  5        0.000536665328      -79.665015813641
 Iteration  6        0.000152291869      -79.665018891466
 Iteration  7        0.000036257824      -79.665018676170
 Iteration  8        0.000009249069      -79.665018967804
 
 CCSD iteration has converged in  8 steps.
     1534.57 MB memory was utilized by CCSD
 
 T1 diagnostic:      7.817E-03            D1 diagnostic:      1.353E-02
 
 T1 contribution [au]:                                  0.000000000000
 PPL energy contribution [au]:                          0.102912785310
 Scaled PPL energy contribution [au]:                   0.103271776185

 OS-PPL energy contribution [au]:                       0.089962452002
 Scaled OS-PPL energy contribution [au]:                0.090333825972
 SS-PPL energy contribution [au]:                       0.012950333308
 Scaled SS-PPL energy contribution [au]:                0.012962169115

 Opposite spin CCSD energy [au]:                       -0.334286844645
 Same spin CCSD energy [au]:                           -0.071199405184
 CCSD correlation energy [au]:                         -0.405486249829
 CCSD correlation energy + MP2 correction [au]:        -0.406774762734
 CCSD correlation energy + MP2 + PPL corr. [au]:       -0.406415771858
 Total CCSD energy [au]:                              -79.665037660907
 Total CCSD energy + MP2 correction [au]:             -79.666326173811
 Total CCSD energy + MP2 + PPL corr. [au]:            -79.665967182935
 
 CPU time [min]:     2.773                   Wall time [min]:     0.089
 
 Calculation of (T) correction...
 
 
      388.93 MB memory is utilized for (T)

 0%       25%       50%       75%       100%
 |---------|---------|---------|---------| 
 
 (T) correction [au]:                                    -0.013959083879
 (T*) correction [au]:                                   -0.014007175847
 (T+) correction [au]:                                   -0.014006593682
 CCSD(T) correlation energy [au]:                        -0.419445333708
 CCSD(T) correlation energy + MP2 correction [au]:       -0.420733846612
 CCSD(T+) correlation en. + MP2 + PPL corr. [au]:        -0.420422365540
 Total CCSD(T) energy [au]:                             -79.678996744785
 Total CCSD(T) energy + MP2 correction [au]:            -79.680285257690
 Total CCSD(T+) energy + MP2 + PPL corr. [au]:          -79.679973776617
 
 CPU time [min]:     3.468                   Wall time [min]:     0.110
 
 ************************ 2023-02-05 13:17:52 *************************
                      Normal termination of mrcc.
 **********************************************************************
