 **********************************************************************
                          MRCC program system
 **********************************************************************
 
                              Written by
     Mihaly Kallay, Peter R. Nagy, David Mester, Laszlo Gyevi-Nagy,
        Jozsef Csoka, P. Bernat Szabo, Zoltan Rolik, Gyula Samu,
     Jozsef Csontos, Bence Hegely, Adam Ganyecz, Istvan Ladjanszki,
       Lorant Szegedy, Bence Ladoczki, Klara Petrov, Mate Farkas,
                    Pal D. Mezei, and Reka A. Horvath
 
        Department of Physical Chemistry and Materials Science
            Budapest University of Technology and Economics
                  Budapest P.O.Box 91, H-1521 Hungary
 
                              www.mrcc.hu
 
                      Release date: March 18, 2022

 ************************ 2023-02-04 11:52:07 *************************
 Executing minp...

 Reading input from MINP...
 
 Input file:
 
calc=FNO-CCSD(T)
verbosity=3
mem=220GB
unit=angs
scfiguess=small
scfalg=locfit1
ccmaxit=400
ccsdalg=dfdirect
ccsdthreads=4
ccsdmkl=thr
ptthreads=4
lnoepsv=1e-5
naf_cor=1e-2
basis=aug-cc-pVQZ
basis_sm=def2-SVP
dfbasis_scf=def2-QZVPP-RI-JK
dfbasis_cor=aug-cc-pVQZ-RI
unit=angs
geom=xyz
10

C    29.54344629    29.54344629    16.97505516
H    29.54344670    30.44187631    17.60392580
H    29.54344662    28.64496649    17.60393442
H    30.44658454    29.54342777    16.34911135
H    28.64030918    29.54342779    16.34911130
C    12.66147698    21.10246164    16.97505516
H    12.66147739    22.00089166    17.60392580
H    12.66147731    20.20398183    17.60393442
H    13.56461523    21.10244311    16.34911135
H    11.75833987    21.10244313    16.34911130

--------------------Output has been truncated-------------------------


--------------------Output has been truncated-------------------------


--------------------Output has been truncated-------------------------


--------------------Output has been truncated-------------------------


--------------------Output has been truncated-------------------------


--------------------Output has been truncated-------------------------


--------------------Output has been truncated-------------------------


--------------------Output has been truncated-------------------------


--------------------Output has been truncated-------------------------


--------------------Output has been truncated-------------------------


 
 Reference energy [au]:                       -80.431228349895
 DF-MP2 singlet pair energy [au]:              -0.347505744521
 DF-MP2 triplet pair energy [au]:              -0.074996751518
 DF-SCS-MP2 correlation energy [au]:           -0.442005810598
 DF-SCS-MP2 energy [au]:                      -80.873234160493
 DF-SOS-MP2 correlation energy [au]:           -0.451757467878
 DF-SOS-MP2 energy [au]:                      -80.882985817773
 DF-MP2 correlation energy [au]:               -0.422502496039
 DF-MP2 energy [au]:                          -80.853730845934

 Results in FNO basis:
 
 
 Reference energy [au]:                       -80.431228349895
 DF-MP2 singlet pair energy [au]:              -0.341236415112
 DF-MP2 triplet pair energy [au]:              -0.074714145514
 DF-SCS-MP2 correlation energy [au]:           -0.434388413306
 DF-SCS-MP2 energy [au]:                      -80.865616763200
 DF-SOS-MP2 correlation energy [au]:           -0.443607339645
 DF-SOS-MP2 energy [au]:                      -80.874835689540
 DF-MP2 correlation energy [au]:               -0.415950560626
 DF-MP2 energy [au]:                          -80.847178910521

 Results in NAF basis:
 
 
 Reference energy [au]:                       -80.431228349895
 DF-MP2 singlet pair energy [au]:              -0.341202077116
 DF-MP2 triplet pair energy [au]:              -0.074726351974
 DF-SCS-MP2 correlation energy [au]:           -0.434351276531
 DF-SCS-MP2 energy [au]:                      -80.865579626426
 DF-SOS-MP2 correlation energy [au]:           -0.443562700251
 DF-SOS-MP2 energy [au]:                      -80.874791050146
 DF-MP2 correlation energy [au]:               -0.415928429090
 DF-MP2 energy [au]:                          -80.847156778985

 ************************ 2023-02-04 11:52:43 *************************
 Executing ccsd...

 Allocation of 220.0 Gbytes of memory...

 Direct DF-CCSD(T) calculation
 
 Convergence criterion:  1.0E-06
 
 Number of occupied/virtual/auxiliary orbitals:     8   202   640
   1312.15 MB is the minimal memory requirement for (T)
    293.11 MB is the minimal memory requirement for CCSD
 
 Reference energy [au]:             -80.431228349895
 T1 contribution [au]:                0.000000000000
 Same spin MP2 energy [au]:          -0.074720240890
 Opposite spin MP2 energy [au]:      -0.341219229585
 MP2 correlation energy [au]:        -0.415939470475
 Total MP2 energy [au]:             -80.847167820370
 MP2 correction [au]:                -0.006563025564
 
 
 CPU time [min]:     0.487                   Wall time [min]:     0.056
 
 Starting CCSD iterations...
 
                     Residual norm          Energy
 Iteration  1        0.196123969724      -80.873057881087
 Iteration  2        0.050029232045      -80.884105075161
 Iteration  3        0.013819422048      -80.885270539782
 Iteration  4        0.002858063143      -80.885279543703
 Iteration  5        0.000530192425      -80.885292565456
 Iteration  6        0.000119922610      -80.885292318946
 Iteration  7        0.000028600434      -80.885293699056
 Iteration  8        0.000005287296      -80.885293812952
 Iteration  9        0.000001125698      -80.885293788991
 
 CCSD iteration has converged in  9 steps.
     6687.81 MB memory was utilized by CCSD
 
 T1 diagnostic:      7.996E-03            D1 diagnostic:      1.292E-02
 
 T1 contribution [au]:                                  0.000000000000
 PPL energy contribution [au]:                          0.121204763756
 Scaled PPL energy contribution [au]:                   0.123118456026

 OS-PPL energy contribution [au]:                       0.107548009973
 Scaled OS-PPL energy contribution [au]:                0.109533870801
 SS-PPL energy contribution [au]:                       0.013656753783
 Scaled SS-PPL energy contribution [au]:                0.013705549370

 Opposite spin CCSD energy [au]:                       -0.382007572586
 Same spin CCSD energy [au]:                           -0.072071397293
 CCSD correlation energy [au]:                         -0.454078969879
 CCSD correlation energy + MP2 correction [au]:        -0.460641995443
 CCSD correlation energy + MP2 + PPL corr. [au]:       -0.458728303173
 Total CCSD energy [au]:                              -80.885307319774
 Total CCSD energy + MP2 correction [au]:             -80.891870345338
 Total CCSD energy + MP2 + PPL corr. [au]:            -80.889956653067
 
 CPU time [min]:    13.300                   Wall time [min]:     0.422
 
 Calculation of (T) correction...
 
 
     1275.43 MB memory is utilized for (T)

 0%       25%       50%       75%       100%
 |---------|---------|---------|---------| 
 
 (T) correction [au]:                                    -0.013883348081
 (T*) correction [au]:                                   -0.014102410648
 (T+) correction [au]:                                   -0.014101601167
 CCSD(T) correlation energy [au]:                        -0.467962317960
 CCSD(T) correlation energy + MP2 correction [au]:       -0.474525343523
 CCSD(T+) correlation en. + MP2 + PPL corr. [au]:        -0.472829904340
 Total CCSD(T) energy [au]:                             -80.899190667854
 Total CCSD(T) energy + MP2 correction [au]:            -80.905753693418
 Total CCSD(T+) energy + MP2 + PPL corr. [au]:          -80.904058254235
 
 CPU time [min]:    17.288                   Wall time [min]:     0.554
 
 ************************ 2023-02-04 11:53:17 *************************
                      Normal termination of mrcc.
 **********************************************************************
