 **********************************************************************
                          MRCC program system
 **********************************************************************
 
                              Written by
     Mihaly Kallay, Peter R. Nagy, David Mester, Laszlo Gyevi-Nagy,
        Jozsef Csoka, P. Bernat Szabo, Zoltan Rolik, Gyula Samu,
     Jozsef Csontos, Bence Hegely, Adam Ganyecz, Istvan Ladjanszki,
       Lorant Szegedy, Bence Ladoczki, Klara Petrov, Mate Farkas,
                    Pal D. Mezei, and Reka A. Horvath
 
        Department of Physical Chemistry and Materials Science
            Budapest University of Technology and Economics
                  Budapest P.O.Box 91, H-1521 Hungary
 
                              www.mrcc.hu
 
                      Release date: March 18, 2022

 ************************ 2023-02-04 11:46:44 *************************
 Executing minp...

 Reading input from MINP...
 
 Input file:
 
calc=FNO-CCSD(T)
verbosity=3
mem=220GB
unit=angs
scfiguess=small
scfalg=locfit1
ccmaxit=400
ccsdalg=dfdirect
ccsdthreads=4
ccsdmkl=thr
ptthreads=4
lnoepsv=1e-5
naf_cor=1e-2
basis=aug-cc-pVTZ
basis_sm=def2-SVP
dfbasis_scf=def2-QZVPP-RI-JK
dfbasis_cor=aug-cc-pVTZ-RI
unit=angs
geom=xyz
10

C    29.54344629    29.54344629    16.97505516
H    29.54344670    30.44187631    17.60392580
H    29.54344662    28.64496649    17.60393442
H    30.44658454    29.54342777    16.34911135
H    28.64030918    29.54342779    16.34911130
C    37.98443094    21.10246164    16.97505516
H    37.98443135    22.00089166    17.60392580
H    37.98443127    20.20398183    17.60393442
H    38.88756920    21.10244311    16.34911135
H    37.08129384    21.10244313    16.34911130

--------------------Output has been truncated-------------------------


--------------------Output has been truncated-------------------------


--------------------Output has been truncated-------------------------


--------------------Output has been truncated-------------------------


--------------------Output has been truncated-------------------------


--------------------Output has been truncated-------------------------


--------------------Output has been truncated-------------------------


--------------------Output has been truncated-------------------------


--------------------Output has been truncated-------------------------


--------------------Output has been truncated-------------------------


 
 Reference energy [au]:                       -80.426028062345
 DF-MP2 singlet pair energy [au]:              -0.328838208482
 DF-MP2 triplet pair energy [au]:              -0.073189542671
 DF-SCS-MP2 correlation energy [au]:           -0.419002364402
 DF-SCS-MP2 energy [au]:                      -80.845030426746
 DF-SOS-MP2 correlation energy [au]:           -0.427489671026
 DF-SOS-MP2 energy [au]:                      -80.853517733371
 DF-MP2 correlation energy [au]:               -0.402027751153
 DF-MP2 energy [au]:                          -80.828055813497

 Results in FNO basis:
 
 
 Reference energy [au]:                       -80.426028062345
 DF-MP2 singlet pair energy [au]:              -0.327537603601
 DF-MP2 triplet pair energy [au]:              -0.073101993014
 DF-SCS-MP2 correlation energy [au]:           -0.417412455327
 DF-SCS-MP2 energy [au]:                      -80.843440517671
 DF-SOS-MP2 correlation energy [au]:           -0.425798884682
 DF-SOS-MP2 energy [au]:                      -80.851826947027
 DF-MP2 correlation energy [au]:               -0.400639596616
 DF-MP2 energy [au]:                          -80.826667658960

 Results in NAF basis:
 
 
 Reference energy [au]:                       -80.426028062345
 DF-MP2 singlet pair energy [au]:              -0.327473957334
 DF-MP2 triplet pair energy [au]:              -0.073141691171
 DF-SCS-MP2 correlation energy [au]:           -0.417349312524
 DF-SCS-MP2 energy [au]:                      -80.843377374869
 DF-SOS-MP2 correlation energy [au]:           -0.425716144534
 DF-SOS-MP2 energy [au]:                      -80.851744206878
 DF-MP2 correlation energy [au]:               -0.400615648505
 DF-MP2 energy [au]:                          -80.826643710850

 ************************ 2023-02-04 11:47:02 *************************
 Executing ccsd...

 Allocation of 220.0 Gbytes of memory...

 Direct DF-CCSD(T) calculation
 
 Convergence criterion:  1.0E-06
 
 Number of occupied/virtual/auxiliary orbitals:     8   166   443
    715.53 MB is the minimal memory requirement for (T)
    155.43 MB is the minimal memory requirement for CCSD
 
 Reference energy [au]:             -80.426028062345
 T1 contribution [au]:                0.000000000000
 Same spin MP2 energy [au]:          -0.073121788950
 Opposite spin MP2 energy [au]:      -0.327505619063
 MP2 correlation energy [au]:        -0.400627408013
 Total MP2 energy [au]:             -80.826655470358
 MP2 correction [au]:                -0.001400343140
 
 
 CPU time [min]:     0.356                   Wall time [min]:     0.016
 
 Starting CCSD iterations...
 
                     Residual norm          Energy
 Iteration  1        0.182759701248      -80.855591854526
 Iteration  2        0.046563997822      -80.866586618189
 Iteration  3        0.011391533471      -80.867573281501
 Iteration  4        0.002652324699      -80.867576809336
 Iteration  5        0.000502538221      -80.867589777190
 Iteration  6        0.000102336140      -80.867589962017
 Iteration  7        0.000024639845      -80.867591144240
 Iteration  8        0.000004321030      -80.867591181821
 Iteration  9        0.000000873518      -80.867591165101
 
 CCSD iteration has converged in  9 steps.
     3072.80 MB memory was utilized by CCSD
 
 T1 diagnostic:      7.475E-03            D1 diagnostic:      1.210E-02
 
 T1 contribution [au]:                                  0.000000000000
 PPL energy contribution [au]:                          0.114976593041
 Scaled PPL energy contribution [au]:                   0.115380951786

 OS-PPL energy contribution [au]:                       0.101746337291
 Scaled OS-PPL energy contribution [au]:                0.102169115517
 SS-PPL energy contribution [au]:                       0.013230255750
 Scaled SS-PPL energy contribution [au]:                0.013239169378

 Opposite spin CCSD energy [au]:                       -0.370937694657
 Same spin CCSD energy [au]:                           -0.070645242196
 CCSD correlation energy [au]:                         -0.441582936853
 CCSD correlation energy + MP2 correction [au]:        -0.442983279992
 CCSD correlation energy + MP2 + PPL corr. [au]:       -0.442578921248
 Total CCSD energy [au]:                              -80.867610999197
 Total CCSD energy + MP2 correction [au]:             -80.869011342337
 Total CCSD energy + MP2 + PPL corr. [au]:            -80.868606983592
 
 CPU time [min]:     5.596                   Wall time [min]:     0.163
 
 Calculation of (T) correction...
 
 
      698.30 MB memory is utilized for (T)

 0%       25%       50%       75%       100%
 |---------|---------|---------|---------| 
 
 (T) correction [au]:                                    -0.013137986834
 (T*) correction [au]:                                   -0.013183909029
 (T+) correction [au]:                                   -0.013183842795
 CCSD(T) correlation energy [au]:                        -0.454720923687
 CCSD(T) correlation energy + MP2 correction [au]:       -0.456121266826
 CCSD(T+) correlation en. + MP2 + PPL corr. [au]:        -0.455762764043
 Total CCSD(T) energy [au]:                             -80.880748986031
 Total CCSD(T) energy + MP2 correction [au]:            -80.882149329171
 Total CCSD(T+) energy + MP2 + PPL corr. [au]:          -80.881790826387
 
 CPU time [min]:     7.551                   Wall time [min]:     0.231
 
 ************************ 2023-02-04 11:47:16 *************************
                      Normal termination of mrcc.
 **********************************************************************
