 **********************************************************************
                          MRCC program system
 **********************************************************************
 
                              Written by
     Mihaly Kallay, Peter R. Nagy, David Mester, Laszlo Gyevi-Nagy,
        Jozsef Csoka, P. Bernat Szabo, Zoltan Rolik, Gyula Samu,
     Jozsef Csontos, Bence Hegely, Adam Ganyecz, Istvan Ladjanszki,
       Lorant Szegedy, Bence Ladoczki, Klara Petrov, Mate Farkas,
                    Pal D. Mezei, and Reka A. Horvath
 
        Department of Physical Chemistry and Materials Science
            Budapest University of Technology and Economics
                  Budapest P.O.Box 91, H-1521 Hungary
 
                              www.mrcc.hu
 
                      Release date: March 18, 2022

 ************************ 2023-02-05 13:34:05 *************************
 Executing minp...

 Reading input from MINP...
 
 Input file:
 
calc=FNO-CCSD(T)
verbosity=3
mem=220GB
unit=angs
scfiguess=small
scfalg=locfit1
ccmaxit=400
ccsdalg=dfdirect
ccsdthreads=4
ccsdmkl=thr
ptthreads=4
lnoepsv=1e-5
naf_cor=1e-2
basis=aug-cc-pVQZ
basis_sm=def2-SVP
dfbasis_scf=def2-QZVPP-RI-JK
dfbasis_cor=aug-cc-pVQZ-RI
unit=angs
geom=xyz
16

C    34.41670262    34.07107264    10.41543014
C    33.11117461    33.45680459    10.91530835
H    34.24160149    35.00442132     9.86225048
H    34.94674030    33.36940783     9.75379242
H    35.10002891    34.30603621    11.24227357
H    32.42643037    33.26105434    10.07939442
H    32.59136835    34.12756100    11.61262818
H    33.28915165    32.50678735    11.43686767
C    25.97571797    25.63008798    10.41543014
C    24.67018996    25.01581994    10.91530835
H    25.80061684    26.56343667     9.86225048
H    26.50575565    24.92842317     9.75379242
H    26.65904426    25.86505155    11.24227357
H    23.98544572    24.82006969    10.07939442
H    24.15038370    25.68657634    11.61262818
H    24.84816699    24.06580270    11.43686767

--------------------Output has been truncated-------------------------


--------------------Output has been truncated-------------------------


--------------------Output has been truncated-------------------------


--------------------Output has been truncated-------------------------


--------------------Output has been truncated-------------------------


--------------------Output has been truncated-------------------------


--------------------Output has been truncated-------------------------


--------------------Output has been truncated-------------------------


--------------------Output has been truncated-------------------------


--------------------Output has been truncated-------------------------


 
 Reference energy [au]:                      -158.528874241646
 DF-MP2 singlet pair energy [au]:              -0.635446744528
 DF-MP2 triplet pair energy [au]:              -0.153814427084
 DF-SCS-MP2 correlation energy [au]:           -0.813807569129
 DF-SCS-MP2 energy [au]:                     -159.342681810775
 DF-SOS-MP2 correlation energy [au]:           -0.826080767887
 DF-SOS-MP2 energy [au]:                     -159.354955009533
 DF-MP2 correlation energy [au]:               -0.789261171612
 DF-MP2 energy [au]:                         -159.318135413259

 Results in FNO basis:
 
 
 Reference energy [au]:                      -158.528874241646
 DF-MP2 singlet pair energy [au]:              -0.625099109505
 DF-MP2 triplet pair energy [au]:              -0.153242531309
 DF-SCS-MP2 correlation energy [au]:           -0.801199775176
 DF-SCS-MP2 energy [au]:                     -159.330074016822
 DF-SOS-MP2 correlation energy [au]:           -0.812628842357
 DF-SOS-MP2 energy [au]:                     -159.341503084003
 DF-MP2 correlation energy [au]:               -0.778341640815
 DF-MP2 energy [au]:                         -159.307215882461

 Results in NAF basis:
 
 
 Reference energy [au]:                      -158.528874241646
 DF-MP2 singlet pair energy [au]:              -0.625056662119
 DF-MP2 triplet pair energy [au]:              -0.153258373841
 DF-SCS-MP2 correlation energy [au]:           -0.801154119157
 DF-SCS-MP2 energy [au]:                     -159.330028360803
 DF-SOS-MP2 correlation energy [au]:           -0.812573660755
 DF-SOS-MP2 energy [au]:                     -159.341447902401
 DF-MP2 correlation energy [au]:               -0.778315035960
 DF-MP2 energy [au]:                         -159.307189277606

 ************************ 2023-02-05 13:36:27 *************************
 Executing ccsd...

 Allocation of 220.0 Gbytes of memory...

 Direct DF-CCSD(T) calculation
 
 Convergence criterion:  1.0E-06
 
 Number of occupied/virtual/auxiliary orbitals:    14   350  1101
   6894.54 MB is the minimal memory requirement for (T)
   1573.93 MB is the minimal memory requirement for CCSD
 
 Reference energy [au]:            -158.528874241646
 T1 contribution [au]:                0.000000000000
 Same spin MP2 energy [au]:          -0.153250447187
 Opposite spin MP2 energy [au]:      -0.625077875960
 MP2 correlation energy [au]:        -0.778328323147
 Total MP2 energy [au]:            -159.307202564793
 MP2 correction [au]:                -0.010932848466
 
 
 CPU time [min]:     1.654                   Wall time [min]:     0.570
 
 Starting CCSD iterations...
 
                     Residual norm          Energy
 Iteration  1        0.253971084846     -159.343028030448
 Iteration  2        0.062941986988     -159.362192492637
 Iteration  3        0.018509269055     -159.364463672992
 Iteration  4        0.003747732212     -159.364478094670
 Iteration  5        0.000793254395     -159.364489821138
 Iteration  6        0.000221917779     -159.364493921172
 Iteration  7        0.000052459200     -159.364493470795
 Iteration  8        0.000014139552     -159.364494198476
 Iteration  9        0.000002816986     -159.364494155637
 
 CCSD iteration has converged in  9 steps.
    59038.48 MB memory was utilized by CCSD
 
 T1 diagnostic:      8.231E-03            D1 diagnostic:      1.428E-02
 
 T1 contribution [au]:                                  0.000000000000
 PPL energy contribution [au]:                          0.217870304757
 Scaled PPL energy contribution [au]:                   0.220950115860

 OS-PPL energy contribution [au]:                       0.191083875761
 Scaled OS-PPL energy contribution [au]:                0.194273991467
 SS-PPL energy contribution [au]:                       0.026786428996
 Scaled SS-PPL energy contribution [au]:                0.026882636677

 Opposite spin CCSD energy [au]:                       -0.690281300866
 Same spin CCSD energy [au]:                           -0.145354453997
 CCSD correlation energy [au]:                         -0.835635754863
 CCSD correlation energy + MP2 correction [au]:        -0.846568603329
 CCSD correlation energy + MP2 + PPL corr. [au]:       -0.843488792225
 Total CCSD energy [au]:                             -159.364509996509
 Total CCSD energy + MP2 correction [au]:            -159.375442844975
 Total CCSD energy + MP2 + PPL corr. [au]:           -159.372363033871
 
 CPU time [min]:   155.378                   Wall time [min]:     5.474
 
 Calculation of (T) correction...
 
 
     8827.33 MB memory is utilized for (T)

 0%       25%       50%       75%       100%
 |---------|---------|---------|---------| 
 
 (T) correction [au]:                                    -0.029525800874
 (T*) correction [au]:                                   -0.029940537300
 (T+) correction [au]:                                   -0.029933486268
 CCSD(T) correlation energy [au]:                        -0.865161555737
 CCSD(T) correlation energy + MP2 correction [au]:       -0.876094404203
 CCSD(T+) correlation en. + MP2 + PPL corr. [au]:        -0.873422278493
 Total CCSD(T) energy [au]:                            -159.394035797383
 Total CCSD(T) energy + MP2 correction [au]:           -159.404968645849
 Total CCSD(T+) energy + MP2 + PPL corr. [au]:         -159.402296520139
 
 CPU time [min]:   276.837                   Wall time [min]:     9.106
 
 ************************ 2023-02-05 13:45:34 *************************
                      Normal termination of mrcc.
 **********************************************************************
