================================================================================
                                       INPUT FILE
================================================================================
NAME = orca.inp
|  1>  ! TightSCF RI-MP2 RIJCOSX SlowConv DIIS
|  2> %maxcore 55000
|  3> %pal
|  4> nprocs 4
|  5> end
|  6> %pointcharges "orca.bq"
|  7> %method
|  8> Method hf
|  9> RI on
| 10> RunTyp Energy
| 11> NewNCore O 2 end
| 12> NewNCore Ti 18 end
| 13> NewNCore C 2 end
| 14> NewNCore H 0 end
| 15> end
| 16> %basis
| 17> NewGTO Ti
| 18> "cc-pVDZ"
| 19> end
| 20> NewGTO H
| 21> "aug-cc-pVDZ"
| 22> end
| 23> NewGTO O
| 24> "aug-cc-pVDZ"
| 25> end
| 26> NewGTO C
| 27> "aug-cc-pVDZ"
| 28> end
| 29> NewAuxCGTO Ti
| 30> "cc-pVTZ/C"
| 31> end
| 32> NewAuxCGTO H
| 33> "aug-cc-pVDZ/C"
| 34> end
| 35> NewAuxCGTO O 
| 36> "aug-cc-pVDZ/C"
| 37> end
| 38> NewAuxCGTO C 
| 39> "aug-cc-pVDZ/C"
| 40> end
| 41> Aux "def2/J"    
| 42> end
| 43> %scf
| 44> HFTyp rhf
| 45> Guess MORead
| 46> MOInp "orca_svp_start.gbw"
| 47> SCFMode Direct
| 48> sthresh 1e-6
| 49> AutoTRAHIter 60
| 50> MaxIter 1000
| 51> end
| 52> %coords
| 53> CTyp xyz
| 54> Mult 1
| 55> Units angs
| 56>       Charge -26
| 57>   coords
| 58> C:                      0.00081705011    0.00002320526    1.72884400563
| 59> H:                     -0.05053213056    0.89633029753    2.35813838108
| 60> H:                      0.05226472379   -0.89631224347    2.35825565611
| 61> H:                      0.91773540605    0.05070703259    1.12689725392
| 62> H:                     -0.91630859930   -0.05082132031    1.12709961754
| 63> Ti                      0.00000000000    0.00000000000   -1.43694122213
| 64> O                      -0.00002936641   -0.00000124851   -3.25550860866
| 65> O                      -1.22612024541    1.48550586123   -1.15098137904
| 66> O                       1.22610246459   -1.48551652698   -1.15102871986
| 67> O                      -1.22708949291   -1.48603818367   -1.15413241300
| 68> O                       1.22707044266    1.48604777705   -1.15418645989
| 69> Ti                      0.00006382473    2.95729500329   -1.46449325674
| 70> Ti                     -0.00011340444   -2.95729489395   -1.46448961806
| 71> O                      -3.25763509342    0.00027073162   -2.57781937211
| 72> O                       3.25759907849   -0.00027227238   -2.57783675932
| 73> O                      -0.00042064680    2.96207708598   -3.27054405457
| 74> O                       0.00035833623   -2.96207616866   -3.27054068628
| 75> O                       3.24011819133    0.00055417913   -0.00490721947
| 76> O                      -3.24013340644   -0.00055282221   -0.00487902118
| 77> Ti                     -3.25180010998    1.47985910530   -1.08897848845
| 78> Ti                      3.25177146548   -1.47986548390   -1.08900340799
| 79> Ti                      3.25249524182    1.48037401485   -1.09010177237
| 80> Ti                     -3.25252203124   -1.48036697315   -1.09007447638
| 81> O                      -3.25457503852    2.95910034202   -2.57646860573
| 82> O                       3.25454216020   -2.95910734581   -2.57647384109
| 83> O                       3.25528939388    2.95952381585   -2.57685668973
| 84> O                      -3.25532102118   -2.95951634975   -2.57684835026
| 85> O                       1.22366827881    4.43772223937   -1.13722109956
| 86> O                      -1.22371508024   -4.43772515466   -1.13721930082
| 87> O                      -1.22373058876    4.43790211149   -1.13715240187
| 88> O                       1.22368462754   -4.43790030334   -1.13714876213
| 89> O                       3.24877317135    2.95572631723   -0.00238239716
| 90> O                      -3.24882031206   -2.95573182675   -0.00237261653
| 91> O                      -3.24905054629    2.95576454957   -0.00197273195
| 92> O                       3.24900216662   -2.95575913970   -0.00197917589
| 93> O                      -5.27859039398    1.47819830904   -1.13512879623
| 94> O                       5.27855459741   -1.47820089677   -1.13513583218
| 95> O                       5.27879982399    1.47836096394   -1.13546693123
| 96> O                      -5.27883514806   -1.47835909776   -1.13545776797
| 97> Ti>    4.00000000000   -0.00003766494    1.47511078881   -4.62965751995
| 98> NewECP
| 99> N_core 0
|100>   lmax f
|101>   s 2
|102>    1      0.860000       9.191690  2
|103>    2      0.172000       0.008301  2
|104>   p 2
|105>    1      0.860000      17.997720  2
|106>    2      0.172000      -0.032600  2
|107>   d 2
|108>    1      1.600000      -9.504310  2
|109>    2      0.320000      -0.151370  2
|110>   f 1
|111>    1      1.000000000    0.000000000 2
|112> end
|113> Ti>    4.00000000000   -0.00001305954   -1.47511149398   -4.62965530124
|114> NewECP
|115> N_core 0
|116>   lmax f
|117>   s 2
|118>    1      0.860000       9.191690  2
|119>    2      0.172000       0.008301  2
|120>   p 2
|121>    1      0.860000      17.997720  2
|122>    2      0.172000      -0.032600  2
|123>   d 2
|124>    1      1.600000      -9.504310  2
|125>    2      0.320000      -0.151370  2
|126>   f 1
|127>    1      1.000000000    0.000000000 2
|128> end
|129> Ti>    4.00000000000   -3.25161817455    0.00003769409   -4.43752893607
|130> NewECP
|131> N_core 0
|132>   lmax f
|133>   s 2
|134>    1      0.860000       9.191690  2
|135>    2      0.172000       0.008301  2
|136>   p 2
|137>    1      0.860000      17.997720  2
|138>    2      0.172000      -0.032600  2
|139>   d 2
|140>    1      1.600000      -9.504310  2
|141>    2      0.320000      -0.151370  2
|142>   f 1
|143>    1      1.000000000    0.000000000 2
|144> end
|145> Ti>    4.00000000000    3.25156877623   -0.00003707707   -4.43754121253
|146> NewECP
|147> N_core 0
|148>   lmax f
|149>   s 2
|150>    1      0.860000       9.191690  2
|151>    2      0.172000       0.008301  2
|152>   p 2
|153>    1      0.860000      17.997720  2
|154>    2      0.172000      -0.032600  2
|155>   d 2
|156>    1      1.600000      -9.504310  2
|157>    2      0.320000      -0.151370  2
|158>   f 1
|159>    1      1.000000000    0.000000000 2
|160> end
|161> Ti>    4.00000000000   -3.25129158509    2.95801554042   -4.43725795098
|162> NewECP
|163> N_core 0
|164>   lmax f
|165>   s 2
|166>    1      0.860000       9.191690  2
|167>    2      0.172000       0.008301  2
|168>   p 2
|169>    1      0.860000      17.997720  2
|170>    2      0.172000      -0.032600  2
|171>   d 2
|172>    1      1.600000      -9.504310  2
|173>    2      0.320000      -0.151370  2
|174>   f 1
|175>    1      1.000000000    0.000000000 2
|176> end
|177> Ti>    4.00000000000    3.25124302920   -2.95801736102   -4.43726543756
|178> NewECP
|179> N_core 0
|180>   lmax f
|181>   s 2
|182>    1      0.860000       9.191690  2
|183>    2      0.172000       0.008301  2
|184>   p 2
|185>    1      0.860000      17.997720  2
|186>    2      0.172000      -0.032600  2
|187>   d 2
|188>    1      1.600000      -9.504310  2
|189>    2      0.320000      -0.151370  2
|190>   f 1
|191>    1      1.000000000    0.000000000 2
|192> end
|193> Ti>    4.00000000000    3.25124903606    2.95804835766   -4.43761924291
|194> NewECP
|195> N_core 0
|196>   lmax f
|197>   s 2
|198>    1      0.860000       9.191690  2
|199>    2      0.172000       0.008301  2
|200>   p 2
|201>    1      0.860000      17.997720  2
|202>    2      0.172000      -0.032600  2
|203>   d 2
|204>    1      1.600000      -9.504310  2
|205>    2      0.320000      -0.151370  2
|206>   f 1
|207>    1      1.000000000    0.000000000 2
|208> end
|209> Ti>    4.00000000000   -3.25129692819   -2.95804522850   -4.43761139255
|210> NewECP
|211> N_core 0
|212>   lmax f
|213>   s 2
|214>    1      0.860000       9.191690  2
|215>    2      0.172000       0.008301  2
|216>   p 2
|217>    1      0.860000      17.997720  2
|218>    2      0.172000      -0.032600  2
|219>   d 2
|220>    1      1.600000      -9.504310  2
|221>    2      0.320000      -0.151370  2
|222>   f 1
|223>    1      1.000000000    0.000000000 2
|224> end
|225> Ti>    4.00000000000   -0.00005013880    4.43456989257   -4.64304935046
|226> NewECP
|227> N_core 0
|228>   lmax f
|229>   s 2
|230>    1      0.860000       9.191690  2
|231>    2      0.172000       0.008301  2
|232>   p 2
|233>    1      0.860000      17.997720  2
|234>    2      0.172000      -0.032600  2
|235>   d 2
|236>    1      1.600000      -9.504310  2
|237>    2      0.320000      -0.151370  2
|238>   f 1
|239>    1      1.000000000    0.000000000 2
|240> end
|241> Ti>    4.00000000000   -0.00000240504   -4.43456851561   -4.64304818327
|242> NewECP
|243> N_core 0
|244>   lmax f
|245>   s 2
|246>    1      0.860000       9.191690  2
|247>    2      0.172000       0.008301  2
|248>   p 2
|249>    1      0.860000      17.997720  2
|250>    2      0.172000      -0.032600  2
|251>   d 2
|252>    1      1.600000      -9.504310  2
|253>    2      0.320000      -0.151370  2
|254>   f 1
|255>    1      1.000000000    0.000000000 2
|256> end
|257> Ti>    4.00000000000   -3.24906620080    4.43657134167   -1.08375702682
|258> NewECP
|259> N_core 0
|260>   lmax f
|261>   s 2
|262>    1      0.860000       9.191690  2
|263>    2      0.172000       0.008301  2
|264>   p 2
|265>    1      0.860000      17.997720  2
|266>    2      0.172000      -0.032600  2
|267>   d 2
|268>    1      1.600000      -9.504310  2
|269>    2      0.320000      -0.151370  2
|270>   f 1
|271>    1      1.000000000    0.000000000 2
|272> end
|273> Ti>    4.00000000000    3.24901669770   -4.43657179329   -1.08375720193
|274> NewECP
|275> N_core 0
|276>   lmax f
|277>   s 2
|278>    1      0.860000       9.191690  2
|279>    2      0.172000       0.008301  2
|280>   p 2
|281>    1      0.860000      17.997720  2
|282>    2      0.172000      -0.032600  2
|283>   d 2
|284>    1      1.600000      -9.504310  2
|285>    2      0.320000      -0.151370  2
|286>   f 1
|287>    1      1.000000000    0.000000000 2
|288> end
|289> Ti>    4.00000000000    3.24926345903    4.43678118684   -1.08389335211
|290> NewECP
|291> N_core 0
|292>   lmax f
|293>   s 2
|294>    1      0.860000       9.191690  2
|295>    2      0.172000       0.008301  2
|296>   p 2
|297>    1      0.860000      17.997720  2
|298>    2      0.172000      -0.032600  2
|299>   d 2
|300>    1      1.600000      -9.504310  2
|301>    2      0.320000      -0.151370  2
|302>   f 1
|303>    1      1.000000000    0.000000000 2
|304> end
|305> Ti>    4.00000000000   -3.24931244959   -4.43678099831   -1.08389187211
|306> NewECP
|307> N_core 0
|308>   lmax f
|309>   s 2
|310>    1      0.860000       9.191690  2
|311>    2      0.172000       0.008301  2
|312>   p 2
|313>    1      0.860000      17.997720  2
|314>    2      0.172000      -0.032600  2
|315>   d 2
|316>    1      1.600000      -9.504310  2
|317>    2      0.320000      -0.151370  2
|318>   f 1
|319>    1      1.000000000    0.000000000 2
|320> end
|321> Ti>    4.00000000000   -0.00002462876    5.91518996992   -1.46496759290
|322> NewECP
|323> N_core 0
|324>   lmax f
|325>   s 2
|326>    1      0.860000       9.191690  2
|327>    2      0.172000       0.008301  2
|328>   p 2
|329>    1      0.860000      17.997720  2
|330>    2      0.172000      -0.032600  2
|331>   d 2
|332>    1      1.600000      -9.504310  2
|333>    2      0.320000      -0.151370  2
|334>   f 1
|335>    1      1.000000000    0.000000000 2
|336> end
|337> Ti>    4.00000000000   -0.00002462876   -5.91519151090   -1.46496759290
|338> NewECP
|339> N_core 0
|340>   lmax f
|341>   s 2
|342>    1      0.860000       9.191690  2
|343>    2      0.172000       0.008301  2
|344>   p 2
|345>    1      0.860000      17.997720  2
|346>    2      0.172000      -0.032600  2
|347>   d 2
|348>    1      1.600000      -9.504310  2
|349>    2      0.320000      -0.151370  2
|350>   f 1
|351>    1      1.000000000    0.000000000 2
|352> end
|353> Ti>    4.00000000000   -0.00002489515   -0.00000002822   -7.82049044430
|354> NewECP
|355> N_core 0
|356>   lmax f
|357>   s 2
|358>    1      0.860000       9.191690  2
|359>    2      0.172000       0.008301  2
|360>   p 2
|361>    1      0.860000      17.997720  2
|362>    2      0.172000      -0.032600  2
|363>   d 2
|364>    1      1.600000      -9.504310  2
|365>    2      0.320000      -0.151370  2
|366>   f 1
|367>    1      1.000000000    0.000000000 2
|368> end
|369> Ti>    4.00000000000   -6.50200799883    0.00000003686   -1.46107464424
|370> NewECP
|371> N_core 0
|372>   lmax f
|373>   s 2
|374>    1      0.860000       9.191690  2
|375>    2      0.172000       0.008301  2
|376>   p 2
|377>    1      0.860000      17.997720  2
|378>    2      0.172000      -0.032600  2
|379>   d 2
|380>    1      1.600000      -9.504310  2
|381>    2      0.320000      -0.151370  2
|382>   f 1
|383>    1      1.000000000    0.000000000 2
|384> end
|385> Ti>    4.00000000000    6.50197610472    0.00000003686   -1.46107464424
|386> NewECP
|387> N_core 0
|388>   lmax f
|389>   s 2
|390>    1      0.860000       9.191690  2
|391>    2      0.172000       0.008301  2
|392>   p 2
|393>    1      0.860000      17.997720  2
|394>    2      0.172000      -0.032600  2
|395>   d 2
|396>    1      1.600000      -9.504310  2
|397>    2      0.320000      -0.151370  2
|398>   f 1
|399>    1      1.000000000    0.000000000 2
|400> end
|401> Ti>    4.00000000000   -0.00002489515    2.95759534199   -7.82049044430
|402> NewECP
|403> N_core 0
|404>   lmax f
|405>   s 2
|406>    1      0.860000       9.191690  2
|407>    2      0.172000       0.008301  2
|408>   p 2
|409>    1      0.860000      17.997720  2
|410>    2      0.172000      -0.032600  2
|411>   d 2
|412>    1      1.600000      -9.504310  2
|413>    2      0.320000      -0.151370  2
|414>   f 1
|415>    1      1.000000000    0.000000000 2
|416> end
|417> Ti>    4.00000000000   -0.00002489515   -2.95759539842   -7.82049044430
|418> NewECP
|419> N_core 0
|420>   lmax f
|421>   s 2
|422>    1      0.860000       9.191690  2
|423>    2      0.172000       0.008301  2
|424>   p 2
|425>    1      0.860000      17.997720  2
|426>    2      0.172000      -0.032600  2
|427>   d 2
|428>    1      1.600000      -9.504310  2
|429>    2      0.320000      -0.151370  2
|430>   f 1
|431>    1      1.000000000    0.000000000 2
|432> end
|433> Ti>    4.00000000000   -6.50169070863    2.95856929631   -1.46053672809
|434> NewECP
|435> N_core 0
|436>   lmax f
|437>   s 2
|438>    1      0.860000       9.191690  2
|439>    2      0.172000       0.008301  2
|440>   p 2
|441>    1      0.860000      17.997720  2
|442>    2      0.172000      -0.032600  2
|443>   d 2
|444>    1      1.600000      -9.504310  2
|445>    2      0.320000      -0.151370  2
|446>   f 1
|447>    1      1.000000000    0.000000000 2
|448> end
|449> Ti>    4.00000000000    6.50165450299   -2.95856898935   -1.46053646138
|450> NewECP
|451> N_core 0
|452>   lmax f
|453>   s 2
|454>    1      0.860000       9.191690  2
|455>    2      0.172000       0.008301  2
|456>   p 2
|457>    1      0.860000      17.997720  2
|458>    2      0.172000      -0.032600  2
|459>   d 2
|460>    1      1.600000      -9.504310  2
|461>    2      0.320000      -0.151370  2
|462>   f 1
|463>    1      1.000000000    0.000000000 2
|464> end
|465> Ti>    4.00000000000    6.50229339492    2.95856929631   -1.46053672809
|466> NewECP
|467> N_core 0
|468>   lmax f
|469>   s 2
|470>    1      0.860000       9.191690  2
|471>    2      0.172000       0.008301  2
|472>   p 2
|473>    1      0.860000      17.997720  2
|474>    2      0.172000      -0.032600  2
|475>   d 2
|476>    1      1.600000      -9.504310  2
|477>    2      0.320000      -0.151370  2
|478>   f 1
|479>    1      1.000000000    0.000000000 2
|480> end
|481> Ti>    4.00000000000   -6.50232960056   -2.95856898935   -1.46053646138
|482> NewECP
|483> N_core 0
|484>   lmax f
|485>   s 2
|486>    1      0.860000       9.191690  2
|487>    2      0.172000       0.008301  2
|488>   p 2
|489>    1      0.860000      17.997720  2
|490>    2      0.172000      -0.032600  2
|491>   d 2
|492>    1      1.600000      -9.504310  2
|493>    2      0.320000      -0.151370  2
|494>   f 1
|495>    1      1.000000000    0.000000000 2
|496> end
|497> Ti>    4.00000000000   -3.25102092104    1.47879765689   -7.82049044430
|498> NewECP
|499> N_core 0
|500>   lmax f
|501>   s 2
|502>    1      0.860000       9.191690  2
|503>    2      0.172000       0.008301  2
|504>   p 2
|505>    1      0.860000      17.997720  2
|506>    2      0.172000      -0.032600  2
|507>   d 2
|508>    1      1.600000      -9.504310  2
|509>    2      0.320000      -0.151370  2
|510>   f 1
|511>    1      1.000000000    0.000000000 2
|512> end
|513> Ti>    4.00000000000    3.25097113074    1.47879765689   -7.82049044430
|514> NewECP
|515> N_core 0
|516>   lmax f
|517>   s 2
|518>    1      0.860000       9.191690  2
|519>    2      0.172000       0.008301  2
|520>   p 2
|521>    1      0.860000      17.997720  2
|522>    2      0.172000      -0.032600  2
|523>   d 2
|524>    1      1.600000      -9.504310  2
|525>    2      0.320000      -0.151370  2
|526>   f 1
|527>    1      1.000000000    0.000000000 2
|528> end
|529> Ti>    4.00000000000    3.25097113074   -1.47879771332   -7.82049044430
|530> NewECP
|531> N_core 0
|532>   lmax f
|533>   s 2
|534>    1      0.860000       9.191690  2
|535>    2      0.172000       0.008301  2
|536>   p 2
|537>    1      0.860000      17.997720  2
|538>    2      0.172000      -0.032600  2
|539>   d 2
|540>    1      1.600000      -9.504310  2
|541>    2      0.320000      -0.151370  2
|542>   f 1
|543>    1      1.000000000    0.000000000 2
|544> end
|545> Ti>    4.00000000000   -3.25102092104   -1.47879771332   -7.82049044430
|546> NewECP
|547> N_core 0
|548>   lmax f
|549>   s 2
|550>    1      0.860000       9.191690  2
|551>    2      0.172000       0.008301  2
|552>   p 2
|553>    1      0.860000      17.997720  2
|554>    2      0.172000      -0.032600  2
|555>   d 2
|556>    1      1.600000      -9.504310  2
|557>    2      0.320000      -0.151370  2
|558>   f 1
|559>    1      1.000000000    0.000000000 2
|560> end
|561> Ti>    4.00000000000   -3.25050295217    5.91514921314   -4.43582237088
|562> NewECP
|563> N_core 0
|564>   lmax f
|565>   s 2
|566>    1      0.860000       9.191690  2
|567>    2      0.172000       0.008301  2
|568>   p 2
|569>    1      0.860000      17.997720  2
|570>    2      0.172000      -0.032600  2
|571>   d 2
|572>    1      1.600000      -9.504310  2
|573>    2      0.320000      -0.151370  2
|574>   f 1
|575>    1      1.000000000    0.000000000 2
|576> end
|577> Ti>    4.00000000000    3.25045297887   -5.91514777458   -4.43582296951
|578> NewECP
|579> N_core 0
|580>   lmax f
|581>   s 2
|582>    1      0.860000       9.191690  2
|583>    2      0.172000       0.008301  2
|584>   p 2
|585>    1      0.860000      17.997720  2
|586>    2      0.172000      -0.032600  2
|587>   d 2
|588>    1      1.600000      -9.504310  2
|589>    2      0.320000      -0.151370  2
|590>   f 1
|591>    1      1.000000000    0.000000000 2
|592> end
|593> Ti>    4.00000000000    3.25045297887    5.91523370624   -4.43582296951
|594> NewECP
|595> N_core 0
|596>   lmax f
|597>   s 2
|598>    1      0.860000       9.191690  2
|599>    2      0.172000       0.008301  2
|600>   p 2
|601>    1      0.860000      17.997720  2
|602>    2      0.172000      -0.032600  2
|603>   d 2
|604>    1      1.600000      -9.504310  2
|605>    2      0.320000      -0.151370  2
|606>   f 1
|607>    1      1.000000000    0.000000000 2
|608> end
|609> Ti>    4.00000000000   -3.25050295217   -5.91523226768   -4.43582237088
|610> NewECP
|611> N_core 0
|612>   lmax f
|613>   s 2
|614>    1      0.860000       9.191690  2
|615>    2      0.172000       0.008301  2
|616>   p 2
|617>    1      0.860000      17.997720  2
|618>    2      0.172000      -0.032600  2
|619>   d 2
|620>    1      1.600000      -9.504310  2
|621>    2      0.320000      -0.151370  2
|622>   f 1
|623>    1      1.000000000    0.000000000 2
|624> end
|625> Ti>    4.00000000000    6.50195053101    1.47899379682   -4.63893801319
|626> NewECP
|627> N_core 0
|628>   lmax f
|629>   s 2
|630>    1      0.860000       9.191690  2
|631>    2      0.172000       0.008301  2
|632>   p 2
|633>    1      0.860000      17.997720  2
|634>    2      0.172000      -0.032600  2
|635>   d 2
|636>    1      1.600000      -9.504310  2
|637>    2      0.320000      -0.151370  2
|638>   f 1
|639>    1      1.000000000    0.000000000 2
|640> end
|641> Ti>    4.00000000000   -6.50203357254    1.47899379682   -4.63893801319
|642> NewECP
|643> N_core 0
|644>   lmax f
|645>   s 2
|646>    1      0.860000       9.191690  2
|647>    2      0.172000       0.008301  2
|648>   p 2
|649>    1      0.860000      17.997720  2
|650>    2      0.172000      -0.032600  2
|651>   d 2
|652>    1      1.600000      -9.504310  2
|653>    2      0.320000      -0.151370  2
|654>   f 1
|655>    1      1.000000000    0.000000000 2
|656> end
|657> Ti>    4.00000000000    6.50198260185   -1.47899335989   -4.63893787342
|658> NewECP
|659> N_core 0
|660>   lmax f
|661>   s 2
|662>    1      0.860000       9.191690  2
|663>    2      0.172000       0.008301  2
|664>   p 2
|665>    1      0.860000      17.997720  2
|666>    2      0.172000      -0.032600  2
|667>   d 2
|668>    1      1.600000      -9.504310  2
|669>    2      0.320000      -0.151370  2
|670>   f 1
|671>    1      1.000000000    0.000000000 2
|672> end
|673> Ti>    4.00000000000   -6.50200150170   -1.47899335989   -4.63893787342
|674> NewECP
|675> N_core 0
|676>   lmax f
|677>   s 2
|678>    1      0.860000       9.191690  2
|679>    2      0.172000       0.008301  2
|680>   p 2
|681>    1      0.860000      17.997720  2
|682>    2      0.172000      -0.032600  2
|683>   d 2
|684>    1      1.600000      -9.504310  2
|685>    2      0.320000      -0.151370  2
|686>   f 1
|687>    1      1.000000000    0.000000000 2
|688> end
|689> Ti>    4.00000000000   -0.00000240504    7.39581296522   -4.64304818327
|690> NewECP
|691> N_core 0
|692>   lmax f
|693>   s 2
|694>    1      0.860000       9.191690  2
|695>    2      0.172000       0.008301  2
|696>   p 2
|697>    1      0.860000      17.997720  2
|698>    2      0.172000      -0.032600  2
|699>   d 2
|700>    1      1.600000      -9.504310  2
|701>    2      0.320000      -0.151370  2
|702>   f 1
|703>    1      1.000000000    0.000000000 2
|704> end
|705> Ti>    4.00000000000   -0.00005013880   -7.39581158825   -4.64304935046
|706> NewECP
|707> N_core 0
|708>   lmax f
|709>   s 2
|710>    1      0.860000       9.191690  2
|711>    2      0.172000       0.008301  2
|712>   p 2
|713>    1      0.860000      17.997720  2
|714>    2      0.172000      -0.032600  2
|715>   d 2
|716>    1      1.600000      -9.504310  2
|717>    2      0.320000      -0.151370  2
|718>   f 1
|719>    1      1.000000000    0.000000000 2
|720> end
|721> Ti>    4.00000000000   -3.24931244959    7.39360048251   -1.08389187211
|722> NewECP
|723> N_core 0
|724>   lmax f
|725>   s 2
|726>    1      0.860000       9.191690  2
|727>    2      0.172000       0.008301  2
|728>   p 2
|729>    1      0.860000      17.997720  2
|730>    2      0.172000      -0.032600  2
|731>   d 2
|732>    1      1.600000      -9.504310  2
|733>    2      0.320000      -0.151370  2
|734>   f 1
|735>    1      1.000000000    0.000000000 2
|736> end
|737> Ti>    4.00000000000    3.24926345903   -7.39360029398   -1.08389335211
|738> NewECP
|739> N_core 0
|740>   lmax f
|741>   s 2
|742>    1      0.860000       9.191690  2
|743>    2      0.172000       0.008301  2
|744>   p 2
|745>    1      0.860000      17.997720  2
|746>    2      0.172000      -0.032600  2
|747>   d 2
|748>    1      1.600000      -9.504310  2
|749>    2      0.320000      -0.151370  2
|750>   f 1
|751>    1      1.000000000    0.000000000 2
|752> end
|753> Ti>    4.00000000000    3.24901669770    7.39380968753   -1.08375720193
|754> NewECP
|755> N_core 0
|756>   lmax f
|757>   s 2
|758>    1      0.860000       9.191690  2
|759>    2      0.172000       0.008301  2
|760>   p 2
|761>    1      0.860000      17.997720  2
|762>    2      0.172000      -0.032600  2
|763>   d 2
|764>    1      1.600000      -9.504310  2
|765>    2      0.320000      -0.151370  2
|766>   f 1
|767>    1      1.000000000    0.000000000 2
|768> end
|769> Ti>    4.00000000000   -3.24906620080   -7.39381013915   -1.08375702682
|770> NewECP
|771> N_core 0
|772>   lmax f
|773>   s 2
|774>    1      0.860000       9.191690  2
|775>    2      0.172000       0.008301  2
|776>   p 2
|777>    1      0.860000      17.997720  2
|778>    2      0.172000      -0.032600  2
|779>   d 2
|780>    1      1.600000      -9.504310  2
|781>    2      0.320000      -0.151370  2
|782>   f 1
|783>    1      1.000000000    0.000000000 2
|784> end
|785> Ti>    4.00000000000   -3.25102092104    4.43639302709   -7.82049044430
|786> NewECP
|787> N_core 0
|788>   lmax f
|789>   s 2
|790>    1      0.860000       9.191690  2
|791>    2      0.172000       0.008301  2
|792>   p 2
|793>    1      0.860000      17.997720  2
|794>    2      0.172000      -0.032600  2
|795>   d 2
|796>    1      1.600000      -9.504310  2
|797>    2      0.320000      -0.151370  2
|798>   f 1
|799>    1      1.000000000    0.000000000 2
|800> end
|801> Ti>    4.00000000000    3.25097113074    4.43639302709   -7.82049044430
|802> NewECP
|803> N_core 0
|804>   lmax f
|805>   s 2
|806>    1      0.860000       9.191690  2
|807>    2      0.172000       0.008301  2
|808>   p 2
|809>    1      0.860000      17.997720  2
|810>    2      0.172000      -0.032600  2
|811>   d 2
|812>    1      1.600000      -9.504310  2
|813>    2      0.320000      -0.151370  2
|814>   f 1
|815>    1      1.000000000    0.000000000 2
|816> end
|817> Ti>    4.00000000000    3.25097113074   -4.43639308352   -7.82049044430
|818> NewECP
|819> N_core 0
|820>   lmax f
|821>   s 2
|822>    1      0.860000       9.191690  2
|823>    2      0.172000       0.008301  2
|824>   p 2
|825>    1      0.860000      17.997720  2
|826>    2      0.172000      -0.032600  2
|827>   d 2
|828>    1      1.600000      -9.504310  2
|829>    2      0.320000      -0.151370  2
|830>   f 1
|831>    1      1.000000000    0.000000000 2
|832> end
|833> Ti>    4.00000000000   -3.25102092104   -4.43639308352   -7.82049044430
|834> NewECP
|835> N_core 0
|836>   lmax f
|837>   s 2
|838>    1      0.860000       9.191690  2
|839>    2      0.172000       0.008301  2
|840>   p 2
|841>    1      0.860000      17.997720  2
|842>    2      0.172000      -0.032600  2
|843>   d 2
|844>    1      1.600000      -9.504310  2
|845>    2      0.320000      -0.151370  2
|846>   f 1
|847>    1      1.000000000    0.000000000 2
|848> end
|849> Ti>    4.00000000000    6.50191367843    4.43662758637   -4.63843690131
|850> NewECP
|851> N_core 0
|852>   lmax f
|853>   s 2
|854>    1      0.860000       9.191690  2
|855>    2      0.172000       0.008301  2
|856>   p 2
|857>    1      0.860000      17.997720  2
|858>    2      0.172000      -0.032600  2
|859>   d 2
|860>    1      1.600000      -9.504310  2
|861>    2      0.320000      -0.151370  2
|862>   f 1
|863>    1      1.000000000    0.000000000 2
|864> end
|865> Ti>    4.00000000000   -6.50196114679   -4.43662772699   -4.63843685449
|866> NewECP
|867> N_core 0
|868>   lmax f
|869>   s 2
|870>    1      0.860000       9.191690  2
|871>    2      0.172000       0.008301  2
|872>   p 2
|873>    1      0.860000      17.997720  2
|874>    2      0.172000      -0.032600  2
|875>   d 2
|876>    1      1.600000      -9.504310  2
|877>    2      0.320000      -0.151370  2
|878>   f 1
|879>    1      1.000000000    0.000000000 2
|880> end
|881> Ti>    4.00000000000   -6.50207042512    4.43662758637   -4.63843690131
|882> NewECP
|883> N_core 0
|884>   lmax f
|885>   s 2
|886>    1      0.860000       9.191690  2
|887>    2      0.172000       0.008301  2
|888>   p 2
|889>    1      0.860000      17.997720  2
|890>    2      0.172000      -0.032600  2
|891>   d 2
|892>    1      1.600000      -9.504310  2
|893>    2      0.320000      -0.151370  2
|894>   f 1
|895>    1      1.000000000    0.000000000 2
|896> end
|897> Ti>    4.00000000000    6.50202295676   -4.43662772699   -4.63843685449
|898> NewECP
|899> N_core 0
|900>   lmax f
|901>   s 2
|902>    1      0.860000       9.191690  2
|903>    2      0.172000       0.008301  2
|904>   p 2
|905>    1      0.860000      17.997720  2
|906>    2      0.172000      -0.032600  2
|907>   d 2
|908>    1      1.600000      -9.504310  2
|909>    2      0.320000      -0.151370  2
|910>   f 1
|911>    1      1.000000000    0.000000000 2
|912> end
|913> Ti>    4.00000000000   -0.00002489515    5.91519071220   -7.82049044430
|914> NewECP
|915> N_core 0
|916>   lmax f
|917>   s 2
|918>    1      0.860000       9.191690  2
|919>    2      0.172000       0.008301  2
|920>   p 2
|921>    1      0.860000      17.997720  2
|922>    2      0.172000      -0.032600  2
|923>   d 2
|924>    1      1.600000      -9.504310  2
|925>    2      0.320000      -0.151370  2
|926>   f 1
|927>    1      1.000000000    0.000000000 2
|928> end
|929> Ti>    4.00000000000   -0.00002489515   -5.91519076863   -7.82049044430
|930> NewECP
|931> N_core 0
|932>   lmax f
|933>   s 2
|934>    1      0.860000       9.191690  2
|935>    2      0.172000       0.008301  2
|936>   p 2
|937>    1      0.860000      17.997720  2
|938>    2      0.172000      -0.032600  2
|939>   d 2
|940>    1      1.600000      -9.504310  2
|941>    2      0.320000      -0.151370  2
|942>   f 1
|943>    1      1.000000000    0.000000000 2
|944> end
|945> Ti>    4.00000000000   -6.50201903873    5.91519054694   -1.46028388804
|946> NewECP
|947> N_core 0
|948>   lmax f
|949>   s 2
|950>    1      0.860000       9.191690  2
|951>    2      0.172000       0.008301  2
|952>   p 2
|953>    1      0.860000      17.997720  2
|954>    2      0.172000      -0.032600  2
|955>   d 2
|956>    1      1.600000      -9.504310  2
|957>    2      0.320000      -0.151370  2
|958>   f 1
|959>    1      1.000000000    0.000000000 2
|960> end
|961> Ti>    4.00000000000    6.50196506482    5.91519054694   -1.46028388804
|962> NewECP
|963> N_core 0
|964>   lmax f
|965>   s 2
|966>    1      0.860000       9.191690  2
|967>    2      0.172000       0.008301  2
|968>   p 2
|969>    1      0.860000      17.997720  2
|970>    2      0.172000      -0.032600  2
|971>   d 2
|972>    1      1.600000      -9.504310  2
|973>    2      0.320000      -0.151370  2
|974>   f 1
|975>    1      1.000000000    0.000000000 2
|976> end
|977> Ti>    4.00000000000    6.50196506482   -5.91519093388   -1.46028388804
|978> NewECP
|979> N_core 0
|980>   lmax f
|981>   s 2
|982>    1      0.860000       9.191690  2
|983>    2      0.172000       0.008301  2
|984>   p 2
|985>    1      0.860000      17.997720  2
|986>    2      0.172000      -0.032600  2
|987>   d 2
|988>    1      1.600000      -9.504310  2
|989>    2      0.320000      -0.151370  2
|990>   f 1
|991>    1      1.000000000    0.000000000 2
|992> end
|993> Ti>    4.00000000000   -6.50201903873   -5.91519093388   -1.46028388804
|994> NewECP
|995> N_core 0
|996>   lmax f
|997>   s 2
|998>    1      0.860000       9.191690  2
|999>    2      0.172000       0.008301  2
|1000>   p 2
|1001>    1      0.860000      17.997720  2
|1002>    2      0.172000      -0.032600  2
|1003>   d 2
|1004>    1      1.600000      -9.504310  2
|1005>    2      0.320000      -0.151370  2
|1006>   f 1
|1007>    1      1.000000000    0.000000000 2
|1008> end
|1009> Ti>    4.00000000000   -0.00011340444    8.87308658687   -1.46448961806
|1010> NewECP
|1011> N_core 0
|1012>   lmax f
|1013>   s 2
|1014>    1      0.860000       9.191690  2
|1015>    2      0.172000       0.008301  2
|1016>   p 2
|1017>    1      0.860000      17.997720  2
|1018>    2      0.172000      -0.032600  2
|1019>   d 2
|1020>    1      1.600000      -9.504310  2
|1021>    2      0.320000      -0.151370  2
|1022>   f 1
|1023>    1      1.000000000    0.000000000 2
|1024> end
|1025> Ti>    4.00000000000    0.00006382473   -8.87308647753   -1.46449325674
|1026> NewECP
|1027> N_core 0
|1028>   lmax f
|1029>   s 2
|1030>    1      0.860000       9.191690  2
|1031>    2      0.172000       0.008301  2
|1032>   p 2
|1033>    1      0.860000      17.997720  2
|1034>    2      0.172000      -0.032600  2
|1035>   d 2
|1036>    1      1.600000      -9.504310  2
|1037>    2      0.320000      -0.151370  2
|1038>   f 1
|1039>    1      1.000000000    0.000000000 2
|1040> end
|1041> Ti>    4.00000000000   -9.75148886173    1.48037401485   -1.09010177237
|1042> NewECP
|1043> N_core 0
|1044>   lmax f
|1045>   s 2
|1046>    1      0.860000       9.191690  2
|1047>    2      0.172000       0.008301  2
|1048>   p 2
|1049>    1      0.860000      17.997720  2
|1050>    2      0.172000      -0.032600  2
|1051>   d 2
|1052>    1      1.600000      -9.504310  2
|1053>    2      0.320000      -0.151370  2
|1054>   f 1
|1055>    1      1.000000000    0.000000000 2
|1056> end
|1057> Ti>    4.00000000000    9.75146207231   -1.48036697315   -1.09007447638
|1058> NewECP
|1059> N_core 0
|1060>   lmax f
|1061>   s 2
|1062>    1      0.860000       9.191690  2
|1063>    2      0.172000       0.008301  2
|1064>   p 2
|1065>    1      0.860000      17.997720  2
|1066>    2      0.172000      -0.032600  2
|1067>   d 2
|1068>    1      1.600000      -9.504310  2
|1069>    2      0.320000      -0.151370  2
|1070>   f 1
|1071>    1      1.000000000    0.000000000 2
|1072> end
|1073> Ti>    4.00000000000    9.75218399357    1.47985910530   -1.08897848845
|1074> NewECP
|1075> N_core 0
|1076>   lmax f
|1077>   s 2
|1078>    1      0.860000       9.191690  2
|1079>    2      0.172000       0.008301  2
|1080>   p 2
|1081>    1      0.860000      17.997720  2
|1082>    2      0.172000      -0.032600  2
|1083>   d 2
|1084>    1      1.600000      -9.504310  2
|1085>    2      0.320000      -0.151370  2
|1086>   f 1
|1087>    1      1.000000000    0.000000000 2
|1088> end
|1089> Ti>    4.00000000000   -9.75221263806   -1.47986548390   -1.08900340799
|1090> NewECP
|1091> N_core 0
|1092>   lmax f
|1093>   s 2
|1094>    1      0.860000       9.191690  2
|1095>    2      0.172000       0.008301  2
|1096>   p 2
|1097>    1      0.860000      17.997720  2
|1098>    2      0.172000      -0.032600  2
|1099>   d 2
|1100>    1      1.600000      -9.504310  2
|1101>    2      0.320000      -0.151370  2
|1102>   f 1
|1103>    1      1.000000000    0.000000000 2
|1104> end
|1105> Ti>    4.00000000000    3.25124302920    8.87236411980   -4.43726543756
|1106> NewECP
|1107> N_core 0
|1108>   lmax f
|1109>   s 2
|1110>    1      0.860000       9.191690  2
|1111>    2      0.172000       0.008301  2
|1112>   p 2
|1113>    1      0.860000      17.997720  2
|1114>    2      0.172000      -0.032600  2
|1115>   d 2
|1116>    1      1.600000      -9.504310  2
|1117>    2      0.320000      -0.151370  2
|1118>   f 1
|1119>    1      1.000000000    0.000000000 2
|1120> end
|1121> Ti>    4.00000000000   -3.25129158509   -8.87236594040   -4.43725795098
|1122> NewECP
|1123> N_core 0
|1124>   lmax f
|1125>   s 2
|1126>    1      0.860000       9.191690  2
|1127>    2      0.172000       0.008301  2
|1128>   p 2
|1129>    1      0.860000      17.997720  2
|1130>    2      0.172000      -0.032600  2
|1131>   d 2
|1132>    1      1.600000      -9.504310  2
|1133>    2      0.320000      -0.151370  2
|1134>   f 1
|1135>    1      1.000000000    0.000000000 2
|1136> end
|1137> Ti>    4.00000000000   -3.25129692819    8.87233625233   -4.43761139255
|1138> NewECP
|1139> N_core 0
|1140>   lmax f
|1141>   s 2
|1142>    1      0.860000       9.191690  2
|1143>    2      0.172000       0.008301  2
|1144>   p 2
|1145>    1      0.860000      17.997720  2
|1146>    2      0.172000      -0.032600  2
|1147>   d 2
|1148>    1      1.600000      -9.504310  2
|1149>    2      0.320000      -0.151370  2
|1150>   f 1
|1151>    1      1.000000000    0.000000000 2
|1152> end
|1153> Ti>    4.00000000000    3.25124903606   -8.87233312316   -4.43761924291
|1154> NewECP
|1155> N_core 0
|1156>   lmax f
|1157>   s 2
|1158>    1      0.860000       9.191690  2
|1159>    2      0.172000       0.008301  2
|1160>   p 2
|1161>    1      0.860000      17.997720  2
|1162>    2      0.172000      -0.032600  2
|1163>   d 2
|1164>    1      1.600000      -9.504310  2
|1165>    2      0.320000      -0.151370  2
|1166>   f 1
|1167>    1      1.000000000    0.000000000 2
|1168> end
|1169> Ti>    4.00000000000    9.75236592900    0.00003769409   -4.43752893607
|1170> NewECP
|1171> N_core 0
|1172>   lmax f
|1173>   s 2
|1174>    1      0.860000       9.191690  2
|1175>    2      0.172000       0.008301  2
|1176>   p 2
|1177>    1      0.860000      17.997720  2
|1178>    2      0.172000      -0.032600  2
|1179>   d 2
|1180>    1      1.600000      -9.504310  2
|1181>    2      0.320000      -0.151370  2
|1182>   f 1
|1183>    1      1.000000000    0.000000000 2
|1184> end
|1185> Ti>    4.00000000000   -9.75241532731   -0.00003707707   -4.43754121253
|1186> NewECP
|1187> N_core 0
|1188>   lmax f
|1189>   s 2
|1190>    1      0.860000       9.191690  2
|1191>    2      0.172000       0.008301  2
|1192>   p 2
|1193>    1      0.860000      17.997720  2
|1194>    2      0.172000      -0.032600  2
|1195>   d 2
|1196>    1      1.600000      -9.504310  2
|1197>    2      0.320000      -0.151370  2
|1198>   f 1
|1199>    1      1.000000000    0.000000000 2
|1200> end
|1201> Ti>    4.00000000000   -6.50196114679    7.39375375383   -4.63843685449
|1202> NewECP
|1203> N_core 0
|1204>   lmax f
|1205>   s 2
|1206>    1      0.860000       9.191690  2
|1207>    2      0.172000       0.008301  2
|1208>   p 2
|1209>    1      0.860000      17.997720  2
|1210>    2      0.172000      -0.032600  2
|1211>   d 2
|1212>    1      1.600000      -9.504310  2
|1213>    2      0.320000      -0.151370  2
|1214>   f 1
|1215>    1      1.000000000    0.000000000 2
|1216> end
|1217> Ti>    4.00000000000    6.50191367843   -7.39375389445   -4.63843690131
|1218> NewECP
|1219> N_core 0
|1220>   lmax f
|1221>   s 2
|1222>    1      0.860000       9.191690  2
|1223>    2      0.172000       0.008301  2
|1224>   p 2
|1225>    1      0.860000      17.997720  2
|1226>    2      0.172000      -0.032600  2
|1227>   d 2
|1228>    1      1.600000      -9.504310  2
|1229>    2      0.320000      -0.151370  2
|1230>   f 1
|1231>    1      1.000000000    0.000000000 2
|1232> end
|1233> Ti>    4.00000000000    6.50202295676    7.39375375383   -4.63843685449
|1234> NewECP
|1235> N_core 0
|1236>   lmax f
|1237>   s 2
|1238>    1      0.860000       9.191690  2
|1239>    2      0.172000       0.008301  2
|1240>   p 2
|1241>    1      0.860000      17.997720  2
|1242>    2      0.172000      -0.032600  2
|1243>   d 2
|1244>    1      1.600000      -9.504310  2
|1245>    2      0.320000      -0.151370  2
|1246>   f 1
|1247>    1      1.000000000    0.000000000 2
|1248> end
|1249> Ti>    4.00000000000   -6.50207042512   -7.39375389445   -4.63843690131
|1250> NewECP
|1251> N_core 0
|1252>   lmax f
|1253>   s 2
|1254>    1      0.860000       9.191690  2
|1255>    2      0.172000       0.008301  2
|1256>   p 2
|1257>    1      0.860000      17.997720  2
|1258>    2      0.172000      -0.032600  2
|1259>   d 2
|1260>    1      1.600000      -9.504310  2
|1261>    2      0.320000      -0.151370  2
|1262>   f 1
|1263>    1      1.000000000    0.000000000 2
|1264> end
|1265> Ti>    4.00000000000    9.75269251846    2.95801554042   -4.43725795098
|1266> NewECP
|1267> N_core 0
|1268>   lmax f
|1269>   s 2
|1270>    1      0.860000       9.191690  2
|1271>    2      0.172000       0.008301  2
|1272>   p 2
|1273>    1      0.860000      17.997720  2
|1274>    2      0.172000      -0.032600  2
|1275>   d 2
|1276>    1      1.600000      -9.504310  2
|1277>    2      0.320000      -0.151370  2
|1278>   f 1
|1279>    1      1.000000000    0.000000000 2
|1280> end
|1281> Ti>    4.00000000000   -9.75274107435   -2.95801736102   -4.43726543756
|1282> NewECP
|1283> N_core 0
|1284>   lmax f
|1285>   s 2
|1286>    1      0.860000       9.191690  2
|1287>    2      0.172000       0.008301  2
|1288>   p 2
|1289>    1      0.860000      17.997720  2
|1290>    2      0.172000      -0.032600  2
|1291>   d 2
|1292>    1      1.600000      -9.504310  2
|1293>    2      0.320000      -0.151370  2
|1294>   f 1
|1295>    1      1.000000000    0.000000000 2
|1296> end
|1297> Ti>    4.00000000000   -9.75273506749    2.95804835766   -4.43761924291
|1298> NewECP
|1299> N_core 0
|1300>   lmax f
|1301>   s 2
|1302>    1      0.860000       9.191690  2
|1303>    2      0.172000       0.008301  2
|1304>   p 2
|1305>    1      0.860000      17.997720  2
|1306>    2      0.172000      -0.032600  2
|1307>   d 2
|1308>    1      1.600000      -9.504310  2
|1309>    2      0.320000      -0.151370  2
|1310>   f 1
|1311>    1      1.000000000    0.000000000 2
|1312> end
|1313> Ti>    4.00000000000    9.75268717536   -2.95804522850   -4.43761139255
|1314> NewECP
|1315> N_core 0
|1316>   lmax f
|1317>   s 2
|1318>    1      0.860000       9.191690  2
|1319>    2      0.172000       0.008301  2
|1320>   p 2
|1321>    1      0.860000      17.997720  2
|1322>    2      0.172000      -0.032600  2
|1323>   d 2
|1324>    1      1.600000      -9.504310  2
|1325>    2      0.320000      -0.151370  2
|1326>   f 1
|1327>    1      1.000000000    0.000000000 2
|1328> end
|1329> Ti>    4.00000000000   -9.75472064452    4.43678118684   -1.08389335211
|1330> NewECP
|1331> N_core 0
|1332>   lmax f
|1333>   s 2
|1334>    1      0.860000       9.191690  2
|1335>    2      0.172000       0.008301  2
|1336>   p 2
|1337>    1      0.860000      17.997720  2
|1338>    2      0.172000      -0.032600  2
|1339>   d 2
|1340>    1      1.600000      -9.504310  2
|1341>    2      0.320000      -0.151370  2
|1342>   f 1
|1343>    1      1.000000000    0.000000000 2
|1344> end
|1345> Ti>    4.00000000000    9.75467165396   -4.43678099831   -1.08389187211
|1346> NewECP
|1347> N_core 0
|1348>   lmax f
|1349>   s 2
|1350>    1      0.860000       9.191690  2
|1351>    2      0.172000       0.008301  2
|1352>   p 2
|1353>    1      0.860000      17.997720  2
|1354>    2      0.172000      -0.032600  2
|1355>   d 2
|1356>    1      1.600000      -9.504310  2
|1357>    2      0.320000      -0.151370  2
|1358>   f 1
|1359>    1      1.000000000    0.000000000 2
|1360> end
|1361> Ti>    4.00000000000    9.75491790275    4.43657134167   -1.08375702682
|1362> NewECP
|1363> N_core 0
|1364>   lmax f
|1365>   s 2
|1366>    1      0.860000       9.191690  2
|1367>    2      0.172000       0.008301  2
|1368>   p 2
|1369>    1      0.860000      17.997720  2
|1370>    2      0.172000      -0.032600  2
|1371>   d 2
|1372>    1      1.600000      -9.504310  2
|1373>    2      0.320000      -0.151370  2
|1374>   f 1
|1375>    1      1.000000000    0.000000000 2
|1376> end
|1377> Ti>    4.00000000000   -9.75496740585   -4.43657179329   -1.08375720193
|1378> NewECP
|1379> N_core 0
|1380>   lmax f
|1381>   s 2
|1382>    1      0.860000       9.191690  2
|1383>    2      0.172000       0.008301  2
|1384>   p 2
|1385>    1      0.860000      17.997720  2
|1386>    2      0.172000      -0.032600  2
|1387>   d 2
|1388>    1      1.600000      -9.504310  2
|1389>    2      0.320000      -0.151370  2
|1390>   f 1
|1391>    1      1.000000000    0.000000000 2
|1392> end
|1393>   end
|1394> endd                         ****END OF INPUT****
================================================================================
----------------
TOTAL SCF ENERGY
----------------

Total Energy       :       -11160.30649007 Eh         -303687.37876 eV

Components:
Nuclear Repulsion  :         6347.07799534 Eh          172712.77280 eV
Electronic Energy  :       -17507.38448541 Eh         -476400.15156 eV
One Electron Energy:       -30012.01294526 Eh         -816668.39086 eV
Two Electron Energy:        12504.62845984 Eh          340268.23930 eV
Max COSX asymmetry :            0.00032974 Eh               0.00897 eV

Virial components:
Potential Energy   :       -19136.09191819 Eh         -520719.53396 eV
Kinetic Energy     :         7975.78542812 Eh          217032.15520 eV
Virial Ratio       :            2.39927366

--------------------Output has been truncated-------------------------


--------------------Output has been truncated-------------------------


--------------------Output has been truncated-------------------------


--------------------Output has been truncated-------------------------


--------------------Output has been truncated-------------------------


--------------------Output has been truncated-------------------------


--------------------Output has been truncated-------------------------


--------------------Output has been truncated-------------------------


--------------------Output has been truncated-------------------------


--------------------Output has been truncated-------------------------


-----------------------------------------------
 RI-MP2 CORRELATION ENERGY:     -6.586608938 Eh
-----------------------------------------------
---------------------------------------
MP2 TOTAL ENERGY:   -11166.893099006 Eh
---------------------------------------

Maximum memory used throughout the entire MP2-calculation: 1220.9 MB

-------------------------   --------------------
FINAL SINGLE POINT ENERGY    -11166.893099005991
-------------------------   --------------------
TOTAL RUN TIME: 0 days 0 hours 57 minutes 44 seconds 173 msec
