 **********************************************************************
                          MRCC program system
 **********************************************************************
 
                              Written by
     Mihaly Kallay, Peter R. Nagy, David Mester, Laszlo Gyevi-Nagy,
        Jozsef Csoka, P. Bernat Szabo, Zoltan Rolik, Gyula Samu,
     Jozsef Csontos, Bence Hegely, Adam Ganyecz, Istvan Ladjanszki,
       Lorant Szegedy, Bence Ladoczki, Klara Petrov, Mate Farkas,
                    Pal D. Mezei, and Reka A. Horvath
 
        Department of Physical Chemistry and Materials Science
            Budapest University of Technology and Economics
                  Budapest P.O.Box 91, H-1521 Hungary
 
                              www.mrcc.hu
 
                      Release date: March 18, 2022

 ************************ 2023-02-05 13:15:10 *************************
 Executing minp...

 Reading input from MINP...
 
 Input file:
 
calc=FNO-CCSD(T)
verbosity=3
mem=220GB
unit=angs
scfiguess=small
scfalg=locfit1
ccmaxit=400
ccsdalg=dfdirect
ccsdthreads=4
ccsdmkl=thr
ptthreads=4
lnoepsv=1e-5
naf_cor=1e-2
basis=aug-cc-pVQZ
basis_sm=def2-SVP
dfbasis_scf=def2-QZVPP-RI-JK
dfbasis_cor=aug-cc-pVQZ-RI
unit=angs
geom=xyz
16

C    34.41670262    34.07107264    10.41543014
C    33.11117461    33.45680459    10.91530835
H    34.24160149    35.00442132     9.86225048
H    34.94674030    33.36940783     9.75379242
H    35.10002891    34.30603621    11.24227357
H    32.42643037    33.26105434    10.07939442
H    32.59136835    34.12756100    11.61262818
H    33.28915165    32.50678735    11.43686767
C    42.85768728    34.07107264    10.41543014
C    41.55215927    33.45680459    10.91530835
H    42.68258615    35.00442132     9.86225048
H    43.38772495    33.36940783     9.75379242
H    43.54101356    34.30603621    11.24227357
H    40.86741503    33.26105434    10.07939442
H    41.03235300    34.12756100    11.61262818
H    41.73013630    32.50678735    11.43686767

--------------------Output has been truncated-------------------------


--------------------Output has been truncated-------------------------


--------------------Output has been truncated-------------------------


--------------------Output has been truncated-------------------------


--------------------Output has been truncated-------------------------


--------------------Output has been truncated-------------------------


--------------------Output has been truncated-------------------------


--------------------Output has been truncated-------------------------


--------------------Output has been truncated-------------------------


--------------------Output has been truncated-------------------------


 
 Reference energy [au]:                       -79.264437818381
 DF-MP2 singlet pair energy [au]:              -0.317724644598
 DF-MP2 triplet pair energy [au]:              -0.076906544547
 DF-SCS-MP2 correlation energy [au]:           -0.406905088367
 DF-SCS-MP2 energy [au]:                      -79.671342906748
 DF-SOS-MP2 correlation energy [au]:           -0.413042037978
 DF-SOS-MP2 energy [au]:                      -79.677479856359
 DF-MP2 correlation energy [au]:               -0.394631189145
 DF-MP2 energy [au]:                          -79.659069007527

 Results in FNO basis:
 
 
 Reference energy [au]:                       -79.264437818381
 DF-MP2 singlet pair energy [au]:              -0.312549814830
 DF-MP2 triplet pair energy [au]:              -0.076620569391
 DF-SCS-MP2 correlation energy [au]:           -0.400599967593
 DF-SCS-MP2 energy [au]:                      -79.665037785974
 DF-SOS-MP2 correlation energy [au]:           -0.406314759279
 DF-SOS-MP2 energy [au]:                      -79.670752577660
 DF-MP2 correlation energy [au]:               -0.389170384221
 DF-MP2 energy [au]:                          -79.653608202602

 Results in NAF basis:
 
 
 Reference energy [au]:                       -79.264437818381
 DF-MP2 singlet pair energy [au]:              -0.312528844409
 DF-MP2 triplet pair energy [au]:              -0.076628578217
 DF-SCS-MP2 correlation energy [au]:           -0.400577472696
 DF-SCS-MP2 energy [au]:                      -79.665015291077
 DF-SOS-MP2 correlation energy [au]:           -0.406287497731
 DF-SOS-MP2 energy [au]:                      -79.670725316113
 DF-MP2 correlation energy [au]:               -0.389157422626
 DF-MP2 energy [au]:                          -79.653595241007

 ************************ 2023-02-05 13:16:57 *************************
 Executing ccsd...

 Allocation of 220.0 Gbytes of memory...

 Direct DF-CCSD(T) calculation
 
 Convergence criterion:  1.0E-06
 
 Number of occupied/virtual/auxiliary orbitals:     7   175   551
    851.32 MB is the minimal memory requirement for (T)
    190.43 MB is the minimal memory requirement for CCSD
 
 Reference energy [au]:             -79.264437818381
 T1 contribution [au]:                0.000000000000
 Same spin MP2 energy [au]:          -0.076624571239
 Opposite spin MP2 energy [au]:      -0.312539324911
 MP2 correlation energy [au]:        -0.389163896150
 Total MP2 energy [au]:             -79.653601714531
 MP2 correction [au]:                -0.005467292996
 
 
 CPU time [min]:     0.398                   Wall time [min]:     0.049
 
 Starting CCSD iterations...
 
                     Residual norm          Energy
 Iteration  1        0.179604681312      -79.671514450829
 Iteration  2        0.044511465962      -79.681096599494
 Iteration  3        0.013089915680      -79.682232340692
 Iteration  4        0.002650283489      -79.682239563060
 Iteration  5        0.000560966210      -79.682245428611
 Iteration  6        0.000156930536      -79.682247479585
 Iteration  7        0.000037095700      -79.682247254538
 Iteration  8        0.000009998571      -79.682247618443
 
 CCSD iteration has converged in  8 steps.
     3804.92 MB memory was utilized by CCSD
 
 T1 diagnostic:      8.231E-03            D1 diagnostic:      1.428E-02
 
 T1 contribution [au]:                                  0.000000000000
 PPL energy contribution [au]:                          0.108935970568
 Scaled PPL energy contribution [au]:                   0.110476077606

 OS-PPL energy contribution [au]:                       0.095542715341
 Scaled OS-PPL energy contribution [au]:                0.097138011295
 SS-PPL energy contribution [au]:                       0.013393255227
 Scaled SS-PPL energy contribution [au]:                0.013441348333

 Opposite spin CCSD energy [au]:                       -0.345140989909
 Same spin CCSD energy [au]:                           -0.072676566258
 CCSD correlation energy [au]:                         -0.417817556167
 CCSD correlation energy + MP2 correction [au]:        -0.423284849163
 CCSD correlation energy + MP2 + PPL corr. [au]:       -0.421744742125
 Total CCSD energy [au]:                              -79.682255374549
 Total CCSD energy + MP2 correction [au]:             -79.687722667544
 Total CCSD energy + MP2 + PPL corr. [au]:            -79.686182560507
 
 CPU time [min]:     6.471                   Wall time [min]:     0.236
 
 Calculation of (T) correction...
 
 
      783.34 MB memory is utilized for (T)

 0%       25%       50%       75%       100%
 |---------|---------|---------|---------| 
 
 (T) correction [au]:                                    -0.014762749726
 (T*) correction [au]:                                   -0.014970148919
 (T+) correction [au]:                                   -0.014966617164
 CCSD(T) correlation energy [au]:                        -0.432580305893
 CCSD(T) correlation energy + MP2 correction [au]:       -0.438047598889
 CCSD(T+) correlation en. + MP2 + PPL corr. [au]:        -0.436711359289
 Total CCSD(T) energy [au]:                             -79.697018124274
 Total CCSD(T) energy + MP2 correction [au]:            -79.702485417270
 Total CCSD(T+) energy + MP2 + PPL corr. [au]:          -79.701149177671
 
 CPU time [min]:     8.186                   Wall time [min]:     0.293
 
 ************************ 2023-02-05 13:17:14 *************************
                      Normal termination of mrcc.
 **********************************************************************
