 **********************************************************************
                          MRCC program system
 **********************************************************************
 
                              Written by
     Mihaly Kallay, Peter R. Nagy, David Mester, Laszlo Gyevi-Nagy,
        Jozsef Csoka, P. Bernat Szabo, Zoltan Rolik, Gyula Samu,
     Jozsef Csontos, Bence Hegely, Adam Ganyecz, Istvan Ladjanszki,
       Lorant Szegedy, Bence Ladoczki, Klara Petrov, Mate Farkas,
                    Pal D. Mezei, and Reka A. Horvath
 
        Department of Physical Chemistry and Materials Science
            Budapest University of Technology and Economics
                  Budapest P.O.Box 91, H-1521 Hungary
 
                              www.mrcc.hu
 
                      Release date: March 18, 2022

 ************************ 2023-02-05 13:15:33 *************************
 Executing minp...

 Reading input from MINP...
 
 Input file:
 
calc=FNO-CCSD(T)
verbosity=3
mem=220GB
unit=angs
scfiguess=small
scfalg=locfit1
ccmaxit=400
ccsdalg=dfdirect
ccsdthreads=4
ccsdmkl=thr
ptthreads=4
lnoepsv=1e-5
naf_cor=1e-2
basis=aug-cc-pVTZ
basis_sm=def2-SVP
dfbasis_scf=def2-QZVPP-RI-JK
dfbasis_cor=aug-cc-pVTZ-RI
unit=angs
geom=xyz
16

C    34.41670262    34.07107264    10.41543014
C    33.11117461    33.45680459    10.91530835
H    34.24160149    35.00442132     9.86225048
H    34.94674030    33.36940783     9.75379242
H    35.10002891    34.30603621    11.24227357
H    32.42643037    33.26105434    10.07939442
H    32.59136835    34.12756100    11.61262818
H    33.28915165    32.50678735    11.43686767
C    42.85768728    34.07107264    10.41543014
C    41.55215927    33.45680459    10.91530835
H    42.68258615    35.00442132     9.86225048
H    43.38772495    33.36940783     9.75379242
H    43.54101356    34.30603621    11.24227357
H    40.86741503    33.26105434    10.07939442
H    41.03235300    34.12756100    11.61262818
H    41.73013630    32.50678735    11.43686767

--------------------Output has been truncated-------------------------


--------------------Output has been truncated-------------------------


--------------------Output has been truncated-------------------------


--------------------Output has been truncated-------------------------


--------------------Output has been truncated-------------------------


--------------------Output has been truncated-------------------------


--------------------Output has been truncated-------------------------


--------------------Output has been truncated-------------------------


--------------------Output has been truncated-------------------------


--------------------Output has been truncated-------------------------


 
 Reference energy [au]:                       -79.259551284070
 DF-MP2 singlet pair energy [au]:              -0.300259285472
 DF-MP2 triplet pair energy [au]:              -0.075032117058
 DF-SCS-MP2 correlation energy [au]:           -0.385321848252
 DF-SCS-MP2 energy [au]:                      -79.644873132322
 DF-SOS-MP2 correlation energy [au]:           -0.390337071113
 DF-SOS-MP2 energy [au]:                      -79.649888355183
 DF-MP2 correlation energy [au]:               -0.375291402530
 DF-MP2 energy [au]:                          -79.634842686600

 Results in FNO basis:
 
 
 Reference energy [au]:                       -79.259551284070
 DF-MP2 singlet pair energy [au]:              -0.299087710021
 DF-MP2 triplet pair energy [au]:              -0.074925739521
 DF-SCS-MP2 correlation energy [au]:           -0.383880498532
 DF-SCS-MP2 energy [au]:                      -79.643431782602
 DF-SOS-MP2 correlation energy [au]:           -0.388814023027
 DF-SOS-MP2 energy [au]:                      -79.648365307097
 DF-MP2 correlation energy [au]:               -0.374013449542
 DF-MP2 energy [au]:                          -79.633564733612

 Results in NAF basis:
 
 
 Reference energy [au]:                       -79.259551284070
 DF-MP2 singlet pair energy [au]:              -0.299026920571
 DF-MP2 triplet pair energy [au]:              -0.074964782854
 DF-SCS-MP2 correlation energy [au]:           -0.383820565637
 DF-SCS-MP2 energy [au]:                      -79.643371849706
 DF-SOS-MP2 correlation energy [au]:           -0.388734996742
 DF-SOS-MP2 energy [au]:                      -79.648286280812
 DF-MP2 correlation energy [au]:               -0.373991703425
 DF-MP2 energy [au]:                          -79.633542987495

 ************************ 2023-02-05 13:16:15 *************************
 Executing ccsd...

 Allocation of 220.0 Gbytes of memory...

 Direct DF-CCSD(T) calculation
 
 Convergence criterion:  1.0E-06
 
 Number of occupied/virtual/auxiliary orbitals:     7   139   378
    421.21 MB is the minimal memory requirement for (T)
     94.89 MB is the minimal memory requirement for CCSD
 
 Reference energy [au]:             -79.259551284070
 T1 contribution [au]:                0.000000000000
 Same spin MP2 energy [au]:          -0.074945201989
 Opposite spin MP2 energy [au]:      -0.299057144442
 MP2 correlation energy [au]:        -0.374002346432
 Total MP2 energy [au]:             -79.633553630502
 MP2 correction [au]:                -0.001289056098
 
 
 CPU time [min]:     0.317                   Wall time [min]:     0.016
 
 Starting CCSD iterations...
 
                     Residual norm          Energy
 Iteration  1        0.170712962499      -79.654482095863
 Iteration  2        0.042453832034      -79.664047054223
 Iteration  3        0.011296772553      -79.665003124077
 Iteration  4        0.002548569289      -79.665011443296
 Iteration  5        0.000536662326      -79.665016649078
 Iteration  6        0.000152290112      -79.665019726679
 Iteration  7        0.000036257675      -79.665019511354
 Iteration  8        0.000009249016      -79.665019802991
 
 CCSD iteration has converged in  8 steps.
     1534.57 MB memory was utilized by CCSD
 
 T1 diagnostic:      7.817E-03            D1 diagnostic:      1.353E-02
 
 T1 contribution [au]:                                  0.000000000000
 PPL energy contribution [au]:                          0.102913185636
 Scaled PPL energy contribution [au]:                   0.103272329822

 OS-PPL energy contribution [au]:                       0.089962824664
 Scaled OS-PPL energy contribution [au]:                0.090334347332
 SS-PPL energy contribution [au]:                       0.012950360972
 Scaled SS-PPL energy contribution [au]:                0.012962207376

 Opposite spin CCSD energy [au]:                       -0.334287713657
 Same spin CCSD energy [au]:                           -0.071199507161
 CCSD correlation energy [au]:                         -0.405487220818
 CCSD correlation energy + MP2 correction [au]:        -0.406776276917
 CCSD correlation energy + MP2 + PPL corr. [au]:       -0.406417132731
 Total CCSD energy [au]:                              -79.665038504888
 Total CCSD energy + MP2 correction [au]:             -79.666327560987
 Total CCSD energy + MP2 + PPL corr. [au]:            -79.665968416801
 
 CPU time [min]:     2.752                   Wall time [min]:     0.088
 
 Calculation of (T) correction...
 
 
      388.93 MB memory is utilized for (T)

 0%       25%       50%       75%       100%
 |---------|---------|---------|---------| 
 
 (T) correction [au]:                                    -0.013959134060
 (T*) correction [au]:                                   -0.014007246343
 (T+) correction [au]:                                   -0.014006664284
 CCSD(T) correlation energy [au]:                        -0.419446354878
 CCSD(T) correlation energy + MP2 correction [au]:       -0.420735410977
 CCSD(T+) correlation en. + MP2 + PPL corr. [au]:        -0.420423797014
 Total CCSD(T) energy [au]:                             -79.678997638948
 Total CCSD(T) energy + MP2 correction [au]:            -79.680286695046
 Total CCSD(T+) energy + MP2 + PPL corr. [au]:          -79.679975081084
 
 CPU time [min]:     3.459                   Wall time [min]:     0.110
 
 ************************ 2023-02-05 13:16:22 *************************
                      Normal termination of mrcc.
 **********************************************************************
