 **********************************************************************
                          MRCC program system
 **********************************************************************
 
                              Written by
     Mihaly Kallay, Peter R. Nagy, David Mester, Laszlo Gyevi-Nagy,
        Jozsef Csoka, P. Bernat Szabo, Zoltan Rolik, Gyula Samu,
     Jozsef Csontos, Bence Hegely, Adam Ganyecz, Istvan Ladjanszki,
       Lorant Szegedy, Bence Ladoczki, Klara Petrov, Mate Farkas,
                    Pal D. Mezei, and Reka A. Horvath
 
        Department of Physical Chemistry and Materials Science
            Budapest University of Technology and Economics
                  Budapest P.O.Box 91, H-1521 Hungary
 
                              www.mrcc.hu
 
                      Release date: March 18, 2022

 ************************ 2023-02-05 13:33:12 *************************
 Executing minp...

 Reading input from MINP...
 
 Input file:
 
calc=FNO-CCSD(T)
verbosity=3
mem=220GB
unit=angs
scfiguess=small
scfalg=locfit1
ccmaxit=400
ccsdalg=dfdirect
ccsdthreads=4
ccsdmkl=thr
ptthreads=4
lnoepsv=1e-5
naf_cor=1e-2
basis=aug-cc-pVTZ
basis_sm=def2-SVP
dfbasis_scf=def2-QZVPP-RI-JK
dfbasis_cor=aug-cc-pVTZ-RI
unit=angs
geom=xyz
16

C    34.41670262    34.07107264    10.41543014
C    33.11117461    33.45680459    10.91530835
H    34.24160149    35.00442132     9.86225048
H    34.94674030    33.36940783     9.75379242
H    35.10002891    34.30603621    11.24227357
H    32.42643037    33.26105434    10.07939442
H    32.59136835    34.12756100    11.61262818
H    33.28915165    32.50678735    11.43686767
C    28.86048160    19.29955203    10.40840413
C    30.16019719    18.68571206    10.92356358
H    28.33519739    18.59535713     9.74574003
H    29.04252993    20.23050918     9.85293887
H    28.16943746    19.54015601    11.22701403
H    30.85410596    18.48905250    10.09557036
H    29.97595347    17.73619002    11.44395536
H    30.67229494    19.35730320    11.62583355

--------------------Output has been truncated-------------------------


--------------------Output has been truncated-------------------------


--------------------Output has been truncated-------------------------


--------------------Output has been truncated-------------------------


--------------------Output has been truncated-------------------------


--------------------Output has been truncated-------------------------


--------------------Output has been truncated-------------------------


--------------------Output has been truncated-------------------------


--------------------Output has been truncated-------------------------


--------------------Output has been truncated-------------------------


 
 Reference energy [au]:                      -158.519089216158
 DF-MP2 singlet pair energy [au]:              -0.600509878018
 DF-MP2 triplet pair energy [au]:              -0.150063706451
 DF-SCS-MP2 correlation energy [au]:           -0.770633089106
 DF-SCS-MP2 energy [au]:                     -159.289722305264
 DF-SOS-MP2 correlation energy [au]:           -0.780662841424
 DF-SOS-MP2 energy [au]:                     -159.299752057582
 DF-MP2 correlation energy [au]:               -0.750573584470
 DF-MP2 energy [au]:                         -159.269662800628

 Results in FNO basis:
 
 
 Reference energy [au]:                      -158.519089216158
 DF-MP2 singlet pair energy [au]:              -0.598169417979
 DF-MP2 triplet pair energy [au]:              -0.149851148855
 DF-SCS-MP2 correlation energy [au]:           -0.767753684526
 DF-SCS-MP2 energy [au]:                     -159.286842900684
 DF-SOS-MP2 correlation energy [au]:           -0.777620243372
 DF-SOS-MP2 energy [au]:                     -159.296709459530
 DF-MP2 correlation energy [au]:               -0.748020566833
 DF-MP2 energy [au]:                         -159.267109782992

 Results in NAF basis:
 
 
 Reference energy [au]:                      -158.519089216158
 DF-MP2 singlet pair energy [au]:              -0.598048032337
 DF-MP2 triplet pair energy [au]:              -0.149929264427
 DF-SCS-MP2 correlation energy [au]:           -0.767634060281
 DF-SCS-MP2 energy [au]:                     -159.286723276439
 DF-SOS-MP2 correlation energy [au]:           -0.777462442039
 DF-SOS-MP2 energy [au]:                     -159.296551658197
 DF-MP2 correlation energy [au]:               -0.747977296765
 DF-MP2 energy [au]:                         -159.267066512923

 ************************ 2023-02-05 13:33:55 *************************
 Executing ccsd...

 Allocation of 220.0 Gbytes of memory...

 Direct DF-CCSD(T) calculation
 
 Convergence criterion:  1.0E-06
 
 Number of occupied/virtual/auxiliary orbitals:    14   278   756
   3422.71 MB is the minimal memory requirement for (T)
    780.99 MB is the minimal memory requirement for CCSD
 
 Reference energy [au]:            -158.519089216158
 T1 contribution [au]:                0.000000000000
 Same spin MP2 energy [au]:          -0.149890088431
 Opposite spin MP2 energy [au]:      -0.598108383958
 MP2 correlation energy [au]:        -0.747998472389
 Total MP2 energy [au]:            -159.267087688547
 MP2 correction [au]:                -0.002575112081
 
 
 CPU time [min]:     0.913                   Wall time [min]:     0.133
 
 Starting CCSD iterations...
 
                     Residual norm          Energy
 Iteration  1        0.241423206347     -159.308944481849
 Iteration  2        0.060038528326     -159.328074476471
 Iteration  3        0.015975936384     -159.329986635721
 Iteration  4        0.003604222683     -159.330003270918
 Iteration  5        0.000758966681     -159.330013686718
 Iteration  6        0.000215375519     -159.330019841454
 Iteration  7        0.000051277085     -159.330019410694
 Iteration  8        0.000013080812     -159.330019993963
 Iteration  9        0.000002622730     -159.330019941913
 
 CCSD iteration has converged in  9 steps.
    23656.02 MB memory was utilized by CCSD
 
 T1 diagnostic:      7.817E-03            D1 diagnostic:      1.354E-02
 
 T1 contribution [au]:                                  0.000000000000
 PPL energy contribution [au]:                          0.205823646667
 Scaled PPL energy contribution [au]:                   0.206541073372

 OS-PPL energy contribution [au]:                       0.179923209703
 Scaled OS-PPL energy contribution [au]:                0.180665383451
 SS-PPL energy contribution [au]:                       0.025900436964
 Scaled SS-PPL energy contribution [au]:                0.025924090598

 Opposite spin CCSD energy [au]:                       -0.668569363189
 Same spin CCSD energy [au]:                           -0.142398683842
 CCSD correlation energy [au]:                         -0.810968047031
 CCSD correlation energy + MP2 correction [au]:        -0.813543159112
 CCSD correlation energy + MP2 + PPL corr. [au]:       -0.812825732407
 Total CCSD energy [au]:                             -159.330057263189
 Total CCSD energy + MP2 correction [au]:            -159.332632375270
 Total CCSD energy + MP2 + PPL corr. [au]:           -159.331914948565
 
 CPU time [min]:    53.625                   Wall time [min]:     1.790
 
 Calculation of (T) correction...
 
 
     4429.83 MB memory is utilized for (T)

 0%       25%       50%       75%       100%
 |---------|---------|---------|---------| 
 
 (T) correction [au]:                                    -0.027917959303
 (T*) correction [au]:                                   -0.028014071630
 (T+) correction [au]:                                   -0.028012906148
 CCSD(T) correlation energy [au]:                        -0.838886006334
 CCSD(T) correlation energy + MP2 correction [au]:       -0.841461118414
 CCSD(T+) correlation en. + MP2 + PPL corr. [au]:        -0.840838638554
 Total CCSD(T) energy [au]:                            -159.357975222492
 Total CCSD(T) energy + MP2 correction [au]:           -159.360550334572
 Total CCSD(T+) energy + MP2 + PPL corr. [au]:         -159.359927854712
 
 CPU time [min]:   111.568                   Wall time [min]:     3.490
 
 ************************ 2023-02-05 13:37:24 *************************
                      Normal termination of mrcc.
 **********************************************************************
