 **********************************************************************
                          MRCC program system
 **********************************************************************
 
                              Written by
     Mihaly Kallay, Peter R. Nagy, David Mester, Laszlo Gyevi-Nagy,
        Jozsef Csoka, P. Bernat Szabo, Zoltan Rolik, Gyula Samu,
     Jozsef Csontos, Bence Hegely, Adam Ganyecz, Istvan Ladjanszki,
       Lorant Szegedy, Bence Ladoczki, Klara Petrov, Mate Farkas,
                    Pal D. Mezei, and Reka A. Horvath
 
        Department of Physical Chemistry and Materials Science
            Budapest University of Technology and Economics
                  Budapest P.O.Box 91, H-1521 Hungary
 
                              www.mrcc.hu
 
                      Release date: March 18, 2022

 ************************ 2023-02-04 11:53:06 *************************
 Executing minp...

 Reading input from MINP...
 
 Input file:
 
calc=FNO-CCSD(T)
verbosity=3
mem=220GB
unit=angs
scfiguess=small
scfalg=locfit1
ccmaxit=400
ccsdalg=dfdirect
ccsdthreads=4
ccsdmkl=thr
ptthreads=4
lnoepsv=1e-5
naf_cor=1e-2
basis=aug-cc-pVQZ
basis_sm=def2-SVP
dfbasis_scf=def2-QZVPP-RI-JK
dfbasis_cor=aug-cc-pVQZ-RI
unit=angs
geom=xyz
10

C    29.54344629    29.54344629    16.97505516
H    29.54344670    30.44187631    17.60392580
H    29.54344662    28.64496649    17.60393442
H    30.44658454    29.54342777    16.34911135
H    28.64030918    29.54342779    16.34911130
C    16.88193863    29.54341474    16.97521401
H    15.98351896    29.54341495    17.60422237
H    16.88195742    30.44620261    16.34882774
H    16.88195741    28.64062797    16.34882693
H    17.78040884    29.54341492    17.60423123

--------------------Output has been truncated-------------------------


--------------------Output has been truncated-------------------------


--------------------Output has been truncated-------------------------


--------------------Output has been truncated-------------------------


--------------------Output has been truncated-------------------------


--------------------Output has been truncated-------------------------


--------------------Output has been truncated-------------------------


--------------------Output has been truncated-------------------------


--------------------Output has been truncated-------------------------


--------------------Output has been truncated-------------------------


 
 Reference energy [au]:                       -40.215614178226
 DF-MP2 singlet pair energy [au]:              -0.173752877805
 DF-MP2 triplet pair energy [au]:              -0.037498362894
 DF-SCS-MP2 correlation energy [au]:           -0.221002907664
 DF-SCS-MP2 energy [au]:                      -40.436617085890
 DF-SOS-MP2 correlation energy [au]:           -0.225878741147
 DF-SOS-MP2 energy [au]:                      -40.441492919373
 DF-MP2 correlation energy [au]:               -0.211251240700
 DF-MP2 energy [au]:                          -40.426865418925

 Results in FNO basis:
 
 
 Reference energy [au]:                       -40.215614178226
 DF-MP2 singlet pair energy [au]:              -0.170618207308
 DF-MP2 triplet pair energy [au]:              -0.037357060575
 DF-SCS-MP2 correlation energy [au]:           -0.217194202295
 DF-SCS-MP2 energy [au]:                      -40.432808380521
 DF-SOS-MP2 correlation energy [au]:           -0.221803669501
 DF-SOS-MP2 energy [au]:                      -40.437417847727
 DF-MP2 correlation energy [au]:               -0.207975267884
 DF-MP2 energy [au]:                          -40.423589446110

 Results in NAF basis:
 
 
 Reference energy [au]:                       -40.215614178226
 DF-MP2 singlet pair energy [au]:              -0.170600647594
 DF-MP2 triplet pair energy [au]:              -0.037363752988
 DF-SCS-MP2 correlation energy [au]:           -0.217175361442
 DF-SCS-MP2 energy [au]:                      -40.432789539668
 DF-SOS-MP2 correlation energy [au]:           -0.221780841872
 DF-SOS-MP2 energy [au]:                      -40.437395020098
 DF-MP2 correlation energy [au]:               -0.207964400582
 DF-MP2 energy [au]:                          -40.423578578807

 ************************ 2023-02-04 11:53:40 *************************
 Executing ccsd...

 Allocation of 220.0 Gbytes of memory...

 Direct DF-CCSD(T) calculation
 
 Convergence criterion:  1.0E-06
 
 Number of occupied/virtual/auxiliary orbitals:     4   101   320
    163.36 MB is the minimal memory requirement for (T)
     39.40 MB is the minimal memory requirement for CCSD
 
 Reference energy [au]:             -40.215614178226
 T1 contribution [au]:                0.000000000000
 Same spin MP2 energy [au]:          -0.037360402334
 Opposite spin MP2 energy [au]:      -0.170609417659
 MP2 correlation energy [au]:        -0.207969819993
 Total MP2 energy [au]:             -40.423583998219
 MP2 correction [au]:                -0.003281420707
 
 
 CPU time [min]:     0.175                   Wall time [min]:     0.008
 
 Starting CCSD iterations...
 
                     Residual norm          Energy
 Iteration  1        0.138680875881      -40.436528988194
 Iteration  2        0.035376077207      -40.442052541677
 Iteration  3        0.009771740133      -40.442635262344
 Iteration  4        0.002020927185      -40.442639761479
 Iteration  5        0.000374897656      -40.442646272315
 Iteration  6        0.000084797688      -40.442646149071
 Iteration  7        0.000020223480      -40.442646839100
 Iteration  8        0.000003738678      -40.442646896049
 
 CCSD iteration has converged in  8 steps.
      444.29 MB memory was utilized by CCSD
 
 T1 diagnostic:      7.996E-03            D1 diagnostic:      1.292E-02
 
 T1 contribution [au]:                                  0.000000000000
 PPL energy contribution [au]:                          0.060602213761
 Scaled PPL energy contribution [au]:                   0.061559001877

 OS-PPL energy contribution [au]:                       0.053773717066
 Scaled OS-PPL energy contribution [au]:                0.054766767941
 SS-PPL energy contribution [au]:                       0.006828496695
 Scaled SS-PPL energy contribution [au]:                0.006852795525

 Opposite spin CCSD energy [au]:                       -0.191003430630
 Same spin CCSD energy [au]:                           -0.036036037409
 CCSD correlation energy [au]:                         -0.227039468039
 CCSD correlation energy + MP2 correction [au]:        -0.230320888746
 CCSD correlation energy + MP2 + PPL corr. [au]:       -0.229364100629
 Total CCSD energy [au]:                              -40.442653646265
 Total CCSD energy + MP2 correction [au]:             -40.445935066972
 Total CCSD energy + MP2 + PPL corr. [au]:            -40.444978278855
 
 CPU time [min]:     0.903                   Wall time [min]:     0.029
 
 Calculation of (T) correction...
 
 
      124.68 MB memory is utilized for (T)

 0%       25%       50%       75%       100%
 |---------|---------|---------|---------| 
 
 (T) correction [au]:                                    -0.006941735367
 (T*) correction [au]:                                   -0.007051264501
 (T+) correction [au]:                                   -0.007050857478
 CCSD(T) correlation energy [au]:                        -0.233981203406
 CCSD(T) correlation energy + MP2 correction [au]:       -0.237262624113
 CCSD(T+) correlation en. + MP2 + PPL corr. [au]:        -0.236414958108
 Total CCSD(T) energy [au]:                             -40.449595381632
 Total CCSD(T) energy + MP2 correction [au]:            -40.452876802339
 Total CCSD(T+) energy + MP2 + PPL corr. [au]:          -40.452029136333
 
 CPU time [min]:     0.983                   Wall time [min]:     0.031
 
 ************************ 2023-02-04 11:53:42 *************************
                      Normal termination of mrcc.
 **********************************************************************
