 **********************************************************************
                          MRCC program system
 **********************************************************************
 
                              Written by
     Mihaly Kallay, Peter R. Nagy, David Mester, Laszlo Gyevi-Nagy,
        Jozsef Csoka, P. Bernat Szabo, Zoltan Rolik, Gyula Samu,
     Jozsef Csontos, Bence Hegely, Adam Ganyecz, Istvan Ladjanszki,
       Lorant Szegedy, Bence Ladoczki, Klara Petrov, Mate Farkas,
                    Pal D. Mezei, and Reka A. Horvath
 
        Department of Physical Chemistry and Materials Science
            Budapest University of Technology and Economics
                  Budapest P.O.Box 91, H-1521 Hungary
 
                              www.mrcc.hu
 
                      Release date: March 18, 2022

 ************************ 2023-02-04 11:44:10 *************************
 Executing minp...

 Reading input from MINP...
 
 Input file:
 
calc=FNO-CCSD(T)
verbosity=3
mem=220GB
unit=angs
scfiguess=small
scfalg=locfit1
ccmaxit=400
ccsdalg=dfdirect
ccsdthreads=4
ccsdmkl=thr
ptthreads=4
lnoepsv=1e-5
naf_cor=1e-2
basis=aug-cc-pVQZ
basis_sm=def2-SVP
dfbasis_scf=def2-QZVPP-RI-JK
dfbasis_cor=aug-cc-pVQZ-RI
unit=angs
geom=xyz
10

C    29.54344629    29.54344629    16.97505516
H    29.54344670    30.44187631    17.60392580
H    29.54344662    28.64496649    17.60393442
H    30.44658454    29.54342777    16.34911135
H    28.64030918    29.54342779    16.34911130
C    33.76390794    37.98439940    16.97521401
H    32.86548827    37.98439960    17.60422237
H    33.76392673    38.88718726    16.34882774
H    33.76392671    37.08161262    16.34882693
H    34.66237815    37.98439958    17.60423123

--------------------Output has been truncated-------------------------


--------------------Output has been truncated-------------------------


--------------------Output has been truncated-------------------------


--------------------Output has been truncated-------------------------


--------------------Output has been truncated-------------------------


--------------------Output has been truncated-------------------------


--------------------Output has been truncated-------------------------


--------------------Output has been truncated-------------------------


--------------------Output has been truncated-------------------------


--------------------Output has been truncated-------------------------


 
 Reference energy [au]:                       -80.431231575850
 DF-MP2 singlet pair energy [au]:              -0.347508347656
 DF-MP2 triplet pair energy [au]:              -0.074998653647
 DF-SCS-MP2 correlation energy [au]:           -0.442009568403
 DF-SCS-MP2 energy [au]:                      -80.873241144253
 DF-SOS-MP2 correlation energy [au]:           -0.451760851953
 DF-SOS-MP2 energy [au]:                      -80.882992427803
 DF-MP2 correlation energy [au]:               -0.422507001302
 DF-MP2 energy [au]:                          -80.853738577153

 Results in FNO basis:
 
 
 Reference energy [au]:                       -80.431231575850
 DF-MP2 singlet pair energy [au]:              -0.341238215285
 DF-MP2 triplet pair energy [au]:              -0.074715831600
 DF-SCS-MP2 correlation energy [au]:           -0.434391135542
 DF-SCS-MP2 energy [au]:                      -80.865622711392
 DF-SOS-MP2 correlation energy [au]:           -0.443609679871
 DF-SOS-MP2 energy [au]:                      -80.874841255721
 DF-MP2 correlation energy [au]:               -0.415954046885
 DF-MP2 energy [au]:                          -80.847185622736

 Results in NAF basis:
 
 
 Reference energy [au]:                       -80.431231575850
 DF-MP2 singlet pair energy [au]:              -0.341204180173
 DF-MP2 triplet pair energy [au]:              -0.074728501443
 DF-SCS-MP2 correlation energy [au]:           -0.434354516689
 DF-SCS-MP2 energy [au]:                      -80.865586092539
 DF-SOS-MP2 correlation energy [au]:           -0.443565434225
 DF-SOS-MP2 energy [au]:                      -80.874797010075
 DF-MP2 correlation energy [au]:               -0.415932681616
 DF-MP2 energy [au]:                          -80.847164257466

 ************************ 2023-02-04 11:44:49 *************************
 Executing ccsd...

 Allocation of 220.0 Gbytes of memory...

 Direct DF-CCSD(T) calculation
 
 Convergence criterion:  1.0E-06
 
 Number of occupied/virtual/auxiliary orbitals:     8   202   640
   1312.15 MB is the minimal memory requirement for (T)
    293.11 MB is the minimal memory requirement for CCSD
 
 Reference energy [au]:             -80.431231575850
 T1 contribution [au]:                0.000000000000
 Same spin MP2 energy [au]:          -0.074722158503
 Opposite spin MP2 energy [au]:      -0.341221181202
 MP2 correlation energy [au]:        -0.415943339705
 Total MP2 energy [au]:             -80.847174915555
 MP2 correction [au]:                -0.006563661598
 
 
 CPU time [min]:     0.494                   Wall time [min]:     0.058
 
 Starting CCSD iterations...
 
                     Residual norm          Energy
 Iteration  1        0.196124652046      -80.873064919687
 Iteration  2        0.050029534968      -80.884112172162
 Iteration  3        0.013819663871      -80.885277643300
 Iteration  4        0.002858111146      -80.885286645382
 Iteration  5        0.000530201369      -80.885299664738
 Iteration  6        0.000119927651      -80.885299418404
 Iteration  7        0.000028602283      -80.885300798538
 Iteration  8        0.000005287877      -80.885300912470
 Iteration  9        0.000001125884      -80.885300888508
 
 CCSD iteration has converged in  9 steps.
     6687.81 MB memory was utilized by CCSD
 
 T1 diagnostic:      7.996E-03            D1 diagnostic:      1.292E-02
 
 T1 contribution [au]:                                  0.000000000000
 PPL energy contribution [au]:                          0.121205437111
 Scaled PPL energy contribution [au]:                   0.123119194478

 OS-PPL energy contribution [au]:                       0.107548554924
 Scaled OS-PPL energy contribution [au]:                0.109534570350
 SS-PPL energy contribution [au]:                       0.013656882187
 Scaled SS-PPL energy contribution [au]:                0.013705634084

 Opposite spin CCSD energy [au]:                       -0.382009312897
 Same spin CCSD energy [au]:                           -0.072073188772
 CCSD correlation energy [au]:                         -0.454082501669
 CCSD correlation energy + MP2 correction [au]:        -0.460646163267
 CCSD correlation energy + MP2 + PPL corr. [au]:       -0.458732405900
 Total CCSD energy [au]:                              -80.885314077519
 Total CCSD energy + MP2 correction [au]:             -80.891877739117
 Total CCSD energy + MP2 + PPL corr. [au]:            -80.889963981750
 
 CPU time [min]:    13.059                   Wall time [min]:     0.418
 
 Calculation of (T) correction...
 
 
     1275.43 MB memory is utilized for (T)

 0%       25%       50%       75%       100%
 |---------|---------|---------|---------| 
 
 (T) correction [au]:                                    -0.013884092935
 (T*) correction [au]:                                   -0.014103186448
 (T+) correction [au]:                                   -0.014102363906
 CCSD(T) correlation energy [au]:                        -0.467966594604
 CCSD(T) correlation energy + MP2 correction [au]:       -0.474530256202
 CCSD(T+) correlation en. + MP2 + PPL corr. [au]:        -0.472834769806
 Total CCSD(T) energy [au]:                             -80.899198170454
 Total CCSD(T) energy + MP2 correction [au]:            -80.905761832052
 Total CCSD(T+) energy + MP2 + PPL corr. [au]:          -80.904066345656
 
 CPU time [min]:    17.057                   Wall time [min]:     0.549
 
 ************************ 2023-02-04 11:45:22 *************************
                      Normal termination of mrcc.
 **********************************************************************
