 **********************************************************************
                          MRCC program system
 **********************************************************************
 
                              Written by
     Mihaly Kallay, Peter R. Nagy, David Mester, Laszlo Gyevi-Nagy,
        Jozsef Csoka, P. Bernat Szabo, Zoltan Rolik, Gyula Samu,
     Jozsef Csontos, Bence Hegely, Adam Ganyecz, Istvan Ladjanszki,
       Lorant Szegedy, Bence Ladoczki, Klara Petrov, Mate Farkas,
                    Pal D. Mezei, and Reka A. Horvath
 
        Department of Physical Chemistry and Materials Science
            Budapest University of Technology and Economics
                  Budapest P.O.Box 91, H-1521 Hungary
 
                              www.mrcc.hu
 
                      Release date: March 18, 2022

 ************************ 2023-02-04 11:44:02 *************************
 Executing minp...

 Reading input from MINP...
 
 Input file:
 
calc=FNO-CCSD(T)
verbosity=3
mem=220GB
unit=angs
scfiguess=small
scfalg=locfit1
ccmaxit=400
ccsdalg=dfdirect
ccsdthreads=4
ccsdmkl=thr
ptthreads=4
lnoepsv=1e-5
naf_cor=1e-2
basis=aug-cc-pVTZ
basis_sm=def2-SVP
dfbasis_scf=def2-QZVPP-RI-JK
dfbasis_cor=aug-cc-pVTZ-RI
unit=angs
geom=xyz
10

C    29.54344629    29.54344629    16.97505516
H    29.54344670    30.44187631    17.60392580
H    29.54344662    28.64496649    17.60393442
H    30.44658454    29.54342777    16.34911135
H    28.64030918    29.54342779    16.34911130
C    33.76390794    37.98439940    16.97521401
H    32.86548827    37.98439960    17.60422237
H    33.76392673    38.88718726    16.34882774
H    33.76392671    37.08161262    16.34882693
H    34.66237815    37.98439958    17.60423123

--------------------Output has been truncated-------------------------


--------------------Output has been truncated-------------------------


--------------------Output has been truncated-------------------------


--------------------Output has been truncated-------------------------


--------------------Output has been truncated-------------------------


--------------------Output has been truncated-------------------------


--------------------Output has been truncated-------------------------


--------------------Output has been truncated-------------------------


--------------------Output has been truncated-------------------------


--------------------Output has been truncated-------------------------


 
 Reference energy [au]:                       -80.426031444092
 DF-MP2 singlet pair energy [au]:              -0.328841308556
 DF-MP2 triplet pair energy [au]:              -0.073191106768
 DF-SCS-MP2 correlation energy [au]:           -0.419006605857
 DF-SCS-MP2 energy [au]:                      -80.845038049949
 DF-SOS-MP2 correlation energy [au]:           -0.427493701123
 DF-SOS-MP2 energy [au]:                      -80.853525145215
 DF-MP2 correlation energy [au]:               -0.402032415324
 DF-MP2 energy [au]:                          -80.828063859416

 Results in FNO basis:
 
 
 Reference energy [au]:                       -80.426031444092
 DF-MP2 singlet pair energy [au]:              -0.327540060808
 DF-MP2 triplet pair energy [au]:              -0.073103400420
 DF-SCS-MP2 correlation energy [au]:           -0.417415873110
 DF-SCS-MP2 energy [au]:                      -80.843447317202
 DF-SOS-MP2 correlation energy [au]:           -0.425802079051
 DF-SOS-MP2 energy [au]:                      -80.851833523143
 DF-MP2 correlation energy [au]:               -0.400643461229
 DF-MP2 energy [au]:                          -80.826674905321

 Results in NAF basis:
 
 
 Reference energy [au]:                       -80.426031444092
 DF-MP2 singlet pair energy [au]:              -0.327475430347
 DF-MP2 triplet pair energy [au]:              -0.073142717051
 DF-SCS-MP2 correlation energy [au]:           -0.417351422100
 DF-SCS-MP2 energy [au]:                      -80.843382866192
 DF-SOS-MP2 correlation energy [au]:           -0.425718059451
 DF-SOS-MP2 energy [au]:                      -80.851749503543
 DF-MP2 correlation energy [au]:               -0.400618147398
 DF-MP2 energy [au]:                          -80.826649591490

 ************************ 2023-02-04 11:44:24 *************************
 Executing ccsd...

 Allocation of 220.0 Gbytes of memory...

 Direct DF-CCSD(T) calculation
 
 Convergence criterion:  1.0E-06
 
 Number of occupied/virtual/auxiliary orbitals:     8   166   443
    715.53 MB is the minimal memory requirement for (T)
    155.43 MB is the minimal memory requirement for CCSD
 
 Reference energy [au]:             -80.426031444092
 T1 contribution [au]:                0.000000000000
 Same spin MP2 energy [au]:          -0.073123005329
 Opposite spin MP2 energy [au]:      -0.327507583794
 MP2 correlation energy [au]:        -0.400630589123
 Total MP2 energy [au]:             -80.826662033215
 MP2 correction [au]:                -0.001401826201
 
 
 CPU time [min]:     0.353                   Wall time [min]:     0.016
 
 Starting CCSD iterations...
 
                     Residual norm          Energy
 Iteration  1        0.186522734837      -80.855597890876
 Iteration  2        0.047736319345      -80.866644093915
 Iteration  3        0.011571450552      -80.867576514613
 Iteration  4        0.002706697999      -80.867581724499
 Iteration  5        0.000513289813      -80.867595825612
 Iteration  6        0.000104125256      -80.867596091169
 Iteration  7        0.000025076448      -80.867597301886
 Iteration  8        0.000004384670      -80.867597337343
 Iteration  9        0.000000887388      -80.867597320308
 
 CCSD iteration has converged in  9 steps.
     3072.80 MB memory was utilized by CCSD
 
 T1 diagnostic:      7.476E-03            D1 diagnostic:      1.210E-02
 
 T1 contribution [au]:                                  0.000000000000
 PPL energy contribution [au]:                          0.114977242181
 Scaled PPL energy contribution [au]:                   0.115382224115

 OS-PPL energy contribution [au]:                       0.101746993406
 Scaled OS-PPL energy contribution [au]:                0.102170279371
 SS-PPL energy contribution [au]:                       0.013230248776
 Scaled SS-PPL energy contribution [au]:                0.013239261345

 Opposite spin CCSD energy [au]:                       -0.370939970593
 Same spin CCSD energy [au]:                           -0.070646415957
 CCSD correlation energy [au]:                         -0.441586386550
 CCSD correlation energy + MP2 correction [au]:        -0.442988212751
 CCSD correlation energy + MP2 + PPL corr. [au]:       -0.442583230817
 Total CCSD energy [au]:                              -80.867617830642
 Total CCSD energy + MP2 correction [au]:             -80.869019656843
 Total CCSD energy + MP2 + PPL corr. [au]:            -80.868614674909
 
 CPU time [min]:     5.361                   Wall time [min]:     0.157
 
 Calculation of (T) correction...
 
 
      698.30 MB memory is utilized for (T)

 0%       25%       50%       75%       100%
 |---------|---------|---------|---------| 
 
 (T) correction [au]:                                    -0.013138438492
 (T*) correction [au]:                                   -0.013184410537
 (T+) correction [au]:                                   -0.013184367689
 CCSD(T) correlation energy [au]:                        -0.454724825042
 CCSD(T) correlation energy + MP2 correction [au]:       -0.456126651243
 CCSD(T+) correlation en. + MP2 + PPL corr. [au]:        -0.455767598506
 Total CCSD(T) energy [au]:                             -80.880756269134
 Total CCSD(T) energy + MP2 correction [au]:            -80.882158095335
 Total CCSD(T+) energy + MP2 + PPL corr. [au]:          -80.881799042598
 
 CPU time [min]:     7.257                   Wall time [min]:     0.223
 
 ************************ 2023-02-04 11:44:37 *************************
                      Normal termination of mrcc.
 **********************************************************************
