 **********************************************************************
                          MRCC program system
 **********************************************************************
 
                              Written by
     Mihaly Kallay, Peter R. Nagy, David Mester, Laszlo Gyevi-Nagy,
        Jozsef Csoka, P. Bernat Szabo, Zoltan Rolik, Gyula Samu,
     Jozsef Csontos, Bence Hegely, Adam Ganyecz, Istvan Ladjanszki,
       Lorant Szegedy, Bence Ladoczki, Klara Petrov, Mate Farkas,
                    Pal D. Mezei, and Reka A. Horvath
 
        Department of Physical Chemistry and Materials Science
            Budapest University of Technology and Economics
                  Budapest P.O.Box 91, H-1521 Hungary
 
                              www.mrcc.hu
 
                      Release date: March 18, 2022

 ************************ 2023-02-05 13:35:22 *************************
 Executing minp...

 Reading input from MINP...
 
 Input file:
 
calc=FNO-CCSD(T)
verbosity=3
mem=220GB
unit=angs
scfiguess=small
scfalg=locfit1
ccmaxit=400
ccsdalg=dfdirect
ccsdthreads=4
ccsdmkl=thr
ptthreads=4
lnoepsv=1e-5
naf_cor=1e-2
basis=aug-cc-pVQZ
basis_sm=def2-SVP
dfbasis_scf=def2-QZVPP-RI-JK
dfbasis_cor=aug-cc-pVQZ-RI
unit=angs
geom=xyz
16

C    34.41670262    34.07107264    10.41543014
C    33.11117461    33.45680459    10.91530835
H    34.24160149    35.00442132     9.86225048
H    34.94674030    33.36940783     9.75379242
H    35.10002891    34.30603621    11.24227357
H    32.42643037    33.26105434    10.07939442
H    32.59136835    34.12756100    11.61262818
H    33.28915165    32.50678735    11.43686767
C    28.86048386    23.52004258    10.40841099
C    30.16020184    22.90620846    10.92356869
H    28.33524345    22.81583689     9.74571409
H    29.04251974    24.45098191     9.85291346
H    28.16945653    23.76067685    11.22702485
H    30.85404226    22.70956722    10.09551480
H    29.97596163    21.95668890    11.44396498
H    30.67232128    23.57775033    11.62587494

--------------------Output has been truncated-------------------------


--------------------Output has been truncated-------------------------


--------------------Output has been truncated-------------------------


--------------------Output has been truncated-------------------------


--------------------Output has been truncated-------------------------


--------------------Output has been truncated-------------------------


--------------------Output has been truncated-------------------------


--------------------Output has been truncated-------------------------


--------------------Output has been truncated-------------------------


--------------------Output has been truncated-------------------------


 
 Reference energy [au]:                       -79.264425293037
 DF-MP2 singlet pair energy [au]:              -0.317723575649
 DF-MP2 triplet pair energy [au]:              -0.076906848858
 DF-SCS-MP2 correlation energy [au]:           -0.406903907065
 DF-SCS-MP2 energy [au]:                      -79.671329200102
 DF-SOS-MP2 correlation energy [au]:           -0.413040648343
 DF-SOS-MP2 energy [au]:                      -79.677465941381
 DF-MP2 correlation energy [au]:               -0.394630424507
 DF-MP2 energy [au]:                          -79.659055717544

 Results in FNO basis:
 
 
 Reference energy [au]:                       -79.264425293037
 DF-MP2 singlet pair energy [au]:              -0.312549839346
 DF-MP2 triplet pair energy [au]:              -0.076620955679
 DF-SCS-MP2 correlation energy [au]:           -0.400600125775
 DF-SCS-MP2 energy [au]:                      -79.665025418812
 DF-SOS-MP2 correlation energy [au]:           -0.406314791150
 DF-SOS-MP2 energy [au]:                      -79.670740084187
 DF-MP2 correlation energy [au]:               -0.389170795025
 DF-MP2 energy [au]:                          -79.653596088063

 Results in NAF basis:
 
 
 Reference energy [au]:                       -79.264425293037
 DF-MP2 singlet pair energy [au]:              -0.312528852573
 DF-MP2 triplet pair energy [au]:              -0.076628953099
 DF-SCS-MP2 correlation energy [au]:           -0.400577607454
 DF-SCS-MP2 energy [au]:                      -79.665002900492
 DF-SOS-MP2 correlation energy [au]:           -0.406287508345
 DF-SOS-MP2 energy [au]:                      -79.670712801383
 DF-MP2 correlation energy [au]:               -0.389157805673
 DF-MP2 energy [au]:                          -79.653583098710

 ************************ 2023-02-05 13:36:55 *************************
 Executing ccsd...

 Allocation of 220.0 Gbytes of memory...

 Direct DF-CCSD(T) calculation
 
 Convergence criterion:  1.0E-06
 
 Number of occupied/virtual/auxiliary orbitals:     7   175   551
    851.32 MB is the minimal memory requirement for (T)
    190.43 MB is the minimal memory requirement for CCSD
 
 Reference energy [au]:             -79.264425293037
 T1 contribution [au]:                0.000000000000
 Same spin MP2 energy [au]:          -0.076624951825
 Opposite spin MP2 energy [au]:      -0.312539341252
 MP2 correlation energy [au]:        -0.389164293077
 Total MP2 energy [au]:             -79.653589586114
 MP2 correction [au]:                -0.005466131430
 
 
 CPU time [min]:     0.401                   Wall time [min]:     0.050
 
 Starting CCSD iterations...
 
                     Residual norm          Energy
 Iteration  1        0.179604259447      -79.671502414695
 Iteration  2        0.044511813946      -79.681084775910
 Iteration  3        0.013090168462      -79.682220577369
 Iteration  4        0.002650356572      -79.682227795104
 Iteration  5        0.000560982472      -79.682233662719
 Iteration  6        0.000156935761      -79.682235713113
 Iteration  7        0.000037097567      -79.682235487973
 Iteration  8        0.000009999619      -79.682235851863
 
 CCSD iteration has converged in  8 steps.
     3804.92 MB memory was utilized by CCSD
 
 T1 diagnostic:      8.231E-03            D1 diagnostic:      1.428E-02
 
 T1 contribution [au]:                                  0.000000000000
 PPL energy contribution [au]:                          0.108936293177
 Scaled PPL energy contribution [au]:                   0.110476083581

 OS-PPL energy contribution [au]:                       0.095543029657
 Scaled OS-PPL energy contribution [au]:                0.097138004096
 SS-PPL energy contribution [au]:                       0.013393263520
 Scaled SS-PPL energy contribution [au]:                0.013441344206

 Opposite spin CCSD energy [au]:                       -0.345141510099
 Same spin CCSD energy [au]:                           -0.072676817896
 CCSD correlation energy [au]:                         -0.417818327994
 CCSD correlation energy + MP2 correction [au]:        -0.423284459424
 CCSD correlation energy + MP2 + PPL corr. [au]:       -0.421744669021
 Total CCSD energy [au]:                              -79.682243621032
 Total CCSD energy + MP2 correction [au]:             -79.687709752461
 Total CCSD energy + MP2 + PPL corr. [au]:            -79.686169962058
 
 CPU time [min]:     6.571                   Wall time [min]:     0.240
 
 Calculation of (T) correction...
 
 
      783.34 MB memory is utilized for (T)

 0%       25%       50%       75%       100%
 |---------|---------|---------|---------| 
 
 (T) correction [au]:                                    -0.014762795859
 (T*) correction [au]:                                   -0.014970151425
 (T+) correction [au]:                                   -0.014966621700
 CCSD(T) correlation energy [au]:                        -0.432581123853
 CCSD(T) correlation energy + MP2 correction [au]:       -0.438047255283
 CCSD(T+) correlation en. + MP2 + PPL corr. [au]:        -0.436711290721
 Total CCSD(T) energy [au]:                             -79.697006416890
 Total CCSD(T) energy + MP2 correction [au]:            -79.702472548320
 Total CCSD(T+) energy + MP2 + PPL corr. [au]:          -79.701136583758
 
 CPU time [min]:     8.291                   Wall time [min]:     0.295
 
 ************************ 2023-02-05 13:37:13 *************************
                      Normal termination of mrcc.
 **********************************************************************
