 **********************************************************************
                          MRCC program system
 **********************************************************************
 
                              Written by
     Mihaly Kallay, Peter R. Nagy, David Mester, Laszlo Gyevi-Nagy,
        Jozsef Csoka, P. Bernat Szabo, Zoltan Rolik, Gyula Samu,
     Jozsef Csontos, Bence Hegely, Adam Ganyecz, Istvan Ladjanszki,
       Lorant Szegedy, Bence Ladoczki, Klara Petrov, Mate Farkas,
                    Pal D. Mezei, and Reka A. Horvath
 
        Department of Physical Chemistry and Materials Science
            Budapest University of Technology and Economics
                  Budapest P.O.Box 91, H-1521 Hungary
 
                              www.mrcc.hu
 
                      Release date: March 18, 2022

 ************************ 2023-02-16 05:41:27 *************************
 Executing minp...

 Reading input from MINP...
 
 Input file:
 
calc=LNO-CCSD(T)
scftype=rhf
verbosity=3
mem=220GB
symm=off
unit=angs
scfiguess=small
scfmaxit=1000
scfalg=locfit1


lcorthr=tight
bpedo=0.99999
ccmaxit=400
usedisk=0
ccsdalg=dfdirect
ccsdthreads=4
ccsdmkl=thr
ptthreads=4

charge=-42
core=47

basis=special
aug-cc-pVDZ
aug-cc-pVDZ
aug-cc-pVDZ
aug-cc-pVDZ
aug-cc-pVDZ
aug-cc-pVDZ
aug-cc-pVDZ
aug-cc-pVDZ
aug-cc-pVDZ
aug-cc-pVDZ
aug-cc-pVDZ
aug-cc-pVDZ
aug-cc-pVDZ
aug-cc-pVDZ
aug-cc-pVDZ
aug-cc-pVDZ
aug-cc-pVDZ
aug-cc-pVDZ
aug-cc-pVDZ
aug-cc-pVDZ
aug-cc-pVDZ
aug-cc-pVDZ
aug-cc-pVDZ
aug-cc-pVDZ
bse_CVDZ
aug-cc-pVDZ
aug-cc-pVDZ
aug-cc-pVDZ
aug-cc-pVDZ
aug-cc-pVDZ
bse_CVDZ
bse_CVDZ
bse_CVDZ
bse_CVDZ
bse_CVDZ
aug-cc-pVDZ
aug-cc-pVDZ
aug-cc-pVDZ
aug-cc-pVDZ
bse_CVDZ
bse_CVDZ
bse_CVDZ
aug-cc-pVDZ
aug-cc-pVDZ
aug-cc-pVDZ
aug-cc-pVDZ
aug-cc-pVDZ
aug-cc-pVDZ
aug-cc-pVDZ
aug-cc-pVDZ
aug-cc-pVDZ
aug-cc-pVDZ
aug-cc-pVDZ
aug-cc-pVDZ
bse_CVDZ
bse_CVDZ
aug-cc-pVDZ
aug-cc-pVDZ
aug-cc-pVDZ
aug-cc-pVDZ
aug-cc-pVDZ
bse_CVDZ
bse_CVDZ
aug-cc-pVDZ
aug-cc-pVDZ
aug-cc-pVDZ
aug-cc-pVDZ
aug-cc-pVDZ
aug-cc-pVDZ
aug-cc-pVDZ
aug-cc-pVDZ
nothing
nothing
nothing
nothing
nothing
nothing
nothing
nothing
nothing
nothing
nothing
nothing
nothing
nothing
nothing
nothing
nothing
nothing
nothing
nothing
nothing
nothing
nothing
nothing
nothing
nothing
nothing
nothing
nothing
nothing
nothing
nothing
nothing
nothing
nothing
nothing
nothing
nothing
nothing
nothing
nothing
nothing
nothing
nothing
nothing
nothing
nothing
nothing
nothing
nothing
nothing
nothing
nothing
nothing
nothing
nothing
nothing
nothing
nothing
nothing
nothing
nothing
nothing
nothing
nothing
nothing
nothing
nothing
nothing
nothing
nothing
nothing
nothing
nothing
nothing
nothing
nothing
nothing
nothing
nothing
nothing
nothing
nothing
nothing
nothing

basis_sm=special
def2-SVP
def2-SVP
def2-SVP
def2-SVP
def2-SVP
def2-SVP
def2-SVP
def2-SVP
def2-SVP
def2-SVP
def2-SVP
def2-SVP
def2-SVP
def2-SVP
def2-SVP
def2-SVP
def2-SVP
def2-SVP
def2-SVP
def2-SVP
def2-SVP
def2-SVP
def2-SVP
def2-SVP
def2-SVP
def2-SVP
def2-SVP
def2-SVP
def2-SVP
def2-SVP
def2-SVP
def2-SVP
def2-SVP
def2-SVP
def2-SVP
def2-SVP
def2-SVP
def2-SVP
def2-SVP
def2-SVP
def2-SVP
def2-SVP
def2-SVP
def2-SVP
def2-SVP
def2-SVP
def2-SVP
def2-SVP
def2-SVP
def2-SVP
def2-SVP
def2-SVP
def2-SVP
def2-SVP
def2-SVP
def2-SVP
def2-SVP
def2-SVP
def2-SVP
def2-SVP
def2-SVP
def2-SVP
def2-SVP
def2-SVP
def2-SVP
def2-SVP
def2-SVP
def2-SVP
def2-SVP
def2-SVP
def2-SVP
nothing
nothing
nothing
nothing
nothing
nothing
nothing
nothing
nothing
nothing
nothing
nothing
nothing
nothing
nothing
nothing
nothing
nothing
nothing
nothing
nothing
nothing
nothing
nothing
nothing
nothing
nothing
nothing
nothing
nothing
nothing
nothing
nothing
nothing
nothing
nothing
nothing
nothing
nothing
nothing
nothing
nothing
nothing
nothing
nothing
nothing
nothing
nothing
nothing
nothing
nothing
nothing
nothing
nothing
nothing
nothing
nothing
nothing
nothing
nothing
nothing
nothing
nothing
nothing
nothing
nothing
nothing
nothing
nothing
nothing
nothing
nothing
nothing
nothing
nothing
nothing
nothing
nothing
nothing
nothing
nothing
nothing
nothing
nothing
nothing

dfbasis_scf=special
def2-QZVPP-RI-JK
def2-QZVPP-RI-JK
def2-QZVPP-RI-JK
def2-QZVPP-RI-JK
def2-QZVPP-RI-JK
def2-QZVPP-RI-JK
def2-QZVPP-RI-JK
def2-QZVPP-RI-JK
def2-QZVPP-RI-JK
def2-QZVPP-RI-JK
def2-QZVPP-RI-JK
def2-QZVPP-RI-JK
def2-QZVPP-RI-JK
def2-QZVPP-RI-JK
def2-QZVPP-RI-JK
def2-QZVPP-RI-JK
def2-QZVPP-RI-JK
def2-QZVPP-RI-JK
def2-QZVPP-RI-JK
def2-QZVPP-RI-JK
def2-QZVPP-RI-JK
def2-QZVPP-RI-JK
def2-QZVPP-RI-JK
def2-QZVPP-RI-JK
def2-QZVPP-RI-JK
def2-QZVPP-RI-JK
def2-QZVPP-RI-JK
def2-QZVPP-RI-JK
def2-QZVPP-RI-JK
def2-QZVPP-RI-JK
def2-QZVPP-RI-JK
def2-QZVPP-RI-JK
def2-QZVPP-RI-JK
def2-QZVPP-RI-JK
def2-QZVPP-RI-JK
def2-QZVPP-RI-JK
def2-QZVPP-RI-JK
def2-QZVPP-RI-JK
def2-QZVPP-RI-JK
def2-QZVPP-RI-JK
def2-QZVPP-RI-JK
def2-QZVPP-RI-JK
def2-QZVPP-RI-JK
def2-QZVPP-RI-JK
def2-QZVPP-RI-JK
def2-QZVPP-RI-JK
def2-QZVPP-RI-JK
def2-QZVPP-RI-JK
def2-QZVPP-RI-JK
def2-QZVPP-RI-JK
def2-QZVPP-RI-JK
def2-QZVPP-RI-JK
def2-QZVPP-RI-JK
def2-QZVPP-RI-JK
def2-QZVPP-RI-JK
def2-QZVPP-RI-JK
def2-QZVPP-RI-JK
def2-QZVPP-RI-JK
def2-QZVPP-RI-JK
def2-QZVPP-RI-JK
def2-QZVPP-RI-JK
def2-QZVPP-RI-JK
def2-QZVPP-RI-JK
def2-QZVPP-RI-JK
def2-QZVPP-RI-JK
def2-QZVPP-RI-JK
def2-QZVPP-RI-JK
def2-QZVPP-RI-JK
def2-QZVPP-RI-JK
def2-QZVPP-RI-JK
def2-QZVPP-RI-JK
nothing
nothing
nothing
nothing
nothing
nothing
nothing
nothing
nothing
nothing
nothing
nothing
nothing
nothing
nothing
nothing
nothing
nothing
nothing
nothing
nothing
nothing
nothing
nothing
nothing
nothing
nothing
nothing
nothing
nothing
nothing
nothing
nothing
nothing
nothing
nothing
nothing
nothing
nothing
nothing
nothing
nothing
nothing
nothing
nothing
nothing
nothing
nothing
nothing
nothing
nothing
nothing
nothing
nothing
nothing
nothing
nothing
nothing
nothing
nothing
nothing
nothing
nothing
nothing
nothing
nothing
nothing
nothing
nothing
nothing
nothing
nothing
nothing
nothing
nothing
nothing
nothing
nothing
nothing
nothing
nothing
nothing
nothing
nothing
nothing

dfbasis_cor=special
aug-cc-pVDZ-RI
aug-cc-pVDZ-RI
aug-cc-pVDZ-RI
aug-cc-pVDZ-RI
aug-cc-pVDZ-RI
aug-cc-pVDZ-RI
aug-cc-pVDZ-RI
aug-cc-pVDZ-RI
aug-cc-pVDZ-RI
aug-cc-pVDZ-RI
aug-cc-pVDZ-RI
aug-cc-pVDZ-RI
aug-cc-pVDZ-RI
aug-cc-pVDZ-RI
aug-cc-pVDZ-RI
aug-cc-pVDZ-RI
aug-cc-pVDZ-RI
aug-cc-pVDZ-RI
aug-cc-pVDZ-RI
aug-cc-pVDZ-RI
aug-cc-pVDZ-RI
aug-cc-pVDZ-RI
aug-cc-pVDZ-RI
aug-cc-pVDZ-RI
bse_CVDZ_mp2fit
aug-cc-pVDZ-RI
aug-cc-pVDZ-RI
aug-cc-pVDZ-RI
aug-cc-pVDZ-RI
aug-cc-pVDZ-RI
bse_CVDZ_mp2fit
bse_CVDZ_mp2fit
bse_CVDZ_mp2fit
bse_CVDZ_mp2fit
bse_CVDZ_mp2fit
aug-cc-pVDZ-RI
aug-cc-pVDZ-RI
aug-cc-pVDZ-RI
aug-cc-pVDZ-RI
bse_CVDZ_mp2fit
bse_CVDZ_mp2fit
bse_CVDZ_mp2fit
aug-cc-pVDZ-RI
aug-cc-pVDZ-RI
aug-cc-pVDZ-RI
aug-cc-pVDZ-RI
aug-cc-pVDZ-RI
aug-cc-pVDZ-RI
aug-cc-pVDZ-RI
aug-cc-pVDZ-RI
aug-cc-pVDZ-RI
aug-cc-pVDZ-RI
aug-cc-pVDZ-RI
aug-cc-pVDZ-RI
bse_CVDZ_mp2fit
bse_CVDZ_mp2fit
aug-cc-pVDZ-RI
aug-cc-pVDZ-RI
aug-cc-pVDZ-RI
aug-cc-pVDZ-RI
aug-cc-pVDZ-RI
bse_CVDZ_mp2fit
bse_CVDZ_mp2fit
aug-cc-pVDZ-RI
aug-cc-pVDZ-RI
aug-cc-pVDZ-RI
aug-cc-pVDZ-RI
aug-cc-pVDZ-RI
aug-cc-pVDZ-RI
aug-cc-pVDZ-RI
aug-cc-pVDZ-RI
nothing
nothing
nothing
nothing
nothing
nothing
nothing
nothing
nothing
nothing
nothing
nothing
nothing
nothing
nothing
nothing
nothing
nothing
nothing
nothing
nothing
nothing
nothing
nothing
nothing
nothing
nothing
nothing
nothing
nothing
nothing
nothing
nothing
nothing
nothing
nothing
nothing
nothing
nothing
nothing
nothing
nothing
nothing
nothing
nothing
nothing
nothing
nothing
nothing
nothing
nothing
nothing
nothing
nothing
nothing
nothing
nothing
nothing
nothing
nothing
nothing
nothing
nothing
nothing
nothing
nothing
nothing
nothing
nothing
nothing
nothing
nothing
nothing
nothing
nothing
nothing
nothing
nothing
nothing
nothing
nothing
nothing
nothing
nothing
nothing

ecp=special
none
none
none
none
none
none
none
none
none
none
none
none
none
none
none
none
none
none
none
none
none
none
none
none
none
none
none
none
none
none
none
none
none
none
none
none
none
none
none
none
none
none
none
none
none
none
none
none
none
none
none
none
none
none
none
none
none
none
none
none
none
none
none
none
none
none
none
none
none
none
none
ECP-12
ECP-12
ECP-12
ECP-12
ECP-12
ECP-12
ECP-12
ECP-12
ECP-12
ECP-12
ECP-12
ECP-12
ECP-12
ECP-12
ECP-12
ECP-12
ECP-12
ECP-12
ECP-12
ECP-12
ECP-12
ECP-12
ECP-12
ECP-12
ECP-12
ECP-12
ECP-12
ECP-12
ECP-12
ECP-12
ECP-12
ECP-12
ECP-12
ECP-12
ECP-12
ECP-12
ECP-12
ECP-12
ECP-12
ECP-12
ECP-12
ECP-12
ECP-12
ECP-12
ECP-12
ECP-12
ECP-12
ECP-12
ECP-12
ECP-12
ECP-12
ECP-12
ECP-12
ECP-12
ECP-12
ECP-12
ECP-12
ECP-12
ECP-12
ECP-12
ECP-12
ECP-12
ECP-12
ECP-12
ECP-12
ECP-12
ECP-12
ECP-12
ECP-12
ECP-12
ECP-12
ECP-12
ECP-12
ECP-12
ECP-12
ECP-12
ECP-12
ECP-12
ECP-12
ECP-12
ECP-12
ECP-12
ECP-12
ECP-12
ECP-12

unit=angs
geom=xyz
156
C4 O4 H16 Mg13 O34 ECP85
C     0.47673961044    0.94255708263    3.05614279208
C    -3.05026778604   -1.67561781944    3.07599977897
C    -0.43462669756   -5.16798964753    3.07877577627
C     3.06022047617   -2.59502002606    3.05084372800
O     0.13943585508   -0.21039371401    2.25475896151
O    -1.90471810476   -1.98627604266    2.25404486935
O    -0.13145473002   -4.02545576189    2.25040091438
O     1.90827300668   -2.25672231970    2.24913727671
H     0.33867089978    0.72830564293    4.12799554143
H     0.88404470710   -0.87146617586    2.31270309257
H     1.52050514291    1.23868133071    2.87182547865
H    -0.17853571994    1.76265108184    2.74371933051
H    -2.81965062365   -1.83035543634    4.14213071467
H    -1.24803041528   -1.23836915347    2.31708559668
H    -3.36190070732   -0.63272976620    2.91457919282
H    -3.86679738764   -2.33535273596    2.76360135104
H    -0.27307953359   -4.93314457301    4.14297091729
H    -0.88024612789   -3.36889572155    2.31295214545
H    -1.47800582736   -5.48247657592    2.92509305353
H     0.22532948067   -5.98398511429    2.76523198310
H     2.84756089596   -2.44997330170    4.12224473895
H     1.24470025182   -2.99983995011    2.30700787540
H     3.35218287752   -3.64082219211    2.87178808241
H     3.88232176277   -1.94409713790    2.73395369827
Mg    0.00000000000    0.00000000000    0.00000000000
O     0.00020414039   -2.11670100552   -0.03633687784
O     0.00008165256    2.12536468841   -0.01624450800
O    -2.13066223169    0.02090987991   -0.02781827616
O     2.13750143997    0.01506419223   -0.02829749514
O     0.00091550980    0.00105097461   -2.15645427697
Mg   -2.11343245806    2.10632321050   -0.08508158862
Mg    2.11370780092    2.10633183359   -0.08736518721
Mg    2.11650496800   -2.11573793376   -0.00166243752
Mg   -2.11595800944   -2.11657210777   -0.00104152720
Mg    0.00028306183   -2.11582389534   -2.13107648121
O    -2.11702190207   -2.11506233157   -2.15675215098
O     2.11770107955   -2.11628756531   -2.15700758600
O     2.11297371652    2.11102034742   -2.17158077960
O    -2.11276244295    2.11169630923   -2.17190498216
Mg   -4.22118784573   -0.00220422425   -0.08640414113
Mg    4.22221441701   -0.00162542065   -0.08538324352
Mg    0.00083779638   -4.23327240350   -0.00195989034
O     2.11339315674    4.21814109275   -0.01686827496
O    -2.11313706919    4.21841329790   -0.01590935020
O    -4.22748645569    2.11177944869   -0.01702470068
O     4.22743563597    2.11266402165   -0.01711995764
O    -4.23990637216   -2.11575244484   -0.01537091385
O     4.24092582583   -2.11515550341   -0.01630775588
O    -0.00015784753   -4.23296688611   -2.15708057199
O    -4.22607890038   -0.00253110581   -2.17164942731
O     4.22745138371   -0.00201612939   -2.17242135367
O    -2.13652991603   -4.24742695373   -0.02920991164
O     2.13218777058   -4.25352913012   -0.02965243313
O     0.00028517371   -2.11531669259   -4.27748107507
Mg   -4.22162659994   -4.22947602373   -0.08566876489
Mg    4.22265716612   -4.22909688445   -0.08757435739
O    -6.33293553621   -0.00188430165   -0.01613108609
O     6.33393445624   -0.00148021136   -0.01586759552
O     0.00084351996   -6.35648505827   -0.01626186023
O     4.22728592877   -4.22834411048   -2.17195749314
O    -4.22703777093   -4.22868358191   -2.17226621610
Mg   -2.11316039434   -6.33774773223   -0.08696628628
Mg    2.11457149214   -6.33799633999   -0.08603216209
O    -2.11247592910   -6.34253263761   -2.17190420687
O     2.11362599180   -6.34326373591   -2.17266751522
O    -6.33352125820   -4.22886652896   -0.01624786640
O     6.33419291687   -4.22854617942   -0.01658498292
O    -4.22738313169   -6.34383416385   -0.01760022694
O     4.22896560441   -6.34326117414   -0.01756943805
O    -2.11341318348   -8.44910678065   -0.01642560989
O     2.11419925878   -8.44945423406   -0.01634491580
Mg   -2.10075132032   -0.01352069236   -2.15015837356
Mg    2.10241272832   -0.01451056103   -2.15056971759
Mg   -0.00019051682    2.09729035498   -2.15905109104
Mg    0.00038376031    4.21669833972   -0.07690907487
Mg    0.00028517371   -0.00506992863   -4.27748107507
Mg   -2.10186832766   -4.21705858124   -2.15070246526
Mg    2.10183375731   -4.21803744887   -2.15094777458
Mg   -4.21277451754   -2.11589864003   -2.15912305341
Mg    4.21361399573   -2.11488724398   -2.15938008668
Mg   -2.10969453362    4.21572726618   -2.16550072011
Mg    2.11003080937    4.21587378366   -2.16560137513
Mg   -4.21985109269    2.10489878919   -2.16638986436
Mg    4.22059236909    2.10492264408   -2.16659815714
Mg   -2.10996159024    2.10517683532   -4.27748107507
Mg    2.11053193766    2.10517683532   -4.27748107507
Mg   -2.10996159024   -2.11531669259   -4.27748107507
Mg    2.11053193766   -2.11531669259   -4.27748107507
Mg   -4.22249089396    4.21641864746   -0.07116585804
Mg    4.22270375379    4.21651669981   -0.07167888024
Mg    0.00028517371    4.21542359927   -4.27748107507
Mg   -4.22020835420   -0.00506992863   -4.27748107507
Mg    4.22077870162   -0.00506992863   -4.27748107507
Mg    0.00028517371   -4.22556345654   -4.27748107507
Mg    2.11210522799    6.32544301934   -0.07130075143
Mg   -2.11164179107    6.32570156452   -0.07090346100
Mg   -6.33138503624    2.10706435275   -0.07137029889
Mg    6.33210191027    2.10764198732   -0.07117040587
Mg   -6.33152013624   -2.11526147213   -0.07623620692
Mg    6.33254240433   -2.11524632262   -0.07651379175
Mg    0.00022755324    6.32580905547   -2.16490331956
Mg    0.00077317894   -6.32881839330   -2.15939812737
Mg   -6.33084725937   -0.00543422673   -2.16552675914
Mg    6.33157120285   -0.00519361173   -2.16556767659
Mg   -2.10996159024   -0.00506992863   -6.38772783902
Mg    2.11053193766   -0.00506992863   -6.38772783902
Mg    0.00028517371   -2.11531669259   -6.38772783902
Mg   -4.22020835420    4.21542359927   -4.27748107507
Mg    4.22077870162    4.21542359927   -4.27748107507
Mg   -4.22020835420   -4.22556345654   -4.27748107507
Mg    4.22077870162   -4.22556345654   -4.27748107507
Mg   -4.22090044419    6.32557444695   -2.16356591300
Mg    4.22148305974    6.32545918459   -2.16359302622
Mg   -6.33065705140    4.21550396910   -2.16362647353
Mg    6.33128008345    4.21558463216   -2.16360130588
Mg   -6.33083540058   -4.22531341693   -2.16568966826
Mg    6.33173592667   -4.22526765306   -2.16574049322
Mg   -4.22028559893   -6.33587892292   -2.16663677803
Mg    4.22088179898   -6.33614430632   -2.16677069700
Mg   -6.33045511815    2.10517683532   -4.27748107507
Mg    6.33102546557    2.10517683532   -4.27748107507
Mg   -6.33045511815   -2.11531669259   -4.27748107507
Mg    6.33102546557   -2.11531669259   -4.27748107507
Mg   -2.10996159024   -6.33581022050   -4.27748107507
Mg    2.11053193766   -6.33581022050   -4.27748107507
Mg   -2.10996159024   -4.22556345654   -6.38772783902
Mg    2.11053193766   -4.22556345654   -6.38772783902
Mg   -8.44046324957   -0.00327880942   -0.07067910367
Mg    8.44151086207   -0.00327880942   -0.07067910367
Mg    0.00037828250   -8.44759680807   -0.07635809615
Mg   -6.33163992792   -6.33814089698   -0.07141402600
Mg    6.33241332582   -6.33807380272   -0.07155574823
Mg   -8.44064431082    2.10564881153   -2.16362260196
Mg    8.44132980082    2.10564881153   -2.16362260196
Mg   -8.44055318391   -2.11500377076   -2.16463429129
Mg    8.44142092773   -2.11500377076   -2.16463429129
Mg   -2.10963207081   -8.44671354608   -2.16576101473
Mg    2.11038632468   -8.44673075495   -2.16575929851
Mg   -8.44066402429   -4.22707274681   -0.07122521031
Mg    8.44131008734   -4.22707274681   -0.07122521031
Mg   -4.22239741107   -8.44747371875   -0.07168038885
Mg    4.22338375897   -8.44770124016   -0.07153146963
Mg    0.00028517371   -8.44605698445   -4.27748107507
Mg   -6.33045511815   -6.33581022050   -4.27748107507
Mg    6.33102546557   -6.33581022050   -4.27748107507
Mg   -4.22020835420   -8.44605698445   -4.27748107507
Mg    4.22077870162   -8.44605698445   -4.27748107507
Mg   -2.11164179107  -10.55627254711   -0.07090346100
Mg    2.11210522799  -10.55653109229   -0.07130075143
Mg   -8.44063541201   -6.33642520893   -2.16376932068
Mg    8.44133869963   -6.33642520893   -2.16376932068
Mg   -6.33093706569   -8.44642088647   -2.16374835810
Mg    6.33157904408   -8.44657221405   -2.16373585374
Mg    0.00022755324  -10.55616505616   -2.16490331956
Mg   -4.22090044419  -10.55639966468   -2.16356591300
Mg    4.22148305974  -10.55651492705   -2.16359302622


ghost=serialno
1-24

qmmm=Amber
pointcharges
10144
     -2.10075132032   -0.01352069236   -2.15015837356    2.00000000000
      2.10241272832   -0.01451056103   -2.15056971759    2.00000000000
     -0.00019051682    2.09729035498   -2.15905109104    2.00000000000
      0.00038376031    4.21669833972   -0.07690907487    2.00000000000
--------------------Output has been truncated-------------------------


--------------------Output has been truncated-------------------------


--------------------Output has been truncated-------------------------


--------------------Output has been truncated-------------------------


--------------------Output has been truncated-------------------------


--------------------Output has been truncated-------------------------


--------------------Output has been truncated-------------------------


--------------------Output has been truncated-------------------------


--------------------Output has been truncated-------------------------


--------------------Output has been truncated-------------------------


 
 Final local CC results:
 
 Minimum number of correlated electrons:        38       ( 10.1%)
 Maximum number of correlated electrons:       126       ( 33.5%)
 Average number of correlated electrons:        63.7     ( 16.9%)
 Minimum number of correlated orbitals:         61       (  4.3%)
 Maximum number of correlated orbitals:        229       ( 16.2%)
 Average number of correlated orbitals:        119.9     (  8.5%)
 
 CPU time for integral calculations [min]:                 16.380
 Wall time for integral calculations [min]:                 3.717
 
 CPU time for SCF calculation [min]:                      879.081
 Wall time for SCF calculation [min]:                      24.798
 
 CPU time for orbital localization [min]:                   1.424
 Wall time for orbital localization [min]:                  1.102
 
 CPU time for integral transformations [min]:           12864.490
 Wall time for integral transformations [min]:            402.076
 
 Reference energy [au]:                                -13988.080737165528
 
 LMP2 correlation energy [au]:                             -9.344902760940
 Total LMP2 energy [au]:                               -13997.425639926469
 
 Total MP2 correction for dropped NAFs [au]:                0.003175165114
 Total MP2 correction [au]:                                -0.035425659033
 
 CPU time for CCSD calculations [min]:                   2763.043
 Total CPU time for CCSD [min]:                         16524.419
 Wall time for CCSD calculations [min]:                   110.565
 Total wall time for CCSD [min]:                          542.258
 
 CCSD correlation energy [au]:                             -9.379517405924
 Total CCSD energy [au]:                               -13997.460254571453
 CCSD correlation energy + 0.5 MP2 corrections [au]:       -9.397230235441
 Total LNO-CCSD energy with MP2 corrections [au]:      -13997.477967400970
 
 CPU time for (T) corrections [min]:                     3313.049
 Total CPU time for CCSD(T) [min]:                      19837.468
 Wall time for (T) corrections [min]:                      97.243
 Total wall time for CCSD(T) [min]:                       639.501
 
 Total (T) correlation energy contribution [au]:           -0.246480549747
 Total (T) correlation energy+0.5 MP2 correction [au]:     -0.264193379264
 CCSD(T) correlation energy [au]:                          -9.625997955671
 Total CCSD(T) energy [au]:                            -13997.706735121199
 CCSD(T) correlation energy + MP2 corrections [au]:        -9.661423614705
 Total LNO-CCSD(T) energy with MP2 corrections [au]:   -13997.742160780233
 
 ======================================================================
 ======================================================================
 
 ************************ 2023-02-16 16:31:01 *************************
                      Normal termination of mrcc.
 **********************************************************************
