 **********************************************************************
                          MRCC program system
 **********************************************************************
 
                              Written by
     Mihaly Kallay, Peter R. Nagy, David Mester, Laszlo Gyevi-Nagy,
        Jozsef Csoka, P. Bernat Szabo, Zoltan Rolik, Gyula Samu,
     Jozsef Csontos, Bence Hegely, Adam Ganyecz, Istvan Ladjanszki,
       Lorant Szegedy, Bence Ladoczki, Klara Petrov, Mate Farkas,
                    Pal D. Mezei, and Reka A. Horvath
 
        Department of Physical Chemistry and Materials Science
            Budapest University of Technology and Economics
                  Budapest P.O.Box 91, H-1521 Hungary
 
                              www.mrcc.hu
 
                      Release date: March 18, 2022

 ************************ 2023-02-05 13:15:05 *************************
 Executing minp...

 Reading input from MINP...
 
 Input file:
 
calc=FNO-CCSD(T)
verbosity=3
mem=220GB
unit=angs
scfiguess=small
scfalg=locfit1
ccmaxit=400
ccsdalg=dfdirect
ccsdthreads=4
ccsdmkl=thr
ptthreads=4
lnoepsv=1e-5
naf_cor=1e-2
basis=aug-cc-pVTZ
basis_sm=def2-SVP
dfbasis_scf=def2-QZVPP-RI-JK
dfbasis_cor=aug-cc-pVTZ-RI
unit=angs
geom=xyz
16

C    34.41670262    34.07107264    10.41543014
C    33.11117461    33.45680459    10.91530835
H    34.24160149    35.00442132     9.86225048
H    34.94674030    33.36940783     9.75379242
H    35.10002891    34.30603621    11.24227357
H    32.42643037    33.26105434    10.07939442
H    32.59136835    34.12756100    11.61262818
H    33.28915165    32.50678735    11.43686767
C    37.30146851    23.52004258    10.40841099
C    38.60118650    22.90620846    10.92356869
H    36.77622810    22.81583689     9.74571409
H    37.48350439    24.45098191     9.85291346
H    36.61044119    23.76067685    11.22702485
H    39.29502691    22.70956722    10.09551480
H    38.41694628    21.95668890    11.44396498
H    39.11330594    23.57775033    11.62587494

--------------------Output has been truncated-------------------------


--------------------Output has been truncated-------------------------


--------------------Output has been truncated-------------------------


--------------------Output has been truncated-------------------------


--------------------Output has been truncated-------------------------


--------------------Output has been truncated-------------------------


--------------------Output has been truncated-------------------------


--------------------Output has been truncated-------------------------


--------------------Output has been truncated-------------------------


--------------------Output has been truncated-------------------------


 
 Reference energy [au]:                       -79.259538815624
 DF-MP2 singlet pair energy [au]:              -0.300255995628
 DF-MP2 triplet pair energy [au]:              -0.075032034759
 DF-SCS-MP2 correlation energy [au]:           -0.385317873007
 DF-SCS-MP2 energy [au]:                      -79.644856688631
 DF-SOS-MP2 correlation energy [au]:           -0.390332794317
 DF-SOS-MP2 energy [au]:                      -79.649871609941
 DF-MP2 correlation energy [au]:               -0.375288030387
 DF-MP2 energy [au]:                          -79.634826846011

 Results in FNO basis:
 
 
 Reference energy [au]:                       -79.259538815624
 DF-MP2 singlet pair energy [au]:              -0.299085626693
 DF-MP2 triplet pair energy [au]:              -0.074925750320
 DF-SCS-MP2 correlation energy [au]:           -0.383878002138
 DF-SCS-MP2 energy [au]:                      -79.643416817762
 DF-SOS-MP2 correlation energy [au]:           -0.388811314701
 DF-SOS-MP2 energy [au]:                      -79.648350130324
 DF-MP2 correlation energy [au]:               -0.374011377013
 DF-MP2 energy [au]:                          -79.633550192637

 Results in NAF basis:
 
 
 Reference energy [au]:                       -79.259538815624
 DF-MP2 singlet pair energy [au]:              -0.299024858090
 DF-MP2 triplet pair energy [au]:              -0.074964807171
 DF-SCS-MP2 correlation energy [au]:           -0.383818098765
 DF-SCS-MP2 energy [au]:                      -79.643356914389
 DF-SOS-MP2 correlation energy [au]:           -0.388732315517
 DF-SOS-MP2 energy [au]:                      -79.648271131141
 DF-MP2 correlation energy [au]:               -0.373989665261
 DF-MP2 energy [au]:                          -79.633528480885

 ************************ 2023-02-05 13:15:50 *************************
 Executing ccsd...

 Allocation of 220.0 Gbytes of memory...

 Direct DF-CCSD(T) calculation
 
 Convergence criterion:  1.0E-06
 
 Number of occupied/virtual/auxiliary orbitals:     7   139   378
    421.21 MB is the minimal memory requirement for (T)
     94.89 MB is the minimal memory requirement for CCSD
 
 Reference energy [au]:             -79.259538815624
 T1 contribution [au]:                0.000000000000
 Same spin MP2 energy [au]:          -0.074945219536
 Opposite spin MP2 energy [au]:      -0.299055071552
 MP2 correlation energy [au]:        -0.374000291088
 Total MP2 energy [au]:             -79.633539106712
 MP2 correction [au]:                -0.001287739299
 
 
 CPU time [min]:     0.316                   Wall time [min]:     0.017
 
 Starting CCSD iterations...
 
                     Residual norm          Energy
 Iteration  1        0.170712255582      -79.654467511924
 Iteration  2        0.042454068281      -79.664032640731
 Iteration  3        0.011296908409      -79.664988758498
 Iteration  4        0.002548612989      -79.664997074005
 Iteration  5        0.000536676453      -79.665002282945
 Iteration  6        0.000152295040      -79.665005360064
 Iteration  7        0.000036259275      -79.665005144629
 Iteration  8        0.000009249964      -79.665005436267
 
 CCSD iteration has converged in  8 steps.
     1534.57 MB memory was utilized by CCSD
 
 T1 diagnostic:      7.817E-03            D1 diagnostic:      1.354E-02
 
 T1 contribution [au]:                                  0.000000000000
 PPL energy contribution [au]:                          0.102912564710
 Scaled PPL energy contribution [au]:                   0.103271340465

 OS-PPL energy contribution [au]:                       0.089962291988
 Scaled OS-PPL energy contribution [au]:                0.090333444964
 SS-PPL energy contribution [au]:                       0.012950272722
 Scaled SS-PPL energy contribution [au]:                0.012962100872

 Opposite spin CCSD energy [au]:                       -0.334285858021
 Same spin CCSD energy [au]:                           -0.071199448625
 CCSD correlation energy [au]:                         -0.405485306646
 CCSD correlation energy + MP2 correction [au]:        -0.406773045945
 CCSD correlation energy + MP2 + PPL corr. [au]:       -0.406414270189
 Total CCSD energy [au]:                              -79.665024122269
 Total CCSD energy + MP2 correction [au]:             -79.666311861568
 Total CCSD energy + MP2 + PPL corr. [au]:            -79.665953085813
 
 CPU time [min]:     2.687                   Wall time [min]:     0.086
 
 Calculation of (T) correction...
 
 
      388.93 MB memory is utilized for (T)

 0%       25%       50%       75%       100%
 |---------|---------|---------|---------| 
 
 (T) correction [au]:                                    -0.013959062909
 (T*) correction [au]:                                   -0.014007126064
 (T+) correction [au]:                                   -0.014006544428
 CCSD(T) correlation energy [au]:                        -0.419444369555
 CCSD(T) correlation energy + MP2 correction [au]:       -0.420732108854
 CCSD(T+) correlation en. + MP2 + PPL corr. [au]:        -0.420420814617
 Total CCSD(T) energy [au]:                             -79.678983185178
 Total CCSD(T) energy + MP2 correction [au]:            -79.680270924477
 Total CCSD(T+) energy + MP2 + PPL corr. [au]:          -79.679959630240
 
 CPU time [min]:     3.400                   Wall time [min]:     0.108
 
 ************************ 2023-02-05 13:15:57 *************************
                      Normal termination of mrcc.
 **********************************************************************
