 **********************************************************************
                          MRCC program system
 **********************************************************************
 
                              Written by
     Mihaly Kallay, Peter R. Nagy, David Mester, Laszlo Gyevi-Nagy,
        Jozsef Csoka, P. Bernat Szabo, Zoltan Rolik, Gyula Samu,
     Jozsef Csontos, Bence Hegely, Adam Ganyecz, Istvan Ladjanszki,
       Lorant Szegedy, Bence Ladoczki, Klara Petrov, Mate Farkas,
                    Pal D. Mezei, and Reka A. Horvath
 
        Department of Physical Chemistry and Materials Science
            Budapest University of Technology and Economics
                  Budapest P.O.Box 91, H-1521 Hungary
 
                              www.mrcc.hu
 
                      Release date: March 18, 2022

 ************************ 2023-02-05 13:15:05 *************************
 Executing minp...

 Reading input from MINP...
 
 Input file:
 
calc=FNO-CCSD(T)
verbosity=3
mem=220GB
unit=angs
scfiguess=small
scfalg=locfit1
ccmaxit=400
ccsdalg=dfdirect
ccsdthreads=4
ccsdmkl=thr
ptthreads=4
lnoepsv=1e-5
naf_cor=1e-2
basis=aug-cc-pVQZ
basis_sm=def2-SVP
dfbasis_scf=def2-QZVPP-RI-JK
dfbasis_cor=aug-cc-pVQZ-RI
unit=angs
geom=xyz
16

C    34.41670262    34.07107264    10.41543014
C    33.11117461    33.45680459    10.91530835
H    34.24160149    35.00442132     9.86225048
H    34.94674030    33.36940783     9.75379242
H    35.10002891    34.30603621    11.24227357
H    32.42643037    33.26105434    10.07939442
H    32.59136835    34.12756100    11.61262818
H    33.28915165    32.50678735    11.43686767
C    37.30146851    23.52004258    10.40841099
C    38.60118650    22.90620846    10.92356869
H    36.77622810    22.81583689     9.74571409
H    37.48350439    24.45098191     9.85291346
H    36.61044119    23.76067685    11.22702485
H    39.29502691    22.70956722    10.09551480
H    38.41694628    21.95668890    11.44396498
H    39.11330594    23.57775033    11.62587494

--------------------Output has been truncated-------------------------


--------------------Output has been truncated-------------------------


--------------------Output has been truncated-------------------------


--------------------Output has been truncated-------------------------


--------------------Output has been truncated-------------------------


--------------------Output has been truncated-------------------------


--------------------Output has been truncated-------------------------


--------------------Output has been truncated-------------------------


--------------------Output has been truncated-------------------------


--------------------Output has been truncated-------------------------


 
 Reference energy [au]:                       -79.264425343118
 DF-MP2 singlet pair energy [au]:              -0.317723587917
 DF-MP2 triplet pair energy [au]:              -0.076906846797
 DF-SCS-MP2 correlation energy [au]:           -0.406903921100
 DF-SCS-MP2 energy [au]:                      -79.671329264218
 DF-SOS-MP2 correlation energy [au]:           -0.413040664292
 DF-SOS-MP2 energy [au]:                      -79.677466007411
 DF-MP2 correlation energy [au]:               -0.394630434714
 DF-MP2 energy [au]:                          -79.659055777833

 Results in FNO basis:
 
 
 Reference energy [au]:                       -79.264425343118
 DF-MP2 singlet pair energy [au]:              -0.312549852181
 DF-MP2 triplet pair energy [au]:              -0.076620951398
 DF-SCS-MP2 correlation energy [au]:           -0.400600139750
 DF-SCS-MP2 energy [au]:                      -79.665025482869
 DF-SOS-MP2 correlation energy [au]:           -0.406314807836
 DF-SOS-MP2 energy [au]:                      -79.670740150954
 DF-MP2 correlation energy [au]:               -0.389170803579
 DF-MP2 energy [au]:                          -79.653596146697

 Results in NAF basis:
 
 
 Reference energy [au]:                       -79.264425343118
 DF-MP2 singlet pair energy [au]:              -0.312528865552
 DF-MP2 triplet pair energy [au]:              -0.076628948857
 DF-SCS-MP2 correlation energy [au]:           -0.400577621615
 DF-SCS-MP2 energy [au]:                      -79.665002964733
 DF-SOS-MP2 correlation energy [au]:           -0.406287525218
 DF-SOS-MP2 energy [au]:                      -79.670712868336
 DF-MP2 correlation energy [au]:               -0.389157814409
 DF-MP2 energy [au]:                          -79.653583157528

 ************************ 2023-02-05 13:16:51 *************************
 Executing ccsd...

 Allocation of 220.0 Gbytes of memory...

 Direct DF-CCSD(T) calculation
 
 Convergence criterion:  1.0E-06
 
 Number of occupied/virtual/auxiliary orbitals:     7   175   551
    851.32 MB is the minimal memory requirement for (T)
    190.43 MB is the minimal memory requirement for CCSD
 
 Reference energy [au]:             -79.264425343118
 T1 contribution [au]:                0.000000000000
 Same spin MP2 energy [au]:          -0.076624947564
 Opposite spin MP2 energy [au]:      -0.312539354159
 MP2 correlation energy [au]:        -0.389164301722
 Total MP2 energy [au]:             -79.653589644841
 MP2 correction [au]:                -0.005466132992
 
 
 CPU time [min]:     0.401                   Wall time [min]:     0.050
 
 Starting CCSD iterations...
 
                     Residual norm          Energy
 Iteration  1        0.179604247056      -79.671502460263
 Iteration  2        0.044511814297      -79.681084818854
 Iteration  3        0.013090167393      -79.682220620493
 Iteration  4        0.002650355152      -79.682227838155
 Iteration  5        0.000560982071      -79.682233705792
 Iteration  6        0.000156935630      -79.682235756200
 Iteration  7        0.000037097489      -79.682235531060
 Iteration  8        0.000009999600      -79.682235894950
 
 CCSD iteration has converged in  8 steps.
     3804.92 MB memory was utilized by CCSD
 
 T1 diagnostic:      8.231E-03            D1 diagnostic:      1.428E-02
 
 T1 contribution [au]:                                  0.000000000000
 PPL energy contribution [au]:                          0.108936296266
 Scaled PPL energy contribution [au]:                   0.110476087021

 OS-PPL energy contribution [au]:                       0.095543033548
 Scaled OS-PPL energy contribution [au]:                0.097138007706
 SS-PPL energy contribution [au]:                       0.013393262718
 Scaled SS-PPL energy contribution [au]:                0.013441343770

 Opposite spin CCSD energy [au]:                       -0.345141506091
 Same spin CCSD energy [au]:                           -0.072676814793
 CCSD correlation energy [au]:                         -0.417818320884
 CCSD correlation energy + MP2 correction [au]:        -0.423284453877
 CCSD correlation energy + MP2 + PPL corr. [au]:       -0.421744663122
 Total CCSD energy [au]:                              -79.682243664003
 Total CCSD energy + MP2 correction [au]:             -79.687709796995
 Total CCSD energy + MP2 + PPL corr. [au]:            -79.686170006240
 
 CPU time [min]:     6.575                   Wall time [min]:     0.239
 
 Calculation of (T) correction...
 
 
      783.34 MB memory is utilized for (T)

 0%       25%       50%       75%       100%
 |---------|---------|---------|---------| 
 
 (T) correction [au]:                                    -0.014762797118
 (T*) correction [au]:                                   -0.014970152757
 (T+) correction [au]:                                   -0.014966623031
 CCSD(T) correlation energy [au]:                        -0.432581118003
 CCSD(T) correlation energy + MP2 correction [au]:       -0.438047250995
 CCSD(T+) correlation en. + MP2 + PPL corr. [au]:        -0.436711286153
 Total CCSD(T) energy [au]:                             -79.697006461121
 Total CCSD(T) energy + MP2 correction [au]:            -79.702472594113
 Total CCSD(T+) energy + MP2 + PPL corr. [au]:          -79.701136629271
 
 CPU time [min]:     8.315                   Wall time [min]:     0.297
 
 ************************ 2023-02-05 13:17:09 *************************
                      Normal termination of mrcc.
 **********************************************************************
