 **********************************************************************
                          MRCC program system
 **********************************************************************
 
                              Written by
     Mihaly Kallay, Peter R. Nagy, David Mester, Laszlo Gyevi-Nagy,
        Jozsef Csoka, P. Bernat Szabo, Zoltan Rolik, Gyula Samu,
     Jozsef Csontos, Bence Hegely, Adam Ganyecz, Istvan Ladjanszki,
       Lorant Szegedy, Bence Ladoczki, Klara Petrov, Mate Farkas,
                    Pal D. Mezei, and Reka A. Horvath
 
        Department of Physical Chemistry and Materials Science
            Budapest University of Technology and Economics
                  Budapest P.O.Box 91, H-1521 Hungary
 
                              www.mrcc.hu
 
                      Release date: March 18, 2022

 ************************ 2023-02-05 13:13:55 *************************
 Executing minp...

 Reading input from MINP...
 
 Input file:
 
calc=FNO-CCSD(T)
verbosity=3
mem=220GB
unit=angs
scfiguess=small
scfalg=locfit1
ccmaxit=400
ccsdalg=dfdirect
ccsdthreads=4
ccsdmkl=thr
ptthreads=4
lnoepsv=1e-5
naf_cor=1e-2
basis=aug-cc-pVQZ
basis_sm=def2-SVP
dfbasis_scf=def2-QZVPP-RI-JK
dfbasis_cor=aug-cc-pVQZ-RI
unit=angs
geom=xyz
16

C    34.41670262    34.07107264    10.41543014
C    33.11117461    33.45680459    10.91530835
H    34.24160149    35.00442132     9.86225048
H    34.94674030    33.36940783     9.75379242
H    35.10002891    34.30603621    11.24227357
H    32.42643037    33.26105434    10.07939442
H    32.59136835    34.12756100    11.61262818
H    33.28915165    32.50678735    11.43686767
C    37.30146851    15.07905792    10.40841099
C    38.60118650    14.46522380    10.92356869
H    36.77622810    14.37485224     9.74571409
H    37.48350439    16.00999726     9.85291346
H    36.61044119    15.31969220    11.22702485
H    39.29502691    14.26858257    10.09551480
H    38.41694628    13.51570424    11.44396498
H    39.11330594    15.13676568    11.62587494

--------------------Output has been truncated-------------------------


--------------------Output has been truncated-------------------------


--------------------Output has been truncated-------------------------


--------------------Output has been truncated-------------------------


--------------------Output has been truncated-------------------------


--------------------Output has been truncated-------------------------


--------------------Output has been truncated-------------------------


--------------------Output has been truncated-------------------------


--------------------Output has been truncated-------------------------


--------------------Output has been truncated-------------------------


 
 Reference energy [au]:                      -158.528862289715
 DF-MP2 singlet pair energy [au]:              -0.635445743945
 DF-MP2 triplet pair energy [au]:              -0.153813221537
 DF-SCS-MP2 correlation energy [au]:           -0.813805966580
 DF-SCS-MP2 energy [au]:                     -159.342668256295
 DF-SOS-MP2 correlation energy [au]:           -0.826079467129
 DF-SOS-MP2 energy [au]:                     -159.354941756843
 DF-MP2 correlation energy [au]:               -0.789258965483
 DF-MP2 energy [au]:                         -159.318121255197

 Results in FNO basis:
 
 
 Reference energy [au]:                      -158.528862289715
 DF-MP2 singlet pair energy [au]:              -0.625098543696
 DF-MP2 triplet pair energy [au]:              -0.153241449264
 DF-SCS-MP2 correlation energy [au]:           -0.801198735523
 DF-SCS-MP2 energy [au]:                     -159.330061025237
 DF-SOS-MP2 correlation energy [au]:           -0.812628106804
 DF-SOS-MP2 energy [au]:                     -159.341490396519
 DF-MP2 correlation energy [au]:               -0.778339992959
 DF-MP2 energy [au]:                         -159.307202282674

 Results in NAF basis:
 
 
 Reference energy [au]:                      -158.528862289715
 DF-MP2 singlet pair energy [au]:              -0.625056594891
 DF-MP2 triplet pair energy [au]:              -0.153257453445
 DF-SCS-MP2 correlation energy [au]:           -0.801153731685
 DF-SCS-MP2 energy [au]:                     -159.330016021399
 DF-SOS-MP2 correlation energy [au]:           -0.812573573359
 DF-SOS-MP2 energy [au]:                     -159.341435863073
 DF-MP2 correlation energy [au]:               -0.778314048336
 DF-MP2 energy [au]:                         -159.307176338051

 ************************ 2023-02-05 13:16:13 *************************
 Executing ccsd...

 Allocation of 220.0 Gbytes of memory...

 Direct DF-CCSD(T) calculation
 
 Convergence criterion:  1.0E-06
 
 Number of occupied/virtual/auxiliary orbitals:    14   350  1102
   6895.51 MB is the minimal memory requirement for (T)
   1574.97 MB is the minimal memory requirement for CCSD
 
 Reference energy [au]:            -158.528862289715
 T1 contribution [au]:                0.000000000000
 Same spin MP2 energy [au]:          -0.153249446227
 Opposite spin MP2 energy [au]:      -0.625077559879
 MP2 correlation energy [au]:        -0.778327006106
 Total MP2 energy [au]:            -159.307189295821
 MP2 correction [au]:                -0.010931959376
 
 
 CPU time [min]:     1.555                   Wall time [min]:     0.460
 
 Starting CCSD iterations...
 
                     Residual norm          Energy
 Iteration  1        0.253998890463     -159.343015047940
 Iteration  2        0.062948834586     -159.362179570093
 Iteration  3        0.018512028330     -159.364451093695
 Iteration  4        0.003748122605     -159.364465534133
 Iteration  5        0.000793339218     -159.364477266873
 Iteration  6        0.000221937609     -159.364481368111
 Iteration  7        0.000052462969     -159.364480917914
 Iteration  8        0.000014140974     -159.364481645688
 Iteration  9        0.000002817619     -159.364481602868
 
 CCSD iteration has converged in  9 steps.
    59039.49 MB memory was utilized by CCSD
 
 T1 diagnostic:      8.231E-03            D1 diagnostic:      1.428E-02
 
 T1 contribution [au]:                                  0.000000000000
 PPL energy contribution [au]:                          0.217871583007
 Scaled PPL energy contribution [au]:                   0.220951065579

 OS-PPL energy contribution [au]:                       0.191085118097
 Scaled OS-PPL energy contribution [au]:                0.194274965047
 SS-PPL energy contribution [au]:                       0.026786464911
 Scaled SS-PPL energy contribution [au]:                0.026882622204

 Opposite spin CCSD energy [au]:                       -0.690281526046
 Same spin CCSD energy [au]:                           -0.145353308988
 CCSD correlation energy [au]:                         -0.835634835033
 CCSD correlation energy + MP2 correction [au]:        -0.846566794410
 CCSD correlation energy + MP2 + PPL corr. [au]:       -0.843487311838
 Total CCSD energy [au]:                             -159.364497124748
 Total CCSD energy + MP2 correction [au]:            -159.375429084124
 Total CCSD energy + MP2 + PPL corr. [au]:           -159.372349601553
 
 CPU time [min]:   161.802                   Wall time [min]:     5.539
 
 Calculation of (T) correction...
 
 
     8828.31 MB memory is utilized for (T)

 0%       25%       50%       75%       100%
 |---------|---------|---------|---------| 
 
 (T) correction [au]:                                    -0.029525460863
 (T*) correction [au]:                                   -0.029940159487
 (T+) correction [au]:                                   -0.029933098386
 CCSD(T) correlation energy [au]:                        -0.865160295897
 CCSD(T) correlation energy + MP2 correction [au]:       -0.876092255273
 CCSD(T+) correlation en. + MP2 + PPL corr. [au]:        -0.873420410224
 Total CCSD(T) energy [au]:                            -159.394022585611
 Total CCSD(T) energy + MP2 correction [au]:           -159.404954544987
 Total CCSD(T+) energy + MP2 + PPL corr. [au]:         -159.402282699939
 
 CPU time [min]:   284.937                   Wall time [min]:     9.207
 
 ************************ 2023-02-05 13:25:26 *************************
                      Normal termination of mrcc.
 **********************************************************************
