 **********************************************************************
                          MRCC program system
 **********************************************************************
 
                              Written by
     Mihaly Kallay, Peter R. Nagy, David Mester, Laszlo Gyevi-Nagy,
        Jozsef Csoka, P. Bernat Szabo, Zoltan Rolik, Gyula Samu,
     Jozsef Csontos, Bence Hegely, Adam Ganyecz, Istvan Ladjanszki,
       Lorant Szegedy, Bence Ladoczki, Klara Petrov, Mate Farkas,
                    Pal D. Mezei, and Reka A. Horvath
 
        Department of Physical Chemistry and Materials Science
            Budapest University of Technology and Economics
                  Budapest P.O.Box 91, H-1521 Hungary
 
                              www.mrcc.hu
 
                      Release date: March 18, 2022

 ************************ 2023-04-16 16:36:25 *************************
 Executing minp...

 Reading input from MINP...
 
 Input file:
 
calc=LNO-CCSD(T)
scftype=rhf
verbosity=3
mem=220GB
symm=off
unit=angs
scfiguess=small
scfmaxit=1000
scfalg=locfit1


lcorthr=tight
bpedo=0.99999
ccmaxit=400
usedisk=0
ccsdalg=dfdirect
ccsdthreads=4
ccsdmkl=thr
ptthreads=4

charge=-10
core=38

basis=special
aug-cc-pVTZ
aug-cc-pVTZ
aug-cc-pVTZ
aug-cc-pVTZ
aug-cc-pVTZ
aug-cc-pVTZ
cc-pVTZ
aug-cc-pVTZ
aug-cc-pVTZ
aug-cc-pVTZ
aug-cc-pVTZ
aug-cc-pVTZ
cc-pVTZ
cc-pVTZ
aug-cc-pVTZ
aug-cc-pVTZ
aug-cc-pVTZ
aug-cc-pVTZ
aug-cc-pVTZ
aug-cc-pVTZ
nothing
nothing
nothing
nothing
nothing
nothing
nothing
nothing
nothing
nothing
nothing
nothing
nothing
nothing
nothing
nothing
nothing
nothing
nothing
nothing
nothing
nothing
nothing
nothing
nothing
nothing
nothing
nothing
nothing
nothing
nothing
nothing
nothing
nothing
nothing
nothing
nothing
nothing
nothing
nothing
nothing
nothing
nothing
nothing
nothing
nothing
nothing
nothing
nothing
nothing
nothing
nothing
nothing
nothing
nothing
nothing
nothing
nothing
nothing

basis_sm=special
def2-SVP
def2-SVP
def2-SVP
def2-SVP
def2-SVP
def2-SVP
def2-SVP
def2-SVP
def2-SVP
def2-SVP
def2-SVP
def2-SVP
def2-SVP
def2-SVP
def2-SVP
def2-SVP
def2-SVP
def2-SVP
def2-SVP
def2-SVP
nothing
nothing
nothing
nothing
nothing
nothing
nothing
nothing
nothing
nothing
nothing
nothing
nothing
nothing
nothing
nothing
nothing
nothing
nothing
nothing
nothing
nothing
nothing
nothing
nothing
nothing
nothing
nothing
nothing
nothing
nothing
nothing
nothing
nothing
nothing
nothing
nothing
nothing
nothing
nothing
nothing
nothing
nothing
nothing
nothing
nothing
nothing
nothing
nothing
nothing
nothing
nothing
nothing
nothing
nothing
nothing
nothing
nothing
nothing

dfbasis_scf=special
def2-QZVPP-RI-JK
def2-QZVPP-RI-JK
def2-QZVPP-RI-JK
def2-QZVPP-RI-JK
def2-QZVPP-RI-JK
def2-QZVPP-RI-JK
def2-QZVPP-RI-JK
def2-QZVPP-RI-JK
def2-QZVPP-RI-JK
def2-QZVPP-RI-JK
def2-QZVPP-RI-JK
def2-QZVPP-RI-JK
def2-QZVPP-RI-JK
def2-QZVPP-RI-JK
def2-QZVPP-RI-JK
def2-QZVPP-RI-JK
def2-QZVPP-RI-JK
def2-QZVPP-RI-JK
def2-QZVPP-RI-JK
def2-QZVPP-RI-JK
nothing
nothing
nothing
nothing
nothing
nothing
nothing
nothing
nothing
nothing
nothing
nothing
nothing
nothing
nothing
nothing
nothing
nothing
nothing
nothing
nothing
nothing
nothing
nothing
nothing
nothing
nothing
nothing
nothing
nothing
nothing
nothing
nothing
nothing
nothing
nothing
nothing
nothing
nothing
nothing
nothing
nothing
nothing
nothing
nothing
nothing
nothing
nothing
nothing
nothing
nothing
nothing
nothing
nothing
nothing
nothing
nothing
nothing
nothing

dfbasis_cor=special
aug-cc-pVTZ-RI
aug-cc-pVTZ-RI
aug-cc-pVTZ-RI
aug-cc-pVTZ-RI
aug-cc-pVTZ-RI
aug-cc-pVTZ-RI
cc-pVTZ-RI
aug-cc-pVTZ-RI
aug-cc-pVTZ-RI
aug-cc-pVTZ-RI
aug-cc-pVTZ-RI
aug-cc-pVTZ-RI
cc-pVTZ-RI
cc-pVTZ-RI
aug-cc-pVTZ-RI
aug-cc-pVTZ-RI
aug-cc-pVTZ-RI
aug-cc-pVTZ-RI
aug-cc-pVTZ-RI
aug-cc-pVTZ-RI
nothing
nothing
nothing
nothing
nothing
nothing
nothing
nothing
nothing
nothing
nothing
nothing
nothing
nothing
nothing
nothing
nothing
nothing
nothing
nothing
nothing
nothing
nothing
nothing
nothing
nothing
nothing
nothing
nothing
nothing
nothing
nothing
nothing
nothing
nothing
nothing
nothing
nothing
nothing
nothing
nothing
nothing
nothing
nothing
nothing
nothing
nothing
nothing
nothing
nothing
nothing
nothing
nothing
nothing
nothing
nothing
nothing
nothing
nothing

ecp=special
none
none
none
none
none
none
none
none
none
none
none
none
none
none
none
none
none
none
none
none
ECP-22
ECP-22
ECP-22
ECP-22
ECP-22
ECP-22
ECP-22
ECP-22
ECP-22
ECP-22
ECP-22
ECP-22
ECP-22
ECP-22
ECP-22
ECP-22
ECP-22
ECP-22
ECP-22
ECP-22
ECP-22
ECP-22
ECP-22
ECP-22
ECP-22
ECP-22
ECP-22
ECP-22
ECP-22
ECP-22
ECP-22
ECP-22
ECP-22
ECP-22
ECP-22
ECP-22
ECP-22
ECP-22
ECP-22
ECP-22
ECP-22
ECP-22
ECP-22
ECP-22
ECP-22
ECP-22
ECP-22
ECP-22
ECP-22
ECP-22
ECP-22
ECP-22
ECP-22
ECP-22
ECP-22
ECP-22
ECP-22
ECP-22
ECP-22

unit=angs
geom=xyz
79
C1 O1 H4 Ti3 O11 ECP59
C     0.12450231270    1.04681247009    1.69832454997
O     0.49304023508   -0.02079519643    0.78715525802
H    -0.96249075501    1.15750762384    1.64707813452
H     1.49048989149   -0.07651000440    0.74426707438
H     0.42878796509    0.76824059940    2.71621382127
H     0.62403522322    1.98659215615    1.41563893378
Ti    0.00000000000    0.00000000000   -1.33807142264
O    -0.01054518389    0.01041339435   -3.24910669693
O    -1.22535105068   -1.48322710251   -1.16114063363
O    -1.21183603561    1.49264677878   -1.11915424611
O     1.24749495126   -1.51422722755   -1.26374695913
O     1.25439008494    1.54227815700   -1.29430321331
Ti   -0.00122090246   -2.95438555219   -1.48547979454
Ti    0.00002248039    2.96537345130   -1.49682151131
O    -0.02120828598   -2.96990201519   -3.28694097294
O    -0.03508689611    2.98316030326   -3.29588549461
O     1.22005053932   -4.43253475757   -1.15183948028
O     1.21943048860    4.44158314157   -1.15320076874
O    -1.23212094380   -4.43788555437   -1.14700860637
O    -1.23100033976    4.45439651740   -1.14293084034
Ti    0.08293367429   -1.44456083798   -4.59246122543
Ti    0.08330326465    1.45754983918   -4.59818387545
Ti   -3.25659001122   -1.47223676771   -1.08970630539
Ti    3.25103342482    1.49449616177   -1.12335312799
Ti   -3.25646001385    1.48887619497   -1.09380847576
Ti    3.25990466522   -1.49356199026   -1.12229704541
Ti   -3.18660955941    0.00703891409   -4.43832977510
Ti    3.32386005285    0.00636111413   -4.44538464593
Ti   -3.18204185687   -2.94968936082   -4.43946446195
Ti   -3.18091527205    2.96376288323   -4.44266062246
Ti    3.31944617297   -2.95288167635   -4.45244160177
Ti    3.32091429267    2.96520866993   -4.45037393472
Ti    3.23583363005   -4.43939826505   -1.09060020295
Ti   -3.25006137269   -4.42964968677   -1.08895232853
Ti    3.23632718065    4.44194515777   -1.09078193103
Ti   -3.24731879003    4.44458168405   -1.08791866758
Ti    0.08050640881   -4.41643328715   -4.66645148787
Ti    0.08227284752    4.43114417589   -4.66976262263
Ti   -0.01652575250   -5.90923753025   -1.48929871894
Ti   -0.01652575250    5.92114395058   -1.48929871894
Ti   -0.00984241049    0.00625964610   -7.81753153775
Ti   -6.50113982158    0.00774664581   -1.45920688906
Ti    6.50284428197    0.00774664581   -1.45920688906
Ti   -0.00984241049   -2.95133572410   -7.81753153775
Ti   -0.00984241049    2.96385501631   -7.81753153775
Ti    6.49464777486   -2.95569920764   -1.45740178224
Ti    6.49187230890    2.96790101099   -1.45713099450
Ti   -6.50933632869   -2.95569920764   -1.45740178224
Ti   -6.51211179465    2.96790101099   -1.45713099450
Ti    3.24115361540   -1.47253803900   -7.81753153775
Ti   -3.18276059561   -5.90904848220   -4.43910019399
Ti    3.24115361540    1.48505733121   -7.81753153775
Ti   -3.26083843637   -1.47253803900   -7.81753153775
Ti   -3.18276059561    5.92133299863   -4.43910019399
Ti   -3.26083843637    1.48505733121   -7.81753153775
Ti    3.31527735314   -5.90833806215   -4.44083243901
Ti    3.31527735314    5.92204341867   -4.44083243901
Ti    3.23632718065   -7.38843632305   -1.09078193103
Ti   -3.24731879003   -7.38579979677   -1.08791866758
Ti    3.23583363005    7.39098321577   -1.09060020295
Ti   -3.25006137269    7.40073179405   -1.08895232853
Ti    0.08227284752   -7.39923730493   -4.66976262263
Ti    0.08050640881    7.41394819367   -4.66645148787
Ti    3.24115361540   -4.43013340920   -7.81753153775
Ti    3.24115361540    4.44265270141   -7.81753153775
Ti   -3.26083843637   -4.43013340920   -7.81753153775
Ti   -3.26083843637    4.44265270141   -7.81753153775
Ti   -0.00984241049   -5.90893109431   -7.81753153775
Ti   -0.00984241049    5.92145038652   -7.81753153775
Ti    6.49537930510   -5.90957489693   -1.45813350750
Ti    6.49537930510    5.92080658389   -1.45813350750
Ti   -6.50860479845   -5.90957489693   -1.45813350750
Ti   -6.50860479845    5.92080658389   -1.45813350750
Ti    0.00002248039   -8.86500802953   -1.49682151131
Ti   -0.00122090246    8.87599592863   -1.48547979454
Ti   -3.18091527205   -8.86661859760   -4.44266062246
Ti   -3.18204185687    8.88069212000   -4.43946446195
Ti    3.32091429267   -8.86517281089   -4.45037393472
Ti    3.31944617297    8.87749980447   -4.45244160177


ghost=serialno
1-6

qmmm=Amber
pointcharges
11979
      3.10598737838    0.00459982464   -0.00793290675   -2.00000000000
     -3.25801710391    0.01031232011   -2.57545719072   -2.00000000000
     -3.23394781584    0.00917142172   -0.00395175739   -2.00000000000
      3.31197482044    0.00703449431   -2.58493364748   -2.00000000000
--------------------Output has been truncated-------------------------


--------------------Output has been truncated-------------------------


--------------------Output has been truncated-------------------------


--------------------Output has been truncated-------------------------


--------------------Output has been truncated-------------------------


--------------------Output has been truncated-------------------------


--------------------Output has been truncated-------------------------


--------------------Output has been truncated-------------------------


--------------------Output has been truncated-------------------------


--------------------Output has been truncated-------------------------


 
 Final local CC results:
 
 Minimum number of correlated electrons:        36       ( 40.9%)
 Maximum number of correlated electrons:        72       ( 81.8%)
 Average number of correlated electrons:        51.6     ( 58.7%)
 Minimum number of correlated orbitals:        117       ( 13.7%)
 Maximum number of correlated orbitals:        200       ( 23.4%)
 Average number of correlated orbitals:        153.5     ( 17.9%)
 
 CPU time for integral calculations [min]:                 18.978
 Wall time for integral calculations [min]:                10.655
 
 CPU time for SCF calculation [min]:                      180.482
 Wall time for SCF calculation [min]:                       5.052
 
 CPU time for orbital localization [min]:                   0.223
 Wall time for orbital localization [min]:                  0.026
 
 CPU time for integral transformations [min]:            1326.656
 Wall time for integral transformations [min]:             40.137
 
 Reference energy [au]:                               -118547.809222163036
 
 LMP2 correlation energy [au]:                             -3.187140498382
 Total LMP2 energy [au]:                              -118550.996362661419
 
 Total MP2 correction for dropped NAFs [au]:               -0.000040707313
 Total MP2 correction [au]:                                -0.008114193858
 
 CPU time for CCSD calculations [min]:                    654.890
 Total CPU time for CCSD [min]:                          2181.228
 Wall time for CCSD calculations [min]:                    24.708
 Total wall time for CCSD [min]:                           80.578
 
 CCSD correlation energy [au]:                             -3.125723655996
 Total CCSD energy [au]:                              -118550.934945819026
 CCSD correlation energy + 0.5 MP2 corrections [au]:       -3.129780752925
 Total LNO-CCSD energy with MP2 corrections [au]:     -118550.939002915955
 
 CPU time for (T) corrections [min]:                      616.825
 Total CPU time for CCSD(T) [min]:                       2798.053
 Wall time for (T) corrections [min]:                      18.353
 Total wall time for CCSD(T) [min]:                        98.931
 
 Total (T) correlation energy contribution [au]:           -0.160537538505
 Total (T) correlation energy+0.5 MP2 correction [au]:     -0.164594635434
 CCSD(T) correlation energy [au]:                          -3.286261194501
 Total CCSD(T) energy [au]:                           -118551.095483357538
 CCSD(T) correlation energy + MP2 corrections [au]:        -3.294375388359
 Total LNO-CCSD(T) energy with MP2 corrections [au]:  -118551.103597551395
 
 ======================================================================
 ======================================================================
 
 ************************ 2023-04-16 18:17:57 *************************
                      Normal termination of mrcc.
 **********************************************************************
