 **********************************************************************
                          MRCC program system
 **********************************************************************
 
                              Written by
     Mihaly Kallay, Peter R. Nagy, David Mester, Laszlo Gyevi-Nagy,
        Jozsef Csoka, P. Bernat Szabo, Zoltan Rolik, Gyula Samu,
     Jozsef Csontos, Bence Hegely, Adam Ganyecz, Istvan Ladjanszki,
       Lorant Szegedy, Bence Ladoczki, Klara Petrov, Mate Farkas,
                    Pal D. Mezei, and Reka A. Horvath
 
        Department of Physical Chemistry and Materials Science
            Budapest University of Technology and Economics
                  Budapest P.O.Box 91, H-1521 Hungary
 
                              www.mrcc.hu
 
                      Release date: March 18, 2022

 ************************ 2023-02-05 13:24:48 *************************
 Executing minp...

 Reading input from MINP...
 
 Input file:
 
calc=FNO-CCSD(T)
verbosity=3
mem=220GB
unit=angs
scfiguess=small
scfalg=locfit1
ccmaxit=400
ccsdalg=dfdirect
ccsdthreads=4
ccsdmkl=thr
ptthreads=4
lnoepsv=1e-5
naf_cor=1e-2
basis=aug-cc-pVQZ
basis_sm=def2-SVP
dfbasis_scf=def2-QZVPP-RI-JK
dfbasis_cor=aug-cc-pVQZ-RI
unit=angs
geom=xyz
16

C    34.41670262    34.07107264    10.41543014
C    33.11117461    33.45680459    10.91530835
H    34.24160149    35.00442132     9.86225048
H    34.94674030    33.36940783     9.75379242
H    35.10002891    34.30603621    11.24227357
H    32.42643037    33.26105434    10.07939442
H    32.59136835    34.12756100    11.61262818
H    33.28915165    32.50678735    11.43686767
C    20.41949695    36.18152134    10.40840413
C    21.71921254    35.56768136    10.92356358
H    19.89421274    35.47732643     9.74574003
H    20.60154528    37.11247849     9.85293887
H    19.72845280    36.42212532    11.22701403
H    22.41312130    35.37102181    10.09557036
H    21.53496881    34.61815933    11.44395536
H    22.23131028    36.23927251    11.62583355

--------------------Output has been truncated-------------------------


--------------------Output has been truncated-------------------------


--------------------Output has been truncated-------------------------


--------------------Output has been truncated-------------------------


--------------------Output has been truncated-------------------------


--------------------Output has been truncated-------------------------


--------------------Output has been truncated-------------------------


--------------------Output has been truncated-------------------------


--------------------Output has been truncated-------------------------


--------------------Output has been truncated-------------------------


 
 Reference energy [au]:                       -79.264425274008
 DF-MP2 singlet pair energy [au]:              -0.317723441774
 DF-MP2 triplet pair energy [au]:              -0.076906848400
 DF-SCS-MP2 correlation energy [au]:           -0.406903746262
 DF-SCS-MP2 energy [au]:                      -79.671329020270
 DF-SOS-MP2 correlation energy [au]:           -0.413040474307
 DF-SOS-MP2 energy [au]:                      -79.677465748314
 DF-MP2 correlation energy [au]:               -0.394630290174
 DF-MP2 energy [au]:                          -79.659055564182

 Results in FNO basis:
 
 
 Reference energy [au]:                       -79.264425274008
 DF-MP2 singlet pair energy [au]:              -0.312549775043
 DF-MP2 triplet pair energy [au]:              -0.076620958900
 DF-SCS-MP2 correlation energy [au]:           -0.400600049685
 DF-SCS-MP2 energy [au]:                      -79.665025323693
 DF-SOS-MP2 correlation energy [au]:           -0.406314707556
 DF-SOS-MP2 energy [au]:                      -79.670739981564
 DF-MP2 correlation energy [au]:               -0.389170733943
 DF-MP2 energy [au]:                          -79.653596007951

 Results in NAF basis:
 
 
 Reference energy [au]:                       -79.264425274008
 DF-MP2 singlet pair energy [au]:              -0.312528789323
 DF-MP2 triplet pair energy [au]:              -0.076628956267
 DF-SCS-MP2 correlation energy [au]:           -0.400577532610
 DF-SCS-MP2 energy [au]:                      -79.665002806617
 DF-SOS-MP2 correlation energy [au]:           -0.406287426119
 DF-SOS-MP2 energy [au]:                      -79.670712700127
 DF-MP2 correlation energy [au]:               -0.389157745590
 DF-MP2 energy [au]:                          -79.653583019597

 ************************ 2023-02-05 13:26:18 *************************
 Executing ccsd...

 Allocation of 220.0 Gbytes of memory...

 Direct DF-CCSD(T) calculation
 
 Convergence criterion:  1.0E-06
 
 Number of occupied/virtual/auxiliary orbitals:     7   175   551
    851.32 MB is the minimal memory requirement for (T)
    190.43 MB is the minimal memory requirement for CCSD
 
 Reference energy [au]:             -79.264425274008
 T1 contribution [au]:                0.000000000000
 Same spin MP2 energy [au]:          -0.076624955020
 Opposite spin MP2 energy [au]:      -0.312539277475
 MP2 correlation energy [au]:        -0.389164232495
 Total MP2 energy [au]:             -79.653589506502
 MP2 correction [au]:                -0.005466057679
 
 
 CPU time [min]:     0.401                   Wall time [min]:     0.050
 
 Starting CCSD iterations...
 
                     Residual norm          Energy
 Iteration  1        0.179604152428      -79.671502331047
 Iteration  2        0.044511762417      -79.681084674805
 Iteration  3        0.013090147600      -79.682220474798
 Iteration  4        0.002650351153      -79.682227692024
 Iteration  5        0.000560981011      -79.682233559659
 Iteration  6        0.000156935154      -79.682235610049
 Iteration  7        0.000037097392      -79.682235384911
 Iteration  8        0.000009999572      -79.682235748802
 
 CCSD iteration has converged in  8 steps.
     3804.92 MB memory was utilized by CCSD
 
 T1 diagnostic:      8.231E-03            D1 diagnostic:      1.428E-02
 
 T1 contribution [au]:                                  0.000000000000
 PPL energy contribution [au]:                          0.108936231906
 Scaled PPL energy contribution [au]:                   0.110476000699

 OS-PPL energy contribution [au]:                       0.095542964337
 Scaled OS-PPL energy contribution [au]:                0.097137916299
 SS-PPL energy contribution [au]:                       0.013393267569
 Scaled SS-PPL energy contribution [au]:                0.013441347629

 Opposite spin CCSD energy [au]:                       -0.345141412230
 Same spin CCSD energy [au]:                           -0.072676831230
 CCSD correlation energy [au]:                         -0.417818243460
 CCSD correlation energy + MP2 correction [au]:        -0.423284301139
 CCSD correlation energy + MP2 + PPL corr. [au]:       -0.421744532346
 Total CCSD energy [au]:                              -79.682243517468
 Total CCSD energy + MP2 correction [au]:             -79.687709575147
 Total CCSD energy + MP2 + PPL corr. [au]:            -79.686169806354
 
 CPU time [min]:     6.412                   Wall time [min]:     0.235
 
 Calculation of (T) correction...
 
 
      783.34 MB memory is utilized for (T)

 0%       25%       50%       75%       100%
 |---------|---------|---------|---------| 
 
 (T) correction [au]:                                    -0.014762785603
 (T*) correction [au]:                                   -0.014970138260
 (T+) correction [au]:                                   -0.014966608632
 CCSD(T) correlation energy [au]:                        -0.432581029063
 CCSD(T) correlation energy + MP2 correction [au]:       -0.438047086742
 CCSD(T+) correlation en. + MP2 + PPL corr. [au]:        -0.436711140978
 Total CCSD(T) energy [au]:                             -79.697006303071
 Total CCSD(T) energy + MP2 correction [au]:            -79.702472360750
 Total CCSD(T+) energy + MP2 + PPL corr. [au]:          -79.701136414986
 
 CPU time [min]:     8.110                   Wall time [min]:     0.291
 
 ************************ 2023-02-05 13:26:36 *************************
                      Normal termination of mrcc.
 **********************************************************************
