 **********************************************************************
                          MRCC program system
 **********************************************************************
 
                              Written by
     Mihaly Kallay, Peter R. Nagy, David Mester, Laszlo Gyevi-Nagy,
        Jozsef Csoka, P. Bernat Szabo, Zoltan Rolik, Gyula Samu,
     Jozsef Csontos, Bence Hegely, Adam Ganyecz, Istvan Ladjanszki,
       Lorant Szegedy, Bence Ladoczki, Klara Petrov, Mate Farkas,
                    Pal D. Mezei, and Reka A. Horvath
 
        Department of Physical Chemistry and Materials Science
            Budapest University of Technology and Economics
                  Budapest P.O.Box 91, H-1521 Hungary
 
                              www.mrcc.hu
 
                      Release date: March 18, 2022

 ************************ 2023-02-05 13:14:47 *************************
 Executing minp...

 Reading input from MINP...
 
 Input file:
 
calc=FNO-CCSD(T)
verbosity=3
mem=220GB
unit=angs
scfiguess=small
scfalg=locfit1
ccmaxit=400
ccsdalg=dfdirect
ccsdthreads=4
ccsdmkl=thr
ptthreads=4
lnoepsv=1e-5
naf_cor=1e-2
basis=aug-cc-pVTZ
basis_sm=def2-SVP
dfbasis_scf=def2-QZVPP-RI-JK
dfbasis_cor=aug-cc-pVTZ-RI
unit=angs
geom=xyz
16

C    34.41670262    34.07107264    10.41543014
C    33.11117461    33.45680459    10.91530835
H    34.24160149    35.00442132     9.86225048
H    34.94674030    33.36940783     9.75379242
H    35.10002891    34.30603621    11.24227357
H    32.42643037    33.26105434    10.07939442
H    32.59136835    34.12756100    11.61262818
H    33.28915165    32.50678735    11.43686767
C    37.30146626    27.74053668    10.40840413
C    38.60118185    27.12669671    10.92356358
H    36.77618205    27.03634178     9.74574003
H    37.48351459    28.67149383     9.85293887
H    36.61042211    27.98114066    11.22701403
H    39.29509061    26.93003715    10.09557036
H    38.41693812    26.17717467    11.44395536
H    39.11327959    27.79828785    11.62583355

--------------------Output has been truncated-------------------------


--------------------Output has been truncated-------------------------


--------------------Output has been truncated-------------------------


--------------------Output has been truncated-------------------------


--------------------Output has been truncated-------------------------


--------------------Output has been truncated-------------------------


--------------------Output has been truncated-------------------------


--------------------Output has been truncated-------------------------


--------------------Output has been truncated-------------------------


--------------------Output has been truncated-------------------------


 
 Reference energy [au]:                      -158.519091546763
 DF-MP2 singlet pair energy [au]:              -0.600555580837
 DF-MP2 triplet pair energy [au]:              -0.150094747429
 DF-SCS-MP2 correlation energy [au]:           -0.770698279481
 DF-SCS-MP2 energy [au]:                     -159.289789826244
 DF-SOS-MP2 correlation energy [au]:           -0.780722255089
 DF-SOS-MP2 energy [au]:                     -159.299813801852
 DF-MP2 correlation energy [au]:               -0.750650328266
 DF-MP2 energy [au]:                         -159.269741875029

 Results in FNO basis:
 
 
 Reference energy [au]:                      -158.519091546763
 DF-MP2 singlet pair energy [au]:              -0.598203201997
 DF-MP2 triplet pair energy [au]:              -0.149879376990
 DF-SCS-MP2 correlation energy [au]:           -0.767803634726
 DF-SCS-MP2 energy [au]:                     -159.286895181489
 DF-SOS-MP2 correlation energy [au]:           -0.777664162596
 DF-SOS-MP2 energy [au]:                     -159.296755709359
 DF-MP2 correlation energy [au]:               -0.748082578987
 DF-MP2 energy [au]:                         -159.267174125750

 Results in NAF basis:
 
 
 Reference energy [au]:                      -158.519091546763
 DF-MP2 singlet pair energy [au]:              -0.598082395661
 DF-MP2 triplet pair energy [au]:              -0.149957548602
 DF-SCS-MP2 correlation energy [au]:           -0.767684724327
 DF-SCS-MP2 energy [au]:                     -159.286776271090
 DF-SOS-MP2 correlation energy [au]:           -0.777507114359
 DF-SOS-MP2 energy [au]:                     -159.296598661122
 DF-MP2 correlation energy [au]:               -0.748039944263
 DF-MP2 energy [au]:                         -159.267131491026

 ************************ 2023-02-05 13:15:42 *************************
 Executing ccsd...

 Allocation of 220.0 Gbytes of memory...

 Direct DF-CCSD(T) calculation
 
 Convergence criterion:  1.0E-06
 
 Number of occupied/virtual/auxiliary orbitals:    14   278   756
   3422.71 MB is the minimal memory requirement for (T)
    780.99 MB is the minimal memory requirement for CCSD
 
 Reference energy [au]:            -158.519091546763
 T1 contribution [au]:                0.000000000000
 Same spin MP2 energy [au]:          -0.149918344719
 Opposite spin MP2 energy [au]:      -0.598142457697
 MP2 correlation energy [au]:        -0.748060802417
 Total MP2 energy [au]:            -159.267152349180
 MP2 correction [au]:                -0.002589525850
 
 
 CPU time [min]:     0.901                   Wall time [min]:     0.132
 
 Starting CCSD iterations...
 
                     Residual norm          Energy
 Iteration  1        0.241340052619     -159.309003395131
 Iteration  2        0.060009702147     -159.328131431393
 Iteration  3        0.015970819060     -159.330044795000
 Iteration  4        0.003602887354     -159.330061337653
 Iteration  5        0.000758819882     -159.330071719394
 Iteration  6        0.000215382893     -159.330077851895
 Iteration  7        0.000051273500     -159.330077423482
 Iteration  8        0.000013084258     -159.330078004941
 Iteration  9        0.000002624545     -159.330077952947
 
 CCSD iteration has converged in  9 steps.
    23656.02 MB memory was utilized by CCSD
 
 T1 diagnostic:      7.818E-03            D1 diagnostic:      1.354E-02
 
 T1 contribution [au]:                                  0.000000000000
 PPL energy contribution [au]:                          0.205827293763
 Scaled PPL energy contribution [au]:                   0.206548588928

 OS-PPL energy contribution [au]:                       0.179925402263
 Scaled OS-PPL energy contribution [au]:                0.180670980908
 SS-PPL energy contribution [au]:                       0.025901891501
 Scaled SS-PPL energy contribution [au]:                0.025926025307

 Opposite spin CCSD energy [au]:                       -0.668597455987
 Same spin CCSD energy [au]:                           -0.142425914372
 CCSD correlation energy [au]:                         -0.811023370359
 CCSD correlation energy + MP2 correction [au]:        -0.813612896209
 CCSD correlation energy + MP2 + PPL corr. [au]:       -0.812891601045
 Total CCSD energy [au]:                             -159.330114917122
 Total CCSD energy + MP2 correction [au]:            -159.332704442972
 Total CCSD energy + MP2 + PPL corr. [au]:           -159.331983147807
 
 CPU time [min]:    55.008                   Wall time [min]:     1.844
 
 Calculation of (T) correction...
 
 
     4429.83 MB memory is utilized for (T)

 0%       25%       50%       75%       100%
 |---------|---------|---------|---------| 
 
 (T) correction [au]:                                    -0.027926562970
 (T*) correction [au]:                                   -0.028023235000
 (T+) correction [au]:                                   -0.028022055628
 CCSD(T) correlation energy [au]:                        -0.838949933329
 CCSD(T) correlation energy + MP2 correction [au]:       -0.841539459178
 CCSD(T+) correlation en. + MP2 + PPL corr. [au]:        -0.840913656672
 Total CCSD(T) energy [au]:                            -159.358041480092
 Total CCSD(T) energy + MP2 correction [au]:           -159.360631005941
 Total CCSD(T+) energy + MP2 + PPL corr. [au]:         -159.360005203435
 
 CPU time [min]:   113.199                   Wall time [min]:     3.548
 
 ************************ 2023-02-05 13:19:16 *************************
                      Normal termination of mrcc.
 **********************************************************************
