 **********************************************************************
                          MRCC program system
 **********************************************************************
 
                              Written by
     Mihaly Kallay, Peter R. Nagy, David Mester, Laszlo Gyevi-Nagy,
        Jozsef Csoka, P. Bernat Szabo, Zoltan Rolik, Gyula Samu,
     Jozsef Csontos, Bence Hegely, Adam Ganyecz, Istvan Ladjanszki,
       Lorant Szegedy, Bence Ladoczki, Klara Petrov, Mate Farkas,
                    Pal D. Mezei, and Reka A. Horvath
 
        Department of Physical Chemistry and Materials Science
            Budapest University of Technology and Economics
                  Budapest P.O.Box 91, H-1521 Hungary
 
                              www.mrcc.hu
 
                      Release date: March 18, 2022

 ************************ 2023-02-05 13:14:48 *************************
 Executing minp...

 Reading input from MINP...
 
 Input file:
 
calc=FNO-CCSD(T)
verbosity=3
mem=220GB
unit=angs
scfiguess=small
scfalg=locfit1
ccmaxit=400
ccsdalg=dfdirect
ccsdthreads=4
ccsdmkl=thr
ptthreads=4
lnoepsv=1e-5
naf_cor=1e-2
basis=aug-cc-pVQZ
basis_sm=def2-SVP
dfbasis_scf=def2-QZVPP-RI-JK
dfbasis_cor=aug-cc-pVQZ-RI
unit=angs
geom=xyz
16

C    34.41670262    34.07107264    10.41543014
C    33.11117461    33.45680459    10.91530835
H    34.24160149    35.00442132     9.86225048
H    34.94674030    33.36940783     9.75379242
H    35.10002891    34.30603621    11.24227357
H    32.42643037    33.26105434    10.07939442
H    32.59136835    34.12756100    11.61262818
H    33.28915165    32.50678735    11.43686767
C    37.30146626    27.74053668    10.40840413
C    38.60118185    27.12669671    10.92356358
H    36.77618205    27.03634178     9.74574003
H    37.48351459    28.67149383     9.85293887
H    36.61042211    27.98114066    11.22701403
H    39.29509061    26.93003715    10.09557036
H    38.41693812    26.17717467    11.44395536
H    39.11327959    27.79828785    11.62583355

--------------------Output has been truncated-------------------------


--------------------Output has been truncated-------------------------


--------------------Output has been truncated-------------------------


--------------------Output has been truncated-------------------------


--------------------Output has been truncated-------------------------


--------------------Output has been truncated-------------------------


--------------------Output has been truncated-------------------------


--------------------Output has been truncated-------------------------


--------------------Output has been truncated-------------------------


--------------------Output has been truncated-------------------------


 
 Reference energy [au]:                      -158.528864539968
 DF-MP2 singlet pair energy [au]:              -0.635482005906
 DF-MP2 triplet pair energy [au]:              -0.153842900171
 DF-SCS-MP2 correlation energy [au]:           -0.813859373812
 DF-SCS-MP2 energy [au]:                     -159.342723913780
 DF-SOS-MP2 correlation energy [au]:           -0.826126607678
 DF-SOS-MP2 energy [au]:                     -159.354991147647
 DF-MP2 correlation energy [au]:               -0.789324906078
 DF-MP2 energy [au]:                         -159.318189446046

 Results in FNO basis:
 
 
 Reference energy [au]:                      -158.528864539968
 DF-MP2 singlet pair energy [au]:              -0.625123860219
 DF-MP2 triplet pair energy [au]:              -0.153268354372
 DF-SCS-MP2 correlation energy [au]:           -0.801238083721
 DF-SCS-MP2 energy [au]:                     -159.330102623689
 DF-SOS-MP2 correlation energy [au]:           -0.812661018285
 DF-SOS-MP2 energy [au]:                     -159.341525558253
 DF-MP2 correlation energy [au]:               -0.778392214592
 DF-MP2 energy [au]:                         -159.307256754560

 Results in NAF basis:
 
 
 Reference energy [au]:                      -158.528864539968
 DF-MP2 singlet pair energy [au]:              -0.625081456219
 DF-MP2 triplet pair energy [au]:              -0.153284446828
 DF-SCS-MP2 correlation energy [au]:           -0.801192563072
 DF-SCS-MP2 energy [au]:                     -159.330057103040
 DF-SOS-MP2 correlation energy [au]:           -0.812605893085
 DF-SOS-MP2 energy [au]:                     -159.341470433053
 DF-MP2 correlation energy [au]:               -0.778365903047
 DF-MP2 energy [au]:                         -159.307230443015

 ************************ 2023-02-05 13:17:34 *************************
 Executing ccsd...

 Allocation of 220.0 Gbytes of memory...

 Direct DF-CCSD(T) calculation
 
 Convergence criterion:  1.0E-06
 
 Number of occupied/virtual/auxiliary orbitals:    14   350  1101
   6894.54 MB is the minimal memory requirement for (T)
   1573.93 MB is the minimal memory requirement for CCSD
 
 Reference energy [au]:            -158.528864539968
 T1 contribution [au]:                0.000000000000
 Same spin MP2 energy [au]:          -0.153276395154
 Opposite spin MP2 energy [au]:      -0.625102648267
 MP2 correlation energy [au]:        -0.778379043420
 Total MP2 energy [au]:            -159.307243583388
 MP2 correction [au]:                -0.010945862657
 
 
 CPU time [min]:     1.655                   Wall time [min]:     0.571
 
 Starting CCSD iterations...
 
                     Residual norm          Energy
 Iteration  1        0.253893941597     -159.343063184621
 Iteration  2        0.062916753917     -159.362225806409
 Iteration  3        0.018503092499     -159.364497898555
 Iteration  4        0.003746534068     -159.364512333817
 Iteration  5        0.000793091921     -159.364524015417
 Iteration  6        0.000221896258     -159.364528096155
 Iteration  7        0.000052467106     -159.364527647472
 Iteration  8        0.000014144045     -159.364528373471
 Iteration  9        0.000002818188     -159.364528330733
 
 CCSD iteration has converged in  9 steps.
    59038.48 MB memory was utilized by CCSD
 
 T1 diagnostic:      8.232E-03            D1 diagnostic:      1.429E-02
 
 T1 contribution [au]:                                  0.000000000000
 PPL energy contribution [au]:                          0.217870798170
 Scaled PPL energy contribution [au]:                   0.220954032378

 OS-PPL energy contribution [au]:                       0.191083259266
 Scaled OS-PPL energy contribution [au]:                0.194276443530
 SS-PPL energy contribution [au]:                       0.026787538904
 Scaled SS-PPL energy contribution [au]:                0.026884162115

 Opposite spin CCSD energy [au]:                       -0.690300061867
 Same spin CCSD energy [au]:                           -0.145379428527
 CCSD correlation energy [au]:                         -0.835679490395
 CCSD correlation energy + MP2 correction [au]:        -0.846625353052
 CCSD correlation energy + MP2 + PPL corr. [au]:       -0.843542118844
 Total CCSD energy [au]:                             -159.364544030363
 Total CCSD energy + MP2 correction [au]:            -159.375489893020
 Total CCSD energy + MP2 + PPL corr. [au]:           -159.372406658812
 
 CPU time [min]:   155.394                   Wall time [min]:     5.467
 
 Calculation of (T) correction...
 
 
     8827.33 MB memory is utilized for (T)

 0%       25%       50%       75%       100%
 |---------|---------|---------|---------| 
 
 (T) correction [au]:                                    -0.029533619403
 (T*) correction [au]:                                   -0.029948932411
 (T+) correction [au]:                                   -0.029941876559
 CCSD(T) correlation energy [au]:                        -0.865213109798
 CCSD(T) correlation energy + MP2 correction [au]:       -0.876158972455
 CCSD(T+) correlation en. + MP2 + PPL corr. [au]:        -0.873483995403
 Total CCSD(T) energy [au]:                            -159.394077649766
 Total CCSD(T) energy + MP2 correction [au]:           -159.405023512423
 Total CCSD(T+) energy + MP2 + PPL corr. [au]:         -159.402348535371
 
 CPU time [min]:   276.492                   Wall time [min]:     9.083
 
 ************************ 2023-02-05 13:26:39 *************************
                      Normal termination of mrcc.
 **********************************************************************
