 **********************************************************************
                          MRCC program system
 **********************************************************************
 
                              Written by
     Mihaly Kallay, Peter R. Nagy, David Mester, Laszlo Gyevi-Nagy,
        Jozsef Csoka, P. Bernat Szabo, Zoltan Rolik, Gyula Samu,
     Jozsef Csontos, Bence Hegely, Adam Ganyecz, Istvan Ladjanszki,
       Lorant Szegedy, Bence Ladoczki, Klara Petrov, Mate Farkas,
                    Pal D. Mezei, and Reka A. Horvath
 
        Department of Physical Chemistry and Materials Science
            Budapest University of Technology and Economics
                  Budapest P.O.Box 91, H-1521 Hungary
 
                              www.mrcc.hu
 
                      Release date: March 18, 2022

 ************************ 2023-02-05 13:20:28 *************************
 Executing minp...

 Reading input from MINP...
 
 Input file:
 
calc=FNO-CCSD(T)
verbosity=3
mem=220GB
unit=angs
scfiguess=small
scfalg=locfit1
ccmaxit=400
ccsdalg=dfdirect
ccsdthreads=4
ccsdmkl=thr
ptthreads=4
lnoepsv=1e-5
naf_cor=1e-2
basis=aug-cc-pVTZ
basis_sm=def2-SVP
dfbasis_scf=def2-QZVPP-RI-JK
dfbasis_cor=aug-cc-pVTZ-RI
unit=angs
geom=xyz
16

C    34.41670262    34.07107264    10.41543014
C    33.11117461    33.45680459    10.91530835
H    34.24160149    35.00442132     9.86225048
H    34.94674030    33.36940783     9.75379242
H    35.10002891    34.30603621    11.24227357
H    32.42643037    33.26105434    10.07939442
H    32.59136835    34.12756100    11.61262818
H    33.28915165    32.50678735    11.43686767
C    42.85770499    21.40962162    10.41548088
C    41.55214767    20.79532608    10.91529140
H    42.68250243    22.34306075     9.86250154
H    43.38767744    20.70774924     9.75399090
H    43.54128776    21.64470584    11.24209422
H    40.86727325    20.59942806    10.07951373
H    41.03231026    21.46625866    11.61243196
H    41.73020928    19.84522333    11.43663402

--------------------Output has been truncated-------------------------


--------------------Output has been truncated-------------------------


--------------------Output has been truncated-------------------------


--------------------Output has been truncated-------------------------


--------------------Output has been truncated-------------------------


--------------------Output has been truncated-------------------------


--------------------Output has been truncated-------------------------


--------------------Output has been truncated-------------------------


--------------------Output has been truncated-------------------------


--------------------Output has been truncated-------------------------


 
 Reference energy [au]:                       -79.259548206645
 DF-MP2 singlet pair energy [au]:              -0.300254570385
 DF-MP2 triplet pair energy [au]:              -0.075031440277
 DF-SCS-MP2 correlation energy [au]:           -0.385315964554
 DF-SCS-MP2 energy [au]:                      -79.644864171199
 DF-SOS-MP2 correlation energy [au]:           -0.390330941500
 DF-SOS-MP2 energy [au]:                      -79.649879148145
 DF-MP2 correlation energy [au]:               -0.375286010661
 DF-MP2 energy [au]:                          -79.634834217306

 Results in FNO basis:
 
 
 Reference energy [au]:                       -79.259548206645
 DF-MP2 singlet pair energy [au]:              -0.299084376599
 DF-MP2 triplet pair energy [au]:              -0.074925173879
 DF-SCS-MP2 correlation energy [au]:           -0.383876309879
 DF-SCS-MP2 energy [au]:                      -79.643424516524
 DF-SOS-MP2 correlation energy [au]:           -0.388809689579
 DF-SOS-MP2 energy [au]:                      -79.648357896224
 DF-MP2 correlation energy [au]:               -0.374009550479
 DF-MP2 energy [au]:                          -79.633557757124

 Results in NAF basis:
 
 
 Reference energy [au]:                       -79.259548206645
 DF-MP2 singlet pair energy [au]:              -0.299023641895
 DF-MP2 triplet pair energy [au]:              -0.074964214771
 DF-SCS-MP2 correlation energy [au]:           -0.383816441864
 DF-SCS-MP2 energy [au]:                      -79.643364648509
 DF-SOS-MP2 correlation energy [au]:           -0.388730734463
 DF-SOS-MP2 energy [au]:                      -79.648278941108
 DF-MP2 correlation energy [au]:               -0.373987856665
 DF-MP2 energy [au]:                          -79.633536063310

 ************************ 2023-02-05 13:20:58 *************************
 Executing ccsd...

 Allocation of 220.0 Gbytes of memory...

 Direct DF-CCSD(T) calculation
 
 Convergence criterion:  1.0E-06
 
 Number of occupied/virtual/auxiliary orbitals:     7   139   378
    421.21 MB is the minimal memory requirement for (T)
     94.89 MB is the minimal memory requirement for CCSD
 
 Reference energy [au]:             -79.259548206645
 T1 contribution [au]:                0.000000000000
 Same spin MP2 energy [au]:          -0.074944635149
 Opposite spin MP2 energy [au]:      -0.299053838434
 MP2 correlation energy [au]:        -0.373998473583
 Total MP2 energy [au]:             -79.633546680228
 MP2 correction [au]:                -0.001287537078
 
 
 CPU time [min]:     0.316                   Wall time [min]:     0.016
 
 Starting CCSD iterations...
 
                     Residual norm          Energy
 Iteration  1        0.170710260209      -79.654475228651
 Iteration  2        0.042452904033      -79.664040168130
 Iteration  3        0.011296576726      -79.664996272450
 Iteration  4        0.002548560830      -79.665004599873
 Iteration  5        0.000536675414      -79.665009807032
 Iteration  6        0.000152294484      -79.665012884026
 Iteration  7        0.000036258004      -79.665012668626
 Iteration  8        0.000009249254      -79.665012960231
 
 CCSD iteration has converged in  8 steps.
     1534.57 MB memory was utilized by CCSD
 
 T1 diagnostic:      7.816E-03            D1 diagnostic:      1.354E-02
 
 T1 contribution [au]:                                  0.000000000000
 PPL energy contribution [au]:                          0.102911883852
 Scaled PPL energy contribution [au]:                   0.103270599495

 OS-PPL energy contribution [au]:                       0.089961655503
 Scaled OS-PPL energy contribution [au]:                0.090332743322
 SS-PPL energy contribution [au]:                       0.012950228349
 Scaled SS-PPL energy contribution [au]:                0.012962055759

 Opposite spin CCSD energy [au]:                       -0.334284475303
 Same spin CCSD energy [au]:                           -0.071198949070
 CCSD correlation energy [au]:                         -0.405483424373
 CCSD correlation energy + MP2 correction [au]:        -0.406770961451
 CCSD correlation energy + MP2 + PPL corr. [au]:       -0.406412245808
 Total CCSD energy [au]:                              -79.665031631018
 Total CCSD energy + MP2 correction [au]:             -79.666319168096
 Total CCSD energy + MP2 + PPL corr. [au]:            -79.665960452454
 
 CPU time [min]:     2.721                   Wall time [min]:     0.087
 
 Calculation of (T) correction...
 
 
      388.93 MB memory is utilized for (T)

 0%       25%       50%       75%       100%
 |---------|---------|---------|---------| 
 
 (T) correction [au]:                                    -0.013958986194
 (T*) correction [au]:                                   -0.014007041770
 (T+) correction [au]:                                   -0.014006459691
 CCSD(T) correlation energy [au]:                        -0.419442410567
 CCSD(T) correlation energy + MP2 correction [au]:       -0.420729947645
 CCSD(T+) correlation en. + MP2 + PPL corr. [au]:        -0.420418705499
 Total CCSD(T) energy [au]:                             -79.678990617212
 Total CCSD(T) energy + MP2 correction [au]:            -79.680278154290
 Total CCSD(T+) energy + MP2 + PPL corr. [au]:          -79.679966912144
 
 CPU time [min]:     3.440                   Wall time [min]:     0.109
 
 ************************ 2023-02-05 13:21:04 *************************
                      Normal termination of mrcc.
 **********************************************************************
