 **********************************************************************
                          MRCC program system
 **********************************************************************
 
                              Written by
     Mihaly Kallay, Peter R. Nagy, David Mester, Laszlo Gyevi-Nagy,
        Jozsef Csoka, P. Bernat Szabo, Zoltan Rolik, Gyula Samu,
     Jozsef Csontos, Bence Hegely, Adam Ganyecz, Istvan Ladjanszki,
       Lorant Szegedy, Bence Ladoczki, Klara Petrov, Mate Farkas,
                    Pal D. Mezei, and Reka A. Horvath
 
        Department of Physical Chemistry and Materials Science
            Budapest University of Technology and Economics
                  Budapest P.O.Box 91, H-1521 Hungary
 
                              www.mrcc.hu
 
                      Release date: March 18, 2022

 ************************ 2023-02-05 13:27:48 *************************
 Executing minp...

 Reading input from MINP...
 
 Input file:
 
calc=FNO-CCSD(T)
verbosity=3
mem=220GB
unit=angs
scfiguess=small
scfalg=locfit1
ccmaxit=400
ccsdalg=dfdirect
ccsdthreads=4
ccsdmkl=thr
ptthreads=4
lnoepsv=1e-5
naf_cor=1e-2
basis=aug-cc-pVTZ
basis_sm=def2-SVP
dfbasis_scf=def2-QZVPP-RI-JK
dfbasis_cor=aug-cc-pVTZ-RI
unit=angs
geom=xyz
16

C    34.41670262    34.07107264    10.41543014
C    33.11117461    33.45680459    10.91530835
H    34.24160149    35.00442132     9.86225048
H    34.94674030    33.36940783     9.75379242
H    35.10002891    34.30603621    11.24227357
H    32.42643037    33.26105434    10.07939442
H    32.59136835    34.12756100    11.61262818
H    33.28915165    32.50678735    11.43686767
C    20.41949695    27.74053668    10.40840413
C    21.71921254    27.12669671    10.92356358
H    19.89421274    27.03634178     9.74574003
H    20.60154528    28.67149383     9.85293887
H    19.72845280    27.98114066    11.22701403
H    22.41312130    26.93003715    10.09557036
H    21.53496881    26.17717467    11.44395536
H    22.23131028    27.79828785    11.62583355

--------------------Output has been truncated-------------------------


--------------------Output has been truncated-------------------------


--------------------Output has been truncated-------------------------


--------------------Output has been truncated-------------------------


--------------------Output has been truncated-------------------------


--------------------Output has been truncated-------------------------


--------------------Output has been truncated-------------------------


--------------------Output has been truncated-------------------------


--------------------Output has been truncated-------------------------


--------------------Output has been truncated-------------------------


 
 Reference energy [au]:                       -79.259538719227
 DF-MP2 singlet pair energy [au]:              -0.300255284892
 DF-MP2 triplet pair energy [au]:              -0.075031941943
 DF-SCS-MP2 correlation energy [au]:           -0.385316989185
 DF-SCS-MP2 energy [au]:                      -79.644855708412
 DF-SOS-MP2 correlation energy [au]:           -0.390331870360
 DF-SOS-MP2 energy [au]:                      -79.649870589587
 DF-MP2 correlation energy [au]:               -0.375287226835
 DF-MP2 energy [au]:                          -79.634825946062

 Results in FNO basis:
 
 
 Reference energy [au]:                       -79.259538719227
 DF-MP2 singlet pair energy [au]:              -0.299085061046
 DF-MP2 triplet pair energy [au]:              -0.074925668797
 DF-SCS-MP2 correlation energy [au]:           -0.383877296187
 DF-SCS-MP2 energy [au]:                      -79.643416015414
 DF-SOS-MP2 correlation energy [au]:           -0.388810579360
 DF-SOS-MP2 energy [au]:                      -79.648349298586
 DF-MP2 correlation energy [au]:               -0.374010729842
 DF-MP2 energy [au]:                          -79.633549449069

 Results in NAF basis:
 
 
 Reference energy [au]:                       -79.259538719227
 DF-MP2 singlet pair energy [au]:              -0.299024286644
 DF-MP2 triplet pair energy [au]:              -0.074964726824
 DF-SCS-MP2 correlation energy [au]:           -0.383817386247
 DF-SCS-MP2 energy [au]:                      -79.643356105474
 DF-SOS-MP2 correlation energy [au]:           -0.388731572637
 DF-SOS-MP2 energy [au]:                      -79.648270291864
 DF-MP2 correlation energy [au]:               -0.373989013468
 DF-MP2 energy [au]:                          -79.633527732694

 ************************ 2023-02-05 13:28:17 *************************
 Executing ccsd...

 Allocation of 220.0 Gbytes of memory...

 Direct DF-CCSD(T) calculation
 
 Convergence criterion:  1.0E-06
 
 Number of occupied/virtual/auxiliary orbitals:     7   139   378
    421.21 MB is the minimal memory requirement for (T)
     94.89 MB is the minimal memory requirement for CCSD
 
 Reference energy [au]:             -79.259538719227
 T1 contribution [au]:                0.000000000000
 Same spin MP2 energy [au]:          -0.074945138600
 Opposite spin MP2 energy [au]:      -0.299054503006
 MP2 correlation energy [au]:        -0.373999641606
 Total MP2 energy [au]:             -79.633538360833
 MP2 correction [au]:                -0.001287585229
 
 
 CPU time [min]:     0.317                   Wall time [min]:     0.016
 
 Starting CCSD iterations...
 
                     Residual norm          Energy
 Iteration  1        0.170711947194      -79.654466793233
 Iteration  2        0.042453940406      -79.664031904523
 Iteration  3        0.011296832848      -79.664988012587
 Iteration  4        0.002548602267      -79.664996327570
 Iteration  5        0.000536675117      -79.665001536711
 Iteration  6        0.000152294487      -79.665004613851
 Iteration  7        0.000036259061      -79.665004398415
 Iteration  8        0.000009249916      -79.665004690055
 
 CCSD iteration has converged in  8 steps.
     1534.57 MB memory was utilized by CCSD
 
 T1 diagnostic:      7.817E-03            D1 diagnostic:      1.354E-02
 
 T1 contribution [au]:                                  0.000000000000
 PPL energy contribution [au]:                          0.102912271412
 Scaled PPL energy contribution [au]:                   0.103271004789

 OS-PPL energy contribution [au]:                       0.089962018097
 Scaled OS-PPL energy contribution [au]:                0.090333128556
 SS-PPL energy contribution [au]:                       0.012950253315
 Scaled SS-PPL energy contribution [au]:                0.012962079317

 Opposite spin CCSD energy [au]:                       -0.334285269270
 Same spin CCSD energy [au]:                           -0.071199391447
 CCSD correlation energy [au]:                         -0.405484660717
 CCSD correlation energy + MP2 correction [au]:        -0.406772245946
 CCSD correlation energy + MP2 + PPL corr. [au]:       -0.406413512569
 Total CCSD energy [au]:                              -79.665023379944
 Total CCSD energy + MP2 correction [au]:             -79.666310965173
 Total CCSD energy + MP2 + PPL corr. [au]:            -79.665952231796
 
 CPU time [min]:     2.810                   Wall time [min]:     0.090
 
 Calculation of (T) correction...
 
 
      388.93 MB memory is utilized for (T)

 0%       25%       50%       75%       100%
 |---------|---------|---------|---------| 
 
 (T) correction [au]:                                    -0.013959016883
 (T*) correction [au]:                                   -0.014007074212
 (T+) correction [au]:                                   -0.014006492754
 CCSD(T) correlation energy [au]:                        -0.419443677600
 CCSD(T) correlation energy + MP2 correction [au]:       -0.420731262829
 CCSD(T+) correlation en. + MP2 + PPL corr. [au]:        -0.420420005323
 Total CCSD(T) energy [au]:                             -79.678982396826
 Total CCSD(T) energy + MP2 correction [au]:            -79.680269982055
 Total CCSD(T+) energy + MP2 + PPL corr. [au]:          -79.679958724550
 
 CPU time [min]:     3.524                   Wall time [min]:     0.112
 
 ************************ 2023-02-05 13:28:24 *************************
                      Normal termination of mrcc.
 **********************************************************************
