 **********************************************************************
                          MRCC program system
 **********************************************************************
 
                              Written by
     Mihaly Kallay, Peter R. Nagy, David Mester, Laszlo Gyevi-Nagy,
        Jozsef Csoka, P. Bernat Szabo, Zoltan Rolik, Gyula Samu,
     Jozsef Csontos, Bence Hegely, Adam Ganyecz, Istvan Ladjanszki,
       Lorant Szegedy, Bence Ladoczki, Klara Petrov, Mate Farkas,
                    Pal D. Mezei, and Reka A. Horvath
 
        Department of Physical Chemistry and Materials Science
            Budapest University of Technology and Economics
                  Budapest P.O.Box 91, H-1521 Hungary
 
                              www.mrcc.hu
 
                      Release date: March 18, 2022

 ************************ 2023-02-04 11:44:30 *************************
 Executing minp...

 Reading input from MINP...
 
 Input file:
 
calc=FNO-CCSD(T)
verbosity=3
mem=220GB
unit=angs
scfiguess=small
scfalg=locfit1
ccmaxit=400
ccsdalg=dfdirect
ccsdthreads=4
ccsdmkl=thr
ptthreads=4
lnoepsv=1e-5
naf_cor=1e-2
basis=aug-cc-pVQZ
basis_sm=def2-SVP
dfbasis_scf=def2-QZVPP-RI-JK
dfbasis_cor=aug-cc-pVQZ-RI
unit=angs
geom=xyz
10

C    29.54344629    29.54344629    16.97505516
H    29.54344670    30.44187631    17.60392580
H    29.54344662    28.64496649    17.60393442
H    30.44658454    29.54342777    16.34911135
H    28.64030918    29.54342779    16.34911130
C    33.76390794    37.98439940    16.97521401
H    32.86548827    37.98439960    17.60422237
H    33.76392673    38.88718726    16.34882774
H    33.76392671    37.08161262    16.34882693
H    34.66237815    37.98439958    17.60423123

--------------------Output has been truncated-------------------------


--------------------Output has been truncated-------------------------


--------------------Output has been truncated-------------------------


--------------------Output has been truncated-------------------------


--------------------Output has been truncated-------------------------


--------------------Output has been truncated-------------------------


--------------------Output has been truncated-------------------------


--------------------Output has been truncated-------------------------


--------------------Output has been truncated-------------------------


--------------------Output has been truncated-------------------------


 
 Reference energy [au]:                       -40.215614218184
 DF-MP2 singlet pair energy [au]:              -0.173753038662
 DF-MP2 triplet pair energy [au]:              -0.037498379163
 DF-SCS-MP2 correlation energy [au]:           -0.221003106116
 DF-SCS-MP2 energy [au]:                      -40.436617324300
 DF-SOS-MP2 correlation energy [au]:           -0.225878950261
 DF-SOS-MP2 energy [au]:                      -40.441493168445
 DF-MP2 correlation energy [au]:               -0.211251417826
 DF-MP2 energy [au]:                          -40.426865636010

 Results in FNO basis:
 
 
 Reference energy [au]:                       -40.215614218184
 DF-MP2 singlet pair energy [au]:              -0.170618279549
 DF-MP2 triplet pair energy [au]:              -0.037357070249
 DF-SCS-MP2 correlation energy [au]:           -0.217194292209
 DF-SCS-MP2 energy [au]:                      -40.432808510393
 DF-SOS-MP2 correlation energy [au]:           -0.221803763414
 DF-SOS-MP2 energy [au]:                      -40.437417981598
 DF-MP2 correlation energy [au]:               -0.207975349798
 DF-MP2 energy [au]:                          -40.423589567983

 Results in NAF basis:
 
 
 Reference energy [au]:                       -40.215614218184
 DF-MP2 singlet pair energy [au]:              -0.170600701469
 DF-MP2 triplet pair energy [au]:              -0.037363754357
 DF-SCS-MP2 correlation energy [au]:           -0.217175426548
 DF-SCS-MP2 energy [au]:                      -40.432789644732
 DF-SOS-MP2 correlation energy [au]:           -0.221780911909
 DF-SOS-MP2 energy [au]:                      -40.437395130093
 DF-MP2 correlation energy [au]:               -0.207964455826
 DF-MP2 energy [au]:                          -40.423578674010

 ************************ 2023-02-04 11:45:07 *************************
 Executing ccsd...

 Allocation of 220.0 Gbytes of memory...

 Direct DF-CCSD(T) calculation
 
 Convergence criterion:  1.0E-06
 
 Number of occupied/virtual/auxiliary orbitals:     4   101   320
    163.36 MB is the minimal memory requirement for (T)
     39.40 MB is the minimal memory requirement for CCSD
 
 Reference energy [au]:             -40.215614218184
 T1 contribution [au]:                0.000000000000
 Same spin MP2 energy [au]:          -0.037360407849
 Opposite spin MP2 energy [au]:      -0.170609480708
 MP2 correlation energy [au]:        -0.207969888556
 Total MP2 energy [au]:             -40.423584106740
 MP2 correction [au]:                -0.003281529270
 
 
 CPU time [min]:     0.175                   Wall time [min]:     0.008
 
 Starting CCSD iterations...
 
                     Residual norm          Energy
 Iteration  1        0.138680841577      -40.436529069240
 Iteration  2        0.035376083921      -40.442052620233
 Iteration  3        0.009771746679      -40.442635341685
 Iteration  4        0.002020927021      -40.442639840933
 Iteration  5        0.000374897918      -40.442646351779
 Iteration  6        0.000084797822      -40.442646228540
 Iteration  7        0.000020223497      -40.442646918570
 Iteration  8        0.000003738680      -40.442646975519
 
 CCSD iteration has converged in  8 steps.
      444.29 MB memory was utilized by CCSD
 
 T1 diagnostic:      7.996E-03            D1 diagnostic:      1.292E-02
 
 T1 contribution [au]:                                  0.000000000000
 PPL energy contribution [au]:                          0.060602245323
 Scaled PPL energy contribution [au]:                   0.061559069125

 OS-PPL energy contribution [au]:                       0.053773747366
 Scaled OS-PPL energy contribution [au]:                0.054766832108
 SS-PPL energy contribution [au]:                       0.006828497957
 Scaled SS-PPL energy contribution [au]:                0.006852799497

 Opposite spin CCSD energy [au]:                       -0.191003479225
 Same spin CCSD energy [au]:                           -0.036036042344
 CCSD correlation energy [au]:                         -0.227039521569
 CCSD correlation energy + MP2 correction [au]:        -0.230321050839
 CCSD correlation energy + MP2 + PPL corr. [au]:       -0.229364227037
 Total CCSD energy [au]:                              -40.442653739753
 Total CCSD energy + MP2 correction [au]:             -40.445935269023
 Total CCSD energy + MP2 + PPL corr. [au]:            -40.444978445221
 
 CPU time [min]:     0.888                   Wall time [min]:     0.028
 
 Calculation of (T) correction...
 
 
      124.68 MB memory is utilized for (T)

 0%       25%       50%       75%       100%
 |---------|---------|---------|---------| 
 
 (T) correction [au]:                                    -0.006941740603
 (T*) correction [au]:                                   -0.007051273407
 (T+) correction [au]:                                   -0.007050866790
 CCSD(T) correlation energy [au]:                        -0.233981262172
 CCSD(T) correlation energy + MP2 correction [au]:       -0.237262791442
 CCSD(T+) correlation en. + MP2 + PPL corr. [au]:        -0.236415093827
 Total CCSD(T) energy [au]:                             -40.449595480356
 Total CCSD(T) energy + MP2 correction [au]:            -40.452877009626
 Total CCSD(T+) energy + MP2 + PPL corr. [au]:          -40.452029312011
 
 CPU time [min]:     0.969                   Wall time [min]:     0.030
 
 ************************ 2023-02-04 11:45:08 *************************
                      Normal termination of mrcc.
 **********************************************************************
