 **********************************************************************
                          MRCC program system
 **********************************************************************
 
                              Written by
     Mihaly Kallay, Peter R. Nagy, David Mester, Laszlo Gyevi-Nagy,
        Jozsef Csoka, P. Bernat Szabo, Zoltan Rolik, Gyula Samu,
     Jozsef Csontos, Bence Hegely, Adam Ganyecz, Istvan Ladjanszki,
       Lorant Szegedy, Bence Ladoczki, Klara Petrov, Mate Farkas,
                    Pal D. Mezei, and Reka A. Horvath
 
        Department of Physical Chemistry and Materials Science
            Budapest University of Technology and Economics
                  Budapest P.O.Box 91, H-1521 Hungary
 
                              www.mrcc.hu
 
                      Release date: March 18, 2022

 ************************ 2023-02-05 13:34:14 *************************
 Executing minp...

 Reading input from MINP...
 
 Input file:
 
calc=FNO-CCSD(T)
verbosity=3
mem=220GB
unit=angs
scfiguess=small
scfalg=locfit1
ccmaxit=400
ccsdalg=dfdirect
ccsdthreads=4
ccsdmkl=thr
ptthreads=4
lnoepsv=1e-5
naf_cor=1e-2
basis=aug-cc-pVTZ
basis_sm=def2-SVP
dfbasis_scf=def2-QZVPP-RI-JK
dfbasis_cor=aug-cc-pVTZ-RI
unit=angs
geom=xyz
16

C    34.41670262    34.07107264    10.41543014
C    33.11117461    33.45680459    10.91530835
H    34.24160149    35.00442132     9.86225048
H    34.94674030    33.36940783     9.75379242
H    35.10002891    34.30603621    11.24227357
H    32.42643037    33.26105434    10.07939442
H    32.59136835    34.12756100    11.61262818
H    33.28915165    32.50678735    11.43686767
C    25.97573568    21.40962162    10.41548088
C    24.67017836    20.79532608    10.91529140
H    25.80053312    22.34306075     9.86250154
H    26.50570813    20.70774924     9.75399090
H    26.65931845    21.64470584    11.24209422
H    23.98530395    20.59942806    10.07951373
H    24.15034095    21.46625866    11.61243196
H    24.84823997    19.84522333    11.43663402

--------------------Output has been truncated-------------------------


--------------------Output has been truncated-------------------------


--------------------Output has been truncated-------------------------


--------------------Output has been truncated-------------------------


--------------------Output has been truncated-------------------------


--------------------Output has been truncated-------------------------


--------------------Output has been truncated-------------------------


--------------------Output has been truncated-------------------------


--------------------Output has been truncated-------------------------


--------------------Output has been truncated-------------------------


 
 Reference energy [au]:                      -158.519098732242
 DF-MP2 singlet pair energy [au]:              -0.600509243116
 DF-MP2 triplet pair energy [au]:              -0.150063256292
 DF-SCS-MP2 correlation energy [au]:           -0.770632177170
 DF-SCS-MP2 energy [au]:                     -159.289730909411
 DF-SOS-MP2 correlation energy [au]:           -0.780662016050
 DF-SOS-MP2 energy [au]:                     -159.299760748292
 DF-MP2 correlation energy [au]:               -0.750572499408
 DF-MP2 energy [au]:                         -159.269671231650

 Results in FNO basis:
 
 
 Reference energy [au]:                      -158.519098732242
 DF-MP2 singlet pair energy [au]:              -0.598168797629
 DF-MP2 triplet pair energy [au]:              -0.149850701574
 DF-SCS-MP2 correlation energy [au]:           -0.767752791013
 DF-SCS-MP2 energy [au]:                     -159.286851523254
 DF-SOS-MP2 correlation energy [au]:           -0.777619436918
 DF-SOS-MP2 energy [au]:                     -159.296718169159
 DF-MP2 correlation energy [au]:               -0.748019499203
 DF-MP2 energy [au]:                         -159.267118231444

 Results in NAF basis:
 
 
 Reference energy [au]:                      -158.519098732242
 DF-MP2 singlet pair energy [au]:              -0.598047867011
 DF-MP2 triplet pair energy [au]:              -0.149929146298
 DF-SCS-MP2 correlation energy [au]:           -0.767633822512
 DF-SCS-MP2 energy [au]:                     -159.286732554754
 DF-SOS-MP2 correlation energy [au]:           -0.777462227114
 DF-SOS-MP2 energy [au]:                     -159.296560959356
 DF-MP2 correlation energy [au]:               -0.747977013308
 DF-MP2 energy [au]:                         -159.267075745550

 ************************ 2023-02-05 13:34:57 *************************
 Executing ccsd...

 Allocation of 220.0 Gbytes of memory...

 Direct DF-CCSD(T) calculation
 
 Convergence criterion:  1.0E-06
 
 Number of occupied/virtual/auxiliary orbitals:    14   278   756
   3422.71 MB is the minimal memory requirement for (T)
    780.99 MB is the minimal memory requirement for CCSD
 
 Reference energy [au]:            -158.519098732242
 T1 contribution [au]:                0.000000000000
 Same spin MP2 energy [au]:          -0.149889805823
 Opposite spin MP2 energy [au]:      -0.598107991116
 MP2 correlation energy [au]:        -0.747997796939
 Total MP2 energy [au]:            -159.267096529181
 MP2 correction [au]:                -0.002574702469
 
 
 CPU time [min]:     0.910                   Wall time [min]:     0.133
 
 Starting CCSD iterations...
 
                     Residual norm          Energy
 Iteration  1        0.241422450775     -159.308953559234
 Iteration  2        0.060037842003     -159.328083399160
 Iteration  3        0.015975826198     -159.329995570595
 Iteration  4        0.003604195312     -159.330012218246
 Iteration  5        0.000758966695     -159.330022632323
 Iteration  6        0.000215375442     -159.330028786839
 Iteration  7        0.000051276283     -159.330028356103
 Iteration  8        0.000013080340     -159.330028939344
 Iteration  9        0.000002622529     -159.330028887298
 
 CCSD iteration has converged in  9 steps.
    23656.02 MB memory was utilized by CCSD
 
 T1 diagnostic:      7.817E-03            D1 diagnostic:      1.354E-02
 
 T1 contribution [au]:                                  0.000000000000
 PPL energy contribution [au]:                          0.205823410738
 Scaled PPL energy contribution [au]:                   0.206540618258

 OS-PPL energy contribution [au]:                       0.179922941450
 Scaled OS-PPL energy contribution [au]:                0.180664974403
 SS-PPL energy contribution [au]:                       0.025900469288
 Scaled SS-PPL energy contribution [au]:                0.025924066233

 Opposite spin CCSD energy [au]:                       -0.668568654336
 Same spin CCSD energy [au]:                           -0.142398416586
 CCSD correlation energy [au]:                         -0.810967070922
 CCSD correlation energy + MP2 correction [au]:        -0.813541773391
 CCSD correlation energy + MP2 + PPL corr. [au]:       -0.812824565871
 Total CCSD energy [au]:                             -159.330065803164
 Total CCSD energy + MP2 correction [au]:            -159.332640505633
 Total CCSD energy + MP2 + PPL corr. [au]:           -159.331923298113
 
 CPU time [min]:    54.543                   Wall time [min]:     1.816
 
 Calculation of (T) correction...
 
 
     4429.83 MB memory is utilized for (T)

 0%       25%       50%       75%       100%
 |---------|---------|---------|---------| 
 
 (T) correction [au]:                                    -0.027917996693
 (T*) correction [au]:                                   -0.028014093948
 (T+) correction [au]:                                   -0.028012913622
 CCSD(T) correlation energy [au]:                        -0.838885067615
 CCSD(T) correlation energy + MP2 correction [au]:       -0.841459770084
 CCSD(T+) correlation en. + MP2 + PPL corr. [au]:        -0.840837479493
 Total CCSD(T) energy [au]:                            -159.357983799857
 Total CCSD(T) energy + MP2 correction [au]:           -159.360558502326
 Total CCSD(T+) energy + MP2 + PPL corr. [au]:         -159.359936211735
 
 CPU time [min]:   112.850                   Wall time [min]:     3.531
 
 ************************ 2023-02-05 13:38:29 *************************
                      Normal termination of mrcc.
 **********************************************************************
