 **********************************************************************
                          MRCC program system
 **********************************************************************
 
                              Written by
     Mihaly Kallay, Peter R. Nagy, David Mester, Laszlo Gyevi-Nagy,
        Jozsef Csoka, P. Bernat Szabo, Zoltan Rolik, Gyula Samu,
     Jozsef Csontos, Bence Hegely, Adam Ganyecz, Istvan Ladjanszki,
       Lorant Szegedy, Bence Ladoczki, Klara Petrov, Mate Farkas,
                    Pal D. Mezei, and Reka A. Horvath
 
        Department of Physical Chemistry and Materials Science
            Budapest University of Technology and Economics
                  Budapest P.O.Box 91, H-1521 Hungary
 
                              www.mrcc.hu
 
                      Release date: March 18, 2022

 ************************ 2023-02-05 13:20:31 *************************
 Executing minp...

 Reading input from MINP...
 
 Input file:
 
calc=FNO-CCSD(T)
verbosity=3
mem=220GB
unit=angs
scfiguess=small
scfalg=locfit1
ccmaxit=400
ccsdalg=dfdirect
ccsdthreads=4
ccsdmkl=thr
ptthreads=4
lnoepsv=1e-5
naf_cor=1e-2
basis=aug-cc-pVTZ
basis_sm=def2-SVP
dfbasis_scf=def2-QZVPP-RI-JK
dfbasis_cor=aug-cc-pVTZ-RI
unit=angs
geom=xyz
16

C    34.41670262    34.07107264    10.41543014
C    33.11117461    33.45680459    10.91530835
H    34.24160149    35.00442132     9.86225048
H    34.94674030    33.36940783     9.75379242
H    35.10002891    34.30603621    11.24227357
H    32.42643037    33.26105434    10.07939442
H    32.59136835    34.12756100    11.61262818
H    33.28915165    32.50678735    11.43686767
C    42.85770499    21.40962162    10.41548088
C    41.55214767    20.79532608    10.91529140
H    42.68250243    22.34306075     9.86250154
H    43.38767744    20.70774924     9.75399090
H    43.54128776    21.64470584    11.24209422
H    40.86727325    20.59942806    10.07951373
H    41.03231026    21.46625866    11.61243196
H    41.73020928    19.84522333    11.43663402

--------------------Output has been truncated-------------------------


--------------------Output has been truncated-------------------------


--------------------Output has been truncated-------------------------


--------------------Output has been truncated-------------------------


--------------------Output has been truncated-------------------------


--------------------Output has been truncated-------------------------


--------------------Output has been truncated-------------------------


--------------------Output has been truncated-------------------------


--------------------Output has been truncated-------------------------


--------------------Output has been truncated-------------------------


 
 Reference energy [au]:                       -79.259550503431
 DF-MP2 singlet pair energy [au]:              -0.300254292820
 DF-MP2 triplet pair energy [au]:              -0.075031442725
 DF-SCS-MP2 correlation energy [au]:           -0.385315632292
 DF-SCS-MP2 energy [au]:                      -79.644866135723
 DF-SOS-MP2 correlation energy [au]:           -0.390330580666
 DF-SOS-MP2 energy [au]:                      -79.649881084097
 DF-MP2 correlation energy [au]:               -0.375285735545
 DF-MP2 energy [au]:                          -79.634836238976

 Results in FNO basis:
 
 
 Reference energy [au]:                       -79.259550503431
 DF-MP2 singlet pair energy [au]:              -0.299084110130
 DF-MP2 triplet pair energy [au]:              -0.074925176859
 DF-SCS-MP2 correlation energy [au]:           -0.383875991108
 DF-SCS-MP2 energy [au]:                      -79.643426494539
 DF-SOS-MP2 correlation energy [au]:           -0.388809343168
 DF-SOS-MP2 energy [au]:                      -79.648359846599
 DF-MP2 correlation energy [au]:               -0.374009286988
 DF-MP2 energy [au]:                          -79.633559790419

 Results in NAF basis:
 
 
 Reference energy [au]:                       -79.259550503431
 DF-MP2 singlet pair energy [au]:              -0.299023378937
 DF-MP2 triplet pair energy [au]:              -0.074964221268
 DF-SCS-MP2 correlation energy [au]:           -0.383816128480
 DF-SCS-MP2 energy [au]:                      -79.643366631911
 DF-SOS-MP2 correlation energy [au]:           -0.388730392618
 DF-SOS-MP2 energy [au]:                      -79.648280896048
 DF-MP2 correlation energy [au]:               -0.373987600204
 DF-MP2 energy [au]:                          -79.633538103635

 ************************ 2023-02-05 13:21:00 *************************
 Executing ccsd...

 Allocation of 220.0 Gbytes of memory...

 Direct DF-CCSD(T) calculation
 
 Convergence criterion:  1.0E-06
 
 Number of occupied/virtual/auxiliary orbitals:     7   139   378
    421.21 MB is the minimal memory requirement for (T)
     94.89 MB is the minimal memory requirement for CCSD
 
 Reference energy [au]:             -79.259550503431
 T1 contribution [au]:                0.000000000000
 Same spin MP2 energy [au]:          -0.074944639883
 Opposite spin MP2 energy [au]:      -0.299053573718
 MP2 correlation energy [au]:        -0.373998213601
 Total MP2 energy [au]:             -79.633548717032
 MP2 correction [au]:                -0.001287521944
 
 
 CPU time [min]:     0.319                   Wall time [min]:     0.017
 
 Starting CCSD iterations...
 
                     Residual norm          Energy
 Iteration  1        0.170712145696      -79.654477279121
 Iteration  2        0.042453499133      -79.664042196554
 Iteration  3        0.011296535704      -79.664998242594
 Iteration  4        0.002548541642      -79.665006564247
 Iteration  5        0.000536665457      -79.665011770979
 Iteration  6        0.000152292046      -79.665014848610
 Iteration  7        0.000036257620      -79.665014633322
 Iteration  8        0.000009249088      -79.665014924958
 
 CCSD iteration has converged in  8 steps.
     1534.57 MB memory was utilized by CCSD
 
 T1 diagnostic:      7.816E-03            D1 diagnostic:      1.353E-02
 
 T1 contribution [au]:                                  0.000000000000
 PPL energy contribution [au]:                          0.102911448140
 Scaled PPL energy contribution [au]:                   0.103270158009

 OS-PPL energy contribution [au]:                       0.089961250535
 Scaled OS-PPL energy contribution [au]:                0.090332333086
 SS-PPL energy contribution [au]:                       0.012950197606
 Scaled SS-PPL energy contribution [au]:                0.012962024350

 Opposite spin CCSD energy [au]:                       -0.334284076120
 Same spin CCSD energy [au]:                           -0.071199012801
 CCSD correlation energy [au]:                         -0.405483088921
 CCSD correlation energy + MP2 correction [au]:        -0.406770610865
 CCSD correlation energy + MP2 + PPL corr. [au]:       -0.406411900996
 Total CCSD energy [au]:                              -79.665033592351
 Total CCSD energy + MP2 correction [au]:             -79.666321114295
 Total CCSD energy + MP2 + PPL corr. [au]:            -79.665962404427
 
 CPU time [min]:     2.756                   Wall time [min]:     0.088
 
 Calculation of (T) correction...
 
 
      388.93 MB memory is utilized for (T)

 0%       25%       50%       75%       100%
 |---------|---------|---------|---------| 
 
 (T) correction [au]:                                    -0.013958894056
 (T*) correction [au]:                                   -0.014006948784
 (T+) correction [au]:                                   -0.014006366455
 CCSD(T) correlation energy [au]:                        -0.419441982976
 CCSD(T) correlation energy + MP2 correction [au]:       -0.420729504920
 CCSD(T+) correlation en. + MP2 + PPL corr. [au]:        -0.420418267452
 Total CCSD(T) energy [au]:                             -79.678992486407
 Total CCSD(T) energy + MP2 correction [au]:            -79.680280008351
 Total CCSD(T+) energy + MP2 + PPL corr. [au]:          -79.679968770882
 
 CPU time [min]:     3.448                   Wall time [min]:     0.110
 
 ************************ 2023-02-05 13:21:07 *************************
                      Normal termination of mrcc.
 **********************************************************************
