 **********************************************************************
                          MRCC program system
 **********************************************************************
 
                              Written by
     Mihaly Kallay, Peter R. Nagy, David Mester, Laszlo Gyevi-Nagy,
        Jozsef Csoka, P. Bernat Szabo, Zoltan Rolik, Gyula Samu,
     Jozsef Csontos, Bence Hegely, Adam Ganyecz, Istvan Ladjanszki,
       Lorant Szegedy, Bence Ladoczki, Klara Petrov, Mate Farkas,
                    Pal D. Mezei, and Reka A. Horvath
 
        Department of Physical Chemistry and Materials Science
            Budapest University of Technology and Economics
                  Budapest P.O.Box 91, H-1521 Hungary
 
                              www.mrcc.hu
 
                      Release date: March 18, 2022

 ************************ 2023-02-05 13:20:37 *************************
 Executing minp...

 Reading input from MINP...
 
 Input file:
 
calc=FNO-CCSD(T)
verbosity=3
mem=220GB
unit=angs
scfiguess=small
scfalg=locfit1
ccmaxit=400
ccsdalg=dfdirect
ccsdthreads=4
ccsdmkl=thr
ptthreads=4
lnoepsv=1e-5
naf_cor=1e-2
basis=aug-cc-pVQZ
basis_sm=def2-SVP
dfbasis_scf=def2-QZVPP-RI-JK
dfbasis_cor=aug-cc-pVQZ-RI
unit=angs
geom=xyz
16

C    34.41670262    34.07107264    10.41543014
C    33.11117461    33.45680459    10.91530835
H    34.24160149    35.00442132     9.86225048
H    34.94674030    33.36940783     9.75379242
H    35.10002891    34.30603621    11.24227357
H    32.42643037    33.26105434    10.07939442
H    32.59136835    34.12756100    11.61262818
H    33.28915165    32.50678735    11.43686767
C    42.85770499    21.40962162    10.41548088
C    41.55214767    20.79532608    10.91529140
H    42.68250243    22.34306075     9.86250154
H    43.38767744    20.70774924     9.75399090
H    43.54128776    21.64470584    11.24209422
H    40.86727325    20.59942806    10.07951373
H    41.03231026    21.46625866    11.61243196
H    41.73020928    19.84522333    11.43663402

--------------------Output has been truncated-------------------------


--------------------Output has been truncated-------------------------


--------------------Output has been truncated-------------------------


--------------------Output has been truncated-------------------------


--------------------Output has been truncated-------------------------


--------------------Output has been truncated-------------------------


--------------------Output has been truncated-------------------------


--------------------Output has been truncated-------------------------


--------------------Output has been truncated-------------------------


--------------------Output has been truncated-------------------------


 
 Reference energy [au]:                       -79.264437035068
 DF-MP2 singlet pair energy [au]:              -0.317722285095
 DF-MP2 triplet pair energy [au]:              -0.076906316344
 DF-SCS-MP2 correlation energy [au]:           -0.406902180895
 DF-SCS-MP2 energy [au]:                      -79.671339215963
 DF-SOS-MP2 correlation energy [au]:           -0.413038970623
 DF-SOS-MP2 energy [au]:                      -79.677476005691
 DF-MP2 correlation energy [au]:               -0.394628601439
 DF-MP2 energy [au]:                          -79.659065636507

 Results in FNO basis:
 
 
 Reference energy [au]:                       -79.264437035068
 DF-MP2 singlet pair energy [au]:              -0.312548723503
 DF-MP2 triplet pair energy [au]:              -0.076620435235
 DF-SCS-MP2 correlation energy [au]:           -0.400598613283
 DF-SCS-MP2 energy [au]:                      -79.665035648351
 DF-SOS-MP2 correlation energy [au]:           -0.406313340555
 DF-SOS-MP2 energy [au]:                      -79.670750375623
 DF-MP2 correlation energy [au]:               -0.389169158738
 DF-MP2 energy [au]:                          -79.653606193807

 Results in NAF basis:
 
 
 Reference energy [au]:                       -79.264437035068
 DF-MP2 singlet pair energy [au]:              -0.312527761317
 DF-MP2 triplet pair energy [au]:              -0.076628441728
 DF-SCS-MP2 correlation energy [au]:           -0.400576127490
 DF-SCS-MP2 energy [au]:                      -79.665013162558
 DF-SOS-MP2 correlation energy [au]:           -0.406286089712
 DF-SOS-MP2 energy [au]:                      -79.670723124780
 DF-MP2 correlation energy [au]:               -0.389156203045
 DF-MP2 energy [au]:                          -79.653593238113

 ************************ 2023-02-05 13:22:05 *************************
 Executing ccsd...

 Allocation of 220.0 Gbytes of memory...

 Direct DF-CCSD(T) calculation
 
 Convergence criterion:  1.0E-06
 
 Number of occupied/virtual/auxiliary orbitals:     7   175   551
    851.32 MB is the minimal memory requirement for (T)
    190.43 MB is the minimal memory requirement for CCSD
 
 Reference energy [au]:             -79.264437035068
 T1 contribution [au]:                0.000000000000
 Same spin MP2 energy [au]:          -0.076624435918
 Opposite spin MP2 energy [au]:      -0.312538237703
 MP2 correlation energy [au]:        -0.389162673621
 Total MP2 energy [au]:             -79.653599708689
 MP2 correction [au]:                -0.005465927817
 
 
 CPU time [min]:     0.398                   Wall time [min]:     0.050
 
 Starting CCSD iterations...
 
                     Residual norm          Energy
 Iteration  1        0.179604444599      -79.671512642587
 Iteration  2        0.044511309613      -79.681094805862
 Iteration  3        0.013089807323      -79.682230530013
 Iteration  4        0.002650289864      -79.682237752725
 Iteration  5        0.000560968317      -79.682243617975
 Iteration  6        0.000156931284      -79.682245668827
 Iteration  7        0.000037096199      -79.682245443773
 Iteration  8        0.000009998709      -79.682245807661
 
 CCSD iteration has converged in  8 steps.
     3804.92 MB memory was utilized by CCSD
 
 T1 diagnostic:      8.231E-03            D1 diagnostic:      1.428E-02
 
 T1 contribution [au]:                                  0.000000000000
 PPL energy contribution [au]:                          0.108935357731
 Scaled PPL energy contribution [au]:                   0.110475078908

 OS-PPL energy contribution [au]:                       0.095542151765
 Scaled OS-PPL energy contribution [au]:                0.097137054985
 SS-PPL energy contribution [au]:                       0.013393205966
 Scaled SS-PPL energy contribution [au]:                0.013441282998

 Opposite spin CCSD energy [au]:                       -0.345140090290
 Same spin CCSD energy [au]:                           -0.072676435104
 CCSD correlation energy [au]:                         -0.417816525394
 CCSD correlation energy + MP2 correction [au]:        -0.423282453211
 CCSD correlation energy + MP2 + PPL corr. [au]:       -0.421742732035
 Total CCSD energy [au]:                              -79.682253560462
 Total CCSD energy + MP2 correction [au]:             -79.687719488279
 Total CCSD energy + MP2 + PPL corr. [au]:            -79.686179767103
 
 CPU time [min]:     6.586                   Wall time [min]:     0.240
 
 Calculation of (T) correction...
 
 
      783.34 MB memory is utilized for (T)

 0%       25%       50%       75%       100%
 |---------|---------|---------|---------| 
 
 (T) correction [au]:                                    -0.014762650779
 (T*) correction [au]:                                   -0.014969997446
 (T+) correction [au]:                                   -0.014966466013
 CCSD(T) correlation energy [au]:                        -0.432579176173
 CCSD(T) correlation energy + MP2 correction [au]:       -0.438045103990
 CCSD(T+) correlation en. + MP2 + PPL corr. [au]:        -0.436709198048
 Total CCSD(T) energy [au]:                             -79.697016211241
 Total CCSD(T) energy + MP2 correction [au]:            -79.702482139058
 Total CCSD(T+) energy + MP2 + PPL corr. [au]:          -79.701146233116
 
 CPU time [min]:     8.288                   Wall time [min]:     0.296
 
 ************************ 2023-02-05 13:22:23 *************************
                      Normal termination of mrcc.
 **********************************************************************
