 **********************************************************************
                          MRCC program system
 **********************************************************************
 
                              Written by
     Mihaly Kallay, Peter R. Nagy, David Mester, Laszlo Gyevi-Nagy,
        Jozsef Csoka, P. Bernat Szabo, Zoltan Rolik, Gyula Samu,
     Jozsef Csontos, Bence Hegely, Adam Ganyecz, Istvan Ladjanszki,
       Lorant Szegedy, Bence Ladoczki, Klara Petrov, Mate Farkas,
                    Pal D. Mezei, and Reka A. Horvath
 
        Department of Physical Chemistry and Materials Science
            Budapest University of Technology and Economics
                  Budapest P.O.Box 91, H-1521 Hungary
 
                              www.mrcc.hu
 
                      Release date: March 18, 2022

 ************************ 2023-02-05 13:32:46 *************************
 Executing minp...

 Reading input from MINP...
 
 Input file:
 
calc=FNO-CCSD(T)
verbosity=3
mem=220GB
unit=angs
scfiguess=small
scfalg=locfit1
ccmaxit=400
ccsdalg=dfdirect
ccsdthreads=4
ccsdmkl=thr
ptthreads=4
lnoepsv=1e-5
naf_cor=1e-2
basis=aug-cc-pVTZ
basis_sm=def2-SVP
dfbasis_scf=def2-QZVPP-RI-JK
dfbasis_cor=aug-cc-pVTZ-RI
unit=angs
geom=xyz
16

C    34.41670262    34.07107264    10.41543014
C    33.11117461    33.45680459    10.91530835
H    34.24160149    35.00442132     9.86225048
H    34.94674030    33.36940783     9.75379242
H    35.10002891    34.30603621    11.24227357
H    32.42643037    33.26105434    10.07939442
H    32.59136835    34.12756100    11.61262818
H    33.28915165    32.50678735    11.43686767
C    25.97571797    17.18910333    10.41543014
C    24.67018996    16.57483529    10.91530835
H    25.80061684    18.12245202     9.86225048
H    26.50575565    16.48743852     9.75379242
H    26.65904426    17.42406690    11.24227357
H    23.98544572    16.37908503    10.07939442
H    24.15038370    17.24559169    11.61262818
H    24.84816699    15.62481804    11.43686767

--------------------Output has been truncated-------------------------


--------------------Output has been truncated-------------------------


--------------------Output has been truncated-------------------------


--------------------Output has been truncated-------------------------


--------------------Output has been truncated-------------------------


--------------------Output has been truncated-------------------------


--------------------Output has been truncated-------------------------


--------------------Output has been truncated-------------------------


--------------------Output has been truncated-------------------------


--------------------Output has been truncated-------------------------


 
 Reference energy [au]:                      -158.519101022213
 DF-MP2 singlet pair energy [au]:              -0.600508676737
 DF-MP2 triplet pair energy [au]:              -0.150062983280
 DF-SCS-MP2 correlation energy [au]:           -0.770631406511
 DF-SCS-MP2 energy [au]:                     -159.289732428724
 DF-SOS-MP2 correlation energy [au]:           -0.780661279758
 DF-SOS-MP2 energy [au]:                     -159.299762301971
 DF-MP2 correlation energy [au]:               -0.750571660017
 DF-MP2 energy [au]:                         -159.269672682229

 Results in FNO basis:
 
 
 Reference energy [au]:                      -158.519101022213
 DF-MP2 singlet pair energy [au]:              -0.598168295744
 DF-MP2 triplet pair energy [au]:              -0.149850446104
 DF-SCS-MP2 correlation energy [au]:           -0.767752103595
 DF-SCS-MP2 energy [au]:                     -159.286853125807
 DF-SOS-MP2 correlation energy [au]:           -0.777618784468
 DF-SOS-MP2 energy [au]:                     -159.296719806681
 DF-MP2 correlation energy [au]:               -0.748018741848
 DF-MP2 energy [au]:                         -159.267119764061

 Results in NAF basis:
 
 
 Reference energy [au]:                      -158.519101022213
 DF-MP2 singlet pair energy [au]:              -0.598047545940
 DF-MP2 triplet pair energy [au]:              -0.149928842490
 DF-SCS-MP2 correlation energy [au]:           -0.767633335959
 DF-SCS-MP2 energy [au]:                     -159.286734358171
 DF-SOS-MP2 correlation energy [au]:           -0.777461809722
 DF-SOS-MP2 energy [au]:                     -159.296562831935
 DF-MP2 correlation energy [au]:               -0.747976388431
 DF-MP2 energy [au]:                         -159.267077410644

 ************************ 2023-02-05 13:33:28 *************************
 Executing ccsd...

 Allocation of 220.0 Gbytes of memory...

 Direct DF-CCSD(T) calculation
 
 Convergence criterion:  1.0E-06
 
 Number of occupied/virtual/auxiliary orbitals:    14   278   756
   3422.71 MB is the minimal memory requirement for (T)
    780.99 MB is the minimal memory requirement for CCSD
 
 Reference energy [au]:            -158.519101022213
 T1 contribution [au]:                0.000000000000
 Same spin MP2 energy [au]:          -0.149889526253
 Opposite spin MP2 energy [au]:      -0.598107579781
 MP2 correlation energy [au]:        -0.747997106034
 Total MP2 energy [au]:            -159.267098128247
 MP2 correction [au]:                -0.002574553982
 
 
 CPU time [min]:     0.911                   Wall time [min]:     0.132
 
 Starting CCSD iterations...
 
                     Residual norm          Energy
 Iteration  1        0.241423537055     -159.308955287956
 Iteration  2        0.060038243657     -159.328085087774
 Iteration  3        0.015975789849     -159.329997200176
 Iteration  4        0.003604180543     -159.330013842464
 Iteration  5        0.000758959524     -159.330024256330
 Iteration  6        0.000215373345     -159.330030411477
 Iteration  7        0.000051275974     -159.330029980861
 Iteration  8        0.000013080197     -159.330030564137
 Iteration  9        0.000002622447     -159.330030512097
 
 CCSD iteration has converged in  9 steps.
    23656.02 MB memory was utilized by CCSD
 
 T1 diagnostic:      7.816E-03            D1 diagnostic:      1.353E-02
 
 T1 contribution [au]:                                  0.000000000000
 PPL energy contribution [au]:                          0.205822973444
 Scaled PPL energy contribution [au]:                   0.206540121420

 OS-PPL energy contribution [au]:                       0.179922558959
 Scaled OS-PPL energy contribution [au]:                0.180664517532
 SS-PPL energy contribution [au]:                       0.025900414485
 Scaled SS-PPL energy contribution [au]:                0.025924017434

 Opposite spin CCSD energy [au]:                       -0.668568138334
 Same spin CCSD energy [au]:                           -0.142398199844
 CCSD correlation energy [au]:                         -0.810966338178
 CCSD correlation energy + MP2 correction [au]:        -0.813540892161
 CCSD correlation energy + MP2 + PPL corr. [au]:       -0.812823744184
 Total CCSD energy [au]:                             -159.330067360391
 Total CCSD energy + MP2 correction [au]:            -159.332641914374
 Total CCSD energy + MP2 + PPL corr. [au]:           -159.331924766397
 
 CPU time [min]:    54.427                   Wall time [min]:     1.809
 
 Calculation of (T) correction...
 
 
     4429.83 MB memory is utilized for (T)

 0%       25%       50%       75%       100%
 |---------|---------|---------|---------| 
 
 (T) correction [au]:                                    -0.027917805972
 (T*) correction [au]:                                   -0.028013897118
 (T+) correction [au]:                                   -0.028012715387
 CCSD(T) correlation energy [au]:                        -0.838884144151
 CCSD(T) correlation energy + MP2 correction [au]:       -0.841458698133
 CCSD(T+) correlation en. + MP2 + PPL corr. [au]:        -0.840836459571
 Total CCSD(T) energy [au]:                            -159.357985166364
 Total CCSD(T) energy + MP2 correction [au]:           -159.360559720346
 Total CCSD(T+) energy + MP2 + PPL corr. [au]:         -159.359937481784
 
 CPU time [min]:   112.748                   Wall time [min]:     3.521
 
 ************************ 2023-02-05 13:36:59 *************************
                      Normal termination of mrcc.
 **********************************************************************
