 **********************************************************************
                          MRCC program system
 **********************************************************************
 
                              Written by
     Mihaly Kallay, Peter R. Nagy, David Mester, Laszlo Gyevi-Nagy,
        Jozsef Csoka, P. Bernat Szabo, Zoltan Rolik, Gyula Samu,
     Jozsef Csontos, Bence Hegely, Adam Ganyecz, Istvan Ladjanszki,
       Lorant Szegedy, Bence Ladoczki, Klara Petrov, Mate Farkas,
                    Pal D. Mezei, and Reka A. Horvath
 
        Department of Physical Chemistry and Materials Science
            Budapest University of Technology and Economics
                  Budapest P.O.Box 91, H-1521 Hungary
 
                              www.mrcc.hu
 
                      Release date: March 18, 2022

 ************************ 2023-02-04 11:38:19 *************************
 Executing minp...

 Reading input from MINP...
 
 Input file:
 
calc=FNO-CCSD(T)
verbosity=3
mem=220GB
unit=angs
scfiguess=small
scfalg=locfit1
ccmaxit=400
ccsdalg=dfdirect
ccsdthreads=4
ccsdmkl=thr
ptthreads=4
lnoepsv=1e-5
naf_cor=1e-2
basis=aug-cc-pVQZ
basis_sm=def2-SVP
dfbasis_scf=def2-QZVPP-RI-JK
dfbasis_cor=aug-cc-pVQZ-RI
unit=angs
geom=xyz
10

C    29.54344629    29.54344629    16.97505516
H    29.54344670    30.44187631    17.60392580
H    29.54344662    28.64496649    17.60393442
H    30.44658454    29.54342777    16.34911135
H    28.64030918    29.54342779    16.34911130
C    29.54344629    37.98443094    16.97505516
H    29.54344670    38.88286097    17.60392580
H    29.54344662    37.08595114    17.60393442
H    30.44658454    37.98441242    16.34911135
H    28.64030918    37.98441244    16.34911130

--------------------Output has been truncated-------------------------


--------------------Output has been truncated-------------------------


--------------------Output has been truncated-------------------------


--------------------Output has been truncated-------------------------


--------------------Output has been truncated-------------------------


--------------------Output has been truncated-------------------------


--------------------Output has been truncated-------------------------


--------------------Output has been truncated-------------------------


--------------------Output has been truncated-------------------------


--------------------Output has been truncated-------------------------


 
 Reference energy [au]:                       -40.215614302183
 DF-MP2 singlet pair energy [au]:              -0.173753302739
 DF-MP2 triplet pair energy [au]:              -0.037498400601
 DF-SCS-MP2 correlation energy [au]:           -0.221003430154
 DF-SCS-MP2 energy [au]:                      -40.436617732336
 DF-SOS-MP2 correlation energy [au]:           -0.225879293561
 DF-SOS-MP2 energy [au]:                      -40.441493595743
 DF-MP2 correlation energy [au]:               -0.211251703340
 DF-MP2 energy [au]:                          -40.426866005523

 Results in FNO basis:
 
 
 Reference energy [au]:                       -40.215614302183
 DF-MP2 singlet pair energy [au]:              -0.170618398902
 DF-MP2 triplet pair energy [au]:              -0.037357081652
 DF-SCS-MP2 correlation energy [au]:           -0.217194439233
 DF-SCS-MP2 energy [au]:                      -40.432808741416
 DF-SOS-MP2 correlation energy [au]:           -0.221803918573
 DF-SOS-MP2 energy [au]:                      -40.437418220756
 DF-MP2 correlation energy [au]:               -0.207975480554
 DF-MP2 energy [au]:                          -40.423589782737

 Results in NAF basis:
 
 
 Reference energy [au]:                       -40.215614302183
 DF-MP2 singlet pair energy [au]:              -0.170600831284
 DF-MP2 triplet pair energy [au]:              -0.037363780969
 DF-SCS-MP2 correlation energy [au]:           -0.217175591198
 DF-SCS-MP2 energy [au]:                      -40.432789893380
 DF-SOS-MP2 correlation energy [au]:           -0.221781080670
 DF-SOS-MP2 energy [au]:                      -40.437395382852
 DF-MP2 correlation energy [au]:               -0.207964612254
 DF-MP2 energy [au]:                          -40.423578914436

 ************************ 2023-02-04 11:39:00 *************************
 Executing ccsd...

 Allocation of 220.0 Gbytes of memory...

 Direct DF-CCSD(T) calculation
 
 Convergence criterion:  1.0E-06
 
 Number of occupied/virtual/auxiliary orbitals:     4   101   320
    163.36 MB is the minimal memory requirement for (T)
     39.40 MB is the minimal memory requirement for CCSD
 
 Reference energy [au]:             -40.215614302183
 T1 contribution [au]:                0.000000000000
 Same spin MP2 energy [au]:          -0.037360426855
 Opposite spin MP2 energy [au]:      -0.170609605305
 MP2 correlation energy [au]:        -0.207970032160
 Total MP2 energy [au]:             -40.423584334343
 MP2 correction [au]:                -0.003281671180
 
 
 CPU time [min]:     0.176                   Wall time [min]:     0.008
 
 Starting CCSD iterations...
 
                     Residual norm          Energy
 Iteration  1        0.138680834118      -40.436529283951
 Iteration  2        0.035376089813      -40.442052830646
 Iteration  3        0.009771758316      -40.442635553487
 Iteration  4        0.002020925911      -40.442640052774
 Iteration  5        0.000374898030      -40.442646563659
 Iteration  6        0.000084797954      -40.442646440423
 Iteration  7        0.000020223519      -40.442647130454
 Iteration  8        0.000003738676      -40.442647187402
 
 CCSD iteration has converged in  8 steps.
      444.29 MB memory was utilized by CCSD
 
 T1 diagnostic:      7.996E-03            D1 diagnostic:      1.292E-02
 
 T1 contribution [au]:                                  0.000000000000
 PPL energy contribution [au]:                          0.060602312248
 Scaled PPL energy contribution [au]:                   0.061559173989

 OS-PPL energy contribution [au]:                       0.053773808123
 Scaled OS-PPL energy contribution [au]:                0.054766935478
 SS-PPL energy contribution [au]:                       0.006828504125
 Scaled SS-PPL energy contribution [au]:                0.006852804875

 Opposite spin CCSD energy [au]:                       -0.191003575917
 Same spin CCSD energy [au]:                           -0.036036060894
 CCSD correlation energy [au]:                         -0.227039636811
 CCSD correlation energy + MP2 correction [au]:        -0.230321307991
 CCSD correlation energy + MP2 + PPL corr. [au]:       -0.229364446249
 Total CCSD energy [au]:                              -40.442653938994
 Total CCSD energy + MP2 correction [au]:             -40.445935610174
 Total CCSD energy + MP2 + PPL corr. [au]:            -40.444978748432
 
 CPU time [min]:     0.856                   Wall time [min]:     0.027
 
 Calculation of (T) correction...
 
 
      124.68 MB memory is utilized for (T)

 0%       25%       50%       75%       100%
 |---------|---------|---------|---------| 
 
 (T) correction [au]:                                    -0.006941749688
 (T*) correction [au]:                                   -0.007051287297
 (T+) correction [au]:                                   -0.007050880235
 CCSD(T) correlation energy [au]:                        -0.233981386500
 CCSD(T) correlation energy + MP2 correction [au]:       -0.237263057680
 CCSD(T+) correlation en. + MP2 + PPL corr. [au]:        -0.236415326484
 Total CCSD(T) energy [au]:                             -40.449595688682
 Total CCSD(T) energy + MP2 correction [au]:            -40.452877359862
 Total CCSD(T+) energy + MP2 + PPL corr. [au]:          -40.452029628667
 
 CPU time [min]:     0.943                   Wall time [min]:     0.030
 
 ************************ 2023-02-04 11:39:01 *************************
                      Normal termination of mrcc.
 **********************************************************************
