 **********************************************************************
                          MRCC program system
 **********************************************************************
 
                              Written by
     Mihaly Kallay, Peter R. Nagy, David Mester, Laszlo Gyevi-Nagy,
        Jozsef Csoka, P. Bernat Szabo, Zoltan Rolik, Gyula Samu,
     Jozsef Csontos, Bence Hegely, Adam Ganyecz, Istvan Ladjanszki,
       Lorant Szegedy, Bence Ladoczki, Klara Petrov, Mate Farkas,
                    Pal D. Mezei, and Reka A. Horvath
 
        Department of Physical Chemistry and Materials Science
            Budapest University of Technology and Economics
                  Budapest P.O.Box 91, H-1521 Hungary
 
                              www.mrcc.hu
 
                      Release date: March 18, 2022

 ************************ 2023-02-04 11:56:56 *************************
 Executing minp...

 Reading input from MINP...
 
 Input file:
 
calc=FNO-CCSD(T)
verbosity=3
mem=220GB
unit=angs
scfiguess=small
scfalg=locfit1
ccmaxit=400
ccsdalg=dfdirect
ccsdthreads=4
ccsdmkl=thr
ptthreads=4
lnoepsv=1e-5
naf_cor=1e-2
basis=aug-cc-pVTZ
basis_sm=def2-SVP
dfbasis_scf=def2-QZVPP-RI-JK
dfbasis_cor=aug-cc-pVTZ-RI
unit=angs
geom=xyz
10

C    29.54344629    29.54344629    16.97505516
H    29.54344670    30.44187631    17.60392580
H    29.54344662    28.64496649    17.60393442
H    30.44658454    29.54342777    16.34911135
H    28.64030918    29.54342779    16.34911130
C    16.88196924    16.88196950    16.97520498
H    16.88196961    15.98344894    17.60414260
H    15.97907488    16.88195086    16.34891491
H    16.88196971    17.78043973    17.60413400
H    17.78486474    16.88195074    16.34891492

--------------------Output has been truncated-------------------------


--------------------Output has been truncated-------------------------


--------------------Output has been truncated-------------------------


--------------------Output has been truncated-------------------------


--------------------Output has been truncated-------------------------


--------------------Output has been truncated-------------------------


--------------------Output has been truncated-------------------------


--------------------Output has been truncated-------------------------


--------------------Output has been truncated-------------------------


--------------------Output has been truncated-------------------------


 
 Reference energy [au]:                       -40.213014570436
 DF-MP2 singlet pair energy [au]:              -0.164419493070
 DF-MP2 triplet pair energy [au]:              -0.036594288451
 DF-SCS-MP2 correlation energy [au]:           -0.209501487834
 DF-SCS-MP2 energy [au]:                      -40.422516058271
 DF-SOS-MP2 correlation energy [au]:           -0.213745340991
 DF-SOS-MP2 energy [au]:                      -40.426759911427
 DF-MP2 correlation energy [au]:               -0.201013781521
 DF-MP2 energy [au]:                          -40.414028351957

 Results in FNO basis:
 
 
 Reference energy [au]:                       -40.213014570436
 DF-MP2 singlet pair energy [au]:              -0.163769214575
 DF-MP2 triplet pair energy [au]:              -0.036550530371
 DF-SCS-MP2 correlation energy [au]:           -0.208706567614
 DF-SCS-MP2 energy [au]:                      -40.421721138050
 DF-SOS-MP2 correlation energy [au]:           -0.212899978947
 DF-SOS-MP2 energy [au]:                      -40.425914549384
 DF-MP2 correlation energy [au]:               -0.200319744946
 DF-MP2 energy [au]:                          -40.413334315382

 Results in NAF basis:
 
 
 Reference energy [au]:                       -40.213014570436
 DF-MP2 singlet pair energy [au]:              -0.163734936884
 DF-MP2 triplet pair energy [au]:              -0.036569809686
 DF-SCS-MP2 correlation energy [au]:           -0.208671860823
 DF-SCS-MP2 energy [au]:                      -40.421686431259
 DF-SOS-MP2 correlation energy [au]:           -0.212855417949
 DF-SOS-MP2 energy [au]:                      -40.425869988386
 DF-MP2 correlation energy [au]:               -0.200304746570
 DF-MP2 energy [au]:                          -40.413319317007

 ************************ 2023-02-04 11:57:13 *************************
 Executing ccsd...

 Allocation of 220.0 Gbytes of memory...

 Direct DF-CCSD(T) calculation
 
 Convergence criterion:  1.0E-06
 
 Number of occupied/virtual/auxiliary orbitals:     4    83   221
     89.04 MB is the minimal memory requirement for (T)
     22.38 MB is the minimal memory requirement for CCSD
 
 Reference energy [au]:             -40.213014570436
 T1 contribution [au]:                0.000000000000
 Same spin MP2 energy [au]:          -0.036560142648
 Opposite spin MP2 energy [au]:      -0.163751994191
 MP2 correlation energy [au]:        -0.200312136839
 Total MP2 energy [au]:             -40.413326707275
 MP2 correction [au]:                -0.000701644682
 
 
 CPU time [min]:     0.060                   Wall time [min]:     0.003
 
 Starting CCSD iterations...
 
                     Residual norm          Energy
 Iteration  1        0.131888721794      -40.427794538517
 Iteration  2        0.033755570555      -40.433317803765
 Iteration  3        0.008181997767      -40.433783999306
 Iteration  4        0.001913983579      -40.433786604606
 Iteration  5        0.000362974956      -40.433793657014
 Iteration  6        0.000073626306      -40.433793789884
 Iteration  7        0.000017731187      -40.433794395274
 Iteration  8        0.000003100502      -40.433794412988
 
 CCSD iteration has converged in  8 steps.
      207.43 MB memory was utilized by CCSD
 
 T1 diagnostic:      7.476E-03            D1 diagnostic:      1.210E-02
 
 T1 contribution [au]:                                  0.000000000000
 PPL energy contribution [au]:                          0.057488323079
 Scaled PPL energy contribution [au]:                   0.057691369199

 OS-PPL energy contribution [au]:                       0.050873344958
 Scaled OS-PPL energy contribution [au]:                0.051085498590
 SS-PPL energy contribution [au]:                       0.006614978121
 Scaled SS-PPL energy contribution [au]:                0.006619541919

 Opposite spin CCSD energy [au]:                       -0.185469364691
 Same spin CCSD energy [au]:                           -0.035321915523
 CCSD correlation energy [au]:                         -0.220791280214
 CCSD correlation energy + MP2 correction [au]:        -0.221492924896
 CCSD correlation energy + MP2 + PPL corr. [au]:       -0.221289878776
 Total CCSD energy [au]:                              -40.433805850650
 Total CCSD energy + MP2 correction [au]:             -40.434507495332
 Total CCSD energy + MP2 + PPL corr. [au]:            -40.434304449212
 
 CPU time [min]:     0.444                   Wall time [min]:     0.015
 
 Calculation of (T) correction...
 
 
       67.65 MB memory is utilized for (T)

 0%       25%       50%       75%       100%
 |---------|---------|---------|---------| 
 
 (T) correction [au]:                                    -0.006568860306
 (T*) correction [au]:                                   -0.006591869425
 (T+) correction [au]:                                   -0.006591889645
 CCSD(T) correlation energy [au]:                        -0.227360140519
 CCSD(T) correlation energy + MP2 correction [au]:       -0.228061785201
 CCSD(T+) correlation en. + MP2 + PPL corr. [au]:        -0.227881768422
 Total CCSD(T) energy [au]:                             -40.440374710956
 Total CCSD(T) energy + MP2 correction [au]:            -40.441076355638
 Total CCSD(T+) energy + MP2 + PPL corr. [au]:          -40.440896338858
 
 CPU time [min]:     0.509                   Wall time [min]:     0.017
 
 ************************ 2023-02-04 11:57:14 *************************
                      Normal termination of mrcc.
 **********************************************************************
