 **********************************************************************
                          MRCC program system
 **********************************************************************
 
                              Written by
     Mihaly Kallay, Peter R. Nagy, David Mester, Laszlo Gyevi-Nagy,
        Jozsef Csoka, P. Bernat Szabo, Zoltan Rolik, Gyula Samu,
     Jozsef Csontos, Bence Hegely, Adam Ganyecz, Istvan Ladjanszki,
       Lorant Szegedy, Bence Ladoczki, Klara Petrov, Mate Farkas,
                    Pal D. Mezei, and Reka A. Horvath
 
        Department of Physical Chemistry and Materials Science
            Budapest University of Technology and Economics
                  Budapest P.O.Box 91, H-1521 Hungary
 
                              www.mrcc.hu
 
                      Release date: March 18, 2022

 ************************ 2023-02-04 11:52:52 *************************
 Executing minp...

 Reading input from MINP...
 
 Input file:
 
calc=FNO-CCSD(T)
verbosity=3
mem=220GB
unit=angs
scfiguess=small
scfalg=locfit1
ccmaxit=400
ccsdalg=dfdirect
ccsdthreads=4
ccsdmkl=thr
ptthreads=4
lnoepsv=1e-5
naf_cor=1e-2
basis=aug-cc-pVTZ
basis_sm=def2-SVP
dfbasis_scf=def2-QZVPP-RI-JK
dfbasis_cor=aug-cc-pVTZ-RI
unit=angs
geom=xyz
10

C    29.54344629    29.54344629    16.97505516
H    29.54344670    30.44187631    17.60392580
H    29.54344662    28.64496649    17.60393442
H    30.44658454    29.54342777    16.34911135
H    28.64030918    29.54342779    16.34911130
C    16.88193863    29.54341474    16.97521401
H    15.98351896    29.54341495    17.60422237
H    16.88195742    30.44620261    16.34882774
H    16.88195741    28.64062797    16.34882693
H    17.78040884    29.54341492    17.60423123

--------------------Output has been truncated-------------------------


--------------------Output has been truncated-------------------------


--------------------Output has been truncated-------------------------


--------------------Output has been truncated-------------------------


--------------------Output has been truncated-------------------------


--------------------Output has been truncated-------------------------


--------------------Output has been truncated-------------------------


--------------------Output has been truncated-------------------------


--------------------Output has been truncated-------------------------


--------------------Output has been truncated-------------------------


 
 Reference energy [au]:                       -40.213017205012
 DF-MP2 singlet pair energy [au]:              -0.164419080818
 DF-MP2 triplet pair energy [au]:              -0.036594304850
 DF-SCS-MP2 correlation energy [au]:           -0.209500998599
 DF-SCS-MP2 energy [au]:                      -40.422518203610
 DF-SOS-MP2 correlation energy [au]:           -0.213744805064
 DF-SOS-MP2 energy [au]:                      -40.426762010076
 DF-MP2 correlation energy [au]:               -0.201013385669
 DF-MP2 energy [au]:                          -40.414030590680

 Results in FNO basis:
 
 
 Reference energy [au]:                       -40.213017205012
 DF-MP2 singlet pair energy [au]:              -0.163768809221
 DF-MP2 triplet pair energy [au]:              -0.036550547083
 DF-SCS-MP2 correlation energy [au]:           -0.208706086760
 DF-SCS-MP2 energy [au]:                      -40.421723291771
 DF-SOS-MP2 correlation energy [au]:           -0.212899451987
 DF-SOS-MP2 energy [au]:                      -40.425916656999
 DF-MP2 correlation energy [au]:               -0.200319356304
 DF-MP2 energy [au]:                          -40.413336561316

 Results in NAF basis:
 
 
 Reference energy [au]:                       -40.213017205012
 DF-MP2 singlet pair energy [au]:              -0.163734532725
 DF-MP2 triplet pair energy [au]:              -0.036569826593
 DF-SCS-MP2 correlation energy [au]:           -0.208671381467
 DF-SCS-MP2 energy [au]:                      -40.421688586479
 DF-SOS-MP2 correlation energy [au]:           -0.212854892542
 DF-SOS-MP2 energy [au]:                      -40.425872097554
 DF-MP2 correlation energy [au]:               -0.200304359318
 DF-MP2 energy [au]:                          -40.413321564330

 ************************ 2023-02-04 11:53:10 *************************
 Executing ccsd...

 Allocation of 220.0 Gbytes of memory...

 Direct DF-CCSD(T) calculation
 
 Convergence criterion:  1.0E-06
 
 Number of occupied/virtual/auxiliary orbitals:     4    83   221
     89.04 MB is the minimal memory requirement for (T)
     22.38 MB is the minimal memory requirement for CCSD
 
 Reference energy [au]:             -40.213017205012
 T1 contribution [au]:                0.000000000000
 Same spin MP2 energy [au]:          -0.036560159457
 Opposite spin MP2 energy [au]:      -0.163751589433
 MP2 correlation energy [au]:        -0.200311748890
 Total MP2 energy [au]:             -40.413328953901
 MP2 correction [au]:                -0.000701636779
 
 
 CPU time [min]:     0.059                   Wall time [min]:     0.004
 
 Starting CCSD iterations...
 
                     Residual norm          Energy
 Iteration  1        0.131887886625      -40.427796790413
 Iteration  2        0.033755028243      -40.433319916057
 Iteration  3        0.008181656386      -40.433786071710
 Iteration  4        0.001913907116      -40.433788673781
 Iteration  5        0.000362951934      -40.433795724665
 Iteration  6        0.000073619801      -40.433795857591
 Iteration  7        0.000017729547      -40.433796462930
 Iteration  8        0.000003100178      -40.433796480639
 
 CCSD iteration has converged in  8 steps.
      207.43 MB memory was utilized by CCSD
 
 T1 diagnostic:      7.475E-03            D1 diagnostic:      1.210E-02
 
 T1 contribution [au]:                                  0.000000000000
 PPL energy contribution [au]:                          0.057487595931
 Scaled PPL energy contribution [au]:                   0.057690637416

 OS-PPL energy contribution [au]:                       0.050872638041
 Scaled OS-PPL energy contribution [au]:                0.051084786739
 SS-PPL energy contribution [au]:                       0.006614957890
 Scaled SS-PPL energy contribution [au]:                0.006619521583

 Opposite spin CCSD energy [au]:                       -0.185468680104
 Same spin CCSD energy [au]:                           -0.035322032210
 CCSD correlation energy [au]:                         -0.220790712314
 CCSD correlation energy + MP2 correction [au]:        -0.221492349093
 CCSD correlation energy + MP2 + PPL corr. [au]:       -0.221289307608
 Total CCSD energy [au]:                              -40.433807917326
 Total CCSD energy + MP2 correction [au]:             -40.434509554105
 Total CCSD energy + MP2 + PPL corr. [au]:            -40.434306512620
 
 CPU time [min]:     0.444                   Wall time [min]:     0.015
 
 Calculation of (T) correction...
 
 
       67.65 MB memory is utilized for (T)

 0%       25%       50%       75%       100%
 |---------|---------|---------|---------| 
 
 (T) correction [au]:                                    -0.006568744314
 (T*) correction [au]:                                   -0.006591752812
 (T+) correction [au]:                                   -0.006591773002
 CCSD(T) correlation energy [au]:                        -0.227359456628
 CCSD(T) correlation energy + MP2 correction [au]:       -0.228061093407
 CCSD(T+) correlation en. + MP2 + PPL corr. [au]:        -0.227881080610
 Total CCSD(T) energy [au]:                             -40.440376661639
 Total CCSD(T) energy + MP2 correction [au]:            -40.441078298418
 Total CCSD(T+) energy + MP2 + PPL corr. [au]:          -40.440898285621
 
 CPU time [min]:     0.509                   Wall time [min]:     0.017
 
 ************************ 2023-02-04 11:53:11 *************************
                      Normal termination of mrcc.
 **********************************************************************
