 **********************************************************************
                          MRCC program system
 **********************************************************************
 
                              Written by
     Mihaly Kallay, Peter R. Nagy, David Mester, Laszlo Gyevi-Nagy,
        Jozsef Csoka, P. Bernat Szabo, Zoltan Rolik, Gyula Samu,
     Jozsef Csontos, Bence Hegely, Adam Ganyecz, Istvan Ladjanszki,
       Lorant Szegedy, Bence Ladoczki, Klara Petrov, Mate Farkas,
                    Pal D. Mezei, and Reka A. Horvath
 
        Department of Physical Chemistry and Materials Science
            Budapest University of Technology and Economics
                  Budapest P.O.Box 91, H-1521 Hungary
 
                              www.mrcc.hu
 
                      Release date: March 18, 2022

 ************************ 2023-02-04 11:45:49 *************************
 Executing minp...

 Reading input from MINP...
 
 Input file:
 
calc=FNO-CCSD(T)
verbosity=3
mem=220GB
unit=angs
scfiguess=small
scfalg=locfit1
ccmaxit=400
ccsdalg=dfdirect
ccsdthreads=4
ccsdmkl=thr
ptthreads=4
lnoepsv=1e-5
naf_cor=1e-2
basis=aug-cc-pVTZ
basis_sm=def2-SVP
dfbasis_scf=def2-QZVPP-RI-JK
dfbasis_cor=aug-cc-pVTZ-RI
unit=angs
geom=xyz
10

C    29.54344629    29.54344629    16.97505516
H    29.54344670    30.44187631    17.60392580
H    29.54344662    28.64496649    17.60393442
H    30.44658454    29.54342777    16.34911135
H    28.64030918    29.54342779    16.34911130
C    37.98443094    12.66147698    16.97505516
H    37.98443135    13.55990700    17.60392580
H    37.98443127    11.76299718    17.60393442
H    38.88756920    12.66145846    16.34911135
H    37.08129384    12.66145848    16.34911130

--------------------Output has been truncated-------------------------


--------------------Output has been truncated-------------------------


--------------------Output has been truncated-------------------------


--------------------Output has been truncated-------------------------


--------------------Output has been truncated-------------------------


--------------------Output has been truncated-------------------------


--------------------Output has been truncated-------------------------


--------------------Output has been truncated-------------------------


--------------------Output has been truncated-------------------------


--------------------Output has been truncated-------------------------


 
 Reference energy [au]:                       -40.213014007191
 DF-MP2 singlet pair energy [au]:              -0.164418775950
 DF-MP2 triplet pair energy [au]:              -0.036594509238
 DF-SCS-MP2 correlation energy [au]:           -0.209500700886
 DF-SCS-MP2 energy [au]:                      -40.422514708077
 DF-SOS-MP2 correlation energy [au]:           -0.213744408736
 DF-SOS-MP2 energy [au]:                      -40.426758415926
 DF-MP2 correlation energy [au]:               -0.201013285188
 DF-MP2 energy [au]:                          -40.414027292379

 Results in FNO basis:
 
 
 Reference energy [au]:                       -40.213014007191
 DF-MP2 singlet pair energy [au]:              -0.163768538557
 DF-MP2 triplet pair energy [au]:              -0.036550753715
 DF-SCS-MP2 correlation energy [au]:           -0.208705830841
 DF-SCS-MP2 energy [au]:                      -40.421719838031
 DF-SOS-MP2 correlation energy [au]:           -0.212899100125
 DF-SOS-MP2 energy [au]:                      -40.425913107315
 DF-MP2 correlation energy [au]:               -0.200319292273
 DF-MP2 energy [au]:                          -40.413333299463

 Results in NAF basis:
 
 
 Reference energy [au]:                       -40.213014007191
 DF-MP2 singlet pair energy [au]:              -0.163734265907
 DF-MP2 triplet pair energy [au]:              -0.036570032104
 DF-SCS-MP2 correlation energy [au]:           -0.208671129790
 DF-SCS-MP2 energy [au]:                      -40.421685136981
 DF-SOS-MP2 correlation energy [au]:           -0.212854545679
 DF-SOS-MP2 energy [au]:                      -40.425868552870
 DF-MP2 correlation energy [au]:               -0.200304298011
 DF-MP2 energy [au]:                          -40.413318305202

 ************************ 2023-02-04 11:46:04 *************************
 Executing ccsd...

 Allocation of 220.0 Gbytes of memory...

 Direct DF-CCSD(T) calculation
 
 Convergence criterion:  1.0E-06
 
 Number of occupied/virtual/auxiliary orbitals:     4    83   221
     89.04 MB is the minimal memory requirement for (T)
     22.38 MB is the minimal memory requirement for CCSD
 
 Reference energy [au]:             -40.213014007191
 T1 contribution [au]:                0.000000000000
 Same spin MP2 energy [au]:          -0.036560365530
 Opposite spin MP2 energy [au]:      -0.163751320691
 MP2 correlation energy [au]:        -0.200311686220
 Total MP2 energy [au]:             -40.413325693411
 MP2 correction [au]:                -0.000701598968
 
 
 CPU time [min]:     0.061                   Wall time [min]:     0.004
 
 Starting CCSD iterations...
 
                     Residual norm          Energy
 Iteration  1        0.131886662082      -40.427793496732
 Iteration  2        0.033754329749      -40.433316472296
 Iteration  3        0.008181264774      -40.433782587136
 Iteration  4        0.001913828223      -40.433785190016
 Iteration  5        0.000362932775      -40.433792239659
 Iteration  6        0.000073614125      -40.433792372689
 Iteration  7        0.000017727601      -40.433792977903
 Iteration  8        0.000003099781      -40.433792995588
 
 CCSD iteration has converged in  8 steps.
      207.43 MB memory was utilized by CCSD
 
 T1 diagnostic:      7.475E-03            D1 diagnostic:      1.210E-02
 
 T1 contribution [au]:                                  0.000000000000
 PPL energy contribution [au]:                          0.057486885570
 Scaled PPL energy contribution [au]:                   0.057689913376

 OS-PPL energy contribution [au]:                       0.050871915667
 Scaled OS-PPL energy contribution [au]:                0.051084049879
 SS-PPL energy contribution [au]:                       0.006614969904
 Scaled SS-PPL energy contribution [au]:                0.006619533387

 Opposite spin CCSD energy [au]:                       -0.185468100281
 Same spin CCSD energy [au]:                           -0.035322322484
 CCSD correlation energy [au]:                         -0.220790422765
 CCSD correlation energy + MP2 correction [au]:        -0.221492021733
 CCSD correlation energy + MP2 + PPL corr. [au]:       -0.221288993928
 Total CCSD energy [au]:                              -40.433804429956
 Total CCSD energy + MP2 correction [au]:             -40.434506028924
 Total CCSD energy + MP2 + PPL corr. [au]:            -40.434303001118
 
 CPU time [min]:     0.404                   Wall time [min]:     0.013
 
 Calculation of (T) correction...
 
 
       67.65 MB memory is utilized for (T)

 0%       25%       50%       75%       100%
 |---------|---------|---------|---------| 
 
 (T) correction [au]:                                    -0.006568652046
 (T*) correction [au]:                                   -0.006591658989
 (T+) correction [au]:                                   -0.006591679141
 CCSD(T) correlation energy [au]:                        -0.227359074812
 CCSD(T) correlation energy + MP2 correction [au]:       -0.228060673779
 CCSD(T+) correlation en. + MP2 + PPL corr. [au]:        -0.227880673069
 Total CCSD(T) energy [au]:                             -40.440373082002
 Total CCSD(T) energy + MP2 correction [au]:            -40.441074680970
 Total CCSD(T+) energy + MP2 + PPL corr. [au]:          -40.440894680260
 
 CPU time [min]:     0.470                   Wall time [min]:     0.015
 
 ************************ 2023-02-04 11:46:05 *************************
                      Normal termination of mrcc.
 **********************************************************************
