 **********************************************************************
                          MRCC program system
 **********************************************************************
 
                              Written by
     Mihaly Kallay, Peter R. Nagy, David Mester, Laszlo Gyevi-Nagy,
        Jozsef Csoka, P. Bernat Szabo, Zoltan Rolik, Gyula Samu,
     Jozsef Csontos, Bence Hegely, Adam Ganyecz, Istvan Ladjanszki,
       Lorant Szegedy, Bence Ladoczki, Klara Petrov, Mate Farkas,
                    Pal D. Mezei, and Reka A. Horvath
 
        Department of Physical Chemistry and Materials Science
            Budapest University of Technology and Economics
                  Budapest P.O.Box 91, H-1521 Hungary
 
                              www.mrcc.hu
 
                      Release date: March 18, 2022

 ************************ 2023-02-05 13:31:42 *************************
 Executing minp...

 Reading input from MINP...
 
 Input file:
 
calc=FNO-CCSD(T)
verbosity=3
mem=220GB
unit=angs
scfiguess=small
scfalg=locfit1
ccmaxit=400
ccsdalg=dfdirect
ccsdthreads=4
ccsdmkl=thr
ptthreads=4
lnoepsv=1e-5
naf_cor=1e-2
basis=aug-cc-pVQZ
basis_sm=def2-SVP
dfbasis_scf=def2-QZVPP-RI-JK
dfbasis_cor=aug-cc-pVQZ-RI
unit=angs
geom=xyz
16

C    34.41670262    34.07107264    10.41543014
C    33.11117461    33.45680459    10.91530835
H    34.24160149    35.00442132     9.86225048
H    34.94674030    33.36940783     9.75379242
H    35.10002891    34.30603621    11.24227357
H    32.42643037    33.26105434    10.07939442
H    32.59136835    34.12756100    11.61262818
H    33.28915165    32.50678735    11.43686767
C    25.97571797    50.95304195    10.41543014
C    24.67018996    50.33877390    10.91530835
H    25.80061684    51.88639063     9.86225048
H    26.50575565    50.25137714     9.75379242
H    26.65904426    51.18800552    11.24227357
H    23.98544572    50.14302365    10.07939442
H    24.15038370    51.00953031    11.61262818
H    24.84816699    49.38875666    11.43686767

--------------------Output has been truncated-------------------------


--------------------Output has been truncated-------------------------


--------------------Output has been truncated-------------------------


--------------------Output has been truncated-------------------------


--------------------Output has been truncated-------------------------


--------------------Output has been truncated-------------------------


--------------------Output has been truncated-------------------------


--------------------Output has been truncated-------------------------


--------------------Output has been truncated-------------------------


--------------------Output has been truncated-------------------------


 
 Reference energy [au]:                       -79.264437034763
 DF-MP2 singlet pair energy [au]:              -0.317722283001
 DF-MP2 triplet pair energy [au]:              -0.076906316512
 DF-SCS-MP2 correlation energy [au]:           -0.406902178439
 DF-SCS-MP2 energy [au]:                      -79.671339213202
 DF-SOS-MP2 correlation energy [au]:           -0.413038967902
 DF-SOS-MP2 energy [au]:                      -79.677476002665
 DF-MP2 correlation energy [au]:               -0.394628599513
 DF-MP2 energy [au]:                          -79.659065634276

 Results in FNO basis:
 
 
 Reference energy [au]:                       -79.264437034763
 DF-MP2 singlet pair energy [au]:              -0.312548722877
 DF-MP2 triplet pair energy [au]:              -0.076620435494
 DF-SCS-MP2 correlation energy [au]:           -0.400598612617
 DF-SCS-MP2 energy [au]:                      -79.665035647381
 DF-SOS-MP2 correlation energy [au]:           -0.406313339740
 DF-SOS-MP2 energy [au]:                      -79.670750374504
 DF-MP2 correlation energy [au]:               -0.389169158371
 DF-MP2 energy [au]:                          -79.653606193134

 Results in NAF basis:
 
 
 Reference energy [au]:                       -79.264437034763
 DF-MP2 singlet pair energy [au]:              -0.312527760711
 DF-MP2 triplet pair energy [au]:              -0.076628441970
 DF-SCS-MP2 correlation energy [au]:           -0.400576126843
 DF-SCS-MP2 energy [au]:                      -79.665013161607
 DF-SOS-MP2 correlation energy [au]:           -0.406286088925
 DF-SOS-MP2 energy [au]:                      -79.670723123688
 DF-MP2 correlation energy [au]:               -0.389156202681
 DF-MP2 energy [au]:                          -79.653593237444

 ************************ 2023-02-05 13:33:13 *************************
 Executing ccsd...

 Allocation of 220.0 Gbytes of memory...

 Direct DF-CCSD(T) calculation
 
 Convergence criterion:  1.0E-06
 
 Number of occupied/virtual/auxiliary orbitals:     7   175   551
    851.32 MB is the minimal memory requirement for (T)
    190.43 MB is the minimal memory requirement for CCSD
 
 Reference energy [au]:             -79.264437034763
 T1 contribution [au]:                0.000000000000
 Same spin MP2 energy [au]:          -0.076624436169
 Opposite spin MP2 energy [au]:      -0.312538237087
 MP2 correlation energy [au]:        -0.389162673256
 Total MP2 energy [au]:             -79.653599708019
 MP2 correction [au]:                -0.005465926257
 
 
 CPU time [min]:     0.403                   Wall time [min]:     0.050
 
 Starting CCSD iterations...
 
                     Residual norm          Energy
 Iteration  1        0.179604443947      -79.671512641165
 Iteration  2        0.044511309160      -79.681094804334
 Iteration  3        0.013089807254      -79.682230528484
 Iteration  4        0.002650289815      -79.682237751194
 Iteration  5        0.000560968314      -79.682243616443
 Iteration  6        0.000156931283      -79.682245667295
 Iteration  7        0.000037096199      -79.682245442241
 Iteration  8        0.000009998709      -79.682245806129
 
 CCSD iteration has converged in  8 steps.
     3804.92 MB memory was utilized by CCSD
 
 T1 diagnostic:      8.231E-03            D1 diagnostic:      1.428E-02
 
 T1 contribution [au]:                                  0.000000000000
 PPL energy contribution [au]:                          0.108935356483
 Scaled PPL energy contribution [au]:                   0.110475077207

 OS-PPL energy contribution [au]:                       0.095542150617
 Scaled OS-PPL energy contribution [au]:                0.097137053368
 SS-PPL energy contribution [au]:                       0.013393205865
 Scaled SS-PPL energy contribution [au]:                0.013441282884

 Opposite spin CCSD energy [au]:                       -0.345140089020
 Same spin CCSD energy [au]:                           -0.072676435142
 CCSD correlation energy [au]:                         -0.417816524161
 CCSD correlation energy + MP2 correction [au]:        -0.423282450419
 CCSD correlation energy + MP2 + PPL corr. [au]:       -0.421742729695
 Total CCSD energy [au]:                              -79.682253558925
 Total CCSD energy + MP2 correction [au]:             -79.687719485182
 Total CCSD energy + MP2 + PPL corr. [au]:            -79.686179764458
 
 CPU time [min]:     6.548                   Wall time [min]:     0.238
 
 Calculation of (T) correction...
 
 
      783.34 MB memory is utilized for (T)

 0%       25%       50%       75%       100%
 |---------|---------|---------|---------| 
 
 (T) correction [au]:                                    -0.014762650703
 (T*) correction [au]:                                   -0.014969997311
 (T+) correction [au]:                                   -0.014966465879
 CCSD(T) correlation energy [au]:                        -0.432579174865
 CCSD(T) correlation energy + MP2 correction [au]:       -0.438045101122
 CCSD(T+) correlation en. + MP2 + PPL corr. [au]:        -0.436709195573
 Total CCSD(T) energy [au]:                             -79.697016209628
 Total CCSD(T) energy + MP2 correction [au]:            -79.702482135885
 Total CCSD(T+) energy + MP2 + PPL corr. [au]:          -79.701146230337
 
 CPU time [min]:     8.274                   Wall time [min]:     0.296
 
 ************************ 2023-02-05 13:33:30 *************************
                      Normal termination of mrcc.
 **********************************************************************
