 **********************************************************************
                          MRCC program system
 **********************************************************************
 
                              Written by
     Mihaly Kallay, Peter R. Nagy, David Mester, Laszlo Gyevi-Nagy,
        Jozsef Csoka, P. Bernat Szabo, Zoltan Rolik, Gyula Samu,
     Jozsef Csontos, Bence Hegely, Adam Ganyecz, Istvan Ladjanszki,
       Lorant Szegedy, Bence Ladoczki, Klara Petrov, Mate Farkas,
                    Pal D. Mezei, and Reka A. Horvath
 
        Department of Physical Chemistry and Materials Science
            Budapest University of Technology and Economics
                  Budapest P.O.Box 91, H-1521 Hungary
 
                              www.mrcc.hu
 
                      Release date: March 18, 2022

 ************************ 2023-02-04 11:46:43 *************************
 Executing minp...

 Reading input from MINP...
 
 Input file:
 
calc=FNO-CCSD(T)
verbosity=3
mem=220GB
unit=angs
scfiguess=small
scfalg=locfit1
ccmaxit=400
ccsdalg=dfdirect
ccsdthreads=4
ccsdmkl=thr
ptthreads=4
lnoepsv=1e-5
naf_cor=1e-2
basis=aug-cc-pVTZ
basis_sm=def2-SVP
dfbasis_scf=def2-QZVPP-RI-JK
dfbasis_cor=aug-cc-pVTZ-RI
unit=angs
geom=xyz
10

C    29.54344629    29.54344629    16.97505516
H    29.54344670    30.44187631    17.60392580
H    29.54344662    28.64496649    17.60393442
H    30.44658454    29.54342777    16.34911135
H    28.64030918    29.54342779    16.34911130
C    37.98443094    21.10246164    16.97505516
H    37.98443135    22.00089166    17.60392580
H    37.98443127    20.20398183    17.60393442
H    38.88756920    21.10244311    16.34911135
H    37.08129384    21.10244313    16.34911130

--------------------Output has been truncated-------------------------


--------------------Output has been truncated-------------------------


--------------------Output has been truncated-------------------------


--------------------Output has been truncated-------------------------


--------------------Output has been truncated-------------------------


--------------------Output has been truncated-------------------------


--------------------Output has been truncated-------------------------


--------------------Output has been truncated-------------------------


--------------------Output has been truncated-------------------------


--------------------Output has been truncated-------------------------


 
 Reference energy [au]:                       -40.213014015810
 DF-MP2 singlet pair energy [au]:              -0.164418855655
 DF-MP2 triplet pair energy [au]:              -0.036594519694
 DF-SCS-MP2 correlation energy [au]:           -0.209500800018
 DF-SCS-MP2 energy [au]:                      -40.422514815828
 DF-SOS-MP2 correlation energy [au]:           -0.213744512352
 DF-SOS-MP2 energy [au]:                      -40.426758528162
 DF-MP2 correlation energy [au]:               -0.201013375349
 DF-MP2 energy [au]:                          -40.414027391159

 Results in FNO basis:
 
 
 Reference energy [au]:                       -40.213014015810
 DF-MP2 singlet pair energy [au]:              -0.163768600953
 DF-MP2 triplet pair energy [au]:              -0.036550762744
 DF-SCS-MP2 correlation energy [au]:           -0.208705908726
 DF-SCS-MP2 energy [au]:                      -40.421719924536
 DF-SOS-MP2 correlation energy [au]:           -0.212899181240
 DF-SOS-MP2 energy [au]:                      -40.425913197049
 DF-MP2 correlation energy [au]:               -0.200319363698
 DF-MP2 energy [au]:                          -40.413333379508

 Results in NAF basis:
 
 
 Reference energy [au]:                       -40.213014015810
 DF-MP2 singlet pair energy [au]:              -0.163734333925
 DF-MP2 triplet pair energy [au]:              -0.036570044466
 DF-SCS-MP2 correlation energy [au]:           -0.208671215532
 DF-SCS-MP2 energy [au]:                      -40.421685231342
 DF-SOS-MP2 correlation energy [au]:           -0.212854634103
 DF-SOS-MP2 energy [au]:                      -40.425868649913
 DF-MP2 correlation energy [au]:               -0.200304378391
 DF-MP2 energy [au]:                          -40.413318394201

 ************************ 2023-02-04 11:47:00 *************************
 Executing ccsd...

 Allocation of 220.0 Gbytes of memory...

 Direct DF-CCSD(T) calculation
 
 Convergence criterion:  1.0E-06
 
 Number of occupied/virtual/auxiliary orbitals:     4    83   221
     89.04 MB is the minimal memory requirement for (T)
     22.38 MB is the minimal memory requirement for CCSD
 
 Reference energy [au]:             -40.213014015810
 T1 contribution [au]:                0.000000000000
 Same spin MP2 energy [au]:          -0.036560376226
 Opposite spin MP2 energy [au]:      -0.163751385894
 MP2 correlation energy [au]:        -0.200311762120
 Total MP2 energy [au]:             -40.413325777930
 MP2 correction [au]:                -0.000701613229
 
 
 CPU time [min]:     0.059                   Wall time [min]:     0.003
 
 Starting CCSD iterations...
 
                     Residual norm          Energy
 Iteration  1        0.131886720771      -40.427793586468
 Iteration  2        0.033754354085      -40.433316564708
 Iteration  3        0.008181273863      -40.433782680225
 Iteration  4        0.001913829858      -40.433785283017
 Iteration  5        0.000362932601      -40.433792332650
 Iteration  6        0.000073614123      -40.433792465675
 Iteration  7        0.000017727616      -40.433793070890
 Iteration  8        0.000003099784      -40.433793088577
 
 CCSD iteration has converged in  8 steps.
      207.43 MB memory was utilized by CCSD
 
 T1 diagnostic:      7.475E-03            D1 diagnostic:      1.210E-02
 
 T1 contribution [au]:                                  0.000000000000
 PPL energy contribution [au]:                          0.057486920588
 Scaled PPL energy contribution [au]:                   0.057689951224

 OS-PPL energy contribution [au]:                       0.050871947124
 Scaled OS-PPL energy contribution [au]:                0.051084085005
 SS-PPL energy contribution [au]:                       0.006614973464
 Scaled SS-PPL energy contribution [au]:                0.006619536581

 Opposite spin CCSD energy [au]:                       -0.185468169205
 Same spin CCSD energy [au]:                           -0.035322331941
 CCSD correlation energy [au]:                         -0.220790501145
 CCSD correlation energy + MP2 correction [au]:        -0.221492114375
 CCSD correlation energy + MP2 + PPL corr. [au]:       -0.221289083738
 Total CCSD energy [au]:                              -40.433804516955
 Total CCSD energy + MP2 correction [au]:             -40.434506130184
 Total CCSD energy + MP2 + PPL corr. [au]:            -40.434303099548
 
 CPU time [min]:     0.387                   Wall time [min]:     0.013
 
 Calculation of (T) correction...
 
 
       67.65 MB memory is utilized for (T)

 0%       25%       50%       75%       100%
 |---------|---------|---------|---------| 
 
 (T) correction [au]:                                    -0.006568656386
 (T*) correction [au]:                                   -0.006591663803
 (T+) correction [au]:                                   -0.006591683798
 CCSD(T) correlation energy [au]:                        -0.227359157531
 CCSD(T) correlation energy + MP2 correction [au]:       -0.228060770761
 CCSD(T+) correlation en. + MP2 + PPL corr. [au]:        -0.227880767536
 Total CCSD(T) energy [au]:                             -40.440373173341
 Total CCSD(T) energy + MP2 correction [au]:            -40.441074786570
 Total CCSD(T+) energy + MP2 + PPL corr. [au]:          -40.440894783346
 
 CPU time [min]:     0.451                   Wall time [min]:     0.015
 
 ************************ 2023-02-04 11:47:01 *************************
                      Normal termination of mrcc.
 **********************************************************************
