 **********************************************************************
                          MRCC program system
 **********************************************************************
 
                              Written by
     Mihaly Kallay, Peter R. Nagy, David Mester, Laszlo Gyevi-Nagy,
        Jozsef Csoka, P. Bernat Szabo, Zoltan Rolik, Gyula Samu,
     Jozsef Csontos, Bence Hegely, Adam Ganyecz, Istvan Ladjanszki,
       Lorant Szegedy, Bence Ladoczki, Klara Petrov, Mate Farkas,
                    Pal D. Mezei, and Reka A. Horvath
 
        Department of Physical Chemistry and Materials Science
            Budapest University of Technology and Economics
                  Budapest P.O.Box 91, H-1521 Hungary
 
                              www.mrcc.hu
 
                      Release date: March 18, 2022

 ************************ 2023-02-05 13:12:27 *************************
 Executing minp...

 Reading input from MINP...
 
 Input file:
 
calc=FNO-CCSD(T)
verbosity=3
mem=220GB
unit=angs
scfiguess=small
scfalg=locfit1
ccmaxit=400
ccsdalg=dfdirect
ccsdthreads=4
ccsdmkl=thr
ptthreads=4
lnoepsv=1e-5
naf_cor=1e-2
basis=aug-cc-pVQZ
basis_sm=def2-SVP
dfbasis_scf=def2-QZVPP-RI-JK
dfbasis_cor=aug-cc-pVQZ-RI
unit=angs
geom=xyz
16

C    34.41670262    34.07107264    10.41543014
C    33.11117461    33.45680459    10.91530835
H    34.24160149    35.00442132     9.86225048
H    34.94674030    33.36940783     9.75379242
H    35.10002891    34.30603621    11.24227357
H    32.42643037    33.26105434    10.07939442
H    32.59136835    34.12756100    11.61262818
H    33.28915165    32.50678735    11.43686767
C    34.41670262    42.51205729    10.41543014
C    33.11117461    41.89778925    10.91530835
H    34.24160149    43.44540598     9.86225048
H    34.94674030    41.81039248     9.75379242
H    35.10002891    42.74702086    11.24227357
H    32.42643037    41.70203900    10.07939442
H    32.59136835    42.56854565    11.61262818
H    33.28915165    40.94777201    11.43686767

--------------------Output has been truncated-------------------------


--------------------Output has been truncated-------------------------


--------------------Output has been truncated-------------------------


--------------------Output has been truncated-------------------------


--------------------Output has been truncated-------------------------


--------------------Output has been truncated-------------------------


--------------------Output has been truncated-------------------------


--------------------Output has been truncated-------------------------


--------------------Output has been truncated-------------------------


--------------------Output has been truncated-------------------------


 
 Reference energy [au]:                       -79.264437379928
 DF-MP2 singlet pair energy [au]:              -0.317723602662
 DF-MP2 triplet pair energy [au]:              -0.076906440109
 DF-SCS-MP2 correlation energy [au]:           -0.406903803231
 DF-SCS-MP2 energy [au]:                      -79.671341183158
 DF-SOS-MP2 correlation energy [au]:           -0.413040683461
 DF-SOS-MP2 energy [au]:                      -79.677478063388
 DF-MP2 correlation energy [au]:               -0.394630042771
 DF-MP2 energy [au]:                          -79.659067422699

 Results in FNO basis:
 
 
 Reference energy [au]:                       -79.264437379928
 DF-MP2 singlet pair energy [au]:              -0.312549280823
 DF-MP2 triplet pair energy [au]:              -0.076620503116
 DF-SCS-MP2 correlation energy [au]:           -0.400599304692
 DF-SCS-MP2 energy [au]:                      -79.665036684620
 DF-SOS-MP2 correlation energy [au]:           -0.406314065069
 DF-SOS-MP2 energy [au]:                      -79.670751444997
 DF-MP2 correlation energy [au]:               -0.389169783938
 DF-MP2 energy [au]:                          -79.653607163866

 Results in NAF basis:
 
 
 Reference energy [au]:                       -79.264437379928
 DF-MP2 singlet pair energy [au]:              -0.312528318115
 DF-MP2 triplet pair energy [au]:              -0.076628511273
 DF-SCS-MP2 correlation energy [au]:           -0.400576818829
 DF-SCS-MP2 energy [au]:                      -79.665014198757
 DF-SOS-MP2 correlation energy [au]:           -0.406286813550
 DF-SOS-MP2 energy [au]:                      -79.670724193477
 DF-MP2 correlation energy [au]:               -0.389156829388
 DF-MP2 energy [au]:                          -79.653594209316

 ************************ 2023-02-05 13:14:07 *************************
 Executing ccsd...

 Allocation of 220.0 Gbytes of memory...

 Direct DF-CCSD(T) calculation
 
 Convergence criterion:  1.0E-06
 
 Number of occupied/virtual/auxiliary orbitals:     7   175   551
    851.32 MB is the minimal memory requirement for (T)
    190.43 MB is the minimal memory requirement for CCSD
 
 Reference energy [au]:             -79.264437379928
 T1 contribution [au]:                0.000000000000
 Same spin MP2 energy [au]:          -0.076624504632
 Opposite spin MP2 energy [au]:      -0.312538794762
 MP2 correlation energy [au]:        -0.389163299395
 Total MP2 energy [au]:             -79.653600679322
 MP2 correction [au]:                -0.005466743376
 
 
 CPU time [min]:     0.396                   Wall time [min]:     0.050
 
 Starting CCSD iterations...
 
                     Residual norm          Energy
 Iteration  1        0.179604571617      -79.671513509950
 Iteration  2        0.044511383960      -79.681095668787
 Iteration  3        0.013089864714      -79.682231402572
 Iteration  4        0.002650291794      -79.682238625094
 Iteration  5        0.000560968780      -79.682244490461
 Iteration  6        0.000156931376      -79.682246541332
 Iteration  7        0.000037096138      -79.682246316266
 Iteration  8        0.000009998703      -79.682246680158
 
 CCSD iteration has converged in  8 steps.
     3804.92 MB memory was utilized by CCSD
 
 T1 diagnostic:      8.231E-03            D1 diagnostic:      1.428E-02
 
 T1 contribution [au]:                                  0.000000000000
 PPL energy contribution [au]:                          0.108935675422
 Scaled PPL energy contribution [au]:                   0.110475626318

 OS-PPL energy contribution [au]:                       0.095542447248
 Scaled OS-PPL energy contribution [au]:                0.097137584370
 SS-PPL energy contribution [au]:                       0.013393228173
 Scaled SS-PPL energy contribution [au]:                0.013441314569

 Opposite spin CCSD energy [au]:                       -0.345140554300
 Same spin CCSD energy [au]:                           -0.072676498231
 CCSD correlation energy [au]:                         -0.417817052530
 CCSD correlation energy + MP2 correction [au]:        -0.423283795906
 CCSD correlation energy + MP2 + PPL corr. [au]:       -0.421743845010
 Total CCSD energy [au]:                              -79.682254432458
 Total CCSD energy + MP2 correction [au]:             -79.687721175834
 Total CCSD energy + MP2 + PPL corr. [au]:            -79.686181224938
 
 CPU time [min]:     6.483                   Wall time [min]:     0.237
 
 Calculation of (T) correction...
 
 
      783.34 MB memory is utilized for (T)

 0%       25%       50%       75%       100%
 |---------|---------|---------|---------| 
 
 (T) correction [au]:                                    -0.014762696965
 (T*) correction [au]:                                   -0.014970074886
 (T+) correction [au]:                                   -0.014966542926
 CCSD(T) correlation energy [au]:                        -0.432579749495
 CCSD(T) correlation energy + MP2 correction [au]:       -0.438046492871
 CCSD(T+) correlation en. + MP2 + PPL corr. [au]:        -0.436710387936
 Total CCSD(T) energy [au]:                             -79.697017129423
 Total CCSD(T) energy + MP2 correction [au]:            -79.702483872799
 Total CCSD(T+) energy + MP2 + PPL corr. [au]:          -79.701147767863
 
 CPU time [min]:     8.186                   Wall time [min]:     0.294
 
 ************************ 2023-02-05 13:14:25 *************************
                      Normal termination of mrcc.
 **********************************************************************
