 **********************************************************************
                          MRCC program system
 **********************************************************************
 
                              Written by
     Mihaly Kallay, Peter R. Nagy, David Mester, Laszlo Gyevi-Nagy,
        Jozsef Csoka, P. Bernat Szabo, Zoltan Rolik, Gyula Samu,
     Jozsef Csontos, Bence Hegely, Adam Ganyecz, Istvan Ladjanszki,
       Lorant Szegedy, Bence Ladoczki, Klara Petrov, Mate Farkas,
                    Pal D. Mezei, and Reka A. Horvath
 
        Department of Physical Chemistry and Materials Science
            Budapest University of Technology and Economics
                  Budapest P.O.Box 91, H-1521 Hungary
 
                              www.mrcc.hu
 
                      Release date: March 18, 2022

 ************************ 2023-02-05 13:13:07 *************************
 Executing minp...

 Reading input from MINP...
 
 Input file:
 
calc=FNO-CCSD(T)
verbosity=3
mem=220GB
unit=angs
scfiguess=small
scfalg=locfit1
ccmaxit=400
ccsdalg=dfdirect
ccsdthreads=4
ccsdmkl=thr
ptthreads=4
lnoepsv=1e-5
naf_cor=1e-2
basis=aug-cc-pVTZ
basis_sm=def2-SVP
dfbasis_scf=def2-QZVPP-RI-JK
dfbasis_cor=aug-cc-pVTZ-RI
unit=angs
geom=xyz
16

C    34.41670262    34.07107264    10.41543014
C    33.11117461    33.45680459    10.91530835
H    34.24160149    35.00442132     9.86225048
H    34.94674030    33.36940783     9.75379242
H    35.10002891    34.30603621    11.24227357
H    32.42643037    33.26105434    10.07939442
H    32.59136835    34.12756100    11.61262818
H    33.28915165    32.50678735    11.43686767
C    37.30146851    48.84299654    10.40841099
C    38.60118650    48.22916242    10.92356869
H    36.77622810    48.13879085     9.74571409
H    37.48350439    49.77393588     9.85291346
H    36.61044119    49.08363081    11.22702485
H    39.29502691    48.03252119    10.09551480
H    38.41694628    47.27964286    11.44396498
H    39.11330594    48.90070429    11.62587494

--------------------Output has been truncated-------------------------


--------------------Output has been truncated-------------------------


--------------------Output has been truncated-------------------------


--------------------Output has been truncated-------------------------


--------------------Output has been truncated-------------------------


--------------------Output has been truncated-------------------------


--------------------Output has been truncated-------------------------


--------------------Output has been truncated-------------------------


--------------------Output has been truncated-------------------------


--------------------Output has been truncated-------------------------


 
 Reference energy [au]:                       -79.259550503642
 DF-MP2 singlet pair energy [au]:              -0.300254294100
 DF-MP2 triplet pair energy [au]:              -0.075031442903
 DF-SCS-MP2 correlation energy [au]:           -0.385315633887
 DF-SCS-MP2 energy [au]:                      -79.644866137529
 DF-SOS-MP2 correlation energy [au]:           -0.390330582330
 DF-SOS-MP2 energy [au]:                      -79.649881085971
 DF-MP2 correlation energy [au]:               -0.375285737003
 DF-MP2 energy [au]:                          -79.634836240645

 Results in FNO basis:
 
 
 Reference energy [au]:                       -79.259550503642
 DF-MP2 singlet pair energy [au]:              -0.299084111166
 DF-MP2 triplet pair energy [au]:              -0.074925177030
 DF-SCS-MP2 correlation energy [au]:           -0.383875992409
 DF-SCS-MP2 energy [au]:                      -79.643426496050
 DF-SOS-MP2 correlation energy [au]:           -0.388809344515
 DF-SOS-MP2 energy [au]:                      -79.648359848157
 DF-MP2 correlation energy [au]:               -0.374009288196
 DF-MP2 energy [au]:                          -79.633559791837

 Results in NAF basis:
 
 
 Reference energy [au]:                       -79.259550503642
 DF-MP2 singlet pair energy [au]:              -0.299023379674
 DF-MP2 triplet pair energy [au]:              -0.074964221395
 DF-SCS-MP2 correlation energy [au]:           -0.383816129407
 DF-SCS-MP2 energy [au]:                      -79.643366633049
 DF-SOS-MP2 correlation energy [au]:           -0.388730393577
 DF-SOS-MP2 energy [au]:                      -79.648280897218
 DF-MP2 correlation energy [au]:               -0.373987601069
 DF-MP2 energy [au]:                          -79.633538104711

 ************************ 2023-02-05 13:13:37 *************************
 Executing ccsd...

 Allocation of 220.0 Gbytes of memory...

 Direct DF-CCSD(T) calculation
 
 Convergence criterion:  1.0E-06
 
 Number of occupied/virtual/auxiliary orbitals:     7   139   378
    421.21 MB is the minimal memory requirement for (T)
     94.89 MB is the minimal memory requirement for CCSD
 
 Reference energy [au]:             -79.259550503642
 T1 contribution [au]:                0.000000000000
 Same spin MP2 energy [au]:          -0.074944640033
 Opposite spin MP2 energy [au]:      -0.299053574604
 MP2 correlation energy [au]:        -0.373998214637
 Total MP2 energy [au]:             -79.633548718278
 MP2 correction [au]:                -0.001287522366
 
 
 CPU time [min]:     0.317                   Wall time [min]:     0.016
 
 Starting CCSD iterations...
 
                     Residual norm          Energy
 Iteration  1        0.170712146450      -79.654477279766
 Iteration  2        0.042453499091      -79.664042197134
 Iteration  3        0.011296535890      -79.664998243198
 Iteration  4        0.002548541634      -79.665006564849
 Iteration  5        0.000536665455      -79.665011771581
 Iteration  6        0.000152292046      -79.665014849213
 Iteration  7        0.000036257620      -79.665014633924
 Iteration  8        0.000009249088      -79.665014925560
 
 CCSD iteration has converged in  8 steps.
     1534.57 MB memory was utilized by CCSD
 
 T1 diagnostic:      7.816E-03            D1 diagnostic:      1.353E-02
 
 T1 contribution [au]:                                  0.000000000000
 PPL energy contribution [au]:                          0.102911448378
 Scaled PPL energy contribution [au]:                   0.103270158409

 OS-PPL energy contribution [au]:                       0.089961250800
 Scaled OS-PPL energy contribution [au]:                0.090332333513
 SS-PPL energy contribution [au]:                       0.012950197578
 Scaled SS-PPL energy contribution [au]:                0.012962024332

 Opposite spin CCSD energy [au]:                       -0.334284076579
 Same spin CCSD energy [au]:                           -0.071199012922
 CCSD correlation energy [au]:                         -0.405483089501
 CCSD correlation energy + MP2 correction [au]:        -0.406770611867
 CCSD correlation energy + MP2 + PPL corr. [au]:       -0.406411901836
 Total CCSD energy [au]:                              -79.665033593143
 Total CCSD energy + MP2 correction [au]:             -79.666321115509
 Total CCSD energy + MP2 + PPL corr. [au]:            -79.665962405478
 
 CPU time [min]:     2.764                   Wall time [min]:     0.088
 
 Calculation of (T) correction...
 
 
      388.93 MB memory is utilized for (T)

 0%       25%       50%       75%       100%
 |---------|---------|---------|---------| 
 
 (T) correction [au]:                                    -0.013958894093
 (T*) correction [au]:                                   -0.014006948837
 (T+) correction [au]:                                   -0.014006366515
 CCSD(T) correlation energy [au]:                        -0.419441983594
 CCSD(T) correlation energy + MP2 correction [au]:       -0.420729505961
 CCSD(T+) correlation en. + MP2 + PPL corr. [au]:        -0.420418268351
 Total CCSD(T) energy [au]:                             -79.678992487236
 Total CCSD(T) energy + MP2 correction [au]:            -79.680280009602
 Total CCSD(T+) energy + MP2 + PPL corr. [au]:          -79.679968771993
 
 CPU time [min]:     3.469                   Wall time [min]:     0.110
 
 ************************ 2023-02-05 13:13:44 *************************
                      Normal termination of mrcc.
 **********************************************************************
