================================================================================
                                       INPUT FILE
================================================================================
NAME = orca.inp
|  1>  ! TightSCF RI-MP2 RIJCOSX SlowConv DIIS
|  2> %maxcore 55000
|  3> %pal
|  4> nprocs 4
|  5> end
|  6> %pointcharges "orca.bq"
|  7> %method
|  8> Method hf
|  9> RI on
| 10> RunTyp Energy
| 11> NewNCore O 2 end
| 12> NewNCore Ti 18 end
| 13> NewNCore C 2 end
| 14> NewNCore H 0 end
| 15> end
| 16> %basis
| 17> NewGTO Ti
| 18> "cc-pVTZ"
| 19> end
| 20> NewGTO H
| 21> "aug-cc-pVTZ"
| 22> end
| 23> NewGTO O
| 24> "aug-cc-pVTZ"
| 25> end
| 26> NewGTO C
| 27> "aug-cc-pVTZ"
| 28> end
| 29> NewAuxCGTO Ti
| 30> "cc-pVTZ/C"
| 31> end
| 32> NewAuxCGTO H
| 33> "aug-cc-pVTZ/C"
| 34> end
| 35> NewAuxCGTO O 
| 36> "aug-cc-pVTZ/C"
| 37> end
| 38> NewAuxCGTO C 
| 39> "aug-cc-pVTZ/C"
| 40> end
| 41> Aux "def2/J"    
| 42> end
| 43> %scf
| 44> HFTyp rhf
| 45> Guess MORead
| 46> MOInp "orca_svp_start.gbw"
| 47> SCFMode Direct
| 48> sthresh 1e-6
| 49> AutoTRAHIter 60
| 50> MaxIter 1000
| 51> end
| 52> %coords
| 53> CTyp xyz
| 54> Mult 1
| 55> Units angs
| 56>       Charge -44
| 57>   coords
| 58> C:                      0.00081705011    0.00002320526    1.72884400563
| 59> H:                     -0.05053213056    0.89633029753    2.35813838108
| 60> H:                      0.05226472379   -0.89631224347    2.35825565611
| 61> H:                      0.91773540605    0.05070703259    1.12689725392
| 62> H:                     -0.91630859930   -0.05082132031    1.12709961754
| 63> Ti                      0.00000000000    0.00000000000   -1.43694122213
| 64> O                      -0.00002936641   -0.00000124851   -3.25550860866
| 65> O                      -1.22612024541    1.48550586123   -1.15098137904
| 66> O                       1.22610246459   -1.48551652698   -1.15102871986
| 67> O                      -1.22708949291   -1.48603818367   -1.15413241300
| 68> O                       1.22707044266    1.48604777705   -1.15418645989
| 69> Ti                      0.00006382473    2.95729500329   -1.46449325674
| 70> Ti                     -0.00011340444   -2.95729489395   -1.46448961806
| 71> O                      -3.25763509342    0.00027073162   -2.57781937211
| 72> O                       3.25759907849   -0.00027227238   -2.57783675932
| 73> O                      -0.00042064680    2.96207708598   -3.27054405457
| 74> O                       0.00035833623   -2.96207616866   -3.27054068628
| 75> Ti                     -0.00003766494    1.47511078881   -4.62965751995
| 76> Ti                     -0.00001305954   -1.47511149398   -4.62965530124
| 77> O                       3.24011819133    0.00055417913   -0.00490721947
| 78> O                      -3.24013340644   -0.00055282221   -0.00487902118
| 79> Ti                     -3.25180010998    1.47985910530   -1.08897848845
| 80> Ti                      3.25177146548   -1.47986548390   -1.08900340799
| 81> Ti                      3.25249524182    1.48037401485   -1.09010177237
| 82> Ti                     -3.25252203124   -1.48036697315   -1.09007447638
| 83> O                       1.94888524974    1.47881943202   -4.54403092433
| 84> O                      -1.94893660660   -1.47881711044   -4.54403043253
| 85> O                      -1.94894537639    1.47873396742   -4.54418335346
| 86> O                       1.94889540376   -1.47873668938   -4.54418246436
| 87> O                      -0.00002463891   -0.00000027780   -5.81949020447
| 88> O                      -3.25457503852    2.95910034202   -2.57646860573
| 89> O                       3.25454216020   -2.95910734581   -2.57647384109
| 90> O                       3.25528939388    2.95952381585   -2.57685668973
| 91> O                      -3.25532102118   -2.95951634975   -2.57684835026
| 92> O                       1.22366827881    4.43772223937   -1.13722109956
| 93> O                      -1.22371508024   -4.43772515466   -1.13721930082
| 94> O                      -1.22373058876    4.43790211149   -1.13715240187
| 95> O                       1.22368462754   -4.43790030334   -1.13714876213
| 96> O                       3.24877317135    2.95572631723   -0.00238239716
| 97> O                      -3.24882031206   -2.95573182675   -0.00237261653
| 98> O                      -3.24905054629    2.95576454957   -0.00197273195
| 99> O                       3.24900216662   -2.95575913970   -0.00197917589
|100> O                      -0.00000325307    2.95365912158   -5.82301945014
|101> O                      -0.00004684880   -2.95365922414   -5.82301754875
|102> O                      -5.27859039398    1.47819830904   -1.13512879623
|103> O                       5.27855459741   -1.47820089677   -1.13513583218
|104> O                       5.27879982399    1.47836096394   -1.13546693123
|105> O                      -5.27883514806   -1.47835909776   -1.13545776797
|106> Ti                     -3.24906620080    4.43657134167   -1.08375702682
|107> Ti                      3.24901669770   -4.43657179329   -1.08375720193
|108> Ti                      3.24926345903    4.43678118684   -1.08389335211
|109> Ti                     -3.24931244959   -4.43678099831   -1.08389187211
|110> Ti                     -0.00002462876    5.91518996992   -1.46496759290
|111> Ti                     -0.00002462876   -5.91519151090   -1.46496759290
|112> O                      -0.00002458071    5.91519177324   -3.27116605621
|113> O                      -0.00002458071   -5.91518970758   -3.27116605621
|114> O                      -3.25107765086    5.91519125737   -2.57503052952
|115> O                       3.25102824075    5.91519129626   -2.57502936925
|116> O                       3.25102824075   -5.91519018456   -2.57502936925
|117> O                      -3.25107765086   -5.91519022346   -2.57503052952
|118> O                      -3.25251550256    5.91516966044   -0.00000050421
|119> O                       3.25246928883    5.91521079830    0.00000000000
|120> O                       3.25246928883   -5.91517068252    0.00000000000
|121> O                       5.27852257061   -4.43614361014   -1.13636584136
|122> O                      -3.25251550256   -5.91521182038   -0.00000050421
|123> O                      -5.27856663325    4.43614610437   -1.13636869630
|124> O                       5.27873539688    4.43606882823   -1.13619753216
|125> O                      -5.27877928814   -4.43607019563   -1.13619811186
|126> O                       1.22368462754    7.39248117748   -1.13714876213
|127> O                      -1.22373058876   -7.39247936933   -1.13715240187
|128> O                      -1.22371508024    7.39265632617   -1.13721930082
|129> O                       1.22366827881   -7.39265924146   -1.13722109956
|130> Ti>    4.00000000000   -3.25161817455    0.00003769409   -4.43752893607
|131> NewECP
|132> N_core 0
|133>   lmax f
|134>   s 2
|135>    1      0.860000       9.191690  2
|136>    2      0.172000       0.008301  2
|137>   p 2
|138>    1      0.860000      17.997720  2
|139>    2      0.172000      -0.032600  2
|140>   d 2
|141>    1      1.600000      -9.504310  2
|142>    2      0.320000      -0.151370  2
|143>   f 1
|144>    1      1.000000000    0.000000000 2
|145> end
|146> Ti>    4.00000000000    3.25156877623   -0.00003707707   -4.43754121253
|147> NewECP
|148> N_core 0
|149>   lmax f
|150>   s 2
|151>    1      0.860000       9.191690  2
|152>    2      0.172000       0.008301  2
|153>   p 2
|154>    1      0.860000      17.997720  2
|155>    2      0.172000      -0.032600  2
|156>   d 2
|157>    1      1.600000      -9.504310  2
|158>    2      0.320000      -0.151370  2
|159>   f 1
|160>    1      1.000000000    0.000000000 2
|161> end
|162> Ti>    4.00000000000   -3.25129158509    2.95801554042   -4.43725795098
|163> NewECP
|164> N_core 0
|165>   lmax f
|166>   s 2
|167>    1      0.860000       9.191690  2
|168>    2      0.172000       0.008301  2
|169>   p 2
|170>    1      0.860000      17.997720  2
|171>    2      0.172000      -0.032600  2
|172>   d 2
|173>    1      1.600000      -9.504310  2
|174>    2      0.320000      -0.151370  2
|175>   f 1
|176>    1      1.000000000    0.000000000 2
|177> end
|178> Ti>    4.00000000000    3.25124302920   -2.95801736102   -4.43726543756
|179> NewECP
|180> N_core 0
|181>   lmax f
|182>   s 2
|183>    1      0.860000       9.191690  2
|184>    2      0.172000       0.008301  2
|185>   p 2
|186>    1      0.860000      17.997720  2
|187>    2      0.172000      -0.032600  2
|188>   d 2
|189>    1      1.600000      -9.504310  2
|190>    2      0.320000      -0.151370  2
|191>   f 1
|192>    1      1.000000000    0.000000000 2
|193> end
|194> Ti>    4.00000000000    3.25124903606    2.95804835766   -4.43761924291
|195> NewECP
|196> N_core 0
|197>   lmax f
|198>   s 2
|199>    1      0.860000       9.191690  2
|200>    2      0.172000       0.008301  2
|201>   p 2
|202>    1      0.860000      17.997720  2
|203>    2      0.172000      -0.032600  2
|204>   d 2
|205>    1      1.600000      -9.504310  2
|206>    2      0.320000      -0.151370  2
|207>   f 1
|208>    1      1.000000000    0.000000000 2
|209> end
|210> Ti>    4.00000000000   -3.25129692819   -2.95804522850   -4.43761139255
|211> NewECP
|212> N_core 0
|213>   lmax f
|214>   s 2
|215>    1      0.860000       9.191690  2
|216>    2      0.172000       0.008301  2
|217>   p 2
|218>    1      0.860000      17.997720  2
|219>    2      0.172000      -0.032600  2
|220>   d 2
|221>    1      1.600000      -9.504310  2
|222>    2      0.320000      -0.151370  2
|223>   f 1
|224>    1      1.000000000    0.000000000 2
|225> end
|226> Ti>    4.00000000000   -0.00005013880    4.43456989257   -4.64304935046
|227> NewECP
|228> N_core 0
|229>   lmax f
|230>   s 2
|231>    1      0.860000       9.191690  2
|232>    2      0.172000       0.008301  2
|233>   p 2
|234>    1      0.860000      17.997720  2
|235>    2      0.172000      -0.032600  2
|236>   d 2
|237>    1      1.600000      -9.504310  2
|238>    2      0.320000      -0.151370  2
|239>   f 1
|240>    1      1.000000000    0.000000000 2
|241> end
|242> Ti>    4.00000000000   -0.00000240504   -4.43456851561   -4.64304818327
|243> NewECP
|244> N_core 0
|245>   lmax f
|246>   s 2
|247>    1      0.860000       9.191690  2
|248>    2      0.172000       0.008301  2
|249>   p 2
|250>    1      0.860000      17.997720  2
|251>    2      0.172000      -0.032600  2
|252>   d 2
|253>    1      1.600000      -9.504310  2
|254>    2      0.320000      -0.151370  2
|255>   f 1
|256>    1      1.000000000    0.000000000 2
|257> end
|258> Ti>    4.00000000000   -0.00002489515   -0.00000002822   -7.82049044430
|259> NewECP
|260> N_core 0
|261>   lmax f
|262>   s 2
|263>    1      0.860000       9.191690  2
|264>    2      0.172000       0.008301  2
|265>   p 2
|266>    1      0.860000      17.997720  2
|267>    2      0.172000      -0.032600  2
|268>   d 2
|269>    1      1.600000      -9.504310  2
|270>    2      0.320000      -0.151370  2
|271>   f 1
|272>    1      1.000000000    0.000000000 2
|273> end
|274> Ti>    4.00000000000   -6.50200799883    0.00000003686   -1.46107464424
|275> NewECP
|276> N_core 0
|277>   lmax f
|278>   s 2
|279>    1      0.860000       9.191690  2
|280>    2      0.172000       0.008301  2
|281>   p 2
|282>    1      0.860000      17.997720  2
|283>    2      0.172000      -0.032600  2
|284>   d 2
|285>    1      1.600000      -9.504310  2
|286>    2      0.320000      -0.151370  2
|287>   f 1
|288>    1      1.000000000    0.000000000 2
|289> end
|290> Ti>    4.00000000000    6.50197610472    0.00000003686   -1.46107464424
|291> NewECP
|292> N_core 0
|293>   lmax f
|294>   s 2
|295>    1      0.860000       9.191690  2
|296>    2      0.172000       0.008301  2
|297>   p 2
|298>    1      0.860000      17.997720  2
|299>    2      0.172000      -0.032600  2
|300>   d 2
|301>    1      1.600000      -9.504310  2
|302>    2      0.320000      -0.151370  2
|303>   f 1
|304>    1      1.000000000    0.000000000 2
|305> end
|306> Ti>    4.00000000000   -0.00002489515    2.95759534199   -7.82049044430
|307> NewECP
|308> N_core 0
|309>   lmax f
|310>   s 2
|311>    1      0.860000       9.191690  2
|312>    2      0.172000       0.008301  2
|313>   p 2
|314>    1      0.860000      17.997720  2
|315>    2      0.172000      -0.032600  2
|316>   d 2
|317>    1      1.600000      -9.504310  2
|318>    2      0.320000      -0.151370  2
|319>   f 1
|320>    1      1.000000000    0.000000000 2
|321> end
|322> Ti>    4.00000000000   -0.00002489515   -2.95759539842   -7.82049044430
|323> NewECP
|324> N_core 0
|325>   lmax f
|326>   s 2
|327>    1      0.860000       9.191690  2
|328>    2      0.172000       0.008301  2
|329>   p 2
|330>    1      0.860000      17.997720  2
|331>    2      0.172000      -0.032600  2
|332>   d 2
|333>    1      1.600000      -9.504310  2
|334>    2      0.320000      -0.151370  2
|335>   f 1
|336>    1      1.000000000    0.000000000 2
|337> end
|338> Ti>    4.00000000000   -6.50169070863    2.95856929631   -1.46053672809
|339> NewECP
|340> N_core 0
|341>   lmax f
|342>   s 2
|343>    1      0.860000       9.191690  2
|344>    2      0.172000       0.008301  2
|345>   p 2
|346>    1      0.860000      17.997720  2
|347>    2      0.172000      -0.032600  2
|348>   d 2
|349>    1      1.600000      -9.504310  2
|350>    2      0.320000      -0.151370  2
|351>   f 1
|352>    1      1.000000000    0.000000000 2
|353> end
|354> Ti>    4.00000000000    6.50165450299   -2.95856898935   -1.46053646138
|355> NewECP
|356> N_core 0
|357>   lmax f
|358>   s 2
|359>    1      0.860000       9.191690  2
|360>    2      0.172000       0.008301  2
|361>   p 2
|362>    1      0.860000      17.997720  2
|363>    2      0.172000      -0.032600  2
|364>   d 2
|365>    1      1.600000      -9.504310  2
|366>    2      0.320000      -0.151370  2
|367>   f 1
|368>    1      1.000000000    0.000000000 2
|369> end
|370> Ti>    4.00000000000    6.50229339492    2.95856929631   -1.46053672809
|371> NewECP
|372> N_core 0
|373>   lmax f
|374>   s 2
|375>    1      0.860000       9.191690  2
|376>    2      0.172000       0.008301  2
|377>   p 2
|378>    1      0.860000      17.997720  2
|379>    2      0.172000      -0.032600  2
|380>   d 2
|381>    1      1.600000      -9.504310  2
|382>    2      0.320000      -0.151370  2
|383>   f 1
|384>    1      1.000000000    0.000000000 2
|385> end
|386> Ti>    4.00000000000   -6.50232960056   -2.95856898935   -1.46053646138
|387> NewECP
|388> N_core 0
|389>   lmax f
|390>   s 2
|391>    1      0.860000       9.191690  2
|392>    2      0.172000       0.008301  2
|393>   p 2
|394>    1      0.860000      17.997720  2
|395>    2      0.172000      -0.032600  2
|396>   d 2
|397>    1      1.600000      -9.504310  2
|398>    2      0.320000      -0.151370  2
|399>   f 1
|400>    1      1.000000000    0.000000000 2
|401> end
|402> Ti>    4.00000000000   -3.25102092104    1.47879765689   -7.82049044430
|403> NewECP
|404> N_core 0
|405>   lmax f
|406>   s 2
|407>    1      0.860000       9.191690  2
|408>    2      0.172000       0.008301  2
|409>   p 2
|410>    1      0.860000      17.997720  2
|411>    2      0.172000      -0.032600  2
|412>   d 2
|413>    1      1.600000      -9.504310  2
|414>    2      0.320000      -0.151370  2
|415>   f 1
|416>    1      1.000000000    0.000000000 2
|417> end
|418> Ti>    4.00000000000    3.25097113074    1.47879765689   -7.82049044430
|419> NewECP
|420> N_core 0
|421>   lmax f
|422>   s 2
|423>    1      0.860000       9.191690  2
|424>    2      0.172000       0.008301  2
|425>   p 2
|426>    1      0.860000      17.997720  2
|427>    2      0.172000      -0.032600  2
|428>   d 2
|429>    1      1.600000      -9.504310  2
|430>    2      0.320000      -0.151370  2
|431>   f 1
|432>    1      1.000000000    0.000000000 2
|433> end
|434> Ti>    4.00000000000    3.25097113074   -1.47879771332   -7.82049044430
|435> NewECP
|436> N_core 0
|437>   lmax f
|438>   s 2
|439>    1      0.860000       9.191690  2
|440>    2      0.172000       0.008301  2
|441>   p 2
|442>    1      0.860000      17.997720  2
|443>    2      0.172000      -0.032600  2
|444>   d 2
|445>    1      1.600000      -9.504310  2
|446>    2      0.320000      -0.151370  2
|447>   f 1
|448>    1      1.000000000    0.000000000 2
|449> end
|450> Ti>    4.00000000000   -3.25102092104   -1.47879771332   -7.82049044430
|451> NewECP
|452> N_core 0
|453>   lmax f
|454>   s 2
|455>    1      0.860000       9.191690  2
|456>    2      0.172000       0.008301  2
|457>   p 2
|458>    1      0.860000      17.997720  2
|459>    2      0.172000      -0.032600  2
|460>   d 2
|461>    1      1.600000      -9.504310  2
|462>    2      0.320000      -0.151370  2
|463>   f 1
|464>    1      1.000000000    0.000000000 2
|465> end
|466> Ti>    4.00000000000   -3.25050295217    5.91514921314   -4.43582237088
|467> NewECP
|468> N_core 0
|469>   lmax f
|470>   s 2
|471>    1      0.860000       9.191690  2
|472>    2      0.172000       0.008301  2
|473>   p 2
|474>    1      0.860000      17.997720  2
|475>    2      0.172000      -0.032600  2
|476>   d 2
|477>    1      1.600000      -9.504310  2
|478>    2      0.320000      -0.151370  2
|479>   f 1
|480>    1      1.000000000    0.000000000 2
|481> end
|482> Ti>    4.00000000000    3.25045297887   -5.91514777458   -4.43582296951
|483> NewECP
|484> N_core 0
|485>   lmax f
|486>   s 2
|487>    1      0.860000       9.191690  2
|488>    2      0.172000       0.008301  2
|489>   p 2
|490>    1      0.860000      17.997720  2
|491>    2      0.172000      -0.032600  2
|492>   d 2
|493>    1      1.600000      -9.504310  2
|494>    2      0.320000      -0.151370  2
|495>   f 1
|496>    1      1.000000000    0.000000000 2
|497> end
|498> Ti>    4.00000000000    3.25045297887    5.91523370624   -4.43582296951
|499> NewECP
|500> N_core 0
|501>   lmax f
|502>   s 2
|503>    1      0.860000       9.191690  2
|504>    2      0.172000       0.008301  2
|505>   p 2
|506>    1      0.860000      17.997720  2
|507>    2      0.172000      -0.032600  2
|508>   d 2
|509>    1      1.600000      -9.504310  2
|510>    2      0.320000      -0.151370  2
|511>   f 1
|512>    1      1.000000000    0.000000000 2
|513> end
|514> Ti>    4.00000000000   -3.25050295217   -5.91523226768   -4.43582237088
|515> NewECP
|516> N_core 0
|517>   lmax f
|518>   s 2
|519>    1      0.860000       9.191690  2
|520>    2      0.172000       0.008301  2
|521>   p 2
|522>    1      0.860000      17.997720  2
|523>    2      0.172000      -0.032600  2
|524>   d 2
|525>    1      1.600000      -9.504310  2
|526>    2      0.320000      -0.151370  2
|527>   f 1
|528>    1      1.000000000    0.000000000 2
|529> end
|530> Ti>    4.00000000000    6.50195053101    1.47899379682   -4.63893801319
|531> NewECP
|532> N_core 0
|533>   lmax f
|534>   s 2
|535>    1      0.860000       9.191690  2
|536>    2      0.172000       0.008301  2
|537>   p 2
|538>    1      0.860000      17.997720  2
|539>    2      0.172000      -0.032600  2
|540>   d 2
|541>    1      1.600000      -9.504310  2
|542>    2      0.320000      -0.151370  2
|543>   f 1
|544>    1      1.000000000    0.000000000 2
|545> end
|546> Ti>    4.00000000000   -6.50203357254    1.47899379682   -4.63893801319
|547> NewECP
|548> N_core 0
|549>   lmax f
|550>   s 2
|551>    1      0.860000       9.191690  2
|552>    2      0.172000       0.008301  2
|553>   p 2
|554>    1      0.860000      17.997720  2
|555>    2      0.172000      -0.032600  2
|556>   d 2
|557>    1      1.600000      -9.504310  2
|558>    2      0.320000      -0.151370  2
|559>   f 1
|560>    1      1.000000000    0.000000000 2
|561> end
|562> Ti>    4.00000000000    6.50198260185   -1.47899335989   -4.63893787342
|563> NewECP
|564> N_core 0
|565>   lmax f
|566>   s 2
|567>    1      0.860000       9.191690  2
|568>    2      0.172000       0.008301  2
|569>   p 2
|570>    1      0.860000      17.997720  2
|571>    2      0.172000      -0.032600  2
|572>   d 2
|573>    1      1.600000      -9.504310  2
|574>    2      0.320000      -0.151370  2
|575>   f 1
|576>    1      1.000000000    0.000000000 2
|577> end
|578> Ti>    4.00000000000   -6.50200150170   -1.47899335989   -4.63893787342
|579> NewECP
|580> N_core 0
|581>   lmax f
|582>   s 2
|583>    1      0.860000       9.191690  2
|584>    2      0.172000       0.008301  2
|585>   p 2
|586>    1      0.860000      17.997720  2
|587>    2      0.172000      -0.032600  2
|588>   d 2
|589>    1      1.600000      -9.504310  2
|590>    2      0.320000      -0.151370  2
|591>   f 1
|592>    1      1.000000000    0.000000000 2
|593> end
|594> Ti>    4.00000000000   -0.00000240504    7.39581296522   -4.64304818327
|595> NewECP
|596> N_core 0
|597>   lmax f
|598>   s 2
|599>    1      0.860000       9.191690  2
|600>    2      0.172000       0.008301  2
|601>   p 2
|602>    1      0.860000      17.997720  2
|603>    2      0.172000      -0.032600  2
|604>   d 2
|605>    1      1.600000      -9.504310  2
|606>    2      0.320000      -0.151370  2
|607>   f 1
|608>    1      1.000000000    0.000000000 2
|609> end
|610> Ti>    4.00000000000   -0.00005013880   -7.39581158825   -4.64304935046
|611> NewECP
|612> N_core 0
|613>   lmax f
|614>   s 2
|615>    1      0.860000       9.191690  2
|616>    2      0.172000       0.008301  2
|617>   p 2
|618>    1      0.860000      17.997720  2
|619>    2      0.172000      -0.032600  2
|620>   d 2
|621>    1      1.600000      -9.504310  2
|622>    2      0.320000      -0.151370  2
|623>   f 1
|624>    1      1.000000000    0.000000000 2
|625> end
|626> Ti>    4.00000000000   -3.24931244959    7.39360048251   -1.08389187211
|627> NewECP
|628> N_core 0
|629>   lmax f
|630>   s 2
|631>    1      0.860000       9.191690  2
|632>    2      0.172000       0.008301  2
|633>   p 2
|634>    1      0.860000      17.997720  2
|635>    2      0.172000      -0.032600  2
|636>   d 2
|637>    1      1.600000      -9.504310  2
|638>    2      0.320000      -0.151370  2
|639>   f 1
|640>    1      1.000000000    0.000000000 2
|641> end
|642> Ti>    4.00000000000    3.24926345903   -7.39360029398   -1.08389335211
|643> NewECP
|644> N_core 0
|645>   lmax f
|646>   s 2
|647>    1      0.860000       9.191690  2
|648>    2      0.172000       0.008301  2
|649>   p 2
|650>    1      0.860000      17.997720  2
|651>    2      0.172000      -0.032600  2
|652>   d 2
|653>    1      1.600000      -9.504310  2
|654>    2      0.320000      -0.151370  2
|655>   f 1
|656>    1      1.000000000    0.000000000 2
|657> end
|658> Ti>    4.00000000000    3.24901669770    7.39380968753   -1.08375720193
|659> NewECP
|660> N_core 0
|661>   lmax f
|662>   s 2
|663>    1      0.860000       9.191690  2
|664>    2      0.172000       0.008301  2
|665>   p 2
|666>    1      0.860000      17.997720  2
|667>    2      0.172000      -0.032600  2
|668>   d 2
|669>    1      1.600000      -9.504310  2
|670>    2      0.320000      -0.151370  2
|671>   f 1
|672>    1      1.000000000    0.000000000 2
|673> end
|674> Ti>    4.00000000000   -3.24906620080   -7.39381013915   -1.08375702682
|675> NewECP
|676> N_core 0
|677>   lmax f
|678>   s 2
|679>    1      0.860000       9.191690  2
|680>    2      0.172000       0.008301  2
|681>   p 2
|682>    1      0.860000      17.997720  2
|683>    2      0.172000      -0.032600  2
|684>   d 2
|685>    1      1.600000      -9.504310  2
|686>    2      0.320000      -0.151370  2
|687>   f 1
|688>    1      1.000000000    0.000000000 2
|689> end
|690> Ti>    4.00000000000   -3.25102092104    4.43639302709   -7.82049044430
|691> NewECP
|692> N_core 0
|693>   lmax f
|694>   s 2
|695>    1      0.860000       9.191690  2
|696>    2      0.172000       0.008301  2
|697>   p 2
|698>    1      0.860000      17.997720  2
|699>    2      0.172000      -0.032600  2
|700>   d 2
|701>    1      1.600000      -9.504310  2
|702>    2      0.320000      -0.151370  2
|703>   f 1
|704>    1      1.000000000    0.000000000 2
|705> end
|706> Ti>    4.00000000000    3.25097113074    4.43639302709   -7.82049044430
|707> NewECP
|708> N_core 0
|709>   lmax f
|710>   s 2
|711>    1      0.860000       9.191690  2
|712>    2      0.172000       0.008301  2
|713>   p 2
|714>    1      0.860000      17.997720  2
|715>    2      0.172000      -0.032600  2
|716>   d 2
|717>    1      1.600000      -9.504310  2
|718>    2      0.320000      -0.151370  2
|719>   f 1
|720>    1      1.000000000    0.000000000 2
|721> end
|722> Ti>    4.00000000000    3.25097113074   -4.43639308352   -7.82049044430
|723> NewECP
|724> N_core 0
|725>   lmax f
|726>   s 2
|727>    1      0.860000       9.191690  2
|728>    2      0.172000       0.008301  2
|729>   p 2
|730>    1      0.860000      17.997720  2
|731>    2      0.172000      -0.032600  2
|732>   d 2
|733>    1      1.600000      -9.504310  2
|734>    2      0.320000      -0.151370  2
|735>   f 1
|736>    1      1.000000000    0.000000000 2
|737> end
|738> Ti>    4.00000000000   -3.25102092104   -4.43639308352   -7.82049044430
|739> NewECP
|740> N_core 0
|741>   lmax f
|742>   s 2
|743>    1      0.860000       9.191690  2
|744>    2      0.172000       0.008301  2
|745>   p 2
|746>    1      0.860000      17.997720  2
|747>    2      0.172000      -0.032600  2
|748>   d 2
|749>    1      1.600000      -9.504310  2
|750>    2      0.320000      -0.151370  2
|751>   f 1
|752>    1      1.000000000    0.000000000 2
|753> end
|754> Ti>    4.00000000000    6.50191367843    4.43662758637   -4.63843690131
|755> NewECP
|756> N_core 0
|757>   lmax f
|758>   s 2
|759>    1      0.860000       9.191690  2
|760>    2      0.172000       0.008301  2
|761>   p 2
|762>    1      0.860000      17.997720  2
|763>    2      0.172000      -0.032600  2
|764>   d 2
|765>    1      1.600000      -9.504310  2
|766>    2      0.320000      -0.151370  2
|767>   f 1
|768>    1      1.000000000    0.000000000 2
|769> end
|770> Ti>    4.00000000000   -6.50196114679   -4.43662772699   -4.63843685449
|771> NewECP
|772> N_core 0
|773>   lmax f
|774>   s 2
|775>    1      0.860000       9.191690  2
|776>    2      0.172000       0.008301  2
|777>   p 2
|778>    1      0.860000      17.997720  2
|779>    2      0.172000      -0.032600  2
|780>   d 2
|781>    1      1.600000      -9.504310  2
|782>    2      0.320000      -0.151370  2
|783>   f 1
|784>    1      1.000000000    0.000000000 2
|785> end
|786> Ti>    4.00000000000   -6.50207042512    4.43662758637   -4.63843690131
|787> NewECP
|788> N_core 0
|789>   lmax f
|790>   s 2
|791>    1      0.860000       9.191690  2
|792>    2      0.172000       0.008301  2
|793>   p 2
|794>    1      0.860000      17.997720  2
|795>    2      0.172000      -0.032600  2
|796>   d 2
|797>    1      1.600000      -9.504310  2
|798>    2      0.320000      -0.151370  2
|799>   f 1
|800>    1      1.000000000    0.000000000 2
|801> end
|802> Ti>    4.00000000000    6.50202295676   -4.43662772699   -4.63843685449
|803> NewECP
|804> N_core 0
|805>   lmax f
|806>   s 2
|807>    1      0.860000       9.191690  2
|808>    2      0.172000       0.008301  2
|809>   p 2
|810>    1      0.860000      17.997720  2
|811>    2      0.172000      -0.032600  2
|812>   d 2
|813>    1      1.600000      -9.504310  2
|814>    2      0.320000      -0.151370  2
|815>   f 1
|816>    1      1.000000000    0.000000000 2
|817> end
|818> Ti>    4.00000000000   -0.00002489515    5.91519071220   -7.82049044430
|819> NewECP
|820> N_core 0
|821>   lmax f
|822>   s 2
|823>    1      0.860000       9.191690  2
|824>    2      0.172000       0.008301  2
|825>   p 2
|826>    1      0.860000      17.997720  2
|827>    2      0.172000      -0.032600  2
|828>   d 2
|829>    1      1.600000      -9.504310  2
|830>    2      0.320000      -0.151370  2
|831>   f 1
|832>    1      1.000000000    0.000000000 2
|833> end
|834> Ti>    4.00000000000   -0.00002489515   -5.91519076863   -7.82049044430
|835> NewECP
|836> N_core 0
|837>   lmax f
|838>   s 2
|839>    1      0.860000       9.191690  2
|840>    2      0.172000       0.008301  2
|841>   p 2
|842>    1      0.860000      17.997720  2
|843>    2      0.172000      -0.032600  2
|844>   d 2
|845>    1      1.600000      -9.504310  2
|846>    2      0.320000      -0.151370  2
|847>   f 1
|848>    1      1.000000000    0.000000000 2
|849> end
|850> Ti>    4.00000000000   -6.50201903873    5.91519054694   -1.46028388804
|851> NewECP
|852> N_core 0
|853>   lmax f
|854>   s 2
|855>    1      0.860000       9.191690  2
|856>    2      0.172000       0.008301  2
|857>   p 2
|858>    1      0.860000      17.997720  2
|859>    2      0.172000      -0.032600  2
|860>   d 2
|861>    1      1.600000      -9.504310  2
|862>    2      0.320000      -0.151370  2
|863>   f 1
|864>    1      1.000000000    0.000000000 2
|865> end
|866> Ti>    4.00000000000    6.50196506482    5.91519054694   -1.46028388804
|867> NewECP
|868> N_core 0
|869>   lmax f
|870>   s 2
|871>    1      0.860000       9.191690  2
|872>    2      0.172000       0.008301  2
|873>   p 2
|874>    1      0.860000      17.997720  2
|875>    2      0.172000      -0.032600  2
|876>   d 2
|877>    1      1.600000      -9.504310  2
|878>    2      0.320000      -0.151370  2
|879>   f 1
|880>    1      1.000000000    0.000000000 2
|881> end
|882> Ti>    4.00000000000    6.50196506482   -5.91519093388   -1.46028388804
|883> NewECP
|884> N_core 0
|885>   lmax f
|886>   s 2
|887>    1      0.860000       9.191690  2
|888>    2      0.172000       0.008301  2
|889>   p 2
|890>    1      0.860000      17.997720  2
|891>    2      0.172000      -0.032600  2
|892>   d 2
|893>    1      1.600000      -9.504310  2
|894>    2      0.320000      -0.151370  2
|895>   f 1
|896>    1      1.000000000    0.000000000 2
|897> end
|898> Ti>    4.00000000000   -6.50201903873   -5.91519093388   -1.46028388804
|899> NewECP
|900> N_core 0
|901>   lmax f
|902>   s 2
|903>    1      0.860000       9.191690  2
|904>    2      0.172000       0.008301  2
|905>   p 2
|906>    1      0.860000      17.997720  2
|907>    2      0.172000      -0.032600  2
|908>   d 2
|909>    1      1.600000      -9.504310  2
|910>    2      0.320000      -0.151370  2
|911>   f 1
|912>    1      1.000000000    0.000000000 2
|913> end
|914> Ti>    4.00000000000   -0.00011340444    8.87308658687   -1.46448961806
|915> NewECP
|916> N_core 0
|917>   lmax f
|918>   s 2
|919>    1      0.860000       9.191690  2
|920>    2      0.172000       0.008301  2
|921>   p 2
|922>    1      0.860000      17.997720  2
|923>    2      0.172000      -0.032600  2
|924>   d 2
|925>    1      1.600000      -9.504310  2
|926>    2      0.320000      -0.151370  2
|927>   f 1
|928>    1      1.000000000    0.000000000 2
|929> end
|930> Ti>    4.00000000000    0.00006382473   -8.87308647753   -1.46449325674
|931> NewECP
|932> N_core 0
|933>   lmax f
|934>   s 2
|935>    1      0.860000       9.191690  2
|936>    2      0.172000       0.008301  2
|937>   p 2
|938>    1      0.860000      17.997720  2
|939>    2      0.172000      -0.032600  2
|940>   d 2
|941>    1      1.600000      -9.504310  2
|942>    2      0.320000      -0.151370  2
|943>   f 1
|944>    1      1.000000000    0.000000000 2
|945> end
|946> Ti>    4.00000000000    6.50196715662   -0.00000002822   -7.82049044430
|947> NewECP
|948> N_core 0
|949>   lmax f
|950>   s 2
|951>    1      0.860000       9.191690  2
|952>    2      0.172000       0.008301  2
|953>   p 2
|954>    1      0.860000      17.997720  2
|955>    2      0.172000      -0.032600  2
|956>   d 2
|957>    1      1.600000      -9.504310  2
|958>    2      0.320000      -0.151370  2
|959>   f 1
|960>    1      1.000000000    0.000000000 2
|961> end
|962> Ti>    4.00000000000   -6.50201694692   -0.00000002822   -7.82049044430
|963> NewECP
|964> N_core 0
|965>   lmax f
|966>   s 2
|967>    1      0.860000       9.191690  2
|968>    2      0.172000       0.008301  2
|969>   p 2
|970>    1      0.860000      17.997720  2
|971>    2      0.172000      -0.032600  2
|972>   d 2
|973>    1      1.600000      -9.504310  2
|974>    2      0.320000      -0.151370  2
|975>   f 1
|976>    1      1.000000000    0.000000000 2
|977> end
|978> Ti>    4.00000000000   -6.50201694692    2.95759534199   -7.82049044430
|979> NewECP
|980> N_core 0
|981>   lmax f
|982>   s 2
|983>    1      0.860000       9.191690  2
|984>    2      0.172000       0.008301  2
|985>   p 2
|986>    1      0.860000      17.997720  2
|987>    2      0.172000      -0.032600  2
|988>   d 2
|989>    1      1.600000      -9.504310  2
|990>    2      0.320000      -0.151370  2
|991>   f 1
|992>    1      1.000000000    0.000000000 2
|993> end
|994> Ti>    4.00000000000    6.50196715662    2.95759534199   -7.82049044430
|995> NewECP
|996> N_core 0
|997>   lmax f
|998>   s 2
|999>    1      0.860000       9.191690  2
|1000>    2      0.172000       0.008301  2
|1001>   p 2
|1002>    1      0.860000      17.997720  2
|1003>    2      0.172000      -0.032600  2
|1004>   d 2
|1005>    1      1.600000      -9.504310  2
|1006>    2      0.320000      -0.151370  2
|1007>   f 1
|1008>    1      1.000000000    0.000000000 2
|1009> end
|1010> Ti>    4.00000000000    6.50196715662   -2.95759539842   -7.82049044430
|1011> NewECP
|1012> N_core 0
|1013>   lmax f
|1014>   s 2
|1015>    1      0.860000       9.191690  2
|1016>    2      0.172000       0.008301  2
|1017>   p 2
|1018>    1      0.860000      17.997720  2
|1019>    2      0.172000      -0.032600  2
|1020>   d 2
|1021>    1      1.600000      -9.504310  2
|1022>    2      0.320000      -0.151370  2
|1023>   f 1
|1024>    1      1.000000000    0.000000000 2
|1025> end
|1026> Ti>    4.00000000000   -6.50201694692   -2.95759539842   -7.82049044430
|1027> NewECP
|1028> N_core 0
|1029>   lmax f
|1030>   s 2
|1031>    1      0.860000       9.191690  2
|1032>    2      0.172000       0.008301  2
|1033>   p 2
|1034>    1      0.860000      17.997720  2
|1035>    2      0.172000      -0.032600  2
|1036>   d 2
|1037>    1      1.600000      -9.504310  2
|1038>    2      0.320000      -0.151370  2
|1039>   f 1
|1040>    1      1.000000000    0.000000000 2
|1041> end
|1042> Ti>    4.00000000000   -0.00002489515    1.47879765689  -11.07148647018
|1043> NewECP
|1044> N_core 0
|1045>   lmax f
|1046>   s 2
|1047>    1      0.860000       9.191690  2
|1048>    2      0.172000       0.008301  2
|1049>   p 2
|1050>    1      0.860000      17.997720  2
|1051>    2      0.172000      -0.032600  2
|1052>   d 2
|1053>    1      1.600000      -9.504310  2
|1054>    2      0.320000      -0.151370  2
|1055>   f 1
|1056>    1      1.000000000    0.000000000 2
|1057> end
|1058> Ti>    4.00000000000   -0.00002489515   -1.47879771332  -11.07148647018
|1059> NewECP
|1060> N_core 0
|1061>   lmax f
|1062>   s 2
|1063>    1      0.860000       9.191690  2
|1064>    2      0.172000       0.008301  2
|1065>   p 2
|1066>    1      0.860000      17.997720  2
|1067>    2      0.172000      -0.032600  2
|1068>   d 2
|1069>    1      1.600000      -9.504310  2
|1070>    2      0.320000      -0.151370  2
|1071>   f 1
|1072>    1      1.000000000    0.000000000 2
|1073> end
|1074> Ti>    4.00000000000   -9.75148886173    1.48037401485   -1.09010177237
|1075> NewECP
|1076> N_core 0
|1077>   lmax f
|1078>   s 2
|1079>    1      0.860000       9.191690  2
|1080>    2      0.172000       0.008301  2
|1081>   p 2
|1082>    1      0.860000      17.997720  2
|1083>    2      0.172000      -0.032600  2
|1084>   d 2
|1085>    1      1.600000      -9.504310  2
|1086>    2      0.320000      -0.151370  2
|1087>   f 1
|1088>    1      1.000000000    0.000000000 2
|1089> end
|1090> Ti>    4.00000000000    9.75146207231   -1.48036697315   -1.09007447638
|1091> NewECP
|1092> N_core 0
|1093>   lmax f
|1094>   s 2
|1095>    1      0.860000       9.191690  2
|1096>    2      0.172000       0.008301  2
|1097>   p 2
|1098>    1      0.860000      17.997720  2
|1099>    2      0.172000      -0.032600  2
|1100>   d 2
|1101>    1      1.600000      -9.504310  2
|1102>    2      0.320000      -0.151370  2
|1103>   f 1
|1104>    1      1.000000000    0.000000000 2
|1105> end
|1106> Ti>    4.00000000000    9.75218399357    1.47985910530   -1.08897848845
|1107> NewECP
|1108> N_core 0
|1109>   lmax f
|1110>   s 2
|1111>    1      0.860000       9.191690  2
|1112>    2      0.172000       0.008301  2
|1113>   p 2
|1114>    1      0.860000      17.997720  2
|1115>    2      0.172000      -0.032600  2
|1116>   d 2
|1117>    1      1.600000      -9.504310  2
|1118>    2      0.320000      -0.151370  2
|1119>   f 1
|1120>    1      1.000000000    0.000000000 2
|1121> end
|1122> Ti>    4.00000000000   -9.75221263806   -1.47986548390   -1.08900340799
|1123> NewECP
|1124> N_core 0
|1125>   lmax f
|1126>   s 2
|1127>    1      0.860000       9.191690  2
|1128>    2      0.172000       0.008301  2
|1129>   p 2
|1130>    1      0.860000      17.997720  2
|1131>    2      0.172000      -0.032600  2
|1132>   d 2
|1133>    1      1.600000      -9.504310  2
|1134>    2      0.320000      -0.151370  2
|1135>   f 1
|1136>    1      1.000000000    0.000000000 2
|1137> end
|1138> Ti>    4.00000000000    3.25124302920    8.87236411980   -4.43726543756
|1139> NewECP
|1140> N_core 0
|1141>   lmax f
|1142>   s 2
|1143>    1      0.860000       9.191690  2
|1144>    2      0.172000       0.008301  2
|1145>   p 2
|1146>    1      0.860000      17.997720  2
|1147>    2      0.172000      -0.032600  2
|1148>   d 2
|1149>    1      1.600000      -9.504310  2
|1150>    2      0.320000      -0.151370  2
|1151>   f 1
|1152>    1      1.000000000    0.000000000 2
|1153> end
|1154> Ti>    4.00000000000   -3.25129158509   -8.87236594040   -4.43725795098
|1155> NewECP
|1156> N_core 0
|1157>   lmax f
|1158>   s 2
|1159>    1      0.860000       9.191690  2
|1160>    2      0.172000       0.008301  2
|1161>   p 2
|1162>    1      0.860000      17.997720  2
|1163>    2      0.172000      -0.032600  2
|1164>   d 2
|1165>    1      1.600000      -9.504310  2
|1166>    2      0.320000      -0.151370  2
|1167>   f 1
|1168>    1      1.000000000    0.000000000 2
|1169> end
|1170> Ti>    4.00000000000   -3.25129692819    8.87233625233   -4.43761139255
|1171> NewECP
|1172> N_core 0
|1173>   lmax f
|1174>   s 2
|1175>    1      0.860000       9.191690  2
|1176>    2      0.172000       0.008301  2
|1177>   p 2
|1178>    1      0.860000      17.997720  2
|1179>    2      0.172000      -0.032600  2
|1180>   d 2
|1181>    1      1.600000      -9.504310  2
|1182>    2      0.320000      -0.151370  2
|1183>   f 1
|1184>    1      1.000000000    0.000000000 2
|1185> end
|1186> Ti>    4.00000000000    3.25124903606   -8.87233312316   -4.43761924291
|1187> NewECP
|1188> N_core 0
|1189>   lmax f
|1190>   s 2
|1191>    1      0.860000       9.191690  2
|1192>    2      0.172000       0.008301  2
|1193>   p 2
|1194>    1      0.860000      17.997720  2
|1195>    2      0.172000      -0.032600  2
|1196>   d 2
|1197>    1      1.600000      -9.504310  2
|1198>    2      0.320000      -0.151370  2
|1199>   f 1
|1200>    1      1.000000000    0.000000000 2
|1201> end
|1202> Ti>    4.00000000000    9.75236592900    0.00003769409   -4.43752893607
|1203> NewECP
|1204> N_core 0
|1205>   lmax f
|1206>   s 2
|1207>    1      0.860000       9.191690  2
|1208>    2      0.172000       0.008301  2
|1209>   p 2
|1210>    1      0.860000      17.997720  2
|1211>    2      0.172000      -0.032600  2
|1212>   d 2
|1213>    1      1.600000      -9.504310  2
|1214>    2      0.320000      -0.151370  2
|1215>   f 1
|1216>    1      1.000000000    0.000000000 2
|1217> end
|1218> Ti>    4.00000000000   -9.75241532731   -0.00003707707   -4.43754121253
|1219> NewECP
|1220> N_core 0
|1221>   lmax f
|1222>   s 2
|1223>    1      0.860000       9.191690  2
|1224>    2      0.172000       0.008301  2
|1225>   p 2
|1226>    1      0.860000      17.997720  2
|1227>    2      0.172000      -0.032600  2
|1228>   d 2
|1229>    1      1.600000      -9.504310  2
|1230>    2      0.320000      -0.151370  2
|1231>   f 1
|1232>    1      1.000000000    0.000000000 2
|1233> end
|1234> Ti>    4.00000000000   -3.25102092104    7.39398839730   -7.82049044430
|1235> NewECP
|1236> N_core 0
|1237>   lmax f
|1238>   s 2
|1239>    1      0.860000       9.191690  2
|1240>    2      0.172000       0.008301  2
|1241>   p 2
|1242>    1      0.860000      17.997720  2
|1243>    2      0.172000      -0.032600  2
|1244>   d 2
|1245>    1      1.600000      -9.504310  2
|1246>    2      0.320000      -0.151370  2
|1247>   f 1
|1248>    1      1.000000000    0.000000000 2
|1249> end
|1250> Ti>    4.00000000000    3.25097113074    7.39398839730   -7.82049044430
|1251> NewECP
|1252> N_core 0
|1253>   lmax f
|1254>   s 2
|1255>    1      0.860000       9.191690  2
|1256>    2      0.172000       0.008301  2
|1257>   p 2
|1258>    1      0.860000      17.997720  2
|1259>    2      0.172000      -0.032600  2
|1260>   d 2
|1261>    1      1.600000      -9.504310  2
|1262>    2      0.320000      -0.151370  2
|1263>   f 1
|1264>    1      1.000000000    0.000000000 2
|1265> end
|1266> Ti>    4.00000000000    3.25097113074   -7.39398845373   -7.82049044430
|1267> NewECP
|1268> N_core 0
|1269>   lmax f
|1270>   s 2
|1271>    1      0.860000       9.191690  2
|1272>    2      0.172000       0.008301  2
|1273>   p 2
|1274>    1      0.860000      17.997720  2
|1275>    2      0.172000      -0.032600  2
|1276>   d 2
|1277>    1      1.600000      -9.504310  2
|1278>    2      0.320000      -0.151370  2
|1279>   f 1
|1280>    1      1.000000000    0.000000000 2
|1281> end
|1282> Ti>    4.00000000000   -3.25102092104   -7.39398845373   -7.82049044430
|1283> NewECP
|1284> N_core 0
|1285>   lmax f
|1286>   s 2
|1287>    1      0.860000       9.191690  2
|1288>    2      0.172000       0.008301  2
|1289>   p 2
|1290>    1      0.860000      17.997720  2
|1291>    2      0.172000      -0.032600  2
|1292>   d 2
|1293>    1      1.600000      -9.504310  2
|1294>    2      0.320000      -0.151370  2
|1295>   f 1
|1296>    1      1.000000000    0.000000000 2
|1297> end
|1298> Ti>    4.00000000000   -6.50196114679    7.39375375383   -4.63843685449
|1299> NewECP
|1300> N_core 0
|1301>   lmax f
|1302>   s 2
|1303>    1      0.860000       9.191690  2
|1304>    2      0.172000       0.008301  2
|1305>   p 2
|1306>    1      0.860000      17.997720  2
|1307>    2      0.172000      -0.032600  2
|1308>   d 2
|1309>    1      1.600000      -9.504310  2
|1310>    2      0.320000      -0.151370  2
|1311>   f 1
|1312>    1      1.000000000    0.000000000 2
|1313> end
|1314> Ti>    4.00000000000    6.50191367843   -7.39375389445   -4.63843690131
|1315> NewECP
|1316> N_core 0
|1317>   lmax f
|1318>   s 2
|1319>    1      0.860000       9.191690  2
|1320>    2      0.172000       0.008301  2
|1321>   p 2
|1322>    1      0.860000      17.997720  2
|1323>    2      0.172000      -0.032600  2
|1324>   d 2
|1325>    1      1.600000      -9.504310  2
|1326>    2      0.320000      -0.151370  2
|1327>   f 1
|1328>    1      1.000000000    0.000000000 2
|1329> end
|1330> Ti>    4.00000000000    6.50202295676    7.39375375383   -4.63843685449
|1331> NewECP
|1332> N_core 0
|1333>   lmax f
|1334>   s 2
|1335>    1      0.860000       9.191690  2
|1336>    2      0.172000       0.008301  2
|1337>   p 2
|1338>    1      0.860000      17.997720  2
|1339>    2      0.172000      -0.032600  2
|1340>   d 2
|1341>    1      1.600000      -9.504310  2
|1342>    2      0.320000      -0.151370  2
|1343>   f 1
|1344>    1      1.000000000    0.000000000 2
|1345> end
|1346> Ti>    4.00000000000   -6.50207042512   -7.39375389445   -4.63843690131
|1347> NewECP
|1348> N_core 0
|1349>   lmax f
|1350>   s 2
|1351>    1      0.860000       9.191690  2
|1352>    2      0.172000       0.008301  2
|1353>   p 2
|1354>    1      0.860000      17.997720  2
|1355>    2      0.172000      -0.032600  2
|1356>   d 2
|1357>    1      1.600000      -9.504310  2
|1358>    2      0.320000      -0.151370  2
|1359>   f 1
|1360>    1      1.000000000    0.000000000 2
|1361> end
|1362> Ti>    4.00000000000   -0.00002489515    4.43639302709  -11.07148647018
|1363> NewECP
|1364> N_core 0
|1365>   lmax f
|1366>   s 2
|1367>    1      0.860000       9.191690  2
|1368>    2      0.172000       0.008301  2
|1369>   p 2
|1370>    1      0.860000      17.997720  2
|1371>    2      0.172000      -0.032600  2
|1372>   d 2
|1373>    1      1.600000      -9.504310  2
|1374>    2      0.320000      -0.151370  2
|1375>   f 1
|1376>    1      1.000000000    0.000000000 2
|1377> end
|1378> Ti>    4.00000000000   -0.00002489515   -4.43639308352  -11.07148647018
|1379> NewECP
|1380> N_core 0
|1381>   lmax f
|1382>   s 2
|1383>    1      0.860000       9.191690  2
|1384>    2      0.172000       0.008301  2
|1385>   p 2
|1386>    1      0.860000      17.997720  2
|1387>    2      0.172000      -0.032600  2
|1388>   d 2
|1389>    1      1.600000      -9.504310  2
|1390>    2      0.320000      -0.151370  2
|1391>   f 1
|1392>    1      1.000000000    0.000000000 2
|1393> end
|1394> Ti>    4.00000000000    9.75269251846    2.95801554042   -4.43725795098
|1395> NewECP
|1396> N_core 0
|1397>   lmax f
|1398>   s 2
|1399>    1      0.860000       9.191690  2
|1400>    2      0.172000       0.008301  2
|1401>   p 2
|1402>    1      0.860000      17.997720  2
|1403>    2      0.172000      -0.032600  2
|1404>   d 2
|1405>    1      1.600000      -9.504310  2
|1406>    2      0.320000      -0.151370  2
|1407>   f 1
|1408>    1      1.000000000    0.000000000 2
|1409> end
|1410> Ti>    4.00000000000   -9.75274107435   -2.95801736102   -4.43726543756
|1411> NewECP
|1412> N_core 0
|1413>   lmax f
|1414>   s 2
|1415>    1      0.860000       9.191690  2
|1416>    2      0.172000       0.008301  2
|1417>   p 2
|1418>    1      0.860000      17.997720  2
|1419>    2      0.172000      -0.032600  2
|1420>   d 2
|1421>    1      1.600000      -9.504310  2
|1422>    2      0.320000      -0.151370  2
|1423>   f 1
|1424>    1      1.000000000    0.000000000 2
|1425> end
|1426> Ti>    4.00000000000   -9.75273506749    2.95804835766   -4.43761924291
|1427> NewECP
|1428> N_core 0
|1429>   lmax f
|1430>   s 2
|1431>    1      0.860000       9.191690  2
|1432>    2      0.172000       0.008301  2
|1433>   p 2
|1434>    1      0.860000      17.997720  2
|1435>    2      0.172000      -0.032600  2
|1436>   d 2
|1437>    1      1.600000      -9.504310  2
|1438>    2      0.320000      -0.151370  2
|1439>   f 1
|1440>    1      1.000000000    0.000000000 2
|1441> end
|1442> Ti>    4.00000000000    9.75268717536   -2.95804522850   -4.43761139255
|1443> NewECP
|1444> N_core 0
|1445>   lmax f
|1446>   s 2
|1447>    1      0.860000       9.191690  2
|1448>    2      0.172000       0.008301  2
|1449>   p 2
|1450>    1      0.860000      17.997720  2
|1451>    2      0.172000      -0.032600  2
|1452>   d 2
|1453>    1      1.600000      -9.504310  2
|1454>    2      0.320000      -0.151370  2
|1455>   f 1
|1456>    1      1.000000000    0.000000000 2
|1457> end
|1458> Ti>    4.00000000000   -9.75472064452    4.43678118684   -1.08389335211
|1459> NewECP
|1460> N_core 0
|1461>   lmax f
|1462>   s 2
|1463>    1      0.860000       9.191690  2
|1464>    2      0.172000       0.008301  2
|1465>   p 2
|1466>    1      0.860000      17.997720  2
|1467>    2      0.172000      -0.032600  2
|1468>   d 2
|1469>    1      1.600000      -9.504310  2
|1470>    2      0.320000      -0.151370  2
|1471>   f 1
|1472>    1      1.000000000    0.000000000 2
|1473> end
|1474> Ti>    4.00000000000    9.75467165396   -4.43678099831   -1.08389187211
|1475> NewECP
|1476> N_core 0
|1477>   lmax f
|1478>   s 2
|1479>    1      0.860000       9.191690  2
|1480>    2      0.172000       0.008301  2
|1481>   p 2
|1482>    1      0.860000      17.997720  2
|1483>    2      0.172000      -0.032600  2
|1484>   d 2
|1485>    1      1.600000      -9.504310  2
|1486>    2      0.320000      -0.151370  2
|1487>   f 1
|1488>    1      1.000000000    0.000000000 2
|1489> end
|1490> Ti>    4.00000000000    9.75491790275    4.43657134167   -1.08375702682
|1491> NewECP
|1492> N_core 0
|1493>   lmax f
|1494>   s 2
|1495>    1      0.860000       9.191690  2
|1496>    2      0.172000       0.008301  2
|1497>   p 2
|1498>    1      0.860000      17.997720  2
|1499>    2      0.172000      -0.032600  2
|1500>   d 2
|1501>    1      1.600000      -9.504310  2
|1502>    2      0.320000      -0.151370  2
|1503>   f 1
|1504>    1      1.000000000    0.000000000 2
|1505> end
|1506> Ti>    4.00000000000   -9.75496740585   -4.43657179329   -1.08375720193
|1507> NewECP
|1508> N_core 0
|1509>   lmax f
|1510>   s 2
|1511>    1      0.860000       9.191690  2
|1512>    2      0.172000       0.008301  2
|1513>   p 2
|1514>    1      0.860000      17.997720  2
|1515>    2      0.172000      -0.032600  2
|1516>   d 2
|1517>    1      1.600000      -9.504310  2
|1518>    2      0.320000      -0.151370  2
|1519>   f 1
|1520>    1      1.000000000    0.000000000 2
|1521> end
|1522> Ti>    4.00000000000   -0.00001305954   10.35526998684   -4.62965530124
|1523> NewECP
|1524> N_core 0
|1525>   lmax f
|1526>   s 2
|1527>    1      0.860000       9.191690  2
|1528>    2      0.172000       0.008301  2
|1529>   p 2
|1530>    1      0.860000      17.997720  2
|1531>    2      0.172000      -0.032600  2
|1532>   d 2
|1533>    1      1.600000      -9.504310  2
|1534>    2      0.320000      -0.151370  2
|1535>   f 1
|1536>    1      1.000000000    0.000000000 2
|1537> end
|1538> Ti>    4.00000000000   -0.00003766494  -10.35527069201   -4.62965751995
|1539> NewECP
|1540> N_core 0
|1541>   lmax f
|1542>   s 2
|1543>    1      0.860000       9.191690  2
|1544>    2      0.172000       0.008301  2
|1545>   p 2
|1546>    1      0.860000      17.997720  2
|1547>    2      0.172000      -0.032600  2
|1548>   d 2
|1549>    1      1.600000      -9.504310  2
|1550>    2      0.320000      -0.151370  2
|1551>   f 1
|1552>    1      1.000000000    0.000000000 2
|1553> end
|1554> Ti>    4.00000000000   -3.25252203124   10.35001450768   -1.09007447638
|1555> NewECP
|1556> N_core 0
|1557>   lmax f
|1558>   s 2
|1559>    1      0.860000       9.191690  2
|1560>    2      0.172000       0.008301  2
|1561>   p 2
|1562>    1      0.860000      17.997720  2
|1563>    2      0.172000      -0.032600  2
|1564>   d 2
|1565>    1      1.600000      -9.504310  2
|1566>    2      0.320000      -0.151370  2
|1567>   f 1
|1568>    1      1.000000000    0.000000000 2
|1569> end
|1570> Ti>    4.00000000000    3.25249524182  -10.35000746598   -1.09010177237
|1571> NewECP
|1572> N_core 0
|1573>   lmax f
|1574>   s 2
|1575>    1      0.860000       9.191690  2
|1576>    2      0.172000       0.008301  2
|1577>   p 2
|1578>    1      0.860000      17.997720  2
|1579>    2      0.172000      -0.032600  2
|1580>   d 2
|1581>    1      1.600000      -9.504310  2
|1582>    2      0.320000      -0.151370  2
|1583>   f 1
|1584>    1      1.000000000    0.000000000 2
|1585> end
|1586> Ti>    4.00000000000    3.25177146548   10.35051599692   -1.08900340799
|1587> NewECP
|1588> N_core 0
|1589>   lmax f
|1590>   s 2
|1591>    1      0.860000       9.191690  2
|1592>    2      0.172000       0.008301  2
|1593>   p 2
|1594>    1      0.860000      17.997720  2
|1595>    2      0.172000      -0.032600  2
|1596>   d 2
|1597>    1      1.600000      -9.504310  2
|1598>    2      0.320000      -0.151370  2
|1599>   f 1
|1600>    1      1.000000000    0.000000000 2
|1601> end
|1602> Ti>    4.00000000000   -3.25180010998  -10.35052237553   -1.08897848845
|1603> NewECP
|1604> N_core 0
|1605>   lmax f
|1606>   s 2
|1607>    1      0.860000       9.191690  2
|1608>    2      0.172000       0.008301  2
|1609>   p 2
|1610>    1      0.860000      17.997720  2
|1611>    2      0.172000      -0.032600  2
|1612>   d 2
|1613>    1      1.600000      -9.504310  2
|1614>    2      0.320000      -0.151370  2
|1615>   f 1
|1616>    1      1.000000000    0.000000000 2
|1617> end
|1618> Ti>    4.00000000000   -0.00002489515    8.87278608240   -7.82049044430
|1619> NewECP
|1620> N_core 0
|1621>   lmax f
|1622>   s 2
|1623>    1      0.860000       9.191690  2
|1624>    2      0.172000       0.008301  2
|1625>   p 2
|1626>    1      0.860000      17.997720  2
|1627>    2      0.172000      -0.032600  2
|1628>   d 2
|1629>    1      1.600000      -9.504310  2
|1630>    2      0.320000      -0.151370  2
|1631>   f 1
|1632>    1      1.000000000    0.000000000 2
|1633> end
|1634> Ti>    4.00000000000   -0.00002489515   -8.87278613883   -7.82049044430
|1635> NewECP
|1636> N_core 0
|1637>   lmax f
|1638>   s 2
|1639>    1      0.860000       9.191690  2
|1640>    2      0.172000       0.008301  2
|1641>   p 2
|1642>    1      0.860000      17.997720  2
|1643>    2      0.172000      -0.032600  2
|1644>   d 2
|1645>    1      1.600000      -9.504310  2
|1646>    2      0.320000      -0.151370  2
|1647>   f 1
|1648>    1      1.000000000    0.000000000 2
|1649> end
|1650> Ti>    4.00000000000    6.50165450299    8.87181249147   -1.46053646138
|1651> NewECP
|1652> N_core 0
|1653>   lmax f
|1654>   s 2
|1655>    1      0.860000       9.191690  2
|1656>    2      0.172000       0.008301  2
|1657>   p 2
|1658>    1      0.860000      17.997720  2
|1659>    2      0.172000      -0.032600  2
|1660>   d 2
|1661>    1      1.600000      -9.504310  2
|1662>    2      0.320000      -0.151370  2
|1663>   f 1
|1664>    1      1.000000000    0.000000000 2
|1665> end
|1666> Ti>    4.00000000000   -6.50169070863   -8.87181218451   -1.46053672809
|1667> NewECP
|1668> N_core 0
|1669>   lmax f
|1670>   s 2
|1671>    1      0.860000       9.191690  2
|1672>    2      0.172000       0.008301  2
|1673>   p 2
|1674>    1      0.860000      17.997720  2
|1675>    2      0.172000      -0.032600  2
|1676>   d 2
|1677>    1      1.600000      -9.504310  2
|1678>    2      0.320000      -0.151370  2
|1679>   f 1
|1680>    1      1.000000000    0.000000000 2
|1681> end
|1682> Ti>    4.00000000000   -6.50232960056    8.87181249147   -1.46053646138
|1683> NewECP
|1684> N_core 0
|1685>   lmax f
|1686>   s 2
|1687>    1      0.860000       9.191690  2
|1688>    2      0.172000       0.008301  2
|1689>   p 2
|1690>    1      0.860000      17.997720  2
|1691>    2      0.172000      -0.032600  2
|1692>   d 2
|1693>    1      1.600000      -9.504310  2
|1694>    2      0.320000      -0.151370  2
|1695>   f 1
|1696>    1      1.000000000    0.000000000 2
|1697> end
|1698> Ti>    4.00000000000    6.50229339492   -8.87181218451   -1.46053672809
|1699> NewECP
|1700> N_core 0
|1701>   lmax f
|1702>   s 2
|1703>    1      0.860000       9.191690  2
|1704>    2      0.172000       0.008301  2
|1705>   p 2
|1706>    1      0.860000      17.997720  2
|1707>    2      0.172000      -0.032600  2
|1708>   d 2
|1709>    1      1.600000      -9.504310  2
|1710>    2      0.320000      -0.151370  2
|1711>   f 1
|1712>    1      1.000000000    0.000000000 2
|1713> end
|1714> Ti>    4.00000000000    9.75348115138    5.91514921314   -4.43582237088
|1715> NewECP
|1716> N_core 0
|1717>   lmax f
|1718>   s 2
|1719>    1      0.860000       9.191690  2
|1720>    2      0.172000       0.008301  2
|1721>   p 2
|1722>    1      0.860000      17.997720  2
|1723>    2      0.172000      -0.032600  2
|1724>   d 2
|1725>    1      1.600000      -9.504310  2
|1726>    2      0.320000      -0.151370  2
|1727>   f 1
|1728>    1      1.000000000    0.000000000 2
|1729> end
|1730> Ti>    4.00000000000   -9.75353112468    5.91523370624   -4.43582296951
|1731> NewECP
|1732> N_core 0
|1733>   lmax f
|1734>   s 2
|1735>    1      0.860000       9.191690  2
|1736>    2      0.172000       0.008301  2
|1737>   p 2
|1738>    1      0.860000      17.997720  2
|1739>    2      0.172000      -0.032600  2
|1740>   d 2
|1741>    1      1.600000      -9.504310  2
|1742>    2      0.320000      -0.151370  2
|1743>   f 1
|1744>    1      1.000000000    0.000000000 2
|1745> end
|1746> Ti>    4.00000000000    9.75348115138   -5.91523226768   -4.43582237088
|1747> NewECP
|1748> N_core 0
|1749>   lmax f
|1750>   s 2
|1751>    1      0.860000       9.191690  2
|1752>    2      0.172000       0.008301  2
|1753>   p 2
|1754>    1      0.860000      17.997720  2
|1755>    2      0.172000      -0.032600  2
|1756>   d 2
|1757>    1      1.600000      -9.504310  2
|1758>    2      0.320000      -0.151370  2
|1759>   f 1
|1760>    1      1.000000000    0.000000000 2
|1761> end
|1762> Ti>    4.00000000000   -9.75353112468   -5.91514777458   -4.43582296951
|1763> NewECP
|1764> N_core 0
|1765>   lmax f
|1766>   s 2
|1767>    1      0.860000       9.191690  2
|1768>    2      0.172000       0.008301  2
|1769>   p 2
|1770>    1      0.860000      17.997720  2
|1771>    2      0.172000      -0.032600  2
|1772>   d 2
|1773>    1      1.600000      -9.504310  2
|1774>    2      0.320000      -0.151370  2
|1775>   f 1
|1776>    1      1.000000000    0.000000000 2
|1777> end
|1778> Ti>    4.00000000000    0.00000000000   11.83038148082   -1.43694122213
|1779> NewECP
|1780> N_core 0
|1781>   lmax f
|1782>   s 2
|1783>    1      0.860000       9.191690  2
|1784>    2      0.172000       0.008301  2
|1785>   p 2
|1786>    1      0.860000      17.997720  2
|1787>    2      0.172000      -0.032600  2
|1788>   d 2
|1789>    1      1.600000      -9.504310  2
|1790>    2      0.320000      -0.151370  2
|1791>   f 1
|1792>    1      1.000000000    0.000000000 2
|1793> end
|1794> Ti>    4.00000000000    0.00000000000  -11.83038148082   -1.43694122213
|1795> NewECP
|1796> N_core 0
|1797>   lmax f
|1798>   s 2
|1799>    1      0.860000       9.191690  2
|1800>    2      0.172000       0.008301  2
|1801>   p 2
|1802>    1      0.860000      17.997720  2
|1803>    2      0.172000      -0.032600  2
|1804>   d 2
|1805>    1      1.600000      -9.504310  2
|1806>    2      0.320000      -0.151370  2
|1807>   f 1
|1808>    1      1.000000000    0.000000000 2
|1809> end
|1810> Ti>    4.00000000000    9.75467165396    7.39360048251   -1.08389187211
|1811> NewECP
|1812> N_core 0
|1813>   lmax f
|1814>   s 2
|1815>    1      0.860000       9.191690  2
|1816>    2      0.172000       0.008301  2
|1817>   p 2
|1818>    1      0.860000      17.997720  2
|1819>    2      0.172000      -0.032600  2
|1820>   d 2
|1821>    1      1.600000      -9.504310  2
|1822>    2      0.320000      -0.151370  2
|1823>   f 1
|1824>    1      1.000000000    0.000000000 2
|1825> end
|1826> Ti>    4.00000000000   -9.75472064452   -7.39360029398   -1.08389335211
|1827> NewECP
|1828> N_core 0
|1829>   lmax f
|1830>   s 2
|1831>    1      0.860000       9.191690  2
|1832>    2      0.172000       0.008301  2
|1833>   p 2
|1834>    1      0.860000      17.997720  2
|1835>    2      0.172000      -0.032600  2
|1836>   d 2
|1837>    1      1.600000      -9.504310  2
|1838>    2      0.320000      -0.151370  2
|1839>   f 1
|1840>    1      1.000000000    0.000000000 2
|1841> end
|1842> Ti>    4.00000000000   -9.75496740585    7.39380968753   -1.08375720193
|1843> NewECP
|1844> N_core 0
|1845>   lmax f
|1846>   s 2
|1847>    1      0.860000       9.191690  2
|1848>    2      0.172000       0.008301  2
|1849>   p 2
|1850>    1      0.860000      17.997720  2
|1851>    2      0.172000      -0.032600  2
|1852>   d 2
|1853>    1      1.600000      -9.504310  2
|1854>    2      0.320000      -0.151370  2
|1855>   f 1
|1856>    1      1.000000000    0.000000000 2
|1857> end
|1858> Ti>    4.00000000000    9.75491790275   -7.39381013915   -1.08375702682
|1859> NewECP
|1860> N_core 0
|1861>   lmax f
|1862>   s 2
|1863>    1      0.860000       9.191690  2
|1864>    2      0.172000       0.008301  2
|1865>   p 2
|1866>    1      0.860000      17.997720  2
|1867>    2      0.172000      -0.032600  2
|1868>   d 2
|1869>    1      1.600000      -9.504310  2
|1870>    2      0.320000      -0.151370  2
|1871>   f 1
|1872>    1      1.000000000    0.000000000 2
|1873> end
|1874> Ti>    4.00000000000    3.25156877623   11.83034440375   -4.43754121253
|1875> NewECP
|1876> N_core 0
|1877>   lmax f
|1878>   s 2
|1879>    1      0.860000       9.191690  2
|1880>    2      0.172000       0.008301  2
|1881>   p 2
|1882>    1      0.860000      17.997720  2
|1883>    2      0.172000      -0.032600  2
|1884>   d 2
|1885>    1      1.600000      -9.504310  2
|1886>    2      0.320000      -0.151370  2
|1887>   f 1
|1888>    1      1.000000000    0.000000000 2
|1889> end
|1890> Ti>    4.00000000000   -3.25161817455  -11.83034378673   -4.43752893607
|1891> NewECP
|1892> N_core 0
|1893>   lmax f
|1894>   s 2
|1895>    1      0.860000       9.191690  2
|1896>    2      0.172000       0.008301  2
|1897>   p 2
|1898>    1      0.860000      17.997720  2
|1899>    2      0.172000      -0.032600  2
|1900>   d 2
|1901>    1      1.600000      -9.504310  2
|1902>    2      0.320000      -0.151370  2
|1903>   f 1
|1904>    1      1.000000000    0.000000000 2
|1905> end
|1906> Ti>    4.00000000000   -3.25161817455   11.83041917491   -4.43752893607
|1907> NewECP
|1908> N_core 0
|1909>   lmax f
|1910>   s 2
|1911>    1      0.860000       9.191690  2
|1912>    2      0.172000       0.008301  2
|1913>   p 2
|1914>    1      0.860000      17.997720  2
|1915>    2      0.172000      -0.032600  2
|1916>   d 2
|1917>    1      1.600000      -9.504310  2
|1918>    2      0.320000      -0.151370  2
|1919>   f 1
|1920>    1      1.000000000    0.000000000 2
|1921> end
|1922> Ti>    4.00000000000    3.25156877623  -11.83041855789   -4.43754121253
|1923> NewECP
|1924> N_core 0
|1925>   lmax f
|1926>   s 2
|1927>    1      0.860000       9.191690  2
|1928>    2      0.172000       0.008301  2
|1929>   p 2
|1930>    1      0.860000      17.997720  2
|1931>    2      0.172000      -0.032600  2
|1932>   d 2
|1933>    1      1.600000      -9.504310  2
|1934>    2      0.320000      -0.151370  2
|1935>   f 1
|1936>    1      1.000000000    0.000000000 2
|1937> end
|1938> Ti>    4.00000000000   -6.50200150170   10.35138812093   -4.63893787342
|1939> NewECP
|1940> N_core 0
|1941>   lmax f
|1942>   s 2
|1943>    1      0.860000       9.191690  2
|1944>    2      0.172000       0.008301  2
|1945>   p 2
|1946>    1      0.860000      17.997720  2
|1947>    2      0.172000      -0.032600  2
|1948>   d 2
|1949>    1      1.600000      -9.504310  2
|1950>    2      0.320000      -0.151370  2
|1951>   f 1
|1952>    1      1.000000000    0.000000000 2
|1953> end
|1954> Ti>    4.00000000000    6.50198260185   10.35138812093   -4.63893787342
|1955> NewECP
|1956> N_core 0
|1957>   lmax f
|1958>   s 2
|1959>    1      0.860000       9.191690  2
|1960>    2      0.172000       0.008301  2
|1961>   p 2
|1962>    1      0.860000      17.997720  2
|1963>    2      0.172000      -0.032600  2
|1964>   d 2
|1965>    1      1.600000      -9.504310  2
|1966>    2      0.320000      -0.151370  2
|1967>   f 1
|1968>    1      1.000000000    0.000000000 2
|1969> end
|1970> Ti>    4.00000000000    6.50195053101  -10.35138768400   -4.63893801319
|1971> NewECP
|1972> N_core 0
|1973>   lmax f
|1974>   s 2
|1975>    1      0.860000       9.191690  2
|1976>    2      0.172000       0.008301  2
|1977>   p 2
|1978>    1      0.860000      17.997720  2
|1979>    2      0.172000      -0.032600  2
|1980>   d 2
|1981>    1      1.600000      -9.504310  2
|1982>    2      0.320000      -0.151370  2
|1983>   f 1
|1984>    1      1.000000000    0.000000000 2
|1985> end
|1986> Ti>    4.00000000000   -6.50203357254  -10.35138768400   -4.63893801319
|1987> NewECP
|1988> N_core 0
|1989>   lmax f
|1990>   s 2
|1991>    1      0.860000       9.191690  2
|1992>    2      0.172000       0.008301  2
|1993>   p 2
|1994>    1      0.860000      17.997720  2
|1995>    2      0.172000      -0.032600  2
|1996>   d 2
|1997>    1      1.600000      -9.504310  2
|1998>    2      0.320000      -0.151370  2
|1999>   f 1
|2000>    1      1.000000000    0.000000000 2
|2001> end
|2002>   end
|2003> endd                         ****END OF INPUT****
================================================================================
----------------
TOTAL SCF ENERGY
----------------

Total Energy       :       -22152.77249128 Eh         -602807.58563 eV

Components:
Nuclear Repulsion  :        25306.52484552 Eh          688625.55009 eV
Electronic Energy  :       -47459.29733680 Eh        -1291433.13573 eV
One Electron Energy:       -84467.74248832 Eh        -2298484.12578 eV
Two Electron Energy:        37008.44515152 Eh         1007050.99006 eV
Max COSX asymmetry :            0.00209563 Eh               0.05703 eV

Warning: maximum COSX asymmetry larger than 0.0005 Eh!
Please consider increasing the grid.

Virial components:
Potential Energy   :       -38798.51726309 Eh        -1055761.32860 eV
Kinetic Energy     :        16645.74477181 Eh          452953.74296 eV
Virial Ratio       :            2.33083697

--------------------Output has been truncated-------------------------


--------------------Output has been truncated-------------------------


--------------------Output has been truncated-------------------------


--------------------Output has been truncated-------------------------


--------------------Output has been truncated-------------------------


--------------------Output has been truncated-------------------------


--------------------Output has been truncated-------------------------


--------------------Output has been truncated-------------------------


--------------------Output has been truncated-------------------------


--------------------Output has been truncated-------------------------


-----------------------------------------------
 RI-MP2 CORRELATION ENERGY:    -15.573701021 Eh
-----------------------------------------------
---------------------------------------
MP2 TOTAL ENERGY:   -22168.346192301 Eh
---------------------------------------

Maximum memory used throughout the entire MP2-calculation: 15198.3 MB

-------------------------   --------------------
FINAL SINGLE POINT ENERGY    -22168.346192300953
-------------------------   --------------------
TOTAL RUN TIME: 1 days 15 hours 13 minutes 20 seconds 18 msec
