 **********************************************************************
                          MRCC program system
 **********************************************************************
 
                              Written by
     Mihaly Kallay, Peter R. Nagy, David Mester, Laszlo Gyevi-Nagy,
        Jozsef Csoka, P. Bernat Szabo, Zoltan Rolik, Gyula Samu,
     Jozsef Csontos, Bence Hegely, Adam Ganyecz, Istvan Ladjanszki,
       Lorant Szegedy, Bence Ladoczki, Klara Petrov, Mate Farkas,
                    Pal D. Mezei, and Reka A. Horvath
 
        Department of Physical Chemistry and Materials Science
            Budapest University of Technology and Economics
                  Budapest P.O.Box 91, H-1521 Hungary
 
                              www.mrcc.hu
 
                      Release date: March 18, 2022

 ************************ 2023-02-05 13:26:01 *************************
 Executing minp...

 Reading input from MINP...
 
 Input file:
 
calc=FNO-CCSD(T)
verbosity=3
mem=220GB
unit=angs
scfiguess=small
scfalg=locfit1
ccmaxit=400
ccsdalg=dfdirect
ccsdthreads=4
ccsdmkl=thr
ptthreads=4
lnoepsv=1e-5
naf_cor=1e-2
basis=aug-cc-pVTZ
basis_sm=def2-SVP
dfbasis_scf=def2-QZVPP-RI-JK
dfbasis_cor=aug-cc-pVTZ-RI
unit=angs
geom=xyz
16

C    34.41670262    34.07107264    10.41543014
C    33.11117461    33.45680459    10.91530835
H    34.24160149    35.00442132     9.86225048
H    34.94674030    33.36940783     9.75379242
H    35.10002891    34.30603621    11.24227357
H    32.42643037    33.26105434    10.07939442
H    32.59136835    34.12756100    11.61262818
H    33.28915165    32.50678735    11.43686767
C    20.41949695    44.62250599    10.40840413
C    21.71921254    44.00866602    10.92356358
H    19.89421274    43.91831109     9.74574003
H    20.60154528    45.55346314     9.85293887
H    19.72845280    44.86310997    11.22701403
H    22.41312130    43.81200646    10.09557036
H    21.53496881    43.05914398    11.44395536
H    22.23131028    44.68025716    11.62583355

--------------------Output has been truncated-------------------------


--------------------Output has been truncated-------------------------


--------------------Output has been truncated-------------------------


--------------------Output has been truncated-------------------------


--------------------Output has been truncated-------------------------


--------------------Output has been truncated-------------------------


--------------------Output has been truncated-------------------------


--------------------Output has been truncated-------------------------


--------------------Output has been truncated-------------------------


--------------------Output has been truncated-------------------------


 
 Reference energy [au]:                       -79.259550503368
 DF-MP2 singlet pair energy [au]:              -0.300254290148
 DF-MP2 triplet pair energy [au]:              -0.075031442264
 DF-SCS-MP2 correlation energy [au]:           -0.385315628933
 DF-SCS-MP2 energy [au]:                      -79.644866132300
 DF-SOS-MP2 correlation energy [au]:           -0.390330577193
 DF-SOS-MP2 energy [au]:                      -79.649881080560
 DF-MP2 correlation energy [au]:               -0.375285732413
 DF-MP2 energy [au]:                          -79.634836235780

 Results in FNO basis:
 
 
 Reference energy [au]:                       -79.259550503368
 DF-MP2 singlet pair energy [au]:              -0.299084107960
 DF-MP2 triplet pair energy [au]:              -0.074925176436
 DF-SCS-MP2 correlation energy [au]:           -0.383875988364
 DF-SCS-MP2 energy [au]:                      -79.643426491732
 DF-SOS-MP2 correlation energy [au]:           -0.388809340348
 DF-SOS-MP2 energy [au]:                      -79.648359843716
 DF-MP2 correlation energy [au]:               -0.374009284396
 DF-MP2 energy [au]:                          -79.633559787764

 Results in NAF basis:
 
 
 Reference energy [au]:                       -79.259550503368
 DF-MP2 singlet pair energy [au]:              -0.299023376931
 DF-MP2 triplet pair energy [au]:              -0.074964220886
 DF-SCS-MP2 correlation energy [au]:           -0.383816125946
 DF-SCS-MP2 energy [au]:                      -79.643366629314
 DF-SOS-MP2 correlation energy [au]:           -0.388730390011
 DF-SOS-MP2 energy [au]:                      -79.648280893378
 DF-MP2 correlation energy [au]:               -0.373987597817
 DF-MP2 energy [au]:                          -79.633538101185

 ************************ 2023-02-05 13:26:30 *************************
 Executing ccsd...

 Allocation of 220.0 Gbytes of memory...

 Direct DF-CCSD(T) calculation
 
 Convergence criterion:  1.0E-06
 
 Number of occupied/virtual/auxiliary orbitals:     7   139   378
    421.21 MB is the minimal memory requirement for (T)
     94.89 MB is the minimal memory requirement for CCSD
 
 Reference energy [au]:             -79.259550503368
 T1 contribution [au]:                0.000000000000
 Same spin MP2 energy [au]:          -0.074944639481
 Opposite spin MP2 energy [au]:      -0.299053571630
 MP2 correlation energy [au]:        -0.373998211112
 Total MP2 energy [au]:             -79.633548714479
 MP2 correction [au]:                -0.001287521301
 
 
 CPU time [min]:     0.316                   Wall time [min]:     0.016
 
 Starting CCSD iterations...
 
                     Residual norm          Energy
 Iteration  1        0.170712144206      -79.654477276383
 Iteration  2        0.042453498478      -79.664042193702
 Iteration  3        0.011296535519      -79.664998239720
 Iteration  4        0.002548541583      -79.665006561375
 Iteration  5        0.000536665447      -79.665011768108
 Iteration  6        0.000152292043      -79.665014845739
 Iteration  7        0.000036257619      -79.665014630451
 Iteration  8        0.000009249088      -79.665014922087
 
 CCSD iteration has converged in  8 steps.
     1534.57 MB memory was utilized by CCSD
 
 T1 diagnostic:      7.816E-03            D1 diagnostic:      1.353E-02
 
 T1 contribution [au]:                                  0.000000000000
 PPL energy contribution [au]:                          0.102911446756
 Scaled PPL energy contribution [au]:                   0.103270156415

 OS-PPL energy contribution [au]:                       0.089961249320
 Scaled OS-PPL energy contribution [au]:                0.090332331667
 SS-PPL energy contribution [au]:                       0.012950197436
 Scaled SS-PPL energy contribution [au]:                0.012962024168

 Opposite spin CCSD energy [au]:                       -0.334284073630
 Same spin CCSD energy [au]:                           -0.071199012371
 CCSD correlation energy [au]:                         -0.405483086002
 CCSD correlation energy + MP2 correction [au]:        -0.406770607303
 CCSD correlation energy + MP2 + PPL corr. [au]:       -0.406411897644
 Total CCSD energy [au]:                              -79.665033589369
 Total CCSD energy + MP2 correction [au]:             -79.666321110670
 Total CCSD energy + MP2 + PPL corr. [au]:            -79.665962401012
 
 CPU time [min]:     2.770                   Wall time [min]:     0.089
 
 Calculation of (T) correction...
 
 
      388.93 MB memory is utilized for (T)

 0%       25%       50%       75%       100%
 |---------|---------|---------|---------| 
 
 (T) correction [au]:                                    -0.013958893888
 (T*) correction [au]:                                   -0.014006948592
 (T+) correction [au]:                                   -0.014006366260
 CCSD(T) correlation energy [au]:                        -0.419441979890
 CCSD(T) correlation energy + MP2 correction [au]:       -0.420729501191
 CCSD(T+) correlation en. + MP2 + PPL corr. [au]:        -0.420418263904
 Total CCSD(T) energy [au]:                             -79.678992483258
 Total CCSD(T) energy + MP2 correction [au]:            -79.680280004559
 Total CCSD(T+) energy + MP2 + PPL corr. [au]:          -79.679968767272
 
 CPU time [min]:     3.478                   Wall time [min]:     0.111
 
 ************************ 2023-02-05 13:26:36 *************************
                      Normal termination of mrcc.
 **********************************************************************
