 **********************************************************************
                          MRCC program system
 **********************************************************************
 
                              Written by
     Mihaly Kallay, Peter R. Nagy, David Mester, Laszlo Gyevi-Nagy,
        Jozsef Csoka, P. Bernat Szabo, Zoltan Rolik, Gyula Samu,
     Jozsef Csontos, Bence Hegely, Adam Ganyecz, Istvan Ladjanszki,
       Lorant Szegedy, Bence Ladoczki, Klara Petrov, Mate Farkas,
                    Pal D. Mezei, and Reka A. Horvath
 
        Department of Physical Chemistry and Materials Science
            Budapest University of Technology and Economics
                  Budapest P.O.Box 91, H-1521 Hungary
 
                              www.mrcc.hu
 
                      Release date: March 18, 2022

 ************************ 2023-02-05 13:12:26 *************************
 Executing minp...

 Reading input from MINP...
 
 Input file:
 
calc=FNO-CCSD(T)
verbosity=3
mem=220GB
unit=angs
scfiguess=small
scfalg=locfit1
ccmaxit=400
ccsdalg=dfdirect
ccsdthreads=4
ccsdmkl=thr
ptthreads=4
lnoepsv=1e-5
naf_cor=1e-2
basis=aug-cc-pVQZ
basis_sm=def2-SVP
dfbasis_scf=def2-QZVPP-RI-JK
dfbasis_cor=aug-cc-pVQZ-RI
unit=angs
geom=xyz
16

C    34.41670262    34.07107264    10.41543014
C    33.11117461    33.45680459    10.91530835
H    34.24160149    35.00442132     9.86225048
H    34.94674030    33.36940783     9.75379242
H    35.10002891    34.30603621    11.24227357
H    32.42643037    33.26105434    10.07939442
H    32.59136835    34.12756100    11.61262818
H    33.28915165    32.50678735    11.43686767
C    37.30146851    31.96102723    10.40841099
C    38.60118650    31.34719311    10.92356869
H    36.77622810    31.25682155     9.74571409
H    37.48350439    32.89196657     9.85291346
H    36.61044119    32.20166151    11.22702485
H    39.29502691    31.15055188    10.09551480
H    38.41694628    30.39767355    11.44396498
H    39.11330594    32.01873499    11.62587494

--------------------Output has been truncated-------------------------


--------------------Output has been truncated-------------------------


--------------------Output has been truncated-------------------------


--------------------Output has been truncated-------------------------


--------------------Output has been truncated-------------------------


--------------------Output has been truncated-------------------------


--------------------Output has been truncated-------------------------


--------------------Output has been truncated-------------------------


--------------------Output has been truncated-------------------------


--------------------Output has been truncated-------------------------


 
 Reference energy [au]:                       -79.264436992642
 DF-MP2 singlet pair energy [au]:              -0.317807894032
 DF-MP2 triplet pair energy [au]:              -0.076913813586
 DF-SCS-MP2 correlation energy [au]:           -0.407007410700
 DF-SCS-MP2 energy [au]:                      -79.671444403342
 DF-SOS-MP2 correlation energy [au]:           -0.413150262242
 DF-SOS-MP2 energy [au]:                      -79.677587254883
 DF-MP2 correlation energy [au]:               -0.394721707618
 DF-MP2 energy [au]:                          -79.659158700259

 Results in FNO basis:
 
 
 Reference energy [au]:                       -79.264436992642
 DF-MP2 singlet pair energy [au]:              -0.312586606615
 DF-MP2 triplet pair energy [au]:              -0.076624490885
 DF-SCS-MP2 correlation energy [au]:           -0.400645424900
 DF-SCS-MP2 energy [au]:                      -79.665082417541
 DF-SOS-MP2 correlation energy [au]:           -0.406362588600
 DF-SOS-MP2 energy [au]:                      -79.670799581241
 DF-MP2 correlation energy [au]:               -0.389211097500
 DF-MP2 energy [au]:                          -79.653648090141

 Results in NAF basis:
 
 
 Reference energy [au]:                       -79.264436992642
 DF-MP2 singlet pair energy [au]:              -0.312565393452
 DF-MP2 triplet pair energy [au]:              -0.076632532782
 DF-SCS-MP2 correlation energy [au]:           -0.400622649737
 DF-SCS-MP2 energy [au]:                      -79.665059642378
 DF-SOS-MP2 correlation energy [au]:           -0.406335011488
 DF-SOS-MP2 energy [au]:                      -79.670772004130
 DF-MP2 correlation energy [au]:               -0.389197926234
 DF-MP2 energy [au]:                          -79.653634918876

 ************************ 2023-02-05 13:14:26 *************************
 Executing ccsd...

 Allocation of 220.0 Gbytes of memory...

 Direct DF-CCSD(T) calculation
 
 Convergence criterion:  1.0E-06
 
 Number of occupied/virtual/auxiliary orbitals:     7   175   553
    851.81 MB is the minimal memory requirement for (T)
    190.95 MB is the minimal memory requirement for CCSD
 
 Reference energy [au]:             -79.264436992642
 T1 contribution [au]:                0.000000000000
 Same spin MP2 energy [au]:          -0.076628509354
 Opposite spin MP2 energy [au]:      -0.312575995429
 MP2 correlation energy [au]:        -0.389204504783
 Total MP2 energy [au]:             -79.653641497424
 MP2 correction [au]:                -0.005517202835
 
 
 CPU time [min]:     0.404                   Wall time [min]:     0.049
 
 Starting CCSD iterations...
 
                     Residual norm          Energy
 Iteration  1        0.179614330631      -79.671545524829
 Iteration  2        0.044517365990      -79.681127290713
 Iteration  3        0.013094041735      -79.682263668824
 Iteration  4        0.002650374406      -79.682270855043
 Iteration  5        0.000560966942      -79.682276722762
 Iteration  6        0.000156926650      -79.682278774618
 Iteration  7        0.000037088168      -79.682278549146
 Iteration  8        0.000009996966      -79.682278913230
 
 CCSD iteration has converged in  8 steps.
     3805.43 MB memory was utilized by CCSD
 
 T1 diagnostic:      8.231E-03            D1 diagnostic:      1.428E-02
 
 T1 contribution [au]:                                  0.000000000000
 PPL energy contribution [au]:                          0.108955999702
 Scaled PPL energy contribution [au]:                   0.110510183782

 OS-PPL energy contribution [au]:                       0.095561551797
 Scaled OS-PPL energy contribution [au]:                0.097171191545
 SS-PPL energy contribution [au]:                       0.013394447905
 Scaled SS-PPL energy contribution [au]:                0.013443113801

 Opposite spin CCSD energy [au]:                       -0.345169683371
 Same spin CCSD energy [au]:                           -0.072680155070
 CCSD correlation energy [au]:                         -0.417849838441
 CCSD correlation energy + MP2 correction [au]:        -0.423367041277
 CCSD correlation energy + MP2 + PPL corr. [au]:       -0.421812857197
 Total CCSD energy [au]:                              -79.682286831083
 Total CCSD energy + MP2 correction [au]:             -79.687804033918
 Total CCSD energy + MP2 + PPL corr. [au]:            -79.686249849838
 
 CPU time [min]:     6.545                   Wall time [min]:     0.238
 
 Calculation of (T) correction...
 
 
      783.82 MB memory is utilized for (T)

 0%       25%       50%       75%       100%
 |---------|---------|---------|---------| 
 
 (T) correction [au]:                                    -0.014765664717
 (T*) correction [au]:                                   -0.014974976702
 (T+) correction [au]:                                   -0.014971432254
 CCSD(T) correlation energy [au]:                        -0.432615503159
 CCSD(T) correlation energy + MP2 correction [au]:       -0.438132705994
 CCSD(T+) correlation en. + MP2 + PPL corr. [au]:        -0.436784289450
 Total CCSD(T) energy [au]:                             -79.697052495800
 Total CCSD(T) energy + MP2 correction [au]:            -79.702569698636
 Total CCSD(T+) energy + MP2 + PPL corr. [au]:          -79.701221282092
 
 CPU time [min]:     8.280                   Wall time [min]:     0.306
 
 ************************ 2023-02-05 13:14:45 *************************
                      Normal termination of mrcc.
 **********************************************************************
