 **********************************************************************
                          MRCC program system
 **********************************************************************
 
                              Written by
     Mihaly Kallay, Peter R. Nagy, David Mester, Laszlo Gyevi-Nagy,
        Jozsef Csoka, P. Bernat Szabo, Zoltan Rolik, Gyula Samu,
     Jozsef Csontos, Bence Hegely, Adam Ganyecz, Istvan Ladjanszki,
       Lorant Szegedy, Bence Ladoczki, Klara Petrov, Mate Farkas,
                    Pal D. Mezei, and Reka A. Horvath
 
        Department of Physical Chemistry and Materials Science
            Budapest University of Technology and Economics
                  Budapest P.O.Box 91, H-1521 Hungary
 
                              www.mrcc.hu
 
                      Release date: March 18, 2022

 ************************ 2023-02-05 13:23:58 *************************
 Executing minp...

 Reading input from MINP...
 
 Input file:
 
calc=FNO-CCSD(T)
verbosity=3
mem=220GB
unit=angs
scfiguess=small
scfalg=locfit1
ccmaxit=400
ccsdalg=dfdirect
ccsdthreads=4
ccsdmkl=thr
ptthreads=4
lnoepsv=1e-5
naf_cor=1e-2
basis=aug-cc-pVQZ
basis_sm=def2-SVP
dfbasis_scf=def2-QZVPP-RI-JK
dfbasis_cor=aug-cc-pVQZ-RI
unit=angs
geom=xyz
16

C    34.41670262    34.07107264    10.41543014
C    33.11117461    33.45680459    10.91530835
H    34.24160149    35.00442132     9.86225048
H    34.94674030    33.36940783     9.75379242
H    35.10002891    34.30603621    11.24227357
H    32.42643037    33.26105434    10.07939442
H    32.59136835    34.12756100    11.61262818
H    33.28915165    32.50678735    11.43686767
C    51.29867193    25.63008798    10.41543014
C    49.99314392    25.01581994    10.91530835
H    51.12357080    26.56343667     9.86225048
H    51.82870961    24.92842317     9.75379242
H    51.98199822    25.86505155    11.24227357
H    49.30839968    24.82006969    10.07939442
H    49.47333766    25.68657634    11.61262818
H    50.17112096    24.06580270    11.43686767

--------------------Output has been truncated-------------------------


--------------------Output has been truncated-------------------------


--------------------Output has been truncated-------------------------


--------------------Output has been truncated-------------------------


--------------------Output has been truncated-------------------------


--------------------Output has been truncated-------------------------


--------------------Output has been truncated-------------------------


--------------------Output has been truncated-------------------------


--------------------Output has been truncated-------------------------


--------------------Output has been truncated-------------------------


 
 Reference energy [au]:                      -158.528874087125
 DF-MP2 singlet pair energy [au]:              -0.635444655865
 DF-MP2 triplet pair energy [au]:              -0.153812725953
 DF-SCS-MP2 correlation energy [au]:           -0.813804495689
 DF-SCS-MP2 energy [au]:                     -159.342678582813
 DF-SOS-MP2 correlation energy [au]:           -0.826078052624
 DF-SOS-MP2 energy [au]:                     -159.354952139749
 DF-MP2 correlation energy [au]:               -0.789257381818
 DF-MP2 energy [au]:                         -159.318131468942

 Results in FNO basis:
 
 
 Reference energy [au]:                      -158.528874087125
 DF-MP2 singlet pair energy [au]:              -0.625097519072
 DF-MP2 triplet pair energy [au]:              -0.153240958239
 DF-SCS-MP2 correlation energy [au]:           -0.801197342299
 DF-SCS-MP2 energy [au]:                     -159.330071429424
 DF-SOS-MP2 correlation energy [au]:           -0.812626774793
 DF-SOS-MP2 energy [au]:                     -159.341500861918
 DF-MP2 correlation energy [au]:               -0.778338477311
 DF-MP2 energy [au]:                         -159.307212564435

 Results in NAF basis:
 
 
 Reference energy [au]:                      -158.528874087125
 DF-MP2 singlet pair energy [au]:              -0.625055326263
 DF-MP2 triplet pair energy [au]:              -0.153256917266
 DF-SCS-MP2 correlation energy [au]:           -0.801152030604
 DF-SCS-MP2 energy [au]:                     -159.330026117729
 DF-SOS-MP2 correlation energy [au]:           -0.812571924142
 DF-SOS-MP2 energy [au]:                     -159.341446011267
 DF-MP2 correlation energy [au]:               -0.778312243529
 DF-MP2 energy [au]:                         -159.307186330654

 ************************ 2023-02-05 13:26:11 *************************
 Executing ccsd...

 Allocation of 220.0 Gbytes of memory...

 Direct DF-CCSD(T) calculation
 
 Convergence criterion:  1.0E-06
 
 Number of occupied/virtual/auxiliary orbitals:    14   350  1101
   6894.54 MB is the minimal memory requirement for (T)
   1573.93 MB is the minimal memory requirement for CCSD
 
 Reference energy [au]:            -158.528874087125
 T1 contribution [au]:                0.000000000000
 Same spin MP2 energy [au]:          -0.153248932484
 Opposite spin MP2 energy [au]:      -0.625076413022
 MP2 correlation energy [au]:        -0.778325345506
 Total MP2 energy [au]:            -159.307199432630
 MP2 correction [au]:                -0.010932036312
 
 
 CPU time [min]:     1.630                   Wall time [min]:     0.566
 
 Starting CCSD iterations...
 
                     Residual norm          Energy
 Iteration  1        0.253997704846     -159.343025393539
 Iteration  2        0.062948421415     -159.362189688641
 Iteration  3        0.018511678539     -159.364461116037
 Iteration  4        0.003748065699     -159.364475563945
 Iteration  5        0.000793324473     -159.364487293073
 Iteration  6        0.000221931933     -159.364491394729
 Iteration  7        0.000052460920     -159.364490944685
 Iteration  8        0.000014140080     -159.364491672446
 Iteration  9        0.000002817361     -159.364491629633
 
 CCSD iteration has converged in  9 steps.
    59038.48 MB memory was utilized by CCSD
 
 T1 diagnostic:      8.231E-03            D1 diagnostic:      1.428E-02
 
 T1 contribution [au]:                                  0.000000000000
 PPL energy contribution [au]:                          0.217870442359
 Scaled PPL energy contribution [au]:                   0.220949979178

 OS-PPL energy contribution [au]:                       0.191084021305
 Scaled OS-PPL energy contribution [au]:                0.194273910995
 SS-PPL energy contribution [au]:                       0.026786421054
 Scaled SS-PPL energy contribution [au]:                0.026882584965

 Opposite spin CCSD energy [au]:                       -0.690280270501
 Same spin CCSD energy [au]:                           -0.145352910695
 CCSD correlation energy [au]:                         -0.835633181196
 CCSD correlation energy + MP2 correction [au]:        -0.846565217508
 CCSD correlation energy + MP2 + PPL corr. [au]:       -0.843485680689
 Total CCSD energy [au]:                             -159.364507268320
 Total CCSD energy + MP2 correction [au]:            -159.375439304632
 Total CCSD energy + MP2 + PPL corr. [au]:           -159.372359767814
 
 CPU time [min]:   153.645                   Wall time [min]:     5.424
 
 Calculation of (T) correction...
 
 
     8827.33 MB memory is utilized for (T)

 0%       25%       50%       75%       100%
 |---------|---------|---------|---------| 
 
 (T) correction [au]:                                    -0.029525308641
 (T*) correction [au]:                                   -0.029940008931
 (T+) correction [au]:                                   -0.029932951616
 CCSD(T) correlation energy [au]:                        -0.865158489837
 CCSD(T) correlation energy + MP2 correction [au]:       -0.876090526149
 CCSD(T+) correlation en. + MP2 + PPL corr. [au]:        -0.873418632305
 Total CCSD(T) energy [au]:                            -159.394032576962
 Total CCSD(T) energy + MP2 correction [au]:           -159.404964613274
 Total CCSD(T+) energy + MP2 + PPL corr. [au]:         -159.402292719430
 
 CPU time [min]:   274.265                   Wall time [min]:     9.037
 
 ************************ 2023-02-05 13:35:14 *************************
                      Normal termination of mrcc.
 **********************************************************************
