 **********************************************************************
                          MRCC program system
 **********************************************************************
 
                              Written by
     Mihaly Kallay, Peter R. Nagy, David Mester, Laszlo Gyevi-Nagy,
        Jozsef Csoka, P. Bernat Szabo, Zoltan Rolik, Gyula Samu,
     Jozsef Csontos, Bence Hegely, Adam Ganyecz, Istvan Ladjanszki,
       Lorant Szegedy, Bence Ladoczki, Klara Petrov, Mate Farkas,
                    Pal D. Mezei, and Reka A. Horvath
 
        Department of Physical Chemistry and Materials Science
            Budapest University of Technology and Economics
                  Budapest P.O.Box 91, H-1521 Hungary
 
                              www.mrcc.hu
 
                      Release date: March 18, 2022

 ************************ 2023-02-05 13:20:48 *************************
 Executing minp...

 Reading input from MINP...
 
 Input file:
 
calc=FNO-CCSD(T)
verbosity=3
mem=220GB
unit=angs
scfiguess=small
scfalg=locfit1
ccmaxit=400
ccsdalg=dfdirect
ccsdthreads=4
ccsdmkl=thr
ptthreads=4
lnoepsv=1e-5
naf_cor=1e-2
basis=aug-cc-pVTZ
basis_sm=def2-SVP
dfbasis_scf=def2-QZVPP-RI-JK
dfbasis_cor=aug-cc-pVTZ-RI
unit=angs
geom=xyz
16

C    34.41670262    34.07107264    10.41543014
C    33.11117461    33.45680459    10.91530835
H    34.24160149    35.00442132     9.86225048
H    34.94674030    33.36940783     9.75379242
H    35.10002891    34.30603621    11.24227357
H    32.42643037    33.26105434    10.07939442
H    32.59136835    34.12756100    11.61262818
H    33.28915165    32.50678735    11.43686767
C    45.74245091    27.74053668    10.40840413
C    47.04216650    27.12669671    10.92356358
H    45.21716670    27.03634178     9.74574003
H    45.92449924    28.67149383     9.85293887
H    45.05140676    27.98114066    11.22701403
H    47.73607526    26.93003715    10.09557036
H    46.85792277    26.17717467    11.44395536
H    47.55426425    27.79828785    11.62583355

--------------------Output has been truncated-------------------------


--------------------Output has been truncated-------------------------


--------------------Output has been truncated-------------------------


--------------------Output has been truncated-------------------------


--------------------Output has been truncated-------------------------


--------------------Output has been truncated-------------------------


--------------------Output has been truncated-------------------------


--------------------Output has been truncated-------------------------


--------------------Output has been truncated-------------------------


--------------------Output has been truncated-------------------------


 
 Reference energy [au]:                      -158.519089216708
 DF-MP2 singlet pair energy [au]:              -0.600510204964
 DF-MP2 triplet pair energy [au]:              -0.150063976476
 DF-SCS-MP2 correlation energy [au]:           -0.770633571448
 DF-SCS-MP2 energy [au]:                     -159.289722788156
 DF-SOS-MP2 correlation energy [au]:           -0.780663266453
 DF-SOS-MP2 energy [au]:                     -159.299752483161
 DF-MP2 correlation energy [au]:               -0.750574181440
 DF-MP2 energy [au]:                         -159.269663398148

 Results in FNO basis:
 
 
 Reference energy [au]:                      -158.519089216708
 DF-MP2 singlet pair energy [au]:              -0.598169682552
 DF-MP2 triplet pair energy [au]:              -0.149851400863
 DF-SCS-MP2 correlation energy [au]:           -0.767754086016
 DF-SCS-MP2 energy [au]:                     -159.286843302724
 DF-SOS-MP2 correlation energy [au]:           -0.777620587317
 DF-SOS-MP2 energy [au]:                     -159.296709804025
 DF-MP2 correlation energy [au]:               -0.748021083415
 DF-MP2 energy [au]:                         -159.267110300123

 Results in NAF basis:
 
 
 Reference energy [au]:                      -158.519089216708
 DF-MP2 singlet pair energy [au]:              -0.598048527689
 DF-MP2 triplet pair energy [au]:              -0.149929822189
 DF-SCS-MP2 correlation energy [au]:           -0.767634840623
 DF-SCS-MP2 energy [au]:                     -159.286724057331
 DF-SOS-MP2 correlation energy [au]:           -0.777463085996
 DF-SOS-MP2 energy [au]:                     -159.296552302704
 DF-MP2 correlation energy [au]:               -0.747978349878
 DF-MP2 energy [au]:                         -159.267067566586

 ************************ 2023-02-05 13:21:31 *************************
 Executing ccsd...

 Allocation of 220.0 Gbytes of memory...

 Direct DF-CCSD(T) calculation
 
 Convergence criterion:  1.0E-06
 
 Number of occupied/virtual/auxiliary orbitals:    14   278   756
   3422.71 MB is the minimal memory requirement for (T)
    780.99 MB is the minimal memory requirement for CCSD
 
 Reference energy [au]:            -158.519089216708
 T1 contribution [au]:                0.000000000000
 Same spin MP2 energy [au]:          -0.149890493288
 Opposite spin MP2 energy [au]:      -0.598108763783
 MP2 correlation energy [au]:        -0.747999257071
 Total MP2 energy [au]:            -159.267088473779
 MP2 correction [au]:                -0.002574924369
 
 
 CPU time [min]:     0.901                   Wall time [min]:     0.131
 
 Starting CCSD iterations...
 
                     Residual norm          Energy
 Iteration  1        0.241423448556     -159.308945319172
 Iteration  2        0.060038520969     -159.328075310323
 Iteration  3        0.015975993398     -159.329987483198
 Iteration  4        0.003604224575     -159.330004118025
 Iteration  5        0.000758968594     -159.330014533563
 Iteration  6        0.000215376382     -159.330020688176
 Iteration  7        0.000051277266     -159.330020257441
 Iteration  8        0.000013080909     -159.330020840704
 Iteration  9        0.000002622742     -159.330020788656
 
 CCSD iteration has converged in  9 steps.
    23656.02 MB memory was utilized by CCSD
 
 T1 diagnostic:      7.817E-03            D1 diagnostic:      1.354E-02
 
 T1 contribution [au]:                                  0.000000000000
 PPL energy contribution [au]:                          0.205823721746
 Scaled PPL energy contribution [au]:                   0.206541023906

 OS-PPL energy contribution [au]:                       0.179923224106
 Scaled OS-PPL energy contribution [au]:                0.180665347078
 SS-PPL energy contribution [au]:                       0.025900497640
 Scaled SS-PPL energy contribution [au]:                0.025924102421

 Opposite spin CCSD energy [au]:                       -0.668569567054
 Same spin CCSD energy [au]:                           -0.142399059414
 CCSD correlation energy [au]:                         -0.810968626468
 CCSD correlation energy + MP2 correction [au]:        -0.813543550837
 CCSD correlation energy + MP2 + PPL corr. [au]:       -0.812826248677
 Total CCSD energy [au]:                             -159.330057843176
 Total CCSD energy + MP2 correction [au]:            -159.332632767545
 Total CCSD energy + MP2 + PPL corr. [au]:           -159.331915465385
 
 CPU time [min]:    52.510                   Wall time [min]:     1.756
 
 Calculation of (T) correction...
 
 
     4429.83 MB memory is utilized for (T)

 0%       25%       50%       75%       100%
 |---------|---------|---------|---------| 
 
 (T) correction [au]:                                    -0.027918086142
 (T*) correction [au]:                                   -0.028014191800
 (T+) correction [au]:                                   -0.028013016155
 CCSD(T) correlation energy [au]:                        -0.838886712610
 CCSD(T) correlation energy + MP2 correction [au]:       -0.841461636979
 CCSD(T+) correlation en. + MP2 + PPL corr. [au]:        -0.840839264832
 Total CCSD(T) energy [au]:                            -159.357975929318
 Total CCSD(T) energy + MP2 correction [au]:           -159.360550853687
 Total CCSD(T+) energy + MP2 + PPL corr. [au]:         -159.359928481540
 
 CPU time [min]:   110.441                   Wall time [min]:     3.458
 
 ************************ 2023-02-05 13:24:59 *************************
                      Normal termination of mrcc.
 **********************************************************************
