 **********************************************************************
                          MRCC program system
 **********************************************************************
 
                              Written by
     Mihaly Kallay, Peter R. Nagy, David Mester, Laszlo Gyevi-Nagy,
        Jozsef Csoka, P. Bernat Szabo, Zoltan Rolik, Gyula Samu,
     Jozsef Csontos, Bence Hegely, Adam Ganyecz, Istvan Ladjanszki,
       Lorant Szegedy, Bence Ladoczki, Klara Petrov, Mate Farkas,
                    Pal D. Mezei, and Reka A. Horvath
 
        Department of Physical Chemistry and Materials Science
            Budapest University of Technology and Economics
                  Budapest P.O.Box 91, H-1521 Hungary
 
                              www.mrcc.hu
 
                      Release date: March 18, 2022

 ************************ 2023-02-05 13:24:08 *************************
 Executing minp...

 Reading input from MINP...
 
 Input file:
 
calc=FNO-CCSD(T)
verbosity=3
mem=220GB
unit=angs
scfiguess=small
scfalg=locfit1
ccmaxit=400
ccsdalg=dfdirect
ccsdthreads=4
ccsdmkl=thr
ptthreads=4
lnoepsv=1e-5
naf_cor=1e-2
basis=aug-cc-pVTZ
basis_sm=def2-SVP
dfbasis_scf=def2-QZVPP-RI-JK
dfbasis_cor=aug-cc-pVTZ-RI
unit=angs
geom=xyz
16

C    34.41670262    34.07107264    10.41543014
C    33.11117461    33.45680459    10.91530835
H    34.24160149    35.00442132     9.86225048
H    34.94674030    33.36940783     9.75379242
H    35.10002891    34.30603621    11.24227357
H    32.42643037    33.26105434    10.07939442
H    32.59136835    34.12756100    11.61262818
H    33.28915165    32.50678735    11.43686767
C    17.53473331    34.07107264    10.41543014
C    16.22920530    33.45680459    10.91530835
H    17.35963218    35.00442132     9.86225048
H    18.06477099    33.36940783     9.75379242
H    18.21805960    34.30603621    11.24227357
H    15.54446106    33.26105434    10.07939442
H    15.70939904    34.12756100    11.61262818
H    16.40718234    32.50678735    11.43686767

--------------------Output has been truncated-------------------------


--------------------Output has been truncated-------------------------


--------------------Output has been truncated-------------------------


--------------------Output has been truncated-------------------------


--------------------Output has been truncated-------------------------


--------------------Output has been truncated-------------------------


--------------------Output has been truncated-------------------------


--------------------Output has been truncated-------------------------


--------------------Output has been truncated-------------------------


--------------------Output has been truncated-------------------------


 
 Reference energy [au]:                      -158.519101012877
 DF-MP2 singlet pair energy [au]:              -0.600508776664
 DF-MP2 triplet pair energy [au]:              -0.150063081493
 DF-SCS-MP2 correlation energy [au]:           -0.770631559161
 DF-SCS-MP2 energy [au]:                     -159.289732572037
 DF-SOS-MP2 correlation energy [au]:           -0.780661409663
 DF-SOS-MP2 energy [au]:                     -159.299762422539
 DF-MP2 correlation energy [au]:               -0.750571858157
 DF-MP2 energy [au]:                         -159.269672871034

 Results in FNO basis:
 
 
 Reference energy [au]:                      -158.519101012877
 DF-MP2 singlet pair energy [au]:              -0.598168377435
 DF-MP2 triplet pair energy [au]:              -0.149850538194
 DF-SCS-MP2 correlation energy [au]:           -0.767752232320
 DF-SCS-MP2 energy [au]:                     -159.286853245196
 DF-SOS-MP2 correlation energy [au]:           -0.777618890665
 DF-SOS-MP2 energy [au]:                     -159.296719903542
 DF-MP2 correlation energy [au]:               -0.748018915629
 DF-MP2 energy [au]:                         -159.267119928505

 Results in NAF basis:
 
 
 Reference energy [au]:                      -158.519101012877
 DF-MP2 singlet pair energy [au]:              -0.598047951425
 DF-MP2 triplet pair energy [au]:              -0.149928863244
 DF-SCS-MP2 correlation energy [au]:           -0.767633829458
 DF-SCS-MP2 energy [au]:                     -159.286734842335
 DF-SOS-MP2 correlation energy [au]:           -0.777462336853
 DF-SOS-MP2 energy [au]:                     -159.296563349729
 DF-MP2 correlation energy [au]:               -0.747976814669
 DF-MP2 energy [au]:                         -159.267077827546

 ************************ 2023-02-05 13:24:50 *************************
 Executing ccsd...

 Allocation of 220.0 Gbytes of memory...

 Direct DF-CCSD(T) calculation
 
 Convergence criterion:  1.0E-06
 
 Number of occupied/virtual/auxiliary orbitals:    14   278   756
   3422.71 MB is the minimal memory requirement for (T)
    780.99 MB is the minimal memory requirement for CCSD
 
 Reference energy [au]:            -158.519101012877
 T1 contribution [au]:                0.000000000000
 Same spin MP2 energy [au]:          -0.149889582952
 Opposite spin MP2 energy [au]:      -0.598107823692
 MP2 correlation energy [au]:        -0.747997406644
 Total MP2 energy [au]:            -159.267098419520
 MP2 correction [au]:                -0.002574451513
 
 
 CPU time [min]:     0.911                   Wall time [min]:     0.132
 
 Starting CCSD iterations...
 
                     Residual norm          Energy
 Iteration  1        0.241423505773     -159.308955672053
 Iteration  2        0.060038246585     -159.328085476690
 Iteration  3        0.015975814123     -159.329997596246
 Iteration  4        0.003604186599     -159.330014238373
 Iteration  5        0.000758962565     -159.330024652229
 Iteration  6        0.000215374374     -159.330030807371
 Iteration  7        0.000051276187     -159.330030376751
 Iteration  8        0.000013080263     -159.330030960029
 Iteration  9        0.000002622459     -159.330030907991
 
 CCSD iteration has converged in  9 steps.
    23656.02 MB memory was utilized by CCSD
 
 T1 diagnostic:      7.816E-03            D1 diagnostic:      1.353E-02
 
 T1 contribution [au]:                                  0.000000000000
 PPL energy contribution [au]:                          0.205823160832
 Scaled PPL energy contribution [au]:                   0.206540246581

 OS-PPL energy contribution [au]:                       0.179922756101
 Scaled OS-PPL energy contribution [au]:                0.180664624459
 SS-PPL energy contribution [au]:                       0.025900404731
 Scaled SS-PPL energy contribution [au]:                0.025924019803

 Opposite spin CCSD energy [au]:                       -0.668568343420
 Same spin CCSD energy [au]:                           -0.142398245443
 CCSD correlation energy [au]:                         -0.810966588863
 CCSD correlation energy + MP2 correction [au]:        -0.813541040376
 CCSD correlation energy + MP2 + PPL corr. [au]:       -0.812823954628
 Total CCSD energy [au]:                             -159.330067601739
 Total CCSD energy + MP2 correction [au]:            -159.332642053253
 Total CCSD energy + MP2 + PPL corr. [au]:           -159.331924967504
 
 CPU time [min]:    53.714                   Wall time [min]:     1.795
 
 Calculation of (T) correction...
 
 
     4429.83 MB memory is utilized for (T)

 0%       25%       50%       75%       100%
 |---------|---------|---------|---------| 
 
 (T) correction [au]:                                    -0.027917837852
 (T*) correction [au]:                                   -0.028013925244
 (T+) correction [au]:                                   -0.028012738462
 CCSD(T) correlation energy [au]:                        -0.838884426715
 CCSD(T) correlation energy + MP2 correction [au]:       -0.841458878228
 CCSD(T+) correlation en. + MP2 + PPL corr. [au]:        -0.840836693090
 Total CCSD(T) energy [au]:                            -159.357985439591
 Total CCSD(T) energy + MP2 correction [au]:           -159.360559891105
 Total CCSD(T+) energy + MP2 + PPL corr. [au]:         -159.359937705966
 
 CPU time [min]:   111.600                   Wall time [min]:     3.496
 
 ************************ 2023-02-05 13:28:20 *************************
                      Normal termination of mrcc.
 **********************************************************************
