 **********************************************************************
                          MRCC program system
 **********************************************************************
 
                              Written by
     Mihaly Kallay, Peter R. Nagy, David Mester, Laszlo Gyevi-Nagy,
        Jozsef Csoka, P. Bernat Szabo, Zoltan Rolik, Gyula Samu,
     Jozsef Csontos, Bence Hegely, Adam Ganyecz, Istvan Ladjanszki,
       Lorant Szegedy, Bence Ladoczki, Klara Petrov, Mate Farkas,
                    Pal D. Mezei, and Reka A. Horvath
 
        Department of Physical Chemistry and Materials Science
            Budapest University of Technology and Economics
                  Budapest P.O.Box 91, H-1521 Hungary
 
                              www.mrcc.hu
 
                      Release date: March 18, 2022

 ************************ 2023-02-05 13:13:07 *************************
 Executing minp...

 Reading input from MINP...
 
 Input file:
 
calc=FNO-CCSD(T)
verbosity=3
mem=220GB
unit=angs
scfiguess=small
scfalg=locfit1
ccmaxit=400
ccsdalg=dfdirect
ccsdthreads=4
ccsdmkl=thr
ptthreads=4
lnoepsv=1e-5
naf_cor=1e-2
basis=aug-cc-pVQZ
basis_sm=def2-SVP
dfbasis_scf=def2-QZVPP-RI-JK
dfbasis_cor=aug-cc-pVQZ-RI
unit=angs
geom=xyz
16

C    34.41670262    34.07107264    10.41543014
C    33.11117461    33.45680459    10.91530835
H    34.24160149    35.00442132     9.86225048
H    34.94674030    33.36940783     9.75379242
H    35.10002891    34.30603621    11.24227357
H    32.42643037    33.26105434    10.07939442
H    32.59136835    34.12756100    11.61262818
H    33.28915165    32.50678735    11.43686767
C    37.30146626    53.06349064    10.40840413
C    38.60118185    52.44965067    10.92356358
H    36.77618205    52.35929574     9.74574003
H    37.48351459    53.99444780     9.85293887
H    36.61042211    53.30409463    11.22701403
H    39.29509061    52.25299112    10.09557036
H    38.41693812    51.50012863    11.44395536
H    39.11327959    53.12124181    11.62583355

--------------------Output has been truncated-------------------------


--------------------Output has been truncated-------------------------


--------------------Output has been truncated-------------------------


--------------------Output has been truncated-------------------------


--------------------Output has been truncated-------------------------


--------------------Output has been truncated-------------------------


--------------------Output has been truncated-------------------------


--------------------Output has been truncated-------------------------


--------------------Output has been truncated-------------------------


--------------------Output has been truncated-------------------------


 
 Reference energy [au]:                       -79.264437034753
 DF-MP2 singlet pair energy [au]:              -0.317722284281
 DF-MP2 triplet pair energy [au]:              -0.076906317235
 DF-SCS-MP2 correlation energy [au]:           -0.406902180216
 DF-SCS-MP2 energy [au]:                      -79.671339214969
 DF-SOS-MP2 correlation energy [au]:           -0.413038969565
 DF-SOS-MP2 energy [au]:                      -79.677476004319
 DF-MP2 correlation energy [au]:               -0.394628601516
 DF-MP2 energy [au]:                          -79.659065636269

 Results in FNO basis:
 
 
 Reference energy [au]:                       -79.264437034753
 DF-MP2 singlet pair energy [au]:              -0.312548724152
 DF-MP2 triplet pair energy [au]:              -0.076620436216
 DF-SCS-MP2 correlation energy [au]:           -0.400598614388
 DF-SCS-MP2 energy [au]:                      -79.665035649141
 DF-SOS-MP2 correlation energy [au]:           -0.406313341397
 DF-SOS-MP2 energy [au]:                      -79.670750376151
 DF-MP2 correlation energy [au]:               -0.389169160368
 DF-MP2 energy [au]:                          -79.653606195121

 Results in NAF basis:
 
 
 Reference energy [au]:                       -79.264437034753
 DF-MP2 singlet pair energy [au]:              -0.312527761978
 DF-MP2 triplet pair energy [au]:              -0.076628442690
 DF-SCS-MP2 correlation energy [au]:           -0.400576128603
 DF-SCS-MP2 energy [au]:                      -79.665013163357
 DF-SOS-MP2 correlation energy [au]:           -0.406286090571
 DF-SOS-MP2 energy [au]:                      -79.670723125324
 DF-MP2 correlation energy [au]:               -0.389156204667
 DF-MP2 energy [au]:                          -79.653593239421

 ************************ 2023-02-05 13:14:43 *************************
 Executing ccsd...

 Allocation of 220.0 Gbytes of memory...

 Direct DF-CCSD(T) calculation
 
 Convergence criterion:  1.0E-06
 
 Number of occupied/virtual/auxiliary orbitals:     7   175   551
    851.32 MB is the minimal memory requirement for (T)
    190.43 MB is the minimal memory requirement for CCSD
 
 Reference energy [au]:             -79.264437034753
 T1 contribution [au]:                0.000000000000
 Same spin MP2 energy [au]:          -0.076624436890
 Opposite spin MP2 energy [au]:      -0.312538238357
 MP2 correlation energy [au]:        -0.389162675247
 Total MP2 energy [au]:             -79.653599710001
 MP2 correction [au]:                -0.005465926269
 
 
 CPU time [min]:     0.400                   Wall time [min]:     0.050
 
 Starting CCSD iterations...
 
                     Residual norm          Energy
 Iteration  1        0.179604449885      -79.671512649118
 Iteration  2        0.044511312583      -79.681094813502
 Iteration  3        0.013089807734      -79.682230537682
 Iteration  4        0.002650290266      -79.682237760408
 Iteration  5        0.000560968390      -79.682243625654
 Iteration  6        0.000156931314      -79.682245676507
 Iteration  7        0.000037096208      -79.682245451453
 Iteration  8        0.000009998711      -79.682245815341
 
 CCSD iteration has converged in  8 steps.
     3804.92 MB memory was utilized by CCSD
 
 T1 diagnostic:      8.231E-03            D1 diagnostic:      1.428E-02
 
 T1 contribution [au]:                                  0.000000000000
 PPL energy contribution [au]:                          0.108935362300
 Scaled PPL energy contribution [au]:                   0.110475083102

 OS-PPL energy contribution [au]:                       0.095542155504
 Scaled OS-PPL energy contribution [au]:                0.097137058334
 SS-PPL energy contribution [au]:                       0.013393206796
 Scaled SS-PPL energy contribution [au]:                0.013441283818

 Opposite spin CCSD energy [au]:                       -0.345140096523
 Same spin CCSD energy [au]:                           -0.072676436864
 CCSD correlation energy [au]:                         -0.417816533387
 CCSD correlation energy + MP2 correction [au]:        -0.423282459656
 CCSD correlation energy + MP2 + PPL corr. [au]:       -0.421742738854
 Total CCSD energy [au]:                              -79.682253568141
 Total CCSD energy + MP2 correction [au]:             -79.687719494409
 Total CCSD energy + MP2 + PPL corr. [au]:            -79.686179773607
 
 CPU time [min]:     6.494                   Wall time [min]:     0.238
 
 Calculation of (T) correction...
 
 
      783.34 MB memory is utilized for (T)

 0%       25%       50%       75%       100%
 |---------|---------|---------|---------| 
 
 (T) correction [au]:                                    -0.014762651497
 (T*) correction [au]:                                   -0.014969998115
 (T+) correction [au]:                                   -0.014966466683
 CCSD(T) correlation energy [au]:                        -0.432579184884
 CCSD(T) correlation energy + MP2 correction [au]:       -0.438045111153
 CCSD(T+) correlation en. + MP2 + PPL corr. [au]:        -0.436709205537
 Total CCSD(T) energy [au]:                             -79.697016219638
 Total CCSD(T) energy + MP2 correction [au]:            -79.702482145906
 Total CCSD(T+) energy + MP2 + PPL corr. [au]:          -79.701146240290
 
 CPU time [min]:     8.240                   Wall time [min]:     0.296
 
 ************************ 2023-02-05 13:15:00 *************************
                      Normal termination of mrcc.
 **********************************************************************
