 **********************************************************************
                          MRCC program system
 **********************************************************************
 
                              Written by
     Mihaly Kallay, Peter R. Nagy, David Mester, Laszlo Gyevi-Nagy,
        Jozsef Csoka, P. Bernat Szabo, Zoltan Rolik, Gyula Samu,
     Jozsef Csontos, Bence Hegely, Adam Ganyecz, Istvan Ladjanszki,
       Lorant Szegedy, Bence Ladoczki, Klara Petrov, Mate Farkas,
                    Pal D. Mezei, and Reka A. Horvath
 
        Department of Physical Chemistry and Materials Science
            Budapest University of Technology and Economics
                  Budapest P.O.Box 91, H-1521 Hungary
 
                              www.mrcc.hu
 
                      Release date: March 18, 2022

 ************************ 2023-02-04 11:49:44 *************************
 Executing minp...

 Reading input from MINP...
 
 Input file:
 
calc=FNO-CCSD(T)
verbosity=3
mem=220GB
unit=angs
scfiguess=small
scfalg=locfit1
ccmaxit=400
ccsdalg=dfdirect
ccsdthreads=4
ccsdmkl=thr
ptthreads=4
lnoepsv=1e-5
naf_cor=1e-2
basis=aug-cc-pVQZ
basis_sm=def2-SVP
dfbasis_scf=def2-QZVPP-RI-JK
dfbasis_cor=aug-cc-pVQZ-RI
unit=angs
geom=xyz
10

C    29.54344629    29.54344629    16.97505516
H    29.54344670    30.44187631    17.60392580
H    29.54344662    28.64496649    17.60393442
H    30.44658454    29.54342777    16.34911135
H    28.64030918    29.54342779    16.34911130
C    42.20492320    33.76393881    16.97520498
H    42.20492357    32.86541825    17.60414260
H    41.30202884    33.76392017    16.34891491
H    42.20492367    34.66240904    17.60413400
H    43.10781870    33.76392005    16.34891492

--------------------Output has been truncated-------------------------


--------------------Output has been truncated-------------------------


--------------------Output has been truncated-------------------------


--------------------Output has been truncated-------------------------


--------------------Output has been truncated-------------------------


--------------------Output has been truncated-------------------------


--------------------Output has been truncated-------------------------


--------------------Output has been truncated-------------------------


--------------------Output has been truncated-------------------------


--------------------Output has been truncated-------------------------


 
 Reference energy [au]:                       -40.215614646194
 DF-MP2 singlet pair energy [au]:              -0.173753418002
 DF-MP2 triplet pair energy [au]:              -0.037498110787
 DF-SCS-MP2 correlation energy [au]:           -0.221003471865
 DF-SCS-MP2 energy [au]:                      -40.436618118058
 DF-SOS-MP2 correlation energy [au]:           -0.225879443403
 DF-SOS-MP2 energy [au]:                      -40.441494089596
 DF-MP2 correlation energy [au]:               -0.211251528789
 DF-MP2 energy [au]:                          -40.426866174983

 Results in FNO basis:
 
 
 Reference energy [au]:                       -40.215614646194
 DF-MP2 singlet pair energy [au]:              -0.170618709356
 DF-MP2 triplet pair energy [au]:              -0.037356808518
 DF-SCS-MP2 correlation energy [au]:           -0.217194720733
 DF-SCS-MP2 energy [au]:                      -40.432809366926
 DF-SOS-MP2 correlation energy [au]:           -0.221804322162
 DF-SOS-MP2 energy [au]:                      -40.437418968356
 DF-MP2 correlation energy [au]:               -0.207975517874
 DF-MP2 energy [au]:                          -40.423590164067

 Results in NAF basis:
 
 
 Reference energy [au]:                       -40.215614646194
 DF-MP2 singlet pair energy [au]:              -0.170601148047
 DF-MP2 triplet pair energy [au]:              -0.037363505818
 DF-SCS-MP2 correlation energy [au]:           -0.217175879596
 DF-SCS-MP2 energy [au]:                      -40.432790525789
 DF-SOS-MP2 correlation energy [au]:           -0.221781492461
 DF-SOS-MP2 energy [au]:                      -40.437396138655
 DF-MP2 correlation energy [au]:               -0.207964653865
 DF-MP2 energy [au]:                          -40.423579300059

 ************************ 2023-02-04 11:50:19 *************************
 Executing ccsd...

 Allocation of 220.0 Gbytes of memory...

 Direct DF-CCSD(T) calculation
 
 Convergence criterion:  1.0E-06
 
 Number of occupied/virtual/auxiliary orbitals:     4   101   320
    163.36 MB is the minimal memory requirement for (T)
     39.40 MB is the minimal memory requirement for CCSD
 
 Reference energy [au]:             -40.215614646194
 T1 contribution [au]:                0.000000000000
 Same spin MP2 energy [au]:          -0.037360152713
 Opposite spin MP2 energy [au]:      -0.170609918907
 MP2 correlation energy [au]:        -0.207970071620
 Total MP2 energy [au]:             -40.423584717814
 MP2 correction [au]:                -0.003281457169
 
 
 CPU time [min]:     0.175                   Wall time [min]:     0.008
 
 Starting CCSD iterations...
 
                     Residual norm          Energy
 Iteration  1        0.138682937914      -40.436529753412
 Iteration  2        0.035377373278      -40.442053592994
 Iteration  3        0.009772542031      -40.442636403202
 Iteration  4        0.002021082493      -40.442640905191
 Iteration  5        0.000374940967      -40.442647418623
 Iteration  6        0.000084810853      -40.442647295327
 Iteration  7        0.000020227030      -40.442647985518
 Iteration  8        0.000003739388      -40.442648042502
 
 CCSD iteration has converged in  8 steps.
      444.29 MB memory was utilized by CCSD
 
 T1 diagnostic:      7.996E-03            D1 diagnostic:      1.291E-02
 
 T1 contribution [au]:                                  0.000000000000
 PPL energy contribution [au]:                          0.060603614882
 Scaled PPL energy contribution [au]:                   0.061560434376

 OS-PPL energy contribution [au]:                       0.053775114161
 Scaled OS-PPL energy contribution [au]:                0.054768200785
 SS-PPL energy contribution [au]:                       0.006828500721
 Scaled SS-PPL energy contribution [au]:                0.006852799039

 Opposite spin CCSD energy [au]:                       -0.191004538058
 Same spin CCSD energy [au]:                           -0.036035606919
 CCSD correlation energy [au]:                         -0.227040144976
 CCSD correlation energy + MP2 correction [au]:        -0.230321602145
 CCSD correlation energy + MP2 + PPL corr. [au]:       -0.229364782651
 Total CCSD energy [au]:                              -40.442654791170
 Total CCSD energy + MP2 correction [au]:             -40.445936248339
 Total CCSD energy + MP2 + PPL corr. [au]:            -40.444979428845
 
 CPU time [min]:     0.908                   Wall time [min]:     0.029
 
 Calculation of (T) correction...
 
 
      124.68 MB memory is utilized for (T)

 0%       25%       50%       75%       100%
 |---------|---------|---------|---------| 
 
 (T) correction [au]:                                    -0.006941940018
 (T*) correction [au]:                                   -0.007051473465
 (T+) correction [au]:                                   -0.007051066572
 CCSD(T) correlation energy [au]:                        -0.233982084994
 CCSD(T) correlation energy + MP2 correction [au]:       -0.237263542163
 CCSD(T+) correlation en. + MP2 + PPL corr. [au]:        -0.236415849224
 Total CCSD(T) energy [au]:                             -40.449596731187
 Total CCSD(T) energy + MP2 correction [au]:            -40.452878188357
 Total CCSD(T+) energy + MP2 + PPL corr. [au]:          -40.452030495417
 
 CPU time [min]:     0.990                   Wall time [min]:     0.031
 
 ************************ 2023-02-04 11:50:21 *************************
                      Normal termination of mrcc.
 **********************************************************************
