 **********************************************************************
                          MRCC program system
 **********************************************************************
 
                              Written by
     Mihaly Kallay, Peter R. Nagy, David Mester, Laszlo Gyevi-Nagy,
        Jozsef Csoka, P. Bernat Szabo, Zoltan Rolik, Gyula Samu,
     Jozsef Csontos, Bence Hegely, Adam Ganyecz, Istvan Ladjanszki,
       Lorant Szegedy, Bence Ladoczki, Klara Petrov, Mate Farkas,
                    Pal D. Mezei, and Reka A. Horvath
 
        Department of Physical Chemistry and Materials Science
            Budapest University of Technology and Economics
                  Budapest P.O.Box 91, H-1521 Hungary
 
                              www.mrcc.hu
 
                      Release date: March 18, 2022

 ************************ 2023-02-05 13:27:12 *************************
 Executing minp...

 Reading input from MINP...
 
 Input file:
 
calc=FNO-CCSD(T)
verbosity=3
mem=220GB
unit=angs
scfiguess=small
scfalg=locfit1
ccmaxit=400
ccsdalg=dfdirect
ccsdthreads=4
ccsdmkl=thr
ptthreads=4
lnoepsv=1e-5
naf_cor=1e-2
basis=aug-cc-pVQZ
basis_sm=def2-SVP
dfbasis_scf=def2-QZVPP-RI-JK
dfbasis_cor=aug-cc-pVQZ-RI
unit=angs
geom=xyz
16

C    34.41670262    34.07107264    10.41543014
C    33.11117461    33.45680459    10.91530835
H    34.24160149    35.00442132     9.86225048
H    34.94674030    33.36940783     9.75379242
H    35.10002891    34.30603621    11.24227357
H    32.42643037    33.26105434    10.07939442
H    32.59136835    34.12756100    11.61262818
H    33.28915165    32.50678735    11.43686767
C    20.41949695    19.29955203    10.40840413
C    21.71921254    18.68571206    10.92356358
H    19.89421274    18.59535713     9.74574003
H    20.60154528    20.23050918     9.85293887
H    19.72845280    19.54015601    11.22701403
H    22.41312130    18.48905250    10.09557036
H    21.53496881    17.73619002    11.44395536
H    22.23131028    19.35730320    11.62583355

--------------------Output has been truncated-------------------------


--------------------Output has been truncated-------------------------


--------------------Output has been truncated-------------------------


--------------------Output has been truncated-------------------------


--------------------Output has been truncated-------------------------


--------------------Output has been truncated-------------------------


--------------------Output has been truncated-------------------------


--------------------Output has been truncated-------------------------


--------------------Output has been truncated-------------------------


--------------------Output has been truncated-------------------------


 
 Reference energy [au]:                      -158.528862273573
 DF-MP2 singlet pair energy [au]:              -0.635445706563
 DF-MP2 triplet pair energy [au]:              -0.153813235546
 DF-SCS-MP2 correlation energy [au]:           -0.813805926390
 DF-SCS-MP2 energy [au]:                     -159.342668199963
 DF-SOS-MP2 correlation energy [au]:           -0.826079418531
 DF-SOS-MP2 energy [au]:                     -159.354941692104
 DF-MP2 correlation energy [au]:               -0.789258942109
 DF-MP2 energy [au]:                         -159.318121215682

 Results in FNO basis:
 
 
 Reference energy [au]:                      -158.528862273573
 DF-MP2 singlet pair energy [au]:              -0.625098509143
 DF-MP2 triplet pair energy [au]:              -0.153241463403
 DF-SCS-MP2 correlation energy [au]:           -0.801198698772
 DF-SCS-MP2 energy [au]:                     -159.330060972345
 DF-SOS-MP2 correlation energy [au]:           -0.812628061886
 DF-SOS-MP2 energy [au]:                     -159.341490335459
 DF-MP2 correlation energy [au]:               -0.778339972546
 DF-MP2 energy [au]:                         -159.307202246119

 Results in NAF basis:
 
 
 Reference energy [au]:                      -158.528862273573
 DF-MP2 singlet pair energy [au]:              -0.625056561034
 DF-MP2 triplet pair energy [au]:              -0.153257467564
 DF-SCS-MP2 correlation energy [au]:           -0.801153695762
 DF-SCS-MP2 energy [au]:                     -159.330015969335
 DF-SOS-MP2 correlation energy [au]:           -0.812573529344
 DF-SOS-MP2 energy [au]:                     -159.341435802917
 DF-MP2 correlation energy [au]:               -0.778314028597
 DF-MP2 energy [au]:                         -159.307176302170

 ************************ 2023-02-05 13:29:21 *************************
 Executing ccsd...

 Allocation of 220.0 Gbytes of memory...

 Direct DF-CCSD(T) calculation
 
 Convergence criterion:  1.0E-06
 
 Number of occupied/virtual/auxiliary orbitals:    14   350  1102
   6895.51 MB is the minimal memory requirement for (T)
   1574.97 MB is the minimal memory requirement for CCSD
 
 Reference energy [au]:            -158.528862273573
 T1 contribution [au]:                0.000000000000
 Same spin MP2 energy [au]:          -0.153249460357
 Opposite spin MP2 energy [au]:      -0.625077525674
 MP2 correlation energy [au]:        -0.778326986031
 Total MP2 energy [au]:            -159.307189259604
 MP2 correction [au]:                -0.010931956078
 
 
 CPU time [min]:     1.524                   Wall time [min]:     0.453
 
 Starting CCSD iterations...
 
                     Residual norm          Energy
 Iteration  1        0.253998816826     -159.343015017281
 Iteration  2        0.062948800898     -159.362179524064
 Iteration  3        0.018512015483     -159.364451046476
 Iteration  4        0.003748119573     -159.364465486532
 Iteration  5        0.000793338030     -159.364477219243
 Iteration  6        0.000221937224     -159.364481320470
 Iteration  7        0.000052462914     -159.364480870275
 Iteration  8        0.000014140950     -159.364481598050
 Iteration  9        0.000002817603     -159.364481555232
 
 CCSD iteration has converged in  9 steps.
    59039.49 MB memory was utilized by CCSD
 
 T1 diagnostic:      8.231E-03            D1 diagnostic:      1.428E-02
 
 T1 contribution [au]:                                  0.000000000000
 PPL energy contribution [au]:                          0.217871546081
 Scaled PPL energy contribution [au]:                   0.220951026968

 OS-PPL energy contribution [au]:                       0.191085073520
 Scaled OS-PPL energy contribution [au]:                0.194274918640
 SS-PPL energy contribution [au]:                       0.026786472561
 Scaled SS-PPL energy contribution [au]:                0.026882629848

 Opposite spin CCSD energy [au]:                       -0.690281469912
 Same spin CCSD energy [au]:                           -0.145353333270
 CCSD correlation energy [au]:                         -0.835634803182
 CCSD correlation energy + MP2 correction [au]:        -0.846566759260
 CCSD correlation energy + MP2 + PPL corr. [au]:       -0.843487278373
 Total CCSD energy [au]:                             -159.364497076755
 Total CCSD energy + MP2 correction [au]:            -159.375429032833
 Total CCSD energy + MP2 + PPL corr. [au]:           -159.372349551946
 
 CPU time [min]:   154.884                   Wall time [min]:     5.375
 
 Calculation of (T) correction...
 
 
     8828.31 MB memory is utilized for (T)

 0%       25%       50%       75%       100%
 |---------|---------|---------|---------| 
 
 (T) correction [au]:                                    -0.029525454301
 (T*) correction [au]:                                   -0.029940152719
 (T+) correction [au]:                                   -0.029933091681
 CCSD(T) correlation energy [au]:                        -0.865160257483
 CCSD(T) correlation energy + MP2 correction [au]:       -0.876092213561
 CCSD(T+) correlation en. + MP2 + PPL corr. [au]:        -0.873420370054
 Total CCSD(T) energy [au]:                            -159.394022531056
 Total CCSD(T) energy + MP2 correction [au]:           -159.404954487134
 Total CCSD(T+) energy + MP2 + PPL corr. [au]:         -159.402282643627
 
 CPU time [min]:   276.036                   Wall time [min]:     9.000
 
 ************************ 2023-02-05 13:38:21 *************************
                      Normal termination of mrcc.
 **********************************************************************
