 **********************************************************************
                          MRCC program system
 **********************************************************************
 
                              Written by
     Mihaly Kallay, Peter R. Nagy, David Mester, Laszlo Gyevi-Nagy,
        Jozsef Csoka, P. Bernat Szabo, Zoltan Rolik, Gyula Samu,
     Jozsef Csontos, Bence Hegely, Adam Ganyecz, Istvan Ladjanszki,
       Lorant Szegedy, Bence Ladoczki, Klara Petrov, Mate Farkas,
                    Pal D. Mezei, and Reka A. Horvath
 
        Department of Physical Chemistry and Materials Science
            Budapest University of Technology and Economics
                  Budapest P.O.Box 91, H-1521 Hungary
 
                              www.mrcc.hu
 
                      Release date: March 18, 2022

 ************************ 2023-02-04 11:37:27 *************************
 Executing minp...

 Reading input from MINP...
 
 Input file:
 
calc=FNO-CCSD(T)
verbosity=3
mem=220GB
unit=angs
scfiguess=small
scfalg=locfit1
ccmaxit=400
ccsdalg=dfdirect
ccsdthreads=4
ccsdmkl=thr
ptthreads=4
lnoepsv=1e-5
naf_cor=1e-2
basis=aug-cc-pVTZ
basis_sm=def2-SVP
dfbasis_scf=def2-QZVPP-RI-JK
dfbasis_cor=aug-cc-pVTZ-RI
unit=angs
geom=xyz
10

C    29.54344629    29.54344629    16.97505516
H    29.54344670    30.44187631    17.60392580
H    29.54344662    28.64496649    17.60393442
H    30.44658454    29.54342777    16.34911135
H    28.64030918    29.54342779    16.34911130
C    25.32292329    29.54341474    16.97521401
H    26.22139350    29.54341492    17.60423123
H    24.42450361    29.54341495    17.60422237
H    25.32294208    30.44620261    16.34882774
H    25.32294206    28.64062797    16.34882693

--------------------Output has been truncated-------------------------


--------------------Output has been truncated-------------------------


--------------------Output has been truncated-------------------------


--------------------Output has been truncated-------------------------


--------------------Output has been truncated-------------------------


--------------------Output has been truncated-------------------------


--------------------Output has been truncated-------------------------


--------------------Output has been truncated-------------------------


--------------------Output has been truncated-------------------------


--------------------Output has been truncated-------------------------


 
 Reference energy [au]:                       -40.213025168427
 DF-MP2 singlet pair energy [au]:              -0.164482554317
 DF-MP2 triplet pair energy [au]:              -0.036600075382
 DF-SCS-MP2 correlation energy [au]:           -0.209579090308
 DF-SCS-MP2 energy [au]:                      -40.422604258735
 DF-SOS-MP2 correlation energy [au]:           -0.213827320612
 DF-SOS-MP2 energy [au]:                      -40.426852489040
 DF-MP2 correlation energy [au]:               -0.201082629699
 DF-MP2 energy [au]:                          -40.414107798126

 Results in FNO basis:
 
 
 Reference energy [au]:                       -40.213025168427
 DF-MP2 singlet pair energy [au]:              -0.163813173534
 DF-MP2 triplet pair energy [au]:              -0.036554853137
 DF-SCS-MP2 correlation energy [au]:           -0.208760759287
 DF-SCS-MP2 energy [au]:                      -40.421785927714
 DF-SOS-MP2 correlation energy [au]:           -0.212957125594
 DF-SOS-MP2 energy [au]:                      -40.425982294022
 DF-MP2 correlation energy [au]:               -0.200368026671
 DF-MP2 energy [au]:                          -40.413393195098

 Results in NAF basis:
 
 
 Reference energy [au]:                       -40.213025168427
 DF-MP2 singlet pair energy [au]:              -0.163780548146
 DF-MP2 triplet pair energy [au]:              -0.036574526895
 DF-SCS-MP2 correlation energy [au]:           -0.208728166740
 DF-SCS-MP2 energy [au]:                      -40.421753335167
 DF-SOS-MP2 correlation energy [au]:           -0.212914712589
 DF-SOS-MP2 energy [au]:                      -40.425939881017
 DF-MP2 correlation energy [au]:               -0.200355075040
 DF-MP2 energy [au]:                          -40.413380243468

 ************************ 2023-02-04 11:37:46 *************************
 Executing ccsd...

 Allocation of 220.0 Gbytes of memory...

 Direct DF-CCSD(T) calculation
 
 Convergence criterion:  1.0E-06
 
 Number of occupied/virtual/auxiliary orbitals:     4    83   222
     89.09 MB is the minimal memory requirement for (T)
     22.44 MB is the minimal memory requirement for CCSD
 
 Reference energy [au]:             -40.213025168427
 T1 contribution [au]:                0.000000000000
 Same spin MP2 energy [au]:          -0.036564663481
 Opposite spin MP2 energy [au]:      -0.163796779064
 MP2 correlation energy [au]:        -0.200361442545
 Total MP2 energy [au]:             -40.413386610972
 MP2 correction [au]:                -0.000721187154
 
 
 CPU time [min]:     0.060                   Wall time [min]:     0.004
 
 Starting CCSD iterations...
 
                     Residual norm          Energy
 Iteration  1        0.131926861972      -40.427851083647
 Iteration  2        0.033767525000      -40.433374982866
 Iteration  3        0.008189177688      -40.433841647538
 Iteration  4        0.001914912723      -40.433844190947
 Iteration  5        0.000362762814      -40.433851238753
 Iteration  6        0.000073623906      -40.433851357440
 Iteration  7        0.000017744119      -40.433851963647
 Iteration  8        0.000003102069      -40.433851982081
 
 CCSD iteration has converged in  8 steps.
      207.49 MB memory was utilized by CCSD
 
 T1 diagnostic:      7.479E-03            D1 diagnostic:      1.211E-02
 
 T1 contribution [au]:                                  0.000000000000
 PPL energy contribution [au]:                          0.057511870989
 Scaled PPL energy contribution [au]:                   0.057720236022

 OS-PPL energy contribution [au]:                       0.050895563039
 Scaled OS-PPL energy contribution [au]:                0.051113146012
 SS-PPL energy contribution [au]:                       0.006616307950
 Scaled SS-PPL energy contribution [au]:                0.006621047747

 Opposite spin CCSD energy [au]:                       -0.185511432592
 Same spin CCSD energy [au]:                           -0.035325846591
 CCSD correlation energy [au]:                         -0.220837279183
 CCSD correlation energy + MP2 correction [au]:        -0.221558466337
 CCSD correlation energy + MP2 + PPL corr. [au]:       -0.221350101305
 Total CCSD energy [au]:                              -40.433862447611
 Total CCSD energy + MP2 correction [au]:             -40.434583634765
 Total CCSD energy + MP2 + PPL corr. [au]:            -40.434375269733
 
 CPU time [min]:     0.450                   Wall time [min]:     0.015
 
 Calculation of (T) correction...
 
 
       67.70 MB memory is utilized for (T)

 0%       25%       50%       75%       100%
 |---------|---------|---------|---------| 
 
 (T) correction [au]:                                    -0.006571709435
 (T*) correction [au]:                                   -0.006595363848
 (T+) correction [au]:                                   -0.006595335236
 CCSD(T) correlation energy [au]:                        -0.227408988618
 CCSD(T) correlation energy + MP2 correction [au]:       -0.228130175772
 CCSD(T+) correlation en. + MP2 + PPL corr. [au]:        -0.227945436541
 Total CCSD(T) energy [au]:                             -40.440434157046
 Total CCSD(T) energy + MP2 correction [au]:            -40.441155344200
 Total CCSD(T+) energy + MP2 + PPL corr. [au]:          -40.440970604969
 
 CPU time [min]:     0.494                   Wall time [min]:     0.016
 
 ************************ 2023-02-04 11:37:47 *************************
                      Normal termination of mrcc.
 **********************************************************************
