 **********************************************************************
                          MRCC program system
 **********************************************************************
 
                              Written by
     Mihaly Kallay, Peter R. Nagy, David Mester, Laszlo Gyevi-Nagy,
        Jozsef Csoka, P. Bernat Szabo, Zoltan Rolik, Gyula Samu,
     Jozsef Csontos, Bence Hegely, Adam Ganyecz, Istvan Ladjanszki,
       Lorant Szegedy, Bence Ladoczki, Klara Petrov, Mate Farkas,
                    Pal D. Mezei, and Reka A. Horvath
 
        Department of Physical Chemistry and Materials Science
            Budapest University of Technology and Economics
                  Budapest P.O.Box 91, H-1521 Hungary
 
                              www.mrcc.hu
 
                      Release date: March 18, 2022

 ************************ 2023-02-05 13:12:27 *************************
 Executing minp...

 Reading input from MINP...
 
 Input file:
 
calc=FNO-CCSD(T)
verbosity=3
mem=220GB
unit=angs
scfiguess=small
scfalg=locfit1
ccmaxit=400
ccsdalg=dfdirect
ccsdthreads=4
ccsdmkl=thr
ptthreads=4
lnoepsv=1e-5
naf_cor=1e-2
basis=aug-cc-pVQZ
basis_sm=def2-SVP
dfbasis_scf=def2-QZVPP-RI-JK
dfbasis_cor=aug-cc-pVQZ-RI
unit=angs
geom=xyz
16

C    34.41670262    34.07107264    10.41543014
C    33.11117461    33.45680459    10.91530835
H    34.24160149    35.00442132     9.86225048
H    34.94674030    33.36940783     9.75379242
H    35.10002891    34.30603621    11.24227357
H    32.42643037    33.26105434    10.07939442
H    32.59136835    34.12756100    11.61262818
H    33.28915165    32.50678735    11.43686767
C    37.30146851    40.40201188    10.40841099
C    38.60118650    39.78817777    10.92356869
H    36.77622810    39.69780620     9.74571409
H    37.48350439    41.33295122     9.85291346
H    36.61044119    40.64264616    11.22702485
H    39.29502691    39.59153653    10.09551480
H    38.41694628    38.83865821    11.44396498
H    39.11330594    40.45971964    11.62587494

--------------------Output has been truncated-------------------------


--------------------Output has been truncated-------------------------


--------------------Output has been truncated-------------------------


--------------------Output has been truncated-------------------------


--------------------Output has been truncated-------------------------


--------------------Output has been truncated-------------------------


--------------------Output has been truncated-------------------------


--------------------Output has been truncated-------------------------


--------------------Output has been truncated-------------------------


--------------------Output has been truncated-------------------------


 
 Reference energy [au]:                       -79.264426007753
 DF-MP2 singlet pair energy [au]:              -0.317726674312
 DF-MP2 triplet pair energy [au]:              -0.076907123620
 DF-SCS-MP2 correlation energy [au]:           -0.406907717048
 DF-SCS-MP2 energy [au]:                      -79.671333724801
 DF-SOS-MP2 correlation energy [au]:           -0.413044676605
 DF-SOS-MP2 energy [au]:                      -79.677470684359
 DF-MP2 correlation energy [au]:               -0.394633797932
 DF-MP2 energy [au]:                          -79.659059805685

 Results in FNO basis:
 
 
 Reference energy [au]:                       -79.264426007753
 DF-MP2 singlet pair energy [au]:              -0.312551117845
 DF-MP2 triplet pair energy [au]:              -0.076621098259
 DF-SCS-MP2 correlation energy [au]:           -0.400601707501
 DF-SCS-MP2 energy [au]:                      -79.665027715254
 DF-SOS-MP2 correlation energy [au]:           -0.406316453199
 DF-SOS-MP2 energy [au]:                      -79.670742460952
 DF-MP2 correlation energy [au]:               -0.389172216104
 DF-MP2 energy [au]:                          -79.653598223857

 Results in NAF basis:
 
 
 Reference energy [au]:                       -79.264426007753
 DF-MP2 singlet pair energy [au]:              -0.312530132167
 DF-MP2 triplet pair energy [au]:              -0.076629098037
 DF-SCS-MP2 correlation energy [au]:           -0.400579191280
 DF-SCS-MP2 energy [au]:                      -79.665005199033
 DF-SOS-MP2 correlation energy [au]:           -0.406289171817
 DF-SOS-MP2 energy [au]:                      -79.670715179571
 DF-MP2 correlation energy [au]:               -0.389159230204
 DF-MP2 energy [au]:                          -79.653585237957

 ************************ 2023-02-05 13:14:11 *************************
 Executing ccsd...

 Allocation of 220.0 Gbytes of memory...

 Direct DF-CCSD(T) calculation
 
 Convergence criterion:  1.0E-06
 
 Number of occupied/virtual/auxiliary orbitals:     7   175   551
    851.32 MB is the minimal memory requirement for (T)
    190.43 MB is the minimal memory requirement for CCSD
 
 Reference energy [au]:             -79.264426007753
 T1 contribution [au]:                0.000000000000
 Same spin MP2 energy [au]:          -0.076625095586
 Opposite spin MP2 energy [au]:      -0.312540620300
 MP2 correlation energy [au]:        -0.389165715885
 Total MP2 energy [au]:             -79.653591723639
 MP2 correction [au]:                -0.005468082047
 
 
 CPU time [min]:     0.404                   Wall time [min]:     0.050
 
 Starting CCSD iterations...
 
                     Residual norm          Energy
 Iteration  1        0.179604389179      -79.671504335033
 Iteration  2        0.044511941400      -79.681086671458
 Iteration  3        0.013090277034      -79.682222491772
 Iteration  4        0.002650357563      -79.682229708787
 Iteration  5        0.000560983240      -79.682235576658
 Iteration  6        0.000156935581      -79.682237627055
 Iteration  7        0.000037097478      -79.682237401894
 Iteration  8        0.000009999611      -79.682237765794
 
 CCSD iteration has converged in  8 steps.
     3804.92 MB memory was utilized by CCSD
 
 T1 diagnostic:      8.231E-03            D1 diagnostic:      1.428E-02
 
 T1 contribution [au]:                                  0.000000000000
 PPL energy contribution [au]:                          0.108937010153
 Scaled PPL energy contribution [au]:                   0.110477350106

 OS-PPL energy contribution [au]:                       0.095543698706
 Scaled OS-PPL energy contribution [au]:                0.097139232640
 SS-PPL energy contribution [au]:                       0.013393311447
 Scaled SS-PPL energy contribution [au]:                0.013441414561

 Opposite spin CCSD energy [au]:                       -0.345142575777
 Same spin CCSD energy [au]:                           -0.072676949660
 CCSD correlation energy [au]:                         -0.417819525437
 CCSD correlation energy + MP2 correction [au]:        -0.423287607484
 CCSD correlation energy + MP2 + PPL corr. [au]:       -0.421747267531
 Total CCSD energy [au]:                              -79.682245533190
 Total CCSD energy + MP2 correction [au]:             -79.687713615237
 Total CCSD energy + MP2 + PPL corr. [au]:            -79.686173275284
 
 CPU time [min]:     6.435                   Wall time [min]:     0.236
 
 Calculation of (T) correction...
 
 
      783.34 MB memory is utilized for (T)

 0%       25%       50%       75%       100%
 |---------|---------|---------|---------| 
 
 (T) correction [au]:                                    -0.014762893043
 (T*) correction [au]:                                   -0.014970323213
 (T+) correction [au]:                                   -0.014966792167
 CCSD(T) correlation energy [au]:                        -0.432582418480
 CCSD(T) correlation energy + MP2 correction [au]:       -0.438050500527
 CCSD(T+) correlation en. + MP2 + PPL corr. [au]:        -0.436714059697
 Total CCSD(T) energy [au]:                             -79.697008426233
 Total CCSD(T) energy + MP2 correction [au]:            -79.702476508280
 Total CCSD(T+) energy + MP2 + PPL corr. [au]:          -79.701140067451
 
 CPU time [min]:     8.126                   Wall time [min]:     0.292
 
 ************************ 2023-02-05 13:14:28 *************************
                      Normal termination of mrcc.
 **********************************************************************
