 **********************************************************************
                          MRCC program system
 **********************************************************************
 
                              Written by
     Mihaly Kallay, Peter R. Nagy, David Mester, Laszlo Gyevi-Nagy,
        Jozsef Csoka, P. Bernat Szabo, Zoltan Rolik, Gyula Samu,
     Jozsef Csontos, Bence Hegely, Adam Ganyecz, Istvan Ladjanszki,
       Lorant Szegedy, Bence Ladoczki, Klara Petrov, Mate Farkas,
                    Pal D. Mezei, and Reka A. Horvath
 
        Department of Physical Chemistry and Materials Science
            Budapest University of Technology and Economics
                  Budapest P.O.Box 91, H-1521 Hungary
 
                              www.mrcc.hu
 
                      Release date: March 18, 2022

 ************************ 2023-02-05 13:21:41 *************************
 Executing minp...

 Reading input from MINP...
 
 Input file:
 
calc=FNO-CCSD(T)
verbosity=3
mem=220GB
unit=angs
scfiguess=small
scfalg=locfit1
ccmaxit=400
ccsdalg=dfdirect
ccsdthreads=4
ccsdmkl=thr
ptthreads=4
lnoepsv=1e-5
naf_cor=1e-2
basis=aug-cc-pVTZ
basis_sm=def2-SVP
dfbasis_scf=def2-QZVPP-RI-JK
dfbasis_cor=aug-cc-pVTZ-RI
unit=angs
geom=xyz
16

C    34.41670262    34.07107264    10.41543014
C    33.11117461    33.45680459    10.91530835
H    34.24160149    35.00442132     9.86225048
H    34.94674030    33.36940783     9.75379242
H    35.10002891    34.30603621    11.24227357
H    32.42643037    33.26105434    10.07939442
H    32.59136835    34.12756100    11.61262818
H    33.28915165    32.50678735    11.43686767
C    51.29867193    34.07107264    10.41543014
C    49.99314392    33.45680459    10.91530835
H    51.12357080    35.00442132     9.86225048
H    51.82870961    33.36940783     9.75379242
H    51.98199822    34.30603621    11.24227357
H    49.30839968    33.26105434    10.07939442
H    49.47333766    34.12756100    11.61262818
H    50.17112096    32.50678735    11.43686767

--------------------Output has been truncated-------------------------


--------------------Output has been truncated-------------------------


--------------------Output has been truncated-------------------------


--------------------Output has been truncated-------------------------


--------------------Output has been truncated-------------------------


--------------------Output has been truncated-------------------------


--------------------Output has been truncated-------------------------


--------------------Output has been truncated-------------------------


--------------------Output has been truncated-------------------------


--------------------Output has been truncated-------------------------


 
 Reference energy [au]:                      -158.519101012877
 DF-MP2 singlet pair energy [au]:              -0.600508776525
 DF-MP2 triplet pair energy [au]:              -0.150063081417
 DF-SCS-MP2 correlation energy [au]:           -0.770631558969
 DF-SCS-MP2 energy [au]:                     -159.289732571846
 DF-SOS-MP2 correlation energy [au]:           -0.780661409483
 DF-SOS-MP2 energy [au]:                     -159.299762422359
 DF-MP2 correlation energy [au]:               -0.750571857942
 DF-MP2 energy [au]:                         -159.269672870819

 Results in FNO basis:
 
 
 Reference energy [au]:                      -158.519101012877
 DF-MP2 singlet pair energy [au]:              -0.598168377296
 DF-MP2 triplet pair energy [au]:              -0.149850538118
 DF-SCS-MP2 correlation energy [au]:           -0.767752232128
 DF-SCS-MP2 energy [au]:                     -159.286853245005
 DF-SOS-MP2 correlation energy [au]:           -0.777618890485
 DF-SOS-MP2 energy [au]:                     -159.296719903362
 DF-MP2 correlation energy [au]:               -0.748018915414
 DF-MP2 energy [au]:                         -159.267119928291

 Results in NAF basis:
 
 
 Reference energy [au]:                      -158.519101012877
 DF-MP2 singlet pair energy [au]:              -0.598047951234
 DF-MP2 triplet pair energy [au]:              -0.149928863140
 DF-SCS-MP2 correlation energy [au]:           -0.767633829195
 DF-SCS-MP2 energy [au]:                     -159.286734842071
 DF-SOS-MP2 correlation energy [au]:           -0.777462336605
 DF-SOS-MP2 energy [au]:                     -159.296563349481
 DF-MP2 correlation energy [au]:               -0.747976814375
 DF-MP2 energy [au]:                         -159.267077827251

 ************************ 2023-02-05 13:22:23 *************************
 Executing ccsd...

 Allocation of 220.0 Gbytes of memory...

 Direct DF-CCSD(T) calculation
 
 Convergence criterion:  1.0E-06
 
 Number of occupied/virtual/auxiliary orbitals:    14   278   756
   3422.71 MB is the minimal memory requirement for (T)
    780.99 MB is the minimal memory requirement for CCSD
 
 Reference energy [au]:            -158.519101012877
 T1 contribution [au]:                0.000000000000
 Same spin MP2 energy [au]:          -0.149889582862
 Opposite spin MP2 energy [au]:      -0.598107823527
 MP2 correlation energy [au]:        -0.747997406389
 Total MP2 energy [au]:            -159.267098419266
 MP2 correction [au]:                -0.002574451553
 
 
 CPU time [min]:     0.906                   Wall time [min]:     0.133
 
 Starting CCSD iterations...
 
                     Residual norm          Energy
 Iteration  1        0.241423504993     -159.308955670828
 Iteration  2        0.060038246132     -159.328085475259
 Iteration  3        0.015975814080     -159.329997594811
 Iteration  4        0.003604186550     -159.330014236936
 Iteration  5        0.000758962556     -159.330024650793
 Iteration  6        0.000215374371     -159.330030805935
 Iteration  7        0.000051276186     -159.330030375314
 Iteration  8        0.000013080263     -159.330030958593
 Iteration  9        0.000002622459     -159.330030906555
 
 CCSD iteration has converged in  9 steps.
    23656.02 MB memory was utilized by CCSD
 
 T1 diagnostic:      7.816E-03            D1 diagnostic:      1.353E-02
 
 T1 contribution [au]:                                  0.000000000000
 PPL energy contribution [au]:                          0.205823159927
 Scaled PPL energy contribution [au]:                   0.206540245695

 OS-PPL energy contribution [au]:                       0.179922755345
 Scaled OS-PPL energy contribution [au]:                0.180664623715
 SS-PPL energy contribution [au]:                       0.025900404582
 Scaled SS-PPL energy contribution [au]:                0.025924019659

 Opposite spin CCSD energy [au]:                       -0.668568342269
 Same spin CCSD energy [au]:                           -0.142398245202
 CCSD correlation energy [au]:                         -0.810966587471
 CCSD correlation energy + MP2 correction [au]:        -0.813541039024
 CCSD correlation energy + MP2 + PPL corr. [au]:       -0.812823953257
 Total CCSD energy [au]:                             -159.330067600348
 Total CCSD energy + MP2 correction [au]:            -159.332642051901
 Total CCSD energy + MP2 + PPL corr. [au]:           -159.331924966133
 
 CPU time [min]:    52.916                   Wall time [min]:     1.766
 
 Calculation of (T) correction...
 
 
     4429.83 MB memory is utilized for (T)

 0%       25%       50%       75%       100%
 |---------|---------|---------|---------| 
 
 (T) correction [au]:                                    -0.027917837733
 (T*) correction [au]:                                   -0.028013925126
 (T+) correction [au]:                                   -0.028012738346
 CCSD(T) correlation energy [au]:                        -0.838884425204
 CCSD(T) correlation energy + MP2 correction [au]:       -0.841458876757
 CCSD(T+) correlation en. + MP2 + PPL corr. [au]:        -0.840836691602
 Total CCSD(T) energy [au]:                            -159.357985438081
 Total CCSD(T) energy + MP2 correction [au]:           -159.360559889634
 Total CCSD(T+) energy + MP2 + PPL corr. [au]:         -159.359937704479
 
 CPU time [min]:   110.680                   Wall time [min]:     3.462
 
 ************************ 2023-02-05 13:25:51 *************************
                      Normal termination of mrcc.
 **********************************************************************
