 **********************************************************************
                          MRCC program system
 **********************************************************************
 
                              Written by
     Mihaly Kallay, Peter R. Nagy, David Mester, Laszlo Gyevi-Nagy,
        Jozsef Csoka, P. Bernat Szabo, Zoltan Rolik, Gyula Samu,
     Jozsef Csontos, Bence Hegely, Adam Ganyecz, Istvan Ladjanszki,
       Lorant Szegedy, Bence Ladoczki, Klara Petrov, Mate Farkas,
                    Pal D. Mezei, and Reka A. Horvath
 
        Department of Physical Chemistry and Materials Science
            Budapest University of Technology and Economics
                  Budapest P.O.Box 91, H-1521 Hungary
 
                              www.mrcc.hu
 
                      Release date: March 18, 2022

 ************************ 2023-02-05 13:21:11 *************************
 Executing minp...

 Reading input from MINP...
 
 Input file:
 
calc=FNO-CCSD(T)
verbosity=3
mem=220GB
unit=angs
scfiguess=small
scfalg=locfit1
ccmaxit=400
ccsdalg=dfdirect
ccsdthreads=4
ccsdmkl=thr
ptthreads=4
lnoepsv=1e-5
naf_cor=1e-2
basis=aug-cc-pVTZ
basis_sm=def2-SVP
dfbasis_scf=def2-QZVPP-RI-JK
dfbasis_cor=aug-cc-pVTZ-RI
unit=angs
geom=xyz
16

C    34.41670262    34.07107264    10.41543014
C    33.11117461    33.45680459    10.91530835
H    34.24160149    35.00442132     9.86225048
H    34.94674030    33.36940783     9.75379242
H    35.10002891    34.30603621    11.24227357
H    32.42643037    33.26105434    10.07939442
H    32.59136835    34.12756100    11.61262818
H    33.28915165    32.50678735    11.43686767
C    45.74245317    23.52004258    10.40841099
C    47.04217115    22.90620846    10.92356869
H    45.21721276    22.81583689     9.74571409
H    45.92448905    24.45098191     9.85291346
H    45.05142584    23.76067685    11.22702485
H    47.73601157    22.70956722    10.09551480
H    46.85793094    21.95668890    11.44396498
H    47.55429059    23.57775033    11.62587494

--------------------Output has been truncated-------------------------


--------------------Output has been truncated-------------------------


--------------------Output has been truncated-------------------------


--------------------Output has been truncated-------------------------


--------------------Output has been truncated-------------------------


--------------------Output has been truncated-------------------------


--------------------Output has been truncated-------------------------


--------------------Output has been truncated-------------------------


--------------------Output has been truncated-------------------------


--------------------Output has been truncated-------------------------


 
 Reference energy [au]:                       -79.259538755046
 DF-MP2 singlet pair energy [au]:              -0.300255295242
 DF-MP2 triplet pair energy [au]:              -0.075031924517
 DF-SCS-MP2 correlation energy [au]:           -0.385316995796
 DF-SCS-MP2 energy [au]:                      -79.644855750842
 DF-SOS-MP2 correlation energy [au]:           -0.390331883814
 DF-SOS-MP2 energy [au]:                      -79.649870638860
 DF-MP2 correlation energy [au]:               -0.375287219759
 DF-MP2 energy [au]:                          -79.634825974805

 Results in FNO basis:
 
 
 Reference energy [au]:                       -79.259538755046
 DF-MP2 singlet pair energy [au]:              -0.299085078296
 DF-MP2 triplet pair energy [au]:              -0.074925651493
 DF-SCS-MP2 correlation energy [au]:           -0.383877311119
 DF-SCS-MP2 energy [au]:                      -79.643416066166
 DF-SOS-MP2 correlation energy [au]:           -0.388810601785
 DF-SOS-MP2 energy [au]:                      -79.648349356831
 DF-MP2 correlation energy [au]:               -0.374010729789
 DF-MP2 energy [au]:                          -79.633549484835

 Results in NAF basis:
 
 
 Reference energy [au]:                       -79.259538755046
 DF-MP2 singlet pair energy [au]:              -0.299024304513
 DF-MP2 triplet pair energy [au]:              -0.074964709901
 DF-SCS-MP2 correlation energy [au]:           -0.383817402049
 DF-SCS-MP2 energy [au]:                      -79.643356157095
 DF-SOS-MP2 correlation energy [au]:           -0.388731595867
 DF-SOS-MP2 energy [au]:                      -79.648270350913
 DF-MP2 correlation energy [au]:               -0.373989014414
 DF-MP2 energy [au]:                          -79.633527769460

 ************************ 2023-02-05 13:21:40 *************************
 Executing ccsd...

 Allocation of 220.0 Gbytes of memory...

 Direct DF-CCSD(T) calculation
 
 Convergence criterion:  1.0E-06
 
 Number of occupied/virtual/auxiliary orbitals:     7   139   378
    421.21 MB is the minimal memory requirement for (T)
     94.89 MB is the minimal memory requirement for CCSD
 
 Reference energy [au]:             -79.259538755046
 T1 contribution [au]:                0.000000000000
 Same spin MP2 energy [au]:          -0.074945121486
 Opposite spin MP2 energy [au]:      -0.299054520566
 MP2 correlation energy [au]:        -0.373999642052
 Total MP2 energy [au]:             -79.633538397098
 MP2 correction [au]:                -0.001287577707
 
 
 CPU time [min]:     0.319                   Wall time [min]:     0.016
 
 Starting CCSD iterations...
 
                     Residual norm          Energy
 Iteration  1        0.170712042492      -79.654466825733
 Iteration  2        0.042453984664      -79.664031952513
 Iteration  3        0.011296844075      -79.664988061046
 Iteration  4        0.002548605153      -79.664996376362
 Iteration  5        0.000536675797      -79.665001585570
 Iteration  6        0.000152294746      -79.665004662721
 Iteration  7        0.000036259170      -79.665004447283
 Iteration  8        0.000009249949      -79.665004738922
 
 CCSD iteration has converged in  8 steps.
     1534.57 MB memory was utilized by CCSD
 
 T1 diagnostic:      7.817E-03            D1 diagnostic:      1.354E-02
 
 T1 contribution [au]:                                  0.000000000000
 PPL energy contribution [au]:                          0.102912300428
 Scaled PPL energy contribution [au]:                   0.103271031706

 OS-PPL energy contribution [au]:                       0.089962055475
 Scaled OS-PPL energy contribution [au]:                0.090333163800
 SS-PPL energy contribution [au]:                       0.012950244953
 Scaled SS-PPL energy contribution [au]:                0.012962070865

 Opposite spin CCSD energy [au]:                       -0.334285307712
 Same spin CCSD energy [au]:                           -0.071199365494
 CCSD correlation energy [au]:                         -0.405484673206
 CCSD correlation energy + MP2 correction [au]:        -0.406772250913
 CCSD correlation energy + MP2 + PPL corr. [au]:       -0.406413519635
 Total CCSD energy [au]:                              -79.665023428252
 Total CCSD energy + MP2 correction [au]:             -79.666311005959
 Total CCSD energy + MP2 + PPL corr. [au]:            -79.665952274681
 
 CPU time [min]:     2.810                   Wall time [min]:     0.090
 
 Calculation of (T) correction...
 
 
      388.93 MB memory is utilized for (T)

 0%       25%       50%       75%       100%
 |---------|---------|---------|---------| 
 
 (T) correction [au]:                                    -0.013959022263
 (T*) correction [au]:                                   -0.014007079330
 (T+) correction [au]:                                   -0.014006497848
 CCSD(T) correlation energy [au]:                        -0.419443695469
 CCSD(T) correlation energy + MP2 correction [au]:       -0.420731273175
 CCSD(T+) correlation en. + MP2 + PPL corr. [au]:        -0.420420017483
 Total CCSD(T) energy [au]:                             -79.678982450515
 Total CCSD(T) energy + MP2 correction [au]:            -79.680270028221
 Total CCSD(T+) energy + MP2 + PPL corr. [au]:          -79.679958772529
 
 CPU time [min]:     3.513                   Wall time [min]:     0.112
 
 ************************ 2023-02-05 13:21:47 *************************
                      Normal termination of mrcc.
 **********************************************************************
