================================================================================
                                       INPUT FILE
================================================================================
NAME = orca.inp
|  1>  ! TightSCF RI-MP2 RIJCOSX SlowConv DIIS
|  2> %maxcore 55000
|  3> %pal
|  4> nprocs 4
|  5> end
|  6> %pointcharges "orca.bq"
|  7> %method
|  8> Method hf
|  9> RI on
| 10> RunTyp Energy
| 11> NewNCore O 2 end
| 12> NewNCore Ti 18 end
| 13> NewNCore C 2 end
| 14> NewNCore H 0 end
| 15> end
| 16> %basis
| 17> NewGTO Ti
| 18> "cc-pVTZ"
| 19> end
| 20> NewGTO H
| 21> "aug-cc-pVTZ"
| 22> end
| 23> NewGTO O
| 24> "aug-cc-pVTZ"
| 25> end
| 26> NewGTO C
| 27> "aug-cc-pVTZ"
| 28> end
| 29> NewAuxCGTO Ti
| 30> "cc-pVTZ/C"
| 31> end
| 32> NewAuxCGTO H
| 33> "aug-cc-pVTZ/C"
| 34> end
| 35> NewAuxCGTO O 
| 36> "aug-cc-pVTZ/C"
| 37> end
| 38> NewAuxCGTO C 
| 39> "aug-cc-pVTZ/C"
| 40> end
| 41> Aux "def2/J"    
| 42> end
| 43> %scf
| 44> HFTyp rhf
| 45> Guess MORead
| 46> MOInp "orca_svp_start.gbw"
| 47> SCFMode Direct
| 48> sthresh 1e-6
| 49> AutoTRAHIter 60
| 50> MaxIter 1000
| 51> end
| 52> %coords
| 53> CTyp xyz
| 54> Mult 1
| 55> Units angs
| 56>       Charge -38
| 57>   coords
| 58> C:                      0.00081705011    0.00002320526    1.72884400563
| 59> H:                     -0.05053213056    0.89633029753    2.35813838108
| 60> H:                      0.05226472379   -0.89631224347    2.35825565611
| 61> H:                      0.91773540605    0.05070703259    1.12689725392
| 62> H:                     -0.91630859930   -0.05082132031    1.12709961754
| 63> Ti                      0.00000000000    0.00000000000   -1.43694122213
| 64> O                      -0.00002936641   -0.00000124851   -3.25550860866
| 65> O                      -1.22612024541    1.48550586123   -1.15098137904
| 66> O                       1.22610246459   -1.48551652698   -1.15102871986
| 67> O                      -1.22708949291   -1.48603818367   -1.15413241300
| 68> O                       1.22707044266    1.48604777705   -1.15418645989
| 69> Ti                      0.00006382473    2.95729500329   -1.46449325674
| 70> Ti                     -0.00011340444   -2.95729489395   -1.46448961806
| 71> O                      -3.25763509342    0.00027073162   -2.57781937211
| 72> O                       3.25759907849   -0.00027227238   -2.57783675932
| 73> O                      -0.00042064680    2.96207708598   -3.27054405457
| 74> O                       0.00035833623   -2.96207616866   -3.27054068628
| 75> O                       3.24011819133    0.00055417913   -0.00490721947
| 76> O                      -3.24013340644   -0.00055282221   -0.00487902118
| 77> Ti                     -3.25180010998    1.47985910530   -1.08897848845
| 78> Ti                      3.25177146548   -1.47986548390   -1.08900340799
| 79> Ti                      3.25249524182    1.48037401485   -1.09010177237
| 80> Ti                     -3.25252203124   -1.48036697315   -1.09007447638
| 81> O                      -3.25457503852    2.95910034202   -2.57646860573
| 82> O                       3.25454216020   -2.95910734581   -2.57647384109
| 83> O                       3.25528939388    2.95952381585   -2.57685668973
| 84> O                      -3.25532102118   -2.95951634975   -2.57684835026
| 85> O                       1.22366827881    4.43772223937   -1.13722109956
| 86> O                      -1.22371508024   -4.43772515466   -1.13721930082
| 87> O                      -1.22373058876    4.43790211149   -1.13715240187
| 88> O                       1.22368462754   -4.43790030334   -1.13714876213
| 89> O                       3.24877317135    2.95572631723   -0.00238239716
| 90> O                      -3.24882031206   -2.95573182675   -0.00237261653
| 91> O                      -3.24905054629    2.95576454957   -0.00197273195
| 92> O                       3.24900216662   -2.95575913970   -0.00197917589
| 93> O                      -5.27859039398    1.47819830904   -1.13512879623
| 94> O                       5.27855459741   -1.47820089677   -1.13513583218
| 95> O                       5.27879982399    1.47836096394   -1.13546693123
| 96> O                      -5.27883514806   -1.47835909776   -1.13545776797
| 97> Ti                     -3.24906620080    4.43657134167   -1.08375702682
| 98> Ti                      3.24901669770   -4.43657179329   -1.08375720193
| 99> Ti                      3.24926345903    4.43678118684   -1.08389335211
|100> Ti                     -3.24931244959   -4.43678099831   -1.08389187211
|101> Ti                     -0.00002462876    5.91518996992   -1.46496759290
|102> Ti                     -0.00002462876   -5.91519151090   -1.46496759290
|103> O                      -0.00002458071    5.91519177324   -3.27116605621
|104> O                      -0.00002458071   -5.91518970758   -3.27116605621
|105> O                      -3.25107765086    5.91519125737   -2.57503052952
|106> O                       3.25102824075    5.91519129626   -2.57502936925
|107> O                       3.25102824075   -5.91519018456   -2.57502936925
|108> O                      -3.25107765086   -5.91519022346   -2.57503052952
|109> O                      -3.25251550256    5.91516966044   -0.00000050421
|110> O                       3.25246928883    5.91521079830    0.00000000000
|111> O                       3.25246928883   -5.91517068252    0.00000000000
|112> O                       5.27852257061   -4.43614361014   -1.13636584136
|113> O                      -3.25251550256   -5.91521182038   -0.00000050421
|114> O                      -5.27856663325    4.43614610437   -1.13636869630
|115> O                       5.27873539688    4.43606882823   -1.13619753216
|116> O                      -5.27877928814   -4.43607019563   -1.13619811186
|117> O                       1.22368462754    7.39248117748   -1.13714876213
|118> O                      -1.22373058876   -7.39247936933   -1.13715240187
|119> O                      -1.22371508024    7.39265632617   -1.13721930082
|120> O                       1.22366827881   -7.39265924146   -1.13722109956
|121> Ti>    4.00000000000   -0.00003766494    1.47511078881   -4.62965751995
|122> NewECP
|123> N_core 0
|124>   lmax f
|125>   s 2
|126>    1      0.860000       9.191690  2
|127>    2      0.172000       0.008301  2
|128>   p 2
|129>    1      0.860000      17.997720  2
|130>    2      0.172000      -0.032600  2
|131>   d 2
|132>    1      1.600000      -9.504310  2
|133>    2      0.320000      -0.151370  2
|134>   f 1
|135>    1      1.000000000    0.000000000 2
|136> end
|137> Ti>    4.00000000000   -0.00001305954   -1.47511149398   -4.62965530124
|138> NewECP
|139> N_core 0
|140>   lmax f
|141>   s 2
|142>    1      0.860000       9.191690  2
|143>    2      0.172000       0.008301  2
|144>   p 2
|145>    1      0.860000      17.997720  2
|146>    2      0.172000      -0.032600  2
|147>   d 2
|148>    1      1.600000      -9.504310  2
|149>    2      0.320000      -0.151370  2
|150>   f 1
|151>    1      1.000000000    0.000000000 2
|152> end
|153> Ti>    4.00000000000   -3.25161817455    0.00003769409   -4.43752893607
|154> NewECP
|155> N_core 0
|156>   lmax f
|157>   s 2
|158>    1      0.860000       9.191690  2
|159>    2      0.172000       0.008301  2
|160>   p 2
|161>    1      0.860000      17.997720  2
|162>    2      0.172000      -0.032600  2
|163>   d 2
|164>    1      1.600000      -9.504310  2
|165>    2      0.320000      -0.151370  2
|166>   f 1
|167>    1      1.000000000    0.000000000 2
|168> end
|169> Ti>    4.00000000000    3.25156877623   -0.00003707707   -4.43754121253
|170> NewECP
|171> N_core 0
|172>   lmax f
|173>   s 2
|174>    1      0.860000       9.191690  2
|175>    2      0.172000       0.008301  2
|176>   p 2
|177>    1      0.860000      17.997720  2
|178>    2      0.172000      -0.032600  2
|179>   d 2
|180>    1      1.600000      -9.504310  2
|181>    2      0.320000      -0.151370  2
|182>   f 1
|183>    1      1.000000000    0.000000000 2
|184> end
|185> Ti>    4.00000000000   -3.25129158509    2.95801554042   -4.43725795098
|186> NewECP
|187> N_core 0
|188>   lmax f
|189>   s 2
|190>    1      0.860000       9.191690  2
|191>    2      0.172000       0.008301  2
|192>   p 2
|193>    1      0.860000      17.997720  2
|194>    2      0.172000      -0.032600  2
|195>   d 2
|196>    1      1.600000      -9.504310  2
|197>    2      0.320000      -0.151370  2
|198>   f 1
|199>    1      1.000000000    0.000000000 2
|200> end
|201> Ti>    4.00000000000    3.25124302920   -2.95801736102   -4.43726543756
|202> NewECP
|203> N_core 0
|204>   lmax f
|205>   s 2
|206>    1      0.860000       9.191690  2
|207>    2      0.172000       0.008301  2
|208>   p 2
|209>    1      0.860000      17.997720  2
|210>    2      0.172000      -0.032600  2
|211>   d 2
|212>    1      1.600000      -9.504310  2
|213>    2      0.320000      -0.151370  2
|214>   f 1
|215>    1      1.000000000    0.000000000 2
|216> end
|217> Ti>    4.00000000000    3.25124903606    2.95804835766   -4.43761924291
|218> NewECP
|219> N_core 0
|220>   lmax f
|221>   s 2
|222>    1      0.860000       9.191690  2
|223>    2      0.172000       0.008301  2
|224>   p 2
|225>    1      0.860000      17.997720  2
|226>    2      0.172000      -0.032600  2
|227>   d 2
|228>    1      1.600000      -9.504310  2
|229>    2      0.320000      -0.151370  2
|230>   f 1
|231>    1      1.000000000    0.000000000 2
|232> end
|233> Ti>    4.00000000000   -3.25129692819   -2.95804522850   -4.43761139255
|234> NewECP
|235> N_core 0
|236>   lmax f
|237>   s 2
|238>    1      0.860000       9.191690  2
|239>    2      0.172000       0.008301  2
|240>   p 2
|241>    1      0.860000      17.997720  2
|242>    2      0.172000      -0.032600  2
|243>   d 2
|244>    1      1.600000      -9.504310  2
|245>    2      0.320000      -0.151370  2
|246>   f 1
|247>    1      1.000000000    0.000000000 2
|248> end
|249> Ti>    4.00000000000   -0.00005013880    4.43456989257   -4.64304935046
|250> NewECP
|251> N_core 0
|252>   lmax f
|253>   s 2
|254>    1      0.860000       9.191690  2
|255>    2      0.172000       0.008301  2
|256>   p 2
|257>    1      0.860000      17.997720  2
|258>    2      0.172000      -0.032600  2
|259>   d 2
|260>    1      1.600000      -9.504310  2
|261>    2      0.320000      -0.151370  2
|262>   f 1
|263>    1      1.000000000    0.000000000 2
|264> end
|265> Ti>    4.00000000000   -0.00000240504   -4.43456851561   -4.64304818327
|266> NewECP
|267> N_core 0
|268>   lmax f
|269>   s 2
|270>    1      0.860000       9.191690  2
|271>    2      0.172000       0.008301  2
|272>   p 2
|273>    1      0.860000      17.997720  2
|274>    2      0.172000      -0.032600  2
|275>   d 2
|276>    1      1.600000      -9.504310  2
|277>    2      0.320000      -0.151370  2
|278>   f 1
|279>    1      1.000000000    0.000000000 2
|280> end
|281> Ti>    4.00000000000   -0.00002489515   -0.00000002822   -7.82049044430
|282> NewECP
|283> N_core 0
|284>   lmax f
|285>   s 2
|286>    1      0.860000       9.191690  2
|287>    2      0.172000       0.008301  2
|288>   p 2
|289>    1      0.860000      17.997720  2
|290>    2      0.172000      -0.032600  2
|291>   d 2
|292>    1      1.600000      -9.504310  2
|293>    2      0.320000      -0.151370  2
|294>   f 1
|295>    1      1.000000000    0.000000000 2
|296> end
|297> Ti>    4.00000000000   -6.50200799883    0.00000003686   -1.46107464424
|298> NewECP
|299> N_core 0
|300>   lmax f
|301>   s 2
|302>    1      0.860000       9.191690  2
|303>    2      0.172000       0.008301  2
|304>   p 2
|305>    1      0.860000      17.997720  2
|306>    2      0.172000      -0.032600  2
|307>   d 2
|308>    1      1.600000      -9.504310  2
|309>    2      0.320000      -0.151370  2
|310>   f 1
|311>    1      1.000000000    0.000000000 2
|312> end
|313> Ti>    4.00000000000    6.50197610472    0.00000003686   -1.46107464424
|314> NewECP
|315> N_core 0
|316>   lmax f
|317>   s 2
|318>    1      0.860000       9.191690  2
|319>    2      0.172000       0.008301  2
|320>   p 2
|321>    1      0.860000      17.997720  2
|322>    2      0.172000      -0.032600  2
|323>   d 2
|324>    1      1.600000      -9.504310  2
|325>    2      0.320000      -0.151370  2
|326>   f 1
|327>    1      1.000000000    0.000000000 2
|328> end
|329> Ti>    4.00000000000   -0.00002489515    2.95759534199   -7.82049044430
|330> NewECP
|331> N_core 0
|332>   lmax f
|333>   s 2
|334>    1      0.860000       9.191690  2
|335>    2      0.172000       0.008301  2
|336>   p 2
|337>    1      0.860000      17.997720  2
|338>    2      0.172000      -0.032600  2
|339>   d 2
|340>    1      1.600000      -9.504310  2
|341>    2      0.320000      -0.151370  2
|342>   f 1
|343>    1      1.000000000    0.000000000 2
|344> end
|345> Ti>    4.00000000000   -0.00002489515   -2.95759539842   -7.82049044430
|346> NewECP
|347> N_core 0
|348>   lmax f
|349>   s 2
|350>    1      0.860000       9.191690  2
|351>    2      0.172000       0.008301  2
|352>   p 2
|353>    1      0.860000      17.997720  2
|354>    2      0.172000      -0.032600  2
|355>   d 2
|356>    1      1.600000      -9.504310  2
|357>    2      0.320000      -0.151370  2
|358>   f 1
|359>    1      1.000000000    0.000000000 2
|360> end
|361> Ti>    4.00000000000   -6.50169070863    2.95856929631   -1.46053672809
|362> NewECP
|363> N_core 0
|364>   lmax f
|365>   s 2
|366>    1      0.860000       9.191690  2
|367>    2      0.172000       0.008301  2
|368>   p 2
|369>    1      0.860000      17.997720  2
|370>    2      0.172000      -0.032600  2
|371>   d 2
|372>    1      1.600000      -9.504310  2
|373>    2      0.320000      -0.151370  2
|374>   f 1
|375>    1      1.000000000    0.000000000 2
|376> end
|377> Ti>    4.00000000000    6.50165450299   -2.95856898935   -1.46053646138
|378> NewECP
|379> N_core 0
|380>   lmax f
|381>   s 2
|382>    1      0.860000       9.191690  2
|383>    2      0.172000       0.008301  2
|384>   p 2
|385>    1      0.860000      17.997720  2
|386>    2      0.172000      -0.032600  2
|387>   d 2
|388>    1      1.600000      -9.504310  2
|389>    2      0.320000      -0.151370  2
|390>   f 1
|391>    1      1.000000000    0.000000000 2
|392> end
|393> Ti>    4.00000000000    6.50229339492    2.95856929631   -1.46053672809
|394> NewECP
|395> N_core 0
|396>   lmax f
|397>   s 2
|398>    1      0.860000       9.191690  2
|399>    2      0.172000       0.008301  2
|400>   p 2
|401>    1      0.860000      17.997720  2
|402>    2      0.172000      -0.032600  2
|403>   d 2
|404>    1      1.600000      -9.504310  2
|405>    2      0.320000      -0.151370  2
|406>   f 1
|407>    1      1.000000000    0.000000000 2
|408> end
|409> Ti>    4.00000000000   -6.50232960056   -2.95856898935   -1.46053646138
|410> NewECP
|411> N_core 0
|412>   lmax f
|413>   s 2
|414>    1      0.860000       9.191690  2
|415>    2      0.172000       0.008301  2
|416>   p 2
|417>    1      0.860000      17.997720  2
|418>    2      0.172000      -0.032600  2
|419>   d 2
|420>    1      1.600000      -9.504310  2
|421>    2      0.320000      -0.151370  2
|422>   f 1
|423>    1      1.000000000    0.000000000 2
|424> end
|425> Ti>    4.00000000000   -3.25102092104    1.47879765689   -7.82049044430
|426> NewECP
|427> N_core 0
|428>   lmax f
|429>   s 2
|430>    1      0.860000       9.191690  2
|431>    2      0.172000       0.008301  2
|432>   p 2
|433>    1      0.860000      17.997720  2
|434>    2      0.172000      -0.032600  2
|435>   d 2
|436>    1      1.600000      -9.504310  2
|437>    2      0.320000      -0.151370  2
|438>   f 1
|439>    1      1.000000000    0.000000000 2
|440> end
|441> Ti>    4.00000000000    3.25097113074    1.47879765689   -7.82049044430
|442> NewECP
|443> N_core 0
|444>   lmax f
|445>   s 2
|446>    1      0.860000       9.191690  2
|447>    2      0.172000       0.008301  2
|448>   p 2
|449>    1      0.860000      17.997720  2
|450>    2      0.172000      -0.032600  2
|451>   d 2
|452>    1      1.600000      -9.504310  2
|453>    2      0.320000      -0.151370  2
|454>   f 1
|455>    1      1.000000000    0.000000000 2
|456> end
|457> Ti>    4.00000000000    3.25097113074   -1.47879771332   -7.82049044430
|458> NewECP
|459> N_core 0
|460>   lmax f
|461>   s 2
|462>    1      0.860000       9.191690  2
|463>    2      0.172000       0.008301  2
|464>   p 2
|465>    1      0.860000      17.997720  2
|466>    2      0.172000      -0.032600  2
|467>   d 2
|468>    1      1.600000      -9.504310  2
|469>    2      0.320000      -0.151370  2
|470>   f 1
|471>    1      1.000000000    0.000000000 2
|472> end
|473> Ti>    4.00000000000   -3.25102092104   -1.47879771332   -7.82049044430
|474> NewECP
|475> N_core 0
|476>   lmax f
|477>   s 2
|478>    1      0.860000       9.191690  2
|479>    2      0.172000       0.008301  2
|480>   p 2
|481>    1      0.860000      17.997720  2
|482>    2      0.172000      -0.032600  2
|483>   d 2
|484>    1      1.600000      -9.504310  2
|485>    2      0.320000      -0.151370  2
|486>   f 1
|487>    1      1.000000000    0.000000000 2
|488> end
|489> Ti>    4.00000000000   -3.25050295217    5.91514921314   -4.43582237088
|490> NewECP
|491> N_core 0
|492>   lmax f
|493>   s 2
|494>    1      0.860000       9.191690  2
|495>    2      0.172000       0.008301  2
|496>   p 2
|497>    1      0.860000      17.997720  2
|498>    2      0.172000      -0.032600  2
|499>   d 2
|500>    1      1.600000      -9.504310  2
|501>    2      0.320000      -0.151370  2
|502>   f 1
|503>    1      1.000000000    0.000000000 2
|504> end
|505> Ti>    4.00000000000    3.25045297887   -5.91514777458   -4.43582296951
|506> NewECP
|507> N_core 0
|508>   lmax f
|509>   s 2
|510>    1      0.860000       9.191690  2
|511>    2      0.172000       0.008301  2
|512>   p 2
|513>    1      0.860000      17.997720  2
|514>    2      0.172000      -0.032600  2
|515>   d 2
|516>    1      1.600000      -9.504310  2
|517>    2      0.320000      -0.151370  2
|518>   f 1
|519>    1      1.000000000    0.000000000 2
|520> end
|521> Ti>    4.00000000000    3.25045297887    5.91523370624   -4.43582296951
|522> NewECP
|523> N_core 0
|524>   lmax f
|525>   s 2
|526>    1      0.860000       9.191690  2
|527>    2      0.172000       0.008301  2
|528>   p 2
|529>    1      0.860000      17.997720  2
|530>    2      0.172000      -0.032600  2
|531>   d 2
|532>    1      1.600000      -9.504310  2
|533>    2      0.320000      -0.151370  2
|534>   f 1
|535>    1      1.000000000    0.000000000 2
|536> end
|537> Ti>    4.00000000000   -3.25050295217   -5.91523226768   -4.43582237088
|538> NewECP
|539> N_core 0
|540>   lmax f
|541>   s 2
|542>    1      0.860000       9.191690  2
|543>    2      0.172000       0.008301  2
|544>   p 2
|545>    1      0.860000      17.997720  2
|546>    2      0.172000      -0.032600  2
|547>   d 2
|548>    1      1.600000      -9.504310  2
|549>    2      0.320000      -0.151370  2
|550>   f 1
|551>    1      1.000000000    0.000000000 2
|552> end
|553> Ti>    4.00000000000    6.50195053101    1.47899379682   -4.63893801319
|554> NewECP
|555> N_core 0
|556>   lmax f
|557>   s 2
|558>    1      0.860000       9.191690  2
|559>    2      0.172000       0.008301  2
|560>   p 2
|561>    1      0.860000      17.997720  2
|562>    2      0.172000      -0.032600  2
|563>   d 2
|564>    1      1.600000      -9.504310  2
|565>    2      0.320000      -0.151370  2
|566>   f 1
|567>    1      1.000000000    0.000000000 2
|568> end
|569> Ti>    4.00000000000   -6.50203357254    1.47899379682   -4.63893801319
|570> NewECP
|571> N_core 0
|572>   lmax f
|573>   s 2
|574>    1      0.860000       9.191690  2
|575>    2      0.172000       0.008301  2
|576>   p 2
|577>    1      0.860000      17.997720  2
|578>    2      0.172000      -0.032600  2
|579>   d 2
|580>    1      1.600000      -9.504310  2
|581>    2      0.320000      -0.151370  2
|582>   f 1
|583>    1      1.000000000    0.000000000 2
|584> end
|585> Ti>    4.00000000000    6.50198260185   -1.47899335989   -4.63893787342
|586> NewECP
|587> N_core 0
|588>   lmax f
|589>   s 2
|590>    1      0.860000       9.191690  2
|591>    2      0.172000       0.008301  2
|592>   p 2
|593>    1      0.860000      17.997720  2
|594>    2      0.172000      -0.032600  2
|595>   d 2
|596>    1      1.600000      -9.504310  2
|597>    2      0.320000      -0.151370  2
|598>   f 1
|599>    1      1.000000000    0.000000000 2
|600> end
|601> Ti>    4.00000000000   -6.50200150170   -1.47899335989   -4.63893787342
|602> NewECP
|603> N_core 0
|604>   lmax f
|605>   s 2
|606>    1      0.860000       9.191690  2
|607>    2      0.172000       0.008301  2
|608>   p 2
|609>    1      0.860000      17.997720  2
|610>    2      0.172000      -0.032600  2
|611>   d 2
|612>    1      1.600000      -9.504310  2
|613>    2      0.320000      -0.151370  2
|614>   f 1
|615>    1      1.000000000    0.000000000 2
|616> end
|617> Ti>    4.00000000000   -0.00000240504    7.39581296522   -4.64304818327
|618> NewECP
|619> N_core 0
|620>   lmax f
|621>   s 2
|622>    1      0.860000       9.191690  2
|623>    2      0.172000       0.008301  2
|624>   p 2
|625>    1      0.860000      17.997720  2
|626>    2      0.172000      -0.032600  2
|627>   d 2
|628>    1      1.600000      -9.504310  2
|629>    2      0.320000      -0.151370  2
|630>   f 1
|631>    1      1.000000000    0.000000000 2
|632> end
|633> Ti>    4.00000000000   -0.00005013880   -7.39581158825   -4.64304935046
|634> NewECP
|635> N_core 0
|636>   lmax f
|637>   s 2
|638>    1      0.860000       9.191690  2
|639>    2      0.172000       0.008301  2
|640>   p 2
|641>    1      0.860000      17.997720  2
|642>    2      0.172000      -0.032600  2
|643>   d 2
|644>    1      1.600000      -9.504310  2
|645>    2      0.320000      -0.151370  2
|646>   f 1
|647>    1      1.000000000    0.000000000 2
|648> end
|649> Ti>    4.00000000000   -3.24931244959    7.39360048251   -1.08389187211
|650> NewECP
|651> N_core 0
|652>   lmax f
|653>   s 2
|654>    1      0.860000       9.191690  2
|655>    2      0.172000       0.008301  2
|656>   p 2
|657>    1      0.860000      17.997720  2
|658>    2      0.172000      -0.032600  2
|659>   d 2
|660>    1      1.600000      -9.504310  2
|661>    2      0.320000      -0.151370  2
|662>   f 1
|663>    1      1.000000000    0.000000000 2
|664> end
|665> Ti>    4.00000000000    3.24926345903   -7.39360029398   -1.08389335211
|666> NewECP
|667> N_core 0
|668>   lmax f
|669>   s 2
|670>    1      0.860000       9.191690  2
|671>    2      0.172000       0.008301  2
|672>   p 2
|673>    1      0.860000      17.997720  2
|674>    2      0.172000      -0.032600  2
|675>   d 2
|676>    1      1.600000      -9.504310  2
|677>    2      0.320000      -0.151370  2
|678>   f 1
|679>    1      1.000000000    0.000000000 2
|680> end
|681> Ti>    4.00000000000    3.24901669770    7.39380968753   -1.08375720193
|682> NewECP
|683> N_core 0
|684>   lmax f
|685>   s 2
|686>    1      0.860000       9.191690  2
|687>    2      0.172000       0.008301  2
|688>   p 2
|689>    1      0.860000      17.997720  2
|690>    2      0.172000      -0.032600  2
|691>   d 2
|692>    1      1.600000      -9.504310  2
|693>    2      0.320000      -0.151370  2
|694>   f 1
|695>    1      1.000000000    0.000000000 2
|696> end
|697> Ti>    4.00000000000   -3.24906620080   -7.39381013915   -1.08375702682
|698> NewECP
|699> N_core 0
|700>   lmax f
|701>   s 2
|702>    1      0.860000       9.191690  2
|703>    2      0.172000       0.008301  2
|704>   p 2
|705>    1      0.860000      17.997720  2
|706>    2      0.172000      -0.032600  2
|707>   d 2
|708>    1      1.600000      -9.504310  2
|709>    2      0.320000      -0.151370  2
|710>   f 1
|711>    1      1.000000000    0.000000000 2
|712> end
|713> Ti>    4.00000000000   -3.25102092104    4.43639302709   -7.82049044430
|714> NewECP
|715> N_core 0
|716>   lmax f
|717>   s 2
|718>    1      0.860000       9.191690  2
|719>    2      0.172000       0.008301  2
|720>   p 2
|721>    1      0.860000      17.997720  2
|722>    2      0.172000      -0.032600  2
|723>   d 2
|724>    1      1.600000      -9.504310  2
|725>    2      0.320000      -0.151370  2
|726>   f 1
|727>    1      1.000000000    0.000000000 2
|728> end
|729> Ti>    4.00000000000    3.25097113074    4.43639302709   -7.82049044430
|730> NewECP
|731> N_core 0
|732>   lmax f
|733>   s 2
|734>    1      0.860000       9.191690  2
|735>    2      0.172000       0.008301  2
|736>   p 2
|737>    1      0.860000      17.997720  2
|738>    2      0.172000      -0.032600  2
|739>   d 2
|740>    1      1.600000      -9.504310  2
|741>    2      0.320000      -0.151370  2
|742>   f 1
|743>    1      1.000000000    0.000000000 2
|744> end
|745> Ti>    4.00000000000    3.25097113074   -4.43639308352   -7.82049044430
|746> NewECP
|747> N_core 0
|748>   lmax f
|749>   s 2
|750>    1      0.860000       9.191690  2
|751>    2      0.172000       0.008301  2
|752>   p 2
|753>    1      0.860000      17.997720  2
|754>    2      0.172000      -0.032600  2
|755>   d 2
|756>    1      1.600000      -9.504310  2
|757>    2      0.320000      -0.151370  2
|758>   f 1
|759>    1      1.000000000    0.000000000 2
|760> end
|761> Ti>    4.00000000000   -3.25102092104   -4.43639308352   -7.82049044430
|762> NewECP
|763> N_core 0
|764>   lmax f
|765>   s 2
|766>    1      0.860000       9.191690  2
|767>    2      0.172000       0.008301  2
|768>   p 2
|769>    1      0.860000      17.997720  2
|770>    2      0.172000      -0.032600  2
|771>   d 2
|772>    1      1.600000      -9.504310  2
|773>    2      0.320000      -0.151370  2
|774>   f 1
|775>    1      1.000000000    0.000000000 2
|776> end
|777> Ti>    4.00000000000    6.50191367843    4.43662758637   -4.63843690131
|778> NewECP
|779> N_core 0
|780>   lmax f
|781>   s 2
|782>    1      0.860000       9.191690  2
|783>    2      0.172000       0.008301  2
|784>   p 2
|785>    1      0.860000      17.997720  2
|786>    2      0.172000      -0.032600  2
|787>   d 2
|788>    1      1.600000      -9.504310  2
|789>    2      0.320000      -0.151370  2
|790>   f 1
|791>    1      1.000000000    0.000000000 2
|792> end
|793> Ti>    4.00000000000   -6.50196114679   -4.43662772699   -4.63843685449
|794> NewECP
|795> N_core 0
|796>   lmax f
|797>   s 2
|798>    1      0.860000       9.191690  2
|799>    2      0.172000       0.008301  2
|800>   p 2
|801>    1      0.860000      17.997720  2
|802>    2      0.172000      -0.032600  2
|803>   d 2
|804>    1      1.600000      -9.504310  2
|805>    2      0.320000      -0.151370  2
|806>   f 1
|807>    1      1.000000000    0.000000000 2
|808> end
|809> Ti>    4.00000000000   -6.50207042512    4.43662758637   -4.63843690131
|810> NewECP
|811> N_core 0
|812>   lmax f
|813>   s 2
|814>    1      0.860000       9.191690  2
|815>    2      0.172000       0.008301  2
|816>   p 2
|817>    1      0.860000      17.997720  2
|818>    2      0.172000      -0.032600  2
|819>   d 2
|820>    1      1.600000      -9.504310  2
|821>    2      0.320000      -0.151370  2
|822>   f 1
|823>    1      1.000000000    0.000000000 2
|824> end
|825> Ti>    4.00000000000    6.50202295676   -4.43662772699   -4.63843685449
|826> NewECP
|827> N_core 0
|828>   lmax f
|829>   s 2
|830>    1      0.860000       9.191690  2
|831>    2      0.172000       0.008301  2
|832>   p 2
|833>    1      0.860000      17.997720  2
|834>    2      0.172000      -0.032600  2
|835>   d 2
|836>    1      1.600000      -9.504310  2
|837>    2      0.320000      -0.151370  2
|838>   f 1
|839>    1      1.000000000    0.000000000 2
|840> end
|841> Ti>    4.00000000000   -0.00002489515    5.91519071220   -7.82049044430
|842> NewECP
|843> N_core 0
|844>   lmax f
|845>   s 2
|846>    1      0.860000       9.191690  2
|847>    2      0.172000       0.008301  2
|848>   p 2
|849>    1      0.860000      17.997720  2
|850>    2      0.172000      -0.032600  2
|851>   d 2
|852>    1      1.600000      -9.504310  2
|853>    2      0.320000      -0.151370  2
|854>   f 1
|855>    1      1.000000000    0.000000000 2
|856> end
|857> Ti>    4.00000000000   -0.00002489515   -5.91519076863   -7.82049044430
|858> NewECP
|859> N_core 0
|860>   lmax f
|861>   s 2
|862>    1      0.860000       9.191690  2
|863>    2      0.172000       0.008301  2
|864>   p 2
|865>    1      0.860000      17.997720  2
|866>    2      0.172000      -0.032600  2
|867>   d 2
|868>    1      1.600000      -9.504310  2
|869>    2      0.320000      -0.151370  2
|870>   f 1
|871>    1      1.000000000    0.000000000 2
|872> end
|873> Ti>    4.00000000000   -6.50201903873    5.91519054694   -1.46028388804
|874> NewECP
|875> N_core 0
|876>   lmax f
|877>   s 2
|878>    1      0.860000       9.191690  2
|879>    2      0.172000       0.008301  2
|880>   p 2
|881>    1      0.860000      17.997720  2
|882>    2      0.172000      -0.032600  2
|883>   d 2
|884>    1      1.600000      -9.504310  2
|885>    2      0.320000      -0.151370  2
|886>   f 1
|887>    1      1.000000000    0.000000000 2
|888> end
|889> Ti>    4.00000000000    6.50196506482    5.91519054694   -1.46028388804
|890> NewECP
|891> N_core 0
|892>   lmax f
|893>   s 2
|894>    1      0.860000       9.191690  2
|895>    2      0.172000       0.008301  2
|896>   p 2
|897>    1      0.860000      17.997720  2
|898>    2      0.172000      -0.032600  2
|899>   d 2
|900>    1      1.600000      -9.504310  2
|901>    2      0.320000      -0.151370  2
|902>   f 1
|903>    1      1.000000000    0.000000000 2
|904> end
|905> Ti>    4.00000000000    6.50196506482   -5.91519093388   -1.46028388804
|906> NewECP
|907> N_core 0
|908>   lmax f
|909>   s 2
|910>    1      0.860000       9.191690  2
|911>    2      0.172000       0.008301  2
|912>   p 2
|913>    1      0.860000      17.997720  2
|914>    2      0.172000      -0.032600  2
|915>   d 2
|916>    1      1.600000      -9.504310  2
|917>    2      0.320000      -0.151370  2
|918>   f 1
|919>    1      1.000000000    0.000000000 2
|920> end
|921> Ti>    4.00000000000   -6.50201903873   -5.91519093388   -1.46028388804
|922> NewECP
|923> N_core 0
|924>   lmax f
|925>   s 2
|926>    1      0.860000       9.191690  2
|927>    2      0.172000       0.008301  2
|928>   p 2
|929>    1      0.860000      17.997720  2
|930>    2      0.172000      -0.032600  2
|931>   d 2
|932>    1      1.600000      -9.504310  2
|933>    2      0.320000      -0.151370  2
|934>   f 1
|935>    1      1.000000000    0.000000000 2
|936> end
|937> Ti>    4.00000000000   -0.00011340444    8.87308658687   -1.46448961806
|938> NewECP
|939> N_core 0
|940>   lmax f
|941>   s 2
|942>    1      0.860000       9.191690  2
|943>    2      0.172000       0.008301  2
|944>   p 2
|945>    1      0.860000      17.997720  2
|946>    2      0.172000      -0.032600  2
|947>   d 2
|948>    1      1.600000      -9.504310  2
|949>    2      0.320000      -0.151370  2
|950>   f 1
|951>    1      1.000000000    0.000000000 2
|952> end
|953> Ti>    4.00000000000    0.00006382473   -8.87308647753   -1.46449325674
|954> NewECP
|955> N_core 0
|956>   lmax f
|957>   s 2
|958>    1      0.860000       9.191690  2
|959>    2      0.172000       0.008301  2
|960>   p 2
|961>    1      0.860000      17.997720  2
|962>    2      0.172000      -0.032600  2
|963>   d 2
|964>    1      1.600000      -9.504310  2
|965>    2      0.320000      -0.151370  2
|966>   f 1
|967>    1      1.000000000    0.000000000 2
|968> end
|969> Ti>    4.00000000000   -9.75148886173    1.48037401485   -1.09010177237
|970> NewECP
|971> N_core 0
|972>   lmax f
|973>   s 2
|974>    1      0.860000       9.191690  2
|975>    2      0.172000       0.008301  2
|976>   p 2
|977>    1      0.860000      17.997720  2
|978>    2      0.172000      -0.032600  2
|979>   d 2
|980>    1      1.600000      -9.504310  2
|981>    2      0.320000      -0.151370  2
|982>   f 1
|983>    1      1.000000000    0.000000000 2
|984> end
|985> Ti>    4.00000000000    9.75146207231   -1.48036697315   -1.09007447638
|986> NewECP
|987> N_core 0
|988>   lmax f
|989>   s 2
|990>    1      0.860000       9.191690  2
|991>    2      0.172000       0.008301  2
|992>   p 2
|993>    1      0.860000      17.997720  2
|994>    2      0.172000      -0.032600  2
|995>   d 2
|996>    1      1.600000      -9.504310  2
|997>    2      0.320000      -0.151370  2
|998>   f 1
|999>    1      1.000000000    0.000000000 2
|1000> end
|1001> Ti>    4.00000000000    9.75218399357    1.47985910530   -1.08897848845
|1002> NewECP
|1003> N_core 0
|1004>   lmax f
|1005>   s 2
|1006>    1      0.860000       9.191690  2
|1007>    2      0.172000       0.008301  2
|1008>   p 2
|1009>    1      0.860000      17.997720  2
|1010>    2      0.172000      -0.032600  2
|1011>   d 2
|1012>    1      1.600000      -9.504310  2
|1013>    2      0.320000      -0.151370  2
|1014>   f 1
|1015>    1      1.000000000    0.000000000 2
|1016> end
|1017> Ti>    4.00000000000   -9.75221263806   -1.47986548390   -1.08900340799
|1018> NewECP
|1019> N_core 0
|1020>   lmax f
|1021>   s 2
|1022>    1      0.860000       9.191690  2
|1023>    2      0.172000       0.008301  2
|1024>   p 2
|1025>    1      0.860000      17.997720  2
|1026>    2      0.172000      -0.032600  2
|1027>   d 2
|1028>    1      1.600000      -9.504310  2
|1029>    2      0.320000      -0.151370  2
|1030>   f 1
|1031>    1      1.000000000    0.000000000 2
|1032> end
|1033> Ti>    4.00000000000    3.25124302920    8.87236411980   -4.43726543756
|1034> NewECP
|1035> N_core 0
|1036>   lmax f
|1037>   s 2
|1038>    1      0.860000       9.191690  2
|1039>    2      0.172000       0.008301  2
|1040>   p 2
|1041>    1      0.860000      17.997720  2
|1042>    2      0.172000      -0.032600  2
|1043>   d 2
|1044>    1      1.600000      -9.504310  2
|1045>    2      0.320000      -0.151370  2
|1046>   f 1
|1047>    1      1.000000000    0.000000000 2
|1048> end
|1049> Ti>    4.00000000000   -3.25129158509   -8.87236594040   -4.43725795098
|1050> NewECP
|1051> N_core 0
|1052>   lmax f
|1053>   s 2
|1054>    1      0.860000       9.191690  2
|1055>    2      0.172000       0.008301  2
|1056>   p 2
|1057>    1      0.860000      17.997720  2
|1058>    2      0.172000      -0.032600  2
|1059>   d 2
|1060>    1      1.600000      -9.504310  2
|1061>    2      0.320000      -0.151370  2
|1062>   f 1
|1063>    1      1.000000000    0.000000000 2
|1064> end
|1065> Ti>    4.00000000000   -3.25129692819    8.87233625233   -4.43761139255
|1066> NewECP
|1067> N_core 0
|1068>   lmax f
|1069>   s 2
|1070>    1      0.860000       9.191690  2
|1071>    2      0.172000       0.008301  2
|1072>   p 2
|1073>    1      0.860000      17.997720  2
|1074>    2      0.172000      -0.032600  2
|1075>   d 2
|1076>    1      1.600000      -9.504310  2
|1077>    2      0.320000      -0.151370  2
|1078>   f 1
|1079>    1      1.000000000    0.000000000 2
|1080> end
|1081> Ti>    4.00000000000    3.25124903606   -8.87233312316   -4.43761924291
|1082> NewECP
|1083> N_core 0
|1084>   lmax f
|1085>   s 2
|1086>    1      0.860000       9.191690  2
|1087>    2      0.172000       0.008301  2
|1088>   p 2
|1089>    1      0.860000      17.997720  2
|1090>    2      0.172000      -0.032600  2
|1091>   d 2
|1092>    1      1.600000      -9.504310  2
|1093>    2      0.320000      -0.151370  2
|1094>   f 1
|1095>    1      1.000000000    0.000000000 2
|1096> end
|1097> Ti>    4.00000000000    9.75236592900    0.00003769409   -4.43752893607
|1098> NewECP
|1099> N_core 0
|1100>   lmax f
|1101>   s 2
|1102>    1      0.860000       9.191690  2
|1103>    2      0.172000       0.008301  2
|1104>   p 2
|1105>    1      0.860000      17.997720  2
|1106>    2      0.172000      -0.032600  2
|1107>   d 2
|1108>    1      1.600000      -9.504310  2
|1109>    2      0.320000      -0.151370  2
|1110>   f 1
|1111>    1      1.000000000    0.000000000 2
|1112> end
|1113> Ti>    4.00000000000   -9.75241532731   -0.00003707707   -4.43754121253
|1114> NewECP
|1115> N_core 0
|1116>   lmax f
|1117>   s 2
|1118>    1      0.860000       9.191690  2
|1119>    2      0.172000       0.008301  2
|1120>   p 2
|1121>    1      0.860000      17.997720  2
|1122>    2      0.172000      -0.032600  2
|1123>   d 2
|1124>    1      1.600000      -9.504310  2
|1125>    2      0.320000      -0.151370  2
|1126>   f 1
|1127>    1      1.000000000    0.000000000 2
|1128> end
|1129> Ti>    4.00000000000   -3.25102092104    7.39398839730   -7.82049044430
|1130> NewECP
|1131> N_core 0
|1132>   lmax f
|1133>   s 2
|1134>    1      0.860000       9.191690  2
|1135>    2      0.172000       0.008301  2
|1136>   p 2
|1137>    1      0.860000      17.997720  2
|1138>    2      0.172000      -0.032600  2
|1139>   d 2
|1140>    1      1.600000      -9.504310  2
|1141>    2      0.320000      -0.151370  2
|1142>   f 1
|1143>    1      1.000000000    0.000000000 2
|1144> end
|1145> Ti>    4.00000000000    3.25097113074    7.39398839730   -7.82049044430
|1146> NewECP
|1147> N_core 0
|1148>   lmax f
|1149>   s 2
|1150>    1      0.860000       9.191690  2
|1151>    2      0.172000       0.008301  2
|1152>   p 2
|1153>    1      0.860000      17.997720  2
|1154>    2      0.172000      -0.032600  2
|1155>   d 2
|1156>    1      1.600000      -9.504310  2
|1157>    2      0.320000      -0.151370  2
|1158>   f 1
|1159>    1      1.000000000    0.000000000 2
|1160> end
|1161> Ti>    4.00000000000    3.25097113074   -7.39398845373   -7.82049044430
|1162> NewECP
|1163> N_core 0
|1164>   lmax f
|1165>   s 2
|1166>    1      0.860000       9.191690  2
|1167>    2      0.172000       0.008301  2
|1168>   p 2
|1169>    1      0.860000      17.997720  2
|1170>    2      0.172000      -0.032600  2
|1171>   d 2
|1172>    1      1.600000      -9.504310  2
|1173>    2      0.320000      -0.151370  2
|1174>   f 1
|1175>    1      1.000000000    0.000000000 2
|1176> end
|1177> Ti>    4.00000000000   -3.25102092104   -7.39398845373   -7.82049044430
|1178> NewECP
|1179> N_core 0
|1180>   lmax f
|1181>   s 2
|1182>    1      0.860000       9.191690  2
|1183>    2      0.172000       0.008301  2
|1184>   p 2
|1185>    1      0.860000      17.997720  2
|1186>    2      0.172000      -0.032600  2
|1187>   d 2
|1188>    1      1.600000      -9.504310  2
|1189>    2      0.320000      -0.151370  2
|1190>   f 1
|1191>    1      1.000000000    0.000000000 2
|1192> end
|1193> Ti>    4.00000000000   -6.50196114679    7.39375375383   -4.63843685449
|1194> NewECP
|1195> N_core 0
|1196>   lmax f
|1197>   s 2
|1198>    1      0.860000       9.191690  2
|1199>    2      0.172000       0.008301  2
|1200>   p 2
|1201>    1      0.860000      17.997720  2
|1202>    2      0.172000      -0.032600  2
|1203>   d 2
|1204>    1      1.600000      -9.504310  2
|1205>    2      0.320000      -0.151370  2
|1206>   f 1
|1207>    1      1.000000000    0.000000000 2
|1208> end
|1209> Ti>    4.00000000000    6.50191367843   -7.39375389445   -4.63843690131
|1210> NewECP
|1211> N_core 0
|1212>   lmax f
|1213>   s 2
|1214>    1      0.860000       9.191690  2
|1215>    2      0.172000       0.008301  2
|1216>   p 2
|1217>    1      0.860000      17.997720  2
|1218>    2      0.172000      -0.032600  2
|1219>   d 2
|1220>    1      1.600000      -9.504310  2
|1221>    2      0.320000      -0.151370  2
|1222>   f 1
|1223>    1      1.000000000    0.000000000 2
|1224> end
|1225> Ti>    4.00000000000    6.50202295676    7.39375375383   -4.63843685449
|1226> NewECP
|1227> N_core 0
|1228>   lmax f
|1229>   s 2
|1230>    1      0.860000       9.191690  2
|1231>    2      0.172000       0.008301  2
|1232>   p 2
|1233>    1      0.860000      17.997720  2
|1234>    2      0.172000      -0.032600  2
|1235>   d 2
|1236>    1      1.600000      -9.504310  2
|1237>    2      0.320000      -0.151370  2
|1238>   f 1
|1239>    1      1.000000000    0.000000000 2
|1240> end
|1241> Ti>    4.00000000000   -6.50207042512   -7.39375389445   -4.63843690131
|1242> NewECP
|1243> N_core 0
|1244>   lmax f
|1245>   s 2
|1246>    1      0.860000       9.191690  2
|1247>    2      0.172000       0.008301  2
|1248>   p 2
|1249>    1      0.860000      17.997720  2
|1250>    2      0.172000      -0.032600  2
|1251>   d 2
|1252>    1      1.600000      -9.504310  2
|1253>    2      0.320000      -0.151370  2
|1254>   f 1
|1255>    1      1.000000000    0.000000000 2
|1256> end
|1257> Ti>    4.00000000000    9.75269251846    2.95801554042   -4.43725795098
|1258> NewECP
|1259> N_core 0
|1260>   lmax f
|1261>   s 2
|1262>    1      0.860000       9.191690  2
|1263>    2      0.172000       0.008301  2
|1264>   p 2
|1265>    1      0.860000      17.997720  2
|1266>    2      0.172000      -0.032600  2
|1267>   d 2
|1268>    1      1.600000      -9.504310  2
|1269>    2      0.320000      -0.151370  2
|1270>   f 1
|1271>    1      1.000000000    0.000000000 2
|1272> end
|1273> Ti>    4.00000000000   -9.75274107435   -2.95801736102   -4.43726543756
|1274> NewECP
|1275> N_core 0
|1276>   lmax f
|1277>   s 2
|1278>    1      0.860000       9.191690  2
|1279>    2      0.172000       0.008301  2
|1280>   p 2
|1281>    1      0.860000      17.997720  2
|1282>    2      0.172000      -0.032600  2
|1283>   d 2
|1284>    1      1.600000      -9.504310  2
|1285>    2      0.320000      -0.151370  2
|1286>   f 1
|1287>    1      1.000000000    0.000000000 2
|1288> end
|1289> Ti>    4.00000000000   -9.75273506749    2.95804835766   -4.43761924291
|1290> NewECP
|1291> N_core 0
|1292>   lmax f
|1293>   s 2
|1294>    1      0.860000       9.191690  2
|1295>    2      0.172000       0.008301  2
|1296>   p 2
|1297>    1      0.860000      17.997720  2
|1298>    2      0.172000      -0.032600  2
|1299>   d 2
|1300>    1      1.600000      -9.504310  2
|1301>    2      0.320000      -0.151370  2
|1302>   f 1
|1303>    1      1.000000000    0.000000000 2
|1304> end
|1305> Ti>    4.00000000000    9.75268717536   -2.95804522850   -4.43761139255
|1306> NewECP
|1307> N_core 0
|1308>   lmax f
|1309>   s 2
|1310>    1      0.860000       9.191690  2
|1311>    2      0.172000       0.008301  2
|1312>   p 2
|1313>    1      0.860000      17.997720  2
|1314>    2      0.172000      -0.032600  2
|1315>   d 2
|1316>    1      1.600000      -9.504310  2
|1317>    2      0.320000      -0.151370  2
|1318>   f 1
|1319>    1      1.000000000    0.000000000 2
|1320> end
|1321> Ti>    4.00000000000   -9.75472064452    4.43678118684   -1.08389335211
|1322> NewECP
|1323> N_core 0
|1324>   lmax f
|1325>   s 2
|1326>    1      0.860000       9.191690  2
|1327>    2      0.172000       0.008301  2
|1328>   p 2
|1329>    1      0.860000      17.997720  2
|1330>    2      0.172000      -0.032600  2
|1331>   d 2
|1332>    1      1.600000      -9.504310  2
|1333>    2      0.320000      -0.151370  2
|1334>   f 1
|1335>    1      1.000000000    0.000000000 2
|1336> end
|1337> Ti>    4.00000000000    9.75467165396   -4.43678099831   -1.08389187211
|1338> NewECP
|1339> N_core 0
|1340>   lmax f
|1341>   s 2
|1342>    1      0.860000       9.191690  2
|1343>    2      0.172000       0.008301  2
|1344>   p 2
|1345>    1      0.860000      17.997720  2
|1346>    2      0.172000      -0.032600  2
|1347>   d 2
|1348>    1      1.600000      -9.504310  2
|1349>    2      0.320000      -0.151370  2
|1350>   f 1
|1351>    1      1.000000000    0.000000000 2
|1352> end
|1353> Ti>    4.00000000000    9.75491790275    4.43657134167   -1.08375702682
|1354> NewECP
|1355> N_core 0
|1356>   lmax f
|1357>   s 2
|1358>    1      0.860000       9.191690  2
|1359>    2      0.172000       0.008301  2
|1360>   p 2
|1361>    1      0.860000      17.997720  2
|1362>    2      0.172000      -0.032600  2
|1363>   d 2
|1364>    1      1.600000      -9.504310  2
|1365>    2      0.320000      -0.151370  2
|1366>   f 1
|1367>    1      1.000000000    0.000000000 2
|1368> end
|1369> Ti>    4.00000000000   -9.75496740585   -4.43657179329   -1.08375720193
|1370> NewECP
|1371> N_core 0
|1372>   lmax f
|1373>   s 2
|1374>    1      0.860000       9.191690  2
|1375>    2      0.172000       0.008301  2
|1376>   p 2
|1377>    1      0.860000      17.997720  2
|1378>    2      0.172000      -0.032600  2
|1379>   d 2
|1380>    1      1.600000      -9.504310  2
|1381>    2      0.320000      -0.151370  2
|1382>   f 1
|1383>    1      1.000000000    0.000000000 2
|1384> end
|1385> Ti>    4.00000000000   -0.00001305954   10.35526998684   -4.62965530124
|1386> NewECP
|1387> N_core 0
|1388>   lmax f
|1389>   s 2
|1390>    1      0.860000       9.191690  2
|1391>    2      0.172000       0.008301  2
|1392>   p 2
|1393>    1      0.860000      17.997720  2
|1394>    2      0.172000      -0.032600  2
|1395>   d 2
|1396>    1      1.600000      -9.504310  2
|1397>    2      0.320000      -0.151370  2
|1398>   f 1
|1399>    1      1.000000000    0.000000000 2
|1400> end
|1401> Ti>    4.00000000000   -0.00003766494  -10.35527069201   -4.62965751995
|1402> NewECP
|1403> N_core 0
|1404>   lmax f
|1405>   s 2
|1406>    1      0.860000       9.191690  2
|1407>    2      0.172000       0.008301  2
|1408>   p 2
|1409>    1      0.860000      17.997720  2
|1410>    2      0.172000      -0.032600  2
|1411>   d 2
|1412>    1      1.600000      -9.504310  2
|1413>    2      0.320000      -0.151370  2
|1414>   f 1
|1415>    1      1.000000000    0.000000000 2
|1416> end
|1417> Ti>    4.00000000000   -3.25252203124   10.35001450768   -1.09007447638
|1418> NewECP
|1419> N_core 0
|1420>   lmax f
|1421>   s 2
|1422>    1      0.860000       9.191690  2
|1423>    2      0.172000       0.008301  2
|1424>   p 2
|1425>    1      0.860000      17.997720  2
|1426>    2      0.172000      -0.032600  2
|1427>   d 2
|1428>    1      1.600000      -9.504310  2
|1429>    2      0.320000      -0.151370  2
|1430>   f 1
|1431>    1      1.000000000    0.000000000 2
|1432> end
|1433> Ti>    4.00000000000    3.25249524182  -10.35000746598   -1.09010177237
|1434> NewECP
|1435> N_core 0
|1436>   lmax f
|1437>   s 2
|1438>    1      0.860000       9.191690  2
|1439>    2      0.172000       0.008301  2
|1440>   p 2
|1441>    1      0.860000      17.997720  2
|1442>    2      0.172000      -0.032600  2
|1443>   d 2
|1444>    1      1.600000      -9.504310  2
|1445>    2      0.320000      -0.151370  2
|1446>   f 1
|1447>    1      1.000000000    0.000000000 2
|1448> end
|1449> Ti>    4.00000000000    3.25177146548   10.35051599692   -1.08900340799
|1450> NewECP
|1451> N_core 0
|1452>   lmax f
|1453>   s 2
|1454>    1      0.860000       9.191690  2
|1455>    2      0.172000       0.008301  2
|1456>   p 2
|1457>    1      0.860000      17.997720  2
|1458>    2      0.172000      -0.032600  2
|1459>   d 2
|1460>    1      1.600000      -9.504310  2
|1461>    2      0.320000      -0.151370  2
|1462>   f 1
|1463>    1      1.000000000    0.000000000 2
|1464> end
|1465> Ti>    4.00000000000   -3.25180010998  -10.35052237553   -1.08897848845
|1466> NewECP
|1467> N_core 0
|1468>   lmax f
|1469>   s 2
|1470>    1      0.860000       9.191690  2
|1471>    2      0.172000       0.008301  2
|1472>   p 2
|1473>    1      0.860000      17.997720  2
|1474>    2      0.172000      -0.032600  2
|1475>   d 2
|1476>    1      1.600000      -9.504310  2
|1477>    2      0.320000      -0.151370  2
|1478>   f 1
|1479>    1      1.000000000    0.000000000 2
|1480> end
|1481> Ti>    4.00000000000   -0.00002489515    8.87278608240   -7.82049044430
|1482> NewECP
|1483> N_core 0
|1484>   lmax f
|1485>   s 2
|1486>    1      0.860000       9.191690  2
|1487>    2      0.172000       0.008301  2
|1488>   p 2
|1489>    1      0.860000      17.997720  2
|1490>    2      0.172000      -0.032600  2
|1491>   d 2
|1492>    1      1.600000      -9.504310  2
|1493>    2      0.320000      -0.151370  2
|1494>   f 1
|1495>    1      1.000000000    0.000000000 2
|1496> end
|1497> Ti>    4.00000000000   -0.00002489515   -8.87278613883   -7.82049044430
|1498> NewECP
|1499> N_core 0
|1500>   lmax f
|1501>   s 2
|1502>    1      0.860000       9.191690  2
|1503>    2      0.172000       0.008301  2
|1504>   p 2
|1505>    1      0.860000      17.997720  2
|1506>    2      0.172000      -0.032600  2
|1507>   d 2
|1508>    1      1.600000      -9.504310  2
|1509>    2      0.320000      -0.151370  2
|1510>   f 1
|1511>    1      1.000000000    0.000000000 2
|1512> end
|1513> Ti>    4.00000000000    6.50165450299    8.87181249147   -1.46053646138
|1514> NewECP
|1515> N_core 0
|1516>   lmax f
|1517>   s 2
|1518>    1      0.860000       9.191690  2
|1519>    2      0.172000       0.008301  2
|1520>   p 2
|1521>    1      0.860000      17.997720  2
|1522>    2      0.172000      -0.032600  2
|1523>   d 2
|1524>    1      1.600000      -9.504310  2
|1525>    2      0.320000      -0.151370  2
|1526>   f 1
|1527>    1      1.000000000    0.000000000 2
|1528> end
|1529> Ti>    4.00000000000   -6.50169070863   -8.87181218451   -1.46053672809
|1530> NewECP
|1531> N_core 0
|1532>   lmax f
|1533>   s 2
|1534>    1      0.860000       9.191690  2
|1535>    2      0.172000       0.008301  2
|1536>   p 2
|1537>    1      0.860000      17.997720  2
|1538>    2      0.172000      -0.032600  2
|1539>   d 2
|1540>    1      1.600000      -9.504310  2
|1541>    2      0.320000      -0.151370  2
|1542>   f 1
|1543>    1      1.000000000    0.000000000 2
|1544> end
|1545> Ti>    4.00000000000   -6.50232960056    8.87181249147   -1.46053646138
|1546> NewECP
|1547> N_core 0
|1548>   lmax f
|1549>   s 2
|1550>    1      0.860000       9.191690  2
|1551>    2      0.172000       0.008301  2
|1552>   p 2
|1553>    1      0.860000      17.997720  2
|1554>    2      0.172000      -0.032600  2
|1555>   d 2
|1556>    1      1.600000      -9.504310  2
|1557>    2      0.320000      -0.151370  2
|1558>   f 1
|1559>    1      1.000000000    0.000000000 2
|1560> end
|1561> Ti>    4.00000000000    6.50229339492   -8.87181218451   -1.46053672809
|1562> NewECP
|1563> N_core 0
|1564>   lmax f
|1565>   s 2
|1566>    1      0.860000       9.191690  2
|1567>    2      0.172000       0.008301  2
|1568>   p 2
|1569>    1      0.860000      17.997720  2
|1570>    2      0.172000      -0.032600  2
|1571>   d 2
|1572>    1      1.600000      -9.504310  2
|1573>    2      0.320000      -0.151370  2
|1574>   f 1
|1575>    1      1.000000000    0.000000000 2
|1576> end
|1577> Ti>    4.00000000000    9.75348115138    5.91514921314   -4.43582237088
|1578> NewECP
|1579> N_core 0
|1580>   lmax f
|1581>   s 2
|1582>    1      0.860000       9.191690  2
|1583>    2      0.172000       0.008301  2
|1584>   p 2
|1585>    1      0.860000      17.997720  2
|1586>    2      0.172000      -0.032600  2
|1587>   d 2
|1588>    1      1.600000      -9.504310  2
|1589>    2      0.320000      -0.151370  2
|1590>   f 1
|1591>    1      1.000000000    0.000000000 2
|1592> end
|1593> Ti>    4.00000000000   -9.75353112468    5.91523370624   -4.43582296951
|1594> NewECP
|1595> N_core 0
|1596>   lmax f
|1597>   s 2
|1598>    1      0.860000       9.191690  2
|1599>    2      0.172000       0.008301  2
|1600>   p 2
|1601>    1      0.860000      17.997720  2
|1602>    2      0.172000      -0.032600  2
|1603>   d 2
|1604>    1      1.600000      -9.504310  2
|1605>    2      0.320000      -0.151370  2
|1606>   f 1
|1607>    1      1.000000000    0.000000000 2
|1608> end
|1609> Ti>    4.00000000000    9.75348115138   -5.91523226768   -4.43582237088
|1610> NewECP
|1611> N_core 0
|1612>   lmax f
|1613>   s 2
|1614>    1      0.860000       9.191690  2
|1615>    2      0.172000       0.008301  2
|1616>   p 2
|1617>    1      0.860000      17.997720  2
|1618>    2      0.172000      -0.032600  2
|1619>   d 2
|1620>    1      1.600000      -9.504310  2
|1621>    2      0.320000      -0.151370  2
|1622>   f 1
|1623>    1      1.000000000    0.000000000 2
|1624> end
|1625> Ti>    4.00000000000   -9.75353112468   -5.91514777458   -4.43582296951
|1626> NewECP
|1627> N_core 0
|1628>   lmax f
|1629>   s 2
|1630>    1      0.860000       9.191690  2
|1631>    2      0.172000       0.008301  2
|1632>   p 2
|1633>    1      0.860000      17.997720  2
|1634>    2      0.172000      -0.032600  2
|1635>   d 2
|1636>    1      1.600000      -9.504310  2
|1637>    2      0.320000      -0.151370  2
|1638>   f 1
|1639>    1      1.000000000    0.000000000 2
|1640> end
|1641> Ti>    4.00000000000    0.00000000000   11.83038148082   -1.43694122213
|1642> NewECP
|1643> N_core 0
|1644>   lmax f
|1645>   s 2
|1646>    1      0.860000       9.191690  2
|1647>    2      0.172000       0.008301  2
|1648>   p 2
|1649>    1      0.860000      17.997720  2
|1650>    2      0.172000      -0.032600  2
|1651>   d 2
|1652>    1      1.600000      -9.504310  2
|1653>    2      0.320000      -0.151370  2
|1654>   f 1
|1655>    1      1.000000000    0.000000000 2
|1656> end
|1657> Ti>    4.00000000000    0.00000000000  -11.83038148082   -1.43694122213
|1658> NewECP
|1659> N_core 0
|1660>   lmax f
|1661>   s 2
|1662>    1      0.860000       9.191690  2
|1663>    2      0.172000       0.008301  2
|1664>   p 2
|1665>    1      0.860000      17.997720  2
|1666>    2      0.172000      -0.032600  2
|1667>   d 2
|1668>    1      1.600000      -9.504310  2
|1669>    2      0.320000      -0.151370  2
|1670>   f 1
|1671>    1      1.000000000    0.000000000 2
|1672> end
|1673> Ti>    4.00000000000    9.75467165396    7.39360048251   -1.08389187211
|1674> NewECP
|1675> N_core 0
|1676>   lmax f
|1677>   s 2
|1678>    1      0.860000       9.191690  2
|1679>    2      0.172000       0.008301  2
|1680>   p 2
|1681>    1      0.860000      17.997720  2
|1682>    2      0.172000      -0.032600  2
|1683>   d 2
|1684>    1      1.600000      -9.504310  2
|1685>    2      0.320000      -0.151370  2
|1686>   f 1
|1687>    1      1.000000000    0.000000000 2
|1688> end
|1689> Ti>    4.00000000000   -9.75472064452   -7.39360029398   -1.08389335211
|1690> NewECP
|1691> N_core 0
|1692>   lmax f
|1693>   s 2
|1694>    1      0.860000       9.191690  2
|1695>    2      0.172000       0.008301  2
|1696>   p 2
|1697>    1      0.860000      17.997720  2
|1698>    2      0.172000      -0.032600  2
|1699>   d 2
|1700>    1      1.600000      -9.504310  2
|1701>    2      0.320000      -0.151370  2
|1702>   f 1
|1703>    1      1.000000000    0.000000000 2
|1704> end
|1705> Ti>    4.00000000000   -9.75496740585    7.39380968753   -1.08375720193
|1706> NewECP
|1707> N_core 0
|1708>   lmax f
|1709>   s 2
|1710>    1      0.860000       9.191690  2
|1711>    2      0.172000       0.008301  2
|1712>   p 2
|1713>    1      0.860000      17.997720  2
|1714>    2      0.172000      -0.032600  2
|1715>   d 2
|1716>    1      1.600000      -9.504310  2
|1717>    2      0.320000      -0.151370  2
|1718>   f 1
|1719>    1      1.000000000    0.000000000 2
|1720> end
|1721> Ti>    4.00000000000    9.75491790275   -7.39381013915   -1.08375702682
|1722> NewECP
|1723> N_core 0
|1724>   lmax f
|1725>   s 2
|1726>    1      0.860000       9.191690  2
|1727>    2      0.172000       0.008301  2
|1728>   p 2
|1729>    1      0.860000      17.997720  2
|1730>    2      0.172000      -0.032600  2
|1731>   d 2
|1732>    1      1.600000      -9.504310  2
|1733>    2      0.320000      -0.151370  2
|1734>   f 1
|1735>    1      1.000000000    0.000000000 2
|1736> end
|1737> Ti>    4.00000000000    3.25156877623   11.83034440375   -4.43754121253
|1738> NewECP
|1739> N_core 0
|1740>   lmax f
|1741>   s 2
|1742>    1      0.860000       9.191690  2
|1743>    2      0.172000       0.008301  2
|1744>   p 2
|1745>    1      0.860000      17.997720  2
|1746>    2      0.172000      -0.032600  2
|1747>   d 2
|1748>    1      1.600000      -9.504310  2
|1749>    2      0.320000      -0.151370  2
|1750>   f 1
|1751>    1      1.000000000    0.000000000 2
|1752> end
|1753> Ti>    4.00000000000   -3.25161817455  -11.83034378673   -4.43752893607
|1754> NewECP
|1755> N_core 0
|1756>   lmax f
|1757>   s 2
|1758>    1      0.860000       9.191690  2
|1759>    2      0.172000       0.008301  2
|1760>   p 2
|1761>    1      0.860000      17.997720  2
|1762>    2      0.172000      -0.032600  2
|1763>   d 2
|1764>    1      1.600000      -9.504310  2
|1765>    2      0.320000      -0.151370  2
|1766>   f 1
|1767>    1      1.000000000    0.000000000 2
|1768> end
|1769> Ti>    4.00000000000   -3.25161817455   11.83041917491   -4.43752893607
|1770> NewECP
|1771> N_core 0
|1772>   lmax f
|1773>   s 2
|1774>    1      0.860000       9.191690  2
|1775>    2      0.172000       0.008301  2
|1776>   p 2
|1777>    1      0.860000      17.997720  2
|1778>    2      0.172000      -0.032600  2
|1779>   d 2
|1780>    1      1.600000      -9.504310  2
|1781>    2      0.320000      -0.151370  2
|1782>   f 1
|1783>    1      1.000000000    0.000000000 2
|1784> end
|1785> Ti>    4.00000000000    3.25156877623  -11.83041855789   -4.43754121253
|1786> NewECP
|1787> N_core 0
|1788>   lmax f
|1789>   s 2
|1790>    1      0.860000       9.191690  2
|1791>    2      0.172000       0.008301  2
|1792>   p 2
|1793>    1      0.860000      17.997720  2
|1794>    2      0.172000      -0.032600  2
|1795>   d 2
|1796>    1      1.600000      -9.504310  2
|1797>    2      0.320000      -0.151370  2
|1798>   f 1
|1799>    1      1.000000000    0.000000000 2
|1800> end
|1801> Ti>    4.00000000000   -6.50200150170   10.35138812093   -4.63893787342
|1802> NewECP
|1803> N_core 0
|1804>   lmax f
|1805>   s 2
|1806>    1      0.860000       9.191690  2
|1807>    2      0.172000       0.008301  2
|1808>   p 2
|1809>    1      0.860000      17.997720  2
|1810>    2      0.172000      -0.032600  2
|1811>   d 2
|1812>    1      1.600000      -9.504310  2
|1813>    2      0.320000      -0.151370  2
|1814>   f 1
|1815>    1      1.000000000    0.000000000 2
|1816> end
|1817> Ti>    4.00000000000    6.50198260185   10.35138812093   -4.63893787342
|1818> NewECP
|1819> N_core 0
|1820>   lmax f
|1821>   s 2
|1822>    1      0.860000       9.191690  2
|1823>    2      0.172000       0.008301  2
|1824>   p 2
|1825>    1      0.860000      17.997720  2
|1826>    2      0.172000      -0.032600  2
|1827>   d 2
|1828>    1      1.600000      -9.504310  2
|1829>    2      0.320000      -0.151370  2
|1830>   f 1
|1831>    1      1.000000000    0.000000000 2
|1832> end
|1833> Ti>    4.00000000000    6.50195053101  -10.35138768400   -4.63893801319
|1834> NewECP
|1835> N_core 0
|1836>   lmax f
|1837>   s 2
|1838>    1      0.860000       9.191690  2
|1839>    2      0.172000       0.008301  2
|1840>   p 2
|1841>    1      0.860000      17.997720  2
|1842>    2      0.172000      -0.032600  2
|1843>   d 2
|1844>    1      1.600000      -9.504310  2
|1845>    2      0.320000      -0.151370  2
|1846>   f 1
|1847>    1      1.000000000    0.000000000 2
|1848> end
|1849> Ti>    4.00000000000   -6.50203357254  -10.35138768400   -4.63893801319
|1850> NewECP
|1851> N_core 0
|1852>   lmax f
|1853>   s 2
|1854>    1      0.860000       9.191690  2
|1855>    2      0.172000       0.008301  2
|1856>   p 2
|1857>    1      0.860000      17.997720  2
|1858>    2      0.172000      -0.032600  2
|1859>   d 2
|1860>    1      1.600000      -9.504310  2
|1861>    2      0.320000      -0.151370  2
|1862>   f 1
|1863>    1      1.000000000    0.000000000 2
|1864> end
|1865>   end
|1866> endd                         ****END OF INPUT****
================================================================================
----------------
TOTAL SCF ENERGY
----------------

Total Energy       :       -19356.49254639 Eh         -526716.93996 eV

Components:
Nuclear Repulsion  :        18272.53672159 Eh          497221.00242 eV
Electronic Energy  :       -37629.02926798 Eh        -1023937.94238 eV
One Electron Energy:       -66203.27529195 Eh        -1801482.70630 eV
Two Electron Energy:        28574.24602397 Eh          777544.76392 eV
Max COSX asymmetry :            0.00103593 Eh               0.02819 eV

Warning: maximum COSX asymmetry larger than 0.0005 Eh!
Please consider increasing the grid.

Virial components:
Potential Energy   :       -33777.12702643 Eh         -919122.35367 eV
Kinetic Energy     :        14420.63448004 Eh          392405.41371 eV
Virial Ratio       :            2.34227745

--------------------Output has been truncated-------------------------


--------------------Output has been truncated-------------------------


--------------------Output has been truncated-------------------------


--------------------Output has been truncated-------------------------


--------------------Output has been truncated-------------------------


--------------------Output has been truncated-------------------------


--------------------Output has been truncated-------------------------


--------------------Output has been truncated-------------------------


--------------------Output has been truncated-------------------------


--------------------Output has been truncated-------------------------


-----------------------------------------------
 RI-MP2 CORRELATION ENERGY:    -13.468730361 Eh
-----------------------------------------------
---------------------------------------
MP2 TOTAL ENERGY:   -19369.961276750 Eh
---------------------------------------

Maximum memory used throughout the entire MP2-calculation: 10304.7 MB

-------------------------   --------------------
FINAL SINGLE POINT ENERGY    -19369.961276749509
-------------------------   --------------------
