 **********************************************************************
                          MRCC program system
 **********************************************************************
 
                              Written by
     Mihaly Kallay, Peter R. Nagy, David Mester, Laszlo Gyevi-Nagy,
        Jozsef Csoka, P. Bernat Szabo, Zoltan Rolik, Gyula Samu,
     Jozsef Csontos, Bence Hegely, Adam Ganyecz, Istvan Ladjanszki,
       Lorant Szegedy, Bence Ladoczki, Klara Petrov, Mate Farkas,
                    Pal D. Mezei, and Reka A. Horvath
 
        Department of Physical Chemistry and Materials Science
            Budapest University of Technology and Economics
                  Budapest P.O.Box 91, H-1521 Hungary
 
                              www.mrcc.hu
 
                      Release date: March 18, 2022

 ************************ 2023-02-04 11:39:02 *************************
 Executing minp...

 Reading input from MINP...
 
 Input file:
 
calc=FNO-CCSD(T)
verbosity=3
mem=220GB
unit=angs
scfiguess=small
scfalg=locfit1
ccmaxit=400
ccsdalg=dfdirect
ccsdthreads=4
ccsdmkl=thr
ptthreads=4
lnoepsv=1e-5
naf_cor=1e-2
basis=aug-cc-pVQZ
basis_sm=def2-SVP
dfbasis_scf=def2-QZVPP-RI-JK
dfbasis_cor=aug-cc-pVQZ-RI
unit=angs
geom=xyz
10

C    29.54344629    29.54344629    16.97505516
H    29.54344670    30.44187631    17.60392580
H    29.54344662    28.64496649    17.60393442
H    30.44658454    29.54342777    16.34911135
H    28.64030918    29.54342779    16.34911130
C    29.54341583    42.20489168    16.97524142
H    28.64492395    42.20489192    17.60416815
H    30.44195768    42.20489188    17.60417697
H    29.54343437    41.30209347    16.34882759
H    29.54343444    43.10769102    16.34882843

--------------------Output has been truncated-------------------------


--------------------Output has been truncated-------------------------


--------------------Output has been truncated-------------------------


--------------------Output has been truncated-------------------------


--------------------Output has been truncated-------------------------


--------------------Output has been truncated-------------------------


--------------------Output has been truncated-------------------------


--------------------Output has been truncated-------------------------


--------------------Output has been truncated-------------------------


--------------------Output has been truncated-------------------------


 
 Reference energy [au]:                       -40.215614178135
 DF-MP2 singlet pair energy [au]:              -0.173752877478
 DF-MP2 triplet pair energy [au]:              -0.037498362820
 DF-SCS-MP2 correlation energy [au]:           -0.221002907247
 DF-SCS-MP2 energy [au]:                      -40.436617085381
 DF-SOS-MP2 correlation energy [au]:           -0.225878740721
 DF-SOS-MP2 energy [au]:                      -40.441492918856
 DF-MP2 correlation energy [au]:               -0.211251240298
 DF-MP2 energy [au]:                          -40.426865418432

 Results in FNO basis:
 
 
 Reference energy [au]:                       -40.215614178135
 DF-MP2 singlet pair energy [au]:              -0.170618207061
 DF-MP2 triplet pair energy [au]:              -0.037357060507
 DF-SCS-MP2 correlation energy [au]:           -0.217194201976
 DF-SCS-MP2 energy [au]:                      -40.432808380110
 DF-SOS-MP2 correlation energy [au]:           -0.221803669179
 DF-SOS-MP2 energy [au]:                      -40.437417847314
 DF-MP2 correlation energy [au]:               -0.207975267568
 DF-MP2 energy [au]:                          -40.423589445703

 Results in NAF basis:
 
 
 Reference energy [au]:                       -40.215614178135
 DF-MP2 singlet pair energy [au]:              -0.170600647933
 DF-MP2 triplet pair energy [au]:              -0.037363753557
 DF-SCS-MP2 correlation energy [au]:           -0.217175362039
 DF-SCS-MP2 energy [au]:                      -40.432789540174
 DF-SOS-MP2 correlation energy [au]:           -0.221780842314
 DF-SOS-MP2 energy [au]:                      -40.437395020448
 DF-MP2 correlation energy [au]:               -0.207964401490
 DF-MP2 energy [au]:                          -40.423578579625

 ************************ 2023-02-04 11:39:37 *************************
 Executing ccsd...

 Allocation of 220.0 Gbytes of memory...

 Direct DF-CCSD(T) calculation
 
 Convergence criterion:  1.0E-06
 
 Number of occupied/virtual/auxiliary orbitals:     4   101   320
    163.36 MB is the minimal memory requirement for (T)
     39.40 MB is the minimal memory requirement for CCSD
 
 Reference energy [au]:             -40.215614178135
 T1 contribution [au]:                0.000000000000
 Same spin MP2 energy [au]:          -0.037360402584
 Opposite spin MP2 energy [au]:      -0.170609417707
 MP2 correlation energy [au]:        -0.207969820290
 Total MP2 energy [au]:             -40.423583998425
 MP2 correction [au]:                -0.003281420007
 
 
 CPU time [min]:     0.173                   Wall time [min]:     0.008
 
 Starting CCSD iterations...
 
                     Residual norm          Energy
 Iteration  1        0.138680876300      -40.436528989366
 Iteration  2        0.035376076686      -40.442052542931
 Iteration  3        0.009771739397      -40.442635263544
 Iteration  4        0.002020927084      -40.442639762671
 Iteration  5        0.000374897632      -40.442646273507
 Iteration  6        0.000084797682      -40.442646150263
 Iteration  7        0.000020223478      -40.442646840292
 Iteration  8        0.000003738678      -40.442646897240
 
 CCSD iteration has converged in  8 steps.
      444.29 MB memory was utilized by CCSD
 
 T1 diagnostic:      7.996E-03            D1 diagnostic:      1.292E-02
 
 T1 contribution [au]:                                  0.000000000000
 PPL energy contribution [au]:                          0.060602214128
 Scaled PPL energy contribution [au]:                   0.061559001891

 OS-PPL energy contribution [au]:                       0.053773717346
 Scaled OS-PPL energy contribution [au]:                0.054766768037
 SS-PPL energy contribution [au]:                       0.006828496782
 Scaled SS-PPL energy contribution [au]:                0.006852795521

 Opposite spin CCSD energy [au]:                       -0.191003430782
 Same spin CCSD energy [au]:                           -0.036036037840
 CCSD correlation energy [au]:                         -0.227039468622
 CCSD correlation energy + MP2 correction [au]:        -0.230320888629
 CCSD correlation energy + MP2 + PPL corr. [au]:       -0.229364100866
 Total CCSD energy [au]:                              -40.442653646756
 Total CCSD energy + MP2 correction [au]:             -40.445935066764
 Total CCSD energy + MP2 + PPL corr. [au]:            -40.444978279001
 
 CPU time [min]:     0.921                   Wall time [min]:     0.029
 
 Calculation of (T) correction...
 
 
      124.68 MB memory is utilized for (T)

 0%       25%       50%       75%       100%
 |---------|---------|---------|---------| 
 
 (T) correction [au]:                                    -0.006941735368
 (T*) correction [au]:                                   -0.007051264478
 (T+) correction [au]:                                   -0.007050857451
 CCSD(T) correlation energy [au]:                        -0.233981203990
 CCSD(T) correlation energy + MP2 correction [au]:       -0.237262623997
 CCSD(T+) correlation en. + MP2 + PPL corr. [au]:        -0.236414958317
 Total CCSD(T) energy [au]:                             -40.449595382124
 Total CCSD(T) energy + MP2 correction [au]:            -40.452876802132
 Total CCSD(T+) energy + MP2 + PPL corr. [au]:          -40.452029136451
 
 CPU time [min]:     1.005                   Wall time [min]:     0.031
 
 ************************ 2023-02-04 11:39:39 *************************
                      Normal termination of mrcc.
 **********************************************************************
