================================================================================
                                       INPUT FILE
================================================================================
NAME = orca.inp
|  1>  ! TightSCF RI-MP2 RIJCOSX SlowConv DIIS
|  2> %maxcore 75000
|  3> %pal
|  4> nprocs 16
|  5> end
|  6> %pointcharges "orca.bq"
|  7> %method
|  8> Method hf
|  9> RI on
| 10> RunTyp Energy
| 11> NewNCore O 2 end
| 12> NewNCore Mg 2 end
| 13> NewNCore H 0 end
| 14> NewNCore C 2 end
| 15> end
| 16> %basis
| 17> NewGTO Mg
| 18> "cc-pwCVDZ"
| 19> end
| 20> NewGTO H
| 21> "aug-cc-pVDZ"
| 22> end
| 23> NewGTO C
| 24> "aug-cc-pVDZ"
| 25> end
| 26> NewGTO O
| 27> "aug-cc-pVDZ"
| 28> end
| 29> NewAuxCGTO Mg
| 30> "AutoAux"
| 31> end
| 32> NewAuxCGTO H
| 33> "aug-cc-pVDZ/C"
| 34> end
| 35> NewAuxCGTO C
| 36> "aug-cc-pVDZ/C"
| 37> end
| 38> NewAuxCGTO O 
| 39> "aug-cc-pVDZ/C"
| 40> end
| 41> Aux "def2/J"
| 42> end
| 43> %scf
| 44> HFTyp rhf
| 45> Guess MORead
| 46> MOInp "orca_svp_start.gbw"
| 47> SCFMode Direct
| 48> sthresh 1e-6
| 49> AutoTRAHIter 60
| 50> MaxIter 1000
| 51> end
| 52> %coords
| 53> CTyp xyz
| 54> Mult 1
| 55> Units angs
| 56>       Charge -40
| 57>   coords
| 58> C:                      1.07134204963    1.07134208764    2.54859637317
| 59> O:                      0.23687064860    0.23687054207    2.57853216822
| 60> O:                      1.90574724198    1.90574732149    2.57852015735
| 61> Mg                      0.00000000000    0.00000000000   -0.05750956508
| 62> O                      -2.09962978654    0.01470322800   -0.02732848039
| 63> O                       0.01470321233   -2.09962977677   -0.02732855680
| 64> O                       0.01644304005    0.01644305562   -2.17083353252
| 65> O                       0.01889723898    2.12373883871   -0.00000011507
| 66> O                       2.12373889513    0.01889723349    0.00000000000
| 67> Mg                     -2.09574088508   -2.09574087242   -0.06333639131
| 68> Mg                     -2.09548970945    0.01564224033   -2.16882249863
| 69> Mg                      0.01564225307   -2.09548975278   -2.16882252457
| 70> Mg                     -2.09550257409    2.12466025786   -0.06518513770
| 71> Mg                      2.12466018932   -2.09550254630   -0.06518515994
| 72> Mg                      0.01847652865    2.12415943366   -2.16465796886
| 73> Mg                      2.12415933590    0.01847654448   -2.16465802761
| 74> Mg                      2.14263700734    2.14263713021   -0.05751152737
| 75> O                      -2.09502128259   -2.09502127360   -2.17526867404
| 76> O                      -2.09064091270    2.12628468461   -2.17432195387
| 77> O                       2.12628466918   -2.09064086428   -2.17432191103
| 78> O                       2.12619360260    2.12619359049   -2.17083412053
| 79> Mg                     -4.20284752257    0.01797674277   -0.06518519769
| 80> Mg                      0.01797680303   -4.20284753976   -0.06518525910
| 81> Mg                      0.01797680303    4.23813951605   -0.06518525910
| 82> Mg                      4.23813953324    0.01797674277   -0.06518519769
| 83> O                      -2.09262859321   -4.20572161516   -0.01605430862
| 84> O                      -4.20572163129   -2.09262859828   -0.01605429023
| 85> O                      -4.19871985588    2.12793396473   -0.02732998446
| 86> O                       2.12793386548   -4.19871984327   -0.02733002184
| 87> O                      -4.20770966119    0.01635191083   -2.17432190454
| 88> O                       0.01635187817   -4.20770953189   -2.17432191278
| 89> O                      -2.09262859321    4.23526544066   -0.01605430862
| 90> O                       4.23526542452   -2.09262859828   -0.01605429023
| 91> O                      -2.09405225791    0.01619452071   -4.29336142376
| 92> O                       0.01619450604   -2.09405224324   -4.29336142376
| 93> O                       0.01635187817    4.23327752393   -2.17432191278
| 94> O                       4.23327739463    0.01635191083   -2.17432190454
| 95> O                       0.01619450604    2.12644128466   -4.29336142376
| 96> O                       2.12644127000    0.01619452071   -4.29336142376
| 97> O                       2.12793386548    4.24226721255   -0.02733002184
| 98> O                       4.24226719994    2.12793396473   -0.02732998446
| 99> Mg                      2.12699433051    4.23812700562   -2.16882280098
|100> Mg                      4.23812698734    2.12699441690   -2.16882286129
|101> Mg                      4.23837780469    4.23837781747   -0.06333751219
|102> O                      -6.31724816069    0.01889723349    0.00000000000
|103> O                       0.01889723898   -6.31724821710   -0.00000011507
|104> O                       0.01470321233    6.34135727905   -0.02732855680
|105> O                       6.34135726928    0.01470322800   -0.02732848039
|106> O                       4.23765781679    4.23765784839   -2.17526895005
|107> O                       2.12644127000    4.23668804862   -4.29336142376
|108> O                       4.23668803395    2.12644128466   -4.29336142376
|109> Mg                      2.12466018932    6.34548450951   -0.06518515994
|110> Mg                      6.34548448173    2.12466025786   -0.06518513770
|111> O                       2.12628466918    6.35034619154   -2.17432191103
|112> O                       6.35034614312    2.12628468461   -2.17432195387
|113> O                       4.23526542452    6.34835845754   -0.01605429023
|114> O                       6.34835846261    4.23526544066   -0.01605430862
|115> O                       2.12373889513    8.45988428931    0.00000000000
|116> O                       8.45988429480    2.12373883871   -0.00000011507
|117> Mg>    2.00000000000    0.01619450604    0.01619452071   -4.29336142376
|118> NewECP
|119> N_core 0
|120> lmax f
|121> s 1
|122> 1      1.732000000   14.676000000 2
|123> p 1
|124> 1      1.115000000    5.175700000 2
|125> d 1
|126> 1      1.203000000   -1.816000000 2
|127> f 1
|128> 1      1.000000000    0.000000000 2
|129> end
|130> Mg>    2.00000000000   -2.09353251746   -4.20481787328   -2.16859736288
|131> NewECP
|132> N_core 0
|133> lmax f
|134> s 1
|135> 1      1.732000000   14.676000000 2
|136> p 1
|137> 1      1.115000000    5.175700000 2
|138> d 1
|139> 1      1.203000000   -1.816000000 2
|140> f 1
|141> 1      1.000000000    0.000000000 2
|142> end
|143> Mg>    2.00000000000   -4.20481793251   -2.09353255581   -2.16859742093
|144> NewECP
|145> N_core 0
|146> lmax f
|147> s 1
|148> 1      1.732000000   14.676000000 2
|149> p 1
|150> 1      1.115000000    5.175700000 2
|151> d 1
|152> 1      1.203000000   -1.816000000 2
|153> f 1
|154> 1      1.000000000    0.000000000 2
|155> end
|156> Mg>    2.00000000000   -4.20286006847    2.12699441690   -2.16882286129
|157> NewECP
|158> N_core 0
|159> lmax f
|160> s 1
|161> 1      1.732000000   14.676000000 2
|162> p 1
|163> 1      1.115000000    5.175700000 2
|164> d 1
|165> 1      1.203000000   -1.816000000 2
|166> f 1
|167> 1      1.000000000    0.000000000 2
|168> end
|169> Mg>    2.00000000000    2.12699433051   -4.20286005020   -2.16882280098
|170> NewECP
|171> N_core 0
|172> lmax f
|173> s 1
|174> 1      1.732000000   14.676000000 2
|175> p 1
|176> 1      1.115000000    5.175700000 2
|177> d 1
|178> 1      1.203000000   -1.816000000 2
|179> f 1
|180> 1      1.000000000    0.000000000 2
|181> end
|182> Mg>    2.00000000000   -2.09405225791   -2.09405224324   -4.29336142376
|183> NewECP
|184> N_core 0
|185> lmax f
|186> s 1
|187> 1      1.732000000   14.676000000 2
|188> p 1
|189> 1      1.115000000    5.175700000 2
|190> d 1
|191> 1      1.203000000   -1.816000000 2
|192> f 1
|193> 1      1.000000000    0.000000000 2
|194> end
|195> Mg>    2.00000000000   -2.09353251746    4.23616918253   -2.16859736288
|196> NewECP
|197> N_core 0
|198> lmax f
|199> s 1
|200> 1      1.732000000   14.676000000 2
|201> p 1
|202> 1      1.115000000    5.175700000 2
|203> d 1
|204> 1      1.203000000   -1.816000000 2
|205> f 1
|206> 1      1.000000000    0.000000000 2
|207> end
|208> Mg>    2.00000000000    4.23616912331   -2.09353255581   -2.16859742093
|209> NewECP
|210> N_core 0
|211> lmax f
|212> s 1
|213> 1      1.732000000   14.676000000 2
|214> p 1
|215> 1      1.115000000    5.175700000 2
|216> d 1
|217> 1      1.203000000   -1.816000000 2
|218> f 1
|219> 1      1.000000000    0.000000000 2
|220> end
|221> Mg>    2.00000000000   -2.09405225791    2.12644128466   -4.29336142376
|222> NewECP
|223> N_core 0
|224> lmax f
|225> s 1
|226> 1      1.732000000   14.676000000 2
|227> p 1
|228> 1      1.115000000    5.175700000 2
|229> d 1
|230> 1      1.203000000   -1.816000000 2
|231> f 1
|232> 1      1.000000000    0.000000000 2
|233> end
|234> Mg>    2.00000000000    2.12644127000   -2.09405224324   -4.29336142376
|235> NewECP
|236> N_core 0
|237> lmax f
|238> s 1
|239> 1      1.732000000   14.676000000 2
|240> p 1
|241> 1      1.115000000    5.175700000 2
|242> d 1
|243> 1      1.203000000   -1.816000000 2
|244> f 1
|245> 1      1.000000000    0.000000000 2
|246> end
|247> Mg>    2.00000000000    2.12644127000    2.12644128466   -4.29336142376
|248> NewECP
|249> N_core 0
|250> lmax f
|251> s 1
|252> 1      1.732000000   14.676000000 2
|253> p 1
|254> 1      1.115000000    5.175700000 2
|255> d 1
|256> 1      1.203000000   -1.816000000 2
|257> f 1
|258> 1      1.000000000    0.000000000 2
|259> end
|260> Mg>    2.00000000000   -4.20260925112   -4.20260923835   -0.06333751219
|261> NewECP
|262> N_core 0
|263> lmax f
|264> s 1
|265> 1      1.732000000   14.676000000 2
|266> p 1
|267> 1      1.115000000    5.175700000 2
|268> d 1
|269> 1      1.203000000   -1.816000000 2
|270> f 1
|271> 1      1.000000000    0.000000000 2
|272> end
|273> Mg>    2.00000000000   -4.20429902187    0.01619452071   -4.29336142376
|274> NewECP
|275> N_core 0
|276> lmax f
|277> s 1
|278> 1      1.732000000   14.676000000 2
|279> p 1
|280> 1      1.115000000    5.175700000 2
|281> d 1
|282> 1      1.203000000   -1.816000000 2
|283> f 1
|284> 1      1.000000000    0.000000000 2
|285> end
|286> Mg>    2.00000000000    0.01619450604   -4.20429900720   -4.29336142376
|287> NewECP
|288> N_core 0
|289> lmax f
|290> s 1
|291> 1      1.732000000   14.676000000 2
|292> p 1
|293> 1      1.115000000    5.175700000 2
|294> d 1
|295> 1      1.203000000   -1.816000000 2
|296> f 1
|297> 1      1.000000000    0.000000000 2
|298> end
|299> Mg>    2.00000000000   -4.20260925112    4.23837781747   -0.06333751219
|300> NewECP
|301> N_core 0
|302> lmax f
|303> s 1
|304> 1      1.732000000   14.676000000 2
|305> p 1
|306> 1      1.115000000    5.175700000 2
|307> d 1
|308> 1      1.203000000   -1.816000000 2
|309> f 1
|310> 1      1.000000000    0.000000000 2
|311> end
|312> Mg>    2.00000000000    4.23837780469   -4.20260923835   -0.06333751219
|313> NewECP
|314> N_core 0
|315> lmax f
|316> s 1
|317> 1      1.732000000   14.676000000 2
|318> p 1
|319> 1      1.115000000    5.175700000 2
|320> d 1
|321> 1      1.203000000   -1.816000000 2
|322> f 1
|323> 1      1.000000000    0.000000000 2
|324> end
|325> Mg>    2.00000000000    0.01619450604    4.23668804862   -4.29336142376
|326> NewECP
|327> N_core 0
|328> lmax f
|329> s 1
|330> 1      1.732000000   14.676000000 2
|331> p 1
|332> 1      1.115000000    5.175700000 2
|333> d 1
|334> 1      1.203000000   -1.816000000 2
|335> f 1
|336> 1      1.000000000    0.000000000 2
|337> end
|338> Mg>    2.00000000000    4.23668803395    0.01619452071   -4.29336142376
|339> NewECP
|340> N_core 0
|341> lmax f
|342> s 1
|343> 1      1.732000000   14.676000000 2
|344> p 1
|345> 1      1.115000000    5.175700000 2
|346> d 1
|347> 1      1.203000000   -1.816000000 2
|348> f 1
|349> 1      1.000000000    0.000000000 2
|350> end
|351> Mg>    2.00000000000   -6.29835004848    2.14263713021   -0.05751152737
|352> NewECP
|353> N_core 0
|354> lmax f
|355> s 1
|356> 1      1.732000000   14.676000000 2
|357> p 1
|358> 1      1.115000000    5.175700000 2
|359> d 1
|360> 1      1.203000000   -1.816000000 2
|361> f 1
|362> 1      1.000000000    0.000000000 2
|363> end
|364> Mg>    2.00000000000    2.14263700734   -6.29834992561   -0.05751152737
|365> NewECP
|366> N_core 0
|367> lmax f
|368> s 1
|369> 1      1.732000000   14.676000000 2
|370> p 1
|371> 1      1.115000000    5.175700000 2
|372> d 1
|373> 1      1.203000000   -1.816000000 2
|374> f 1
|375> 1      1.000000000    0.000000000 2
|376> end
|377> Mg>    2.00000000000   -2.09550257409   -6.31632679796   -0.06518513770
|378> NewECP
|379> N_core 0
|380> lmax f
|381> s 1
|382> 1      1.732000000   14.676000000 2
|383> p 1
|384> 1      1.115000000    5.175700000 2
|385> d 1
|386> 1      1.203000000   -1.816000000 2
|387> f 1
|388> 1      1.000000000    0.000000000 2
|389> end
|390> Mg>    2.00000000000   -6.31632686650   -2.09550254630   -0.06518515994
|391> NewECP
|392> N_core 0
|393> lmax f
|394> s 1
|395> 1      1.732000000   14.676000000 2
|396> p 1
|397> 1      1.115000000    5.175700000 2
|398> d 1
|399> 1      1.203000000   -1.816000000 2
|400> f 1
|401> 1      1.000000000    0.000000000 2
|402> end
|403> Mg>    2.00000000000   -6.31682771991    0.01847654448   -2.16465802761
|404> NewECP
|405> N_core 0
|406> lmax f
|407> s 1
|408> 1      1.732000000   14.676000000 2
|409> p 1
|410> 1      1.115000000    5.175700000 2
|411> d 1
|412> 1      1.203000000   -1.816000000 2
|413> f 1
|414> 1      1.000000000    0.000000000 2
|415> end
|416> Mg>    2.00000000000    0.01847652865   -6.31682762216   -2.16465796886
|417> NewECP
|418> N_core 0
|419> lmax f
|420> s 1
|421> 1      1.732000000   14.676000000 2
|422> p 1
|423> 1      1.115000000    5.175700000 2
|424> d 1
|425> 1      1.203000000   -1.816000000 2
|426> f 1
|427> 1      1.000000000    0.000000000 2
|428> end
|429> Mg>    2.00000000000   -2.09574088508    6.34524618340   -0.06333639131
|430> NewECP
|431> N_core 0
|432> lmax f
|433> s 1
|434> 1      1.732000000   14.676000000 2
|435> p 1
|436> 1      1.115000000    5.175700000 2
|437> d 1
|438> 1      1.203000000   -1.816000000 2
|439> f 1
|440> 1      1.000000000    0.000000000 2
|441> end
|442> Mg>    2.00000000000    6.34524617073   -2.09574087242   -0.06333639131
|443> NewECP
|444> N_core 0
|445> lmax f
|446> s 1
|447> 1      1.732000000   14.676000000 2
|448> p 1
|449> 1      1.115000000    5.175700000 2
|450> d 1
|451> 1      1.203000000   -1.816000000 2
|452> f 1
|453> 1      1.000000000    0.000000000 2
|454> end
|455> Mg>    2.00000000000   -2.09405225791    0.01619452071   -6.40360818771
|456> NewECP
|457> N_core 0
|458> lmax f
|459> s 1
|460> 1      1.732000000   14.676000000 2
|461> p 1
|462> 1      1.115000000    5.175700000 2
|463> d 1
|464> 1      1.203000000   -1.816000000 2
|465> f 1
|466> 1      1.000000000    0.000000000 2
|467> end
|468> Mg>    2.00000000000    0.01619450604   -2.09405224324   -6.40360818771
|469> NewECP
|470> N_core 0
|471> lmax f
|472> s 1
|473> 1      1.732000000   14.676000000 2
|474> p 1
|475> 1      1.115000000    5.175700000 2
|476> d 1
|477> 1      1.203000000   -1.816000000 2
|478> f 1
|479> 1      1.000000000    0.000000000 2
|480> end
|481> Mg>    2.00000000000    0.01564225307    6.34549730304   -2.16882252457
|482> NewECP
|483> N_core 0
|484> lmax f
|485> s 1
|486> 1      1.732000000   14.676000000 2
|487> p 1
|488> 1      1.115000000    5.175700000 2
|489> d 1
|490> 1      1.203000000   -1.816000000 2
|491> f 1
|492> 1      1.000000000    0.000000000 2
|493> end
|494> Mg>    2.00000000000    6.34549734636    0.01564224033   -2.16882249863
|495> NewECP
|496> N_core 0
|497> lmax f
|498> s 1
|499> 1      1.732000000   14.676000000 2
|500> p 1
|501> 1      1.115000000    5.175700000 2
|502> d 1
|503> 1      1.203000000   -1.816000000 2
|504> f 1
|505> 1      1.000000000    0.000000000 2
|506> end
|507> Mg>    2.00000000000    0.01619450604    2.12644128466   -6.40360818771
|508> NewECP
|509> N_core 0
|510> lmax f
|511> s 1
|512> 1      1.732000000   14.676000000 2
|513> p 1
|514> 1      1.115000000    5.175700000 2
|515> d 1
|516> 1      1.203000000   -1.816000000 2
|517> f 1
|518> 1      1.000000000    0.000000000 2
|519> end
|520> Mg>    2.00000000000    2.12644127000    0.01619452071   -6.40360818771
|521> NewECP
|522> N_core 0
|523> lmax f
|524> s 1
|525> 1      1.732000000   14.676000000 2
|526> p 1
|527> 1      1.115000000    5.175700000 2
|528> d 1
|529> 1      1.203000000   -1.816000000 2
|530> f 1
|531> 1      1.000000000    0.000000000 2
|532> end
|533> Mg>    2.00000000000   -4.20429902187   -4.20429900720   -4.29336142376
|534> NewECP
|535> N_core 0
|536> lmax f
|537> s 1
|538> 1      1.732000000   14.676000000 2
|539> p 1
|540> 1      1.115000000    5.175700000 2
|541> d 1
|542> 1      1.203000000   -1.816000000 2
|543> f 1
|544> 1      1.000000000    0.000000000 2
|545> end
|546> Mg>    2.00000000000   -4.20429902187    4.23668804862   -4.29336142376
|547> NewECP
|548> N_core 0
|549> lmax f
|550> s 1
|551> 1      1.732000000   14.676000000 2
|552> p 1
|553> 1      1.115000000    5.175700000 2
|554> d 1
|555> 1      1.203000000   -1.816000000 2
|556> f 1
|557> 1      1.000000000    0.000000000 2
|558> end
|559> Mg>    2.00000000000    4.23668803395   -4.20429900720   -4.29336142376
|560> NewECP
|561> N_core 0
|562> lmax f
|563> s 1
|564> 1      1.732000000   14.676000000 2
|565> p 1
|566> 1      1.115000000    5.175700000 2
|567> d 1
|568> 1      1.203000000   -1.816000000 2
|569> f 1
|570> 1      1.000000000    0.000000000 2
|571> end
|572> Mg>    2.00000000000    4.23668803395    4.23668804862   -4.29336142376
|573> NewECP
|574> N_core 0
|575> lmax f
|576> s 1
|577> 1      1.732000000   14.676000000 2
|578> p 1
|579> 1      1.115000000    5.175700000 2
|580> d 1
|581> 1      1.203000000   -1.816000000 2
|582> f 1
|583> 1      1.000000000    0.000000000 2
|584> end
|585> Mg>    2.00000000000   -4.20286006847   -6.31399263892   -2.16882286129
|586> NewECP
|587> N_core 0
|588> lmax f
|589> s 1
|590> 1      1.732000000   14.676000000 2
|591> p 1
|592> 1      1.115000000    5.175700000 2
|593> d 1
|594> 1      1.203000000   -1.816000000 2
|595> f 1
|596> 1      1.000000000    0.000000000 2
|597> end
|598> Mg>    2.00000000000   -6.31399272530   -4.20286005020   -2.16882280098
|599> NewECP
|600> N_core 0
|601> lmax f
|602> s 1
|603> 1      1.732000000   14.676000000 2
|604> p 1
|605> 1      1.115000000    5.175700000 2
|606> d 1
|607> 1      1.203000000   -1.816000000 2
|608> f 1
|609> 1      1.000000000    0.000000000 2
|610> end
|611> Mg>    2.00000000000   -2.09405225791   -6.31454577115   -4.29336142376
|612> NewECP
|613> N_core 0
|614> lmax f
|615> s 1
|616> 1      1.732000000   14.676000000 2
|617> p 1
|618> 1      1.115000000    5.175700000 2
|619> d 1
|620> 1      1.203000000   -1.816000000 2
|621> f 1
|622> 1      1.000000000    0.000000000 2
|623> end
|624> Mg>    2.00000000000   -6.31454578582   -2.09405224324   -4.29336142376
|625> NewECP
|626> N_core 0
|627> lmax f
|628> s 1
|629> 1      1.732000000   14.676000000 2
|630> p 1
|631> 1      1.115000000    5.175700000 2
|632> d 1
|633> 1      1.203000000   -1.816000000 2
|634> f 1
|635> 1      1.000000000    0.000000000 2
|636> end
|637> Mg>    2.00000000000   -6.31399272530    4.23812700562   -2.16882280098
|638> NewECP
|639> N_core 0
|640> lmax f
|641> s 1
|642> 1      1.732000000   14.676000000 2
|643> p 1
|644> 1      1.115000000    5.175700000 2
|645> d 1
|646> 1      1.203000000   -1.816000000 2
|647> f 1
|648> 1      1.000000000    0.000000000 2
|649> end
|650> Mg>    2.00000000000    4.23812698734   -6.31399263892   -2.16882286129
|651> NewECP
|652> N_core 0
|653> lmax f
|654> s 1
|655> 1      1.732000000   14.676000000 2
|656> p 1
|657> 1      1.115000000    5.175700000 2
|658> d 1
|659> 1      1.203000000   -1.816000000 2
|660> f 1
|661> 1      1.000000000    0.000000000 2
|662> end
|663> Mg>    2.00000000000   -2.09405225791   -4.20429900720   -6.40360818771
|664> NewECP
|665> N_core 0
|666> lmax f
|667> s 1
|668> 1      1.732000000   14.676000000 2
|669> p 1
|670> 1      1.115000000    5.175700000 2
|671> d 1
|672> 1      1.203000000   -1.816000000 2
|673> f 1
|674> 1      1.000000000    0.000000000 2
|675> end
|676> Mg>    2.00000000000   -4.20429902187   -2.09405224324   -6.40360818771
|677> NewECP
|678> N_core 0
|679> lmax f
|680> s 1
|681> 1      1.732000000   14.676000000 2
|682> p 1
|683> 1      1.115000000    5.175700000 2
|684> d 1
|685> 1      1.203000000   -1.816000000 2
|686> f 1
|687> 1      1.000000000    0.000000000 2
|688> end
|689> Mg>    2.00000000000   -6.31454578582    2.12644128466   -4.29336142376
|690> NewECP
|691> N_core 0
|692> lmax f
|693> s 1
|694> 1      1.732000000   14.676000000 2
|695> p 1
|696> 1      1.115000000    5.175700000 2
|697> d 1
|698> 1      1.203000000   -1.816000000 2
|699> f 1
|700> 1      1.000000000    0.000000000 2
|701> end
|702> Mg>    2.00000000000    2.12644127000   -6.31454577115   -4.29336142376
|703> NewECP
|704> N_core 0
|705> lmax f
|706> s 1
|707> 1      1.732000000   14.676000000 2
|708> p 1
|709> 1      1.115000000    5.175700000 2
|710> d 1
|711> 1      1.203000000   -1.816000000 2
|712> f 1
|713> 1      1.000000000    0.000000000 2
|714> end
|715> Mg>    2.00000000000   -4.20481793251    6.34745450001   -2.16859742093
|716> NewECP
|717> N_core 0
|718> lmax f
|719> s 1
|720> 1      1.732000000   14.676000000 2
|721> p 1
|722> 1      1.115000000    5.175700000 2
|723> d 1
|724> 1      1.203000000   -1.816000000 2
|725> f 1
|726> 1      1.000000000    0.000000000 2
|727> end
|728> Mg>    2.00000000000    6.34745453836   -4.20481787328   -2.16859736288
|729> NewECP
|730> N_core 0
|731> lmax f
|732> s 1
|733> 1      1.732000000   14.676000000 2
|734> p 1
|735> 1      1.115000000    5.175700000 2
|736> d 1
|737> 1      1.203000000   -1.816000000 2
|738> f 1
|739> 1      1.000000000    0.000000000 2
|740> end
|741> Mg>    2.00000000000   -4.20429902187    2.12644128466   -6.40360818771
|742> NewECP
|743> N_core 0
|744> lmax f
|745> s 1
|746> 1      1.732000000   14.676000000 2
|747> p 1
|748> 1      1.115000000    5.175700000 2
|749> d 1
|750> 1      1.203000000   -1.816000000 2
|751> f 1
|752> 1      1.000000000    0.000000000 2
|753> end
|754> Mg>    2.00000000000    2.12644127000   -4.20429900720   -6.40360818771
|755> NewECP
|756> N_core 0
|757> lmax f
|758> s 1
|759> 1      1.732000000   14.676000000 2
|760> p 1
|761> 1      1.115000000    5.175700000 2
|762> d 1
|763> 1      1.203000000   -1.816000000 2
|764> f 1
|765> 1      1.000000000    0.000000000 2
|766> end
|767> Mg>    2.00000000000   -2.09405225791    4.23668804862   -6.40360818771
|768> NewECP
|769> N_core 0
|770> lmax f
|771> s 1
|772> 1      1.732000000   14.676000000 2
|773> p 1
|774> 1      1.115000000    5.175700000 2
|775> d 1
|776> 1      1.203000000   -1.816000000 2
|777> f 1
|778> 1      1.000000000    0.000000000 2
|779> end
|780> Mg>    2.00000000000    4.23668803395   -2.09405224324   -6.40360818771
|781> NewECP
|782> N_core 0
|783> lmax f
|784> s 1
|785> 1      1.732000000   14.676000000 2
|786> p 1
|787> 1      1.115000000    5.175700000 2
|788> d 1
|789> 1      1.203000000   -1.816000000 2
|790> f 1
|791> 1      1.000000000    0.000000000 2
|792> end
|793> Mg>    2.00000000000   -2.09405225791    6.34693481257   -4.29336142376
|794> NewECP
|795> N_core 0
|796> lmax f
|797> s 1
|798> 1      1.732000000   14.676000000 2
|799> p 1
|800> 1      1.115000000    5.175700000 2
|801> d 1
|802> 1      1.203000000   -1.816000000 2
|803> f 1
|804> 1      1.000000000    0.000000000 2
|805> end
|806> Mg>    2.00000000000    6.34693479790   -2.09405224324   -4.29336142376
|807> NewECP
|808> N_core 0
|809> lmax f
|810> s 1
|811> 1      1.732000000   14.676000000 2
|812> p 1
|813> 1      1.115000000    5.175700000 2
|814> d 1
|815> 1      1.203000000   -1.816000000 2
|816> f 1
|817> 1      1.000000000    0.000000000 2
|818> end
|819> Mg>    2.00000000000    4.23616912331    6.34745450001   -2.16859742093
|820> NewECP
|821> N_core 0
|822> lmax f
|823> s 1
|824> 1      1.732000000   14.676000000 2
|825> p 1
|826> 1      1.115000000    5.175700000 2
|827> d 1
|828> 1      1.203000000   -1.816000000 2
|829> f 1
|830> 1      1.000000000    0.000000000 2
|831> end
|832> Mg>    2.00000000000    6.34745453836    4.23616918253   -2.16859736288
|833> NewECP
|834> N_core 0
|835> lmax f
|836> s 1
|837> 1      1.732000000   14.676000000 2
|838> p 1
|839> 1      1.115000000    5.175700000 2
|840> d 1
|841> 1      1.203000000   -1.816000000 2
|842> f 1
|843> 1      1.000000000    0.000000000 2
|844> end
|845> Mg>    2.00000000000    2.12644127000    4.23668804862   -6.40360818771
|846> NewECP
|847> N_core 0
|848> lmax f
|849> s 1
|850> 1      1.732000000   14.676000000 2
|851> p 1
|852> 1      1.115000000    5.175700000 2
|853> d 1
|854> 1      1.203000000   -1.816000000 2
|855> f 1
|856> 1      1.000000000    0.000000000 2
|857> end
|858> Mg>    2.00000000000    4.23668803395    2.12644128466   -6.40360818771
|859> NewECP
|860> N_core 0
|861> lmax f
|862> s 1
|863> 1      1.732000000   14.676000000 2
|864> p 1
|865> 1      1.115000000    5.175700000 2
|866> d 1
|867> 1      1.203000000   -1.816000000 2
|868> f 1
|869> 1      1.000000000    0.000000000 2
|870> end
|871> Mg>    2.00000000000    2.12644127000    6.34693481257   -4.29336142376
|872> NewECP
|873> N_core 0
|874> lmax f
|875> s 1
|876> 1      1.732000000   14.676000000 2
|877> p 1
|878> 1      1.115000000    5.175700000 2
|879> d 1
|880> 1      1.203000000   -1.816000000 2
|881> f 1
|882> 1      1.000000000    0.000000000 2
|883> end
|884> Mg>    2.00000000000    6.34693479790    2.12644128466   -4.29336142376
|885> NewECP
|886> N_core 0
|887> lmax f
|888> s 1
|889> 1      1.732000000   14.676000000 2
|890> p 1
|891> 1      1.115000000    5.175700000 2
|892> d 1
|893> 1      1.203000000   -1.816000000 2
|894> f 1
|895> 1      1.000000000    0.000000000 2
|896> end
|897> Mg>    2.00000000000   -8.44098705582    0.00000000000   -0.05750956508
|898> NewECP
|899> N_core 0
|900> lmax f
|901> s 1
|902> 1      1.732000000   14.676000000 2
|903> p 1
|904> 1      1.115000000    5.175700000 2
|905> d 1
|906> 1      1.203000000   -1.816000000 2
|907> f 1
|908> 1      1.000000000    0.000000000 2
|909> end
|910> Mg>    2.00000000000    0.00000000000    8.44098705582   -0.05750956508
|911> NewECP
|912> N_core 0
|913> lmax f
|914> s 1
|915> 1      1.732000000   14.676000000 2
|916> p 1
|917> 1      1.115000000    5.175700000 2
|918> d 1
|919> 1      1.203000000   -1.816000000 2
|920> f 1
|921> 1      1.000000000    0.000000000 2
|922> end
|923> Mg>    2.00000000000    8.44098705582    0.00000000000   -0.05750956508
|924> NewECP
|925> N_core 0
|926> lmax f
|927> s 1
|928> 1      1.732000000   14.676000000 2
|929> p 1
|930> 1      1.115000000    5.175700000 2
|931> d 1
|932> 1      1.203000000   -1.816000000 2
|933> f 1
|934> 1      1.000000000    0.000000000 2
|935> end
|936> Mg>    2.00000000000    0.00000000000   -8.44098705582   -0.05750956508
|937> NewECP
|938> N_core 0
|939> lmax f
|940> s 1
|941> 1      1.732000000   14.676000000 2
|942> p 1
|943> 1      1.115000000    5.175700000 2
|944> d 1
|945> 1      1.203000000   -1.816000000 2
|946> f 1
|947> 1      1.000000000    0.000000000 2
|948> end
|949> Mg>    2.00000000000   -2.09548970945   -8.42534481549   -2.16882249863
|950> NewECP
|951> N_core 0
|952> lmax f
|953> s 1
|954> 1      1.732000000   14.676000000 2
|955> p 1
|956> 1      1.115000000    5.175700000 2
|957> d 1
|958> 1      1.203000000   -1.816000000 2
|959> f 1
|960> 1      1.000000000    0.000000000 2
|961> end
|962> Mg>    2.00000000000   -8.42534480274   -2.09548975278   -2.16882252457
|963> NewECP
|964> N_core 0
|965> lmax f
|966> s 1
|967> 1      1.732000000   14.676000000 2
|968> p 1
|969> 1      1.115000000    5.175700000 2
|970> d 1
|971> 1      1.203000000   -1.816000000 2
|972> f 1
|973> 1      1.000000000    0.000000000 2
|974> end
|975> Mg>    2.00000000000   -8.42251052717    2.12415943366   -2.16465796886
|976> NewECP
|977> N_core 0
|978> lmax f
|979> s 1
|980> 1      1.732000000   14.676000000 2
|981> p 1
|982> 1      1.115000000    5.175700000 2
|983> d 1
|984> 1      1.203000000   -1.816000000 2
|985> f 1
|986> 1      1.000000000    0.000000000 2
|987> end
|988> Mg>    2.00000000000    2.12415933590   -8.42251051134   -2.16465802761
|989> NewECP
|990> N_core 0
|991> lmax f
|992> s 1
|993> 1      1.732000000   14.676000000 2
|994> p 1
|995> 1      1.115000000    5.175700000 2
|996> d 1
|997> 1      1.203000000   -1.816000000 2
|998> f 1
|999> 1      1.000000000    0.000000000 2
|1000> end
|1001> Mg>    2.00000000000   -2.09548970945    8.45662929615   -2.16882249863
|1002> NewECP
|1003> N_core 0
|1004> lmax f
|1005> s 1
|1006> 1      1.732000000   14.676000000 2
|1007> p 1
|1008> 1      1.115000000    5.175700000 2
|1009> d 1
|1010> 1      1.203000000   -1.816000000 2
|1011> f 1
|1012> 1      1.000000000    0.000000000 2
|1013> end
|1014> Mg>    2.00000000000    8.45662930889   -2.09548975278   -2.16882252457
|1015> NewECP
|1016> N_core 0
|1017> lmax f
|1018> s 1
|1019> 1      1.732000000   14.676000000 2
|1020> p 1
|1021> 1      1.115000000    5.175700000 2
|1022> d 1
|1023> 1      1.203000000   -1.816000000 2
|1024> f 1
|1025> 1      1.000000000    0.000000000 2
|1026> end
|1027> Mg>    2.00000000000    2.12415933590    8.45946360030   -2.16465802761
|1028> NewECP
|1029> N_core 0
|1030> lmax f
|1031> s 1
|1032> 1      1.732000000   14.676000000 2
|1033> p 1
|1034> 1      1.115000000    5.175700000 2
|1035> d 1
|1036> 1      1.203000000   -1.816000000 2
|1037> f 1
|1038> 1      1.000000000    0.000000000 2
|1039> end
|1040> Mg>    2.00000000000    8.45946358447    2.12415943366   -2.16465796886
|1041> NewECP
|1042> N_core 0
|1043> lmax f
|1044> s 1
|1045> 1      1.732000000   14.676000000 2
|1046> p 1
|1047> 1      1.115000000    5.175700000 2
|1048> d 1
|1049> 1      1.203000000   -1.816000000 2
|1050> f 1
|1051> 1      1.000000000    0.000000000 2
|1052> end
|1053> Mg>    2.00000000000    6.34524617073    6.34524618340   -0.06333639131
|1054> NewECP
|1055> N_core 0
|1056> lmax f
|1057> s 1
|1058> 1      1.732000000   14.676000000 2
|1059> p 1
|1060> 1      1.115000000    5.175700000 2
|1061> d 1
|1062> 1      1.203000000   -1.816000000 2
|1063> f 1
|1064> 1      1.000000000    0.000000000 2
|1065> end
|1066> Mg>    2.00000000000    0.01619450604    6.34693481257   -6.40360818771
|1067> NewECP
|1068> N_core 0
|1069> lmax f
|1070> s 1
|1071> 1      1.732000000   14.676000000 2
|1072> p 1
|1073> 1      1.115000000    5.175700000 2
|1074> d 1
|1075> 1      1.203000000   -1.816000000 2
|1076> f 1
|1077> 1      1.000000000    0.000000000 2
|1078> end
|1079> Mg>    2.00000000000    6.34693479790    0.01619452071   -6.40360818771
|1080> NewECP
|1081> N_core 0
|1082> lmax f
|1083> s 1
|1084> 1      1.732000000   14.676000000 2
|1085> p 1
|1086> 1      1.115000000    5.175700000 2
|1087> d 1
|1088> 1      1.203000000   -1.816000000 2
|1089> f 1
|1090> 1      1.000000000    0.000000000 2
|1091> end
|1092> Mg>    2.00000000000    0.01619450604    8.45718157653   -4.29336142376
|1093> NewECP
|1094> N_core 0
|1095> lmax f
|1096> s 1
|1097> 1      1.732000000   14.676000000 2
|1098> p 1
|1099> 1      1.115000000    5.175700000 2
|1100> d 1
|1101> 1      1.203000000   -1.816000000 2
|1102> f 1
|1103> 1      1.000000000    0.000000000 2
|1104> end
|1105> Mg>    2.00000000000    8.45718156186    0.01619452071   -4.29336142376
|1106> NewECP
|1107> N_core 0
|1108> lmax f
|1109> s 1
|1110> 1      1.732000000   14.676000000 2
|1111> p 1
|1112> 1      1.115000000    5.175700000 2
|1113> d 1
|1114> 1      1.203000000   -1.816000000 2
|1115> f 1
|1116> 1      1.000000000    0.000000000 2
|1117> end
|1118> Mg>    2.00000000000    4.23813953324    8.45896379859   -0.06518519769
|1119> NewECP
|1120> N_core 0
|1121> lmax f
|1122> s 1
|1123> 1      1.732000000   14.676000000 2
|1124> p 1
|1125> 1      1.115000000    5.175700000 2
|1126> d 1
|1127> 1      1.203000000   -1.816000000 2
|1128> f 1
|1129> 1      1.000000000    0.000000000 2
|1130> end
|1131> Mg>    2.00000000000    8.45896385885    4.23813951605   -0.06518525910
|1132> NewECP
|1133> N_core 0
|1134> lmax f
|1135> s 1
|1136> 1      1.732000000   14.676000000 2
|1137> p 1
|1138> 1      1.115000000    5.175700000 2
|1139> d 1
|1140> 1      1.203000000   -1.816000000 2
|1141> f 1
|1142> 1      1.000000000    0.000000000 2
|1143> end
|1144> Mg>    2.00000000000    4.23668803395    6.34693481257   -6.40360818771
|1145> NewECP
|1146> N_core 0
|1147> lmax f
|1148> s 1
|1149> 1      1.732000000   14.676000000 2
|1150> p 1
|1151> 1      1.115000000    5.175700000 2
|1152> d 1
|1153> 1      1.203000000   -1.816000000 2
|1154> f 1
|1155> 1      1.000000000    0.000000000 2
|1156> end
|1157> Mg>    2.00000000000    6.34693479790    4.23668804862   -6.40360818771
|1158> NewECP
|1159> N_core 0
|1160> lmax f
|1161> s 1
|1162> 1      1.732000000   14.676000000 2
|1163> p 1
|1164> 1      1.115000000    5.175700000 2
|1165> d 1
|1166> 1      1.203000000   -1.816000000 2
|1167> f 1
|1168> 1      1.000000000    0.000000000 2
|1169> end
|1170> Mg>    2.00000000000    6.34693479790    6.34693481257   -4.29336142376
|1171> NewECP
|1172> N_core 0
|1173> lmax f
|1174> s 1
|1175> 1      1.732000000   14.676000000 2
|1176> p 1
|1177> 1      1.115000000    5.175700000 2
|1178> d 1
|1179> 1      1.203000000   -1.816000000 2
|1180> f 1
|1181> 1      1.000000000    0.000000000 2
|1182> end
|1183> Mg>    2.00000000000    4.23668803395    8.45718157653   -4.29336142376
|1184> NewECP
|1185> N_core 0
|1186> lmax f
|1187> s 1
|1188> 1      1.732000000   14.676000000 2
|1189> p 1
|1190> 1      1.115000000    5.175700000 2
|1191> d 1
|1192> 1      1.203000000   -1.816000000 2
|1193> f 1
|1194> 1      1.000000000    0.000000000 2
|1195> end
|1196> Mg>    2.00000000000    8.45718156186    4.23668804862   -4.29336142376
|1197> NewECP
|1198> N_core 0
|1199> lmax f
|1200> s 1
|1201> 1      1.732000000   14.676000000 2
|1202> p 1
|1203> 1      1.115000000    5.175700000 2
|1204> d 1
|1205> 1      1.203000000   -1.816000000 2
|1206> f 1
|1207> 1      1.000000000    0.000000000 2
|1208> end
|1209> Mg>    2.00000000000    0.01847652865   10.56514648947   -2.16465796886
|1210> NewECP
|1211> N_core 0
|1212> lmax f
|1213> s 1
|1214> 1      1.732000000   14.676000000 2
|1215> p 1
|1216> 1      1.115000000    5.175700000 2
|1217> d 1
|1218> 1      1.203000000   -1.816000000 2
|1219> f 1
|1220> 1      1.000000000    0.000000000 2
|1221> end
|1222> Mg>    2.00000000000   10.56514639172    0.01847654448   -2.16465802761
|1223> NewECP
|1224> N_core 0
|1225> lmax f
|1226> s 1
|1227> 1      1.732000000   14.676000000 2
|1228> p 1
|1229> 1      1.115000000    5.175700000 2
|1230> d 1
|1231> 1      1.203000000   -1.816000000 2
|1232> f 1
|1233> 1      1.000000000    0.000000000 2
|1234> end
|1235> Mg>    2.00000000000    6.34549734636    8.45662929615   -2.16882249863
|1236> NewECP
|1237> N_core 0
|1238> lmax f
|1239> s 1
|1240> 1      1.732000000   14.676000000 2
|1241> p 1
|1242> 1      1.115000000    5.175700000 2
|1243> d 1
|1244> 1      1.203000000   -1.816000000 2
|1245> f 1
|1246> 1      1.000000000    0.000000000 2
|1247> end
|1248> Mg>    2.00000000000    8.45662930889    6.34549730304   -2.16882252457
|1249> NewECP
|1250> N_core 0
|1251> lmax f
|1252> s 1
|1253> 1      1.732000000   14.676000000 2
|1254> p 1
|1255> 1      1.115000000    5.175700000 2
|1256> d 1
|1257> 1      1.203000000   -1.816000000 2
|1258> f 1
|1259> 1      1.000000000    0.000000000 2
|1260> end
|1261> Mg>    2.00000000000    2.14263700734   10.58362418603   -0.05751152737
|1262> NewECP
|1263> N_core 0
|1264> lmax f
|1265> s 1
|1266> 1      1.732000000   14.676000000 2
|1267> p 1
|1268> 1      1.115000000    5.175700000 2
|1269> d 1
|1270> 1      1.203000000   -1.816000000 2
|1271> f 1
|1272> 1      1.000000000    0.000000000 2
|1273> end
|1274> Mg>    2.00000000000   10.58362406315    2.14263713021   -0.05751152737
|1275> NewECP
|1276> N_core 0
|1277> lmax f
|1278> s 1
|1279> 1      1.732000000   14.676000000 2
|1280> p 1
|1281> 1      1.115000000    5.175700000 2
|1282> d 1
|1283> 1      1.203000000   -1.816000000 2
|1284> f 1
|1285> 1      1.000000000    0.000000000 2
|1286> end
|1287> Mg>    2.00000000000    4.23812698734   10.56798147271   -2.16882286129
|1288> NewECP
|1289> N_core 0
|1290> lmax f
|1291> s 1
|1292> 1      1.732000000   14.676000000 2
|1293> p 1
|1294> 1      1.115000000    5.175700000 2
|1295> d 1
|1296> 1      1.203000000   -1.816000000 2
|1297> f 1
|1298> 1      1.000000000    0.000000000 2
|1299> end
|1300> Mg>    2.00000000000   10.56798138633    4.23812700562   -2.16882280098
|1301> NewECP
|1302> N_core 0
|1303> lmax f
|1304> s 1
|1305> 1      1.732000000   14.676000000 2
|1306> p 1
|1307> 1      1.115000000    5.175700000 2
|1308> d 1
|1309> 1      1.203000000   -1.816000000 2
|1310> f 1
|1311> 1      1.000000000    0.000000000 2
|1312> end
|1313>   end
|1314> endd                         ****END OF INPUT****
================================================================================
----------------
TOTAL SCF ENERGY
----------------

Total Energy       :        -7271.78679963 Eh         -197875.37861 eV

Components:
Nuclear Repulsion  :        15634.37978040 Eh          425433.10243 eV
Electronic Energy  :       -22906.16658003 Eh         -623308.48103 eV
One Electron Energy:       -41954.03675874 Eh        -1141627.37942 eV
Two Electron Energy:        19047.87017870 Eh          518318.89839 eV
Max COSX asymmetry :            0.00020402 Eh               0.00555 eV

Virial components:
Potential Energy   :       -13714.20306581 Eh         -373182.43765 eV
Kinetic Energy     :         6442.41626618 Eh          175307.05904 eV
Virial Ratio       :            2.12873594

--------------------Output has been truncated-------------------------


--------------------Output has been truncated-------------------------


--------------------Output has been truncated-------------------------


--------------------Output has been truncated-------------------------


--------------------Output has been truncated-------------------------


--------------------Output has been truncated-------------------------


--------------------Output has been truncated-------------------------


--------------------Output has been truncated-------------------------


--------------------Output has been truncated-------------------------


--------------------Output has been truncated-------------------------


-----------------------------------------------
 RI-MP2 CORRELATION ENERGY:    -10.917308012 Eh
-----------------------------------------------
---------------------------------------
MP2 TOTAL ENERGY:    -7282.704107644 Eh
---------------------------------------

Maximum memory used throughout the entire MP2-calculation: 1492.6 MB

-------------------------   --------------------
FINAL SINGLE POINT ENERGY     -7282.704107643715
-------------------------   --------------------
TOTAL RUN TIME: 0 days 0 hours 31 minutes 31 seconds 463 msec
