 **********************************************************************
                          MRCC program system
 **********************************************************************
 
                              Written by
     Mihaly Kallay, Peter R. Nagy, David Mester, Laszlo Gyevi-Nagy,
        Jozsef Csoka, P. Bernat Szabo, Zoltan Rolik, Gyula Samu,
     Jozsef Csontos, Bence Hegely, Adam Ganyecz, Istvan Ladjanszki,
       Lorant Szegedy, Bence Ladoczki, Klara Petrov, Mate Farkas,
                    Pal D. Mezei, and Reka A. Horvath
 
        Department of Physical Chemistry and Materials Science
            Budapest University of Technology and Economics
                  Budapest P.O.Box 91, H-1521 Hungary
 
                              www.mrcc.hu
 
                      Release date: March 18, 2022

 ************************ 2023-02-04 11:52:25 *************************
 Executing minp...

 Reading input from MINP...
 
 Input file:
 
calc=FNO-CCSD(T)
verbosity=3
mem=220GB
unit=angs
scfiguess=small
scfalg=locfit1
ccmaxit=400
ccsdalg=dfdirect
ccsdthreads=4
ccsdmkl=thr
ptthreads=4
lnoepsv=1e-5
naf_cor=1e-2
basis=aug-cc-pVQZ
basis_sm=def2-SVP
dfbasis_scf=def2-QZVPP-RI-JK
dfbasis_cor=aug-cc-pVQZ-RI
unit=angs
geom=xyz
10

C    29.54344629    29.54344629    16.97505516
H    29.54344670    30.44187631    17.60392580
H    29.54344662    28.64496649    17.60393442
H    30.44658454    29.54342777    16.34911135
H    28.64030918    29.54342779    16.34911130
C    12.66144652    25.32292238    16.97524142
H    12.66146513    26.22572171    16.34882843
H    11.76295464    25.32292262    17.60416815
H    13.55998837    25.32292258    17.60417697
H    12.66146506    24.42012416    16.34882759

--------------------Output has been truncated-------------------------


--------------------Output has been truncated-------------------------


--------------------Output has been truncated-------------------------


--------------------Output has been truncated-------------------------


--------------------Output has been truncated-------------------------


--------------------Output has been truncated-------------------------


--------------------Output has been truncated-------------------------


--------------------Output has been truncated-------------------------


--------------------Output has been truncated-------------------------


--------------------Output has been truncated-------------------------


 
 Reference energy [au]:                       -40.215615367233
 DF-MP2 singlet pair energy [au]:              -0.173753433206
 DF-MP2 triplet pair energy [au]:              -0.037498056670
 DF-SCS-MP2 correlation energy [au]:           -0.221003472070
 DF-SCS-MP2 energy [au]:                      -40.436618839303
 DF-SOS-MP2 correlation energy [au]:           -0.225879463167
 DF-SOS-MP2 energy [au]:                      -40.441494830400
 DF-MP2 correlation energy [au]:               -0.211251489875
 DF-MP2 energy [au]:                          -40.426866857108

 Results in FNO basis:
 
 
 Reference energy [au]:                       -40.215615367233
 DF-MP2 singlet pair energy [au]:              -0.170618725597
 DF-MP2 triplet pair energy [au]:              -0.037356754797
 DF-SCS-MP2 correlation energy [au]:           -0.217194722315
 DF-SCS-MP2 energy [au]:                      -40.432810089548
 DF-SOS-MP2 correlation energy [au]:           -0.221804343276
 DF-SOS-MP2 energy [au]:                      -40.437419710508
 DF-MP2 correlation energy [au]:               -0.207975480394
 DF-MP2 energy [au]:                          -40.423590847627

 Results in NAF basis:
 
 
 Reference energy [au]:                       -40.215615367233
 DF-MP2 singlet pair energy [au]:              -0.170601164435
 DF-MP2 triplet pair energy [au]:              -0.037363453475
 DF-SCS-MP2 correlation energy [au]:           -0.217175881814
 DF-SCS-MP2 energy [au]:                      -40.432791249046
 DF-SOS-MP2 correlation energy [au]:           -0.221781513766
 DF-SOS-MP2 energy [au]:                      -40.437396880998
 DF-MP2 correlation energy [au]:               -0.207964617910
 DF-MP2 energy [au]:                          -40.423579985143

 ************************ 2023-02-04 11:52:59 *************************
 Executing ccsd...

 Allocation of 220.0 Gbytes of memory...

 Direct DF-CCSD(T) calculation
 
 Convergence criterion:  1.0E-06
 
 Number of occupied/virtual/auxiliary orbitals:     4   101   320
    163.36 MB is the minimal memory requirement for (T)
     39.40 MB is the minimal memory requirement for CCSD
 
 Reference energy [au]:             -40.215615367233
 T1 contribution [au]:                0.000000000000
 Same spin MP2 energy [au]:          -0.037360099679
 Opposite spin MP2 energy [au]:      -0.170609935222
 MP2 correlation energy [au]:        -0.207970034902
 Total MP2 energy [au]:             -40.423585402134
 MP2 correction [au]:                -0.003281454974
 
 
 CPU time [min]:     0.176                   Wall time [min]:     0.008
 
 Starting CCSD iterations...
 
                     Residual norm          Energy
 Iteration  1        0.138683198816      -40.436530451075
 Iteration  2        0.035377525899      -40.442054323152
 Iteration  3        0.009772631820      -40.442637142869
 Iteration  4        0.002021099542      -40.442641644767
 Iteration  5        0.000374945213      -40.442648158438
 Iteration  6        0.000084812040      -40.442648035138
 Iteration  7        0.000020227409      -40.442648725351
 Iteration  8        0.000003739467      -40.442648782342
 
 CCSD iteration has converged in  8 steps.
      444.29 MB memory was utilized by CCSD
 
 T1 diagnostic:      7.996E-03            D1 diagnostic:      1.291E-02
 
 T1 contribution [au]:                                  0.000000000000
 PPL energy contribution [au]:                          0.060603754271
 Scaled PPL energy contribution [au]:                   0.061560575363

 OS-PPL energy contribution [au]:                       0.053775257876
 Scaled OS-PPL energy contribution [au]:                0.054768346782
 SS-PPL energy contribution [au]:                       0.006828496395
 Scaled SS-PPL energy contribution [au]:                0.006852794478

 Opposite spin CCSD energy [au]:                       -0.191004625694
 Same spin CCSD energy [au]:                           -0.036035537251
 CCSD correlation energy [au]:                         -0.227040162944
 CCSD correlation energy + MP2 correction [au]:        -0.230321617918
 CCSD correlation energy + MP2 + PPL corr. [au]:       -0.229364796826
 Total CCSD energy [au]:                              -40.442655530177
 Total CCSD energy + MP2 correction [au]:             -40.445936985151
 Total CCSD energy + MP2 + PPL corr. [au]:            -40.444980164059
 
 CPU time [min]:     0.856                   Wall time [min]:     0.027
 
 Calculation of (T) correction...
 
 
      124.68 MB memory is utilized for (T)

 0%       25%       50%       75%       100%
 |---------|---------|---------|---------| 
 
 (T) correction [au]:                                    -0.006941957873
 (T*) correction [au]:                                   -0.007051491547
 (T+) correction [au]:                                   -0.007051084683
 CCSD(T) correlation energy [au]:                        -0.233982120817
 CCSD(T) correlation energy + MP2 correction [au]:       -0.237263575790
 CCSD(T+) correlation en. + MP2 + PPL corr. [au]:        -0.236415881509
 Total CCSD(T) energy [au]:                             -40.449597488049
 Total CCSD(T) energy + MP2 correction [au]:            -40.452878943023
 Total CCSD(T+) energy + MP2 + PPL corr. [au]:          -40.452031248742
 
 CPU time [min]:     0.955                   Wall time [min]:     0.030
 
 ************************ 2023-02-04 11:53:01 *************************
                      Normal termination of mrcc.
 **********************************************************************
