 **********************************************************************
                          MRCC program system
 **********************************************************************
 
                              Written by
     Mihaly Kallay, Peter R. Nagy, David Mester, Laszlo Gyevi-Nagy,
        Jozsef Csoka, P. Bernat Szabo, Zoltan Rolik, Gyula Samu,
     Jozsef Csontos, Bence Hegely, Adam Ganyecz, Istvan Ladjanszki,
       Lorant Szegedy, Bence Ladoczki, Klara Petrov, Mate Farkas,
                    Pal D. Mezei, and Reka A. Horvath
 
        Department of Physical Chemistry and Materials Science
            Budapest University of Technology and Economics
                  Budapest P.O.Box 91, H-1521 Hungary
 
                              www.mrcc.hu
 
                      Release date: March 18, 2022

 ************************ 2023-02-05 13:34:57 *************************
 Executing minp...

 Reading input from MINP...
 
 Input file:
 
calc=FNO-CCSD(T)
verbosity=3
mem=220GB
unit=angs
scfiguess=small
scfalg=locfit1
ccmaxit=400
ccsdalg=dfdirect
ccsdthreads=4
ccsdmkl=thr
ptthreads=4
lnoepsv=1e-5
naf_cor=1e-2
basis=aug-cc-pVTZ
basis_sm=def2-SVP
dfbasis_scf=def2-QZVPP-RI-JK
dfbasis_cor=aug-cc-pVTZ-RI
unit=angs
geom=xyz
16

C    34.41670262    34.07107264    10.41543014
C    33.11117461    33.45680459    10.91530835
H    34.24160149    35.00442132     9.86225048
H    34.94674030    33.36940783     9.75379242
H    35.10002891    34.30603621    11.24227357
H    32.42643037    33.26105434    10.07939442
H    32.59136835    34.12756100    11.61262818
H    33.28915165    32.50678735    11.43686767
C    28.86048386    23.52004258    10.40841099
C    30.16020184    22.90620846    10.92356869
H    28.33524345    22.81583689     9.74571409
H    29.04251974    24.45098191     9.85291346
H    28.16945653    23.76067685    11.22702485
H    30.85404226    22.70956722    10.09551480
H    29.97596163    21.95668890    11.44396498
H    30.67232128    23.57775033    11.62587494

--------------------Output has been truncated-------------------------


--------------------Output has been truncated-------------------------


--------------------Output has been truncated-------------------------


--------------------Output has been truncated-------------------------


--------------------Output has been truncated-------------------------


--------------------Output has been truncated-------------------------


--------------------Output has been truncated-------------------------


--------------------Output has been truncated-------------------------


--------------------Output has been truncated-------------------------


--------------------Output has been truncated-------------------------


 
 Reference energy [au]:                      -158.519089405754
 DF-MP2 singlet pair energy [au]:              -0.600513039279
 DF-MP2 triplet pair energy [au]:              -0.150065675593
 DF-SCS-MP2 correlation energy [au]:           -0.770637538998
 DF-SCS-MP2 energy [au]:                     -159.289726944752
 DF-SOS-MP2 correlation energy [au]:           -0.780666951062
 DF-SOS-MP2 energy [au]:                     -159.299756356816
 DF-MP2 correlation energy [au]:               -0.750578714871
 DF-MP2 energy [au]:                         -159.269668120625

 Results in FNO basis:
 
 
 Reference energy [au]:                      -158.519089405754
 DF-MP2 singlet pair energy [au]:              -0.598171952784
 DF-MP2 triplet pair energy [au]:              -0.149852982022
 DF-SCS-MP2 correlation energy [au]:           -0.767757337348
 DF-SCS-MP2 energy [au]:                     -159.286846743102
 DF-SOS-MP2 correlation energy [au]:           -0.777623538619
 DF-SOS-MP2 energy [au]:                     -159.296712944373
 DF-MP2 correlation energy [au]:               -0.748024934806
 DF-MP2 energy [au]:                         -159.267114340560

 Results in NAF basis:
 
 
 Reference energy [au]:                      -158.519089405754
 DF-MP2 singlet pair energy [au]:              -0.598051032440
 DF-MP2 triplet pair energy [au]:              -0.149931214679
 DF-SCS-MP2 correlation energy [au]:           -0.767638310488
 DF-SCS-MP2 energy [au]:                     -159.286727716242
 DF-SOS-MP2 correlation energy [au]:           -0.777466342172
 DF-SOS-MP2 energy [au]:                     -159.296555747926
 DF-MP2 correlation energy [au]:               -0.747982247119
 DF-MP2 energy [au]:                         -159.267071652873

 ************************ 2023-02-05 13:35:42 *************************
 Executing ccsd...

 Allocation of 220.0 Gbytes of memory...

 Direct DF-CCSD(T) calculation
 
 Convergence criterion:  1.0E-06
 
 Number of occupied/virtual/auxiliary orbitals:    14   278   756
   3422.71 MB is the minimal memory requirement for (T)
    780.99 MB is the minimal memory requirement for CCSD
 
 Reference energy [au]:            -158.519089405754
 T1 contribution [au]:                0.000000000000
 Same spin MP2 energy [au]:          -0.149891980241
 Opposite spin MP2 energy [au]:      -0.598111151607
 MP2 correlation energy [au]:        -0.748003131848
 Total MP2 energy [au]:            -159.267092537602
 MP2 correction [au]:                -0.002575583023
 
 
 CPU time [min]:     0.907                   Wall time [min]:     0.132
 
 Starting CCSD iterations...
 
                     Residual norm          Energy
 Iteration  1        0.241423399566     -159.308948966046
 Iteration  2        0.060038437938     -159.328078914849
 Iteration  3        0.015976025976     -159.329991093967
 Iteration  4        0.003604229535     -159.330007725991
 Iteration  5        0.000758975310     -159.330018139854
 Iteration  6        0.000215380639     -159.330024294458
 Iteration  7        0.000051278292     -159.330023863654
 Iteration  8        0.000013081250     -159.330024446859
 Iteration  9        0.000002622827     -159.330024394801
 
 CCSD iteration has converged in  9 steps.
    23656.02 MB memory was utilized by CCSD
 
 T1 diagnostic:      7.817E-03            D1 diagnostic:      1.354E-02
 
 T1 contribution [au]:                                  0.000000000000
 PPL energy contribution [au]:                          0.205824145879
 Scaled PPL energy contribution [au]:                   0.206541621490

 OS-PPL energy contribution [au]:                       0.179923624539
 Scaled OS-PPL energy contribution [au]:                0.180665847090
 SS-PPL energy contribution [au]:                       0.025900521340
 Scaled SS-PPL energy contribution [au]:                0.025924178673

 Opposite spin CCSD energy [au]:                       -0.668571600611
 Same spin CCSD energy [au]:                           -0.142400412789
 CCSD correlation energy [au]:                         -0.810972013400
 CCSD correlation energy + MP2 correction [au]:        -0.813547596424
 CCSD correlation energy + MP2 + PPL corr. [au]:       -0.812830120813
 Total CCSD energy [au]:                             -159.330061419154
 Total CCSD energy + MP2 correction [au]:            -159.332637002178
 Total CCSD energy + MP2 + PPL corr. [au]:           -159.331919526567
 
 CPU time [min]:    52.389                   Wall time [min]:     1.755
 
 Calculation of (T) correction...
 
 
     4429.83 MB memory is utilized for (T)

 0%       25%       50%       75%       100%
 |---------|---------|---------|---------| 
 
 (T) correction [au]:                                    -0.027918529919
 (T*) correction [au]:                                   -0.028014661190
 (T+) correction [au]:                                   -0.028013484893
 CCSD(T) correlation energy [au]:                        -0.838890543319
 CCSD(T) correlation energy + MP2 correction [au]:       -0.841466126343
 CCSD(T+) correlation en. + MP2 + PPL corr. [au]:        -0.840843605706
 Total CCSD(T) energy [au]:                            -159.357979949073
 Total CCSD(T) energy + MP2 correction [au]:           -159.360555532097
 Total CCSD(T+) energy + MP2 + PPL corr. [au]:         -159.359933011459
 
 CPU time [min]:   110.167                   Wall time [min]:     3.450
 
 ************************ 2023-02-05 13:39:09 *************************
                      Normal termination of mrcc.
 **********************************************************************
