 **********************************************************************
                          MRCC program system
 **********************************************************************
 
                              Written by
     Mihaly Kallay, Peter R. Nagy, David Mester, Laszlo Gyevi-Nagy,
        Jozsef Csoka, P. Bernat Szabo, Zoltan Rolik, Gyula Samu,
     Jozsef Csontos, Bence Hegely, Adam Ganyecz, Istvan Ladjanszki,
       Lorant Szegedy, Bence Ladoczki, Klara Petrov, Mate Farkas,
                    Pal D. Mezei, and Reka A. Horvath
 
        Department of Physical Chemistry and Materials Science
            Budapest University of Technology and Economics
                  Budapest P.O.Box 91, H-1521 Hungary
 
                              www.mrcc.hu
 
                      Release date: March 18, 2022

 ************************ 2023-02-05 13:12:27 *************************
 Executing minp...

 Reading input from MINP...
 
 Input file:
 
calc=FNO-CCSD(T)
verbosity=3
mem=220GB
unit=angs
scfiguess=small
scfalg=locfit1
ccmaxit=400
ccsdalg=dfdirect
ccsdthreads=4
ccsdmkl=thr
ptthreads=4
lnoepsv=1e-5
naf_cor=1e-2
basis=aug-cc-pVQZ
basis_sm=def2-SVP
dfbasis_scf=def2-QZVPP-RI-JK
dfbasis_cor=aug-cc-pVQZ-RI
unit=angs
geom=xyz
16

C    34.41670262    34.07107264    10.41543014
C    33.11117461    33.45680459    10.91530835
H    34.24160149    35.00442132     9.86225048
H    34.94674030    33.36940783     9.75379242
H    35.10002891    34.30603621    11.24227357
H    32.42643037    33.26105434    10.07939442
H    32.59136835    34.12756100    11.61262818
H    33.28915165    32.50678735    11.43686767
C    34.41672034    38.29159093    10.41548088
C    33.11116301    37.67729539    10.91529140
H    34.24151778    39.22503006     9.86250154
H    34.94669279    37.58971855     9.75399090
H    35.10030311    38.52667515    11.24209422
H    32.42628860    37.48139737    10.07951373
H    32.59132561    38.34822797    11.61243196
H    33.28922462    36.72719264    11.43663402

--------------------Output has been truncated-------------------------


--------------------Output has been truncated-------------------------


--------------------Output has been truncated-------------------------


--------------------Output has been truncated-------------------------


--------------------Output has been truncated-------------------------


--------------------Output has been truncated-------------------------


--------------------Output has been truncated-------------------------


--------------------Output has been truncated-------------------------


--------------------Output has been truncated-------------------------


--------------------Output has been truncated-------------------------


 
 Reference energy [au]:                      -158.527677888426
 DF-MP2 singlet pair energy [au]:              -0.636990683118
 DF-MP2 triplet pair energy [au]:              -0.155142124526
 DF-SCS-MP2 correlation energy [au]:           -0.816102861250
 DF-SCS-MP2 energy [au]:                     -159.343780749676
 DF-SOS-MP2 correlation energy [au]:           -0.828087888053
 DF-SOS-MP2 energy [au]:                     -159.355765776479
 DF-MP2 correlation energy [au]:               -0.792132807644
 DF-MP2 energy [au]:                         -159.319810696070

 Results in FNO basis:
 
 
 Reference energy [au]:                      -158.527677888426
 DF-MP2 singlet pair energy [au]:              -0.626370038458
 DF-MP2 triplet pair energy [au]:              -0.154518509143
 DF-SCS-MP2 correlation energy [au]:           -0.803150215864
 DF-SCS-MP2 energy [au]:                     -159.330828104291
 DF-SOS-MP2 correlation energy [au]:           -0.814281049996
 DF-SOS-MP2 energy [au]:                     -159.341958938422
 DF-MP2 correlation energy [au]:               -0.780888547602
 DF-MP2 energy [au]:                         -159.308566436028

 Results in NAF basis:
 
 
 Reference energy [au]:                      -158.527677888426
 DF-MP2 singlet pair energy [au]:              -0.626327168763
 DF-MP2 triplet pair energy [au]:              -0.154533701003
 DF-SCS-MP2 correlation energy [au]:           -0.803103836183
 DF-SCS-MP2 energy [au]:                     -159.330781724610
 DF-SOS-MP2 correlation energy [au]:           -0.814225319392
 DF-SOS-MP2 energy [au]:                     -159.341903207818
 DF-MP2 correlation energy [au]:               -0.780860869766
 DF-MP2 energy [au]:                         -159.308538758192

 ************************ 2023-02-05 13:15:21 *************************
 Executing ccsd...

 Allocation of 220.0 Gbytes of memory...

 Direct DF-CCSD(T) calculation
 
 Convergence criterion:  1.0E-06
 
 Number of occupied/virtual/auxiliary orbitals:    14   350  1108
   6901.35 MB is the minimal memory requirement for (T)
   1581.26 MB is the minimal memory requirement for CCSD
 
 Reference energy [au]:            -158.527677888426
 T1 contribution [au]:                0.000000000000
 Same spin MP2 energy [au]:          -0.154526099848
 Opposite spin MP2 energy [au]:      -0.626348594071
 MP2 correlation energy [au]:        -0.780874693918
 Total MP2 energy [au]:            -159.308552582345
 MP2 correction [au]:                -0.011258113725
 
 
 CPU time [min]:     1.565                   Wall time [min]:     0.492
 
 Starting CCSD iterations...
 
                     Residual norm          Energy
 Iteration  1        0.245423832269     -159.344081181249
 Iteration  2        0.060360043902     -159.363144002042
 Iteration  3        0.017865102626     -159.365495741839
 Iteration  4        0.003608461765     -159.365496096258
 Iteration  5        0.000790220402     -159.365505107989
 Iteration  6        0.000226343962     -159.365508447273
 Iteration  7        0.000055279043     -159.365508015527
 Iteration  8        0.000015696378     -159.365508669679
 Iteration  9        0.000003904648     -159.365508658138
 
 CCSD iteration has converged in  9 steps.
    59045.55 MB memory was utilized by CCSD
 
 T1 diagnostic:      8.294E-03            D1 diagnostic:      1.498E-02
 
 T1 contribution [au]:                                  0.000000000000
 PPL energy contribution [au]:                          0.218001274159
 Scaled PPL energy contribution [au]:                   0.221163948961

 OS-PPL energy contribution [au]:                       0.191086468631
 Scaled OS-PPL energy contribution [au]:                0.194353498464
 SS-PPL energy contribution [au]:                       0.026914805528
 Scaled SS-PPL energy contribution [au]:                0.027019827036

 Opposite spin CCSD energy [au]:                       -0.691240456949
 Same spin CCSD energy [au]:                           -0.146606773779
 CCSD correlation energy [au]:                         -0.837847230728
 CCSD correlation energy + MP2 correction [au]:        -0.849105344453
 CCSD correlation energy + MP2 + PPL corr. [au]:       -0.845942669651
 Total CCSD energy [au]:                             -159.365525119154
 Total CCSD energy + MP2 correction [au]:            -159.376783232879
 Total CCSD energy + MP2 + PPL corr. [au]:           -159.373620558077
 
 CPU time [min]:   156.667                   Wall time [min]:     5.485
 
 Calculation of (T) correction...
 
 
     8834.15 MB memory is utilized for (T)

 0%       25%       50%       75%       100%
 |---------|---------|---------|---------| 
 
 (T) correction [au]:                                    -0.029911241776
 (T*) correction [au]:                                   -0.030342481467
 (T+) correction [au]:                                   -0.030335377093
 CCSD(T) correlation energy [au]:                        -0.867758472504
 CCSD(T) correlation energy + MP2 correction [au]:       -0.879016586229
 CCSD(T+) correlation en. + MP2 + PPL corr. [au]:        -0.876278046744
 Total CCSD(T) energy [au]:                            -159.395436360930
 Total CCSD(T) energy + MP2 correction [au]:           -159.406694474656
 Total CCSD(T+) energy + MP2 + PPL corr. [au]:         -159.403955935171
 
 CPU time [min]:   276.274                   Wall time [min]:     9.161
 
 ************************ 2023-02-05 13:24:31 *************************
                      Normal termination of mrcc.
 **********************************************************************
