 **********************************************************************
                          MRCC program system
 **********************************************************************
 
                              Written by
     Mihaly Kallay, Peter R. Nagy, David Mester, Laszlo Gyevi-Nagy,
        Jozsef Csoka, P. Bernat Szabo, Zoltan Rolik, Gyula Samu,
     Jozsef Csontos, Bence Hegely, Adam Ganyecz, Istvan Ladjanszki,
       Lorant Szegedy, Bence Ladoczki, Klara Petrov, Mate Farkas,
                    Pal D. Mezei, and Reka A. Horvath
 
        Department of Physical Chemistry and Materials Science
            Budapest University of Technology and Economics
                  Budapest P.O.Box 91, H-1521 Hungary
 
                              www.mrcc.hu
 
                      Release date: March 18, 2022

 ************************ 2023-02-05 13:15:52 *************************
 Executing minp...

 Reading input from MINP...
 
 Input file:
 
calc=FNO-CCSD(T)
verbosity=3
mem=220GB
unit=angs
scfiguess=small
scfalg=locfit1
ccmaxit=400
ccsdalg=dfdirect
ccsdthreads=4
ccsdmkl=thr
ptthreads=4
lnoepsv=1e-5
naf_cor=1e-2
basis=aug-cc-pVTZ
basis_sm=def2-SVP
dfbasis_scf=def2-QZVPP-RI-JK
dfbasis_cor=aug-cc-pVTZ-RI
unit=angs
geom=xyz
16

C    34.41670262    34.07107264    10.41543014
C    33.11117461    33.45680459    10.91530835
H    34.24160149    35.00442132     9.86225048
H    34.94674030    33.36940783     9.75379242
H    35.10002891    34.30603621    11.24227357
H    32.42643037    33.26105434    10.07939442
H    32.59136835    34.12756100    11.61262818
H    33.28915165    32.50678735    11.43686767
C    42.85770499    29.85060628    10.41548088
C    41.55214767    29.23631074    10.91529140
H    42.68250243    30.78404540     9.86250154
H    43.38767744    29.14873389     9.75399090
H    43.54128776    30.08569049    11.24209422
H    40.86727325    29.04041272    10.07951373
H    41.03231026    29.90724332    11.61243196
H    41.73020928    28.28620799    11.43663402

--------------------Output has been truncated-------------------------


--------------------Output has been truncated-------------------------


--------------------Output has been truncated-------------------------


--------------------Output has been truncated-------------------------


--------------------Output has been truncated-------------------------


--------------------Output has been truncated-------------------------


--------------------Output has been truncated-------------------------


--------------------Output has been truncated-------------------------


--------------------Output has been truncated-------------------------


--------------------Output has been truncated-------------------------


 
 Reference energy [au]:                       -79.259548408969
 DF-MP2 singlet pair energy [au]:              -0.300256869801
 DF-MP2 triplet pair energy [au]:              -0.075031778693
 DF-SCS-MP2 correlation energy [au]:           -0.385318836659
 DF-SCS-MP2 energy [au]:                      -79.644867245627
 DF-SOS-MP2 correlation energy [au]:           -0.390333930741
 DF-SOS-MP2 energy [au]:                      -79.649882339710
 DF-MP2 correlation energy [au]:               -0.375288648494
 DF-MP2 energy [au]:                          -79.634837057462

 Results in FNO basis:
 
 
 Reference energy [au]:                       -79.259548408969
 DF-MP2 singlet pair energy [au]:              -0.299086126226
 DF-MP2 triplet pair energy [au]:              -0.074925461257
 DF-SCS-MP2 correlation energy [au]:           -0.383878505223
 DF-SCS-MP2 energy [au]:                      -79.643426914192
 DF-SOS-MP2 correlation energy [au]:           -0.388811964093
 DF-SOS-MP2 energy [au]:                      -79.648360373062
 DF-MP2 correlation energy [au]:               -0.374011587483
 DF-MP2 energy [au]:                          -79.633559996452

 Results in NAF basis:
 
 
 Reference energy [au]:                       -79.259548408969
 DF-MP2 singlet pair energy [au]:              -0.299025398072
 DF-MP2 triplet pair energy [au]:              -0.074964497375
 DF-SCS-MP2 correlation energy [au]:           -0.383818643478
 DF-SCS-MP2 energy [au]:                      -79.643367052446
 DF-SOS-MP2 correlation energy [au]:           -0.388733017493
 DF-SOS-MP2 energy [au]:                      -79.648281426462
 DF-MP2 correlation energy [au]:               -0.373989895447
 DF-MP2 energy [au]:                          -79.633538304416

 ************************ 2023-02-05 13:16:29 *************************
 Executing ccsd...

 Allocation of 220.0 Gbytes of memory...

 Direct DF-CCSD(T) calculation
 
 Convergence criterion:  1.0E-06
 
 Number of occupied/virtual/auxiliary orbitals:     7   139   378
    421.21 MB is the minimal memory requirement for (T)
     94.89 MB is the minimal memory requirement for CCSD
 
 Reference energy [au]:             -79.259548408969
 T1 contribution [au]:                0.000000000000
 Same spin MP2 energy [au]:          -0.074944920143
 Opposite spin MP2 energy [au]:      -0.299055591328
 MP2 correlation energy [au]:        -0.374000511471
 Total MP2 energy [au]:             -79.633548920440
 MP2 correction [au]:                -0.001288137023
 
 
 CPU time [min]:     0.320                   Wall time [min]:     0.017
 
 Starting CCSD iterations...
 
                     Residual norm          Energy
 Iteration  1        0.170710901028      -79.654477392890
 Iteration  2        0.042453126627      -79.664042350809
 Iteration  3        0.011296730669      -79.664998470842
 Iteration  4        0.002548578265      -79.665006797424
 Iteration  5        0.000536672878      -79.665012004368
 Iteration  6        0.000152293254      -79.665015081256
 Iteration  7        0.000036257954      -79.665014865826
 Iteration  8        0.000009249196      -79.665015157433
 
 CCSD iteration has converged in  8 steps.
     1534.57 MB memory was utilized by CCSD
 
 T1 diagnostic:      7.817E-03            D1 diagnostic:      1.354E-02
 
 T1 contribution [au]:                                  0.000000000000
 PPL energy contribution [au]:                          0.102912704666
 Scaled PPL energy contribution [au]:                   0.103271586499

 OS-PPL energy contribution [au]:                       0.089962398738
 Scaled OS-PPL energy contribution [au]:                0.090333651141
 SS-PPL energy contribution [au]:                       0.012950305928
 Scaled SS-PPL energy contribution [au]:                0.012962142922

 Opposite spin CCSD energy [au]:                       -0.334286228442
 Same spin CCSD energy [au]:                           -0.071199188310
 CCSD correlation energy [au]:                         -0.405485416752
 CCSD correlation energy + MP2 correction [au]:        -0.406773553774
 CCSD correlation energy + MP2 + PPL corr. [au]:       -0.406414671941
 Total CCSD energy [au]:                              -79.665033825720
 Total CCSD energy + MP2 correction [au]:             -79.666321962743
 Total CCSD energy + MP2 + PPL corr. [au]:            -79.665963080910
 
 CPU time [min]:     2.706                   Wall time [min]:     0.087
 
 Calculation of (T) correction...
 
 
      388.93 MB memory is utilized for (T)

 0%       25%       50%       75%       100%
 |---------|---------|---------|---------| 
 
 (T) correction [au]:                                    -0.013959108249
 (T*) correction [au]:                                   -0.014007186376
 (T+) correction [au]:                                   -0.014006603893
 CCSD(T) correlation energy [au]:                        -0.419444525001
 CCSD(T) correlation energy + MP2 correction [au]:       -0.420732662023
 CCSD(T+) correlation en. + MP2 + PPL corr. [au]:        -0.420421275834
 Total CCSD(T) energy [au]:                             -79.678992933970
 Total CCSD(T) energy + MP2 correction [au]:            -79.680281070992
 Total CCSD(T+) energy + MP2 + PPL corr. [au]:          -79.679969684803
 
 CPU time [min]:     3.409                   Wall time [min]:     0.109
 
 ************************ 2023-02-05 13:16:36 *************************
                      Normal termination of mrcc.
 **********************************************************************
