 **********************************************************************
                          MRCC program system
 **********************************************************************
 
                              Written by
     Mihaly Kallay, Peter R. Nagy, David Mester, Laszlo Gyevi-Nagy,
        Jozsef Csoka, P. Bernat Szabo, Zoltan Rolik, Gyula Samu,
     Jozsef Csontos, Bence Hegely, Adam Ganyecz, Istvan Ladjanszki,
       Lorant Szegedy, Bence Ladoczki, Klara Petrov, Mate Farkas,
                    Pal D. Mezei, and Reka A. Horvath
 
        Department of Physical Chemistry and Materials Science
            Budapest University of Technology and Economics
                  Budapest P.O.Box 91, H-1521 Hungary
 
                              www.mrcc.hu
 
                      Release date: March 18, 2022

 ************************ 2023-02-04 11:44:53 *************************
 Executing minp...

 Reading input from MINP...
 
 Input file:
 
calc=FNO-CCSD(T)
verbosity=3
mem=220GB
unit=angs
scfiguess=small
scfalg=locfit1
ccmaxit=400
ccsdalg=dfdirect
ccsdthreads=4
ccsdmkl=thr
ptthreads=4
lnoepsv=1e-5
naf_cor=1e-2
basis=aug-cc-pVQZ
basis_sm=def2-SVP
dfbasis_scf=def2-QZVPP-RI-JK
dfbasis_cor=aug-cc-pVQZ-RI
unit=angs
geom=xyz
10

C    29.54344629    29.54344629    16.97505516
H    29.54344670    30.44187631    17.60392580
H    29.54344662    28.64496649    17.60393442
H    30.44658454    29.54342777    16.34911135
H    28.64030918    29.54342779    16.34911130
C    33.76393855    33.76393881    16.97520498
H    33.76393892    32.86541825    17.60414260
H    32.86104419    33.76392017    16.34891491
H    33.76393902    34.66240904    17.60413400
H    34.66683405    33.76392005    16.34891492

--------------------Output has been truncated-------------------------


--------------------Output has been truncated-------------------------


--------------------Output has been truncated-------------------------


--------------------Output has been truncated-------------------------


--------------------Output has been truncated-------------------------


--------------------Output has been truncated-------------------------


--------------------Output has been truncated-------------------------


--------------------Output has been truncated-------------------------


--------------------Output has been truncated-------------------------


--------------------Output has been truncated-------------------------


 
 Reference energy [au]:                       -40.215615555878
 DF-MP2 singlet pair energy [au]:              -0.173756503507
 DF-MP2 triplet pair energy [au]:              -0.037498355845
 DF-SCS-MP2 correlation energy [au]:           -0.221007256156
 DF-SCS-MP2 energy [au]:                      -40.436622812034
 DF-SOS-MP2 correlation energy [au]:           -0.225883454559
 DF-SOS-MP2 energy [au]:                      -40.441499010436
 DF-MP2 correlation energy [au]:               -0.211254859351
 DF-MP2 energy [au]:                          -40.426870415229

 Results in FNO basis:
 
 
 Reference energy [au]:                       -40.215615555878
 DF-MP2 singlet pair energy [au]:              -0.170620020261
 DF-MP2 triplet pair energy [au]:              -0.037356924561
 DF-SCS-MP2 correlation energy [au]:           -0.217196332500
 DF-SCS-MP2 energy [au]:                      -40.432811888378
 DF-SOS-MP2 correlation energy [au]:           -0.221806026339
 DF-SOS-MP2 energy [au]:                      -40.437421582217
 DF-MP2 correlation energy [au]:               -0.207976944822
 DF-MP2 energy [au]:                          -40.423592500699

 Results in NAF basis:
 
 
 Reference energy [au]:                       -40.215615555878
 DF-MP2 singlet pair energy [au]:              -0.170602406199
 DF-MP2 triplet pair energy [au]:              -0.037363612819
 DF-SCS-MP2 correlation energy [au]:           -0.217177425045
 DF-SCS-MP2 energy [au]:                      -40.432792980923
 DF-SOS-MP2 correlation energy [au]:           -0.221783128059
 DF-SOS-MP2 energy [au]:                      -40.437398683937
 DF-MP2 correlation energy [au]:               -0.207966019018
 DF-MP2 energy [au]:                          -40.423581574896

 ************************ 2023-02-04 11:45:34 *************************
 Executing ccsd...

 Allocation of 220.0 Gbytes of memory...

 Direct DF-CCSD(T) calculation
 
 Convergence criterion:  1.0E-06
 
 Number of occupied/virtual/auxiliary orbitals:     4   101   320
    163.36 MB is the minimal memory requirement for (T)
     39.40 MB is the minimal memory requirement for CCSD
 
 Reference energy [au]:             -40.215615555878
 T1 contribution [au]:                0.000000000000
 Same spin MP2 energy [au]:          -0.037360264266
 Opposite spin MP2 energy [au]:      -0.170611203527
 MP2 correlation energy [au]:        -0.207971467793
 Total MP2 energy [au]:             -40.423587023671
 MP2 correction [au]:                -0.003283391558
 
 
 CPU time [min]:     0.175                   Wall time [min]:     0.008
 
 Starting CCSD iterations...
 
                     Residual norm          Energy
 Iteration  1        0.138682824522      -40.436531824374
 Iteration  2        0.035377539362      -40.442055651410
 Iteration  3        0.009772677978      -40.442638484965
 Iteration  4        0.002021083395      -40.442642987050
 Iteration  5        0.000374936757      -40.442649499496
 Iteration  6        0.000084809374      -40.442649376259
 Iteration  7        0.000020226756      -40.442650066468
 Iteration  8        0.000003739348      -40.442650123440
 
 CCSD iteration has converged in  8 steps.
      444.29 MB memory was utilized by CCSD
 
 T1 diagnostic:      7.996E-03            D1 diagnostic:      1.291E-02
 
 T1 contribution [au]:                                  0.000000000000
 PPL energy contribution [au]:                          0.060604426213
 Scaled PPL energy contribution [au]:                   0.061561823105

 OS-PPL energy contribution [au]:                       0.053775866688
 Scaled OS-PPL energy contribution [au]:                0.054769533870
 SS-PPL energy contribution [au]:                       0.006828559525
 Scaled SS-PPL energy contribution [au]:                0.006852882433

 Opposite spin CCSD energy [au]:                       -0.191005618017
 Same spin CCSD energy [au]:                           -0.036035728898
 CCSD correlation energy [au]:                         -0.227041346916
 CCSD correlation energy + MP2 correction [au]:        -0.230324738474
 CCSD correlation energy + MP2 + PPL corr. [au]:       -0.229367341582
 Total CCSD energy [au]:                              -40.442656902794
 Total CCSD energy + MP2 correction [au]:             -40.445940294352
 Total CCSD energy + MP2 + PPL corr. [au]:            -40.444982897460
 
 CPU time [min]:     0.874                   Wall time [min]:     0.028
 
 Calculation of (T) correction...
 
 
      124.68 MB memory is utilized for (T)

 0%       25%       50%       75%       100%
 |---------|---------|---------|---------| 
 
 (T) correction [au]:                                    -0.006942062215
 (T*) correction [au]:                                   -0.007051661425
 (T+) correction [au]:                                   -0.007051254460
 CCSD(T) correlation energy [au]:                        -0.233983409131
 CCSD(T) correlation energy + MP2 correction [au]:       -0.237266800689
 CCSD(T+) correlation en. + MP2 + PPL corr. [au]:        -0.236418596042
 Total CCSD(T) energy [au]:                             -40.449598965009
 Total CCSD(T) energy + MP2 correction [au]:            -40.452882356567
 Total CCSD(T+) energy + MP2 + PPL corr. [au]:          -40.452034151920
 
 CPU time [min]:     0.964                   Wall time [min]:     0.030
 
 ************************ 2023-02-04 11:45:36 *************************
                      Normal termination of mrcc.
 **********************************************************************
