================================================================================
                                       INPUT FILE
================================================================================
NAME = orca.inp
|  1>  ! TightSCF RI-MP2 RIJCOSX SlowConv DIIS
|  2> %maxcore 75000
|  3> %pal
|  4> nprocs 16
|  5> end
|  6> %pointcharges "orca.bq"
|  7> %method
|  8> Method hf
|  9> RI on
| 10> RunTyp Energy
| 11> NewNCore O 2 end
| 12> NewNCore Mg 2 end
| 13> NewNCore N 2 end
| 14> end
| 15> %basis
| 16> NewGTO Mg
| 17> "cc-pwCVDZ"
| 18> end
| 19> NewGTO H
| 20> "aug-cc-pVDZ"
| 21> end
| 22> NewGTO N
| 23> "aug-cc-pVDZ"
| 24> end
| 25> NewGTO O
| 26> "aug-cc-pVDZ"
| 27> end
| 28> NewAuxCGTO Mg
| 29> "AutoAux"
| 30> end
| 31> NewAuxCGTO H
| 32> "aug-cc-pVDZ/C"
| 33> end
| 34> NewAuxCGTO N
| 35> "aug-cc-pVDZ/C"
| 36> end
| 37> NewAuxCGTO O 
| 38> "aug-cc-pVDZ/C"
| 39> end
| 40> Aux "def2/J"
| 41> end
| 42> %scf
| 43> HFTyp uhf
| 44> Guess MORead
| 45> MOInp "orca_svp_start.gbw"
| 46> SCFMode Direct
| 47> sthresh 1e-6
| 48> AutoTRAHIter 60
| 49> MaxIter 1000
| 50> end
| 51> %coords
| 52> CTyp xyz
| 53> Mult 1
| 54> Units angs
| 55>       Charge -24
| 56>   coords
| 57> N:                      1.18932285323   -0.14368532620    2.07778249911
| 58> O:                      1.68437632877    0.62999818141    2.83068074764
| 59> Mg                      0.00000000000    0.00000000000    0.00000000000
| 60> O                      -2.09183348661    0.00249593741   -0.00557340686
| 61> O                       0.01900061516   -2.11652692880   -0.03021786607
| 62> O                       0.02424986020    2.11800159518   -0.01747479009
| 63> O                       2.15155755593    0.00779692003   -0.00351839185
| 64> O                       0.02305316997    0.00262867071   -2.15414353788
| 65> Mg                     -2.08699896091   -2.11320990426   -0.05371801540
| 66> Mg                     -2.08680989351    2.11749073370   -0.05110974199
| 67> Mg                      2.12615836021   -2.12353187663   -0.04008991275
| 68> Mg                      2.13035971734    2.13862649432   -0.05582637517
| 69> O                      -2.09439841000   -2.10689612230   -2.16464742246
| 70> O                      -2.09273784900    2.11070374228   -2.16301644900
| 71> O                       2.13159482914   -2.10342446423   -2.15966024884
| 72> O                       2.13158856823    2.10834555457   -2.16061347011
| 73> O                      -4.20199083012   -2.10563868359   -0.00436388605
| 74> O                      -4.20203278389    2.11208099820   -0.00569061741
| 75> O                      -2.09196965186   -4.21875641365   -0.01160018108
| 76> O                      -2.09196965186    4.22223064217   -0.01160018108
| 77> O                       2.13234187590   -4.21607945476   -0.01249984656
| 78> O                       2.13234187590    4.22490760106   -0.01249984656
| 79> O                       4.23899622570   -2.10563868359   -0.00436388605
| 80> O                       4.23895427193    2.11208099820   -0.00569061741
| 81> Mg>    2.00000000000   -2.08503274125    0.00170064598   -2.15503356744
| 82> NewECP
| 83> N_core 0
| 84> lmax f
| 85> s 1
| 86> 1      1.732000000   14.676000000 2
| 87> p 1
| 88> 1      1.115000000    5.175700000 2
| 89> d 1
| 90> 1      1.203000000   -1.816000000 2
| 91> f 1
| 92> 1      1.000000000    0.000000000 2
| 93> end
| 94> Mg>    2.00000000000    0.01903204738   -2.10546560156   -2.15224938277
| 95> NewECP
| 96> N_core 0
| 97> lmax f
| 98> s 1
| 99> 1      1.732000000   14.676000000 2
|100> p 1
|101> 1      1.115000000    5.175700000 2
|102> d 1
|103> 1      1.203000000   -1.816000000 2
|104> f 1
|105> 1      1.000000000    0.000000000 2
|106> end
|107> Mg>    2.00000000000    0.01869880777    2.10850873899   -2.15226762739
|108> NewECP
|109> N_core 0
|110> lmax f
|111> s 1
|112> 1      1.732000000   14.676000000 2
|113> p 1
|114> 1      1.115000000    5.175700000 2
|115> d 1
|116> 1      1.203000000   -1.816000000 2
|117> f 1
|118> 1      1.000000000    0.000000000 2
|119> end
|120> Mg>    2.00000000000    2.12278944107    0.00055482617   -2.17052201157
|121> NewECP
|122> N_core 0
|123> lmax f
|124> s 1
|125> 1      1.732000000   14.676000000 2
|126> p 1
|127> 1      1.115000000    5.175700000 2
|128> d 1
|129> 1      1.203000000   -1.816000000 2
|130> f 1
|131> 1      1.000000000    0.000000000 2
|132> end
|133> Mg>    2.00000000000   -4.17498926091    0.00270094549   -0.04831683407
|134> NewECP
|135> N_core 0
|136> lmax f
|137> s 1
|138> 1      1.732000000   14.676000000 2
|139> p 1
|140> 1      1.115000000    5.175700000 2
|141> d 1
|142> 1      1.203000000   -1.816000000 2
|143> f 1
|144> 1      1.000000000    0.000000000 2
|145> end
|146> Mg>    2.00000000000    0.01678729128   -4.21697126490   -0.05687106393
|147> NewECP
|148> N_core 0
|149> lmax f
|150> s 1
|151> 1      1.732000000   14.676000000 2
|152> p 1
|153> 1      1.115000000    5.175700000 2
|154> d 1
|155> 1      1.203000000   -1.816000000 2
|156> f 1
|157> 1      1.000000000    0.000000000 2
|158> end
|159> Mg>    2.00000000000    0.01678729128    4.22401579092   -0.05687106393
|160> NewECP
|161> N_core 0
|162> lmax f
|163> s 1
|164> 1      1.732000000   14.676000000 2
|165> p 1
|166> 1      1.115000000    5.175700000 2
|167> d 1
|168> 1      1.203000000   -1.816000000 2
|169> f 1
|170> 1      1.000000000    0.000000000 2
|171> end
|172> Mg>    2.00000000000    4.26599779491    0.00270094549   -0.04831683407
|173> NewECP
|174> N_core 0
|175> lmax f
|176> s 1
|177> 1      1.732000000   14.676000000 2
|178> p 1
|179> 1      1.115000000    5.175700000 2
|180> d 1
|181> 1      1.203000000   -1.816000000 2
|182> f 1
|183> 1      1.000000000    0.000000000 2
|184> end
|185> Mg>    2.00000000000    0.01851023674    0.00156854971   -4.28178389506
|186> NewECP
|187> N_core 0
|188> lmax f
|189> s 1
|190> 1      1.732000000   14.676000000 2
|191> p 1
|192> 1      1.115000000    5.175700000 2
|193> d 1
|194> 1      1.203000000   -1.816000000 2
|195> f 1
|196> 1      1.000000000    0.000000000 2
|197> end
|198> Mg>    2.00000000000   -4.20218864857   -2.10756838373   -2.15434289256
|199> NewECP
|200> N_core 0
|201> lmax f
|202> s 1
|203> 1      1.732000000   14.676000000 2
|204> p 1
|205> 1      1.115000000    5.175700000 2
|206> d 1
|207> 1      1.203000000   -1.816000000 2
|208> f 1
|209> 1      1.000000000    0.000000000 2
|210> end
|211> Mg>    2.00000000000   -4.20024865013    2.11214600544   -2.15535420491
|212> NewECP
|213> N_core 0
|214> lmax f
|215> s 1
|216> 1      1.732000000   14.676000000 2
|217> p 1
|218> 1      1.115000000    5.175700000 2
|219> d 1
|220> 1      1.203000000   -1.816000000 2
|221> f 1
|222> 1      1.000000000    0.000000000 2
|223> end
|224> Mg>    2.00000000000   -2.09021926843   -4.21840731719   -2.15988437164
|225> NewECP
|226> N_core 0
|227> lmax f
|228> s 1
|229> 1      1.732000000   14.676000000 2
|230> p 1
|231> 1      1.115000000    5.175700000 2
|232> d 1
|233> 1      1.203000000   -1.816000000 2
|234> f 1
|235> 1      1.000000000    0.000000000 2
|236> end
|237> Mg>    2.00000000000   -2.09021926843    4.22257973862   -2.15988437164
|238> NewECP
|239> N_core 0
|240> lmax f
|241> s 1
|242> 1      1.732000000   14.676000000 2
|243> p 1
|244> 1      1.115000000    5.175700000 2
|245> d 1
|246> 1      1.203000000   -1.816000000 2
|247> f 1
|248> 1      1.000000000    0.000000000 2
|249> end
|250> Mg>    2.00000000000    2.12868528031   -4.21554810534   -2.16038182599
|251> NewECP
|252> N_core 0
|253> lmax f
|254> s 1
|255> 1      1.732000000   14.676000000 2
|256> p 1
|257> 1      1.115000000    5.175700000 2
|258> d 1
|259> 1      1.203000000   -1.816000000 2
|260> f 1
|261> 1      1.000000000    0.000000000 2
|262> end
|263> Mg>    2.00000000000    4.23879840724   -2.10756838373   -2.15434289256
|264> NewECP
|265> N_core 0
|266> lmax f
|267> s 1
|268> 1      1.732000000   14.676000000 2
|269> p 1
|270> 1      1.115000000    5.175700000 2
|271> d 1
|272> 1      1.203000000   -1.816000000 2
|273> f 1
|274> 1      1.000000000    0.000000000 2
|275> end
|276> Mg>    2.00000000000    2.12868528031    4.22543895047   -2.16038182599
|277> NewECP
|278> N_core 0
|279> lmax f
|280> s 1
|281> 1      1.732000000   14.676000000 2
|282> p 1
|283> 1      1.115000000    5.175700000 2
|284> d 1
|285> 1      1.203000000   -1.816000000 2
|286> f 1
|287> 1      1.000000000    0.000000000 2
|288> end
|289> Mg>    2.00000000000    4.24073840569    2.11214600544   -2.15535420491
|290> NewECP
|291> N_core 0
|292> lmax f
|293> s 1
|294> 1      1.732000000   14.676000000 2
|295> p 1
|296> 1      1.115000000    5.175700000 2
|297> d 1
|298> 1      1.203000000   -1.816000000 2
|299> f 1
|300> 1      1.000000000    0.000000000 2
|301> end
|302> Mg>    2.00000000000   -2.09173652721   -2.10867821425   -4.28178389506
|303> NewECP
|304> N_core 0
|305> lmax f
|306> s 1
|307> 1      1.732000000   14.676000000 2
|308> p 1
|309> 1      1.115000000    5.175700000 2
|310> d 1
|311> 1      1.203000000   -1.816000000 2
|312> f 1
|313> 1      1.000000000    0.000000000 2
|314> end
|315> Mg>    2.00000000000   -2.09173652721    2.11181531366   -4.28178389506
|316> NewECP
|317> N_core 0
|318> lmax f
|319> s 1
|320> 1      1.732000000   14.676000000 2
|321> p 1
|322> 1      1.115000000    5.175700000 2
|323> d 1
|324> 1      1.203000000   -1.816000000 2
|325> f 1
|326> 1      1.000000000    0.000000000 2
|327> end
|328> Mg>    2.00000000000    2.12875700070   -2.10867821425   -4.28178389506
|329> NewECP
|330> N_core 0
|331> lmax f
|332> s 1
|333> 1      1.732000000   14.676000000 2
|334> p 1
|335> 1      1.115000000    5.175700000 2
|336> d 1
|337> 1      1.203000000   -1.816000000 2
|338> f 1
|339> 1      1.000000000    0.000000000 2
|340> end
|341> Mg>    2.00000000000    2.12875700070    2.11181531366   -4.28178389506
|342> NewECP
|343> N_core 0
|344> lmax f
|345> s 1
|346> 1      1.732000000   14.676000000 2
|347> p 1
|348> 1      1.115000000    5.175700000 2
|349> d 1
|350> 1      1.203000000   -1.816000000 2
|351> f 1
|352> 1      1.000000000    0.000000000 2
|353> end
|354> Mg>    2.00000000000   -4.19684125859   -4.21671686973   -0.05088175457
|355> NewECP
|356> N_core 0
|357> lmax f
|358> s 1
|359> 1      1.732000000   14.676000000 2
|360> p 1
|361> 1      1.115000000    5.175700000 2
|362> d 1
|363> 1      1.203000000   -1.816000000 2
|364> f 1
|365> 1      1.000000000    0.000000000 2
|366> end
|367> Mg>    2.00000000000   -4.19684125859    4.22427018609   -0.05088175457
|368> NewECP
|369> N_core 0
|370> lmax f
|371> s 1
|372> 1      1.732000000   14.676000000 2
|373> p 1
|374> 1      1.115000000    5.175700000 2
|375> d 1
|376> 1      1.203000000   -1.816000000 2
|377> f 1
|378> 1      1.000000000    0.000000000 2
|379> end
|380> Mg>    2.00000000000    4.24414579722   -4.21671686973   -0.05088175457
|381> NewECP
|382> N_core 0
|383> lmax f
|384> s 1
|385> 1      1.732000000   14.676000000 2
|386> p 1
|387> 1      1.115000000    5.175700000 2
|388> d 1
|389> 1      1.203000000   -1.816000000 2
|390> f 1
|391> 1      1.000000000    0.000000000 2
|392> end
|393> Mg>    2.00000000000    4.24414579722    4.22427018609   -0.05088175457
|394> NewECP
|395> N_core 0
|396> lmax f
|397> s 1
|398> 1      1.732000000   14.676000000 2
|399> p 1
|400> 1      1.115000000    5.175700000 2
|401> d 1
|402> 1      1.203000000   -1.816000000 2
|403> f 1
|404> 1      1.000000000    0.000000000 2
|405> end
|406> Mg>    2.00000000000   -4.20198329117    0.00156854971   -4.28178389506
|407> NewECP
|408> N_core 0
|409> lmax f
|410> s 1
|411> 1      1.732000000   14.676000000 2
|412> p 1
|413> 1      1.115000000    5.175700000 2
|414> d 1
|415> 1      1.203000000   -1.816000000 2
|416> f 1
|417> 1      1.000000000    0.000000000 2
|418> end
|419> Mg>    2.00000000000    0.01851023674   -4.21892497820   -4.28178389506
|420> NewECP
|421> N_core 0
|422> lmax f
|423> s 1
|424> 1      1.732000000   14.676000000 2
|425> p 1
|426> 1      1.115000000    5.175700000 2
|427> d 1
|428> 1      1.203000000   -1.816000000 2
|429> f 1
|430> 1      1.000000000    0.000000000 2
|431> end
|432> Mg>    2.00000000000    0.01851023674    4.22206207762   -4.28178389506
|433> NewECP
|434> N_core 0
|435> lmax f
|436> s 1
|437> 1      1.732000000   14.676000000 2
|438> p 1
|439> 1      1.115000000    5.175700000 2
|440> d 1
|441> 1      1.203000000   -1.816000000 2
|442> f 1
|443> 1      1.000000000    0.000000000 2
|444> end
|445> Mg>    2.00000000000    4.23900376465    0.00156854971   -4.28178389506
|446> NewECP
|447> N_core 0
|448> lmax f
|449> s 1
|450> 1      1.732000000   14.676000000 2
|451> p 1
|452> 1      1.115000000    5.175700000 2
|453> d 1
|454> 1      1.203000000   -1.816000000 2
|455> f 1
|456> 1      1.000000000    0.000000000 2
|457> end
|458> Mg>    2.00000000000    2.13035971734   -6.30236056149   -0.05582637517
|459> NewECP
|460> N_core 0
|461> lmax f
|462> s 1
|463> 1      1.732000000   14.676000000 2
|464> p 1
|465> 1      1.115000000    5.175700000 2
|466> d 1
|467> 1      1.203000000   -1.816000000 2
|468> f 1
|469> 1      1.000000000    0.000000000 2
|470> end
|471> Mg>    2.00000000000   -2.08680989351   -6.32349632211   -0.05110974199
|472> NewECP
|473> N_core 0
|474> lmax f
|475> s 1
|476> 1      1.732000000   14.676000000 2
|477> p 1
|478> 1      1.115000000    5.175700000 2
|479> d 1
|480> 1      1.203000000   -1.816000000 2
|481> f 1
|482> 1      1.000000000    0.000000000 2
|483> end
|484> Mg>    2.00000000000   -6.31482869560   -2.12353187663   -0.04008991275
|485> NewECP
|486> N_core 0
|487> lmax f
|488> s 1
|489> 1      1.732000000   14.676000000 2
|490> p 1
|491> 1      1.115000000    5.175700000 2
|492> d 1
|493> 1      1.203000000   -1.816000000 2
|494> f 1
|495> 1      1.000000000    0.000000000 2
|496> end
|497> Mg>    2.00000000000   -2.08699896091    6.32777715156   -0.05371801540
|498> NewECP
|499> N_core 0
|500> lmax f
|501> s 1
|502> 1      1.732000000   14.676000000 2
|503> p 1
|504> 1      1.115000000    5.175700000 2
|505> d 1
|506> 1      1.203000000   -1.816000000 2
|507> f 1
|508> 1      1.000000000    0.000000000 2
|509> end
|510> Mg>    2.00000000000   -6.31062733847    2.13862649432   -0.05582637517
|511> NewECP
|512> N_core 0
|513> lmax f
|514> s 1
|515> 1      1.732000000   14.676000000 2
|516> p 1
|517> 1      1.115000000    5.175700000 2
|518> d 1
|519> 1      1.203000000   -1.816000000 2
|520> f 1
|521> 1      1.000000000    0.000000000 2
|522> end
|523> Mg>    2.00000000000    2.12615836021    6.31745517919   -0.04008991275
|524> NewECP
|525> N_core 0
|526> lmax f
|527> s 1
|528> 1      1.732000000   14.676000000 2
|529> p 1
|530> 1      1.115000000    5.175700000 2
|531> d 1
|532> 1      1.203000000   -1.816000000 2
|533> f 1
|534> 1      1.000000000    0.000000000 2
|535> end
|536> Mg>    2.00000000000   -6.31819761474    0.00055482617   -2.17052201157
|537> NewECP
|538> N_core 0
|539> lmax f
|540> s 1
|541> 1      1.732000000   14.676000000 2
|542> p 1
|543> 1      1.115000000    5.175700000 2
|544> d 1
|545> 1      1.203000000   -1.816000000 2
|546> f 1
|547> 1      1.000000000    0.000000000 2
|548> end
|549> Mg>    2.00000000000    0.01869880777   -6.33247831683   -2.15226762739
|550> NewECP
|551> N_core 0
|552> lmax f
|553> s 1
|554> 1      1.732000000   14.676000000 2
|555> p 1
|556> 1      1.115000000    5.175700000 2
|557> d 1
|558> 1      1.203000000   -1.816000000 2
|559> f 1
|560> 1      1.000000000    0.000000000 2
|561> end
|562> Mg>    2.00000000000    0.01903204738    6.33552145426   -2.15224938277
|563> NewECP
|564> N_core 0
|565> lmax f
|566> s 1
|567> 1      1.732000000   14.676000000 2
|568> p 1
|569> 1      1.115000000    5.175700000 2
|570> d 1
|571> 1      1.203000000   -1.816000000 2
|572> f 1
|573> 1      1.000000000    0.000000000 2
|574> end
|575> Mg>    2.00000000000    6.35398809491   -2.11320990426   -0.05371801540
|576> NewECP
|577> N_core 0
|578> lmax f
|579> s 1
|580> 1      1.732000000   14.676000000 2
|581> p 1
|582> 1      1.115000000    5.175700000 2
|583> d 1
|584> 1      1.203000000   -1.816000000 2
|585> f 1
|586> 1      1.000000000    0.000000000 2
|587> end
|588> Mg>    2.00000000000    6.35417716231    2.11749073370   -0.05110974199
|589> NewECP
|590> N_core 0
|591> lmax f
|592> s 1
|593> 1      1.732000000   14.676000000 2
|594> p 1
|595> 1      1.115000000    5.175700000 2
|596> d 1
|597> 1      1.203000000   -1.816000000 2
|598> f 1
|599> 1      1.000000000    0.000000000 2
|600> end
|601> Mg>    2.00000000000    6.35595431456    0.00170064598   -2.15503356744
|602> NewECP
|603> N_core 0
|604> lmax f
|605> s 1
|606> 1      1.732000000   14.676000000 2
|607> p 1
|608> 1      1.115000000    5.175700000 2
|609> d 1
|610> 1      1.203000000   -1.816000000 2
|611> f 1
|612> 1      1.000000000    0.000000000 2
|613> end
|614> Mg>    2.00000000000   -4.20198329117   -4.21892497820   -4.28178389506
|615> NewECP
|616> N_core 0
|617> lmax f
|618> s 1
|619> 1      1.732000000   14.676000000 2
|620> p 1
|621> 1      1.115000000    5.175700000 2
|622> d 1
|623> 1      1.203000000   -1.816000000 2
|624> f 1
|625> 1      1.000000000    0.000000000 2
|626> end
|627> Mg>    2.00000000000   -4.20198329117    4.22206207762   -4.28178389506
|628> NewECP
|629> N_core 0
|630> lmax f
|631> s 1
|632> 1      1.732000000   14.676000000 2
|633> p 1
|634> 1      1.115000000    5.175700000 2
|635> d 1
|636> 1      1.203000000   -1.816000000 2
|637> f 1
|638> 1      1.000000000    0.000000000 2
|639> end
|640> Mg>    2.00000000000    4.23900376465   -4.21892497820   -4.28178389506
|641> NewECP
|642> N_core 0
|643> lmax f
|644> s 1
|645> 1      1.732000000   14.676000000 2
|646> p 1
|647> 1      1.115000000    5.175700000 2
|648> d 1
|649> 1      1.203000000   -1.816000000 2
|650> f 1
|651> 1      1.000000000    0.000000000 2
|652> end
|653> Mg>    2.00000000000    4.23900376465    4.22206207762   -4.28178389506
|654> NewECP
|655> N_core 0
|656> lmax f
|657> s 1
|658> 1      1.732000000   14.676000000 2
|659> p 1
|660> 1      1.115000000    5.175700000 2
|661> d 1
|662> 1      1.203000000   -1.816000000 2
|663> f 1
|664> 1      1.000000000    0.000000000 2
|665> end
|666> Mg>    2.00000000000   -6.31230177551   -4.21554810534   -2.16038182599
|667> NewECP
|668> N_core 0
|669> lmax f
|670> s 1
|671> 1      1.732000000   14.676000000 2
|672> p 1
|673> 1      1.115000000    5.175700000 2
|674> d 1
|675> 1      1.203000000   -1.816000000 2
|676> f 1
|677> 1      1.000000000    0.000000000 2
|678> end
|679> Mg>    2.00000000000   -4.20024865013   -6.32884105038   -2.15535420491
|680> NewECP
|681> N_core 0
|682> lmax f
|683> s 1
|684> 1      1.732000000   14.676000000 2
|685> p 1
|686> 1      1.115000000    5.175700000 2
|687> d 1
|688> 1      1.203000000   -1.816000000 2
|689> f 1
|690> 1      1.000000000    0.000000000 2
|691> end
|692> Mg>    2.00000000000   -6.31230177551    4.22543895047   -2.16038182599
|693> NewECP
|694> N_core 0
|695> lmax f
|696> s 1
|697> 1      1.732000000   14.676000000 2
|698> p 1
|699> 1      1.115000000    5.175700000 2
|700> d 1
|701> 1      1.203000000   -1.816000000 2
|702> f 1
|703> 1      1.000000000    0.000000000 2
|704> end
|705> Mg>    2.00000000000   -4.20218864857    6.33341867208   -2.15434289256
|706> NewECP
|707> N_core 0
|708> lmax f
|709> s 1
|710> 1      1.732000000   14.676000000 2
|711> p 1
|712> 1      1.115000000    5.175700000 2
|713> d 1
|714> 1      1.203000000   -1.816000000 2
|715> f 1
|716> 1      1.000000000    0.000000000 2
|717> end
|718> Mg>    2.00000000000    4.24073840569   -6.32884105038   -2.15535420491
|719> NewECP
|720> N_core 0
|721> lmax f
|722> s 1
|723> 1      1.732000000   14.676000000 2
|724> p 1
|725> 1      1.115000000    5.175700000 2
|726> d 1
|727> 1      1.203000000   -1.816000000 2
|728> f 1
|729> 1      1.000000000    0.000000000 2
|730> end
|731> Mg>    2.00000000000    4.23879840724    6.33341867208   -2.15434289256
|732> NewECP
|733> N_core 0
|734> lmax f
|735> s 1
|736> 1      1.732000000   14.676000000 2
|737> p 1
|738> 1      1.115000000    5.175700000 2
|739> d 1
|740> 1      1.203000000   -1.816000000 2
|741> f 1
|742> 1      1.000000000    0.000000000 2
|743> end
|744> Mg>    2.00000000000    6.35076778738   -4.21840731719   -2.15988437164
|745> NewECP
|746> N_core 0
|747> lmax f
|748> s 1
|749> 1      1.732000000   14.676000000 2
|750> p 1
|751> 1      1.115000000    5.175700000 2
|752> d 1
|753> 1      1.203000000   -1.816000000 2
|754> f 1
|755> 1      1.000000000    0.000000000 2
|756> end
|757> Mg>    2.00000000000    6.35076778738    4.22257973862   -2.15988437164
|758> NewECP
|759> N_core 0
|760> lmax f
|761> s 1
|762> 1      1.732000000   14.676000000 2
|763> p 1
|764> 1      1.115000000    5.175700000 2
|765> d 1
|766> 1      1.203000000   -1.816000000 2
|767> f 1
|768> 1      1.000000000    0.000000000 2
|769> end
|770>   end
|771> endd                         ****END OF INPUT****
================================================================================
----------------
TOTAL SCF ENERGY
----------------

Total Energy       :        -2616.65149193 Eh          -71202.70697 eV

Components:
Nuclear Repulsion  :         2715.08704522 Eh           73881.27455 eV
Electronic Energy  :        -5331.73853715 Eh         -145083.98152 eV
One Electron Energy:        -9298.29576191 Eh         -253019.49094 eV
Two Electron Energy:         3966.55722476 Eh          107935.50942 eV
Max COSX asymmetry :            0.00001540 Eh               0.00042 eV

Virial components:
Potential Energy   :        -4889.93481245 Eh         -133061.89098 eV
Kinetic Energy     :         2273.28332052 Eh           61859.18401 eV
Virial Ratio       :            2.15104504

--------------------Output has been truncated-------------------------


--------------------Output has been truncated-------------------------


--------------------Output has been truncated-------------------------


--------------------Output has been truncated-------------------------


--------------------Output has been truncated-------------------------


--------------------Output has been truncated-------------------------


--------------------Output has been truncated-------------------------


--------------------Output has been truncated-------------------------


--------------------Output has been truncated-------------------------


--------------------Output has been truncated-------------------------


-----------------------------------------------
 RI-MP2 CORRELATION ENERGY:     -4.437432274 Eh
-----------------------------------------------
---------------------------------------
MP2 TOTAL ENERGY:    -2621.088924209 Eh
---------------------------------------

Maximum memory used throughout the entire MP2-calculation: 227.7 MB

-------------------------   --------------------
FINAL SINGLE POINT ENERGY     -2621.088924209131
-------------------------   --------------------
