================================================================================
                                       INPUT FILE
================================================================================
NAME = orca.inp
|  1>  ! TightSCF RI-MP2 RIJCOSX SlowConv DIIS
|  2> %maxcore 55000
|  3> %pal
|  4> nprocs 4
|  5> end
|  6> %pointcharges "orca.bq"
|  7> %method
|  8> Method hf
|  9> RI on
| 10> RunTyp Energy
| 11> NewNCore O 2 end
| 12> NewNCore Ti 18 end
| 13> NewNCore C 2 end
| 14> end
| 15> %basis
| 16> NewGTO Ti
| 17> "cc-pVDZ"
| 18> end
| 19> NewGTO H
| 20> "aug-cc-pVDZ"
| 21> end
| 22> NewGTO O
| 23> "aug-cc-pVDZ"
| 24> end
| 25> NewGTO C
| 26> "aug-cc-pVDZ"
| 27> end
| 28> NewAuxCGTO Ti
| 29> "cc-pVTZ/C"
| 30> end
| 31> NewAuxCGTO H
| 32> "aug-cc-pVDZ/C"
| 33> end
| 34> NewAuxCGTO O 
| 35> "aug-cc-pVDZ/C"
| 36> end
| 37> NewAuxCGTO C 
| 38> "aug-cc-pVDZ/C"
| 39> end
| 40> Aux "def2/J"    
| 41> end
| 42> %scf
| 43> HFTyp rhf
| 44> Guess MORead
| 45> MOInp "orca_svp_start.gbw"
| 46> SCFMode Direct
| 47> sthresh 1e-6
| 48> AutoTRAHIter 60
| 49> MaxIter 1000
| 50> end
| 51> %coords
| 52> CTyp xyz
| 53> Mult 1
| 54> Units angs
| 55>       Charge -38
| 56>   coords
| 57> C:                     -0.00000430917    1.31509164067    1.42857598049
| 58> O:                     -0.00000574611    2.47911189179    1.59383662211
| 59> O:                     -0.00000267128    0.14922737618    1.23368264549
| 60> Ti                      0.00000000000    0.00000000000   -1.44256391667
| 61> O                       0.00000024093    0.01111718398   -3.26027565441
| 62> O                       1.22732106558   -1.47578819880   -1.15995863404
| 63> O                      -1.22732086204   -1.47578812926   -1.15995869046
| 64> O                      -1.22489961421    1.49745915609   -1.15300400298
| 65> O                       1.22489957656    1.49745925465   -1.15300314847
| 66> Ti                      0.00000020254   -2.94916952236   -1.46573875063
| 67> Ti                      0.00000027915    2.97595395145   -1.46419592765
| 68> O                      -3.25778056690    0.01214663029   -2.57711744614
| 69> O                       3.25778030978    0.01214679184   -2.57711733675
| 70> O                       0.00000009680   -2.95113360904   -3.27202148623
| 71> O                       0.00000022729    2.97325748899   -3.27119649418
| 72> O                      -3.23558968288    0.01536946511   -0.00271414281
| 73> O                       3.23558990257    0.01536932651   -0.00271402688
| 74> Ti                      3.25176697271   -1.46620422283   -1.08472223800
| 75> Ti                     -3.25176665366   -1.46620409450   -1.08472231324
| 76> Ti                     -3.25103578484    1.49172800415   -1.09340727928
| 77> Ti                      3.25103599127    1.49172790646   -1.09340699921
| 78> O                       3.25581760512   -2.94733576416   -2.57564683672
| 79> O                      -3.25581761156   -2.94733571766   -2.57564673075
| 80> O                      -3.25560503254    2.97087383308   -2.57707191415
| 81> O                       3.25560483141    2.97087372847   -2.57707186737
| 82> O                       1.22452658325   -4.42618281315   -1.13893172032
| 83> O                      -1.22452637092   -4.42618276983   -1.13893151157
| 84> O                       3.25002794090   -2.94410910435   -0.00086982439
| 85> O                      -3.25002777557   -2.94410900153   -0.00086970982
| 86> O                      -3.24319149083    2.96606592429   -0.00179606478
| 87> O                       3.24319172453    2.96606599032   -0.00179600181
| 88> O                      -1.22505590052    4.45213695333   -1.14542808143
| 89> O                       1.22505610086    4.45213696798   -1.14542826112
| 90> O                       5.27848928068   -1.46558907870   -1.13395795255
| 91> O                      -5.27848912649   -1.46558906999   -1.13395788044
| 92> O                      -5.27851440728    1.49038163026   -1.13450422766
| 93> O                       5.27851461637    1.49038164738   -1.13450418060
| 94> Ti                      3.25016571393   -4.42452753568   -1.08384236698
| 95> Ti                     -3.25016555176   -4.42452752611   -1.08384202204
| 96> Ti                     -3.24938595146    4.44805170014   -1.08307226799
| 97> Ti                      3.24938628337    4.44805160044   -1.08307232889
| 98> Ti                      0.00000002858   -5.90318659064   -1.46546448187
| 99> Ti                      0.00000002858    5.92719489018   -1.46546448187
|100> O                       0.00000009360   -5.90250416145   -3.27183476956
|101> O                       0.00000009360    5.92787731937   -3.27183476956
|102> O                       3.25289603130   -5.90315525632   -2.57497608436
|103> O                      -3.25289599689   -5.90315536447   -2.57497594349
|104> O                      -3.25289599689    5.92722611636   -2.57497594349
|105> O                       3.25289603130    5.92722622450   -2.57497608436
|106> O                       3.25248696960   -5.90384467089   -0.00000020836
|107> O                      -3.25248687075   -5.90384466245    0.00000000000
|108> O                       5.27909340525   -4.42424488660   -1.13602191341
|109> O                      -5.27909319170   -4.42424492616   -1.13602193978
|110> O                      -5.27854142203    4.44731491313   -1.13528206565
|111> O                       5.27854163950    4.44731484722   -1.13528206225
|112> O                      -3.25248687075    5.92653681837    0.00000000000
|113> O                       3.25248696960    5.92653680993   -0.00000020836
|114> O                       1.22505610086   -7.37824451284   -1.14542826112
|115> O                      -1.22505590052   -7.37824452749   -1.14542808143
|116> O                      -1.22452637092    7.40419871099   -1.13893151157
|117> O                       1.22452658325    7.40419866767   -1.13893172032
|118> Ti>    4.00000000000    0.00000074038   -1.46370376776   -4.63260032643
|119> NewECP
|120> N_core 0
|121>   lmax f
|122>   s 2
|123>    1      0.860000       9.191690  2
|124>    2      0.172000       0.008301  2
|125>   p 2
|126>    1      0.860000      17.997720  2
|127>    2      0.172000      -0.032600  2
|128>   d 2
|129>    1      1.600000      -9.504310  2
|130>    2      0.320000      -0.151370  2
|131>   f 1
|132>    1      1.000000000    0.000000000 2
|133> end
|134> Ti>    4.00000000000   -0.00000044463    1.48727558783   -4.63020748467
|135> NewECP
|136> N_core 0
|137>   lmax f
|138>   s 2
|139>    1      0.860000       9.191690  2
|140>    2      0.172000       0.008301  2
|141>   p 2
|142>    1      0.860000      17.997720  2
|143>    2      0.172000      -0.032600  2
|144>   d 2
|145>    1      1.600000      -9.504310  2
|146>    2      0.320000      -0.151370  2
|147>   f 1
|148>    1      1.000000000    0.000000000 2
|149> end
|150> Ti>    4.00000000000   -3.25154958675    0.01148246660   -4.43823110500
|151> NewECP
|152> N_core 0
|153>   lmax f
|154>   s 2
|155>    1      0.860000       9.191690  2
|156>    2      0.172000       0.008301  2
|157>   p 2
|158>    1      0.860000      17.997720  2
|159>    2      0.172000      -0.032600  2
|160>   d 2
|161>    1      1.600000      -9.504310  2
|162>    2      0.320000      -0.151370  2
|163>   f 1
|164>    1      1.000000000    0.000000000 2
|165> end
|166> Ti>    4.00000000000    3.25154967935    0.01148238996   -4.43823094102
|167> NewECP
|168> N_core 0
|169>   lmax f
|170>   s 2
|171>    1      0.860000       9.191690  2
|172>    2      0.172000       0.008301  2
|173>   p 2
|174>    1      0.860000      17.997720  2
|175>    2      0.172000      -0.032600  2
|176>   d 2
|177>    1      1.600000      -9.504310  2
|178>    2      0.320000      -0.151370  2
|179>   f 1
|180>    1      1.000000000    0.000000000 2
|181> end
|182> Ti>    4.00000000000    3.25126627741   -2.94623381254   -4.43568993978
|183> NewECP
|184> N_core 0
|185>   lmax f
|186>   s 2
|187>    1      0.860000       9.191690  2
|188>    2      0.172000       0.008301  2
|189>   p 2
|190>    1      0.860000      17.997720  2
|191>    2      0.172000      -0.032600  2
|192>   d 2
|193>    1      1.600000      -9.504310  2
|194>    2      0.320000      -0.151370  2
|195>   f 1
|196>    1      1.000000000    0.000000000 2
|197> end
|198> Ti>    4.00000000000   -3.25126345341   -2.94623424325   -4.43568976119
|199> NewECP
|200> N_core 0
|201>   lmax f
|202>   s 2
|203>    1      0.860000       9.191690  2
|204>    2      0.172000       0.008301  2
|205>   p 2
|206>    1      0.860000      17.997720  2
|207>    2      0.172000      -0.032600  2
|208>   d 2
|209>    1      1.600000      -9.504310  2
|210>    2      0.320000      -0.151370  2
|211>   f 1
|212>    1      1.000000000    0.000000000 2
|213> end
|214> Ti>    4.00000000000   -3.25128086190    2.96976901046   -4.43864233812
|215> NewECP
|216> N_core 0
|217>   lmax f
|218>   s 2
|219>    1      0.860000       9.191690  2
|220>    2      0.172000       0.008301  2
|221>   p 2
|222>    1      0.860000      17.997720  2
|223>    2      0.172000      -0.032600  2
|224>   d 2
|225>    1      1.600000      -9.504310  2
|226>    2      0.320000      -0.151370  2
|227>   f 1
|228>    1      1.000000000    0.000000000 2
|229> end
|230> Ti>    4.00000000000    3.25127930838    2.96976910195   -4.43864227428
|231> NewECP
|232> N_core 0
|233>   lmax f
|234>   s 2
|235>    1      0.860000       9.191690  2
|236>    2      0.172000       0.008301  2
|237>   p 2
|238>    1      0.860000      17.997720  2
|239>    2      0.172000      -0.032600  2
|240>   d 2
|241>    1      1.600000      -9.504310  2
|242>    2      0.320000      -0.151370  2
|243>   f 1
|244>    1      1.000000000    0.000000000 2
|245> end
|246> Ti>    4.00000000000    0.00000160963   -4.42332381644   -4.64323864462
|247> NewECP
|248> N_core 0
|249>   lmax f
|250>   s 2
|251>    1      0.860000       9.191690  2
|252>    2      0.172000       0.008301  2
|253>   p 2
|254>    1      0.860000      17.997720  2
|255>    2      0.172000      -0.032600  2
|256>   d 2
|257>    1      1.600000      -9.504310  2
|258>    2      0.320000      -0.151370  2
|259>   f 1
|260>    1      1.000000000    0.000000000 2
|261> end
|262> Ti>    4.00000000000   -0.00000040544    4.44613061925   -4.64292724999
|263> NewECP
|264> N_core 0
|265>   lmax f
|266>   s 2
|267>    1      0.860000       9.191690  2
|268>    2      0.172000       0.008301  2
|269>   p 2
|270>    1      0.860000      17.997720  2
|271>    2      0.172000      -0.032600  2
|272>   d 2
|273>    1      1.600000      -9.504310  2
|274>    2      0.320000      -0.151370  2
|275>   f 1
|276>    1      1.000000000    0.000000000 2
|277> end
|278> Ti>    4.00000000000    0.00000011657    0.01175357416   -7.82073409235
|279> NewECP
|280> N_core 0
|281>   lmax f
|282>   s 2
|283>    1      0.860000       9.191690  2
|284>    2      0.172000       0.008301  2
|285>   p 2
|286>    1      0.860000      17.997720  2
|287>    2      0.172000      -0.032600  2
|288>   d 2
|289>    1      1.600000      -9.504310  2
|290>    2      0.320000      -0.151370  2
|291>   f 1
|292>    1      1.000000000    0.000000000 2
|293> end
|294> Ti>    4.00000000000   -6.50199202602    0.01230862848   -1.46105206143
|295> NewECP
|296> N_core 0
|297>   lmax f
|298>   s 2
|299>    1      0.860000       9.191690  2
|300>    2      0.172000       0.008301  2
|301>   p 2
|302>    1      0.860000      17.997720  2
|303>    2      0.172000      -0.032600  2
|304>   d 2
|305>    1      1.600000      -9.504310  2
|306>    2      0.320000      -0.151370  2
|307>   f 1
|308>    1      1.000000000    0.000000000 2
|309> end
|310> Ti>    4.00000000000    6.50199207752    0.01230862848   -1.46105206143
|311> NewECP
|312> N_core 0
|313>   lmax f
|314>   s 2
|315>    1      0.860000       9.191690  2
|316>    2      0.172000       0.008301  2
|317>   p 2
|318>    1      0.860000      17.997720  2
|319>    2      0.172000      -0.032600  2
|320>   d 2
|321>    1      1.600000      -9.504310  2
|322>    2      0.320000      -0.151370  2
|323>   f 1
|324>    1      1.000000000    0.000000000 2
|325> end
|326> Ti>    4.00000000000    0.00000011657   -2.94584179605   -7.82073409235
|327> NewECP
|328> N_core 0
|329>   lmax f
|330>   s 2
|331>    1      0.860000       9.191690  2
|332>    2      0.172000       0.008301  2
|333>   p 2
|334>    1      0.860000      17.997720  2
|335>    2      0.172000      -0.032600  2
|336>   d 2
|337>    1      1.600000      -9.504310  2
|338>    2      0.320000      -0.151370  2
|339>   f 1
|340>    1      1.000000000    0.000000000 2
|341> end
|342> Ti>    4.00000000000    0.00000011657    2.96934894436   -7.82073409235
|343> NewECP
|344> N_core 0
|345>   lmax f
|346>   s 2
|347>    1      0.860000       9.191690  2
|348>    2      0.172000       0.008301  2
|349>   p 2
|350>    1      0.860000      17.997720  2
|351>    2      0.172000      -0.032600  2
|352>   d 2
|353>    1      1.600000      -9.504310  2
|354>    2      0.320000      -0.151370  2
|355>   f 1
|356>    1      1.000000000    0.000000000 2
|357> end
|358> Ti>    4.00000000000    6.50199235511   -2.94621452929   -1.46030404955
|359> NewECP
|360> N_core 0
|361>   lmax f
|362>   s 2
|363>    1      0.860000       9.191690  2
|364>    2      0.172000       0.008301  2
|365>   p 2
|366>    1      0.860000      17.997720  2
|367>    2      0.172000      -0.032600  2
|368>   d 2
|369>    1      1.600000      -9.504310  2
|370>    2      0.320000      -0.151370  2
|371>   f 1
|372>    1      1.000000000    0.000000000 2
|373> end
|374> Ti>    4.00000000000   -6.50199174844   -2.94621452929   -1.46030404955
|375> NewECP
|376> N_core 0
|377>   lmax f
|378>   s 2
|379>    1      0.860000       9.191690  2
|380>    2      0.172000       0.008301  2
|381>   p 2
|382>    1      0.860000      17.997720  2
|383>    2      0.172000      -0.032600  2
|384>   d 2
|385>    1      1.600000      -9.504310  2
|386>    2      0.320000      -0.151370  2
|387>   f 1
|388>    1      1.000000000    0.000000000 2
|389> end
|390> Ti>    4.00000000000   -6.50199173324    2.96991919178   -1.46071103296
|391> NewECP
|392> N_core 0
|393>   lmax f
|394>   s 2
|395>    1      0.860000       9.191690  2
|396>    2      0.172000       0.008301  2
|397>   p 2
|398>    1      0.860000      17.997720  2
|399>    2      0.172000      -0.032600  2
|400>   d 2
|401>    1      1.600000      -9.504310  2
|402>    2      0.320000      -0.151370  2
|403>   f 1
|404>    1      1.000000000    0.000000000 2
|405> end
|406> Ti>    4.00000000000    6.50199237030    2.96991919178   -1.46071103296
|407> NewECP
|408> N_core 0
|409>   lmax f
|410>   s 2
|411>    1      0.860000       9.191690  2
|412>    2      0.172000       0.008301  2
|413>   p 2
|414>    1      0.860000      17.997720  2
|415>    2      0.172000      -0.032600  2
|416>   d 2
|417>    1      1.600000      -9.504310  2
|418>    2      0.320000      -0.151370  2
|419>   f 1
|420>    1      1.000000000    0.000000000 2
|421> end
|422> Ti>    4.00000000000    3.25099614245   -1.46704411095   -7.82073409235
|423> NewECP
|424> N_core 0
|425>   lmax f
|426>   s 2
|427>    1      0.860000       9.191690  2
|428>    2      0.172000       0.008301  2
|429>   p 2
|430>    1      0.860000      17.997720  2
|431>    2      0.172000      -0.032600  2
|432>   d 2
|433>    1      1.600000      -9.504310  2
|434>    2      0.320000      -0.151370  2
|435>   f 1
|436>    1      1.000000000    0.000000000 2
|437> end
|438> Ti>    4.00000000000   -3.25099590932   -1.46704411095   -7.82073409235
|439> NewECP
|440> N_core 0
|441>   lmax f
|442>   s 2
|443>    1      0.860000       9.191690  2
|444>    2      0.172000       0.008301  2
|445>   p 2
|446>    1      0.860000      17.997720  2
|447>    2      0.172000      -0.032600  2
|448>   d 2
|449>    1      1.600000      -9.504310  2
|450>    2      0.320000      -0.151370  2
|451>   f 1
|452>    1      1.000000000    0.000000000 2
|453> end
|454> Ti>    4.00000000000   -3.25099590932    1.49055125926   -7.82073409235
|455> NewECP
|456> N_core 0
|457>   lmax f
|458>   s 2
|459>    1      0.860000       9.191690  2
|460>    2      0.172000       0.008301  2
|461>   p 2
|462>    1      0.860000      17.997720  2
|463>    2      0.172000      -0.032600  2
|464>   d 2
|465>    1      1.600000      -9.504310  2
|466>    2      0.320000      -0.151370  2
|467>   f 1
|468>    1      1.000000000    0.000000000 2
|469> end
|470> Ti>    4.00000000000    3.25099614245    1.49055125926   -7.82073409235
|471> NewECP
|472> N_core 0
|473>   lmax f
|474>   s 2
|475>    1      0.860000       9.191690  2
|476>    2      0.172000       0.008301  2
|477>   p 2
|478>    1      0.860000      17.997720  2
|479>    2      0.172000      -0.032600  2
|480>   d 2
|481>    1      1.600000      -9.504310  2
|482>    2      0.320000      -0.151370  2
|483>   f 1
|484>    1      1.000000000    0.000000000 2
|485> end
|486> Ti>    4.00000000000    3.25078433582   -5.90328484533   -4.43558888253
|487> NewECP
|488> N_core 0
|489>   lmax f
|490>   s 2
|491>    1      0.860000       9.191690  2
|492>    2      0.172000       0.008301  2
|493>   p 2
|494>    1      0.860000      17.997720  2
|495>    2      0.172000      -0.032600  2
|496>   d 2
|497>    1      1.600000      -9.504310  2
|498>    2      0.320000      -0.151370  2
|499>   f 1
|500>    1      1.000000000    0.000000000 2
|501> end
|502> Ti>    4.00000000000   -3.25078328814   -5.90328453587   -4.43558876573
|503> NewECP
|504> N_core 0
|505>   lmax f
|506>   s 2
|507>    1      0.860000       9.191690  2
|508>    2      0.172000       0.008301  2
|509>   p 2
|510>    1      0.860000      17.997720  2
|511>    2      0.172000      -0.032600  2
|512>   d 2
|513>    1      1.600000      -9.504310  2
|514>    2      0.320000      -0.151370  2
|515>   f 1
|516>    1      1.000000000    0.000000000 2
|517> end
|518> Ti>    4.00000000000    6.50199325613   -1.46711326301   -4.63914156862
|519> NewECP
|520> N_core 0
|521>   lmax f
|522>   s 2
|523>    1      0.860000       9.191690  2
|524>    2      0.172000       0.008301  2
|525>   p 2
|526>    1      0.860000      17.997720  2
|527>    2      0.172000      -0.032600  2
|528>   d 2
|529>    1      1.600000      -9.504310  2
|530>    2      0.320000      -0.151370  2
|531>   f 1
|532>    1      1.000000000    0.000000000 2
|533> end
|534> Ti>    4.00000000000   -6.50199084742   -1.46711326301   -4.63914156862
|535> NewECP
|536> N_core 0
|537>   lmax f
|538>   s 2
|539>    1      0.860000       9.191690  2
|540>    2      0.172000       0.008301  2
|541>   p 2
|542>    1      0.860000      17.997720  2
|543>    2      0.172000      -0.032600  2
|544>   d 2
|545>    1      1.600000      -9.504310  2
|546>    2      0.320000      -0.151370  2
|547>   f 1
|548>    1      1.000000000    0.000000000 2
|549> end
|550> Ti>    4.00000000000   -3.25078328814    5.92709694496   -4.43558876573
|551> NewECP
|552> N_core 0
|553>   lmax f
|554>   s 2
|555>    1      0.860000       9.191690  2
|556>    2      0.172000       0.008301  2
|557>   p 2
|558>    1      0.860000      17.997720  2
|559>    2      0.172000      -0.032600  2
|560>   d 2
|561>    1      1.600000      -9.504310  2
|562>    2      0.320000      -0.151370  2
|563>   f 1
|564>    1      1.000000000    0.000000000 2
|565> end
|566> Ti>    4.00000000000    3.25078433582    5.92709663550   -4.43558888253
|567> NewECP
|568> N_core 0
|569>   lmax f
|570>   s 2
|571>    1      0.860000       9.191690  2
|572>    2      0.172000       0.008301  2
|573>   p 2
|574>    1      0.860000      17.997720  2
|575>    2      0.172000      -0.032600  2
|576>   d 2
|577>    1      1.600000      -9.504310  2
|578>    2      0.320000      -0.151370  2
|579>   f 1
|580>    1      1.000000000    0.000000000 2
|581> end
|582> Ti>    4.00000000000   -6.50199272809    1.49070034015   -4.63923909380
|583> NewECP
|584> N_core 0
|585>   lmax f
|586>   s 2
|587>    1      0.860000       9.191690  2
|588>    2      0.172000       0.008301  2
|589>   p 2
|590>    1      0.860000      17.997720  2
|591>    2      0.172000      -0.032600  2
|592>   d 2
|593>    1      1.600000      -9.504310  2
|594>    2      0.320000      -0.151370  2
|595>   f 1
|596>    1      1.000000000    0.000000000 2
|597> end
|598> Ti>    4.00000000000    6.50199137546    1.49070034015   -4.63923909380
|599> NewECP
|600> N_core 0
|601>   lmax f
|602>   s 2
|603>    1      0.860000       9.191690  2
|604>    2      0.172000       0.008301  2
|605>   p 2
|606>    1      0.860000      17.997720  2
|607>    2      0.172000      -0.032600  2
|608>   d 2
|609>    1      1.600000      -9.504310  2
|610>    2      0.320000      -0.151370  2
|611>   f 1
|612>    1      1.000000000    0.000000000 2
|613> end
|614> Ti>    4.00000000000   -0.00000040544   -7.38425086158   -4.64292724999
|615> NewECP
|616> N_core 0
|617>   lmax f
|618>   s 2
|619>    1      0.860000       9.191690  2
|620>    2      0.172000       0.008301  2
|621>   p 2
|622>    1      0.860000      17.997720  2
|623>    2      0.172000      -0.032600  2
|624>   d 2
|625>    1      1.600000      -9.504310  2
|626>    2      0.320000      -0.151370  2
|627>   f 1
|628>    1      1.000000000    0.000000000 2
|629> end
|630> Ti>    4.00000000000    0.00000160963    7.40705766438   -4.64323864462
|631> NewECP
|632> N_core 0
|633>   lmax f
|634>   s 2
|635>    1      0.860000       9.191690  2
|636>    2      0.172000       0.008301  2
|637>   p 2
|638>    1      0.860000      17.997720  2
|639>    2      0.172000      -0.032600  2
|640>   d 2
|641>    1      1.600000      -9.504310  2
|642>    2      0.320000      -0.151370  2
|643>   f 1
|644>    1      1.000000000    0.000000000 2
|645> end
|646> Ti>    4.00000000000    3.24938628337   -7.38232988038   -1.08307232889
|647> NewECP
|648> N_core 0
|649>   lmax f
|650>   s 2
|651>    1      0.860000       9.191690  2
|652>    2      0.172000       0.008301  2
|653>   p 2
|654>    1      0.860000      17.997720  2
|655>    2      0.172000      -0.032600  2
|656>   d 2
|657>    1      1.600000      -9.504310  2
|658>    2      0.320000      -0.151370  2
|659>   f 1
|660>    1      1.000000000    0.000000000 2
|661> end
|662> Ti>    4.00000000000   -3.24938595146   -7.38232978068   -1.08307226799
|663> NewECP
|664> N_core 0
|665>   lmax f
|666>   s 2
|667>    1      0.860000       9.191690  2
|668>    2      0.172000       0.008301  2
|669>   p 2
|670>    1      0.860000      17.997720  2
|671>    2      0.172000      -0.032600  2
|672>   d 2
|673>    1      1.600000      -9.504310  2
|674>    2      0.320000      -0.151370  2
|675>   f 1
|676>    1      1.000000000    0.000000000 2
|677> end
|678> Ti>    4.00000000000   -3.25016555176    7.40585395471   -1.08384202204
|679> NewECP
|680> N_core 0
|681>   lmax f
|682>   s 2
|683>    1      0.860000       9.191690  2
|684>    2      0.172000       0.008301  2
|685>   p 2
|686>    1      0.860000      17.997720  2
|687>    2      0.172000      -0.032600  2
|688>   d 2
|689>    1      1.600000      -9.504310  2
|690>    2      0.320000      -0.151370  2
|691>   f 1
|692>    1      1.000000000    0.000000000 2
|693> end
|694> Ti>    4.00000000000    3.25016571393    7.40585394514   -1.08384236698
|695> NewECP
|696> N_core 0
|697>   lmax f
|698>   s 2
|699>    1      0.860000       9.191690  2
|700>    2      0.172000       0.008301  2
|701>   p 2
|702>    1      0.860000      17.997720  2
|703>    2      0.172000      -0.032600  2
|704>   d 2
|705>    1      1.600000      -9.504310  2
|706>    2      0.320000      -0.151370  2
|707>   f 1
|708>    1      1.000000000    0.000000000 2
|709> end
|710> Ti>    4.00000000000    3.25099614245   -4.42463948115   -7.82073409235
|711> NewECP
|712> N_core 0
|713>   lmax f
|714>   s 2
|715>    1      0.860000       9.191690  2
|716>    2      0.172000       0.008301  2
|717>   p 2
|718>    1      0.860000      17.997720  2
|719>    2      0.172000      -0.032600  2
|720>   d 2
|721>    1      1.600000      -9.504310  2
|722>    2      0.320000      -0.151370  2
|723>   f 1
|724>    1      1.000000000    0.000000000 2
|725> end
|726> Ti>    4.00000000000   -3.25099590932   -4.42463948115   -7.82073409235
|727> NewECP
|728> N_core 0
|729>   lmax f
|730>   s 2
|731>    1      0.860000       9.191690  2
|732>    2      0.172000       0.008301  2
|733>   p 2
|734>    1      0.860000      17.997720  2
|735>    2      0.172000      -0.032600  2
|736>   d 2
|737>    1      1.600000      -9.504310  2
|738>    2      0.320000      -0.151370  2
|739>   f 1
|740>    1      1.000000000    0.000000000 2
|741> end
|742> Ti>    4.00000000000   -3.25099590932    4.44814662946   -7.82073409235
|743> NewECP
|744> N_core 0
|745>   lmax f
|746>   s 2
|747>    1      0.860000       9.191690  2
|748>    2      0.172000       0.008301  2
|749>   p 2
|750>    1      0.860000      17.997720  2
|751>    2      0.172000      -0.032600  2
|752>   d 2
|753>    1      1.600000      -9.504310  2
|754>    2      0.320000      -0.151370  2
|755>   f 1
|756>    1      1.000000000    0.000000000 2
|757> end
|758> Ti>    4.00000000000    3.25099614245    4.44814662946   -7.82073409235
|759> NewECP
|760> N_core 0
|761>   lmax f
|762>   s 2
|763>    1      0.860000       9.191690  2
|764>    2      0.172000       0.008301  2
|765>   p 2
|766>    1      0.860000      17.997720  2
|767>    2      0.172000      -0.032600  2
|768>   d 2
|769>    1      1.600000      -9.504310  2
|770>    2      0.320000      -0.151370  2
|771>   f 1
|772>    1      1.000000000    0.000000000 2
|773> end
|774> Ti>    4.00000000000    6.50199304146   -4.42479936996   -4.63865310007
|775> NewECP
|776> N_core 0
|777>   lmax f
|778>   s 2
|779>    1      0.860000       9.191690  2
|780>    2      0.172000       0.008301  2
|781>   p 2
|782>    1      0.860000      17.997720  2
|783>    2      0.172000      -0.032600  2
|784>   d 2
|785>    1      1.600000      -9.504310  2
|786>    2      0.320000      -0.151370  2
|787>   f 1
|788>    1      1.000000000    0.000000000 2
|789> end
|790> Ti>    4.00000000000   -6.50199106209   -4.42479936996   -4.63865310007
|791> NewECP
|792> N_core 0
|793>   lmax f
|794>   s 2
|795>    1      0.860000       9.191690  2
|796>    2      0.172000       0.008301  2
|797>   p 2
|798>    1      0.860000      17.997720  2
|799>    2      0.172000      -0.032600  2
|800>   d 2
|801>    1      1.600000      -9.504310  2
|802>    2      0.320000      -0.151370  2
|803>   f 1
|804>    1      1.000000000    0.000000000 2
|805> end
|806> Ti>    4.00000000000   -6.50199205762    4.44825299974   -4.63883844012
|807> NewECP
|808> N_core 0
|809>   lmax f
|810>   s 2
|811>    1      0.860000       9.191690  2
|812>    2      0.172000       0.008301  2
|813>   p 2
|814>    1      0.860000      17.997720  2
|815>    2      0.172000      -0.032600  2
|816>   d 2
|817>    1      1.600000      -9.504310  2
|818>    2      0.320000      -0.151370  2
|819>   f 1
|820>    1      1.000000000    0.000000000 2
|821> end
|822> Ti>    4.00000000000    6.50199204593    4.44825299974   -4.63883844012
|823> NewECP
|824> N_core 0
|825>   lmax f
|826>   s 2
|827>    1      0.860000       9.191690  2
|828>    2      0.172000       0.008301  2
|829>   p 2
|830>    1      0.860000      17.997720  2
|831>    2      0.172000      -0.032600  2
|832>   d 2
|833>    1      1.600000      -9.504310  2
|834>    2      0.320000      -0.151370  2
|835>   f 1
|836>    1      1.000000000    0.000000000 2
|837> end
|838> Ti>    4.00000000000    0.00000011657   -5.90343716625   -7.82073409235
|839> NewECP
|840> N_core 0
|841>   lmax f
|842>   s 2
|843>    1      0.860000       9.191690  2
|844>    2      0.172000       0.008301  2
|845>   p 2
|846>    1      0.860000      17.997720  2
|847>    2      0.172000      -0.032600  2
|848>   d 2
|849>    1      1.600000      -9.504310  2
|850>    2      0.320000      -0.151370  2
|851>   f 1
|852>    1      1.000000000    0.000000000 2
|853> end
|854> Ti>    4.00000000000    0.00000011657    5.92694431457   -7.82073409235
|855> NewECP
|856> N_core 0
|857>   lmax f
|858>   s 2
|859>    1      0.860000       9.191690  2
|860>    2      0.172000       0.008301  2
|861>   p 2
|862>    1      0.860000      17.997720  2
|863>    2      0.172000      -0.032600  2
|864>   d 2
|865>    1      1.600000      -9.504310  2
|866>    2      0.320000      -0.151370  2
|867>   f 1
|868>    1      1.000000000    0.000000000 2
|869> end
|870> Ti>    4.00000000000    6.50199201943   -5.90360595513   -1.46025532616
|871> NewECP
|872> N_core 0
|873>   lmax f
|874>   s 2
|875>    1      0.860000       9.191690  2
|876>    2      0.172000       0.008301  2
|877>   p 2
|878>    1      0.860000      17.997720  2
|879>    2      0.172000      -0.032600  2
|880>   d 2
|881>    1      1.600000      -9.504310  2
|882>    2      0.320000      -0.151370  2
|883>   f 1
|884>    1      1.000000000    0.000000000 2
|885> end
|886> Ti>    4.00000000000   -6.50199208412   -5.90360595513   -1.46025532616
|887> NewECP
|888> N_core 0
|889>   lmax f
|890>   s 2
|891>    1      0.860000       9.191690  2
|892>    2      0.172000       0.008301  2
|893>   p 2
|894>    1      0.860000      17.997720  2
|895>    2      0.172000      -0.032600  2
|896>   d 2
|897>    1      1.600000      -9.504310  2
|898>    2      0.320000      -0.151370  2
|899>   f 1
|900>    1      1.000000000    0.000000000 2
|901> end
|902> Ti>    4.00000000000   -6.50199208412    5.92677552570   -1.46025532616
|903> NewECP
|904> N_core 0
|905>   lmax f
|906>   s 2
|907>    1      0.860000       9.191690  2
|908>    2      0.172000       0.008301  2
|909>   p 2
|910>    1      0.860000      17.997720  2
|911>    2      0.172000      -0.032600  2
|912>   d 2
|913>    1      1.600000      -9.504310  2
|914>    2      0.320000      -0.151370  2
|915>   f 1
|916>    1      1.000000000    0.000000000 2
|917> end
|918> Ti>    4.00000000000    6.50199201943    5.92677552570   -1.46025532616
|919> NewECP
|920> N_core 0
|921>   lmax f
|922>   s 2
|923>    1      0.860000       9.191690  2
|924>    2      0.172000       0.008301  2
|925>   p 2
|926>    1      0.860000      17.997720  2
|927>    2      0.172000      -0.032600  2
|928>   d 2
|929>    1      1.600000      -9.504310  2
|930>    2      0.320000      -0.151370  2
|931>   f 1
|932>    1      1.000000000    0.000000000 2
|933> end
|934> Ti>    4.00000000000    0.00000027915   -8.85442752937   -1.46419592765
|935> NewECP
|936> N_core 0
|937>   lmax f
|938>   s 2
|939>    1      0.860000       9.191690  2
|940>    2      0.172000       0.008301  2
|941>   p 2
|942>    1      0.860000      17.997720  2
|943>    2      0.172000      -0.032600  2
|944>   d 2
|945>    1      1.600000      -9.504310  2
|946>    2      0.320000      -0.151370  2
|947>   f 1
|948>    1      1.000000000    0.000000000 2
|949> end
|950> Ti>    4.00000000000    0.00000020254    8.88121195847   -1.46573875063
|951> NewECP
|952> N_core 0
|953>   lmax f
|954>   s 2
|955>    1      0.860000       9.191690  2
|956>    2      0.172000       0.008301  2
|957>   p 2
|958>    1      0.860000      17.997720  2
|959>    2      0.172000      -0.032600  2
|960>   d 2
|961>    1      1.600000      -9.504310  2
|962>    2      0.320000      -0.151370  2
|963>   f 1
|964>    1      1.000000000    0.000000000 2
|965> end
|966> Ti>    4.00000000000    9.75221744989   -1.46620409450   -1.08472231324
|967> NewECP
|968> N_core 0
|969>   lmax f
|970>   s 2
|971>    1      0.860000       9.191690  2
|972>    2      0.172000       0.008301  2
|973>   p 2
|974>    1      0.860000      17.997720  2
|975>    2      0.172000      -0.032600  2
|976>   d 2
|977>    1      1.600000      -9.504310  2
|978>    2      0.320000      -0.151370  2
|979>   f 1
|980>    1      1.000000000    0.000000000 2
|981> end
|982> Ti>    4.00000000000   -9.75221713084   -1.46620422283   -1.08472223800
|983> NewECP
|984> N_core 0
|985>   lmax f
|986>   s 2
|987>    1      0.860000       9.191690  2
|988>    2      0.172000       0.008301  2
|989>   p 2
|990>    1      0.860000      17.997720  2
|991>    2      0.172000      -0.032600  2
|992>   d 2
|993>    1      1.600000      -9.504310  2
|994>    2      0.320000      -0.151370  2
|995>   f 1
|996>    1      1.000000000    0.000000000 2
|997> end
|998> Ti>    4.00000000000   -9.75294811228    1.49172790646   -1.09340699921
|999> NewECP
|1000> N_core 0
|1001>   lmax f
|1002>   s 2
|1003>    1      0.860000       9.191690  2
|1004>    2      0.172000       0.008301  2
|1005>   p 2
|1006>    1      0.860000      17.997720  2
|1007>    2      0.172000      -0.032600  2
|1008>   d 2
|1009>    1      1.600000      -9.504310  2
|1010>    2      0.320000      -0.151370  2
|1011>   f 1
|1012>    1      1.000000000    0.000000000 2
|1013> end
|1014> Ti>    4.00000000000    9.75294831871    1.49172800415   -1.09340727928
|1015> NewECP
|1016> N_core 0
|1017>   lmax f
|1018>   s 2
|1019>    1      0.860000       9.191690  2
|1020>    2      0.172000       0.008301  2
|1021>   p 2
|1022>    1      0.860000      17.997720  2
|1023>    2      0.172000      -0.032600  2
|1024>   d 2
|1025>    1      1.600000      -9.504310  2
|1026>    2      0.320000      -0.151370  2
|1027>   f 1
|1028>    1      1.000000000    0.000000000 2
|1029> end
|1030> Ti>    4.00000000000    3.25127930838   -8.86061237888   -4.43864227428
|1031> NewECP
|1032> N_core 0
|1033>   lmax f
|1034>   s 2
|1035>    1      0.860000       9.191690  2
|1036>    2      0.172000       0.008301  2
|1037>   p 2
|1038>    1      0.860000      17.997720  2
|1039>    2      0.172000      -0.032600  2
|1040>   d 2
|1041>    1      1.600000      -9.504310  2
|1042>    2      0.320000      -0.151370  2
|1043>   f 1
|1044>    1      1.000000000    0.000000000 2
|1045> end
|1046> Ti>    4.00000000000   -3.25128086190   -8.86061247036   -4.43864233812
|1047> NewECP
|1048> N_core 0
|1049>   lmax f
|1050>   s 2
|1051>    1      0.860000       9.191690  2
|1052>    2      0.172000       0.008301  2
|1053>   p 2
|1054>    1      0.860000      17.997720  2
|1055>    2      0.172000      -0.032600  2
|1056>   d 2
|1057>    1      1.600000      -9.504310  2
|1058>    2      0.320000      -0.151370  2
|1059>   f 1
|1060>    1      1.000000000    0.000000000 2
|1061> end
|1062> Ti>    4.00000000000   -3.25126345341    8.88414723757   -4.43568976119
|1063> NewECP
|1064> N_core 0
|1065>   lmax f
|1066>   s 2
|1067>    1      0.860000       9.191690  2
|1068>    2      0.172000       0.008301  2
|1069>   p 2
|1070>    1      0.860000      17.997720  2
|1071>    2      0.172000      -0.032600  2
|1072>   d 2
|1073>    1      1.600000      -9.504310  2
|1074>    2      0.320000      -0.151370  2
|1075>   f 1
|1076>    1      1.000000000    0.000000000 2
|1077> end
|1078> Ti>    4.00000000000    3.25126627741    8.88414766829   -4.43568993978
|1079> NewECP
|1080> N_core 0
|1081>   lmax f
|1082>   s 2
|1083>    1      0.860000       9.191690  2
|1084>    2      0.172000       0.008301  2
|1085>   p 2
|1086>    1      0.860000      17.997720  2
|1087>    2      0.172000      -0.032600  2
|1088>   d 2
|1089>    1      1.600000      -9.504310  2
|1090>    2      0.320000      -0.151370  2
|1091>   f 1
|1092>    1      1.000000000    0.000000000 2
|1093> end
|1094> Ti>    4.00000000000   -9.75243442420    0.01148238996   -4.43823094102
|1095> NewECP
|1096> N_core 0
|1097>   lmax f
|1098>   s 2
|1099>    1      0.860000       9.191690  2
|1100>    2      0.172000       0.008301  2
|1101>   p 2
|1102>    1      0.860000      17.997720  2
|1103>    2      0.172000      -0.032600  2
|1104>   d 2
|1105>    1      1.600000      -9.504310  2
|1106>    2      0.320000      -0.151370  2
|1107>   f 1
|1108>    1      1.000000000    0.000000000 2
|1109> end
|1110> Ti>    4.00000000000    9.75243451680    0.01148246660   -4.43823110500
|1111> NewECP
|1112> N_core 0
|1113>   lmax f
|1114>   s 2
|1115>    1      0.860000       9.191690  2
|1116>    2      0.172000       0.008301  2
|1117>   p 2
|1118>    1      0.860000      17.997720  2
|1119>    2      0.172000      -0.032600  2
|1120>   d 2
|1121>    1      1.600000      -9.504310  2
|1122>    2      0.320000      -0.151370  2
|1123>   f 1
|1124>    1      1.000000000    0.000000000 2
|1125> end
|1126> Ti>    4.00000000000    3.25099614245   -7.38223485136   -7.82073409235
|1127> NewECP
|1128> N_core 0
|1129>   lmax f
|1130>   s 2
|1131>    1      0.860000       9.191690  2
|1132>    2      0.172000       0.008301  2
|1133>   p 2
|1134>    1      0.860000      17.997720  2
|1135>    2      0.172000      -0.032600  2
|1136>   d 2
|1137>    1      1.600000      -9.504310  2
|1138>    2      0.320000      -0.151370  2
|1139>   f 1
|1140>    1      1.000000000    0.000000000 2
|1141> end
|1142> Ti>    4.00000000000   -3.25099590932   -7.38223485136   -7.82073409235
|1143> NewECP
|1144> N_core 0
|1145>   lmax f
|1146>   s 2
|1147>    1      0.860000       9.191690  2
|1148>    2      0.172000       0.008301  2
|1149>   p 2
|1150>    1      0.860000      17.997720  2
|1151>    2      0.172000      -0.032600  2
|1152>   d 2
|1153>    1      1.600000      -9.504310  2
|1154>    2      0.320000      -0.151370  2
|1155>   f 1
|1156>    1      1.000000000    0.000000000 2
|1157> end
|1158> Ti>    4.00000000000   -3.25099590932    7.40574199967   -7.82073409235
|1159> NewECP
|1160> N_core 0
|1161>   lmax f
|1162>   s 2
|1163>    1      0.860000       9.191690  2
|1164>    2      0.172000       0.008301  2
|1165>   p 2
|1166>    1      0.860000      17.997720  2
|1167>    2      0.172000      -0.032600  2
|1168>   d 2
|1169>    1      1.600000      -9.504310  2
|1170>    2      0.320000      -0.151370  2
|1171>   f 1
|1172>    1      1.000000000    0.000000000 2
|1173> end
|1174> Ti>    4.00000000000    3.25099614245    7.40574199967   -7.82073409235
|1175> NewECP
|1176> N_core 0
|1177>   lmax f
|1178>   s 2
|1179>    1      0.860000       9.191690  2
|1180>    2      0.172000       0.008301  2
|1181>   p 2
|1182>    1      0.860000      17.997720  2
|1183>    2      0.172000      -0.032600  2
|1184>   d 2
|1185>    1      1.600000      -9.504310  2
|1186>    2      0.320000      -0.151370  2
|1187>   f 1
|1188>    1      1.000000000    0.000000000 2
|1189> end
|1190> Ti>    4.00000000000    6.50199204593   -7.38212848108   -4.63883844012
|1191> NewECP
|1192> N_core 0
|1193>   lmax f
|1194>   s 2
|1195>    1      0.860000       9.191690  2
|1196>    2      0.172000       0.008301  2
|1197>   p 2
|1198>    1      0.860000      17.997720  2
|1199>    2      0.172000      -0.032600  2
|1200>   d 2
|1201>    1      1.600000      -9.504310  2
|1202>    2      0.320000      -0.151370  2
|1203>   f 1
|1204>    1      1.000000000    0.000000000 2
|1205> end
|1206> Ti>    4.00000000000   -6.50199205762   -7.38212848108   -4.63883844012
|1207> NewECP
|1208> N_core 0
|1209>   lmax f
|1210>   s 2
|1211>    1      0.860000       9.191690  2
|1212>    2      0.172000       0.008301  2
|1213>   p 2
|1214>    1      0.860000      17.997720  2
|1215>    2      0.172000      -0.032600  2
|1216>   d 2
|1217>    1      1.600000      -9.504310  2
|1218>    2      0.320000      -0.151370  2
|1219>   f 1
|1220>    1      1.000000000    0.000000000 2
|1221> end
|1222> Ti>    4.00000000000   -6.50199106209    7.40558211086   -4.63865310007
|1223> NewECP
|1224> N_core 0
|1225>   lmax f
|1226>   s 2
|1227>    1      0.860000       9.191690  2
|1228>    2      0.172000       0.008301  2
|1229>   p 2
|1230>    1      0.860000      17.997720  2
|1231>    2      0.172000      -0.032600  2
|1232>   d 2
|1233>    1      1.600000      -9.504310  2
|1234>    2      0.320000      -0.151370  2
|1235>   f 1
|1236>    1      1.000000000    0.000000000 2
|1237> end
|1238> Ti>    4.00000000000    6.50199304146    7.40558211086   -4.63865310007
|1239> NewECP
|1240> N_core 0
|1241>   lmax f
|1242>   s 2
|1243>    1      0.860000       9.191690  2
|1244>    2      0.172000       0.008301  2
|1245>   p 2
|1246>    1      0.860000      17.997720  2
|1247>    2      0.172000      -0.032600  2
|1248>   d 2
|1249>    1      1.600000      -9.504310  2
|1250>    2      0.320000      -0.151370  2
|1251>   f 1
|1252>    1      1.000000000    0.000000000 2
|1253> end
|1254> Ti>    4.00000000000    9.75272065013   -2.94623424325   -4.43568976119
|1255> NewECP
|1256> N_core 0
|1257>   lmax f
|1258>   s 2
|1259>    1      0.860000       9.191690  2
|1260>    2      0.172000       0.008301  2
|1261>   p 2
|1262>    1      0.860000      17.997720  2
|1263>    2      0.172000      -0.032600  2
|1264>   d 2
|1265>    1      1.600000      -9.504310  2
|1266>    2      0.320000      -0.151370  2
|1267>   f 1
|1268>    1      1.000000000    0.000000000 2
|1269> end
|1270> Ti>    4.00000000000   -9.75271782614   -2.94623381254   -4.43568993978
|1271> NewECP
|1272> N_core 0
|1273>   lmax f
|1274>   s 2
|1275>    1      0.860000       9.191690  2
|1276>    2      0.172000       0.008301  2
|1277>   p 2
|1278>    1      0.860000      17.997720  2
|1279>    2      0.172000      -0.032600  2
|1280>   d 2
|1281>    1      1.600000      -9.504310  2
|1282>    2      0.320000      -0.151370  2
|1283>   f 1
|1284>    1      1.000000000    0.000000000 2
|1285> end
|1286> Ti>    4.00000000000   -9.75270479517    2.96976910195   -4.43864227428
|1287> NewECP
|1288> N_core 0
|1289>   lmax f
|1290>   s 2
|1291>    1      0.860000       9.191690  2
|1292>    2      0.172000       0.008301  2
|1293>   p 2
|1294>    1      0.860000      17.997720  2
|1295>    2      0.172000      -0.032600  2
|1296>   d 2
|1297>    1      1.600000      -9.504310  2
|1298>    2      0.320000      -0.151370  2
|1299>   f 1
|1300>    1      1.000000000    0.000000000 2
|1301> end
|1302> Ti>    4.00000000000    9.75270324165    2.96976901046   -4.43864233812
|1303> NewECP
|1304> N_core 0
|1305>   lmax f
|1306>   s 2
|1307>    1      0.860000       9.191690  2
|1308>    2      0.172000       0.008301  2
|1309>   p 2
|1310>    1      0.860000      17.997720  2
|1311>    2      0.172000      -0.032600  2
|1312>   d 2
|1313>    1      1.600000      -9.504310  2
|1314>    2      0.320000      -0.151370  2
|1315>   f 1
|1316>    1      1.000000000    0.000000000 2
|1317> end
|1318> Ti>    4.00000000000    9.75381855179   -4.42452752611   -1.08384202204
|1319> NewECP
|1320> N_core 0
|1321>   lmax f
|1322>   s 2
|1323>    1      0.860000       9.191690  2
|1324>    2      0.172000       0.008301  2
|1325>   p 2
|1326>    1      0.860000      17.997720  2
|1327>    2      0.172000      -0.032600  2
|1328>   d 2
|1329>    1      1.600000      -9.504310  2
|1330>    2      0.320000      -0.151370  2
|1331>   f 1
|1332>    1      1.000000000    0.000000000 2
|1333> end
|1334> Ti>    4.00000000000   -9.75381838962   -4.42452753568   -1.08384236698
|1335> NewECP
|1336> N_core 0
|1337>   lmax f
|1338>   s 2
|1339>    1      0.860000       9.191690  2
|1340>    2      0.172000       0.008301  2
|1341>   p 2
|1342>    1      0.860000      17.997720  2
|1343>    2      0.172000      -0.032600  2
|1344>   d 2
|1345>    1      1.600000      -9.504310  2
|1346>    2      0.320000      -0.151370  2
|1347>   f 1
|1348>    1      1.000000000    0.000000000 2
|1349> end
|1350> Ti>    4.00000000000   -9.75459782018    4.44805160044   -1.08307232889
|1351> NewECP
|1352> N_core 0
|1353>   lmax f
|1354>   s 2
|1355>    1      0.860000       9.191690  2
|1356>    2      0.172000       0.008301  2
|1357>   p 2
|1358>    1      0.860000      17.997720  2
|1359>    2      0.172000      -0.032600  2
|1360>   d 2
|1361>    1      1.600000      -9.504310  2
|1362>    2      0.320000      -0.151370  2
|1363>   f 1
|1364>    1      1.000000000    0.000000000 2
|1365> end
|1366> Ti>    4.00000000000    9.75459815208    4.44805170014   -1.08307226799
|1367> NewECP
|1368> N_core 0
|1369>   lmax f
|1370>   s 2
|1371>    1      0.860000       9.191690  2
|1372>    2      0.172000       0.008301  2
|1373>   p 2
|1374>    1      0.860000      17.997720  2
|1375>    2      0.172000      -0.032600  2
|1376>   d 2
|1377>    1      1.600000      -9.504310  2
|1378>    2      0.320000      -0.151370  2
|1379>   f 1
|1380>    1      1.000000000    0.000000000 2
|1381> end
|1382> Ti>    4.00000000000   -0.00000044463  -10.34310589299   -4.63020748467
|1383> NewECP
|1384> N_core 0
|1385>   lmax f
|1386>   s 2
|1387>    1      0.860000       9.191690  2
|1388>    2      0.172000       0.008301  2
|1389>   p 2
|1390>    1      0.860000      17.997720  2
|1391>    2      0.172000      -0.032600  2
|1392>   d 2
|1393>    1      1.600000      -9.504310  2
|1394>    2      0.320000      -0.151370  2
|1395>   f 1
|1396>    1      1.000000000    0.000000000 2
|1397> end
|1398> Ti>    4.00000000000    3.25103599127  -10.33865357436   -1.09340699921
|1399> NewECP
|1400> N_core 0
|1401>   lmax f
|1402>   s 2
|1403>    1      0.860000       9.191690  2
|1404>    2      0.172000       0.008301  2
|1405>   p 2
|1406>    1      0.860000      17.997720  2
|1407>    2      0.172000      -0.032600  2
|1408>   d 2
|1409>    1      1.600000      -9.504310  2
|1410>    2      0.320000      -0.151370  2
|1411>   f 1
|1412>    1      1.000000000    0.000000000 2
|1413> end
|1414> Ti>    4.00000000000   -3.25103578484  -10.33865347668   -1.09340727928
|1415> NewECP
|1416> N_core 0
|1417>   lmax f
|1418>   s 2
|1419>    1      0.860000       9.191690  2
|1420>    2      0.172000       0.008301  2
|1421>   p 2
|1422>    1      0.860000      17.997720  2
|1423>    2      0.172000      -0.032600  2
|1424>   d 2
|1425>    1      1.600000      -9.504310  2
|1426>    2      0.320000      -0.151370  2
|1427>   f 1
|1428>    1      1.000000000    0.000000000 2
|1429> end
|1430> Ti>    4.00000000000    0.00000074038   10.36667771307   -4.63260032643
|1431> NewECP
|1432> N_core 0
|1433>   lmax f
|1434>   s 2
|1435>    1      0.860000       9.191690  2
|1436>    2      0.172000       0.008301  2
|1437>   p 2
|1438>    1      0.860000      17.997720  2
|1439>    2      0.172000      -0.032600  2
|1440>   d 2
|1441>    1      1.600000      -9.504310  2
|1442>    2      0.320000      -0.151370  2
|1443>   f 1
|1444>    1      1.000000000    0.000000000 2
|1445> end
|1446> Ti>    4.00000000000   -3.25176665366   10.36417738632   -1.08472231324
|1447> NewECP
|1448> N_core 0
|1449>   lmax f
|1450>   s 2
|1451>    1      0.860000       9.191690  2
|1452>    2      0.172000       0.008301  2
|1453>   p 2
|1454>    1      0.860000      17.997720  2
|1455>    2      0.172000      -0.032600  2
|1456>   d 2
|1457>    1      1.600000      -9.504310  2
|1458>    2      0.320000      -0.151370  2
|1459>   f 1
|1460>    1      1.000000000    0.000000000 2
|1461> end
|1462> Ti>    4.00000000000    3.25176697271   10.36417725799   -1.08472223800
|1463> NewECP
|1464> N_core 0
|1465>   lmax f
|1466>   s 2
|1467>    1      0.860000       9.191690  2
|1468>    2      0.172000       0.008301  2
|1469>   p 2
|1470>    1      0.860000      17.997720  2
|1471>    2      0.172000      -0.032600  2
|1472>   d 2
|1473>    1      1.600000      -9.504310  2
|1474>    2      0.320000      -0.151370  2
|1475>   f 1
|1476>    1      1.000000000    0.000000000 2
|1477> end
|1478> Ti>    4.00000000000    0.00000011657   -8.86103253646   -7.82073409235
|1479> NewECP
|1480> N_core 0
|1481>   lmax f
|1482>   s 2
|1483>    1      0.860000       9.191690  2
|1484>    2      0.172000       0.008301  2
|1485>   p 2
|1486>    1      0.860000      17.997720  2
|1487>    2      0.172000      -0.032600  2
|1488>   d 2
|1489>    1      1.600000      -9.504310  2
|1490>    2      0.320000      -0.151370  2
|1491>   f 1
|1492>    1      1.000000000    0.000000000 2
|1493> end
|1494> Ti>    4.00000000000    0.00000011657    8.88453968477   -7.82073409235
|1495> NewECP
|1496> N_core 0
|1497>   lmax f
|1498>   s 2
|1499>    1      0.860000       9.191690  2
|1500>    2      0.172000       0.008301  2
|1501>   p 2
|1502>    1      0.860000      17.997720  2
|1503>    2      0.172000      -0.032600  2
|1504>   d 2
|1505>    1      1.600000      -9.504310  2
|1506>    2      0.320000      -0.151370  2
|1507>   f 1
|1508>    1      1.000000000    0.000000000 2
|1509> end
|1510> Ti>    4.00000000000    6.50199237030   -8.86046228905   -1.46071103296
|1511> NewECP
|1512> N_core 0
|1513>   lmax f
|1514>   s 2
|1515>    1      0.860000       9.191690  2
|1516>    2      0.172000       0.008301  2
|1517>   p 2
|1518>    1      0.860000      17.997720  2
|1519>    2      0.172000      -0.032600  2
|1520>   d 2
|1521>    1      1.600000      -9.504310  2
|1522>    2      0.320000      -0.151370  2
|1523>   f 1
|1524>    1      1.000000000    0.000000000 2
|1525> end
|1526> Ti>    4.00000000000   -6.50199173324   -8.86046228905   -1.46071103296
|1527> NewECP
|1528> N_core 0
|1529>   lmax f
|1530>   s 2
|1531>    1      0.860000       9.191690  2
|1532>    2      0.172000       0.008301  2
|1533>   p 2
|1534>    1      0.860000      17.997720  2
|1535>    2      0.172000      -0.032600  2
|1536>   d 2
|1537>    1      1.600000      -9.504310  2
|1538>    2      0.320000      -0.151370  2
|1539>   f 1
|1540>    1      1.000000000    0.000000000 2
|1541> end
|1542> Ti>    4.00000000000   -6.50199174844    8.88416695154   -1.46030404955
|1543> NewECP
|1544> N_core 0
|1545>   lmax f
|1546>   s 2
|1547>    1      0.860000       9.191690  2
|1548>    2      0.172000       0.008301  2
|1549>   p 2
|1550>    1      0.860000      17.997720  2
|1551>    2      0.172000      -0.032600  2
|1552>   d 2
|1553>    1      1.600000      -9.504310  2
|1554>    2      0.320000      -0.151370  2
|1555>   f 1
|1556>    1      1.000000000    0.000000000 2
|1557> end
|1558> Ti>    4.00000000000    6.50199235511    8.88416695154   -1.46030404955
|1559> NewECP
|1560> N_core 0
|1561>   lmax f
|1562>   s 2
|1563>    1      0.860000       9.191690  2
|1564>    2      0.172000       0.008301  2
|1565>   p 2
|1566>    1      0.860000      17.997720  2
|1567>    2      0.172000      -0.032600  2
|1568>   d 2
|1569>    1      1.600000      -9.504310  2
|1570>    2      0.320000      -0.151370  2
|1571>   f 1
|1572>    1      1.000000000    0.000000000 2
|1573> end
|1574> Ti>    4.00000000000    9.75320081541   -5.90328453587   -4.43558876573
|1575> NewECP
|1576> N_core 0
|1577>   lmax f
|1578>   s 2
|1579>    1      0.860000       9.191690  2
|1580>    2      0.172000       0.008301  2
|1581>   p 2
|1582>    1      0.860000      17.997720  2
|1583>    2      0.172000      -0.032600  2
|1584>   d 2
|1585>    1      1.600000      -9.504310  2
|1586>    2      0.320000      -0.151370  2
|1587>   f 1
|1588>    1      1.000000000    0.000000000 2
|1589> end
|1590> Ti>    4.00000000000   -9.75319976773   -5.90328484533   -4.43558888253
|1591> NewECP
|1592> N_core 0
|1593>   lmax f
|1594>   s 2
|1595>    1      0.860000       9.191690  2
|1596>    2      0.172000       0.008301  2
|1597>   p 2
|1598>    1      0.860000      17.997720  2
|1599>    2      0.172000      -0.032600  2
|1600>   d 2
|1601>    1      1.600000      -9.504310  2
|1602>    2      0.320000      -0.151370  2
|1603>   f 1
|1604>    1      1.000000000    0.000000000 2
|1605> end
|1606> Ti>    4.00000000000   -9.75319976773    5.92709663550   -4.43558888253
|1607> NewECP
|1608> N_core 0
|1609>   lmax f
|1610>   s 2
|1611>    1      0.860000       9.191690  2
|1612>    2      0.172000       0.008301  2
|1613>   p 2
|1614>    1      0.860000      17.997720  2
|1615>    2      0.172000      -0.032600  2
|1616>   d 2
|1617>    1      1.600000      -9.504310  2
|1618>    2      0.320000      -0.151370  2
|1619>   f 1
|1620>    1      1.000000000    0.000000000 2
|1621> end
|1622> Ti>    4.00000000000    9.75320081541    5.92709694496   -4.43558876573
|1623> NewECP
|1624> N_core 0
|1625>   lmax f
|1626>   s 2
|1627>    1      0.860000       9.191690  2
|1628>    2      0.172000       0.008301  2
|1629>   p 2
|1630>    1      0.860000      17.997720  2
|1631>    2      0.172000      -0.032600  2
|1632>   d 2
|1633>    1      1.600000      -9.504310  2
|1634>    2      0.320000      -0.151370  2
|1635>   f 1
|1636>    1      1.000000000    0.000000000 2
|1637> end
|1638> Ti>    4.00000000000    0.00000000000   11.83038148082   -1.44256391667
|1639> NewECP
|1640> N_core 0
|1641>   lmax f
|1642>   s 2
|1643>    1      0.860000       9.191690  2
|1644>    2      0.172000       0.008301  2
|1645>   p 2
|1646>    1      0.860000      17.997720  2
|1647>    2      0.172000      -0.032600  2
|1648>   d 2
|1649>    1      1.600000      -9.504310  2
|1650>    2      0.320000      -0.151370  2
|1651>   f 1
|1652>    1      1.000000000    0.000000000 2
|1653> end
|1654> Ti>    4.00000000000    0.00000000000  -11.83038148082   -1.44256391667
|1655> NewECP
|1656> N_core 0
|1657>   lmax f
|1658>   s 2
|1659>    1      0.860000       9.191690  2
|1660>    2      0.172000       0.008301  2
|1661>   p 2
|1662>    1      0.860000      17.997720  2
|1663>    2      0.172000      -0.032600  2
|1664>   d 2
|1665>    1      1.600000      -9.504310  2
|1666>    2      0.320000      -0.151370  2
|1667>   f 1
|1668>    1      1.000000000    0.000000000 2
|1669> end
|1670> Ti>    4.00000000000    9.75459815208   -7.38232978068   -1.08307226799
|1671> NewECP
|1672> N_core 0
|1673>   lmax f
|1674>   s 2
|1675>    1      0.860000       9.191690  2
|1676>    2      0.172000       0.008301  2
|1677>   p 2
|1678>    1      0.860000      17.997720  2
|1679>    2      0.172000      -0.032600  2
|1680>   d 2
|1681>    1      1.600000      -9.504310  2
|1682>    2      0.320000      -0.151370  2
|1683>   f 1
|1684>    1      1.000000000    0.000000000 2
|1685> end
|1686> Ti>    4.00000000000   -9.75459782018   -7.38232988038   -1.08307232889
|1687> NewECP
|1688> N_core 0
|1689>   lmax f
|1690>   s 2
|1691>    1      0.860000       9.191690  2
|1692>    2      0.172000       0.008301  2
|1693>   p 2
|1694>    1      0.860000      17.997720  2
|1695>    2      0.172000      -0.032600  2
|1696>   d 2
|1697>    1      1.600000      -9.504310  2
|1698>    2      0.320000      -0.151370  2
|1699>   f 1
|1700>    1      1.000000000    0.000000000 2
|1701> end
|1702> Ti>    4.00000000000   -9.75381838962    7.40585394514   -1.08384236698
|1703> NewECP
|1704> N_core 0
|1705>   lmax f
|1706>   s 2
|1707>    1      0.860000       9.191690  2
|1708>    2      0.172000       0.008301  2
|1709>   p 2
|1710>    1      0.860000      17.997720  2
|1711>    2      0.172000      -0.032600  2
|1712>   d 2
|1713>    1      1.600000      -9.504310  2
|1714>    2      0.320000      -0.151370  2
|1715>   f 1
|1716>    1      1.000000000    0.000000000 2
|1717> end
|1718> Ti>    4.00000000000    9.75381855179    7.40585395471   -1.08384202204
|1719> NewECP
|1720> N_core 0
|1721>   lmax f
|1722>   s 2
|1723>    1      0.860000       9.191690  2
|1724>    2      0.172000       0.008301  2
|1725>   p 2
|1726>    1      0.860000      17.997720  2
|1727>    2      0.172000      -0.032600  2
|1728>   d 2
|1729>    1      1.600000      -9.504310  2
|1730>    2      0.320000      -0.151370  2
|1731>   f 1
|1732>    1      1.000000000    0.000000000 2
|1733> end
|1734> Ti>    4.00000000000    3.25154967935  -11.81889909086   -4.43823094102
|1735> NewECP
|1736> N_core 0
|1737>   lmax f
|1738>   s 2
|1739>    1      0.860000       9.191690  2
|1740>    2      0.172000       0.008301  2
|1741>   p 2
|1742>    1      0.860000      17.997720  2
|1743>    2      0.172000      -0.032600  2
|1744>   d 2
|1745>    1      1.600000      -9.504310  2
|1746>    2      0.320000      -0.151370  2
|1747>   f 1
|1748>    1      1.000000000    0.000000000 2
|1749> end
|1750> Ti>    4.00000000000   -3.25154958675  -11.81889901422   -4.43823110500
|1751> NewECP
|1752> N_core 0
|1753>   lmax f
|1754>   s 2
|1755>    1      0.860000       9.191690  2
|1756>    2      0.172000       0.008301  2
|1757>   p 2
|1758>    1      0.860000      17.997720  2
|1759>    2      0.172000      -0.032600  2
|1760>   d 2
|1761>    1      1.600000      -9.504310  2
|1762>    2      0.320000      -0.151370  2
|1763>   f 1
|1764>    1      1.000000000    0.000000000 2
|1765> end
|1766> Ti>    4.00000000000    6.50199137546  -10.33968114067   -4.63923909380
|1767> NewECP
|1768> N_core 0
|1769>   lmax f
|1770>   s 2
|1771>    1      0.860000       9.191690  2
|1772>    2      0.172000       0.008301  2
|1773>   p 2
|1774>    1      0.860000      17.997720  2
|1775>    2      0.172000      -0.032600  2
|1776>   d 2
|1777>    1      1.600000      -9.504310  2
|1778>    2      0.320000      -0.151370  2
|1779>   f 1
|1780>    1      1.000000000    0.000000000 2
|1781> end
|1782> Ti>    4.00000000000   -6.50199272809  -10.33968114067   -4.63923909380
|1783> NewECP
|1784> N_core 0
|1785>   lmax f
|1786>   s 2
|1787>    1      0.860000       9.191690  2
|1788>    2      0.172000       0.008301  2
|1789>   p 2
|1790>    1      0.860000      17.997720  2
|1791>    2      0.172000      -0.032600  2
|1792>   d 2
|1793>    1      1.600000      -9.504310  2
|1794>    2      0.320000      -0.151370  2
|1795>   f 1
|1796>    1      1.000000000    0.000000000 2
|1797> end
|1798> Ti>    4.00000000000   -3.25154958675   11.84186394743   -4.43823110500
|1799> NewECP
|1800> N_core 0
|1801>   lmax f
|1802>   s 2
|1803>    1      0.860000       9.191690  2
|1804>    2      0.172000       0.008301  2
|1805>   p 2
|1806>    1      0.860000      17.997720  2
|1807>    2      0.172000      -0.032600  2
|1808>   d 2
|1809>    1      1.600000      -9.504310  2
|1810>    2      0.320000      -0.151370  2
|1811>   f 1
|1812>    1      1.000000000    0.000000000 2
|1813> end
|1814> Ti>    4.00000000000    3.25154967935   11.84186387078   -4.43823094102
|1815> NewECP
|1816> N_core 0
|1817>   lmax f
|1818>   s 2
|1819>    1      0.860000       9.191690  2
|1820>    2      0.172000       0.008301  2
|1821>   p 2
|1822>    1      0.860000      17.997720  2
|1823>    2      0.172000      -0.032600  2
|1824>   d 2
|1825>    1      1.600000      -9.504310  2
|1826>    2      0.320000      -0.151370  2
|1827>   f 1
|1828>    1      1.000000000    0.000000000 2
|1829> end
|1830> Ti>    4.00000000000   -6.50199084742   10.36326821781   -4.63914156862
|1831> NewECP
|1832> N_core 0
|1833>   lmax f
|1834>   s 2
|1835>    1      0.860000       9.191690  2
|1836>    2      0.172000       0.008301  2
|1837>   p 2
|1838>    1      0.860000      17.997720  2
|1839>    2      0.172000      -0.032600  2
|1840>   d 2
|1841>    1      1.600000      -9.504310  2
|1842>    2      0.320000      -0.151370  2
|1843>   f 1
|1844>    1      1.000000000    0.000000000 2
|1845> end
|1846> Ti>    4.00000000000    6.50199325613   10.36326821781   -4.63914156862
|1847> NewECP
|1848> N_core 0
|1849>   lmax f
|1850>   s 2
|1851>    1      0.860000       9.191690  2
|1852>    2      0.172000       0.008301  2
|1853>   p 2
|1854>    1      0.860000      17.997720  2
|1855>    2      0.172000      -0.032600  2
|1856>   d 2
|1857>    1      1.600000      -9.504310  2
|1858>    2      0.320000      -0.151370  2
|1859>   f 1
|1860>    1      1.000000000    0.000000000 2
|1861> end
|1862>   end
|1863> endd                         ****END OF INPUT****
================================================================================
----------------
TOTAL SCF ENERGY
----------------

Total Energy       :       -19355.15699658 Eh         -526680.59780 eV

Components:
Nuclear Repulsion  :        18272.62923343 Eh          497223.51980 eV
Electronic Energy  :       -37627.78623002 Eh        -1023904.11760 eV
One Electron Energy:       -66203.99169541 Eh        -1801502.20063 eV
Two Electron Energy:        28576.20546539 Eh          777598.08304 eV
Max COSX asymmetry :            0.00076190 Eh               0.02073 eV

Warning: maximum COSX asymmetry larger than 0.0005 Eh!
Please consider increasing the grid.

Virial components:
Potential Energy   :       -33776.64598206 Eh         -919109.26378 eV
Kinetic Energy     :        14421.48898547 Eh          392428.66598 eV
Virial Ratio       :            2.34210531

--------------------Output has been truncated-------------------------


--------------------Output has been truncated-------------------------


--------------------Output has been truncated-------------------------


--------------------Output has been truncated-------------------------


--------------------Output has been truncated-------------------------


--------------------Output has been truncated-------------------------


--------------------Output has been truncated-------------------------


--------------------Output has been truncated-------------------------


--------------------Output has been truncated-------------------------


--------------------Output has been truncated-------------------------


-----------------------------------------------
 RI-MP2 CORRELATION ENERGY:    -11.167433077 Eh
-----------------------------------------------
---------------------------------------
MP2 TOTAL ENERGY:   -19366.324429661 Eh
---------------------------------------

Maximum memory used throughout the entire MP2-calculation: 4619.7 MB

-------------------------   --------------------
FINAL SINGLE POINT ENERGY    -19366.324429660592
-------------------------   --------------------
