 **********************************************************************
                          MRCC program system
 **********************************************************************
 
                              Written by
     Mihaly Kallay, Peter R. Nagy, David Mester, Laszlo Gyevi-Nagy,
        Jozsef Csoka, P. Bernat Szabo, Zoltan Rolik, Gyula Samu,
     Jozsef Csontos, Bence Hegely, Adam Ganyecz, Istvan Ladjanszki,
       Lorant Szegedy, Bence Ladoczki, Klara Petrov, Mate Farkas,
                    Pal D. Mezei, and Reka A. Horvath
 
        Department of Physical Chemistry and Materials Science
            Budapest University of Technology and Economics
                  Budapest P.O.Box 91, H-1521 Hungary
 
                              www.mrcc.hu
 
                      Release date: March 18, 2022

 ************************ 2023-02-04 11:47:44 *************************
 Executing minp...

 Reading input from MINP...
 
 Input file:
 
calc=FNO-CCSD(T)
verbosity=3
mem=220GB
unit=angs
scfiguess=small
scfalg=locfit1
ccmaxit=400
ccsdalg=dfdirect
ccsdthreads=4
ccsdmkl=thr
ptthreads=4
lnoepsv=1e-5
naf_cor=1e-2
basis=aug-cc-pVQZ
basis_sm=def2-SVP
dfbasis_scf=def2-QZVPP-RI-JK
dfbasis_cor=aug-cc-pVQZ-RI
unit=angs
geom=xyz
10

C    29.54344629    29.54344629    16.97505516
H    29.54344670    30.44187631    17.60392580
H    29.54344662    28.64496649    17.60393442
H    30.44658454    29.54342777    16.34911135
H    28.64030918    29.54342779    16.34911130
C    33.76393855    16.88196950    16.97520498
H    33.76393892    15.98344894    17.60414260
H    32.86104419    16.88195086    16.34891491
H    33.76393902    17.78043973    17.60413400
H    34.66683405    16.88195074    16.34891492

--------------------Output has been truncated-------------------------


--------------------Output has been truncated-------------------------


--------------------Output has been truncated-------------------------


--------------------Output has been truncated-------------------------


--------------------Output has been truncated-------------------------


--------------------Output has been truncated-------------------------


--------------------Output has been truncated-------------------------


--------------------Output has been truncated-------------------------


--------------------Output has been truncated-------------------------


--------------------Output has been truncated-------------------------


 
 Reference energy [au]:                       -40.215614176057
 DF-MP2 singlet pair energy [au]:              -0.173752868138
 DF-MP2 triplet pair energy [au]:              -0.037498361263
 DF-SCS-MP2 correlation energy [au]:           -0.221002895520
 DF-SCS-MP2 energy [au]:                      -40.436617071577
 DF-SOS-MP2 correlation energy [au]:           -0.225878728580
 DF-SOS-MP2 energy [au]:                      -40.441492904636
 DF-MP2 correlation energy [au]:               -0.211251229401
 DF-MP2 energy [au]:                          -40.426865405458

 Results in FNO basis:
 
 
 Reference energy [au]:                       -40.215614176057
 DF-MP2 singlet pair energy [au]:              -0.170618201858
 DF-MP2 triplet pair energy [au]:              -0.037357059223
 DF-SCS-MP2 correlation energy [au]:           -0.217194195304
 DF-SCS-MP2 energy [au]:                      -40.432808371361
 DF-SOS-MP2 correlation energy [au]:           -0.221803662416
 DF-SOS-MP2 energy [au]:                      -40.437417838472
 DF-MP2 correlation energy [au]:               -0.207975261082
 DF-MP2 energy [au]:                          -40.423589437138

 Results in NAF basis:
 
 
 Reference energy [au]:                       -40.215614176057
 DF-MP2 singlet pair energy [au]:              -0.170600642616
 DF-MP2 triplet pair energy [au]:              -0.037363752077
 DF-SCS-MP2 correlation energy [au]:           -0.217175355165
 DF-SCS-MP2 energy [au]:                      -40.432789531221
 DF-SOS-MP2 correlation energy [au]:           -0.221780835400
 DF-SOS-MP2 energy [au]:                      -40.437395011457
 DF-MP2 correlation energy [au]:               -0.207964394693
 DF-MP2 energy [au]:                          -40.423578570749

 ************************ 2023-02-04 11:48:19 *************************
 Executing ccsd...

 Allocation of 220.0 Gbytes of memory...

 Direct DF-CCSD(T) calculation
 
 Convergence criterion:  1.0E-06
 
 Number of occupied/virtual/auxiliary orbitals:     4   101   320
    163.36 MB is the minimal memory requirement for (T)
     39.40 MB is the minimal memory requirement for CCSD
 
 Reference energy [au]:             -40.215614176057
 T1 contribution [au]:                0.000000000000
 Same spin MP2 energy [au]:          -0.037360401202
 Opposite spin MP2 energy [au]:      -0.170609412445
 MP2 correlation energy [au]:        -0.207969813647
 Total MP2 energy [au]:             -40.423583989703
 MP2 correction [au]:                -0.003281415754
 
 
 CPU time [min]:     0.177                   Wall time [min]:     0.008
 
 Starting CCSD iterations...
 
                     Residual norm          Energy
 Iteration  1        0.138680868639      -40.436528975200
 Iteration  2        0.035376070941      -40.442052527350
 Iteration  3        0.009771738651      -40.442635247909
 Iteration  4        0.002020926465      -40.442639747017
 Iteration  5        0.000374897483      -40.442646257851
 Iteration  6        0.000084797656      -40.442646134606
 Iteration  7        0.000020223466      -40.442646824635
 Iteration  8        0.000003738676      -40.442646881583
 
 CCSD iteration has converged in  8 steps.
      444.29 MB memory was utilized by CCSD
 
 T1 diagnostic:      7.996E-03            D1 diagnostic:      1.292E-02
 
 T1 contribution [au]:                                  0.000000000000
 PPL energy contribution [au]:                          0.060602205949
 Scaled PPL energy contribution [au]:                   0.061558992422

 OS-PPL energy contribution [au]:                       0.053773710264
 Scaled OS-PPL energy contribution [au]:                0.054766759591
 SS-PPL energy contribution [au]:                       0.006828495685
 Scaled SS-PPL energy contribution [au]:                0.006852794407

 Opposite spin CCSD energy [au]:                       -0.191003419647
 Same spin CCSD energy [au]:                           -0.036036035605
 CCSD correlation energy [au]:                         -0.227039455252
 CCSD correlation energy + MP2 correction [au]:        -0.230320871006
 CCSD correlation energy + MP2 + PPL corr. [au]:       -0.229364084533
 Total CCSD energy [au]:                              -40.442653631309
 Total CCSD energy + MP2 correction [au]:             -40.445935047063
 Total CCSD energy + MP2 + PPL corr. [au]:            -40.444978260590
 
 CPU time [min]:     0.912                   Wall time [min]:     0.029
 
 Calculation of (T) correction...
 
 
      124.68 MB memory is utilized for (T)

 0%       25%       50%       75%       100%
 |---------|---------|---------|---------| 
 
 (T) correction [au]:                                    -0.006941734365
 (T*) correction [au]:                                   -0.007051263320
 (T+) correction [au]:                                   -0.007050856300
 CCSD(T) correlation energy [au]:                        -0.233981189617
 CCSD(T) correlation energy + MP2 correction [au]:       -0.237262605371
 CCSD(T+) correlation en. + MP2 + PPL corr. [au]:        -0.236414940833
 Total CCSD(T) energy [au]:                             -40.449595365673
 Total CCSD(T) energy + MP2 correction [au]:            -40.452876781428
 Total CCSD(T+) energy + MP2 + PPL corr. [au]:          -40.452029116890
 
 CPU time [min]:     0.997                   Wall time [min]:     0.031
 
 ************************ 2023-02-04 11:48:21 *************************
                      Normal termination of mrcc.
 **********************************************************************
