 **********************************************************************
                          MRCC program system
 **********************************************************************
 
                              Written by
     Mihaly Kallay, Peter R. Nagy, David Mester, Laszlo Gyevi-Nagy,
        Jozsef Csoka, P. Bernat Szabo, Zoltan Rolik, Gyula Samu,
     Jozsef Csontos, Bence Hegely, Adam Ganyecz, Istvan Ladjanszki,
       Lorant Szegedy, Bence Ladoczki, Klara Petrov, Mate Farkas,
                    Pal D. Mezei, and Reka A. Horvath
 
        Department of Physical Chemistry and Materials Science
            Budapest University of Technology and Economics
                  Budapest P.O.Box 91, H-1521 Hungary
 
                              www.mrcc.hu
 
                      Release date: March 18, 2022

 ************************ 2023-02-05 13:12:28 *************************
 Executing minp...

 Reading input from MINP...
 
 Input file:
 
calc=FNO-CCSD(T)
verbosity=3
mem=220GB
unit=angs
scfiguess=small
scfalg=locfit1
ccmaxit=400
ccsdalg=dfdirect
ccsdthreads=4
ccsdmkl=thr
ptthreads=4
lnoepsv=1e-5
naf_cor=1e-2
basis=aug-cc-pVQZ
basis_sm=def2-SVP
dfbasis_scf=def2-QZVPP-RI-JK
dfbasis_cor=aug-cc-pVQZ-RI
unit=angs
geom=xyz
16

C    34.41670262    34.07107264    10.41543014
C    33.11117461    33.45680459    10.91530835
H    34.24160149    35.00442132     9.86225048
H    34.94674030    33.36940783     9.75379242
H    35.10002891    34.30603621    11.24227357
H    32.42643037    33.26105434    10.07939442
H    32.59136835    34.12756100    11.61262818
H    33.28915165    32.50678735    11.43686767
C    37.30146626    44.62250599    10.40840413
C    38.60118185    44.00866602    10.92356358
H    36.77618205    43.91831109     9.74574003
H    37.48351459    45.55346314     9.85293887
H    36.61042211    44.86310997    11.22701403
H    39.29509061    43.81200646    10.09557036
H    38.41693812    43.05914398    11.44395536
H    39.11327959    44.68025716    11.62583355

--------------------Output has been truncated-------------------------


--------------------Output has been truncated-------------------------


--------------------Output has been truncated-------------------------


--------------------Output has been truncated-------------------------


--------------------Output has been truncated-------------------------


--------------------Output has been truncated-------------------------


--------------------Output has been truncated-------------------------


--------------------Output has been truncated-------------------------


--------------------Output has been truncated-------------------------


--------------------Output has been truncated-------------------------


 
 Reference energy [au]:                       -79.264425262181
 DF-MP2 singlet pair energy [au]:              -0.317723540966
 DF-MP2 triplet pair energy [au]:              -0.076906858504
 DF-SCS-MP2 correlation energy [au]:           -0.406903868661
 DF-SCS-MP2 energy [au]:                      -79.671329130841
 DF-SOS-MP2 correlation energy [au]:           -0.413040603256
 DF-SOS-MP2 energy [au]:                      -79.677465865437
 DF-MP2 correlation energy [au]:               -0.394630399470
 DF-MP2 energy [au]:                          -79.659055661651

 Results in FNO basis:
 
 
 Reference energy [au]:                       -79.264425262181
 DF-MP2 singlet pair energy [au]:              -0.312549804021
 DF-MP2 triplet pair energy [au]:              -0.076620965391
 DF-SCS-MP2 correlation energy [au]:           -0.400600086622
 DF-SCS-MP2 energy [au]:                      -79.665025348803
 DF-SOS-MP2 correlation energy [au]:           -0.406314745227
 DF-SOS-MP2 energy [au]:                      -79.670740007408
 DF-MP2 correlation energy [au]:               -0.389170769412
 DF-MP2 energy [au]:                          -79.653596031593

 Results in NAF basis:
 
 
 Reference energy [au]:                       -79.264425262181
 DF-MP2 singlet pair energy [au]:              -0.312528819134
 DF-MP2 triplet pair energy [au]:              -0.076628962741
 DF-SCS-MP2 correlation energy [au]:           -0.400577570542
 DF-SCS-MP2 energy [au]:                      -79.665002832722
 DF-SOS-MP2 correlation energy [au]:           -0.406287464875
 DF-SOS-MP2 energy [au]:                      -79.670712727055
 DF-MP2 correlation energy [au]:               -0.389157781876
 DF-MP2 energy [au]:                          -79.653583044056

 ************************ 2023-02-05 13:14:02 *************************
 Executing ccsd...

 Allocation of 220.0 Gbytes of memory...

 Direct DF-CCSD(T) calculation
 
 Convergence criterion:  1.0E-06
 
 Number of occupied/virtual/auxiliary orbitals:     7   175   551
    851.32 MB is the minimal memory requirement for (T)
    190.43 MB is the minimal memory requirement for CCSD
 
 Reference energy [au]:             -79.264425262181
 T1 contribution [au]:                0.000000000000
 Same spin MP2 energy [au]:          -0.076624961503
 Opposite spin MP2 energy [au]:      -0.312539306870
 MP2 correlation energy [au]:        -0.389164268373
 Total MP2 energy [au]:             -79.653589530553
 MP2 correction [au]:                -0.005466131097
 
 
 CPU time [min]:     0.411                   Wall time [min]:     0.050
 
 Starting CCSD iterations...
 
                     Residual norm          Energy
 Iteration  1        0.179604135857      -79.671502349315
 Iteration  2        0.044511757950      -79.681084691910
 Iteration  3        0.013090151125      -79.682220492383
 Iteration  4        0.002650351840      -79.682227709663
 Iteration  5        0.000560981388      -79.682233577284
 Iteration  6        0.000156935248      -79.682235627660
 Iteration  7        0.000037097450      -79.682235402520
 Iteration  8        0.000009999587      -79.682235766411
 
 CCSD iteration has converged in  8 steps.
     3804.92 MB memory was utilized by CCSD
 
 T1 diagnostic:      8.231E-03            D1 diagnostic:      1.428E-02
 
 T1 contribution [au]:                                  0.000000000000
 PPL energy contribution [au]:                          0.108936242949
 Scaled PPL energy contribution [au]:                   0.110476032169

 OS-PPL energy contribution [au]:                       0.095542974798
 Scaled OS-PPL energy contribution [au]:                0.097137947928
 SS-PPL energy contribution [au]:                       0.013393268151
 Scaled SS-PPL energy contribution [au]:                0.013441348839

 Opposite spin CCSD energy [au]:                       -0.345141437826
 Same spin CCSD energy [au]:                           -0.072676834661
 CCSD correlation energy [au]:                         -0.417818272487
 CCSD correlation energy + MP2 correction [au]:        -0.423284403584
 CCSD correlation energy + MP2 + PPL corr. [au]:       -0.421744614364
 Total CCSD energy [au]:                              -79.682243534667
 Total CCSD energy + MP2 correction [au]:             -79.687709665765
 Total CCSD energy + MP2 + PPL corr. [au]:            -79.686169876545
 
 CPU time [min]:     6.620                   Wall time [min]:     0.241
 
 Calculation of (T) correction...
 
 
      783.34 MB memory is utilized for (T)

 0%       25%       50%       75%       100%
 |---------|---------|---------|---------| 
 
 (T) correction [au]:                                    -0.014762786418
 (T*) correction [au]:                                   -0.014970141852
 (T+) correction [au]:                                   -0.014966612161
 CCSD(T) correlation energy [au]:                        -0.432581058905
 CCSD(T) correlation energy + MP2 correction [au]:       -0.438047190002
 CCSD(T+) correlation en. + MP2 + PPL corr. [au]:        -0.436711226525
 Total CCSD(T) energy [au]:                             -79.697006321085
 Total CCSD(T) energy + MP2 correction [au]:            -79.702472452182
 Total CCSD(T+) energy + MP2 + PPL corr. [au]:          -79.701136488706
 
 CPU time [min]:     8.325                   Wall time [min]:     0.297
 
 ************************ 2023-02-05 13:14:20 *************************
                      Normal termination of mrcc.
 **********************************************************************
