 **********************************************************************
                          MRCC program system
 **********************************************************************
 
                              Written by
     Mihaly Kallay, Peter R. Nagy, David Mester, Laszlo Gyevi-Nagy,
        Jozsef Csoka, P. Bernat Szabo, Zoltan Rolik, Gyula Samu,
     Jozsef Csontos, Bence Hegely, Adam Ganyecz, Istvan Ladjanszki,
       Lorant Szegedy, Bence Ladoczki, Klara Petrov, Mate Farkas,
                    Pal D. Mezei, and Reka A. Horvath
 
        Department of Physical Chemistry and Materials Science
            Budapest University of Technology and Economics
                  Budapest P.O.Box 91, H-1521 Hungary
 
                              www.mrcc.hu
 
                      Release date: March 18, 2022

 ************************ 2023-04-16 14:38:15 *************************
 Executing minp...

 Reading input from MINP...
 
 Input file:
 
calc=LNO-CCSD(T)
scftype=rhf
verbosity=3
mem=220GB
symm=off
unit=angs
scfiguess=small
scfmaxit=1000
scfalg=locfit1


lcorthr=tight
bpedo=0.99999
ccmaxit=400
usedisk=0
ccsdalg=dfdirect
ccsdthreads=4
ccsdmkl=thr
ptthreads=4

charge=-10
core=38

basis=special
aug-cc-pVDZ
aug-cc-pVDZ
aug-cc-pVDZ
cc-pVDZ
aug-cc-pVDZ
aug-cc-pVDZ
aug-cc-pVDZ
aug-cc-pVDZ
aug-cc-pVDZ
cc-pVDZ
cc-pVDZ
aug-cc-pVDZ
aug-cc-pVDZ
aug-cc-pVDZ
aug-cc-pVDZ
aug-cc-pVDZ
aug-cc-pVDZ
nothing
nothing
nothing
nothing
nothing
nothing
nothing
nothing
nothing
nothing
nothing
nothing
nothing
nothing
nothing
nothing
nothing
nothing
nothing
nothing
nothing
nothing
nothing
nothing
nothing
nothing
nothing
nothing
nothing
nothing
nothing
nothing
nothing
nothing
nothing
nothing
nothing
nothing
nothing
nothing
nothing
nothing
nothing
nothing
nothing
nothing
nothing
nothing
nothing
nothing
nothing
nothing
nothing
nothing
nothing
nothing
nothing
nothing
nothing

basis_sm=special
def2-SVP
def2-SVP
def2-SVP
def2-SVP
def2-SVP
def2-SVP
def2-SVP
def2-SVP
def2-SVP
def2-SVP
def2-SVP
def2-SVP
def2-SVP
def2-SVP
def2-SVP
def2-SVP
def2-SVP
nothing
nothing
nothing
nothing
nothing
nothing
nothing
nothing
nothing
nothing
nothing
nothing
nothing
nothing
nothing
nothing
nothing
nothing
nothing
nothing
nothing
nothing
nothing
nothing
nothing
nothing
nothing
nothing
nothing
nothing
nothing
nothing
nothing
nothing
nothing
nothing
nothing
nothing
nothing
nothing
nothing
nothing
nothing
nothing
nothing
nothing
nothing
nothing
nothing
nothing
nothing
nothing
nothing
nothing
nothing
nothing
nothing
nothing
nothing

dfbasis_scf=special
def2-QZVPP-RI-JK
def2-QZVPP-RI-JK
def2-QZVPP-RI-JK
def2-QZVPP-RI-JK
def2-QZVPP-RI-JK
def2-QZVPP-RI-JK
def2-QZVPP-RI-JK
def2-QZVPP-RI-JK
def2-QZVPP-RI-JK
def2-QZVPP-RI-JK
def2-QZVPP-RI-JK
def2-QZVPP-RI-JK
def2-QZVPP-RI-JK
def2-QZVPP-RI-JK
def2-QZVPP-RI-JK
def2-QZVPP-RI-JK
def2-QZVPP-RI-JK
nothing
nothing
nothing
nothing
nothing
nothing
nothing
nothing
nothing
nothing
nothing
nothing
nothing
nothing
nothing
nothing
nothing
nothing
nothing
nothing
nothing
nothing
nothing
nothing
nothing
nothing
nothing
nothing
nothing
nothing
nothing
nothing
nothing
nothing
nothing
nothing
nothing
nothing
nothing
nothing
nothing
nothing
nothing
nothing
nothing
nothing
nothing
nothing
nothing
nothing
nothing
nothing
nothing
nothing
nothing
nothing
nothing
nothing
nothing

dfbasis_cor=special
aug-cc-pVDZ-RI
aug-cc-pVDZ-RI
aug-cc-pVDZ-RI
cc-pVDZ-RI
aug-cc-pVDZ-RI
aug-cc-pVDZ-RI
aug-cc-pVDZ-RI
aug-cc-pVDZ-RI
aug-cc-pVDZ-RI
cc-pVDZ-RI
cc-pVDZ-RI
aug-cc-pVDZ-RI
aug-cc-pVDZ-RI
aug-cc-pVDZ-RI
aug-cc-pVDZ-RI
aug-cc-pVDZ-RI
aug-cc-pVDZ-RI
nothing
nothing
nothing
nothing
nothing
nothing
nothing
nothing
nothing
nothing
nothing
nothing
nothing
nothing
nothing
nothing
nothing
nothing
nothing
nothing
nothing
nothing
nothing
nothing
nothing
nothing
nothing
nothing
nothing
nothing
nothing
nothing
nothing
nothing
nothing
nothing
nothing
nothing
nothing
nothing
nothing
nothing
nothing
nothing
nothing
nothing
nothing
nothing
nothing
nothing
nothing
nothing
nothing
nothing
nothing
nothing
nothing
nothing
nothing

ecp=special
none
none
none
none
none
none
none
none
none
none
none
none
none
none
none
none
none
ECP-22
ECP-22
ECP-22
ECP-22
ECP-22
ECP-22
ECP-22
ECP-22
ECP-22
ECP-22
ECP-22
ECP-22
ECP-22
ECP-22
ECP-22
ECP-22
ECP-22
ECP-22
ECP-22
ECP-22
ECP-22
ECP-22
ECP-22
ECP-22
ECP-22
ECP-22
ECP-22
ECP-22
ECP-22
ECP-22
ECP-22
ECP-22
ECP-22
ECP-22
ECP-22
ECP-22
ECP-22
ECP-22
ECP-22
ECP-22
ECP-22
ECP-22
ECP-22
ECP-22
ECP-22
ECP-22
ECP-22
ECP-22
ECP-22
ECP-22
ECP-22
ECP-22
ECP-22
ECP-22
ECP-22
ECP-22
ECP-22
ECP-22
ECP-22

unit=angs
geom=xyz
76
C1 O2 Ti3 O11 ECP59
C    -1.01683518485   -0.00000030583    1.90546460536
O    -1.80953834777   -0.00000037714    2.76653097625
O    -0.17108919829   -0.00000034254    1.07494461473
Ti    0.00000000000    0.00000000000   -1.41801341075
O     0.00917387515    0.00000023180   -3.25021027291
O     1.23187968520    1.48862581274   -1.15872226880
O     1.23187969997   -1.48862553529   -1.15872236450
O    -1.22651950606    1.49803399711   -1.18432811652
O    -1.22651946164   -1.49803373797   -1.18432855993
Ti    0.00942669232    2.95822490509   -1.47419934065
Ti    0.00942699220   -2.95822496193   -1.47419912357
O     0.01131667621    2.96630643802   -3.27870741678
O     0.01131673870   -2.96630628957   -3.27870731439
O    -1.21610044175    4.43795479749   -1.14063834567
O    -1.21610039390   -4.43795449782   -1.14063833191
O     1.23237295732    4.44069223859   -1.14190167229
O     1.23237298430   -4.44069193346   -1.14190171047
Ti    0.00797518220    1.47099970214   -4.62445999936
Ti    0.00797636162   -1.47099966467   -4.62445951275
Ti   -3.25056609638    1.48259525187   -1.10288625784
Ti   -3.25056594052   -1.48259514463   -1.10288668455
Ti    3.25507191116    1.47914431705   -1.08820526196
Ti    3.25507192585   -1.47914411459   -1.08820528750
Ti   -3.24497405356    0.00000033637   -4.44445972265
Ti    3.25982517478    0.00000013511   -4.43770404659
Ti   -3.24409652719    2.95901084198   -4.44277198118
Ti   -3.24409450759   -2.95901049211   -4.44277217501
Ti    3.25898063114    2.95725701391   -4.43853369495
Ti    3.25898254229   -2.95725644651   -4.43853374974
Ti    0.00893755042    4.43282230050   -4.65081942284
Ti    0.00893927712   -4.43282224137   -4.65081922651
Ti   -3.23930369393    4.43690955113   -1.08503148174
Ti   -3.23930375410   -4.43690939638   -1.08503143440
Ti    3.25617686298    4.43694585418   -1.08642819599
Ti    3.25617706333   -4.43694565673   -1.08642828764
Ti    0.00818882945    5.91519077761   -1.47206047049
Ti    0.00818882945   -5.91519070321   -1.47206047049
Ti    0.00756376498    0.00000012951   -7.82214848697
Ti   -6.50038020909    0.00000016657   -1.46206781541
Ti    6.50360389446    0.00000016657   -1.46206781541
Ti    0.00756376498    2.95759549972   -7.82214848697
Ti    0.00756376498   -2.95759524069   -7.82214848697
Ti   -6.49527100724    2.95921161169   -1.46114172074
Ti   -6.49527094827   -2.95921118872   -1.46114174747
Ti    6.50871309631    2.95921161169   -1.46114172074
Ti    6.50871315528   -2.95921118872   -1.46114174747
Ti   -3.24343226091    1.47879781461   -7.82214848697
Ti   -3.24343226091   -1.47879755559   -7.82214848697
Ti    3.25855979087    1.47879781461   -7.82214848697
Ti    3.25855979087   -1.47879755559   -7.82214848697
Ti   -3.24267304265    5.91519102115   -4.43734639871
Ti   -3.24267304265   -5.91519045967   -4.43734639871
Ti    3.25790515343    5.91519090220   -4.43830014865
Ti    3.25790515343   -5.91519057863   -4.43830014865
Ti    0.00893927712    7.39755923945   -4.65081922651
Ti    0.00893755042   -7.39755918032   -4.65081942284
Ti   -3.23930375410    7.39347208445   -1.08503143440
Ti   -3.23930369393   -7.39347192970   -1.08503148174
Ti    3.25617706333    7.39343582410   -1.08642828764
Ti    3.25617686298   -7.39343562664   -1.08642819599
Ti   -3.24343226091    4.43639318482   -7.82214848697
Ti   -3.24343226091   -4.43639292580   -7.82214848697
Ti    3.25855979087    4.43639318482   -7.82214848697
Ti    3.25855979087   -4.43639292580   -7.82214848697
Ti    0.00756376498    5.91519086992   -7.82214848697
Ti    0.00756376498   -5.91519061090   -7.82214848697
Ti   -6.49178098750    5.91519088196   -1.46089398886
Ti   -6.49178098750   -5.91519059886   -1.46089398886
Ti    6.51220311605    5.91519088196   -1.46089398886
Ti    6.51220311605   -5.91519059886   -1.46089398886
Ti    0.00942699220    8.87215651889   -1.47419912357
Ti    0.00942669232   -8.87215657573   -1.47419934065
Ti   -3.24409450759    8.87137098871   -4.44277217501
Ti   -3.24409652719   -8.87137063884   -4.44277198118
Ti    3.25898254229    8.87312503431   -4.43853374974
Ti    3.25898063114   -8.87312446691   -4.43853369495


ghost=serialno
1-3

qmmm=Amber
pointcharges
11980
     -3.26375375073    0.00000016998   -2.58378087151   -2.00000000000
      3.26728237149    0.00000021261   -2.57753300904   -2.00000000000
     -3.19856162176    0.00000004796   -0.01207037150   -2.00000000000
      0.00797518220    1.47099970214   -4.62445999936    4.00000000000
--------------------Output has been truncated-------------------------


--------------------Output has been truncated-------------------------


--------------------Output has been truncated-------------------------


--------------------Output has been truncated-------------------------


--------------------Output has been truncated-------------------------


--------------------Output has been truncated-------------------------


--------------------Output has been truncated-------------------------


--------------------Output has been truncated-------------------------


--------------------Output has been truncated-------------------------


--------------------Output has been truncated-------------------------


 
 Final local CC results:
 
 Minimum number of correlated electrons:        36       ( 40.9%)
 Maximum number of correlated electrons:        70       ( 79.5%)
 Average number of correlated electrons:        51.1     ( 58.1%)
 Minimum number of correlated orbitals:         88       ( 21.3%)
 Maximum number of correlated orbitals:        158       ( 38.3%)
 Average number of correlated orbitals:        120.0     ( 29.0%)
 
 CPU time for integral calculations [min]:                  6.742
 Wall time for integral calculations [min]:                 2.725
 
 CPU time for SCF calculation [min]:                       75.275
 Wall time for SCF calculation [min]:                       2.106
 
 CPU time for orbital localization [min]:                   0.246
 Wall time for orbital localization [min]:                  0.014
 
 CPU time for integral transformations [min]:             434.026
 Wall time for integral transformations [min]:             13.193
 
 Reference energy [au]:                               -122496.992523013469
 
 LMP2 correlation energy [au]:                             -2.624989685136
 Total LMP2 energy [au]:                              -122499.617512698605
 
 Total MP2 correction for dropped NAFs [au]:                0.000824369058
 Total MP2 correction [au]:                                -0.003871178232
 
 CPU time for CCSD calculations [min]:                    311.702
 Total CPU time for CCSD [min]:                           827.990
 Wall time for CCSD calculations [min]:                    11.456
 Total wall time for CCSD [min]:                           29.494
 
 CCSD correlation energy [au]:                             -2.591340808331
 Total CCSD energy [au]:                              -122499.583863821797
 CCSD correlation energy + 0.5 MP2 corrections [au]:       -2.593276397447
 Total LNO-CCSD energy with MP2 corrections [au]:     -122499.585799410910
 
 CPU time for (T) corrections [min]:                      207.453
 Total CPU time for CCSD(T) [min]:                       1035.443
 Wall time for (T) corrections [min]:                       6.155
 Total wall time for CCSD(T) [min]:                        35.649
 
 Total (T) correlation energy contribution [au]:           -0.115868967404
 Total (T) correlation energy+0.5 MP2 correction [au]:     -0.117804556521
 CCSD(T) correlation energy [au]:                          -2.707209775735
 Total CCSD(T) energy [au]:                           -122499.699732789202
 CCSD(T) correlation energy + MP2 corrections [au]:        -2.711080953967
 Total LNO-CCSD(T) energy with MP2 corrections [au]:  -122499.703603967442
 
 ======================================================================
 ======================================================================
 
 ************************ 2023-04-16 15:16:36 *************************
                      Normal termination of mrcc.
 **********************************************************************
