 **********************************************************************
                          MRCC program system
 **********************************************************************
 
                              Written by
     Mihaly Kallay, Peter R. Nagy, David Mester, Laszlo Gyevi-Nagy,
        Jozsef Csoka, P. Bernat Szabo, Zoltan Rolik, Gyula Samu,
     Jozsef Csontos, Bence Hegely, Adam Ganyecz, Istvan Ladjanszki,
       Lorant Szegedy, Bence Ladoczki, Klara Petrov, Mate Farkas,
                    Pal D. Mezei, and Reka A. Horvath
 
        Department of Physical Chemistry and Materials Science
            Budapest University of Technology and Economics
                  Budapest P.O.Box 91, H-1521 Hungary
 
                              www.mrcc.hu
 
                      Release date: March 18, 2022

 ************************ 2023-02-04 11:49:47 *************************
 Executing minp...

 Reading input from MINP...
 
 Input file:
 
calc=FNO-CCSD(T)
verbosity=3
mem=220GB
unit=angs
scfiguess=small
scfalg=locfit1
ccmaxit=400
ccsdalg=dfdirect
ccsdthreads=4
ccsdmkl=thr
ptthreads=4
lnoepsv=1e-5
naf_cor=1e-2
basis=aug-cc-pVTZ
basis_sm=def2-SVP
dfbasis_scf=def2-QZVPP-RI-JK
dfbasis_cor=aug-cc-pVTZ-RI
unit=angs
geom=xyz
10

C    29.54344629    29.54344629    16.97505516
H    29.54344670    30.44187631    17.60392580
H    29.54344662    28.64496649    17.60393442
H    30.44658454    29.54342777    16.34911135
H    28.64030918    29.54342779    16.34911130
C    42.20492320    42.20492347    16.97520498
H    42.20492357    41.30640290    17.60414260
H    41.30202884    42.20490482    16.34891491
H    42.20492367    43.10339369    17.60413400
H    43.10781870    42.20490470    16.34891492

--------------------Output has been truncated-------------------------


--------------------Output has been truncated-------------------------


--------------------Output has been truncated-------------------------


--------------------Output has been truncated-------------------------


--------------------Output has been truncated-------------------------


--------------------Output has been truncated-------------------------


--------------------Output has been truncated-------------------------


--------------------Output has been truncated-------------------------


--------------------Output has been truncated-------------------------


--------------------Output has been truncated-------------------------


 
 Reference energy [au]:                       -80.426028580316
 DF-MP2 singlet pair energy [au]:              -0.328838312923
 DF-MP2 triplet pair energy [au]:              -0.073188842256
 DF-SCS-MP2 correlation energy [au]:           -0.419002256259
 DF-SCS-MP2 energy [au]:                      -80.845030836575
 DF-SOS-MP2 correlation energy [au]:           -0.427489806799
 DF-SOS-MP2 energy [au]:                      -80.853518387115
 DF-MP2 correlation energy [au]:               -0.402027155179
 DF-MP2 energy [au]:                          -80.828055735494

 Results in FNO basis:
 
 
 Reference energy [au]:                       -80.426028580316
 DF-MP2 singlet pair energy [au]:              -0.327537789321
 DF-MP2 triplet pair energy [au]:              -0.073101325832
 DF-SCS-MP2 correlation energy [au]:           -0.417412455796
 DF-SCS-MP2 energy [au]:                      -80.843441036112
 DF-SOS-MP2 correlation energy [au]:           -0.425799126117
 DF-SOS-MP2 energy [au]:                      -80.851827706433
 DF-MP2 correlation energy [au]:               -0.400639115153
 DF-MP2 energy [au]:                          -80.826667695469

 Results in NAF basis:
 
 
 Reference energy [au]:                       -80.426028580316
 DF-MP2 singlet pair energy [au]:              -0.327471785332
 DF-MP2 triplet pair energy [au]:              -0.073140270952
 DF-SCS-MP2 correlation energy [au]:           -0.417346232716
 DF-SCS-MP2 energy [au]:                      -80.843374813032
 DF-SOS-MP2 correlation energy [au]:           -0.425713320932
 DF-SOS-MP2 energy [au]:                      -80.851741901248
 DF-MP2 correlation energy [au]:               -0.400612056284
 DF-MP2 energy [au]:                          -80.826640636600

 ************************ 2023-02-04 11:50:04 *************************
 Executing ccsd...

 Allocation of 220.0 Gbytes of memory...

 Direct DF-CCSD(T) calculation
 
 Convergence criterion:  1.0E-06
 
 Number of occupied/virtual/auxiliary orbitals:     8   166   443
    715.53 MB is the minimal memory requirement for (T)
    155.43 MB is the minimal memory requirement for CCSD
 
 Reference energy [au]:             -80.426028580316
 T1 contribution [au]:                0.000000000000
 Same spin MP2 energy [au]:          -0.073120744772
 Opposite spin MP2 energy [au]:      -0.327504625179
 MP2 correlation energy [au]:        -0.400625369951
 Total MP2 energy [au]:             -80.826653950267
 MP2 correction [au]:                -0.001401785227
 
 
 CPU time [min]:     0.356                   Wall time [min]:     0.016
 
 Starting CCSD iterations...
 
                     Residual norm          Energy
 Iteration  1        0.186522769982      -80.855589467657
 Iteration  2        0.047736765596      -80.866635844327
 Iteration  3        0.011571533750      -80.867568289622
 Iteration  4        0.002706721063      -80.867573504659
 Iteration  5        0.000513312194      -80.867587610180
 Iteration  6        0.000104129567      -80.867587875807
 Iteration  7        0.000025076998      -80.867589086594
 Iteration  8        0.000004384930      -80.867589122071
 Iteration  9        0.000000887439      -80.867589105027
 
 CCSD iteration has converged in  9 steps.
     3072.80 MB memory was utilized by CCSD
 
 T1 diagnostic:      7.475E-03            D1 diagnostic:      1.210E-02
 
 T1 contribution [au]:                                  0.000000000000
 PPL energy contribution [au]:                          0.114977034460
 Scaled PPL energy contribution [au]:                   0.115382253460

 OS-PPL energy contribution [au]:                       0.101746911634
 Scaled OS-PPL energy contribution [au]:                0.102170395023
 SS-PPL energy contribution [au]:                       0.013230122826
 Scaled SS-PPL energy contribution [au]:                0.013239166839

 Opposite spin CCSD energy [au]:                       -0.370937831379
 Same spin CCSD energy [au]:                           -0.070644151731
 CCSD correlation energy [au]:                         -0.441581983110
 CCSD correlation energy + MP2 correction [au]:        -0.442983768337
 CCSD correlation energy + MP2 + PPL corr. [au]:       -0.442578549337
 Total CCSD energy [au]:                              -80.867610563426
 Total CCSD energy + MP2 correction [au]:             -80.869012348653
 Total CCSD energy + MP2 + PPL corr. [au]:            -80.868607129653
 
 CPU time [min]:     5.648                   Wall time [min]:     0.165
 
 Calculation of (T) correction...
 
 
      698.30 MB memory is utilized for (T)

 0%       25%       50%       75%       100%
 |---------|---------|---------|---------| 
 
 (T) correction [au]:                                    -0.013137874908
 (T*) correction [au]:                                   -0.013183844236
 (T+) correction [au]:                                   -0.013183826788
 CCSD(T) correlation energy [au]:                        -0.454719858018
 CCSD(T) correlation energy + MP2 correction [au]:       -0.456121643245
 CCSD(T+) correlation en. + MP2 + PPL corr. [au]:        -0.455762376125
 Total CCSD(T) energy [au]:                             -80.880748438334
 Total CCSD(T) energy + MP2 correction [au]:            -80.882150223561
 Total CCSD(T+) energy + MP2 + PPL corr. [au]:          -80.881790956441
 
 CPU time [min]:     7.591                   Wall time [min]:     0.232
 
 ************************ 2023-02-04 11:50:18 *************************
                      Normal termination of mrcc.
 **********************************************************************
