 **********************************************************************
                          MRCC program system
 **********************************************************************
 
                              Written by
     Mihaly Kallay, Peter R. Nagy, David Mester, Laszlo Gyevi-Nagy,
        Jozsef Csoka, P. Bernat Szabo, Zoltan Rolik, Gyula Samu,
     Jozsef Csontos, Bence Hegely, Adam Ganyecz, Istvan Ladjanszki,
       Lorant Szegedy, Bence Ladoczki, Klara Petrov, Mate Farkas,
                    Pal D. Mezei, and Reka A. Horvath
 
        Department of Physical Chemistry and Materials Science
            Budapest University of Technology and Economics
                  Budapest P.O.Box 91, H-1521 Hungary
 
                              www.mrcc.hu
 
                      Release date: March 18, 2022

 ************************ 2023-02-05 13:12:27 *************************
 Executing minp...

 Reading input from MINP...
 
 Input file:
 
calc=FNO-CCSD(T)
verbosity=3
mem=220GB
unit=angs
scfiguess=small
scfalg=locfit1
ccmaxit=400
ccsdalg=dfdirect
ccsdthreads=4
ccsdmkl=thr
ptthreads=4
lnoepsv=1e-5
naf_cor=1e-2
basis=aug-cc-pVQZ
basis_sm=def2-SVP
dfbasis_scf=def2-QZVPP-RI-JK
dfbasis_cor=aug-cc-pVQZ-RI
unit=angs
geom=xyz
16

C    34.41670262    34.07107264    10.41543014
C    33.11117461    33.45680459    10.91530835
H    34.24160149    35.00442132     9.86225048
H    34.94674030    33.36940783     9.75379242
H    35.10002891    34.30603621    11.24227357
H    32.42643037    33.26105434    10.07939442
H    32.59136835    34.12756100    11.61262818
H    33.28915165    32.50678735    11.43686767
C    37.30146851    31.96102723    10.40841099
C    38.60118650    31.34719311    10.92356869
H    36.77622810    31.25682155     9.74571409
H    37.48350439    32.89196657     9.85291346
H    36.61044119    32.20166151    11.22702485
H    39.29502691    31.15055188    10.09551480
H    38.41694628    30.39767355    11.44396498
H    39.11330594    32.01873499    11.62587494

--------------------Output has been truncated-------------------------


--------------------Output has been truncated-------------------------


--------------------Output has been truncated-------------------------


--------------------Output has been truncated-------------------------


--------------------Output has been truncated-------------------------


--------------------Output has been truncated-------------------------


--------------------Output has been truncated-------------------------


--------------------Output has been truncated-------------------------


--------------------Output has been truncated-------------------------


--------------------Output has been truncated-------------------------


 
 Reference energy [au]:                      -158.526750934573
 DF-MP2 singlet pair energy [au]:              -0.637036787993
 DF-MP2 triplet pair energy [au]:              -0.155118805425
 DF-SCS-MP2 correlation energy [au]:           -0.816150414066
 DF-SCS-MP2 energy [au]:                     -159.342901348639
 DF-SOS-MP2 correlation energy [au]:           -0.828147824390
 DF-SOS-MP2 energy [au]:                     -159.354898758963
 DF-MP2 correlation energy [au]:               -0.792155593418
 DF-MP2 energy [au]:                         -159.318906527991

 Results in FNO basis:
 
 
 Reference energy [au]:                      -158.526750934573
 DF-MP2 singlet pair energy [au]:              -0.626597722725
 DF-MP2 triplet pair energy [au]:              -0.154508409208
 DF-SCS-MP2 correlation energy [au]:           -0.803420070339
 DF-SCS-MP2 energy [au]:                     -159.330171004912
 DF-SOS-MP2 correlation energy [au]:           -0.814577039543
 DF-SOS-MP2 energy [au]:                     -159.341327974115
 DF-MP2 correlation energy [au]:               -0.781106131933
 DF-MP2 energy [au]:                         -159.307857066506

 Results in NAF basis:
 
 
 Reference energy [au]:                      -158.526750934573
 DF-MP2 singlet pair energy [au]:              -0.626555853670
 DF-MP2 triplet pair energy [au]:              -0.154523143939
 DF-SCS-MP2 correlation energy [au]:           -0.803374739051
 DF-SCS-MP2 energy [au]:                     -159.330125673623
 DF-SOS-MP2 correlation energy [au]:           -0.814522609771
 DF-SOS-MP2 energy [au]:                     -159.341273544344
 DF-MP2 correlation energy [au]:               -0.781078997609
 DF-MP2 energy [au]:                         -159.307829932182

 ************************ 2023-02-05 13:15:24 *************************
 Executing ccsd...

 Allocation of 220.0 Gbytes of memory...

 Direct DF-CCSD(T) calculation
 
 Convergence criterion:  1.0E-06
 
 Number of occupied/virtual/auxiliary orbitals:    14   352  1113
   7017.20 MB is the minimal memory requirement for (T)
   1603.89 MB is the minimal memory requirement for CCSD
 
 Reference energy [au]:            -158.526750934573
 T1 contribution [au]:                0.000000000000
 Same spin MP2 energy [au]:          -0.154515771677
 Opposite spin MP2 energy [au]:      -0.626576779259
 MP2 correlation energy [au]:        -0.781092550937
 Total MP2 energy [au]:            -159.307843485509
 MP2 correction [au]:                -0.011063042481
 
 
 CPU time [min]:     1.599                   Wall time [min]:     0.515
 
 Starting CCSD iterations...
 
                     Residual norm          Energy
 Iteration  1        0.247647720980     -159.343379202307
 Iteration  2        0.061048412540     -159.362476166186
 Iteration  3        0.018035302492     -159.364798138541
 Iteration  4        0.003651441472     -159.364796392752
 Iteration  5        0.000819041335     -159.364806640027
 Iteration  6        0.000238162038     -159.364810152969
 Iteration  7        0.000058747687     -159.364809865025
 Iteration  8        0.000016538548     -159.364810463125
 Iteration  9        0.000004238277     -159.364810491193
 
 CCSD iteration has converged in  9 steps.
    60392.94 MB memory was utilized by CCSD
 
 T1 diagnostic:      8.311E-03            D1 diagnostic:      1.477E-02
 
 T1 contribution [au]:                                  0.000000000000
 PPL energy contribution [au]:                          0.218105510793
 Scaled PPL energy contribution [au]:                   0.221211670709

 OS-PPL energy contribution [au]:                       0.191187050228
 Scaled OS-PPL energy contribution [au]:                0.194396718880
 SS-PPL energy contribution [au]:                       0.026918460565
 Scaled SS-PPL energy contribution [au]:                0.027021265023

 Opposite spin CCSD energy [au]:                       -0.691446818212
 Same spin CCSD energy [au]:                           -0.146628860564
 CCSD correlation energy [au]:                         -0.838075678776
 CCSD correlation energy + MP2 correction [au]:        -0.849138721257
 CCSD correlation energy + MP2 + PPL corr. [au]:       -0.846032561340
 Total CCSD energy [au]:                             -159.364826613348
 Total CCSD energy + MP2 correction [au]:            -159.375889655830
 Total CCSD energy + MP2 + PPL corr. [au]:           -159.372783495913
 
 CPU time [min]:   155.902                   Wall time [min]:     5.528
 
 Calculation of (T) correction...
 
 
     8981.60 MB memory is utilized for (T)

 0%       25%       50%       75%       100%
 |---------|---------|---------|---------| 
 
 (T) correction [au]:                                    -0.029931005251
 (T*) correction [au]:                                   -0.030354934505
 (T+) correction [au]:                                   -0.030348551259
 CCSD(T) correlation energy [au]:                        -0.868006684026
 CCSD(T) correlation energy + MP2 correction [au]:       -0.879069726508
 CCSD(T+) correlation en. + MP2 + PPL corr. [au]:        -0.876381112599
 Total CCSD(T) energy [au]:                            -159.394757618599
 Total CCSD(T) energy + MP2 correction [au]:           -159.405820661081
 Total CCSD(T+) energy + MP2 + PPL corr. [au]:         -159.403132047172
 
 CPU time [min]:   281.460                   Wall time [min]:     9.341
 
 ************************ 2023-02-05 13:24:44 *************************
                      Normal termination of mrcc.
 **********************************************************************
