 **********************************************************************
                          MRCC program system
 **********************************************************************
 
                              Written by
     Mihaly Kallay, Peter R. Nagy, David Mester, Laszlo Gyevi-Nagy,
        Jozsef Csoka, P. Bernat Szabo, Zoltan Rolik, Gyula Samu,
     Jozsef Csontos, Bence Hegely, Adam Ganyecz, Istvan Ladjanszki,
       Lorant Szegedy, Bence Ladoczki, Klara Petrov, Mate Farkas,
                    Pal D. Mezei, and Reka A. Horvath
 
        Department of Physical Chemistry and Materials Science
            Budapest University of Technology and Economics
                  Budapest P.O.Box 91, H-1521 Hungary
 
                              www.mrcc.hu
 
                      Release date: March 18, 2022

 ************************ 2023-02-05 13:13:14 *************************
 Executing minp...

 Reading input from MINP...
 
 Input file:
 
calc=FNO-CCSD(T)
verbosity=3
mem=220GB
unit=angs
scfiguess=small
scfalg=locfit1
ccmaxit=400
ccsdalg=dfdirect
ccsdthreads=4
ccsdmkl=thr
ptthreads=4
lnoepsv=1e-5
naf_cor=1e-2
basis=aug-cc-pVTZ
basis_sm=def2-SVP
dfbasis_scf=def2-QZVPP-RI-JK
dfbasis_cor=aug-cc-pVTZ-RI
unit=angs
geom=xyz
16

C    34.41670262    34.07107264    10.41543014
C    33.11117461    33.45680459    10.91530835
H    34.24160149    35.00442132     9.86225048
H    34.94674030    33.36940783     9.75379242
H    35.10002891    34.30603621    11.24227357
H    32.42643037    33.26105434    10.07939442
H    32.59136835    34.12756100    11.61262818
H    33.28915165    32.50678735    11.43686767
C    37.30146626    19.29955203    10.40840413
C    38.60118185    18.68571206    10.92356358
H    36.77618205    18.59535713     9.74574003
H    37.48351459    20.23050918     9.85293887
H    36.61042211    19.54015601    11.22701403
H    39.29509061    18.48905250    10.09557036
H    38.41693812    17.73619002    11.44395536
H    39.11327959    19.35730320    11.62583355

--------------------Output has been truncated-------------------------


--------------------Output has been truncated-------------------------


--------------------Output has been truncated-------------------------


--------------------Output has been truncated-------------------------


--------------------Output has been truncated-------------------------


--------------------Output has been truncated-------------------------


--------------------Output has been truncated-------------------------


--------------------Output has been truncated-------------------------


--------------------Output has been truncated-------------------------


--------------------Output has been truncated-------------------------


 
 Reference energy [au]:                       -79.259550503641
 DF-MP2 singlet pair energy [au]:              -0.300254294003
 DF-MP2 triplet pair energy [au]:              -0.075031442866
 DF-SCS-MP2 correlation energy [au]:           -0.385315633759
 DF-SCS-MP2 energy [au]:                      -79.644866137400
 DF-SOS-MP2 correlation energy [au]:           -0.390330582204
 DF-SOS-MP2 energy [au]:                      -79.649881085845
 DF-MP2 correlation energy [au]:               -0.375285736869
 DF-MP2 energy [au]:                          -79.634836240510

 Results in FNO basis:
 
 
 Reference energy [au]:                       -79.259550503641
 DF-MP2 singlet pair energy [au]:              -0.299084111064
 DF-MP2 triplet pair energy [au]:              -0.074925176981
 DF-SCS-MP2 correlation energy [au]:           -0.383875992270
 DF-SCS-MP2 energy [au]:                      -79.643426495911
 DF-SOS-MP2 correlation energy [au]:           -0.388809344383
 DF-SOS-MP2 energy [au]:                      -79.648359848024
 DF-MP2 correlation energy [au]:               -0.374009288045
 DF-MP2 energy [au]:                          -79.633559791685

 Results in NAF basis:
 
 
 Reference energy [au]:                       -79.259550503641
 DF-MP2 singlet pair energy [au]:              -0.299023379866
 DF-MP2 triplet pair energy [au]:              -0.074964221398
 DF-SCS-MP2 correlation energy [au]:           -0.383816129638
 DF-SCS-MP2 energy [au]:                      -79.643366633279
 DF-SOS-MP2 correlation energy [au]:           -0.388730393825
 DF-SOS-MP2 energy [au]:                      -79.648280897466
 DF-MP2 correlation energy [au]:               -0.373987601263
 DF-MP2 energy [au]:                          -79.633538104904

 ************************ 2023-02-05 13:13:45 *************************
 Executing ccsd...

 Allocation of 220.0 Gbytes of memory...

 Direct DF-CCSD(T) calculation
 
 Convergence criterion:  1.0E-06
 
 Number of occupied/virtual/auxiliary orbitals:     7   139   378
    421.21 MB is the minimal memory requirement for (T)
     94.89 MB is the minimal memory requirement for CCSD
 
 Reference energy [au]:             -79.259550503641
 T1 contribution [au]:                0.000000000000
 Same spin MP2 energy [au]:          -0.074944640009
 Opposite spin MP2 energy [au]:      -0.299053574649
 MP2 correlation energy [au]:        -0.373998214658
 Total MP2 energy [au]:             -79.633548718299
 MP2 correction [au]:                -0.001287522211
 
 
 CPU time [min]:     0.318                   Wall time [min]:     0.017
 
 Starting CCSD iterations...
 
                     Residual norm          Energy
 Iteration  1        0.170712145347      -79.654477279806
 Iteration  2        0.042453498932      -79.664042197129
 Iteration  3        0.011296535760      -79.664998243181
 Iteration  4        0.002548541617      -79.665006564833
 Iteration  5        0.000536665452      -79.665011771564
 Iteration  6        0.000152292045      -79.665014849195
 Iteration  7        0.000036257619      -79.665014633907
 Iteration  8        0.000009249088      -79.665014925543
 
 CCSD iteration has converged in  8 steps.
     1534.57 MB memory was utilized by CCSD
 
 T1 diagnostic:      7.816E-03            D1 diagnostic:      1.353E-02
 
 T1 contribution [au]:                                  0.000000000000
 PPL energy contribution [au]:                          0.102911448124
 Scaled PPL energy contribution [au]:                   0.103270158065

 OS-PPL energy contribution [au]:                       0.089961250551
 Scaled OS-PPL energy contribution [au]:                0.090332333179
 SS-PPL energy contribution [au]:                       0.012950197573
 Scaled SS-PPL energy contribution [au]:                0.012962024320

 Opposite spin CCSD energy [au]:                       -0.334284076485
 Same spin CCSD energy [au]:                           -0.071199012808
 CCSD correlation energy [au]:                         -0.405483089293
 CCSD correlation energy + MP2 correction [au]:        -0.406770611504
 CCSD correlation energy + MP2 + PPL corr. [au]:       -0.406411901563
 Total CCSD energy [au]:                              -79.665033592934
 Total CCSD energy + MP2 correction [au]:             -79.666321115145
 Total CCSD energy + MP2 + PPL corr. [au]:            -79.665962405204
 
 CPU time [min]:     2.764                   Wall time [min]:     0.088
 
 Calculation of (T) correction...
 
 
      388.93 MB memory is utilized for (T)

 0%       25%       50%       75%       100%
 |---------|---------|---------|---------| 
 
 (T) correction [au]:                                    -0.013958894054
 (T*) correction [au]:                                   -0.014006948792
 (T+) correction [au]:                                   -0.014006366463
 CCSD(T) correlation energy [au]:                        -0.419441983347
 CCSD(T) correlation energy + MP2 correction [au]:       -0.420729505558
 CCSD(T+) correlation en. + MP2 + PPL corr. [au]:        -0.420418268026
 Total CCSD(T) energy [au]:                             -79.678992486988
 Total CCSD(T) energy + MP2 correction [au]:            -79.680280009198
 Total CCSD(T+) energy + MP2 + PPL corr. [au]:          -79.679968771667
 
 CPU time [min]:     3.455                   Wall time [min]:     0.110
 
 ************************ 2023-02-05 13:13:51 *************************
                      Normal termination of mrcc.
 **********************************************************************
