 **********************************************************************
                          MRCC program system
 **********************************************************************
 
                              Written by
     Mihaly Kallay, Peter R. Nagy, David Mester, Laszlo Gyevi-Nagy,
        Jozsef Csoka, P. Bernat Szabo, Zoltan Rolik, Gyula Samu,
     Jozsef Csontos, Bence Hegely, Adam Ganyecz, Istvan Ladjanszki,
       Lorant Szegedy, Bence Ladoczki, Klara Petrov, Mate Farkas,
                    Pal D. Mezei, and Reka A. Horvath
 
        Department of Physical Chemistry and Materials Science
            Budapest University of Technology and Economics
                  Budapest P.O.Box 91, H-1521 Hungary
 
                              www.mrcc.hu
 
                      Release date: March 18, 2022

 ************************ 2023-02-05 13:28:41 *************************
 Executing minp...

 Reading input from MINP...
 
 Input file:
 
calc=FNO-CCSD(T)
verbosity=3
mem=220GB
unit=angs
scfiguess=small
scfalg=locfit1
ccmaxit=400
ccsdalg=dfdirect
ccsdthreads=4
ccsdmkl=thr
ptthreads=4
lnoepsv=1e-5
naf_cor=1e-2
basis=aug-cc-pVQZ
basis_sm=def2-SVP
dfbasis_scf=def2-QZVPP-RI-JK
dfbasis_cor=aug-cc-pVQZ-RI
unit=angs
geom=xyz
16

C    34.41670262    34.07107264    10.41543014
C    33.11117461    33.45680459    10.91530835
H    34.24160149    35.00442132     9.86225048
H    34.94674030    33.36940783     9.75379242
H    35.10002891    34.30603621    11.24227357
H    32.42643037    33.26105434    10.07939442
H    32.59136835    34.12756100    11.61262818
H    33.28915165    32.50678735    11.43686767
C    25.97571797    34.07107264    10.41543014
C    24.67018996    33.45680459    10.91530835
H    25.80061684    35.00442132     9.86225048
H    26.50575565    33.36940783     9.75379242
H    26.65904426    34.30603621    11.24227357
H    23.98544572    33.26105434    10.07939442
H    24.15038370    34.12756100    11.61262818
H    24.84816699    32.50678735    11.43686767

--------------------Output has been truncated-------------------------


--------------------Output has been truncated-------------------------


--------------------Output has been truncated-------------------------


--------------------Output has been truncated-------------------------


--------------------Output has been truncated-------------------------


--------------------Output has been truncated-------------------------


--------------------Output has been truncated-------------------------


--------------------Output has been truncated-------------------------


--------------------Output has been truncated-------------------------


--------------------Output has been truncated-------------------------


 
 Reference energy [au]:                       -79.264437818412
 DF-MP2 singlet pair energy [au]:              -0.317724640199
 DF-MP2 triplet pair energy [au]:              -0.076906542090
 DF-SCS-MP2 correlation energy [au]:           -0.406905082268
 DF-SCS-MP2 energy [au]:                      -79.671342900680
 DF-SOS-MP2 correlation energy [au]:           -0.413042032258
 DF-SOS-MP2 energy [au]:                      -79.677479850670
 DF-MP2 correlation energy [au]:               -0.394631182289
 DF-MP2 energy [au]:                          -79.659069000701

 Results in FNO basis:
 
 
 Reference energy [au]:                       -79.264437818412
 DF-MP2 singlet pair energy [au]:              -0.312549810431
 DF-MP2 triplet pair energy [au]:              -0.076620566933
 DF-SCS-MP2 correlation energy [au]:           -0.400599961495
 DF-SCS-MP2 energy [au]:                      -79.665037779906
 DF-SOS-MP2 correlation energy [au]:           -0.406314753560
 DF-SOS-MP2 energy [au]:                      -79.670752571972
 DF-MP2 correlation energy [au]:               -0.389170377364
 DF-MP2 energy [au]:                          -79.653608195776

 Results in NAF basis:
 
 
 Reference energy [au]:                       -79.264437818412
 DF-MP2 singlet pair energy [au]:              -0.312528840010
 DF-MP2 triplet pair energy [au]:              -0.076628575760
 DF-SCS-MP2 correlation energy [au]:           -0.400577466598
 DF-SCS-MP2 energy [au]:                      -79.665015285010
 DF-SOS-MP2 correlation energy [au]:           -0.406287492012
 DF-SOS-MP2 energy [au]:                      -79.670725310424
 DF-MP2 correlation energy [au]:               -0.389157415769
 DF-MP2 energy [au]:                          -79.653595234181

 ************************ 2023-02-05 13:30:23 *************************
 Executing ccsd...

 Allocation of 220.0 Gbytes of memory...

 Direct DF-CCSD(T) calculation
 
 Convergence criterion:  1.0E-06
 
 Number of occupied/virtual/auxiliary orbitals:     7   175   551
    851.32 MB is the minimal memory requirement for (T)
    190.43 MB is the minimal memory requirement for CCSD
 
 Reference energy [au]:             -79.264437818412
 T1 contribution [au]:                0.000000000000
 Same spin MP2 energy [au]:          -0.076624568782
 Opposite spin MP2 energy [au]:      -0.312539320512
 MP2 correlation energy [au]:        -0.389163889293
 Total MP2 energy [au]:             -79.653601707705
 MP2 correction [au]:                -0.005467292995
 
 
 CPU time [min]:     0.395                   Wall time [min]:     0.050
 
 Starting CCSD iterations...
 
                     Residual norm          Energy
 Iteration  1        0.179604662786      -79.671514425675
 Iteration  2        0.044511455403      -79.681096570602
 Iteration  3        0.013089914166      -79.682232311705
 Iteration  4        0.002650282086      -79.682239534018
 Iteration  5        0.000560965977      -79.682245399580
 Iteration  6        0.000156930444      -79.682247450553
 Iteration  7        0.000037095675      -79.682247225505
 Iteration  8        0.000009998563      -79.682247589409
 
 CCSD iteration has converged in  8 steps.
     3804.92 MB memory was utilized by CCSD
 
 T1 diagnostic:      8.231E-03            D1 diagnostic:      1.428E-02
 
 T1 contribution [au]:                                  0.000000000000
 PPL energy contribution [au]:                          0.108935952236
 Scaled PPL energy contribution [au]:                   0.110476059044

 OS-PPL energy contribution [au]:                       0.095542699996
 Scaled OS-PPL energy contribution [au]:                0.097137995718
 SS-PPL energy contribution [au]:                       0.013393252240
 Scaled SS-PPL energy contribution [au]:                0.013441345337

 Opposite spin CCSD energy [au]:                       -0.345140966289
 Same spin CCSD energy [au]:                           -0.072676560813
 CCSD correlation energy [au]:                         -0.417817527102
 CCSD correlation energy + MP2 correction [au]:        -0.423284820098
 CCSD correlation energy + MP2 + PPL corr. [au]:       -0.421744713290
 Total CCSD energy [au]:                              -79.682255345514
 Total CCSD energy + MP2 correction [au]:             -79.687722638509
 Total CCSD energy + MP2 + PPL corr. [au]:            -79.686182531702
 
 CPU time [min]:     6.497                   Wall time [min]:     0.237
 
 Calculation of (T) correction...
 
 
      783.34 MB memory is utilized for (T)

 0%       25%       50%       75%       100%
 |---------|---------|---------|---------| 
 
 (T) correction [au]:                                    -0.014762747214
 (T*) correction [au]:                                   -0.014970146375
 (T+) correction [au]:                                   -0.014966614621
 CCSD(T) correlation energy [au]:                        -0.432580274316
 CCSD(T) correlation energy + MP2 correction [au]:       -0.438047567311
 CCSD(T+) correlation en. + MP2 + PPL corr. [au]:        -0.436711327911
 Total CCSD(T) energy [au]:                             -79.697018092728
 Total CCSD(T) energy + MP2 correction [au]:            -79.702485385723
 Total CCSD(T+) energy + MP2 + PPL corr. [au]:          -79.701149146323
 
 CPU time [min]:     8.201                   Wall time [min]:     0.294
 
 ************************ 2023-02-05 13:30:41 *************************
                      Normal termination of mrcc.
 **********************************************************************
