 **********************************************************************
                          MRCC program system
 **********************************************************************
 
                              Written by
     Mihaly Kallay, Peter R. Nagy, David Mester, Laszlo Gyevi-Nagy,
        Jozsef Csoka, P. Bernat Szabo, Zoltan Rolik, Gyula Samu,
     Jozsef Csontos, Bence Hegely, Adam Ganyecz, Istvan Ladjanszki,
       Lorant Szegedy, Bence Ladoczki, Klara Petrov, Mate Farkas,
                    Pal D. Mezei, and Reka A. Horvath
 
        Department of Physical Chemistry and Materials Science
            Budapest University of Technology and Economics
                  Budapest P.O.Box 91, H-1521 Hungary
 
                              www.mrcc.hu
 
                      Release date: March 18, 2022

 ************************ 2023-02-05 13:28:30 *************************
 Executing minp...

 Reading input from MINP...
 
 Input file:
 
calc=FNO-CCSD(T)
verbosity=3
mem=220GB
unit=angs
scfiguess=small
scfalg=locfit1
ccmaxit=400
ccsdalg=dfdirect
ccsdthreads=4
ccsdmkl=thr
ptthreads=4
lnoepsv=1e-5
naf_cor=1e-2
basis=aug-cc-pVTZ
basis_sm=def2-SVP
dfbasis_scf=def2-QZVPP-RI-JK
dfbasis_cor=aug-cc-pVTZ-RI
unit=angs
geom=xyz
16

C    34.41670262    34.07107264    10.41543014
C    33.11117461    33.45680459    10.91530835
H    34.24160149    35.00442132     9.86225048
H    34.94674030    33.36940783     9.75379242
H    35.10002891    34.30603621    11.24227357
H    32.42643037    33.26105434    10.07939442
H    32.59136835    34.12756100    11.61262818
H    33.28915165    32.50678735    11.43686767
C    25.97571797    34.07107264    10.41543014
C    24.67018996    33.45680459    10.91530835
H    25.80061684    35.00442132     9.86225048
H    26.50575565    33.36940783     9.75379242
H    26.65904426    34.30603621    11.24227357
H    23.98544572    33.26105434    10.07939442
H    24.15038370    34.12756100    11.61262818
H    24.84816699    32.50678735    11.43686767

--------------------Output has been truncated-------------------------


--------------------Output has been truncated-------------------------


--------------------Output has been truncated-------------------------


--------------------Output has been truncated-------------------------


--------------------Output has been truncated-------------------------


--------------------Output has been truncated-------------------------


--------------------Output has been truncated-------------------------


--------------------Output has been truncated-------------------------


--------------------Output has been truncated-------------------------


--------------------Output has been truncated-------------------------


 
 Reference energy [au]:                       -79.259551284099
 DF-MP2 singlet pair energy [au]:              -0.300259285490
 DF-MP2 triplet pair energy [au]:              -0.075032117066
 DF-SCS-MP2 correlation energy [au]:           -0.385321848277
 DF-SCS-MP2 energy [au]:                      -79.644873132375
 DF-SOS-MP2 correlation energy [au]:           -0.390337071137
 DF-SOS-MP2 energy [au]:                      -79.649888355236
 DF-MP2 correlation energy [au]:               -0.375291402556
 DF-MP2 energy [au]:                          -79.634842686655

 Results in FNO basis:
 
 
 Reference energy [au]:                       -79.259551284099
 DF-MP2 singlet pair energy [au]:              -0.299087710042
 DF-MP2 triplet pair energy [au]:              -0.074925739527
 DF-SCS-MP2 correlation energy [au]:           -0.383880498559
 DF-SCS-MP2 energy [au]:                      -79.643431782657
 DF-SOS-MP2 correlation energy [au]:           -0.388814023054
 DF-SOS-MP2 energy [au]:                      -79.648365307153
 DF-MP2 correlation energy [au]:               -0.374013449568
 DF-MP2 energy [au]:                          -79.633564733667

 Results in NAF basis:
 
 
 Reference energy [au]:                       -79.259551284099
 DF-MP2 singlet pair energy [au]:              -0.299026920592
 DF-MP2 triplet pair energy [au]:              -0.074964782860
 DF-SCS-MP2 correlation energy [au]:           -0.383820565664
 DF-SCS-MP2 energy [au]:                      -79.643371849762
 DF-SOS-MP2 correlation energy [au]:           -0.388734996769
 DF-SOS-MP2 energy [au]:                      -79.648286280868
 DF-MP2 correlation energy [au]:               -0.373991703452
 DF-MP2 energy [au]:                          -79.633542987551

 ************************ 2023-02-05 13:29:03 *************************
 Executing ccsd...

 Allocation of 220.0 Gbytes of memory...

 Direct DF-CCSD(T) calculation
 
 Convergence criterion:  1.0E-06
 
 Number of occupied/virtual/auxiliary orbitals:     7   139   378
    421.21 MB is the minimal memory requirement for (T)
     94.89 MB is the minimal memory requirement for CCSD
 
 Reference energy [au]:             -79.259551284099
 T1 contribution [au]:                0.000000000000
 Same spin MP2 energy [au]:          -0.074945201996
 Opposite spin MP2 energy [au]:      -0.299057144463
 MP2 correlation energy [au]:        -0.374002346459
 Total MP2 energy [au]:             -79.633553630557
 MP2 correction [au]:                -0.001289056098
 
 
 CPU time [min]:     0.316                   Wall time [min]:     0.016
 
 Starting CCSD iterations...
 
                     Residual norm          Energy
 Iteration  1        0.170712962731      -79.654482096205
 Iteration  2        0.042453832179      -79.664047054618
 Iteration  3        0.011296772550      -79.665003124469
 Iteration  4        0.002548569307      -79.665011443689
 Iteration  5        0.000536662329      -79.665016649472
 Iteration  6        0.000152290113      -79.665019727072
 Iteration  7        0.000036257675      -79.665019511747
 Iteration  8        0.000009249016      -79.665019803385
 
 CCSD iteration has converged in  8 steps.
     1534.57 MB memory was utilized by CCSD
 
 T1 diagnostic:      7.817E-03            D1 diagnostic:      1.353E-02
 
 T1 contribution [au]:                                  0.000000000000
 PPL energy contribution [au]:                          0.102913185874
 Scaled PPL energy contribution [au]:                   0.103272330061

 OS-PPL energy contribution [au]:                       0.089962824862
 Scaled OS-PPL energy contribution [au]:                0.090334347530
 SS-PPL energy contribution [au]:                       0.012950361012
 Scaled SS-PPL energy contribution [au]:                0.012962207416

 Opposite spin CCSD energy [au]:                       -0.334287713963
 Same spin CCSD energy [au]:                           -0.071199507220
 CCSD correlation energy [au]:                         -0.405487221183
 CCSD correlation energy + MP2 correction [au]:        -0.406776277280
 CCSD correlation energy + MP2 + PPL corr. [au]:       -0.406417133094
 Total CCSD energy [au]:                              -79.665038505281
 Total CCSD energy + MP2 correction [au]:             -79.666327561379
 Total CCSD energy + MP2 + PPL corr. [au]:            -79.665968417192
 
 CPU time [min]:     2.756                   Wall time [min]:     0.088
 
 Calculation of (T) correction...
 
 
      388.93 MB memory is utilized for (T)

 0%       25%       50%       75%       100%
 |---------|---------|---------|---------| 
 
 (T) correction [au]:                                    -0.013959134086
 (T*) correction [au]:                                   -0.014007246369
 (T+) correction [au]:                                   -0.014006664309
 CCSD(T) correlation energy [au]:                        -0.419446355268
 CCSD(T) correlation energy + MP2 correction [au]:       -0.420735411366
 CCSD(T+) correlation en. + MP2 + PPL corr. [au]:        -0.420423797403
 Total CCSD(T) energy [au]:                             -79.678997639367
 Total CCSD(T) energy + MP2 correction [au]:            -79.680286695464
 Total CCSD(T+) energy + MP2 + PPL corr. [au]:          -79.679975081502
 
 CPU time [min]:     3.458                   Wall time [min]:     0.110
 
 ************************ 2023-02-05 13:29:10 *************************
                      Normal termination of mrcc.
 **********************************************************************
