 **********************************************************************
                          MRCC program system
 **********************************************************************
 
                              Written by
     Mihaly Kallay, Peter R. Nagy, David Mester, Laszlo Gyevi-Nagy,
        Jozsef Csoka, P. Bernat Szabo, Zoltan Rolik, Gyula Samu,
     Jozsef Csontos, Bence Hegely, Adam Ganyecz, Istvan Ladjanszki,
       Lorant Szegedy, Bence Ladoczki, Klara Petrov, Mate Farkas,
                    Pal D. Mezei, and Reka A. Horvath
 
        Department of Physical Chemistry and Materials Science
            Budapest University of Technology and Economics
                  Budapest P.O.Box 91, H-1521 Hungary
 
                              www.mrcc.hu
 
                      Release date: March 18, 2022

 ************************ 2023-02-05 13:34:52 *************************
 Executing minp...

 Reading input from MINP...
 
 Input file:
 
calc=FNO-CCSD(T)
verbosity=3
mem=220GB
unit=angs
scfiguess=small
scfalg=locfit1
ccmaxit=400
ccsdalg=dfdirect
ccsdthreads=4
ccsdmkl=thr
ptthreads=4
lnoepsv=1e-5
naf_cor=1e-2
basis=aug-cc-pVQZ
basis_sm=def2-SVP
dfbasis_scf=def2-QZVPP-RI-JK
dfbasis_cor=aug-cc-pVQZ-RI
unit=angs
geom=xyz
16

C    34.41670262    34.07107264    10.41543014
C    33.11117461    33.45680459    10.91530835
H    34.24160149    35.00442132     9.86225048
H    34.94674030    33.36940783     9.75379242
H    35.10002891    34.30603621    11.24227357
H    32.42643037    33.26105434    10.07939442
H    32.59136835    34.12756100    11.61262818
H    33.28915165    32.50678735    11.43686767
C    28.86048160    27.74053668    10.40840413
C    30.16019719    27.12669671    10.92356358
H    28.33519739    27.03634178     9.74574003
H    29.04252993    28.67149383     9.85293887
H    28.16943746    27.98114066    11.22701403
H    30.85410596    26.93003715    10.09557036
H    29.97595347    26.17717467    11.44395536
H    30.67229494    27.79828785    11.62583355

--------------------Output has been truncated-------------------------


--------------------Output has been truncated-------------------------


--------------------Output has been truncated-------------------------


--------------------Output has been truncated-------------------------


--------------------Output has been truncated-------------------------


--------------------Output has been truncated-------------------------


--------------------Output has been truncated-------------------------


--------------------Output has been truncated-------------------------


--------------------Output has been truncated-------------------------


--------------------Output has been truncated-------------------------


 
 Reference energy [au]:                       -79.264425961062
 DF-MP2 singlet pair energy [au]:              -0.317726491765
 DF-MP2 triplet pair energy [au]:              -0.076907119685
 DF-SCS-MP2 correlation energy [au]:           -0.406907496679
 DF-SCS-MP2 energy [au]:                      -79.671333457741
 DF-SOS-MP2 correlation energy [au]:           -0.413044439294
 DF-SOS-MP2 energy [au]:                      -79.677470400356
 DF-MP2 correlation energy [au]:               -0.394633611450
 DF-MP2 energy [au]:                          -79.659059572512

 Results in FNO basis:
 
 
 Reference energy [au]:                       -79.264425961062
 DF-MP2 singlet pair energy [au]:              -0.312551023713
 DF-MP2 triplet pair energy [au]:              -0.076621100642
 DF-SCS-MP2 correlation energy [au]:           -0.400601595337
 DF-SCS-MP2 energy [au]:                      -79.665027556399
 DF-SOS-MP2 correlation energy [au]:           -0.406316330827
 DF-SOS-MP2 energy [au]:                      -79.670742291889
 DF-MP2 correlation energy [au]:               -0.389172124356
 DF-MP2 energy [au]:                          -79.653598085418

 Results in NAF basis:
 
 
 Reference energy [au]:                       -79.264425961062
 DF-MP2 singlet pair energy [au]:              -0.312530043836
 DF-MP2 triplet pair energy [au]:              -0.076629101102
 DF-SCS-MP2 correlation energy [au]:           -0.400579086304
 DF-SCS-MP2 energy [au]:                      -79.665005047366
 DF-SOS-MP2 correlation energy [au]:           -0.406289056987
 DF-SOS-MP2 energy [au]:                      -79.670715018049
 DF-MP2 correlation energy [au]:               -0.389159144938
 DF-MP2 energy [au]:                          -79.653585106000

 ************************ 2023-02-05 13:36:36 *************************
 Executing ccsd...

 Allocation of 220.0 Gbytes of memory...

 Direct DF-CCSD(T) calculation
 
 Convergence criterion:  1.0E-06
 
 Number of occupied/virtual/auxiliary orbitals:     7   175   551
    851.32 MB is the minimal memory requirement for (T)
    190.43 MB is the minimal memory requirement for CCSD
 
 Reference energy [au]:             -79.264425961062
 T1 contribution [au]:                0.000000000000
 Same spin MP2 energy [au]:          -0.076625098310
 Opposite spin MP2 energy [au]:      -0.312540529069
 MP2 correlation energy [au]:        -0.389165627379
 Total MP2 energy [au]:             -79.653591588441
 MP2 correction [au]:                -0.005467984071
 
 
 CPU time [min]:     0.402                   Wall time [min]:     0.050
 
 Starting CCSD iterations...
 
                     Residual norm          Energy
 Iteration  1        0.179604304363      -79.671504207002
 Iteration  2        0.044511887428      -79.681086528654
 Iteration  3        0.013090256969      -79.682222347513
 Iteration  4        0.002650353537      -79.682229564132
 Iteration  5        0.000560982188      -79.682235432025
 Iteration  6        0.000156935132      -79.682237482408
 Iteration  7        0.000037097372      -79.682237257247
 Iteration  8        0.000009999583      -79.682237621146
 
 CCSD iteration has converged in  8 steps.
     3804.92 MB memory was utilized by CCSD
 
 T1 diagnostic:      8.231E-03            D1 diagnostic:      1.428E-02
 
 T1 contribution [au]:                                  0.000000000000
 PPL energy contribution [au]:                          0.108936934528
 Scaled PPL energy contribution [au]:                   0.110477245215

 OS-PPL energy contribution [au]:                       0.095543619878
 Scaled OS-PPL energy contribution [au]:                0.097139123998
 SS-PPL energy contribution [au]:                       0.013393314650
 Scaled SS-PPL energy contribution [au]:                0.013441416550

 Opposite spin CCSD energy [au]:                       -0.345142464263
 Same spin CCSD energy [au]:                           -0.072676960024
 CCSD correlation energy [au]:                         -0.417819424287
 CCSD correlation energy + MP2 correction [au]:        -0.423287408358
 CCSD correlation energy + MP2 + PPL corr. [au]:       -0.421747097672
 Total CCSD energy [au]:                              -79.682245385350
 Total CCSD energy + MP2 correction [au]:             -79.687713369420
 Total CCSD energy + MP2 + PPL corr. [au]:            -79.686173058734
 
 CPU time [min]:     6.480                   Wall time [min]:     0.237
 
 Calculation of (T) correction...
 
 
      783.34 MB memory is utilized for (T)

 0%       25%       50%       75%       100%
 |---------|---------|---------|---------| 
 
 (T) correction [au]:                                    -0.014762879587
 (T*) correction [au]:                                   -0.014970305898
 (T+) correction [au]:                                   -0.014966774831
 CCSD(T) correlation energy [au]:                        -0.432582303875
 CCSD(T) correlation energy + MP2 correction [au]:       -0.438050287945
 CCSD(T+) correlation en. + MP2 + PPL corr. [au]:        -0.436713872503
 Total CCSD(T) energy [au]:                             -79.697008264937
 Total CCSD(T) energy + MP2 correction [au]:            -79.702476249007
 Total CCSD(T+) energy + MP2 + PPL corr. [au]:          -79.701139833565
 
 CPU time [min]:     8.194                   Wall time [min]:     0.294
 
 ************************ 2023-02-05 13:36:54 *************************
                      Normal termination of mrcc.
 **********************************************************************
