================================================================================
                                       INPUT FILE
================================================================================
NAME = orca.inp
|  1>  ! TightSCF RI-MP2 RIJCOSX SlowConv DIIS
|  2> %maxcore 75000
|  3> %pal
|  4> nprocs 16
|  5> end
|  6> %pointcharges "orca.bq"
|  7> %method
|  8> Method hf
|  9> RI on
| 10> RunTyp Energy
| 11> NewNCore O 2 end
| 12> NewNCore Mg 2 end
| 13> NewNCore H 0 end
| 14> NewNCore C 2 end
| 15> end
| 16> %basis
| 17> NewGTO Mg
| 18> "cc-pwCVQZ"
| 19> end
| 20> NewGTO H
| 21> "aug-cc-pVQZ"
| 22> end
| 23> NewGTO C
| 24> "aug-cc-pVQZ"
| 25> end
| 26> NewGTO O
| 27> "aug-cc-pVQZ"
| 28> end
| 29> NewAuxCGTO Mg
| 30> "AutoAux"
| 31> end
| 32> NewAuxCGTO H
| 33> "aug-cc-pVQZ/C"
| 34> end
| 35> NewAuxCGTO C
| 36> "aug-cc-pVQZ/C"
| 37> end
| 38> NewAuxCGTO O 
| 39> "aug-cc-pVQZ/C"
| 40> end
| 41> Aux "def2/J"
| 42> end
| 43> %scf
| 44> HFTyp rhf
| 45> Guess MORead
| 46> MOInp "orca_svp_start.gbw"
| 47> SCFMode Direct
| 48> sthresh 1e-6
| 49> AutoTRAHIter 60
| 50> MaxIter 1000
| 51> end
| 52> %coords
| 53> CTyp xyz
| 54> Mult 1
| 55> Units angs
| 56>       Charge -24
| 57>   coords
| 58> C:                      1.07134204963    1.07134208764    2.54859637317
| 59> O:                      0.23687064860    0.23687054207    2.57853216822
| 60> O:                      1.90574724198    1.90574732149    2.57852015735
| 61> Mg                      0.00000000000    0.00000000000   -0.05750956508
| 62> O                      -2.09962978654    0.01470322800   -0.02732848039
| 63> O                       0.01470321233   -2.09962977677   -0.02732855680
| 64> O                       0.01644304005    0.01644305562   -2.17083353252
| 65> O                       0.01889723898    2.12373883871   -0.00000011507
| 66> O                       2.12373889513    0.01889723349    0.00000000000
| 67> Mg                     -2.09550257409    2.12466025786   -0.06518513770
| 68> Mg                      2.12466018932   -2.09550254630   -0.06518515994
| 69> Mg                      0.01847652865    2.12415943366   -2.16465796886
| 70> Mg                      2.12415933590    0.01847654448   -2.16465802761
| 71> Mg                      2.14263700734    2.14263713021   -0.05751152737
| 72> O                      -2.09064091270    2.12628468461   -2.17432195387
| 73> O                       2.12628466918   -2.09064086428   -2.17432191103
| 74> O                       2.12619360260    2.12619359049   -2.17083412053
| 75> Mg                      0.01797680303    4.23813951605   -0.06518525910
| 76> Mg                      4.23813953324    0.01797674277   -0.06518519769
| 77> O                      -4.19871985588    2.12793396473   -0.02732998446
| 78> O                       2.12793386548   -4.19871984327   -0.02733002184
| 79> O                      -2.09262859321    4.23526544066   -0.01605430862
| 80> O                       4.23526542452   -2.09262859828   -0.01605429023
| 81> O                       0.01635187817    4.23327752393   -2.17432191278
| 82> O                       4.23327739463    0.01635191083   -2.17432190454
| 83> O                       0.01619450604    2.12644128466   -4.29336142376
| 84> O                       2.12644127000    0.01619452071   -4.29336142376
| 85> O                       2.12793386548    4.24226721255   -0.02733002184
| 86> O                       4.24226719994    2.12793396473   -0.02732998446
| 87> O                       0.01470321233    6.34135727905   -0.02732855680
| 88> O                       6.34135726928    0.01470322800   -0.02732848039
| 89> Mg>    2.00000000000   -2.09574088508   -2.09574087242   -0.06333639131
| 90> NewECP
| 91> N_core 0
| 92> lmax f
| 93> s 1
| 94> 1      1.732000000   14.676000000 2
| 95> p 1
| 96> 1      1.115000000    5.175700000 2
| 97> d 1
| 98> 1      1.203000000   -1.816000000 2
| 99> f 1
|100> 1      1.000000000    0.000000000 2
|101> end
|102> Mg>    2.00000000000   -2.09548970945    0.01564224033   -2.16882249863
|103> NewECP
|104> N_core 0
|105> lmax f
|106> s 1
|107> 1      1.732000000   14.676000000 2
|108> p 1
|109> 1      1.115000000    5.175700000 2
|110> d 1
|111> 1      1.203000000   -1.816000000 2
|112> f 1
|113> 1      1.000000000    0.000000000 2
|114> end
|115> Mg>    2.00000000000    0.01564225307   -2.09548975278   -2.16882252457
|116> NewECP
|117> N_core 0
|118> lmax f
|119> s 1
|120> 1      1.732000000   14.676000000 2
|121> p 1
|122> 1      1.115000000    5.175700000 2
|123> d 1
|124> 1      1.203000000   -1.816000000 2
|125> f 1
|126> 1      1.000000000    0.000000000 2
|127> end
|128> Mg>    2.00000000000   -4.20284752257    0.01797674277   -0.06518519769
|129> NewECP
|130> N_core 0
|131> lmax f
|132> s 1
|133> 1      1.732000000   14.676000000 2
|134> p 1
|135> 1      1.115000000    5.175700000 2
|136> d 1
|137> 1      1.203000000   -1.816000000 2
|138> f 1
|139> 1      1.000000000    0.000000000 2
|140> end
|141> Mg>    2.00000000000    0.01797680303   -4.20284753976   -0.06518525910
|142> NewECP
|143> N_core 0
|144> lmax f
|145> s 1
|146> 1      1.732000000   14.676000000 2
|147> p 1
|148> 1      1.115000000    5.175700000 2
|149> d 1
|150> 1      1.203000000   -1.816000000 2
|151> f 1
|152> 1      1.000000000    0.000000000 2
|153> end
|154> Mg>    2.00000000000    0.01619450604    0.01619452071   -4.29336142376
|155> NewECP
|156> N_core 0
|157> lmax f
|158> s 1
|159> 1      1.732000000   14.676000000 2
|160> p 1
|161> 1      1.115000000    5.175700000 2
|162> d 1
|163> 1      1.203000000   -1.816000000 2
|164> f 1
|165> 1      1.000000000    0.000000000 2
|166> end
|167> Mg>    2.00000000000   -2.09353251746   -4.20481787328   -2.16859736288
|168> NewECP
|169> N_core 0
|170> lmax f
|171> s 1
|172> 1      1.732000000   14.676000000 2
|173> p 1
|174> 1      1.115000000    5.175700000 2
|175> d 1
|176> 1      1.203000000   -1.816000000 2
|177> f 1
|178> 1      1.000000000    0.000000000 2
|179> end
|180> Mg>    2.00000000000   -4.20481793251   -2.09353255581   -2.16859742093
|181> NewECP
|182> N_core 0
|183> lmax f
|184> s 1
|185> 1      1.732000000   14.676000000 2
|186> p 1
|187> 1      1.115000000    5.175700000 2
|188> d 1
|189> 1      1.203000000   -1.816000000 2
|190> f 1
|191> 1      1.000000000    0.000000000 2
|192> end
|193> Mg>    2.00000000000   -4.20286006847    2.12699441690   -2.16882286129
|194> NewECP
|195> N_core 0
|196> lmax f
|197> s 1
|198> 1      1.732000000   14.676000000 2
|199> p 1
|200> 1      1.115000000    5.175700000 2
|201> d 1
|202> 1      1.203000000   -1.816000000 2
|203> f 1
|204> 1      1.000000000    0.000000000 2
|205> end
|206> Mg>    2.00000000000    2.12699433051   -4.20286005020   -2.16882280098
|207> NewECP
|208> N_core 0
|209> lmax f
|210> s 1
|211> 1      1.732000000   14.676000000 2
|212> p 1
|213> 1      1.115000000    5.175700000 2
|214> d 1
|215> 1      1.203000000   -1.816000000 2
|216> f 1
|217> 1      1.000000000    0.000000000 2
|218> end
|219> Mg>    2.00000000000   -2.09405225791   -2.09405224324   -4.29336142376
|220> NewECP
|221> N_core 0
|222> lmax f
|223> s 1
|224> 1      1.732000000   14.676000000 2
|225> p 1
|226> 1      1.115000000    5.175700000 2
|227> d 1
|228> 1      1.203000000   -1.816000000 2
|229> f 1
|230> 1      1.000000000    0.000000000 2
|231> end
|232> Mg>    2.00000000000   -2.09353251746    4.23616918253   -2.16859736288
|233> NewECP
|234> N_core 0
|235> lmax f
|236> s 1
|237> 1      1.732000000   14.676000000 2
|238> p 1
|239> 1      1.115000000    5.175700000 2
|240> d 1
|241> 1      1.203000000   -1.816000000 2
|242> f 1
|243> 1      1.000000000    0.000000000 2
|244> end
|245> Mg>    2.00000000000    4.23616912331   -2.09353255581   -2.16859742093
|246> NewECP
|247> N_core 0
|248> lmax f
|249> s 1
|250> 1      1.732000000   14.676000000 2
|251> p 1
|252> 1      1.115000000    5.175700000 2
|253> d 1
|254> 1      1.203000000   -1.816000000 2
|255> f 1
|256> 1      1.000000000    0.000000000 2
|257> end
|258> Mg>    2.00000000000   -2.09405225791    2.12644128466   -4.29336142376
|259> NewECP
|260> N_core 0
|261> lmax f
|262> s 1
|263> 1      1.732000000   14.676000000 2
|264> p 1
|265> 1      1.115000000    5.175700000 2
|266> d 1
|267> 1      1.203000000   -1.816000000 2
|268> f 1
|269> 1      1.000000000    0.000000000 2
|270> end
|271> Mg>    2.00000000000    2.12644127000   -2.09405224324   -4.29336142376
|272> NewECP
|273> N_core 0
|274> lmax f
|275> s 1
|276> 1      1.732000000   14.676000000 2
|277> p 1
|278> 1      1.115000000    5.175700000 2
|279> d 1
|280> 1      1.203000000   -1.816000000 2
|281> f 1
|282> 1      1.000000000    0.000000000 2
|283> end
|284> Mg>    2.00000000000    2.12699433051    4.23812700562   -2.16882280098
|285> NewECP
|286> N_core 0
|287> lmax f
|288> s 1
|289> 1      1.732000000   14.676000000 2
|290> p 1
|291> 1      1.115000000    5.175700000 2
|292> d 1
|293> 1      1.203000000   -1.816000000 2
|294> f 1
|295> 1      1.000000000    0.000000000 2
|296> end
|297> Mg>    2.00000000000    4.23812698734    2.12699441690   -2.16882286129
|298> NewECP
|299> N_core 0
|300> lmax f
|301> s 1
|302> 1      1.732000000   14.676000000 2
|303> p 1
|304> 1      1.115000000    5.175700000 2
|305> d 1
|306> 1      1.203000000   -1.816000000 2
|307> f 1
|308> 1      1.000000000    0.000000000 2
|309> end
|310> Mg>    2.00000000000    2.12644127000    2.12644128466   -4.29336142376
|311> NewECP
|312> N_core 0
|313> lmax f
|314> s 1
|315> 1      1.732000000   14.676000000 2
|316> p 1
|317> 1      1.115000000    5.175700000 2
|318> d 1
|319> 1      1.203000000   -1.816000000 2
|320> f 1
|321> 1      1.000000000    0.000000000 2
|322> end
|323> Mg>    2.00000000000   -4.20429902187    0.01619452071   -4.29336142376
|324> NewECP
|325> N_core 0
|326> lmax f
|327> s 1
|328> 1      1.732000000   14.676000000 2
|329> p 1
|330> 1      1.115000000    5.175700000 2
|331> d 1
|332> 1      1.203000000   -1.816000000 2
|333> f 1
|334> 1      1.000000000    0.000000000 2
|335> end
|336> Mg>    2.00000000000    0.01619450604   -4.20429900720   -4.29336142376
|337> NewECP
|338> N_core 0
|339> lmax f
|340> s 1
|341> 1      1.732000000   14.676000000 2
|342> p 1
|343> 1      1.115000000    5.175700000 2
|344> d 1
|345> 1      1.203000000   -1.816000000 2
|346> f 1
|347> 1      1.000000000    0.000000000 2
|348> end
|349> Mg>    2.00000000000   -4.20260925112    4.23837781747   -0.06333751219
|350> NewECP
|351> N_core 0
|352> lmax f
|353> s 1
|354> 1      1.732000000   14.676000000 2
|355> p 1
|356> 1      1.115000000    5.175700000 2
|357> d 1
|358> 1      1.203000000   -1.816000000 2
|359> f 1
|360> 1      1.000000000    0.000000000 2
|361> end
|362> Mg>    2.00000000000    4.23837780469   -4.20260923835   -0.06333751219
|363> NewECP
|364> N_core 0
|365> lmax f
|366> s 1
|367> 1      1.732000000   14.676000000 2
|368> p 1
|369> 1      1.115000000    5.175700000 2
|370> d 1
|371> 1      1.203000000   -1.816000000 2
|372> f 1
|373> 1      1.000000000    0.000000000 2
|374> end
|375> Mg>    2.00000000000    0.01619450604    4.23668804862   -4.29336142376
|376> NewECP
|377> N_core 0
|378> lmax f
|379> s 1
|380> 1      1.732000000   14.676000000 2
|381> p 1
|382> 1      1.115000000    5.175700000 2
|383> d 1
|384> 1      1.203000000   -1.816000000 2
|385> f 1
|386> 1      1.000000000    0.000000000 2
|387> end
|388> Mg>    2.00000000000    4.23668803395    0.01619452071   -4.29336142376
|389> NewECP
|390> N_core 0
|391> lmax f
|392> s 1
|393> 1      1.732000000   14.676000000 2
|394> p 1
|395> 1      1.115000000    5.175700000 2
|396> d 1
|397> 1      1.203000000   -1.816000000 2
|398> f 1
|399> 1      1.000000000    0.000000000 2
|400> end
|401> Mg>    2.00000000000    4.23837780469    4.23837781747   -0.06333751219
|402> NewECP
|403> N_core 0
|404> lmax f
|405> s 1
|406> 1      1.732000000   14.676000000 2
|407> p 1
|408> 1      1.115000000    5.175700000 2
|409> d 1
|410> 1      1.203000000   -1.816000000 2
|411> f 1
|412> 1      1.000000000    0.000000000 2
|413> end
|414> Mg>    2.00000000000   -6.29835004848    2.14263713021   -0.05751152737
|415> NewECP
|416> N_core 0
|417> lmax f
|418> s 1
|419> 1      1.732000000   14.676000000 2
|420> p 1
|421> 1      1.115000000    5.175700000 2
|422> d 1
|423> 1      1.203000000   -1.816000000 2
|424> f 1
|425> 1      1.000000000    0.000000000 2
|426> end
|427> Mg>    2.00000000000    2.14263700734   -6.29834992561   -0.05751152737
|428> NewECP
|429> N_core 0
|430> lmax f
|431> s 1
|432> 1      1.732000000   14.676000000 2
|433> p 1
|434> 1      1.115000000    5.175700000 2
|435> d 1
|436> 1      1.203000000   -1.816000000 2
|437> f 1
|438> 1      1.000000000    0.000000000 2
|439> end
|440> Mg>    2.00000000000   -6.31682771991    0.01847654448   -2.16465802761
|441> NewECP
|442> N_core 0
|443> lmax f
|444> s 1
|445> 1      1.732000000   14.676000000 2
|446> p 1
|447> 1      1.115000000    5.175700000 2
|448> d 1
|449> 1      1.203000000   -1.816000000 2
|450> f 1
|451> 1      1.000000000    0.000000000 2
|452> end
|453> Mg>    2.00000000000    0.01847652865   -6.31682762216   -2.16465796886
|454> NewECP
|455> N_core 0
|456> lmax f
|457> s 1
|458> 1      1.732000000   14.676000000 2
|459> p 1
|460> 1      1.115000000    5.175700000 2
|461> d 1
|462> 1      1.203000000   -1.816000000 2
|463> f 1
|464> 1      1.000000000    0.000000000 2
|465> end
|466> Mg>    2.00000000000   -2.09574088508    6.34524618340   -0.06333639131
|467> NewECP
|468> N_core 0
|469> lmax f
|470> s 1
|471> 1      1.732000000   14.676000000 2
|472> p 1
|473> 1      1.115000000    5.175700000 2
|474> d 1
|475> 1      1.203000000   -1.816000000 2
|476> f 1
|477> 1      1.000000000    0.000000000 2
|478> end
|479> Mg>    2.00000000000    6.34524617073   -2.09574087242   -0.06333639131
|480> NewECP
|481> N_core 0
|482> lmax f
|483> s 1
|484> 1      1.732000000   14.676000000 2
|485> p 1
|486> 1      1.115000000    5.175700000 2
|487> d 1
|488> 1      1.203000000   -1.816000000 2
|489> f 1
|490> 1      1.000000000    0.000000000 2
|491> end
|492> Mg>    2.00000000000   -2.09405225791    0.01619452071   -6.40360818771
|493> NewECP
|494> N_core 0
|495> lmax f
|496> s 1
|497> 1      1.732000000   14.676000000 2
|498> p 1
|499> 1      1.115000000    5.175700000 2
|500> d 1
|501> 1      1.203000000   -1.816000000 2
|502> f 1
|503> 1      1.000000000    0.000000000 2
|504> end
|505> Mg>    2.00000000000    0.01619450604   -2.09405224324   -6.40360818771
|506> NewECP
|507> N_core 0
|508> lmax f
|509> s 1
|510> 1      1.732000000   14.676000000 2
|511> p 1
|512> 1      1.115000000    5.175700000 2
|513> d 1
|514> 1      1.203000000   -1.816000000 2
|515> f 1
|516> 1      1.000000000    0.000000000 2
|517> end
|518> Mg>    2.00000000000    0.01564225307    6.34549730304   -2.16882252457
|519> NewECP
|520> N_core 0
|521> lmax f
|522> s 1
|523> 1      1.732000000   14.676000000 2
|524> p 1
|525> 1      1.115000000    5.175700000 2
|526> d 1
|527> 1      1.203000000   -1.816000000 2
|528> f 1
|529> 1      1.000000000    0.000000000 2
|530> end
|531> Mg>    2.00000000000    6.34549734636    0.01564224033   -2.16882249863
|532> NewECP
|533> N_core 0
|534> lmax f
|535> s 1
|536> 1      1.732000000   14.676000000 2
|537> p 1
|538> 1      1.115000000    5.175700000 2
|539> d 1
|540> 1      1.203000000   -1.816000000 2
|541> f 1
|542> 1      1.000000000    0.000000000 2
|543> end
|544> Mg>    2.00000000000    2.12466018932    6.34548450951   -0.06518515994
|545> NewECP
|546> N_core 0
|547> lmax f
|548> s 1
|549> 1      1.732000000   14.676000000 2
|550> p 1
|551> 1      1.115000000    5.175700000 2
|552> d 1
|553> 1      1.203000000   -1.816000000 2
|554> f 1
|555> 1      1.000000000    0.000000000 2
|556> end
|557> Mg>    2.00000000000    6.34548448173    2.12466025786   -0.06518513770
|558> NewECP
|559> N_core 0
|560> lmax f
|561> s 1
|562> 1      1.732000000   14.676000000 2
|563> p 1
|564> 1      1.115000000    5.175700000 2
|565> d 1
|566> 1      1.203000000   -1.816000000 2
|567> f 1
|568> 1      1.000000000    0.000000000 2
|569> end
|570> Mg>    2.00000000000    0.01619450604    2.12644128466   -6.40360818771
|571> NewECP
|572> N_core 0
|573> lmax f
|574> s 1
|575> 1      1.732000000   14.676000000 2
|576> p 1
|577> 1      1.115000000    5.175700000 2
|578> d 1
|579> 1      1.203000000   -1.816000000 2
|580> f 1
|581> 1      1.000000000    0.000000000 2
|582> end
|583> Mg>    2.00000000000    2.12644127000    0.01619452071   -6.40360818771
|584> NewECP
|585> N_core 0
|586> lmax f
|587> s 1
|588> 1      1.732000000   14.676000000 2
|589> p 1
|590> 1      1.115000000    5.175700000 2
|591> d 1
|592> 1      1.203000000   -1.816000000 2
|593> f 1
|594> 1      1.000000000    0.000000000 2
|595> end
|596> Mg>    2.00000000000   -4.20429902187    4.23668804862   -4.29336142376
|597> NewECP
|598> N_core 0
|599> lmax f
|600> s 1
|601> 1      1.732000000   14.676000000 2
|602> p 1
|603> 1      1.115000000    5.175700000 2
|604> d 1
|605> 1      1.203000000   -1.816000000 2
|606> f 1
|607> 1      1.000000000    0.000000000 2
|608> end
|609> Mg>    2.00000000000    4.23668803395   -4.20429900720   -4.29336142376
|610> NewECP
|611> N_core 0
|612> lmax f
|613> s 1
|614> 1      1.732000000   14.676000000 2
|615> p 1
|616> 1      1.115000000    5.175700000 2
|617> d 1
|618> 1      1.203000000   -1.816000000 2
|619> f 1
|620> 1      1.000000000    0.000000000 2
|621> end
|622> Mg>    2.00000000000    4.23668803395    4.23668804862   -4.29336142376
|623> NewECP
|624> N_core 0
|625> lmax f
|626> s 1
|627> 1      1.732000000   14.676000000 2
|628> p 1
|629> 1      1.115000000    5.175700000 2
|630> d 1
|631> 1      1.203000000   -1.816000000 2
|632> f 1
|633> 1      1.000000000    0.000000000 2
|634> end
|635> Mg>    2.00000000000   -6.31399272530    4.23812700562   -2.16882280098
|636> NewECP
|637> N_core 0
|638> lmax f
|639> s 1
|640> 1      1.732000000   14.676000000 2
|641> p 1
|642> 1      1.115000000    5.175700000 2
|643> d 1
|644> 1      1.203000000   -1.816000000 2
|645> f 1
|646> 1      1.000000000    0.000000000 2
|647> end
|648> Mg>    2.00000000000    4.23812698734   -6.31399263892   -2.16882286129
|649> NewECP
|650> N_core 0
|651> lmax f
|652> s 1
|653> 1      1.732000000   14.676000000 2
|654> p 1
|655> 1      1.115000000    5.175700000 2
|656> d 1
|657> 1      1.203000000   -1.816000000 2
|658> f 1
|659> 1      1.000000000    0.000000000 2
|660> end
|661> Mg>    2.00000000000   -4.20481793251    6.34745450001   -2.16859742093
|662> NewECP
|663> N_core 0
|664> lmax f
|665> s 1
|666> 1      1.732000000   14.676000000 2
|667> p 1
|668> 1      1.115000000    5.175700000 2
|669> d 1
|670> 1      1.203000000   -1.816000000 2
|671> f 1
|672> 1      1.000000000    0.000000000 2
|673> end
|674> Mg>    2.00000000000    6.34745453836   -4.20481787328   -2.16859736288
|675> NewECP
|676> N_core 0
|677> lmax f
|678> s 1
|679> 1      1.732000000   14.676000000 2
|680> p 1
|681> 1      1.115000000    5.175700000 2
|682> d 1
|683> 1      1.203000000   -1.816000000 2
|684> f 1
|685> 1      1.000000000    0.000000000 2
|686> end
|687> Mg>    2.00000000000   -2.09405225791    4.23668804862   -6.40360818771
|688> NewECP
|689> N_core 0
|690> lmax f
|691> s 1
|692> 1      1.732000000   14.676000000 2
|693> p 1
|694> 1      1.115000000    5.175700000 2
|695> d 1
|696> 1      1.203000000   -1.816000000 2
|697> f 1
|698> 1      1.000000000    0.000000000 2
|699> end
|700> Mg>    2.00000000000    4.23668803395   -2.09405224324   -6.40360818771
|701> NewECP
|702> N_core 0
|703> lmax f
|704> s 1
|705> 1      1.732000000   14.676000000 2
|706> p 1
|707> 1      1.115000000    5.175700000 2
|708> d 1
|709> 1      1.203000000   -1.816000000 2
|710> f 1
|711> 1      1.000000000    0.000000000 2
|712> end
|713> Mg>    2.00000000000   -2.09405225791    6.34693481257   -4.29336142376
|714> NewECP
|715> N_core 0
|716> lmax f
|717> s 1
|718> 1      1.732000000   14.676000000 2
|719> p 1
|720> 1      1.115000000    5.175700000 2
|721> d 1
|722> 1      1.203000000   -1.816000000 2
|723> f 1
|724> 1      1.000000000    0.000000000 2
|725> end
|726> Mg>    2.00000000000    6.34693479790   -2.09405224324   -4.29336142376
|727> NewECP
|728> N_core 0
|729> lmax f
|730> s 1
|731> 1      1.732000000   14.676000000 2
|732> p 1
|733> 1      1.115000000    5.175700000 2
|734> d 1
|735> 1      1.203000000   -1.816000000 2
|736> f 1
|737> 1      1.000000000    0.000000000 2
|738> end
|739> Mg>    2.00000000000    4.23616912331    6.34745450001   -2.16859742093
|740> NewECP
|741> N_core 0
|742> lmax f
|743> s 1
|744> 1      1.732000000   14.676000000 2
|745> p 1
|746> 1      1.115000000    5.175700000 2
|747> d 1
|748> 1      1.203000000   -1.816000000 2
|749> f 1
|750> 1      1.000000000    0.000000000 2
|751> end
|752> Mg>    2.00000000000    6.34745453836    4.23616918253   -2.16859736288
|753> NewECP
|754> N_core 0
|755> lmax f
|756> s 1
|757> 1      1.732000000   14.676000000 2
|758> p 1
|759> 1      1.115000000    5.175700000 2
|760> d 1
|761> 1      1.203000000   -1.816000000 2
|762> f 1
|763> 1      1.000000000    0.000000000 2
|764> end
|765> Mg>    2.00000000000    2.12644127000    4.23668804862   -6.40360818771
|766> NewECP
|767> N_core 0
|768> lmax f
|769> s 1
|770> 1      1.732000000   14.676000000 2
|771> p 1
|772> 1      1.115000000    5.175700000 2
|773> d 1
|774> 1      1.203000000   -1.816000000 2
|775> f 1
|776> 1      1.000000000    0.000000000 2
|777> end
|778> Mg>    2.00000000000    4.23668803395    2.12644128466   -6.40360818771
|779> NewECP
|780> N_core 0
|781> lmax f
|782> s 1
|783> 1      1.732000000   14.676000000 2
|784> p 1
|785> 1      1.115000000    5.175700000 2
|786> d 1
|787> 1      1.203000000   -1.816000000 2
|788> f 1
|789> 1      1.000000000    0.000000000 2
|790> end
|791> Mg>    2.00000000000    2.12644127000    6.34693481257   -4.29336142376
|792> NewECP
|793> N_core 0
|794> lmax f
|795> s 1
|796> 1      1.732000000   14.676000000 2
|797> p 1
|798> 1      1.115000000    5.175700000 2
|799> d 1
|800> 1      1.203000000   -1.816000000 2
|801> f 1
|802> 1      1.000000000    0.000000000 2
|803> end
|804> Mg>    2.00000000000    6.34693479790    2.12644128466   -4.29336142376
|805> NewECP
|806> N_core 0
|807> lmax f
|808> s 1
|809> 1      1.732000000   14.676000000 2
|810> p 1
|811> 1      1.115000000    5.175700000 2
|812> d 1
|813> 1      1.203000000   -1.816000000 2
|814> f 1
|815> 1      1.000000000    0.000000000 2
|816> end
|817> Mg>    2.00000000000    0.00000000000    8.44098705582   -0.05750956508
|818> NewECP
|819> N_core 0
|820> lmax f
|821> s 1
|822> 1      1.732000000   14.676000000 2
|823> p 1
|824> 1      1.115000000    5.175700000 2
|825> d 1
|826> 1      1.203000000   -1.816000000 2
|827> f 1
|828> 1      1.000000000    0.000000000 2
|829> end
|830> Mg>    2.00000000000    8.44098705582    0.00000000000   -0.05750956508
|831> NewECP
|832> N_core 0
|833> lmax f
|834> s 1
|835> 1      1.732000000   14.676000000 2
|836> p 1
|837> 1      1.115000000    5.175700000 2
|838> d 1
|839> 1      1.203000000   -1.816000000 2
|840> f 1
|841> 1      1.000000000    0.000000000 2
|842> end
|843> Mg>    2.00000000000   -2.09548970945    8.45662929615   -2.16882249863
|844> NewECP
|845> N_core 0
|846> lmax f
|847> s 1
|848> 1      1.732000000   14.676000000 2
|849> p 1
|850> 1      1.115000000    5.175700000 2
|851> d 1
|852> 1      1.203000000   -1.816000000 2
|853> f 1
|854> 1      1.000000000    0.000000000 2
|855> end
|856> Mg>    2.00000000000    8.45662930889   -2.09548975278   -2.16882252457
|857> NewECP
|858> N_core 0
|859> lmax f
|860> s 1
|861> 1      1.732000000   14.676000000 2
|862> p 1
|863> 1      1.115000000    5.175700000 2
|864> d 1
|865> 1      1.203000000   -1.816000000 2
|866> f 1
|867> 1      1.000000000    0.000000000 2
|868> end
|869> Mg>    2.00000000000    2.12415933590    8.45946360030   -2.16465802761
|870> NewECP
|871> N_core 0
|872> lmax f
|873> s 1
|874> 1      1.732000000   14.676000000 2
|875> p 1
|876> 1      1.115000000    5.175700000 2
|877> d 1
|878> 1      1.203000000   -1.816000000 2
|879> f 1
|880> 1      1.000000000    0.000000000 2
|881> end
|882> Mg>    2.00000000000    8.45946358447    2.12415943366   -2.16465796886
|883> NewECP
|884> N_core 0
|885> lmax f
|886> s 1
|887> 1      1.732000000   14.676000000 2
|888> p 1
|889> 1      1.115000000    5.175700000 2
|890> d 1
|891> 1      1.203000000   -1.816000000 2
|892> f 1
|893> 1      1.000000000    0.000000000 2
|894> end
|895>   end
|896> endd                         ****END OF INPUT****
================================================================================
----------------
TOTAL SCF ENERGY
----------------

Total Energy       :        -3580.52453331 Eh          -97431.02585 eV

Components:
Nuclear Repulsion  :         4522.69007219 Eh          123068.65355 eV
Electronic Energy  :        -8103.21460551 Eh         -220499.67940 eV
One Electron Energy:       -14347.35905575 Eh         -390411.48804 eV
Two Electron Energy:         6244.14445025 Eh          169911.80864 eV
Max COSX asymmetry :            0.00007942 Eh               0.00216 eV

Virial components:
Potential Energy   :        -6679.51347944 Eh         -181758.80221 eV
Kinetic Energy     :         3098.98894613 Eh           84327.77637 eV
Virial Ratio       :            2.15538474

--------------------Output has been truncated-------------------------


--------------------Output has been truncated-------------------------


--------------------Output has been truncated-------------------------


--------------------Output has been truncated-------------------------


--------------------Output has been truncated-------------------------


--------------------Output has been truncated-------------------------


--------------------Output has been truncated-------------------------


--------------------Output has been truncated-------------------------


--------------------Output has been truncated-------------------------


--------------------Output has been truncated-------------------------


-----------------------------------------------
 RI-MP2 CORRELATION ENERGY:     -8.379284594 Eh
-----------------------------------------------
---------------------------------------
MP2 TOTAL ENERGY:    -3588.903817909 Eh
---------------------------------------

Maximum memory used throughout the entire MP2-calculation: 1702.6 MB

-------------------------   --------------------
FINAL SINGLE POINT ENERGY     -3588.903817909244
-------------------------   --------------------
