 **********************************************************************
                          MRCC program system
 **********************************************************************
 
                              Written by
     Mihaly Kallay, Peter R. Nagy, David Mester, Laszlo Gyevi-Nagy,
        Jozsef Csoka, P. Bernat Szabo, Zoltan Rolik, Gyula Samu,
     Jozsef Csontos, Bence Hegely, Adam Ganyecz, Istvan Ladjanszki,
       Lorant Szegedy, Bence Ladoczki, Klara Petrov, Mate Farkas,
                    Pal D. Mezei, and Reka A. Horvath
 
        Department of Physical Chemistry and Materials Science
            Budapest University of Technology and Economics
                  Budapest P.O.Box 91, H-1521 Hungary
 
                              www.mrcc.hu
 
                      Release date: March 18, 2022

 ************************ 2022-11-14 12:09:17 *************************
 Executing minp...

 Reading input from MINP...
 
 Input file:
 
calc=LNO-CCSD(T)
scftype=rhf
verbosity=3
mem=150GB
symm=off
unit=angs
scfiguess=small
scfmaxit=1000
scfalg=locfit1


lcorthr=tight
bpedo=0.99999
ccmaxit=400
usedisk=0
ccsdalg=dfdirect
ccsdthreads=4
ccsdmkl=thr
ptthreads=4

charge=-32
core=34

basis=special
aug-cc-pVTZ
aug-cc-pVTZ
bse_CVTZ
aug-cc-pVTZ
aug-cc-pVTZ
aug-cc-pVTZ
aug-cc-pVTZ
aug-cc-pVTZ
bse_CVTZ
bse_CVTZ
bse_CVTZ
bse_CVTZ
aug-cc-pVTZ
aug-cc-pVTZ
aug-cc-pVTZ
aug-cc-pVTZ
bse_CVTZ
bse_CVTZ
bse_CVTZ
bse_CVTZ
aug-cc-pVTZ
aug-cc-pVTZ
aug-cc-pVTZ
aug-cc-pVTZ
aug-cc-pVTZ
aug-cc-pVTZ
aug-cc-pVTZ
aug-cc-pVTZ
aug-cc-pVTZ
aug-cc-pVTZ
aug-cc-pVTZ
aug-cc-pVTZ
aug-cc-pVTZ
aug-cc-pVTZ
aug-cc-pVTZ
aug-cc-pVTZ
nothing
nothing
nothing
nothing
nothing
nothing
nothing
nothing
nothing
nothing
nothing
nothing
nothing
nothing
nothing
nothing
nothing
nothing
nothing
nothing
nothing
nothing
nothing
nothing
nothing
nothing
nothing
nothing
nothing
nothing
nothing
nothing
nothing
nothing
nothing
nothing
nothing
nothing
nothing
nothing
nothing
nothing
nothing
nothing
nothing
nothing
nothing
nothing
nothing
nothing
nothing
nothing
nothing
nothing
nothing
nothing
nothing
nothing
nothing
nothing
nothing
nothing
nothing
nothing
nothing
nothing
nothing
nothing
nothing

basis_sm=special
def2-SVP
def2-SVP
def2-SVP
def2-SVP
def2-SVP
def2-SVP
def2-SVP
def2-SVP
def2-SVP
def2-SVP
def2-SVP
def2-SVP
def2-SVP
def2-SVP
def2-SVP
def2-SVP
def2-SVP
def2-SVP
def2-SVP
def2-SVP
def2-SVP
def2-SVP
def2-SVP
def2-SVP
def2-SVP
def2-SVP
def2-SVP
def2-SVP
def2-SVP
def2-SVP
def2-SVP
def2-SVP
def2-SVP
def2-SVP
def2-SVP
def2-SVP
nothing
nothing
nothing
nothing
nothing
nothing
nothing
nothing
nothing
nothing
nothing
nothing
nothing
nothing
nothing
nothing
nothing
nothing
nothing
nothing
nothing
nothing
nothing
nothing
nothing
nothing
nothing
nothing
nothing
nothing
nothing
nothing
nothing
nothing
nothing
nothing
nothing
nothing
nothing
nothing
nothing
nothing
nothing
nothing
nothing
nothing
nothing
nothing
nothing
nothing
nothing
nothing
nothing
nothing
nothing
nothing
nothing
nothing
nothing
nothing
nothing
nothing
nothing
nothing
nothing
nothing
nothing
nothing
nothing

dfbasis_scf=special
def2-QZVPP-RI-JK
def2-QZVPP-RI-JK
def2-QZVPP-RI-JK
def2-QZVPP-RI-JK
def2-QZVPP-RI-JK
def2-QZVPP-RI-JK
def2-QZVPP-RI-JK
def2-QZVPP-RI-JK
def2-QZVPP-RI-JK
def2-QZVPP-RI-JK
def2-QZVPP-RI-JK
def2-QZVPP-RI-JK
def2-QZVPP-RI-JK
def2-QZVPP-RI-JK
def2-QZVPP-RI-JK
def2-QZVPP-RI-JK
def2-QZVPP-RI-JK
def2-QZVPP-RI-JK
def2-QZVPP-RI-JK
def2-QZVPP-RI-JK
def2-QZVPP-RI-JK
def2-QZVPP-RI-JK
def2-QZVPP-RI-JK
def2-QZVPP-RI-JK
def2-QZVPP-RI-JK
def2-QZVPP-RI-JK
def2-QZVPP-RI-JK
def2-QZVPP-RI-JK
def2-QZVPP-RI-JK
def2-QZVPP-RI-JK
def2-QZVPP-RI-JK
def2-QZVPP-RI-JK
def2-QZVPP-RI-JK
def2-QZVPP-RI-JK
def2-QZVPP-RI-JK
def2-QZVPP-RI-JK
nothing
nothing
nothing
nothing
nothing
nothing
nothing
nothing
nothing
nothing
nothing
nothing
nothing
nothing
nothing
nothing
nothing
nothing
nothing
nothing
nothing
nothing
nothing
nothing
nothing
nothing
nothing
nothing
nothing
nothing
nothing
nothing
nothing
nothing
nothing
nothing
nothing
nothing
nothing
nothing
nothing
nothing
nothing
nothing
nothing
nothing
nothing
nothing
nothing
nothing
nothing
nothing
nothing
nothing
nothing
nothing
nothing
nothing
nothing
nothing
nothing
nothing
nothing
nothing
nothing
nothing
nothing
nothing
nothing

dfbasis_cor=special
aug-cc-pVTZ-RI
aug-cc-pVTZ-RI
bse_CVTZ_mp2fit
aug-cc-pVTZ-RI
aug-cc-pVTZ-RI
aug-cc-pVTZ-RI
aug-cc-pVTZ-RI
aug-cc-pVTZ-RI
bse_CVTZ_mp2fit
bse_CVTZ_mp2fit
bse_CVTZ_mp2fit
bse_CVTZ_mp2fit
aug-cc-pVTZ-RI
aug-cc-pVTZ-RI
aug-cc-pVTZ-RI
aug-cc-pVTZ-RI
bse_CVTZ_mp2fit
bse_CVTZ_mp2fit
bse_CVTZ_mp2fit
bse_CVTZ_mp2fit
aug-cc-pVTZ-RI
aug-cc-pVTZ-RI
aug-cc-pVTZ-RI
aug-cc-pVTZ-RI
aug-cc-pVTZ-RI
aug-cc-pVTZ-RI
aug-cc-pVTZ-RI
aug-cc-pVTZ-RI
aug-cc-pVTZ-RI
aug-cc-pVTZ-RI
aug-cc-pVTZ-RI
aug-cc-pVTZ-RI
aug-cc-pVTZ-RI
aug-cc-pVTZ-RI
aug-cc-pVTZ-RI
aug-cc-pVTZ-RI
nothing
nothing
nothing
nothing
nothing
nothing
nothing
nothing
nothing
nothing
nothing
nothing
nothing
nothing
nothing
nothing
nothing
nothing
nothing
nothing
nothing
nothing
nothing
nothing
nothing
nothing
nothing
nothing
nothing
nothing
nothing
nothing
nothing
nothing
nothing
nothing
nothing
nothing
nothing
nothing
nothing
nothing
nothing
nothing
nothing
nothing
nothing
nothing
nothing
nothing
nothing
nothing
nothing
nothing
nothing
nothing
nothing
nothing
nothing
nothing
nothing
nothing
nothing
nothing
nothing
nothing
nothing
nothing
nothing

ecp=special
none
none
none
none
none
none
none
none
none
none
none
none
none
none
none
none
none
none
none
none
none
none
none
none
none
none
none
none
none
none
none
none
none
none
none
none
ECP-12
ECP-12
ECP-12
ECP-12
ECP-12
ECP-12
ECP-12
ECP-12
ECP-12
ECP-12
ECP-12
ECP-12
ECP-12
ECP-12
ECP-12
ECP-12
ECP-12
ECP-12
ECP-12
ECP-12
ECP-12
ECP-12
ECP-12
ECP-12
ECP-12
ECP-12
ECP-12
ECP-12
ECP-12
ECP-12
ECP-12
ECP-12
ECP-12
ECP-12
ECP-12
ECP-12
ECP-12
ECP-12
ECP-12
ECP-12
ECP-12
ECP-12
ECP-12
ECP-12
ECP-12
ECP-12
ECP-12
ECP-12
ECP-12
ECP-12
ECP-12
ECP-12
ECP-12
ECP-12
ECP-12
ECP-12
ECP-12
ECP-12
ECP-12
ECP-12
ECP-12
ECP-12
ECP-12
ECP-12
ECP-12
ECP-12
ECP-12
ECP-12
ECP-12

unit=angs
geom=xyz
105
C1 O1 Mg9 O25 ECP69
C     0.00000000000    0.00000000000    2.43329433571
O     0.00000000000    0.00000000000    3.58011415037
Mg    0.00000000000    0.00000000000   -0.00772802266
O    -2.12018425659    0.00000000000   -0.00205593177
O     0.00000000000    2.12018425659   -0.00205593177
O     2.12018425659    0.00000000000   -0.00205593177
O     0.00000000000   -2.12018425659   -0.00205593177
O     0.00000000000    0.00000000000   -2.14902768389
Mg   -2.11144262254    2.11144262254   -0.05140086690
Mg    2.11144262254    2.11144262254   -0.05140086690
Mg    2.11144262254   -2.11144262254   -0.05140086690
Mg   -2.11144262254   -2.11144262254   -0.05140086690
O    -2.11070451449    2.11070451449   -2.15696791928
O     2.11070451449    2.11070451449   -2.15696791928
O     2.11070451449   -2.11070451449   -2.15696791928
O    -2.11070451449   -2.11070451449   -2.15696791928
Mg   -4.22049352791    0.00000000000   -0.05042534122
Mg    0.00000000000    4.22049352791   -0.05042534122
Mg    4.22049352791    0.00000000000   -0.05042534122
Mg    0.00000000000   -4.22049352791   -0.05042534122
O    -4.22049352791    2.11209139723    0.00000000000
O    -2.11209139723    4.22049352791    0.00000000000
O     2.11209139723    4.22049352791    0.00000000000
O     4.22049352791    2.11209139723    0.00000000000
O     4.22049352791   -2.11209139723    0.00000000000
O     2.11209139723   -4.22049352791    0.00000000000
O    -2.11209139723   -4.22049352791    0.00000000000
O    -4.22049352791   -2.11209139723    0.00000000000
O    -4.22049352791    0.00000000000   -2.15902521756
O     0.00000000000    4.22049352791   -2.15902521756
O     4.22049352791    0.00000000000   -2.15902521756
O     0.00000000000   -4.22049352791   -2.15902521756
O    -6.32080279923    0.00000000000   -0.00205593177
O     0.00000000000    6.32080279923   -0.00205593177
O     6.32080279923    0.00000000000   -0.00205593177
O     0.00000000000   -6.32080279923   -0.00205593177
Mg   -2.10705287155    0.00000000000   -2.14928009216
Mg    0.00000000000    2.10705287155   -2.14928009216
Mg    2.10705287155    0.00000000000   -2.14928009216
Mg    0.00000000000   -2.10705287155   -2.14928009216
Mg    0.00000000000    0.00000000000   -4.27562330794
Mg   -4.22049352791    2.10973412517   -2.15218714568
Mg   -2.10973412517    4.22049352791   -2.15218714568
Mg    2.10973412517    4.22049352791   -2.15218714568
Mg    4.22049352791    2.10973412517   -2.15218714568
Mg    4.22049352791   -2.10973412517   -2.15218714568
Mg    2.10973412517   -4.22049352791   -2.15218714568
Mg   -2.10973412517   -4.22049352791   -2.15218714568
Mg   -4.22049352791   -2.10973412517   -2.15218714568
Mg   -2.11024676395    2.11024676395   -4.27562330794
Mg    2.11024676395    2.11024676395   -4.27562330794
Mg    2.11024676395   -2.11024676395   -4.27562330794
Mg   -2.11024676395   -2.11024676395   -4.27562330794
Mg   -4.22049352791    4.22049352791   -0.04765173215
Mg    4.22049352791    4.22049352791   -0.04765173215
Mg    4.22049352791   -4.22049352791   -0.04765173215
Mg   -4.22049352791   -4.22049352791   -0.04765173215
Mg   -4.22049352791    0.00000000000   -4.27562330794
Mg    0.00000000000    4.22049352791   -4.27562330794
Mg    4.22049352791    0.00000000000   -4.27562330794
Mg    0.00000000000   -4.22049352791   -4.27562330794
Mg   -6.32954443328    2.11144262254   -0.05140086690
Mg   -2.11144262254    6.32954443328   -0.05140086690
Mg    2.11144262254    6.32954443328   -0.05140086690
Mg    6.32954443328    2.11144262254   -0.05140086690
Mg    6.32954443328   -2.11144262254   -0.05140086690
Mg    2.11144262254   -6.32954443328   -0.05140086690
Mg   -2.11144262254   -6.32954443328   -0.05140086690
Mg   -6.32954443328   -2.11144262254   -0.05140086690
Mg   -6.33393418427    0.00000000000   -2.14928009216
Mg    0.00000000000    6.33393418427   -2.14928009216
Mg    6.33393418427    0.00000000000   -2.14928009216
Mg    0.00000000000   -6.33393418427   -2.14928009216
Mg   -4.22049352791    4.22049352791   -4.27562330794
Mg    4.22049352791    4.22049352791   -4.27562330794
Mg    4.22049352791   -4.22049352791   -4.27562330794
Mg   -4.22049352791   -4.22049352791   -4.27562330794
Mg   -6.33125293065    4.22049352791   -2.15218714568
Mg   -4.22049352791    6.33125293065   -2.15218714568
Mg    4.22049352791    6.33125293065   -2.15218714568
Mg    6.33125293065    4.22049352791   -2.15218714568
Mg    6.33125293065   -4.22049352791   -2.15218714568
Mg    4.22049352791   -6.33125293065   -2.15218714568
Mg   -4.22049352791   -6.33125293065   -2.15218714568
Mg   -6.33125293065   -4.22049352791   -2.15218714568
Mg   -6.33074029186    2.11024676395   -4.27562330794
Mg   -2.11024676395    6.33074029186   -4.27562330794
Mg    2.11024676395    6.33074029186   -4.27562330794
Mg    6.33074029186    2.11024676395   -4.27562330794
Mg    6.33074029186   -2.11024676395   -4.27562330794
Mg    2.11024676395   -6.33074029186   -4.27562330794
Mg   -2.11024676395   -6.33074029186   -4.27562330794
Mg   -6.33074029186   -2.11024676395   -4.27562330794
Mg   -8.44098705582    0.00000000000   -0.00772802266
Mg    0.00000000000    8.44098705582   -0.00772802266
Mg    8.44098705582    0.00000000000   -0.00772802266
Mg    0.00000000000   -8.44098705582   -0.00772802266
Mg   -8.44098705582    2.10705287155   -2.14928009216
Mg   -2.10705287155    8.44098705582   -2.14928009216
Mg    2.10705287155    8.44098705582   -2.14928009216
Mg    8.44098705582    2.10705287155   -2.14928009216
Mg    8.44098705582   -2.10705287155   -2.14928009216
Mg    2.10705287155   -8.44098705582   -2.14928009216
Mg   -2.10705287155   -8.44098705582   -2.14928009216
Mg   -8.44098705582   -2.10705287155   -2.14928009216


ghost=serialno
1-2

qmmm=Amber
pointcharges
10157
     -2.10705287155    0.00000000000   -2.14928009216    2.00000000000
      0.00000000000    2.10705287155   -2.14928009216    2.00000000000
      2.10705287155    0.00000000000   -2.14928009216    2.00000000000
      0.00000000000   -2.10705287155   -2.14928009216    2.00000000000
--------------------Output has been truncated-------------------------


--------------------Output has been truncated-------------------------


--------------------Output has been truncated-------------------------


--------------------Output has been truncated-------------------------


--------------------Output has been truncated-------------------------


--------------------Output has been truncated-------------------------


--------------------Output has been truncated-------------------------


--------------------Output has been truncated-------------------------


--------------------Output has been truncated-------------------------


--------------------Output has been truncated-------------------------


 
 Final local CC results:
 
 Minimum number of correlated electrons:        38       ( 14.0%)
 Maximum number of correlated electrons:       116       ( 42.6%)
 Average number of correlated electrons:        63.1     ( 23.2%)
 Minimum number of correlated orbitals:         80       (  4.6%)
 Maximum number of correlated orbitals:        253       ( 14.5%)
 Average number of correlated orbitals:        146.7     (  8.4%)
 
 CPU time for integral calculations [min]:                 29.971
 Wall time for integral calculations [min]:                 7.527
 
 CPU time for SCF calculation [min]:                      522.736
 Wall time for SCF calculation [min]:                      13.337
 
 CPU time for orbital localization [min]:                   0.562
 Wall time for orbital localization [min]:                  0.299
 
 CPU time for integral transformations [min]:           13943.899
 Wall time for integral transformations [min]:            417.931
 
 Reference energy [au]:                                -12966.771686873082
 
 LMP2 correlation energy [au]:                             -9.214269730510
 Total LMP2 energy [au]:                               -12975.985956603592
 
 Total MP2 correction for dropped NAFs [au]:               -0.000629795491
 Total MP2 correction [au]:                                -0.031964528204
 
 CPU time for CCSD calculations [min]:                   2549.169
 Total CPU time for CCSD [min]:                         17046.338
 Wall time for CCSD calculations [min]:                    92.868
 Total wall time for CCSD [min]:                          531.961
 
 CCSD correlation energy [au]:                             -9.156728151416
 Total CCSD energy [au]:                               -12975.928415024498
 CCSD correlation energy + 0.5 MP2 corrections [au]:       -9.172710415518
 Total LNO-CCSD energy with MP2 corrections [au]:      -12975.944397288600
 
 CPU time for (T) corrections [min]:                     3798.640
 Total CPU time for CCSD(T) [min]:                      20844.978
 Wall time for (T) corrections [min]:                      99.185
 Total wall time for CCSD(T) [min]:                       631.146
 
 Total (T) correlation energy contribution [au]:           -0.306310654669
 Total (T) correlation energy+0.5 MP2 correction [au]:     -0.322292918771
 CCSD(T) correlation energy [au]:                          -9.463038806085
 Total CCSD(T) energy [au]:                            -12976.234725679167
 CCSD(T) correlation energy + MP2 corrections [au]:        -9.495003334289
 Total LNO-CCSD(T) energy with MP2 corrections [au]:   -12976.266690207371
 
 ======================================================================
 ======================================================================
 
 ************************ 2022-11-14 22:43:05 *************************
                      Normal termination of mrcc.
 **********************************************************************
