 **********************************************************************
                          MRCC program system
 **********************************************************************
 
                              Written by
     Mihaly Kallay, Peter R. Nagy, David Mester, Laszlo Gyevi-Nagy,
        Jozsef Csoka, P. Bernat Szabo, Zoltan Rolik, Gyula Samu,
     Jozsef Csontos, Bence Hegely, Adam Ganyecz, Istvan Ladjanszki,
       Lorant Szegedy, Bence Ladoczki, Klara Petrov, Mate Farkas,
                    Pal D. Mezei, and Reka A. Horvath
 
        Department of Physical Chemistry and Materials Science
            Budapest University of Technology and Economics
                  Budapest P.O.Box 91, H-1521 Hungary
 
                              www.mrcc.hu
 
                      Release date: March 18, 2022

 ************************ 2022-11-14 09:58:17 *************************
 Executing minp...

 Reading input from MINP...
 
 Input file:
 
calc=LNO-CCSD(T)
scftype=rhf
verbosity=3
mem=150GB
symm=off
unit=angs
scfiguess=small
scfmaxit=1000
scfalg=locfit1


lcorthr=tight
bpedo=0.99999
ccmaxit=400
usedisk=0
ccsdalg=dfdirect
ccsdthreads=4
ccsdmkl=thr
ptthreads=4

charge=-32
core=34

basis=special
aug-cc-pVDZ
aug-cc-pVDZ
bse_CVDZ
aug-cc-pVDZ
aug-cc-pVDZ
aug-cc-pVDZ
aug-cc-pVDZ
aug-cc-pVDZ
bse_CVDZ
bse_CVDZ
bse_CVDZ
bse_CVDZ
aug-cc-pVDZ
aug-cc-pVDZ
aug-cc-pVDZ
aug-cc-pVDZ
bse_CVDZ
bse_CVDZ
bse_CVDZ
bse_CVDZ
aug-cc-pVDZ
aug-cc-pVDZ
aug-cc-pVDZ
aug-cc-pVDZ
aug-cc-pVDZ
aug-cc-pVDZ
aug-cc-pVDZ
aug-cc-pVDZ
aug-cc-pVDZ
aug-cc-pVDZ
aug-cc-pVDZ
aug-cc-pVDZ
aug-cc-pVDZ
aug-cc-pVDZ
aug-cc-pVDZ
aug-cc-pVDZ
nothing
nothing
nothing
nothing
nothing
nothing
nothing
nothing
nothing
nothing
nothing
nothing
nothing
nothing
nothing
nothing
nothing
nothing
nothing
nothing
nothing
nothing
nothing
nothing
nothing
nothing
nothing
nothing
nothing
nothing
nothing
nothing
nothing
nothing
nothing
nothing
nothing
nothing
nothing
nothing
nothing
nothing
nothing
nothing
nothing
nothing
nothing
nothing
nothing
nothing
nothing
nothing
nothing
nothing
nothing
nothing
nothing
nothing
nothing
nothing
nothing
nothing
nothing
nothing
nothing
nothing
nothing
nothing
nothing

basis_sm=special
def2-SVP
def2-SVP
def2-SVP
def2-SVP
def2-SVP
def2-SVP
def2-SVP
def2-SVP
def2-SVP
def2-SVP
def2-SVP
def2-SVP
def2-SVP
def2-SVP
def2-SVP
def2-SVP
def2-SVP
def2-SVP
def2-SVP
def2-SVP
def2-SVP
def2-SVP
def2-SVP
def2-SVP
def2-SVP
def2-SVP
def2-SVP
def2-SVP
def2-SVP
def2-SVP
def2-SVP
def2-SVP
def2-SVP
def2-SVP
def2-SVP
def2-SVP
nothing
nothing
nothing
nothing
nothing
nothing
nothing
nothing
nothing
nothing
nothing
nothing
nothing
nothing
nothing
nothing
nothing
nothing
nothing
nothing
nothing
nothing
nothing
nothing
nothing
nothing
nothing
nothing
nothing
nothing
nothing
nothing
nothing
nothing
nothing
nothing
nothing
nothing
nothing
nothing
nothing
nothing
nothing
nothing
nothing
nothing
nothing
nothing
nothing
nothing
nothing
nothing
nothing
nothing
nothing
nothing
nothing
nothing
nothing
nothing
nothing
nothing
nothing
nothing
nothing
nothing
nothing
nothing
nothing

dfbasis_scf=special
def2-QZVPP-RI-JK
def2-QZVPP-RI-JK
def2-QZVPP-RI-JK
def2-QZVPP-RI-JK
def2-QZVPP-RI-JK
def2-QZVPP-RI-JK
def2-QZVPP-RI-JK
def2-QZVPP-RI-JK
def2-QZVPP-RI-JK
def2-QZVPP-RI-JK
def2-QZVPP-RI-JK
def2-QZVPP-RI-JK
def2-QZVPP-RI-JK
def2-QZVPP-RI-JK
def2-QZVPP-RI-JK
def2-QZVPP-RI-JK
def2-QZVPP-RI-JK
def2-QZVPP-RI-JK
def2-QZVPP-RI-JK
def2-QZVPP-RI-JK
def2-QZVPP-RI-JK
def2-QZVPP-RI-JK
def2-QZVPP-RI-JK
def2-QZVPP-RI-JK
def2-QZVPP-RI-JK
def2-QZVPP-RI-JK
def2-QZVPP-RI-JK
def2-QZVPP-RI-JK
def2-QZVPP-RI-JK
def2-QZVPP-RI-JK
def2-QZVPP-RI-JK
def2-QZVPP-RI-JK
def2-QZVPP-RI-JK
def2-QZVPP-RI-JK
def2-QZVPP-RI-JK
def2-QZVPP-RI-JK
nothing
nothing
nothing
nothing
nothing
nothing
nothing
nothing
nothing
nothing
nothing
nothing
nothing
nothing
nothing
nothing
nothing
nothing
nothing
nothing
nothing
nothing
nothing
nothing
nothing
nothing
nothing
nothing
nothing
nothing
nothing
nothing
nothing
nothing
nothing
nothing
nothing
nothing
nothing
nothing
nothing
nothing
nothing
nothing
nothing
nothing
nothing
nothing
nothing
nothing
nothing
nothing
nothing
nothing
nothing
nothing
nothing
nothing
nothing
nothing
nothing
nothing
nothing
nothing
nothing
nothing
nothing
nothing
nothing

dfbasis_cor=special
aug-cc-pVDZ-RI
aug-cc-pVDZ-RI
bse_CVDZ_mp2fit
aug-cc-pVDZ-RI
aug-cc-pVDZ-RI
aug-cc-pVDZ-RI
aug-cc-pVDZ-RI
aug-cc-pVDZ-RI
bse_CVDZ_mp2fit
bse_CVDZ_mp2fit
bse_CVDZ_mp2fit
bse_CVDZ_mp2fit
aug-cc-pVDZ-RI
aug-cc-pVDZ-RI
aug-cc-pVDZ-RI
aug-cc-pVDZ-RI
bse_CVDZ_mp2fit
bse_CVDZ_mp2fit
bse_CVDZ_mp2fit
bse_CVDZ_mp2fit
aug-cc-pVDZ-RI
aug-cc-pVDZ-RI
aug-cc-pVDZ-RI
aug-cc-pVDZ-RI
aug-cc-pVDZ-RI
aug-cc-pVDZ-RI
aug-cc-pVDZ-RI
aug-cc-pVDZ-RI
aug-cc-pVDZ-RI
aug-cc-pVDZ-RI
aug-cc-pVDZ-RI
aug-cc-pVDZ-RI
aug-cc-pVDZ-RI
aug-cc-pVDZ-RI
aug-cc-pVDZ-RI
aug-cc-pVDZ-RI
nothing
nothing
nothing
nothing
nothing
nothing
nothing
nothing
nothing
nothing
nothing
nothing
nothing
nothing
nothing
nothing
nothing
nothing
nothing
nothing
nothing
nothing
nothing
nothing
nothing
nothing
nothing
nothing
nothing
nothing
nothing
nothing
nothing
nothing
nothing
nothing
nothing
nothing
nothing
nothing
nothing
nothing
nothing
nothing
nothing
nothing
nothing
nothing
nothing
nothing
nothing
nothing
nothing
nothing
nothing
nothing
nothing
nothing
nothing
nothing
nothing
nothing
nothing
nothing
nothing
nothing
nothing
nothing
nothing

ecp=special
none
none
none
none
none
none
none
none
none
none
none
none
none
none
none
none
none
none
none
none
none
none
none
none
none
none
none
none
none
none
none
none
none
none
none
none
ECP-12
ECP-12
ECP-12
ECP-12
ECP-12
ECP-12
ECP-12
ECP-12
ECP-12
ECP-12
ECP-12
ECP-12
ECP-12
ECP-12
ECP-12
ECP-12
ECP-12
ECP-12
ECP-12
ECP-12
ECP-12
ECP-12
ECP-12
ECP-12
ECP-12
ECP-12
ECP-12
ECP-12
ECP-12
ECP-12
ECP-12
ECP-12
ECP-12
ECP-12
ECP-12
ECP-12
ECP-12
ECP-12
ECP-12
ECP-12
ECP-12
ECP-12
ECP-12
ECP-12
ECP-12
ECP-12
ECP-12
ECP-12
ECP-12
ECP-12
ECP-12
ECP-12
ECP-12
ECP-12
ECP-12
ECP-12
ECP-12
ECP-12
ECP-12
ECP-12
ECP-12
ECP-12
ECP-12
ECP-12
ECP-12
ECP-12
ECP-12
ECP-12
ECP-12

unit=angs
geom=xyz
105
C1 O1 Mg9 O25 ECP69
C     0.00000000000    0.00000000000    2.43329433571
O     0.00000000000    0.00000000000    3.58011415037
Mg    0.00000000000    0.00000000000   -0.00772802266
O    -2.12018425659    0.00000000000   -0.00205593177
O     0.00000000000    2.12018425659   -0.00205593177
O     2.12018425659    0.00000000000   -0.00205593177
O     0.00000000000   -2.12018425659   -0.00205593177
O     0.00000000000    0.00000000000   -2.14902768389
Mg   -2.11144262254    2.11144262254   -0.05140086690
Mg    2.11144262254    2.11144262254   -0.05140086690
Mg    2.11144262254   -2.11144262254   -0.05140086690
Mg   -2.11144262254   -2.11144262254   -0.05140086690
O    -2.11070451449    2.11070451449   -2.15696791928
O     2.11070451449    2.11070451449   -2.15696791928
O     2.11070451449   -2.11070451449   -2.15696791928
O    -2.11070451449   -2.11070451449   -2.15696791928
Mg   -4.22049352791    0.00000000000   -0.05042534122
Mg    0.00000000000    4.22049352791   -0.05042534122
Mg    4.22049352791    0.00000000000   -0.05042534122
Mg    0.00000000000   -4.22049352791   -0.05042534122
O    -4.22049352791    2.11209139723    0.00000000000
O    -2.11209139723    4.22049352791    0.00000000000
O     2.11209139723    4.22049352791    0.00000000000
O     4.22049352791    2.11209139723    0.00000000000
O     4.22049352791   -2.11209139723    0.00000000000
O     2.11209139723   -4.22049352791    0.00000000000
O    -2.11209139723   -4.22049352791    0.00000000000
O    -4.22049352791   -2.11209139723    0.00000000000
O    -4.22049352791    0.00000000000   -2.15902521756
O     0.00000000000    4.22049352791   -2.15902521756
O     4.22049352791    0.00000000000   -2.15902521756
O     0.00000000000   -4.22049352791   -2.15902521756
O    -6.32080279923    0.00000000000   -0.00205593177
O     0.00000000000    6.32080279923   -0.00205593177
O     6.32080279923    0.00000000000   -0.00205593177
O     0.00000000000   -6.32080279923   -0.00205593177
Mg   -2.10705287155    0.00000000000   -2.14928009216
Mg    0.00000000000    2.10705287155   -2.14928009216
Mg    2.10705287155    0.00000000000   -2.14928009216
Mg    0.00000000000   -2.10705287155   -2.14928009216
Mg    0.00000000000    0.00000000000   -4.27562330794
Mg   -4.22049352791    2.10973412517   -2.15218714568
Mg   -2.10973412517    4.22049352791   -2.15218714568
Mg    2.10973412517    4.22049352791   -2.15218714568
Mg    4.22049352791    2.10973412517   -2.15218714568
Mg    4.22049352791   -2.10973412517   -2.15218714568
Mg    2.10973412517   -4.22049352791   -2.15218714568
Mg   -2.10973412517   -4.22049352791   -2.15218714568
Mg   -4.22049352791   -2.10973412517   -2.15218714568
Mg   -2.11024676395    2.11024676395   -4.27562330794
Mg    2.11024676395    2.11024676395   -4.27562330794
Mg    2.11024676395   -2.11024676395   -4.27562330794
Mg   -2.11024676395   -2.11024676395   -4.27562330794
Mg   -4.22049352791    4.22049352791   -0.04765173215
Mg    4.22049352791    4.22049352791   -0.04765173215
Mg    4.22049352791   -4.22049352791   -0.04765173215
Mg   -4.22049352791   -4.22049352791   -0.04765173215
Mg   -4.22049352791    0.00000000000   -4.27562330794
Mg    0.00000000000    4.22049352791   -4.27562330794
Mg    4.22049352791    0.00000000000   -4.27562330794
Mg    0.00000000000   -4.22049352791   -4.27562330794
Mg   -6.32954443328    2.11144262254   -0.05140086690
Mg   -2.11144262254    6.32954443328   -0.05140086690
Mg    2.11144262254    6.32954443328   -0.05140086690
Mg    6.32954443328    2.11144262254   -0.05140086690
Mg    6.32954443328   -2.11144262254   -0.05140086690
Mg    2.11144262254   -6.32954443328   -0.05140086690
Mg   -2.11144262254   -6.32954443328   -0.05140086690
Mg   -6.32954443328   -2.11144262254   -0.05140086690
Mg   -6.33393418427    0.00000000000   -2.14928009216
Mg    0.00000000000    6.33393418427   -2.14928009216
Mg    6.33393418427    0.00000000000   -2.14928009216
Mg    0.00000000000   -6.33393418427   -2.14928009216
Mg   -4.22049352791    4.22049352791   -4.27562330794
Mg    4.22049352791    4.22049352791   -4.27562330794
Mg    4.22049352791   -4.22049352791   -4.27562330794
Mg   -4.22049352791   -4.22049352791   -4.27562330794
Mg   -6.33125293065    4.22049352791   -2.15218714568
Mg   -4.22049352791    6.33125293065   -2.15218714568
Mg    4.22049352791    6.33125293065   -2.15218714568
Mg    6.33125293065    4.22049352791   -2.15218714568
Mg    6.33125293065   -4.22049352791   -2.15218714568
Mg    4.22049352791   -6.33125293065   -2.15218714568
Mg   -4.22049352791   -6.33125293065   -2.15218714568
Mg   -6.33125293065   -4.22049352791   -2.15218714568
Mg   -6.33074029186    2.11024676395   -4.27562330794
Mg   -2.11024676395    6.33074029186   -4.27562330794
Mg    2.11024676395    6.33074029186   -4.27562330794
Mg    6.33074029186    2.11024676395   -4.27562330794
Mg    6.33074029186   -2.11024676395   -4.27562330794
Mg    2.11024676395   -6.33074029186   -4.27562330794
Mg   -2.11024676395   -6.33074029186   -4.27562330794
Mg   -6.33074029186   -2.11024676395   -4.27562330794
Mg   -8.44098705582    0.00000000000   -0.00772802266
Mg    0.00000000000    8.44098705582   -0.00772802266
Mg    8.44098705582    0.00000000000   -0.00772802266
Mg    0.00000000000   -8.44098705582   -0.00772802266
Mg   -8.44098705582    2.10705287155   -2.14928009216
Mg   -2.10705287155    8.44098705582   -2.14928009216
Mg    2.10705287155    8.44098705582   -2.14928009216
Mg    8.44098705582    2.10705287155   -2.14928009216
Mg    8.44098705582   -2.10705287155   -2.14928009216
Mg    2.10705287155   -8.44098705582   -2.14928009216
Mg   -2.10705287155   -8.44098705582   -2.14928009216
Mg   -8.44098705582   -2.10705287155   -2.14928009216


ghost=serialno
1-2

qmmm=Amber
pointcharges
10157
     -2.10705287155    0.00000000000   -2.14928009216    2.00000000000
      0.00000000000    2.10705287155   -2.14928009216    2.00000000000
      2.10705287155    0.00000000000   -2.14928009216    2.00000000000
      0.00000000000   -2.10705287155   -2.14928009216    2.00000000000
--------------------Output has been truncated-------------------------


--------------------Output has been truncated-------------------------


--------------------Output has been truncated-------------------------


--------------------Output has been truncated-------------------------


--------------------Output has been truncated-------------------------


--------------------Output has been truncated-------------------------


--------------------Output has been truncated-------------------------


--------------------Output has been truncated-------------------------


--------------------Output has been truncated-------------------------


--------------------Output has been truncated-------------------------


 
 Final local CC results:
 
 Minimum number of correlated electrons:        38       ( 14.0%)
 Maximum number of correlated electrons:       112       ( 41.2%)
 Average number of correlated electrons:        61.3     ( 22.5%)
 Minimum number of correlated orbitals:         61       (  7.3%)
 Maximum number of correlated orbitals:        208       ( 25.1%)
 Average number of correlated orbitals:        115.3     ( 13.9%)
 
 CPU time for integral calculations [min]:                  6.769
 Wall time for integral calculations [min]:                 1.314
 
 CPU time for SCF calculation [min]:                      220.303
 Wall time for SCF calculation [min]:                       5.599
 
 CPU time for orbital localization [min]:                   0.428
 Wall time for orbital localization [min]:                  0.215
 
 CPU time for integral transformations [min]:            3120.269
 Wall time for integral transformations [min]:             85.335
 
 Reference energy [au]:                                -12966.328664047518
 
 LMP2 correlation energy [au]:                             -6.760130519153
 Total LMP2 energy [au]:                               -12973.088794566671
 
 Total MP2 correction for dropped NAFs [au]:                0.002383770830
 Total MP2 correction [au]:                                -0.021236517603
 
 CPU time for CCSD calculations [min]:                   1288.111
 Total CPU time for CCSD [min]:                          4635.879
 Wall time for CCSD calculations [min]:                    46.076
 Total wall time for CCSD [min]:                          138.540
 
 CCSD correlation energy [au]:                             -6.788889543349
 Total CCSD energy [au]:                               -12973.117553590866
 CCSD correlation energy + 0.5 MP2 corrections [au]:       -6.799507802150
 Total LNO-CCSD energy with MP2 corrections [au]:      -12973.128171849668
 
 CPU time for (T) corrections [min]:                     1614.701
 Total CPU time for CCSD(T) [min]:                       6250.581
 Wall time for (T) corrections [min]:                      41.789
 Total wall time for CCSD(T) [min]:                       180.329
 
 Total (T) correlation energy contribution [au]:           -0.174997932998
 Total (T) correlation energy+0.5 MP2 correction [au]:     -0.185616191799
 CCSD(T) correlation energy [au]:                          -6.963887476346
 Total CCSD(T) energy [au]:                            -12973.292551523864
 CCSD(T) correlation energy + MP2 corrections [au]:        -6.985123993949
 Total LNO-CCSD(T) energy with MP2 corrections [au]:   -12973.313788041467
 
 ======================================================================
 ======================================================================
 
 ************************ 2022-11-14 13:01:14 *************************
                      Normal termination of mrcc.
 **********************************************************************
