================================================================================
                                       INPUT FILE
================================================================================
NAME = orca.inp
|  1>  ! TightSCF RI-MP2 RIJCOSX SlowConv DIIS
|  2> %maxcore 75000
|  3> %pal
|  4> nprocs 16
|  5> end
|  6> %pointcharges "orca.bq"
|  7> %method
|  8> Method hf
|  9> RI on
| 10> RunTyp Energy
| 11> NewNCore O 2 end
| 12> NewNCore Mg 2 end
| 13> NewNCore C 2 end
| 14> end
| 15> %basis
| 16> NewGTO Mg
| 17> "cc-pwCVDZ"
| 18> end
| 19> NewGTO C
| 20> "aug-cc-pVDZ"
| 21> end
| 22> NewGTO O
| 23> "aug-cc-pVDZ"
| 24> end
| 25> NewAuxCGTO Mg
| 26> "AutoAux"
| 27> end
| 28> NewAuxCGTO C
| 29> "aug-cc-pVDZ/C"
| 30> end
| 31> NewAuxCGTO O 
| 32> "aug-cc-pVDZ/C"
| 33> end
| 34> Aux "def2/J"
| 35> end
| 36> %scf
| 37> HFTyp rhf
| 38> Guess MORead
| 39> MOInp "orca_svp_start.gbw"
| 40> SCFMode Direct
| 41> sthresh 1e-6
| 42> AutoTRAHIter 60
| 43> MaxIter 1000
| 44> end
| 45> 
| 46> %coords
| 47> CTyp xyz
| 48> Mult 1
| 49> Units angs
| 50>       Charge -32
| 51>   coords
| 52> C:                      0.00000000000    0.00000000000    2.43329433571
| 53> O:                      0.00000000000    0.00000000000    3.58011415037
| 54> Mg                      0.00000000000    0.00000000000   -0.00772802266
| 55> O                      -2.12018425659    0.00000000000   -0.00205593177
| 56> O                       0.00000000000    2.12018425659   -0.00205593177
| 57> O                       2.12018425659    0.00000000000   -0.00205593177
| 58> O                       0.00000000000   -2.12018425659   -0.00205593177
| 59> O                       0.00000000000    0.00000000000   -2.14902768389
| 60> Mg                     -2.11144262254    2.11144262254   -0.05140086690
| 61> Mg                      2.11144262254    2.11144262254   -0.05140086690
| 62> Mg                      2.11144262254   -2.11144262254   -0.05140086690
| 63> Mg                     -2.11144262254   -2.11144262254   -0.05140086690
| 64> O                      -2.11070451449    2.11070451449   -2.15696791928
| 65> O                       2.11070451449    2.11070451449   -2.15696791928
| 66> O                       2.11070451449   -2.11070451449   -2.15696791928
| 67> O                      -2.11070451449   -2.11070451449   -2.15696791928
| 68> Mg                     -4.22049352791    0.00000000000   -0.05042534122
| 69> Mg                      0.00000000000    4.22049352791   -0.05042534122
| 70> Mg                      4.22049352791    0.00000000000   -0.05042534122
| 71> Mg                      0.00000000000   -4.22049352791   -0.05042534122
| 72> O                      -4.22049352791    2.11209139723    0.00000000000
| 73> O                      -2.11209139723    4.22049352791    0.00000000000
| 74> O                       2.11209139723    4.22049352791    0.00000000000
| 75> O                       4.22049352791    2.11209139723    0.00000000000
| 76> O                       4.22049352791   -2.11209139723    0.00000000000
| 77> O                       2.11209139723   -4.22049352791    0.00000000000
| 78> O                      -2.11209139723   -4.22049352791    0.00000000000
| 79> O                      -4.22049352791   -2.11209139723    0.00000000000
| 80> O                      -4.22049352791    0.00000000000   -2.15902521756
| 81> O                       0.00000000000    4.22049352791   -2.15902521756
| 82> O                       4.22049352791    0.00000000000   -2.15902521756
| 83> O                       0.00000000000   -4.22049352791   -2.15902521756
| 84> O                      -6.32080279923    0.00000000000   -0.00205593177
| 85> O                       0.00000000000    6.32080279923   -0.00205593177
| 86> O                       6.32080279923    0.00000000000   -0.00205593177
| 87> O                       0.00000000000   -6.32080279923   -0.00205593177
| 88> Mg>    2.00000000000   -2.10705287155    0.00000000000   -2.14928009216
| 89> NewECP
| 90> N_core 0
| 91> lmax f
| 92> s 1
| 93> 1      1.732000000   14.676000000 2
| 94> p 1
| 95> 1      1.115000000    5.175700000 2
| 96> d 1
| 97> 1      1.203000000   -1.816000000 2
| 98> f 1
| 99> 1      1.000000000    0.000000000 2
|100> end
|101> Mg>    2.00000000000    0.00000000000    2.10705287155   -2.14928009216
|102> NewECP
|103> N_core 0
|104> lmax f
|105> s 1
|106> 1      1.732000000   14.676000000 2
|107> p 1
|108> 1      1.115000000    5.175700000 2
|109> d 1
|110> 1      1.203000000   -1.816000000 2
|111> f 1
|112> 1      1.000000000    0.000000000 2
|113> end
|114> Mg>    2.00000000000    2.10705287155    0.00000000000   -2.14928009216
|115> NewECP
|116> N_core 0
|117> lmax f
|118> s 1
|119> 1      1.732000000   14.676000000 2
|120> p 1
|121> 1      1.115000000    5.175700000 2
|122> d 1
|123> 1      1.203000000   -1.816000000 2
|124> f 1
|125> 1      1.000000000    0.000000000 2
|126> end
|127> Mg>    2.00000000000    0.00000000000   -2.10705287155   -2.14928009216
|128> NewECP
|129> N_core 0
|130> lmax f
|131> s 1
|132> 1      1.732000000   14.676000000 2
|133> p 1
|134> 1      1.115000000    5.175700000 2
|135> d 1
|136> 1      1.203000000   -1.816000000 2
|137> f 1
|138> 1      1.000000000    0.000000000 2
|139> end
|140> Mg>    2.00000000000    0.00000000000    0.00000000000   -4.27562330794
|141> NewECP
|142> N_core 0
|143> lmax f
|144> s 1
|145> 1      1.732000000   14.676000000 2
|146> p 1
|147> 1      1.115000000    5.175700000 2
|148> d 1
|149> 1      1.203000000   -1.816000000 2
|150> f 1
|151> 1      1.000000000    0.000000000 2
|152> end
|153> Mg>    2.00000000000   -4.22049352791    2.10973412517   -2.15218714568
|154> NewECP
|155> N_core 0
|156> lmax f
|157> s 1
|158> 1      1.732000000   14.676000000 2
|159> p 1
|160> 1      1.115000000    5.175700000 2
|161> d 1
|162> 1      1.203000000   -1.816000000 2
|163> f 1
|164> 1      1.000000000    0.000000000 2
|165> end
|166> Mg>    2.00000000000   -2.10973412517    4.22049352791   -2.15218714568
|167> NewECP
|168> N_core 0
|169> lmax f
|170> s 1
|171> 1      1.732000000   14.676000000 2
|172> p 1
|173> 1      1.115000000    5.175700000 2
|174> d 1
|175> 1      1.203000000   -1.816000000 2
|176> f 1
|177> 1      1.000000000    0.000000000 2
|178> end
|179> Mg>    2.00000000000    2.10973412517    4.22049352791   -2.15218714568
|180> NewECP
|181> N_core 0
|182> lmax f
|183> s 1
|184> 1      1.732000000   14.676000000 2
|185> p 1
|186> 1      1.115000000    5.175700000 2
|187> d 1
|188> 1      1.203000000   -1.816000000 2
|189> f 1
|190> 1      1.000000000    0.000000000 2
|191> end
|192> Mg>    2.00000000000    4.22049352791    2.10973412517   -2.15218714568
|193> NewECP
|194> N_core 0
|195> lmax f
|196> s 1
|197> 1      1.732000000   14.676000000 2
|198> p 1
|199> 1      1.115000000    5.175700000 2
|200> d 1
|201> 1      1.203000000   -1.816000000 2
|202> f 1
|203> 1      1.000000000    0.000000000 2
|204> end
|205> Mg>    2.00000000000    4.22049352791   -2.10973412517   -2.15218714568
|206> NewECP
|207> N_core 0
|208> lmax f
|209> s 1
|210> 1      1.732000000   14.676000000 2
|211> p 1
|212> 1      1.115000000    5.175700000 2
|213> d 1
|214> 1      1.203000000   -1.816000000 2
|215> f 1
|216> 1      1.000000000    0.000000000 2
|217> end
|218> Mg>    2.00000000000    2.10973412517   -4.22049352791   -2.15218714568
|219> NewECP
|220> N_core 0
|221> lmax f
|222> s 1
|223> 1      1.732000000   14.676000000 2
|224> p 1
|225> 1      1.115000000    5.175700000 2
|226> d 1
|227> 1      1.203000000   -1.816000000 2
|228> f 1
|229> 1      1.000000000    0.000000000 2
|230> end
|231> Mg>    2.00000000000   -2.10973412517   -4.22049352791   -2.15218714568
|232> NewECP
|233> N_core 0
|234> lmax f
|235> s 1
|236> 1      1.732000000   14.676000000 2
|237> p 1
|238> 1      1.115000000    5.175700000 2
|239> d 1
|240> 1      1.203000000   -1.816000000 2
|241> f 1
|242> 1      1.000000000    0.000000000 2
|243> end
|244> Mg>    2.00000000000   -4.22049352791   -2.10973412517   -2.15218714568
|245> NewECP
|246> N_core 0
|247> lmax f
|248> s 1
|249> 1      1.732000000   14.676000000 2
|250> p 1
|251> 1      1.115000000    5.175700000 2
|252> d 1
|253> 1      1.203000000   -1.816000000 2
|254> f 1
|255> 1      1.000000000    0.000000000 2
|256> end
|257> Mg>    2.00000000000   -2.11024676395    2.11024676395   -4.27562330794
|258> NewECP
|259> N_core 0
|260> lmax f
|261> s 1
|262> 1      1.732000000   14.676000000 2
|263> p 1
|264> 1      1.115000000    5.175700000 2
|265> d 1
|266> 1      1.203000000   -1.816000000 2
|267> f 1
|268> 1      1.000000000    0.000000000 2
|269> end
|270> Mg>    2.00000000000    2.11024676395    2.11024676395   -4.27562330794
|271> NewECP
|272> N_core 0
|273> lmax f
|274> s 1
|275> 1      1.732000000   14.676000000 2
|276> p 1
|277> 1      1.115000000    5.175700000 2
|278> d 1
|279> 1      1.203000000   -1.816000000 2
|280> f 1
|281> 1      1.000000000    0.000000000 2
|282> end
|283> Mg>    2.00000000000    2.11024676395   -2.11024676395   -4.27562330794
|284> NewECP
|285> N_core 0
|286> lmax f
|287> s 1
|288> 1      1.732000000   14.676000000 2
|289> p 1
|290> 1      1.115000000    5.175700000 2
|291> d 1
|292> 1      1.203000000   -1.816000000 2
|293> f 1
|294> 1      1.000000000    0.000000000 2
|295> end
|296> Mg>    2.00000000000   -2.11024676395   -2.11024676395   -4.27562330794
|297> NewECP
|298> N_core 0
|299> lmax f
|300> s 1
|301> 1      1.732000000   14.676000000 2
|302> p 1
|303> 1      1.115000000    5.175700000 2
|304> d 1
|305> 1      1.203000000   -1.816000000 2
|306> f 1
|307> 1      1.000000000    0.000000000 2
|308> end
|309> Mg>    2.00000000000   -4.22049352791    4.22049352791   -0.04765173215
|310> NewECP
|311> N_core 0
|312> lmax f
|313> s 1
|314> 1      1.732000000   14.676000000 2
|315> p 1
|316> 1      1.115000000    5.175700000 2
|317> d 1
|318> 1      1.203000000   -1.816000000 2
|319> f 1
|320> 1      1.000000000    0.000000000 2
|321> end
|322> Mg>    2.00000000000    4.22049352791    4.22049352791   -0.04765173215
|323> NewECP
|324> N_core 0
|325> lmax f
|326> s 1
|327> 1      1.732000000   14.676000000 2
|328> p 1
|329> 1      1.115000000    5.175700000 2
|330> d 1
|331> 1      1.203000000   -1.816000000 2
|332> f 1
|333> 1      1.000000000    0.000000000 2
|334> end
|335> Mg>    2.00000000000    4.22049352791   -4.22049352791   -0.04765173215
|336> NewECP
|337> N_core 0
|338> lmax f
|339> s 1
|340> 1      1.732000000   14.676000000 2
|341> p 1
|342> 1      1.115000000    5.175700000 2
|343> d 1
|344> 1      1.203000000   -1.816000000 2
|345> f 1
|346> 1      1.000000000    0.000000000 2
|347> end
|348> Mg>    2.00000000000   -4.22049352791   -4.22049352791   -0.04765173215
|349> NewECP
|350> N_core 0
|351> lmax f
|352> s 1
|353> 1      1.732000000   14.676000000 2
|354> p 1
|355> 1      1.115000000    5.175700000 2
|356> d 1
|357> 1      1.203000000   -1.816000000 2
|358> f 1
|359> 1      1.000000000    0.000000000 2
|360> end
|361> Mg>    2.00000000000   -4.22049352791    0.00000000000   -4.27562330794
|362> NewECP
|363> N_core 0
|364> lmax f
|365> s 1
|366> 1      1.732000000   14.676000000 2
|367> p 1
|368> 1      1.115000000    5.175700000 2
|369> d 1
|370> 1      1.203000000   -1.816000000 2
|371> f 1
|372> 1      1.000000000    0.000000000 2
|373> end
|374> Mg>    2.00000000000    0.00000000000    4.22049352791   -4.27562330794
|375> NewECP
|376> N_core 0
|377> lmax f
|378> s 1
|379> 1      1.732000000   14.676000000 2
|380> p 1
|381> 1      1.115000000    5.175700000 2
|382> d 1
|383> 1      1.203000000   -1.816000000 2
|384> f 1
|385> 1      1.000000000    0.000000000 2
|386> end
|387> Mg>    2.00000000000    4.22049352791    0.00000000000   -4.27562330794
|388> NewECP
|389> N_core 0
|390> lmax f
|391> s 1
|392> 1      1.732000000   14.676000000 2
|393> p 1
|394> 1      1.115000000    5.175700000 2
|395> d 1
|396> 1      1.203000000   -1.816000000 2
|397> f 1
|398> 1      1.000000000    0.000000000 2
|399> end
|400> Mg>    2.00000000000    0.00000000000   -4.22049352791   -4.27562330794
|401> NewECP
|402> N_core 0
|403> lmax f
|404> s 1
|405> 1      1.732000000   14.676000000 2
|406> p 1
|407> 1      1.115000000    5.175700000 2
|408> d 1
|409> 1      1.203000000   -1.816000000 2
|410> f 1
|411> 1      1.000000000    0.000000000 2
|412> end
|413> Mg>    2.00000000000   -6.32954443328    2.11144262254   -0.05140086690
|414> NewECP
|415> N_core 0
|416> lmax f
|417> s 1
|418> 1      1.732000000   14.676000000 2
|419> p 1
|420> 1      1.115000000    5.175700000 2
|421> d 1
|422> 1      1.203000000   -1.816000000 2
|423> f 1
|424> 1      1.000000000    0.000000000 2
|425> end
|426> Mg>    2.00000000000   -2.11144262254    6.32954443328   -0.05140086690
|427> NewECP
|428> N_core 0
|429> lmax f
|430> s 1
|431> 1      1.732000000   14.676000000 2
|432> p 1
|433> 1      1.115000000    5.175700000 2
|434> d 1
|435> 1      1.203000000   -1.816000000 2
|436> f 1
|437> 1      1.000000000    0.000000000 2
|438> end
|439> Mg>    2.00000000000    2.11144262254    6.32954443328   -0.05140086690
|440> NewECP
|441> N_core 0
|442> lmax f
|443> s 1
|444> 1      1.732000000   14.676000000 2
|445> p 1
|446> 1      1.115000000    5.175700000 2
|447> d 1
|448> 1      1.203000000   -1.816000000 2
|449> f 1
|450> 1      1.000000000    0.000000000 2
|451> end
|452> Mg>    2.00000000000    6.32954443328    2.11144262254   -0.05140086690
|453> NewECP
|454> N_core 0
|455> lmax f
|456> s 1
|457> 1      1.732000000   14.676000000 2
|458> p 1
|459> 1      1.115000000    5.175700000 2
|460> d 1
|461> 1      1.203000000   -1.816000000 2
|462> f 1
|463> 1      1.000000000    0.000000000 2
|464> end
|465> Mg>    2.00000000000    6.32954443328   -2.11144262254   -0.05140086690
|466> NewECP
|467> N_core 0
|468> lmax f
|469> s 1
|470> 1      1.732000000   14.676000000 2
|471> p 1
|472> 1      1.115000000    5.175700000 2
|473> d 1
|474> 1      1.203000000   -1.816000000 2
|475> f 1
|476> 1      1.000000000    0.000000000 2
|477> end
|478> Mg>    2.00000000000    2.11144262254   -6.32954443328   -0.05140086690
|479> NewECP
|480> N_core 0
|481> lmax f
|482> s 1
|483> 1      1.732000000   14.676000000 2
|484> p 1
|485> 1      1.115000000    5.175700000 2
|486> d 1
|487> 1      1.203000000   -1.816000000 2
|488> f 1
|489> 1      1.000000000    0.000000000 2
|490> end
|491> Mg>    2.00000000000   -2.11144262254   -6.32954443328   -0.05140086690
|492> NewECP
|493> N_core 0
|494> lmax f
|495> s 1
|496> 1      1.732000000   14.676000000 2
|497> p 1
|498> 1      1.115000000    5.175700000 2
|499> d 1
|500> 1      1.203000000   -1.816000000 2
|501> f 1
|502> 1      1.000000000    0.000000000 2
|503> end
|504> Mg>    2.00000000000   -6.32954443328   -2.11144262254   -0.05140086690
|505> NewECP
|506> N_core 0
|507> lmax f
|508> s 1
|509> 1      1.732000000   14.676000000 2
|510> p 1
|511> 1      1.115000000    5.175700000 2
|512> d 1
|513> 1      1.203000000   -1.816000000 2
|514> f 1
|515> 1      1.000000000    0.000000000 2
|516> end
|517> Mg>    2.00000000000   -6.33393418427    0.00000000000   -2.14928009216
|518> NewECP
|519> N_core 0
|520> lmax f
|521> s 1
|522> 1      1.732000000   14.676000000 2
|523> p 1
|524> 1      1.115000000    5.175700000 2
|525> d 1
|526> 1      1.203000000   -1.816000000 2
|527> f 1
|528> 1      1.000000000    0.000000000 2
|529> end
|530> Mg>    2.00000000000    0.00000000000    6.33393418427   -2.14928009216
|531> NewECP
|532> N_core 0
|533> lmax f
|534> s 1
|535> 1      1.732000000   14.676000000 2
|536> p 1
|537> 1      1.115000000    5.175700000 2
|538> d 1
|539> 1      1.203000000   -1.816000000 2
|540> f 1
|541> 1      1.000000000    0.000000000 2
|542> end
|543> Mg>    2.00000000000    6.33393418427    0.00000000000   -2.14928009216
|544> NewECP
|545> N_core 0
|546> lmax f
|547> s 1
|548> 1      1.732000000   14.676000000 2
|549> p 1
|550> 1      1.115000000    5.175700000 2
|551> d 1
|552> 1      1.203000000   -1.816000000 2
|553> f 1
|554> 1      1.000000000    0.000000000 2
|555> end
|556> Mg>    2.00000000000    0.00000000000   -6.33393418427   -2.14928009216
|557> NewECP
|558> N_core 0
|559> lmax f
|560> s 1
|561> 1      1.732000000   14.676000000 2
|562> p 1
|563> 1      1.115000000    5.175700000 2
|564> d 1
|565> 1      1.203000000   -1.816000000 2
|566> f 1
|567> 1      1.000000000    0.000000000 2
|568> end
|569> Mg>    2.00000000000   -4.22049352791    4.22049352791   -4.27562330794
|570> NewECP
|571> N_core 0
|572> lmax f
|573> s 1
|574> 1      1.732000000   14.676000000 2
|575> p 1
|576> 1      1.115000000    5.175700000 2
|577> d 1
|578> 1      1.203000000   -1.816000000 2
|579> f 1
|580> 1      1.000000000    0.000000000 2
|581> end
|582> Mg>    2.00000000000    4.22049352791    4.22049352791   -4.27562330794
|583> NewECP
|584> N_core 0
|585> lmax f
|586> s 1
|587> 1      1.732000000   14.676000000 2
|588> p 1
|589> 1      1.115000000    5.175700000 2
|590> d 1
|591> 1      1.203000000   -1.816000000 2
|592> f 1
|593> 1      1.000000000    0.000000000 2
|594> end
|595> Mg>    2.00000000000    4.22049352791   -4.22049352791   -4.27562330794
|596> NewECP
|597> N_core 0
|598> lmax f
|599> s 1
|600> 1      1.732000000   14.676000000 2
|601> p 1
|602> 1      1.115000000    5.175700000 2
|603> d 1
|604> 1      1.203000000   -1.816000000 2
|605> f 1
|606> 1      1.000000000    0.000000000 2
|607> end
|608> Mg>    2.00000000000   -4.22049352791   -4.22049352791   -4.27562330794
|609> NewECP
|610> N_core 0
|611> lmax f
|612> s 1
|613> 1      1.732000000   14.676000000 2
|614> p 1
|615> 1      1.115000000    5.175700000 2
|616> d 1
|617> 1      1.203000000   -1.816000000 2
|618> f 1
|619> 1      1.000000000    0.000000000 2
|620> end
|621> Mg>    2.00000000000   -6.33125293065    4.22049352791   -2.15218714568
|622> NewECP
|623> N_core 0
|624> lmax f
|625> s 1
|626> 1      1.732000000   14.676000000 2
|627> p 1
|628> 1      1.115000000    5.175700000 2
|629> d 1
|630> 1      1.203000000   -1.816000000 2
|631> f 1
|632> 1      1.000000000    0.000000000 2
|633> end
|634> Mg>    2.00000000000   -4.22049352791    6.33125293065   -2.15218714568
|635> NewECP
|636> N_core 0
|637> lmax f
|638> s 1
|639> 1      1.732000000   14.676000000 2
|640> p 1
|641> 1      1.115000000    5.175700000 2
|642> d 1
|643> 1      1.203000000   -1.816000000 2
|644> f 1
|645> 1      1.000000000    0.000000000 2
|646> end
|647> Mg>    2.00000000000    4.22049352791    6.33125293065   -2.15218714568
|648> NewECP
|649> N_core 0
|650> lmax f
|651> s 1
|652> 1      1.732000000   14.676000000 2
|653> p 1
|654> 1      1.115000000    5.175700000 2
|655> d 1
|656> 1      1.203000000   -1.816000000 2
|657> f 1
|658> 1      1.000000000    0.000000000 2
|659> end
|660> Mg>    2.00000000000    6.33125293065    4.22049352791   -2.15218714568
|661> NewECP
|662> N_core 0
|663> lmax f
|664> s 1
|665> 1      1.732000000   14.676000000 2
|666> p 1
|667> 1      1.115000000    5.175700000 2
|668> d 1
|669> 1      1.203000000   -1.816000000 2
|670> f 1
|671> 1      1.000000000    0.000000000 2
|672> end
|673> Mg>    2.00000000000    6.33125293065   -4.22049352791   -2.15218714568
|674> NewECP
|675> N_core 0
|676> lmax f
|677> s 1
|678> 1      1.732000000   14.676000000 2
|679> p 1
|680> 1      1.115000000    5.175700000 2
|681> d 1
|682> 1      1.203000000   -1.816000000 2
|683> f 1
|684> 1      1.000000000    0.000000000 2
|685> end
|686> Mg>    2.00000000000    4.22049352791   -6.33125293065   -2.15218714568
|687> NewECP
|688> N_core 0
|689> lmax f
|690> s 1
|691> 1      1.732000000   14.676000000 2
|692> p 1
|693> 1      1.115000000    5.175700000 2
|694> d 1
|695> 1      1.203000000   -1.816000000 2
|696> f 1
|697> 1      1.000000000    0.000000000 2
|698> end
|699> Mg>    2.00000000000   -4.22049352791   -6.33125293065   -2.15218714568
|700> NewECP
|701> N_core 0
|702> lmax f
|703> s 1
|704> 1      1.732000000   14.676000000 2
|705> p 1
|706> 1      1.115000000    5.175700000 2
|707> d 1
|708> 1      1.203000000   -1.816000000 2
|709> f 1
|710> 1      1.000000000    0.000000000 2
|711> end
|712> Mg>    2.00000000000   -6.33125293065   -4.22049352791   -2.15218714568
|713> NewECP
|714> N_core 0
|715> lmax f
|716> s 1
|717> 1      1.732000000   14.676000000 2
|718> p 1
|719> 1      1.115000000    5.175700000 2
|720> d 1
|721> 1      1.203000000   -1.816000000 2
|722> f 1
|723> 1      1.000000000    0.000000000 2
|724> end
|725> Mg>    2.00000000000   -6.33074029186    2.11024676395   -4.27562330794
|726> NewECP
|727> N_core 0
|728> lmax f
|729> s 1
|730> 1      1.732000000   14.676000000 2
|731> p 1
|732> 1      1.115000000    5.175700000 2
|733> d 1
|734> 1      1.203000000   -1.816000000 2
|735> f 1
|736> 1      1.000000000    0.000000000 2
|737> end
|738> Mg>    2.00000000000   -2.11024676395    6.33074029186   -4.27562330794
|739> NewECP
|740> N_core 0
|741> lmax f
|742> s 1
|743> 1      1.732000000   14.676000000 2
|744> p 1
|745> 1      1.115000000    5.175700000 2
|746> d 1
|747> 1      1.203000000   -1.816000000 2
|748> f 1
|749> 1      1.000000000    0.000000000 2
|750> end
|751> Mg>    2.00000000000    2.11024676395    6.33074029186   -4.27562330794
|752> NewECP
|753> N_core 0
|754> lmax f
|755> s 1
|756> 1      1.732000000   14.676000000 2
|757> p 1
|758> 1      1.115000000    5.175700000 2
|759> d 1
|760> 1      1.203000000   -1.816000000 2
|761> f 1
|762> 1      1.000000000    0.000000000 2
|763> end
|764> Mg>    2.00000000000    6.33074029186    2.11024676395   -4.27562330794
|765> NewECP
|766> N_core 0
|767> lmax f
|768> s 1
|769> 1      1.732000000   14.676000000 2
|770> p 1
|771> 1      1.115000000    5.175700000 2
|772> d 1
|773> 1      1.203000000   -1.816000000 2
|774> f 1
|775> 1      1.000000000    0.000000000 2
|776> end
|777> Mg>    2.00000000000    6.33074029186   -2.11024676395   -4.27562330794
|778> NewECP
|779> N_core 0
|780> lmax f
|781> s 1
|782> 1      1.732000000   14.676000000 2
|783> p 1
|784> 1      1.115000000    5.175700000 2
|785> d 1
|786> 1      1.203000000   -1.816000000 2
|787> f 1
|788> 1      1.000000000    0.000000000 2
|789> end
|790> Mg>    2.00000000000    2.11024676395   -6.33074029186   -4.27562330794
|791> NewECP
|792> N_core 0
|793> lmax f
|794> s 1
|795> 1      1.732000000   14.676000000 2
|796> p 1
|797> 1      1.115000000    5.175700000 2
|798> d 1
|799> 1      1.203000000   -1.816000000 2
|800> f 1
|801> 1      1.000000000    0.000000000 2
|802> end
|803> Mg>    2.00000000000   -2.11024676395   -6.33074029186   -4.27562330794
|804> NewECP
|805> N_core 0
|806> lmax f
|807> s 1
|808> 1      1.732000000   14.676000000 2
|809> p 1
|810> 1      1.115000000    5.175700000 2
|811> d 1
|812> 1      1.203000000   -1.816000000 2
|813> f 1
|814> 1      1.000000000    0.000000000 2
|815> end
|816> Mg>    2.00000000000   -6.33074029186   -2.11024676395   -4.27562330794
|817> NewECP
|818> N_core 0
|819> lmax f
|820> s 1
|821> 1      1.732000000   14.676000000 2
|822> p 1
|823> 1      1.115000000    5.175700000 2
|824> d 1
|825> 1      1.203000000   -1.816000000 2
|826> f 1
|827> 1      1.000000000    0.000000000 2
|828> end
|829> Mg>    2.00000000000   -8.44098705582    0.00000000000   -0.00772802266
|830> NewECP
|831> N_core 0
|832> lmax f
|833> s 1
|834> 1      1.732000000   14.676000000 2
|835> p 1
|836> 1      1.115000000    5.175700000 2
|837> d 1
|838> 1      1.203000000   -1.816000000 2
|839> f 1
|840> 1      1.000000000    0.000000000 2
|841> end
|842> Mg>    2.00000000000    0.00000000000    8.44098705582   -0.00772802266
|843> NewECP
|844> N_core 0
|845> lmax f
|846> s 1
|847> 1      1.732000000   14.676000000 2
|848> p 1
|849> 1      1.115000000    5.175700000 2
|850> d 1
|851> 1      1.203000000   -1.816000000 2
|852> f 1
|853> 1      1.000000000    0.000000000 2
|854> end
|855> Mg>    2.00000000000    8.44098705582    0.00000000000   -0.00772802266
|856> NewECP
|857> N_core 0
|858> lmax f
|859> s 1
|860> 1      1.732000000   14.676000000 2
|861> p 1
|862> 1      1.115000000    5.175700000 2
|863> d 1
|864> 1      1.203000000   -1.816000000 2
|865> f 1
|866> 1      1.000000000    0.000000000 2
|867> end
|868> Mg>    2.00000000000    0.00000000000   -8.44098705582   -0.00772802266
|869> NewECP
|870> N_core 0
|871> lmax f
|872> s 1
|873> 1      1.732000000   14.676000000 2
|874> p 1
|875> 1      1.115000000    5.175700000 2
|876> d 1
|877> 1      1.203000000   -1.816000000 2
|878> f 1
|879> 1      1.000000000    0.000000000 2
|880> end
|881> Mg>    2.00000000000   -8.44098705582    2.10705287155   -2.14928009216
|882> NewECP
|883> N_core 0
|884> lmax f
|885> s 1
|886> 1      1.732000000   14.676000000 2
|887> p 1
|888> 1      1.115000000    5.175700000 2
|889> d 1
|890> 1      1.203000000   -1.816000000 2
|891> f 1
|892> 1      1.000000000    0.000000000 2
|893> end
|894> Mg>    2.00000000000   -2.10705287155    8.44098705582   -2.14928009216
|895> NewECP
|896> N_core 0
|897> lmax f
|898> s 1
|899> 1      1.732000000   14.676000000 2
|900> p 1
|901> 1      1.115000000    5.175700000 2
|902> d 1
|903> 1      1.203000000   -1.816000000 2
|904> f 1
|905> 1      1.000000000    0.000000000 2
|906> end
|907> Mg>    2.00000000000    2.10705287155    8.44098705582   -2.14928009216
|908> NewECP
|909> N_core 0
|910> lmax f
|911> s 1
|912> 1      1.732000000   14.676000000 2
|913> p 1
|914> 1      1.115000000    5.175700000 2
|915> d 1
|916> 1      1.203000000   -1.816000000 2
|917> f 1
|918> 1      1.000000000    0.000000000 2
|919> end
|920> Mg>    2.00000000000    8.44098705582    2.10705287155   -2.14928009216
|921> NewECP
|922> N_core 0
|923> lmax f
|924> s 1
|925> 1      1.732000000   14.676000000 2
|926> p 1
|927> 1      1.115000000    5.175700000 2
|928> d 1
|929> 1      1.203000000   -1.816000000 2
|930> f 1
|931> 1      1.000000000    0.000000000 2
|932> end
|933> Mg>    2.00000000000    8.44098705582   -2.10705287155   -2.14928009216
|934> NewECP
|935> N_core 0
|936> lmax f
|937> s 1
|938> 1      1.732000000   14.676000000 2
|939> p 1
|940> 1      1.115000000    5.175700000 2
|941> d 1
|942> 1      1.203000000   -1.816000000 2
|943> f 1
|944> 1      1.000000000    0.000000000 2
|945> end
|946> Mg>    2.00000000000    2.10705287155   -8.44098705582   -2.14928009216
|947> NewECP
|948> N_core 0
|949> lmax f
|950> s 1
|951> 1      1.732000000   14.676000000 2
|952> p 1
|953> 1      1.115000000    5.175700000 2
|954> d 1
|955> 1      1.203000000   -1.816000000 2
|956> f 1
|957> 1      1.000000000    0.000000000 2
|958> end
|959> Mg>    2.00000000000   -2.10705287155   -8.44098705582   -2.14928009216
|960> NewECP
|961> N_core 0
|962> lmax f
|963> s 1
|964> 1      1.732000000   14.676000000 2
|965> p 1
|966> 1      1.115000000    5.175700000 2
|967> d 1
|968> 1      1.203000000   -1.816000000 2
|969> f 1
|970> 1      1.000000000    0.000000000 2
|971> end
|972> Mg>    2.00000000000   -8.44098705582   -2.10705287155   -2.14928009216
|973> NewECP
|974> N_core 0
|975> lmax f
|976> s 1
|977> 1      1.732000000   14.676000000 2
|978> p 1
|979> 1      1.115000000    5.175700000 2
|980> d 1
|981> 1      1.203000000   -1.816000000 2
|982> f 1
|983> 1      1.000000000    0.000000000 2
|984> end
|985>   end
|986> endd                         ****END OF INPUT****
================================================================================
----------------
TOTAL SCF ENERGY
----------------

Total Energy       :        -4177.71914354 Eh         -113681.51735 eV

Components:
Nuclear Repulsion  :         6065.31833572 Eh          165045.70268 eV
Electronic Energy  :       -10243.03747926 Eh         -278727.22003 eV
One Electron Energy:       -18283.07073901 Eh         -497507.64761 eV
Two Electron Energy:         8040.03325975 Eh          218780.42758 eV
Max COSX asymmetry :            0.00010988 Eh               0.00299 eV

Virial components:
Potential Energy   :        -7849.33774885 Eh         -213591.33892 eV
Kinetic Energy     :         3671.61860530 Eh           99909.82157 eV
Virial Ratio       :            2.13784126

--------------------Output has been truncated-------------------------


--------------------Output has been truncated-------------------------


--------------------Output has been truncated-------------------------


--------------------Output has been truncated-------------------------


--------------------Output has been truncated-------------------------


--------------------Output has been truncated-------------------------


--------------------Output has been truncated-------------------------


--------------------Output has been truncated-------------------------


--------------------Output has been truncated-------------------------


--------------------Output has been truncated-------------------------


-----------------------------------------------
 RI-MP2 CORRELATION ENERGY:     -6.761500733 Eh
-----------------------------------------------
---------------------------------------
MP2 TOTAL ENERGY:    -4184.480644274 Eh
---------------------------------------

Maximum memory used throughout the entire MP2-calculation: 475.2 MB

-------------------------   --------------------
FINAL SINGLE POINT ENERGY     -4184.480644274126
-------------------------   --------------------
TOTAL RUN TIME: 0 days 0 hours 6 minutes 30 seconds 841 msec
