 **********************************************************************
                          MRCC program system
 **********************************************************************
 
                              Written by
     Mihaly Kallay, Peter R. Nagy, David Mester, Laszlo Gyevi-Nagy,
        Jozsef Csoka, P. Bernat Szabo, Zoltan Rolik, Gyula Samu,
     Jozsef Csontos, Bence Hegely, Adam Ganyecz, Istvan Ladjanszki,
       Lorant Szegedy, Bence Ladoczki, Klara Petrov, Mate Farkas,
                    Pal D. Mezei, and Reka A. Horvath
 
        Department of Physical Chemistry and Materials Science
            Budapest University of Technology and Economics
                  Budapest P.O.Box 91, H-1521 Hungary
 
                              www.mrcc.hu
 
                      Release date: March 18, 2022

 ************************ 2022-11-13 18:16:11 *************************
 Executing minp...

 Reading input from MINP...
 
 Input file:
 
calc=LNO-CCSD(T)
scftype=rhf
verbosity=3
mem=300GB
symm=off
unit=angs
scfiguess=small
scfmaxit=1000
scfalg=locfit1


lcorthr=tight
bpedo=0.99999
ccmaxit=400
usedisk=0
ccsdalg=dfdirect
ccsdthreads=4
ccsdmkl=thr
ptthreads=4

charge=-8
core=6

basis=special
aug-cc-pVTZ
aug-cc-pVTZ
aug-cc-pVTZ
aug-cc-pVTZ
aug-cc-pVTZ
bse_CVTZ
aug-cc-pVTZ
aug-cc-pVTZ
aug-cc-pVTZ
aug-cc-pVTZ
aug-cc-pVTZ
nothing
nothing
nothing
nothing
nothing
nothing
nothing
nothing
nothing
nothing
nothing
nothing
nothing
nothing
nothing
nothing
nothing
nothing
nothing
nothing
nothing
nothing
nothing
nothing
nothing

basis_sm=special
def2-SVP
def2-SVP
def2-SVP
def2-SVP
def2-SVP
def2-SVP
def2-SVP
def2-SVP
def2-SVP
def2-SVP
def2-SVP
nothing
nothing
nothing
nothing
nothing
nothing
nothing
nothing
nothing
nothing
nothing
nothing
nothing
nothing
nothing
nothing
nothing
nothing
nothing
nothing
nothing
nothing
nothing
nothing
nothing

dfbasis_scf=special
def2-QZVPP-RI-JK
def2-QZVPP-RI-JK
def2-QZVPP-RI-JK
def2-QZVPP-RI-JK
def2-QZVPP-RI-JK
def2-QZVPP-RI-JK
def2-QZVPP-RI-JK
def2-QZVPP-RI-JK
def2-QZVPP-RI-JK
def2-QZVPP-RI-JK
def2-QZVPP-RI-JK
nothing
nothing
nothing
nothing
nothing
nothing
nothing
nothing
nothing
nothing
nothing
nothing
nothing
nothing
nothing
nothing
nothing
nothing
nothing
nothing
nothing
nothing
nothing
nothing
nothing

dfbasis_cor=special
aug-cc-pVTZ-RI
aug-cc-pVTZ-RI
aug-cc-pVTZ-RI
aug-cc-pVTZ-RI
aug-cc-pVTZ-RI
bse_CVTZ_mp2fit
aug-cc-pVTZ-RI
aug-cc-pVTZ-RI
aug-cc-pVTZ-RI
aug-cc-pVTZ-RI
aug-cc-pVTZ-RI
nothing
nothing
nothing
nothing
nothing
nothing
nothing
nothing
nothing
nothing
nothing
nothing
nothing
nothing
nothing
nothing
nothing
nothing
nothing
nothing
nothing
nothing
nothing
nothing
nothing

ecp=special
none
none
none
none
none
none
none
none
none
none
none
ECP-12
ECP-12
ECP-12
ECP-12
ECP-12
ECP-12
ECP-12
ECP-12
ECP-12
ECP-12
ECP-12
ECP-12
ECP-12
ECP-12
ECP-12
ECP-12
ECP-12
ECP-12
ECP-12
ECP-12
ECP-12
ECP-12
ECP-12
ECP-12
ECP-12

unit=angs
geom=xyz
36
C1 H4 Mg1 O5 ECP25
C    -0.00000074369    0.00001803251    3.08965671684
H    -0.00000033754    0.89844805459    3.71852735897
H    -0.00000041529   -0.89846176989    3.71853597467
H     0.90313750836   -0.00000048980    2.46371290163
H    -0.90313785220   -0.00000046979    2.46371285650
Mg    0.00000000000    0.00000000000   -0.04013054705
O    -0.00000005880    2.10979218463   -0.00099629636
O     0.00000003396   -2.10979182518   -0.00099618038
O    -2.11010809856    0.00000033399    0.00000000000
O     2.11010786831    0.00000009530   -0.00000006127
O    -0.00000004214    0.00000030504   -2.15514404250
Mg   -2.10970402434    0.00000019377   -2.14942510171
Mg    2.10970414555    0.00000031420   -2.14942467063
Mg   -0.00000001866    2.10984860169   -2.14995884065
Mg   -0.00000006412   -2.10984798285   -2.14995915510
Mg   -2.11067208612    2.11041522276   -0.05126301443
Mg    2.11067182897    2.11041535269   -0.05126312488
Mg    2.11067181856   -2.11041493231   -0.05126326161
Mg   -2.11067202432   -2.11041463749   -0.05126344764
Mg   -4.22049342343    0.00000017413   -0.04129674490
Mg    4.22049363238    0.00000017413   -0.04129674490
Mg    0.00000001596    4.22049386504   -0.04217611702
Mg    0.00000001596   -4.22049319078   -0.04217611702
Mg   -0.00000022182    0.00000037698   -4.27515348534
Mg   -4.22049347839    2.11024973952   -2.15013000455
Mg   -2.11023175475    4.22049377840   -2.15014758497
Mg    2.11023161856    4.22049377222   -2.15014768707
Mg    4.22049357743    2.11024973952   -2.15013000455
Mg    4.22049329842   -2.11024928802   -2.15013000984
Mg    2.11023161856   -4.22049328359   -2.15014768707
Mg   -2.11023175475   -4.22049327741   -2.15014758497
Mg   -4.22049375739   -2.11024928802   -2.15013000984
Mg   -2.11024698577    2.11024714093   -4.27515348534
Mg    2.11024654214    2.11024714093   -4.27515348534
Mg    2.11024654214   -2.11024638698   -4.27515348534
Mg   -2.11024698577   -2.11024638698   -4.27515348534


ghost=serialno
1-5

qmmm=Amber
pointcharges
10185
     -2.10970402434    0.00000019377   -2.14942510171    2.00000000000
      2.10970414555    0.00000031420   -2.14942467063    2.00000000000
     -0.00000001866    2.10984860169   -2.14995884065    2.00000000000
     -0.00000006412   -2.10984798285   -2.14995915510    2.00000000000
--------------------Output has been truncated-------------------------


--------------------Output has been truncated-------------------------


--------------------Output has been truncated-------------------------


--------------------Output has been truncated-------------------------


--------------------Output has been truncated-------------------------


--------------------Output has been truncated-------------------------


--------------------Output has been truncated-------------------------


--------------------Output has been truncated-------------------------


--------------------Output has been truncated-------------------------


--------------------Output has been truncated-------------------------


 
 Final local CC results:
 
 Minimum number of correlated electrons:        38       ( 79.2%)
 Maximum number of correlated electrons:        48       (100.0%)
 Average number of correlated electrons:        41.0     ( 85.4%)
 Minimum number of correlated orbitals:         80       ( 19.0%)
 Maximum number of correlated orbitals:        132       ( 31.4%)
 Average number of correlated orbitals:        108.7     ( 25.8%)
 
 CPU time for integral calculations [min]:                  1.728
 Wall time for integral calculations [min]:                 0.572
 
 CPU time for SCF calculation [min]:                        8.557
 Wall time for SCF calculation [min]:                       0.282
 
 CPU time for orbital localization [min]:                   0.129
 Wall time for orbital localization [min]:                  0.009
 
 CPU time for integral transformations [min]:              81.536
 Wall time for integral transformations [min]:              2.878
 
 Reference energy [au]:                                 -9938.314035274689
 
 LMP2 correlation energy [au]:                             -1.630315290243
 Total LMP2 energy [au]:                                -9939.944350564932
 
 Total MP2 correction for dropped NAFs [au]:               -0.000073657722
 Total MP2 correction [au]:                                -0.002618628376
 
 CPU time for CCSD calculations [min]:                     51.331
 Total CPU time for CCSD [min]:                           143.281
 Wall time for CCSD calculations [min]:                     1.828
 Total wall time for CCSD [min]:                            5.568
 
 CCSD correlation energy [au]:                             -1.621634655696
 Total CCSD energy [au]:                                -9939.935669930384
 CCSD correlation energy + 0.5 MP2 corrections [au]:       -1.622943969884
 Total LNO-CCSD energy with MP2 corrections [au]:       -9939.936979244572
 
 CPU time for (T) corrections [min]:                       42.026
 Total CPU time for CCSD(T) [min]:                        185.307
 Wall time for (T) corrections [min]:                       2.091
 Total wall time for CCSD(T) [min]:                         7.659
 
 Total (T) correlation energy contribution [au]:           -0.055360461601
 Total (T) correlation energy+0.5 MP2 correction [au]:     -0.056669775789
 CCSD(T) correlation energy [au]:                          -1.676995117297
 Total CCSD(T) energy [au]:                             -9939.991030391986
 CCSD(T) correlation energy + MP2 corrections [au]:        -1.679613745673
 Total LNO-CCSD(T) energy with MP2 corrections [au]:    -9939.993649020362
 
 ======================================================================
 ======================================================================
 
 ************************ 2022-11-13 18:24:15 *************************
                      Normal termination of mrcc.
 **********************************************************************
