================================================================================
                                       INPUT FILE
================================================================================
NAME = orca.inp
|  1>  ! TightSCF RI-MP2 RIJCOSX SlowConv DIIS
|  2> %maxcore 75000
|  3> %pal
|  4> nprocs 16
|  5> end
|  6> %pointcharges "orca.bq"
|  7> %method
|  8> Method hf
|  9> RI on
| 10> RunTyp Energy
| 11> NewNCore O 2 end
| 12> NewNCore Mg 2 end
| 13> NewNCore H 0 end
| 14> NewNCore C 2 end
| 15> end
| 16> %basis
| 17> NewGTO Mg
| 18> "cc-pwCVDZ"
| 19> end
| 20> NewGTO H
| 21> "aug-cc-pVDZ"
| 22> end
| 23> NewGTO C
| 24> "aug-cc-pVDZ"
| 25> end
| 26> NewGTO O
| 27> "aug-cc-pVDZ"
| 28> end
| 29> NewAuxCGTO Mg
| 30> "AutoAux"
| 31> end
| 32> NewAuxCGTO H
| 33> "aug-cc-pVDZ/C"
| 34> end
| 35> NewAuxCGTO C
| 36> "aug-cc-pVDZ/C"
| 37> end
| 38> NewAuxCGTO O 
| 39> "aug-cc-pVDZ/C"
| 40> end
| 41> Aux "def2/J"
| 42> end
| 43> %scf
| 44> HFTyp rhf
| 45> Guess MORead
| 46> MOInp "orca_svp_start.gbw"
| 47> SCFMode Direct
| 48> sthresh 1e-6
| 49> AutoTRAHIter 60
| 50> MaxIter 1000
| 51> end
| 52> %coords
| 53> CTyp xyz
| 54> Mult 1
| 55> Units angs
| 56>       Charge -32
| 57>   coords
| 58> C:                      0.03881964914   -0.01937844361    3.03154641008
| 59> C:                      1.48209828759   -0.00445559314    3.54502841063
| 60> H:                     -0.15107064724   -0.90857061674    2.40866004750
| 61> H:                     -0.17754666672    0.87993132694    2.43222133805
| 62> H:                     -0.69202332470   -0.04108455204    3.85337926059
| 63> H:                      2.18889055358    0.01801842508    2.70267054772
| 64> H:                      1.70200028155   -0.89724582803    4.14882703271
| 65> H:                      1.67432808398    0.87669196497    4.17475179597
| 66> Mg                      0.00000000000    0.00000000000   -0.03397519006
| 67> O                      -2.11129763237    0.00010529327   -0.00605106713
| 68> O                       0.00123354865    2.11295051393   -0.00149628322
| 69> O                       0.00129555512   -2.11314362113   -0.00207900229
| 70> O                       2.11331695645    0.00009352390   -0.00326695646
| 71> O                       0.00145047190    0.00052487161   -2.15474691834
| 72> Mg                     -2.11003106621   -2.10962182503   -0.04910990180
| 73> Mg                     -2.10999622487    2.10979785753   -0.04899115622
| 74> Mg                      2.11193133374    2.11045926572   -0.04817993718
| 75> Mg                      2.11205825416   -2.11032752969   -0.04832405245
| 76> O                      -2.10928978919   -2.11033279611   -2.15797285491
| 77> O                      -2.10922142268    2.11144091007   -2.15789330028
| 78> O                       2.11169601858   -2.11029207131   -2.15759157277
| 79> O                       2.11160960786    2.11135938980   -2.15751147436
| 80> Mg                     -4.21794720776    0.00020919457   -0.05048351492
| 81> Mg                      0.00099544862    4.22047556460   -0.04996694830
| 82> Mg                      0.00099544862   -4.22051149122   -0.04996694830
| 83> Mg                      4.22303984806    0.00020919457   -0.05048351492
| 84> O                      -4.21962991872   -2.10985246838   -0.00080415556
| 85> O                      -4.21965128470    2.11014377257   -0.00064607870
| 86> O                      -2.10938135006   -4.22038258146   -0.00057462418
| 87> O                      -2.10938135006    4.22060447436   -0.00057462418
| 88> O                       2.11162378640   -4.22040647296    0.00000000000
| 89> O                       4.22135713710   -2.10985246838   -0.00080415556
| 90> O                       2.11162378640    4.22058058285    0.00000000000
| 91> O                       4.22133577112    2.11014377257   -0.00064607870
| 92> O                      -4.21941709185    0.00060015509   -2.15893941438
| 93> O                       0.00129044224   -4.22008543425   -2.15855714858
| 94> O                       0.00129044224    4.22090162157   -2.15855714858
| 95> O                       4.22156996397    0.00060015509   -2.15893941438
| 96> O                      -6.32767009937    0.00009352390   -0.00326695646
| 97> O                       0.00129555512    6.32784343468   -0.00207900229
| 98> O                       0.00123354865   -6.32803654189   -0.00149628322
| 99> O                       6.32968942344    0.00010529327   -0.00605106713
|100> Mg>    2.00000000000   -2.10785196868    0.00054868904   -2.15132909045
|101> NewECP
|102> N_core 0
|103> lmax f
|104> s 1
|105> 1      1.732000000   14.676000000 2
|106> p 1
|107> 1      1.115000000    5.175700000 2
|108> d 1
|109> 1      1.203000000   -1.816000000 2
|110> f 1
|111> 1      1.000000000    0.000000000 2
|112> end
|113> Mg>    2.00000000000    0.00126140969   -2.10869530069   -2.15147382567
|114> NewECP
|115> N_core 0
|116> lmax f
|117> s 1
|118> 1      1.732000000   14.676000000 2
|119> p 1
|120> 1      1.115000000    5.175700000 2
|121> d 1
|122> 1      1.203000000   -1.816000000 2
|123> f 1
|124> 1      1.000000000    0.000000000 2
|125> end
|126> Mg>    2.00000000000    0.00124653077    2.10954243739   -2.15146195936
|127> NewECP
|128> N_core 0
|129> lmax f
|130> s 1
|131> 1      1.732000000   14.676000000 2
|132> p 1
|133> 1      1.115000000    5.175700000 2
|134> d 1
|135> 1      1.203000000   -1.816000000 2
|136> f 1
|137> 1      1.000000000    0.000000000 2
|138> end
|139> Mg>    2.00000000000    2.11039103778    0.00052082363   -2.15087269695
|140> NewECP
|141> N_core 0
|142> lmax f
|143> s 1
|144> 1      1.732000000   14.676000000 2
|145> p 1
|146> 1      1.115000000    5.175700000 2
|147> d 1
|148> 1      1.203000000   -1.816000000 2
|149> f 1
|150> 1      1.000000000    0.000000000 2
|151> end
|152> Mg>    2.00000000000    0.00138492523    0.00111690324   -4.27737843797
|153> NewECP
|154> N_core 0
|155> lmax f
|156> s 1
|157> 1      1.732000000   14.676000000 2
|158> p 1
|159> 1      1.115000000    5.175700000 2
|160> d 1
|161> 1      1.203000000   -1.816000000 2
|162> f 1
|163> 1      1.000000000    0.000000000 2
|164> end
|165> Mg>    2.00000000000   -4.21936422700   -2.10955755343   -2.15272373177
|166> NewECP
|167> N_core 0
|168> lmax f
|169> s 1
|170> 1      1.732000000   14.676000000 2
|171> p 1
|172> 1      1.115000000    5.175700000 2
|173> d 1
|174> 1      1.203000000   -1.816000000 2
|175> f 1
|176> 1      1.000000000    0.000000000 2
|177> end
|178> Mg>    2.00000000000   -2.10903902767   -4.21994340510   -2.15243801177
|179> NewECP
|180> N_core 0
|181> lmax f
|182> s 1
|183> 1      1.732000000   14.676000000 2
|184> p 1
|185> 1      1.115000000    5.175700000 2
|186> d 1
|187> 1      1.203000000   -1.816000000 2
|188> f 1
|189> 1      1.000000000    0.000000000 2
|190> end
|191> Mg>    2.00000000000   -4.21936744670    2.11079444375   -2.15266734597
|192> NewECP
|193> N_core 0
|194> lmax f
|195> s 1
|196> 1      1.732000000   14.676000000 2
|197> p 1
|198> 1      1.115000000    5.175700000 2
|199> d 1
|200> 1      1.203000000   -1.816000000 2
|201> f 1
|202> 1      1.000000000    0.000000000 2
|203> end
|204> Mg>    2.00000000000    2.11145359885   -4.21996767303   -2.15228954159
|205> NewECP
|206> N_core 0
|207> lmax f
|208> s 1
|209> 1      1.732000000   14.676000000 2
|210> p 1
|211> 1      1.115000000    5.175700000 2
|212> d 1
|213> 1      1.203000000   -1.816000000 2
|214> f 1
|215> 1      1.000000000    0.000000000 2
|216> end
|217> Mg>    2.00000000000   -2.10903902767    4.22104365072   -2.15243801177
|218> NewECP
|219> N_core 0
|220> lmax f
|221> s 1
|222> 1      1.732000000   14.676000000 2
|223> p 1
|224> 1      1.115000000    5.175700000 2
|225> d 1
|226> 1      1.203000000   -1.816000000 2
|227> f 1
|228> 1      1.000000000    0.000000000 2
|229> end
|230> Mg>    2.00000000000    4.22162282882   -2.10955755343   -2.15272373177
|231> NewECP
|232> N_core 0
|233> lmax f
|234> s 1
|235> 1      1.732000000   14.676000000 2
|236> p 1
|237> 1      1.115000000    5.175700000 2
|238> d 1
|239> 1      1.203000000   -1.816000000 2
|240> f 1
|241> 1      1.000000000    0.000000000 2
|242> end
|243> Mg>    2.00000000000    2.11145359885    4.22101938279   -2.15228954159
|244> NewECP
|245> N_core 0
|246> lmax f
|247> s 1
|248> 1      1.732000000   14.676000000 2
|249> p 1
|250> 1      1.115000000    5.175700000 2
|251> d 1
|252> 1      1.203000000   -1.816000000 2
|253> f 1
|254> 1      1.000000000    0.000000000 2
|255> end
|256> Mg>    2.00000000000    4.22161960912    2.11079444375   -2.15266734597
|257> NewECP
|258> N_core 0
|259> lmax f
|260> s 1
|261> 1      1.732000000   14.676000000 2
|262> p 1
|263> 1      1.115000000    5.175700000 2
|264> d 1
|265> 1      1.203000000   -1.816000000 2
|266> f 1
|267> 1      1.000000000    0.000000000 2
|268> end
|269> Mg>    2.00000000000   -2.10886183872   -2.10912986072   -4.27737843797
|270> NewECP
|271> N_core 0
|272> lmax f
|273> s 1
|274> 1      1.732000000   14.676000000 2
|275> p 1
|276> 1      1.115000000    5.175700000 2
|277> d 1
|278> 1      1.203000000   -1.816000000 2
|279> f 1
|280> 1      1.000000000    0.000000000 2
|281> end
|282> Mg>    2.00000000000   -2.10886183872    2.11136366719   -4.27737843797
|283> NewECP
|284> N_core 0
|285> lmax f
|286> s 1
|287> 1      1.732000000   14.676000000 2
|288> p 1
|289> 1      1.115000000    5.175700000 2
|290> d 1
|291> 1      1.203000000   -1.816000000 2
|292> f 1
|293> 1      1.000000000    0.000000000 2
|294> end
|295> Mg>    2.00000000000    2.11163168919   -2.10912986072   -4.27737843797
|296> NewECP
|297> N_core 0
|298> lmax f
|299> s 1
|300> 1      1.732000000   14.676000000 2
|301> p 1
|302> 1      1.115000000    5.175700000 2
|303> d 1
|304> 1      1.203000000   -1.816000000 2
|305> f 1
|306> 1      1.000000000    0.000000000 2
|307> end
|308> Mg>    2.00000000000    2.11163168919    2.11136366719   -4.27737843797
|309> NewECP
|310> N_core 0
|311> lmax f
|312> s 1
|313> 1      1.732000000   14.676000000 2
|314> p 1
|315> 1      1.115000000    5.175700000 2
|316> d 1
|317> 1      1.203000000   -1.816000000 2
|318> f 1
|319> 1      1.000000000    0.000000000 2
|320> end
|321> Mg>    2.00000000000   -4.21923750613   -4.22039275383   -0.04651713456
|322> NewECP
|323> N_core 0
|324> lmax f
|325> s 1
|326> 1      1.732000000   14.676000000 2
|327> p 1
|328> 1      1.115000000    5.175700000 2
|329> d 1
|330> 1      1.203000000   -1.816000000 2
|331> f 1
|332> 1      1.000000000    0.000000000 2
|333> end
|334> Mg>    2.00000000000   -4.21923750613    4.22059430199   -0.04651713456
|335> NewECP
|336> N_core 0
|337> lmax f
|338> s 1
|339> 1      1.732000000   14.676000000 2
|340> p 1
|341> 1      1.115000000    5.175700000 2
|342> d 1
|343> 1      1.203000000   -1.816000000 2
|344> f 1
|345> 1      1.000000000    0.000000000 2
|346> end
|347> Mg>    2.00000000000    4.22174954968   -4.22039275383   -0.04651713456
|348> NewECP
|349> N_core 0
|350> lmax f
|351> s 1
|352> 1      1.732000000   14.676000000 2
|353> p 1
|354> 1      1.115000000    5.175700000 2
|355> d 1
|356> 1      1.203000000   -1.816000000 2
|357> f 1
|358> 1      1.000000000    0.000000000 2
|359> end
|360> Mg>    2.00000000000    4.22174954968    4.22059430199   -0.04651713456
|361> NewECP
|362> N_core 0
|363> lmax f
|364> s 1
|365> 1      1.732000000   14.676000000 2
|366> p 1
|367> 1      1.115000000    5.175700000 2
|368> d 1
|369> 1      1.203000000   -1.816000000 2
|370> f 1
|371> 1      1.000000000    0.000000000 2
|372> end
|373> Mg>    2.00000000000   -4.21910860268    0.00111690324   -4.27737843797
|374> NewECP
|375> N_core 0
|376> lmax f
|377> s 1
|378> 1      1.732000000   14.676000000 2
|379> p 1
|380> 1      1.115000000    5.175700000 2
|381> d 1
|382> 1      1.203000000   -1.816000000 2
|383> f 1
|384> 1      1.000000000    0.000000000 2
|385> end
|386> Mg>    2.00000000000    0.00138492523   -4.21937662467   -4.27737843797
|387> NewECP
|388> N_core 0
|389> lmax f
|390> s 1
|391> 1      1.732000000   14.676000000 2
|392> p 1
|393> 1      1.115000000    5.175700000 2
|394> d 1
|395> 1      1.203000000   -1.816000000 2
|396> f 1
|397> 1      1.000000000    0.000000000 2
|398> end
|399> Mg>    2.00000000000    0.00138492523    4.22161043115   -4.27737843797
|400> NewECP
|401> N_core 0
|402> lmax f
|403> s 1
|404> 1      1.732000000   14.676000000 2
|405> p 1
|406> 1      1.115000000    5.175700000 2
|407> d 1
|408> 1      1.203000000   -1.816000000 2
|409> f 1
|410> 1      1.000000000    0.000000000 2
|411> end
|412> Mg>    2.00000000000    4.22187845314    0.00111690324   -4.27737843797
|413> NewECP
|414> N_core 0
|415> lmax f
|416> s 1
|417> 1      1.732000000   14.676000000 2
|418> p 1
|419> 1      1.115000000    5.175700000 2
|420> d 1
|421> 1      1.203000000   -1.816000000 2
|422> f 1
|423> 1      1.000000000    0.000000000 2
|424> end
|425> Mg>    2.00000000000   -6.32892880166   -2.11032752969   -0.04832405245
|426> NewECP
|427> N_core 0
|428> lmax f
|429> s 1
|430> 1      1.732000000   14.676000000 2
|431> p 1
|432> 1      1.115000000    5.175700000 2
|433> d 1
|434> 1      1.203000000   -1.816000000 2
|435> f 1
|436> 1      1.000000000    0.000000000 2
|437> end
|438> Mg>    2.00000000000   -6.32905572208    2.11045926572   -0.04817993718
|439> NewECP
|440> N_core 0
|441> lmax f
|442> s 1
|443> 1      1.732000000   14.676000000 2
|444> p 1
|445> 1      1.115000000    5.175700000 2
|446> d 1
|447> 1      1.203000000   -1.816000000 2
|448> f 1
|449> 1      1.000000000    0.000000000 2
|450> end
|451> Mg>    2.00000000000    6.33095598960   -2.10962182503   -0.04910990180
|452> NewECP
|453> N_core 0
|454> lmax f
|455> s 1
|456> 1      1.732000000   14.676000000 2
|457> p 1
|458> 1      1.115000000    5.175700000 2
|459> d 1
|460> 1      1.203000000   -1.816000000 2
|461> f 1
|462> 1      1.000000000    0.000000000 2
|463> end
|464> Mg>    2.00000000000    6.33099083094    2.10979785753   -0.04899115622
|465> NewECP
|466> N_core 0
|467> lmax f
|468> s 1
|469> 1      1.732000000   14.676000000 2
|470> p 1
|471> 1      1.115000000    5.175700000 2
|472> d 1
|473> 1      1.203000000   -1.816000000 2
|474> f 1
|475> 1      1.000000000    0.000000000 2
|476> end
|477> Mg>    2.00000000000    2.11193133374   -6.33052779009   -0.04817993718
|478> NewECP
|479> N_core 0
|480> lmax f
|481> s 1
|482> 1      1.732000000   14.676000000 2
|483> p 1
|484> 1      1.115000000    5.175700000 2
|485> d 1
|486> 1      1.203000000   -1.816000000 2
|487> f 1
|488> 1      1.000000000    0.000000000 2
|489> end
|490> Mg>    2.00000000000   -2.10999622487   -6.33118919828   -0.04899115622
|491> NewECP
|492> N_core 0
|493> lmax f
|494> s 1
|495> 1      1.732000000   14.676000000 2
|496> p 1
|497> 1      1.115000000    5.175700000 2
|498> d 1
|499> 1      1.203000000   -1.816000000 2
|500> f 1
|501> 1      1.000000000    0.000000000 2
|502> end
|503> Mg>    2.00000000000    2.11205825416    6.33065952612   -0.04832405245
|504> NewECP
|505> N_core 0
|506> lmax f
|507> s 1
|508> 1      1.732000000   14.676000000 2
|509> p 1
|510> 1      1.115000000    5.175700000 2
|511> d 1
|512> 1      1.203000000   -1.816000000 2
|513> f 1
|514> 1      1.000000000    0.000000000 2
|515> end
|516> Mg>    2.00000000000   -2.11003106621    6.33136523079   -0.04910990180
|517> NewECP
|518> N_core 0
|519> lmax f
|520> s 1
|521> 1      1.732000000   14.676000000 2
|522> p 1
|523> 1      1.115000000    5.175700000 2
|524> d 1
|525> 1      1.203000000   -1.816000000 2
|526> f 1
|527> 1      1.000000000    0.000000000 2
|528> end
|529> Mg>    2.00000000000   -6.33059601804    0.00052082363   -2.15087269695
|530> NewECP
|531> N_core 0
|532> lmax f
|533> s 1
|534> 1      1.732000000   14.676000000 2
|535> p 1
|536> 1      1.115000000    5.175700000 2
|537> d 1
|538> 1      1.203000000   -1.816000000 2
|539> f 1
|540> 1      1.000000000    0.000000000 2
|541> end
|542> Mg>    2.00000000000    0.00124653077   -6.33144461842   -2.15146195936
|543> NewECP
|544> N_core 0
|545> lmax f
|546> s 1
|547> 1      1.732000000   14.676000000 2
|548> p 1
|549> 1      1.115000000    5.175700000 2
|550> d 1
|551> 1      1.203000000   -1.816000000 2
|552> f 1
|553> 1      1.000000000    0.000000000 2
|554> end
|555> Mg>    2.00000000000    0.00126140969    6.33229175513   -2.15147382567
|556> NewECP
|557> N_core 0
|558> lmax f
|559> s 1
|560> 1      1.732000000   14.676000000 2
|561> p 1
|562> 1      1.115000000    5.175700000 2
|563> d 1
|564> 1      1.203000000   -1.816000000 2
|565> f 1
|566> 1      1.000000000    0.000000000 2
|567> end
|568> Mg>    2.00000000000    6.33313508713    0.00054868904   -2.15132909045
|569> NewECP
|570> N_core 0
|571> lmax f
|572> s 1
|573> 1      1.732000000   14.676000000 2
|574> p 1
|575> 1      1.115000000    5.175700000 2
|576> d 1
|577> 1      1.203000000   -1.816000000 2
|578> f 1
|579> 1      1.000000000    0.000000000 2
|580> end
|581> Mg>    2.00000000000   -4.21910860268   -4.21937662467   -4.27737843797
|582> NewECP
|583> N_core 0
|584> lmax f
|585> s 1
|586> 1      1.732000000   14.676000000 2
|587> p 1
|588> 1      1.115000000    5.175700000 2
|589> d 1
|590> 1      1.203000000   -1.816000000 2
|591> f 1
|592> 1      1.000000000    0.000000000 2
|593> end
|594> Mg>    2.00000000000   -4.21910860268    4.22161043115   -4.27737843797
|595> NewECP
|596> N_core 0
|597> lmax f
|598> s 1
|599> 1      1.732000000   14.676000000 2
|600> p 1
|601> 1      1.115000000    5.175700000 2
|602> d 1
|603> 1      1.203000000   -1.816000000 2
|604> f 1
|605> 1      1.000000000    0.000000000 2
|606> end
|607> Mg>    2.00000000000    4.22187845314   -4.21937662467   -4.27737843797
|608> NewECP
|609> N_core 0
|610> lmax f
|611> s 1
|612> 1      1.732000000   14.676000000 2
|613> p 1
|614> 1      1.115000000    5.175700000 2
|615> d 1
|616> 1      1.203000000   -1.816000000 2
|617> f 1
|618> 1      1.000000000    0.000000000 2
|619> end
|620> Mg>    2.00000000000    4.22187845314    4.22161043115   -4.27737843797
|621> NewECP
|622> N_core 0
|623> lmax f
|624> s 1
|625> 1      1.732000000   14.676000000 2
|626> p 1
|627> 1      1.115000000    5.175700000 2
|628> d 1
|629> 1      1.203000000   -1.816000000 2
|630> f 1
|631> 1      1.000000000    0.000000000 2
|632> end
|633> Mg>    2.00000000000   -6.32953345696   -4.21996767303   -2.15228954159
|634> NewECP
|635> N_core 0
|636> lmax f
|637> s 1
|638> 1      1.732000000   14.676000000 2
|639> p 1
|640> 1      1.115000000    5.175700000 2
|641> d 1
|642> 1      1.203000000   -1.816000000 2
|643> f 1
|644> 1      1.000000000    0.000000000 2
|645> end
|646> Mg>    2.00000000000   -4.21936744670   -6.33019261207   -2.15266734597
|647> NewECP
|648> N_core 0
|649> lmax f
|650> s 1
|651> 1      1.732000000   14.676000000 2
|652> p 1
|653> 1      1.115000000    5.175700000 2
|654> d 1
|655> 1      1.203000000   -1.816000000 2
|656> f 1
|657> 1      1.000000000    0.000000000 2
|658> end
|659> Mg>    2.00000000000   -6.32953345696    4.22101938279   -2.15228954159
|660> NewECP
|661> N_core 0
|662> lmax f
|663> s 1
|664> 1      1.732000000   14.676000000 2
|665> p 1
|666> 1      1.115000000    5.175700000 2
|667> d 1
|668> 1      1.203000000   -1.816000000 2
|669> f 1
|670> 1      1.000000000    0.000000000 2
|671> end
|672> Mg>    2.00000000000   -4.21936422700    6.33142950239   -2.15272373177
|673> NewECP
|674> N_core 0
|675> lmax f
|676> s 1
|677> 1      1.732000000   14.676000000 2
|678> p 1
|679> 1      1.115000000    5.175700000 2
|680> d 1
|681> 1      1.203000000   -1.816000000 2
|682> f 1
|683> 1      1.000000000    0.000000000 2
|684> end
|685> Mg>    2.00000000000    4.22161960912   -6.33019261207   -2.15266734597
|686> NewECP
|687> N_core 0
|688> lmax f
|689> s 1
|690> 1      1.732000000   14.676000000 2
|691> p 1
|692> 1      1.115000000    5.175700000 2
|693> d 1
|694> 1      1.203000000   -1.816000000 2
|695> f 1
|696> 1      1.000000000    0.000000000 2
|697> end
|698> Mg>    2.00000000000    6.33194802814   -4.21994340510   -2.15243801177
|699> NewECP
|700> N_core 0
|701> lmax f
|702> s 1
|703> 1      1.732000000   14.676000000 2
|704> p 1
|705> 1      1.115000000    5.175700000 2
|706> d 1
|707> 1      1.203000000   -1.816000000 2
|708> f 1
|709> 1      1.000000000    0.000000000 2
|710> end
|711> Mg>    2.00000000000    6.33194802814    4.22104365072   -2.15243801177
|712> NewECP
|713> N_core 0
|714> lmax f
|715> s 1
|716> 1      1.732000000   14.676000000 2
|717> p 1
|718> 1      1.115000000    5.175700000 2
|719> d 1
|720> 1      1.203000000   -1.816000000 2
|721> f 1
|722> 1      1.000000000    0.000000000 2
|723> end
|724> Mg>    2.00000000000    4.22162282882    6.33142950239   -2.15272373177
|725> NewECP
|726> N_core 0
|727> lmax f
|728> s 1
|729> 1      1.732000000   14.676000000 2
|730> p 1
|731> 1      1.115000000    5.175700000 2
|732> d 1
|733> 1      1.203000000   -1.816000000 2
|734> f 1
|735> 1      1.000000000    0.000000000 2
|736> end
|737> Mg>    2.00000000000   -6.32935536663   -2.10912986072   -4.27737843797
|738> NewECP
|739> N_core 0
|740> lmax f
|741> s 1
|742> 1      1.732000000   14.676000000 2
|743> p 1
|744> 1      1.115000000    5.175700000 2
|745> d 1
|746> 1      1.203000000   -1.816000000 2
|747> f 1
|748> 1      1.000000000    0.000000000 2
|749> end
|750> Mg>    2.00000000000   -2.10886183872   -6.32962338862   -4.27737843797
|751> NewECP
|752> N_core 0
|753> lmax f
|754> s 1
|755> 1      1.732000000   14.676000000 2
|756> p 1
|757> 1      1.115000000    5.175700000 2
|758> d 1
|759> 1      1.203000000   -1.816000000 2
|760> f 1
|761> 1      1.000000000    0.000000000 2
|762> end
|763> Mg>    2.00000000000   -6.32935536663    2.11136366719   -4.27737843797
|764> NewECP
|765> N_core 0
|766> lmax f
|767> s 1
|768> 1      1.732000000   14.676000000 2
|769> p 1
|770> 1      1.115000000    5.175700000 2
|771> d 1
|772> 1      1.203000000   -1.816000000 2
|773> f 1
|774> 1      1.000000000    0.000000000 2
|775> end
|776> Mg>    2.00000000000    2.11163168919   -6.32962338862   -4.27737843797
|777> NewECP
|778> N_core 0
|779> lmax f
|780> s 1
|781> 1      1.732000000   14.676000000 2
|782> p 1
|783> 1      1.115000000    5.175700000 2
|784> d 1
|785> 1      1.203000000   -1.816000000 2
|786> f 1
|787> 1      1.000000000    0.000000000 2
|788> end
|789> Mg>    2.00000000000   -2.10886183872    6.33185719510   -4.27737843797
|790> NewECP
|791> N_core 0
|792> lmax f
|793> s 1
|794> 1      1.732000000   14.676000000 2
|795> p 1
|796> 1      1.115000000    5.175700000 2
|797> d 1
|798> 1      1.203000000   -1.816000000 2
|799> f 1
|800> 1      1.000000000    0.000000000 2
|801> end
|802> Mg>    2.00000000000    6.33212521709   -2.10912986072   -4.27737843797
|803> NewECP
|804> N_core 0
|805> lmax f
|806> s 1
|807> 1      1.732000000   14.676000000 2
|808> p 1
|809> 1      1.115000000    5.175700000 2
|810> d 1
|811> 1      1.203000000   -1.816000000 2
|812> f 1
|813> 1      1.000000000    0.000000000 2
|814> end
|815> Mg>    2.00000000000    2.11163168919    6.33185719510   -4.27737843797
|816> NewECP
|817> N_core 0
|818> lmax f
|819> s 1
|820> 1      1.732000000   14.676000000 2
|821> p 1
|822> 1      1.115000000    5.175700000 2
|823> d 1
|824> 1      1.203000000   -1.816000000 2
|825> f 1
|826> 1      1.000000000    0.000000000 2
|827> end
|828> Mg>    2.00000000000    6.33212521709    2.11136366719   -4.27737843797
|829> NewECP
|830> N_core 0
|831> lmax f
|832> s 1
|833> 1      1.732000000   14.676000000 2
|834> p 1
|835> 1      1.115000000    5.175700000 2
|836> d 1
|837> 1      1.203000000   -1.816000000 2
|838> f 1
|839> 1      1.000000000    0.000000000 2
|840> end
|841> Mg>    2.00000000000   -8.44098705582    0.00000000000   -0.03397519006
|842> NewECP
|843> N_core 0
|844> lmax f
|845> s 1
|846> 1      1.732000000   14.676000000 2
|847> p 1
|848> 1      1.115000000    5.175700000 2
|849> d 1
|850> 1      1.203000000   -1.816000000 2
|851> f 1
|852> 1      1.000000000    0.000000000 2
|853> end
|854> Mg>    2.00000000000    0.00000000000    8.44098705582   -0.03397519006
|855> NewECP
|856> N_core 0
|857> lmax f
|858> s 1
|859> 1      1.732000000   14.676000000 2
|860> p 1
|861> 1      1.115000000    5.175700000 2
|862> d 1
|863> 1      1.203000000   -1.816000000 2
|864> f 1
|865> 1      1.000000000    0.000000000 2
|866> end
|867> Mg>    2.00000000000    8.44098705582    0.00000000000   -0.03397519006
|868> NewECP
|869> N_core 0
|870> lmax f
|871> s 1
|872> 1      1.732000000   14.676000000 2
|873> p 1
|874> 1      1.115000000    5.175700000 2
|875> d 1
|876> 1      1.203000000   -1.816000000 2
|877> f 1
|878> 1      1.000000000    0.000000000 2
|879> end
|880> Mg>    2.00000000000    0.00000000000   -8.44098705582   -0.03397519006
|881> NewECP
|882> N_core 0
|883> lmax f
|884> s 1
|885> 1      1.732000000   14.676000000 2
|886> p 1
|887> 1      1.115000000    5.175700000 2
|888> d 1
|889> 1      1.203000000   -1.816000000 2
|890> f 1
|891> 1      1.000000000    0.000000000 2
|892> end
|893> Mg>    2.00000000000   -8.43972564613   -2.10869530069   -2.15147382567
|894> NewECP
|895> N_core 0
|896> lmax f
|897> s 1
|898> 1      1.732000000   14.676000000 2
|899> p 1
|900> 1      1.115000000    5.175700000 2
|901> d 1
|902> 1      1.203000000   -1.816000000 2
|903> f 1
|904> 1      1.000000000    0.000000000 2
|905> end
|906> Mg>    2.00000000000   -8.43974052505    2.10954243739   -2.15146195936
|907> NewECP
|908> N_core 0
|909> lmax f
|910> s 1
|911> 1      1.732000000   14.676000000 2
|912> p 1
|913> 1      1.115000000    5.175700000 2
|914> d 1
|915> 1      1.203000000   -1.816000000 2
|916> f 1
|917> 1      1.000000000    0.000000000 2
|918> end
|919> Mg>    2.00000000000   -2.10785196868   -8.44043836678   -2.15132909045
|920> NewECP
|921> N_core 0
|922> lmax f
|923> s 1
|924> 1      1.732000000   14.676000000 2
|925> p 1
|926> 1      1.115000000    5.175700000 2
|927> d 1
|928> 1      1.203000000   -1.816000000 2
|929> f 1
|930> 1      1.000000000    0.000000000 2
|931> end
|932> Mg>    2.00000000000    2.11039103778   -8.44046623219   -2.15087269695
|933> NewECP
|934> N_core 0
|935> lmax f
|936> s 1
|937> 1      1.732000000   14.676000000 2
|938> p 1
|939> 1      1.115000000    5.175700000 2
|940> d 1
|941> 1      1.203000000   -1.816000000 2
|942> f 1
|943> 1      1.000000000    0.000000000 2
|944> end
|945> Mg>    2.00000000000   -2.10785196868    8.44153574485   -2.15132909045
|946> NewECP
|947> N_core 0
|948> lmax f
|949> s 1
|950> 1      1.732000000   14.676000000 2
|951> p 1
|952> 1      1.115000000    5.175700000 2
|953> d 1
|954> 1      1.203000000   -1.816000000 2
|955> f 1
|956> 1      1.000000000    0.000000000 2
|957> end
|958> Mg>    2.00000000000    2.11039103778    8.44150787945   -2.15087269695
|959> NewECP
|960> N_core 0
|961> lmax f
|962> s 1
|963> 1      1.732000000   14.676000000 2
|964> p 1
|965> 1      1.115000000    5.175700000 2
|966> d 1
|967> 1      1.203000000   -1.816000000 2
|968> f 1
|969> 1      1.000000000    0.000000000 2
|970> end
|971> Mg>    2.00000000000    8.44224846550   -2.10869530069   -2.15147382567
|972> NewECP
|973> N_core 0
|974> lmax f
|975> s 1
|976> 1      1.732000000   14.676000000 2
|977> p 1
|978> 1      1.115000000    5.175700000 2
|979> d 1
|980> 1      1.203000000   -1.816000000 2
|981> f 1
|982> 1      1.000000000    0.000000000 2
|983> end
|984> Mg>    2.00000000000    8.44223358659    2.10954243739   -2.15146195936
|985> NewECP
|986> N_core 0
|987> lmax f
|988> s 1
|989> 1      1.732000000   14.676000000 2
|990> p 1
|991> 1      1.115000000    5.175700000 2
|992> d 1
|993> 1      1.203000000   -1.816000000 2
|994> f 1
|995> 1      1.000000000    0.000000000 2
|996> end
|997>   end
|998> endd                         ****END OF INPUT****
================================================================================
----------------
TOTAL SCF ENERGY
----------------

Total Energy       :        -4177.77340369 Eh         -113682.99385 eV

Components:
Nuclear Repulsion  :         6065.20640447 Eh          165042.65687 eV
Electronic Energy  :       -10242.97980817 Eh         -278725.65072 eV
One Electron Energy:       -18282.91384991 Eh         -497503.37844 eV
Two Electron Energy:         8039.93404174 Eh          218777.72772 eV
Max COSX asymmetry :            0.00013704 Eh               0.00373 eV

Virial components:
Potential Energy   :        -7849.37875132 Eh         -213592.45465 eV
Kinetic Energy     :         3671.60534762 Eh           99909.46081 eV
Virial Ratio       :            2.13786015

--------------------Output has been truncated-------------------------


--------------------Output has been truncated-------------------------


--------------------Output has been truncated-------------------------


--------------------Output has been truncated-------------------------


--------------------Output has been truncated-------------------------


--------------------Output has been truncated-------------------------


--------------------Output has been truncated-------------------------


--------------------Output has been truncated-------------------------


--------------------Output has been truncated-------------------------


--------------------Output has been truncated-------------------------


-----------------------------------------------
 RI-MP2 CORRELATION ENERGY:     -6.767113761 Eh
-----------------------------------------------
---------------------------------------
MP2 TOTAL ENERGY:    -4184.540517456 Eh
---------------------------------------

Maximum memory used throughout the entire MP2-calculation: 514.8 MB

-------------------------   --------------------
FINAL SINGLE POINT ENERGY     -4184.540517456183
-------------------------   --------------------
