 **********************************************************************
                          MRCC program system
 **********************************************************************
 
                              Written by
     Mihaly Kallay, Peter R. Nagy, David Mester, Laszlo Gyevi-Nagy,
        Jozsef Csoka, P. Bernat Szabo, Zoltan Rolik, Gyula Samu,
     Jozsef Csontos, Bence Hegely, Adam Ganyecz, Istvan Ladjanszki,
       Lorant Szegedy, Bence Ladoczki, Klara Petrov, Mate Farkas,
                    Pal D. Mezei, and Reka A. Horvath
 
        Department of Physical Chemistry and Materials Science
            Budapest University of Technology and Economics
                  Budapest P.O.Box 91, H-1521 Hungary
 
                              www.mrcc.hu
 
                      Release date: March 18, 2022

 ************************ 2023-02-04 11:48:10 *************************
 Executing minp...

 Reading input from MINP...
 
 Input file:
 
calc=FNO-CCSD(T)
verbosity=3
mem=220GB
unit=angs
scfiguess=small
scfalg=locfit1
ccmaxit=400
ccsdalg=dfdirect
ccsdthreads=4
ccsdmkl=thr
ptthreads=4
lnoepsv=1e-5
naf_cor=1e-2
basis=aug-cc-pVQZ
basis_sm=def2-SVP
dfbasis_scf=def2-QZVPP-RI-JK
dfbasis_cor=aug-cc-pVQZ-RI
unit=angs
geom=xyz
10

C    29.54344629    29.54344629    16.97505516
H    29.54344670    30.44187631    17.60392580
H    29.54344662    28.64496649    17.60393442
H    30.44658454    29.54342777    16.34911135
H    28.64030918    29.54342779    16.34911130
C    42.20489259    29.54341474    16.97521401
H    41.30647292    29.54341495    17.60422237
H    42.20491139    30.44620261    16.34882774
H    42.20491137    28.64062797    16.34882693
H    43.10336281    29.54341492    17.60423123

--------------------Output has been truncated-------------------------


--------------------Output has been truncated-------------------------


--------------------Output has been truncated-------------------------


--------------------Output has been truncated-------------------------


--------------------Output has been truncated-------------------------


--------------------Output has been truncated-------------------------


--------------------Output has been truncated-------------------------


--------------------Output has been truncated-------------------------


--------------------Output has been truncated-------------------------


--------------------Output has been truncated-------------------------


 
 Reference energy [au]:                       -80.431231526736
 DF-MP2 singlet pair energy [au]:              -0.347506243661
 DF-MP2 triplet pair energy [au]:              -0.074996847588
 DF-SCS-MP2 correlation energy [au]:           -0.442006441590
 DF-SCS-MP2 energy [au]:                      -80.873237968325
 DF-SOS-MP2 correlation energy [au]:           -0.451758116760
 DF-SOS-MP2 energy [au]:                      -80.882989643495
 DF-MP2 correlation energy [au]:               -0.422503091249
 DF-MP2 energy [au]:                          -80.853734617985

 Results in FNO basis:
 
 
 Reference energy [au]:                       -80.431231526736
 DF-MP2 singlet pair energy [au]:              -0.341236791469
 DF-MP2 triplet pair energy [au]:              -0.074714212239
 DF-SCS-MP2 correlation energy [au]:           -0.434388887176
 DF-SCS-MP2 energy [au]:                      -80.865620413912
 DF-SOS-MP2 correlation energy [au]:           -0.443607828910
 DF-SOS-MP2 energy [au]:                      -80.874839355645
 DF-MP2 correlation energy [au]:               -0.415951003708
 DF-MP2 energy [au]:                          -80.847182530444

 Results in NAF basis:
 
 
 Reference energy [au]:                       -80.431231526736
 DF-MP2 singlet pair energy [au]:              -0.341201854850
 DF-MP2 triplet pair energy [au]:              -0.074727584436
 DF-SCS-MP2 correlation energy [au]:           -0.434351420632
 DF-SCS-MP2 energy [au]:                      -80.865582947368
 DF-SOS-MP2 correlation energy [au]:           -0.443562411305
 DF-SOS-MP2 energy [au]:                      -80.874793938041
 DF-MP2 correlation energy [au]:               -0.415929439286
 DF-MP2 energy [au]:                          -80.847160966021

 ************************ 2023-02-04 11:48:48 *************************
 Executing ccsd...

 Allocation of 220.0 Gbytes of memory...

 Direct DF-CCSD(T) calculation
 
 Convergence criterion:  1.0E-06
 
 Number of occupied/virtual/auxiliary orbitals:     8   202   640
   1312.15 MB is the minimal memory requirement for (T)
    293.11 MB is the minimal memory requirement for CCSD
 
 Reference energy [au]:             -80.431231526736
 T1 contribution [au]:                0.000000000000
 Same spin MP2 energy [au]:          -0.074720889513
 Opposite spin MP2 energy [au]:      -0.341219303735
 MP2 correlation energy [au]:        -0.415940193248
 Total MP2 energy [au]:             -80.847171719984
 MP2 correction [au]:                -0.006562898001
 
 
 CPU time [min]:     0.485                   Wall time [min]:     0.058
 
 Starting CCSD iterations...
 
                     Residual norm          Energy
 Iteration  1        0.196125133300      -80.873061745810
 Iteration  2        0.050029773309      -80.884108989414
 Iteration  3        0.013819617248      -80.885274470653
 Iteration  4        0.002858082933      -80.885283469032
 Iteration  5        0.000530199127      -80.885296491321
 Iteration  6        0.000119926089      -80.885296244829
 Iteration  7        0.000028601673      -80.885297624986
 Iteration  8        0.000005287606      -80.885297738915
 Iteration  9        0.000001125763      -80.885297714957
 
 CCSD iteration has converged in  9 steps.
     6687.81 MB memory was utilized by CCSD
 
 T1 diagnostic:      7.996E-03            D1 diagnostic:      1.292E-02
 
 T1 contribution [au]:                                  0.000000000000
 PPL energy contribution [au]:                          0.121205100878
 Scaled PPL energy contribution [au]:                   0.123118677143

 OS-PPL energy contribution [au]:                       0.107548128957
 Scaled OS-PPL energy contribution [au]:                0.109534218890
 SS-PPL energy contribution [au]:                       0.013656971922
 Scaled SS-PPL energy contribution [au]:                0.013705576577

 Opposite spin CCSD energy [au]:                       -0.382007564321
 Same spin CCSD energy [au]:                           -0.072072032236
 CCSD correlation energy [au]:                         -0.454079596558
 CCSD correlation energy + MP2 correction [au]:        -0.460642494559
 CCSD correlation energy + MP2 + PPL corr. [au]:       -0.458728918294
 Total CCSD energy [au]:                              -80.885311123294
 Total CCSD energy + MP2 correction [au]:             -80.891874021295
 Total CCSD energy + MP2 + PPL corr. [au]:            -80.889960445030
 
 CPU time [min]:    12.708                   Wall time [min]:     0.407
 
 Calculation of (T) correction...
 
 
     1275.43 MB memory is utilized for (T)

 0%       25%       50%       75%       100%
 |---------|---------|---------|---------| 
 
 (T) correction [au]:                                    -0.013883651683
 (T*) correction [au]:                                   -0.014102714402
 (T+) correction [au]:                                   -0.014101897754
 CCSD(T) correlation energy [au]:                        -0.467963248241
 CCSD(T) correlation energy + MP2 correction [au]:       -0.474526146242
 CCSD(T+) correlation en. + MP2 + PPL corr. [au]:        -0.472830816048
 Total CCSD(T) energy [au]:                             -80.899194774976
 Total CCSD(T) energy + MP2 correction [au]:            -80.905757672977
 Total CCSD(T+) energy + MP2 + PPL corr. [au]:          -80.904062342784
 
 CPU time [min]:    16.687                   Wall time [min]:     0.537
 
 ************************ 2023-02-04 11:49:20 *************************
                      Normal termination of mrcc.
 **********************************************************************
