 **********************************************************************
                          MRCC program system
 **********************************************************************
 
                              Written by
     Mihaly Kallay, Peter R. Nagy, David Mester, Laszlo Gyevi-Nagy,
        Jozsef Csoka, P. Bernat Szabo, Zoltan Rolik, Gyula Samu,
     Jozsef Csontos, Bence Hegely, Adam Ganyecz, Istvan Ladjanszki,
       Lorant Szegedy, Bence Ladoczki, Klara Petrov, Mate Farkas,
                    Pal D. Mezei, and Reka A. Horvath
 
        Department of Physical Chemistry and Materials Science
            Budapest University of Technology and Economics
                  Budapest P.O.Box 91, H-1521 Hungary
 
                              www.mrcc.hu
 
                      Release date: March 18, 2022

 ************************ 2023-02-05 13:12:26 *************************
 Executing minp...

 Reading input from MINP...
 
 Input file:
 
calc=FNO-CCSD(T)
verbosity=3
mem=220GB
unit=angs
scfiguess=small
scfalg=locfit1
ccmaxit=400
ccsdalg=dfdirect
ccsdthreads=4
ccsdmkl=thr
ptthreads=4
lnoepsv=1e-5
naf_cor=1e-2
basis=aug-cc-pVTZ
basis_sm=def2-SVP
dfbasis_scf=def2-QZVPP-RI-JK
dfbasis_cor=aug-cc-pVTZ-RI
unit=angs
geom=xyz
16

C    34.41670262    34.07107264    10.41543014
C    33.11117461    33.45680459    10.91530835
H    34.24160149    35.00442132     9.86225048
H    34.94674030    33.36940783     9.75379242
H    35.10002891    34.30603621    11.24227357
H    32.42643037    33.26105434    10.07939442
H    32.59136835    34.12756100    11.61262818
H    33.28915165    32.50678735    11.43686767
C    37.30146626    53.06349064    10.40840413
C    38.60118185    52.44965067    10.92356358
H    36.77618205    52.35929574     9.74574003
H    37.48351459    53.99444780     9.85293887
H    36.61042211    53.30409463    11.22701403
H    39.29509061    52.25299112    10.09557036
H    38.41693812    51.50012863    11.44395536
H    39.11327959    53.12124181    11.62583355

--------------------Output has been truncated-------------------------


--------------------Output has been truncated-------------------------


--------------------Output has been truncated-------------------------


--------------------Output has been truncated-------------------------


--------------------Output has been truncated-------------------------


--------------------Output has been truncated-------------------------


--------------------Output has been truncated-------------------------


--------------------Output has been truncated-------------------------


--------------------Output has been truncated-------------------------


--------------------Output has been truncated-------------------------


 
 Reference energy [au]:                       -79.259538717094
 DF-MP2 singlet pair energy [au]:              -0.300255253222
 DF-MP2 triplet pair energy [au]:              -0.075031936885
 DF-SCS-MP2 correlation energy [au]:           -0.385316949495
 DF-SCS-MP2 energy [au]:                      -79.644855666588
 DF-SOS-MP2 correlation energy [au]:           -0.390331829189
 DF-SOS-MP2 energy [au]:                      -79.649870546282
 DF-MP2 correlation energy [au]:               -0.375287190107
 DF-MP2 energy [au]:                          -79.634825907200

 Results in FNO basis:
 
 
 Reference energy [au]:                       -79.259538717094
 DF-MP2 singlet pair energy [au]:              -0.299085035318
 DF-MP2 triplet pair energy [au]:              -0.074925664143
 DF-SCS-MP2 correlation energy [au]:           -0.383877263762
 DF-SCS-MP2 energy [au]:                      -79.643415980856
 DF-SOS-MP2 correlation energy [au]:           -0.388810545913
 DF-SOS-MP2 energy [au]:                      -79.648349263007
 DF-MP2 correlation energy [au]:               -0.374010699461
 DF-MP2 energy [au]:                          -79.633549416554

 Results in NAF basis:
 
 
 Reference energy [au]:                       -79.259538717094
 DF-MP2 singlet pair energy [au]:              -0.299024261882
 DF-MP2 triplet pair energy [au]:              -0.074964722484
 DF-SCS-MP2 correlation energy [au]:           -0.383817355087
 DF-SCS-MP2 energy [au]:                      -79.643356072180
 DF-SOS-MP2 correlation energy [au]:           -0.388731540447
 DF-SOS-MP2 energy [au]:                      -79.648270257540
 DF-MP2 correlation energy [au]:               -0.373988984366
 DF-MP2 energy [au]:                          -79.633527701460

 ************************ 2023-02-05 13:12:55 *************************
 Executing ccsd...

 Allocation of 220.0 Gbytes of memory...

 Direct DF-CCSD(T) calculation
 
 Convergence criterion:  1.0E-06
 
 Number of occupied/virtual/auxiliary orbitals:     7   139   378
    421.21 MB is the minimal memory requirement for (T)
     94.89 MB is the minimal memory requirement for CCSD
 
 Reference energy [au]:             -79.259538717094
 T1 contribution [au]:                0.000000000000
 Same spin MP2 energy [au]:          -0.074945134103
 Opposite spin MP2 energy [au]:      -0.299054477762
 MP2 correlation energy [au]:        -0.373999611866
 Total MP2 energy [au]:             -79.633538328959
 MP2 correction [au]:                -0.001287578241
 
 
 CPU time [min]:     0.317                   Wall time [min]:     0.017
 
 Starting CCSD iterations...
 
                     Residual norm          Energy
 Iteration  1        0.170711933897      -79.654466764812
 Iteration  2        0.042453936716      -79.664031876156
 Iteration  3        0.011296829878      -79.664987983824
 Iteration  4        0.002548602001      -79.664996298823
 Iteration  5        0.000536675094      -79.665001507972
 Iteration  6        0.000152294473      -79.665004585112
 Iteration  7        0.000036259056      -79.665004369677
 Iteration  8        0.000009249915      -79.665004661317
 
 CCSD iteration has converged in  8 steps.
     1534.57 MB memory was utilized by CCSD
 
 T1 diagnostic:      7.817E-03            D1 diagnostic:      1.354E-02
 
 T1 contribution [au]:                                  0.000000000000
 PPL energy contribution [au]:                          0.102912260186
 Scaled PPL energy contribution [au]:                   0.103270991441

 OS-PPL energy contribution [au]:                       0.089962007915
 Scaled OS-PPL energy contribution [au]:                0.090333116275
 SS-PPL energy contribution [au]:                       0.012950252271
 Scaled SS-PPL energy contribution [au]:                0.012962078149

 Opposite spin CCSD energy [au]:                       -0.334285245733
 Same spin CCSD energy [au]:                           -0.071199387726
 CCSD correlation energy [au]:                         -0.405484633459
 CCSD correlation energy + MP2 correction [au]:        -0.406772211700
 CCSD correlation energy + MP2 + PPL corr. [au]:       -0.406413480445
 Total CCSD energy [au]:                              -79.665023350553
 Total CCSD energy + MP2 correction [au]:             -79.666310928794
 Total CCSD energy + MP2 + PPL corr. [au]:            -79.665952197539
 
 CPU time [min]:     2.709                   Wall time [min]:     0.087
 
 Calculation of (T) correction...
 
 
      388.93 MB memory is utilized for (T)

 0%       25%       50%       75%       100%
 |---------|---------|---------|---------| 
 
 (T) correction [au]:                                    -0.013959015296
 (T*) correction [au]:                                   -0.014007072363
 (T+) correction [au]:                                   -0.014006490887
 CCSD(T) correlation energy [au]:                        -0.419443648755
 CCSD(T) correlation energy + MP2 correction [au]:       -0.420731226996
 CCSD(T+) correlation en. + MP2 + PPL corr. [au]:        -0.420419971332
 Total CCSD(T) energy [au]:                             -79.678982365849
 Total CCSD(T) energy + MP2 correction [au]:            -79.680269944090
 Total CCSD(T+) energy + MP2 + PPL corr. [au]:          -79.679958688425
 
 CPU time [min]:     3.416                   Wall time [min]:     0.109
 
 ************************ 2023-02-05 13:13:02 *************************
                      Normal termination of mrcc.
 **********************************************************************
