 **********************************************************************
                          MRCC program system
 **********************************************************************
 
                              Written by
     Mihaly Kallay, Peter R. Nagy, David Mester, Laszlo Gyevi-Nagy,
        Jozsef Csoka, P. Bernat Szabo, Zoltan Rolik, Gyula Samu,
     Jozsef Csontos, Bence Hegely, Adam Ganyecz, Istvan Ladjanszki,
       Lorant Szegedy, Bence Ladoczki, Klara Petrov, Mate Farkas,
                    Pal D. Mezei, and Reka A. Horvath
 
        Department of Physical Chemistry and Materials Science
            Budapest University of Technology and Economics
                  Budapest P.O.Box 91, H-1521 Hungary
 
                              www.mrcc.hu
 
                      Release date: March 18, 2022

 ************************ 2023-02-04 11:40:44 *************************
 Executing minp...

 Reading input from MINP...
 
 Input file:
 
calc=FNO-CCSD(T)
verbosity=3
mem=220GB
unit=angs
scfiguess=small
scfalg=locfit1
ccmaxit=400
ccsdalg=dfdirect
ccsdthreads=4
ccsdmkl=thr
ptthreads=4
lnoepsv=1e-5
naf_cor=1e-2
basis=aug-cc-pVTZ
basis_sm=def2-SVP
dfbasis_scf=def2-QZVPP-RI-JK
dfbasis_cor=aug-cc-pVTZ-RI
unit=angs
geom=xyz
10

C    29.54344629    29.54344629    16.97505516
H    29.54344670    30.44187631    17.60392580
H    29.54344662    28.64496649    17.60393442
H    30.44658454    29.54342777    16.34911135
H    28.64030918    29.54342779    16.34911130
C    25.32292329    12.66144544    16.97521401
H    26.22139350    12.66144561    17.60423123
H    24.42450361    12.66144564    17.60422237
H    25.32294208    13.56423330    16.34882774
H    25.32294206    11.75865866    16.34882693

--------------------Output has been truncated-------------------------


--------------------Output has been truncated-------------------------


--------------------Output has been truncated-------------------------


--------------------Output has been truncated-------------------------


--------------------Output has been truncated-------------------------


--------------------Output has been truncated-------------------------


--------------------Output has been truncated-------------------------


--------------------Output has been truncated-------------------------


--------------------Output has been truncated-------------------------


--------------------Output has been truncated-------------------------


 
 Reference energy [au]:                       -40.213017195394
 DF-MP2 singlet pair energy [au]:              -0.164419028301
 DF-MP2 triplet pair energy [au]:              -0.036594297789
 DF-SCS-MP2 correlation energy [au]:           -0.209500933224
 DF-SCS-MP2 energy [au]:                      -40.422518128618
 DF-SOS-MP2 correlation energy [au]:           -0.213744736791
 DF-SOS-MP2 energy [au]:                      -40.426761932185
 DF-MP2 correlation energy [au]:               -0.201013326090
 DF-MP2 energy [au]:                          -40.414030521484

 Results in FNO basis:
 
 
 Reference energy [au]:                       -40.213017195394
 DF-MP2 singlet pair energy [au]:              -0.163768768368
 DF-MP2 triplet pair energy [au]:              -0.036550540973
 DF-SCS-MP2 correlation energy [au]:           -0.208706035699
 DF-SCS-MP2 energy [au]:                      -40.421723231094
 DF-SOS-MP2 correlation energy [au]:           -0.212899398878
 DF-SOS-MP2 energy [au]:                      -40.425916594273
 DF-MP2 correlation energy [au]:               -0.200319309341
 DF-MP2 energy [au]:                          -40.413336504736

 Results in NAF basis:
 
 
 Reference energy [au]:                       -40.213017195394
 DF-MP2 singlet pair energy [au]:              -0.163734491262
 DF-MP2 triplet pair energy [au]:              -0.036569820023
 DF-SCS-MP2 correlation energy [au]:           -0.208671329522
 DF-SCS-MP2 energy [au]:                      -40.421688524917
 DF-SOS-MP2 correlation energy [au]:           -0.212854838641
 DF-SOS-MP2 energy [au]:                      -40.425872034036
 DF-MP2 correlation energy [au]:               -0.200304311285
 DF-MP2 energy [au]:                          -40.413321506679

 ************************ 2023-02-04 11:41:01 *************************
 Executing ccsd...

 Allocation of 220.0 Gbytes of memory...

 Direct DF-CCSD(T) calculation
 
 Convergence criterion:  1.0E-06
 
 Number of occupied/virtual/auxiliary orbitals:     4    83   221
     89.04 MB is the minimal memory requirement for (T)
     22.38 MB is the minimal memory requirement for CCSD
 
 Reference energy [au]:             -40.213017195394
 T1 contribution [au]:                0.000000000000
 Same spin MP2 energy [au]:          -0.036560153117
 Opposite spin MP2 energy [au]:      -0.163751548275
 MP2 correlation energy [au]:        -0.200311701392
 Total MP2 energy [au]:             -40.413328896786
 MP2 correction [au]:                -0.000701624698
 
 
 CPU time [min]:     0.059                   Wall time [min]:     0.003
 
 Starting CCSD iterations...
 
                     Residual norm          Energy
 Iteration  1        0.131887850417      -40.427796732844
 Iteration  2        0.033755013765      -40.433319857030
 Iteration  3        0.008181650677      -40.433786012360
 Iteration  4        0.001913906207      -40.433788614495
 Iteration  5        0.000362952052      -40.433795665378
 Iteration  6        0.000073619822      -40.433795798312
 Iteration  7        0.000017729545      -40.433796403648
 Iteration  8        0.000003100180      -40.433796421358
 
 CCSD iteration has converged in  8 steps.
      207.43 MB memory was utilized by CCSD
 
 T1 diagnostic:      7.475E-03            D1 diagnostic:      1.210E-02
 
 T1 contribution [au]:                                  0.000000000000
 PPL energy contribution [au]:                          0.057487574875
 Scaled PPL energy contribution [au]:                   0.057690613044

 OS-PPL energy contribution [au]:                       0.050872618925
 Scaled OS-PPL energy contribution [au]:                0.051084764185
 SS-PPL energy contribution [au]:                       0.006614955950
 Scaled SS-PPL energy contribution [au]:                0.006619519564

 Opposite spin CCSD energy [au]:                       -0.185468636673
 Same spin CCSD energy [au]:                           -0.035322026545
 CCSD correlation energy [au]:                         -0.220790663218
 CCSD correlation energy + MP2 correction [au]:        -0.221492287916
 CCSD correlation energy + MP2 + PPL corr. [au]:       -0.221289249746
 Total CCSD energy [au]:                              -40.433807858612
 Total CCSD energy + MP2 correction [au]:             -40.434509483310
 Total CCSD energy + MP2 + PPL corr. [au]:            -40.434306445141
 
 CPU time [min]:     0.386                   Wall time [min]:     0.013
 
 Calculation of (T) correction...
 
 
       67.65 MB memory is utilized for (T)

 0%       25%       50%       75%       100%
 |---------|---------|---------|---------| 
 
 (T) correction [au]:                                    -0.006568742217
 (T*) correction [au]:                                   -0.006591750317
 (T+) correction [au]:                                   -0.006591770536
 CCSD(T) correlation energy [au]:                        -0.227359405435
 CCSD(T) correlation energy + MP2 correction [au]:       -0.228061030132
 CCSD(T+) correlation en. + MP2 + PPL corr. [au]:        -0.227881020283
 Total CCSD(T) energy [au]:                             -40.440376600829
 Total CCSD(T) energy + MP2 correction [au]:            -40.441078225527
 Total CCSD(T+) energy + MP2 + PPL corr. [au]:          -40.440898215677
 
 CPU time [min]:     0.476                   Wall time [min]:     0.016
 
 ************************ 2023-02-04 11:41:02 *************************
                      Normal termination of mrcc.
 **********************************************************************
