 **********************************************************************
                          MRCC program system
 **********************************************************************
 
                              Written by
     Mihaly Kallay, Peter R. Nagy, David Mester, Laszlo Gyevi-Nagy,
        Jozsef Csoka, P. Bernat Szabo, Zoltan Rolik, Gyula Samu,
     Jozsef Csontos, Bence Hegely, Adam Ganyecz, Istvan Ladjanszki,
       Lorant Szegedy, Bence Ladoczki, Klara Petrov, Mate Farkas,
                    Pal D. Mezei, and Reka A. Horvath
 
        Department of Physical Chemistry and Materials Science
            Budapest University of Technology and Economics
                  Budapest P.O.Box 91, H-1521 Hungary
 
                              www.mrcc.hu
 
                      Release date: March 18, 2022

 ************************ 2023-02-05 13:17:08 *************************
 Executing minp...

 Reading input from MINP...
 
 Input file:
 
calc=FNO-CCSD(T)
verbosity=3
mem=220GB
unit=angs
scfiguess=small
scfalg=locfit1
ccmaxit=400
ccsdalg=dfdirect
ccsdthreads=4
ccsdmkl=thr
ptthreads=4
lnoepsv=1e-5
naf_cor=1e-2
basis=aug-cc-pVTZ
basis_sm=def2-SVP
dfbasis_scf=def2-QZVPP-RI-JK
dfbasis_cor=aug-cc-pVTZ-RI
unit=angs
geom=xyz
16

C    34.41670262    34.07107264    10.41543014
C    33.11117461    33.45680459    10.91530835
H    34.24160149    35.00442132     9.86225048
H    34.94674030    33.36940783     9.75379242
H    35.10002891    34.30603621    11.24227357
H    32.42643037    33.26105434    10.07939442
H    32.59136835    34.12756100    11.61262818
H    33.28915165    32.50678735    11.43686767
C    42.85770499    38.29159093    10.41548088
C    41.55214767    37.67729539    10.91529140
H    42.68250243    39.22503006     9.86250154
H    43.38767744    37.58971855     9.75399090
H    43.54128776    38.52667515    11.24209422
H    40.86727325    37.48139737    10.07951373
H    41.03231026    38.34822797    11.61243196
H    41.73020928    36.72719264    11.43663402

--------------------Output has been truncated-------------------------


--------------------Output has been truncated-------------------------


--------------------Output has been truncated-------------------------


--------------------Output has been truncated-------------------------


--------------------Output has been truncated-------------------------


--------------------Output has been truncated-------------------------


--------------------Output has been truncated-------------------------


--------------------Output has been truncated-------------------------


--------------------Output has been truncated-------------------------


--------------------Output has been truncated-------------------------


 
 Reference energy [au]:                      -158.519100196401
 DF-MP2 singlet pair energy [au]:              -0.600524802966
 DF-MP2 triplet pair energy [au]:              -0.150072549218
 DF-SCS-MP2 correlation energy [au]:           -0.770653946632
 DF-SCS-MP2 energy [au]:                     -159.289754143033
 DF-SOS-MP2 correlation energy [au]:           -0.780682243856
 DF-SOS-MP2 energy [au]:                     -159.299782440257
 DF-MP2 correlation energy [au]:               -0.750597352184
 DF-MP2 energy [au]:                         -159.269697548584

 Results in FNO basis:
 
 
 Reference energy [au]:                      -158.519100196401
 DF-MP2 singlet pair energy [au]:              -0.598180667920
 DF-MP2 triplet pair energy [au]:              -0.149859208282
 DF-SCS-MP2 correlation energy [au]:           -0.767769870931
 DF-SCS-MP2 energy [au]:                     -159.286870067332
 DF-SOS-MP2 correlation energy [au]:           -0.777634868296
 DF-SOS-MP2 energy [au]:                     -159.296735064696
 DF-MP2 correlation energy [au]:               -0.748039876202
 DF-MP2 energy [au]:                         -159.267140072602

 Results in NAF basis:
 
 
 Reference energy [au]:                      -158.519100196401
 DF-MP2 singlet pair energy [au]:              -0.598060156120
 DF-MP2 triplet pair energy [au]:              -0.149937399675
 DF-SCS-MP2 correlation energy [au]:           -0.767651320570
 DF-SCS-MP2 energy [au]:                     -159.286751516970
 DF-SOS-MP2 correlation energy [au]:           -0.777478202957
 DF-SOS-MP2 energy [au]:                     -159.296578399357
 DF-MP2 correlation energy [au]:               -0.747997555796
 DF-MP2 energy [au]:                         -159.267097752196

 ************************ 2023-02-05 13:17:56 *************************
 Executing ccsd...

 Allocation of 220.0 Gbytes of memory...

 Direct DF-CCSD(T) calculation
 
 Convergence criterion:  1.0E-06
 
 Number of occupied/virtual/auxiliary orbitals:    14   278   756
   3422.71 MB is the minimal memory requirement for (T)
    780.99 MB is the minimal memory requirement for CCSD
 
 Reference energy [au]:            -158.519100196401
 T1 contribution [au]:                0.000000000000
 Same spin MP2 energy [au]:          -0.149898186272
 Opposite spin MP2 energy [au]:      -0.598120071285
 MP2 correlation energy [au]:        -0.748018257557
 Total MP2 energy [au]:            -159.267118453958
 MP2 correction [au]:                -0.002579094626
 
 
 CPU time [min]:     0.910                   Wall time [min]:     0.132
 
 Starting CCSD iterations...
 
                     Residual norm          Energy
 Iteration  1        0.240598723112     -159.308974367266
 Iteration  2        0.059794390879     -159.328113354425
 Iteration  3        0.015895228401     -159.330017463952
 Iteration  4        0.003589752637     -159.330033039551
 Iteration  5        0.000756031667     -159.330043299832
 Iteration  6        0.000214710180     -159.330049425127
 Iteration  7        0.000051119427     -159.330048978088
 Iteration  8        0.000013042907     -159.330049558039
 Iteration  9        0.000002610660     -159.330049504961
 
 CCSD iteration has converged in  9 steps.
    23656.02 MB memory was utilized by CCSD
 
 T1 diagnostic:      7.817E-03            D1 diagnostic:      1.354E-02
 
 T1 contribution [au]:                                  0.000000000000
 PPL energy contribution [au]:                          0.205825454667
 Scaled PPL energy contribution [au]:                   0.206543845236

 OS-PPL energy contribution [au]:                       0.179924567583
 Scaled OS-PPL energy contribution [au]:                0.180667585574
 SS-PPL energy contribution [au]:                       0.025900887083
 Scaled SS-PPL energy contribution [au]:                0.025924663923

 Opposite spin CCSD energy [au]:                       -0.668579366578
 Same spin CCSD energy [au]:                           -0.142406754413
 CCSD correlation energy [au]:                         -0.810986120991
 CCSD correlation energy + MP2 correction [au]:        -0.813565215617
 CCSD correlation energy + MP2 + PPL corr. [au]:       -0.812846825048
 Total CCSD energy [au]:                             -159.330086317391
 Total CCSD energy + MP2 correction [au]:            -159.332665412018
 Total CCSD energy + MP2 + PPL corr. [au]:           -159.331947021448
 
 CPU time [min]:    54.111                   Wall time [min]:     1.801
 
 Calculation of (T) correction...
 
 
     4429.83 MB memory is utilized for (T)

 0%       25%       50%       75%       100%
 |---------|---------|---------|---------| 
 
 (T) correction [au]:                                    -0.027920718725
 (T*) correction [au]:                                   -0.028016986664
 (T+) correction [au]:                                   -0.028015804167
 CCSD(T) correlation energy [au]:                        -0.838906839716
 CCSD(T) correlation energy + MP2 correction [au]:       -0.841485934342
 CCSD(T+) correlation en. + MP2 + PPL corr. [au]:        -0.840862629215
 Total CCSD(T) energy [au]:                            -159.358007036116
 Total CCSD(T) energy + MP2 correction [au]:           -159.360586130743
 Total CCSD(T+) energy + MP2 + PPL corr. [au]:         -159.359962825615
 
 CPU time [min]:   112.191                   Wall time [min]:     3.509
 
 ************************ 2023-02-05 13:21:26 *************************
                      Normal termination of mrcc.
 **********************************************************************
