 **********************************************************************
                          MRCC program system
 **********************************************************************
 
                              Written by
     Mihaly Kallay, Peter R. Nagy, David Mester, Laszlo Gyevi-Nagy,
        Jozsef Csoka, P. Bernat Szabo, Zoltan Rolik, Gyula Samu,
     Jozsef Csontos, Bence Hegely, Adam Ganyecz, Istvan Ladjanszki,
       Lorant Szegedy, Bence Ladoczki, Klara Petrov, Mate Farkas,
                    Pal D. Mezei, and Reka A. Horvath
 
        Department of Physical Chemistry and Materials Science
            Budapest University of Technology and Economics
                  Budapest P.O.Box 91, H-1521 Hungary
 
                              www.mrcc.hu
 
                      Release date: March 18, 2022

 ************************ 2023-02-05 13:34:09 *************************
 Executing minp...

 Reading input from MINP...
 
 Input file:
 
calc=FNO-CCSD(T)
verbosity=3
mem=220GB
unit=angs
scfiguess=small
scfalg=locfit1
ccmaxit=400
ccsdalg=dfdirect
ccsdthreads=4
ccsdmkl=thr
ptthreads=4
lnoepsv=1e-5
naf_cor=1e-2
basis=aug-cc-pVQZ
basis_sm=def2-SVP
dfbasis_scf=def2-QZVPP-RI-JK
dfbasis_cor=aug-cc-pVQZ-RI
unit=angs
geom=xyz
16

C    34.41670262    34.07107264    10.41543014
C    33.11117461    33.45680459    10.91530835
H    34.24160149    35.00442132     9.86225048
H    34.94674030    33.36940783     9.75379242
H    35.10002891    34.30603621    11.24227357
H    32.42643037    33.26105434    10.07939442
H    32.59136835    34.12756100    11.61262818
H    33.28915165    32.50678735    11.43686767
C    25.97571797    25.63008798    10.41543014
C    24.67018996    25.01581994    10.91530835
H    25.80061684    26.56343667     9.86225048
H    26.50575565    24.92842317     9.75379242
H    26.65904426    25.86505155    11.24227357
H    23.98544572    24.82006969    10.07939442
H    24.15038370    25.68657634    11.61262818
H    24.84816699    24.06580270    11.43686767

--------------------Output has been truncated-------------------------


--------------------Output has been truncated-------------------------


--------------------Output has been truncated-------------------------


--------------------Output has been truncated-------------------------


--------------------Output has been truncated-------------------------


--------------------Output has been truncated-------------------------


--------------------Output has been truncated-------------------------


--------------------Output has been truncated-------------------------


--------------------Output has been truncated-------------------------


--------------------Output has been truncated-------------------------


 
 Reference energy [au]:                       -79.264437159163
 DF-MP2 singlet pair energy [au]:              -0.317722490132
 DF-MP2 triplet pair energy [au]:              -0.076906335884
 DF-SCS-MP2 correlation energy [au]:           -0.406902433453
 DF-SCS-MP2 energy [au]:                      -79.671339592616
 DF-SOS-MP2 correlation energy [au]:           -0.413039237171
 DF-SOS-MP2 energy [au]:                      -79.677476396334
 DF-MP2 correlation energy [au]:               -0.394628826016
 DF-MP2 energy [au]:                          -79.659065985179

 Results in FNO basis:
 
 
 Reference energy [au]:                       -79.264437159163
 DF-MP2 singlet pair energy [au]:              -0.312548835296
 DF-MP2 triplet pair energy [au]:              -0.076620448341
 DF-SCS-MP2 correlation energy [au]:           -0.400598751802
 DF-SCS-MP2 energy [au]:                      -79.665035910965
 DF-SOS-MP2 correlation energy [au]:           -0.406313485885
 DF-SOS-MP2 energy [au]:                      -79.670750645048
 DF-MP2 correlation energy [au]:               -0.389169283637
 DF-MP2 energy [au]:                          -79.653606442800

 Results in NAF basis:
 
 
 Reference energy [au]:                       -79.264437159163
 DF-MP2 singlet pair energy [au]:              -0.312527873324
 DF-MP2 triplet pair energy [au]:              -0.076628455127
 DF-SCS-MP2 correlation energy [au]:           -0.400576266364
 DF-SCS-MP2 energy [au]:                      -79.665013425528
 DF-SOS-MP2 correlation energy [au]:           -0.406286235321
 DF-SOS-MP2 energy [au]:                      -79.670723394484
 DF-MP2 correlation energy [au]:               -0.389156328451
 DF-MP2 energy [au]:                          -79.653593487614

 ************************ 2023-02-05 13:35:43 *************************
 Executing ccsd...

 Allocation of 220.0 Gbytes of memory...

 Direct DF-CCSD(T) calculation
 
 Convergence criterion:  1.0E-06
 
 Number of occupied/virtual/auxiliary orbitals:     7   175   551
    851.32 MB is the minimal memory requirement for (T)
    190.43 MB is the minimal memory requirement for CCSD
 
 Reference energy [au]:             -79.264437159163
 T1 contribution [au]:                0.000000000000
 Same spin MP2 energy [au]:          -0.076624449171
 Opposite spin MP2 energy [au]:      -0.312538349602
 MP2 correlation energy [au]:        -0.389162798773
 Total MP2 energy [au]:             -79.653599957936
 MP2 correction [au]:                -0.005466027243
 
 
 CPU time [min]:     0.401                   Wall time [min]:     0.050
 
 Starting CCSD iterations...
 
                     Residual norm          Energy
 Iteration  1        0.179604475462      -79.671512871613
 Iteration  2        0.044511336431      -79.681095033790
 Iteration  3        0.013089819352      -79.682230759363
 Iteration  4        0.002650288076      -79.682237982049
 Iteration  5        0.000560967724      -79.682243847378
 Iteration  6        0.000156931127      -79.682245898265
 Iteration  7        0.000037096087      -79.682245673213
 Iteration  8        0.000009998676      -79.682246037105
 
 CCSD iteration has converged in  8 steps.
     3804.92 MB memory was utilized by CCSD
 
 T1 diagnostic:      8.231E-03            D1 diagnostic:      1.428E-02
 
 T1 contribution [au]:                                  0.000000000000
 PPL energy contribution [au]:                          0.108935423291
 Scaled PPL energy contribution [au]:                   0.110475172557

 OS-PPL energy contribution [au]:                       0.095542211657
 Scaled OS-PPL energy contribution [au]:                0.097137143621
 SS-PPL energy contribution [au]:                       0.013393211634
 Scaled SS-PPL energy contribution [au]:                0.013441289752

 Opposite spin CCSD energy [au]:                       -0.345140181353
 Same spin CCSD energy [au]:                           -0.072676449113
 CCSD correlation energy [au]:                         -0.417816630466
 CCSD correlation energy + MP2 correction [au]:        -0.423282657709
 CCSD correlation energy + MP2 + PPL corr. [au]:       -0.421742908442
 Total CCSD energy [au]:                              -79.682253789629
 Total CCSD energy + MP2 correction [au]:             -79.687719816872
 Total CCSD energy + MP2 + PPL corr. [au]:            -79.686180067606
 
 CPU time [min]:     6.550                   Wall time [min]:     0.238
 
 Calculation of (T) correction...
 
 
      783.34 MB memory is utilized for (T)

 0%       25%       50%       75%       100%
 |---------|---------|---------|---------| 
 
 (T) correction [au]:                                    -0.014762661909
 (T*) correction [au]:                                   -0.014970012438
 (T+) correction [au]:                                   -0.014966480974
 CCSD(T) correlation energy [au]:                        -0.432579292374
 CCSD(T) correlation energy + MP2 correction [au]:       -0.438045319617
 CCSD(T+) correlation en. + MP2 + PPL corr. [au]:        -0.436709389416
 Total CCSD(T) energy [au]:                             -79.697016451538
 Total CCSD(T) energy + MP2 correction [au]:            -79.702482478781
 Total CCSD(T+) energy + MP2 + PPL corr. [au]:          -79.701146548580
 
 CPU time [min]:     8.260                   Wall time [min]:     0.295
 
 ************************ 2023-02-05 13:36:00 *************************
                      Normal termination of mrcc.
 **********************************************************************
