 **********************************************************************
                          MRCC program system
 **********************************************************************
 
                              Written by
     Mihaly Kallay, Peter R. Nagy, David Mester, Laszlo Gyevi-Nagy,
        Jozsef Csoka, P. Bernat Szabo, Zoltan Rolik, Gyula Samu,
     Jozsef Csontos, Bence Hegely, Adam Ganyecz, Istvan Ladjanszki,
       Lorant Szegedy, Bence Ladoczki, Klara Petrov, Mate Farkas,
                    Pal D. Mezei, and Reka A. Horvath
 
        Department of Physical Chemistry and Materials Science
            Budapest University of Technology and Economics
                  Budapest P.O.Box 91, H-1521 Hungary
 
                              www.mrcc.hu
 
                      Release date: March 18, 2022

 ************************ 2023-02-05 13:14:34 *************************
 Executing minp...

 Reading input from MINP...
 
 Input file:
 
calc=FNO-CCSD(T)
verbosity=3
mem=220GB
unit=angs
scfiguess=small
scfalg=locfit1
ccmaxit=400
ccsdalg=dfdirect
ccsdthreads=4
ccsdmkl=thr
ptthreads=4
lnoepsv=1e-5
naf_cor=1e-2
basis=aug-cc-pVTZ
basis_sm=def2-SVP
dfbasis_scf=def2-QZVPP-RI-JK
dfbasis_cor=aug-cc-pVTZ-RI
unit=angs
geom=xyz
16

C    34.41670262    34.07107264    10.41543014
C    33.11117461    33.45680459    10.91530835
H    34.24160149    35.00442132     9.86225048
H    34.94674030    33.36940783     9.75379242
H    35.10002891    34.30603621    11.24227357
H    32.42643037    33.26105434    10.07939442
H    32.59136835    34.12756100    11.61262818
H    33.28915165    32.50678735    11.43686767
C    34.41672034    21.40962162    10.41548088
C    33.11116301    20.79532608    10.91529140
H    34.24151778    22.34306075     9.86250154
H    34.94669279    20.70774924     9.75399090
H    35.10030311    21.64470584    11.24209422
H    32.42628860    20.59942806    10.07951373
H    32.59132561    21.46625866    11.61243196
H    33.28922462    19.84522333    11.43663402

--------------------Output has been truncated-------------------------


--------------------Output has been truncated-------------------------


--------------------Output has been truncated-------------------------


--------------------Output has been truncated-------------------------


--------------------Output has been truncated-------------------------


--------------------Output has been truncated-------------------------


--------------------Output has been truncated-------------------------


--------------------Output has been truncated-------------------------


--------------------Output has been truncated-------------------------


--------------------Output has been truncated-------------------------


 
 Reference energy [au]:                       -79.259548221259
 DF-MP2 singlet pair energy [au]:              -0.300254798534
 DF-MP2 triplet pair energy [au]:              -0.075031477290
 DF-SCS-MP2 correlation energy [au]:           -0.385316250671
 DF-SCS-MP2 energy [au]:                      -79.644864471930
 DF-SOS-MP2 correlation energy [au]:           -0.390331238094
 DF-SOS-MP2 energy [au]:                      -79.649879459353
 DF-MP2 correlation energy [au]:               -0.375286275824
 DF-MP2 energy [au]:                          -79.634834497083

 Results in FNO basis:
 
 
 Reference energy [au]:                       -79.259548221259
 DF-MP2 singlet pair energy [au]:              -0.299084560455
 DF-MP2 triplet pair energy [au]:              -0.074925207557
 DF-SCS-MP2 correlation energy [au]:           -0.383876541732
 DF-SCS-MP2 energy [au]:                      -79.643424762991
 DF-SOS-MP2 correlation energy [au]:           -0.388809928592
 DF-SOS-MP2 energy [au]:                      -79.648358149851
 DF-MP2 correlation energy [au]:               -0.374009768012
 DF-MP2 energy [au]:                          -79.633557989271

 Results in NAF basis:
 
 
 Reference energy [au]:                       -79.259548221259
 DF-MP2 singlet pair energy [au]:              -0.299023823946
 DF-MP2 triplet pair energy [au]:              -0.074964248549
 DF-SCS-MP2 correlation energy [au]:           -0.383816671585
 DF-SCS-MP2 energy [au]:                      -79.643364892844
 DF-SOS-MP2 correlation energy [au]:           -0.388730971130
 DF-SOS-MP2 energy [au]:                      -79.648279192389
 DF-MP2 correlation energy [au]:               -0.373988072495
 DF-MP2 energy [au]:                          -79.633536293754

 ************************ 2023-02-05 13:15:21 *************************
 Executing ccsd...

 Allocation of 220.0 Gbytes of memory...

 Direct DF-CCSD(T) calculation
 
 Convergence criterion:  1.0E-06
 
 Number of occupied/virtual/auxiliary orbitals:     7   139   378
    421.21 MB is the minimal memory requirement for (T)
     94.89 MB is the minimal memory requirement for CCSD
 
 Reference energy [au]:             -79.259548221259
 T1 contribution [au]:                0.000000000000
 Same spin MP2 energy [au]:          -0.074944668876
 Opposite spin MP2 energy [au]:      -0.299054021384
 MP2 correlation energy [au]:        -0.373998690259
 Total MP2 energy [au]:             -79.633546911518
 MP2 correction [au]:                -0.001287585565
 
 
 CPU time [min]:     0.316                   Wall time [min]:     0.017
 
 Starting CCSD iterations...
 
                     Residual norm          Energy
 Iteration  1        0.170710338682      -79.654475448085
 Iteration  2        0.042452934884      -79.664040389983
 Iteration  3        0.011296594462      -79.664996496412
 Iteration  4        0.002548562956      -79.665004823607
 Iteration  5        0.000536675583      -79.665010030712
 Iteration  6        0.000152294541      -79.665013107699
 Iteration  7        0.000036258043      -79.665012892293
 Iteration  8        0.000009249261      -79.665013183897
 
 CCSD iteration has converged in  8 steps.
     1534.57 MB memory was utilized by CCSD
 
 T1 diagnostic:      7.816E-03            D1 diagnostic:      1.354E-02
 
 T1 contribution [au]:                                  0.000000000000
 PPL energy contribution [au]:                          0.102911969469
 Scaled PPL energy contribution [au]:                   0.103270698869

 OS-PPL energy contribution [au]:                       0.089961732130
 Scaled OS-PPL energy contribution [au]:                0.090332833993
 SS-PPL energy contribution [au]:                       0.012950237339
 Scaled SS-PPL energy contribution [au]:                0.012962065308

 Opposite spin CCSD energy [au]:                       -0.334284657360
 Same spin CCSD energy [au]:                           -0.071198977109
 CCSD correlation energy [au]:                         -0.405483634469
 CCSD correlation energy + MP2 correction [au]:        -0.406771220034
 CCSD correlation energy + MP2 + PPL corr. [au]:       -0.406412490634
 Total CCSD energy [au]:                              -79.665031855728
 Total CCSD energy + MP2 correction [au]:             -79.666319441293
 Total CCSD energy + MP2 + PPL corr. [au]:            -79.665960711893
 
 CPU time [min]:     2.692                   Wall time [min]:     0.086
 
 Calculation of (T) correction...
 
 
      388.93 MB memory is utilized for (T)

 0%       25%       50%       75%       100%
 |---------|---------|---------|---------| 
 
 (T) correction [au]:                                    -0.013958998804
 (T*) correction [au]:                                   -0.014007056206
 (T+) correction [au]:                                   -0.014006474122
 CCSD(T) correlation energy [au]:                        -0.419442633273
 CCSD(T) correlation energy + MP2 correction [au]:       -0.420730218838
 CCSD(T+) correlation en. + MP2 + PPL corr. [au]:        -0.420418964756
 Total CCSD(T) energy [au]:                             -79.678990854532
 Total CCSD(T) energy + MP2 correction [au]:            -79.680278440097
 Total CCSD(T+) energy + MP2 + PPL corr. [au]:          -79.679967186015
 
 CPU time [min]:     3.393                   Wall time [min]:     0.108
 
 ************************ 2023-02-05 13:15:27 *************************
                      Normal termination of mrcc.
 **********************************************************************
