 **********************************************************************
                          MRCC program system
 **********************************************************************
 
                              Written by
     Mihaly Kallay, Peter R. Nagy, David Mester, Laszlo Gyevi-Nagy,
        Jozsef Csoka, P. Bernat Szabo, Zoltan Rolik, Gyula Samu,
     Jozsef Csontos, Bence Hegely, Adam Ganyecz, Istvan Ladjanszki,
       Lorant Szegedy, Bence Ladoczki, Klara Petrov, Mate Farkas,
                    Pal D. Mezei, and Reka A. Horvath
 
        Department of Physical Chemistry and Materials Science
            Budapest University of Technology and Economics
                  Budapest P.O.Box 91, H-1521 Hungary
 
                              www.mrcc.hu
 
                      Release date: March 18, 2022

 ************************ 2023-02-04 11:48:04 *************************
 Executing minp...

 Reading input from MINP...
 
 Input file:
 
calc=FNO-CCSD(T)
verbosity=3
mem=220GB
unit=angs
scfiguess=small
scfalg=locfit1
ccmaxit=400
ccsdalg=dfdirect
ccsdthreads=4
ccsdmkl=thr
ptthreads=4
lnoepsv=1e-5
naf_cor=1e-2
basis=aug-cc-pVQZ
basis_sm=def2-SVP
dfbasis_scf=def2-QZVPP-RI-JK
dfbasis_cor=aug-cc-pVQZ-RI
unit=angs
geom=xyz
10

C    29.54344629    29.54344629    16.97505516
H    29.54344670    30.44187631    17.60392580
H    29.54344662    28.64496649    17.60393442
H    30.44658454    29.54342777    16.34911135
H    28.64030918    29.54342779    16.34911130
C    46.42541560    29.54344629    16.97505516
H    46.42541600    30.44187631    17.60392580
H    46.42541593    28.64496649    17.60393442
H    47.32855385    29.54342777    16.34911135
H    45.52227849    29.54342779    16.34911130

--------------------Output has been truncated-------------------------


--------------------Output has been truncated-------------------------


--------------------Output has been truncated-------------------------


--------------------Output has been truncated-------------------------


--------------------Output has been truncated-------------------------


--------------------Output has been truncated-------------------------


--------------------Output has been truncated-------------------------


--------------------Output has been truncated-------------------------


--------------------Output has been truncated-------------------------


--------------------Output has been truncated-------------------------


 
 Reference energy [au]:                       -40.215614173211
 DF-MP2 singlet pair energy [au]:              -0.173752855498
 DF-MP2 triplet pair energy [au]:              -0.037498359716
 DF-SCS-MP2 correlation energy [au]:           -0.221002879837
 DF-SCS-MP2 energy [au]:                      -40.436617053048
 DF-SOS-MP2 correlation energy [au]:           -0.225878712148
 DF-SOS-MP2 energy [au]:                      -40.441492885359
 DF-MP2 correlation energy [au]:               -0.211251215214
 DF-MP2 energy [au]:                          -40.426865388425

 Results in FNO basis:
 
 
 Reference energy [au]:                       -40.215614173211
 DF-MP2 singlet pair energy [au]:              -0.170618194604
 DF-MP2 triplet pair energy [au]:              -0.037357058011
 DF-SCS-MP2 correlation energy [au]:           -0.217194186195
 DF-SCS-MP2 energy [au]:                      -40.432808359405
 DF-SOS-MP2 correlation energy [au]:           -0.221803652985
 DF-SOS-MP2 energy [au]:                      -40.437417826195
 DF-MP2 correlation energy [au]:               -0.207975252614
 DF-MP2 energy [au]:                          -40.423589425825

 Results in NAF basis:
 
 
 Reference energy [au]:                       -40.215614173211
 DF-MP2 singlet pair energy [au]:              -0.170600635416
 DF-MP2 triplet pair energy [au]:              -0.037363750785
 DF-SCS-MP2 correlation energy [au]:           -0.217175346094
 DF-SCS-MP2 energy [au]:                      -40.432789519304
 DF-SOS-MP2 correlation energy [au]:           -0.221780826040
 DF-SOS-MP2 energy [au]:                      -40.437394999251
 DF-MP2 correlation energy [au]:               -0.207964386200
 DF-MP2 energy [au]:                          -40.423578559411

 ************************ 2023-02-04 11:48:36 *************************
 Executing ccsd...

 Allocation of 220.0 Gbytes of memory...

 Direct DF-CCSD(T) calculation
 
 Convergence criterion:  1.0E-06
 
 Number of occupied/virtual/auxiliary orbitals:     4   101   320
    163.36 MB is the minimal memory requirement for (T)
     39.40 MB is the minimal memory requirement for CCSD
 
 Reference energy [au]:             -40.215614173211
 T1 contribution [au]:                0.000000000000
 Same spin MP2 energy [au]:          -0.037360399950
 Opposite spin MP2 energy [au]:      -0.170609405218
 MP2 correlation energy [au]:        -0.207969805168
 Total MP2 energy [au]:             -40.423583978379
 MP2 correction [au]:                -0.003281410047
 
 
 CPU time [min]:     0.176                   Wall time [min]:     0.008
 
 Starting CCSD iterations...
 
                     Residual norm          Energy
 Iteration  1        0.138680873794      -40.436528966748
 Iteration  2        0.035376071156      -40.442052519534
 Iteration  3        0.009771738179      -40.442635240053
 Iteration  4        0.002020926653      -40.442639739160
 Iteration  5        0.000374897488      -40.442646249986
 Iteration  6        0.000084797650      -40.442646126742
 Iteration  7        0.000020223467      -40.442646816770
 Iteration  8        0.000003738676      -40.442646873719
 
 CCSD iteration has converged in  8 steps.
      444.29 MB memory was utilized by CCSD
 
 T1 diagnostic:      7.996E-03            D1 diagnostic:      1.292E-02
 
 T1 contribution [au]:                                  0.000000000000
 PPL energy contribution [au]:                          0.060602203655
 Scaled PPL energy contribution [au]:                   0.061558988474

 OS-PPL energy contribution [au]:                       0.053773708073
 Scaled OS-PPL energy contribution [au]:                0.054766755691
 SS-PPL energy contribution [au]:                       0.006828495583
 Scaled SS-PPL energy contribution [au]:                0.006852794254

 Opposite spin CCSD energy [au]:                       -0.191003415437
 Same spin CCSD energy [au]:                           -0.036036034776
 CCSD correlation energy [au]:                         -0.227039450213
 CCSD correlation energy + MP2 correction [au]:        -0.230320860259
 CCSD correlation energy + MP2 + PPL corr. [au]:       -0.229364075441
 Total CCSD energy [au]:                              -40.442653623424
 Total CCSD energy + MP2 correction [au]:             -40.445935033470
 Total CCSD energy + MP2 + PPL corr. [au]:            -40.444978248651
 
 CPU time [min]:     0.862                   Wall time [min]:     0.027
 
 Calculation of (T) correction...
 
 
      124.68 MB memory is utilized for (T)

 0%       25%       50%       75%       100%
 |---------|---------|---------|---------| 
 
 (T) correction [au]:                                    -0.006941734055
 (T*) correction [au]:                                   -0.007051262820
 (T+) correction [au]:                                   -0.007050855801
 CCSD(T) correlation energy [au]:                        -0.233981184268
 CCSD(T) correlation energy + MP2 correction [au]:       -0.237262594315
 CCSD(T+) correlation en. + MP2 + PPL corr. [au]:        -0.236414931242
 Total CCSD(T) energy [au]:                             -40.449595357479
 Total CCSD(T) energy + MP2 correction [au]:            -40.452876767525
 Total CCSD(T+) energy + MP2 + PPL corr. [au]:          -40.452029104453
 
 CPU time [min]:     0.946                   Wall time [min]:     0.030
 
 ************************ 2023-02-04 11:48:38 *************************
                      Normal termination of mrcc.
 **********************************************************************
