 **********************************************************************
                          MRCC program system
 **********************************************************************
 
                              Written by
     Mihaly Kallay, Peter R. Nagy, David Mester, Laszlo Gyevi-Nagy,
        Jozsef Csoka, P. Bernat Szabo, Zoltan Rolik, Gyula Samu,
     Jozsef Csontos, Bence Hegely, Adam Ganyecz, Istvan Ladjanszki,
       Lorant Szegedy, Bence Ladoczki, Klara Petrov, Mate Farkas,
                    Pal D. Mezei, and Reka A. Horvath
 
        Department of Physical Chemistry and Materials Science
            Budapest University of Technology and Economics
                  Budapest P.O.Box 91, H-1521 Hungary
 
                              www.mrcc.hu
 
                      Release date: March 18, 2022

 ************************ 2023-02-04 11:43:47 *************************
 Executing minp...

 Reading input from MINP...
 
 Input file:
 
calc=FNO-CCSD(T)
verbosity=3
mem=220GB
unit=angs
scfiguess=small
scfalg=locfit1
ccmaxit=400
ccsdalg=dfdirect
ccsdthreads=4
ccsdmkl=thr
ptthreads=4
lnoepsv=1e-5
naf_cor=1e-2
basis=aug-cc-pVTZ
basis_sm=def2-SVP
dfbasis_scf=def2-QZVPP-RI-JK
dfbasis_cor=aug-cc-pVTZ-RI
unit=angs
geom=xyz
10

C    29.54344629    29.54344629    16.97505516
H    29.54344670    30.44187631    17.60392580
H    29.54344662    28.64496649    17.60393442
H    30.44658454    29.54342777    16.34911135
H    28.64030918    29.54342779    16.34911130
C    37.98443094    37.98443094    16.97505516
H    37.98443135    38.88286097    17.60392580
H    37.98443127    37.08595114    17.60393442
H    38.88756920    37.98441242    16.34911135
H    37.08129384    37.98441244    16.34911130

--------------------Output has been truncated-------------------------


--------------------Output has been truncated-------------------------


--------------------Output has been truncated-------------------------


--------------------Output has been truncated-------------------------


--------------------Output has been truncated-------------------------


--------------------Output has been truncated-------------------------


--------------------Output has been truncated-------------------------


--------------------Output has been truncated-------------------------


--------------------Output has been truncated-------------------------


--------------------Output has been truncated-------------------------


 
 Reference energy [au]:                       -40.213014015978
 DF-MP2 singlet pair energy [au]:              -0.164418855519
 DF-MP2 triplet pair energy [au]:              -0.036594519698
 DF-SCS-MP2 correlation energy [au]:           -0.209500799855
 DF-SCS-MP2 energy [au]:                      -40.422514815833
 DF-SOS-MP2 correlation energy [au]:           -0.213744512174
 DF-SOS-MP2 energy [au]:                      -40.426758528152
 DF-MP2 correlation energy [au]:               -0.201013375217
 DF-MP2 energy [au]:                          -40.414027391194

 Results in FNO basis:
 
 
 Reference energy [au]:                       -40.213014015978
 DF-MP2 singlet pair energy [au]:              -0.163768600818
 DF-MP2 triplet pair energy [au]:              -0.036550762748
 DF-SCS-MP2 correlation energy [au]:           -0.208705908564
 DF-SCS-MP2 energy [au]:                      -40.421719924542
 DF-SOS-MP2 correlation energy [au]:           -0.212899181064
 DF-SOS-MP2 energy [au]:                      -40.425913197041
 DF-MP2 correlation energy [au]:               -0.200319363566
 DF-MP2 energy [au]:                          -40.413333379544

 Results in NAF basis:
 
 
 Reference energy [au]:                       -40.213014015978
 DF-MP2 singlet pair energy [au]:              -0.163734333797
 DF-MP2 triplet pair energy [au]:              -0.036570044469
 DF-SCS-MP2 correlation energy [au]:           -0.208671215379
 DF-SCS-MP2 energy [au]:                      -40.421685231357
 DF-SOS-MP2 correlation energy [au]:           -0.212854633935
 DF-SOS-MP2 energy [au]:                      -40.425868649913
 DF-MP2 correlation energy [au]:               -0.200304378266
 DF-MP2 energy [au]:                          -40.413318394244

 ************************ 2023-02-04 11:44:04 *************************
 Executing ccsd...

 Allocation of 220.0 Gbytes of memory...

 Direct DF-CCSD(T) calculation
 
 Convergence criterion:  1.0E-06
 
 Number of occupied/virtual/auxiliary orbitals:     4    83   221
     89.04 MB is the minimal memory requirement for (T)
     22.38 MB is the minimal memory requirement for CCSD
 
 Reference energy [au]:             -40.213014015978
 T1 contribution [au]:                0.000000000000
 Same spin MP2 energy [au]:          -0.036560376229
 Opposite spin MP2 energy [au]:      -0.163751385762
 MP2 correlation energy [au]:        -0.200311761991
 Total MP2 energy [au]:             -40.413325777969
 MP2 correction [au]:                -0.000701613225
 
 
 CPU time [min]:     0.060                   Wall time [min]:     0.004
 
 Starting CCSD iterations...
 
                     Residual norm          Energy
 Iteration  1        0.131886720667      -40.427793586538
 Iteration  2        0.033754354018      -40.433316564766
 Iteration  3        0.008181273816      -40.433782680278
 Iteration  4        0.001913829849      -40.433785283070
 Iteration  5        0.000362932599      -40.433792332702
 Iteration  6        0.000073614122      -40.433792465728
 Iteration  7        0.000017727616      -40.433793070943
 Iteration  8        0.000003099784      -40.433793088630
 
 CCSD iteration has converged in  8 steps.
      207.43 MB memory was utilized by CCSD
 
 T1 diagnostic:      7.475E-03            D1 diagnostic:      1.210E-02
 
 T1 contribution [au]:                                  0.000000000000
 PPL energy contribution [au]:                          0.057486920489
 Scaled PPL energy contribution [au]:                   0.057689951124

 OS-PPL energy contribution [au]:                       0.050871947025
 Scaled OS-PPL energy contribution [au]:                0.051084084904
 SS-PPL energy contribution [au]:                       0.006614973464
 Scaled SS-PPL energy contribution [au]:                0.006619536581

 Opposite spin CCSD energy [au]:                       -0.185468169060
 Same spin CCSD energy [au]:                           -0.035322331965
 CCSD correlation energy [au]:                         -0.220790501025
 CCSD correlation energy + MP2 correction [au]:        -0.221492114251
 CCSD correlation energy + MP2 + PPL corr. [au]:       -0.221289083616
 Total CCSD energy [au]:                              -40.433804517003
 Total CCSD energy + MP2 correction [au]:             -40.434506130228
 Total CCSD energy + MP2 + PPL corr. [au]:            -40.434303099594
 
 CPU time [min]:     0.390                   Wall time [min]:     0.013
 
 Calculation of (T) correction...
 
 
       67.65 MB memory is utilized for (T)

 0%       25%       50%       75%       100%
 |---------|---------|---------|---------| 
 
 (T) correction [au]:                                    -0.006568656373
 (T*) correction [au]:                                   -0.006591663790
 (T+) correction [au]:                                   -0.006591683785
 CCSD(T) correlation energy [au]:                        -0.227359157398
 CCSD(T) correlation energy + MP2 correction [au]:       -0.228060770624
 CCSD(T+) correlation en. + MP2 + PPL corr. [au]:        -0.227880767401
 Total CCSD(T) energy [au]:                             -40.440373173376
 Total CCSD(T) energy + MP2 correction [au]:            -40.441074786601
 Total CCSD(T+) energy + MP2 + PPL corr. [au]:          -40.440894783379
 
 CPU time [min]:     0.455                   Wall time [min]:     0.015
 
 ************************ 2023-02-04 11:44:05 *************************
                      Normal termination of mrcc.
 **********************************************************************
