 **********************************************************************
                          MRCC program system
 **********************************************************************
 
                              Written by
     Mihaly Kallay, Peter R. Nagy, David Mester, Laszlo Gyevi-Nagy,
        Jozsef Csoka, P. Bernat Szabo, Zoltan Rolik, Gyula Samu,
     Jozsef Csontos, Bence Hegely, Adam Ganyecz, Istvan Ladjanszki,
       Lorant Szegedy, Bence Ladoczki, Klara Petrov, Mate Farkas,
                    Pal D. Mezei, and Reka A. Horvath
 
        Department of Physical Chemistry and Materials Science
            Budapest University of Technology and Economics
                  Budapest P.O.Box 91, H-1521 Hungary
 
                              www.mrcc.hu
 
                      Release date: March 18, 2022

 ************************ 2023-02-04 11:54:39 *************************
 Executing minp...

 Reading input from MINP...
 
 Input file:
 
calc=FNO-CCSD(T)
verbosity=3
mem=220GB
unit=angs
scfiguess=small
scfalg=locfit1
ccmaxit=400
ccsdalg=dfdirect
ccsdthreads=4
ccsdmkl=thr
ptthreads=4
lnoepsv=1e-5
naf_cor=1e-2
basis=aug-cc-pVTZ
basis_sm=def2-SVP
dfbasis_scf=def2-QZVPP-RI-JK
dfbasis_cor=aug-cc-pVTZ-RI
unit=angs
geom=xyz
10

C    29.54344629    29.54344629    16.97505516
H    29.54344670    30.44187631    17.60392580
H    29.54344662    28.64496649    17.60393442
H    30.44658454    29.54342777    16.34911135
H    28.64030918    29.54342779    16.34911130
C    16.88196924    33.76393881    16.97520498
H    16.88196961    32.86541825    17.60414260
H    15.97907488    33.76392017    16.34891491
H    16.88196971    34.66240904    17.60413400
H    17.78486474    33.76392005    16.34891492

--------------------Output has been truncated-------------------------


--------------------Output has been truncated-------------------------


--------------------Output has been truncated-------------------------


--------------------Output has been truncated-------------------------


--------------------Output has been truncated-------------------------


--------------------Output has been truncated-------------------------


--------------------Output has been truncated-------------------------


--------------------Output has been truncated-------------------------


--------------------Output has been truncated-------------------------


--------------------Output has been truncated-------------------------


 
 Reference energy [au]:                       -80.426028579747
 DF-MP2 singlet pair energy [au]:              -0.328838570657
 DF-MP2 triplet pair energy [au]:              -0.073189057500
 DF-SCS-MP2 correlation energy [au]:           -0.419002637288
 DF-SCS-MP2 energy [au]:                      -80.845031217036
 DF-SOS-MP2 correlation energy [au]:           -0.427490141854
 DF-SOS-MP2 energy [au]:                      -80.853518721601
 DF-MP2 correlation energy [au]:               -0.402027628157
 DF-MP2 energy [au]:                          -80.828056207904

 Results in FNO basis:
 
 
 Reference energy [au]:                       -80.426028579747
 DF-MP2 singlet pair energy [au]:              -0.327537995718
 DF-MP2 triplet pair energy [au]:              -0.073101525030
 DF-SCS-MP2 correlation energy [au]:           -0.417412769872
 DF-SCS-MP2 energy [au]:                      -80.843441349619
 DF-SOS-MP2 correlation energy [au]:           -0.425799394434
 DF-SOS-MP2 energy [au]:                      -80.851827974181
 DF-MP2 correlation energy [au]:               -0.400639520748
 DF-MP2 energy [au]:                          -80.826668100495

 Results in NAF basis:
 
 
 Reference energy [au]:                       -80.426028579747
 DF-MP2 singlet pair energy [au]:              -0.327472455419
 DF-MP2 triplet pair energy [au]:              -0.073140389855
 DF-SCS-MP2 correlation energy [au]:           -0.417347076454
 DF-SCS-MP2 energy [au]:                      -80.843375656202
 DF-SOS-MP2 correlation energy [au]:           -0.425714192044
 DF-SOS-MP2 energy [au]:                      -80.851742771792
 DF-MP2 correlation energy [au]:               -0.400612845274
 DF-MP2 energy [au]:                          -80.826641425022

 ************************ 2023-02-04 11:54:57 *************************
 Executing ccsd...

 Allocation of 220.0 Gbytes of memory...

 Direct DF-CCSD(T) calculation
 
 Convergence criterion:  1.0E-06
 
 Number of occupied/virtual/auxiliary orbitals:     8   166   443
    715.53 MB is the minimal memory requirement for (T)
    155.43 MB is the minimal memory requirement for CCSD
 
 Reference energy [au]:             -80.426028579747
 T1 contribution [au]:                0.000000000000
 Same spin MP2 energy [au]:          -0.073120903763
 Opposite spin MP2 energy [au]:      -0.327505063436
 MP2 correlation energy [au]:        -0.400625967199
 Total MP2 energy [au]:             -80.826654546947
 MP2 correction [au]:                -0.001401660958
 
 
 CPU time [min]:     0.350                   Wall time [min]:     0.015
 
 Starting CCSD iterations...
 
                     Residual norm          Energy
 Iteration  1        0.186523008079      -80.855590294282
 Iteration  2        0.047736840338      -80.866636681022
 Iteration  3        0.011571598793      -80.867569141906
 Iteration  4        0.002706733674      -80.867574355997
 Iteration  5        0.000513312198      -80.867588461969
 Iteration  6        0.000104128021      -80.867588727332
 Iteration  7        0.000025076786      -80.867589938132
 Iteration  8        0.000004384938      -80.867589973612
 Iteration  9        0.000000887447      -80.867589956568
 
 CCSD iteration has converged in  9 steps.
     3072.80 MB memory was utilized by CCSD
 
 T1 diagnostic:      7.475E-03            D1 diagnostic:      1.210E-02
 
 T1 contribution [au]:                                  0.000000000000
 PPL energy contribution [au]:                          0.114977199770
 Scaled PPL energy contribution [au]:                   0.115382334727

 OS-PPL energy contribution [au]:                       0.101747101426
 Scaled OS-PPL energy contribution [au]:                0.102170464446
 SS-PPL energy contribution [au]:                       0.013230098344
 Scaled SS-PPL energy contribution [au]:                0.013239162511

 Opposite spin CCSD energy [au]:                       -0.370938274726
 Same spin CCSD energy [au]:                           -0.070644296277
 CCSD correlation energy [au]:                         -0.441582571003
 CCSD correlation energy + MP2 correction [au]:        -0.442984231961
 CCSD correlation energy + MP2 + PPL corr. [au]:       -0.442579097004
 Total CCSD energy [au]:                              -80.867611150751
 Total CCSD energy + MP2 correction [au]:             -80.869012811708
 Total CCSD energy + MP2 + PPL corr. [au]:            -80.868607676752
 
 CPU time [min]:     5.407                   Wall time [min]:     0.158
 
 Calculation of (T) correction...
 
 
      698.30 MB memory is utilized for (T)

 0%       25%       50%       75%       100%
 |---------|---------|---------|---------| 
 
 (T) correction [au]:                                    -0.013137876466
 (T*) correction [au]:                                   -0.013183841655
 (T+) correction [au]:                                   -0.013183821328
 CCSD(T) correlation energy [au]:                        -0.454720447469
 CCSD(T) correlation energy + MP2 correction [au]:       -0.456122108427
 CCSD(T+) correlation en. + MP2 + PPL corr. [au]:        -0.455762918333
 Total CCSD(T) energy [au]:                             -80.880749027217
 Total CCSD(T) energy + MP2 correction [au]:            -80.882150688174
 Total CCSD(T+) energy + MP2 + PPL corr. [au]:          -80.881791498080
 
 CPU time [min]:     7.325                   Wall time [min]:     0.223
 
 ************************ 2023-02-04 11:55:11 *************************
                      Normal termination of mrcc.
 **********************************************************************
