 **********************************************************************
                          MRCC program system
 **********************************************************************
 
                              Written by
     Mihaly Kallay, Peter R. Nagy, David Mester, Laszlo Gyevi-Nagy,
        Jozsef Csoka, P. Bernat Szabo, Zoltan Rolik, Gyula Samu,
     Jozsef Csontos, Bence Hegely, Adam Ganyecz, Istvan Ladjanszki,
       Lorant Szegedy, Bence Ladoczki, Klara Petrov, Mate Farkas,
                    Pal D. Mezei, and Reka A. Horvath
 
        Department of Physical Chemistry and Materials Science
            Budapest University of Technology and Economics
                  Budapest P.O.Box 91, H-1521 Hungary
 
                              www.mrcc.hu
 
                      Release date: March 18, 2022

 ************************ 2023-02-04 11:55:39 *************************
 Executing minp...

 Reading input from MINP...
 
 Input file:
 
calc=FNO-CCSD(T)
verbosity=3
mem=220GB
unit=angs
scfiguess=small
scfalg=locfit1
ccmaxit=400
ccsdalg=dfdirect
ccsdthreads=4
ccsdmkl=thr
ptthreads=4
lnoepsv=1e-5
naf_cor=1e-2
basis=aug-cc-pVQZ
basis_sm=def2-SVP
dfbasis_scf=def2-QZVPP-RI-JK
dfbasis_cor=aug-cc-pVQZ-RI
unit=angs
geom=xyz
10

C    29.54344629    29.54344629    16.97505516
H    29.54344670    30.44187631    17.60392580
H    29.54344662    28.64496649    17.60393442
H    30.44658454    29.54342777    16.34911135
H    28.64030918    29.54342779    16.34911130
C    21.10246164    12.66147698    16.97505516
H    21.10246204    13.55990700    17.60392580
H    21.10246196    11.76299718    17.60393442
H    22.00559989    12.66145846    16.34911135
H    20.19932453    12.66145848    16.34911130

--------------------Output has been truncated-------------------------


--------------------Output has been truncated-------------------------


--------------------Output has been truncated-------------------------


--------------------Output has been truncated-------------------------


--------------------Output has been truncated-------------------------


--------------------Output has been truncated-------------------------


--------------------Output has been truncated-------------------------


--------------------Output has been truncated-------------------------


--------------------Output has been truncated-------------------------


--------------------Output has been truncated-------------------------


 
 Reference energy [au]:                       -80.431228349552
 DF-MP2 singlet pair energy [au]:              -0.347505744199
 DF-MP2 triplet pair energy [au]:              -0.074996751366
 DF-SCS-MP2 correlation energy [au]:           -0.442005810161
 DF-SCS-MP2 energy [au]:                      -80.873234159713
 DF-SOS-MP2 correlation energy [au]:           -0.451757467459
 DF-SOS-MP2 energy [au]:                      -80.882985817011
 DF-MP2 correlation energy [au]:               -0.422502495565
 DF-MP2 energy [au]:                          -80.853730845117

 Results in FNO basis:
 
 
 Reference energy [au]:                       -80.431228349552
 DF-MP2 singlet pair energy [au]:              -0.341236414799
 DF-MP2 triplet pair energy [au]:              -0.074714145365
 DF-SCS-MP2 correlation energy [au]:           -0.434388412880
 DF-SCS-MP2 energy [au]:                      -80.865616762432
 DF-SOS-MP2 correlation energy [au]:           -0.443607339238
 DF-SOS-MP2 energy [au]:                      -80.874835688791
 DF-MP2 correlation energy [au]:               -0.415950560164
 DF-MP2 energy [au]:                          -80.847178909716

 Results in NAF basis:
 
 
 Reference energy [au]:                       -80.431228349552
 DF-MP2 singlet pair energy [au]:              -0.341202294600
 DF-MP2 triplet pair energy [au]:              -0.074726306559
 DF-SCS-MP2 correlation energy [au]:           -0.434351522373
 DF-SCS-MP2 energy [au]:                      -80.865579871925
 DF-SOS-MP2 correlation energy [au]:           -0.443562982980
 DF-SOS-MP2 energy [au]:                      -80.874791332532
 DF-MP2 correlation energy [au]:               -0.415928601159
 DF-MP2 energy [au]:                          -80.847156950711

 ************************ 2023-02-04 11:56:15 *************************
 Executing ccsd...

 Allocation of 220.0 Gbytes of memory...

 Direct DF-CCSD(T) calculation
 
 Convergence criterion:  1.0E-06
 
 Number of occupied/virtual/auxiliary orbitals:     8   202   640
   1312.15 MB is the minimal memory requirement for (T)
    293.11 MB is the minimal memory requirement for CCSD
 
 Reference energy [au]:             -80.431228349552
 T1 contribution [au]:                0.000000000000
 Same spin MP2 energy [au]:          -0.074720218179
 Opposite spin MP2 energy [au]:      -0.341219338540
 MP2 correlation energy [au]:        -0.415939556720
 Total MP2 energy [au]:             -80.847167906272
 MP2 correction [au]:                -0.006562938845
 
 
 CPU time [min]:     0.494                   Wall time [min]:     0.058
 
 Starting CCSD iterations...
 
                     Residual norm          Energy
 Iteration  1        0.196124912784      -80.873058082058
 Iteration  2        0.050029522161      -80.884105315576
 Iteration  3        0.013819541848      -80.885270781318
 Iteration  4        0.002858087672      -80.885279786115
 Iteration  5        0.000530197242      -80.885292807980
 Iteration  6        0.000119923404      -80.885292561503
 Iteration  7        0.000028600647      -80.885293941635
 Iteration  8        0.000005287342      -80.885294055532
 Iteration  9        0.000001125709      -80.885294031571
 
 CCSD iteration has converged in  9 steps.
     6687.81 MB memory was utilized by CCSD
 
 T1 diagnostic:      7.996E-03            D1 diagnostic:      1.292E-02
 
 T1 contribution [au]:                                  0.000000000000
 PPL energy contribution [au]:                          0.121204918649
 Scaled PPL energy contribution [au]:                   0.123118561778

 OS-PPL energy contribution [au]:                       0.107548162738
 Scaled OS-PPL energy contribution [au]:                0.109533956856
 SS-PPL energy contribution [au]:                       0.013656755911
 Scaled SS-PPL energy contribution [au]:                0.013705557616

 Opposite spin CCSD energy [au]:                       -0.382007753959
 Same spin CCSD energy [au]:                           -0.072071367344
 CCSD correlation energy [au]:                         -0.454079121303
 CCSD correlation energy + MP2 correction [au]:        -0.460642060148
 CCSD correlation energy + MP2 + PPL corr. [au]:       -0.458728417019
 Total CCSD energy [au]:                              -80.885307470855
 Total CCSD energy + MP2 correction [au]:             -80.891870409700
 Total CCSD energy + MP2 + PPL corr. [au]:            -80.889956766571
 
 CPU time [min]:    12.634                   Wall time [min]:     0.405
 
 Calculation of (T) correction...
 
 
     1275.43 MB memory is utilized for (T)

 0%       25%       50%       75%       100%
 |---------|---------|---------|---------| 
 
 (T) correction [au]:                                    -0.013883375545
 (T*) correction [au]:                                   -0.014102435606
 (T+) correction [au]:                                   -0.014101622879
 CCSD(T) correlation energy [au]:                        -0.467962496848
 CCSD(T) correlation energy + MP2 correction [au]:       -0.474525435693
 CCSD(T+) correlation en. + MP2 + PPL corr. [au]:        -0.472830039898
 Total CCSD(T) energy [au]:                             -80.899190846401
 Total CCSD(T) energy + MP2 correction [au]:            -80.905753785246
 Total CCSD(T+) energy + MP2 + PPL corr. [au]:          -80.904058389450
 
 CPU time [min]:    16.606                   Wall time [min]:     0.535
 
 ************************ 2023-02-04 11:56:47 *************************
                      Normal termination of mrcc.
 **********************************************************************
