================================================================================
                                       INPUT FILE
================================================================================
NAME = orca.inp
|  1>  ! TightSCF RI-MP2 RIJCOSX SlowConv DIIS
|  2> %maxcore 40000
|  3> %pal
|  4> nprocs 8
|  5> end
|  6> %pointcharges "orca.bq"
|  7> %method
|  8> Method hf
|  9> RI on
| 10> RunTyp Energy
| 11> NewNCore O 2 end
| 12> NewNCore Mg 2 end
| 13> NewNCore H 0 end
| 14> NewNCore C 2 end
| 15> end
| 16> %basis
| 17> NewGTO Mg
| 18> "cc-pwCVDZ"
| 19> end
| 20> NewGTO H
| 21> "aug-cc-pVDZ"
| 22> end
| 23> NewGTO C
| 24> "aug-cc-pVDZ"
| 25> end
| 26> NewGTO O
| 27> "aug-cc-pVDZ"
| 28> end
| 29> NewAuxCGTO Mg
| 30> "AutoAux"
| 31> end
| 32> NewAuxCGTO H
| 33> "aug-cc-pVDZ/C"
| 34> end
| 35> NewAuxCGTO C
| 36> "aug-cc-pVDZ/C"
| 37> end
| 38> NewAuxCGTO O 
| 39> "aug-cc-pVDZ/C"
| 40> end
| 41> Aux "def2/J"
| 42> end
| 43> %scf
| 44> HFTyp rhf
| 45> Guess MORead
| 46> MOInp "orca_svp_start.gbw"
| 47> SCFMode Direct
| 48> sthresh 1e-6
| 49> AutoTRAHIter 60
| 50> MaxIter 1000
| 51> end
| 52> %coords
| 53> CTyp xyz
| 54> Mult 1
| 55> Units angs
| 56>       Charge -32
| 57>   coords
| 58> C:                     -0.41689822922   -0.02185305659    3.07794000557
| 59> C:                     -1.72242623808   -0.63612110120    3.57781821960
| 60> H:                     -0.59199935821    0.91149562795    2.52476034735
| 61> H:                      0.11313945014   -0.72351786700    2.41630228359
| 62> H:                      0.26642805910    0.21311051199    3.90478343526
| 63> H:                     -2.40717047785   -0.83187135322    2.74190428256
| 64> H:                     -2.24223250058    0.03463530165    4.27513805082
| 65> H:                     -1.54444920195   -1.58613834456    4.09937753601
| 66> Mg                      0.00000000000    0.00000000000   -0.03652448019
| 67> O                      -0.00005601345    2.10907390660   -0.00002665905
| 68> O                      -0.00006236277   -2.11136123308    0.00000000000
| 69> O                      -2.11222639314   -0.00131919639   -0.00560527220
| 70> O                       2.11498488411   -0.00110503738   -0.00000303788
| 71> O                       0.00271927821   -0.00281039503   -2.15376485956
| 72> Mg                     -2.10864408182    2.10826547188   -0.05485464755
| 73> Mg                      0.00439863275    2.10739168505   -2.14828391955
| 74> Mg                     -2.10864694756   -2.11187939284   -0.05484963009
| 75> Mg                     -2.10629955255   -0.00306236128   -2.15283913996
| 76> Mg                      2.11105277026   -0.00272841068   -2.14824632361
| 77> Mg                      0.00439811761   -2.11283742100   -2.14827240594
| 78> Mg                      2.11494004117    2.11016683353   -0.03597672200
| 79> Mg                      2.11493629640   -2.11020130363   -0.03596672574
| 80> O                      -2.10706162784    2.10724933752   -2.15873956657
| 81> O                       2.11291637790    2.10743079756   -2.15344922460
| 82> O                      -2.10705995584   -2.11333420346   -2.15871862053
| 83> O                       2.11291440837   -2.11304927761   -2.15343361022
| 84> Mg                     -4.21684147109   -0.00175238924   -0.05460643706
| 85> Mg                      0.00008109781    4.22047913623   -0.03700420493
| 86> Mg                      0.00008109781   -4.22050791959   -0.03700420493
| 87> Mg                      4.22414558473   -0.00175238924   -0.05460643706
| 88> O                      -4.21346101188    2.10893647129   -0.00403867909
| 89> O                      -4.21345809273   -2.11153645033   -0.00401560813
| 90> O                      -2.11223762539    4.21916248441   -0.00555661139
| 91> O                       0.00267372550    4.21768364359   -2.15360750253
| 92> O                       2.11500597442    4.21937717473   -0.00010581928
| 93> O                      -2.11223762539   -4.22182457141   -0.00555661139
| 94> O                       2.11500597442   -4.22160988108   -0.00010581928
| 95> O                      -4.21862275779   -0.00302996910   -2.15842348918
| 96> O                       0.00267372550   -4.22330341222   -2.15360750253
| 97> O                       4.22752604394    2.10893647129   -0.00403867909
| 98> O                       4.22236429802   -0.00302996910   -2.15842348918
| 99> O                       4.22752896308   -2.11153645033   -0.00401560813
|100> O                       0.00272041835    2.10564619144   -4.27598207177
|101> O                      -2.10752634561   -0.00460057251   -4.27598207177
|102> O                       2.11296718230   -0.00460057251   -4.27598207177
|103> O                       0.00272041835   -2.11484733647   -4.27598207177
|104> O                      -6.32600217170   -0.00110503738   -0.00000303788
|105> O                       6.32876066268   -0.00131919639   -0.00560527220
|106> O                      -0.00006236277    6.32962582274    0.00000000000
|107> O                      -0.00005601345   -6.33191314921   -0.00002665905
|108> Mg>    2.00000000000    0.00272041835   -0.00460057251   -4.27598207177
|109> NewECP
|110> N_core 0
|111> lmax f
|112> s 1
|113> 1      1.732000000   14.676000000 2
|114> p 1
|115> 1      1.115000000    5.175700000 2
|116> d 1
|117> 1      1.203000000   -1.816000000 2
|118> f 1
|119> 1      1.000000000    0.000000000 2
|120> end
|121> Mg>    2.00000000000   -2.10640371714    4.21742688261   -2.15276855118
|122> NewECP
|123> N_core 0
|124> lmax f
|125> s 1
|126> 1      1.732000000   14.676000000 2
|127> p 1
|128> 1      1.115000000    5.175700000 2
|129> d 1
|130> 1      1.203000000   -1.816000000 2
|131> f 1
|132> 1      1.000000000    0.000000000 2
|133> end
|134> Mg>    2.00000000000    2.11112167296    4.21777242763   -2.14810857757
|135> NewECP
|136> N_core 0
|137> lmax f
|138> s 1
|139> 1      1.732000000   14.676000000 2
|140> p 1
|141> 1      1.115000000    5.175700000 2
|142> d 1
|143> 1      1.203000000   -1.816000000 2
|144> f 1
|145> 1      1.000000000    0.000000000 2
|146> end
|147> Mg>    2.00000000000   -4.21916478022    2.10705648336   -2.15254279984
|148> NewECP
|149> N_core 0
|150> lmax f
|151> s 1
|152> 1      1.732000000   14.676000000 2
|153> p 1
|154> 1      1.115000000    5.175700000 2
|155> d 1
|156> 1      1.203000000   -1.816000000 2
|157> f 1
|158> 1      1.000000000    0.000000000 2
|159> end
|160> Mg>    2.00000000000    4.22182227560    2.10705648336   -2.15254279984
|161> NewECP
|162> N_core 0
|163> lmax f
|164> s 1
|165> 1      1.732000000   14.676000000 2
|166> p 1
|167> 1      1.115000000    5.175700000 2
|168> d 1
|169> 1      1.203000000   -1.816000000 2
|170> f 1
|171> 1      1.000000000    0.000000000 2
|172> end
|173> Mg>    2.00000000000   -4.21916396173   -2.11315004461   -2.15253441350
|174> NewECP
|175> N_core 0
|176> lmax f
|177> s 1
|178> 1      1.732000000   14.676000000 2
|179> p 1
|180> 1      1.115000000    5.175700000 2
|181> d 1
|182> 1      1.203000000   -1.816000000 2
|183> f 1
|184> 1      1.000000000    0.000000000 2
|185> end
|186> Mg>    2.00000000000    2.11112167296   -4.22321462819   -2.14810857757
|187> NewECP
|188> N_core 0
|189> lmax f
|190> s 1
|191> 1      1.732000000   14.676000000 2
|192> p 1
|193> 1      1.115000000    5.175700000 2
|194> d 1
|195> 1      1.203000000   -1.816000000 2
|196> f 1
|197> 1      1.000000000    0.000000000 2
|198> end
|199> Mg>    2.00000000000   -2.10640371714   -4.22356017320   -2.15276855118
|200> NewECP
|201> N_core 0
|202> lmax f
|203> s 1
|204> 1      1.732000000   14.676000000 2
|205> p 1
|206> 1      1.115000000    5.175700000 2
|207> d 1
|208> 1      1.203000000   -1.816000000 2
|209> f 1
|210> 1      1.000000000    0.000000000 2
|211> end
|212> Mg>    2.00000000000    4.22182309409   -2.11315004461   -2.15253441350
|213> NewECP
|214> N_core 0
|215> lmax f
|216> s 1
|217> 1      1.732000000   14.676000000 2
|218> p 1
|219> 1      1.115000000    5.175700000 2
|220> d 1
|221> 1      1.203000000   -1.816000000 2
|222> f 1
|223> 1      1.000000000    0.000000000 2
|224> end
|225> Mg>    2.00000000000   -2.10752634561    2.10564619144   -4.27598207177
|226> NewECP
|227> N_core 0
|228> lmax f
|229> s 1
|230> 1      1.732000000   14.676000000 2
|231> p 1
|232> 1      1.115000000    5.175700000 2
|233> d 1
|234> 1      1.203000000   -1.816000000 2
|235> f 1
|236> 1      1.000000000    0.000000000 2
|237> end
|238> Mg>    2.00000000000    2.11296718230    2.10564619144   -4.27598207177
|239> NewECP
|240> N_core 0
|241> lmax f
|242> s 1
|243> 1      1.732000000   14.676000000 2
|244> p 1
|245> 1      1.115000000    5.175700000 2
|246> d 1
|247> 1      1.203000000   -1.816000000 2
|248> f 1
|249> 1      1.000000000    0.000000000 2
|250> end
|251> Mg>    2.00000000000   -2.10752634561   -2.11484733647   -4.27598207177
|252> NewECP
|253> N_core 0
|254> lmax f
|255> s 1
|256> 1      1.732000000   14.676000000 2
|257> p 1
|258> 1      1.115000000    5.175700000 2
|259> d 1
|260> 1      1.203000000   -1.816000000 2
|261> f 1
|262> 1      1.000000000    0.000000000 2
|263> end
|264> Mg>    2.00000000000    2.11296718230   -2.11484733647   -4.27598207177
|265> NewECP
|266> N_core 0
|267> lmax f
|268> s 1
|269> 1      1.732000000   14.676000000 2
|270> p 1
|271> 1      1.115000000    5.175700000 2
|272> d 1
|273> 1      1.203000000   -1.816000000 2
|274> f 1
|275> 1      1.000000000    0.000000000 2
|276> end
|277> Mg>    2.00000000000   -4.21693028197    4.21872631149   -0.05450254211
|278> NewECP
|279> N_core 0
|280> lmax f
|281> s 1
|282> 1      1.732000000   14.676000000 2
|283> p 1
|284> 1      1.115000000    5.175700000 2
|285> d 1
|286> 1      1.203000000   -1.816000000 2
|287> f 1
|288> 1      1.000000000    0.000000000 2
|289> end
|290> Mg>    2.00000000000   -4.21693028197   -4.22226074433   -0.05450254211
|291> NewECP
|292> N_core 0
|293> lmax f
|294> s 1
|295> 1      1.732000000   14.676000000 2
|296> p 1
|297> 1      1.115000000    5.175700000 2
|298> d 1
|299> 1      1.203000000   -1.816000000 2
|300> f 1
|301> 1      1.000000000    0.000000000 2
|302> end
|303> Mg>    2.00000000000    4.22405677385    4.21872631149   -0.05450254211
|304> NewECP
|305> N_core 0
|306> lmax f
|307> s 1
|308> 1      1.732000000   14.676000000 2
|309> p 1
|310> 1      1.115000000    5.175700000 2
|311> d 1
|312> 1      1.203000000   -1.816000000 2
|313> f 1
|314> 1      1.000000000    0.000000000 2
|315> end
|316> Mg>    2.00000000000    4.22405677385   -4.22226074433   -0.05450254211
|317> NewECP
|318> N_core 0
|319> lmax f
|320> s 1
|321> 1      1.732000000   14.676000000 2
|322> p 1
|323> 1      1.115000000    5.175700000 2
|324> d 1
|325> 1      1.203000000   -1.816000000 2
|326> f 1
|327> 1      1.000000000    0.000000000 2
|328> end
|329> Mg>    2.00000000000    0.00272041835    4.21589295539   -4.27598207177
|330> NewECP
|331> N_core 0
|332> lmax f
|333> s 1
|334> 1      1.732000000   14.676000000 2
|335> p 1
|336> 1      1.115000000    5.175700000 2
|337> d 1
|338> 1      1.203000000   -1.816000000 2
|339> f 1
|340> 1      1.000000000    0.000000000 2
|341> end
|342> Mg>    2.00000000000   -4.21777310956   -0.00460057251   -4.27598207177
|343> NewECP
|344> N_core 0
|345> lmax f
|346> s 1
|347> 1      1.732000000   14.676000000 2
|348> p 1
|349> 1      1.115000000    5.175700000 2
|350> d 1
|351> 1      1.203000000   -1.816000000 2
|352> f 1
|353> 1      1.000000000    0.000000000 2
|354> end
|355> Mg>    2.00000000000    4.22321394626   -0.00460057251   -4.27598207177
|356> NewECP
|357> N_core 0
|358> lmax f
|359> s 1
|360> 1      1.732000000   14.676000000 2
|361> p 1
|362> 1      1.115000000    5.175700000 2
|363> d 1
|364> 1      1.203000000   -1.816000000 2
|365> f 1
|366> 1      1.000000000    0.000000000 2
|367> end
|368> Mg>    2.00000000000    0.00272041835   -4.22509410042   -4.27598207177
|369> NewECP
|370> N_core 0
|371> lmax f
|372> s 1
|373> 1      1.732000000   14.676000000 2
|374> p 1
|375> 1      1.115000000    5.175700000 2
|376> d 1
|377> 1      1.203000000   -1.816000000 2
|378> f 1
|379> 1      1.000000000    0.000000000 2
|380> end
|381> Mg>    2.00000000000   -6.32604701465    2.11016683353   -0.03597672200
|382> NewECP
|383> N_core 0
|384> lmax f
|385> s 1
|386> 1      1.732000000   14.676000000 2
|387> p 1
|388> 1      1.115000000    5.175700000 2
|389> d 1
|390> 1      1.203000000   -1.816000000 2
|391> f 1
|392> 1      1.000000000    0.000000000 2
|393> end
|394> Mg>    2.00000000000   -6.32605075941   -2.11020130363   -0.03596672574
|395> NewECP
|396> N_core 0
|397> lmax f
|398> s 1
|399> 1      1.732000000   14.676000000 2
|400> p 1
|401> 1      1.115000000    5.175700000 2
|402> d 1
|403> 1      1.203000000   -1.816000000 2
|404> f 1
|405> 1      1.000000000    0.000000000 2
|406> end
|407> Mg>    2.00000000000   -2.10864694756    6.32910766298   -0.05484963009
|408> NewECP
|409> N_core 0
|410> lmax f
|411> s 1
|412> 1      1.732000000   14.676000000 2
|413> p 1
|414> 1      1.115000000    5.175700000 2
|415> d 1
|416> 1      1.203000000   -1.816000000 2
|417> f 1
|418> 1      1.000000000    0.000000000 2
|419> end
|420> Mg>    2.00000000000    0.00439811761    6.32814963482   -2.14827240594
|421> NewECP
|422> N_core 0
|423> lmax f
|424> s 1
|425> 1      1.732000000   14.676000000 2
|426> p 1
|427> 1      1.115000000    5.175700000 2
|428> d 1
|429> 1      1.203000000   -1.816000000 2
|430> f 1
|431> 1      1.000000000    0.000000000 2
|432> end
|433> Mg>    2.00000000000   -6.32993428556   -0.00272841068   -2.14824632361
|434> NewECP
|435> N_core 0
|436> lmax f
|437> s 1
|438> 1      1.732000000   14.676000000 2
|439> p 1
|440> 1      1.115000000    5.175700000 2
|441> d 1
|442> 1      1.203000000   -1.816000000 2
|443> f 1
|444> 1      1.000000000    0.000000000 2
|445> end
|446> Mg>    2.00000000000    6.33234297399    2.10826547188   -0.05485464755
|447> NewECP
|448> N_core 0
|449> lmax f
|450> s 1
|451> 1      1.732000000   14.676000000 2
|452> p 1
|453> 1      1.115000000    5.175700000 2
|454> d 1
|455> 1      1.203000000   -1.816000000 2
|456> f 1
|457> 1      1.000000000    0.000000000 2
|458> end
|459> Mg>    2.00000000000   -2.10864408182   -6.33272158394   -0.05485464755
|460> NewECP
|461> N_core 0
|462> lmax f
|463> s 1
|464> 1      1.732000000   14.676000000 2
|465> p 1
|466> 1      1.115000000    5.175700000 2
|467> d 1
|468> 1      1.203000000   -1.816000000 2
|469> f 1
|470> 1      1.000000000    0.000000000 2
|471> end
|472> Mg>    2.00000000000    2.11493629640    6.33078575219   -0.03596672574
|473> NewECP
|474> N_core 0
|475> lmax f
|476> s 1
|477> 1      1.732000000   14.676000000 2
|478> p 1
|479> 1      1.115000000    5.175700000 2
|480> d 1
|481> 1      1.203000000   -1.816000000 2
|482> f 1
|483> 1      1.000000000    0.000000000 2
|484> end
|485> Mg>    2.00000000000    2.11494004117   -6.33082022228   -0.03597672200
|486> NewECP
|487> N_core 0
|488> lmax f
|489> s 1
|490> 1      1.732000000   14.676000000 2
|491> p 1
|492> 1      1.115000000    5.175700000 2
|493> d 1
|494> 1      1.203000000   -1.816000000 2
|495> f 1
|496> 1      1.000000000    0.000000000 2
|497> end
|498> Mg>    2.00000000000    6.33234010826   -2.11187939284   -0.05484963009
|499> NewECP
|500> N_core 0
|501> lmax f
|502> s 1
|503> 1      1.732000000   14.676000000 2
|504> p 1
|505> 1      1.115000000    5.175700000 2
|506> d 1
|507> 1      1.203000000   -1.816000000 2
|508> f 1
|509> 1      1.000000000    0.000000000 2
|510> end
|511> Mg>    2.00000000000    0.00439863275   -6.33359537077   -2.14828391955
|512> NewECP
|513> N_core 0
|514> lmax f
|515> s 1
|516> 1      1.732000000   14.676000000 2
|517> p 1
|518> 1      1.115000000    5.175700000 2
|519> d 1
|520> 1      1.203000000   -1.816000000 2
|521> f 1
|522> 1      1.000000000    0.000000000 2
|523> end
|524> Mg>    2.00000000000    6.33468750327   -0.00306236128   -2.15283913996
|525> NewECP
|526> N_core 0
|527> lmax f
|528> s 1
|529> 1      1.732000000   14.676000000 2
|530> p 1
|531> 1      1.115000000    5.175700000 2
|532> d 1
|533> 1      1.203000000   -1.816000000 2
|534> f 1
|535> 1      1.000000000    0.000000000 2
|536> end
|537> Mg>    2.00000000000    0.00272041835    2.10564619144   -6.38622883572
|538> NewECP
|539> N_core 0
|540> lmax f
|541> s 1
|542> 1      1.732000000   14.676000000 2
|543> p 1
|544> 1      1.115000000    5.175700000 2
|545> d 1
|546> 1      1.203000000   -1.816000000 2
|547> f 1
|548> 1      1.000000000    0.000000000 2
|549> end
|550> Mg>    2.00000000000   -2.10752634561   -0.00460057251   -6.38622883572
|551> NewECP
|552> N_core 0
|553> lmax f
|554> s 1
|555> 1      1.732000000   14.676000000 2
|556> p 1
|557> 1      1.115000000    5.175700000 2
|558> d 1
|559> 1      1.203000000   -1.816000000 2
|560> f 1
|561> 1      1.000000000    0.000000000 2
|562> end
|563> Mg>    2.00000000000    2.11296718230   -0.00460057251   -6.38622883572
|564> NewECP
|565> N_core 0
|566> lmax f
|567> s 1
|568> 1      1.732000000   14.676000000 2
|569> p 1
|570> 1      1.115000000    5.175700000 2
|571> d 1
|572> 1      1.203000000   -1.816000000 2
|573> f 1
|574> 1      1.000000000    0.000000000 2
|575> end
|576> Mg>    2.00000000000    0.00272041835   -2.11484733647   -6.38622883572
|577> NewECP
|578> N_core 0
|579> lmax f
|580> s 1
|581> 1      1.732000000   14.676000000 2
|582> p 1
|583> 1      1.115000000    5.175700000 2
|584> d 1
|585> 1      1.203000000   -1.816000000 2
|586> f 1
|587> 1      1.000000000    0.000000000 2
|588> end
|589> Mg>    2.00000000000   -4.21777310956    4.21589295539   -4.27598207177
|590> NewECP
|591> N_core 0
|592> lmax f
|593> s 1
|594> 1      1.732000000   14.676000000 2
|595> p 1
|596> 1      1.115000000    5.175700000 2
|597> d 1
|598> 1      1.203000000   -1.816000000 2
|599> f 1
|600> 1      1.000000000    0.000000000 2
|601> end
|602> Mg>    2.00000000000    4.22321394626    4.21589295539   -4.27598207177
|603> NewECP
|604> N_core 0
|605> lmax f
|606> s 1
|607> 1      1.732000000   14.676000000 2
|608> p 1
|609> 1      1.115000000    5.175700000 2
|610> d 1
|611> 1      1.203000000   -1.816000000 2
|612> f 1
|613> 1      1.000000000    0.000000000 2
|614> end
|615> Mg>    2.00000000000   -4.21777310956   -4.22509410042   -4.27598207177
|616> NewECP
|617> N_core 0
|618> lmax f
|619> s 1
|620> 1      1.732000000   14.676000000 2
|621> p 1
|622> 1      1.115000000    5.175700000 2
|623> d 1
|624> 1      1.203000000   -1.816000000 2
|625> f 1
|626> 1      1.000000000    0.000000000 2
|627> end
|628> Mg>    2.00000000000    4.22321394626   -4.22509410042   -4.27598207177
|629> NewECP
|630> N_core 0
|631> lmax f
|632> s 1
|633> 1      1.732000000   14.676000000 2
|634> p 1
|635> 1      1.115000000    5.175700000 2
|636> d 1
|637> 1      1.203000000   -1.816000000 2
|638> f 1
|639> 1      1.000000000    0.000000000 2
|640> end
|641> Mg>    2.00000000000   -6.32986538286    4.21777242763   -2.14810857757
|642> NewECP
|643> N_core 0
|644> lmax f
|645> s 1
|646> 1      1.732000000   14.676000000 2
|647> p 1
|648> 1      1.115000000    5.175700000 2
|649> d 1
|650> 1      1.203000000   -1.816000000 2
|651> f 1
|652> 1      1.000000000    0.000000000 2
|653> end
|654> Mg>    2.00000000000   -4.21916396173    6.32783701121   -2.15253441350
|655> NewECP
|656> N_core 0
|657> lmax f
|658> s 1
|659> 1      1.732000000   14.676000000 2
|660> p 1
|661> 1      1.115000000    5.175700000 2
|662> d 1
|663> 1      1.203000000   -1.816000000 2
|664> f 1
|665> 1      1.000000000    0.000000000 2
|666> end
|667> Mg>    2.00000000000    4.22182309409    6.32783701121   -2.15253441350
|668> NewECP
|669> N_core 0
|670> lmax f
|671> s 1
|672> 1      1.732000000   14.676000000 2
|673> p 1
|674> 1      1.115000000    5.175700000 2
|675> d 1
|676> 1      1.203000000   -1.816000000 2
|677> f 1
|678> 1      1.000000000    0.000000000 2
|679> end
|680> Mg>    2.00000000000   -6.32986538286   -4.22321462819   -2.14810857757
|681> NewECP
|682> N_core 0
|683> lmax f
|684> s 1
|685> 1      1.732000000   14.676000000 2
|686> p 1
|687> 1      1.115000000    5.175700000 2
|688> d 1
|689> 1      1.203000000   -1.816000000 2
|690> f 1
|691> 1      1.000000000    0.000000000 2
|692> end
|693> Mg>    2.00000000000    6.33458333868    4.21742688261   -2.15276855118
|694> NewECP
|695> N_core 0
|696> lmax f
|697> s 1
|698> 1      1.732000000   14.676000000 2
|699> p 1
|700> 1      1.115000000    5.175700000 2
|701> d 1
|702> 1      1.203000000   -1.816000000 2
|703> f 1
|704> 1      1.000000000    0.000000000 2
|705> end
|706> Mg>    2.00000000000   -4.21916478022   -6.33393057246   -2.15254279984
|707> NewECP
|708> N_core 0
|709> lmax f
|710> s 1
|711> 1      1.732000000   14.676000000 2
|712> p 1
|713> 1      1.115000000    5.175700000 2
|714> d 1
|715> 1      1.203000000   -1.816000000 2
|716> f 1
|717> 1      1.000000000    0.000000000 2
|718> end
|719> Mg>    2.00000000000    4.22182227560   -6.33393057246   -2.15254279984
|720> NewECP
|721> N_core 0
|722> lmax f
|723> s 1
|724> 1      1.732000000   14.676000000 2
|725> p 1
|726> 1      1.115000000    5.175700000 2
|727> d 1
|728> 1      1.203000000   -1.816000000 2
|729> f 1
|730> 1      1.000000000    0.000000000 2
|731> end
|732> Mg>    2.00000000000   -2.10752634561    6.32613971935   -4.27598207177
|733> NewECP
|734> N_core 0
|735> lmax f
|736> s 1
|737> 1      1.732000000   14.676000000 2
|738> p 1
|739> 1      1.115000000    5.175700000 2
|740> d 1
|741> 1      1.203000000   -1.816000000 2
|742> f 1
|743> 1      1.000000000    0.000000000 2
|744> end
|745> Mg>    2.00000000000    6.33458333868   -4.22356017320   -2.15276855118
|746> NewECP
|747> N_core 0
|748> lmax f
|749> s 1
|750> 1      1.732000000   14.676000000 2
|751> p 1
|752> 1      1.115000000    5.175700000 2
|753> d 1
|754> 1      1.203000000   -1.816000000 2
|755> f 1
|756> 1      1.000000000    0.000000000 2
|757> end
|758> Mg>    2.00000000000   -6.32801987352    2.10564619144   -4.27598207177
|759> NewECP
|760> N_core 0
|761> lmax f
|762> s 1
|763> 1      1.732000000   14.676000000 2
|764> p 1
|765> 1      1.115000000    5.175700000 2
|766> d 1
|767> 1      1.203000000   -1.816000000 2
|768> f 1
|769> 1      1.000000000    0.000000000 2
|770> end
|771> Mg>    2.00000000000    2.11296718230    6.32613971935   -4.27598207177
|772> NewECP
|773> N_core 0
|774> lmax f
|775> s 1
|776> 1      1.732000000   14.676000000 2
|777> p 1
|778> 1      1.115000000    5.175700000 2
|779> d 1
|780> 1      1.203000000   -1.816000000 2
|781> f 1
|782> 1      1.000000000    0.000000000 2
|783> end
|784> Mg>    2.00000000000   -6.32801987352   -2.11484733647   -4.27598207177
|785> NewECP
|786> N_core 0
|787> lmax f
|788> s 1
|789> 1      1.732000000   14.676000000 2
|790> p 1
|791> 1      1.115000000    5.175700000 2
|792> d 1
|793> 1      1.203000000   -1.816000000 2
|794> f 1
|795> 1      1.000000000    0.000000000 2
|796> end
|797> Mg>    2.00000000000    6.33346071021    2.10564619144   -4.27598207177
|798> NewECP
|799> N_core 0
|800> lmax f
|801> s 1
|802> 1      1.732000000   14.676000000 2
|803> p 1
|804> 1      1.115000000    5.175700000 2
|805> d 1
|806> 1      1.203000000   -1.816000000 2
|807> f 1
|808> 1      1.000000000    0.000000000 2
|809> end
|810> Mg>    2.00000000000   -2.10752634561    4.21589295539   -6.38622883572
|811> NewECP
|812> N_core 0
|813> lmax f
|814> s 1
|815> 1      1.732000000   14.676000000 2
|816> p 1
|817> 1      1.115000000    5.175700000 2
|818> d 1
|819> 1      1.203000000   -1.816000000 2
|820> f 1
|821> 1      1.000000000    0.000000000 2
|822> end
|823> Mg>    2.00000000000   -4.21777310956    2.10564619144   -6.38622883572
|824> NewECP
|825> N_core 0
|826> lmax f
|827> s 1
|828> 1      1.732000000   14.676000000 2
|829> p 1
|830> 1      1.115000000    5.175700000 2
|831> d 1
|832> 1      1.203000000   -1.816000000 2
|833> f 1
|834> 1      1.000000000    0.000000000 2
|835> end
|836> Mg>    2.00000000000   -2.10752634561   -6.33534086438   -4.27598207177
|837> NewECP
|838> N_core 0
|839> lmax f
|840> s 1
|841> 1      1.732000000   14.676000000 2
|842> p 1
|843> 1      1.115000000    5.175700000 2
|844> d 1
|845> 1      1.203000000   -1.816000000 2
|846> f 1
|847> 1      1.000000000    0.000000000 2
|848> end
|849> Mg>    2.00000000000    2.11296718230    4.21589295539   -6.38622883572
|850> NewECP
|851> N_core 0
|852> lmax f
|853> s 1
|854> 1      1.732000000   14.676000000 2
|855> p 1
|856> 1      1.115000000    5.175700000 2
|857> d 1
|858> 1      1.203000000   -1.816000000 2
|859> f 1
|860> 1      1.000000000    0.000000000 2
|861> end
|862> Mg>    2.00000000000    6.33346071021   -2.11484733647   -4.27598207177
|863> NewECP
|864> N_core 0
|865> lmax f
|866> s 1
|867> 1      1.732000000   14.676000000 2
|868> p 1
|869> 1      1.115000000    5.175700000 2
|870> d 1
|871> 1      1.203000000   -1.816000000 2
|872> f 1
|873> 1      1.000000000    0.000000000 2
|874> end
|875> Mg>    2.00000000000    2.11296718230   -6.33534086438   -4.27598207177
|876> NewECP
|877> N_core 0
|878> lmax f
|879> s 1
|880> 1      1.732000000   14.676000000 2
|881> p 1
|882> 1      1.115000000    5.175700000 2
|883> d 1
|884> 1      1.203000000   -1.816000000 2
|885> f 1
|886> 1      1.000000000    0.000000000 2
|887> end
|888> Mg>    2.00000000000   -4.21777310956   -2.11484733647   -6.38622883572
|889> NewECP
|890> N_core 0
|891> lmax f
|892> s 1
|893> 1      1.732000000   14.676000000 2
|894> p 1
|895> 1      1.115000000    5.175700000 2
|896> d 1
|897> 1      1.203000000   -1.816000000 2
|898> f 1
|899> 1      1.000000000    0.000000000 2
|900> end
|901> Mg>    2.00000000000    4.22321394626    2.10564619144   -6.38622883572
|902> NewECP
|903> N_core 0
|904> lmax f
|905> s 1
|906> 1      1.732000000   14.676000000 2
|907> p 1
|908> 1      1.115000000    5.175700000 2
|909> d 1
|910> 1      1.203000000   -1.816000000 2
|911> f 1
|912> 1      1.000000000    0.000000000 2
|913> end
|914> Mg>    2.00000000000   -2.10752634561   -4.22509410042   -6.38622883572
|915> NewECP
|916> N_core 0
|917> lmax f
|918> s 1
|919> 1      1.732000000   14.676000000 2
|920> p 1
|921> 1      1.115000000    5.175700000 2
|922> d 1
|923> 1      1.203000000   -1.816000000 2
|924> f 1
|925> 1      1.000000000    0.000000000 2
|926> end
|927> Mg>    2.00000000000    4.22321394626   -2.11484733647   -6.38622883572
|928> NewECP
|929> N_core 0
|930> lmax f
|931> s 1
|932> 1      1.732000000   14.676000000 2
|933> p 1
|934> 1      1.115000000    5.175700000 2
|935> d 1
|936> 1      1.203000000   -1.816000000 2
|937> f 1
|938> 1      1.000000000    0.000000000 2
|939> end
|940> Mg>    2.00000000000    2.11296718230   -4.22509410042   -6.38622883572
|941> NewECP
|942> N_core 0
|943> lmax f
|944> s 1
|945> 1      1.732000000   14.676000000 2
|946> p 1
|947> 1      1.115000000    5.175700000 2
|948> d 1
|949> 1      1.203000000   -1.816000000 2
|950> f 1
|951> 1      1.000000000    0.000000000 2
|952> end
|953> Mg>    2.00000000000   -8.44098705582    0.00000000000   -0.03652448019
|954> NewECP
|955> N_core 0
|956> lmax f
|957> s 1
|958> 1      1.732000000   14.676000000 2
|959> p 1
|960> 1      1.115000000    5.175700000 2
|961> d 1
|962> 1      1.203000000   -1.816000000 2
|963> f 1
|964> 1      1.000000000    0.000000000 2
|965> end
|966> Mg>    2.00000000000    0.00000000000    8.44098705582   -0.03652448019
|967> NewECP
|968> N_core 0
|969> lmax f
|970> s 1
|971> 1      1.732000000   14.676000000 2
|972> p 1
|973> 1      1.115000000    5.175700000 2
|974> d 1
|975> 1      1.203000000   -1.816000000 2
|976> f 1
|977> 1      1.000000000    0.000000000 2
|978> end
|979> Mg>    2.00000000000    8.44098705582    0.00000000000   -0.03652448019
|980> NewECP
|981> N_core 0
|982> lmax f
|983> s 1
|984> 1      1.732000000   14.676000000 2
|985> p 1
|986> 1      1.115000000    5.175700000 2
|987> d 1
|988> 1      1.203000000   -1.816000000 2
|989> f 1
|990> 1      1.000000000    0.000000000 2
|991> end
|992> Mg>    2.00000000000    0.00000000000   -8.44098705582   -0.03652448019
|993> NewECP
|994> N_core 0
|995> lmax f
|996> s 1
|997> 1      1.732000000   14.676000000 2
|998> p 1
|999> 1      1.115000000    5.175700000 2
|1000> d 1
|1001> 1      1.203000000   -1.816000000 2
|1002> f 1
|1003> 1      1.000000000    0.000000000 2
|1004> end
|1005> Mg>    2.00000000000   -8.43658842306    2.10739168505   -2.14828391955
|1006> NewECP
|1007> N_core 0
|1008> lmax f
|1009> s 1
|1010> 1      1.732000000   14.676000000 2
|1011> p 1
|1012> 1      1.115000000    5.175700000 2
|1013> d 1
|1014> 1      1.203000000   -1.816000000 2
|1015> f 1
|1016> 1      1.000000000    0.000000000 2
|1017> end
|1018> Mg>    2.00000000000   -8.43658893821   -2.11283742100   -2.14827240594
|1019> NewECP
|1020> N_core 0
|1021> lmax f
|1022> s 1
|1023> 1      1.732000000   14.676000000 2
|1024> p 1
|1025> 1      1.115000000    5.175700000 2
|1026> d 1
|1027> 1      1.203000000   -1.816000000 2
|1028> f 1
|1029> 1      1.000000000    0.000000000 2
|1030> end
|1031> Mg>    2.00000000000   -2.10629955255    8.43792469454   -2.15283913996
|1032> NewECP
|1033> N_core 0
|1034> lmax f
|1035> s 1
|1036> 1      1.732000000   14.676000000 2
|1037> p 1
|1038> 1      1.115000000    5.175700000 2
|1039> d 1
|1040> 1      1.203000000   -1.816000000 2
|1041> f 1
|1042> 1      1.000000000    0.000000000 2
|1043> end
|1044> Mg>    2.00000000000    2.11105277026    8.43825864514   -2.14824632361
|1045> NewECP
|1046> N_core 0
|1047> lmax f
|1048> s 1
|1049> 1      1.732000000   14.676000000 2
|1050> p 1
|1051> 1      1.115000000    5.175700000 2
|1052> d 1
|1053> 1      1.203000000   -1.816000000 2
|1054> f 1
|1055> 1      1.000000000    0.000000000 2
|1056> end
|1057> Mg>    2.00000000000    2.11105277026   -8.44371546650   -2.14824632361
|1058> NewECP
|1059> N_core 0
|1060> lmax f
|1061> s 1
|1062> 1      1.732000000   14.676000000 2
|1063> p 1
|1064> 1      1.115000000    5.175700000 2
|1065> d 1
|1066> 1      1.203000000   -1.816000000 2
|1067> f 1
|1068> 1      1.000000000    0.000000000 2
|1069> end
|1070> Mg>    2.00000000000   -2.10629955255   -8.44404941709   -2.15283913996
|1071> NewECP
|1072> N_core 0
|1073> lmax f
|1074> s 1
|1075> 1      1.732000000   14.676000000 2
|1076> p 1
|1077> 1      1.115000000    5.175700000 2
|1078> d 1
|1079> 1      1.203000000   -1.816000000 2
|1080> f 1
|1081> 1      1.000000000    0.000000000 2
|1082> end
|1083> Mg>    2.00000000000    8.44538568857    2.10739168505   -2.14828391955
|1084> NewECP
|1085> N_core 0
|1086> lmax f
|1087> s 1
|1088> 1      1.732000000   14.676000000 2
|1089> p 1
|1090> 1      1.115000000    5.175700000 2
|1091> d 1
|1092> 1      1.203000000   -1.816000000 2
|1093> f 1
|1094> 1      1.000000000    0.000000000 2
|1095> end
|1096> Mg>    2.00000000000    8.44538517343   -2.11283742100   -2.14827240594
|1097> NewECP
|1098> N_core 0
|1099> lmax f
|1100> s 1
|1101> 1      1.732000000   14.676000000 2
|1102> p 1
|1103> 1      1.115000000    5.175700000 2
|1104> d 1
|1105> 1      1.203000000   -1.816000000 2
|1106> f 1
|1107> 1      1.000000000    0.000000000 2
|1108> end
|1109>   end
|1110> endd                         ****END OF INPUT****
================================================================================
----------------
TOTAL SCF ENERGY
----------------

Total Energy       :        -5418.72825736 Eh         -147451.09215 eV

Components:
Nuclear Repulsion  :         9540.73227691 Eh          259616.52390 eV
Electronic Energy  :       -14959.46053428 Eh         -407067.61606 eV
One Electron Energy:       -27061.54412545 Eh         -736382.05259 eV
Two Electron Energy:        12102.08359118 Eh          329314.43654 eV
Max COSX asymmetry :            0.00020202 Eh               0.00550 eV

Virial components:
Potential Energy   :       -10188.35240215 Eh         -277239.16343 eV
Kinetic Energy     :         4769.62414479 Eh          129788.07128 eV
Virial Ratio       :            2.13609125

--------------------Output has been truncated-------------------------


--------------------Output has been truncated-------------------------


--------------------Output has been truncated-------------------------


--------------------Output has been truncated-------------------------


--------------------Output has been truncated-------------------------


--------------------Output has been truncated-------------------------


--------------------Output has been truncated-------------------------


--------------------Output has been truncated-------------------------


--------------------Output has been truncated-------------------------


--------------------Output has been truncated-------------------------


-----------------------------------------------
 RI-MP2 CORRELATION ENERGY:     -8.220463048 Eh
-----------------------------------------------
---------------------------------------
MP2 TOTAL ENERGY:    -5426.948720410 Eh
---------------------------------------

Maximum memory used throughout the entire MP2-calculation: 1157.7 MB

-------------------------   --------------------
FINAL SINGLE POINT ENERGY     -5426.948720409579
-------------------------   --------------------
