 **********************************************************************
                          MRCC program system
 **********************************************************************
 
                              Written by
     Mihaly Kallay, Peter R. Nagy, David Mester, Laszlo Gyevi-Nagy,
        Jozsef Csoka, P. Bernat Szabo, Zoltan Rolik, Gyula Samu,
     Jozsef Csontos, Bence Hegely, Adam Ganyecz, Istvan Ladjanszki,
       Lorant Szegedy, Bence Ladoczki, Klara Petrov, Mate Farkas,
                    Pal D. Mezei, and Reka A. Horvath
 
        Department of Physical Chemistry and Materials Science
            Budapest University of Technology and Economics
                  Budapest P.O.Box 91, H-1521 Hungary
 
                              www.mrcc.hu
 
                      Release date: March 18, 2022

 ************************ 2023-02-04 11:45:50 *************************
 Executing minp...

 Reading input from MINP...
 
 Input file:
 
calc=FNO-CCSD(T)
verbosity=3
mem=220GB
unit=angs
scfiguess=small
scfalg=locfit1
ccmaxit=400
ccsdalg=dfdirect
ccsdthreads=4
ccsdmkl=thr
ptthreads=4
lnoepsv=1e-5
naf_cor=1e-2
basis=aug-cc-pVTZ
basis_sm=def2-SVP
dfbasis_scf=def2-QZVPP-RI-JK
dfbasis_cor=aug-cc-pVTZ-RI
unit=angs
geom=xyz
10

C    29.54344629    29.54344629    16.97505516
H    29.54344670    30.44187631    17.60392580
H    29.54344662    28.64496649    17.60393442
H    30.44658454    29.54342777    16.34911135
H    28.64030918    29.54342779    16.34911130
C    37.98443094    12.66147698    16.97505516
H    37.98443135    13.55990700    17.60392580
H    37.98443127    11.76299718    17.60393442
H    38.88756920    12.66145846    16.34911135
H    37.08129384    12.66145848    16.34911130

--------------------Output has been truncated-------------------------


--------------------Output has been truncated-------------------------


--------------------Output has been truncated-------------------------


--------------------Output has been truncated-------------------------


--------------------Output has been truncated-------------------------


--------------------Output has been truncated-------------------------


--------------------Output has been truncated-------------------------


--------------------Output has been truncated-------------------------


--------------------Output has been truncated-------------------------


--------------------Output has been truncated-------------------------


 
 Reference energy [au]:                       -80.426028015072
 DF-MP2 singlet pair energy [au]:              -0.328837584362
 DF-MP2 triplet pair energy [au]:              -0.073189051252
 DF-SCS-MP2 correlation energy [au]:           -0.419001451651
 DF-SCS-MP2 energy [au]:                      -80.845029466723
 DF-SOS-MP2 correlation energy [au]:           -0.427488859670
 DF-SOS-MP2 energy [au]:                      -80.853516874742
 DF-MP2 correlation energy [au]:               -0.402026635614
 DF-MP2 energy [au]:                          -80.828054650686

 Results in FNO basis:
 
 
 Reference energy [au]:                       -80.426028015072
 DF-MP2 singlet pair energy [au]:              -0.327537103976
 DF-MP2 triplet pair energy [au]:              -0.073101538159
 DF-SCS-MP2 correlation energy [au]:           -0.417411704158
 DF-SCS-MP2 energy [au]:                      -80.843439719230
 DF-SOS-MP2 correlation energy [au]:           -0.425798235169
 DF-SOS-MP2 energy [au]:                      -80.851826250242
 DF-MP2 correlation energy [au]:               -0.400638642136
 DF-MP2 energy [au]:                          -80.826666657208

 Results in NAF basis:
 
 
 Reference energy [au]:                       -80.426028015072
 DF-MP2 singlet pair energy [au]:              -0.327471388191
 DF-MP2 triplet pair energy [au]:              -0.073140210810
 DF-SCS-MP2 correlation energy [au]:           -0.417345736100
 DF-SCS-MP2 energy [au]:                      -80.843373751172
 DF-SOS-MP2 correlation energy [au]:           -0.425712804649
 DF-SOS-MP2 energy [au]:                      -80.851740819721
 DF-MP2 correlation energy [au]:               -0.400611599002
 DF-MP2 energy [au]:                          -80.826639614074

 ************************ 2023-02-04 11:46:08 *************************
 Executing ccsd...

 Allocation of 220.0 Gbytes of memory...

 Direct DF-CCSD(T) calculation
 
 Convergence criterion:  1.0E-06
 
 Number of occupied/virtual/auxiliary orbitals:     8   166   443
    715.53 MB is the minimal memory requirement for (T)
    155.43 MB is the minimal memory requirement for CCSD
 
 Reference energy [au]:             -80.426028015072
 T1 contribution [au]:                0.000000000000
 Same spin MP2 energy [au]:          -0.073120820715
 Opposite spin MP2 energy [au]:      -0.327504084113
 MP2 correlation energy [au]:        -0.400624904828
 Total MP2 energy [au]:             -80.826652919901
 MP2 correction [au]:                -0.001401730785
 
 
 CPU time [min]:     0.351                   Wall time [min]:     0.015
 
 Starting CCSD iterations...
 
                     Residual norm          Energy
 Iteration  1        0.186520633916      -80.855588687368
 Iteration  2        0.047735797889      -80.866634759647
 Iteration  3        0.011570868931      -80.867567110780
 Iteration  4        0.002706599542      -80.867572322148
 Iteration  5        0.000513279713      -80.867586425162
 Iteration  6        0.000104118439      -80.867586690763
 Iteration  7        0.000025073856      -80.867587901369
 Iteration  8        0.000004384321      -80.867587936817
 Iteration  9        0.000000887265      -80.867587919775
 
 CCSD iteration has converged in  9 steps.
     3072.80 MB memory was utilized by CCSD
 
 T1 diagnostic:      7.475E-03            D1 diagnostic:      1.210E-02
 
 T1 contribution [au]:                                  0.000000000000
 PPL energy contribution [au]:                          0.114975663405
 Scaled PPL energy contribution [au]:                   0.115380877937

 OS-PPL energy contribution [au]:                       0.101745624241
 Scaled OS-PPL energy contribution [au]:                0.102169019500
 SS-PPL energy contribution [au]:                       0.013230039164
 Scaled SS-PPL energy contribution [au]:                0.013239140150

 Opposite spin CCSD energy [au]:                       -0.370936797524
 Same spin CCSD energy [au]:                           -0.070644468826
 CCSD correlation energy [au]:                         -0.441581266350
 CCSD correlation energy + MP2 correction [au]:        -0.442982997135
 CCSD correlation energy + MP2 + PPL corr. [au]:       -0.442577782603
 Total CCSD energy [au]:                              -80.867609281422
 Total CCSD energy + MP2 correction [au]:             -80.869011012207
 Total CCSD energy + MP2 + PPL corr. [au]:            -80.868605797675
 
 CPU time [min]:     5.585                   Wall time [min]:     0.163
 
 Calculation of (T) correction...
 
 
      698.30 MB memory is utilized for (T)

 0%       25%       50%       75%       100%
 |---------|---------|---------|---------| 
 
 (T) correction [au]:                                    -0.013137523214
 (T*) correction [au]:                                   -0.013183489580
 (T+) correction [au]:                                   -0.013183480695
 CCSD(T) correlation energy [au]:                        -0.454718789564
 CCSD(T) correlation energy + MP2 correction [au]:       -0.456120520349
 CCSD(T+) correlation en. + MP2 + PPL corr. [au]:        -0.455761263298
 Total CCSD(T) energy [au]:                             -80.880746804636
 Total CCSD(T) energy + MP2 correction [au]:            -80.882148535421
 Total CCSD(T+) energy + MP2 + PPL corr. [au]:          -80.881789278370
 
 CPU time [min]:     7.516                   Wall time [min]:     0.230
 
 ************************ 2023-02-04 11:46:22 *************************
                      Normal termination of mrcc.
 **********************************************************************
