================================================================================
                                       INPUT FILE
================================================================================
NAME = orca.inp
|  1> ! TightSCF RI-MP2 RIJCOSX SlowConv DIIS 
|  2> %pal nprocs 8 end
|  3> %maxcore 25000
|  4> %pointcharges "orca.pc"
|  5> %method
|  6> Method hf
|  7> RI on
|  8> RunTyp Energy
|  9> NewNCore C 2 end
| 10> NewNCore Mg 10 end
| 11> NewNCore O 2 end
| 12> end
| 13> %basis
| 14> Basis "def2-SVP"
| 15> Aux "def2/J"
| 16> AuxC "def2-SVP/C"
| 17> end
| 18> %scf
| 19> HFTyp rhf
| 20> AutoStart false
| 21> Guess Hueckel
| 22> SCFMode Direct
| 23> sthresh 1e-6
| 24> AutoTRAHIter 60
| 25> MaxIter 1000
| 26> end
| 27> %coords
| 28> CTyp xyz
| 29> Mult 1
| 30> Units angs
| 31> Charge -42
| 32> coords
| 33> C:                      0.00000033711   -0.00006957891    1.46950423848
| 34> O:                      0.00000079691    1.15576487802    1.96408033078
| 35> O:                      0.00000036349   -1.15570036094    1.96405571416
| 36> O                       0.00000000000    0.00000000000    0.00000000000
| 37> Mg                      0.00000024929    2.20484637813    0.06544084864
| 38> Mg                      0.00000024579   -2.20485539840    0.06544759026
| 39> Mg                      2.21850991033   -0.00000742419   -0.16405174740
| 40> Mg                     -2.21850893576   -0.00000746138   -0.16405374819
| 41> Mg                      0.00000050214   -0.00000677559   -2.28878000730
| 42> O                      -2.12578919050    2.09760044175   -0.11351137219
| 43> O                       2.12579000542    2.09760027931   -0.11351127221
| 44> O                       2.12579015147   -2.09761398335   -0.11351238107
| 45> O                      -2.12578937395   -2.09761419059   -0.11351262991
| 46> O                       0.00000030369    2.09082416872   -2.21751149750
| 47> O                       0.00000030838   -2.09083755174   -2.21751161349
| 48> O                       2.09071006089   -0.00000660658   -2.23517653139
| 49> O                      -2.09070935908   -0.00000661050   -2.23517732270
| 50> Mg                     -2.09302783758    2.11662654520   -2.22405421688
| 51> Mg                      2.09302851728    2.11662636432   -2.22405335119
| 52> Mg                      2.09302833828   -2.11664009950   -2.22405174054
| 53> Mg                     -2.09302764919   -2.11664031850   -2.22405263869
| 54> O                       0.00000039642    4.22048592714   -0.07231724719
| 55> O                       0.00000039642   -4.22050112868   -0.07231724719
| 56> O                       4.22049405304   -0.00000660593   -0.12042758322
| 57> O                      -4.22049300278   -0.00000660593   -0.12042758322
| 58> O                       0.00000034146   -0.00000690624   -4.36254232956
| 59> Mg                     -2.12994500009    4.22048719744   -0.13059550202
| 60> Mg                      2.12994574482    4.22048717562   -0.13059632118
| 61> Mg                      2.12994574482   -4.22049988020   -0.13059632118
| 62> Mg                     -2.12994500009   -4.22049985838   -0.13059550202
| 63> Mg                     -4.22049300136    2.12974862664   -0.13880259387
| 64> Mg                      4.22049405445    2.12974862664   -0.13880259387
| 65> Mg                      4.22049404452   -2.12976230074   -0.13880142246
| 66> Mg                     -4.22049301130   -2.12976230074   -0.13880142246
| 67> O                      -2.10574242325    4.22048642583   -2.24288904296
| 68> O                       2.10574316499    4.22048641340   -2.24288874552
| 69> O                       2.10574316499   -4.22050064242   -2.24288874552
| 70> O                      -2.10574242325   -4.22050062998   -2.24288904296
| 71> O                      -4.22049316527    2.10565668942   -2.25484606183
| 72> O                       4.22049389054    2.10565668942   -2.25484606183
| 73> O                       4.22049388358   -2.10567082416   -2.25484618043
| 74> O                      -4.22049317224   -2.10567082416   -2.25484618043
| 75> O                      -2.11024642249    2.11023985771   -4.36254232956
| 76> O                       2.11024710542    2.11023985771   -4.36254232956
| 77> O                       2.11024710542   -2.11025367019   -4.36254232956
| 78> O                      -2.11024642249   -2.11025367019   -4.36254232956
| 79> O                      -4.22049315145    4.22048648813   -0.10484794635
| 80> O                       4.22049390437    4.22048648813   -0.10484794635
| 81> O                       4.22049390437   -4.22050056769   -0.10484794635
| 82> O                      -4.22049315145   -4.22050056769   -0.10484794635
| 83> O                      -6.31519705040    2.09760027931   -0.11351127221
| 84> O                       6.31519786532    2.09760044175   -0.11351137219
| 85> O                       6.31519768186   -2.09761419059   -0.11351262991
| 86> O                      -6.31519690435   -2.09761398335   -0.11351238107
| 87> O                      -2.12578937395    6.34337286522   -0.11351262991
| 88> O                       2.12579015147    6.34337307247   -0.11351238107
| 89> O                       2.12579000542   -6.34338677651   -0.11351127221
| 90> O                      -2.12578919050   -6.34338661407   -0.11351137219
| 91> Mg>    2.00000000000    0.00000027652    4.22048691662   -2.21655080350
| 92> NewECP
| 93> N_core 0
| 94> lmax f
| 95> s 1
| 96> 1      1.732000000   14.676000000 2
| 97> p 1
| 98> 1      1.115000000    5.175700000 2
| 99> d 1
|100> 1      1.203000000   -1.816000000 2
|101> f 1
|102> 1      1.000000000    0.000000000 2
|103> end
|104> Mg>    2.00000000000    0.00000027652   -4.22050013920   -2.21655080350
|105> NewECP
|106> N_core 0
|107> lmax f
|108> s 1
|109> 1      1.732000000   14.676000000 2
|110> p 1
|111> 1      1.115000000    5.175700000 2
|112> d 1
|113> 1      1.203000000   -1.816000000 2
|114> f 1
|115> 1      1.000000000    0.000000000 2
|116> end
|117> Mg>    2.00000000000    4.22049365957   -0.00000736005   -2.26509025484
|118> NewECP
|119> N_core 0
|120> lmax f
|121> s 1
|122> 1      1.732000000   14.676000000 2
|123> p 1
|124> 1      1.115000000    5.175700000 2
|125> d 1
|126> 1      1.203000000   -1.816000000 2
|127> f 1
|128> 1      1.000000000    0.000000000 2
|129> end
|130> Mg>    2.00000000000   -4.22049339624   -0.00000736005   -2.26509025484
|131> NewECP
|132> N_core 0
|133> lmax f
|134> s 1
|135> 1      1.732000000   14.676000000 2
|136> p 1
|137> 1      1.115000000    5.175700000 2
|138> d 1
|139> 1      1.203000000   -1.816000000 2
|140> f 1
|141> 1      1.000000000    0.000000000 2
|142> end
|143> Mg>    2.00000000000    0.00000034146    2.11023985771   -4.36254232956
|144> NewECP
|145> N_core 0
|146> lmax f
|147> s 1
|148> 1      1.732000000   14.676000000 2
|149> p 1
|150> 1      1.115000000    5.175700000 2
|151> d 1
|152> 1      1.203000000   -1.816000000 2
|153> f 1
|154> 1      1.000000000    0.000000000 2
|155> end
|156> Mg>    2.00000000000    2.11024710542   -0.00000690624   -4.36254232956
|157> NewECP
|158> N_core 0
|159> lmax f
|160> s 1
|161> 1      1.732000000   14.676000000 2
|162> p 1
|163> 1      1.115000000    5.175700000 2
|164> d 1
|165> 1      1.203000000   -1.816000000 2
|166> f 1
|167> 1      1.000000000    0.000000000 2
|168> end
|169> Mg>    2.00000000000    0.00000034146   -2.11025367019   -4.36254232956
|170> NewECP
|171> N_core 0
|172> lmax f
|173> s 1
|174> 1      1.732000000   14.676000000 2
|175> p 1
|176> 1      1.115000000    5.175700000 2
|177> d 1
|178> 1      1.203000000   -1.816000000 2
|179> f 1
|180> 1      1.000000000    0.000000000 2
|181> end
|182> Mg>    2.00000000000   -2.11024642249   -0.00000690624   -4.36254232956
|183> NewECP
|184> N_core 0
|185> lmax f
|186> s 1
|187> 1      1.732000000   14.676000000 2
|188> p 1
|189> 1      1.115000000    5.175700000 2
|190> d 1
|191> 1      1.203000000   -1.816000000 2
|192> f 1
|193> 1      1.000000000    0.000000000 2
|194> end
|195> Mg>    2.00000000000    6.22247812006   -0.00000746138   -0.16405374819
|196> NewECP
|197> N_core 0
|198> lmax f
|199> s 1
|200> 1      1.732000000   14.676000000 2
|201> p 1
|202> 1      1.115000000    5.175700000 2
|203> d 1
|204> 1      1.203000000   -1.816000000 2
|205> f 1
|206> 1      1.000000000    0.000000000 2
|207> end
|208> Mg>    2.00000000000   -6.22247714549   -0.00000742419   -0.16405174740
|209> NewECP
|210> N_core 0
|211> lmax f
|212> s 1
|213> 1      1.732000000   14.676000000 2
|214> p 1
|215> 1      1.115000000    5.175700000 2
|216> d 1
|217> 1      1.203000000   -1.816000000 2
|218> f 1
|219> 1      1.000000000    0.000000000 2
|220> end
|221> Mg>    2.00000000000    0.00000024579    6.23613165742    0.06544759026
|222> NewECP
|223> N_core 0
|224> lmax f
|225> s 1
|226> 1      1.732000000   14.676000000 2
|227> p 1
|228> 1      1.115000000    5.175700000 2
|229> d 1
|230> 1      1.203000000   -1.816000000 2
|231> f 1
|232> 1      1.000000000    0.000000000 2
|233> end
|234> Mg>    2.00000000000    0.00000024929   -6.23614067769    0.06544084864
|235> NewECP
|236> N_core 0
|237> lmax f
|238> s 1
|239> 1      1.732000000   14.676000000 2
|240> p 1
|241> 1      1.115000000    5.175700000 2
|242> d 1
|243> 1      1.203000000   -1.816000000 2
|244> f 1
|245> 1      1.000000000    0.000000000 2
|246> end
|247> Mg>    2.00000000000   -4.22049307733    4.22048660816   -2.24889053990
|248> NewECP
|249> N_core 0
|250> lmax f
|251> s 1
|252> 1      1.732000000   14.676000000 2
|253> p 1
|254> 1      1.115000000    5.175700000 2
|255> d 1
|256> 1      1.203000000   -1.816000000 2
|257> f 1
|258> 1      1.000000000    0.000000000 2
|259> end
|260> Mg>    2.00000000000    4.22049397849    4.22048660816   -2.24889053990
|261> NewECP
|262> N_core 0
|263> lmax f
|264> s 1
|265> 1      1.732000000   14.676000000 2
|266> p 1
|267> 1      1.115000000    5.175700000 2
|268> d 1
|269> 1      1.203000000   -1.816000000 2
|270> f 1
|271> 1      1.000000000    0.000000000 2
|272> end
|273> Mg>    2.00000000000    4.22049397849   -4.22050044765   -2.24889053990
|274> NewECP
|275> N_core 0
|276> lmax f
|277> s 1
|278> 1      1.732000000   14.676000000 2
|279> p 1
|280> 1      1.115000000    5.175700000 2
|281> d 1
|282> 1      1.203000000   -1.816000000 2
|283> f 1
|284> 1      1.000000000    0.000000000 2
|285> end
|286> Mg>    2.00000000000   -4.22049307733   -4.22050044765   -2.24889053990
|287> NewECP
|288> N_core 0
|289> lmax f
|290> s 1
|291> 1      1.732000000   14.676000000 2
|292> p 1
|293> 1      1.115000000    5.175700000 2
|294> d 1
|295> 1      1.203000000   -1.816000000 2
|296> f 1
|297> 1      1.000000000    0.000000000 2
|298> end
|299> Mg>    2.00000000000   -4.22049318645    2.11023985771   -4.36254232956
|300> NewECP
|301> N_core 0
|302> lmax f
|303> s 1
|304> 1      1.732000000   14.676000000 2
|305> p 1
|306> 1      1.115000000    5.175700000 2
|307> d 1
|308> 1      1.203000000   -1.816000000 2
|309> f 1
|310> 1      1.000000000    0.000000000 2
|311> end
|312> Mg>    2.00000000000   -2.11024642249    4.22048662167   -4.36254232956
|313> NewECP
|314> N_core 0
|315> lmax f
|316> s 1
|317> 1      1.732000000   14.676000000 2
|318> p 1
|319> 1      1.115000000    5.175700000 2
|320> d 1
|321> 1      1.203000000   -1.816000000 2
|322> f 1
|323> 1      1.000000000    0.000000000 2
|324> end
|325> Mg>    2.00000000000    2.11024710542    4.22048662167   -4.36254232956
|326> NewECP
|327> N_core 0
|328> lmax f
|329> s 1
|330> 1      1.732000000   14.676000000 2
|331> p 1
|332> 1      1.115000000    5.175700000 2
|333> d 1
|334> 1      1.203000000   -1.816000000 2
|335> f 1
|336> 1      1.000000000    0.000000000 2
|337> end
|338> Mg>    2.00000000000    4.22049386937    2.11023985771   -4.36254232956
|339> NewECP
|340> N_core 0
|341> lmax f
|342> s 1
|343> 1      1.732000000   14.676000000 2
|344> p 1
|345> 1      1.115000000    5.175700000 2
|346> d 1
|347> 1      1.203000000   -1.816000000 2
|348> f 1
|349> 1      1.000000000    0.000000000 2
|350> end
|351> Mg>    2.00000000000    4.22049386937   -2.11025367019   -4.36254232956
|352> NewECP
|353> N_core 0
|354> lmax f
|355> s 1
|356> 1      1.732000000   14.676000000 2
|357> p 1
|358> 1      1.115000000    5.175700000 2
|359> d 1
|360> 1      1.203000000   -1.816000000 2
|361> f 1
|362> 1      1.000000000    0.000000000 2
|363> end
|364> Mg>    2.00000000000    2.11024710542   -4.22050043415   -4.36254232956
|365> NewECP
|366> N_core 0
|367> lmax f
|368> s 1
|369> 1      1.732000000   14.676000000 2
|370> p 1
|371> 1      1.115000000    5.175700000 2
|372> d 1
|373> 1      1.203000000   -1.816000000 2
|374> f 1
|375> 1      1.000000000    0.000000000 2
|376> end
|377> Mg>    2.00000000000   -2.11024642249   -4.22050043415   -4.36254232956
|378> NewECP
|379> N_core 0
|380> lmax f
|381> s 1
|382> 1      1.732000000   14.676000000 2
|383> p 1
|384> 1      1.115000000    5.175700000 2
|385> d 1
|386> 1      1.203000000   -1.816000000 2
|387> f 1
|388> 1      1.000000000    0.000000000 2
|389> end
|390> Mg>    2.00000000000   -4.22049318645   -2.11025367019   -4.36254232956
|391> NewECP
|392> N_core 0
|393> lmax f
|394> s 1
|395> 1      1.732000000   14.676000000 2
|396> p 1
|397> 1      1.115000000    5.175700000 2
|398> d 1
|399> 1      1.203000000   -1.816000000 2
|400> f 1
|401> 1      1.000000000    0.000000000 2
|402> end
|403> Mg>    2.00000000000    0.00000034146   -0.00000690624   -6.47278909352
|404> NewECP
|405> N_core 0
|406> lmax f
|407> s 1
|408> 1      1.732000000   14.676000000 2
|409> p 1
|410> 1      1.115000000    5.175700000 2
|411> d 1
|412> 1      1.203000000   -1.816000000 2
|413> f 1
|414> 1      1.000000000    0.000000000 2
|415> end
|416> Mg>    2.00000000000   -2.09302764919    6.32434673731   -2.22405263869
|417> NewECP
|418> N_core 0
|419> lmax f
|420> s 1
|421> 1      1.732000000   14.676000000 2
|422> p 1
|423> 1      1.115000000    5.175700000 2
|424> d 1
|425> 1      1.203000000   -1.816000000 2
|426> f 1
|427> 1      1.000000000    0.000000000 2
|428> end
|429> Mg>    2.00000000000    2.09302833828    6.32434695632   -2.22405174054
|430> NewECP
|431> N_core 0
|432> lmax f
|433> s 1
|434> 1      1.732000000   14.676000000 2
|435> p 1
|436> 1      1.115000000    5.175700000 2
|437> d 1
|438> 1      1.203000000   -1.816000000 2
|439> f 1
|440> 1      1.000000000    0.000000000 2
|441> end
|442> Mg>    2.00000000000    2.09302851728   -6.32436069149   -2.22405335119
|443> NewECP
|444> N_core 0
|445> lmax f
|446> s 1
|447> 1      1.732000000   14.676000000 2
|448> p 1
|449> 1      1.115000000    5.175700000 2
|450> d 1
|451> 1      1.203000000   -1.816000000 2
|452> f 1
|453> 1      1.000000000    0.000000000 2
|454> end
|455> Mg>    2.00000000000   -2.09302783758   -6.32436051061   -2.22405421688
|456> NewECP
|457> N_core 0
|458> lmax f
|459> s 1
|460> 1      1.732000000   14.676000000 2
|461> p 1
|462> 1      1.115000000    5.175700000 2
|463> d 1
|464> 1      1.203000000   -1.816000000 2
|465> f 1
|466> 1      1.000000000    0.000000000 2
|467> end
|468> Mg>    2.00000000000   -6.34795853853    2.11662636432   -2.22405335119
|469> NewECP
|470> N_core 0
|471> lmax f
|472> s 1
|473> 1      1.732000000   14.676000000 2
|474> p 1
|475> 1      1.115000000    5.175700000 2
|476> d 1
|477> 1      1.203000000   -1.816000000 2
|478> f 1
|479> 1      1.000000000    0.000000000 2
|480> end
|481> Mg>    2.00000000000    6.34795921824    2.11662654520   -2.22405421688
|482> NewECP
|483> N_core 0
|484> lmax f
|485> s 1
|486> 1      1.732000000   14.676000000 2
|487> p 1
|488> 1      1.115000000    5.175700000 2
|489> d 1
|490> 1      1.203000000   -1.816000000 2
|491> f 1
|492> 1      1.000000000    0.000000000 2
|493> end
|494> Mg>    2.00000000000    6.34795940663   -2.11664031850   -2.22405263869
|495> NewECP
|496> N_core 0
|497> lmax f
|498> s 1
|499> 1      1.732000000   14.676000000 2
|500> p 1
|501> 1      1.115000000    5.175700000 2
|502> d 1
|503> 1      1.203000000   -1.816000000 2
|504> f 1
|505> 1      1.000000000    0.000000000 2
|506> end
|507> Mg>    2.00000000000   -6.34795871753   -2.11664009950   -2.22405174054
|508> NewECP
|509> N_core 0
|510> lmax f
|511> s 1
|512> 1      1.732000000   14.676000000 2
|513> p 1
|514> 1      1.115000000    5.175700000 2
|515> d 1
|516> 1      1.203000000   -1.816000000 2
|517> f 1
|518> 1      1.000000000    0.000000000 2
|519> end
|520> Mg>    2.00000000000   -2.11024642249    2.11023985771   -6.47278909352
|521> NewECP
|522> N_core 0
|523> lmax f
|524> s 1
|525> 1      1.732000000   14.676000000 2
|526> p 1
|527> 1      1.115000000    5.175700000 2
|528> d 1
|529> 1      1.203000000   -1.816000000 2
|530> f 1
|531> 1      1.000000000    0.000000000 2
|532> end
|533> Mg>    2.00000000000    2.11024710542    2.11023985771   -6.47278909352
|534> NewECP
|535> N_core 0
|536> lmax f
|537> s 1
|538> 1      1.732000000   14.676000000 2
|539> p 1
|540> 1      1.115000000    5.175700000 2
|541> d 1
|542> 1      1.203000000   -1.816000000 2
|543> f 1
|544> 1      1.000000000    0.000000000 2
|545> end
|546> Mg>    2.00000000000    2.11024710542   -2.11025367019   -6.47278909352
|547> NewECP
|548> N_core 0
|549> lmax f
|550> s 1
|551> 1      1.732000000   14.676000000 2
|552> p 1
|553> 1      1.115000000    5.175700000 2
|554> d 1
|555> 1      1.203000000   -1.816000000 2
|556> f 1
|557> 1      1.000000000    0.000000000 2
|558> end
|559> Mg>    2.00000000000   -2.11024642249   -2.11025367019   -6.47278909352
|560> NewECP
|561> N_core 0
|562> lmax f
|563> s 1
|564> 1      1.732000000   14.676000000 2
|565> p 1
|566> 1      1.115000000    5.175700000 2
|567> d 1
|568> 1      1.203000000   -1.816000000 2
|569> f 1
|570> 1      1.000000000    0.000000000 2
|571> end
|572> Mg>    2.00000000000   -6.31104131099    4.22048717562   -0.13059632118
|573> NewECP
|574> N_core 0
|575> lmax f
|576> s 1
|577> 1      1.732000000   14.676000000 2
|578> p 1
|579> 1      1.115000000    5.175700000 2
|580> d 1
|581> 1      1.203000000   -1.816000000 2
|582> f 1
|583> 1      1.000000000    0.000000000 2
|584> end
|585> Mg>    2.00000000000    6.31104205572    4.22048719744   -0.13059550202
|586> NewECP
|587> N_core 0
|588> lmax f
|589> s 1
|590> 1      1.732000000   14.676000000 2
|591> p 1
|592> 1      1.115000000    5.175700000 2
|593> d 1
|594> 1      1.203000000   -1.816000000 2
|595> f 1
|596> 1      1.000000000    0.000000000 2
|597> end
|598> Mg>    2.00000000000    6.31104205572   -4.22049985838   -0.13059550202
|599> NewECP
|600> N_core 0
|601> lmax f
|602> s 1
|603> 1      1.732000000   14.676000000 2
|604> p 1
|605> 1      1.115000000    5.175700000 2
|606> d 1
|607> 1      1.203000000   -1.816000000 2
|608> f 1
|609> 1      1.000000000    0.000000000 2
|610> end
|611> Mg>    2.00000000000   -6.31104131099   -4.22049988020   -0.13059632118
|612> NewECP
|613> N_core 0
|614> lmax f
|615> s 1
|616> 1      1.732000000   14.676000000 2
|617> p 1
|618> 1      1.115000000    5.175700000 2
|619> d 1
|620> 1      1.203000000   -1.816000000 2
|621> f 1
|622> 1      1.000000000    0.000000000 2
|623> end
|624> Mg>    2.00000000000   -4.22049301130    6.31122475508   -0.13880142246
|625> NewECP
|626> N_core 0
|627> lmax f
|628> s 1
|629> 1      1.732000000   14.676000000 2
|630> p 1
|631> 1      1.115000000    5.175700000 2
|632> d 1
|633> 1      1.203000000   -1.816000000 2
|634> f 1
|635> 1      1.000000000    0.000000000 2
|636> end
|637> Mg>    2.00000000000    4.22049404452    6.31122475508   -0.13880142246
|638> NewECP
|639> N_core 0
|640> lmax f
|641> s 1
|642> 1      1.732000000   14.676000000 2
|643> p 1
|644> 1      1.115000000    5.175700000 2
|645> d 1
|646> 1      1.203000000   -1.816000000 2
|647> f 1
|648> 1      1.000000000    0.000000000 2
|649> end
|650> Mg>    2.00000000000    4.22049405445   -6.31123842917   -0.13880259387
|651> NewECP
|652> N_core 0
|653> lmax f
|654> s 1
|655> 1      1.732000000   14.676000000 2
|656> p 1
|657> 1      1.115000000    5.175700000 2
|658> d 1
|659> 1      1.203000000   -1.816000000 2
|660> f 1
|661> 1      1.000000000    0.000000000 2
|662> end
|663> Mg>    2.00000000000   -4.22049300136   -6.31123842917   -0.13880259387
|664> NewECP
|665> N_core 0
|666> lmax f
|667> s 1
|668> 1      1.732000000   14.676000000 2
|669> p 1
|670> 1      1.115000000    5.175700000 2
|671> d 1
|672> 1      1.203000000   -1.816000000 2
|673> f 1
|674> 1      1.000000000    0.000000000 2
|675> end
|676> Mg>    2.00000000000    0.00000034146    6.33073338562   -4.36254232956
|677> NewECP
|678> N_core 0
|679> lmax f
|680> s 1
|681> 1      1.732000000   14.676000000 2
|682> p 1
|683> 1      1.115000000    5.175700000 2
|684> d 1
|685> 1      1.203000000   -1.816000000 2
|686> f 1
|687> 1      1.000000000    0.000000000 2
|688> end
|689> Mg>    2.00000000000    6.33074063332   -0.00000690624   -4.36254232956
|690> NewECP
|691> N_core 0
|692> lmax f
|693> s 1
|694> 1      1.732000000   14.676000000 2
|695> p 1
|696> 1      1.115000000    5.175700000 2
|697> d 1
|698> 1      1.203000000   -1.816000000 2
|699> f 1
|700> 1      1.000000000    0.000000000 2
|701> end
|702> Mg>    2.00000000000    0.00000034146   -6.33074719810   -4.36254232956
|703> NewECP
|704> N_core 0
|705> lmax f
|706> s 1
|707> 1      1.732000000   14.676000000 2
|708> p 1
|709> 1      1.115000000    5.175700000 2
|710> d 1
|711> 1      1.203000000   -1.816000000 2
|712> f 1
|713> 1      1.000000000    0.000000000 2
|714> end
|715> Mg>    2.00000000000   -6.33073995040   -0.00000690624   -4.36254232956
|716> NewECP
|717> N_core 0
|718> lmax f
|719> s 1
|720> 1      1.732000000   14.676000000 2
|721> p 1
|722> 1      1.115000000    5.175700000 2
|723> d 1
|724> 1      1.203000000   -1.816000000 2
|725> f 1
|726> 1      1.000000000    0.000000000 2
|727> end
|728> Mg>    2.00000000000    0.00000034146    4.22048662167   -6.47278909352
|729> NewECP
|730> N_core 0
|731> lmax f
|732> s 1
|733> 1      1.732000000   14.676000000 2
|734> p 1
|735> 1      1.115000000    5.175700000 2
|736> d 1
|737> 1      1.203000000   -1.816000000 2
|738> f 1
|739> 1      1.000000000    0.000000000 2
|740> end
|741> Mg>    2.00000000000    4.22049386937   -0.00000690624   -6.47278909352
|742> NewECP
|743> N_core 0
|744> lmax f
|745> s 1
|746> 1      1.732000000   14.676000000 2
|747> p 1
|748> 1      1.115000000    5.175700000 2
|749> d 1
|750> 1      1.203000000   -1.816000000 2
|751> f 1
|752> 1      1.000000000    0.000000000 2
|753> end
|754> Mg>    2.00000000000    0.00000034146   -4.22050043415   -6.47278909352
|755> NewECP
|756> N_core 0
|757> lmax f
|758> s 1
|759> 1      1.732000000   14.676000000 2
|760> p 1
|761> 1      1.115000000    5.175700000 2
|762> d 1
|763> 1      1.203000000   -1.816000000 2
|764> f 1
|765> 1      1.000000000    0.000000000 2
|766> end
|767> Mg>    2.00000000000   -4.22049318645   -0.00000690624   -6.47278909352
|768> NewECP
|769> N_core 0
|770> lmax f
|771> s 1
|772> 1      1.732000000   14.676000000 2
|773> p 1
|774> 1      1.115000000    5.175700000 2
|775> d 1
|776> 1      1.203000000   -1.816000000 2
|777> f 1
|778> 1      1.000000000    0.000000000 2
|779> end
|780> Mg>    2.00000000000   -8.44098680653    2.20484637813    0.06544084864
|781> NewECP
|782> N_core 0
|783> lmax f
|784> s 1
|785> 1      1.732000000   14.676000000 2
|786> p 1
|787> 1      1.115000000    5.175700000 2
|788> d 1
|789> 1      1.203000000   -1.816000000 2
|790> f 1
|791> 1      1.000000000    0.000000000 2
|792> end
|793> Mg>    2.00000000000    8.44098730511    2.20484637813    0.06544084864
|794> NewECP
|795> N_core 0
|796> lmax f
|797> s 1
|798> 1      1.732000000   14.676000000 2
|799> p 1
|800> 1      1.115000000    5.175700000 2
|801> d 1
|802> 1      1.203000000   -1.816000000 2
|803> f 1
|804> 1      1.000000000    0.000000000 2
|805> end
|806> Mg>    2.00000000000    8.44098730161   -2.20485539840    0.06544759026
|807> NewECP
|808> N_core 0
|809> lmax f
|810> s 1
|811> 1      1.732000000   14.676000000 2
|812> p 1
|813> 1      1.115000000    5.175700000 2
|814> d 1
|815> 1      1.203000000   -1.816000000 2
|816> f 1
|817> 1      1.000000000    0.000000000 2
|818> end
|819> Mg>    2.00000000000   -8.44098681002   -2.20485539840    0.06544759026
|820> NewECP
|821> N_core 0
|822> lmax f
|823> s 1
|824> 1      1.732000000   14.676000000 2
|825> p 1
|826> 1      1.115000000    5.175700000 2
|827> d 1
|828> 1      1.203000000   -1.816000000 2
|829> f 1
|830> 1      1.000000000    0.000000000 2
|831> end
|832> Mg>    2.00000000000   -2.21850893576    8.44097959443   -0.16405374819
|833> NewECP
|834> N_core 0
|835> lmax f
|836> s 1
|837> 1      1.732000000   14.676000000 2
|838> p 1
|839> 1      1.115000000    5.175700000 2
|840> d 1
|841> 1      1.203000000   -1.816000000 2
|842> f 1
|843> 1      1.000000000    0.000000000 2
|844> end
|845> Mg>    2.00000000000    2.21850991033    8.44097963163   -0.16405174740
|846> NewECP
|847> N_core 0
|848> lmax f
|849> s 1
|850> 1      1.732000000   14.676000000 2
|851> p 1
|852> 1      1.115000000    5.175700000 2
|853> d 1
|854> 1      1.203000000   -1.816000000 2
|855> f 1
|856> 1      1.000000000    0.000000000 2
|857> end
|858> Mg>    2.00000000000    2.21850991033   -8.44099448001   -0.16405174740
|859> NewECP
|860> N_core 0
|861> lmax f
|862> s 1
|863> 1      1.732000000   14.676000000 2
|864> p 1
|865> 1      1.115000000    5.175700000 2
|866> d 1
|867> 1      1.203000000   -1.816000000 2
|868> f 1
|869> 1      1.000000000    0.000000000 2
|870> end
|871> Mg>    2.00000000000   -2.21850893576   -8.44099451720   -0.16405374819
|872> NewECP
|873> N_core 0
|874> lmax f
|875> s 1
|876> 1      1.732000000   14.676000000 2
|877> p 1
|878> 1      1.115000000    5.175700000 2
|879> d 1
|880> 1      1.203000000   -1.816000000 2
|881> f 1
|882> 1      1.000000000    0.000000000 2
|883> end
|884> Mg>    2.00000000000    0.00000050214    8.44098028023   -2.28878000730
|885> NewECP
|886> N_core 0
|887> lmax f
|888> s 1
|889> 1      1.732000000   14.676000000 2
|890> p 1
|891> 1      1.115000000    5.175700000 2
|892> d 1
|893> 1      1.203000000   -1.816000000 2
|894> f 1
|895> 1      1.000000000    0.000000000 2
|896> end
|897> Mg>    2.00000000000    8.44098755795   -0.00000677559   -2.28878000730
|898> NewECP
|899> N_core 0
|900> lmax f
|901> s 1
|902> 1      1.732000000   14.676000000 2
|903> p 1
|904> 1      1.115000000    5.175700000 2
|905> d 1
|906> 1      1.203000000   -1.816000000 2
|907> f 1
|908> 1      1.000000000    0.000000000 2
|909> end
|910> Mg>    2.00000000000    0.00000050214   -8.44099383141   -2.28878000730
|911> NewECP
|912> N_core 0
|913> lmax f
|914> s 1
|915> 1      1.732000000   14.676000000 2
|916> p 1
|917> 1      1.115000000    5.175700000 2
|918> d 1
|919> 1      1.203000000   -1.816000000 2
|920> f 1
|921> 1      1.000000000    0.000000000 2
|922> end
|923> Mg>    2.00000000000   -8.44098655368   -0.00000677559   -2.28878000730
|924> NewECP
|925> N_core 0
|926> lmax f
|927> s 1
|928> 1      1.732000000   14.676000000 2
|929> p 1
|930> 1      1.115000000    5.175700000 2
|931> d 1
|932> 1      1.203000000   -1.816000000 2
|933> f 1
|934> 1      1.000000000    0.000000000 2
|935> end
|936> Mg>    2.00000000000   -6.33073995040    4.22048662167   -4.36254232956
|937> NewECP
|938> N_core 0
|939> lmax f
|940> s 1
|941> 1      1.732000000   14.676000000 2
|942> p 1
|943> 1      1.115000000    5.175700000 2
|944> d 1
|945> 1      1.203000000   -1.816000000 2
|946> f 1
|947> 1      1.000000000    0.000000000 2
|948> end
|949> Mg>    2.00000000000   -4.22049318645    6.33073338562   -4.36254232956
|950> NewECP
|951> N_core 0
|952> lmax f
|953> s 1
|954> 1      1.732000000   14.676000000 2
|955> p 1
|956> 1      1.115000000    5.175700000 2
|957> d 1
|958> 1      1.203000000   -1.816000000 2
|959> f 1
|960> 1      1.000000000    0.000000000 2
|961> end
|962> Mg>    2.00000000000    4.22049386937    6.33073338562   -4.36254232956
|963> NewECP
|964> N_core 0
|965> lmax f
|966> s 1
|967> 1      1.732000000   14.676000000 2
|968> p 1
|969> 1      1.115000000    5.175700000 2
|970> d 1
|971> 1      1.203000000   -1.816000000 2
|972> f 1
|973> 1      1.000000000    0.000000000 2
|974> end
|975> Mg>    2.00000000000    6.33074063332    4.22048662167   -4.36254232956
|976> NewECP
|977> N_core 0
|978> lmax f
|979> s 1
|980> 1      1.732000000   14.676000000 2
|981> p 1
|982> 1      1.115000000    5.175700000 2
|983> d 1
|984> 1      1.203000000   -1.816000000 2
|985> f 1
|986> 1      1.000000000    0.000000000 2
|987> end
|988> Mg>    2.00000000000    6.33074063332   -4.22050043415   -4.36254232956
|989> NewECP
|990> N_core 0
|991> lmax f
|992> s 1
|993> 1      1.732000000   14.676000000 2
|994> p 1
|995> 1      1.115000000    5.175700000 2
|996> d 1
|997> 1      1.203000000   -1.816000000 2
|998> f 1
|999> 1      1.000000000    0.000000000 2
|1000> end
|1001> Mg>    2.00000000000    4.22049386937   -6.33074719810   -4.36254232956
|1002> NewECP
|1003> N_core 0
|1004> lmax f
|1005> s 1
|1006> 1      1.732000000   14.676000000 2
|1007> p 1
|1008> 1      1.115000000    5.175700000 2
|1009> d 1
|1010> 1      1.203000000   -1.816000000 2
|1011> f 1
|1012> 1      1.000000000    0.000000000 2
|1013> end
|1014> Mg>    2.00000000000   -4.22049318645   -6.33074719810   -4.36254232956
|1015> NewECP
|1016> N_core 0
|1017> lmax f
|1018> s 1
|1019> 1      1.732000000   14.676000000 2
|1020> p 1
|1021> 1      1.115000000    5.175700000 2
|1022> d 1
|1023> 1      1.203000000   -1.816000000 2
|1024> f 1
|1025> 1      1.000000000    0.000000000 2
|1026> end
|1027> Mg>    2.00000000000   -6.33073995040   -4.22050043415   -4.36254232956
|1028> NewECP
|1029> N_core 0
|1030> lmax f
|1031> s 1
|1032> 1      1.732000000   14.676000000 2
|1033> p 1
|1034> 1      1.115000000    5.175700000 2
|1035> d 1
|1036> 1      1.203000000   -1.816000000 2
|1037> f 1
|1038> 1      1.000000000    0.000000000 2
|1039> end
|1040> Mg>    2.00000000000   -4.22049318645    4.22048662167   -6.47278909352
|1041> NewECP
|1042> N_core 0
|1043> lmax f
|1044> s 1
|1045> 1      1.732000000   14.676000000 2
|1046> p 1
|1047> 1      1.115000000    5.175700000 2
|1048> d 1
|1049> 1      1.203000000   -1.816000000 2
|1050> f 1
|1051> 1      1.000000000    0.000000000 2
|1052> end
|1053> Mg>    2.00000000000    4.22049386937    4.22048662167   -6.47278909352
|1054> NewECP
|1055> N_core 0
|1056> lmax f
|1057> s 1
|1058> 1      1.732000000   14.676000000 2
|1059> p 1
|1060> 1      1.115000000    5.175700000 2
|1061> d 1
|1062> 1      1.203000000   -1.816000000 2
|1063> f 1
|1064> 1      1.000000000    0.000000000 2
|1065> end
|1066> Mg>    2.00000000000    4.22049386937   -4.22050043415   -6.47278909352
|1067> NewECP
|1068> N_core 0
|1069> lmax f
|1070> s 1
|1071> 1      1.732000000   14.676000000 2
|1072> p 1
|1073> 1      1.115000000    5.175700000 2
|1074> d 1
|1075> 1      1.203000000   -1.816000000 2
|1076> f 1
|1077> 1      1.000000000    0.000000000 2
|1078> end
|1079> Mg>    2.00000000000   -4.22049318645   -4.22050043415   -6.47278909352
|1080> NewECP
|1081> N_core 0
|1082> lmax f
|1083> s 1
|1084> 1      1.732000000   14.676000000 2
|1085> p 1
|1086> 1      1.115000000    5.175700000 2
|1087> d 1
|1088> 1      1.203000000   -1.816000000 2
|1089> f 1
|1090> 1      1.000000000    0.000000000 2
|1091> end
|1092> Mg>    2.00000000000   -6.34795871753    6.32434695632   -2.22405174054
|1093> NewECP
|1094> N_core 0
|1095> lmax f
|1096> s 1
|1097> 1      1.732000000   14.676000000 2
|1098> p 1
|1099> 1      1.115000000    5.175700000 2
|1100> d 1
|1101> 1      1.203000000   -1.816000000 2
|1102> f 1
|1103> 1      1.000000000    0.000000000 2
|1104> end
|1105> Mg>    2.00000000000    6.34795940663    6.32434673731   -2.22405263869
|1106> NewECP
|1107> N_core 0
|1108> lmax f
|1109> s 1
|1110> 1      1.732000000   14.676000000 2
|1111> p 1
|1112> 1      1.115000000    5.175700000 2
|1113> d 1
|1114> 1      1.203000000   -1.816000000 2
|1115> f 1
|1116> 1      1.000000000    0.000000000 2
|1117> end
|1118> Mg>    2.00000000000    6.34795921824   -6.32436051061   -2.22405421688
|1119> NewECP
|1120> N_core 0
|1121> lmax f
|1122> s 1
|1123> 1      1.732000000   14.676000000 2
|1124> p 1
|1125> 1      1.115000000    5.175700000 2
|1126> d 1
|1127> 1      1.203000000   -1.816000000 2
|1128> f 1
|1129> 1      1.000000000    0.000000000 2
|1130> end
|1131> Mg>    2.00000000000   -6.34795853853   -6.32436069149   -2.22405335119
|1132> NewECP
|1133> N_core 0
|1134> lmax f
|1135> s 1
|1136> 1      1.732000000   14.676000000 2
|1137> p 1
|1138> 1      1.115000000    5.175700000 2
|1139> d 1
|1140> 1      1.203000000   -1.816000000 2
|1141> f 1
|1142> 1      1.000000000    0.000000000 2
|1143> end
|1144> Mg>    2.00000000000   -6.33073995040    2.11023985771   -6.47278909352
|1145> NewECP
|1146> N_core 0
|1147> lmax f
|1148> s 1
|1149> 1      1.732000000   14.676000000 2
|1150> p 1
|1151> 1      1.115000000    5.175700000 2
|1152> d 1
|1153> 1      1.203000000   -1.816000000 2
|1154> f 1
|1155> 1      1.000000000    0.000000000 2
|1156> end
|1157> Mg>    2.00000000000   -2.11024642249    6.33073338562   -6.47278909352
|1158> NewECP
|1159> N_core 0
|1160> lmax f
|1161> s 1
|1162> 1      1.732000000   14.676000000 2
|1163> p 1
|1164> 1      1.115000000    5.175700000 2
|1165> d 1
|1166> 1      1.203000000   -1.816000000 2
|1167> f 1
|1168> 1      1.000000000    0.000000000 2
|1169> end
|1170> Mg>    2.00000000000    2.11024710542    6.33073338562   -6.47278909352
|1171> NewECP
|1172> N_core 0
|1173> lmax f
|1174> s 1
|1175> 1      1.732000000   14.676000000 2
|1176> p 1
|1177> 1      1.115000000    5.175700000 2
|1178> d 1
|1179> 1      1.203000000   -1.816000000 2
|1180> f 1
|1181> 1      1.000000000    0.000000000 2
|1182> end
|1183> Mg>    2.00000000000    6.33074063332    2.11023985771   -6.47278909352
|1184> NewECP
|1185> N_core 0
|1186> lmax f
|1187> s 1
|1188> 1      1.732000000   14.676000000 2
|1189> p 1
|1190> 1      1.115000000    5.175700000 2
|1191> d 1
|1192> 1      1.203000000   -1.816000000 2
|1193> f 1
|1194> 1      1.000000000    0.000000000 2
|1195> end
|1196> Mg>    2.00000000000    6.33074063332   -2.11025367019   -6.47278909352
|1197> NewECP
|1198> N_core 0
|1199> lmax f
|1200> s 1
|1201> 1      1.732000000   14.676000000 2
|1202> p 1
|1203> 1      1.115000000    5.175700000 2
|1204> d 1
|1205> 1      1.203000000   -1.816000000 2
|1206> f 1
|1207> 1      1.000000000    0.000000000 2
|1208> end
|1209> Mg>    2.00000000000    2.11024710542   -6.33074719810   -6.47278909352
|1210> NewECP
|1211> N_core 0
|1212> lmax f
|1213> s 1
|1214> 1      1.732000000   14.676000000 2
|1215> p 1
|1216> 1      1.115000000    5.175700000 2
|1217> d 1
|1218> 1      1.203000000   -1.816000000 2
|1219> f 1
|1220> 1      1.000000000    0.000000000 2
|1221> end
|1222> Mg>    2.00000000000   -2.11024642249   -6.33074719810   -6.47278909352
|1223> NewECP
|1224> N_core 0
|1225> lmax f
|1226> s 1
|1227> 1      1.732000000   14.676000000 2
|1228> p 1
|1229> 1      1.115000000    5.175700000 2
|1230> d 1
|1231> 1      1.203000000   -1.816000000 2
|1232> f 1
|1233> 1      1.000000000    0.000000000 2
|1234> end
|1235> Mg>    2.00000000000   -6.33073995040   -2.11025367019   -6.47278909352
|1236> NewECP
|1237> N_core 0
|1238> lmax f
|1239> s 1
|1240> 1      1.732000000   14.676000000 2
|1241> p 1
|1242> 1      1.115000000    5.175700000 2
|1243> d 1
|1244> 1      1.203000000   -1.816000000 2
|1245> f 1
|1246> 1      1.000000000    0.000000000 2
|1247> end
|1248> Mg>    2.00000000000   -8.44098677929    4.22048691662   -2.21655080350
|1249> NewECP
|1250> N_core 0
|1251> lmax f
|1252> s 1
|1253> 1      1.732000000   14.676000000 2
|1254> p 1
|1255> 1      1.115000000    5.175700000 2
|1256> d 1
|1257> 1      1.203000000   -1.816000000 2
|1258> f 1
|1259> 1      1.000000000    0.000000000 2
|1260> end
|1261> Mg>    2.00000000000    8.44098733234    4.22048691662   -2.21655080350
|1262> NewECP
|1263> N_core 0
|1264> lmax f
|1265> s 1
|1266> 1      1.732000000   14.676000000 2
|1267> p 1
|1268> 1      1.115000000    5.175700000 2
|1269> d 1
|1270> 1      1.203000000   -1.816000000 2
|1271> f 1
|1272> 1      1.000000000    0.000000000 2
|1273> end
|1274> Mg>    2.00000000000    8.44098733234   -4.22050013920   -2.21655080350
|1275> NewECP
|1276> N_core 0
|1277> lmax f
|1278> s 1
|1279> 1      1.732000000   14.676000000 2
|1280> p 1
|1281> 1      1.115000000    5.175700000 2
|1282> d 1
|1283> 1      1.203000000   -1.816000000 2
|1284> f 1
|1285> 1      1.000000000    0.000000000 2
|1286> end
|1287> Mg>    2.00000000000   -8.44098677929   -4.22050013920   -2.21655080350
|1288> NewECP
|1289> N_core 0
|1290> lmax f
|1291> s 1
|1292> 1      1.732000000   14.676000000 2
|1293> p 1
|1294> 1      1.115000000    5.175700000 2
|1295> d 1
|1296> 1      1.203000000   -1.816000000 2
|1297> f 1
|1298> 1      1.000000000    0.000000000 2
|1299> end
|1300> Mg>    2.00000000000   -4.22049339624    8.44097969577   -2.26509025484
|1301> NewECP
|1302> N_core 0
|1303> lmax f
|1304> s 1
|1305> 1      1.732000000   14.676000000 2
|1306> p 1
|1307> 1      1.115000000    5.175700000 2
|1308> d 1
|1309> 1      1.203000000   -1.816000000 2
|1310> f 1
|1311> 1      1.000000000    0.000000000 2
|1312> end
|1313> Mg>    2.00000000000    4.22049365957    8.44097969577   -2.26509025484
|1314> NewECP
|1315> N_core 0
|1316> lmax f
|1317> s 1
|1318> 1      1.732000000   14.676000000 2
|1319> p 1
|1320> 1      1.115000000    5.175700000 2
|1321> d 1
|1322> 1      1.203000000   -1.816000000 2
|1323> f 1
|1324> 1      1.000000000    0.000000000 2
|1325> end
|1326> Mg>    2.00000000000    4.22049365957   -8.44099441587   -2.26509025484
|1327> NewECP
|1328> N_core 0
|1329> lmax f
|1330> s 1
|1331> 1      1.732000000   14.676000000 2
|1332> p 1
|1333> 1      1.115000000    5.175700000 2
|1334> d 1
|1335> 1      1.203000000   -1.816000000 2
|1336> f 1
|1337> 1      1.000000000    0.000000000 2
|1338> end
|1339> Mg>    2.00000000000   -4.22049339624   -8.44099441587   -2.26509025484
|1340> NewECP
|1341> N_core 0
|1342> lmax f
|1343> s 1
|1344> 1      1.732000000   14.676000000 2
|1345> p 1
|1346> 1      1.115000000    5.175700000 2
|1347> d 1
|1348> 1      1.203000000   -1.816000000 2
|1349> f 1
|1350> 1      1.000000000    0.000000000 2
|1351> end
|1352> Mg>    2.00000000000   -8.44098671436    2.11023985771   -4.36254232956
|1353> NewECP
|1354> N_core 0
|1355> lmax f
|1356> s 1
|1357> 1      1.732000000   14.676000000 2
|1358> p 1
|1359> 1      1.115000000    5.175700000 2
|1360> d 1
|1361> 1      1.203000000   -1.816000000 2
|1362> f 1
|1363> 1      1.000000000    0.000000000 2
|1364> end
|1365> Mg>    2.00000000000   -2.11024642249    8.44098014958   -4.36254232956
|1366> NewECP
|1367> N_core 0
|1368> lmax f
|1369> s 1
|1370> 1      1.732000000   14.676000000 2
|1371> p 1
|1372> 1      1.115000000    5.175700000 2
|1373> d 1
|1374> 1      1.203000000   -1.816000000 2
|1375> f 1
|1376> 1      1.000000000    0.000000000 2
|1377> end
|1378> Mg>    2.00000000000    2.11024710542    8.44098014958   -4.36254232956
|1379> NewECP
|1380> N_core 0
|1381> lmax f
|1382> s 1
|1383> 1      1.732000000   14.676000000 2
|1384> p 1
|1385> 1      1.115000000    5.175700000 2
|1386> d 1
|1387> 1      1.203000000   -1.816000000 2
|1388> f 1
|1389> 1      1.000000000    0.000000000 2
|1390> end
|1391> Mg>    2.00000000000    8.44098739728    2.11023985771   -4.36254232956
|1392> NewECP
|1393> N_core 0
|1394> lmax f
|1395> s 1
|1396> 1      1.732000000   14.676000000 2
|1397> p 1
|1398> 1      1.115000000    5.175700000 2
|1399> d 1
|1400> 1      1.203000000   -1.816000000 2
|1401> f 1
|1402> 1      1.000000000    0.000000000 2
|1403> end
|1404> Mg>    2.00000000000    8.44098739728   -2.11025367019   -4.36254232956
|1405> NewECP
|1406> N_core 0
|1407> lmax f
|1408> s 1
|1409> 1      1.732000000   14.676000000 2
|1410> p 1
|1411> 1      1.115000000    5.175700000 2
|1412> d 1
|1413> 1      1.203000000   -1.816000000 2
|1414> f 1
|1415> 1      1.000000000    0.000000000 2
|1416> end
|1417> Mg>    2.00000000000    2.11024710542   -8.44099396206   -4.36254232956
|1418> NewECP
|1419> N_core 0
|1420> lmax f
|1421> s 1
|1422> 1      1.732000000   14.676000000 2
|1423> p 1
|1424> 1      1.115000000    5.175700000 2
|1425> d 1
|1426> 1      1.203000000   -1.816000000 2
|1427> f 1
|1428> 1      1.000000000    0.000000000 2
|1429> end
|1430> Mg>    2.00000000000   -2.11024642249   -8.44099396206   -4.36254232956
|1431> NewECP
|1432> N_core 0
|1433> lmax f
|1434> s 1
|1435> 1      1.732000000   14.676000000 2
|1436> p 1
|1437> 1      1.115000000    5.175700000 2
|1438> d 1
|1439> 1      1.203000000   -1.816000000 2
|1440> f 1
|1441> 1      1.000000000    0.000000000 2
|1442> end
|1443> Mg>    2.00000000000   -8.44098671436   -2.11025367019   -4.36254232956
|1444> NewECP
|1445> N_core 0
|1446> lmax f
|1447> s 1
|1448> 1      1.732000000   14.676000000 2
|1449> p 1
|1450> 1      1.115000000    5.175700000 2
|1451> d 1
|1452> 1      1.203000000   -1.816000000 2
|1453> f 1
|1454> 1      1.000000000    0.000000000 2
|1455> end
|1456> Mg>    2.00000000000   -6.22247714549    8.44097963163   -0.16405174740
|1457> NewECP
|1458> N_core 0
|1459> lmax f
|1460> s 1
|1461> 1      1.732000000   14.676000000 2
|1462> p 1
|1463> 1      1.115000000    5.175700000 2
|1464> d 1
|1465> 1      1.203000000   -1.816000000 2
|1466> f 1
|1467> 1      1.000000000    0.000000000 2
|1468> end
|1469> Mg>    2.00000000000    6.22247812006    8.44097959443   -0.16405374819
|1470> NewECP
|1471> N_core 0
|1472> lmax f
|1473> s 1
|1474> 1      1.732000000   14.676000000 2
|1475> p 1
|1476> 1      1.115000000    5.175700000 2
|1477> d 1
|1478> 1      1.203000000   -1.816000000 2
|1479> f 1
|1480> 1      1.000000000    0.000000000 2
|1481> end
|1482> Mg>    2.00000000000    6.22247812006   -8.44099451720   -0.16405374819
|1483> NewECP
|1484> N_core 0
|1485> lmax f
|1486> s 1
|1487> 1      1.732000000   14.676000000 2
|1488> p 1
|1489> 1      1.115000000    5.175700000 2
|1490> d 1
|1491> 1      1.203000000   -1.816000000 2
|1492> f 1
|1493> 1      1.000000000    0.000000000 2
|1494> end
|1495> Mg>    2.00000000000   -6.22247714549   -8.44099448001   -0.16405174740
|1496> NewECP
|1497> N_core 0
|1498> lmax f
|1499> s 1
|1500> 1      1.732000000   14.676000000 2
|1501> p 1
|1502> 1      1.115000000    5.175700000 2
|1503> d 1
|1504> 1      1.203000000   -1.816000000 2
|1505> f 1
|1506> 1      1.000000000    0.000000000 2
|1507> end
|1508> Mg>    2.00000000000   -8.44098681002    6.23613165742    0.06544759026
|1509> NewECP
|1510> N_core 0
|1511> lmax f
|1512> s 1
|1513> 1      1.732000000   14.676000000 2
|1514> p 1
|1515> 1      1.115000000    5.175700000 2
|1516> d 1
|1517> 1      1.203000000   -1.816000000 2
|1518> f 1
|1519> 1      1.000000000    0.000000000 2
|1520> end
|1521> Mg>    2.00000000000    8.44098730161    6.23613165742    0.06544759026
|1522> NewECP
|1523> N_core 0
|1524> lmax f
|1525> s 1
|1526> 1      1.732000000   14.676000000 2
|1527> p 1
|1528> 1      1.115000000    5.175700000 2
|1529> d 1
|1530> 1      1.203000000   -1.816000000 2
|1531> f 1
|1532> 1      1.000000000    0.000000000 2
|1533> end
|1534> Mg>    2.00000000000    8.44098730511   -6.23614067769    0.06544084864
|1535> NewECP
|1536> N_core 0
|1537> lmax f
|1538> s 1
|1539> 1      1.732000000   14.676000000 2
|1540> p 1
|1541> 1      1.115000000    5.175700000 2
|1542> d 1
|1543> 1      1.203000000   -1.816000000 2
|1544> f 1
|1545> 1      1.000000000    0.000000000 2
|1546> end
|1547> Mg>    2.00000000000   -8.44098680653   -6.23614067769    0.06544084864
|1548> NewECP
|1549> N_core 0
|1550> lmax f
|1551> s 1
|1552> 1      1.732000000   14.676000000 2
|1553> p 1
|1554> 1      1.115000000    5.175700000 2
|1555> d 1
|1556> 1      1.203000000   -1.816000000 2
|1557> f 1
|1558> 1      1.000000000    0.000000000 2
|1559> end
|1560> Mg>    2.00000000000    0.00000024929   10.64583343395    0.06544084864
|1561> NewECP
|1562> N_core 0
|1563> lmax f
|1564> s 1
|1565> 1      1.732000000   14.676000000 2
|1566> p 1
|1567> 1      1.115000000    5.175700000 2
|1568> d 1
|1569> 1      1.203000000   -1.816000000 2
|1570> f 1
|1571> 1      1.000000000    0.000000000 2
|1572> end
|1573> Mg>    2.00000000000    0.00000024579  -10.64584245421    0.06544759026
|1574> NewECP
|1575> N_core 0
|1576> lmax f
|1577> s 1
|1578> 1      1.732000000   14.676000000 2
|1579> p 1
|1580> 1      1.115000000    5.175700000 2
|1581> d 1
|1582> 1      1.203000000   -1.816000000 2
|1583> f 1
|1584> 1      1.000000000    0.000000000 2
|1585> end
|1586> Mg>    2.00000000000   10.65949696615   -0.00000742419   -0.16405174740
|1587> NewECP
|1588> N_core 0
|1589> lmax f
|1590> s 1
|1591> 1      1.732000000   14.676000000 2
|1592> p 1
|1593> 1      1.115000000    5.175700000 2
|1594> d 1
|1595> 1      1.203000000   -1.816000000 2
|1596> f 1
|1597> 1      1.000000000    0.000000000 2
|1598> end
|1599> Mg>    2.00000000000  -10.65949599157   -0.00000746138   -0.16405374819
|1600> NewECP
|1601> N_core 0
|1602> lmax f
|1603> s 1
|1604> 1      1.732000000   14.676000000 2
|1605> p 1
|1606> 1      1.115000000    5.175700000 2
|1607> d 1
|1608> 1      1.203000000   -1.816000000 2
|1609> f 1
|1610> 1      1.000000000    0.000000000 2
|1611> end
|1612> Mg>    2.00000000000  -10.53401489339    2.11662654520   -2.22405421688
|1613> NewECP
|1614> N_core 0
|1615> lmax f
|1616> s 1
|1617> 1      1.732000000   14.676000000 2
|1618> p 1
|1619> 1      1.115000000    5.175700000 2
|1620> d 1
|1621> 1      1.203000000   -1.816000000 2
|1622> f 1
|1623> 1      1.000000000    0.000000000 2
|1624> end
|1625> Mg>    2.00000000000   10.53401557310    2.11662636432   -2.22405335119
|1626> NewECP
|1627> N_core 0
|1628> lmax f
|1629> s 1
|1630> 1      1.732000000   14.676000000 2
|1631> p 1
|1632> 1      1.115000000    5.175700000 2
|1633> d 1
|1634> 1      1.203000000   -1.816000000 2
|1635> f 1
|1636> 1      1.000000000    0.000000000 2
|1637> end
|1638> Mg>    2.00000000000   10.53401539410   -2.11664009950   -2.22405174054
|1639> NewECP
|1640> N_core 0
|1641> lmax f
|1642> s 1
|1643> 1      1.732000000   14.676000000 2
|1644> p 1
|1645> 1      1.115000000    5.175700000 2
|1646> d 1
|1647> 1      1.203000000   -1.816000000 2
|1648> f 1
|1649> 1      1.000000000    0.000000000 2
|1650> end
|1651> Mg>    2.00000000000  -10.53401470501   -2.11664031850   -2.22405263869
|1652> NewECP
|1653> N_core 0
|1654> lmax f
|1655> s 1
|1656> 1      1.732000000   14.676000000 2
|1657> p 1
|1658> 1      1.115000000    5.175700000 2
|1659> d 1
|1660> 1      1.203000000   -1.816000000 2
|1661> f 1
|1662> 1      1.000000000    0.000000000 2
|1663> end
|1664> Mg>    2.00000000000   -2.09302783758   10.55761360102   -2.22405421688
|1665> NewECP
|1666> N_core 0
|1667> lmax f
|1668> s 1
|1669> 1      1.732000000   14.676000000 2
|1670> p 1
|1671> 1      1.115000000    5.175700000 2
|1672> d 1
|1673> 1      1.203000000   -1.816000000 2
|1674> f 1
|1675> 1      1.000000000    0.000000000 2
|1676> end
|1677> Mg>    2.00000000000    2.09302851728   10.55761342014   -2.22405335119
|1678> NewECP
|1679> N_core 0
|1680> lmax f
|1681> s 1
|1682> 1      1.732000000   14.676000000 2
|1683> p 1
|1684> 1      1.115000000    5.175700000 2
|1685> d 1
|1686> 1      1.203000000   -1.816000000 2
|1687> f 1
|1688> 1      1.000000000    0.000000000 2
|1689> end
|1690> Mg>    2.00000000000    2.09302833828  -10.55762715532   -2.22405174054
|1691> NewECP
|1692> N_core 0
|1693> lmax f
|1694> s 1
|1695> 1      1.732000000   14.676000000 2
|1696> p 1
|1697> 1      1.115000000    5.175700000 2
|1698> d 1
|1699> 1      1.203000000   -1.816000000 2
|1700> f 1
|1701> 1      1.000000000    0.000000000 2
|1702> end
|1703> Mg>    2.00000000000   -2.09302764919  -10.55762737432   -2.22405263869
|1704> NewECP
|1705> N_core 0
|1706> lmax f
|1707> s 1
|1708> 1      1.732000000   14.676000000 2
|1709> p 1
|1710> 1      1.115000000    5.175700000 2
|1711> d 1
|1712> 1      1.203000000   -1.816000000 2
|1713> f 1
|1714> 1      1.000000000    0.000000000 2
|1715> end
|1716> Mg>    2.00000000000   -4.22049300136   10.57073568246   -0.13880259387
|1717> NewECP
|1718> N_core 0
|1719> lmax f
|1720> s 1
|1721> 1      1.732000000   14.676000000 2
|1722> p 1
|1723> 1      1.115000000    5.175700000 2
|1724> d 1
|1725> 1      1.203000000   -1.816000000 2
|1726> f 1
|1727> 1      1.000000000    0.000000000 2
|1728> end
|1729> Mg>    2.00000000000    4.22049405445   10.57073568246   -0.13880259387
|1730> NewECP
|1731> N_core 0
|1732> lmax f
|1733> s 1
|1734> 1      1.732000000   14.676000000 2
|1735> p 1
|1736> 1      1.115000000    5.175700000 2
|1737> d 1
|1738> 1      1.203000000   -1.816000000 2
|1739> f 1
|1740> 1      1.000000000    0.000000000 2
|1741> end
|1742> Mg>    2.00000000000    4.22049404452  -10.57074935655   -0.13880142246
|1743> NewECP
|1744> N_core 0
|1745> lmax f
|1746> s 1
|1747> 1      1.732000000   14.676000000 2
|1748> p 1
|1749> 1      1.115000000    5.175700000 2
|1750> d 1
|1751> 1      1.203000000   -1.816000000 2
|1752> f 1
|1753> 1      1.000000000    0.000000000 2
|1754> end
|1755> Mg>    2.00000000000   -4.22049301130  -10.57074935655   -0.13880142246
|1756> NewECP
|1757> N_core 0
|1758> lmax f
|1759> s 1
|1760> 1      1.732000000   14.676000000 2
|1761> p 1
|1762> 1      1.115000000    5.175700000 2
|1763> d 1
|1764> 1      1.203000000   -1.816000000 2
|1765> f 1
|1766> 1      1.000000000    0.000000000 2
|1767> end
|1768> Mg>    2.00000000000  -10.57093205591    4.22048719744   -0.13059550202
|1769> NewECP
|1770> N_core 0
|1771> lmax f
|1772> s 1
|1773> 1      1.732000000   14.676000000 2
|1774> p 1
|1775> 1      1.115000000    5.175700000 2
|1776> d 1
|1777> 1      1.203000000   -1.816000000 2
|1778> f 1
|1779> 1      1.000000000    0.000000000 2
|1780> end
|1781> Mg>    2.00000000000   10.57093280064    4.22048717562   -0.13059632118
|1782> NewECP
|1783> N_core 0
|1784> lmax f
|1785> s 1
|1786> 1      1.732000000   14.676000000 2
|1787> p 1
|1788> 1      1.115000000    5.175700000 2
|1789> d 1
|1790> 1      1.203000000   -1.816000000 2
|1791> f 1
|1792> 1      1.000000000    0.000000000 2
|1793> end
|1794> Mg>    2.00000000000   10.57093280064   -4.22049988020   -0.13059632118
|1795> NewECP
|1796> N_core 0
|1797> lmax f
|1798> s 1
|1799> 1      1.732000000   14.676000000 2
|1800> p 1
|1801> 1      1.115000000    5.175700000 2
|1802> d 1
|1803> 1      1.203000000   -1.816000000 2
|1804> f 1
|1805> 1      1.000000000    0.000000000 2
|1806> end
|1807> Mg>    2.00000000000  -10.57093205591   -4.22049985838   -0.13059550202
|1808> NewECP
|1809> N_core 0
|1810> lmax f
|1811> s 1
|1812> 1      1.732000000   14.676000000 2
|1813> p 1
|1814> 1      1.115000000    5.175700000 2
|1815> d 1
|1816> 1      1.203000000   -1.816000000 2
|1817> f 1
|1818> 1      1.000000000    0.000000000 2
|1819> end
|1820> end
|1821> end
|1822>  
|1823> 
|1824>                          ****END OF INPUT****
================================================================================
----------------
TOTAL SCF ENERGY
----------------

Total Energy       :      -7939.11375861424676 Eh         -216034.26834 eV

Components:
Nuclear Repulsion  :      14030.74262552117034 Eh          381795.91697 eV
Electronic Energy  :     -21969.87134016010168 Eh         -597830.59229 eV
One Electron Energy:     -40216.53087294691068 Eh        -1094347.44060 eV
Two Electron Energy:      18246.65953278680900 Eh          496516.84832 eV

Virial components:
Potential Energy   :     -14166.04487182988669 Eh         -385477.67827 eV
Kinetic Energy     :       6226.93111321564083 Eh          169443.40993 eV
Virial Ratio       :          2.27496412185527

--------------------Output has been truncated-------------------------


--------------------Output has been truncated-------------------------


--------------------Output has been truncated-------------------------


--------------------Output has been truncated-------------------------


--------------------Output has been truncated-------------------------


--------------------Output has been truncated-------------------------


--------------------Output has been truncated-------------------------


--------------------Output has been truncated-------------------------


--------------------Output has been truncated-------------------------


--------------------Output has been truncated-------------------------


-----------------------------------------------
 RI-MP2 CORRELATION ENERGY:     -7.751600054 Eh
-----------------------------------------------
---------------------------------------
MP2 TOTAL ENERGY:    -7946.865358668 Eh
---------------------------------------

Maximum memory used throughout the entire MP2-calculation: 346.7 MB

-------------------------   --------------------
FINAL SINGLE POINT ENERGY     -7946.865358668349
-------------------------   --------------------
TOTAL RUN TIME: 0 days 0 hours 14 minutes 6 seconds 162 msec
