================================================================================
                                       INPUT FILE
================================================================================
NAME = orca.inp
|  1> ! TightSCF RI-MP2 RIJCOSX SlowConv DIIS 
|  2> %pal nprocs 8 end
|  3> %maxcore 25000
|  4> %pointcharges "orca.pc"
|  5> %method
|  6> Method hf
|  7> RI on
|  8> RunTyp Energy
|  9> NewNCore C 2 end
| 10> NewNCore Mg 2 end
| 11> NewNCore O 2 end
| 12> end
| 13> %basis
| 14> NewGTO C "aug-cc-pVTZ" end
| 15> NewGTO Mg "cc-pwCVTZ" end
| 16> NewGTO O "aug-cc-pVTZ" end
| 17> Aux "def2/J"
| 18> NewAuxCGTO C "aug-cc-pVTZ/C" end
| 19> NewAuxCGTO Mg "AutoAux" end
| 20> NewAuxCGTO O "aug-cc-pVTZ/C" end
| 21> end
| 22> %scf
| 23> HFTyp rhf
| 24> SCFMode Direct
| 25> sthresh 1e-6
| 26> AutoTRAHIter 60
| 27> MaxIter 1000
| 28> end
| 29> %coords
| 30> CTyp xyz
| 31> Mult 1
| 32> Units angs
| 33> Charge -42
| 34> coords
| 35> C:                      0.00000033711   -0.00006957891    1.46950423848
| 36> O:                      0.00000079691    1.15576487802    1.96408033078
| 37> O:                      0.00000036349   -1.15570036094    1.96405571416
| 38> O                       0.00000000000    0.00000000000    0.00000000000
| 39> Mg                      0.00000024929    2.20484637813    0.06544084864
| 40> Mg                      0.00000024579   -2.20485539840    0.06544759026
| 41> Mg                      2.21850991033   -0.00000742419   -0.16405174740
| 42> Mg                     -2.21850893576   -0.00000746138   -0.16405374819
| 43> Mg                      0.00000050214   -0.00000677559   -2.28878000730
| 44> O                      -2.12578919050    2.09760044175   -0.11351137219
| 45> O                       2.12579000542    2.09760027931   -0.11351127221
| 46> O                       2.12579015147   -2.09761398335   -0.11351238107
| 47> O                      -2.12578937395   -2.09761419059   -0.11351262991
| 48> O                       0.00000030369    2.09082416872   -2.21751149750
| 49> O                       0.00000030838   -2.09083755174   -2.21751161349
| 50> O                       2.09071006089   -0.00000660658   -2.23517653139
| 51> O                      -2.09070935908   -0.00000661050   -2.23517732270
| 52> Mg                     -2.09302783758    2.11662654520   -2.22405421688
| 53> Mg                      2.09302851728    2.11662636432   -2.22405335119
| 54> Mg                      2.09302833828   -2.11664009950   -2.22405174054
| 55> Mg                     -2.09302764919   -2.11664031850   -2.22405263869
| 56> O                       0.00000039642    4.22048592714   -0.07231724719
| 57> O                       0.00000039642   -4.22050112868   -0.07231724719
| 58> O                       4.22049405304   -0.00000660593   -0.12042758322
| 59> O                      -4.22049300278   -0.00000660593   -0.12042758322
| 60> O                       0.00000034146   -0.00000690624   -4.36254232956
| 61> Mg                     -2.12994500009    4.22048719744   -0.13059550202
| 62> Mg                      2.12994574482    4.22048717562   -0.13059632118
| 63> Mg                      2.12994574482   -4.22049988020   -0.13059632118
| 64> Mg                     -2.12994500009   -4.22049985838   -0.13059550202
| 65> Mg                     -4.22049300136    2.12974862664   -0.13880259387
| 66> Mg                      4.22049405445    2.12974862664   -0.13880259387
| 67> Mg                      4.22049404452   -2.12976230074   -0.13880142246
| 68> Mg                     -4.22049301130   -2.12976230074   -0.13880142246
| 69> O                      -2.10574242325    4.22048642583   -2.24288904296
| 70> O                       2.10574316499    4.22048641340   -2.24288874552
| 71> O                       2.10574316499   -4.22050064242   -2.24288874552
| 72> O                      -2.10574242325   -4.22050062998   -2.24288904296
| 73> O                      -4.22049316527    2.10565668942   -2.25484606183
| 74> O                       4.22049389054    2.10565668942   -2.25484606183
| 75> O                       4.22049388358   -2.10567082416   -2.25484618043
| 76> O                      -4.22049317224   -2.10567082416   -2.25484618043
| 77> O                      -2.11024642249    2.11023985771   -4.36254232956
| 78> O                       2.11024710542    2.11023985771   -4.36254232956
| 79> O                       2.11024710542   -2.11025367019   -4.36254232956
| 80> O                      -2.11024642249   -2.11025367019   -4.36254232956
| 81> O                      -4.22049315145    4.22048648813   -0.10484794635
| 82> O                       4.22049390437    4.22048648813   -0.10484794635
| 83> O                       4.22049390437   -4.22050056769   -0.10484794635
| 84> O                      -4.22049315145   -4.22050056769   -0.10484794635
| 85> O                      -6.31519705040    2.09760027931   -0.11351127221
| 86> O                       6.31519786532    2.09760044175   -0.11351137219
| 87> O                       6.31519768186   -2.09761419059   -0.11351262991
| 88> O                      -6.31519690435   -2.09761398335   -0.11351238107
| 89> O                      -2.12578937395    6.34337286522   -0.11351262991
| 90> O                       2.12579015147    6.34337307247   -0.11351238107
| 91> O                       2.12579000542   -6.34338677651   -0.11351127221
| 92> O                      -2.12578919050   -6.34338661407   -0.11351137219
| 93> Mg>    2.00000000000    0.00000027652    4.22048691662   -2.21655080350
| 94> NewECP
| 95> N_core 0
| 96> lmax f
| 97> s 1
| 98> 1      1.732000000   14.676000000 2
| 99> p 1
|100> 1      1.115000000    5.175700000 2
|101> d 1
|102> 1      1.203000000   -1.816000000 2
|103> f 1
|104> 1      1.000000000    0.000000000 2
|105> end
|106> Mg>    2.00000000000    0.00000027652   -4.22050013920   -2.21655080350
|107> NewECP
|108> N_core 0
|109> lmax f
|110> s 1
|111> 1      1.732000000   14.676000000 2
|112> p 1
|113> 1      1.115000000    5.175700000 2
|114> d 1
|115> 1      1.203000000   -1.816000000 2
|116> f 1
|117> 1      1.000000000    0.000000000 2
|118> end
|119> Mg>    2.00000000000    4.22049365957   -0.00000736005   -2.26509025484
|120> NewECP
|121> N_core 0
|122> lmax f
|123> s 1
|124> 1      1.732000000   14.676000000 2
|125> p 1
|126> 1      1.115000000    5.175700000 2
|127> d 1
|128> 1      1.203000000   -1.816000000 2
|129> f 1
|130> 1      1.000000000    0.000000000 2
|131> end
|132> Mg>    2.00000000000   -4.22049339624   -0.00000736005   -2.26509025484
|133> NewECP
|134> N_core 0
|135> lmax f
|136> s 1
|137> 1      1.732000000   14.676000000 2
|138> p 1
|139> 1      1.115000000    5.175700000 2
|140> d 1
|141> 1      1.203000000   -1.816000000 2
|142> f 1
|143> 1      1.000000000    0.000000000 2
|144> end
|145> Mg>    2.00000000000    0.00000034146    2.11023985771   -4.36254232956
|146> NewECP
|147> N_core 0
|148> lmax f
|149> s 1
|150> 1      1.732000000   14.676000000 2
|151> p 1
|152> 1      1.115000000    5.175700000 2
|153> d 1
|154> 1      1.203000000   -1.816000000 2
|155> f 1
|156> 1      1.000000000    0.000000000 2
|157> end
|158> Mg>    2.00000000000    2.11024710542   -0.00000690624   -4.36254232956
|159> NewECP
|160> N_core 0
|161> lmax f
|162> s 1
|163> 1      1.732000000   14.676000000 2
|164> p 1
|165> 1      1.115000000    5.175700000 2
|166> d 1
|167> 1      1.203000000   -1.816000000 2
|168> f 1
|169> 1      1.000000000    0.000000000 2
|170> end
|171> Mg>    2.00000000000    0.00000034146   -2.11025367019   -4.36254232956
|172> NewECP
|173> N_core 0
|174> lmax f
|175> s 1
|176> 1      1.732000000   14.676000000 2
|177> p 1
|178> 1      1.115000000    5.175700000 2
|179> d 1
|180> 1      1.203000000   -1.816000000 2
|181> f 1
|182> 1      1.000000000    0.000000000 2
|183> end
|184> Mg>    2.00000000000   -2.11024642249   -0.00000690624   -4.36254232956
|185> NewECP
|186> N_core 0
|187> lmax f
|188> s 1
|189> 1      1.732000000   14.676000000 2
|190> p 1
|191> 1      1.115000000    5.175700000 2
|192> d 1
|193> 1      1.203000000   -1.816000000 2
|194> f 1
|195> 1      1.000000000    0.000000000 2
|196> end
|197> Mg>    2.00000000000    6.22247812006   -0.00000746138   -0.16405374819
|198> NewECP
|199> N_core 0
|200> lmax f
|201> s 1
|202> 1      1.732000000   14.676000000 2
|203> p 1
|204> 1      1.115000000    5.175700000 2
|205> d 1
|206> 1      1.203000000   -1.816000000 2
|207> f 1
|208> 1      1.000000000    0.000000000 2
|209> end
|210> Mg>    2.00000000000   -6.22247714549   -0.00000742419   -0.16405174740
|211> NewECP
|212> N_core 0
|213> lmax f
|214> s 1
|215> 1      1.732000000   14.676000000 2
|216> p 1
|217> 1      1.115000000    5.175700000 2
|218> d 1
|219> 1      1.203000000   -1.816000000 2
|220> f 1
|221> 1      1.000000000    0.000000000 2
|222> end
|223> Mg>    2.00000000000    0.00000024579    6.23613165742    0.06544759026
|224> NewECP
|225> N_core 0
|226> lmax f
|227> s 1
|228> 1      1.732000000   14.676000000 2
|229> p 1
|230> 1      1.115000000    5.175700000 2
|231> d 1
|232> 1      1.203000000   -1.816000000 2
|233> f 1
|234> 1      1.000000000    0.000000000 2
|235> end
|236> Mg>    2.00000000000    0.00000024929   -6.23614067769    0.06544084864
|237> NewECP
|238> N_core 0
|239> lmax f
|240> s 1
|241> 1      1.732000000   14.676000000 2
|242> p 1
|243> 1      1.115000000    5.175700000 2
|244> d 1
|245> 1      1.203000000   -1.816000000 2
|246> f 1
|247> 1      1.000000000    0.000000000 2
|248> end
|249> Mg>    2.00000000000   -4.22049307733    4.22048660816   -2.24889053990
|250> NewECP
|251> N_core 0
|252> lmax f
|253> s 1
|254> 1      1.732000000   14.676000000 2
|255> p 1
|256> 1      1.115000000    5.175700000 2
|257> d 1
|258> 1      1.203000000   -1.816000000 2
|259> f 1
|260> 1      1.000000000    0.000000000 2
|261> end
|262> Mg>    2.00000000000    4.22049397849    4.22048660816   -2.24889053990
|263> NewECP
|264> N_core 0
|265> lmax f
|266> s 1
|267> 1      1.732000000   14.676000000 2
|268> p 1
|269> 1      1.115000000    5.175700000 2
|270> d 1
|271> 1      1.203000000   -1.816000000 2
|272> f 1
|273> 1      1.000000000    0.000000000 2
|274> end
|275> Mg>    2.00000000000    4.22049397849   -4.22050044765   -2.24889053990
|276> NewECP
|277> N_core 0
|278> lmax f
|279> s 1
|280> 1      1.732000000   14.676000000 2
|281> p 1
|282> 1      1.115000000    5.175700000 2
|283> d 1
|284> 1      1.203000000   -1.816000000 2
|285> f 1
|286> 1      1.000000000    0.000000000 2
|287> end
|288> Mg>    2.00000000000   -4.22049307733   -4.22050044765   -2.24889053990
|289> NewECP
|290> N_core 0
|291> lmax f
|292> s 1
|293> 1      1.732000000   14.676000000 2
|294> p 1
|295> 1      1.115000000    5.175700000 2
|296> d 1
|297> 1      1.203000000   -1.816000000 2
|298> f 1
|299> 1      1.000000000    0.000000000 2
|300> end
|301> Mg>    2.00000000000   -4.22049318645    2.11023985771   -4.36254232956
|302> NewECP
|303> N_core 0
|304> lmax f
|305> s 1
|306> 1      1.732000000   14.676000000 2
|307> p 1
|308> 1      1.115000000    5.175700000 2
|309> d 1
|310> 1      1.203000000   -1.816000000 2
|311> f 1
|312> 1      1.000000000    0.000000000 2
|313> end
|314> Mg>    2.00000000000   -2.11024642249    4.22048662167   -4.36254232956
|315> NewECP
|316> N_core 0
|317> lmax f
|318> s 1
|319> 1      1.732000000   14.676000000 2
|320> p 1
|321> 1      1.115000000    5.175700000 2
|322> d 1
|323> 1      1.203000000   -1.816000000 2
|324> f 1
|325> 1      1.000000000    0.000000000 2
|326> end
|327> Mg>    2.00000000000    2.11024710542    4.22048662167   -4.36254232956
|328> NewECP
|329> N_core 0
|330> lmax f
|331> s 1
|332> 1      1.732000000   14.676000000 2
|333> p 1
|334> 1      1.115000000    5.175700000 2
|335> d 1
|336> 1      1.203000000   -1.816000000 2
|337> f 1
|338> 1      1.000000000    0.000000000 2
|339> end
|340> Mg>    2.00000000000    4.22049386937    2.11023985771   -4.36254232956
|341> NewECP
|342> N_core 0
|343> lmax f
|344> s 1
|345> 1      1.732000000   14.676000000 2
|346> p 1
|347> 1      1.115000000    5.175700000 2
|348> d 1
|349> 1      1.203000000   -1.816000000 2
|350> f 1
|351> 1      1.000000000    0.000000000 2
|352> end
|353> Mg>    2.00000000000    4.22049386937   -2.11025367019   -4.36254232956
|354> NewECP
|355> N_core 0
|356> lmax f
|357> s 1
|358> 1      1.732000000   14.676000000 2
|359> p 1
|360> 1      1.115000000    5.175700000 2
|361> d 1
|362> 1      1.203000000   -1.816000000 2
|363> f 1
|364> 1      1.000000000    0.000000000 2
|365> end
|366> Mg>    2.00000000000    2.11024710542   -4.22050043415   -4.36254232956
|367> NewECP
|368> N_core 0
|369> lmax f
|370> s 1
|371> 1      1.732000000   14.676000000 2
|372> p 1
|373> 1      1.115000000    5.175700000 2
|374> d 1
|375> 1      1.203000000   -1.816000000 2
|376> f 1
|377> 1      1.000000000    0.000000000 2
|378> end
|379> Mg>    2.00000000000   -2.11024642249   -4.22050043415   -4.36254232956
|380> NewECP
|381> N_core 0
|382> lmax f
|383> s 1
|384> 1      1.732000000   14.676000000 2
|385> p 1
|386> 1      1.115000000    5.175700000 2
|387> d 1
|388> 1      1.203000000   -1.816000000 2
|389> f 1
|390> 1      1.000000000    0.000000000 2
|391> end
|392> Mg>    2.00000000000   -4.22049318645   -2.11025367019   -4.36254232956
|393> NewECP
|394> N_core 0
|395> lmax f
|396> s 1
|397> 1      1.732000000   14.676000000 2
|398> p 1
|399> 1      1.115000000    5.175700000 2
|400> d 1
|401> 1      1.203000000   -1.816000000 2
|402> f 1
|403> 1      1.000000000    0.000000000 2
|404> end
|405> Mg>    2.00000000000    0.00000034146   -0.00000690624   -6.47278909352
|406> NewECP
|407> N_core 0
|408> lmax f
|409> s 1
|410> 1      1.732000000   14.676000000 2
|411> p 1
|412> 1      1.115000000    5.175700000 2
|413> d 1
|414> 1      1.203000000   -1.816000000 2
|415> f 1
|416> 1      1.000000000    0.000000000 2
|417> end
|418> Mg>    2.00000000000   -2.09302764919    6.32434673731   -2.22405263869
|419> NewECP
|420> N_core 0
|421> lmax f
|422> s 1
|423> 1      1.732000000   14.676000000 2
|424> p 1
|425> 1      1.115000000    5.175700000 2
|426> d 1
|427> 1      1.203000000   -1.816000000 2
|428> f 1
|429> 1      1.000000000    0.000000000 2
|430> end
|431> Mg>    2.00000000000    2.09302833828    6.32434695632   -2.22405174054
|432> NewECP
|433> N_core 0
|434> lmax f
|435> s 1
|436> 1      1.732000000   14.676000000 2
|437> p 1
|438> 1      1.115000000    5.175700000 2
|439> d 1
|440> 1      1.203000000   -1.816000000 2
|441> f 1
|442> 1      1.000000000    0.000000000 2
|443> end
|444> Mg>    2.00000000000    2.09302851728   -6.32436069149   -2.22405335119
|445> NewECP
|446> N_core 0
|447> lmax f
|448> s 1
|449> 1      1.732000000   14.676000000 2
|450> p 1
|451> 1      1.115000000    5.175700000 2
|452> d 1
|453> 1      1.203000000   -1.816000000 2
|454> f 1
|455> 1      1.000000000    0.000000000 2
|456> end
|457> Mg>    2.00000000000   -2.09302783758   -6.32436051061   -2.22405421688
|458> NewECP
|459> N_core 0
|460> lmax f
|461> s 1
|462> 1      1.732000000   14.676000000 2
|463> p 1
|464> 1      1.115000000    5.175700000 2
|465> d 1
|466> 1      1.203000000   -1.816000000 2
|467> f 1
|468> 1      1.000000000    0.000000000 2
|469> end
|470> Mg>    2.00000000000   -6.34795853853    2.11662636432   -2.22405335119
|471> NewECP
|472> N_core 0
|473> lmax f
|474> s 1
|475> 1      1.732000000   14.676000000 2
|476> p 1
|477> 1      1.115000000    5.175700000 2
|478> d 1
|479> 1      1.203000000   -1.816000000 2
|480> f 1
|481> 1      1.000000000    0.000000000 2
|482> end
|483> Mg>    2.00000000000    6.34795921824    2.11662654520   -2.22405421688
|484> NewECP
|485> N_core 0
|486> lmax f
|487> s 1
|488> 1      1.732000000   14.676000000 2
|489> p 1
|490> 1      1.115000000    5.175700000 2
|491> d 1
|492> 1      1.203000000   -1.816000000 2
|493> f 1
|494> 1      1.000000000    0.000000000 2
|495> end
|496> Mg>    2.00000000000    6.34795940663   -2.11664031850   -2.22405263869
|497> NewECP
|498> N_core 0
|499> lmax f
|500> s 1
|501> 1      1.732000000   14.676000000 2
|502> p 1
|503> 1      1.115000000    5.175700000 2
|504> d 1
|505> 1      1.203000000   -1.816000000 2
|506> f 1
|507> 1      1.000000000    0.000000000 2
|508> end
|509> Mg>    2.00000000000   -6.34795871753   -2.11664009950   -2.22405174054
|510> NewECP
|511> N_core 0
|512> lmax f
|513> s 1
|514> 1      1.732000000   14.676000000 2
|515> p 1
|516> 1      1.115000000    5.175700000 2
|517> d 1
|518> 1      1.203000000   -1.816000000 2
|519> f 1
|520> 1      1.000000000    0.000000000 2
|521> end
|522> Mg>    2.00000000000   -2.11024642249    2.11023985771   -6.47278909352
|523> NewECP
|524> N_core 0
|525> lmax f
|526> s 1
|527> 1      1.732000000   14.676000000 2
|528> p 1
|529> 1      1.115000000    5.175700000 2
|530> d 1
|531> 1      1.203000000   -1.816000000 2
|532> f 1
|533> 1      1.000000000    0.000000000 2
|534> end
|535> Mg>    2.00000000000    2.11024710542    2.11023985771   -6.47278909352
|536> NewECP
|537> N_core 0
|538> lmax f
|539> s 1
|540> 1      1.732000000   14.676000000 2
|541> p 1
|542> 1      1.115000000    5.175700000 2
|543> d 1
|544> 1      1.203000000   -1.816000000 2
|545> f 1
|546> 1      1.000000000    0.000000000 2
|547> end
|548> Mg>    2.00000000000    2.11024710542   -2.11025367019   -6.47278909352
|549> NewECP
|550> N_core 0
|551> lmax f
|552> s 1
|553> 1      1.732000000   14.676000000 2
|554> p 1
|555> 1      1.115000000    5.175700000 2
|556> d 1
|557> 1      1.203000000   -1.816000000 2
|558> f 1
|559> 1      1.000000000    0.000000000 2
|560> end
|561> Mg>    2.00000000000   -2.11024642249   -2.11025367019   -6.47278909352
|562> NewECP
|563> N_core 0
|564> lmax f
|565> s 1
|566> 1      1.732000000   14.676000000 2
|567> p 1
|568> 1      1.115000000    5.175700000 2
|569> d 1
|570> 1      1.203000000   -1.816000000 2
|571> f 1
|572> 1      1.000000000    0.000000000 2
|573> end
|574> Mg>    2.00000000000   -6.31104131099    4.22048717562   -0.13059632118
|575> NewECP
|576> N_core 0
|577> lmax f
|578> s 1
|579> 1      1.732000000   14.676000000 2
|580> p 1
|581> 1      1.115000000    5.175700000 2
|582> d 1
|583> 1      1.203000000   -1.816000000 2
|584> f 1
|585> 1      1.000000000    0.000000000 2
|586> end
|587> Mg>    2.00000000000    6.31104205572    4.22048719744   -0.13059550202
|588> NewECP
|589> N_core 0
|590> lmax f
|591> s 1
|592> 1      1.732000000   14.676000000 2
|593> p 1
|594> 1      1.115000000    5.175700000 2
|595> d 1
|596> 1      1.203000000   -1.816000000 2
|597> f 1
|598> 1      1.000000000    0.000000000 2
|599> end
|600> Mg>    2.00000000000    6.31104205572   -4.22049985838   -0.13059550202
|601> NewECP
|602> N_core 0
|603> lmax f
|604> s 1
|605> 1      1.732000000   14.676000000 2
|606> p 1
|607> 1      1.115000000    5.175700000 2
|608> d 1
|609> 1      1.203000000   -1.816000000 2
|610> f 1
|611> 1      1.000000000    0.000000000 2
|612> end
|613> Mg>    2.00000000000   -6.31104131099   -4.22049988020   -0.13059632118
|614> NewECP
|615> N_core 0
|616> lmax f
|617> s 1
|618> 1      1.732000000   14.676000000 2
|619> p 1
|620> 1      1.115000000    5.175700000 2
|621> d 1
|622> 1      1.203000000   -1.816000000 2
|623> f 1
|624> 1      1.000000000    0.000000000 2
|625> end
|626> Mg>    2.00000000000   -4.22049301130    6.31122475508   -0.13880142246
|627> NewECP
|628> N_core 0
|629> lmax f
|630> s 1
|631> 1      1.732000000   14.676000000 2
|632> p 1
|633> 1      1.115000000    5.175700000 2
|634> d 1
|635> 1      1.203000000   -1.816000000 2
|636> f 1
|637> 1      1.000000000    0.000000000 2
|638> end
|639> Mg>    2.00000000000    4.22049404452    6.31122475508   -0.13880142246
|640> NewECP
|641> N_core 0
|642> lmax f
|643> s 1
|644> 1      1.732000000   14.676000000 2
|645> p 1
|646> 1      1.115000000    5.175700000 2
|647> d 1
|648> 1      1.203000000   -1.816000000 2
|649> f 1
|650> 1      1.000000000    0.000000000 2
|651> end
|652> Mg>    2.00000000000    4.22049405445   -6.31123842917   -0.13880259387
|653> NewECP
|654> N_core 0
|655> lmax f
|656> s 1
|657> 1      1.732000000   14.676000000 2
|658> p 1
|659> 1      1.115000000    5.175700000 2
|660> d 1
|661> 1      1.203000000   -1.816000000 2
|662> f 1
|663> 1      1.000000000    0.000000000 2
|664> end
|665> Mg>    2.00000000000   -4.22049300136   -6.31123842917   -0.13880259387
|666> NewECP
|667> N_core 0
|668> lmax f
|669> s 1
|670> 1      1.732000000   14.676000000 2
|671> p 1
|672> 1      1.115000000    5.175700000 2
|673> d 1
|674> 1      1.203000000   -1.816000000 2
|675> f 1
|676> 1      1.000000000    0.000000000 2
|677> end
|678> Mg>    2.00000000000    0.00000034146    6.33073338562   -4.36254232956
|679> NewECP
|680> N_core 0
|681> lmax f
|682> s 1
|683> 1      1.732000000   14.676000000 2
|684> p 1
|685> 1      1.115000000    5.175700000 2
|686> d 1
|687> 1      1.203000000   -1.816000000 2
|688> f 1
|689> 1      1.000000000    0.000000000 2
|690> end
|691> Mg>    2.00000000000    6.33074063332   -0.00000690624   -4.36254232956
|692> NewECP
|693> N_core 0
|694> lmax f
|695> s 1
|696> 1      1.732000000   14.676000000 2
|697> p 1
|698> 1      1.115000000    5.175700000 2
|699> d 1
|700> 1      1.203000000   -1.816000000 2
|701> f 1
|702> 1      1.000000000    0.000000000 2
|703> end
|704> Mg>    2.00000000000    0.00000034146   -6.33074719810   -4.36254232956
|705> NewECP
|706> N_core 0
|707> lmax f
|708> s 1
|709> 1      1.732000000   14.676000000 2
|710> p 1
|711> 1      1.115000000    5.175700000 2
|712> d 1
|713> 1      1.203000000   -1.816000000 2
|714> f 1
|715> 1      1.000000000    0.000000000 2
|716> end
|717> Mg>    2.00000000000   -6.33073995040   -0.00000690624   -4.36254232956
|718> NewECP
|719> N_core 0
|720> lmax f
|721> s 1
|722> 1      1.732000000   14.676000000 2
|723> p 1
|724> 1      1.115000000    5.175700000 2
|725> d 1
|726> 1      1.203000000   -1.816000000 2
|727> f 1
|728> 1      1.000000000    0.000000000 2
|729> end
|730> Mg>    2.00000000000    0.00000034146    4.22048662167   -6.47278909352
|731> NewECP
|732> N_core 0
|733> lmax f
|734> s 1
|735> 1      1.732000000   14.676000000 2
|736> p 1
|737> 1      1.115000000    5.175700000 2
|738> d 1
|739> 1      1.203000000   -1.816000000 2
|740> f 1
|741> 1      1.000000000    0.000000000 2
|742> end
|743> Mg>    2.00000000000    4.22049386937   -0.00000690624   -6.47278909352
|744> NewECP
|745> N_core 0
|746> lmax f
|747> s 1
|748> 1      1.732000000   14.676000000 2
|749> p 1
|750> 1      1.115000000    5.175700000 2
|751> d 1
|752> 1      1.203000000   -1.816000000 2
|753> f 1
|754> 1      1.000000000    0.000000000 2
|755> end
|756> Mg>    2.00000000000    0.00000034146   -4.22050043415   -6.47278909352
|757> NewECP
|758> N_core 0
|759> lmax f
|760> s 1
|761> 1      1.732000000   14.676000000 2
|762> p 1
|763> 1      1.115000000    5.175700000 2
|764> d 1
|765> 1      1.203000000   -1.816000000 2
|766> f 1
|767> 1      1.000000000    0.000000000 2
|768> end
|769> Mg>    2.00000000000   -4.22049318645   -0.00000690624   -6.47278909352
|770> NewECP
|771> N_core 0
|772> lmax f
|773> s 1
|774> 1      1.732000000   14.676000000 2
|775> p 1
|776> 1      1.115000000    5.175700000 2
|777> d 1
|778> 1      1.203000000   -1.816000000 2
|779> f 1
|780> 1      1.000000000    0.000000000 2
|781> end
|782> Mg>    2.00000000000   -8.44098680653    2.20484637813    0.06544084864
|783> NewECP
|784> N_core 0
|785> lmax f
|786> s 1
|787> 1      1.732000000   14.676000000 2
|788> p 1
|789> 1      1.115000000    5.175700000 2
|790> d 1
|791> 1      1.203000000   -1.816000000 2
|792> f 1
|793> 1      1.000000000    0.000000000 2
|794> end
|795> Mg>    2.00000000000    8.44098730511    2.20484637813    0.06544084864
|796> NewECP
|797> N_core 0
|798> lmax f
|799> s 1
|800> 1      1.732000000   14.676000000 2
|801> p 1
|802> 1      1.115000000    5.175700000 2
|803> d 1
|804> 1      1.203000000   -1.816000000 2
|805> f 1
|806> 1      1.000000000    0.000000000 2
|807> end
|808> Mg>    2.00000000000    8.44098730161   -2.20485539840    0.06544759026
|809> NewECP
|810> N_core 0
|811> lmax f
|812> s 1
|813> 1      1.732000000   14.676000000 2
|814> p 1
|815> 1      1.115000000    5.175700000 2
|816> d 1
|817> 1      1.203000000   -1.816000000 2
|818> f 1
|819> 1      1.000000000    0.000000000 2
|820> end
|821> Mg>    2.00000000000   -8.44098681002   -2.20485539840    0.06544759026
|822> NewECP
|823> N_core 0
|824> lmax f
|825> s 1
|826> 1      1.732000000   14.676000000 2
|827> p 1
|828> 1      1.115000000    5.175700000 2
|829> d 1
|830> 1      1.203000000   -1.816000000 2
|831> f 1
|832> 1      1.000000000    0.000000000 2
|833> end
|834> Mg>    2.00000000000   -2.21850893576    8.44097959443   -0.16405374819
|835> NewECP
|836> N_core 0
|837> lmax f
|838> s 1
|839> 1      1.732000000   14.676000000 2
|840> p 1
|841> 1      1.115000000    5.175700000 2
|842> d 1
|843> 1      1.203000000   -1.816000000 2
|844> f 1
|845> 1      1.000000000    0.000000000 2
|846> end
|847> Mg>    2.00000000000    2.21850991033    8.44097963163   -0.16405174740
|848> NewECP
|849> N_core 0
|850> lmax f
|851> s 1
|852> 1      1.732000000   14.676000000 2
|853> p 1
|854> 1      1.115000000    5.175700000 2
|855> d 1
|856> 1      1.203000000   -1.816000000 2
|857> f 1
|858> 1      1.000000000    0.000000000 2
|859> end
|860> Mg>    2.00000000000    2.21850991033   -8.44099448001   -0.16405174740
|861> NewECP
|862> N_core 0
|863> lmax f
|864> s 1
|865> 1      1.732000000   14.676000000 2
|866> p 1
|867> 1      1.115000000    5.175700000 2
|868> d 1
|869> 1      1.203000000   -1.816000000 2
|870> f 1
|871> 1      1.000000000    0.000000000 2
|872> end
|873> Mg>    2.00000000000   -2.21850893576   -8.44099451720   -0.16405374819
|874> NewECP
|875> N_core 0
|876> lmax f
|877> s 1
|878> 1      1.732000000   14.676000000 2
|879> p 1
|880> 1      1.115000000    5.175700000 2
|881> d 1
|882> 1      1.203000000   -1.816000000 2
|883> f 1
|884> 1      1.000000000    0.000000000 2
|885> end
|886> Mg>    2.00000000000    0.00000050214    8.44098028023   -2.28878000730
|887> NewECP
|888> N_core 0
|889> lmax f
|890> s 1
|891> 1      1.732000000   14.676000000 2
|892> p 1
|893> 1      1.115000000    5.175700000 2
|894> d 1
|895> 1      1.203000000   -1.816000000 2
|896> f 1
|897> 1      1.000000000    0.000000000 2
|898> end
|899> Mg>    2.00000000000    8.44098755795   -0.00000677559   -2.28878000730
|900> NewECP
|901> N_core 0
|902> lmax f
|903> s 1
|904> 1      1.732000000   14.676000000 2
|905> p 1
|906> 1      1.115000000    5.175700000 2
|907> d 1
|908> 1      1.203000000   -1.816000000 2
|909> f 1
|910> 1      1.000000000    0.000000000 2
|911> end
|912> Mg>    2.00000000000    0.00000050214   -8.44099383141   -2.28878000730
|913> NewECP
|914> N_core 0
|915> lmax f
|916> s 1
|917> 1      1.732000000   14.676000000 2
|918> p 1
|919> 1      1.115000000    5.175700000 2
|920> d 1
|921> 1      1.203000000   -1.816000000 2
|922> f 1
|923> 1      1.000000000    0.000000000 2
|924> end
|925> Mg>    2.00000000000   -8.44098655368   -0.00000677559   -2.28878000730
|926> NewECP
|927> N_core 0
|928> lmax f
|929> s 1
|930> 1      1.732000000   14.676000000 2
|931> p 1
|932> 1      1.115000000    5.175700000 2
|933> d 1
|934> 1      1.203000000   -1.816000000 2
|935> f 1
|936> 1      1.000000000    0.000000000 2
|937> end
|938> Mg>    2.00000000000   -6.33073995040    4.22048662167   -4.36254232956
|939> NewECP
|940> N_core 0
|941> lmax f
|942> s 1
|943> 1      1.732000000   14.676000000 2
|944> p 1
|945> 1      1.115000000    5.175700000 2
|946> d 1
|947> 1      1.203000000   -1.816000000 2
|948> f 1
|949> 1      1.000000000    0.000000000 2
|950> end
|951> Mg>    2.00000000000   -4.22049318645    6.33073338562   -4.36254232956
|952> NewECP
|953> N_core 0
|954> lmax f
|955> s 1
|956> 1      1.732000000   14.676000000 2
|957> p 1
|958> 1      1.115000000    5.175700000 2
|959> d 1
|960> 1      1.203000000   -1.816000000 2
|961> f 1
|962> 1      1.000000000    0.000000000 2
|963> end
|964> Mg>    2.00000000000    4.22049386937    6.33073338562   -4.36254232956
|965> NewECP
|966> N_core 0
|967> lmax f
|968> s 1
|969> 1      1.732000000   14.676000000 2
|970> p 1
|971> 1      1.115000000    5.175700000 2
|972> d 1
|973> 1      1.203000000   -1.816000000 2
|974> f 1
|975> 1      1.000000000    0.000000000 2
|976> end
|977> Mg>    2.00000000000    6.33074063332    4.22048662167   -4.36254232956
|978> NewECP
|979> N_core 0
|980> lmax f
|981> s 1
|982> 1      1.732000000   14.676000000 2
|983> p 1
|984> 1      1.115000000    5.175700000 2
|985> d 1
|986> 1      1.203000000   -1.816000000 2
|987> f 1
|988> 1      1.000000000    0.000000000 2
|989> end
|990> Mg>    2.00000000000    6.33074063332   -4.22050043415   -4.36254232956
|991> NewECP
|992> N_core 0
|993> lmax f
|994> s 1
|995> 1      1.732000000   14.676000000 2
|996> p 1
|997> 1      1.115000000    5.175700000 2
|998> d 1
|999> 1      1.203000000   -1.816000000 2
|1000> f 1
|1001> 1      1.000000000    0.000000000 2
|1002> end
|1003> Mg>    2.00000000000    4.22049386937   -6.33074719810   -4.36254232956
|1004> NewECP
|1005> N_core 0
|1006> lmax f
|1007> s 1
|1008> 1      1.732000000   14.676000000 2
|1009> p 1
|1010> 1      1.115000000    5.175700000 2
|1011> d 1
|1012> 1      1.203000000   -1.816000000 2
|1013> f 1
|1014> 1      1.000000000    0.000000000 2
|1015> end
|1016> Mg>    2.00000000000   -4.22049318645   -6.33074719810   -4.36254232956
|1017> NewECP
|1018> N_core 0
|1019> lmax f
|1020> s 1
|1021> 1      1.732000000   14.676000000 2
|1022> p 1
|1023> 1      1.115000000    5.175700000 2
|1024> d 1
|1025> 1      1.203000000   -1.816000000 2
|1026> f 1
|1027> 1      1.000000000    0.000000000 2
|1028> end
|1029> Mg>    2.00000000000   -6.33073995040   -4.22050043415   -4.36254232956
|1030> NewECP
|1031> N_core 0
|1032> lmax f
|1033> s 1
|1034> 1      1.732000000   14.676000000 2
|1035> p 1
|1036> 1      1.115000000    5.175700000 2
|1037> d 1
|1038> 1      1.203000000   -1.816000000 2
|1039> f 1
|1040> 1      1.000000000    0.000000000 2
|1041> end
|1042> Mg>    2.00000000000   -4.22049318645    4.22048662167   -6.47278909352
|1043> NewECP
|1044> N_core 0
|1045> lmax f
|1046> s 1
|1047> 1      1.732000000   14.676000000 2
|1048> p 1
|1049> 1      1.115000000    5.175700000 2
|1050> d 1
|1051> 1      1.203000000   -1.816000000 2
|1052> f 1
|1053> 1      1.000000000    0.000000000 2
|1054> end
|1055> Mg>    2.00000000000    4.22049386937    4.22048662167   -6.47278909352
|1056> NewECP
|1057> N_core 0
|1058> lmax f
|1059> s 1
|1060> 1      1.732000000   14.676000000 2
|1061> p 1
|1062> 1      1.115000000    5.175700000 2
|1063> d 1
|1064> 1      1.203000000   -1.816000000 2
|1065> f 1
|1066> 1      1.000000000    0.000000000 2
|1067> end
|1068> Mg>    2.00000000000    4.22049386937   -4.22050043415   -6.47278909352
|1069> NewECP
|1070> N_core 0
|1071> lmax f
|1072> s 1
|1073> 1      1.732000000   14.676000000 2
|1074> p 1
|1075> 1      1.115000000    5.175700000 2
|1076> d 1
|1077> 1      1.203000000   -1.816000000 2
|1078> f 1
|1079> 1      1.000000000    0.000000000 2
|1080> end
|1081> Mg>    2.00000000000   -4.22049318645   -4.22050043415   -6.47278909352
|1082> NewECP
|1083> N_core 0
|1084> lmax f
|1085> s 1
|1086> 1      1.732000000   14.676000000 2
|1087> p 1
|1088> 1      1.115000000    5.175700000 2
|1089> d 1
|1090> 1      1.203000000   -1.816000000 2
|1091> f 1
|1092> 1      1.000000000    0.000000000 2
|1093> end
|1094> Mg>    2.00000000000   -6.34795871753    6.32434695632   -2.22405174054
|1095> NewECP
|1096> N_core 0
|1097> lmax f
|1098> s 1
|1099> 1      1.732000000   14.676000000 2
|1100> p 1
|1101> 1      1.115000000    5.175700000 2
|1102> d 1
|1103> 1      1.203000000   -1.816000000 2
|1104> f 1
|1105> 1      1.000000000    0.000000000 2
|1106> end
|1107> Mg>    2.00000000000    6.34795940663    6.32434673731   -2.22405263869
|1108> NewECP
|1109> N_core 0
|1110> lmax f
|1111> s 1
|1112> 1      1.732000000   14.676000000 2
|1113> p 1
|1114> 1      1.115000000    5.175700000 2
|1115> d 1
|1116> 1      1.203000000   -1.816000000 2
|1117> f 1
|1118> 1      1.000000000    0.000000000 2
|1119> end
|1120> Mg>    2.00000000000    6.34795921824   -6.32436051061   -2.22405421688
|1121> NewECP
|1122> N_core 0
|1123> lmax f
|1124> s 1
|1125> 1      1.732000000   14.676000000 2
|1126> p 1
|1127> 1      1.115000000    5.175700000 2
|1128> d 1
|1129> 1      1.203000000   -1.816000000 2
|1130> f 1
|1131> 1      1.000000000    0.000000000 2
|1132> end
|1133> Mg>    2.00000000000   -6.34795853853   -6.32436069149   -2.22405335119
|1134> NewECP
|1135> N_core 0
|1136> lmax f
|1137> s 1
|1138> 1      1.732000000   14.676000000 2
|1139> p 1
|1140> 1      1.115000000    5.175700000 2
|1141> d 1
|1142> 1      1.203000000   -1.816000000 2
|1143> f 1
|1144> 1      1.000000000    0.000000000 2
|1145> end
|1146> Mg>    2.00000000000   -6.33073995040    2.11023985771   -6.47278909352
|1147> NewECP
|1148> N_core 0
|1149> lmax f
|1150> s 1
|1151> 1      1.732000000   14.676000000 2
|1152> p 1
|1153> 1      1.115000000    5.175700000 2
|1154> d 1
|1155> 1      1.203000000   -1.816000000 2
|1156> f 1
|1157> 1      1.000000000    0.000000000 2
|1158> end
|1159> Mg>    2.00000000000   -2.11024642249    6.33073338562   -6.47278909352
|1160> NewECP
|1161> N_core 0
|1162> lmax f
|1163> s 1
|1164> 1      1.732000000   14.676000000 2
|1165> p 1
|1166> 1      1.115000000    5.175700000 2
|1167> d 1
|1168> 1      1.203000000   -1.816000000 2
|1169> f 1
|1170> 1      1.000000000    0.000000000 2
|1171> end
|1172> Mg>    2.00000000000    2.11024710542    6.33073338562   -6.47278909352
|1173> NewECP
|1174> N_core 0
|1175> lmax f
|1176> s 1
|1177> 1      1.732000000   14.676000000 2
|1178> p 1
|1179> 1      1.115000000    5.175700000 2
|1180> d 1
|1181> 1      1.203000000   -1.816000000 2
|1182> f 1
|1183> 1      1.000000000    0.000000000 2
|1184> end
|1185> Mg>    2.00000000000    6.33074063332    2.11023985771   -6.47278909352
|1186> NewECP
|1187> N_core 0
|1188> lmax f
|1189> s 1
|1190> 1      1.732000000   14.676000000 2
|1191> p 1
|1192> 1      1.115000000    5.175700000 2
|1193> d 1
|1194> 1      1.203000000   -1.816000000 2
|1195> f 1
|1196> 1      1.000000000    0.000000000 2
|1197> end
|1198> Mg>    2.00000000000    6.33074063332   -2.11025367019   -6.47278909352
|1199> NewECP
|1200> N_core 0
|1201> lmax f
|1202> s 1
|1203> 1      1.732000000   14.676000000 2
|1204> p 1
|1205> 1      1.115000000    5.175700000 2
|1206> d 1
|1207> 1      1.203000000   -1.816000000 2
|1208> f 1
|1209> 1      1.000000000    0.000000000 2
|1210> end
|1211> Mg>    2.00000000000    2.11024710542   -6.33074719810   -6.47278909352
|1212> NewECP
|1213> N_core 0
|1214> lmax f
|1215> s 1
|1216> 1      1.732000000   14.676000000 2
|1217> p 1
|1218> 1      1.115000000    5.175700000 2
|1219> d 1
|1220> 1      1.203000000   -1.816000000 2
|1221> f 1
|1222> 1      1.000000000    0.000000000 2
|1223> end
|1224> Mg>    2.00000000000   -2.11024642249   -6.33074719810   -6.47278909352
|1225> NewECP
|1226> N_core 0
|1227> lmax f
|1228> s 1
|1229> 1      1.732000000   14.676000000 2
|1230> p 1
|1231> 1      1.115000000    5.175700000 2
|1232> d 1
|1233> 1      1.203000000   -1.816000000 2
|1234> f 1
|1235> 1      1.000000000    0.000000000 2
|1236> end
|1237> Mg>    2.00000000000   -6.33073995040   -2.11025367019   -6.47278909352
|1238> NewECP
|1239> N_core 0
|1240> lmax f
|1241> s 1
|1242> 1      1.732000000   14.676000000 2
|1243> p 1
|1244> 1      1.115000000    5.175700000 2
|1245> d 1
|1246> 1      1.203000000   -1.816000000 2
|1247> f 1
|1248> 1      1.000000000    0.000000000 2
|1249> end
|1250> Mg>    2.00000000000   -8.44098677929    4.22048691662   -2.21655080350
|1251> NewECP
|1252> N_core 0
|1253> lmax f
|1254> s 1
|1255> 1      1.732000000   14.676000000 2
|1256> p 1
|1257> 1      1.115000000    5.175700000 2
|1258> d 1
|1259> 1      1.203000000   -1.816000000 2
|1260> f 1
|1261> 1      1.000000000    0.000000000 2
|1262> end
|1263> Mg>    2.00000000000    8.44098733234    4.22048691662   -2.21655080350
|1264> NewECP
|1265> N_core 0
|1266> lmax f
|1267> s 1
|1268> 1      1.732000000   14.676000000 2
|1269> p 1
|1270> 1      1.115000000    5.175700000 2
|1271> d 1
|1272> 1      1.203000000   -1.816000000 2
|1273> f 1
|1274> 1      1.000000000    0.000000000 2
|1275> end
|1276> Mg>    2.00000000000    8.44098733234   -4.22050013920   -2.21655080350
|1277> NewECP
|1278> N_core 0
|1279> lmax f
|1280> s 1
|1281> 1      1.732000000   14.676000000 2
|1282> p 1
|1283> 1      1.115000000    5.175700000 2
|1284> d 1
|1285> 1      1.203000000   -1.816000000 2
|1286> f 1
|1287> 1      1.000000000    0.000000000 2
|1288> end
|1289> Mg>    2.00000000000   -8.44098677929   -4.22050013920   -2.21655080350
|1290> NewECP
|1291> N_core 0
|1292> lmax f
|1293> s 1
|1294> 1      1.732000000   14.676000000 2
|1295> p 1
|1296> 1      1.115000000    5.175700000 2
|1297> d 1
|1298> 1      1.203000000   -1.816000000 2
|1299> f 1
|1300> 1      1.000000000    0.000000000 2
|1301> end
|1302> Mg>    2.00000000000   -4.22049339624    8.44097969577   -2.26509025484
|1303> NewECP
|1304> N_core 0
|1305> lmax f
|1306> s 1
|1307> 1      1.732000000   14.676000000 2
|1308> p 1
|1309> 1      1.115000000    5.175700000 2
|1310> d 1
|1311> 1      1.203000000   -1.816000000 2
|1312> f 1
|1313> 1      1.000000000    0.000000000 2
|1314> end
|1315> Mg>    2.00000000000    4.22049365957    8.44097969577   -2.26509025484
|1316> NewECP
|1317> N_core 0
|1318> lmax f
|1319> s 1
|1320> 1      1.732000000   14.676000000 2
|1321> p 1
|1322> 1      1.115000000    5.175700000 2
|1323> d 1
|1324> 1      1.203000000   -1.816000000 2
|1325> f 1
|1326> 1      1.000000000    0.000000000 2
|1327> end
|1328> Mg>    2.00000000000    4.22049365957   -8.44099441587   -2.26509025484
|1329> NewECP
|1330> N_core 0
|1331> lmax f
|1332> s 1
|1333> 1      1.732000000   14.676000000 2
|1334> p 1
|1335> 1      1.115000000    5.175700000 2
|1336> d 1
|1337> 1      1.203000000   -1.816000000 2
|1338> f 1
|1339> 1      1.000000000    0.000000000 2
|1340> end
|1341> Mg>    2.00000000000   -4.22049339624   -8.44099441587   -2.26509025484
|1342> NewECP
|1343> N_core 0
|1344> lmax f
|1345> s 1
|1346> 1      1.732000000   14.676000000 2
|1347> p 1
|1348> 1      1.115000000    5.175700000 2
|1349> d 1
|1350> 1      1.203000000   -1.816000000 2
|1351> f 1
|1352> 1      1.000000000    0.000000000 2
|1353> end
|1354> Mg>    2.00000000000   -8.44098671436    2.11023985771   -4.36254232956
|1355> NewECP
|1356> N_core 0
|1357> lmax f
|1358> s 1
|1359> 1      1.732000000   14.676000000 2
|1360> p 1
|1361> 1      1.115000000    5.175700000 2
|1362> d 1
|1363> 1      1.203000000   -1.816000000 2
|1364> f 1
|1365> 1      1.000000000    0.000000000 2
|1366> end
|1367> Mg>    2.00000000000   -2.11024642249    8.44098014958   -4.36254232956
|1368> NewECP
|1369> N_core 0
|1370> lmax f
|1371> s 1
|1372> 1      1.732000000   14.676000000 2
|1373> p 1
|1374> 1      1.115000000    5.175700000 2
|1375> d 1
|1376> 1      1.203000000   -1.816000000 2
|1377> f 1
|1378> 1      1.000000000    0.000000000 2
|1379> end
|1380> Mg>    2.00000000000    2.11024710542    8.44098014958   -4.36254232956
|1381> NewECP
|1382> N_core 0
|1383> lmax f
|1384> s 1
|1385> 1      1.732000000   14.676000000 2
|1386> p 1
|1387> 1      1.115000000    5.175700000 2
|1388> d 1
|1389> 1      1.203000000   -1.816000000 2
|1390> f 1
|1391> 1      1.000000000    0.000000000 2
|1392> end
|1393> Mg>    2.00000000000    8.44098739728    2.11023985771   -4.36254232956
|1394> NewECP
|1395> N_core 0
|1396> lmax f
|1397> s 1
|1398> 1      1.732000000   14.676000000 2
|1399> p 1
|1400> 1      1.115000000    5.175700000 2
|1401> d 1
|1402> 1      1.203000000   -1.816000000 2
|1403> f 1
|1404> 1      1.000000000    0.000000000 2
|1405> end
|1406> Mg>    2.00000000000    8.44098739728   -2.11025367019   -4.36254232956
|1407> NewECP
|1408> N_core 0
|1409> lmax f
|1410> s 1
|1411> 1      1.732000000   14.676000000 2
|1412> p 1
|1413> 1      1.115000000    5.175700000 2
|1414> d 1
|1415> 1      1.203000000   -1.816000000 2
|1416> f 1
|1417> 1      1.000000000    0.000000000 2
|1418> end
|1419> Mg>    2.00000000000    2.11024710542   -8.44099396206   -4.36254232956
|1420> NewECP
|1421> N_core 0
|1422> lmax f
|1423> s 1
|1424> 1      1.732000000   14.676000000 2
|1425> p 1
|1426> 1      1.115000000    5.175700000 2
|1427> d 1
|1428> 1      1.203000000   -1.816000000 2
|1429> f 1
|1430> 1      1.000000000    0.000000000 2
|1431> end
|1432> Mg>    2.00000000000   -2.11024642249   -8.44099396206   -4.36254232956
|1433> NewECP
|1434> N_core 0
|1435> lmax f
|1436> s 1
|1437> 1      1.732000000   14.676000000 2
|1438> p 1
|1439> 1      1.115000000    5.175700000 2
|1440> d 1
|1441> 1      1.203000000   -1.816000000 2
|1442> f 1
|1443> 1      1.000000000    0.000000000 2
|1444> end
|1445> Mg>    2.00000000000   -8.44098671436   -2.11025367019   -4.36254232956
|1446> NewECP
|1447> N_core 0
|1448> lmax f
|1449> s 1
|1450> 1      1.732000000   14.676000000 2
|1451> p 1
|1452> 1      1.115000000    5.175700000 2
|1453> d 1
|1454> 1      1.203000000   -1.816000000 2
|1455> f 1
|1456> 1      1.000000000    0.000000000 2
|1457> end
|1458> Mg>    2.00000000000   -6.22247714549    8.44097963163   -0.16405174740
|1459> NewECP
|1460> N_core 0
|1461> lmax f
|1462> s 1
|1463> 1      1.732000000   14.676000000 2
|1464> p 1
|1465> 1      1.115000000    5.175700000 2
|1466> d 1
|1467> 1      1.203000000   -1.816000000 2
|1468> f 1
|1469> 1      1.000000000    0.000000000 2
|1470> end
|1471> Mg>    2.00000000000    6.22247812006    8.44097959443   -0.16405374819
|1472> NewECP
|1473> N_core 0
|1474> lmax f
|1475> s 1
|1476> 1      1.732000000   14.676000000 2
|1477> p 1
|1478> 1      1.115000000    5.175700000 2
|1479> d 1
|1480> 1      1.203000000   -1.816000000 2
|1481> f 1
|1482> 1      1.000000000    0.000000000 2
|1483> end
|1484> Mg>    2.00000000000    6.22247812006   -8.44099451720   -0.16405374819
|1485> NewECP
|1486> N_core 0
|1487> lmax f
|1488> s 1
|1489> 1      1.732000000   14.676000000 2
|1490> p 1
|1491> 1      1.115000000    5.175700000 2
|1492> d 1
|1493> 1      1.203000000   -1.816000000 2
|1494> f 1
|1495> 1      1.000000000    0.000000000 2
|1496> end
|1497> Mg>    2.00000000000   -6.22247714549   -8.44099448001   -0.16405174740
|1498> NewECP
|1499> N_core 0
|1500> lmax f
|1501> s 1
|1502> 1      1.732000000   14.676000000 2
|1503> p 1
|1504> 1      1.115000000    5.175700000 2
|1505> d 1
|1506> 1      1.203000000   -1.816000000 2
|1507> f 1
|1508> 1      1.000000000    0.000000000 2
|1509> end
|1510> Mg>    2.00000000000   -8.44098681002    6.23613165742    0.06544759026
|1511> NewECP
|1512> N_core 0
|1513> lmax f
|1514> s 1
|1515> 1      1.732000000   14.676000000 2
|1516> p 1
|1517> 1      1.115000000    5.175700000 2
|1518> d 1
|1519> 1      1.203000000   -1.816000000 2
|1520> f 1
|1521> 1      1.000000000    0.000000000 2
|1522> end
|1523> Mg>    2.00000000000    8.44098730161    6.23613165742    0.06544759026
|1524> NewECP
|1525> N_core 0
|1526> lmax f
|1527> s 1
|1528> 1      1.732000000   14.676000000 2
|1529> p 1
|1530> 1      1.115000000    5.175700000 2
|1531> d 1
|1532> 1      1.203000000   -1.816000000 2
|1533> f 1
|1534> 1      1.000000000    0.000000000 2
|1535> end
|1536> Mg>    2.00000000000    8.44098730511   -6.23614067769    0.06544084864
|1537> NewECP
|1538> N_core 0
|1539> lmax f
|1540> s 1
|1541> 1      1.732000000   14.676000000 2
|1542> p 1
|1543> 1      1.115000000    5.175700000 2
|1544> d 1
|1545> 1      1.203000000   -1.816000000 2
|1546> f 1
|1547> 1      1.000000000    0.000000000 2
|1548> end
|1549> Mg>    2.00000000000   -8.44098680653   -6.23614067769    0.06544084864
|1550> NewECP
|1551> N_core 0
|1552> lmax f
|1553> s 1
|1554> 1      1.732000000   14.676000000 2
|1555> p 1
|1556> 1      1.115000000    5.175700000 2
|1557> d 1
|1558> 1      1.203000000   -1.816000000 2
|1559> f 1
|1560> 1      1.000000000    0.000000000 2
|1561> end
|1562> Mg>    2.00000000000    0.00000024929   10.64583343395    0.06544084864
|1563> NewECP
|1564> N_core 0
|1565> lmax f
|1566> s 1
|1567> 1      1.732000000   14.676000000 2
|1568> p 1
|1569> 1      1.115000000    5.175700000 2
|1570> d 1
|1571> 1      1.203000000   -1.816000000 2
|1572> f 1
|1573> 1      1.000000000    0.000000000 2
|1574> end
|1575> Mg>    2.00000000000    0.00000024579  -10.64584245421    0.06544759026
|1576> NewECP
|1577> N_core 0
|1578> lmax f
|1579> s 1
|1580> 1      1.732000000   14.676000000 2
|1581> p 1
|1582> 1      1.115000000    5.175700000 2
|1583> d 1
|1584> 1      1.203000000   -1.816000000 2
|1585> f 1
|1586> 1      1.000000000    0.000000000 2
|1587> end
|1588> Mg>    2.00000000000   10.65949696615   -0.00000742419   -0.16405174740
|1589> NewECP
|1590> N_core 0
|1591> lmax f
|1592> s 1
|1593> 1      1.732000000   14.676000000 2
|1594> p 1
|1595> 1      1.115000000    5.175700000 2
|1596> d 1
|1597> 1      1.203000000   -1.816000000 2
|1598> f 1
|1599> 1      1.000000000    0.000000000 2
|1600> end
|1601> Mg>    2.00000000000  -10.65949599157   -0.00000746138   -0.16405374819
|1602> NewECP
|1603> N_core 0
|1604> lmax f
|1605> s 1
|1606> 1      1.732000000   14.676000000 2
|1607> p 1
|1608> 1      1.115000000    5.175700000 2
|1609> d 1
|1610> 1      1.203000000   -1.816000000 2
|1611> f 1
|1612> 1      1.000000000    0.000000000 2
|1613> end
|1614> Mg>    2.00000000000  -10.53401489339    2.11662654520   -2.22405421688
|1615> NewECP
|1616> N_core 0
|1617> lmax f
|1618> s 1
|1619> 1      1.732000000   14.676000000 2
|1620> p 1
|1621> 1      1.115000000    5.175700000 2
|1622> d 1
|1623> 1      1.203000000   -1.816000000 2
|1624> f 1
|1625> 1      1.000000000    0.000000000 2
|1626> end
|1627> Mg>    2.00000000000   10.53401557310    2.11662636432   -2.22405335119
|1628> NewECP
|1629> N_core 0
|1630> lmax f
|1631> s 1
|1632> 1      1.732000000   14.676000000 2
|1633> p 1
|1634> 1      1.115000000    5.175700000 2
|1635> d 1
|1636> 1      1.203000000   -1.816000000 2
|1637> f 1
|1638> 1      1.000000000    0.000000000 2
|1639> end
|1640> Mg>    2.00000000000   10.53401539410   -2.11664009950   -2.22405174054
|1641> NewECP
|1642> N_core 0
|1643> lmax f
|1644> s 1
|1645> 1      1.732000000   14.676000000 2
|1646> p 1
|1647> 1      1.115000000    5.175700000 2
|1648> d 1
|1649> 1      1.203000000   -1.816000000 2
|1650> f 1
|1651> 1      1.000000000    0.000000000 2
|1652> end
|1653> Mg>    2.00000000000  -10.53401470501   -2.11664031850   -2.22405263869
|1654> NewECP
|1655> N_core 0
|1656> lmax f
|1657> s 1
|1658> 1      1.732000000   14.676000000 2
|1659> p 1
|1660> 1      1.115000000    5.175700000 2
|1661> d 1
|1662> 1      1.203000000   -1.816000000 2
|1663> f 1
|1664> 1      1.000000000    0.000000000 2
|1665> end
|1666> Mg>    2.00000000000   -2.09302783758   10.55761360102   -2.22405421688
|1667> NewECP
|1668> N_core 0
|1669> lmax f
|1670> s 1
|1671> 1      1.732000000   14.676000000 2
|1672> p 1
|1673> 1      1.115000000    5.175700000 2
|1674> d 1
|1675> 1      1.203000000   -1.816000000 2
|1676> f 1
|1677> 1      1.000000000    0.000000000 2
|1678> end
|1679> Mg>    2.00000000000    2.09302851728   10.55761342014   -2.22405335119
|1680> NewECP
|1681> N_core 0
|1682> lmax f
|1683> s 1
|1684> 1      1.732000000   14.676000000 2
|1685> p 1
|1686> 1      1.115000000    5.175700000 2
|1687> d 1
|1688> 1      1.203000000   -1.816000000 2
|1689> f 1
|1690> 1      1.000000000    0.000000000 2
|1691> end
|1692> Mg>    2.00000000000    2.09302833828  -10.55762715532   -2.22405174054
|1693> NewECP
|1694> N_core 0
|1695> lmax f
|1696> s 1
|1697> 1      1.732000000   14.676000000 2
|1698> p 1
|1699> 1      1.115000000    5.175700000 2
|1700> d 1
|1701> 1      1.203000000   -1.816000000 2
|1702> f 1
|1703> 1      1.000000000    0.000000000 2
|1704> end
|1705> Mg>    2.00000000000   -2.09302764919  -10.55762737432   -2.22405263869
|1706> NewECP
|1707> N_core 0
|1708> lmax f
|1709> s 1
|1710> 1      1.732000000   14.676000000 2
|1711> p 1
|1712> 1      1.115000000    5.175700000 2
|1713> d 1
|1714> 1      1.203000000   -1.816000000 2
|1715> f 1
|1716> 1      1.000000000    0.000000000 2
|1717> end
|1718> Mg>    2.00000000000   -4.22049300136   10.57073568246   -0.13880259387
|1719> NewECP
|1720> N_core 0
|1721> lmax f
|1722> s 1
|1723> 1      1.732000000   14.676000000 2
|1724> p 1
|1725> 1      1.115000000    5.175700000 2
|1726> d 1
|1727> 1      1.203000000   -1.816000000 2
|1728> f 1
|1729> 1      1.000000000    0.000000000 2
|1730> end
|1731> Mg>    2.00000000000    4.22049405445   10.57073568246   -0.13880259387
|1732> NewECP
|1733> N_core 0
|1734> lmax f
|1735> s 1
|1736> 1      1.732000000   14.676000000 2
|1737> p 1
|1738> 1      1.115000000    5.175700000 2
|1739> d 1
|1740> 1      1.203000000   -1.816000000 2
|1741> f 1
|1742> 1      1.000000000    0.000000000 2
|1743> end
|1744> Mg>    2.00000000000    4.22049404452  -10.57074935655   -0.13880142246
|1745> NewECP
|1746> N_core 0
|1747> lmax f
|1748> s 1
|1749> 1      1.732000000   14.676000000 2
|1750> p 1
|1751> 1      1.115000000    5.175700000 2
|1752> d 1
|1753> 1      1.203000000   -1.816000000 2
|1754> f 1
|1755> 1      1.000000000    0.000000000 2
|1756> end
|1757> Mg>    2.00000000000   -4.22049301130  -10.57074935655   -0.13880142246
|1758> NewECP
|1759> N_core 0
|1760> lmax f
|1761> s 1
|1762> 1      1.732000000   14.676000000 2
|1763> p 1
|1764> 1      1.115000000    5.175700000 2
|1765> d 1
|1766> 1      1.203000000   -1.816000000 2
|1767> f 1
|1768> 1      1.000000000    0.000000000 2
|1769> end
|1770> Mg>    2.00000000000  -10.57093205591    4.22048719744   -0.13059550202
|1771> NewECP
|1772> N_core 0
|1773> lmax f
|1774> s 1
|1775> 1      1.732000000   14.676000000 2
|1776> p 1
|1777> 1      1.115000000    5.175700000 2
|1778> d 1
|1779> 1      1.203000000   -1.816000000 2
|1780> f 1
|1781> 1      1.000000000    0.000000000 2
|1782> end
|1783> Mg>    2.00000000000   10.57093280064    4.22048717562   -0.13059632118
|1784> NewECP
|1785> N_core 0
|1786> lmax f
|1787> s 1
|1788> 1      1.732000000   14.676000000 2
|1789> p 1
|1790> 1      1.115000000    5.175700000 2
|1791> d 1
|1792> 1      1.203000000   -1.816000000 2
|1793> f 1
|1794> 1      1.000000000    0.000000000 2
|1795> end
|1796> Mg>    2.00000000000   10.57093280064   -4.22049988020   -0.13059632118
|1797> NewECP
|1798> N_core 0
|1799> lmax f
|1800> s 1
|1801> 1      1.732000000   14.676000000 2
|1802> p 1
|1803> 1      1.115000000    5.175700000 2
|1804> d 1
|1805> 1      1.203000000   -1.816000000 2
|1806> f 1
|1807> 1      1.000000000    0.000000000 2
|1808> end
|1809> Mg>    2.00000000000  -10.57093205591   -4.22049985838   -0.13059550202
|1810> NewECP
|1811> N_core 0
|1812> lmax f
|1813> s 1
|1814> 1      1.732000000   14.676000000 2
|1815> p 1
|1816> 1      1.115000000    5.175700000 2
|1817> d 1
|1818> 1      1.203000000   -1.816000000 2
|1819> f 1
|1820> 1      1.000000000    0.000000000 2
|1821> end
|1822> end
|1823> end
|1824>  
|1825> 
|1826>                          ****END OF INPUT****
================================================================================
----------------
TOTAL SCF ENERGY
----------------

Total Energy       :      -7943.80408917543900 Eh         -216161.89873 eV

Components:
Nuclear Repulsion  :      14030.74262552117034 Eh          381795.91697 eV
Electronic Energy  :     -21974.53912595438305 Eh         -597957.60919 eV
One Electron Energy:     -40208.63907001505140 Eh        -1094132.69373 eV
Two Electron Energy:      18234.09994406066835 Eh          496175.08453 eV

Virial components:
Potential Energy   :     -14190.17449008519361 Eh         -386134.27856 eV
Kinetic Energy     :       6246.37040090975461 Eh          169972.37984 eV
Virial Ratio       :          2.27174720346691

--------------------Output has been truncated-------------------------


--------------------Output has been truncated-------------------------


--------------------Output has been truncated-------------------------


--------------------Output has been truncated-------------------------


--------------------Output has been truncated-------------------------


--------------------Output has been truncated-------------------------


--------------------Output has been truncated-------------------------


--------------------Output has been truncated-------------------------


--------------------Output has been truncated-------------------------


--------------------Output has been truncated-------------------------


-----------------------------------------------
 RI-MP2 CORRELATION ENERGY:    -14.873340491 Eh
-----------------------------------------------
---------------------------------------
MP2 TOTAL ENERGY:    -7958.677429667 Eh
---------------------------------------

Maximum memory used throughout the entire MP2-calculation: 6052.2 MB

-------------------------   --------------------
FINAL SINGLE POINT ENERGY     -7958.677429666936
-------------------------   --------------------
TOTAL RUN TIME: 0 days 5 hours 58 minutes 41 seconds 311 msec
