 **********************************************************************
                          MRCC program system
 **********************************************************************
 
                              Written by
     Mihaly Kallay, Peter R. Nagy, David Mester, Laszlo Gyevi-Nagy,
        Jozsef Csoka, P. Bernat Szabo, Zoltan Rolik, Gyula Samu,
     Jozsef Csontos, Bence Hegely, Adam Ganyecz, Istvan Ladjanszki,
       Lorant Szegedy, Bence Ladoczki, Klara Petrov, Mate Farkas,
                    Pal D. Mezei, and Reka A. Horvath
 
        Department of Physical Chemistry and Materials Science
            Budapest University of Technology and Economics
                  Budapest P.O.Box 91, H-1521 Hungary
 
                              www.mrcc.hu
 
                      Release date: March 18, 2022

 ************************ 2023-02-05 13:27:53 *************************
 Executing minp...

 Reading input from MINP...
 
 Input file:
 
calc=FNO-CCSD(T)
verbosity=3
mem=220GB
unit=angs
scfiguess=small
scfalg=locfit1
ccmaxit=400
ccsdalg=dfdirect
ccsdthreads=4
ccsdmkl=thr
ptthreads=4
lnoepsv=1e-5
naf_cor=1e-2
basis=aug-cc-pVTZ
basis_sm=def2-SVP
dfbasis_scf=def2-QZVPP-RI-JK
dfbasis_cor=aug-cc-pVTZ-RI
unit=angs
geom=xyz
16

C    34.41670262    34.07107264    10.41543014
C    33.11117461    33.45680459    10.91530835
H    34.24160149    35.00442132     9.86225048
H    34.94674030    33.36940783     9.75379242
H    35.10002891    34.30603621    11.24227357
H    32.42643037    33.26105434    10.07939442
H    32.59136835    34.12756100    11.61262818
H    33.28915165    32.50678735    11.43686767
C    20.41949695    27.74053668    10.40840413
C    21.71921254    27.12669671    10.92356358
H    19.89421274    27.03634178     9.74574003
H    20.60154528    28.67149383     9.85293887
H    19.72845280    27.98114066    11.22701403
H    22.41312130    26.93003715    10.09557036
H    21.53496881    26.17717467    11.44395536
H    22.23131028    27.79828785    11.62583355

--------------------Output has been truncated-------------------------


--------------------Output has been truncated-------------------------


--------------------Output has been truncated-------------------------


--------------------Output has been truncated-------------------------


--------------------Output has been truncated-------------------------


--------------------Output has been truncated-------------------------


--------------------Output has been truncated-------------------------


--------------------Output has been truncated-------------------------


--------------------Output has been truncated-------------------------


--------------------Output has been truncated-------------------------


 
 Reference energy [au]:                       -79.259550506296
 DF-MP2 singlet pair energy [au]:              -0.300254323211
 DF-MP2 triplet pair energy [au]:              -0.075031447142
 DF-SCS-MP2 correlation energy [au]:           -0.385315670234
 DF-SCS-MP2 energy [au]:                      -79.644866176530
 DF-SOS-MP2 correlation energy [au]:           -0.390330620174
 DF-SOS-MP2 energy [au]:                      -79.649881126470
 DF-MP2 correlation energy [au]:               -0.375285770353
 DF-MP2 energy [au]:                          -79.634836276649

 Results in FNO basis:
 
 
 Reference energy [au]:                       -79.259550506296
 DF-MP2 singlet pair energy [au]:              -0.299084135030
 DF-MP2 triplet pair energy [au]:              -0.074925180991
 DF-SCS-MP2 correlation energy [au]:           -0.383876022367
 DF-SCS-MP2 energy [au]:                      -79.643426528663
 DF-SOS-MP2 correlation energy [au]:           -0.388809375540
 DF-SOS-MP2 energy [au]:                      -79.648359881836
 DF-MP2 correlation energy [au]:               -0.374009316022
 DF-MP2 energy [au]:                          -79.633559822318

 Results in NAF basis:
 
 
 Reference energy [au]:                       -79.259550506296
 DF-MP2 singlet pair energy [au]:              -0.299023402934
 DF-MP2 triplet pair energy [au]:              -0.074964225165
 DF-SCS-MP2 correlation energy [au]:           -0.383816158576
 DF-SCS-MP2 energy [au]:                      -79.643366664872
 DF-SOS-MP2 correlation energy [au]:           -0.388730423814
 DF-SOS-MP2 energy [au]:                      -79.648280930111
 DF-MP2 correlation energy [au]:               -0.373987628099
 DF-MP2 energy [au]:                          -79.633538134395

 ************************ 2023-02-05 13:28:23 *************************
 Executing ccsd...

 Allocation of 220.0 Gbytes of memory...

 Direct DF-CCSD(T) calculation
 
 Convergence criterion:  1.0E-06
 
 Number of occupied/virtual/auxiliary orbitals:     7   139   378
    421.21 MB is the minimal memory requirement for (T)
     94.89 MB is the minimal memory requirement for CCSD
 
 Reference energy [au]:             -79.259550506296
 T1 contribution [au]:                0.000000000000
 Same spin MP2 energy [au]:          -0.074944643898
 Opposite spin MP2 energy [au]:      -0.299053598166
 MP2 correlation energy [au]:        -0.373998242064
 Total MP2 energy [au]:             -79.633548748361
 MP2 correction [au]:                -0.001287528289
 
 
 CPU time [min]:     0.317                   Wall time [min]:     0.016
 
 Starting CCSD iterations...
 
                     Residual norm          Energy
 Iteration  1        0.170712154868      -79.654477308229
 Iteration  2        0.042453501779      -79.664042225243
 Iteration  3        0.011296538912      -79.664998271898
 Iteration  4        0.002548542054      -79.665006593627
 Iteration  5        0.000536665558      -79.665011800331
 Iteration  6        0.000152292095      -79.665014877961
 Iteration  7        0.000036257627      -79.665014662674
 Iteration  8        0.000009249090      -79.665014954310
 
 CCSD iteration has converged in  8 steps.
     1534.57 MB memory was utilized by CCSD
 
 T1 diagnostic:      7.816E-03            D1 diagnostic:      1.353E-02
 
 T1 contribution [au]:                                  0.000000000000
 PPL energy contribution [au]:                          0.102911460242
 Scaled PPL energy contribution [au]:                   0.103270172040

 OS-PPL energy contribution [au]:                       0.089961261511
 Scaled OS-PPL energy contribution [au]:                0.090332346008
 SS-PPL energy contribution [au]:                       0.012950198731
 Scaled SS-PPL energy contribution [au]:                0.012962025574

 Opposite spin CCSD energy [au]:                       -0.334284099324
 Same spin CCSD energy [au]:                           -0.071199016564
 CCSD correlation energy [au]:                         -0.405483115887
 CCSD correlation energy + MP2 correction [au]:        -0.406770644176
 CCSD correlation energy + MP2 + PPL corr. [au]:       -0.406411932377
 Total CCSD energy [au]:                              -79.665033622183
 Total CCSD energy + MP2 correction [au]:             -79.666321150472
 Total CCSD energy + MP2 + PPL corr. [au]:            -79.665962438674
 
 CPU time [min]:     2.695                   Wall time [min]:     0.086
 
 Calculation of (T) correction...
 
 
      388.93 MB memory is utilized for (T)

 0%       25%       50%       75%       100%
 |---------|---------|---------|---------| 
 
 (T) correction [au]:                                    -0.013958895602
 (T*) correction [au]:                                   -0.014006950569
 (T+) correction [au]:                                   -0.014006368261
 CCSD(T) correlation energy [au]:                        -0.419442011489
 CCSD(T) correlation energy + MP2 correction [au]:       -0.420729539778
 CCSD(T+) correlation en. + MP2 + PPL corr. [au]:        -0.420418300639
 Total CCSD(T) energy [au]:                             -79.678992517786
 Total CCSD(T) energy + MP2 correction [au]:            -79.680280046074
 Total CCSD(T+) energy + MP2 + PPL corr. [au]:          -79.679968806935
 
 CPU time [min]:     3.407                   Wall time [min]:     0.109
 
 ************************ 2023-02-05 13:28:30 *************************
                      Normal termination of mrcc.
 **********************************************************************
