 **********************************************************************
                          MRCC program system
 **********************************************************************
 
                              Written by
     Mihaly Kallay, Peter R. Nagy, David Mester, Laszlo Gyevi-Nagy,
        Jozsef Csoka, P. Bernat Szabo, Zoltan Rolik, Gyula Samu,
     Jozsef Csontos, Bence Hegely, Adam Ganyecz, Istvan Ladjanszki,
       Lorant Szegedy, Bence Ladoczki, Klara Petrov, Mate Farkas,
                    Pal D. Mezei, and Reka A. Horvath
 
        Department of Physical Chemistry and Materials Science
            Budapest University of Technology and Economics
                  Budapest P.O.Box 91, H-1521 Hungary
 
                              www.mrcc.hu
 
                      Release date: March 18, 2022

 ************************ 2023-02-04 11:43:51 *************************
 Executing minp...

 Reading input from MINP...
 
 Input file:
 
calc=FNO-CCSD(T)
verbosity=3
mem=220GB
unit=angs
scfiguess=small
scfalg=locfit1
ccmaxit=400
ccsdalg=dfdirect
ccsdthreads=4
ccsdmkl=thr
ptthreads=4
lnoepsv=1e-5
naf_cor=1e-2
basis=aug-cc-pVQZ
basis_sm=def2-SVP
dfbasis_scf=def2-QZVPP-RI-JK
dfbasis_cor=aug-cc-pVQZ-RI
unit=angs
geom=xyz
10

C    29.54344629    29.54344629    16.97505516
H    29.54344670    30.44187631    17.60392580
H    29.54344662    28.64496649    17.60393442
H    30.44658454    29.54342777    16.34911135
H    28.64030918    29.54342779    16.34911130
C    37.98443094    37.98443094    16.97505516
H    37.98443135    38.88286097    17.60392580
H    37.98443127    37.08595114    17.60393442
H    38.88756920    37.98441242    16.34911135
H    37.08129384    37.98441244    16.34911130

--------------------Output has been truncated-------------------------


--------------------Output has been truncated-------------------------


--------------------Output has been truncated-------------------------


--------------------Output has been truncated-------------------------


--------------------Output has been truncated-------------------------


--------------------Output has been truncated-------------------------


--------------------Output has been truncated-------------------------


--------------------Output has been truncated-------------------------


--------------------Output has been truncated-------------------------


--------------------Output has been truncated-------------------------


 
 Reference energy [au]:                       -40.215614175333
 DF-MP2 singlet pair energy [au]:              -0.173752874739
 DF-MP2 triplet pair energy [au]:              -0.037498361978
 DF-SCS-MP2 correlation energy [au]:           -0.221002903679
 DF-SCS-MP2 energy [au]:                      -40.436617079013
 DF-SOS-MP2 correlation energy [au]:           -0.225878737160
 DF-SOS-MP2 energy [au]:                      -40.441492912494
 DF-MP2 correlation energy [au]:               -0.211251236717
 DF-MP2 energy [au]:                          -40.426865412050

 Results in FNO basis:
 
 
 Reference energy [au]:                       -40.215614175333
 DF-MP2 singlet pair energy [au]:              -0.170618204663
 DF-MP2 triplet pair energy [au]:              -0.037357059683
 DF-SCS-MP2 correlation energy [au]:           -0.217194198823
 DF-SCS-MP2 energy [au]:                      -40.432808374156
 DF-SOS-MP2 correlation energy [au]:           -0.221803666062
 DF-SOS-MP2 energy [au]:                      -40.437417841395
 DF-MP2 correlation energy [au]:               -0.207975264346
 DF-MP2 energy [au]:                          -40.423589439679

 Results in NAF basis:
 
 
 Reference energy [au]:                       -40.215614175333
 DF-MP2 singlet pair energy [au]:              -0.170600643234
 DF-MP2 triplet pair energy [au]:              -0.037363751439
 DF-SCS-MP2 correlation energy [au]:           -0.217175355693
 DF-SCS-MP2 energy [au]:                      -40.432789531027
 DF-SOS-MP2 correlation energy [au]:           -0.221780836204
 DF-SOS-MP2 energy [au]:                      -40.437395011537
 DF-MP2 correlation energy [au]:               -0.207964394672
 DF-MP2 energy [au]:                          -40.423578570006

 ************************ 2023-02-04 11:44:26 *************************
 Executing ccsd...

 Allocation of 220.0 Gbytes of memory...

 Direct DF-CCSD(T) calculation
 
 Convergence criterion:  1.0E-06
 
 Number of occupied/virtual/auxiliary orbitals:     4   101   320
    163.36 MB is the minimal memory requirement for (T)
     39.40 MB is the minimal memory requirement for CCSD
 
 Reference energy [au]:             -40.215614175333
 T1 contribution [au]:                0.000000000000
 Same spin MP2 energy [au]:          -0.037360401112
 Opposite spin MP2 energy [au]:      -0.170609414154
 MP2 correlation energy [au]:        -0.207969815267
 Total MP2 energy [au]:             -40.423583990600
 MP2 correction [au]:                -0.003281421450
 
 
 CPU time [min]:     0.176                   Wall time [min]:     0.008
 
 Starting CCSD iterations...
 
                     Residual norm          Energy
 Iteration  1        0.138680872058      -40.436528975247
 Iteration  2        0.035376073418      -40.442052527917
 Iteration  3        0.009771739402      -40.442635248543
 Iteration  4        0.002020926723      -40.442639747658
 Iteration  5        0.000374897544      -40.442646258493
 Iteration  6        0.000084797668      -40.442646135248
 Iteration  7        0.000020223470      -40.442646825277
 Iteration  8        0.000003738677      -40.442646882225
 
 CCSD iteration has converged in  8 steps.
      444.29 MB memory was utilized by CCSD
 
 T1 diagnostic:      7.996E-03            D1 diagnostic:      1.292E-02
 
 T1 contribution [au]:                                  0.000000000000
 PPL energy contribution [au]:                          0.060602208200
 Scaled PPL energy contribution [au]:                   0.061558996828

 OS-PPL energy contribution [au]:                       0.053773712423
 Scaled OS-PPL energy contribution [au]:                0.054766763654
 SS-PPL energy contribution [au]:                       0.006828495778
 Scaled SS-PPL energy contribution [au]:                0.006852794731

 Opposite spin CCSD energy [au]:                       -0.191003422736
 Same spin CCSD energy [au]:                           -0.036036035617
 CCSD correlation energy [au]:                         -0.227039458353
 CCSD correlation energy + MP2 correction [au]:        -0.230320879803
 CCSD correlation energy + MP2 + PPL corr. [au]:       -0.229364091175
 Total CCSD energy [au]:                              -40.442653633686
 Total CCSD energy + MP2 correction [au]:             -40.445935055136
 Total CCSD energy + MP2 + PPL corr. [au]:            -40.444978266508
 
 CPU time [min]:     0.864                   Wall time [min]:     0.027
 
 Calculation of (T) correction...
 
 
      124.68 MB memory is utilized for (T)

 0%       25%       50%       75%       100%
 |---------|---------|---------|---------| 
 
 (T) correction [au]:                                    -0.006941734647
 (T*) correction [au]:                                   -0.007051263797
 (T+) correction [au]:                                   -0.007050856821
 CCSD(T) correlation energy [au]:                        -0.233981193000
 CCSD(T) correlation energy + MP2 correction [au]:       -0.237262614450
 CCSD(T+) correlation en. + MP2 + PPL corr. [au]:        -0.236414947996
 Total CCSD(T) energy [au]:                             -40.449595368333
 Total CCSD(T) energy + MP2 correction [au]:            -40.452876789783
 Total CCSD(T+) energy + MP2 + PPL corr. [au]:          -40.452029123329
 
 CPU time [min]:     0.947                   Wall time [min]:     0.030
 
 ************************ 2023-02-04 11:44:28 *************************
                      Normal termination of mrcc.
 **********************************************************************
