 **********************************************************************
                          MRCC program system
 **********************************************************************
 
                              Written by
     Mihaly Kallay, Peter R. Nagy, David Mester, Laszlo Gyevi-Nagy,
        Jozsef Csoka, P. Bernat Szabo, Zoltan Rolik, Gyula Samu,
     Jozsef Csontos, Bence Hegely, Adam Ganyecz, Istvan Ladjanszki,
       Lorant Szegedy, Bence Ladoczki, Klara Petrov, Mate Farkas,
                    Pal D. Mezei, and Reka A. Horvath
 
        Department of Physical Chemistry and Materials Science
            Budapest University of Technology and Economics
                  Budapest P.O.Box 91, H-1521 Hungary
 
                              www.mrcc.hu
 
                      Release date: March 18, 2022

 ************************ 2023-02-04 11:51:11 *************************
 Executing minp...

 Reading input from MINP...
 
 Input file:
 
calc=FNO-CCSD(T)
verbosity=3
mem=220GB
unit=angs
scfiguess=small
scfalg=locfit1
ccmaxit=400
ccsdalg=dfdirect
ccsdthreads=4
ccsdmkl=thr
ptthreads=4
lnoepsv=1e-5
naf_cor=1e-2
basis=aug-cc-pVTZ
basis_sm=def2-SVP
dfbasis_scf=def2-QZVPP-RI-JK
dfbasis_cor=aug-cc-pVTZ-RI
unit=angs
geom=xyz
10

C    29.54344629    29.54344629    16.97505516
H    29.54344670    30.44187631    17.60392580
H    29.54344662    28.64496649    17.60393442
H    30.44658454    29.54342777    16.34911135
H    28.64030918    29.54342779    16.34911130
C    12.66147698    29.54344629    16.97505516
H    12.66147739    30.44187631    17.60392580
H    12.66147731    28.64496649    17.60393442
H    13.56461523    29.54342777    16.34911135
H    11.75833987    29.54342779    16.34911130

--------------------Output has been truncated-------------------------


--------------------Output has been truncated-------------------------


--------------------Output has been truncated-------------------------


--------------------Output has been truncated-------------------------


--------------------Output has been truncated-------------------------


--------------------Output has been truncated-------------------------


--------------------Output has been truncated-------------------------


--------------------Output has been truncated-------------------------


--------------------Output has been truncated-------------------------


--------------------Output has been truncated-------------------------


 
 Reference energy [au]:                       -80.426028011276
 DF-MP2 singlet pair energy [au]:              -0.328837614526
 DF-MP2 triplet pair energy [au]:              -0.073189080457
 DF-SCS-MP2 correlation energy [au]:           -0.419001497584
 DF-SCS-MP2 energy [au]:                      -80.845029508860
 DF-SOS-MP2 correlation energy [au]:           -0.427488898884
 DF-SOS-MP2 energy [au]:                      -80.853516910160
 DF-MP2 correlation energy [au]:               -0.402026694984
 DF-MP2 energy [au]:                          -80.828054706260

 Results in FNO basis:
 
 
 Reference energy [au]:                       -80.426028011276
 DF-MP2 singlet pair energy [au]:              -0.327537128423
 DF-MP2 triplet pair energy [au]:              -0.073101565273
 DF-SCS-MP2 correlation energy [au]:           -0.417411742532
 DF-SCS-MP2 energy [au]:                      -80.843439753808
 DF-SOS-MP2 correlation energy [au]:           -0.425798266950
 DF-SOS-MP2 energy [au]:                      -80.851826278226
 DF-MP2 correlation energy [au]:               -0.400638693696
 DF-MP2 energy [au]:                          -80.826666704972

 Results in NAF basis:
 
 
 Reference energy [au]:                       -80.426028011276
 DF-MP2 singlet pair energy [au]:              -0.327473242299
 DF-MP2 triplet pair energy [au]:              -0.073141222364
 DF-SCS-MP2 correlation energy [au]:           -0.417348298213
 DF-SCS-MP2 energy [au]:                      -80.843376309489
 DF-SOS-MP2 correlation energy [au]:           -0.425715214988
 DF-SOS-MP2 energy [au]:                      -80.851743226265
 DF-MP2 correlation energy [au]:               -0.400614464663
 DF-MP2 energy [au]:                          -80.826642475939

 ************************ 2023-02-04 11:51:28 *************************
 Executing ccsd...

 Allocation of 220.0 Gbytes of memory...

 Direct DF-CCSD(T) calculation
 
 Convergence criterion:  1.0E-06
 
 Number of occupied/virtual/auxiliary orbitals:     8   166   443
    715.53 MB is the minimal memory requirement for (T)
    155.43 MB is the minimal memory requirement for CCSD
 
 Reference energy [au]:             -80.426028011276
 T1 contribution [au]:                0.000000000000
 Same spin MP2 energy [au]:          -0.073121340576
 Opposite spin MP2 energy [au]:      -0.327505023918
 MP2 correlation energy [au]:        -0.400626364494
 Total MP2 energy [au]:             -80.826654375770
 MP2 correction [au]:                -0.001400330489
 
 
 CPU time [min]:     0.354                   Wall time [min]:     0.016
 
 Starting CCSD iterations...
 
                     Residual norm          Energy
 Iteration  1        0.182095616815      -80.855590804658
 Iteration  2        0.046360198921      -80.866576210606
 Iteration  3        0.011355580102      -80.867573450092
 Iteration  4        0.002639604727      -80.867575951450
 Iteration  5        0.000499584920      -80.867588725946
 Iteration  6        0.000102015303      -80.867588934619
 Iteration  7        0.000024572593      -80.867590120136
 Iteration  8        0.000004313425      -80.867590158016
 Iteration  9        0.000000870320      -80.867590141171
 
 CCSD iteration has converged in  9 steps.
     3072.80 MB memory was utilized by CCSD
 
 T1 diagnostic:      7.475E-03            D1 diagnostic:      1.210E-02
 
 T1 contribution [au]:                                  0.000000000000
 PPL energy contribution [au]:                          0.114976512437
 Scaled PPL energy contribution [au]:                   0.115380909092

 OS-PPL energy contribution [au]:                       0.101746274887
 Scaled OS-PPL energy contribution [au]:                0.102169091674
 SS-PPL energy contribution [au]:                       0.013230237550
 Scaled SS-PPL energy contribution [au]:                0.013239152883

 Opposite spin CCSD energy [au]:                       -0.370937286015
 Same spin CCSD energy [au]:                           -0.070644835698
 CCSD correlation energy [au]:                         -0.441582121713
 CCSD correlation energy + MP2 correction [au]:        -0.442982452203
 CCSD correlation energy + MP2 + PPL corr. [au]:       -0.442578055548
 Total CCSD energy [au]:                              -80.867610132989
 Total CCSD energy + MP2 correction [au]:             -80.869010463479
 Total CCSD energy + MP2 + PPL corr. [au]:            -80.868606066824
 
 CPU time [min]:     5.506                   Wall time [min]:     0.161
 
 Calculation of (T) correction...
 
 
      698.30 MB memory is utilized for (T)

 0%       25%       50%       75%       100%
 |---------|---------|---------|---------| 
 
 (T) correction [au]:                                    -0.013137839717
 (T*) correction [au]:                                   -0.013183761102
 (T+) correction [au]:                                   -0.013183699683
 CCSD(T) correlation energy [au]:                        -0.454719961431
 CCSD(T) correlation energy + MP2 correction [au]:       -0.456120291920
 CCSD(T+) correlation en. + MP2 + PPL corr. [au]:        -0.455761755231
 Total CCSD(T) energy [au]:                             -80.880747972707
 Total CCSD(T) energy + MP2 correction [au]:            -80.882148303196
 Total CCSD(T+) energy + MP2 + PPL corr. [au]:          -80.881789766507
 
 CPU time [min]:     7.502                   Wall time [min]:     0.230
 
 ************************ 2023-02-04 11:51:42 *************************
                      Normal termination of mrcc.
 **********************************************************************
