 **********************************************************************
                          MRCC program system
 **********************************************************************
 
                              Written by
     Mihaly Kallay, Peter R. Nagy, David Mester, Laszlo Gyevi-Nagy,
        Jozsef Csoka, P. Bernat Szabo, Zoltan Rolik, Gyula Samu,
     Jozsef Csontos, Bence Hegely, Adam Ganyecz, Istvan Ladjanszki,
       Lorant Szegedy, Bence Ladoczki, Klara Petrov, Mate Farkas,
                    Pal D. Mezei, and Reka A. Horvath
 
        Department of Physical Chemistry and Materials Science
            Budapest University of Technology and Economics
                  Budapest P.O.Box 91, H-1521 Hungary
 
                              www.mrcc.hu
 
                      Release date: March 18, 2022

 ************************ 2023-02-04 11:51:23 *************************
 Executing minp...

 Reading input from MINP...
 
 Input file:
 
calc=FNO-CCSD(T)
verbosity=3
mem=220GB
unit=angs
scfiguess=small
scfalg=locfit1
ccmaxit=400
ccsdalg=dfdirect
ccsdthreads=4
ccsdmkl=thr
ptthreads=4
lnoepsv=1e-5
naf_cor=1e-2
basis=aug-cc-pVQZ
basis_sm=def2-SVP
dfbasis_scf=def2-QZVPP-RI-JK
dfbasis_cor=aug-cc-pVQZ-RI
unit=angs
geom=xyz
10

C    29.54344629    29.54344629    16.97505516
H    29.54344670    30.44187631    17.60392580
H    29.54344662    28.64496649    17.60393442
H    30.44658454    29.54342777    16.34911135
H    28.64030918    29.54342779    16.34911130
C    12.66147698    29.54344629    16.97505516
H    12.66147739    30.44187631    17.60392580
H    12.66147731    28.64496649    17.60393442
H    13.56461523    29.54342777    16.34911135
H    11.75833987    29.54342779    16.34911130

--------------------Output has been truncated-------------------------


--------------------Output has been truncated-------------------------


--------------------Output has been truncated-------------------------


--------------------Output has been truncated-------------------------


--------------------Output has been truncated-------------------------


--------------------Output has been truncated-------------------------


--------------------Output has been truncated-------------------------


--------------------Output has been truncated-------------------------


--------------------Output has been truncated-------------------------


--------------------Output has been truncated-------------------------


 
 Reference energy [au]:                       -80.431228345961
 DF-MP2 singlet pair energy [au]:              -0.347505777057
 DF-MP2 triplet pair energy [au]:              -0.074996781932
 DF-SCS-MP2 correlation energy [au]:           -0.442005859779
 DF-SCS-MP2 energy [au]:                      -80.873234205741
 DF-SOS-MP2 correlation energy [au]:           -0.451757510174
 DF-SOS-MP2 energy [au]:                      -80.882985856136
 DF-MP2 correlation energy [au]:               -0.422502558989
 DF-MP2 energy [au]:                          -80.853730904951

 Results in FNO basis:
 
 
 Reference energy [au]:                       -80.431228345961
 DF-MP2 singlet pair energy [au]:              -0.341236440013
 DF-MP2 triplet pair energy [au]:              -0.074714173347
 DF-SCS-MP2 correlation energy [au]:           -0.434388452465
 DF-SCS-MP2 energy [au]:                      -80.865616798426
 DF-SOS-MP2 correlation energy [au]:           -0.443607372017
 DF-SOS-MP2 energy [au]:                      -80.874835717979
 DF-MP2 correlation energy [au]:               -0.415950613361
 DF-MP2 energy [au]:                          -80.847178959322

 Results in NAF basis:
 
 
 Reference energy [au]:                       -80.431228345961
 DF-MP2 singlet pair energy [au]:              -0.341202737808
 DF-MP2 triplet pair energy [au]:              -0.074726324371
 DF-SCS-MP2 correlation energy [au]:           -0.434352060160
 DF-SCS-MP2 energy [au]:                      -80.865580406122
 DF-SOS-MP2 correlation energy [au]:           -0.443563559151
 DF-SOS-MP2 energy [au]:                      -80.874791905112
 DF-MP2 correlation energy [au]:               -0.415929062179
 DF-MP2 energy [au]:                          -80.847157408140

 ************************ 2023-02-04 11:51:59 *************************
 Executing ccsd...

 Allocation of 220.0 Gbytes of memory...

 Direct DF-CCSD(T) calculation
 
 Convergence criterion:  1.0E-06
 
 Number of occupied/virtual/auxiliary orbitals:     8   202   639
   1311.83 MB is the minimal memory requirement for (T)
    292.76 MB is the minimal memory requirement for CCSD
 
 Reference energy [au]:             -80.431228345961
 T1 contribution [au]:                0.000000000000
 Same spin MP2 energy [au]:          -0.074720241146
 Opposite spin MP2 energy [au]:      -0.341219573434
 MP2 correlation energy [au]:        -0.415939814580
 Total MP2 energy [au]:             -80.847168160542
 MP2 correction [au]:                -0.006562744409
 
 
 CPU time [min]:     0.497                   Wall time [min]:     0.061
 
 Starting CCSD iterations...
 
                     Residual norm          Energy
 Iteration  1        0.191161622345      -80.873058686768
 Iteration  2        0.048615038004      -80.884044067276
 Iteration  3        0.013498808760      -80.885274703484
 Iteration  4        0.002788421697      -80.885281903887
 Iteration  5        0.000516633964      -80.885293505814
 Iteration  6        0.000117568745      -80.885293182790
 Iteration  7        0.000027974934      -80.885294529889
 Iteration  8        0.000005192984      -80.885294645091
 Iteration  9        0.000001105916      -80.885294621902
 
 CCSD iteration has converged in  9 steps.
     6687.47 MB memory was utilized by CCSD
 
 T1 diagnostic:      7.996E-03            D1 diagnostic:      1.292E-02
 
 T1 contribution [au]:                                  0.000000000000
 PPL energy contribution [au]:                          0.121205009401
 Scaled PPL energy contribution [au]:                   0.123118533081

 OS-PPL energy contribution [au]:                       0.107548238550
 Scaled OS-PPL energy contribution [au]:                0.109533901279
 SS-PPL energy contribution [au]:                       0.013656770851
 Scaled SS-PPL energy contribution [au]:                0.013705568824

 Opposite spin CCSD energy [au]:                       -0.382008140271
 Same spin CCSD energy [au]:                           -0.072071343579
 CCSD correlation energy [au]:                         -0.454079483850
 CCSD correlation energy + MP2 correction [au]:        -0.460642228259
 CCSD correlation energy + MP2 + PPL corr. [au]:       -0.458728704578
 Total CCSD energy [au]:                              -80.885307829811
 Total CCSD energy + MP2 correction [au]:             -80.891870574220
 Total CCSD energy + MP2 + PPL corr. [au]:            -80.889957050539
 
 CPU time [min]:    12.865                   Wall time [min]:     0.414
 
 Calculation of (T) correction...
 
 
     1275.11 MB memory is utilized for (T)

 0%       25%       50%       75%       100%
 |---------|---------|---------|---------| 
 
 (T) correction [au]:                                    -0.013883412411
 (T*) correction [au]:                                   -0.014102466428
 (T+) correction [au]:                                   -0.014101645066
 CCSD(T) correlation energy [au]:                        -0.467962896261
 CCSD(T) correlation energy + MP2 correction [au]:       -0.474525640670
 CCSD(T+) correlation en. + MP2 + PPL corr. [au]:        -0.472830349644
 Total CCSD(T) energy [au]:                             -80.899191242222
 Total CCSD(T) energy + MP2 correction [au]:            -80.905753986631
 Total CCSD(T+) energy + MP2 + PPL corr. [au]:          -80.904058695606
 
 CPU time [min]:    16.869                   Wall time [min]:     0.562
 
 ************************ 2023-02-04 11:52:33 *************************
                      Normal termination of mrcc.
 **********************************************************************
