 **********************************************************************
                          MRCC program system
 **********************************************************************
 
                              Written by
     Mihaly Kallay, Peter R. Nagy, David Mester, Laszlo Gyevi-Nagy,
        Jozsef Csoka, P. Bernat Szabo, Zoltan Rolik, Gyula Samu,
     Jozsef Csontos, Bence Hegely, Adam Ganyecz, Istvan Ladjanszki,
       Lorant Szegedy, Bence Ladoczki, Klara Petrov, Mate Farkas,
                    Pal D. Mezei, and Reka A. Horvath
 
        Department of Physical Chemistry and Materials Science
            Budapest University of Technology and Economics
                  Budapest P.O.Box 91, H-1521 Hungary
 
                              www.mrcc.hu
 
                      Release date: March 18, 2022

 ************************ 2023-02-05 13:12:27 *************************
 Executing minp...

 Reading input from MINP...
 
 Input file:
 
calc=FNO-CCSD(T)
verbosity=3
mem=220GB
unit=angs
scfiguess=small
scfalg=locfit1
ccmaxit=400
ccsdalg=dfdirect
ccsdthreads=4
ccsdmkl=thr
ptthreads=4
lnoepsv=1e-5
naf_cor=1e-2
basis=aug-cc-pVQZ
basis_sm=def2-SVP
dfbasis_scf=def2-QZVPP-RI-JK
dfbasis_cor=aug-cc-pVQZ-RI
unit=angs
geom=xyz
16

C    34.41670262    34.07107264    10.41543014
C    33.11117461    33.45680459    10.91530835
H    34.24160149    35.00442132     9.86225048
H    34.94674030    33.36940783     9.75379242
H    35.10002891    34.30603621    11.24227357
H    32.42643037    33.26105434    10.07939442
H    32.59136835    34.12756100    11.61262818
H    33.28915165    32.50678735    11.43686767
C    37.30146626    36.18152134    10.40840413
C    38.60118185    35.56768136    10.92356358
H    36.77618205    35.47732643     9.74574003
H    37.48351459    37.11247849     9.85293887
H    36.61042211    36.42212532    11.22701403
H    39.29509061    35.37102181    10.09557036
H    38.41693812    34.61815933    11.44395536
H    39.11327959    36.23927251    11.62583355

--------------------Output has been truncated-------------------------


--------------------Output has been truncated-------------------------


--------------------Output has been truncated-------------------------


--------------------Output has been truncated-------------------------


--------------------Output has been truncated-------------------------


--------------------Output has been truncated-------------------------


--------------------Output has been truncated-------------------------


--------------------Output has been truncated-------------------------


--------------------Output has been truncated-------------------------


--------------------Output has been truncated-------------------------


 
 Reference energy [au]:                      -158.526799472295
 DF-MP2 singlet pair energy [au]:              -0.637026695014
 DF-MP2 triplet pair energy [au]:              -0.155110687147
 DF-SCS-MP2 correlation energy [au]:           -0.816135596399
 DF-SCS-MP2 energy [au]:                     -159.342935068694
 DF-SOS-MP2 correlation energy [au]:           -0.828134703518
 DF-SOS-MP2 energy [au]:                     -159.354934175813
 DF-MP2 correlation energy [au]:               -0.792137382161
 DF-MP2 energy [au]:                         -159.318936854456

 Results in FNO basis:
 
 
 Reference energy [au]:                      -158.526799472295
 DF-MP2 singlet pair energy [au]:              -0.626511486936
 DF-MP2 triplet pair energy [au]:              -0.154495095159
 DF-SCS-MP2 correlation energy [au]:           -0.803312149376
 DF-SCS-MP2 energy [au]:                     -159.330111621671
 DF-SOS-MP2 correlation energy [au]:           -0.814464933017
 DF-SOS-MP2 energy [au]:                     -159.341264405312
 DF-MP2 correlation energy [au]:               -0.781006582095
 DF-MP2 energy [au]:                         -159.307806054390

 Results in NAF basis:
 
 
 Reference energy [au]:                      -158.526799472295
 DF-MP2 singlet pair energy [au]:              -0.626469407333
 DF-MP2 triplet pair energy [au]:              -0.154509849696
 DF-SCS-MP2 correlation energy [au]:           -0.803266572032
 DF-SCS-MP2 energy [au]:                     -159.330066044327
 DF-SOS-MP2 correlation energy [au]:           -0.814410229533
 DF-SOS-MP2 energy [au]:                     -159.341209701828
 DF-MP2 correlation energy [au]:               -0.780979257029
 DF-MP2 energy [au]:                         -159.307778729324

 ************************ 2023-02-05 13:15:25 *************************
 Executing ccsd...

 Allocation of 220.0 Gbytes of memory...

 Direct DF-CCSD(T) calculation
 
 Convergence criterion:  1.0E-06
 
 Number of occupied/virtual/auxiliary orbitals:    14   351  1111
   6959.61 MB is the minimal memory requirement for (T)
   1593.08 MB is the minimal memory requirement for CCSD
 
 Reference energy [au]:            -158.526799472295
 T1 contribution [au]:                0.000000000000
 Same spin MP2 energy [au]:          -0.154502467514
 Opposite spin MP2 energy [au]:      -0.626490438159
 MP2 correlation energy [au]:        -0.780992905673
 Total MP2 energy [au]:            -159.307792377968
 MP2 correction [au]:                -0.011144476488
 
 
 CPU time [min]:     1.575                   Wall time [min]:     0.494
 
 Starting CCSD iterations...
 
                     Residual norm          Energy
 Iteration  1        0.247510881517     -159.343361903920
 Iteration  2        0.061014703852     -159.362457058778
 Iteration  3        0.018026072096     -159.364780330346
 Iteration  4        0.003649566696     -159.364778830366
 Iteration  5        0.000818263800     -159.364788991047
 Iteration  6        0.000237867174     -159.364792481068
 Iteration  7        0.000058700874     -159.364792199527
 Iteration  8        0.000016528719     -159.364792800013
 Iteration  9        0.000004235593     -159.364792826989
 
 CCSD iteration has converged in  9 steps.
    59717.37 MB memory was utilized by CCSD
 
 T1 diagnostic:      8.311E-03            D1 diagnostic:      1.477E-02
 
 T1 contribution [au]:                                  0.000000000000
 PPL energy contribution [au]:                          0.218068062881
 Scaled PPL energy contribution [au]:                   0.221197014945

 OS-PPL energy contribution [au]:                       0.191152654184
 Scaled OS-PPL energy contribution [au]:                0.194385628160
 SS-PPL energy contribution [au]:                       0.026915408697
 Scaled SS-PPL energy contribution [au]:                0.027019105458

 Opposite spin CCSD energy [au]:                       -0.691393293247
 Same spin CCSD energy [au]:                           -0.146616290976
 CCSD correlation energy [au]:                         -0.838009584223
 CCSD correlation energy + MP2 correction [au]:        -0.849154060711
 CCSD correlation energy + MP2 + PPL corr. [au]:       -0.846025108648
 Total CCSD energy [au]:                             -159.364809056518
 Total CCSD energy + MP2 correction [au]:            -159.375953533006
 Total CCSD energy + MP2 + PPL corr. [au]:           -159.372824580943
 
 CPU time [min]:   161.516                   Wall time [min]:     5.572
 
 Calculation of (T) correction...
 
 
     8908.16 MB memory is utilized for (T)

 0%       25%       50%       75%       100%
 |---------|---------|---------|---------| 
 
 (T) correction [au]:                                    -0.029924537204
 (T*) correction [au]:                                   -0.030351549151
 (T+) correction [au]:                                   -0.030345100608
 CCSD(T) correlation energy [au]:                        -0.867934121427
 CCSD(T) correlation energy + MP2 correction [au]:       -0.879078597915
 CCSD(T+) correlation en. + MP2 + PPL corr. [au]:        -0.876370209256
 Total CCSD(T) energy [au]:                            -159.394733593722
 Total CCSD(T) energy + MP2 correction [au]:           -159.405878070210
 Total CCSD(T+) energy + MP2 + PPL corr. [au]:         -159.403169681551
 
 CPU time [min]:   299.861                   Wall time [min]:     9.817
 
 ************************ 2023-02-05 13:25:14 *************************
                      Normal termination of mrcc.
 **********************************************************************
