 **********************************************************************
                          MRCC program system
 **********************************************************************
 
                              Written by
     Mihaly Kallay, Peter R. Nagy, David Mester, Laszlo Gyevi-Nagy,
        Jozsef Csoka, P. Bernat Szabo, Zoltan Rolik, Gyula Samu,
     Jozsef Csontos, Bence Hegely, Adam Ganyecz, Istvan Ladjanszki,
       Lorant Szegedy, Bence Ladoczki, Klara Petrov, Mate Farkas,
                    Pal D. Mezei, and Reka A. Horvath
 
        Department of Physical Chemistry and Materials Science
            Budapest University of Technology and Economics
                  Budapest P.O.Box 91, H-1521 Hungary
 
                              www.mrcc.hu
 
                      Release date: March 18, 2022

 ************************ 2023-02-04 11:51:24 *************************
 Executing minp...

 Reading input from MINP...
 
 Input file:
 
calc=FNO-CCSD(T)
verbosity=3
mem=220GB
unit=angs
scfiguess=small
scfalg=locfit1
ccmaxit=400
ccsdalg=dfdirect
ccsdthreads=4
ccsdmkl=thr
ptthreads=4
lnoepsv=1e-5
naf_cor=1e-2
basis=aug-cc-pVQZ
basis_sm=def2-SVP
dfbasis_scf=def2-QZVPP-RI-JK
dfbasis_cor=aug-cc-pVQZ-RI
unit=angs
geom=xyz
10

C    29.54344629    29.54344629    16.97505516
H    29.54344670    30.44187631    17.60392580
H    29.54344662    28.64496649    17.60393442
H    30.44658454    29.54342777    16.34911135
H    28.64030918    29.54342779    16.34911130
C    12.66147698    29.54344629    16.97505516
H    12.66147739    30.44187631    17.60392580
H    12.66147731    28.64496649    17.60393442
H    13.56461523    29.54342777    16.34911135
H    11.75833987    29.54342779    16.34911130

--------------------Output has been truncated-------------------------


--------------------Output has been truncated-------------------------


--------------------Output has been truncated-------------------------


--------------------Output has been truncated-------------------------


--------------------Output has been truncated-------------------------


--------------------Output has been truncated-------------------------


--------------------Output has been truncated-------------------------


--------------------Output has been truncated-------------------------


--------------------Output has been truncated-------------------------


--------------------Output has been truncated-------------------------


 
 Reference energy [au]:                       -40.215614173211
 DF-MP2 singlet pair energy [au]:              -0.173752857336
 DF-MP2 triplet pair energy [au]:              -0.037498360673
 DF-SCS-MP2 correlation energy [au]:           -0.221002882360
 DF-SCS-MP2 energy [au]:                      -40.436617055571
 DF-SOS-MP2 correlation energy [au]:           -0.225878714536
 DF-SOS-MP2 energy [au]:                      -40.441492887747
 DF-MP2 correlation energy [au]:               -0.211251218008
 DF-MP2 energy [au]:                          -40.426865391219

 Results in FNO basis:
 
 
 Reference energy [au]:                       -40.215614173211
 DF-MP2 singlet pair energy [au]:              -0.170618196441
 DF-MP2 triplet pair energy [au]:              -0.037357058967
 DF-SCS-MP2 correlation energy [au]:           -0.217194188718
 DF-SCS-MP2 energy [au]:                      -40.432808361929
 DF-SOS-MP2 correlation energy [au]:           -0.221803655373
 DF-SOS-MP2 energy [au]:                      -40.437417828584
 DF-MP2 correlation energy [au]:               -0.207975255408
 DF-MP2 energy [au]:                          -40.423589428619

 Results in NAF basis:
 
 
 Reference energy [au]:                       -40.215614173211
 DF-MP2 singlet pair energy [au]:              -0.170600637253
 DF-MP2 triplet pair energy [au]:              -0.037363751742
 DF-SCS-MP2 correlation energy [au]:           -0.217175348617
 DF-SCS-MP2 energy [au]:                      -40.432789521829
 DF-SOS-MP2 correlation energy [au]:           -0.221780828429
 DF-SOS-MP2 energy [au]:                      -40.437395001640
 DF-MP2 correlation energy [au]:               -0.207964388995
 DF-MP2 energy [au]:                          -40.423578562206

 ************************ 2023-02-04 11:51:57 *************************
 Executing ccsd...

 Allocation of 220.0 Gbytes of memory...

 Direct DF-CCSD(T) calculation
 
 Convergence criterion:  1.0E-06
 
 Number of occupied/virtual/auxiliary orbitals:     4   101   320
    163.36 MB is the minimal memory requirement for (T)
     39.40 MB is the minimal memory requirement for CCSD
 
 Reference energy [au]:             -40.215614173211
 T1 contribution [au]:                0.000000000000
 Same spin MP2 energy [au]:          -0.037360400907
 Opposite spin MP2 energy [au]:      -0.170609407056
 MP2 correlation energy [au]:        -0.207969807962
 Total MP2 energy [au]:             -40.423583981173
 MP2 correction [au]:                -0.003281410046
 
 
 CPU time [min]:     0.177                   Wall time [min]:     0.008
 
 Starting CCSD iterations...
 
                     Residual norm          Energy
 Iteration  1        0.138680876015      -40.436528969838
 Iteration  2        0.035376072036      -40.442052522824
 Iteration  3        0.009771738452      -40.442635243369
 Iteration  4        0.002020926751      -40.442639742477
 Iteration  5        0.000374897513      -40.442646253304
 Iteration  6        0.000084797658      -40.442646130060
 Iteration  7        0.000020223468      -40.442646820088
 Iteration  8        0.000003738677      -40.442646877037
 
 CCSD iteration has converged in  8 steps.
      444.29 MB memory was utilized by CCSD
 
 T1 diagnostic:      7.996E-03            D1 diagnostic:      1.292E-02
 
 T1 contribution [au]:                                  0.000000000000
 PPL energy contribution [au]:                          0.060602204945
 Scaled PPL energy contribution [au]:                   0.061558989771

 OS-PPL energy contribution [au]:                       0.053773709119
 Scaled OS-PPL energy contribution [au]:                0.054766756746
 SS-PPL energy contribution [au]:                       0.006828495827
 Scaled SS-PPL energy contribution [au]:                0.006852794498

 Opposite spin CCSD energy [au]:                       -0.191003417870
 Same spin CCSD energy [au]:                           -0.036036035660
 CCSD correlation energy [au]:                         -0.227039453530
 CCSD correlation energy + MP2 correction [au]:        -0.230320863576
 CCSD correlation energy + MP2 + PPL corr. [au]:       -0.229364078750
 Total CCSD energy [au]:                              -40.442653626741
 Total CCSD energy + MP2 correction [au]:             -40.445935036788
 Total CCSD energy + MP2 + PPL corr. [au]:            -40.444978251962
 
 CPU time [min]:     0.857                   Wall time [min]:     0.027
 
 Calculation of (T) correction...
 
 
      124.68 MB memory is utilized for (T)

 0%       25%       50%       75%       100%
 |---------|---------|---------|---------| 
 
 (T) correction [au]:                                    -0.006941734316
 (T*) correction [au]:                                   -0.007051263083
 (T+) correction [au]:                                   -0.007050856065
 CCSD(T) correlation energy [au]:                        -0.233981187846
 CCSD(T) correlation energy + MP2 correction [au]:       -0.237262597893
 CCSD(T+) correlation en. + MP2 + PPL corr. [au]:        -0.236414934815
 Total CCSD(T) energy [au]:                             -40.449595361058
 Total CCSD(T) energy + MP2 correction [au]:            -40.452876771104
 Total CCSD(T+) energy + MP2 + PPL corr. [au]:          -40.452029108026
 
 CPU time [min]:     0.939                   Wall time [min]:     0.030
 
 ************************ 2023-02-04 11:51:58 *************************
                      Normal termination of mrcc.
 **********************************************************************
