 **********************************************************************
                          MRCC program system
 **********************************************************************
 
                              Written by
     Mihaly Kallay, Peter R. Nagy, David Mester, Laszlo Gyevi-Nagy,
        Jozsef Csoka, P. Bernat Szabo, Zoltan Rolik, Gyula Samu,
     Jozsef Csontos, Bence Hegely, Adam Ganyecz, Istvan Ladjanszki,
       Lorant Szegedy, Bence Ladoczki, Klara Petrov, Mate Farkas,
                    Pal D. Mezei, and Reka A. Horvath
 
        Department of Physical Chemistry and Materials Science
            Budapest University of Technology and Economics
                  Budapest P.O.Box 91, H-1521 Hungary
 
                              www.mrcc.hu
 
                      Release date: March 18, 2022

 ************************ 2023-02-04 11:54:56 *************************
 Executing minp...

 Reading input from MINP...
 
 Input file:
 
calc=FNO-CCSD(T)
verbosity=3
mem=220GB
unit=angs
scfiguess=small
scfalg=locfit1
ccmaxit=400
ccsdalg=dfdirect
ccsdthreads=4
ccsdmkl=thr
ptthreads=4
lnoepsv=1e-5
naf_cor=1e-2
basis=aug-cc-pVTZ
basis_sm=def2-SVP
dfbasis_scf=def2-QZVPP-RI-JK
dfbasis_cor=aug-cc-pVTZ-RI
unit=angs
geom=xyz
10

C    29.54344629    29.54344629    16.97505516
H    29.54344670    30.44187631    17.60392580
H    29.54344662    28.64496649    17.60393442
H    30.44658454    29.54342777    16.34911135
H    28.64030918    29.54342779    16.34911130
C    21.10246164    46.42541560    16.97505516
H    21.10246204    47.32384562    17.60392580
H    21.10246196    45.52693580    17.60393442
H    22.00559989    46.42539708    16.34911135
H    20.19932453    46.42539710    16.34911130

--------------------Output has been truncated-------------------------


--------------------Output has been truncated-------------------------


--------------------Output has been truncated-------------------------


--------------------Output has been truncated-------------------------


--------------------Output has been truncated-------------------------


--------------------Output has been truncated-------------------------


--------------------Output has been truncated-------------------------


--------------------Output has been truncated-------------------------


--------------------Output has been truncated-------------------------


--------------------Output has been truncated-------------------------


 
 Reference energy [au]:                       -80.426028015072
 DF-MP2 singlet pair energy [au]:              -0.328837584365
 DF-MP2 triplet pair energy [au]:              -0.073189051254
 DF-SCS-MP2 correlation energy [au]:           -0.419001451656
 DF-SCS-MP2 energy [au]:                      -80.845029466728
 DF-SOS-MP2 correlation energy [au]:           -0.427488859674
 DF-SOS-MP2 energy [au]:                      -80.853516874746
 DF-MP2 correlation energy [au]:               -0.402026635619
 DF-MP2 energy [au]:                          -80.828054650691

 Results in FNO basis:
 
 
 Reference energy [au]:                       -80.426028015072
 DF-MP2 singlet pair energy [au]:              -0.327537103980
 DF-MP2 triplet pair energy [au]:              -0.073101538161
 DF-SCS-MP2 correlation energy [au]:           -0.417411704163
 DF-SCS-MP2 energy [au]:                      -80.843439719235
 DF-SOS-MP2 correlation energy [au]:           -0.425798235174
 DF-SOS-MP2 energy [au]:                      -80.851826250246
 DF-MP2 correlation energy [au]:               -0.400638642141
 DF-MP2 energy [au]:                          -80.826666657213

 Results in NAF basis:
 
 
 Reference energy [au]:                       -80.426028015072
 DF-MP2 singlet pair energy [au]:              -0.327471381698
 DF-MP2 triplet pair energy [au]:              -0.073140206032
 DF-SCS-MP2 correlation energy [au]:           -0.417345726716
 DF-SCS-MP2 energy [au]:                      -80.843373741788
 DF-SOS-MP2 correlation energy [au]:           -0.425712796208
 DF-SOS-MP2 energy [au]:                      -80.851740811280
 DF-MP2 correlation energy [au]:               -0.400611587731
 DF-MP2 energy [au]:                          -80.826639602803

 ************************ 2023-02-04 11:55:14 *************************
 Executing ccsd...

 Allocation of 220.0 Gbytes of memory...

 Direct DF-CCSD(T) calculation
 
 Convergence criterion:  1.0E-06
 
 Number of occupied/virtual/auxiliary orbitals:     8   166   443
    715.53 MB is the minimal memory requirement for (T)
    155.43 MB is the minimal memory requirement for CCSD
 
 Reference energy [au]:             -80.426028015072
 T1 contribution [au]:                0.000000000000
 Same spin MP2 energy [au]:          -0.073120818326
 Opposite spin MP2 energy [au]:      -0.327504080868
 MP2 correlation energy [au]:        -0.400624899194
 Total MP2 energy [au]:             -80.826652914266
 MP2 correction [au]:                -0.001401736425
 
 
 CPU time [min]:     0.350                   Wall time [min]:     0.015
 
 Starting CCSD iterations...
 
                     Residual norm          Energy
 Iteration  1        0.186520624955      -80.855588678448
 Iteration  2        0.047735796814      -80.866634750227
 Iteration  3        0.011570867760      -80.867567101256
 Iteration  4        0.002706599397      -80.867572312590
 Iteration  5        0.000513279651      -80.867586415601
 Iteration  6        0.000104118406      -80.867586681201
 Iteration  7        0.000025073848      -80.867587891807
 Iteration  8        0.000004384320      -80.867587927255
 Iteration  9        0.000000887264      -80.867587910214
 
 CCSD iteration has converged in  9 steps.
     3072.80 MB memory was utilized by CCSD
 
 T1 diagnostic:      7.475E-03            D1 diagnostic:      1.210E-02
 
 T1 contribution [au]:                                  0.000000000000
 PPL energy contribution [au]:                          0.114975660147
 Scaled PPL energy contribution [au]:                   0.115380877987

 OS-PPL energy contribution [au]:                       0.101745621930
 Scaled OS-PPL energy contribution [au]:                0.102169019282
 SS-PPL energy contribution [au]:                       0.013230038217
 Scaled SS-PPL energy contribution [au]:                0.013239140104

 Opposite spin CCSD energy [au]:                       -0.370936795091
 Same spin CCSD energy [au]:                           -0.070644467090
 CCSD correlation energy [au]:                         -0.441581262182
 CCSD correlation energy + MP2 correction [au]:        -0.442982998607
 CCSD correlation energy + MP2 + PPL corr. [au]:       -0.442577780766
 Total CCSD energy [au]:                              -80.867609277254
 Total CCSD energy + MP2 correction [au]:             -80.869011013679
 Total CCSD energy + MP2 + PPL corr. [au]:            -80.868605795839
 
 CPU time [min]:     5.579                   Wall time [min]:     0.163
 
 Calculation of (T) correction...
 
 
      698.30 MB memory is utilized for (T)

 0%       25%       50%       75%       100%
 |---------|---------|---------|---------| 
 
 (T) correction [au]:                                    -0.013137521839
 (T*) correction [au]:                                   -0.013183488386
 (T+) correction [au]:                                   -0.013183479723
 CCSD(T) correlation energy [au]:                        -0.454718784021
 CCSD(T) correlation energy + MP2 correction [au]:       -0.456120520446
 CCSD(T+) correlation en. + MP2 + PPL corr. [au]:        -0.455761260489
 Total CCSD(T) energy [au]:                             -80.880746799093
 Total CCSD(T) energy + MP2 correction [au]:            -80.882148535518
 Total CCSD(T+) energy + MP2 + PPL corr. [au]:          -80.881789275561
 
 CPU time [min]:     7.568                   Wall time [min]:     0.233
 
 ************************ 2023-02-04 11:55:28 *************************
                      Normal termination of mrcc.
 **********************************************************************
