 **********************************************************************
                          MRCC program system
 **********************************************************************
 
                              Written by
     Mihaly Kallay, Peter R. Nagy, David Mester, Laszlo Gyevi-Nagy,
        Jozsef Csoka, P. Bernat Szabo, Zoltan Rolik, Gyula Samu,
     Jozsef Csontos, Bence Hegely, Adam Ganyecz, Istvan Ladjanszki,
       Lorant Szegedy, Bence Ladoczki, Klara Petrov, Mate Farkas,
                    Pal D. Mezei, and Reka A. Horvath
 
        Department of Physical Chemistry and Materials Science
            Budapest University of Technology and Economics
                  Budapest P.O.Box 91, H-1521 Hungary
 
                              www.mrcc.hu
 
                      Release date: March 18, 2022

 ************************ 2023-02-05 13:26:40 *************************
 Executing minp...

 Reading input from MINP...
 
 Input file:
 
calc=FNO-CCSD(T)
verbosity=3
mem=220GB
unit=angs
scfiguess=small
scfalg=locfit1
ccmaxit=400
ccsdalg=dfdirect
ccsdthreads=4
ccsdmkl=thr
ptthreads=4
lnoepsv=1e-5
naf_cor=1e-2
basis=aug-cc-pVTZ
basis_sm=def2-SVP
dfbasis_scf=def2-QZVPP-RI-JK
dfbasis_cor=aug-cc-pVTZ-RI
unit=angs
geom=xyz
16

C    34.41670262    34.07107264    10.41543014
C    33.11117461    33.45680459    10.91530835
H    34.24160149    35.00442132     9.86225048
H    34.94674030    33.36940783     9.75379242
H    35.10002891    34.30603621    11.24227357
H    32.42643037    33.26105434    10.07939442
H    32.59136835    34.12756100    11.61262818
H    33.28915165    32.50678735    11.43686767
C    20.41949921    48.84299654    10.40841099
C    21.71921719    48.22916242    10.92356869
H    19.89425880    48.13879085     9.74571409
H    20.60153508    49.77393588     9.85291346
H    19.72847188    49.08363081    11.22702485
H    22.41305761    48.03252119    10.09551480
H    21.53497697    47.27964286    11.44396498
H    22.23133663    48.90070429    11.62587494

--------------------Output has been truncated-------------------------


--------------------Output has been truncated-------------------------


--------------------Output has been truncated-------------------------


--------------------Output has been truncated-------------------------


--------------------Output has been truncated-------------------------


--------------------Output has been truncated-------------------------


--------------------Output has been truncated-------------------------


--------------------Output has been truncated-------------------------


--------------------Output has been truncated-------------------------


--------------------Output has been truncated-------------------------


 
 Reference energy [au]:                       -79.259538755039
 DF-MP2 singlet pair energy [au]:              -0.300255294596
 DF-MP2 triplet pair energy [au]:              -0.075031924416
 DF-SCS-MP2 correlation energy [au]:           -0.385316994987
 DF-SCS-MP2 energy [au]:                      -79.644855750026
 DF-SOS-MP2 correlation energy [au]:           -0.390331882975
 DF-SOS-MP2 energy [au]:                      -79.649870638014
 DF-MP2 correlation energy [au]:               -0.375287219012
 DF-MP2 energy [au]:                          -79.634825974050

 Results in FNO basis:
 
 
 Reference energy [au]:                       -79.259538755039
 DF-MP2 singlet pair energy [au]:              -0.299085077762
 DF-MP2 triplet pair energy [au]:              -0.074925651383
 DF-SCS-MP2 correlation energy [au]:           -0.383877310442
 DF-SCS-MP2 energy [au]:                      -79.643416065481
 DF-SOS-MP2 correlation energy [au]:           -0.388810601091
 DF-SOS-MP2 energy [au]:                      -79.648349356130
 DF-MP2 correlation energy [au]:               -0.374010729145
 DF-MP2 energy [au]:                          -79.633549484184

 Results in NAF basis:
 
 
 Reference energy [au]:                       -79.259538755039
 DF-MP2 singlet pair energy [au]:              -0.299024304612
 DF-MP2 triplet pair energy [au]:              -0.074964709943
 DF-SCS-MP2 correlation energy [au]:           -0.383817402183
 DF-SCS-MP2 energy [au]:                      -79.643356157221
 DF-SOS-MP2 correlation energy [au]:           -0.388731595996
 DF-SOS-MP2 energy [au]:                      -79.648270351035
 DF-MP2 correlation energy [au]:               -0.373989014556
 DF-MP2 energy [au]:                          -79.633527769594

 ************************ 2023-02-05 13:27:08 *************************
 Executing ccsd...

 Allocation of 220.0 Gbytes of memory...

 Direct DF-CCSD(T) calculation
 
 Convergence criterion:  1.0E-06
 
 Number of occupied/virtual/auxiliary orbitals:     7   139   378
    421.21 MB is the minimal memory requirement for (T)
     94.89 MB is the minimal memory requirement for CCSD
 
 Reference energy [au]:             -79.259538755039
 T1 contribution [au]:                0.000000000000
 Same spin MP2 energy [au]:          -0.074945121453
 Opposite spin MP2 energy [au]:      -0.299054520349
 MP2 correlation energy [au]:        -0.373999641802
 Total MP2 energy [au]:             -79.633538396840
 MP2 correction [au]:                -0.001287577210
 
 
 CPU time [min]:     0.318                   Wall time [min]:     0.017
 
 Starting CCSD iterations...
 
                     Residual norm          Energy
 Iteration  1        0.170712042306      -79.654466826037
 Iteration  2        0.042453984717      -79.664031952863
 Iteration  3        0.011296844051      -79.664988061388
 Iteration  4        0.002548605156      -79.664996376705
 Iteration  5        0.000536675793      -79.665001585913
 Iteration  6        0.000152294744      -79.665004663064
 Iteration  7        0.000036259170      -79.665004447626
 Iteration  8        0.000009249949      -79.665004739265
 
 CCSD iteration has converged in  8 steps.
     1534.57 MB memory was utilized by CCSD
 
 T1 diagnostic:      7.817E-03            D1 diagnostic:      1.354E-02
 
 T1 contribution [au]:                                  0.000000000000
 PPL energy contribution [au]:                          0.102912300324
 Scaled PPL energy contribution [au]:                   0.103271031357

 OS-PPL energy contribution [au]:                       0.089962055332
 Scaled OS-PPL energy contribution [au]:                0.090333163434
 SS-PPL energy contribution [au]:                       0.012950244992
 Scaled SS-PPL energy contribution [au]:                0.012962070879

 Opposite spin CCSD energy [au]:                       -0.334285307771
 Same spin CCSD energy [au]:                           -0.071199365361
 CCSD correlation energy [au]:                         -0.405484673132
 CCSD correlation energy + MP2 correction [au]:        -0.406772250342
 CCSD correlation energy + MP2 + PPL corr. [au]:       -0.406413519309
 Total CCSD energy [au]:                              -79.665023428170
 Total CCSD energy + MP2 correction [au]:             -79.666311005380
 Total CCSD energy + MP2 + PPL corr. [au]:            -79.665952274348
 
 CPU time [min]:     2.775                   Wall time [min]:     0.089
 
 Calculation of (T) correction...
 
 
      388.93 MB memory is utilized for (T)

 0%       25%       50%       75%       100%
 |---------|---------|---------|---------| 
 
 (T) correction [au]:                                    -0.013959022291
 (T*) correction [au]:                                   -0.014007079339
 (T+) correction [au]:                                   -0.014006497844
 CCSD(T) correlation energy [au]:                        -0.419443695422
 CCSD(T) correlation energy + MP2 correction [au]:       -0.420731272633
 CCSD(T+) correlation en. + MP2 + PPL corr. [au]:        -0.420420017153
 Total CCSD(T) energy [au]:                             -79.678982450461
 Total CCSD(T) energy + MP2 correction [au]:            -79.680270027671
 Total CCSD(T+) energy + MP2 + PPL corr. [au]:          -79.679958772192
 
 CPU time [min]:     3.476                   Wall time [min]:     0.111
 
 ************************ 2023-02-05 13:27:15 *************************
                      Normal termination of mrcc.
 **********************************************************************
