================================================================================
                                       INPUT FILE
================================================================================
NAME = orca.inp
|  1> ! NormalSCF HF RIJCOSX SlowConv DIIS 
|  2> %pal nprocs 8 end
|  3> %maxcore 25000
|  4> %pointcharges "orca.pc"
|  5> %method
|  6> Method hf
|  7> RI on
|  8> RunTyp Energy
|  9> NewNCore C 2 end
| 10> NewNCore Mg 10 end
| 11> NewNCore O 2 end
| 12> end
| 13> %basis
| 14> Basis "def2-SVP"
| 15> Aux "def2/J"
| 16> AuxC "def2-SVP/C"
| 17> end
| 18> %scf
| 19> HFTyp rhf
| 20> AutoStart false
| 21> Guess Hueckel
| 22> SCFMode Direct
| 23> sthresh 1e-6
| 24> AutoTRAHIter 60
| 25> MaxIter 1000
| 26> end
| 27> %coords
| 28> CTyp xyz
| 29> Mult 1
| 30> Units angs
| 31> Charge -66
| 32> coords
| 33> C:                      0.00000033711   -0.00006957891    1.46950423848
| 34> O:                      0.00000079691    1.15576487802    1.96408033078
| 35> O:                      0.00000036349   -1.15570036094    1.96405571416
| 36> O                       0.00000000000    0.00000000000    0.00000000000
| 37> Mg                      0.00000024929    2.20484637813    0.06544084864
| 38> Mg                      0.00000024579   -2.20485539840    0.06544759026
| 39> Mg                      2.21850991033   -0.00000742419   -0.16405174740
| 40> Mg                     -2.21850893576   -0.00000746138   -0.16405374819
| 41> Mg                      0.00000050214   -0.00000677559   -2.28878000730
| 42> O                      -2.12578919050    2.09760044175   -0.11351137219
| 43> O                       2.12579000542    2.09760027931   -0.11351127221
| 44> O                       2.12579015147   -2.09761398335   -0.11351238107
| 45> O                      -2.12578937395   -2.09761419059   -0.11351262991
| 46> O                       0.00000030369    2.09082416872   -2.21751149750
| 47> O                       0.00000030838   -2.09083755174   -2.21751161349
| 48> O                       2.09071006089   -0.00000660658   -2.23517653139
| 49> O                      -2.09070935908   -0.00000661050   -2.23517732270
| 50> Mg                     -2.09302783758    2.11662654520   -2.22405421688
| 51> Mg                      2.09302851728    2.11662636432   -2.22405335119
| 52> Mg                      2.09302833828   -2.11664009950   -2.22405174054
| 53> Mg                     -2.09302764919   -2.11664031850   -2.22405263869
| 54> O                       0.00000039642    4.22048592714   -0.07231724719
| 55> O                       0.00000039642   -4.22050112868   -0.07231724719
| 56> O                       4.22049405304   -0.00000660593   -0.12042758322
| 57> O                      -4.22049300278   -0.00000660593   -0.12042758322
| 58> O                       0.00000034146   -0.00000690624   -4.36254232956
| 59> Mg                     -2.12994500009    4.22048719744   -0.13059550202
| 60> Mg                      2.12994574482    4.22048717562   -0.13059632118
| 61> Mg                      2.12994574482   -4.22049988020   -0.13059632118
| 62> Mg                     -2.12994500009   -4.22049985838   -0.13059550202
| 63> Mg                     -4.22049300136    2.12974862664   -0.13880259387
| 64> Mg                      4.22049405445    2.12974862664   -0.13880259387
| 65> Mg                      4.22049404452   -2.12976230074   -0.13880142246
| 66> Mg                     -4.22049301130   -2.12976230074   -0.13880142246
| 67> Mg                      0.00000027652    4.22048691662   -2.21655080350
| 68> Mg                      0.00000027652   -4.22050013920   -2.21655080350
| 69> Mg                      4.22049365957   -0.00000736005   -2.26509025484
| 70> Mg                     -4.22049339624   -0.00000736005   -2.26509025484
| 71> Mg                      0.00000034146    2.11023985771   -4.36254232956
| 72> Mg                      2.11024710542   -0.00000690624   -4.36254232956
| 73> Mg                      0.00000034146   -2.11025367019   -4.36254232956
| 74> Mg                     -2.11024642249   -0.00000690624   -4.36254232956
| 75> O                      -2.10574242325    4.22048642583   -2.24288904296
| 76> O                       2.10574316499    4.22048641340   -2.24288874552
| 77> O                       2.10574316499   -4.22050064242   -2.24288874552
| 78> O                      -2.10574242325   -4.22050062998   -2.24288904296
| 79> O                      -4.22049316527    2.10565668942   -2.25484606183
| 80> O                       4.22049389054    2.10565668942   -2.25484606183
| 81> O                       4.22049388358   -2.10567082416   -2.25484618043
| 82> O                      -4.22049317224   -2.10567082416   -2.25484618043
| 83> O                      -2.11024642249    2.11023985771   -4.36254232956
| 84> O                       2.11024710542    2.11023985771   -4.36254232956
| 85> O                       2.11024710542   -2.11025367019   -4.36254232956
| 86> O                      -2.11024642249   -2.11025367019   -4.36254232956
| 87> O                      -4.22049315145    4.22048648813   -0.10484794635
| 88> O                       4.22049390437    4.22048648813   -0.10484794635
| 89> O                       4.22049390437   -4.22050056769   -0.10484794635
| 90> O                      -4.22049315145   -4.22050056769   -0.10484794635
| 91> O                       0.00000034146    4.22048662167   -4.36254232956
| 92> O                       4.22049386937   -0.00000690624   -4.36254232956
| 93> O                       0.00000034146   -4.22050043415   -4.36254232956
| 94> O                      -4.22049318645   -0.00000690624   -4.36254232956
| 95> Mg                      6.22247812006   -0.00000746138   -0.16405374819
| 96> Mg                     -6.22247714549   -0.00000742419   -0.16405174740
| 97> Mg                      0.00000024579    6.23613165742    0.06544759026
| 98> Mg                      0.00000024929   -6.23614067769    0.06544084864
| 99> Mg                     -4.22049307733    4.22048660816   -2.24889053990
|100> Mg                      4.22049397849    4.22048660816   -2.24889053990
|101> Mg                      4.22049397849   -4.22050044765   -2.24889053990
|102> Mg                     -4.22049307733   -4.22050044765   -2.24889053990
|103> O                      -6.31519705040    2.09760027931   -0.11351127221
|104> O                       6.31519786532    2.09760044175   -0.11351137219
|105> O                       6.31519768186   -2.09761419059   -0.11351262991
|106> O                      -6.31519690435   -2.09761398335   -0.11351238107
|107> O                      -2.12578937395    6.34337286522   -0.11351262991
|108> O                       2.12579015147    6.34337307247   -0.11351238107
|109> O                       2.12579000542   -6.34338677651   -0.11351127221
|110> O                      -2.12578919050   -6.34338661407   -0.11351137219
|111> O                       0.00000030838    6.35014950407   -2.21751161349
|112> O                       0.00000030369   -6.35016288710   -2.21751149750
|113> O                       6.35027769673   -0.00000661050   -2.23517732270
|114> O                      -6.35027699492   -0.00000660658   -2.23517653139
|115> O                       0.00000034146    2.11023985771   -6.47278909352
|116> O                       2.11024710542   -0.00000690624   -6.47278909352
|117> O                       0.00000034146   -2.11025367019   -6.47278909352
|118> O                      -2.11024642249   -0.00000690624   -6.47278909352
|119> O                      -4.22049318645    4.22048662167   -4.36254232956
|120> O                       4.22049386937    4.22048662167   -4.36254232956
|121> O                       4.22049386937   -4.22050043415   -4.36254232956
|122> O                      -4.22049318645   -4.22050043415   -4.36254232956
|123> O                      -6.33524389082    4.22048641340   -2.24288874552
|124> O                       6.33524463257    4.22048642583   -2.24288904296
|125> O                       6.33524463257   -4.22050062998   -2.24288904296
|126> O                      -6.33524389082   -4.22050064242   -2.24288874552
|127> O                      -4.22049317224    6.33531623166   -2.25484618043
|128> O                       4.22049388358    6.33531623166   -2.25484618043
|129> O                       4.22049389054   -6.33533036640   -2.25484606183
|130> O                      -4.22049316527   -6.33533036640   -2.25484606183
|131> O                      -8.44098705582    0.00000000000    0.00000000000
|132> O                       0.00000000000    8.44098705582    0.00000000000
|133> O                       8.44098705582    0.00000000000    0.00000000000
|134> O                       0.00000000000   -8.44098705582    0.00000000000
|135> Mg>    2.00000000000   -4.22049318645    2.11023985771   -4.36254232956
|136> NewECP
|137> N_core 0
|138> lmax f
|139> s 1
|140> 1      1.732000000   14.676000000 2
|141> p 1
|142> 1      1.115000000    5.175700000 2
|143> d 1
|144> 1      1.203000000   -1.816000000 2
|145> f 1
|146> 1      1.000000000    0.000000000 2
|147> end
|148> Mg>    2.00000000000   -2.11024642249    4.22048662167   -4.36254232956
|149> NewECP
|150> N_core 0
|151> lmax f
|152> s 1
|153> 1      1.732000000   14.676000000 2
|154> p 1
|155> 1      1.115000000    5.175700000 2
|156> d 1
|157> 1      1.203000000   -1.816000000 2
|158> f 1
|159> 1      1.000000000    0.000000000 2
|160> end
|161> Mg>    2.00000000000    2.11024710542    4.22048662167   -4.36254232956
|162> NewECP
|163> N_core 0
|164> lmax f
|165> s 1
|166> 1      1.732000000   14.676000000 2
|167> p 1
|168> 1      1.115000000    5.175700000 2
|169> d 1
|170> 1      1.203000000   -1.816000000 2
|171> f 1
|172> 1      1.000000000    0.000000000 2
|173> end
|174> Mg>    2.00000000000    4.22049386937    2.11023985771   -4.36254232956
|175> NewECP
|176> N_core 0
|177> lmax f
|178> s 1
|179> 1      1.732000000   14.676000000 2
|180> p 1
|181> 1      1.115000000    5.175700000 2
|182> d 1
|183> 1      1.203000000   -1.816000000 2
|184> f 1
|185> 1      1.000000000    0.000000000 2
|186> end
|187> Mg>    2.00000000000    4.22049386937   -2.11025367019   -4.36254232956
|188> NewECP
|189> N_core 0
|190> lmax f
|191> s 1
|192> 1      1.732000000   14.676000000 2
|193> p 1
|194> 1      1.115000000    5.175700000 2
|195> d 1
|196> 1      1.203000000   -1.816000000 2
|197> f 1
|198> 1      1.000000000    0.000000000 2
|199> end
|200> Mg>    2.00000000000    2.11024710542   -4.22050043415   -4.36254232956
|201> NewECP
|202> N_core 0
|203> lmax f
|204> s 1
|205> 1      1.732000000   14.676000000 2
|206> p 1
|207> 1      1.115000000    5.175700000 2
|208> d 1
|209> 1      1.203000000   -1.816000000 2
|210> f 1
|211> 1      1.000000000    0.000000000 2
|212> end
|213> Mg>    2.00000000000   -2.11024642249   -4.22050043415   -4.36254232956
|214> NewECP
|215> N_core 0
|216> lmax f
|217> s 1
|218> 1      1.732000000   14.676000000 2
|219> p 1
|220> 1      1.115000000    5.175700000 2
|221> d 1
|222> 1      1.203000000   -1.816000000 2
|223> f 1
|224> 1      1.000000000    0.000000000 2
|225> end
|226> Mg>    2.00000000000   -4.22049318645   -2.11025367019   -4.36254232956
|227> NewECP
|228> N_core 0
|229> lmax f
|230> s 1
|231> 1      1.732000000   14.676000000 2
|232> p 1
|233> 1      1.115000000    5.175700000 2
|234> d 1
|235> 1      1.203000000   -1.816000000 2
|236> f 1
|237> 1      1.000000000    0.000000000 2
|238> end
|239> Mg>    2.00000000000    0.00000034146   -0.00000690624   -6.47278909352
|240> NewECP
|241> N_core 0
|242> lmax f
|243> s 1
|244> 1      1.732000000   14.676000000 2
|245> p 1
|246> 1      1.115000000    5.175700000 2
|247> d 1
|248> 1      1.203000000   -1.816000000 2
|249> f 1
|250> 1      1.000000000    0.000000000 2
|251> end
|252> Mg>    2.00000000000   -2.09302764919    6.32434673731   -2.22405263869
|253> NewECP
|254> N_core 0
|255> lmax f
|256> s 1
|257> 1      1.732000000   14.676000000 2
|258> p 1
|259> 1      1.115000000    5.175700000 2
|260> d 1
|261> 1      1.203000000   -1.816000000 2
|262> f 1
|263> 1      1.000000000    0.000000000 2
|264> end
|265> Mg>    2.00000000000    2.09302833828    6.32434695632   -2.22405174054
|266> NewECP
|267> N_core 0
|268> lmax f
|269> s 1
|270> 1      1.732000000   14.676000000 2
|271> p 1
|272> 1      1.115000000    5.175700000 2
|273> d 1
|274> 1      1.203000000   -1.816000000 2
|275> f 1
|276> 1      1.000000000    0.000000000 2
|277> end
|278> Mg>    2.00000000000    2.09302851728   -6.32436069149   -2.22405335119
|279> NewECP
|280> N_core 0
|281> lmax f
|282> s 1
|283> 1      1.732000000   14.676000000 2
|284> p 1
|285> 1      1.115000000    5.175700000 2
|286> d 1
|287> 1      1.203000000   -1.816000000 2
|288> f 1
|289> 1      1.000000000    0.000000000 2
|290> end
|291> Mg>    2.00000000000   -2.09302783758   -6.32436051061   -2.22405421688
|292> NewECP
|293> N_core 0
|294> lmax f
|295> s 1
|296> 1      1.732000000   14.676000000 2
|297> p 1
|298> 1      1.115000000    5.175700000 2
|299> d 1
|300> 1      1.203000000   -1.816000000 2
|301> f 1
|302> 1      1.000000000    0.000000000 2
|303> end
|304> Mg>    2.00000000000   -6.34795853853    2.11662636432   -2.22405335119
|305> NewECP
|306> N_core 0
|307> lmax f
|308> s 1
|309> 1      1.732000000   14.676000000 2
|310> p 1
|311> 1      1.115000000    5.175700000 2
|312> d 1
|313> 1      1.203000000   -1.816000000 2
|314> f 1
|315> 1      1.000000000    0.000000000 2
|316> end
|317> Mg>    2.00000000000    6.34795921824    2.11662654520   -2.22405421688
|318> NewECP
|319> N_core 0
|320> lmax f
|321> s 1
|322> 1      1.732000000   14.676000000 2
|323> p 1
|324> 1      1.115000000    5.175700000 2
|325> d 1
|326> 1      1.203000000   -1.816000000 2
|327> f 1
|328> 1      1.000000000    0.000000000 2
|329> end
|330> Mg>    2.00000000000    6.34795940663   -2.11664031850   -2.22405263869
|331> NewECP
|332> N_core 0
|333> lmax f
|334> s 1
|335> 1      1.732000000   14.676000000 2
|336> p 1
|337> 1      1.115000000    5.175700000 2
|338> d 1
|339> 1      1.203000000   -1.816000000 2
|340> f 1
|341> 1      1.000000000    0.000000000 2
|342> end
|343> Mg>    2.00000000000   -6.34795871753   -2.11664009950   -2.22405174054
|344> NewECP
|345> N_core 0
|346> lmax f
|347> s 1
|348> 1      1.732000000   14.676000000 2
|349> p 1
|350> 1      1.115000000    5.175700000 2
|351> d 1
|352> 1      1.203000000   -1.816000000 2
|353> f 1
|354> 1      1.000000000    0.000000000 2
|355> end
|356> Mg>    2.00000000000   -2.11024642249    2.11023985771   -6.47278909352
|357> NewECP
|358> N_core 0
|359> lmax f
|360> s 1
|361> 1      1.732000000   14.676000000 2
|362> p 1
|363> 1      1.115000000    5.175700000 2
|364> d 1
|365> 1      1.203000000   -1.816000000 2
|366> f 1
|367> 1      1.000000000    0.000000000 2
|368> end
|369> Mg>    2.00000000000    2.11024710542    2.11023985771   -6.47278909352
|370> NewECP
|371> N_core 0
|372> lmax f
|373> s 1
|374> 1      1.732000000   14.676000000 2
|375> p 1
|376> 1      1.115000000    5.175700000 2
|377> d 1
|378> 1      1.203000000   -1.816000000 2
|379> f 1
|380> 1      1.000000000    0.000000000 2
|381> end
|382> Mg>    2.00000000000    2.11024710542   -2.11025367019   -6.47278909352
|383> NewECP
|384> N_core 0
|385> lmax f
|386> s 1
|387> 1      1.732000000   14.676000000 2
|388> p 1
|389> 1      1.115000000    5.175700000 2
|390> d 1
|391> 1      1.203000000   -1.816000000 2
|392> f 1
|393> 1      1.000000000    0.000000000 2
|394> end
|395> Mg>    2.00000000000   -2.11024642249   -2.11025367019   -6.47278909352
|396> NewECP
|397> N_core 0
|398> lmax f
|399> s 1
|400> 1      1.732000000   14.676000000 2
|401> p 1
|402> 1      1.115000000    5.175700000 2
|403> d 1
|404> 1      1.203000000   -1.816000000 2
|405> f 1
|406> 1      1.000000000    0.000000000 2
|407> end
|408> Mg>    2.00000000000   -6.31104131099    4.22048717562   -0.13059632118
|409> NewECP
|410> N_core 0
|411> lmax f
|412> s 1
|413> 1      1.732000000   14.676000000 2
|414> p 1
|415> 1      1.115000000    5.175700000 2
|416> d 1
|417> 1      1.203000000   -1.816000000 2
|418> f 1
|419> 1      1.000000000    0.000000000 2
|420> end
|421> Mg>    2.00000000000    6.31104205572    4.22048719744   -0.13059550202
|422> NewECP
|423> N_core 0
|424> lmax f
|425> s 1
|426> 1      1.732000000   14.676000000 2
|427> p 1
|428> 1      1.115000000    5.175700000 2
|429> d 1
|430> 1      1.203000000   -1.816000000 2
|431> f 1
|432> 1      1.000000000    0.000000000 2
|433> end
|434> Mg>    2.00000000000    6.31104205572   -4.22049985838   -0.13059550202
|435> NewECP
|436> N_core 0
|437> lmax f
|438> s 1
|439> 1      1.732000000   14.676000000 2
|440> p 1
|441> 1      1.115000000    5.175700000 2
|442> d 1
|443> 1      1.203000000   -1.816000000 2
|444> f 1
|445> 1      1.000000000    0.000000000 2
|446> end
|447> Mg>    2.00000000000   -6.31104131099   -4.22049988020   -0.13059632118
|448> NewECP
|449> N_core 0
|450> lmax f
|451> s 1
|452> 1      1.732000000   14.676000000 2
|453> p 1
|454> 1      1.115000000    5.175700000 2
|455> d 1
|456> 1      1.203000000   -1.816000000 2
|457> f 1
|458> 1      1.000000000    0.000000000 2
|459> end
|460> Mg>    2.00000000000   -4.22049301130    6.31122475508   -0.13880142246
|461> NewECP
|462> N_core 0
|463> lmax f
|464> s 1
|465> 1      1.732000000   14.676000000 2
|466> p 1
|467> 1      1.115000000    5.175700000 2
|468> d 1
|469> 1      1.203000000   -1.816000000 2
|470> f 1
|471> 1      1.000000000    0.000000000 2
|472> end
|473> Mg>    2.00000000000    4.22049404452    6.31122475508   -0.13880142246
|474> NewECP
|475> N_core 0
|476> lmax f
|477> s 1
|478> 1      1.732000000   14.676000000 2
|479> p 1
|480> 1      1.115000000    5.175700000 2
|481> d 1
|482> 1      1.203000000   -1.816000000 2
|483> f 1
|484> 1      1.000000000    0.000000000 2
|485> end
|486> Mg>    2.00000000000    4.22049405445   -6.31123842917   -0.13880259387
|487> NewECP
|488> N_core 0
|489> lmax f
|490> s 1
|491> 1      1.732000000   14.676000000 2
|492> p 1
|493> 1      1.115000000    5.175700000 2
|494> d 1
|495> 1      1.203000000   -1.816000000 2
|496> f 1
|497> 1      1.000000000    0.000000000 2
|498> end
|499> Mg>    2.00000000000   -4.22049300136   -6.31123842917   -0.13880259387
|500> NewECP
|501> N_core 0
|502> lmax f
|503> s 1
|504> 1      1.732000000   14.676000000 2
|505> p 1
|506> 1      1.115000000    5.175700000 2
|507> d 1
|508> 1      1.203000000   -1.816000000 2
|509> f 1
|510> 1      1.000000000    0.000000000 2
|511> end
|512> Mg>    2.00000000000    0.00000034146    6.33073338562   -4.36254232956
|513> NewECP
|514> N_core 0
|515> lmax f
|516> s 1
|517> 1      1.732000000   14.676000000 2
|518> p 1
|519> 1      1.115000000    5.175700000 2
|520> d 1
|521> 1      1.203000000   -1.816000000 2
|522> f 1
|523> 1      1.000000000    0.000000000 2
|524> end
|525> Mg>    2.00000000000    6.33074063332   -0.00000690624   -4.36254232956
|526> NewECP
|527> N_core 0
|528> lmax f
|529> s 1
|530> 1      1.732000000   14.676000000 2
|531> p 1
|532> 1      1.115000000    5.175700000 2
|533> d 1
|534> 1      1.203000000   -1.816000000 2
|535> f 1
|536> 1      1.000000000    0.000000000 2
|537> end
|538> Mg>    2.00000000000    0.00000034146   -6.33074719810   -4.36254232956
|539> NewECP
|540> N_core 0
|541> lmax f
|542> s 1
|543> 1      1.732000000   14.676000000 2
|544> p 1
|545> 1      1.115000000    5.175700000 2
|546> d 1
|547> 1      1.203000000   -1.816000000 2
|548> f 1
|549> 1      1.000000000    0.000000000 2
|550> end
|551> Mg>    2.00000000000   -6.33073995040   -0.00000690624   -4.36254232956
|552> NewECP
|553> N_core 0
|554> lmax f
|555> s 1
|556> 1      1.732000000   14.676000000 2
|557> p 1
|558> 1      1.115000000    5.175700000 2
|559> d 1
|560> 1      1.203000000   -1.816000000 2
|561> f 1
|562> 1      1.000000000    0.000000000 2
|563> end
|564> Mg>    2.00000000000    0.00000034146    4.22048662167   -6.47278909352
|565> NewECP
|566> N_core 0
|567> lmax f
|568> s 1
|569> 1      1.732000000   14.676000000 2
|570> p 1
|571> 1      1.115000000    5.175700000 2
|572> d 1
|573> 1      1.203000000   -1.816000000 2
|574> f 1
|575> 1      1.000000000    0.000000000 2
|576> end
|577> Mg>    2.00000000000    4.22049386937   -0.00000690624   -6.47278909352
|578> NewECP
|579> N_core 0
|580> lmax f
|581> s 1
|582> 1      1.732000000   14.676000000 2
|583> p 1
|584> 1      1.115000000    5.175700000 2
|585> d 1
|586> 1      1.203000000   -1.816000000 2
|587> f 1
|588> 1      1.000000000    0.000000000 2
|589> end
|590> Mg>    2.00000000000    0.00000034146   -4.22050043415   -6.47278909352
|591> NewECP
|592> N_core 0
|593> lmax f
|594> s 1
|595> 1      1.732000000   14.676000000 2
|596> p 1
|597> 1      1.115000000    5.175700000 2
|598> d 1
|599> 1      1.203000000   -1.816000000 2
|600> f 1
|601> 1      1.000000000    0.000000000 2
|602> end
|603> Mg>    2.00000000000   -4.22049318645   -0.00000690624   -6.47278909352
|604> NewECP
|605> N_core 0
|606> lmax f
|607> s 1
|608> 1      1.732000000   14.676000000 2
|609> p 1
|610> 1      1.115000000    5.175700000 2
|611> d 1
|612> 1      1.203000000   -1.816000000 2
|613> f 1
|614> 1      1.000000000    0.000000000 2
|615> end
|616> Mg>    2.00000000000   -8.44098680653    2.20484637813    0.06544084864
|617> NewECP
|618> N_core 0
|619> lmax f
|620> s 1
|621> 1      1.732000000   14.676000000 2
|622> p 1
|623> 1      1.115000000    5.175700000 2
|624> d 1
|625> 1      1.203000000   -1.816000000 2
|626> f 1
|627> 1      1.000000000    0.000000000 2
|628> end
|629> Mg>    2.00000000000    8.44098730511    2.20484637813    0.06544084864
|630> NewECP
|631> N_core 0
|632> lmax f
|633> s 1
|634> 1      1.732000000   14.676000000 2
|635> p 1
|636> 1      1.115000000    5.175700000 2
|637> d 1
|638> 1      1.203000000   -1.816000000 2
|639> f 1
|640> 1      1.000000000    0.000000000 2
|641> end
|642> Mg>    2.00000000000    8.44098730161   -2.20485539840    0.06544759026
|643> NewECP
|644> N_core 0
|645> lmax f
|646> s 1
|647> 1      1.732000000   14.676000000 2
|648> p 1
|649> 1      1.115000000    5.175700000 2
|650> d 1
|651> 1      1.203000000   -1.816000000 2
|652> f 1
|653> 1      1.000000000    0.000000000 2
|654> end
|655> Mg>    2.00000000000   -8.44098681002   -2.20485539840    0.06544759026
|656> NewECP
|657> N_core 0
|658> lmax f
|659> s 1
|660> 1      1.732000000   14.676000000 2
|661> p 1
|662> 1      1.115000000    5.175700000 2
|663> d 1
|664> 1      1.203000000   -1.816000000 2
|665> f 1
|666> 1      1.000000000    0.000000000 2
|667> end
|668> Mg>    2.00000000000   -2.21850893576    8.44097959443   -0.16405374819
|669> NewECP
|670> N_core 0
|671> lmax f
|672> s 1
|673> 1      1.732000000   14.676000000 2
|674> p 1
|675> 1      1.115000000    5.175700000 2
|676> d 1
|677> 1      1.203000000   -1.816000000 2
|678> f 1
|679> 1      1.000000000    0.000000000 2
|680> end
|681> Mg>    2.00000000000    2.21850991033    8.44097963163   -0.16405174740
|682> NewECP
|683> N_core 0
|684> lmax f
|685> s 1
|686> 1      1.732000000   14.676000000 2
|687> p 1
|688> 1      1.115000000    5.175700000 2
|689> d 1
|690> 1      1.203000000   -1.816000000 2
|691> f 1
|692> 1      1.000000000    0.000000000 2
|693> end
|694> Mg>    2.00000000000    2.21850991033   -8.44099448001   -0.16405174740
|695> NewECP
|696> N_core 0
|697> lmax f
|698> s 1
|699> 1      1.732000000   14.676000000 2
|700> p 1
|701> 1      1.115000000    5.175700000 2
|702> d 1
|703> 1      1.203000000   -1.816000000 2
|704> f 1
|705> 1      1.000000000    0.000000000 2
|706> end
|707> Mg>    2.00000000000   -2.21850893576   -8.44099451720   -0.16405374819
|708> NewECP
|709> N_core 0
|710> lmax f
|711> s 1
|712> 1      1.732000000   14.676000000 2
|713> p 1
|714> 1      1.115000000    5.175700000 2
|715> d 1
|716> 1      1.203000000   -1.816000000 2
|717> f 1
|718> 1      1.000000000    0.000000000 2
|719> end
|720> Mg>    2.00000000000    0.00000050214    8.44098028023   -2.28878000730
|721> NewECP
|722> N_core 0
|723> lmax f
|724> s 1
|725> 1      1.732000000   14.676000000 2
|726> p 1
|727> 1      1.115000000    5.175700000 2
|728> d 1
|729> 1      1.203000000   -1.816000000 2
|730> f 1
|731> 1      1.000000000    0.000000000 2
|732> end
|733> Mg>    2.00000000000    8.44098755795   -0.00000677559   -2.28878000730
|734> NewECP
|735> N_core 0
|736> lmax f
|737> s 1
|738> 1      1.732000000   14.676000000 2
|739> p 1
|740> 1      1.115000000    5.175700000 2
|741> d 1
|742> 1      1.203000000   -1.816000000 2
|743> f 1
|744> 1      1.000000000    0.000000000 2
|745> end
|746> Mg>    2.00000000000    0.00000050214   -8.44099383141   -2.28878000730
|747> NewECP
|748> N_core 0
|749> lmax f
|750> s 1
|751> 1      1.732000000   14.676000000 2
|752> p 1
|753> 1      1.115000000    5.175700000 2
|754> d 1
|755> 1      1.203000000   -1.816000000 2
|756> f 1
|757> 1      1.000000000    0.000000000 2
|758> end
|759> Mg>    2.00000000000   -8.44098655368   -0.00000677559   -2.28878000730
|760> NewECP
|761> N_core 0
|762> lmax f
|763> s 1
|764> 1      1.732000000   14.676000000 2
|765> p 1
|766> 1      1.115000000    5.175700000 2
|767> d 1
|768> 1      1.203000000   -1.816000000 2
|769> f 1
|770> 1      1.000000000    0.000000000 2
|771> end
|772> Mg>    2.00000000000   -6.33073995040    4.22048662167   -4.36254232956
|773> NewECP
|774> N_core 0
|775> lmax f
|776> s 1
|777> 1      1.732000000   14.676000000 2
|778> p 1
|779> 1      1.115000000    5.175700000 2
|780> d 1
|781> 1      1.203000000   -1.816000000 2
|782> f 1
|783> 1      1.000000000    0.000000000 2
|784> end
|785> Mg>    2.00000000000   -4.22049318645    6.33073338562   -4.36254232956
|786> NewECP
|787> N_core 0
|788> lmax f
|789> s 1
|790> 1      1.732000000   14.676000000 2
|791> p 1
|792> 1      1.115000000    5.175700000 2
|793> d 1
|794> 1      1.203000000   -1.816000000 2
|795> f 1
|796> 1      1.000000000    0.000000000 2
|797> end
|798> Mg>    2.00000000000    4.22049386937    6.33073338562   -4.36254232956
|799> NewECP
|800> N_core 0
|801> lmax f
|802> s 1
|803> 1      1.732000000   14.676000000 2
|804> p 1
|805> 1      1.115000000    5.175700000 2
|806> d 1
|807> 1      1.203000000   -1.816000000 2
|808> f 1
|809> 1      1.000000000    0.000000000 2
|810> end
|811> Mg>    2.00000000000    6.33074063332    4.22048662167   -4.36254232956
|812> NewECP
|813> N_core 0
|814> lmax f
|815> s 1
|816> 1      1.732000000   14.676000000 2
|817> p 1
|818> 1      1.115000000    5.175700000 2
|819> d 1
|820> 1      1.203000000   -1.816000000 2
|821> f 1
|822> 1      1.000000000    0.000000000 2
|823> end
|824> Mg>    2.00000000000    6.33074063332   -4.22050043415   -4.36254232956
|825> NewECP
|826> N_core 0
|827> lmax f
|828> s 1
|829> 1      1.732000000   14.676000000 2
|830> p 1
|831> 1      1.115000000    5.175700000 2
|832> d 1
|833> 1      1.203000000   -1.816000000 2
|834> f 1
|835> 1      1.000000000    0.000000000 2
|836> end
|837> Mg>    2.00000000000    4.22049386937   -6.33074719810   -4.36254232956
|838> NewECP
|839> N_core 0
|840> lmax f
|841> s 1
|842> 1      1.732000000   14.676000000 2
|843> p 1
|844> 1      1.115000000    5.175700000 2
|845> d 1
|846> 1      1.203000000   -1.816000000 2
|847> f 1
|848> 1      1.000000000    0.000000000 2
|849> end
|850> Mg>    2.00000000000   -4.22049318645   -6.33074719810   -4.36254232956
|851> NewECP
|852> N_core 0
|853> lmax f
|854> s 1
|855> 1      1.732000000   14.676000000 2
|856> p 1
|857> 1      1.115000000    5.175700000 2
|858> d 1
|859> 1      1.203000000   -1.816000000 2
|860> f 1
|861> 1      1.000000000    0.000000000 2
|862> end
|863> Mg>    2.00000000000   -6.33073995040   -4.22050043415   -4.36254232956
|864> NewECP
|865> N_core 0
|866> lmax f
|867> s 1
|868> 1      1.732000000   14.676000000 2
|869> p 1
|870> 1      1.115000000    5.175700000 2
|871> d 1
|872> 1      1.203000000   -1.816000000 2
|873> f 1
|874> 1      1.000000000    0.000000000 2
|875> end
|876> Mg>    2.00000000000   -4.22049318645    4.22048662167   -6.47278909352
|877> NewECP
|878> N_core 0
|879> lmax f
|880> s 1
|881> 1      1.732000000   14.676000000 2
|882> p 1
|883> 1      1.115000000    5.175700000 2
|884> d 1
|885> 1      1.203000000   -1.816000000 2
|886> f 1
|887> 1      1.000000000    0.000000000 2
|888> end
|889> Mg>    2.00000000000    4.22049386937    4.22048662167   -6.47278909352
|890> NewECP
|891> N_core 0
|892> lmax f
|893> s 1
|894> 1      1.732000000   14.676000000 2
|895> p 1
|896> 1      1.115000000    5.175700000 2
|897> d 1
|898> 1      1.203000000   -1.816000000 2
|899> f 1
|900> 1      1.000000000    0.000000000 2
|901> end
|902> Mg>    2.00000000000    4.22049386937   -4.22050043415   -6.47278909352
|903> NewECP
|904> N_core 0
|905> lmax f
|906> s 1
|907> 1      1.732000000   14.676000000 2
|908> p 1
|909> 1      1.115000000    5.175700000 2
|910> d 1
|911> 1      1.203000000   -1.816000000 2
|912> f 1
|913> 1      1.000000000    0.000000000 2
|914> end
|915> Mg>    2.00000000000   -4.22049318645   -4.22050043415   -6.47278909352
|916> NewECP
|917> N_core 0
|918> lmax f
|919> s 1
|920> 1      1.732000000   14.676000000 2
|921> p 1
|922> 1      1.115000000    5.175700000 2
|923> d 1
|924> 1      1.203000000   -1.816000000 2
|925> f 1
|926> 1      1.000000000    0.000000000 2
|927> end
|928> Mg>    2.00000000000   -6.34795871753    6.32434695632   -2.22405174054
|929> NewECP
|930> N_core 0
|931> lmax f
|932> s 1
|933> 1      1.732000000   14.676000000 2
|934> p 1
|935> 1      1.115000000    5.175700000 2
|936> d 1
|937> 1      1.203000000   -1.816000000 2
|938> f 1
|939> 1      1.000000000    0.000000000 2
|940> end
|941> Mg>    2.00000000000    6.34795940663    6.32434673731   -2.22405263869
|942> NewECP
|943> N_core 0
|944> lmax f
|945> s 1
|946> 1      1.732000000   14.676000000 2
|947> p 1
|948> 1      1.115000000    5.175700000 2
|949> d 1
|950> 1      1.203000000   -1.816000000 2
|951> f 1
|952> 1      1.000000000    0.000000000 2
|953> end
|954> Mg>    2.00000000000    6.34795921824   -6.32436051061   -2.22405421688
|955> NewECP
|956> N_core 0
|957> lmax f
|958> s 1
|959> 1      1.732000000   14.676000000 2
|960> p 1
|961> 1      1.115000000    5.175700000 2
|962> d 1
|963> 1      1.203000000   -1.816000000 2
|964> f 1
|965> 1      1.000000000    0.000000000 2
|966> end
|967> Mg>    2.00000000000   -6.34795853853   -6.32436069149   -2.22405335119
|968> NewECP
|969> N_core 0
|970> lmax f
|971> s 1
|972> 1      1.732000000   14.676000000 2
|973> p 1
|974> 1      1.115000000    5.175700000 2
|975> d 1
|976> 1      1.203000000   -1.816000000 2
|977> f 1
|978> 1      1.000000000    0.000000000 2
|979> end
|980> Mg>    2.00000000000   -6.33073995040    2.11023985771   -6.47278909352
|981> NewECP
|982> N_core 0
|983> lmax f
|984> s 1
|985> 1      1.732000000   14.676000000 2
|986> p 1
|987> 1      1.115000000    5.175700000 2
|988> d 1
|989> 1      1.203000000   -1.816000000 2
|990> f 1
|991> 1      1.000000000    0.000000000 2
|992> end
|993> Mg>    2.00000000000   -2.11024642249    6.33073338562   -6.47278909352
|994> NewECP
|995> N_core 0
|996> lmax f
|997> s 1
|998> 1      1.732000000   14.676000000 2
|999> p 1
|1000> 1      1.115000000    5.175700000 2
|1001> d 1
|1002> 1      1.203000000   -1.816000000 2
|1003> f 1
|1004> 1      1.000000000    0.000000000 2
|1005> end
|1006> Mg>    2.00000000000    2.11024710542    6.33073338562   -6.47278909352
|1007> NewECP
|1008> N_core 0
|1009> lmax f
|1010> s 1
|1011> 1      1.732000000   14.676000000 2
|1012> p 1
|1013> 1      1.115000000    5.175700000 2
|1014> d 1
|1015> 1      1.203000000   -1.816000000 2
|1016> f 1
|1017> 1      1.000000000    0.000000000 2
|1018> end
|1019> Mg>    2.00000000000    6.33074063332    2.11023985771   -6.47278909352
|1020> NewECP
|1021> N_core 0
|1022> lmax f
|1023> s 1
|1024> 1      1.732000000   14.676000000 2
|1025> p 1
|1026> 1      1.115000000    5.175700000 2
|1027> d 1
|1028> 1      1.203000000   -1.816000000 2
|1029> f 1
|1030> 1      1.000000000    0.000000000 2
|1031> end
|1032> Mg>    2.00000000000    6.33074063332   -2.11025367019   -6.47278909352
|1033> NewECP
|1034> N_core 0
|1035> lmax f
|1036> s 1
|1037> 1      1.732000000   14.676000000 2
|1038> p 1
|1039> 1      1.115000000    5.175700000 2
|1040> d 1
|1041> 1      1.203000000   -1.816000000 2
|1042> f 1
|1043> 1      1.000000000    0.000000000 2
|1044> end
|1045> Mg>    2.00000000000    2.11024710542   -6.33074719810   -6.47278909352
|1046> NewECP
|1047> N_core 0
|1048> lmax f
|1049> s 1
|1050> 1      1.732000000   14.676000000 2
|1051> p 1
|1052> 1      1.115000000    5.175700000 2
|1053> d 1
|1054> 1      1.203000000   -1.816000000 2
|1055> f 1
|1056> 1      1.000000000    0.000000000 2
|1057> end
|1058> Mg>    2.00000000000   -2.11024642249   -6.33074719810   -6.47278909352
|1059> NewECP
|1060> N_core 0
|1061> lmax f
|1062> s 1
|1063> 1      1.732000000   14.676000000 2
|1064> p 1
|1065> 1      1.115000000    5.175700000 2
|1066> d 1
|1067> 1      1.203000000   -1.816000000 2
|1068> f 1
|1069> 1      1.000000000    0.000000000 2
|1070> end
|1071> Mg>    2.00000000000   -6.33073995040   -2.11025367019   -6.47278909352
|1072> NewECP
|1073> N_core 0
|1074> lmax f
|1075> s 1
|1076> 1      1.732000000   14.676000000 2
|1077> p 1
|1078> 1      1.115000000    5.175700000 2
|1079> d 1
|1080> 1      1.203000000   -1.816000000 2
|1081> f 1
|1082> 1      1.000000000    0.000000000 2
|1083> end
|1084> Mg>    2.00000000000   -8.44098677929    4.22048691662   -2.21655080350
|1085> NewECP
|1086> N_core 0
|1087> lmax f
|1088> s 1
|1089> 1      1.732000000   14.676000000 2
|1090> p 1
|1091> 1      1.115000000    5.175700000 2
|1092> d 1
|1093> 1      1.203000000   -1.816000000 2
|1094> f 1
|1095> 1      1.000000000    0.000000000 2
|1096> end
|1097> Mg>    2.00000000000    8.44098733234    4.22048691662   -2.21655080350
|1098> NewECP
|1099> N_core 0
|1100> lmax f
|1101> s 1
|1102> 1      1.732000000   14.676000000 2
|1103> p 1
|1104> 1      1.115000000    5.175700000 2
|1105> d 1
|1106> 1      1.203000000   -1.816000000 2
|1107> f 1
|1108> 1      1.000000000    0.000000000 2
|1109> end
|1110> Mg>    2.00000000000    8.44098733234   -4.22050013920   -2.21655080350
|1111> NewECP
|1112> N_core 0
|1113> lmax f
|1114> s 1
|1115> 1      1.732000000   14.676000000 2
|1116> p 1
|1117> 1      1.115000000    5.175700000 2
|1118> d 1
|1119> 1      1.203000000   -1.816000000 2
|1120> f 1
|1121> 1      1.000000000    0.000000000 2
|1122> end
|1123> Mg>    2.00000000000   -8.44098677929   -4.22050013920   -2.21655080350
|1124> NewECP
|1125> N_core 0
|1126> lmax f
|1127> s 1
|1128> 1      1.732000000   14.676000000 2
|1129> p 1
|1130> 1      1.115000000    5.175700000 2
|1131> d 1
|1132> 1      1.203000000   -1.816000000 2
|1133> f 1
|1134> 1      1.000000000    0.000000000 2
|1135> end
|1136> Mg>    2.00000000000   -4.22049339624    8.44097969577   -2.26509025484
|1137> NewECP
|1138> N_core 0
|1139> lmax f
|1140> s 1
|1141> 1      1.732000000   14.676000000 2
|1142> p 1
|1143> 1      1.115000000    5.175700000 2
|1144> d 1
|1145> 1      1.203000000   -1.816000000 2
|1146> f 1
|1147> 1      1.000000000    0.000000000 2
|1148> end
|1149> Mg>    2.00000000000    4.22049365957    8.44097969577   -2.26509025484
|1150> NewECP
|1151> N_core 0
|1152> lmax f
|1153> s 1
|1154> 1      1.732000000   14.676000000 2
|1155> p 1
|1156> 1      1.115000000    5.175700000 2
|1157> d 1
|1158> 1      1.203000000   -1.816000000 2
|1159> f 1
|1160> 1      1.000000000    0.000000000 2
|1161> end
|1162> Mg>    2.00000000000    4.22049365957   -8.44099441587   -2.26509025484
|1163> NewECP
|1164> N_core 0
|1165> lmax f
|1166> s 1
|1167> 1      1.732000000   14.676000000 2
|1168> p 1
|1169> 1      1.115000000    5.175700000 2
|1170> d 1
|1171> 1      1.203000000   -1.816000000 2
|1172> f 1
|1173> 1      1.000000000    0.000000000 2
|1174> end
|1175> Mg>    2.00000000000   -4.22049339624   -8.44099441587   -2.26509025484
|1176> NewECP
|1177> N_core 0
|1178> lmax f
|1179> s 1
|1180> 1      1.732000000   14.676000000 2
|1181> p 1
|1182> 1      1.115000000    5.175700000 2
|1183> d 1
|1184> 1      1.203000000   -1.816000000 2
|1185> f 1
|1186> 1      1.000000000    0.000000000 2
|1187> end
|1188> Mg>    2.00000000000   -8.44098671436    2.11023985771   -4.36254232956
|1189> NewECP
|1190> N_core 0
|1191> lmax f
|1192> s 1
|1193> 1      1.732000000   14.676000000 2
|1194> p 1
|1195> 1      1.115000000    5.175700000 2
|1196> d 1
|1197> 1      1.203000000   -1.816000000 2
|1198> f 1
|1199> 1      1.000000000    0.000000000 2
|1200> end
|1201> Mg>    2.00000000000   -2.11024642249    8.44098014958   -4.36254232956
|1202> NewECP
|1203> N_core 0
|1204> lmax f
|1205> s 1
|1206> 1      1.732000000   14.676000000 2
|1207> p 1
|1208> 1      1.115000000    5.175700000 2
|1209> d 1
|1210> 1      1.203000000   -1.816000000 2
|1211> f 1
|1212> 1      1.000000000    0.000000000 2
|1213> end
|1214> Mg>    2.00000000000    2.11024710542    8.44098014958   -4.36254232956
|1215> NewECP
|1216> N_core 0
|1217> lmax f
|1218> s 1
|1219> 1      1.732000000   14.676000000 2
|1220> p 1
|1221> 1      1.115000000    5.175700000 2
|1222> d 1
|1223> 1      1.203000000   -1.816000000 2
|1224> f 1
|1225> 1      1.000000000    0.000000000 2
|1226> end
|1227> Mg>    2.00000000000    8.44098739728    2.11023985771   -4.36254232956
|1228> NewECP
|1229> N_core 0
|1230> lmax f
|1231> s 1
|1232> 1      1.732000000   14.676000000 2
|1233> p 1
|1234> 1      1.115000000    5.175700000 2
|1235> d 1
|1236> 1      1.203000000   -1.816000000 2
|1237> f 1
|1238> 1      1.000000000    0.000000000 2
|1239> end
|1240> Mg>    2.00000000000    8.44098739728   -2.11025367019   -4.36254232956
|1241> NewECP
|1242> N_core 0
|1243> lmax f
|1244> s 1
|1245> 1      1.732000000   14.676000000 2
|1246> p 1
|1247> 1      1.115000000    5.175700000 2
|1248> d 1
|1249> 1      1.203000000   -1.816000000 2
|1250> f 1
|1251> 1      1.000000000    0.000000000 2
|1252> end
|1253> Mg>    2.00000000000    2.11024710542   -8.44099396206   -4.36254232956
|1254> NewECP
|1255> N_core 0
|1256> lmax f
|1257> s 1
|1258> 1      1.732000000   14.676000000 2
|1259> p 1
|1260> 1      1.115000000    5.175700000 2
|1261> d 1
|1262> 1      1.203000000   -1.816000000 2
|1263> f 1
|1264> 1      1.000000000    0.000000000 2
|1265> end
|1266> Mg>    2.00000000000   -2.11024642249   -8.44099396206   -4.36254232956
|1267> NewECP
|1268> N_core 0
|1269> lmax f
|1270> s 1
|1271> 1      1.732000000   14.676000000 2
|1272> p 1
|1273> 1      1.115000000    5.175700000 2
|1274> d 1
|1275> 1      1.203000000   -1.816000000 2
|1276> f 1
|1277> 1      1.000000000    0.000000000 2
|1278> end
|1279> Mg>    2.00000000000   -8.44098671436   -2.11025367019   -4.36254232956
|1280> NewECP
|1281> N_core 0
|1282> lmax f
|1283> s 1
|1284> 1      1.732000000   14.676000000 2
|1285> p 1
|1286> 1      1.115000000    5.175700000 2
|1287> d 1
|1288> 1      1.203000000   -1.816000000 2
|1289> f 1
|1290> 1      1.000000000    0.000000000 2
|1291> end
|1292> Mg>    2.00000000000   -6.22247714549    8.44097963163   -0.16405174740
|1293> NewECP
|1294> N_core 0
|1295> lmax f
|1296> s 1
|1297> 1      1.732000000   14.676000000 2
|1298> p 1
|1299> 1      1.115000000    5.175700000 2
|1300> d 1
|1301> 1      1.203000000   -1.816000000 2
|1302> f 1
|1303> 1      1.000000000    0.000000000 2
|1304> end
|1305> Mg>    2.00000000000    6.22247812006    8.44097959443   -0.16405374819
|1306> NewECP
|1307> N_core 0
|1308> lmax f
|1309> s 1
|1310> 1      1.732000000   14.676000000 2
|1311> p 1
|1312> 1      1.115000000    5.175700000 2
|1313> d 1
|1314> 1      1.203000000   -1.816000000 2
|1315> f 1
|1316> 1      1.000000000    0.000000000 2
|1317> end
|1318> Mg>    2.00000000000    6.22247812006   -8.44099451720   -0.16405374819
|1319> NewECP
|1320> N_core 0
|1321> lmax f
|1322> s 1
|1323> 1      1.732000000   14.676000000 2
|1324> p 1
|1325> 1      1.115000000    5.175700000 2
|1326> d 1
|1327> 1      1.203000000   -1.816000000 2
|1328> f 1
|1329> 1      1.000000000    0.000000000 2
|1330> end
|1331> Mg>    2.00000000000   -6.22247714549   -8.44099448001   -0.16405174740
|1332> NewECP
|1333> N_core 0
|1334> lmax f
|1335> s 1
|1336> 1      1.732000000   14.676000000 2
|1337> p 1
|1338> 1      1.115000000    5.175700000 2
|1339> d 1
|1340> 1      1.203000000   -1.816000000 2
|1341> f 1
|1342> 1      1.000000000    0.000000000 2
|1343> end
|1344> Mg>    2.00000000000   -8.44098681002    6.23613165742    0.06544759026
|1345> NewECP
|1346> N_core 0
|1347> lmax f
|1348> s 1
|1349> 1      1.732000000   14.676000000 2
|1350> p 1
|1351> 1      1.115000000    5.175700000 2
|1352> d 1
|1353> 1      1.203000000   -1.816000000 2
|1354> f 1
|1355> 1      1.000000000    0.000000000 2
|1356> end
|1357> Mg>    2.00000000000    8.44098730161    6.23613165742    0.06544759026
|1358> NewECP
|1359> N_core 0
|1360> lmax f
|1361> s 1
|1362> 1      1.732000000   14.676000000 2
|1363> p 1
|1364> 1      1.115000000    5.175700000 2
|1365> d 1
|1366> 1      1.203000000   -1.816000000 2
|1367> f 1
|1368> 1      1.000000000    0.000000000 2
|1369> end
|1370> Mg>    2.00000000000    8.44098730511   -6.23614067769    0.06544084864
|1371> NewECP
|1372> N_core 0
|1373> lmax f
|1374> s 1
|1375> 1      1.732000000   14.676000000 2
|1376> p 1
|1377> 1      1.115000000    5.175700000 2
|1378> d 1
|1379> 1      1.203000000   -1.816000000 2
|1380> f 1
|1381> 1      1.000000000    0.000000000 2
|1382> end
|1383> Mg>    2.00000000000   -8.44098680653   -6.23614067769    0.06544084864
|1384> NewECP
|1385> N_core 0
|1386> lmax f
|1387> s 1
|1388> 1      1.732000000   14.676000000 2
|1389> p 1
|1390> 1      1.115000000    5.175700000 2
|1391> d 1
|1392> 1      1.203000000   -1.816000000 2
|1393> f 1
|1394> 1      1.000000000    0.000000000 2
|1395> end
|1396> Mg>    2.00000000000    0.00000034146    8.44098014958   -6.47278909352
|1397> NewECP
|1398> N_core 0
|1399> lmax f
|1400> s 1
|1401> 1      1.732000000   14.676000000 2
|1402> p 1
|1403> 1      1.115000000    5.175700000 2
|1404> d 1
|1405> 1      1.203000000   -1.816000000 2
|1406> f 1
|1407> 1      1.000000000    0.000000000 2
|1408> end
|1409> Mg>    2.00000000000    8.44098739728   -0.00000690624   -6.47278909352
|1410> NewECP
|1411> N_core 0
|1412> lmax f
|1413> s 1
|1414> 1      1.732000000   14.676000000 2
|1415> p 1
|1416> 1      1.115000000    5.175700000 2
|1417> d 1
|1418> 1      1.203000000   -1.816000000 2
|1419> f 1
|1420> 1      1.000000000    0.000000000 2
|1421> end
|1422> Mg>    2.00000000000    0.00000034146   -8.44099396206   -6.47278909352
|1423> NewECP
|1424> N_core 0
|1425> lmax f
|1426> s 1
|1427> 1      1.732000000   14.676000000 2
|1428> p 1
|1429> 1      1.115000000    5.175700000 2
|1430> d 1
|1431> 1      1.203000000   -1.816000000 2
|1432> f 1
|1433> 1      1.000000000    0.000000000 2
|1434> end
|1435> Mg>    2.00000000000   -8.44098671436   -0.00000690624   -6.47278909352
|1436> NewECP
|1437> N_core 0
|1438> lmax f
|1439> s 1
|1440> 1      1.732000000   14.676000000 2
|1441> p 1
|1442> 1      1.115000000    5.175700000 2
|1443> d 1
|1444> 1      1.203000000   -1.816000000 2
|1445> f 1
|1446> 1      1.000000000    0.000000000 2
|1447> end
|1448> Mg>    2.00000000000    0.00000024929   10.64583343395    0.06544084864
|1449> NewECP
|1450> N_core 0
|1451> lmax f
|1452> s 1
|1453> 1      1.732000000   14.676000000 2
|1454> p 1
|1455> 1      1.115000000    5.175700000 2
|1456> d 1
|1457> 1      1.203000000   -1.816000000 2
|1458> f 1
|1459> 1      1.000000000    0.000000000 2
|1460> end
|1461> Mg>    2.00000000000    0.00000024579  -10.64584245421    0.06544759026
|1462> NewECP
|1463> N_core 0
|1464> lmax f
|1465> s 1
|1466> 1      1.732000000   14.676000000 2
|1467> p 1
|1468> 1      1.115000000    5.175700000 2
|1469> d 1
|1470> 1      1.203000000   -1.816000000 2
|1471> f 1
|1472> 1      1.000000000    0.000000000 2
|1473> end
|1474> Mg>    2.00000000000   10.65949696615   -0.00000742419   -0.16405174740
|1475> NewECP
|1476> N_core 0
|1477> lmax f
|1478> s 1
|1479> 1      1.732000000   14.676000000 2
|1480> p 1
|1481> 1      1.115000000    5.175700000 2
|1482> d 1
|1483> 1      1.203000000   -1.816000000 2
|1484> f 1
|1485> 1      1.000000000    0.000000000 2
|1486> end
|1487> Mg>    2.00000000000  -10.65949599157   -0.00000746138   -0.16405374819
|1488> NewECP
|1489> N_core 0
|1490> lmax f
|1491> s 1
|1492> 1      1.732000000   14.676000000 2
|1493> p 1
|1494> 1      1.115000000    5.175700000 2
|1495> d 1
|1496> 1      1.203000000   -1.816000000 2
|1497> f 1
|1498> 1      1.000000000    0.000000000 2
|1499> end
|1500> Mg>    2.00000000000  -10.53401489339    2.11662654520   -2.22405421688
|1501> NewECP
|1502> N_core 0
|1503> lmax f
|1504> s 1
|1505> 1      1.732000000   14.676000000 2
|1506> p 1
|1507> 1      1.115000000    5.175700000 2
|1508> d 1
|1509> 1      1.203000000   -1.816000000 2
|1510> f 1
|1511> 1      1.000000000    0.000000000 2
|1512> end
|1513> Mg>    2.00000000000   10.53401557310    2.11662636432   -2.22405335119
|1514> NewECP
|1515> N_core 0
|1516> lmax f
|1517> s 1
|1518> 1      1.732000000   14.676000000 2
|1519> p 1
|1520> 1      1.115000000    5.175700000 2
|1521> d 1
|1522> 1      1.203000000   -1.816000000 2
|1523> f 1
|1524> 1      1.000000000    0.000000000 2
|1525> end
|1526> Mg>    2.00000000000   10.53401539410   -2.11664009950   -2.22405174054
|1527> NewECP
|1528> N_core 0
|1529> lmax f
|1530> s 1
|1531> 1      1.732000000   14.676000000 2
|1532> p 1
|1533> 1      1.115000000    5.175700000 2
|1534> d 1
|1535> 1      1.203000000   -1.816000000 2
|1536> f 1
|1537> 1      1.000000000    0.000000000 2
|1538> end
|1539> Mg>    2.00000000000  -10.53401470501   -2.11664031850   -2.22405263869
|1540> NewECP
|1541> N_core 0
|1542> lmax f
|1543> s 1
|1544> 1      1.732000000   14.676000000 2
|1545> p 1
|1546> 1      1.115000000    5.175700000 2
|1547> d 1
|1548> 1      1.203000000   -1.816000000 2
|1549> f 1
|1550> 1      1.000000000    0.000000000 2
|1551> end
|1552> Mg>    2.00000000000   -2.09302783758   10.55761360102   -2.22405421688
|1553> NewECP
|1554> N_core 0
|1555> lmax f
|1556> s 1
|1557> 1      1.732000000   14.676000000 2
|1558> p 1
|1559> 1      1.115000000    5.175700000 2
|1560> d 1
|1561> 1      1.203000000   -1.816000000 2
|1562> f 1
|1563> 1      1.000000000    0.000000000 2
|1564> end
|1565> Mg>    2.00000000000    2.09302851728   10.55761342014   -2.22405335119
|1566> NewECP
|1567> N_core 0
|1568> lmax f
|1569> s 1
|1570> 1      1.732000000   14.676000000 2
|1571> p 1
|1572> 1      1.115000000    5.175700000 2
|1573> d 1
|1574> 1      1.203000000   -1.816000000 2
|1575> f 1
|1576> 1      1.000000000    0.000000000 2
|1577> end
|1578> Mg>    2.00000000000    2.09302833828  -10.55762715532   -2.22405174054
|1579> NewECP
|1580> N_core 0
|1581> lmax f
|1582> s 1
|1583> 1      1.732000000   14.676000000 2
|1584> p 1
|1585> 1      1.115000000    5.175700000 2
|1586> d 1
|1587> 1      1.203000000   -1.816000000 2
|1588> f 1
|1589> 1      1.000000000    0.000000000 2
|1590> end
|1591> Mg>    2.00000000000   -2.09302764919  -10.55762737432   -2.22405263869
|1592> NewECP
|1593> N_core 0
|1594> lmax f
|1595> s 1
|1596> 1      1.732000000   14.676000000 2
|1597> p 1
|1598> 1      1.115000000    5.175700000 2
|1599> d 1
|1600> 1      1.203000000   -1.816000000 2
|1601> f 1
|1602> 1      1.000000000    0.000000000 2
|1603> end
|1604> Mg>    2.00000000000   -6.33073995040    6.33073338562   -6.47278909352
|1605> NewECP
|1606> N_core 0
|1607> lmax f
|1608> s 1
|1609> 1      1.732000000   14.676000000 2
|1610> p 1
|1611> 1      1.115000000    5.175700000 2
|1612> d 1
|1613> 1      1.203000000   -1.816000000 2
|1614> f 1
|1615> 1      1.000000000    0.000000000 2
|1616> end
|1617> Mg>    2.00000000000    6.33074063332    6.33073338562   -6.47278909352
|1618> NewECP
|1619> N_core 0
|1620> lmax f
|1621> s 1
|1622> 1      1.732000000   14.676000000 2
|1623> p 1
|1624> 1      1.115000000    5.175700000 2
|1625> d 1
|1626> 1      1.203000000   -1.816000000 2
|1627> f 1
|1628> 1      1.000000000    0.000000000 2
|1629> end
|1630> Mg>    2.00000000000    6.33074063332   -6.33074719810   -6.47278909352
|1631> NewECP
|1632> N_core 0
|1633> lmax f
|1634> s 1
|1635> 1      1.732000000   14.676000000 2
|1636> p 1
|1637> 1      1.115000000    5.175700000 2
|1638> d 1
|1639> 1      1.203000000   -1.816000000 2
|1640> f 1
|1641> 1      1.000000000    0.000000000 2
|1642> end
|1643> Mg>    2.00000000000   -6.33073995040   -6.33074719810   -6.47278909352
|1644> NewECP
|1645> N_core 0
|1646> lmax f
|1647> s 1
|1648> 1      1.732000000   14.676000000 2
|1649> p 1
|1650> 1      1.115000000    5.175700000 2
|1651> d 1
|1652> 1      1.203000000   -1.816000000 2
|1653> f 1
|1654> 1      1.000000000    0.000000000 2
|1655> end
|1656> Mg>    2.00000000000   -4.22049300136   10.57073568246   -0.13880259387
|1657> NewECP
|1658> N_core 0
|1659> lmax f
|1660> s 1
|1661> 1      1.732000000   14.676000000 2
|1662> p 1
|1663> 1      1.115000000    5.175700000 2
|1664> d 1
|1665> 1      1.203000000   -1.816000000 2
|1666> f 1
|1667> 1      1.000000000    0.000000000 2
|1668> end
|1669> Mg>    2.00000000000    4.22049405445   10.57073568246   -0.13880259387
|1670> NewECP
|1671> N_core 0
|1672> lmax f
|1673> s 1
|1674> 1      1.732000000   14.676000000 2
|1675> p 1
|1676> 1      1.115000000    5.175700000 2
|1677> d 1
|1678> 1      1.203000000   -1.816000000 2
|1679> f 1
|1680> 1      1.000000000    0.000000000 2
|1681> end
|1682> Mg>    2.00000000000    4.22049404452  -10.57074935655   -0.13880142246
|1683> NewECP
|1684> N_core 0
|1685> lmax f
|1686> s 1
|1687> 1      1.732000000   14.676000000 2
|1688> p 1
|1689> 1      1.115000000    5.175700000 2
|1690> d 1
|1691> 1      1.203000000   -1.816000000 2
|1692> f 1
|1693> 1      1.000000000    0.000000000 2
|1694> end
|1695> Mg>    2.00000000000   -4.22049301130  -10.57074935655   -0.13880142246
|1696> NewECP
|1697> N_core 0
|1698> lmax f
|1699> s 1
|1700> 1      1.732000000   14.676000000 2
|1701> p 1
|1702> 1      1.115000000    5.175700000 2
|1703> d 1
|1704> 1      1.203000000   -1.816000000 2
|1705> f 1
|1706> 1      1.000000000    0.000000000 2
|1707> end
|1708> Mg>    2.00000000000  -10.57093205591    4.22048719744   -0.13059550202
|1709> NewECP
|1710> N_core 0
|1711> lmax f
|1712> s 1
|1713> 1      1.732000000   14.676000000 2
|1714> p 1
|1715> 1      1.115000000    5.175700000 2
|1716> d 1
|1717> 1      1.203000000   -1.816000000 2
|1718> f 1
|1719> 1      1.000000000    0.000000000 2
|1720> end
|1721> Mg>    2.00000000000   10.57093280064    4.22048717562   -0.13059632118
|1722> NewECP
|1723> N_core 0
|1724> lmax f
|1725> s 1
|1726> 1      1.732000000   14.676000000 2
|1727> p 1
|1728> 1      1.115000000    5.175700000 2
|1729> d 1
|1730> 1      1.203000000   -1.816000000 2
|1731> f 1
|1732> 1      1.000000000    0.000000000 2
|1733> end
|1734> Mg>    2.00000000000   10.57093280064   -4.22049988020   -0.13059632118
|1735> NewECP
|1736> N_core 0
|1737> lmax f
|1738> s 1
|1739> 1      1.732000000   14.676000000 2
|1740> p 1
|1741> 1      1.115000000    5.175700000 2
|1742> d 1
|1743> 1      1.203000000   -1.816000000 2
|1744> f 1
|1745> 1      1.000000000    0.000000000 2
|1746> end
|1747> Mg>    2.00000000000  -10.57093205591   -4.22049985838   -0.13059550202
|1748> NewECP
|1749> N_core 0
|1750> lmax f
|1751> s 1
|1752> 1      1.732000000   14.676000000 2
|1753> p 1
|1754> 1      1.115000000    5.175700000 2
|1755> d 1
|1756> 1      1.203000000   -1.816000000 2
|1757> f 1
|1758> 1      1.000000000    0.000000000 2
|1759> end
|1760> Mg>    2.00000000000   -8.44098671436    6.33073338562   -4.36254232956
|1761> NewECP
|1762> N_core 0
|1763> lmax f
|1764> s 1
|1765> 1      1.732000000   14.676000000 2
|1766> p 1
|1767> 1      1.115000000    5.175700000 2
|1768> d 1
|1769> 1      1.203000000   -1.816000000 2
|1770> f 1
|1771> 1      1.000000000    0.000000000 2
|1772> end
|1773> Mg>    2.00000000000   -6.33073995040    8.44098014958   -4.36254232956
|1774> NewECP
|1775> N_core 0
|1776> lmax f
|1777> s 1
|1778> 1      1.732000000   14.676000000 2
|1779> p 1
|1780> 1      1.115000000    5.175700000 2
|1781> d 1
|1782> 1      1.203000000   -1.816000000 2
|1783> f 1
|1784> 1      1.000000000    0.000000000 2
|1785> end
|1786> Mg>    2.00000000000    0.00000034146   10.55122691353   -4.36254232956
|1787> NewECP
|1788> N_core 0
|1789> lmax f
|1790> s 1
|1791> 1      1.732000000   14.676000000 2
|1792> p 1
|1793> 1      1.115000000    5.175700000 2
|1794> d 1
|1795> 1      1.203000000   -1.816000000 2
|1796> f 1
|1797> 1      1.000000000    0.000000000 2
|1798> end
|1799> Mg>    2.00000000000    6.33074063332    8.44098014958   -4.36254232956
|1800> NewECP
|1801> N_core 0
|1802> lmax f
|1803> s 1
|1804> 1      1.732000000   14.676000000 2
|1805> p 1
|1806> 1      1.115000000    5.175700000 2
|1807> d 1
|1808> 1      1.203000000   -1.816000000 2
|1809> f 1
|1810> 1      1.000000000    0.000000000 2
|1811> end
|1812> Mg>    2.00000000000    8.44098739728    6.33073338562   -4.36254232956
|1813> NewECP
|1814> N_core 0
|1815> lmax f
|1816> s 1
|1817> 1      1.732000000   14.676000000 2
|1818> p 1
|1819> 1      1.115000000    5.175700000 2
|1820> d 1
|1821> 1      1.203000000   -1.816000000 2
|1822> f 1
|1823> 1      1.000000000    0.000000000 2
|1824> end
|1825> Mg>    2.00000000000   10.55123416123   -0.00000690624   -4.36254232956
|1826> NewECP
|1827> N_core 0
|1828> lmax f
|1829> s 1
|1830> 1      1.732000000   14.676000000 2
|1831> p 1
|1832> 1      1.115000000    5.175700000 2
|1833> d 1
|1834> 1      1.203000000   -1.816000000 2
|1835> f 1
|1836> 1      1.000000000    0.000000000 2
|1837> end
|1838> Mg>    2.00000000000    8.44098739728   -6.33074719810   -4.36254232956
|1839> NewECP
|1840> N_core 0
|1841> lmax f
|1842> s 1
|1843> 1      1.732000000   14.676000000 2
|1844> p 1
|1845> 1      1.115000000    5.175700000 2
|1846> d 1
|1847> 1      1.203000000   -1.816000000 2
|1848> f 1
|1849> 1      1.000000000    0.000000000 2
|1850> end
|1851> Mg>    2.00000000000    6.33074063332   -8.44099396206   -4.36254232956
|1852> NewECP
|1853> N_core 0
|1854> lmax f
|1855> s 1
|1856> 1      1.732000000   14.676000000 2
|1857> p 1
|1858> 1      1.115000000    5.175700000 2
|1859> d 1
|1860> 1      1.203000000   -1.816000000 2
|1861> f 1
|1862> 1      1.000000000    0.000000000 2
|1863> end
|1864> Mg>    2.00000000000    0.00000034146  -10.55124072601   -4.36254232956
|1865> NewECP
|1866> N_core 0
|1867> lmax f
|1868> s 1
|1869> 1      1.732000000   14.676000000 2
|1870> p 1
|1871> 1      1.115000000    5.175700000 2
|1872> d 1
|1873> 1      1.203000000   -1.816000000 2
|1874> f 1
|1875> 1      1.000000000    0.000000000 2
|1876> end
|1877> Mg>    2.00000000000   -6.33073995040   -8.44099396206   -4.36254232956
|1878> NewECP
|1879> N_core 0
|1880> lmax f
|1881> s 1
|1882> 1      1.732000000   14.676000000 2
|1883> p 1
|1884> 1      1.115000000    5.175700000 2
|1885> d 1
|1886> 1      1.203000000   -1.816000000 2
|1887> f 1
|1888> 1      1.000000000    0.000000000 2
|1889> end
|1890> Mg>    2.00000000000   -8.44098671436   -6.33074719810   -4.36254232956
|1891> NewECP
|1892> N_core 0
|1893> lmax f
|1894> s 1
|1895> 1      1.732000000   14.676000000 2
|1896> p 1
|1897> 1      1.115000000    5.175700000 2
|1898> d 1
|1899> 1      1.203000000   -1.816000000 2
|1900> f 1
|1901> 1      1.000000000    0.000000000 2
|1902> end
|1903> Mg>    2.00000000000  -10.55123347831   -0.00000690624   -4.36254232956
|1904> NewECP
|1905> N_core 0
|1906> lmax f
|1907> s 1
|1908> 1      1.732000000   14.676000000 2
|1909> p 1
|1910> 1      1.115000000    5.175700000 2
|1911> d 1
|1912> 1      1.203000000   -1.816000000 2
|1913> f 1
|1914> 1      1.000000000    0.000000000 2
|1915> end
|1916> Mg>    2.00000000000   -8.44098671436    4.22048662167   -6.47278909352
|1917> NewECP
|1918> N_core 0
|1919> lmax f
|1920> s 1
|1921> 1      1.732000000   14.676000000 2
|1922> p 1
|1923> 1      1.115000000    5.175700000 2
|1924> d 1
|1925> 1      1.203000000   -1.816000000 2
|1926> f 1
|1927> 1      1.000000000    0.000000000 2
|1928> end
|1929> Mg>    2.00000000000   -4.22049318645    8.44098014958   -6.47278909352
|1930> NewECP
|1931> N_core 0
|1932> lmax f
|1933> s 1
|1934> 1      1.732000000   14.676000000 2
|1935> p 1
|1936> 1      1.115000000    5.175700000 2
|1937> d 1
|1938> 1      1.203000000   -1.816000000 2
|1939> f 1
|1940> 1      1.000000000    0.000000000 2
|1941> end
|1942> Mg>    2.00000000000    4.22049386937    8.44098014958   -6.47278909352
|1943> NewECP
|1944> N_core 0
|1945> lmax f
|1946> s 1
|1947> 1      1.732000000   14.676000000 2
|1948> p 1
|1949> 1      1.115000000    5.175700000 2
|1950> d 1
|1951> 1      1.203000000   -1.816000000 2
|1952> f 1
|1953> 1      1.000000000    0.000000000 2
|1954> end
|1955> Mg>    2.00000000000    8.44098739728    4.22048662167   -6.47278909352
|1956> NewECP
|1957> N_core 0
|1958> lmax f
|1959> s 1
|1960> 1      1.732000000   14.676000000 2
|1961> p 1
|1962> 1      1.115000000    5.175700000 2
|1963> d 1
|1964> 1      1.203000000   -1.816000000 2
|1965> f 1
|1966> 1      1.000000000    0.000000000 2
|1967> end
|1968> Mg>    2.00000000000    8.44098739728   -4.22050043415   -6.47278909352
|1969> NewECP
|1970> N_core 0
|1971> lmax f
|1972> s 1
|1973> 1      1.732000000   14.676000000 2
|1974> p 1
|1975> 1      1.115000000    5.175700000 2
|1976> d 1
|1977> 1      1.203000000   -1.816000000 2
|1978> f 1
|1979> 1      1.000000000    0.000000000 2
|1980> end
|1981> Mg>    2.00000000000    4.22049386937   -8.44099396206   -6.47278909352
|1982> NewECP
|1983> N_core 0
|1984> lmax f
|1985> s 1
|1986> 1      1.732000000   14.676000000 2
|1987> p 1
|1988> 1      1.115000000    5.175700000 2
|1989> d 1
|1990> 1      1.203000000   -1.816000000 2
|1991> f 1
|1992> 1      1.000000000    0.000000000 2
|1993> end
|1994> Mg>    2.00000000000   -4.22049318645   -8.44099396206   -6.47278909352
|1995> NewECP
|1996> N_core 0
|1997> lmax f
|1998> s 1
|1999> 1      1.732000000   14.676000000 2
|2000> p 1
|2001> 1      1.115000000    5.175700000 2
|2002> d 1
|2003> 1      1.203000000   -1.816000000 2
|2004> f 1
|2005> 1      1.000000000    0.000000000 2
|2006> end
|2007> Mg>    2.00000000000   -8.44098671436   -4.22050043415   -6.47278909352
|2008> NewECP
|2009> N_core 0
|2010> lmax f
|2011> s 1
|2012> 1      1.732000000   14.676000000 2
|2013> p 1
|2014> 1      1.115000000    5.175700000 2
|2015> d 1
|2016> 1      1.203000000   -1.816000000 2
|2017> f 1
|2018> 1      1.000000000    0.000000000 2
|2019> end
|2020> Mg>    2.00000000000   -8.44098655368    8.44098028023   -2.28878000730
|2021> NewECP
|2022> N_core 0
|2023> lmax f
|2024> s 1
|2025> 1      1.732000000   14.676000000 2
|2026> p 1
|2027> 1      1.115000000    5.175700000 2
|2028> d 1
|2029> 1      1.203000000   -1.816000000 2
|2030> f 1
|2031> 1      1.000000000    0.000000000 2
|2032> end
|2033> Mg>    2.00000000000    8.44098755795    8.44098028023   -2.28878000730
|2034> NewECP
|2035> N_core 0
|2036> lmax f
|2037> s 1
|2038> 1      1.732000000   14.676000000 2
|2039> p 1
|2040> 1      1.115000000    5.175700000 2
|2041> d 1
|2042> 1      1.203000000   -1.816000000 2
|2043> f 1
|2044> 1      1.000000000    0.000000000 2
|2045> end
|2046> Mg>    2.00000000000    8.44098755795   -8.44099383141   -2.28878000730
|2047> NewECP
|2048> N_core 0
|2049> lmax f
|2050> s 1
|2051> 1      1.732000000   14.676000000 2
|2052> p 1
|2053> 1      1.115000000    5.175700000 2
|2054> d 1
|2055> 1      1.203000000   -1.816000000 2
|2056> f 1
|2057> 1      1.000000000    0.000000000 2
|2058> end
|2059> Mg>    2.00000000000   -8.44098655368   -8.44099383141   -2.28878000730
|2060> NewECP
|2061> N_core 0
|2062> lmax f
|2063> s 1
|2064> 1      1.732000000   14.676000000 2
|2065> p 1
|2066> 1      1.115000000    5.175700000 2
|2067> d 1
|2068> 1      1.203000000   -1.816000000 2
|2069> f 1
|2070> 1      1.000000000    0.000000000 2
|2071> end
|2072> Mg>    2.00000000000  -10.55123347831    4.22048662167   -4.36254232956
|2073> NewECP
|2074> N_core 0
|2075> lmax f
|2076> s 1
|2077> 1      1.732000000   14.676000000 2
|2078> p 1
|2079> 1      1.115000000    5.175700000 2
|2080> d 1
|2081> 1      1.203000000   -1.816000000 2
|2082> f 1
|2083> 1      1.000000000    0.000000000 2
|2084> end
|2085> Mg>    2.00000000000   -4.22049318645   10.55122691353   -4.36254232956
|2086> NewECP
|2087> N_core 0
|2088> lmax f
|2089> s 1
|2090> 1      1.732000000   14.676000000 2
|2091> p 1
|2092> 1      1.115000000    5.175700000 2
|2093> d 1
|2094> 1      1.203000000   -1.816000000 2
|2095> f 1
|2096> 1      1.000000000    0.000000000 2
|2097> end
|2098> Mg>    2.00000000000    4.22049386937   10.55122691353   -4.36254232956
|2099> NewECP
|2100> N_core 0
|2101> lmax f
|2102> s 1
|2103> 1      1.732000000   14.676000000 2
|2104> p 1
|2105> 1      1.115000000    5.175700000 2
|2106> d 1
|2107> 1      1.203000000   -1.816000000 2
|2108> f 1
|2109> 1      1.000000000    0.000000000 2
|2110> end
|2111> Mg>    2.00000000000   10.55123416123    4.22048662167   -4.36254232956
|2112> NewECP
|2113> N_core 0
|2114> lmax f
|2115> s 1
|2116> 1      1.732000000   14.676000000 2
|2117> p 1
|2118> 1      1.115000000    5.175700000 2
|2119> d 1
|2120> 1      1.203000000   -1.816000000 2
|2121> f 1
|2122> 1      1.000000000    0.000000000 2
|2123> end
|2124> Mg>    2.00000000000   10.55123416123   -4.22050043415   -4.36254232956
|2125> NewECP
|2126> N_core 0
|2127> lmax f
|2128> s 1
|2129> 1      1.732000000   14.676000000 2
|2130> p 1
|2131> 1      1.115000000    5.175700000 2
|2132> d 1
|2133> 1      1.203000000   -1.816000000 2
|2134> f 1
|2135> 1      1.000000000    0.000000000 2
|2136> end
|2137> Mg>    2.00000000000    4.22049386937  -10.55124072601   -4.36254232956
|2138> NewECP
|2139> N_core 0
|2140> lmax f
|2141> s 1
|2142> 1      1.732000000   14.676000000 2
|2143> p 1
|2144> 1      1.115000000    5.175700000 2
|2145> d 1
|2146> 1      1.203000000   -1.816000000 2
|2147> f 1
|2148> 1      1.000000000    0.000000000 2
|2149> end
|2150> Mg>    2.00000000000   -4.22049318645  -10.55124072601   -4.36254232956
|2151> NewECP
|2152> N_core 0
|2153> lmax f
|2154> s 1
|2155> 1      1.732000000   14.676000000 2
|2156> p 1
|2157> 1      1.115000000    5.175700000 2
|2158> d 1
|2159> 1      1.203000000   -1.816000000 2
|2160> f 1
|2161> 1      1.000000000    0.000000000 2
|2162> end
|2163> Mg>    2.00000000000  -10.55123347831   -4.22050043415   -4.36254232956
|2164> NewECP
|2165> N_core 0
|2166> lmax f
|2167> s 1
|2168> 1      1.732000000   14.676000000 2
|2169> p 1
|2170> 1      1.115000000    5.175700000 2
|2171> d 1
|2172> 1      1.203000000   -1.816000000 2
|2173> f 1
|2174> 1      1.000000000    0.000000000 2
|2175> end
|2176> Mg>    2.00000000000  -10.53401470501    6.32434673731   -2.22405263869
|2177> NewECP
|2178> N_core 0
|2179> lmax f
|2180> s 1
|2181> 1      1.732000000   14.676000000 2
|2182> p 1
|2183> 1      1.115000000    5.175700000 2
|2184> d 1
|2185> 1      1.203000000   -1.816000000 2
|2186> f 1
|2187> 1      1.000000000    0.000000000 2
|2188> end
|2189> Mg>    2.00000000000   10.53401539410    6.32434695632   -2.22405174054
|2190> NewECP
|2191> N_core 0
|2192> lmax f
|2193> s 1
|2194> 1      1.732000000   14.676000000 2
|2195> p 1
|2196> 1      1.115000000    5.175700000 2
|2197> d 1
|2198> 1      1.203000000   -1.816000000 2
|2199> f 1
|2200> 1      1.000000000    0.000000000 2
|2201> end
|2202> Mg>    2.00000000000   10.53401557310   -6.32436069149   -2.22405335119
|2203> NewECP
|2204> N_core 0
|2205> lmax f
|2206> s 1
|2207> 1      1.732000000   14.676000000 2
|2208> p 1
|2209> 1      1.115000000    5.175700000 2
|2210> d 1
|2211> 1      1.203000000   -1.816000000 2
|2212> f 1
|2213> 1      1.000000000    0.000000000 2
|2214> end
|2215> Mg>    2.00000000000  -10.53401489339   -6.32436051061   -2.22405421688
|2216> NewECP
|2217> N_core 0
|2218> lmax f
|2219> s 1
|2220> 1      1.732000000   14.676000000 2
|2221> p 1
|2222> 1      1.115000000    5.175700000 2
|2223> d 1
|2224> 1      1.203000000   -1.816000000 2
|2225> f 1
|2226> 1      1.000000000    0.000000000 2
|2227> end
|2228> Mg>    2.00000000000   -6.34795853853   10.55761342014   -2.22405335119
|2229> NewECP
|2230> N_core 0
|2231> lmax f
|2232> s 1
|2233> 1      1.732000000   14.676000000 2
|2234> p 1
|2235> 1      1.115000000    5.175700000 2
|2236> d 1
|2237> 1      1.203000000   -1.816000000 2
|2238> f 1
|2239> 1      1.000000000    0.000000000 2
|2240> end
|2241> Mg>    2.00000000000    6.34795921824   10.55761360102   -2.22405421688
|2242> NewECP
|2243> N_core 0
|2244> lmax f
|2245> s 1
|2246> 1      1.732000000   14.676000000 2
|2247> p 1
|2248> 1      1.115000000    5.175700000 2
|2249> d 1
|2250> 1      1.203000000   -1.816000000 2
|2251> f 1
|2252> 1      1.000000000    0.000000000 2
|2253> end
|2254> Mg>    2.00000000000    6.34795940663  -10.55762737432   -2.22405263869
|2255> NewECP
|2256> N_core 0
|2257> lmax f
|2258> s 1
|2259> 1      1.732000000   14.676000000 2
|2260> p 1
|2261> 1      1.115000000    5.175700000 2
|2262> d 1
|2263> 1      1.203000000   -1.816000000 2
|2264> f 1
|2265> 1      1.000000000    0.000000000 2
|2266> end
|2267> Mg>    2.00000000000   -6.34795871753  -10.55762715532   -2.22405174054
|2268> NewECP
|2269> N_core 0
|2270> lmax f
|2271> s 1
|2272> 1      1.732000000   14.676000000 2
|2273> p 1
|2274> 1      1.115000000    5.175700000 2
|2275> d 1
|2276> 1      1.203000000   -1.816000000 2
|2277> f 1
|2278> 1      1.000000000    0.000000000 2
|2279> end
|2280> Mg>    2.00000000000   -2.12994500009   12.66147425325   -0.13059550202
|2281> NewECP
|2282> N_core 0
|2283> lmax f
|2284> s 1
|2285> 1      1.732000000   14.676000000 2
|2286> p 1
|2287> 1      1.115000000    5.175700000 2
|2288> d 1
|2289> 1      1.203000000   -1.816000000 2
|2290> f 1
|2291> 1      1.000000000    0.000000000 2
|2292> end
|2293> Mg>    2.00000000000    2.12994574482   12.66147423143   -0.13059632118
|2294> NewECP
|2295> N_core 0
|2296> lmax f
|2297> s 1
|2298> 1      1.732000000   14.676000000 2
|2299> p 1
|2300> 1      1.115000000    5.175700000 2
|2301> d 1
|2302> 1      1.203000000   -1.816000000 2
|2303> f 1
|2304> 1      1.000000000    0.000000000 2
|2305> end
|2306> Mg>    2.00000000000    2.12994574482  -12.66148693602   -0.13059632118
|2307> NewECP
|2308> N_core 0
|2309> lmax f
|2310> s 1
|2311> 1      1.732000000   14.676000000 2
|2312> p 1
|2313> 1      1.115000000    5.175700000 2
|2314> d 1
|2315> 1      1.203000000   -1.816000000 2
|2316> f 1
|2317> 1      1.000000000    0.000000000 2
|2318> end
|2319> Mg>    2.00000000000   -2.12994500009  -12.66148691420   -0.13059550202
|2320> NewECP
|2321> N_core 0
|2322> lmax f
|2323> s 1
|2324> 1      1.732000000   14.676000000 2
|2325> p 1
|2326> 1      1.115000000    5.175700000 2
|2327> d 1
|2328> 1      1.203000000   -1.816000000 2
|2329> f 1
|2330> 1      1.000000000    0.000000000 2
|2331> end
|2332> Mg>    2.00000000000  -12.66148005718    2.12974862664   -0.13880259387
|2333> NewECP
|2334> N_core 0
|2335> lmax f
|2336> s 1
|2337> 1      1.732000000   14.676000000 2
|2338> p 1
|2339> 1      1.115000000    5.175700000 2
|2340> d 1
|2341> 1      1.203000000   -1.816000000 2
|2342> f 1
|2343> 1      1.000000000    0.000000000 2
|2344> end
|2345> Mg>    2.00000000000   12.66148111027    2.12974862664   -0.13880259387
|2346> NewECP
|2347> N_core 0
|2348> lmax f
|2349> s 1
|2350> 1      1.732000000   14.676000000 2
|2351> p 1
|2352> 1      1.115000000    5.175700000 2
|2353> d 1
|2354> 1      1.203000000   -1.816000000 2
|2355> f 1
|2356> 1      1.000000000    0.000000000 2
|2357> end
|2358> Mg>    2.00000000000   12.66148110034   -2.12976230074   -0.13880142246
|2359> NewECP
|2360> N_core 0
|2361> lmax f
|2362> s 1
|2363> 1      1.732000000   14.676000000 2
|2364> p 1
|2365> 1      1.115000000    5.175700000 2
|2366> d 1
|2367> 1      1.203000000   -1.816000000 2
|2368> f 1
|2369> 1      1.000000000    0.000000000 2
|2370> end
|2371> Mg>    2.00000000000  -12.66148006711   -2.12976230074   -0.13880142246
|2372> NewECP
|2373> N_core 0
|2374> lmax f
|2375> s 1
|2376> 1      1.732000000   14.676000000 2
|2377> p 1
|2378> 1      1.115000000    5.175700000 2
|2379> d 1
|2380> 1      1.203000000   -1.816000000 2
|2381> f 1
|2382> 1      1.000000000    0.000000000 2
|2383> end
|2384> Mg>    2.00000000000    0.00000027652   12.66147397244   -2.21655080350
|2385> NewECP
|2386> N_core 0
|2387> lmax f
|2388> s 1
|2389> 1      1.732000000   14.676000000 2
|2390> p 1
|2391> 1      1.115000000    5.175700000 2
|2392> d 1
|2393> 1      1.203000000   -1.816000000 2
|2394> f 1
|2395> 1      1.000000000    0.000000000 2
|2396> end
|2397> Mg>    2.00000000000    0.00000027652  -12.66148719502   -2.21655080350
|2398> NewECP
|2399> N_core 0
|2400> lmax f
|2401> s 1
|2402> 1      1.732000000   14.676000000 2
|2403> p 1
|2404> 1      1.115000000    5.175700000 2
|2405> d 1
|2406> 1      1.203000000   -1.816000000 2
|2407> f 1
|2408> 1      1.000000000    0.000000000 2
|2409> end
|2410> Mg>    2.00000000000   12.66148071539   -0.00000736005   -2.26509025484
|2411> NewECP
|2412> N_core 0
|2413> lmax f
|2414> s 1
|2415> 1      1.732000000   14.676000000 2
|2416> p 1
|2417> 1      1.115000000    5.175700000 2
|2418> d 1
|2419> 1      1.203000000   -1.816000000 2
|2420> f 1
|2421> 1      1.000000000    0.000000000 2
|2422> end
|2423> Mg>    2.00000000000  -12.66148045206   -0.00000736005   -2.26509025484
|2424> NewECP
|2425> N_core 0
|2426> lmax f
|2427> s 1
|2428> 1      1.732000000   14.676000000 2
|2429> p 1
|2430> 1      1.115000000    5.175700000 2
|2431> d 1
|2432> 1      1.203000000   -1.816000000 2
|2433> f 1
|2434> 1      1.000000000    0.000000000 2
|2435> end
|2436> end
|2437> end
|2438>  
|2439> 
|2440>                          ****END OF INPUT****
================================================================================
----------------
TOTAL SCF ENERGY
----------------

Total Energy       :     -13975.62196601406140 Eh         -380296.00757 eV

Components:
Nuclear Repulsion  :      41707.01939352841873 Eh         1134905.69519 eV
Electronic Energy  :     -55682.67338893577835 Eh        -1515202.57432 eV
One Electron Energy:    -104493.92195575953519 Eh        -2843424.17331 eV
Two Electron Energy:      48811.24856682375685 Eh         1328221.59898 eV

Virial components:
Potential Energy   :     -25482.53455156947894 Eh         -693415.01769 eV
Kinetic Energy     :      11506.91258555541572 Eh          313119.01012 eV
Virial Ratio       :          2.21454142126339

--------------------Output has been truncated-------------------------


--------------------Output has been truncated-------------------------


--------------------Output has been truncated-------------------------


--------------------Output has been truncated-------------------------


--------------------Output has been truncated-------------------------


--------------------Output has been truncated-------------------------


--------------------Output has been truncated-------------------------


--------------------Output has been truncated-------------------------


--------------------Output has been truncated-------------------------


--------------------Output has been truncated-------------------------



                                 *****************
                                 * O   R   C   A *
DIIS solution               ....      35.129 sec  (  1.6%)
SOSCF solution              ....       3.278 sec  (  0.2%)
Finished LeanSCF after 2162.9 sec

Maximum memory used throughout the entire LEANSCF-calculation: 415.8 MB

-------------------------   --------------------
FINAL SINGLE POINT ENERGY    -13975.621966014061
-------------------------   --------------------
TOTAL RUN TIME: 0 days 0 hours 37 minutes 22 seconds 305 msec
