 **********************************************************************
                          MRCC program system
 **********************************************************************
 
                              Written by
     Mihaly Kallay, Peter R. Nagy, David Mester, Laszlo Gyevi-Nagy,
        Jozsef Csoka, P. Bernat Szabo, Zoltan Rolik, Gyula Samu,
     Jozsef Csontos, Bence Hegely, Adam Ganyecz, Istvan Ladjanszki,
       Lorant Szegedy, Bence Ladoczki, Klara Petrov, Mate Farkas,
                    Pal D. Mezei, and Reka A. Horvath
 
        Department of Physical Chemistry and Materials Science
            Budapest University of Technology and Economics
                  Budapest P.O.Box 91, H-1521 Hungary
 
                              www.mrcc.hu
 
                      Release date: March 18, 2022

 ************************ 2024-02-06 13:43:57 *************************
 Executing minp...

 Reading input from MINP...
 
 Input file:
 
calc=FNO-CCSD(T)
verbosity=3
mem=220GB
unit=angs
scfiguess=small
scfalg=locfit1
ccmaxit=400
ccsdalg=dfdirect
ccsdthreads=4
ccsdmkl=thr
ptthreads=4
lnoepsv=1e-5
naf_cor=1e-2
basis=aug-cc-pVQZ
basis_sm=def2-SVP
dfbasis_scf=def2-QZVPP-RI-JK
dfbasis_cor=aug-cc-pVQZ-RI
unit=angs
geom=xyz
12

H     6.99490617     7.23756519    16.25105594
H     5.55295574     6.60195460    16.39048342
O     6.47170340     6.40747381    16.13767208
H     9.87775989     5.47134921    16.26958622
H    11.33605388     6.06979352    16.39129416
O    10.42212875     6.28582631    16.13893456
H     7.56610137     4.92473053    16.26136841
H     8.17879292     3.47745490    16.43766050
O     8.38265406     4.38043644    16.14137534
H     9.33709402     7.82450804    16.25810800
H     8.70116862     9.27305031    16.31724160
O     8.50366513     8.33839294    16.13199788

--------------------Output has been truncated-------------------------


--------------------Output has been truncated-------------------------


--------------------Output has been truncated-------------------------


--------------------Output has been truncated-------------------------


--------------------Output has been truncated-------------------------


--------------------Output has been truncated-------------------------


--------------------Output has been truncated-------------------------


--------------------Output has been truncated-------------------------


--------------------Output has been truncated-------------------------


--------------------Output has been truncated-------------------------


 
 Reference energy [au]:                       -76.063144205363
 DF-MP2 singlet pair energy [au]:              -0.220137409644
 DF-MP2 triplet pair energy [au]:              -0.067588184449
 DF-SCS-MP2 correlation energy [au]:           -0.286694286389
 DF-SCS-MP2 energy [au]:                      -76.349838491752
 DF-SOS-MP2 correlation energy [au]:           -0.286178632537
 DF-SOS-MP2 energy [au]:                      -76.349322837899
 DF-MP2 correlation energy [au]:               -0.287725594093
 DF-MP2 energy [au]:                          -76.350869799456

 Results in FNO basis:
 
 
 Reference energy [au]:                       -76.063144205363
 DF-MP2 singlet pair energy [au]:              -0.218218302816
 DF-MP2 triplet pair energy [au]:              -0.067468866678
 DF-SCS-MP2 correlation energy [au]:           -0.284351585605
 DF-SCS-MP2 energy [au]:                      -76.347495790968
 DF-SOS-MP2 correlation energy [au]:           -0.283683793661
 DF-SOS-MP2 energy [au]:                      -76.346827999023
 DF-MP2 correlation energy [au]:               -0.285687169494
 DF-MP2 energy [au]:                          -76.348831374857

 Results in NAF basis:
 
 
 Reference energy [au]:                       -76.063144205363
 DF-MP2 singlet pair energy [au]:              -0.218206789812
 DF-MP2 triplet pair energy [au]:              -0.067473933240
 DF-SCS-MP2 correlation energy [au]:           -0.284339458854
 DF-SCS-MP2 energy [au]:                      -76.347483664217
 DF-SOS-MP2 correlation energy [au]:           -0.283668826755
 DF-SOS-MP2 energy [au]:                      -76.346813032118
 DF-MP2 correlation energy [au]:               -0.285680723052
 DF-MP2 energy [au]:                          -76.348824928414

 ************************ 2024-02-06 13:45:16 *************************
 Executing ccsd...

 Allocation of 220.0 Gbytes of memory...

 Direct DF-CCSD(T) calculation
 
 Convergence criterion:  1.0E-06
 
 Number of occupied/virtual/auxiliary orbitals:     4    84   247
     93.56 MB is the minimal memory requirement for (T)
     24.41 MB is the minimal memory requirement for CCSD
 
 Reference energy [au]:             -76.063144205363
 T1 contribution [au]:                0.000000000000
 Same spin MP2 energy [au]:          -0.067471398376
 Opposite spin MP2 energy [au]:      -0.218212543097
 MP2 correlation energy [au]:        -0.285683941472
 Total MP2 energy [au]:             -76.348828146835
 MP2 correction [au]:                -0.002041652621
 
 
 CPU time [min]:     0.153                   Wall time [min]:     0.007
 
 Starting CCSD iterations...
 
                     Residual norm          Energy
 Iteration  1        0.170303440939      -76.345390935281
 Iteration  2        0.038077908108      -76.350657098020
 Iteration  3        0.013029136364      -76.351864068869
 Iteration  4        0.002797798597      -76.351741820080
 Iteration  5        0.000865572053      -76.351771820099
 Iteration  6        0.000178182884      -76.351773785160
 Iteration  7        0.000043287433      -76.351773156150
 Iteration  8        0.000012253449      -76.351773091742
 Iteration  9        0.000003043378      -76.351773000254
 
 CCSD iteration has converged in  9 steps.
      220.30 MB memory was utilized by CCSD
 
 T1 diagnostic:      8.995E-03            D1 diagnostic:      1.849E-02
 
 T1 contribution [au]:                                  0.000000000000
 PPL energy contribution [au]:                          0.063204493943
 Scaled PPL energy contribution [au]:                   0.063660036132

 OS-PPL energy contribution [au]:                       0.052982061306
 Scaled OS-PPL energy contribution [au]:                0.053455387569
 SS-PPL energy contribution [au]:                       0.010222432636
 Scaled SS-PPL energy contribution [au]:                0.010239291900

 Opposite spin CCSD energy [au]:                       -0.228995633434
 Same spin CCSD energy [au]:                           -0.059637102273
 CCSD correlation energy [au]:                         -0.288632735707
 CCSD correlation energy + MP2 correction [au]:        -0.290674388328
 CCSD correlation energy + MP2 + PPL corr. [au]:       -0.290218846138
 Total CCSD energy [au]:                              -76.351776941069
 Total CCSD energy + MP2 correction [au]:             -76.353818593690
 Total CCSD energy + MP2 + PPL corr. [au]:            -76.353363051501
 
 CPU time [min]:     0.638                   Wall time [min]:     0.021
 
 Calculation of (T) correction...
 
 
       71.39 MB memory is utilized for (T)

 0%       25%       50%       75%       100%
 |---------|---------|---------|---------| 
 
 (T) correction [au]:                                    -0.009489503731
 (T*) correction [au]:                                   -0.009557320879
 (T+) correction [au]:                                   -0.009556006485
 CCSD(T) correlation energy [au]:                        -0.298122239438
 CCSD(T) correlation energy + MP2 correction [au]:       -0.300163892058
 CCSD(T+) correlation en. + MP2 + PPL corr. [au]:        -0.299774852623
 Total CCSD(T) energy [au]:                             -76.361266444800
 Total CCSD(T) energy + MP2 correction [au]:            -76.363308097421
 Total CCSD(T+) energy + MP2 + PPL corr. [au]:          -76.362919057986
 
 CPU time [min]:     0.805                   Wall time [min]:     0.027
 
 ************************ 2024-02-06 13:45:18 *************************
                      Normal termination of mrcc.
 **********************************************************************
