 **********************************************************************
                          MRCC program system
 **********************************************************************
 
                              Written by
     Mihaly Kallay, Peter R. Nagy, David Mester, Laszlo Gyevi-Nagy,
        Jozsef Csoka, P. Bernat Szabo, Zoltan Rolik, Gyula Samu,
     Jozsef Csontos, Bence Hegely, Adam Ganyecz, Istvan Ladjanszki,
       Lorant Szegedy, Bence Ladoczki, Klara Petrov, Mate Farkas,
                    Pal D. Mezei, and Reka A. Horvath
 
        Department of Physical Chemistry and Materials Science
            Budapest University of Technology and Economics
                  Budapest P.O.Box 91, H-1521 Hungary
 
                              www.mrcc.hu
 
                      Release date: March 18, 2022

 ************************ 2023-02-05 13:17:26 *************************
 Executing minp...

 Reading input from MINP...
 
 Input file:
 
calc=FNO-CCSD(T)
verbosity=3
mem=220GB
unit=angs
scfiguess=small
scfalg=locfit1
ccmaxit=400
ccsdalg=dfdirect
ccsdthreads=4
ccsdmkl=thr
ptthreads=4
lnoepsv=1e-5
naf_cor=1e-2
basis=aug-cc-pVQZ
basis_sm=def2-SVP
dfbasis_scf=def2-QZVPP-RI-JK
dfbasis_cor=aug-cc-pVQZ-RI
unit=angs
geom=xyz
16

C    34.41670262    34.07107264    10.41543014
C    33.11117461    33.45680459    10.91530835
H    34.24160149    35.00442132     9.86225048
H    34.94674030    33.36940783     9.75379242
H    35.10002891    34.30603621    11.24227357
H    32.42643037    33.26105434    10.07939442
H    32.59136835    34.12756100    11.61262818
H    33.28915165    32.50678735    11.43686767
C    45.74245091    44.62250599    10.40840413
C    47.04216650    44.00866602    10.92356358
H    45.21716670    43.91831109     9.74574003
H    45.92449924    45.55346314     9.85293887
H    45.05140676    44.86310997    11.22701403
H    47.73607526    43.81200646    10.09557036
H    46.85792277    43.05914398    11.44395536
H    47.55426425    44.68025716    11.62583355

--------------------Output has been truncated-------------------------


--------------------Output has been truncated-------------------------


--------------------Output has been truncated-------------------------


--------------------Output has been truncated-------------------------


--------------------Output has been truncated-------------------------


--------------------Output has been truncated-------------------------


--------------------Output has been truncated-------------------------


--------------------Output has been truncated-------------------------


--------------------Output has been truncated-------------------------


--------------------Output has been truncated-------------------------


 
 Reference energy [au]:                       -79.264437034607
 DF-MP2 singlet pair energy [au]:              -0.317722283119
 DF-MP2 triplet pair energy [au]:              -0.076906316223
 DF-SCS-MP2 correlation energy [au]:           -0.406902178484
 DF-SCS-MP2 energy [au]:                      -79.671339213091
 DF-SOS-MP2 correlation energy [au]:           -0.413038968055
 DF-SOS-MP2 energy [au]:                      -79.677476002661
 DF-MP2 correlation energy [au]:               -0.394628599343
 DF-MP2 energy [au]:                          -79.659065633949

 Results in FNO basis:
 
 
 Reference energy [au]:                       -79.264437034607
 DF-MP2 singlet pair energy [au]:              -0.312548722716
 DF-MP2 triplet pair energy [au]:              -0.076620435185
 DF-SCS-MP2 correlation energy [au]:           -0.400598612321
 DF-SCS-MP2 energy [au]:                      -79.665035646927
 DF-SOS-MP2 correlation energy [au]:           -0.406313339531
 DF-SOS-MP2 energy [au]:                      -79.670750374137
 DF-MP2 correlation energy [au]:               -0.389169157900
 DF-MP2 energy [au]:                          -79.653606192507

 Results in NAF basis:
 
 
 Reference energy [au]:                       -79.264437034607
 DF-MP2 singlet pair energy [au]:              -0.312527760451
 DF-MP2 triplet pair energy [au]:              -0.076628441672
 DF-SCS-MP2 correlation energy [au]:           -0.400576126432
 DF-SCS-MP2 energy [au]:                      -79.665013161038
 DF-SOS-MP2 correlation energy [au]:           -0.406286088586
 DF-SOS-MP2 energy [au]:                      -79.670723123193
 DF-MP2 correlation energy [au]:               -0.389156202123
 DF-MP2 energy [au]:                          -79.653593236730

 ************************ 2023-02-05 13:18:53 *************************
 Executing ccsd...

 Allocation of 220.0 Gbytes of memory...

 Direct DF-CCSD(T) calculation
 
 Convergence criterion:  1.0E-06
 
 Number of occupied/virtual/auxiliary orbitals:     7   175   551
    851.32 MB is the minimal memory requirement for (T)
    190.43 MB is the minimal memory requirement for CCSD
 
 Reference energy [au]:             -79.264437034607
 T1 contribution [au]:                0.000000000000
 Same spin MP2 energy [au]:          -0.076624435865
 Opposite spin MP2 energy [au]:      -0.312538236876
 MP2 correlation energy [au]:        -0.389162672741
 Total MP2 energy [au]:             -79.653599707348
 MP2 correction [au]:                -0.005465926601
 
 
 CPU time [min]:     0.407                   Wall time [min]:     0.050
 
 Starting CCSD iterations...
 
                     Residual norm          Energy
 Iteration  1        0.179604440382      -79.671512635401
 Iteration  2        0.044511306782      -79.681094797694
 Iteration  3        0.013089807030      -79.682230521846
 Iteration  4        0.002650289465      -79.682237744544
 Iteration  5        0.000560968268      -79.682243609796
 Iteration  6        0.000156931267      -79.682245660649
 Iteration  7        0.000037096195      -79.682245435594
 Iteration  8        0.000009998707      -79.682245799482
 
 CCSD iteration has converged in  8 steps.
     3804.92 MB memory was utilized by CCSD
 
 T1 diagnostic:      8.231E-03            D1 diagnostic:      1.428E-02
 
 T1 contribution [au]:                                  0.000000000000
 PPL energy contribution [au]:                          0.108935352201
 Scaled PPL energy contribution [au]:                   0.110475072976

 OS-PPL energy contribution [au]:                       0.095542147090
 Scaled OS-PPL energy contribution [au]:                0.097137049900
 SS-PPL energy contribution [au]:                       0.013393205111
 Scaled SS-PPL energy contribution [au]:                0.013441282130

 Opposite spin CCSD energy [au]:                       -0.345140083725
 Same spin CCSD energy [au]:                           -0.072676433988
 CCSD correlation energy [au]:                         -0.417816517714
 CCSD correlation energy + MP2 correction [au]:        -0.423282444315
 CCSD correlation energy + MP2 + PPL corr. [au]:       -0.421742723540
 Total CCSD energy [au]:                              -79.682253552320
 Total CCSD energy + MP2 correction [au]:             -79.687719478921
 Total CCSD energy + MP2 + PPL corr. [au]:            -79.686179758146
 
 CPU time [min]:     6.441                   Wall time [min]:     0.236
 
 Calculation of (T) correction...
 
 
      783.34 MB memory is utilized for (T)

 0%       25%       50%       75%       100%
 |---------|---------|---------|---------| 
 
 (T) correction [au]:                                    -0.014762650134
 (T*) correction [au]:                                   -0.014969996747
 (T+) correction [au]:                                   -0.014966465318
 CCSD(T) correlation energy [au]:                        -0.432579167848
 CCSD(T) correlation energy + MP2 correction [au]:       -0.438045094449
 CCSD(T+) correlation en. + MP2 + PPL corr. [au]:        -0.436709188857
 Total CCSD(T) energy [au]:                             -79.697016202454
 Total CCSD(T) energy + MP2 correction [au]:            -79.702482129055
 Total CCSD(T+) energy + MP2 + PPL corr. [au]:          -79.701146223464
 
 CPU time [min]:     8.135                   Wall time [min]:     0.292
 
 ************************ 2023-02-05 13:19:10 *************************
                      Normal termination of mrcc.
 **********************************************************************
