 **********************************************************************
                          MRCC program system
 **********************************************************************
 
                              Written by
     Mihaly Kallay, Peter R. Nagy, David Mester, Laszlo Gyevi-Nagy,
        Jozsef Csoka, P. Bernat Szabo, Zoltan Rolik, Gyula Samu,
     Jozsef Csontos, Bence Hegely, Adam Ganyecz, Istvan Ladjanszki,
       Lorant Szegedy, Bence Ladoczki, Klara Petrov, Mate Farkas,
                    Pal D. Mezei, and Reka A. Horvath
 
        Department of Physical Chemistry and Materials Science
            Budapest University of Technology and Economics
                  Budapest P.O.Box 91, H-1521 Hungary
 
                              www.mrcc.hu
 
                      Release date: March 18, 2022

 ************************ 2023-02-04 11:48:58 *************************
 Executing minp...

 Reading input from MINP...
 
 Input file:
 
calc=FNO-CCSD(T)
verbosity=3
mem=220GB
unit=angs
scfiguess=small
scfalg=locfit1
ccmaxit=400
ccsdalg=dfdirect
ccsdthreads=4
ccsdmkl=thr
ptthreads=4
lnoepsv=1e-5
naf_cor=1e-2
basis=aug-cc-pVQZ
basis_sm=def2-SVP
dfbasis_scf=def2-QZVPP-RI-JK
dfbasis_cor=aug-cc-pVQZ-RI
unit=angs
geom=xyz
10

C    29.54344629    29.54344629    16.97505516
H    29.54344670    30.44187631    17.60392580
H    29.54344662    28.64496649    17.60393442
H    30.44658454    29.54342777    16.34911135
H    28.64030918    29.54342779    16.34911130
C    42.20492320    25.32295416    16.97520498
H    41.30202884    25.32293552    16.34891491
H    42.20492357    24.42443359    17.60414260
H    42.20492367    26.22142438    17.60413400
H    43.10781870    25.32293540    16.34891492

--------------------Output has been truncated-------------------------


--------------------Output has been truncated-------------------------


--------------------Output has been truncated-------------------------


--------------------Output has been truncated-------------------------


--------------------Output has been truncated-------------------------


--------------------Output has been truncated-------------------------


--------------------Output has been truncated-------------------------


--------------------Output has been truncated-------------------------


--------------------Output has been truncated-------------------------


--------------------Output has been truncated-------------------------


 
 Reference energy [au]:                       -40.215614176124
 DF-MP2 singlet pair energy [au]:              -0.173752868513
 DF-MP2 triplet pair energy [au]:              -0.037498361333
 DF-SCS-MP2 correlation energy [au]:           -0.221002895993
 DF-SCS-MP2 energy [au]:                      -40.436617072116
 DF-SOS-MP2 correlation energy [au]:           -0.225878729066
 DF-SOS-MP2 energy [au]:                      -40.441492905190
 DF-MP2 correlation energy [au]:               -0.211251229845
 DF-MP2 energy [au]:                          -40.426865405969

 Results in FNO basis:
 
 
 Reference energy [au]:                       -40.215614176124
 DF-MP2 singlet pair energy [au]:              -0.170618202140
 DF-MP2 triplet pair energy [au]:              -0.037357059286
 DF-SCS-MP2 correlation energy [au]:           -0.217194195664
 DF-SCS-MP2 energy [au]:                      -40.432808371787
 DF-SOS-MP2 correlation energy [au]:           -0.221803662782
 DF-SOS-MP2 energy [au]:                      -40.437417838906
 DF-MP2 correlation energy [au]:               -0.207975261427
 DF-MP2 energy [au]:                          -40.423589437550

 Results in NAF basis:
 
 
 Reference energy [au]:                       -40.215614176124
 DF-MP2 singlet pair energy [au]:              -0.170600642744
 DF-MP2 triplet pair energy [au]:              -0.037363751935
 DF-SCS-MP2 correlation energy [au]:           -0.217175355271
 DF-SCS-MP2 energy [au]:                      -40.432789531395
 DF-SOS-MP2 correlation energy [au]:           -0.221780835567
 DF-SOS-MP2 energy [au]:                      -40.437395011691
 DF-MP2 correlation energy [au]:               -0.207964394679
 DF-MP2 energy [au]:                          -40.423578570802

 ************************ 2023-02-04 11:49:33 *************************
 Executing ccsd...

 Allocation of 220.0 Gbytes of memory...

 Direct DF-CCSD(T) calculation
 
 Convergence criterion:  1.0E-06
 
 Number of occupied/virtual/auxiliary orbitals:     4   101   320
    163.36 MB is the minimal memory requirement for (T)
     39.40 MB is the minimal memory requirement for CCSD
 
 Reference energy [au]:             -40.215614176124
 T1 contribution [au]:                0.000000000000
 Same spin MP2 energy [au]:          -0.037360401163
 Opposite spin MP2 energy [au]:      -0.170609412650
 MP2 correlation energy [au]:        -0.207969813813
 Total MP2 energy [au]:             -40.423583989937
 MP2 correction [au]:                -0.003281416032
 
 
 CPU time [min]:     0.177                   Wall time [min]:     0.008
 
 Starting CCSD iterations...
 
                     Residual norm          Energy
 Iteration  1        0.138680873342      -40.436528978591
 Iteration  2        0.035376073922      -40.442052531540
 Iteration  3        0.009771739072      -40.442635252125
 Iteration  4        0.002020926857      -40.442639751244
 Iteration  5        0.000374897565      -40.442646262077
 Iteration  6        0.000084797667      -40.442646138833
 Iteration  7        0.000020223473      -40.442646828862
 Iteration  8        0.000003738677      -40.442646885810
 
 CCSD iteration has converged in  8 steps.
      444.29 MB memory was utilized by CCSD
 
 T1 diagnostic:      7.996E-03            D1 diagnostic:      1.292E-02
 
 T1 contribution [au]:                                  0.000000000000
 PPL energy contribution [au]:                          0.060602209083
 Scaled PPL energy contribution [au]:                   0.061558995727

 OS-PPL energy contribution [au]:                       0.053773712964
 Scaled OS-PPL energy contribution [au]:                0.054766762408
 SS-PPL energy contribution [au]:                       0.006828496119
 Scaled SS-PPL energy contribution [au]:                0.006852794868

 Opposite spin CCSD energy [au]:                       -0.191003423541
 Same spin CCSD energy [au]:                           -0.036036036046
 CCSD correlation energy [au]:                         -0.227039459586
 CCSD correlation energy + MP2 correction [au]:        -0.230320875618
 CCSD correlation energy + MP2 + PPL corr. [au]:       -0.229364088974
 Total CCSD energy [au]:                              -40.442653635710
 Total CCSD energy + MP2 correction [au]:             -40.445935051742
 Total CCSD energy + MP2 + PPL corr. [au]:            -40.444978265098
 
 CPU time [min]:     0.913                   Wall time [min]:     0.029
 
 Calculation of (T) correction...
 
 
      124.68 MB memory is utilized for (T)

 0%       25%       50%       75%       100%
 |---------|---------|---------|---------| 
 
 (T) correction [au]:                                    -0.006941734697
 (T*) correction [au]:                                   -0.007051263667
 (T+) correction [au]:                                   -0.007050856646
 CCSD(T) correlation energy [au]:                        -0.233981194283
 CCSD(T) correlation energy + MP2 correction [au]:       -0.237262610315
 CCSD(T+) correlation en. + MP2 + PPL corr. [au]:        -0.236414945619
 Total CCSD(T) energy [au]:                             -40.449595370407
 Total CCSD(T) energy + MP2 correction [au]:            -40.452876786439
 Total CCSD(T+) energy + MP2 + PPL corr. [au]:          -40.452029121743
 
 CPU time [min]:     0.997                   Wall time [min]:     0.031
 
 ************************ 2023-02-04 11:49:35 *************************
                      Normal termination of mrcc.
 **********************************************************************
