 **********************************************************************
                          MRCC program system
 **********************************************************************
 
                              Written by
     Mihaly Kallay, Peter R. Nagy, David Mester, Laszlo Gyevi-Nagy,
        Jozsef Csoka, P. Bernat Szabo, Zoltan Rolik, Gyula Samu,
     Jozsef Csontos, Bence Hegely, Adam Ganyecz, Istvan Ladjanszki,
       Lorant Szegedy, Bence Ladoczki, Klara Petrov, Mate Farkas,
                    Pal D. Mezei, and Reka A. Horvath
 
        Department of Physical Chemistry and Materials Science
            Budapest University of Technology and Economics
                  Budapest P.O.Box 91, H-1521 Hungary
 
                              www.mrcc.hu
 
                      Release date: March 18, 2022

 ************************ 2023-02-04 11:50:30 *************************
 Executing minp...

 Reading input from MINP...
 
 Input file:
 
calc=FNO-CCSD(T)
verbosity=3
mem=220GB
unit=angs
scfiguess=small
scfalg=locfit1
ccmaxit=400
ccsdalg=dfdirect
ccsdthreads=4
ccsdmkl=thr
ptthreads=4
lnoepsv=1e-5
naf_cor=1e-2
basis=aug-cc-pVQZ
basis_sm=def2-SVP
dfbasis_scf=def2-QZVPP-RI-JK
dfbasis_cor=aug-cc-pVQZ-RI
unit=angs
geom=xyz
10

C    29.54344629    29.54344629    16.97505516
H    29.54344670    30.44187631    17.60392580
H    29.54344662    28.64496649    17.60393442
H    30.44658454    29.54342777    16.34911135
H    28.64030918    29.54342779    16.34911130
C    42.20489259    21.10243009    16.97521401
H    41.30647292    21.10243029    17.60422237
H    42.20491139    22.00521795    16.34882774
H    42.20491137    20.19964331    16.34882693
H    43.10336281    21.10243027    17.60423123

--------------------Output has been truncated-------------------------


--------------------Output has been truncated-------------------------


--------------------Output has been truncated-------------------------


--------------------Output has been truncated-------------------------


--------------------Output has been truncated-------------------------


--------------------Output has been truncated-------------------------


--------------------Output has been truncated-------------------------


--------------------Output has been truncated-------------------------


--------------------Output has been truncated-------------------------


--------------------Output has been truncated-------------------------


 
 Reference energy [au]:                       -80.431231480704
 DF-MP2 singlet pair energy [au]:              -0.347505970992
 DF-MP2 triplet pair energy [au]:              -0.074996602586
 DF-SCS-MP2 correlation energy [au]:           -0.442006032719
 DF-SCS-MP2 energy [au]:                      -80.873237513422
 DF-SOS-MP2 correlation energy [au]:           -0.451757762289
 DF-SOS-MP2 energy [au]:                      -80.882989242993
 DF-MP2 correlation energy [au]:               -0.422502573578
 DF-MP2 energy [au]:                          -80.853734054282

 Results in FNO basis:
 
 
 Reference energy [au]:                       -80.431231480704
 DF-MP2 singlet pair energy [au]:              -0.341236598822
 DF-MP2 triplet pair energy [au]:              -0.074713989744
 DF-SCS-MP2 correlation energy [au]:           -0.434388581834
 DF-SCS-MP2 energy [au]:                      -80.865620062538
 DF-SOS-MP2 correlation energy [au]:           -0.443607578469
 DF-SOS-MP2 energy [au]:                      -80.874839059172
 DF-MP2 correlation energy [au]:               -0.415950588566
 DF-MP2 energy [au]:                          -80.847182069270

 Results in NAF basis:
 
 
 Reference energy [au]:                       -80.431231480704
 DF-MP2 singlet pair energy [au]:              -0.341201563094
 DF-MP2 triplet pair energy [au]:              -0.074727382038
 DF-SCS-MP2 correlation energy [au]:           -0.434351003059
 DF-SCS-MP2 energy [au]:                      -80.865582483762
 DF-SOS-MP2 correlation energy [au]:           -0.443562032022
 DF-SOS-MP2 energy [au]:                      -80.874793512726
 DF-MP2 correlation energy [au]:               -0.415928945132
 DF-MP2 energy [au]:                          -80.847160425836

 ************************ 2023-02-04 11:51:05 *************************
 Executing ccsd...

 Allocation of 220.0 Gbytes of memory...

 Direct DF-CCSD(T) calculation
 
 Convergence criterion:  1.0E-06
 
 Number of occupied/virtual/auxiliary orbitals:     8   202   640
   1312.15 MB is the minimal memory requirement for (T)
    293.11 MB is the minimal memory requirement for CCSD
 
 Reference energy [au]:             -80.431231480704
 T1 contribution [au]:                0.000000000000
 Same spin MP2 energy [au]:          -0.074720677000
 Opposite spin MP2 energy [au]:      -0.341219061420
 MP2 correlation energy [au]:        -0.415939738420
 Total MP2 energy [au]:             -80.847171219123
 MP2 correction [au]:                -0.006562835158
 
 
 CPU time [min]:     0.496                   Wall time [min]:     0.056
 
 Starting CCSD iterations...
 
                     Residual norm          Energy
 Iteration  1        0.196125217048      -80.873061257877
 Iteration  2        0.050029805099      -80.884108508725
 Iteration  3        0.013819619929      -80.885273992447
 Iteration  4        0.002858078087      -80.885282990303
 Iteration  5        0.000530198833      -80.885296012951
 Iteration  6        0.000119925963      -80.885295766447
 Iteration  7        0.000028601595      -80.885297146610
 Iteration  8        0.000005287565      -80.885297260538
 Iteration  9        0.000001125746      -80.885297236581
 
 CCSD iteration has converged in  9 steps.
     6687.81 MB memory was utilized by CCSD
 
 T1 diagnostic:      7.996E-03            D1 diagnostic:      1.292E-02
 
 T1 contribution [au]:                                  0.000000000000
 PPL energy contribution [au]:                          0.121205087121
 Scaled PPL energy contribution [au]:                   0.123118658519

 OS-PPL energy contribution [au]:                       0.107548115644
 Scaled OS-PPL energy contribution [au]:                0.109534212426
 SS-PPL energy contribution [au]:                       0.013656971477
 Scaled SS-PPL energy contribution [au]:                0.013705569491

 Opposite spin CCSD energy [au]:                       -0.382007365112
 Same spin CCSD energy [au]:                           -0.072071840618
 CCSD correlation energy [au]:                         -0.454079205730
 CCSD correlation energy + MP2 correction [au]:        -0.460642040888
 CCSD correlation energy + MP2 + PPL corr. [au]:       -0.458728469490
 Total CCSD energy [au]:                              -80.885310686434
 Total CCSD energy + MP2 correction [au]:             -80.891873521592
 Total CCSD energy + MP2 + PPL corr. [au]:            -80.889959950194
 
 CPU time [min]:    12.924                   Wall time [min]:     0.412
 
 Calculation of (T) correction...
 
 
     1275.43 MB memory is utilized for (T)

 0%       25%       50%       75%       100%
 |---------|---------|---------|---------| 
 
 (T) correction [au]:                                    -0.013883584057
 (T*) correction [au]:                                   -0.014102643851
 (T+) correction [au]:                                   -0.014101828531
 CCSD(T) correlation energy [au]:                        -0.467962789787
 CCSD(T) correlation energy + MP2 correction [au]:       -0.474525624945
 CCSD(T+) correlation en. + MP2 + PPL corr. [au]:        -0.472830298021
 Total CCSD(T) energy [au]:                             -80.899194270491
 Total CCSD(T) energy + MP2 correction [au]:            -80.905757105649
 Total CCSD(T+) energy + MP2 + PPL corr. [au]:          -80.904061778725
 
 CPU time [min]:    16.896                   Wall time [min]:     0.539
 
 ************************ 2023-02-04 11:51:38 *************************
                      Normal termination of mrcc.
 **********************************************************************
