 **********************************************************************
                          MRCC program system
 **********************************************************************
 
                              Written by
     Mihaly Kallay, Peter R. Nagy, David Mester, Laszlo Gyevi-Nagy,
        Jozsef Csoka, P. Bernat Szabo, Zoltan Rolik, Gyula Samu,
     Jozsef Csontos, Bence Hegely, Adam Ganyecz, Istvan Ladjanszki,
       Lorant Szegedy, Bence Ladoczki, Klara Petrov, Mate Farkas,
                    Pal D. Mezei, and Reka A. Horvath
 
        Department of Physical Chemistry and Materials Science
            Budapest University of Technology and Economics
                  Budapest P.O.Box 91, H-1521 Hungary
 
                              www.mrcc.hu
 
                      Release date: March 18, 2022

 ************************ 2024-02-06 13:44:20 *************************
 Executing minp...

 Reading input from MINP...
 
 Input file:
 
calc=FNO-CCSD(T)
verbosity=3
mem=220GB
unit=angs
scfiguess=small
scfalg=locfit1
ccmaxit=400
ccsdalg=dfdirect
ccsdthreads=4
ccsdmkl=thr
ptthreads=4
lnoepsv=1e-5
naf_cor=1e-2
basis=aug-cc-pVQZ
basis_sm=def2-SVP
dfbasis_scf=def2-QZVPP-RI-JK
dfbasis_cor=aug-cc-pVQZ-RI
unit=angs
geom=xyz
12

H     6.99490617     7.23756519    16.25105594
H     5.55295574     6.60195460    16.39048342
O     6.47170340     6.40747381    16.13767208
H     9.87775989     5.47134921    16.26958622
H    11.33605388     6.06979352    16.39129416
O    10.42212875     6.28582631    16.13893456
H     7.56610137     4.92473053    16.26136841
H     8.17879292     3.47745490    16.43766050
O     8.38265406     4.38043644    16.14137534
H     9.33709402     7.82450804    16.25810800
H     8.70116862     9.27305031    16.31724160
O     8.50366513     8.33839294    16.13199788

--------------------Output has been truncated-------------------------


--------------------Output has been truncated-------------------------


--------------------Output has been truncated-------------------------


--------------------Output has been truncated-------------------------


--------------------Output has been truncated-------------------------


--------------------Output has been truncated-------------------------


--------------------Output has been truncated-------------------------


--------------------Output has been truncated-------------------------


--------------------Output has been truncated-------------------------


--------------------Output has been truncated-------------------------


 
 Reference energy [au]:                       -76.063138149473
 DF-MP2 singlet pair energy [au]:              -0.220144805727
 DF-MP2 triplet pair energy [au]:              -0.067586932579
 DF-SCS-MP2 correlation energy [au]:           -0.286702744399
 DF-SCS-MP2 energy [au]:                      -76.349840893872
 DF-SOS-MP2 correlation energy [au]:           -0.286188247445
 DF-SOS-MP2 energy [au]:                      -76.349326396918
 DF-MP2 correlation energy [au]:               -0.287731738306
 DF-MP2 energy [au]:                          -76.350869887779

 Results in FNO basis:
 
 
 Reference energy [au]:                       -76.063138149473
 DF-MP2 singlet pair energy [au]:              -0.218219638655
 DF-MP2 triplet pair energy [au]:              -0.067467314978
 DF-SCS-MP2 correlation energy [au]:           -0.284352671379
 DF-SCS-MP2 energy [au]:                      -76.347490820852
 DF-SOS-MP2 correlation energy [au]:           -0.283685530252
 DF-SOS-MP2 energy [au]:                      -76.346823679725
 DF-MP2 correlation energy [au]:               -0.285686953633
 DF-MP2 energy [au]:                          -76.348825103106

 Results in NAF basis:
 
 
 Reference energy [au]:                       -76.063138149473
 DF-MP2 singlet pair energy [au]:              -0.218208043314
 DF-MP2 triplet pair energy [au]:              -0.067472423864
 DF-SCS-MP2 correlation energy [au]:           -0.284340459931
 DF-SCS-MP2 energy [au]:                      -76.347478609404
 DF-SOS-MP2 correlation energy [au]:           -0.283670456308
 DF-SOS-MP2 energy [au]:                      -76.346808605781
 DF-MP2 correlation energy [au]:               -0.285680467177
 DF-MP2 energy [au]:                          -76.348818616651

 ************************ 2024-02-06 13:45:38 *************************
 Executing ccsd...

 Allocation of 220.0 Gbytes of memory...

 Direct DF-CCSD(T) calculation
 
 Convergence criterion:  1.0E-06
 
 Number of occupied/virtual/auxiliary orbitals:     4    84   247
     93.56 MB is the minimal memory requirement for (T)
     24.41 MB is the minimal memory requirement for CCSD
 
 Reference energy [au]:             -76.063138149473
 T1 contribution [au]:                0.000000000000
 Same spin MP2 energy [au]:          -0.067469867827
 Opposite spin MP2 energy [au]:      -0.218213837761
 MP2 correlation energy [au]:        -0.285683705588
 Total MP2 energy [au]:             -76.348821855061
 MP2 correction [au]:                -0.002048032718
 
 
 CPU time [min]:     0.155                   Wall time [min]:     0.007
 
 Starting CCSD iterations...
 
                     Residual norm          Energy
 Iteration  1        0.170293792527      -76.345386149637
 Iteration  2        0.038072941378      -76.350651063778
 Iteration  3        0.013026045778      -76.351857463947
 Iteration  4        0.002796323371      -76.351735332043
 Iteration  5        0.000865100108      -76.351765307721
 Iteration  6        0.000178113740      -76.351767287345
 Iteration  7        0.000043248213      -76.351766655022
 Iteration  8        0.000012244032      -76.351766590945
 Iteration  9        0.000003043263      -76.351766499765
 
 CCSD iteration has converged in  9 steps.
      220.30 MB memory was utilized by CCSD
 
 T1 diagnostic:      8.992E-03            D1 diagnostic:      1.848E-02
 
 T1 contribution [au]:                                  0.000000000000
 PPL energy contribution [au]:                          0.063202813768
 Scaled PPL energy contribution [au]:                   0.063659736711

 OS-PPL energy contribution [au]:                       0.052980880944
 Scaled OS-PPL energy contribution [au]:                0.053455658100
 SS-PPL energy contribution [au]:                       0.010221932824
 Scaled SS-PPL energy contribution [au]:                0.010238829698

 Opposite spin CCSD energy [au]:                       -0.228995375631
 Same spin CCSD energy [au]:                           -0.059636943152
 CCSD correlation energy [au]:                         -0.288632318783
 CCSD correlation energy + MP2 correction [au]:        -0.290680351502
 CCSD correlation energy + MP2 + PPL corr. [au]:       -0.290223428559
 Total CCSD energy [au]:                              -76.351770468257
 Total CCSD energy + MP2 correction [au]:             -76.353818500975
 Total CCSD energy + MP2 + PPL corr. [au]:            -76.353361578032
 
 CPU time [min]:     0.675                   Wall time [min]:     0.022
 
 Calculation of (T) correction...
 
 
       71.39 MB memory is utilized for (T)

 0%       25%       50%       75%       100%
 |---------|---------|---------|---------| 
 
 (T) correction [au]:                                    -0.009488897664
 (T*) correction [au]:                                   -0.009556922450
 (T+) correction [au]:                                   -0.009555607162
 CCSD(T) correlation energy [au]:                        -0.298121216448
 CCSD(T) correlation energy + MP2 correction [au]:       -0.300169249166
 CCSD(T+) correlation en. + MP2 + PPL corr. [au]:        -0.299779035721
 Total CCSD(T) energy [au]:                             -76.361259365921
 Total CCSD(T) energy + MP2 correction [au]:            -76.363307398639
 Total CCSD(T+) energy + MP2 + PPL corr. [au]:          -76.362917185194
 
 CPU time [min]:     0.768                   Wall time [min]:     0.025
 
 ************************ 2024-02-06 13:45:39 *************************
                      Normal termination of mrcc.
 **********************************************************************
