 **********************************************************************
                          MRCC program system
 **********************************************************************
 
                              Written by
     Mihaly Kallay, Peter R. Nagy, David Mester, Laszlo Gyevi-Nagy,
        Jozsef Csoka, P. Bernat Szabo, Zoltan Rolik, Gyula Samu,
     Jozsef Csontos, Bence Hegely, Adam Ganyecz, Istvan Ladjanszki,
       Lorant Szegedy, Bence Ladoczki, Klara Petrov, Mate Farkas,
                    Pal D. Mezei, and Reka A. Horvath
 
        Department of Physical Chemistry and Materials Science
            Budapest University of Technology and Economics
                  Budapest P.O.Box 91, H-1521 Hungary
 
                              www.mrcc.hu
 
                      Release date: March 18, 2022

 ************************ 2023-02-05 13:16:05 *************************
 Executing minp...

 Reading input from MINP...
 
 Input file:
 
calc=FNO-CCSD(T)
verbosity=3
mem=220GB
unit=angs
scfiguess=small
scfalg=locfit1
ccmaxit=400
ccsdalg=dfdirect
ccsdthreads=4
ccsdmkl=thr
ptthreads=4
lnoepsv=1e-5
naf_cor=1e-2
basis=aug-cc-pVQZ
basis_sm=def2-SVP
dfbasis_scf=def2-QZVPP-RI-JK
dfbasis_cor=aug-cc-pVQZ-RI
unit=angs
geom=xyz
16

C    34.41670262    34.07107264    10.41543014
C    33.11117461    33.45680459    10.91530835
H    34.24160149    35.00442132     9.86225048
H    34.94674030    33.36940783     9.75379242
H    35.10002891    34.30603621    11.24227357
H    32.42643037    33.26105434    10.07939442
H    32.59136835    34.12756100    11.61262818
H    33.28915165    32.50678735    11.43686767
C    42.85770499    29.85060628    10.41548088
C    41.55214767    29.23631074    10.91529140
H    42.68250243    30.78404540     9.86250154
H    43.38767744    29.14873389     9.75399090
H    43.54128776    30.08569049    11.24209422
H    40.86727325    29.04041272    10.07951373
H    41.03231026    29.90724332    11.61243196
H    41.73020928    28.28620799    11.43663402

--------------------Output has been truncated-------------------------


--------------------Output has been truncated-------------------------


--------------------Output has been truncated-------------------------


--------------------Output has been truncated-------------------------


--------------------Output has been truncated-------------------------


--------------------Output has been truncated-------------------------


--------------------Output has been truncated-------------------------


--------------------Output has been truncated-------------------------


--------------------Output has been truncated-------------------------


--------------------Output has been truncated-------------------------


 
 Reference energy [au]:                       -79.264437215583
 DF-MP2 singlet pair energy [au]:              -0.317722968295
 DF-MP2 triplet pair energy [au]:              -0.076906387341
 DF-SCS-MP2 correlation energy [au]:           -0.406903024401
 DF-SCS-MP2 energy [au]:                      -79.671340239984
 DF-SOS-MP2 correlation energy [au]:           -0.413039858783
 DF-SOS-MP2 energy [au]:                      -79.677477074367
 DF-MP2 correlation energy [au]:               -0.394629355635
 DF-MP2 energy [au]:                          -79.659066571219

 Results in FNO basis:
 
 
 Reference energy [au]:                       -79.264437215583
 DF-MP2 singlet pair energy [au]:              -0.312549025057
 DF-MP2 triplet pair energy [au]:              -0.076620477041
 DF-SCS-MP2 correlation energy [au]:           -0.400598989083
 DF-SCS-MP2 energy [au]:                      -79.665036204666
 DF-SOS-MP2 correlation energy [au]:           -0.406313732575
 DF-SOS-MP2 energy [au]:                      -79.670750948158
 DF-MP2 correlation energy [au]:               -0.389169502099
 DF-MP2 energy [au]:                          -79.653606717682

 Results in NAF basis:
 
 
 Reference energy [au]:                       -79.264437215583
 DF-MP2 singlet pair energy [au]:              -0.312528063442
 DF-MP2 triplet pair energy [au]:              -0.076628484331
 DF-SCS-MP2 correlation energy [au]:           -0.400576504241
 DF-SCS-MP2 energy [au]:                      -79.665013719825
 DF-SOS-MP2 correlation energy [au]:           -0.406286482475
 DF-SOS-MP2 energy [au]:                      -79.670723698059
 DF-MP2 correlation energy [au]:               -0.389156547773
 DF-MP2 energy [au]:                          -79.653593763357

 ************************ 2023-02-05 13:17:45 *************************
 Executing ccsd...

 Allocation of 220.0 Gbytes of memory...

 Direct DF-CCSD(T) calculation
 
 Convergence criterion:  1.0E-06
 
 Number of occupied/virtual/auxiliary orbitals:     7   175   551
    851.32 MB is the minimal memory requirement for (T)
    190.43 MB is the minimal memory requirement for CCSD
 
 Reference energy [au]:             -79.264437215583
 T1 contribution [au]:                0.000000000000
 Same spin MP2 energy [au]:          -0.076624478123
 Opposite spin MP2 energy [au]:      -0.312538539543
 MP2 correlation energy [au]:        -0.389163017666
 Total MP2 energy [au]:             -79.653600233249
 MP2 correction [au]:                -0.005466337969
 
 
 CPU time [min]:     0.400                   Wall time [min]:     0.050
 
 Starting CCSD iterations...
 
                     Residual norm          Energy
 Iteration  1        0.179604512474      -79.671513115792
 Iteration  2        0.044511357808      -79.681095278000
 Iteration  3        0.013089841765      -79.682231007375
 Iteration  4        0.002650290809      -79.682238230109
 Iteration  5        0.000560968540      -79.682244095443
 Iteration  6        0.000156931291      -79.682246146319
 Iteration  7        0.000037096117      -79.682245921262
 Iteration  8        0.000009998696      -79.682246285152
 
 CCSD iteration has converged in  8 steps.
     3804.92 MB memory was utilized by CCSD
 
 T1 diagnostic:      8.231E-03            D1 diagnostic:      1.428E-02
 
 T1 contribution [au]:                                  0.000000000000
 PPL energy contribution [au]:                          0.108935533019
 Scaled PPL energy contribution [au]:                   0.110475369576

 OS-PPL energy contribution [au]:                       0.095542312342
 Scaled OS-PPL energy contribution [au]:                0.097137332681
 SS-PPL energy contribution [au]:                       0.013393220677
 Scaled SS-PPL energy contribution [au]:                0.013441302624

 Opposite spin CCSD energy [au]:                       -0.345140346079
 Same spin CCSD energy [au]:                           -0.072676475604
 CCSD correlation energy [au]:                         -0.417816821683
 CCSD correlation energy + MP2 correction [au]:        -0.423283159653
 CCSD correlation energy + MP2 + PPL corr. [au]:       -0.421743323096
 Total CCSD energy [au]:                              -79.682254037267
 Total CCSD energy + MP2 correction [au]:             -79.687720375236
 Total CCSD energy + MP2 + PPL corr. [au]:            -79.686180538679
 
 CPU time [min]:     6.446                   Wall time [min]:     0.235
 
 Calculation of (T) correction...
 
 
      783.34 MB memory is utilized for (T)

 0%       25%       50%       75%       100%
 |---------|---------|---------|---------| 
 
 (T) correction [au]:                                    -0.014762680192
 (T*) correction [au]:                                   -0.014970042648
 (T+) correction [au]:                                   -0.014966510972
 CCSD(T) correlation energy [au]:                        -0.432579501875
 CCSD(T) correlation energy + MP2 correction [au]:       -0.438045839845
 CCSD(T+) correlation en. + MP2 + PPL corr. [au]:        -0.436709834068
 Total CCSD(T) energy [au]:                             -79.697016717459
 Total CCSD(T) energy + MP2 correction [au]:            -79.702483055428
 Total CCSD(T+) energy + MP2 + PPL corr. [au]:          -79.701147049651
 
 CPU time [min]:     8.168                   Wall time [min]:     0.292
 
 ************************ 2023-02-05 13:18:03 *************************
                      Normal termination of mrcc.
 **********************************************************************
