 **********************************************************************
                          MRCC program system
 **********************************************************************
 
                              Written by
     Mihaly Kallay, Peter R. Nagy, David Mester, Laszlo Gyevi-Nagy,
        Jozsef Csoka, P. Bernat Szabo, Zoltan Rolik, Gyula Samu,
     Jozsef Csontos, Bence Hegely, Adam Ganyecz, Istvan Ladjanszki,
       Lorant Szegedy, Bence Ladoczki, Klara Petrov, Mate Farkas,
                    Pal D. Mezei, and Reka A. Horvath
 
        Department of Physical Chemistry and Materials Science
            Budapest University of Technology and Economics
                  Budapest P.O.Box 91, H-1521 Hungary
 
                              www.mrcc.hu
 
                      Release date: March 18, 2022

 ************************ 2023-02-04 11:46:27 *************************
 Executing minp...

 Reading input from MINP...
 
 Input file:
 
calc=FNO-CCSD(T)
verbosity=3
mem=220GB
unit=angs
scfiguess=small
scfalg=locfit1
ccmaxit=400
ccsdalg=dfdirect
ccsdthreads=4
ccsdmkl=thr
ptthreads=4
lnoepsv=1e-5
naf_cor=1e-2
basis=aug-cc-pVTZ
basis_sm=def2-SVP
dfbasis_scf=def2-QZVPP-RI-JK
dfbasis_cor=aug-cc-pVTZ-RI
unit=angs
geom=xyz
10

C    29.54344629    29.54344629    16.97505516
H    29.54344670    30.44187631    17.60392580
H    29.54344662    28.64496649    17.60393442
H    30.44658454    29.54342777    16.34911135
H    28.64030918    29.54342779    16.34911130
C    37.98440048    16.88193772    16.97524142
H    37.08590860    16.88193796    17.60416815
H    38.88294233    16.88193792    17.60417697
H    37.98441903    15.97913951    16.34882759
H    37.98441909    17.78473706    16.34882843

--------------------Output has been truncated-------------------------


--------------------Output has been truncated-------------------------


--------------------Output has been truncated-------------------------


--------------------Output has been truncated-------------------------


--------------------Output has been truncated-------------------------


--------------------Output has been truncated-------------------------


--------------------Output has been truncated-------------------------


--------------------Output has been truncated-------------------------


--------------------Output has been truncated-------------------------


--------------------Output has been truncated-------------------------


 
 Reference energy [au]:                       -40.213015306168
 DF-MP2 singlet pair energy [au]:              -0.164419545170
 DF-MP2 triplet pair energy [au]:              -0.036594239946
 DF-SCS-MP2 correlation energy [au]:           -0.209501534186
 DF-SCS-MP2 energy [au]:                      -40.422516840354
 DF-SOS-MP2 correlation energy [au]:           -0.213745408721
 DF-SOS-MP2 energy [au]:                      -40.426760714889
 DF-MP2 correlation energy [au]:               -0.201013785116
 DF-MP2 energy [au]:                          -40.414029091284

 Results in FNO basis:
 
 
 Reference energy [au]:                       -40.213015306168
 DF-MP2 singlet pair energy [au]:              -0.163769261270
 DF-MP2 triplet pair energy [au]:              -0.036550481577
 DF-SCS-MP2 correlation energy [au]:           -0.208706607383
 DF-SCS-MP2 energy [au]:                      -40.421721913551
 DF-SOS-MP2 correlation energy [au]:           -0.212900039650
 DF-SOS-MP2 energy [au]:                      -40.425915345819
 DF-MP2 correlation energy [au]:               -0.200319742847
 DF-MP2 energy [au]:                          -40.413335049015

 Results in NAF basis:
 
 
 Reference energy [au]:                       -40.213015306168
 DF-MP2 singlet pair energy [au]:              -0.163734981778
 DF-MP2 triplet pair energy [au]:              -0.036569761314
 DF-SCS-MP2 correlation energy [au]:           -0.208671898571
 DF-SCS-MP2 energy [au]:                      -40.421687204740
 DF-SOS-MP2 correlation energy [au]:           -0.212855476311
 DF-SOS-MP2 energy [au]:                      -40.425870782480
 DF-MP2 correlation energy [au]:               -0.200304743092
 DF-MP2 energy [au]:                          -40.413320049260

 ************************ 2023-02-04 11:46:43 *************************
 Executing ccsd...

 Allocation of 220.0 Gbytes of memory...

 Direct DF-CCSD(T) calculation
 
 Convergence criterion:  1.0E-06
 
 Number of occupied/virtual/auxiliary orbitals:     4    83   221
     89.04 MB is the minimal memory requirement for (T)
     22.38 MB is the minimal memory requirement for CCSD
 
 Reference energy [au]:             -40.213015306168
 T1 contribution [au]:                0.000000000000
 Same spin MP2 energy [au]:          -0.036560094064
 Opposite spin MP2 energy [au]:      -0.163752039985
 MP2 correlation energy [au]:        -0.200312134049
 Total MP2 energy [au]:             -40.413327440217
 MP2 correction [au]:                -0.000701651067
 
 
 CPU time [min]:     0.059                   Wall time [min]:     0.003
 
 Starting CCSD iterations...
 
                     Residual norm          Energy
 Iteration  1        0.131888978244      -40.427795279074
 Iteration  2        0.033755717631      -40.433318576387
 Iteration  3        0.008182081213      -40.433784780775
 Iteration  4        0.001914000494      -40.433787385946
 Iteration  5        0.000362979129      -40.433794438610
 Iteration  6        0.000073627535      -40.433794571460
 Iteration  7        0.000017731604      -40.433795176875
 Iteration  8        0.000003100587      -40.433795194595
 
 CCSD iteration has converged in  8 steps.
      207.43 MB memory was utilized by CCSD
 
 T1 diagnostic:      7.476E-03            D1 diagnostic:      1.210E-02
 
 T1 contribution [au]:                                  0.000000000000
 PPL energy contribution [au]:                          0.057488470559
 Scaled PPL energy contribution [au]:                   0.057691519233

 OS-PPL energy contribution [au]:                       0.050873495918
 Scaled OS-PPL energy contribution [au]:                0.051085652359
 SS-PPL energy contribution [au]:                       0.006614974642
 Scaled SS-PPL energy contribution [au]:                0.006619538420

 Opposite spin CCSD energy [au]:                       -0.185469477638
 Same spin CCSD energy [au]:                           -0.035321849593
 CCSD correlation energy [au]:                         -0.220791327230
 CCSD correlation energy + MP2 correction [au]:        -0.221492978297
 CCSD correlation energy + MP2 + PPL corr. [au]:       -0.221289929624
 Total CCSD energy [au]:                              -40.433806633399
 Total CCSD energy + MP2 correction [au]:             -40.434508284466
 Total CCSD energy + MP2 + PPL corr. [au]:            -40.434305235793
 
 CPU time [min]:     0.439                   Wall time [min]:     0.015
 
 Calculation of (T) correction...
 
 
       67.65 MB memory is utilized for (T)

 0%       25%       50%       75%       100%
 |---------|---------|---------|---------| 
 
 (T) correction [au]:                                    -0.006568879319
 (T*) correction [au]:                                   -0.006591888714
 (T+) correction [au]:                                   -0.006591908955
 CCSD(T) correlation energy [au]:                        -0.227360206549
 CCSD(T) correlation energy + MP2 correction [au]:       -0.228061857616
 CCSD(T+) correlation en. + MP2 + PPL corr. [au]:        -0.227881838579
 Total CCSD(T) energy [au]:                             -40.440375512717
 Total CCSD(T) energy + MP2 correction [au]:            -40.441077163785
 Total CCSD(T+) energy + MP2 + PPL corr. [au]:          -40.440897144748
 
 CPU time [min]:     0.505                   Wall time [min]:     0.017
 
 ************************ 2023-02-04 11:46:44 *************************
                      Normal termination of mrcc.
 **********************************************************************
