 **********************************************************************
                          MRCC program system
 **********************************************************************
 
                              Written by
     Mihaly Kallay, Peter R. Nagy, David Mester, Laszlo Gyevi-Nagy,
        Jozsef Csoka, P. Bernat Szabo, Zoltan Rolik, Gyula Samu,
     Jozsef Csontos, Bence Hegely, Adam Ganyecz, Istvan Ladjanszki,
       Lorant Szegedy, Bence Ladoczki, Klara Petrov, Mate Farkas,
                    Pal D. Mezei, and Reka A. Horvath
 
        Department of Physical Chemistry and Materials Science
            Budapest University of Technology and Economics
                  Budapest P.O.Box 91, H-1521 Hungary
 
                              www.mrcc.hu
 
                      Release date: March 18, 2022

 ************************ 2023-02-05 13:22:25 *************************
 Executing minp...

 Reading input from MINP...
 
 Input file:
 
calc=FNO-CCSD(T)
verbosity=3
mem=220GB
unit=angs
scfiguess=small
scfalg=locfit1
ccmaxit=400
ccsdalg=dfdirect
ccsdthreads=4
ccsdmkl=thr
ptthreads=4
lnoepsv=1e-5
naf_cor=1e-2
basis=aug-cc-pVQZ
basis_sm=def2-SVP
dfbasis_scf=def2-QZVPP-RI-JK
dfbasis_cor=aug-cc-pVQZ-RI
unit=angs
geom=xyz
16

C    34.41670262    34.07107264    10.41543014
C    33.11117461    33.45680459    10.91530835
H    34.24160149    35.00442132     9.86225048
H    34.94674030    33.36940783     9.75379242
H    35.10002891    34.30603621    11.24227357
H    32.42643037    33.26105434    10.07939442
H    32.59136835    34.12756100    11.61262818
H    33.28915165    32.50678735    11.43686767
C    51.29868965    29.85060628    10.41548088
C    49.99313232    29.23631074    10.91529140
H    51.12348708    30.78404540     9.86250154
H    51.82866209    29.14873389     9.75399090
H    51.98227241    30.08569049    11.24209422
H    49.30825791    29.04041272    10.07951373
H    49.47329492    29.90724332    11.61243196
H    50.17119393    28.28620799    11.43663402

--------------------Output has been truncated-------------------------


--------------------Output has been truncated-------------------------


--------------------Output has been truncated-------------------------


--------------------Output has been truncated-------------------------


--------------------Output has been truncated-------------------------


--------------------Output has been truncated-------------------------


--------------------Output has been truncated-------------------------


--------------------Output has been truncated-------------------------


--------------------Output has been truncated-------------------------


--------------------Output has been truncated-------------------------


 
 Reference energy [au]:                      -158.528871782082
 DF-MP2 singlet pair energy [au]:              -0.635444971958
 DF-MP2 triplet pair energy [au]:              -0.153812782220
 DF-SCS-MP2 correlation energy [au]:           -0.813804893757
 DF-SCS-MP2 energy [au]:                     -159.342676675839
 DF-SOS-MP2 correlation energy [au]:           -0.826078463546
 DF-SOS-MP2 energy [au]:                     -159.354950245628
 DF-MP2 correlation energy [au]:               -0.789257754178
 DF-MP2 energy [au]:                         -159.318129536260

 Results in FNO basis:
 
 
 Reference energy [au]:                      -158.528871782082
 DF-MP2 singlet pair energy [au]:              -0.625097812164
 DF-MP2 triplet pair energy [au]:              -0.153241010338
 DF-SCS-MP2 correlation energy [au]:           -0.801197711376
 DF-SCS-MP2 energy [au]:                     -159.330069493459
 DF-SOS-MP2 correlation energy [au]:           -0.812627155814
 DF-SOS-MP2 energy [au]:                     -159.341498937896
 DF-MP2 correlation energy [au]:               -0.778338822502
 DF-MP2 energy [au]:                         -159.307210604584

 Results in NAF basis:
 
 
 Reference energy [au]:                      -158.528871782082
 DF-MP2 singlet pair energy [au]:              -0.625055900754
 DF-MP2 triplet pair energy [au]:              -0.153257028947
 DF-SCS-MP2 correlation energy [au]:           -0.801152757220
 DF-SCS-MP2 energy [au]:                     -159.330024539302
 DF-SOS-MP2 correlation energy [au]:           -0.812572670980
 DF-SOS-MP2 energy [au]:                     -159.341444453062
 DF-MP2 correlation energy [au]:               -0.778312929701
 DF-MP2 energy [au]:                         -159.307184711783

 ************************ 2023-02-05 13:24:37 *************************
 Executing ccsd...

 Allocation of 220.0 Gbytes of memory...

 Direct DF-CCSD(T) calculation
 
 Convergence criterion:  1.0E-06
 
 Number of occupied/virtual/auxiliary orbitals:    14   350  1102
   6895.51 MB is the minimal memory requirement for (T)
   1574.97 MB is the minimal memory requirement for CCSD
 
 Reference energy [au]:            -158.528871782082
 T1 contribution [au]:                0.000000000000
 Same spin MP2 energy [au]:          -0.153249014519
 Opposite spin MP2 energy [au]:      -0.625076847048
 MP2 correlation energy [au]:        -0.778325861567
 Total MP2 energy [au]:            -159.307197643649
 MP2 correction [au]:                -0.010931892611
 
 
 CPU time [min]:     1.512                   Wall time [min]:     0.459
 
 Starting CCSD iterations...
 
                     Residual norm          Energy
 Iteration  1        0.253997676858     -159.343023454317
 Iteration  2        0.062948060543     -159.362187791822
 Iteration  3        0.018511787133     -159.364459302872
 Iteration  4        0.003748084467     -159.364473754393
 Iteration  5        0.000793336364     -159.364485484950
 Iteration  6        0.000221936418     -159.364489586020
 Iteration  7        0.000052462464     -159.364489135812
 Iteration  8        0.000014140483     -159.364489863550
 Iteration  9        0.000002817392     -159.364489820735
 
 CCSD iteration has converged in  9 steps.
    59039.49 MB memory was utilized by CCSD
 
 T1 diagnostic:      8.231E-03            D1 diagnostic:      1.428E-02
 
 T1 contribution [au]:                                  0.000000000000
 PPL energy contribution [au]:                          0.217871118670
 Scaled PPL energy contribution [au]:                   0.220950569459

 OS-PPL energy contribution [au]:                       0.191084674847
 Scaled OS-PPL energy contribution [au]:                0.194274490227
 SS-PPL energy contribution [au]:                       0.026786443822
 Scaled SS-PPL energy contribution [au]:                0.026882598557

 Opposite spin CCSD energy [au]:                       -0.690280589026
 Same spin CCSD energy [au]:                           -0.145352945975
 CCSD correlation energy [au]:                         -0.835633535001
 CCSD correlation energy + MP2 correction [au]:        -0.846565427612
 CCSD correlation energy + MP2 + PPL corr. [au]:       -0.843485976823
 Total CCSD energy [au]:                             -159.364505317083
 Total CCSD energy + MP2 correction [au]:            -159.375437209695
 Total CCSD energy + MP2 + PPL corr. [au]:           -159.372357758905
 
 CPU time [min]:   153.602                   Wall time [min]:     5.310
 
 Calculation of (T) correction...
 
 
     8828.31 MB memory is utilized for (T)

 0%       25%       50%       75%       100%
 |---------|---------|---------|---------| 
 
 (T) correction [au]:                                    -0.029525440449
 (T*) correction [au]:                                   -0.029940136864
 (T+) correction [au]:                                   -0.029933074323
 CCSD(T) correlation energy [au]:                        -0.865158975450
 CCSD(T) correlation energy + MP2 correction [au]:       -0.876090868061
 CCSD(T+) correlation en. + MP2 + PPL corr. [au]:        -0.873419051146
 Total CCSD(T) energy [au]:                            -159.394030757532
 Total CCSD(T) energy + MP2 correction [au]:           -159.404962650144
 Total CCSD(T+) energy + MP2 + PPL corr. [au]:         -159.402290833228
 
 CPU time [min]:   274.822                   Wall time [min]:     8.937
 
 ************************ 2023-02-05 13:33:34 *************************
                      Normal termination of mrcc.
 **********************************************************************
