 **********************************************************************
                          MRCC program system
 **********************************************************************
 
                              Written by
     Mihaly Kallay, Peter R. Nagy, David Mester, Laszlo Gyevi-Nagy,
        Jozsef Csoka, P. Bernat Szabo, Zoltan Rolik, Gyula Samu,
     Jozsef Csontos, Bence Hegely, Adam Ganyecz, Istvan Ladjanszki,
       Lorant Szegedy, Bence Ladoczki, Klara Petrov, Mate Farkas,
                    Pal D. Mezei, and Reka A. Horvath
 
        Department of Physical Chemistry and Materials Science
            Budapest University of Technology and Economics
                  Budapest P.O.Box 91, H-1521 Hungary
 
                              www.mrcc.hu
 
                      Release date: March 18, 2022

 ************************ 2023-02-05 13:14:47 *************************
 Executing minp...

 Reading input from MINP...
 
 Input file:
 
calc=FNO-CCSD(T)
verbosity=3
mem=220GB
unit=angs
scfiguess=small
scfalg=locfit1
ccmaxit=400
ccsdalg=dfdirect
ccsdthreads=4
ccsdmkl=thr
ptthreads=4
lnoepsv=1e-5
naf_cor=1e-2
basis=aug-cc-pVQZ
basis_sm=def2-SVP
dfbasis_scf=def2-QZVPP-RI-JK
dfbasis_cor=aug-cc-pVQZ-RI
unit=angs
geom=xyz
16

C    34.41670262    34.07107264    10.41543014
C    33.11117461    33.45680459    10.91530835
H    34.24160149    35.00442132     9.86225048
H    34.94674030    33.36940783     9.75379242
H    35.10002891    34.30603621    11.24227357
H    32.42643037    33.26105434    10.07939442
H    32.59136835    34.12756100    11.61262818
H    33.28915165    32.50678735    11.43686767
C    34.41672034    21.40962162    10.41548088
C    33.11116301    20.79532608    10.91529140
H    34.24151778    22.34306075     9.86250154
H    34.94669279    20.70774924     9.75399090
H    35.10030311    21.64470584    11.24209422
H    32.42628860    20.59942806    10.07951373
H    32.59132561    21.46625866    11.61243196
H    33.28922462    19.84522333    11.43663402

--------------------Output has been truncated-------------------------


--------------------Output has been truncated-------------------------


--------------------Output has been truncated-------------------------


--------------------Output has been truncated-------------------------


--------------------Output has been truncated-------------------------


--------------------Output has been truncated-------------------------


--------------------Output has been truncated-------------------------


--------------------Output has been truncated-------------------------


--------------------Output has been truncated-------------------------


--------------------Output has been truncated-------------------------


 
 Reference energy [au]:                      -158.528871813755
 DF-MP2 singlet pair energy [au]:              -0.635446023857
 DF-MP2 triplet pair energy [au]:              -0.153813701830
 DF-SCS-MP2 correlation energy [au]:           -0.813806462572
 DF-SCS-MP2 energy [au]:                     -159.342678276326
 DF-SOS-MP2 correlation energy [au]:           -0.826079831014
 DF-SOS-MP2 energy [au]:                     -159.354951644769
 DF-MP2 correlation energy [au]:               -0.789259725687
 DF-MP2 energy [au]:                         -159.318131539441

 Results in FNO basis:
 
 
 Reference energy [au]:                      -158.528871813755
 DF-MP2 singlet pair energy [au]:              -0.625098608445
 DF-MP2 triplet pair energy [au]:              -0.153241865681
 DF-SCS-MP2 correlation energy [au]:           -0.801198952028
 DF-SCS-MP2 energy [au]:                     -159.330070765783
 DF-SOS-MP2 correlation energy [au]:           -0.812628190979
 DF-SOS-MP2 energy [au]:                     -159.341500004734
 DF-MP2 correlation energy [au]:               -0.778340474126
 DF-MP2 energy [au]:                         -159.307212287881

 Results in NAF basis:
 
 
 Reference energy [au]:                      -158.528871813755
 DF-MP2 singlet pair energy [au]:              -0.625056195338
 DF-MP2 triplet pair energy [au]:              -0.153257904560
 DF-SCS-MP2 correlation energy [au]:           -0.801153402592
 DF-SCS-MP2 energy [au]:                     -159.330025216347
 DF-SOS-MP2 correlation energy [au]:           -0.812573053939
 DF-SOS-MP2 energy [au]:                     -159.341444867694
 DF-MP2 correlation energy [au]:               -0.778314099898
 DF-MP2 energy [au]:                         -159.307185913653

 ************************ 2023-02-05 13:17:14 *************************
 Executing ccsd...

 Allocation of 220.0 Gbytes of memory...

 Direct DF-CCSD(T) calculation
 
 Convergence criterion:  1.0E-06
 
 Number of occupied/virtual/auxiliary orbitals:    14   350  1101
   6894.54 MB is the minimal memory requirement for (T)
   1573.93 MB is the minimal memory requirement for CCSD
 
 Reference energy [au]:            -158.528871813755
 T1 contribution [au]:                0.000000000000
 Same spin MP2 energy [au]:          -0.153249879703
 Opposite spin MP2 energy [au]:      -0.625077391956
 MP2 correlation energy [au]:        -0.778327271659
 Total MP2 energy [au]:            -159.307199085414
 MP2 correction [au]:                -0.010932454027
 
 
 CPU time [min]:     1.647                   Wall time [min]:     0.565
 
 Starting CCSD iterations...
 
                     Residual norm          Energy
 Iteration  1        0.253996066916     -159.343024607565
 Iteration  2        0.062947817568     -159.362188880341
 Iteration  3        0.018511615821     -159.364460353064
 Iteration  4        0.003748066848     -159.364474808084
 Iteration  5        0.000793332899     -159.364486536230
 Iteration  6        0.000221934538     -159.364490637109
 Iteration  7        0.000052461892     -159.364490186935
 Iteration  8        0.000014140434     -159.364490914629
 Iteration  9        0.000002817481     -159.364490871803
 
 CCSD iteration has converged in  9 steps.
    59038.48 MB memory was utilized by CCSD
 
 T1 diagnostic:      8.231E-03            D1 diagnostic:      1.428E-02
 
 T1 contribution [au]:                                  0.000000000000
 PPL energy contribution [au]:                          0.217870668785
 Scaled PPL energy contribution [au]:                   0.220950335000

 OS-PPL energy contribution [au]:                       0.191084188173
 Scaled OS-PPL energy contribution [au]:                0.194274224008
 SS-PPL energy contribution [au]:                       0.026786480612
 Scaled SS-PPL energy contribution [au]:                0.026882642838

 Opposite spin CCSD energy [au]:                       -0.690281040394
 Same spin CCSD energy [au]:                           -0.145353731997
 CCSD correlation energy [au]:                         -0.835634772391
 CCSD correlation energy + MP2 correction [au]:        -0.846567226418
 CCSD correlation energy + MP2 + PPL corr. [au]:       -0.843487560203
 Total CCSD energy [au]:                             -159.364506586146
 Total CCSD energy + MP2 correction [au]:            -159.375439040173
 Total CCSD energy + MP2 + PPL corr. [au]:           -159.372359373958
 
 CPU time [min]:   154.219                   Wall time [min]:     5.428
 
 Calculation of (T) correction...
 
 
     8827.33 MB memory is utilized for (T)

 0%       25%       50%       75%       100%
 |---------|---------|---------|---------| 
 
 (T) correction [au]:                                    -0.029525656833
 (T*) correction [au]:                                   -0.029940376833
 (T+) correction [au]:                                   -0.029933322862
 CCSD(T) correlation energy [au]:                        -0.865160429224
 CCSD(T) correlation energy + MP2 correction [au]:       -0.876092883251
 CCSD(T+) correlation en. + MP2 + PPL corr. [au]:        -0.873420883065
 Total CCSD(T) energy [au]:                            -159.394032242978
 Total CCSD(T) energy + MP2 correction [au]:           -159.404964697006
 Total CCSD(T+) energy + MP2 + PPL corr. [au]:         -159.402292696820
 
 CPU time [min]:   275.845                   Wall time [min]:     9.060
 
 ************************ 2023-02-05 13:26:18 *************************
                      Normal termination of mrcc.
 **********************************************************************
