 **********************************************************************
                          MRCC program system
 **********************************************************************
 
                              Written by
     Mihaly Kallay, Peter R. Nagy, David Mester, Laszlo Gyevi-Nagy,
        Jozsef Csoka, P. Bernat Szabo, Zoltan Rolik, Gyula Samu,
     Jozsef Csontos, Bence Hegely, Adam Ganyecz, Istvan Ladjanszki,
       Lorant Szegedy, Bence Ladoczki, Klara Petrov, Mate Farkas,
                    Pal D. Mezei, and Reka A. Horvath
 
        Department of Physical Chemistry and Materials Science
            Budapest University of Technology and Economics
                  Budapest P.O.Box 91, H-1521 Hungary
 
                              www.mrcc.hu
 
                      Release date: March 18, 2022

 ************************ 2023-02-05 13:15:48 *************************
 Executing minp...

 Reading input from MINP...
 
 Input file:
 
calc=FNO-CCSD(T)
verbosity=3
mem=220GB
unit=angs
scfiguess=small
scfalg=locfit1
ccmaxit=400
ccsdalg=dfdirect
ccsdthreads=4
ccsdmkl=thr
ptthreads=4
lnoepsv=1e-5
naf_cor=1e-2
basis=aug-cc-pVTZ
basis_sm=def2-SVP
dfbasis_scf=def2-QZVPP-RI-JK
dfbasis_cor=aug-cc-pVTZ-RI
unit=angs
geom=xyz
16

C    34.41670262    34.07107264    10.41543014
C    33.11117461    33.45680459    10.91530835
H    34.24160149    35.00442132     9.86225048
H    34.94674030    33.36940783     9.75379242
H    35.10002891    34.30603621    11.24227357
H    32.42643037    33.26105434    10.07939442
H    32.59136835    34.12756100    11.61262818
H    33.28915165    32.50678735    11.43686767
C    42.85770499    29.85060628    10.41548088
C    41.55214767    29.23631074    10.91529140
H    42.68250243    30.78404540     9.86250154
H    43.38767744    29.14873389     9.75399090
H    43.54128776    30.08569049    11.24209422
H    40.86727325    29.04041272    10.07951373
H    41.03231026    29.90724332    11.61243196
H    41.73020928    28.28620799    11.43663402

--------------------Output has been truncated-------------------------


--------------------Output has been truncated-------------------------


--------------------Output has been truncated-------------------------


--------------------Output has been truncated-------------------------


--------------------Output has been truncated-------------------------


--------------------Output has been truncated-------------------------


--------------------Output has been truncated-------------------------


--------------------Output has been truncated-------------------------


--------------------Output has been truncated-------------------------


--------------------Output has been truncated-------------------------


 
 Reference energy [au]:                      -158.519099406554
 DF-MP2 singlet pair energy [au]:              -0.600520463632
 DF-MP2 triplet pair energy [au]:              -0.150070580925
 DF-SCS-MP2 correlation energy [au]:           -0.770648083333
 DF-SCS-MP2 energy [au]:                     -159.289747489887
 DF-SOS-MP2 correlation energy [au]:           -0.780676602721
 DF-SOS-MP2 energy [au]:                     -159.299776009275
 DF-MP2 correlation energy [au]:               -0.750591044556
 DF-MP2 energy [au]:                         -159.269690451110

 Results in FNO basis:
 
 
 Reference energy [au]:                      -158.519099406554
 DF-MP2 singlet pair energy [au]:              -0.598177552862
 DF-MP2 triplet pair energy [au]:              -0.149857453101
 DF-SCS-MP2 correlation energy [au]:           -0.767765547801
 DF-SCS-MP2 energy [au]:                     -159.286864954355
 DF-SOS-MP2 correlation energy [au]:           -0.777630818720
 DF-SOS-MP2 energy [au]:                     -159.296730225274
 DF-MP2 correlation energy [au]:               -0.748035005962
 DF-MP2 energy [au]:                         -159.267134412516

 Results in NAF basis:
 
 
 Reference energy [au]:                      -158.519099406554
 DF-MP2 singlet pair energy [au]:              -0.598057086062
 DF-MP2 triplet pair energy [au]:              -0.149935647091
 DF-SCS-MP2 correlation energy [au]:           -0.767647052304
 DF-SCS-MP2 energy [au]:                     -159.286746458858
 DF-SOS-MP2 correlation energy [au]:           -0.777474211880
 DF-SOS-MP2 energy [au]:                     -159.296573618434
 DF-MP2 correlation energy [au]:               -0.747992733152
 DF-MP2 energy [au]:                         -159.267092139706

 ************************ 2023-02-05 13:16:44 *************************
 Executing ccsd...

 Allocation of 220.0 Gbytes of memory...

 Direct DF-CCSD(T) calculation
 
 Convergence criterion:  1.0E-06
 
 Number of occupied/virtual/auxiliary orbitals:    14   278   756
   3422.71 MB is the minimal memory requirement for (T)
    780.99 MB is the minimal memory requirement for CCSD
 
 Reference energy [au]:            -158.519099406554
 T1 contribution [au]:                0.000000000000
 Same spin MP2 energy [au]:          -0.149896432287
 Opposite spin MP2 energy [au]:      -0.598116978788
 MP2 correlation energy [au]:        -0.748013411075
 Total MP2 energy [au]:            -159.267112817629
 MP2 correction [au]:                -0.002577633481
 
 
 CPU time [min]:     0.909                   Wall time [min]:     0.132
 
 Starting CCSD iterations...
 
                     Residual norm          Energy
 Iteration  1        0.241332695981     -159.308968263332
 Iteration  2        0.060010649393     -159.328098659589
 Iteration  3        0.015967395011     -159.330010166511
 Iteration  4        0.003602650978     -159.330026706776
 Iteration  5        0.000758666961     -159.330037099252
 Iteration  6        0.000215315498     -159.330043248031
 Iteration  7        0.000051261486     -159.330042815757
 Iteration  8        0.000013077252     -159.330043398405
 Iteration  9        0.000002621469     -159.330043346229
 
 CCSD iteration has converged in  9 steps.
    23656.02 MB memory was utilized by CCSD
 
 T1 diagnostic:      7.817E-03            D1 diagnostic:      1.354E-02
 
 T1 contribution [au]:                                  0.000000000000
 PPL energy contribution [au]:                          0.205824562959
 Scaled PPL energy contribution [au]:                   0.206542543987

 OS-PPL energy contribution [au]:                       0.179923846025
 Scaled OS-PPL energy contribution [au]:                0.180666480042
 SS-PPL energy contribution [au]:                       0.025900716934
 Scaled SS-PPL energy contribution [au]:                0.025924456153

 Opposite spin CCSD energy [au]:                       -0.668576044104
 Same spin CCSD energy [au]:                           -0.142404683961
 CCSD correlation energy [au]:                         -0.810980728065
 CCSD correlation energy + MP2 correction [au]:        -0.813558361546
 CCSD correlation energy + MP2 + PPL corr. [au]:       -0.812840380518
 Total CCSD energy [au]:                             -159.330080134619
 Total CCSD energy + MP2 correction [au]:            -159.332657768100
 Total CCSD energy + MP2 + PPL corr. [au]:           -159.331939787072
 
 CPU time [min]:    53.614                   Wall time [min]:     1.786
 
 Calculation of (T) correction...
 
 
     4429.83 MB memory is utilized for (T)

 0%       25%       50%       75%       100%
 |---------|---------|---------|---------| 
 
 (T) correction [au]:                                    -0.027919959316
 (T*) correction [au]:                                   -0.028016170722
 (T+) correction [au]:                                   -0.028014987064
 CCSD(T) correlation energy [au]:                        -0.838900687381
 CCSD(T) correlation energy + MP2 correction [au]:       -0.841478320862
 CCSD(T+) correlation en. + MP2 + PPL corr. [au]:        -0.840855367582
 Total CCSD(T) energy [au]:                            -159.358000093935
 Total CCSD(T) energy + MP2 correction [au]:           -159.360577727416
 Total CCSD(T+) energy + MP2 + PPL corr. [au]:         -159.359954774136
 
 CPU time [min]:   111.523                   Wall time [min]:     3.487
 
 ************************ 2023-02-05 13:20:13 *************************
                      Normal termination of mrcc.
 **********************************************************************
