 **********************************************************************
                          MRCC program system
 **********************************************************************
 
                              Written by
     Mihaly Kallay, Peter R. Nagy, David Mester, Laszlo Gyevi-Nagy,
        Jozsef Csoka, P. Bernat Szabo, Zoltan Rolik, Gyula Samu,
     Jozsef Csontos, Bence Hegely, Adam Ganyecz, Istvan Ladjanszki,
       Lorant Szegedy, Bence Ladoczki, Klara Petrov, Mate Farkas,
                    Pal D. Mezei, and Reka A. Horvath
 
        Department of Physical Chemistry and Materials Science
            Budapest University of Technology and Economics
                  Budapest P.O.Box 91, H-1521 Hungary
 
                              www.mrcc.hu
 
                      Release date: March 18, 2022

 ************************ 2023-02-05 13:12:27 *************************
 Executing minp...

 Reading input from MINP...
 
 Input file:
 
calc=FNO-CCSD(T)
verbosity=3
mem=220GB
unit=angs
scfiguess=small
scfalg=locfit1
ccmaxit=400
ccsdalg=dfdirect
ccsdthreads=4
ccsdmkl=thr
ptthreads=4
lnoepsv=1e-5
naf_cor=1e-2
basis=aug-cc-pVTZ
basis_sm=def2-SVP
dfbasis_scf=def2-QZVPP-RI-JK
dfbasis_cor=aug-cc-pVTZ-RI
unit=angs
geom=xyz
16

C    34.41670262    34.07107264    10.41543014
C    33.11117461    33.45680459    10.91530835
H    34.24160149    35.00442132     9.86225048
H    34.94674030    33.36940783     9.75379242
H    35.10002891    34.30603621    11.24227357
H    32.42643037    33.26105434    10.07939442
H    32.59136835    34.12756100    11.61262818
H    33.28915165    32.50678735    11.43686767
C    34.41670262    50.95304195    10.41543014
C    33.11117461    50.33877390    10.91530835
H    34.24160149    51.88639063     9.86225048
H    34.94674030    50.25137714     9.75379242
H    35.10002891    51.18800552    11.24227357
H    32.42643037    50.14302365    10.07939442
H    32.59136835    51.00953031    11.61262818
H    33.28915165    49.38875666    11.43686767

--------------------Output has been truncated-------------------------


--------------------Output has been truncated-------------------------


--------------------Output has been truncated-------------------------


--------------------Output has been truncated-------------------------


--------------------Output has been truncated-------------------------


--------------------Output has been truncated-------------------------


--------------------Output has been truncated-------------------------


--------------------Output has been truncated-------------------------


--------------------Output has been truncated-------------------------


--------------------Output has been truncated-------------------------


 
 Reference energy [au]:                       -79.259550503415
 DF-MP2 singlet pair energy [au]:              -0.300254289827
 DF-MP2 triplet pair energy [au]:              -0.075031442186
 DF-SCS-MP2 correlation energy [au]:           -0.385315628520
 DF-SCS-MP2 energy [au]:                      -79.644866131935
 DF-SOS-MP2 correlation energy [au]:           -0.390330576775
 DF-SOS-MP2 energy [au]:                      -79.649881080189
 DF-MP2 correlation energy [au]:               -0.375285732012
 DF-MP2 energy [au]:                          -79.634836235427

 Results in FNO basis:
 
 
 Reference energy [au]:                       -79.259550503415
 DF-MP2 singlet pair energy [au]:              -0.299084107684
 DF-MP2 triplet pair energy [au]:              -0.074925176359
 DF-SCS-MP2 correlation energy [au]:           -0.383875988007
 DF-SCS-MP2 energy [au]:                      -79.643426491422
 DF-SOS-MP2 correlation energy [au]:           -0.388809339989
 DF-SOS-MP2 energy [au]:                      -79.648359843404
 DF-MP2 correlation energy [au]:               -0.374009284043
 DF-MP2 energy [au]:                          -79.633559787458

 Results in NAF basis:
 
 
 Reference energy [au]:                       -79.259550503415
 DF-MP2 singlet pair energy [au]:              -0.299023376710
 DF-MP2 triplet pair energy [au]:              -0.074964220829
 DF-SCS-MP2 correlation energy [au]:           -0.383816125661
 DF-SCS-MP2 energy [au]:                      -79.643366629076
 DF-SOS-MP2 correlation energy [au]:           -0.388730389722
 DF-SOS-MP2 energy [au]:                      -79.648280893137
 DF-MP2 correlation energy [au]:               -0.373987597539
 DF-MP2 energy [au]:                          -79.633538100953

 ************************ 2023-02-05 13:12:56 *************************
 Executing ccsd...

 Allocation of 220.0 Gbytes of memory...

 Direct DF-CCSD(T) calculation
 
 Convergence criterion:  1.0E-06
 
 Number of occupied/virtual/auxiliary orbitals:     7   139   378
    421.21 MB is the minimal memory requirement for (T)
     94.89 MB is the minimal memory requirement for CCSD
 
 Reference energy [au]:             -79.259550503415
 T1 contribution [au]:                0.000000000000
 Same spin MP2 energy [au]:          -0.074944639414
 Opposite spin MP2 energy [au]:      -0.299053571381
 MP2 correlation energy [au]:        -0.373998210796
 Total MP2 energy [au]:             -79.633548714210
 MP2 correction [au]:                -0.001287521216
 
 
 CPU time [min]:     0.315                   Wall time [min]:     0.016
 
 Starting CCSD iterations...
 
                     Residual norm          Energy
 Iteration  1        0.170712143902      -79.654477276052
 Iteration  2        0.042453498357      -79.664042193340
 Iteration  3        0.011296535493      -79.664998239356
 Iteration  4        0.002548541572      -79.665006561011
 Iteration  5        0.000536665444      -79.665011767743
 Iteration  6        0.000152292042      -79.665014845375
 Iteration  7        0.000036257618      -79.665014630086
 Iteration  8        0.000009249088      -79.665014921722
 
 CCSD iteration has converged in  8 steps.
     1534.57 MB memory was utilized by CCSD
 
 T1 diagnostic:      7.816E-03            D1 diagnostic:      1.353E-02
 
 T1 contribution [au]:                                  0.000000000000
 PPL energy contribution [au]:                          0.102911446519
 Scaled PPL energy contribution [au]:                   0.103270156144

 OS-PPL energy contribution [au]:                       0.089961249112
 Scaled OS-PPL energy contribution [au]:                0.090332331428
 SS-PPL energy contribution [au]:                       0.012950197407
 Scaled SS-PPL energy contribution [au]:                0.012962024134

 Opposite spin CCSD energy [au]:                       -0.334284073272
 Same spin CCSD energy [au]:                           -0.071199012281
 CCSD correlation energy [au]:                         -0.405483085553
 CCSD correlation energy + MP2 correction [au]:        -0.406770606770
 CCSD correlation energy + MP2 + PPL corr. [au]:       -0.406411897145
 Total CCSD energy [au]:                              -79.665033588968
 Total CCSD energy + MP2 correction [au]:             -79.666321110184
 Total CCSD energy + MP2 + PPL corr. [au]:            -79.665962400560
 
 CPU time [min]:     2.723                   Wall time [min]:     0.087
 
 Calculation of (T) correction...
 
 
      388.93 MB memory is utilized for (T)

 0%       25%       50%       75%       100%
 |---------|---------|---------|---------| 
 
 (T) correction [au]:                                    -0.013958893860
 (T*) correction [au]:                                   -0.014006948560
 (T+) correction [au]:                                   -0.014006366227
 CCSD(T) correlation energy [au]:                        -0.419441979413
 CCSD(T) correlation energy + MP2 correction [au]:       -0.420729500629
 CCSD(T+) correlation en. + MP2 + PPL corr. [au]:        -0.420418263373
 Total CCSD(T) energy [au]:                             -79.678992482828
 Total CCSD(T) energy + MP2 correction [au]:            -79.680280004044
 Total CCSD(T+) energy + MP2 + PPL corr. [au]:          -79.679968766787
 
 CPU time [min]:     3.432                   Wall time [min]:     0.109
 
 ************************ 2023-02-05 13:13:02 *************************
                      Normal termination of mrcc.
 **********************************************************************
