 **********************************************************************
                          MRCC program system
 **********************************************************************
 
                              Written by
     Mihaly Kallay, Peter R. Nagy, David Mester, Laszlo Gyevi-Nagy,
        Jozsef Csoka, P. Bernat Szabo, Zoltan Rolik, Gyula Samu,
     Jozsef Csontos, Bence Hegely, Adam Ganyecz, Istvan Ladjanszki,
       Lorant Szegedy, Bence Ladoczki, Klara Petrov, Mate Farkas,
                    Pal D. Mezei, and Reka A. Horvath
 
        Department of Physical Chemistry and Materials Science
            Budapest University of Technology and Economics
                  Budapest P.O.Box 91, H-1521 Hungary
 
                              www.mrcc.hu
 
                      Release date: March 18, 2022

 ************************ 2023-02-05 13:24:12 *************************
 Executing minp...

 Reading input from MINP...
 
 Input file:
 
calc=FNO-CCSD(T)
verbosity=3
mem=220GB
unit=angs
scfiguess=small
scfalg=locfit1
ccmaxit=400
ccsdalg=dfdirect
ccsdthreads=4
ccsdmkl=thr
ptthreads=4
lnoepsv=1e-5
naf_cor=1e-2
basis=aug-cc-pVQZ
basis_sm=def2-SVP
dfbasis_scf=def2-QZVPP-RI-JK
dfbasis_cor=aug-cc-pVQZ-RI
unit=angs
geom=xyz
16

C    34.41670262    34.07107264    10.41543014
C    33.11117461    33.45680459    10.91530835
H    34.24160149    35.00442132     9.86225048
H    34.94674030    33.36940783     9.75379242
H    35.10002891    34.30603621    11.24227357
H    32.42643037    33.26105434    10.07939442
H    32.59136835    34.12756100    11.61262818
H    33.28915165    32.50678735    11.43686767
C    17.53473331    34.07107264    10.41543014
C    16.22920530    33.45680459    10.91530835
H    17.35963218    35.00442132     9.86225048
H    18.06477099    33.36940783     9.75379242
H    18.21805960    34.30603621    11.24227357
H    15.54446106    33.26105434    10.07939442
H    15.70939904    34.12756100    11.61262818
H    16.40718234    32.50678735    11.43686767

--------------------Output has been truncated-------------------------


--------------------Output has been truncated-------------------------


--------------------Output has been truncated-------------------------


--------------------Output has been truncated-------------------------


--------------------Output has been truncated-------------------------


--------------------Output has been truncated-------------------------


--------------------Output has been truncated-------------------------


--------------------Output has been truncated-------------------------


--------------------Output has been truncated-------------------------


--------------------Output has been truncated-------------------------


 
 Reference energy [au]:                       -79.264437034594
 DF-MP2 singlet pair energy [au]:              -0.317722280869
 DF-MP2 triplet pair energy [au]:              -0.076906315139
 DF-SCS-MP2 correlation energy [au]:           -0.406902175422
 DF-SCS-MP2 energy [au]:                      -79.671339210016
 DF-SOS-MP2 correlation energy [au]:           -0.413038965129
 DF-SOS-MP2 energy [au]:                      -79.677475999723
 DF-MP2 correlation energy [au]:               -0.394628596008
 DF-MP2 energy [au]:                          -79.659065630602

 Results in FNO basis:
 
 
 Reference energy [au]:                       -79.264437034594
 DF-MP2 singlet pair energy [au]:              -0.312548720547
 DF-MP2 triplet pair energy [au]:              -0.076620434108
 DF-SCS-MP2 correlation energy [au]:           -0.400598609359
 DF-SCS-MP2 energy [au]:                      -79.665035643954
 DF-SOS-MP2 correlation energy [au]:           -0.406313336712
 DF-SOS-MP2 energy [au]:                      -79.670750371306
 DF-MP2 correlation energy [au]:               -0.389169154655
 DF-MP2 energy [au]:                          -79.653606189249

 Results in NAF basis:
 
 
 Reference energy [au]:                       -79.264437034594
 DF-MP2 singlet pair energy [au]:              -0.312527758307
 DF-MP2 triplet pair energy [au]:              -0.076628440597
 DF-SCS-MP2 correlation energy [au]:           -0.400576123501
 DF-SCS-MP2 energy [au]:                      -79.665013158095
 DF-SOS-MP2 correlation energy [au]:           -0.406286085799
 DF-SOS-MP2 energy [au]:                      -79.670723120393
 DF-MP2 correlation energy [au]:               -0.389156198904
 DF-MP2 energy [au]:                          -79.653593233498

 ************************ 2023-02-05 13:25:38 *************************
 Executing ccsd...

 Allocation of 220.0 Gbytes of memory...

 Direct DF-CCSD(T) calculation
 
 Convergence criterion:  1.0E-06
 
 Number of occupied/virtual/auxiliary orbitals:     7   175   551
    851.32 MB is the minimal memory requirement for (T)
    190.43 MB is the minimal memory requirement for CCSD
 
 Reference energy [au]:             -79.264437034594
 T1 contribution [au]:                0.000000000000
 Same spin MP2 energy [au]:          -0.076624434789
 Opposite spin MP2 energy [au]:      -0.312538234720
 MP2 correlation energy [au]:        -0.389162669509
 Total MP2 energy [au]:             -79.653599704103
 MP2 correction [au]:                -0.005465926499
 
 
 CPU time [min]:     0.402                   Wall time [min]:     0.050
 
 Starting CCSD iterations...
 
                     Residual norm          Energy
 Iteration  1        0.179604437620      -79.671512631435
 Iteration  2        0.044511305649      -79.681094793365
 Iteration  3        0.013089806684      -79.682230517474
 Iteration  4        0.002650289339      -79.682237740166
 Iteration  5        0.000560968234      -79.682243605418
 Iteration  6        0.000156931253      -79.682245656270
 Iteration  7        0.000037096191      -79.682245431215
 Iteration  8        0.000009998706      -79.682245795103
 
 CCSD iteration has converged in  8 steps.
     3804.92 MB memory was utilized by CCSD
 
 T1 diagnostic:      8.231E-03            D1 diagnostic:      1.428E-02
 
 T1 contribution [au]:                                  0.000000000000
 PPL energy contribution [au]:                          0.108935350196
 Scaled PPL energy contribution [au]:                   0.110475070923

 OS-PPL energy contribution [au]:                       0.095542145423
 Scaled OS-PPL energy contribution [au]:                0.097137048183
 SS-PPL energy contribution [au]:                       0.013393204773
 Scaled SS-PPL energy contribution [au]:                0.013441281790

 Opposite spin CCSD energy [au]:                       -0.345140080391
 Same spin CCSD energy [au]:                           -0.072676432944
 CCSD correlation energy [au]:                         -0.417816513335
 CCSD correlation energy + MP2 correction [au]:        -0.423282439834
 CCSD correlation energy + MP2 + PPL corr. [au]:       -0.421742719107
 Total CCSD energy [au]:                              -79.682253547929
 Total CCSD energy + MP2 correction [au]:             -79.687719474428
 Total CCSD energy + MP2 + PPL corr. [au]:            -79.686179753701
 
 CPU time [min]:     6.446                   Wall time [min]:     0.236
 
 Calculation of (T) correction...
 
 
      783.34 MB memory is utilized for (T)

 0%       25%       50%       75%       100%
 |---------|---------|---------|---------| 
 
 (T) correction [au]:                                    -0.014762649750
 (T*) correction [au]:                                   -0.014969996355
 (T+) correction [au]:                                   -0.014966464925
 CCSD(T) correlation energy [au]:                        -0.432579163085
 CCSD(T) correlation energy + MP2 correction [au]:       -0.438045089584
 CCSD(T+) correlation en. + MP2 + PPL corr. [au]:        -0.436709184032
 Total CCSD(T) energy [au]:                             -79.697016197679
 Total CCSD(T) energy + MP2 correction [au]:            -79.702482124178
 Total CCSD(T+) energy + MP2 + PPL corr. [au]:          -79.701146218626
 
 CPU time [min]:     8.162                   Wall time [min]:     0.292
 
 ************************ 2023-02-05 13:25:56 *************************
                      Normal termination of mrcc.
 **********************************************************************
