 **********************************************************************
                          MRCC program system
 **********************************************************************
 
                              Written by
     Mihaly Kallay, Peter R. Nagy, David Mester, Laszlo Gyevi-Nagy,
        Jozsef Csoka, P. Bernat Szabo, Zoltan Rolik, Gyula Samu,
     Jozsef Csontos, Bence Hegely, Adam Ganyecz, Istvan Ladjanszki,
       Lorant Szegedy, Bence Ladoczki, Klara Petrov, Mate Farkas,
                    Pal D. Mezei, and Reka A. Horvath
 
        Department of Physical Chemistry and Materials Science
            Budapest University of Technology and Economics
                  Budapest P.O.Box 91, H-1521 Hungary
 
                              www.mrcc.hu
 
                      Release date: March 18, 2022

 ************************ 2023-02-04 11:47:03 *************************
 Executing minp...

 Reading input from MINP...
 
 Input file:
 
calc=FNO-CCSD(T)
verbosity=3
mem=220GB
unit=angs
scfiguess=small
scfalg=locfit1
ccmaxit=400
ccsdalg=dfdirect
ccsdthreads=4
ccsdmkl=thr
ptthreads=4
lnoepsv=1e-5
naf_cor=1e-2
basis=aug-cc-pVQZ
basis_sm=def2-SVP
dfbasis_scf=def2-QZVPP-RI-JK
dfbasis_cor=aug-cc-pVQZ-RI
unit=angs
geom=xyz
10

C    29.54344629    29.54344629    16.97505516
H    29.54344670    30.44187631    17.60392580
H    29.54344662    28.64496649    17.60393442
H    30.44658454    29.54342777    16.34911135
H    28.64030918    29.54342779    16.34911130
C    33.76390794    21.10243009    16.97521401
H    32.86548827    21.10243029    17.60422237
H    33.76392673    22.00521795    16.34882774
H    33.76392671    20.19964331    16.34882693
H    34.66237815    21.10243027    17.60423123

--------------------Output has been truncated-------------------------


--------------------Output has been truncated-------------------------


--------------------Output has been truncated-------------------------


--------------------Output has been truncated-------------------------


--------------------Output has been truncated-------------------------


--------------------Output has been truncated-------------------------


--------------------Output has been truncated-------------------------


--------------------Output has been truncated-------------------------


--------------------Output has been truncated-------------------------


--------------------Output has been truncated-------------------------


 
 Reference energy [au]:                       -80.431231575809
 DF-MP2 singlet pair energy [au]:              -0.347508348491
 DF-MP2 triplet pair energy [au]:              -0.074998654065
 DF-SCS-MP2 correlation energy [au]:           -0.442009569544
 DF-SCS-MP2 energy [au]:                      -80.873241145354
 DF-SOS-MP2 correlation energy [au]:           -0.451760853038
 DF-SOS-MP2 energy [au]:                      -80.882992428848
 DF-MP2 correlation energy [au]:               -0.422507002556
 DF-MP2 energy [au]:                          -80.853738578365

 Results in FNO basis:
 
 
 Reference energy [au]:                       -80.431231575809
 DF-MP2 singlet pair energy [au]:              -0.341238216133
 DF-MP2 triplet pair energy [au]:              -0.074715832021
 DF-SCS-MP2 correlation energy [au]:           -0.434391136700
 DF-SCS-MP2 energy [au]:                      -80.865622712509
 DF-SOS-MP2 correlation energy [au]:           -0.443609680973
 DF-SOS-MP2 energy [au]:                      -80.874841256782
 DF-MP2 correlation energy [au]:               -0.415954048154
 DF-MP2 energy [au]:                          -80.847185623963

 Results in NAF basis:
 
 
 Reference energy [au]:                       -80.431231575809
 DF-MP2 singlet pair energy [au]:              -0.341204176079
 DF-MP2 triplet pair energy [au]:              -0.074728472787
 DF-SCS-MP2 correlation energy [au]:           -0.434354502224
 DF-SCS-MP2 energy [au]:                      -80.865586078033
 DF-SOS-MP2 correlation energy [au]:           -0.443565428902
 DF-SOS-MP2 energy [au]:                      -80.874797004712
 DF-MP2 correlation energy [au]:               -0.415932648866
 DF-MP2 energy [au]:                          -80.847164224676

 ************************ 2023-02-04 11:47:42 *************************
 Executing ccsd...

 Allocation of 220.0 Gbytes of memory...

 Direct DF-CCSD(T) calculation
 
 Convergence criterion:  1.0E-06
 
 Number of occupied/virtual/auxiliary orbitals:     8   202   640
   1312.15 MB is the minimal memory requirement for (T)
    293.11 MB is the minimal memory requirement for CCSD
 
 Reference energy [au]:             -80.431231575809
 T1 contribution [au]:                0.000000000000
 Same spin MP2 energy [au]:          -0.074722144389
 Opposite spin MP2 energy [au]:      -0.341221179600
 MP2 correlation energy [au]:        -0.415943323988
 Total MP2 energy [au]:             -80.847174899798
 MP2 correction [au]:                -0.006563678568
 
 
 CPU time [min]:     0.490                   Wall time [min]:     0.056
 
 Starting CCSD iterations...
 
                     Residual norm          Energy
 Iteration  1        0.196124651865      -80.873064895148
 Iteration  2        0.050029539713      -80.884112148693
 Iteration  3        0.013819665612      -80.885277619591
 Iteration  4        0.002858111651      -80.885286621750
 Iteration  5        0.000530201474      -80.885299641098
 Iteration  6        0.000119927662      -80.885299394768
 Iteration  7        0.000028602286      -80.885300774903
 Iteration  8        0.000005287878      -80.885300888835
 Iteration  9        0.000001125884      -80.885300864873
 
 CCSD iteration has converged in  9 steps.
     6687.81 MB memory was utilized by CCSD
 
 T1 diagnostic:      7.996E-03            D1 diagnostic:      1.292E-02
 
 T1 contribution [au]:                                  0.000000000000
 PPL energy contribution [au]:                          0.121205434812
 Scaled PPL energy contribution [au]:                   0.123119202261

 OS-PPL energy contribution [au]:                       0.107548558564
 Scaled OS-PPL energy contribution [au]:                0.109534575806
 SS-PPL energy contribution [au]:                       0.013656876247
 Scaled SS-PPL energy contribution [au]:                0.013705633273

 Opposite spin CCSD energy [au]:                       -0.382009319232
 Same spin CCSD energy [au]:                           -0.072073173426
 CCSD correlation energy [au]:                         -0.454082492658
 CCSD correlation energy + MP2 correction [au]:        -0.460646171226
 CCSD correlation energy + MP2 + PPL corr. [au]:       -0.458732403777
 Total CCSD energy [au]:                              -80.885314068468
 Total CCSD energy + MP2 correction [au]:             -80.891877747036
 Total CCSD energy + MP2 + PPL corr. [au]:            -80.889963979587
 
 CPU time [min]:    12.922                   Wall time [min]:     0.411
 
 Calculation of (T) correction...
 
 
     1275.43 MB memory is utilized for (T)

 0%       25%       50%       75%       100%
 |---------|---------|---------|---------| 
 
 (T) correction [au]:                                    -0.013884088293
 (T*) correction [au]:                                   -0.014103182308
 (T+) correction [au]:                                   -0.014102360377
 CCSD(T) correlation energy [au]:                        -0.467966580951
 CCSD(T) correlation energy + MP2 correction [au]:       -0.474530259519
 CCSD(T+) correlation en. + MP2 + PPL corr. [au]:        -0.472834764154
 Total CCSD(T) energy [au]:                             -80.899198156761
 Total CCSD(T) energy + MP2 correction [au]:            -80.905761835329
 Total CCSD(T+) energy + MP2 + PPL corr. [au]:          -80.904066339963
 
 CPU time [min]:    16.887                   Wall time [min]:     0.542
 
 ************************ 2023-02-04 11:48:15 *************************
                      Normal termination of mrcc.
 **********************************************************************
