 **********************************************************************
                          MRCC program system
 **********************************************************************
 
                              Written by
     Mihaly Kallay, Peter R. Nagy, David Mester, Laszlo Gyevi-Nagy,
        Jozsef Csoka, P. Bernat Szabo, Zoltan Rolik, Gyula Samu,
     Jozsef Csontos, Bence Hegely, Adam Ganyecz, Istvan Ladjanszki,
       Lorant Szegedy, Bence Ladoczki, Klara Petrov, Mate Farkas,
                    Pal D. Mezei, and Reka A. Horvath
 
        Department of Physical Chemistry and Materials Science
            Budapest University of Technology and Economics
                  Budapest P.O.Box 91, H-1521 Hungary
 
                              www.mrcc.hu
 
                      Release date: March 18, 2022

 ************************ 2022-10-16 17:01:21 *************************
 Executing minp...

 Reading input from MINP...
 
 Input file:
 
calc=DF-CCSD(T)
scftype=rhf
verbosity=3
mem=150GB
symm=off
unit=angs
scfiguess=small
scfmaxit=1000
scfalg=locfit1


ccmaxit=400
ccsdalg=dfdirect
ccsdthreads=4
ccsdmkl=thr
ptthreads=4

charge=-8
core=6

basis=special
aug-cc-pVDZ
aug-cc-pVDZ
aug-cc-pVDZ
aug-cc-pVDZ
aug-cc-pVDZ
aug-cc-pVDZ
aug-cc-pVDZ
aug-cc-pVDZ
bse_CVDZ
aug-cc-pVDZ
aug-cc-pVDZ
aug-cc-pVDZ
aug-cc-pVDZ
aug-cc-pVDZ
nothing
nothing
nothing
nothing
nothing
nothing
nothing
nothing
nothing
nothing
nothing
nothing
nothing
nothing
nothing
nothing
nothing
nothing
nothing
nothing
nothing
nothing
nothing
nothing
nothing

basis_sm=special
def2-SVP
def2-SVP
def2-SVP
def2-SVP
def2-SVP
def2-SVP
def2-SVP
def2-SVP
def2-SVP
def2-SVP
def2-SVP
def2-SVP
def2-SVP
def2-SVP
nothing
nothing
nothing
nothing
nothing
nothing
nothing
nothing
nothing
nothing
nothing
nothing
nothing
nothing
nothing
nothing
nothing
nothing
nothing
nothing
nothing
nothing
nothing
nothing
nothing

dfbasis_scf=special
def2-QZVPP-RI-JK
def2-QZVPP-RI-JK
def2-QZVPP-RI-JK
def2-QZVPP-RI-JK
def2-QZVPP-RI-JK
def2-QZVPP-RI-JK
def2-QZVPP-RI-JK
def2-QZVPP-RI-JK
def2-QZVPP-RI-JK
def2-QZVPP-RI-JK
def2-QZVPP-RI-JK
def2-QZVPP-RI-JK
def2-QZVPP-RI-JK
def2-QZVPP-RI-JK
nothing
nothing
nothing
nothing
nothing
nothing
nothing
nothing
nothing
nothing
nothing
nothing
nothing
nothing
nothing
nothing
nothing
nothing
nothing
nothing
nothing
nothing
nothing
nothing
nothing

dfbasis_cor=special
aug-cc-pVDZ-RI
aug-cc-pVDZ-RI
aug-cc-pVDZ-RI
aug-cc-pVDZ-RI
aug-cc-pVDZ-RI
aug-cc-pVDZ-RI
aug-cc-pVDZ-RI
aug-cc-pVDZ-RI
bse_CVDZ_mp2fit
aug-cc-pVDZ-RI
aug-cc-pVDZ-RI
aug-cc-pVDZ-RI
aug-cc-pVDZ-RI
aug-cc-pVDZ-RI
nothing
nothing
nothing
nothing
nothing
nothing
nothing
nothing
nothing
nothing
nothing
nothing
nothing
nothing
nothing
nothing
nothing
nothing
nothing
nothing
nothing
nothing
nothing
nothing
nothing

ecp=special
none
none
none
none
none
none
none
none
none
none
none
none
none
none
ECP-12
ECP-12
ECP-12
ECP-12
ECP-12
ECP-12
ECP-12
ECP-12
ECP-12
ECP-12
ECP-12
ECP-12
ECP-12
ECP-12
ECP-12
ECP-12
ECP-12
ECP-12
ECP-12
ECP-12
ECP-12
ECP-12
ECP-12
ECP-12
ECP-12

unit=angs
geom=xyz
39
C2 H6 Mg1 O5 ECP25
C     0.03881964914   -0.01937844361    3.03154641008
C     1.48209828759   -0.00445559314    3.54502841063
H    -0.15107064724   -0.90857061674    2.40866004750
H    -0.17754666672    0.87993132694    2.43222133805
H    -0.69202332470   -0.04108455204    3.85337926059
H     2.18889055358    0.01801842508    2.70267054772
H     1.70200028155   -0.89724582803    4.14882703271
H     1.67432808398    0.87669196497    4.17475179597
Mg    0.00000000000    0.00000000000   -0.03397519006
O    -2.11129763237    0.00010529327   -0.00605106713
O     0.00123354865    2.11295051393   -0.00149628322
O     0.00129555512   -2.11314362113   -0.00207900229
O     2.11331695645    0.00009352390   -0.00326695646
O     0.00145047190    0.00052487161   -2.15474691834
Mg   -2.11003106621   -2.10962182503   -0.04910990180
Mg   -2.10999622487    2.10979785753   -0.04899115622
Mg    2.11193133374    2.11045926572   -0.04817993718
Mg    2.11205825416   -2.11032752969   -0.04832405245
Mg   -2.10785196868    0.00054868904   -2.15132909045
Mg    0.00126140969   -2.10869530069   -2.15147382567
Mg    0.00124653077    2.10954243739   -2.15146195936
Mg    2.11039103778    0.00052082363   -2.15087269695
Mg   -4.21794720776    0.00020919457   -0.05048351492
Mg    0.00099544862    4.22047556460   -0.04996694830
Mg    0.00099544862   -4.22051149122   -0.04996694830
Mg    4.22303984806    0.00020919457   -0.05048351492
Mg    0.00138492523    0.00111690324   -4.27737843797
Mg   -4.21936422700   -2.10955755343   -2.15272373177
Mg   -2.10903902767   -4.21994340510   -2.15243801177
Mg   -4.21936744670    2.11079444375   -2.15266734597
Mg    2.11145359885   -4.21996767303   -2.15228954159
Mg   -2.10903902767    4.22104365072   -2.15243801177
Mg    4.22162282882   -2.10955755343   -2.15272373177
Mg    2.11145359885    4.22101938279   -2.15228954159
Mg    4.22161960912    2.11079444375   -2.15266734597
Mg   -2.10886183872   -2.10912986072   -4.27737843797
Mg   -2.10886183872    2.11136366719   -4.27737843797
Mg    2.11163168919   -2.10912986072   -4.27737843797
Mg    2.11163168919    2.11136366719   -4.27737843797


ghost=serialno
1-8

qmmm=Amber
pointcharges
10185
     -2.11003106621   -2.10962182503   -0.04910990180    2.00000000000
     -2.10999622487    2.10979785753   -0.04899115622    2.00000000000
      2.11193133374    2.11045926572   -0.04817993718    2.00000000000
      2.11205825416   -2.11032752969   -0.04832405245    2.00000000000
--------------------Output has been truncated-------------------------


--------------------Output has been truncated-------------------------


--------------------Output has been truncated-------------------------


--------------------Output has been truncated-------------------------


--------------------Output has been truncated-------------------------


--------------------Output has been truncated-------------------------


--------------------Output has been truncated-------------------------


--------------------Output has been truncated-------------------------


--------------------Output has been truncated-------------------------


--------------------Output has been truncated-------------------------


 ************************ 2022-10-16 17:01:58 *************************
 Executing ccsd...

 Allocation of 150.0 Gbytes of memory...

 Direct DF-CCSD(T) calculation
 
 Convergence criterion:  1.0E-06
 
 Number of occupied/virtual/auxiliary orbitals:    24   212   759
   1792.68 MB is the minimal memory requirement for (T)
    699.49 MB is the minimal memory requirement for CCSD
 
 Reference energy [au]:           -9951.262389138667
 T1 contribution [au]:                0.000000000000
 Same spin MP2 energy [au]:          -0.342246821204
 Opposite spin MP2 energy [au]:      -0.893989095130
 MP2 correlation energy [au]:        -1.236235916334
 Total MP2 energy [au]:           -9952.498625055001
 
 
 CPU time [min]:     0.471                   Wall time [min]:     0.044
 
 Starting CCSD iterations...
 
                     Residual norm          Energy
 Iteration  1        0.244522927517    -9952.478436612906
 Iteration  2        0.073305322618    -9952.501457999657
 Iteration  3        0.028628144942    -9952.508654947655
 Iteration  4        0.006612996189    -9952.508377530185
 Iteration  5        0.002472332901    -9952.508162435084
 Iteration  6        0.000800185569    -9952.508218905001
 Iteration  7        0.000383601866    -9952.508231151858
 Iteration  8        0.000146425009    -9952.508220916583
 Iteration  9        0.000045643516    -9952.508217073491
 Iteration 10        0.000018129304    -9952.508216653916
 Iteration 11        0.000005951303    -9952.508216758379
 
 CCSD iteration has converged in 11 steps.
     8380.19 MB memory was utilized by CCSD
 
 T1 diagnostic:      1.266E-02            D1 diagnostic:      4.145E-02
 
 T1 contribution [au]:                                  0.000000000000
 Opposite spin CCSD energy [au]:                       -0.948228277122
 Same spin CCSD energy [au]:                           -0.297599342590
 CCSD correlation energy [au]:                         -1.245827619712
 Total CCSD energy [au]:                            -9952.508216758379
 
 CPU time [min]:    35.038                   Wall time [min]:     1.125
 
 Calculation of (T) correction...
 
 
     3235.62 MB memory is utilized for (T)

 0%       25%       50%       75%       100%
 |---------|---------|---------|---------| 
 
 (T) correction [au]:                                    -0.030748219262
 CCSD(T) correlation energy [au]:                        -1.276575838974
 Total CCSD(T) energy [au]:                           -9952.538964977641
 
 CPU time [min]:    96.663                   Wall time [min]:     2.735
 
 ************************ 2022-10-16 17:04:43 *************************
                      Normal termination of mrcc.
 **********************************************************************
