 **********************************************************************
                          MRCC program system
 **********************************************************************
 
                              Written by
     Mihaly Kallay, Peter R. Nagy, David Mester, Laszlo Gyevi-Nagy,
        Jozsef Csoka, P. Bernat Szabo, Zoltan Rolik, Gyula Samu,
     Jozsef Csontos, Bence Hegely, Adam Ganyecz, Istvan Ladjanszki,
       Lorant Szegedy, Bence Ladoczki, Klara Petrov, Mate Farkas,
                    Pal D. Mezei, and Reka A. Horvath
 
        Department of Physical Chemistry and Materials Science
            Budapest University of Technology and Economics
                  Budapest P.O.Box 91, H-1521 Hungary
 
                              www.mrcc.hu
 
                      Release date: March 18, 2022

 ************************ 2023-02-05 13:25:32 *************************
 Executing minp...

 Reading input from MINP...
 
 Input file:
 
calc=FNO-CCSD(T)
verbosity=3
mem=220GB
unit=angs
scfiguess=small
scfalg=locfit1
ccmaxit=400
ccsdalg=dfdirect
ccsdthreads=4
ccsdmkl=thr
ptthreads=4
lnoepsv=1e-5
naf_cor=1e-2
basis=aug-cc-pVTZ
basis_sm=def2-SVP
dfbasis_scf=def2-QZVPP-RI-JK
dfbasis_cor=aug-cc-pVTZ-RI
unit=angs
geom=xyz
16

C    34.41670262    34.07107264    10.41543014
C    33.11117461    33.45680459    10.91530835
H    34.24160149    35.00442132     9.86225048
H    34.94674030    33.36940783     9.75379242
H    35.10002891    34.30603621    11.24227357
H    32.42643037    33.26105434    10.07939442
H    32.59136835    34.12756100    11.61262818
H    33.28915165    32.50678735    11.43686767
C    17.53475103    38.29159093    10.41548088
C    16.22919370    37.67729539    10.91529140
H    17.35954847    39.22503006     9.86250154
H    18.06472348    37.58971855     9.75399090
H    18.21833380    38.52667515    11.24209422
H    15.54431929    37.48139737    10.07951373
H    15.70935630    38.34822797    11.61243196
H    16.40725531    36.72719264    11.43663402

--------------------Output has been truncated-------------------------


--------------------Output has been truncated-------------------------


--------------------Output has been truncated-------------------------


--------------------Output has been truncated-------------------------


--------------------Output has been truncated-------------------------


--------------------Output has been truncated-------------------------


--------------------Output has been truncated-------------------------


--------------------Output has been truncated-------------------------


--------------------Output has been truncated-------------------------


--------------------Output has been truncated-------------------------


 
 Reference energy [au]:                      -158.519098732121
 DF-MP2 singlet pair energy [au]:              -0.600509016405
 DF-MP2 triplet pair energy [au]:              -0.150063043381
 DF-SCS-MP2 correlation energy [au]:           -0.770631834146
 DF-SCS-MP2 energy [au]:                     -159.289730566268
 DF-SOS-MP2 correlation energy [au]:           -0.780661721327
 DF-SOS-MP2 energy [au]:                     -159.299760453448
 DF-MP2 correlation energy [au]:               -0.750572059786
 DF-MP2 energy [au]:                         -159.269670791907

 Results in FNO basis:
 
 
 Reference energy [au]:                      -158.519098732121
 DF-MP2 singlet pair energy [au]:              -0.598168613046
 DF-MP2 triplet pair energy [au]:              -0.149850501966
 DF-SCS-MP2 correlation energy [au]:           -0.767752502977
 DF-SCS-MP2 energy [au]:                     -159.286851235098
 DF-SOS-MP2 correlation energy [au]:           -0.777619196960
 DF-SOS-MP2 energy [au]:                     -159.296717929081
 DF-MP2 correlation energy [au]:               -0.748019115012
 DF-MP2 energy [au]:                         -159.267117847133

 Results in NAF basis:
 
 
 Reference energy [au]:                      -158.519098732121
 DF-MP2 singlet pair energy [au]:              -0.598047397500
 DF-MP2 triplet pair energy [au]:              -0.149928808823
 DF-SCS-MP2 correlation energy [au]:           -0.767633146607
 DF-SCS-MP2 energy [au]:                     -159.286731878728
 DF-SOS-MP2 correlation energy [au]:           -0.777461616750
 DF-SOS-MP2 energy [au]:                     -159.296560348871
 DF-MP2 correlation energy [au]:               -0.747976206322
 DF-MP2 energy [au]:                         -159.267074938443

 ************************ 2023-02-05 13:26:15 *************************
 Executing ccsd...

 Allocation of 220.0 Gbytes of memory...

 Direct DF-CCSD(T) calculation
 
 Convergence criterion:  1.0E-06
 
 Number of occupied/virtual/auxiliary orbitals:    14   278   756
   3422.71 MB is the minimal memory requirement for (T)
    780.99 MB is the minimal memory requirement for CCSD
 
 Reference energy [au]:            -158.519098732121
 T1 contribution [au]:                0.000000000000
 Same spin MP2 energy [au]:          -0.149889537139
 Opposite spin MP2 energy [au]:      -0.598107663768
 MP2 correlation energy [au]:        -0.747997200907
 Total MP2 energy [au]:            -159.267095933028
 MP2 correction [au]:                -0.002574858879
 
 
 CPU time [min]:     0.912                   Wall time [min]:     0.132
 
 Starting CCSD iterations...
 
                     Residual norm          Energy
 Iteration  1        0.241422314050     -159.308953066963
 Iteration  2        0.060037880445     -159.328082920677
 Iteration  3        0.015975789844     -159.329995084068
 Iteration  4        0.003604199917     -159.330011732543
 Iteration  5        0.000758967558     -159.330022146613
 Iteration  6        0.000215375612     -159.330028301199
 Iteration  7        0.000051276346     -159.330027870485
 Iteration  8        0.000013080340     -159.330028453725
 Iteration  9        0.000002622536     -159.330028401680
 
 CCSD iteration has converged in  9 steps.
    23656.02 MB memory was utilized by CCSD
 
 T1 diagnostic:      7.816E-03            D1 diagnostic:      1.354E-02
 
 T1 contribution [au]:                                  0.000000000000
 PPL energy contribution [au]:                          0.205823399294
 Scaled PPL energy contribution [au]:                   0.206540706607

 OS-PPL energy contribution [au]:                       0.179922932969
 Scaled OS-PPL energy contribution [au]:                0.180665036949
 SS-PPL energy contribution [au]:                       0.025900466324
 Scaled SS-PPL energy contribution [au]:                0.025924084035

 Opposite spin CCSD energy [au]:                       -0.668568588694
 Same spin CCSD energy [au]:                           -0.142398199970
 CCSD correlation energy [au]:                         -0.810966788664
 CCSD correlation energy + MP2 correction [au]:        -0.813541647544
 CCSD correlation energy + MP2 + PPL corr. [au]:       -0.812824340231
 Total CCSD energy [au]:                             -159.330065520785
 Total CCSD energy + MP2 correction [au]:            -159.332640379665
 Total CCSD energy + MP2 + PPL corr. [au]:           -159.331923072352
 
 CPU time [min]:    53.683                   Wall time [min]:     1.803
 
 Calculation of (T) correction...
 
 
     4429.83 MB memory is utilized for (T)

 0%       25%       50%       75%       100%
 |---------|---------|---------|---------| 
 
 (T) correction [au]:                                    -0.027917940023
 (T*) correction [au]:                                   -0.028014042997
 (T+) correction [au]:                                   -0.028012870085
 CCSD(T) correlation energy [au]:                        -0.838884728687
 CCSD(T) correlation energy + MP2 correction [au]:       -0.841459587566
 CCSD(T+) correlation en. + MP2 + PPL corr. [au]:        -0.840837210315
 Total CCSD(T) energy [au]:                            -159.357983460808
 Total CCSD(T) energy + MP2 correction [au]:           -159.360558319688
 Total CCSD(T+) energy + MP2 + PPL corr. [au]:         -159.359935942436
 
 CPU time [min]:   111.355                   Wall time [min]:     3.497
 
 ************************ 2023-02-05 13:29:45 *************************
                      Normal termination of mrcc.
 **********************************************************************
