 **********************************************************************
                          MRCC program system
 **********************************************************************
 
                              Written by
     Mihaly Kallay, Peter R. Nagy, David Mester, Laszlo Gyevi-Nagy,
        Jozsef Csoka, P. Bernat Szabo, Zoltan Rolik, Gyula Samu,
     Jozsef Csontos, Bence Hegely, Adam Ganyecz, Istvan Ladjanszki,
       Lorant Szegedy, Bence Ladoczki, Klara Petrov, Mate Farkas,
                    Pal D. Mezei, and Reka A. Horvath
 
        Department of Physical Chemistry and Materials Science
            Budapest University of Technology and Economics
                  Budapest P.O.Box 91, H-1521 Hungary
 
                              www.mrcc.hu
 
                      Release date: March 18, 2022

 ************************ 2023-02-04 11:50:44 *************************
 Executing minp...

 Reading input from MINP...
 
 Input file:
 
calc=FNO-CCSD(T)
verbosity=3
mem=220GB
unit=angs
scfiguess=small
scfalg=locfit1
ccmaxit=400
ccsdalg=dfdirect
ccsdthreads=4
ccsdmkl=thr
ptthreads=4
lnoepsv=1e-5
naf_cor=1e-2
basis=aug-cc-pVQZ
basis_sm=def2-SVP
dfbasis_scf=def2-QZVPP-RI-JK
dfbasis_cor=aug-cc-pVQZ-RI
unit=angs
geom=xyz
10

C    29.54344629    29.54344629    16.97505516
H    29.54344670    30.44187631    17.60392580
H    29.54344662    28.64496649    17.60393442
H    30.44658454    29.54342777    16.34911135
H    28.64030918    29.54342779    16.34911130
C    46.42538513    25.32292238    16.97524142
H    46.42540375    26.22572171    16.34882843
H    45.52689325    25.32292262    17.60416815
H    47.32392699    25.32292258    17.60417697
H    46.42540368    24.42012416    16.34882759

--------------------Output has been truncated-------------------------


--------------------Output has been truncated-------------------------


--------------------Output has been truncated-------------------------


--------------------Output has been truncated-------------------------


--------------------Output has been truncated-------------------------


--------------------Output has been truncated-------------------------


--------------------Output has been truncated-------------------------


--------------------Output has been truncated-------------------------


--------------------Output has been truncated-------------------------


--------------------Output has been truncated-------------------------


 
 Reference energy [au]:                       -80.431229545968
 DF-MP2 singlet pair energy [au]:              -0.347506341720
 DF-MP2 triplet pair energy [au]:              -0.074996468358
 DF-SCS-MP2 correlation energy [au]:           -0.442006432850
 DF-SCS-MP2 energy [au]:                      -80.873235978818
 DF-SOS-MP2 correlation energy [au]:           -0.451758244236
 DF-SOS-MP2 energy [au]:                      -80.882987790204
 DF-MP2 correlation energy [au]:               -0.422502810079
 DF-MP2 energy [au]:                          -80.853732356046

 Results in FNO basis:
 
 
 Reference energy [au]:                       -80.431229545968
 DF-MP2 singlet pair energy [au]:              -0.341236960665
 DF-MP2 triplet pair energy [au]:              -0.074713860501
 DF-SCS-MP2 correlation energy [au]:           -0.434388972964
 DF-SCS-MP2 energy [au]:                      -80.865618518932
 DF-SOS-MP2 correlation energy [au]:           -0.443608048864
 DF-SOS-MP2 energy [au]:                      -80.874837594832
 DF-MP2 correlation energy [au]:               -0.415950821166
 DF-MP2 energy [au]:                          -80.847180367134

 Results in NAF basis:
 
 
 Reference energy [au]:                       -80.431229545968
 DF-MP2 singlet pair energy [au]:              -0.341201940333
 DF-MP2 triplet pair energy [au]:              -0.074727207366
 DF-SCS-MP2 correlation energy [au]:           -0.434351397522
 DF-SCS-MP2 energy [au]:                      -80.865580943490
 DF-SOS-MP2 correlation energy [au]:           -0.443562522433
 DF-SOS-MP2 energy [au]:                      -80.874792068401
 DF-MP2 correlation energy [au]:               -0.415929147700
 DF-MP2 energy [au]:                          -80.847158693667

 ************************ 2023-02-04 11:51:20 *************************
 Executing ccsd...

 Allocation of 220.0 Gbytes of memory...

 Direct DF-CCSD(T) calculation
 
 Convergence criterion:  1.0E-06
 
 Number of occupied/virtual/auxiliary orbitals:     8   202   640
   1312.15 MB is the minimal memory requirement for (T)
    293.11 MB is the minimal memory requirement for CCSD
 
 Reference energy [au]:             -80.431229545968
 T1 contribution [au]:                0.000000000000
 Same spin MP2 energy [au]:          -0.074720525128
 Opposite spin MP2 energy [au]:      -0.341219431258
 MP2 correlation energy [au]:        -0.415939956386
 Total MP2 energy [au]:             -80.847169502353
 MP2 correction [au]:                -0.006562853693
 
 
 CPU time [min]:     0.496                   Wall time [min]:     0.058
 
 Starting CCSD iterations...
 
                     Residual norm          Energy
 Iteration  1        0.196126094446      -80.873059570848
 Iteration  2        0.050030361087      -80.884107004810
 Iteration  3        0.013819970331      -80.885272545648
 Iteration  4        0.002858147350      -80.885281546941
 Iteration  5        0.000530219284      -80.885294571355
 Iteration  6        0.000119932217      -80.885294324816
 Iteration  7        0.000028603113      -80.885295705060
 Iteration  8        0.000005287853      -80.885295818999
 Iteration  9        0.000001125804      -80.885295795039
 
 CCSD iteration has converged in  9 steps.
     6687.81 MB memory was utilized by CCSD
 
 T1 diagnostic:      7.996E-03            D1 diagnostic:      1.292E-02
 
 T1 contribution [au]:                                  0.000000000000
 PPL energy contribution [au]:                          0.121206004670
 Scaled PPL energy contribution [au]:                   0.123119599255

 OS-PPL energy contribution [au]:                       0.107549023537
 Scaled OS-PPL energy contribution [au]:                0.109535132947
 SS-PPL energy contribution [au]:                       0.013656981134
 Scaled SS-PPL energy contribution [au]:                0.013705585820

 Opposite spin CCSD energy [au]:                       -0.382008135909
 Same spin CCSD energy [au]:                           -0.072071573455
 CCSD correlation energy [au]:                         -0.454079709364
 CCSD correlation energy + MP2 correction [au]:        -0.460642563057
 CCSD correlation energy + MP2 + PPL corr. [au]:       -0.458728968472
 Total CCSD energy [au]:                              -80.885309255332
 Total CCSD energy + MP2 correction [au]:             -80.891872109025
 Total CCSD energy + MP2 + PPL corr. [au]:            -80.889958514440
 
 CPU time [min]:    13.516                   Wall time [min]:     0.429
 
 Calculation of (T) correction...
 
 
     1275.43 MB memory is utilized for (T)

 0%       25%       50%       75%       100%
 |---------|---------|---------|---------| 
 
 (T) correction [au]:                                    -0.013883703140
 (T*) correction [au]:                                   -0.014102765317
 (T+) correction [au]:                                   -0.014101950399
 CCSD(T) correlation energy [au]:                        -0.467963412504
 CCSD(T) correlation energy + MP2 correction [au]:       -0.474526266197
 CCSD(T+) correlation en. + MP2 + PPL corr. [au]:        -0.472830918871
 Total CCSD(T) energy [au]:                             -80.899192958472
 Total CCSD(T) energy + MP2 correction [au]:            -80.905755812165
 Total CCSD(T+) energy + MP2 + PPL corr. [au]:          -80.904060464838
 
 CPU time [min]:    17.532                   Wall time [min]:     0.562
 
 ************************ 2023-02-04 11:51:54 *************************
                      Normal termination of mrcc.
 **********************************************************************
