 **********************************************************************
                          MRCC program system
 **********************************************************************
 
                              Written by
     Mihaly Kallay, Peter R. Nagy, David Mester, Laszlo Gyevi-Nagy,
        Jozsef Csoka, P. Bernat Szabo, Zoltan Rolik, Gyula Samu,
     Jozsef Csontos, Bence Hegely, Adam Ganyecz, Istvan Ladjanszki,
       Lorant Szegedy, Bence Ladoczki, Klara Petrov, Mate Farkas,
                    Pal D. Mezei, and Reka A. Horvath
 
        Department of Physical Chemistry and Materials Science
            Budapest University of Technology and Economics
                  Budapest P.O.Box 91, H-1521 Hungary
 
                              www.mrcc.hu
 
                      Release date: March 18, 2022

 ************************ 2023-02-04 11:50:40 *************************
 Executing minp...

 Reading input from MINP...
 
 Input file:
 
calc=FNO-CCSD(T)
verbosity=3
mem=220GB
unit=angs
scfiguess=small
scfalg=locfit1
ccmaxit=400
ccsdalg=dfdirect
ccsdthreads=4
ccsdmkl=thr
ptthreads=4
lnoepsv=1e-5
naf_cor=1e-2
basis=aug-cc-pVTZ
basis_sm=def2-SVP
dfbasis_scf=def2-QZVPP-RI-JK
dfbasis_cor=aug-cc-pVTZ-RI
unit=angs
geom=xyz
10

C    29.54344629    29.54344629    16.97505516
H    29.54344670    30.44187631    17.60392580
H    29.54344662    28.64496649    17.60393442
H    30.44658454    29.54342777    16.34911135
H    28.64030918    29.54342779    16.34911130
C    46.42538513    25.32292238    16.97524142
H    46.42540375    26.22572171    16.34882843
H    45.52689325    25.32292262    17.60416815
H    47.32392699    25.32292258    17.60417697
H    46.42540368    24.42012416    16.34882759

--------------------Output has been truncated-------------------------


--------------------Output has been truncated-------------------------


--------------------Output has been truncated-------------------------


--------------------Output has been truncated-------------------------


--------------------Output has been truncated-------------------------


--------------------Output has been truncated-------------------------


--------------------Output has been truncated-------------------------


--------------------Output has been truncated-------------------------


--------------------Output has been truncated-------------------------


--------------------Output has been truncated-------------------------


 
 Reference energy [au]:                       -80.426029316329
 DF-MP2 singlet pair energy [au]:              -0.328838372637
 DF-MP2 triplet pair energy [au]:              -0.073188801875
 DF-SCS-MP2 correlation energy [au]:           -0.419002314456
 DF-SCS-MP2 energy [au]:                      -80.845031630785
 DF-SOS-MP2 correlation energy [au]:           -0.427489884428
 DF-SOS-MP2 energy [au]:                      -80.853519200757
 DF-MP2 correlation energy [au]:               -0.402027174512
 DF-MP2 energy [au]:                          -80.828056490841

 Results in FNO basis:
 
 
 Reference energy [au]:                       -80.426029316329
 DF-MP2 singlet pair energy [au]:              -0.327537842207
 DF-MP2 triplet pair energy [au]:              -0.073101284584
 DF-SCS-MP2 correlation energy [au]:           -0.417412505509
 DF-SCS-MP2 energy [au]:                      -80.843441821838
 DF-SOS-MP2 correlation energy [au]:           -0.425799194869
 DF-SOS-MP2 energy [au]:                      -80.851828511198
 DF-MP2 correlation energy [au]:               -0.400639126790
 DF-MP2 energy [au]:                          -80.826668443119

 Results in NAF basis:
 
 
 Reference energy [au]:                       -80.426029316329
 DF-MP2 singlet pair energy [au]:              -0.327471835696
 DF-MP2 triplet pair energy [au]:              -0.073140205100
 DF-SCS-MP2 correlation energy [au]:           -0.417346271202
 DF-SCS-MP2 energy [au]:                      -80.843375587531
 DF-SOS-MP2 correlation energy [au]:           -0.425713386405
 DF-SOS-MP2 energy [au]:                      -80.851742702734
 DF-MP2 correlation energy [au]:               -0.400612040796
 DF-MP2 energy [au]:                          -80.826641357125

 ************************ 2023-02-04 11:50:58 *************************
 Executing ccsd...

 Allocation of 220.0 Gbytes of memory...

 Direct DF-CCSD(T) calculation
 
 Convergence criterion:  1.0E-06
 
 Number of occupied/virtual/auxiliary orbitals:     8   166   443
    715.53 MB is the minimal memory requirement for (T)
    155.43 MB is the minimal memory requirement for CCSD
 
 Reference energy [au]:             -80.426029316329
 T1 contribution [au]:                0.000000000000
 Same spin MP2 energy [au]:          -0.073120691230
 Opposite spin MP2 energy [au]:      -0.327504676812
 MP2 correlation energy [au]:        -0.400625368042
 Total MP2 energy [au]:             -80.826654684371
 MP2 correction [au]:                -0.001401806470
 
 
 CPU time [min]:     0.353                   Wall time [min]:     0.016
 
 Starting CCSD iterations...
 
                     Residual norm          Energy
 Iteration  1        0.186522952371      -80.855590207897
 Iteration  2        0.047736876539      -80.866636617311
 Iteration  3        0.011571596458      -80.867569072181
 Iteration  4        0.002706733750      -80.867574286963
 Iteration  5        0.000513315007      -80.867588392723
 Iteration  6        0.000104130295      -80.867588658325
 Iteration  7        0.000025077281      -80.867589869138
 Iteration  8        0.000004384994      -80.867589904620
 Iteration  9        0.000000887457      -80.867589887577
 
 CCSD iteration has converged in  9 steps.
     3072.80 MB memory was utilized by CCSD
 
 T1 diagnostic:      7.475E-03            D1 diagnostic:      1.210E-02
 
 T1 contribution [au]:                                  0.000000000000
 PPL energy contribution [au]:                          0.114977186423
 Scaled PPL energy contribution [au]:                   0.115382416100

 OS-PPL energy contribution [au]:                       0.101747069601
 Scaled OS-PPL energy contribution [au]:                0.102170556608
 SS-PPL energy contribution [au]:                       0.013230116822
 Scaled SS-PPL energy contribution [au]:                0.013239165496

 Opposite spin CCSD energy [au]:                       -0.370937960361
 Same spin CCSD energy [au]:                           -0.070644081423
 CCSD correlation energy [au]:                         -0.441582041784
 CCSD correlation energy + MP2 correction [au]:        -0.442983848255
 CCSD correlation energy + MP2 + PPL corr. [au]:       -0.442578618577
 Total CCSD energy [au]:                              -80.867611358113
 Total CCSD energy + MP2 correction [au]:             -80.869013164584
 Total CCSD energy + MP2 + PPL corr. [au]:            -80.868607934906
 
 CPU time [min]:     5.454                   Wall time [min]:     0.159
 
 Calculation of (T) correction...
 
 
      698.30 MB memory is utilized for (T)

 0%       25%       50%       75%       100%
 |---------|---------|---------|---------| 
 
 (T) correction [au]:                                    -0.013137893590
 (T*) correction [au]:                                   -0.013183863680
 (T+) correction [au]:                                   -0.013183846742
 CCSD(T) correlation energy [au]:                        -0.454719935374
 CCSD(T) correlation energy + MP2 correction [au]:       -0.456121741844
 CCSD(T+) correlation en. + MP2 + PPL corr. [au]:        -0.455762465319
 Total CCSD(T) energy [au]:                             -80.880749251703
 Total CCSD(T) energy + MP2 correction [au]:            -80.882151058173
 Total CCSD(T+) energy + MP2 + PPL corr. [au]:          -80.881791781648
 
 CPU time [min]:     7.407                   Wall time [min]:     0.227
 
 ************************ 2023-02-04 11:51:12 *************************
                      Normal termination of mrcc.
 **********************************************************************
