 **********************************************************************
                          MRCC program system
 **********************************************************************
 
                              Written by
     Mihaly Kallay, Peter R. Nagy, David Mester, Laszlo Gyevi-Nagy,
        Jozsef Csoka, P. Bernat Szabo, Zoltan Rolik, Gyula Samu,
     Jozsef Csontos, Bence Hegely, Adam Ganyecz, Istvan Ladjanszki,
       Lorant Szegedy, Bence Ladoczki, Klara Petrov, Mate Farkas,
                    Pal D. Mezei, and Reka A. Horvath
 
        Department of Physical Chemistry and Materials Science
            Budapest University of Technology and Economics
                  Budapest P.O.Box 91, H-1521 Hungary
 
                              www.mrcc.hu
 
                      Release date: March 18, 2022

 ************************ 2023-02-05 13:33:35 *************************
 Executing minp...

 Reading input from MINP...
 
 Input file:
 
calc=FNO-CCSD(T)
verbosity=3
mem=220GB
unit=angs
scfiguess=small
scfalg=locfit1
ccmaxit=400
ccsdalg=dfdirect
ccsdthreads=4
ccsdmkl=thr
ptthreads=4
lnoepsv=1e-5
naf_cor=1e-2
basis=aug-cc-pVTZ
basis_sm=def2-SVP
dfbasis_scf=def2-QZVPP-RI-JK
dfbasis_cor=aug-cc-pVTZ-RI
unit=angs
geom=xyz
16

C    34.41670262    34.07107264    10.41543014
C    33.11117461    33.45680459    10.91530835
H    34.24160149    35.00442132     9.86225048
H    34.94674030    33.36940783     9.75379242
H    35.10002891    34.30603621    11.24227357
H    32.42643037    33.26105434    10.07939442
H    32.59136835    34.12756100    11.61262818
H    33.28915165    32.50678735    11.43686767
C    28.86048386    15.07905792    10.40841099
C    30.16020184    14.46522380    10.92356869
H    28.33524345    14.37485224     9.74571409
H    29.04251974    16.00999726     9.85291346
H    28.16945653    15.31969220    11.22702485
H    30.85404226    14.26858257    10.09551480
H    29.97596163    13.51570424    11.44396498
H    30.67232128    15.13676568    11.62587494

--------------------Output has been truncated-------------------------


--------------------Output has been truncated-------------------------


--------------------Output has been truncated-------------------------


--------------------Output has been truncated-------------------------


--------------------Output has been truncated-------------------------


--------------------Output has been truncated-------------------------


--------------------Output has been truncated-------------------------


--------------------Output has been truncated-------------------------


--------------------Output has been truncated-------------------------


--------------------Output has been truncated-------------------------


 
 Reference energy [au]:                       -79.259538755076
 DF-MP2 singlet pair energy [au]:              -0.300255294510
 DF-MP2 triplet pair energy [au]:              -0.075031924402
 DF-SCS-MP2 correlation energy [au]:           -0.385316994880
 DF-SCS-MP2 energy [au]:                      -79.644855749955
 DF-SOS-MP2 correlation energy [au]:           -0.390331882863
 DF-SOS-MP2 energy [au]:                      -79.649870637939
 DF-MP2 correlation energy [au]:               -0.375287218913
 DF-MP2 energy [au]:                          -79.634825973988

 Results in FNO basis:
 
 
 Reference energy [au]:                       -79.259538755076
 DF-MP2 singlet pair energy [au]:              -0.299085077684
 DF-MP2 triplet pair energy [au]:              -0.074925651365
 DF-SCS-MP2 correlation energy [au]:           -0.383877310343
 DF-SCS-MP2 energy [au]:                      -79.643416065418
 DF-SOS-MP2 correlation energy [au]:           -0.388810600990
 DF-SOS-MP2 energy [au]:                      -79.648349356065
 DF-MP2 correlation energy [au]:               -0.374010729049
 DF-MP2 energy [au]:                          -79.633549484125

 Results in NAF basis:
 
 
 Reference energy [au]:                       -79.259538755076
 DF-MP2 singlet pair energy [au]:              -0.299024304732
 DF-MP2 triplet pair energy [au]:              -0.074964709957
 DF-SCS-MP2 correlation energy [au]:           -0.383817402331
 DF-SCS-MP2 energy [au]:                      -79.643356157407
 DF-SOS-MP2 correlation energy [au]:           -0.388731596152
 DF-SOS-MP2 energy [au]:                      -79.648270351228
 DF-MP2 correlation energy [au]:               -0.373989014689
 DF-MP2 energy [au]:                          -79.633527769765

 ************************ 2023-02-05 13:34:03 *************************
 Executing ccsd...

 Allocation of 220.0 Gbytes of memory...

 Direct DF-CCSD(T) calculation
 
 Convergence criterion:  1.0E-06
 
 Number of occupied/virtual/auxiliary orbitals:     7   139   378
    421.21 MB is the minimal memory requirement for (T)
     94.89 MB is the minimal memory requirement for CCSD
 
 Reference energy [au]:             -79.259538755076
 T1 contribution [au]:                0.000000000000
 Same spin MP2 energy [au]:          -0.074945121451
 Opposite spin MP2 energy [au]:      -0.299054520370
 MP2 correlation energy [au]:        -0.373999641821
 Total MP2 energy [au]:             -79.633538396896
 MP2 correction [au]:                -0.001287577092
 
 
 CPU time [min]:     0.312                   Wall time [min]:     0.016
 
 Starting CCSD iterations...
 
                     Residual norm          Energy
 Iteration  1        0.170712042342      -79.654466826182
 Iteration  2        0.042453984704      -79.664031953012
 Iteration  3        0.011296844057      -79.664988061538
 Iteration  4        0.002548605157      -79.664996376855
 Iteration  5        0.000536675791      -79.665001586062
 Iteration  6        0.000152294744      -79.665004663213
 Iteration  7        0.000036259170      -79.665004447775
 Iteration  8        0.000009249949      -79.665004739414
 
 CCSD iteration has converged in  8 steps.
     1534.57 MB memory was utilized by CCSD
 
 T1 diagnostic:      7.817E-03            D1 diagnostic:      1.354E-02
 
 T1 contribution [au]:                                  0.000000000000
 PPL energy contribution [au]:                          0.102912300270
 Scaled PPL energy contribution [au]:                   0.103271031239

 OS-PPL energy contribution [au]:                       0.089962055262
 Scaled OS-PPL energy contribution [au]:                0.090333163303
 SS-PPL energy contribution [au]:                       0.012950245008
 Scaled SS-PPL energy contribution [au]:                0.012962070890

 Opposite spin CCSD energy [au]:                       -0.334285307813
 Same spin CCSD energy [au]:                           -0.071199365305
 CCSD correlation energy [au]:                         -0.405484673118
 CCSD correlation energy + MP2 correction [au]:        -0.406772250210
 CCSD correlation energy + MP2 + PPL corr. [au]:       -0.406413519241
 Total CCSD energy [au]:                              -79.665023428194
 Total CCSD energy + MP2 correction [au]:             -79.666311005286
 Total CCSD energy + MP2 + PPL corr. [au]:            -79.665952274317
 
 CPU time [min]:     2.761                   Wall time [min]:     0.088
 
 Calculation of (T) correction...
 
 
      388.93 MB memory is utilized for (T)

 0%       25%       50%       75%       100%
 |---------|---------|---------|---------| 
 
 (T) correction [au]:                                    -0.013959022299
 (T*) correction [au]:                                   -0.014007079343
 (T+) correction [au]:                                   -0.014006497844
 CCSD(T) correlation energy [au]:                        -0.419443695417
 CCSD(T) correlation energy + MP2 correction [au]:       -0.420731272509
 CCSD(T+) correlation en. + MP2 + PPL corr. [au]:        -0.420420017085
 Total CCSD(T) energy [au]:                             -79.678982450493
 Total CCSD(T) energy + MP2 correction [au]:            -79.680270027585
 Total CCSD(T+) energy + MP2 + PPL corr. [au]:          -79.679958772161
 
 CPU time [min]:     3.466                   Wall time [min]:     0.110
 
 ************************ 2023-02-05 13:34:10 *************************
                      Normal termination of mrcc.
 **********************************************************************
