 **********************************************************************
                          MRCC program system
 **********************************************************************
 
                              Written by
     Mihaly Kallay, Peter R. Nagy, David Mester, Laszlo Gyevi-Nagy,
        Jozsef Csoka, P. Bernat Szabo, Zoltan Rolik, Gyula Samu,
     Jozsef Csontos, Bence Hegely, Adam Ganyecz, Istvan Ladjanszki,
       Lorant Szegedy, Bence Ladoczki, Klara Petrov, Mate Farkas,
                    Pal D. Mezei, and Reka A. Horvath
 
        Department of Physical Chemistry and Materials Science
            Budapest University of Technology and Economics
                  Budapest P.O.Box 91, H-1521 Hungary
 
                              www.mrcc.hu
 
                      Release date: March 18, 2022

 ************************ 2023-02-04 11:47:00 *************************
 Executing minp...

 Reading input from MINP...
 
 Input file:
 
calc=FNO-CCSD(T)
verbosity=3
mem=220GB
unit=angs
scfiguess=small
scfalg=locfit1
ccmaxit=400
ccsdalg=dfdirect
ccsdthreads=4
ccsdmkl=thr
ptthreads=4
lnoepsv=1e-5
naf_cor=1e-2
basis=aug-cc-pVTZ
basis_sm=def2-SVP
dfbasis_scf=def2-QZVPP-RI-JK
dfbasis_cor=aug-cc-pVTZ-RI
unit=angs
geom=xyz
10

C    29.54344629    29.54344629    16.97505516
H    29.54344670    30.44187631    17.60392580
H    29.54344662    28.64496649    17.60393442
H    30.44658454    29.54342777    16.34911135
H    28.64030918    29.54342779    16.34911130
C    33.76390794    21.10243009    16.97521401
H    32.86548827    21.10243029    17.60422237
H    33.76392673    22.00521795    16.34882774
H    33.76392671    20.19964331    16.34882693
H    34.66237815    21.10243027    17.60423123

--------------------Output has been truncated-------------------------


--------------------Output has been truncated-------------------------


--------------------Output has been truncated-------------------------


--------------------Output has been truncated-------------------------


--------------------Output has been truncated-------------------------


--------------------Output has been truncated-------------------------


--------------------Output has been truncated-------------------------


--------------------Output has been truncated-------------------------


--------------------Output has been truncated-------------------------


--------------------Output has been truncated-------------------------


 
 Reference energy [au]:                       -40.213014128002
 DF-MP2 singlet pair energy [au]:              -0.164419463817
 DF-MP2 triplet pair energy [au]:              -0.036594595108
 DF-SCS-MP2 correlation energy [au]:           -0.209501554950
 DF-SCS-MP2 energy [au]:                      -40.422515682952
 DF-SOS-MP2 correlation energy [au]:           -0.213745302962
 DF-SOS-MP2 energy [au]:                      -40.426759430964
 DF-MP2 correlation energy [au]:               -0.201014058925
 DF-MP2 energy [au]:                          -40.414028186927

 Results in FNO basis:
 
 
 Reference energy [au]:                       -40.213014128002
 DF-MP2 singlet pair energy [au]:              -0.163769069149
 DF-MP2 triplet pair energy [au]:              -0.036550826439
 DF-SCS-MP2 correlation energy [au]:           -0.208706491792
 DF-SCS-MP2 energy [au]:                      -40.421720619794
 DF-SOS-MP2 correlation energy [au]:           -0.212899789894
 DF-SOS-MP2 energy [au]:                      -40.425913917896
 DF-MP2 correlation energy [au]:               -0.200319895588
 DF-MP2 energy [au]:                          -40.413334023590

 Results in NAF basis:
 
 
 Reference energy [au]:                       -40.213014128002
 DF-MP2 singlet pair energy [au]:              -0.163734886067
 DF-MP2 triplet pair energy [au]:              -0.036570173484
 DF-SCS-MP2 correlation energy [au]:           -0.208671921109
 DF-SCS-MP2 energy [au]:                      -40.421686049111
 DF-SOS-MP2 correlation energy [au]:           -0.212855351888
 DF-SOS-MP2 energy [au]:                      -40.425869479890
 DF-MP2 correlation energy [au]:               -0.200305059551
 DF-MP2 energy [au]:                          -40.413319187553

 ************************ 2023-02-04 11:47:17 *************************
 Executing ccsd...

 Allocation of 220.0 Gbytes of memory...

 Direct DF-CCSD(T) calculation
 
 Convergence criterion:  1.0E-06
 
 Number of occupied/virtual/auxiliary orbitals:     4    83   221
     89.04 MB is the minimal memory requirement for (T)
     22.38 MB is the minimal memory requirement for CCSD
 
 Reference energy [au]:             -40.213014128002
 T1 contribution [au]:                0.000000000000
 Same spin MP2 energy [au]:          -0.036560472578
 Opposite spin MP2 energy [au]:      -0.163751895998
 MP2 correlation energy [au]:        -0.200312368576
 Total MP2 energy [au]:             -40.413326496578
 MP2 correction [au]:                -0.000701690349
 
 
 CPU time [min]:     0.059                   Wall time [min]:     0.004
 
 Starting CCSD iterations...
 
                     Residual norm          Energy
 Iteration  1        0.131887215773      -40.427794398075
 Iteration  2        0.033754564714      -40.433317403097
 Iteration  3        0.008181353861      -40.433783524700
 Iteration  4        0.001913844419      -40.433786126936
 Iteration  5        0.000362932071      -40.433793176585
 Iteration  6        0.000073614091      -40.433793309545
 Iteration  7        0.000017727725      -40.433793914771
 Iteration  8        0.000003099826      -40.433793932467
 
 CCSD iteration has converged in  8 steps.
      207.43 MB memory was utilized by CCSD
 
 T1 diagnostic:      7.475E-03            D1 diagnostic:      1.210E-02
 
 T1 contribution [au]:                                  0.000000000000
 PPL energy contribution [au]:                          0.057487207293
 Scaled PPL energy contribution [au]:                   0.057690238999

 OS-PPL energy contribution [au]:                       0.050872200523
 Scaled OS-PPL energy contribution [au]:                0.051084356409
 SS-PPL energy contribution [au]:                       0.006615006770
 Scaled SS-PPL energy contribution [au]:                0.006619560062

 Opposite spin CCSD energy [au]:                       -0.185468718764
 Same spin CCSD energy [au]:                           -0.035322417210
 CCSD correlation energy [au]:                         -0.220791135974
 CCSD correlation energy + MP2 correction [au]:        -0.221492826323
 CCSD correlation energy + MP2 + PPL corr. [au]:       -0.221289794618
 Total CCSD energy [au]:                              -40.433805263976
 Total CCSD energy + MP2 correction [au]:             -40.434506954325
 Total CCSD energy + MP2 + PPL corr. [au]:            -40.434303922620
 
 CPU time [min]:     0.389                   Wall time [min]:     0.013
 
 Calculation of (T) correction...
 
 
       67.65 MB memory is utilized for (T)

 0%       25%       50%       75%       100%
 |---------|---------|---------|---------| 
 
 (T) correction [au]:                                    -0.006568698726
 (T*) correction [au]:                                   -0.006591708750
 (T+) correction [au]:                                   -0.006591726311
 CCSD(T) correlation energy [au]:                        -0.227359834700
 CCSD(T) correlation energy + MP2 correction [au]:       -0.228061525049
 CCSD(T+) correlation en. + MP2 + PPL corr. [au]:        -0.227881520929
 Total CCSD(T) energy [au]:                             -40.440373962702
 Total CCSD(T) energy + MP2 correction [au]:            -40.441075653051
 Total CCSD(T+) energy + MP2 + PPL corr. [au]:          -40.440895648931
 
 CPU time [min]:     0.472                   Wall time [min]:     0.016
 
 ************************ 2023-02-04 11:47:18 *************************
                      Normal termination of mrcc.
 **********************************************************************
