 **********************************************************************
                          MRCC program system
 **********************************************************************
 
                              Written by
     Mihaly Kallay, Peter R. Nagy, David Mester, Laszlo Gyevi-Nagy,
        Jozsef Csoka, P. Bernat Szabo, Zoltan Rolik, Gyula Samu,
     Jozsef Csontos, Bence Hegely, Adam Ganyecz, Istvan Ladjanszki,
       Lorant Szegedy, Bence Ladoczki, Klara Petrov, Mate Farkas,
                    Pal D. Mezei, and Reka A. Horvath
 
        Department of Physical Chemistry and Materials Science
            Budapest University of Technology and Economics
                  Budapest P.O.Box 91, H-1521 Hungary
 
                              www.mrcc.hu
 
                      Release date: March 18, 2022

 ************************ 2023-02-04 11:53:05 *************************
 Executing minp...

 Reading input from MINP...
 
 Input file:
 
calc=FNO-CCSD(T)
verbosity=3
mem=220GB
unit=angs
scfiguess=small
scfalg=locfit1
ccmaxit=400
ccsdalg=dfdirect
ccsdthreads=4
ccsdmkl=thr
ptthreads=4
lnoepsv=1e-5
naf_cor=1e-2
basis=aug-cc-pVQZ
basis_sm=def2-SVP
dfbasis_scf=def2-QZVPP-RI-JK
dfbasis_cor=aug-cc-pVQZ-RI
unit=angs
geom=xyz
10

C    29.54344629    29.54344629    16.97505516
H    29.54344670    30.44187631    17.60392580
H    29.54344662    28.64496649    17.60393442
H    30.44658454    29.54342777    16.34911135
H    28.64030918    29.54342779    16.34911130
C    16.88193863    29.54341474    16.97521401
H    15.98351896    29.54341495    17.60422237
H    16.88195742    30.44620261    16.34882774
H    16.88195741    28.64062797    16.34882693
H    17.78040884    29.54341492    17.60423123

--------------------Output has been truncated-------------------------


--------------------Output has been truncated-------------------------


--------------------Output has been truncated-------------------------


--------------------Output has been truncated-------------------------


--------------------Output has been truncated-------------------------


--------------------Output has been truncated-------------------------


--------------------Output has been truncated-------------------------


--------------------Output has been truncated-------------------------


--------------------Output has been truncated-------------------------


--------------------Output has been truncated-------------------------


 
 Reference energy [au]:                       -80.431231526900
 DF-MP2 singlet pair energy [au]:              -0.347506243794
 DF-MP2 triplet pair energy [au]:              -0.074996847716
 DF-SCS-MP2 correlation energy [au]:           -0.442006441792
 DF-SCS-MP2 energy [au]:                      -80.873237968692
 DF-SOS-MP2 correlation energy [au]:           -0.451758116933
 DF-SOS-MP2 energy [au]:                      -80.882989643833
 DF-MP2 correlation energy [au]:               -0.422503091510
 DF-MP2 energy [au]:                          -80.853734618411

 Results in FNO basis:
 
 
 Reference energy [au]:                       -80.431231526900
 DF-MP2 singlet pair energy [au]:              -0.341236791607
 DF-MP2 triplet pair energy [au]:              -0.074714212368
 DF-SCS-MP2 correlation energy [au]:           -0.434388887384
 DF-SCS-MP2 energy [au]:                      -80.865620414284
 DF-SOS-MP2 correlation energy [au]:           -0.443607829089
 DF-SOS-MP2 energy [au]:                      -80.874839355989
 DF-MP2 correlation energy [au]:               -0.415951003974
 DF-MP2 energy [au]:                          -80.847182530875

 Results in NAF basis:
 
 
 Reference energy [au]:                       -80.431231526900
 DF-MP2 singlet pair energy [au]:              -0.341201860947
 DF-MP2 triplet pair energy [au]:              -0.074727587384
 DF-SCS-MP2 correlation energy [au]:           -0.434351428931
 DF-SCS-MP2 energy [au]:                      -80.865582955832
 DF-SOS-MP2 correlation energy [au]:           -0.443562419231
 DF-SOS-MP2 energy [au]:                      -80.874793946132
 DF-MP2 correlation energy [au]:               -0.415929448331
 DF-MP2 energy [au]:                          -80.847160975231

 ************************ 2023-02-04 11:53:42 *************************
 Executing ccsd...

 Allocation of 220.0 Gbytes of memory...

 Direct DF-CCSD(T) calculation
 
 Convergence criterion:  1.0E-06
 
 Number of occupied/virtual/auxiliary orbitals:     8   202   640
   1312.15 MB is the minimal memory requirement for (T)
    293.11 MB is the minimal memory requirement for CCSD
 
 Reference energy [au]:             -80.431231526900
 T1 contribution [au]:                0.000000000000
 Same spin MP2 energy [au]:          -0.074720891051
 Opposite spin MP2 energy [au]:      -0.341219306845
 MP2 correlation energy [au]:        -0.415940197896
 Total MP2 energy [au]:             -80.847171724796
 MP2 correction [au]:                -0.006562893615
 
 
 CPU time [min]:     0.507                   Wall time [min]:     0.058
 
 Starting CCSD iterations...
 
                     Residual norm          Energy
 Iteration  1        0.196125146225      -80.873061753469
 Iteration  2        0.050029777131      -80.884108997911
 Iteration  3        0.013819620014      -80.885274479362
 Iteration  4        0.002858083281      -80.885283477746
 Iteration  5        0.000530199198      -80.885296500037
 Iteration  6        0.000119926119      -80.885296253544
 Iteration  7        0.000028601678      -80.885297633701
 Iteration  8        0.000005287607      -80.885297747630
 Iteration  9        0.000001125764      -80.885297723672
 
 CCSD iteration has converged in  9 steps.
     6687.81 MB memory was utilized by CCSD
 
 T1 diagnostic:      7.996E-03            D1 diagnostic:      1.292E-02
 
 T1 contribution [au]:                                  0.000000000000
 PPL energy contribution [au]:                          0.121205105124
 Scaled PPL energy contribution [au]:                   0.123118678824

 OS-PPL energy contribution [au]:                       0.107548132416
 Scaled OS-PPL energy contribution [au]:                0.109534220462
 SS-PPL energy contribution [au]:                       0.013656972707
 Scaled SS-PPL energy contribution [au]:                0.013705576847

 Opposite spin CCSD energy [au]:                       -0.382007567783
 Same spin CCSD energy [au]:                           -0.072072033415
 CCSD correlation energy [au]:                         -0.454079601198
 CCSD correlation energy + MP2 correction [au]:        -0.460642494812
 CCSD correlation energy + MP2 + PPL corr. [au]:       -0.458728921112
 Total CCSD energy [au]:                              -80.885311128098
 Total CCSD energy + MP2 correction [au]:             -80.891874021713
 Total CCSD energy + MP2 + PPL corr. [au]:            -80.889960448013
 
 CPU time [min]:    12.989                   Wall time [min]:     0.415
 
 Calculation of (T) correction...
 
 
     1275.43 MB memory is utilized for (T)

 0%       25%       50%       75%       100%
 |---------|---------|---------|---------| 
 
 (T) correction [au]:                                    -0.013883652793
 (T*) correction [au]:                                   -0.014102715381
 (T+) correction [au]:                                   -0.014101898567
 CCSD(T) correlation energy [au]:                        -0.467963253991
 CCSD(T) correlation energy + MP2 correction [au]:       -0.474526147605
 CCSD(T+) correlation en. + MP2 + PPL corr. [au]:        -0.472830819679
 Total CCSD(T) energy [au]:                             -80.899194780891
 Total CCSD(T) energy + MP2 correction [au]:            -80.905757674506
 Total CCSD(T+) energy + MP2 + PPL corr. [au]:          -80.904062346580
 
 CPU time [min]:    17.005                   Wall time [min]:     0.546
 
 ************************ 2023-02-04 11:54:15 *************************
                      Normal termination of mrcc.
 **********************************************************************
