 **********************************************************************
                          MRCC program system
 **********************************************************************
 
                              Written by
     Mihaly Kallay, Peter R. Nagy, David Mester, Laszlo Gyevi-Nagy,
        Jozsef Csoka, P. Bernat Szabo, Zoltan Rolik, Gyula Samu,
     Jozsef Csontos, Bence Hegely, Adam Ganyecz, Istvan Ladjanszki,
       Lorant Szegedy, Bence Ladoczki, Klara Petrov, Mate Farkas,
                    Pal D. Mezei, and Reka A. Horvath
 
        Department of Physical Chemistry and Materials Science
            Budapest University of Technology and Economics
                  Budapest P.O.Box 91, H-1521 Hungary
 
                              www.mrcc.hu
 
                      Release date: March 18, 2022

 ************************ 2023-02-04 11:52:57 *************************
 Executing minp...

 Reading input from MINP...
 
 Input file:
 
calc=FNO-CCSD(T)
verbosity=3
mem=220GB
unit=angs
scfiguess=small
scfalg=locfit1
ccmaxit=400
ccsdalg=dfdirect
ccsdthreads=4
ccsdmkl=thr
ptthreads=4
lnoepsv=1e-5
naf_cor=1e-2
basis=aug-cc-pVTZ
basis_sm=def2-SVP
dfbasis_scf=def2-QZVPP-RI-JK
dfbasis_cor=aug-cc-pVTZ-RI
unit=angs
geom=xyz
10

C    29.54344629    29.54344629    16.97505516
H    29.54344670    30.44187631    17.60392580
H    29.54344662    28.64496649    17.60393442
H    30.44658454    29.54342777    16.34911135
H    28.64030918    29.54342779    16.34911130
C    16.88193863    29.54341474    16.97521401
H    15.98351896    29.54341495    17.60422237
H    16.88195742    30.44620261    16.34882774
H    16.88195741    28.64062797    16.34882693
H    17.78040884    29.54341492    17.60423123

--------------------Output has been truncated-------------------------


--------------------Output has been truncated-------------------------


--------------------Output has been truncated-------------------------


--------------------Output has been truncated-------------------------


--------------------Output has been truncated-------------------------


--------------------Output has been truncated-------------------------


--------------------Output has been truncated-------------------------


--------------------Output has been truncated-------------------------


--------------------Output has been truncated-------------------------


--------------------Output has been truncated-------------------------


 
 Reference energy [au]:                       -80.426031254663
 DF-MP2 singlet pair energy [au]:              -0.328838258749
 DF-MP2 triplet pair energy [au]:              -0.073189177426
 DF-SCS-MP2 correlation energy [au]:           -0.419002302975
 DF-SCS-MP2 energy [au]:                      -80.845033557638
 DF-SOS-MP2 correlation energy [au]:           -0.427489736374
 DF-SOS-MP2 energy [au]:                      -80.853520991037
 DF-MP2 correlation energy [au]:               -0.402027436176
 DF-MP2 energy [au]:                          -80.828058690839

 Results in FNO basis:
 
 
 Reference energy [au]:                       -80.426031254663
 DF-MP2 singlet pair energy [au]:              -0.327537671030
 DF-MP2 triplet pair energy [au]:              -0.073101637834
 DF-SCS-MP2 correlation energy [au]:           -0.417412417848
 DF-SCS-MP2 energy [au]:                      -80.843443672511
 DF-SOS-MP2 correlation energy [au]:           -0.425798972339
 DF-SOS-MP2 energy [au]:                      -80.851830227003
 DF-MP2 correlation energy [au]:               -0.400639308864
 DF-MP2 energy [au]:                          -80.826670563528

 Results in NAF basis:
 
 
 Reference energy [au]:                       -80.426031254663
 DF-MP2 singlet pair energy [au]:              -0.327472045241
 DF-MP2 triplet pair energy [au]:              -0.073140637626
 DF-SCS-MP2 correlation energy [au]:           -0.417346666831
 DF-SCS-MP2 energy [au]:                      -80.843377921494
 DF-SOS-MP2 correlation energy [au]:           -0.425713658813
 DF-SOS-MP2 energy [au]:                      -80.851744913476
 DF-MP2 correlation energy [au]:               -0.400612682866
 DF-MP2 energy [au]:                          -80.826643937530

 ************************ 2023-02-04 11:53:16 *************************
 Executing ccsd...

 Allocation of 220.0 Gbytes of memory...

 Direct DF-CCSD(T) calculation
 
 Convergence criterion:  1.0E-06
 
 Number of occupied/virtual/auxiliary orbitals:     8   166   443
    715.53 MB is the minimal memory requirement for (T)
    155.43 MB is the minimal memory requirement for CCSD
 
 Reference energy [au]:             -80.426031254663
 T1 contribution [au]:                0.000000000000
 Same spin MP2 energy [au]:          -0.073121084038
 Opposite spin MP2 energy [au]:      -0.327504695971
 MP2 correlation energy [au]:        -0.400625780009
 Total MP2 energy [au]:             -80.826657034673
 MP2 correction [au]:                -0.001401656166
 
 
 CPU time [min]:     0.351                   Wall time [min]:     0.016
 
 Starting CCSD iterations...
 
                     Residual norm          Energy
 Iteration  1        0.186522426236      -80.855592709727
 Iteration  2        0.047736432170      -80.866638947691
 Iteration  3        0.011571354613      -80.867571365203
 Iteration  4        0.002706677853      -80.867576575956
 Iteration  5        0.000513295537      -80.867590679938
 Iteration  6        0.000104123964      -80.867590945450
 Iteration  7        0.000025075755      -80.867592156189
 Iteration  8        0.000004384702      -80.867592191660
 Iteration  9        0.000000887378      -80.867592174621
 
 CCSD iteration has converged in  9 steps.
     3072.80 MB memory was utilized by CCSD
 
 T1 diagnostic:      7.475E-03            D1 diagnostic:      1.210E-02
 
 T1 contribution [au]:                                  0.000000000000
 PPL energy contribution [au]:                          0.114976452258
 Scaled PPL energy contribution [au]:                   0.115381575088

 OS-PPL energy contribution [au]:                       0.101746338503
 Scaled OS-PPL energy contribution [au]:                0.102169727882
 SS-PPL energy contribution [au]:                       0.013230113755
 Scaled SS-PPL energy contribution [au]:                0.013239154845

 Opposite spin CCSD energy [au]:                       -0.370937565394
 Same spin CCSD energy [au]:                           -0.070644574229
 CCSD correlation energy [au]:                         -0.441582139623
 CCSD correlation energy + MP2 correction [au]:        -0.442983795789
 CCSD correlation energy + MP2 + PPL corr. [au]:       -0.442578672959
 Total CCSD energy [au]:                              -80.867613394286
 Total CCSD energy + MP2 correction [au]:             -80.869015050452
 Total CCSD energy + MP2 + PPL corr. [au]:            -80.868609927622
 
 CPU time [min]:     5.410                   Wall time [min]:     0.158
 
 Calculation of (T) correction...
 
 
      698.30 MB memory is utilized for (T)

 0%       25%       50%       75%       100%
 |---------|---------|---------|---------| 
 
 (T) correction [au]:                                    -0.013137832150
 (T*) correction [au]:                                   -0.013183797049
 (T+) correction [au]:                                   -0.013183775290
 CCSD(T) correlation energy [au]:                        -0.454719971773
 CCSD(T) correlation energy + MP2 correction [au]:       -0.456121627939
 CCSD(T+) correlation en. + MP2 + PPL corr. [au]:        -0.455762448248
 Total CCSD(T) energy [au]:                             -80.880751226436
 Total CCSD(T) energy + MP2 correction [au]:            -80.882152882602
 Total CCSD(T+) energy + MP2 + PPL corr. [au]:          -80.881793702912
 
 CPU time [min]:     7.329                   Wall time [min]:     0.225
 
 ************************ 2023-02-04 11:53:29 *************************
                      Normal termination of mrcc.
 **********************************************************************
