 **********************************************************************
                          MRCC program system
 **********************************************************************
 
                              Written by
     Mihaly Kallay, Peter R. Nagy, David Mester, Laszlo Gyevi-Nagy,
        Jozsef Csoka, P. Bernat Szabo, Zoltan Rolik, Gyula Samu,
     Jozsef Csontos, Bence Hegely, Adam Ganyecz, Istvan Ladjanszki,
       Lorant Szegedy, Bence Ladoczki, Klara Petrov, Mate Farkas,
                    Pal D. Mezei, and Reka A. Horvath
 
        Department of Physical Chemistry and Materials Science
            Budapest University of Technology and Economics
                  Budapest P.O.Box 91, H-1521 Hungary
 
                              www.mrcc.hu
 
                      Release date: March 18, 2022

 ************************ 2022-11-13 23:02:56 *************************
 Executing minp...

 Reading input from MINP...
 
 Input file:
 
calc=LNO-CCSD(T)
scftype=rhf
verbosity=3
mem=150GB
symm=off
unit=angs
scfiguess=small
scfmaxit=1000
scfalg=locfit1


lcorthr=tight
bpedo=0.99999
ccmaxit=400
usedisk=0
ccsdalg=dfdirect
ccsdthreads=4
ccsdmkl=thr
ptthreads=4

charge=-8
core=6

basis=special
aug-cc-pVTZ
aug-cc-pVTZ
bse_CVTZ
aug-cc-pVTZ
aug-cc-pVTZ
aug-cc-pVTZ
aug-cc-pVTZ
aug-cc-pVTZ
nothing
nothing
nothing
nothing
nothing
nothing
nothing
nothing
nothing
nothing
nothing
nothing
nothing
nothing
nothing
nothing
nothing
nothing
nothing
nothing
nothing
nothing
nothing
nothing
nothing

basis_sm=special
def2-SVP
def2-SVP
def2-SVP
def2-SVP
def2-SVP
def2-SVP
def2-SVP
def2-SVP
nothing
nothing
nothing
nothing
nothing
nothing
nothing
nothing
nothing
nothing
nothing
nothing
nothing
nothing
nothing
nothing
nothing
nothing
nothing
nothing
nothing
nothing
nothing
nothing
nothing

dfbasis_scf=special
def2-QZVPP-RI-JK
def2-QZVPP-RI-JK
def2-QZVPP-RI-JK
def2-QZVPP-RI-JK
def2-QZVPP-RI-JK
def2-QZVPP-RI-JK
def2-QZVPP-RI-JK
def2-QZVPP-RI-JK
nothing
nothing
nothing
nothing
nothing
nothing
nothing
nothing
nothing
nothing
nothing
nothing
nothing
nothing
nothing
nothing
nothing
nothing
nothing
nothing
nothing
nothing
nothing
nothing
nothing

dfbasis_cor=special
aug-cc-pVTZ-RI
aug-cc-pVTZ-RI
bse_CVTZ_mp2fit
aug-cc-pVTZ-RI
aug-cc-pVTZ-RI
aug-cc-pVTZ-RI
aug-cc-pVTZ-RI
aug-cc-pVTZ-RI
nothing
nothing
nothing
nothing
nothing
nothing
nothing
nothing
nothing
nothing
nothing
nothing
nothing
nothing
nothing
nothing
nothing
nothing
nothing
nothing
nothing
nothing
nothing
nothing
nothing

ecp=special
none
none
none
none
none
none
none
none
ECP-12
ECP-12
ECP-12
ECP-12
ECP-12
ECP-12
ECP-12
ECP-12
ECP-12
ECP-12
ECP-12
ECP-12
ECP-12
ECP-12
ECP-12
ECP-12
ECP-12
ECP-12
ECP-12
ECP-12
ECP-12
ECP-12
ECP-12
ECP-12
ECP-12

unit=angs
geom=xyz
33
C1 O1 Mg1 O5 ECP25
C     0.00000000000    0.00000000000    2.43329433571
O     0.00000000000    0.00000000000    3.58011415037
Mg    0.00000000000    0.00000000000   -0.00772802266
O    -2.12018425659    0.00000000000   -0.00205593177
O     0.00000000000    2.12018425659   -0.00205593177
O     2.12018425659    0.00000000000   -0.00205593177
O     0.00000000000   -2.12018425659   -0.00205593177
O     0.00000000000    0.00000000000   -2.14902768389
Mg   -2.11144262254    2.11144262254   -0.05140086690
Mg    2.11144262254    2.11144262254   -0.05140086690
Mg    2.11144262254   -2.11144262254   -0.05140086690
Mg   -2.11144262254   -2.11144262254   -0.05140086690
Mg   -2.10705287155    0.00000000000   -2.14928009216
Mg    0.00000000000    2.10705287155   -2.14928009216
Mg    2.10705287155    0.00000000000   -2.14928009216
Mg    0.00000000000   -2.10705287155   -2.14928009216
Mg   -4.22049352791    0.00000000000   -0.05042534122
Mg    0.00000000000    4.22049352791   -0.05042534122
Mg    4.22049352791    0.00000000000   -0.05042534122
Mg    0.00000000000   -4.22049352791   -0.05042534122
Mg    0.00000000000    0.00000000000   -4.27562330794
Mg   -4.22049352791    2.10973412517   -2.15218714568
Mg   -2.10973412517    4.22049352791   -2.15218714568
Mg    2.10973412517    4.22049352791   -2.15218714568
Mg    4.22049352791    2.10973412517   -2.15218714568
Mg    4.22049352791   -2.10973412517   -2.15218714568
Mg    2.10973412517   -4.22049352791   -2.15218714568
Mg   -2.10973412517   -4.22049352791   -2.15218714568
Mg   -4.22049352791   -2.10973412517   -2.15218714568
Mg   -2.11024676395    2.11024676395   -4.27562330794
Mg    2.11024676395    2.11024676395   -4.27562330794
Mg    2.11024676395   -2.11024676395   -4.27562330794
Mg   -2.11024676395   -2.11024676395   -4.27562330794


ghost=serialno
1-2

qmmm=Amber
pointcharges
10185
     -2.11144262254    2.11144262254   -0.05140086690    2.00000000000
      2.11144262254    2.11144262254   -0.05140086690    2.00000000000
      2.11144262254   -2.11144262254   -0.05140086690    2.00000000000
     -2.11144262254   -2.11144262254   -0.05140086690    2.00000000000
--------------------Output has been truncated-------------------------


--------------------Output has been truncated-------------------------


--------------------Output has been truncated-------------------------


--------------------Output has been truncated-------------------------


--------------------Output has been truncated-------------------------


--------------------Output has been truncated-------------------------


--------------------Output has been truncated-------------------------


--------------------Output has been truncated-------------------------


--------------------Output has been truncated-------------------------


--------------------Output has been truncated-------------------------


 
 Final local CC results:
 
 Minimum number of correlated electrons:        38       ( 79.2%)
 Maximum number of correlated electrons:        48       (100.0%)
 Average number of correlated electrons:        41.0     ( 85.4%)
 Minimum number of correlated orbitals:         80       ( 21.3%)
 Maximum number of correlated orbitals:        133       ( 35.5%)
 Average number of correlated orbitals:        108.5     ( 28.9%)
 
 CPU time for integral calculations [min]:                  1.844
 Wall time for integral calculations [min]:                 0.484
 
 CPU time for SCF calculation [min]:                        7.869
 Wall time for SCF calculation [min]:                       0.206
 
 CPU time for orbital localization [min]:                   0.127
 Wall time for orbital localization [min]:                  0.007
 
 CPU time for integral transformations [min]:              99.539
 Wall time for integral transformations [min]:              2.601
 
 Reference energy [au]:                                 -9893.353108026766
 
 LMP2 correlation energy [au]:                             -1.629286596521
 Total LMP2 energy [au]:                                -9894.982394623286
 
 Total MP2 correction for dropped NAFs [au]:               -0.000071020415
 Total MP2 correction [au]:                                -0.002537701573
 
 CPU time for CCSD calculations [min]:                     60.138
 Total CPU time for CCSD [min]:                           169.517
 Wall time for CCSD calculations [min]:                     1.586
 Total wall time for CCSD [min]:                            4.885
 
 CCSD correlation energy [au]:                             -1.620837740763
 Total CCSD energy [au]:                                -9894.973945767528
 CCSD correlation energy + 0.5 MP2 corrections [au]:       -1.622106591549
 Total LNO-CCSD energy with MP2 corrections [au]:       -9894.975214618315
 
 CPU time for (T) corrections [min]:                       56.450
 Total CPU time for CCSD(T) [min]:                        225.967
 Wall time for (T) corrections [min]:                       1.415
 Total wall time for CCSD(T) [min]:                         6.300
 
 Total (T) correlation energy contribution [au]:           -0.055237452879
 Total (T) correlation energy+0.5 MP2 correction [au]:     -0.056506303666
 CCSD(T) correlation energy [au]:                          -1.676075193642
 Total CCSD(T) energy [au]:                             -9895.029183220408
 CCSD(T) correlation energy + MP2 corrections [au]:        -1.678612895215
 Total LNO-CCSD(T) energy with MP2 corrections [au]:    -9895.031720921981
 
 ======================================================================
 ======================================================================
 
 ************************ 2022-11-13 23:09:27 *************************
                      Normal termination of mrcc.
 **********************************************************************
