 **********************************************************************
                          MRCC program system
 **********************************************************************
 
                              Written by
     Mihaly Kallay, Peter R. Nagy, David Mester, Laszlo Gyevi-Nagy,
        Jozsef Csoka, P. Bernat Szabo, Zoltan Rolik, Gyula Samu,
     Jozsef Csontos, Bence Hegely, Adam Ganyecz, Istvan Ladjanszki,
       Lorant Szegedy, Bence Ladoczki, Klara Petrov, Mate Farkas,
                    Pal D. Mezei, and Reka A. Horvath
 
        Department of Physical Chemistry and Materials Science
            Budapest University of Technology and Economics
                  Budapest P.O.Box 91, H-1521 Hungary
 
                              www.mrcc.hu
 
                      Release date: March 18, 2022

 ************************ 2022-11-13 22:50:30 *************************
 Executing minp...

 Reading input from MINP...
 
 Input file:
 
calc=LNO-CCSD(T)
scftype=rhf
verbosity=3
mem=150GB
symm=off
unit=angs
scfiguess=small
scfmaxit=1000
scfalg=locfit1


lcorthr=tight
bpedo=0.99999
ccmaxit=400
usedisk=0
ccsdalg=dfdirect
ccsdthreads=4
ccsdmkl=thr
ptthreads=4

charge=-8
core=6

basis=special
aug-cc-pVDZ
aug-cc-pVDZ
bse_CVDZ
aug-cc-pVDZ
aug-cc-pVDZ
aug-cc-pVDZ
aug-cc-pVDZ
aug-cc-pVDZ
nothing
nothing
nothing
nothing
nothing
nothing
nothing
nothing
nothing
nothing
nothing
nothing
nothing
nothing
nothing
nothing
nothing
nothing
nothing
nothing
nothing
nothing
nothing
nothing
nothing

basis_sm=special
def2-SVP
def2-SVP
def2-SVP
def2-SVP
def2-SVP
def2-SVP
def2-SVP
def2-SVP
nothing
nothing
nothing
nothing
nothing
nothing
nothing
nothing
nothing
nothing
nothing
nothing
nothing
nothing
nothing
nothing
nothing
nothing
nothing
nothing
nothing
nothing
nothing
nothing
nothing

dfbasis_scf=special
def2-QZVPP-RI-JK
def2-QZVPP-RI-JK
def2-QZVPP-RI-JK
def2-QZVPP-RI-JK
def2-QZVPP-RI-JK
def2-QZVPP-RI-JK
def2-QZVPP-RI-JK
def2-QZVPP-RI-JK
nothing
nothing
nothing
nothing
nothing
nothing
nothing
nothing
nothing
nothing
nothing
nothing
nothing
nothing
nothing
nothing
nothing
nothing
nothing
nothing
nothing
nothing
nothing
nothing
nothing

dfbasis_cor=special
aug-cc-pVDZ-RI
aug-cc-pVDZ-RI
bse_CVDZ_mp2fit
aug-cc-pVDZ-RI
aug-cc-pVDZ-RI
aug-cc-pVDZ-RI
aug-cc-pVDZ-RI
aug-cc-pVDZ-RI
nothing
nothing
nothing
nothing
nothing
nothing
nothing
nothing
nothing
nothing
nothing
nothing
nothing
nothing
nothing
nothing
nothing
nothing
nothing
nothing
nothing
nothing
nothing
nothing
nothing

ecp=special
none
none
none
none
none
none
none
none
ECP-12
ECP-12
ECP-12
ECP-12
ECP-12
ECP-12
ECP-12
ECP-12
ECP-12
ECP-12
ECP-12
ECP-12
ECP-12
ECP-12
ECP-12
ECP-12
ECP-12
ECP-12
ECP-12
ECP-12
ECP-12
ECP-12
ECP-12
ECP-12
ECP-12

unit=angs
geom=xyz
33
C1 O1 Mg1 O5 ECP25
C     0.00000000000    0.00000000000    2.43329433571
O     0.00000000000    0.00000000000    3.58011415037
Mg    0.00000000000    0.00000000000   -0.00772802266
O    -2.12018425659    0.00000000000   -0.00205593177
O     0.00000000000    2.12018425659   -0.00205593177
O     2.12018425659    0.00000000000   -0.00205593177
O     0.00000000000   -2.12018425659   -0.00205593177
O     0.00000000000    0.00000000000   -2.14902768389
Mg   -2.11144262254    2.11144262254   -0.05140086690
Mg    2.11144262254    2.11144262254   -0.05140086690
Mg    2.11144262254   -2.11144262254   -0.05140086690
Mg   -2.11144262254   -2.11144262254   -0.05140086690
Mg   -2.10705287155    0.00000000000   -2.14928009216
Mg    0.00000000000    2.10705287155   -2.14928009216
Mg    2.10705287155    0.00000000000   -2.14928009216
Mg    0.00000000000   -2.10705287155   -2.14928009216
Mg   -4.22049352791    0.00000000000   -0.05042534122
Mg    0.00000000000    4.22049352791   -0.05042534122
Mg    4.22049352791    0.00000000000   -0.05042534122
Mg    0.00000000000   -4.22049352791   -0.05042534122
Mg    0.00000000000    0.00000000000   -4.27562330794
Mg   -4.22049352791    2.10973412517   -2.15218714568
Mg   -2.10973412517    4.22049352791   -2.15218714568
Mg    2.10973412517    4.22049352791   -2.15218714568
Mg    4.22049352791    2.10973412517   -2.15218714568
Mg    4.22049352791   -2.10973412517   -2.15218714568
Mg    2.10973412517   -4.22049352791   -2.15218714568
Mg   -2.10973412517   -4.22049352791   -2.15218714568
Mg   -4.22049352791   -2.10973412517   -2.15218714568
Mg   -2.11024676395    2.11024676395   -4.27562330794
Mg    2.11024676395    2.11024676395   -4.27562330794
Mg    2.11024676395   -2.11024676395   -4.27562330794
Mg   -2.11024676395   -2.11024676395   -4.27562330794


ghost=serialno
1-2

qmmm=Amber
pointcharges
10185
     -2.11144262254    2.11144262254   -0.05140086690    2.00000000000
      2.11144262254    2.11144262254   -0.05140086690    2.00000000000
      2.11144262254   -2.11144262254   -0.05140086690    2.00000000000
     -2.11144262254   -2.11144262254   -0.05140086690    2.00000000000
--------------------Output has been truncated-------------------------


--------------------Output has been truncated-------------------------


--------------------Output has been truncated-------------------------


--------------------Output has been truncated-------------------------


--------------------Output has been truncated-------------------------


--------------------Output has been truncated-------------------------


--------------------Output has been truncated-------------------------


--------------------Output has been truncated-------------------------


--------------------Output has been truncated-------------------------


--------------------Output has been truncated-------------------------


 
 Final local CC results:
 
 Minimum number of correlated electrons:        36       ( 75.0%)
 Maximum number of correlated electrons:        48       (100.0%)
 Average number of correlated electrons:        39.5     ( 82.3%)
 Minimum number of correlated orbitals:         56       ( 30.8%)
 Maximum number of correlated orbitals:        100       ( 54.9%)
 Average number of correlated orbitals:         79.9     ( 43.9%)
 
 CPU time for integral calculations [min]:                  0.695
 Wall time for integral calculations [min]:                 0.090
 
 CPU time for SCF calculation [min]:                        4.656
 Wall time for SCF calculation [min]:                       0.123
 
 CPU time for orbital localization [min]:                   0.063
 Wall time for orbital localization [min]:                  0.003
 
 CPU time for integral transformations [min]:              26.969
 Wall time for integral transformations [min]:              0.688
 
 Reference energy [au]:                                 -9893.274860372157
 
 LMP2 correlation energy [au]:                             -1.234328265257
 Total LMP2 energy [au]:                                -9894.509188637414
 
 Total MP2 correction for dropped NAFs [au]:                0.000563680691
 Total MP2 correction [au]:                                -0.001097296713
 
 CPU time for CCSD calculations [min]:                     25.805
 Total CPU time for CCSD [min]:                            58.188
 Wall time for CCSD calculations [min]:                     0.647
 Total wall time for CCSD [min]:                            1.552
 
 CCSD correlation energy [au]:                             -1.243393817349
 Total CCSD energy [au]:                                -9894.518254189506
 CCSD correlation energy + 0.5 MP2 corrections [au]:       -1.243942465706
 Total LNO-CCSD energy with MP2 corrections [au]:       -9894.518802837863
 
 CPU time for (T) corrections [min]:                       19.679
 Total CPU time for CCSD(T) [min]:                         77.867
 Wall time for (T) corrections [min]:                       0.494
 Total wall time for CCSD(T) [min]:                         2.046
 
 Total (T) correlation energy contribution [au]:           -0.029606890066
 Total (T) correlation energy+0.5 MP2 correction [au]:     -0.030155538423
 CCSD(T) correlation energy [au]:                          -1.273000707416
 Total CCSD(T) energy [au]:                             -9894.547861079573
 CCSD(T) correlation energy + MP2 corrections [au]:        -1.274098004128
 Total LNO-CCSD(T) energy with MP2 corrections [au]:    -9894.548958376286
 
 ======================================================================
 ======================================================================
 
 ************************ 2022-11-13 22:52:45 *************************
                      Normal termination of mrcc.
 **********************************************************************
