 **********************************************************************
                          MRCC program system
 **********************************************************************
 
                              Written by
     Mihaly Kallay, Peter R. Nagy, David Mester, Laszlo Gyevi-Nagy,
        Jozsef Csoka, P. Bernat Szabo, Zoltan Rolik, Gyula Samu,
     Jozsef Csontos, Bence Hegely, Adam Ganyecz, Istvan Ladjanszki,
       Lorant Szegedy, Bence Ladoczki, Klara Petrov, Mate Farkas,
                    Pal D. Mezei, and Reka A. Horvath
 
        Department of Physical Chemistry and Materials Science
            Budapest University of Technology and Economics
                  Budapest P.O.Box 91, H-1521 Hungary
 
                              www.mrcc.hu
 
                      Release date: March 18, 2022

 ************************ 2023-02-05 13:30:56 *************************
 Executing minp...

 Reading input from MINP...
 
 Input file:
 
calc=FNO-CCSD(T)
verbosity=3
mem=220GB
unit=angs
scfiguess=small
scfalg=locfit1
ccmaxit=400
ccsdalg=dfdirect
ccsdthreads=4
ccsdmkl=thr
ptthreads=4
lnoepsv=1e-5
naf_cor=1e-2
basis=aug-cc-pVQZ
basis_sm=def2-SVP
dfbasis_scf=def2-QZVPP-RI-JK
dfbasis_cor=aug-cc-pVQZ-RI
unit=angs
geom=xyz
16

C    34.41670262    34.07107264    10.41543014
C    33.11117461    33.45680459    10.91530835
H    34.24160149    35.00442132     9.86225048
H    34.94674030    33.36940783     9.75379242
H    35.10002891    34.30603621    11.24227357
H    32.42643037    33.26105434    10.07939442
H    32.59136835    34.12756100    11.61262818
H    33.28915165    32.50678735    11.43686767
C    28.86048160    44.62250599    10.40840413
C    30.16019719    44.00866602    10.92356358
H    28.33519739    43.91831109     9.74574003
H    29.04252993    45.55346314     9.85293887
H    28.16943746    44.86310997    11.22701403
H    30.85410596    43.81200646    10.09557036
H    29.97595347    43.05914398    11.44395536
H    30.67229494    44.68025716    11.62583355

--------------------Output has been truncated-------------------------


--------------------Output has been truncated-------------------------


--------------------Output has been truncated-------------------------


--------------------Output has been truncated-------------------------


--------------------Output has been truncated-------------------------


--------------------Output has been truncated-------------------------


--------------------Output has been truncated-------------------------


--------------------Output has been truncated-------------------------


--------------------Output has been truncated-------------------------


--------------------Output has been truncated-------------------------


 
 Reference energy [au]:                       -79.264437071219
 DF-MP2 singlet pair energy [au]:              -0.317722477175
 DF-MP2 triplet pair energy [au]:              -0.076906338337
 DF-SCS-MP2 correlation energy [au]:           -0.406902418723
 DF-SCS-MP2 energy [au]:                      -79.671339489942
 DF-SOS-MP2 correlation energy [au]:           -0.413039220328
 DF-SOS-MP2 energy [au]:                      -79.677476291547
 DF-MP2 correlation energy [au]:               -0.394628815512
 DF-MP2 energy [au]:                          -79.659065886731

 Results in FNO basis:
 
 
 Reference energy [au]:                       -79.264437071219
 DF-MP2 singlet pair energy [au]:              -0.312548807529
 DF-MP2 triplet pair energy [au]:              -0.076620450776
 DF-SCS-MP2 correlation energy [au]:           -0.400598719294
 DF-SCS-MP2 energy [au]:                      -79.665035790513
 DF-SOS-MP2 correlation energy [au]:           -0.406313449788
 DF-SOS-MP2 energy [au]:                      -79.670750521007
 DF-MP2 correlation energy [au]:               -0.389169258306
 DF-MP2 energy [au]:                          -79.653606329525

 Results in NAF basis:
 
 
 Reference energy [au]:                       -79.264437071219
 DF-MP2 singlet pair energy [au]:              -0.312527845747
 DF-MP2 triplet pair energy [au]:              -0.076628457379
 DF-SCS-MP2 correlation energy [au]:           -0.400576234023
 DF-SCS-MP2 energy [au]:                      -79.665013305242
 DF-SOS-MP2 correlation energy [au]:           -0.406286199471
 DF-SOS-MP2 energy [au]:                      -79.670723270690
 DF-MP2 correlation energy [au]:               -0.389156303126
 DF-MP2 energy [au]:                          -79.653593374345

 ************************ 2023-02-05 13:32:32 *************************
 Executing ccsd...

 Allocation of 220.0 Gbytes of memory...

 Direct DF-CCSD(T) calculation
 
 Convergence criterion:  1.0E-06
 
 Number of occupied/virtual/auxiliary orbitals:     7   175   551
    851.32 MB is the minimal memory requirement for (T)
    190.43 MB is the minimal memory requirement for CCSD
 
 Reference energy [au]:             -79.264437071219
 T1 contribution [au]:                0.000000000000
 Same spin MP2 energy [au]:          -0.076624451514
 Opposite spin MP2 energy [au]:      -0.312538321931
 MP2 correlation energy [au]:        -0.389162773445
 Total MP2 energy [au]:             -79.653599844664
 MP2 correction [au]:                -0.005466042067
 
 
 CPU time [min]:     0.402                   Wall time [min]:     0.049
 
 Starting CCSD iterations...
 
                     Residual norm          Energy
 Iteration  1        0.179604460574      -79.671512779257
 Iteration  2        0.044511326570      -79.681094944285
 Iteration  3        0.013089817140      -79.682230669600
 Iteration  4        0.002650290993      -79.682237892398
 Iteration  5        0.000560968640      -79.682243757661
 Iteration  6        0.000156931394      -79.682245808517
 Iteration  7        0.000037096230      -79.682245583463
 Iteration  8        0.000009998717      -79.682245947352
 
 CCSD iteration has converged in  8 steps.
     3804.92 MB memory was utilized by CCSD
 
 T1 diagnostic:      8.231E-03            D1 diagnostic:      1.428E-02
 
 T1 contribution [au]:                                  0.000000000000
 PPL energy contribution [au]:                          0.108935414240
 Scaled PPL energy contribution [au]:                   0.110475167647

 OS-PPL energy contribution [au]:                       0.095542202447
 Scaled OS-PPL energy contribution [au]:                0.097137138861
 SS-PPL energy contribution [au]:                       0.013393211793
 Scaled SS-PPL energy contribution [au]:                0.013441289942

 Opposite spin CCSD energy [au]:                       -0.345140178240
 Same spin CCSD energy [au]:                           -0.072676450417
 CCSD correlation energy [au]:                         -0.417816628657
 CCSD correlation energy + MP2 correction [au]:        -0.423282670724
 CCSD correlation energy + MP2 + PPL corr. [au]:       -0.421742917317
 Total CCSD energy [au]:                              -79.682253699876
 Total CCSD energy + MP2 correction [au]:             -79.687719741943
 Total CCSD energy + MP2 + PPL corr. [au]:            -79.686179988536
 
 CPU time [min]:     6.499                   Wall time [min]:     0.236
 
 Calculation of (T) correction...
 
 
      783.34 MB memory is utilized for (T)

 0%       25%       50%       75%       100%
 |---------|---------|---------|---------| 
 
 (T) correction [au]:                                    -0.014762658858
 (T*) correction [au]:                                   -0.014970009920
 (T+) correction [au]:                                   -0.014966478423
 CCSD(T) correlation energy [au]:                        -0.432579287515
 CCSD(T) correlation energy + MP2 correction [au]:       -0.438045329582
 CCSD(T+) correlation en. + MP2 + PPL corr. [au]:        -0.436709395740
 Total CCSD(T) energy [au]:                             -79.697016358734
 Total CCSD(T) energy + MP2 correction [au]:            -79.702482400801
 Total CCSD(T+) energy + MP2 + PPL corr. [au]:          -79.701146466959
 
 CPU time [min]:     8.206                   Wall time [min]:     0.293
 
 ************************ 2023-02-05 13:32:50 *************************
                      Normal termination of mrcc.
 **********************************************************************
