 **********************************************************************
                          MRCC program system
 **********************************************************************
 
                              Written by
     Mihaly Kallay, Peter R. Nagy, David Mester, Laszlo Gyevi-Nagy,
        Jozsef Csoka, P. Bernat Szabo, Zoltan Rolik, Gyula Samu,
     Jozsef Csontos, Bence Hegely, Adam Ganyecz, Istvan Ladjanszki,
       Lorant Szegedy, Bence Ladoczki, Klara Petrov, Mate Farkas,
                    Pal D. Mezei, and Reka A. Horvath
 
        Department of Physical Chemistry and Materials Science
            Budapest University of Technology and Economics
                  Budapest P.O.Box 91, H-1521 Hungary
 
                              www.mrcc.hu
 
                      Release date: March 18, 2022

 ************************ 2023-02-04 11:45:37 *************************
 Executing minp...

 Reading input from MINP...
 
 Input file:
 
calc=FNO-CCSD(T)
verbosity=3
mem=220GB
unit=angs
scfiguess=small
scfalg=locfit1
ccmaxit=400
ccsdalg=dfdirect
ccsdthreads=4
ccsdmkl=thr
ptthreads=4
lnoepsv=1e-5
naf_cor=1e-2
basis=aug-cc-pVTZ
basis_sm=def2-SVP
dfbasis_scf=def2-QZVPP-RI-JK
dfbasis_cor=aug-cc-pVTZ-RI
unit=angs
geom=xyz
10

C    29.54344629    29.54344629    16.97505516
H    29.54344670    30.44187631    17.60392580
H    29.54344662    28.64496649    17.60393442
H    30.44658454    29.54342777    16.34911135
H    28.64030918    29.54342779    16.34911130
C    33.76393855    42.20492347    16.97520498
H    33.76393892    41.30640290    17.60414260
H    32.86104419    42.20490482    16.34891491
H    33.76393902    43.10339369    17.60413400
H    34.66683405    42.20490470    16.34891492

--------------------Output has been truncated-------------------------


--------------------Output has been truncated-------------------------


--------------------Output has been truncated-------------------------


--------------------Output has been truncated-------------------------


--------------------Output has been truncated-------------------------


--------------------Output has been truncated-------------------------


--------------------Output has been truncated-------------------------


--------------------Output has been truncated-------------------------


--------------------Output has been truncated-------------------------


--------------------Output has been truncated-------------------------


 
 Reference energy [au]:                       -40.213014574719
 DF-MP2 singlet pair energy [au]:              -0.164419515999
 DF-MP2 triplet pair energy [au]:              -0.036594291556
 DF-SCS-MP2 correlation energy [au]:           -0.209501516384
 DF-SCS-MP2 energy [au]:                      -40.422516091103
 DF-SOS-MP2 correlation energy [au]:           -0.213745370798
 DF-SOS-MP2 energy [au]:                      -40.426759945518
 DF-MP2 correlation energy [au]:               -0.201013807555
 DF-MP2 energy [au]:                          -40.414028382274

 Results in FNO basis:
 
 
 Reference energy [au]:                       -40.213014574719
 DF-MP2 singlet pair energy [au]:              -0.163769232243
 DF-MP2 triplet pair energy [au]:              -0.036550533039
 DF-SCS-MP2 correlation energy [au]:           -0.208706589704
 DF-SCS-MP2 energy [au]:                      -40.421721164424
 DF-SOS-MP2 correlation energy [au]:           -0.212900001916
 DF-SOS-MP2 energy [au]:                      -40.425914576635
 DF-MP2 correlation energy [au]:               -0.200319765282
 DF-MP2 energy [au]:                          -40.413334340001

 Results in NAF basis:
 
 
 Reference energy [au]:                       -40.213014574719
 DF-MP2 singlet pair energy [au]:              -0.163734954551
 DF-MP2 triplet pair energy [au]:              -0.036569812398
 DF-SCS-MP2 correlation energy [au]:           -0.208671882927
 DF-SCS-MP2 energy [au]:                      -40.421686457647
 DF-SOS-MP2 correlation energy [au]:           -0.212855440916
 DF-SOS-MP2 energy [au]:                      -40.425870015636
 DF-MP2 correlation energy [au]:               -0.200304766949
 DF-MP2 energy [au]:                          -40.413319341668

 ************************ 2023-02-04 11:45:54 *************************
 Executing ccsd...

 Allocation of 220.0 Gbytes of memory...

 Direct DF-CCSD(T) calculation
 
 Convergence criterion:  1.0E-06
 
 Number of occupied/virtual/auxiliary orbitals:     4    83   221
     89.04 MB is the minimal memory requirement for (T)
     22.38 MB is the minimal memory requirement for CCSD
 
 Reference energy [au]:             -40.213014574719
 T1 contribution [au]:                0.000000000000
 Same spin MP2 energy [au]:          -0.036560145338
 Opposite spin MP2 energy [au]:      -0.163752011858
 MP2 correlation energy [au]:        -0.200312157195
 Total MP2 energy [au]:             -40.413326731915
 MP2 correction [au]:                -0.000701650359
 
 
 CPU time [min]:     0.059                   Wall time [min]:     0.003
 
 Starting CCSD iterations...
 
                     Residual norm          Energy
 Iteration  1        0.131888739805      -40.427794562994
 Iteration  2        0.033755577517      -40.433317828885
 Iteration  3        0.008182000653      -40.433784024593
 Iteration  4        0.001913984049      -40.433786629867
 Iteration  5        0.000362974912      -40.433793682276
 Iteration  6        0.000073626301      -40.433793815141
 Iteration  7        0.000017731188      -40.433794420532
 Iteration  8        0.000003100500      -40.433794438246
 
 CCSD iteration has converged in  8 steps.
      207.43 MB memory was utilized by CCSD
 
 T1 diagnostic:      7.476E-03            D1 diagnostic:      1.210E-02
 
 T1 contribution [au]:                                  0.000000000000
 PPL energy contribution [au]:                          0.057488332151
 Scaled PPL energy contribution [au]:                   0.057691379893

 OS-PPL energy contribution [au]:                       0.050873353253
 Scaled OS-PPL energy contribution [au]:                0.051085508521
 SS-PPL energy contribution [au]:                       0.006614978898
 Scaled SS-PPL energy contribution [au]:                0.006619542761

 Opposite spin CCSD energy [au]:                       -0.185469383257
 Same spin CCSD energy [au]:                           -0.035321917904
 CCSD correlation energy [au]:                         -0.220791301161
 CCSD correlation energy + MP2 correction [au]:        -0.221492951520
 CCSD correlation energy + MP2 + PPL corr. [au]:       -0.221289903778
 Total CCSD energy [au]:                              -40.433805875881
 Total CCSD energy + MP2 correction [au]:             -40.434507526240
 Total CCSD energy + MP2 + PPL corr. [au]:            -40.434304478497
 
 CPU time [min]:     0.387                   Wall time [min]:     0.013
 
 Calculation of (T) correction...
 
 
       67.65 MB memory is utilized for (T)

 0%       25%       50%       75%       100%
 |---------|---------|---------|---------| 
 
 (T) correction [au]:                                    -0.006568861140
 (T*) correction [au]:                                   -0.006591870446
 (T+) correction [au]:                                   -0.006591890660
 CCSD(T) correlation energy [au]:                        -0.227360162301
 CCSD(T) correlation energy + MP2 correction [au]:       -0.228061812660
 CCSD(T+) correlation en. + MP2 + PPL corr. [au]:        -0.227881794438
 Total CCSD(T) energy [au]:                             -40.440374737021
 Total CCSD(T) energy + MP2 correction [au]:            -40.441076387380
 Total CCSD(T+) energy + MP2 + PPL corr. [au]:          -40.440896369157
 
 CPU time [min]:     0.485                   Wall time [min]:     0.016
 
 ************************ 2023-02-04 11:45:55 *************************
                      Normal termination of mrcc.
 **********************************************************************
