 **********************************************************************
                          MRCC program system
 **********************************************************************
 
                              Written by
     Mihaly Kallay, Peter R. Nagy, David Mester, Laszlo Gyevi-Nagy,
        Jozsef Csoka, P. Bernat Szabo, Zoltan Rolik, Gyula Samu,
     Jozsef Csontos, Bence Hegely, Adam Ganyecz, Istvan Ladjanszki,
       Lorant Szegedy, Bence Ladoczki, Klara Petrov, Mate Farkas,
                    Pal D. Mezei, and Reka A. Horvath
 
        Department of Physical Chemistry and Materials Science
            Budapest University of Technology and Economics
                  Budapest P.O.Box 91, H-1521 Hungary
 
                              www.mrcc.hu
 
                      Release date: March 18, 2022

 ************************ 2023-02-05 13:33:33 *************************
 Executing minp...

 Reading input from MINP...
 
 Input file:
 
calc=FNO-CCSD(T)
verbosity=3
mem=220GB
unit=angs
scfiguess=small
scfalg=locfit1
ccmaxit=400
ccsdalg=dfdirect
ccsdthreads=4
ccsdmkl=thr
ptthreads=4
lnoepsv=1e-5
naf_cor=1e-2
basis=aug-cc-pVQZ
basis_sm=def2-SVP
dfbasis_scf=def2-QZVPP-RI-JK
dfbasis_cor=aug-cc-pVQZ-RI
unit=angs
geom=xyz
16

C    34.41670262    34.07107264    10.41543014
C    33.11117461    33.45680459    10.91530835
H    34.24160149    35.00442132     9.86225048
H    34.94674030    33.36940783     9.75379242
H    35.10002891    34.30603621    11.24227357
H    32.42643037    33.26105434    10.07939442
H    32.59136835    34.12756100    11.61262818
H    33.28915165    32.50678735    11.43686767
C    28.86048160    19.29955203    10.40840413
C    30.16019719    18.68571206    10.92356358
H    28.33519739    18.59535713     9.74574003
H    29.04252993    20.23050918     9.85293887
H    28.16943746    19.54015601    11.22701403
H    30.85410596    18.48905250    10.09557036
H    29.97595347    17.73619002    11.44395536
H    30.67229494    19.35730320    11.62583355

--------------------Output has been truncated-------------------------


--------------------Output has been truncated-------------------------


--------------------Output has been truncated-------------------------


--------------------Output has been truncated-------------------------


--------------------Output has been truncated-------------------------


--------------------Output has been truncated-------------------------


--------------------Output has been truncated-------------------------


--------------------Output has been truncated-------------------------


--------------------Output has been truncated-------------------------


--------------------Output has been truncated-------------------------


 
 Reference energy [au]:                       -79.264437035339
 DF-MP2 singlet pair energy [au]:              -0.317722283715
 DF-MP2 triplet pair energy [au]:              -0.076906315310
 DF-SCS-MP2 correlation energy [au]:           -0.406902178894
 DF-SCS-MP2 energy [au]:                      -79.671339214233
 DF-SOS-MP2 correlation energy [au]:           -0.413038968829
 DF-SOS-MP2 energy [au]:                      -79.677476004168
 DF-MP2 correlation energy [au]:               -0.394628599025
 DF-MP2 energy [au]:                          -79.659065634364

 Results in FNO basis:
 
 
 Reference energy [au]:                       -79.264437035339
 DF-MP2 singlet pair energy [au]:              -0.312548721857
 DF-MP2 triplet pair energy [au]:              -0.076620434164
 DF-SCS-MP2 correlation energy [au]:           -0.400598610950
 DF-SCS-MP2 energy [au]:                      -79.665035646289
 DF-SOS-MP2 correlation energy [au]:           -0.406313338415
 DF-SOS-MP2 energy [au]:                      -79.670750373754
 DF-MP2 correlation energy [au]:               -0.389169156021
 DF-MP2 energy [au]:                          -79.653606191360

 Results in NAF basis:
 
 
 Reference energy [au]:                       -79.264437035339
 DF-MP2 singlet pair energy [au]:              -0.312527759626
 DF-MP2 triplet pair energy [au]:              -0.076628440657
 DF-SCS-MP2 correlation energy [au]:           -0.400576125103
 DF-SCS-MP2 energy [au]:                      -79.665013160442
 DF-SOS-MP2 correlation energy [au]:           -0.406286087513
 DF-SOS-MP2 energy [au]:                      -79.670723122852
 DF-MP2 correlation energy [au]:               -0.389156200282
 DF-MP2 energy [au]:                          -79.653593235621

 ************************ 2023-02-05 13:35:00 *************************
 Executing ccsd...

 Allocation of 220.0 Gbytes of memory...

 Direct DF-CCSD(T) calculation
 
 Convergence criterion:  1.0E-06
 
 Number of occupied/virtual/auxiliary orbitals:     7   175   551
    851.32 MB is the minimal memory requirement for (T)
    190.43 MB is the minimal memory requirement for CCSD
 
 Reference energy [au]:             -79.264437035339
 T1 contribution [au]:                0.000000000000
 Same spin MP2 energy [au]:          -0.076624434847
 Opposite spin MP2 energy [au]:      -0.312538236034
 MP2 correlation energy [au]:        -0.389162670881
 Total MP2 energy [au]:             -79.653599706220
 MP2 correction [au]:                -0.005465928144
 
 
 CPU time [min]:     0.403                   Wall time [min]:     0.050
 
 Starting CCSD iterations...
 
                     Residual norm          Energy
 Iteration  1        0.179604442519      -79.671512638867
 Iteration  2        0.044511308624      -79.681094801795
 Iteration  3        0.013089807112      -79.682230525925
 Iteration  4        0.002650289717      -79.682237748633
 Iteration  5        0.000560968293      -79.682243613882
 Iteration  6        0.000156931277      -79.682245664735
 Iteration  7        0.000037096197      -79.682245439680
 Iteration  8        0.000009998708      -79.682245803568
 
 CCSD iteration has converged in  8 steps.
     3804.92 MB memory was utilized by CCSD
 
 T1 diagnostic:      8.231E-03            D1 diagnostic:      1.428E-02
 
 T1 contribution [au]:                                  0.000000000000
 PPL energy contribution [au]:                          0.108935355664
 Scaled PPL energy contribution [au]:                   0.110475076918

 OS-PPL energy contribution [au]:                       0.095542150128
 Scaled OS-PPL energy contribution [au]:                0.097137053422
 SS-PPL energy contribution [au]:                       0.013393205536
 Scaled SS-PPL energy contribution [au]:                0.013441282574

 Opposite spin CCSD energy [au]:                       -0.345140087057
 Same spin CCSD energy [au]:                           -0.072676433995
 CCSD correlation energy [au]:                         -0.417816521052
 CCSD correlation energy + MP2 correction [au]:        -0.423282449196
 CCSD correlation energy + MP2 + PPL corr. [au]:       -0.421742727942
 Total CCSD energy [au]:                              -79.682253556391
 Total CCSD energy + MP2 correction [au]:             -79.687719484534
 Total CCSD energy + MP2 + PPL corr. [au]:            -79.686179763281
 
 CPU time [min]:     6.590                   Wall time [min]:     0.240
 
 Calculation of (T) correction...
 
 
      783.34 MB memory is utilized for (T)

 0%       25%       50%       75%       100%
 |---------|---------|---------|---------| 
 
 (T) correction [au]:                                    -0.014762650383
 (T*) correction [au]:                                   -0.014969997059
 (T+) correction [au]:                                   -0.014966465628
 CCSD(T) correlation energy [au]:                        -0.432579171435
 CCSD(T) correlation energy + MP2 correction [au]:       -0.438045099578
 CCSD(T+) correlation en. + MP2 + PPL corr. [au]:        -0.436709193570
 Total CCSD(T) energy [au]:                             -79.697016206774
 Total CCSD(T) energy + MP2 correction [au]:            -79.702482134917
 Total CCSD(T+) energy + MP2 + PPL corr. [au]:          -79.701146228909
 
 CPU time [min]:     8.275                   Wall time [min]:     0.296
 
 ************************ 2023-02-05 13:35:18 *************************
                      Normal termination of mrcc.
 **********************************************************************
