 **********************************************************************
                          MRCC program system
 **********************************************************************
 
                              Written by
     Mihaly Kallay, Peter R. Nagy, David Mester, Laszlo Gyevi-Nagy,
        Jozsef Csoka, P. Bernat Szabo, Zoltan Rolik, Gyula Samu,
     Jozsef Csontos, Bence Hegely, Adam Ganyecz, Istvan Ladjanszki,
       Lorant Szegedy, Bence Ladoczki, Klara Petrov, Mate Farkas,
                    Pal D. Mezei, and Reka A. Horvath
 
        Department of Physical Chemistry and Materials Science
            Budapest University of Technology and Economics
                  Budapest P.O.Box 91, H-1521 Hungary
 
                              www.mrcc.hu
 
                      Release date: March 18, 2022

 ************************ 2023-02-05 13:33:24 *************************
 Executing minp...

 Reading input from MINP...
 
 Input file:
 
calc=FNO-CCSD(T)
verbosity=3
mem=220GB
unit=angs
scfiguess=small
scfalg=locfit1
ccmaxit=400
ccsdalg=dfdirect
ccsdthreads=4
ccsdmkl=thr
ptthreads=4
lnoepsv=1e-5
naf_cor=1e-2
basis=aug-cc-pVTZ
basis_sm=def2-SVP
dfbasis_scf=def2-QZVPP-RI-JK
dfbasis_cor=aug-cc-pVTZ-RI
unit=angs
geom=xyz
16

C    34.41670262    34.07107264    10.41543014
C    33.11117461    33.45680459    10.91530835
H    34.24160149    35.00442132     9.86225048
H    34.94674030    33.36940783     9.75379242
H    35.10002891    34.30603621    11.24227357
H    32.42643037    33.26105434    10.07939442
H    32.59136835    34.12756100    11.61262818
H    33.28915165    32.50678735    11.43686767
C    28.86048160    19.29955203    10.40840413
C    30.16019719    18.68571206    10.92356358
H    28.33519739    18.59535713     9.74574003
H    29.04252993    20.23050918     9.85293887
H    28.16943746    19.54015601    11.22701403
H    30.85410596    18.48905250    10.09557036
H    29.97595347    17.73619002    11.44395536
H    30.67229494    19.35730320    11.62583355

--------------------Output has been truncated-------------------------


--------------------Output has been truncated-------------------------


--------------------Output has been truncated-------------------------


--------------------Output has been truncated-------------------------


--------------------Output has been truncated-------------------------


--------------------Output has been truncated-------------------------


--------------------Output has been truncated-------------------------


--------------------Output has been truncated-------------------------


--------------------Output has been truncated-------------------------


--------------------Output has been truncated-------------------------


 
 Reference energy [au]:                       -79.259550503622
 DF-MP2 singlet pair energy [au]:              -0.300254293650
 DF-MP2 triplet pair energy [au]:              -0.075031442748
 DF-SCS-MP2 correlation energy [au]:           -0.385315633296
 DF-SCS-MP2 energy [au]:                      -79.644866136917
 DF-SOS-MP2 correlation energy [au]:           -0.390330581745
 DF-SOS-MP2 energy [au]:                      -79.649881085366
 DF-MP2 correlation energy [au]:               -0.375285736398
 DF-MP2 energy [au]:                          -79.634836240020

 Results in FNO basis:
 
 
 Reference energy [au]:                       -79.259550503622
 DF-MP2 singlet pair energy [au]:              -0.299084110767
 DF-MP2 triplet pair energy [au]:              -0.074925176878
 DF-SCS-MP2 correlation energy [au]:           -0.383875991880
 DF-SCS-MP2 energy [au]:                      -79.643426495501
 DF-SOS-MP2 correlation energy [au]:           -0.388809343997
 DF-SOS-MP2 energy [au]:                      -79.648359847619
 DF-MP2 correlation energy [au]:               -0.374009287645
 DF-MP2 energy [au]:                          -79.633559791267

 Results in NAF basis:
 
 
 Reference energy [au]:                       -79.259550503622
 DF-MP2 singlet pair energy [au]:              -0.299023379266
 DF-MP2 triplet pair energy [au]:              -0.074964221244
 DF-SCS-MP2 correlation energy [au]:           -0.383816128867
 DF-SCS-MP2 energy [au]:                      -79.643366632489
 DF-SOS-MP2 correlation energy [au]:           -0.388730393046
 DF-SOS-MP2 energy [au]:                      -79.648280896667
 DF-MP2 correlation energy [au]:               -0.373987600510
 DF-MP2 energy [au]:                          -79.633538104132

 ************************ 2023-02-05 13:33:54 *************************
 Executing ccsd...

 Allocation of 220.0 Gbytes of memory...

 Direct DF-CCSD(T) calculation
 
 Convergence criterion:  1.0E-06
 
 Number of occupied/virtual/auxiliary orbitals:     7   139   378
    421.21 MB is the minimal memory requirement for (T)
     94.89 MB is the minimal memory requirement for CCSD
 
 Reference energy [au]:             -79.259550503622
 T1 contribution [au]:                0.000000000000
 Same spin MP2 energy [au]:          -0.074944639881
 Opposite spin MP2 energy [au]:      -0.299053574201
 MP2 correlation energy [au]:        -0.373998214082
 Total MP2 energy [au]:             -79.633548717704
 MP2 correction [au]:                -0.001287522316
 
 
 CPU time [min]:     0.318                   Wall time [min]:     0.017
 
 Starting CCSD iterations...
 
                     Residual norm          Energy
 Iteration  1        0.170712145402      -79.654477278580
 Iteration  2        0.042453498603      -79.664042195794
 Iteration  3        0.011296535821      -79.664998241854
 Iteration  4        0.002548541584      -79.665006563506
 Iteration  5        0.000536665446      -79.665011770238
 Iteration  6        0.000152292044      -79.665014847869
 Iteration  7        0.000036257619      -79.665014632581
 Iteration  8        0.000009249088      -79.665014924217
 
 CCSD iteration has converged in  8 steps.
     1534.57 MB memory was utilized by CCSD
 
 T1 diagnostic:      7.816E-03            D1 diagnostic:      1.353E-02
 
 T1 contribution [au]:                                  0.000000000000
 PPL energy contribution [au]:                          0.102911447629
 Scaled PPL energy contribution [au]:                   0.103270157645

 OS-PPL energy contribution [au]:                       0.089961250172
 Scaled OS-PPL energy contribution [au]:                0.090332332870
 SS-PPL energy contribution [au]:                       0.012950197457
 Scaled SS-PPL energy contribution [au]:                0.012962024211

 Opposite spin CCSD energy [au]:                       -0.334284075498
 Same spin CCSD energy [au]:                           -0.071199012682
 CCSD correlation energy [au]:                         -0.405483088179
 CCSD correlation energy + MP2 correction [au]:        -0.406770610495
 CCSD correlation energy + MP2 + PPL corr. [au]:       -0.406411900479
 Total CCSD energy [au]:                              -79.665033591801
 Total CCSD energy + MP2 correction [au]:             -79.666321114117
 Total CCSD energy + MP2 + PPL corr. [au]:            -79.665962404101
 
 CPU time [min]:     2.748                   Wall time [min]:     0.088
 
 Calculation of (T) correction...
 
 
      388.93 MB memory is utilized for (T)

 0%       25%       50%       75%       100%
 |---------|---------|---------|---------| 
 
 (T) correction [au]:                                    -0.013958893983
 (T*) correction [au]:                                   -0.014006948724
 (T+) correction [au]:                                   -0.014006366402
 CCSD(T) correlation energy [au]:                        -0.419441982162
 CCSD(T) correlation energy + MP2 correction [au]:       -0.420729504478
 CCSD(T+) correlation en. + MP2 + PPL corr. [au]:        -0.420418266882
 Total CCSD(T) energy [au]:                             -79.678992485784
 Total CCSD(T) energy + MP2 correction [au]:            -79.680280008100
 Total CCSD(T+) energy + MP2 + PPL corr. [au]:          -79.679968770503
 
 CPU time [min]:     3.453                   Wall time [min]:     0.110
 
 ************************ 2023-02-05 13:34:00 *************************
                      Normal termination of mrcc.
 **********************************************************************
