 **********************************************************************
                          MRCC program system
 **********************************************************************
 
                              Written by
     Mihaly Kallay, Peter R. Nagy, David Mester, Laszlo Gyevi-Nagy,
        Jozsef Csoka, P. Bernat Szabo, Zoltan Rolik, Gyula Samu,
     Jozsef Csontos, Bence Hegely, Adam Ganyecz, Istvan Ladjanszki,
       Lorant Szegedy, Bence Ladoczki, Klara Petrov, Mate Farkas,
                    Pal D. Mezei, and Reka A. Horvath
 
        Department of Physical Chemistry and Materials Science
            Budapest University of Technology and Economics
                  Budapest P.O.Box 91, H-1521 Hungary
 
                              www.mrcc.hu
 
                      Release date: March 18, 2022

 ************************ 2023-02-04 11:41:02 *************************
 Executing minp...

 Reading input from MINP...
 
 Input file:
 
calc=FNO-CCSD(T)
verbosity=3
mem=220GB
unit=angs
scfiguess=small
scfalg=locfit1
ccmaxit=400
ccsdalg=dfdirect
ccsdthreads=4
ccsdmkl=thr
ptthreads=4
lnoepsv=1e-5
naf_cor=1e-2
basis=aug-cc-pVQZ
basis_sm=def2-SVP
dfbasis_scf=def2-QZVPP-RI-JK
dfbasis_cor=aug-cc-pVQZ-RI
unit=angs
geom=xyz
10

C    29.54344629    29.54344629    16.97505516
H    29.54344670    30.44187631    17.60392580
H    29.54344662    28.64496649    17.60393442
H    30.44658454    29.54342777    16.34911135
H    28.64030918    29.54342779    16.34911130
C    29.54341583    16.88193772    16.97524142
H    28.64492395    16.88193796    17.60416815
H    30.44195768    16.88193792    17.60417697
H    29.54343437    15.97913951    16.34882759
H    29.54343444    17.78473706    16.34882843

--------------------Output has been truncated-------------------------


--------------------Output has been truncated-------------------------


--------------------Output has been truncated-------------------------


--------------------Output has been truncated-------------------------


--------------------Output has been truncated-------------------------


--------------------Output has been truncated-------------------------


--------------------Output has been truncated-------------------------


--------------------Output has been truncated-------------------------


--------------------Output has been truncated-------------------------


--------------------Output has been truncated-------------------------


 
 Reference energy [au]:                       -80.431229587116
 DF-MP2 singlet pair energy [au]:              -0.347506678177
 DF-MP2 triplet pair energy [au]:              -0.074996775363
 DF-SCS-MP2 correlation energy [au]:           -0.442006938933
 DF-SCS-MP2 energy [au]:                      -80.873236526050
 DF-SOS-MP2 correlation energy [au]:           -0.451758681630
 DF-SOS-MP2 energy [au]:                      -80.882988268746
 DF-MP2 correlation energy [au]:               -0.422503453539
 DF-MP2 energy [au]:                          -80.853733040656

 Results in FNO basis:
 
 
 Reference energy [au]:                       -80.431229587116
 DF-MP2 singlet pair energy [au]:              -0.341237200405
 DF-MP2 triplet pair energy [au]:              -0.074714139472
 DF-SCS-MP2 correlation energy [au]:           -0.434389353643
 DF-SCS-MP2 energy [au]:                      -80.865618940760
 DF-SOS-MP2 correlation energy [au]:           -0.443608360526
 DF-SOS-MP2 energy [au]:                      -80.874837947643
 DF-MP2 correlation energy [au]:               -0.415951339877
 DF-MP2 energy [au]:                          -80.847180926993

 Results in NAF basis:
 
 
 Reference energy [au]:                       -80.431229587116
 DF-MP2 singlet pair energy [au]:              -0.341202128983
 DF-MP2 triplet pair energy [au]:              -0.074727491600
 DF-SCS-MP2 correlation energy [au]:           -0.434351718647
 DF-SCS-MP2 energy [au]:                      -80.865581305763
 DF-SOS-MP2 correlation energy [au]:           -0.443562767678
 DF-SOS-MP2 energy [au]:                      -80.874792354795
 DF-MP2 correlation energy [au]:               -0.415929620583
 DF-MP2 energy [au]:                          -80.847159207700

 ************************ 2023-02-04 11:41:40 *************************
 Executing ccsd...

 Allocation of 220.0 Gbytes of memory...

 Direct DF-CCSD(T) calculation
 
 Convergence criterion:  1.0E-06
 
 Number of occupied/virtual/auxiliary orbitals:     8   202   640
   1312.15 MB is the minimal memory requirement for (T)
    293.11 MB is the minimal memory requirement for CCSD
 
 Reference energy [au]:             -80.431229587116
 T1 contribution [au]:                0.000000000000
 Same spin MP2 energy [au]:          -0.074720806662
 Opposite spin MP2 energy [au]:      -0.341219645170
 MP2 correlation energy [au]:        -0.415940451832
 Total MP2 energy [au]:             -80.847170038948
 MP2 correction [au]:                -0.006563001707
 
 
 CPU time [min]:     0.498                   Wall time [min]:     0.058
 
 Starting CCSD iterations...
 
                     Residual norm          Energy
 Iteration  1        0.196125781327      -80.873060029726
 Iteration  2        0.050030256084      -80.884107436233
 Iteration  3        0.013819915048      -80.885272968137
 Iteration  4        0.002858143851      -80.885281969361
 Iteration  5        0.000530217543      -80.885294993208
 Iteration  6        0.000119931858      -80.885294746691
 Iteration  7        0.000028603107      -80.885296126920
 Iteration  8        0.000005287878      -80.885296240858
 Iteration  9        0.000001125821      -80.885296216897
 
 CCSD iteration has converged in  9 steps.
     6687.81 MB memory was utilized by CCSD
 
 T1 diagnostic:      7.996E-03            D1 diagnostic:      1.292E-02
 
 T1 contribution [au]:                                  0.000000000000
 PPL energy contribution [au]:                          0.121205929285
 Scaled PPL energy contribution [au]:                   0.123119571088

 OS-PPL energy contribution [au]:                       0.107548944901
 Scaled OS-PPL energy contribution [au]:                0.109535099163
 SS-PPL energy contribution [au]:                       0.013656984384
 Scaled SS-PPL energy contribution [au]:                0.013705593869

 Opposite spin CCSD energy [au]:                       -0.382008269085
 Same spin CCSD energy [au]:                           -0.072071848378
 CCSD correlation energy [au]:                         -0.454080117464
 CCSD correlation energy + MP2 correction [au]:        -0.460643119171
 CCSD correlation energy + MP2 + PPL corr. [au]:       -0.458729477368
 Total CCSD energy [au]:                              -80.885309704580
 Total CCSD energy + MP2 correction [au]:             -80.891872706288
 Total CCSD energy + MP2 + PPL corr. [au]:            -80.889959064485
 
 CPU time [min]:    13.579                   Wall time [min]:     0.431
 
 Calculation of (T) correction...
 
 
     1275.43 MB memory is utilized for (T)

 0%       25%       50%       75%       100%
 |---------|---------|---------|---------| 
 
 (T) correction [au]:                                    -0.013883773674
 (T*) correction [au]:                                   -0.014102841644
 (T+) correction [au]:                                   -0.014102027973
 CCSD(T) correlation energy [au]:                        -0.467963891138
 CCSD(T) correlation energy + MP2 correction [au]:       -0.474526892845
 CCSD(T+) correlation en. + MP2 + PPL corr. [au]:        -0.472831505341
 Total CCSD(T) energy [au]:                             -80.899193478254
 Total CCSD(T) energy + MP2 correction [au]:            -80.905756479962
 Total CCSD(T+) energy + MP2 + PPL corr. [au]:          -80.904061092457
 
 CPU time [min]:    17.594                   Wall time [min]:     0.563
 
 ************************ 2023-02-04 11:42:13 *************************
                      Normal termination of mrcc.
 **********************************************************************
