 **********************************************************************
                          MRCC program system
 **********************************************************************
 
                              Written by
     Mihaly Kallay, Peter R. Nagy, David Mester, Laszlo Gyevi-Nagy,
        Jozsef Csoka, P. Bernat Szabo, Zoltan Rolik, Gyula Samu,
     Jozsef Csontos, Bence Hegely, Adam Ganyecz, Istvan Ladjanszki,
       Lorant Szegedy, Bence Ladoczki, Klara Petrov, Mate Farkas,
                    Pal D. Mezei, and Reka A. Horvath
 
        Department of Physical Chemistry and Materials Science
            Budapest University of Technology and Economics
                  Budapest P.O.Box 91, H-1521 Hungary
 
                              www.mrcc.hu
 
                      Release date: March 18, 2022

 ************************ 2023-02-04 11:41:01 *************************
 Executing minp...

 Reading input from MINP...
 
 Input file:
 
calc=FNO-CCSD(T)
verbosity=3
mem=220GB
unit=angs
scfiguess=small
scfalg=locfit1
ccmaxit=400
ccsdalg=dfdirect
ccsdthreads=4
ccsdmkl=thr
ptthreads=4
lnoepsv=1e-5
naf_cor=1e-2
basis=aug-cc-pVTZ
basis_sm=def2-SVP
dfbasis_scf=def2-QZVPP-RI-JK
dfbasis_cor=aug-cc-pVTZ-RI
unit=angs
geom=xyz
10

C    29.54344629    29.54344629    16.97505516
H    29.54344670    30.44187631    17.60392580
H    29.54344662    28.64496649    17.60393442
H    30.44658454    29.54342777    16.34911135
H    28.64030918    29.54342779    16.34911130
C    29.54341583    16.88193772    16.97524142
H    28.64492395    16.88193796    17.60416815
H    30.44195768    16.88193792    17.60417697
H    29.54343437    15.97913951    16.34882759
H    29.54343444    17.78473706    16.34882843

--------------------Output has been truncated-------------------------


--------------------Output has been truncated-------------------------


--------------------Output has been truncated-------------------------


--------------------Output has been truncated-------------------------


--------------------Output has been truncated-------------------------


--------------------Output has been truncated-------------------------


--------------------Output has been truncated-------------------------


--------------------Output has been truncated-------------------------


--------------------Output has been truncated-------------------------


--------------------Output has been truncated-------------------------


 
 Reference energy [au]:                       -80.426029365488
 DF-MP2 singlet pair energy [au]:              -0.328838775008
 DF-MP2 triplet pair energy [au]:              -0.073189119500
 DF-SCS-MP2 correlation energy [au]:           -0.419002903176
 DF-SCS-MP2 energy [au]:                      -80.845032268663
 DF-SOS-MP2 correlation energy [au]:           -0.427490407510
 DF-SOS-MP2 energy [au]:                      -80.853519772998
 DF-MP2 correlation energy [au]:               -0.402027894507
 DF-MP2 energy [au]:                          -80.828057259995

 Results in FNO basis:
 
 
 Reference energy [au]:                       -80.426029365488
 DF-MP2 singlet pair energy [au]:              -0.327538163469
 DF-MP2 triplet pair energy [au]:              -0.073101578364
 DF-SCS-MP2 correlation energy [au]:           -0.417412988950
 DF-SCS-MP2 energy [au]:                      -80.843442354438
 DF-SOS-MP2 correlation energy [au]:           -0.425799612509
 DF-SOS-MP2 energy [au]:                      -80.851828977997
 DF-MP2 correlation energy [au]:               -0.400639741832
 DF-MP2 energy [au]:                          -80.826669107320

 Results in NAF basis:
 
 
 Reference energy [au]:                       -80.426029365488
 DF-MP2 singlet pair energy [au]:              -0.327472450336
 DF-MP2 triplet pair energy [au]:              -0.073140528249
 DF-SCS-MP2 correlation energy [au]:           -0.417347116486
 DF-SCS-MP2 energy [au]:                      -80.843376481973
 DF-SOS-MP2 correlation energy [au]:           -0.425714185436
 DF-SOS-MP2 energy [au]:                      -80.851743550924
 DF-MP2 correlation energy [au]:               -0.400612978584
 DF-MP2 energy [au]:                          -80.826642344072

 ************************ 2023-02-04 11:41:19 *************************
 Executing ccsd...

 Allocation of 220.0 Gbytes of memory...

 Direct DF-CCSD(T) calculation
 
 Convergence criterion:  1.0E-06
 
 Number of occupied/virtual/auxiliary orbitals:     8   166   443
    715.53 MB is the minimal memory requirement for (T)
    155.43 MB is the minimal memory requirement for CCSD
 
 Reference energy [au]:             -80.426029365488
 T1 contribution [au]:                0.000000000000
 Same spin MP2 energy [au]:          -0.073120999609
 Opposite spin MP2 energy [au]:      -0.327505144722
 MP2 correlation energy [au]:        -0.400626144332
 Total MP2 energy [au]:             -80.826655509819
 MP2 correction [au]:                -0.001401750176
 
 
 CPU time [min]:     0.351                   Wall time [min]:     0.015
 
 Starting CCSD iterations...
 
                     Residual norm          Energy
 Iteration  1        0.186523121619      -80.855591135939
 Iteration  2        0.047736913281      -80.866637539521
 Iteration  3        0.011571650774      -80.867570005730
 Iteration  4        0.002706742858      -80.867575219120
 Iteration  5        0.000513313939      -80.867589324880
 Iteration  6        0.000104129023      -80.867589590290
 Iteration  7        0.000025077125      -80.867590801106
 Iteration  8        0.000004384984      -80.867590836587
 Iteration  9        0.000000887457      -80.867590819545
 
 CCSD iteration has converged in  9 steps.
     3072.80 MB memory was utilized by CCSD
 
 T1 diagnostic:      7.475E-03            D1 diagnostic:      1.210E-02
 
 T1 contribution [au]:                                  0.000000000000
 PPL energy contribution [au]:                          0.114977300807
 Scaled PPL energy contribution [au]:                   0.115382473257

 OS-PPL energy contribution [au]:                       0.101747178712
 Scaled OS-PPL energy contribution [au]:                0.102170605888
 SS-PPL energy contribution [au]:                       0.013230122095
 Scaled SS-PPL energy contribution [au]:                0.013239172589

 Opposite spin CCSD energy [au]:                       -0.370938364263
 Same spin CCSD energy [au]:                           -0.070644374539
 CCSD correlation energy [au]:                         -0.441582738802
 CCSD correlation energy + MP2 correction [au]:        -0.442984488977
 CCSD correlation energy + MP2 + PPL corr. [au]:       -0.442579316527
 Total CCSD energy [au]:                              -80.867612104290
 Total CCSD energy + MP2 correction [au]:             -80.869013854465
 Total CCSD energy + MP2 + PPL corr. [au]:            -80.868608682015
 
 CPU time [min]:     5.408                   Wall time [min]:     0.158
 
 Calculation of (T) correction...
 
 
      698.30 MB memory is utilized for (T)

 0%       25%       50%       75%       100%
 |---------|---------|---------|---------| 
 
 (T) correction [au]:                                    -0.013137952090
 (T*) correction [au]:                                   -0.013183920450
 (T+) correction [au]:                                   -0.013183901090
 CCSD(T) correlation energy [au]:                        -0.454720690892
 CCSD(T) correlation energy + MP2 correction [au]:       -0.456122441068
 CCSD(T+) correlation en. + MP2 + PPL corr. [au]:        -0.455763217617
 Total CCSD(T) energy [au]:                             -80.880750056380
 Total CCSD(T) energy + MP2 correction [au]:            -80.882151806556
 Total CCSD(T+) energy + MP2 + PPL corr. [au]:          -80.881792583105
 
 CPU time [min]:     7.385                   Wall time [min]:     0.226
 
 ************************ 2023-02-04 11:41:33 *************************
                      Normal termination of mrcc.
 **********************************************************************
