 **********************************************************************
                          MRCC program system
 **********************************************************************
 
                              Written by
     Mihaly Kallay, Peter R. Nagy, David Mester, Laszlo Gyevi-Nagy,
        Jozsef Csoka, P. Bernat Szabo, Zoltan Rolik, Gyula Samu,
     Jozsef Csontos, Bence Hegely, Adam Ganyecz, Istvan Ladjanszki,
       Lorant Szegedy, Bence Ladoczki, Klara Petrov, Mate Farkas,
                    Pal D. Mezei, and Reka A. Horvath
 
        Department of Physical Chemistry and Materials Science
            Budapest University of Technology and Economics
                  Budapest P.O.Box 91, H-1521 Hungary
 
                              www.mrcc.hu
 
                      Release date: March 18, 2022

 ************************ 2023-02-05 13:16:40 *************************
 Executing minp...

 Reading input from MINP...
 
 Input file:
 
calc=FNO-CCSD(T)
verbosity=3
mem=220GB
unit=angs
scfiguess=small
scfalg=locfit1
ccmaxit=400
ccsdalg=dfdirect
ccsdthreads=4
ccsdmkl=thr
ptthreads=4
lnoepsv=1e-5
naf_cor=1e-2
basis=aug-cc-pVQZ
basis_sm=def2-SVP
dfbasis_scf=def2-QZVPP-RI-JK
dfbasis_cor=aug-cc-pVQZ-RI
unit=angs
geom=xyz
16

C    34.41670262    34.07107264    10.41543014
C    33.11117461    33.45680459    10.91530835
H    34.24160149    35.00442132     9.86225048
H    34.94674030    33.36940783     9.75379242
H    35.10002891    34.30603621    11.24227357
H    32.42643037    33.26105434    10.07939442
H    32.59136835    34.12756100    11.61262818
H    33.28915165    32.50678735    11.43686767
C    45.74245091    36.18152134    10.40840413
C    47.04216650    35.56768136    10.92356358
H    45.21716670    35.47732643     9.74574003
H    45.92449924    37.11247849     9.85293887
H    45.05140676    36.42212532    11.22701403
H    47.73607526    35.37102181    10.09557036
H    46.85792277    34.61815933    11.44395536
H    47.55426425    36.23927251    11.62583355

--------------------Output has been truncated-------------------------


--------------------Output has been truncated-------------------------


--------------------Output has been truncated-------------------------


--------------------Output has been truncated-------------------------


--------------------Output has been truncated-------------------------


--------------------Output has been truncated-------------------------


--------------------Output has been truncated-------------------------


--------------------Output has been truncated-------------------------


--------------------Output has been truncated-------------------------


--------------------Output has been truncated-------------------------


 
 Reference energy [au]:                       -79.264425256286
 DF-MP2 singlet pair energy [au]:              -0.317723421713
 DF-MP2 triplet pair energy [au]:              -0.076906845796
 DF-SCS-MP2 correlation energy [au]:           -0.406903721321
 DF-SCS-MP2 energy [au]:                      -79.671328977608
 DF-SOS-MP2 correlation energy [au]:           -0.413040448228
 DF-SOS-MP2 energy [au]:                      -79.677465704514
 DF-MP2 correlation energy [au]:               -0.394630267509
 DF-MP2 energy [au]:                          -79.659055523795

 Results in FNO basis:
 
 
 Reference energy [au]:                       -79.264425256286
 DF-MP2 singlet pair energy [au]:              -0.312549759561
 DF-MP2 triplet pair energy [au]:              -0.076620956083
 DF-SCS-MP2 correlation energy [au]:           -0.400600030167
 DF-SCS-MP2 energy [au]:                      -79.665025286454
 DF-SOS-MP2 correlation energy [au]:           -0.406314687429
 DF-SOS-MP2 energy [au]:                      -79.670739943715
 DF-MP2 correlation energy [au]:               -0.389170715643
 DF-MP2 energy [au]:                          -79.653595971930

 Results in NAF basis:
 
 
 Reference energy [au]:                       -79.264425256286
 DF-MP2 singlet pair energy [au]:              -0.312528772800
 DF-MP2 triplet pair energy [au]:              -0.076628953308
 DF-SCS-MP2 correlation energy [au]:           -0.400577511796
 DF-SCS-MP2 energy [au]:                      -79.665002768082
 DF-SOS-MP2 correlation energy [au]:           -0.406287404639
 DF-SOS-MP2 energy [au]:                      -79.670712660926
 DF-MP2 correlation energy [au]:               -0.389157726108
 DF-MP2 energy [au]:                          -79.653582982394

 ************************ 2023-02-05 13:18:14 *************************
 Executing ccsd...

 Allocation of 220.0 Gbytes of memory...

 Direct DF-CCSD(T) calculation
 
 Convergence criterion:  1.0E-06
 
 Number of occupied/virtual/auxiliary orbitals:     7   175   551
    851.32 MB is the minimal memory requirement for (T)
    190.43 MB is the minimal memory requirement for CCSD
 
 Reference energy [au]:             -79.264425256286
 T1 contribution [au]:                0.000000000000
 Same spin MP2 energy [au]:          -0.076624952131
 Opposite spin MP2 energy [au]:      -0.312539261472
 MP2 correlation energy [au]:        -0.389164213604
 Total MP2 energy [au]:             -79.653589469890
 MP2 correction [au]:                -0.005466053905
 
 
 CPU time [min]:     0.406                   Wall time [min]:     0.050
 
 Starting CCSD iterations...
 
                     Residual norm          Energy
 Iteration  1        0.179604138361      -79.671502297934
 Iteration  2        0.044511756363      -79.681084641639
 Iteration  3        0.013090144650      -79.682220441350
 Iteration  4        0.002650351539      -79.682227658585
 Iteration  5        0.000560981160      -79.682233526199
 Iteration  6        0.000156935189      -79.682235576583
 Iteration  7        0.000037097413      -79.682235351444
 Iteration  8        0.000009999578      -79.682235715335
 
 CCSD iteration has converged in  8 steps.
     3804.92 MB memory was utilized by CCSD
 
 T1 diagnostic:      8.231E-03            D1 diagnostic:      1.428E-02
 
 T1 contribution [au]:                                  0.000000000000
 PPL energy contribution [au]:                          0.108936223188
 Scaled PPL energy contribution [au]:                   0.110475991030

 OS-PPL energy contribution [au]:                       0.095542956549
 Scaled OS-PPL energy contribution [au]:                0.097137907370
 SS-PPL energy contribution [au]:                       0.013393266639
 Scaled SS-PPL energy contribution [au]:                0.013441346759

 Opposite spin CCSD energy [au]:                       -0.345141399628
 Same spin CCSD energy [au]:                           -0.072676828626
 CCSD correlation energy [au]:                         -0.417818228254
 CCSD correlation energy + MP2 correction [au]:        -0.423284282160
 CCSD correlation energy + MP2 + PPL corr. [au]:       -0.421744514317
 Total CCSD energy [au]:                              -79.682243484541
 Total CCSD energy + MP2 correction [au]:             -79.687709538446
 Total CCSD energy + MP2 + PPL corr. [au]:            -79.686169770604
 
 CPU time [min]:     6.462                   Wall time [min]:     0.236
 
 Calculation of (T) correction...
 
 
      783.34 MB memory is utilized for (T)

 0%       25%       50%       75%       100%
 |---------|---------|---------|---------| 
 
 (T) correction [au]:                                    -0.014762783750
 (T*) correction [au]:                                   -0.014970136248
 (T+) correction [au]:                                   -0.014966606645
 CCSD(T) correlation energy [au]:                        -0.432581012004
 CCSD(T) correlation energy + MP2 correction [au]:       -0.438047065910
 CCSD(T+) correlation en. + MP2 + PPL corr. [au]:        -0.436711120963
 Total CCSD(T) energy [au]:                             -79.697006268291
 Total CCSD(T) energy + MP2 correction [au]:            -79.702472322196
 Total CCSD(T+) energy + MP2 + PPL corr. [au]:          -79.701136377249
 
 CPU time [min]:     8.184                   Wall time [min]:     0.293
 
 ************************ 2023-02-05 13:18:32 *************************
                      Normal termination of mrcc.
 **********************************************************************
