================================================================================
                                       INPUT FILE
================================================================================
NAME = orca.inp
|  1>  ! TightSCF RI-MP2 RIJCOSX SlowConv DIIS
|  2> %maxcore 55000
|  3> %pal
|  4> nprocs 4
|  5> end
|  6> %pointcharges "orca.bq"
|  7> %method
|  8> Method hf
|  9> RI on
| 10> RunTyp Energy
| 11> NewNCore O 2 end
| 12> NewNCore Ti 18 end
| 13> NewNCore C 2 end
| 14> NewNCore H 0 end
| 15> end
| 16> %basis
| 17> NewGTO Ti
| 18> "cc-pVDZ"
| 19> end
| 20> NewGTO H
| 21> "aug-cc-pVDZ"
| 22> end
| 23> NewGTO O
| 24> "aug-cc-pVDZ"
| 25> end
| 26> NewGTO C
| 27> "aug-cc-pVDZ"
| 28> end
| 29> NewAuxCGTO Ti
| 30> "cc-pVTZ/C"
| 31> end
| 32> NewAuxCGTO H
| 33> "aug-cc-pVDZ/C"
| 34> end
| 35> NewAuxCGTO O 
| 36> "aug-cc-pVDZ/C"
| 37> end
| 38> NewAuxCGTO C 
| 39> "aug-cc-pVDZ/C"
| 40> end
| 41> Aux "def2/J"    
| 42> end
| 43> %scf
| 44> HFTyp rhf
| 45> Guess MORead
| 46> MOInp "orca_svp_start.gbw"
| 47> SCFMode Direct
| 48> sthresh 1e-6
| 49> AutoTRAHIter 60
| 50> MaxIter 1000
| 51> end
| 52> %coords
| 53> CTyp xyz
| 54> Mult 1
| 55> Units angs
| 56>       Charge -34
| 57>   coords
| 58> C:                      0.12450231270    1.04681247009    1.69832454997
| 59> O:                      0.49304023508   -0.02079519643    0.78715525802
| 60> H:                     -0.96249075501    1.15750762384    1.64707813452
| 61> H:                      1.49048989149   -0.07651000440    0.74426707438
| 62> H:                      0.42878796509    0.76824059940    2.71621382127
| 63> H:                      0.62403522322    1.98659215615    1.41563893378
| 64> Ti                      0.00000000000    0.00000000000   -1.33807142264
| 65> O                      -0.01054518389    0.01041339435   -3.24910669693
| 66> O                      -1.22535105068   -1.48322710251   -1.16114063363
| 67> O                      -1.21183603561    1.49264677878   -1.11915424611
| 68> O                       1.24749495126   -1.51422722755   -1.26374695913
| 69> O                       1.25439008494    1.54227815700   -1.29430321331
| 70> Ti                     -0.00122090246   -2.95438555219   -1.48547979454
| 71> Ti                      0.00002248039    2.96537345130   -1.49682151131
| 72> O                       3.10598737838    0.00459982464   -0.00793290675
| 73> O                      -3.25801710391    0.01031232011   -2.57545719072
| 74> O                      -3.23394781584    0.00917142172   -0.00395175739
| 75> O                       3.31197482044    0.00703449431   -2.58493364748
| 76> O                      -0.02120828598   -2.96990201519   -3.28694097294
| 77> O                      -0.03508689611    2.98316030326   -3.29588549461
| 78> Ti                     -3.25659001122   -1.47223676771   -1.08970630539
| 79> Ti                      3.25103342482    1.49449616177   -1.12335312799
| 80> Ti                     -3.25646001385    1.48887619497   -1.09380847576
| 81> Ti                      3.25990466522   -1.49356199026   -1.12229704541
| 82> O                      -3.24393639325    2.96071117794   -2.57580148421
| 83> O                       3.22158369205    2.95097121995   -0.00949242416
| 84> O                      -3.25680371071   -2.95150214478   -2.57680762281
| 85> O                       3.23204390072   -2.94386991704   -0.01130033425
| 86> O                       3.28165029249   -2.95375025799   -2.57955589125
| 87> O                      -3.25178520906   -2.94841444196   -0.00389936226
| 88> O                      -3.24882719960    2.96197857947   -0.00134092747
| 89> O                       1.22005053932   -4.43253475757   -1.15183948028
| 90> O                       3.29240206243    2.97451173577   -2.58065193651
| 91> O                       1.21943048860    4.44158314157   -1.15320076874
| 92> O                      -1.23212094380   -4.43788555437   -1.14700860637
| 93> O                      -1.23100033976    4.45439651740   -1.14293084034
| 94> O                       5.27351765621   -1.46396610542   -1.10624087845
| 95> O                       5.27304641280    1.47660066557   -1.10549029370
| 96> O                      -5.28294739900   -1.47143563082   -1.13300195903
| 97> O                      -5.28187000144    1.48656151127   -1.13283849781
| 98> Ti                      3.23583363005   -4.43939826505   -1.09060020295
| 99> Ti                     -3.25006137269   -4.42964968677   -1.08895232853
|100> Ti                      3.23632718065    4.44194515777   -1.09078193103
|101> Ti                     -3.24731879003    4.44458168405   -1.08791866758
|102> O                       3.25293417359   -5.90842881783   -2.57141129050
|103> O                      -3.25566244445   -5.90927832959   -2.57658226736
|104> O                       3.25293417359    5.92195266299   -2.57141129050
|105> O                      -3.25566244445    5.92110315124   -2.57658226736
|106> O                       3.24248986798   -5.91156331411    0.00000000000
|107> O                       3.24248986798    5.91881816671    0.00000000000
|108> O                      -3.26421704874   -5.90839555717   -0.00254799545
|109> O                       5.27245513825   -4.43037395570   -1.12768853425
|110> O                      -3.26421704874    5.92198592365   -0.00254799545
|111> O                      -5.28619895185   -4.42626972508   -1.13629905679
|112> O                       5.27316198250    4.44291127632   -1.12155209077
|113> O                      -5.28448111109    4.43732172602   -1.14014739801
|114> Ti>    4.00000000000    0.08293367429   -1.44456083798   -4.59246122543
|115> NewECP
|116> N_core 0
|117>   lmax f
|118>   s 2
|119>    1      0.860000       9.191690  2
|120>    2      0.172000       0.008301  2
|121>   p 2
|122>    1      0.860000      17.997720  2
|123>    2      0.172000      -0.032600  2
|124>   d 2
|125>    1      1.600000      -9.504310  2
|126>    2      0.320000      -0.151370  2
|127>   f 1
|128>    1      1.000000000    0.000000000 2
|129> end
|130> Ti>    4.00000000000    0.08330326465    1.45754983918   -4.59818387545
|131> NewECP
|132> N_core 0
|133>   lmax f
|134>   s 2
|135>    1      0.860000       9.191690  2
|136>    2      0.172000       0.008301  2
|137>   p 2
|138>    1      0.860000      17.997720  2
|139>    2      0.172000      -0.032600  2
|140>   d 2
|141>    1      1.600000      -9.504310  2
|142>    2      0.320000      -0.151370  2
|143>   f 1
|144>    1      1.000000000    0.000000000 2
|145> end
|146> Ti>    4.00000000000   -3.18660955941    0.00703891409   -4.43832977510
|147> NewECP
|148> N_core 0
|149>   lmax f
|150>   s 2
|151>    1      0.860000       9.191690  2
|152>    2      0.172000       0.008301  2
|153>   p 2
|154>    1      0.860000      17.997720  2
|155>    2      0.172000      -0.032600  2
|156>   d 2
|157>    1      1.600000      -9.504310  2
|158>    2      0.320000      -0.151370  2
|159>   f 1
|160>    1      1.000000000    0.000000000 2
|161> end
|162> Ti>    4.00000000000    3.32386005285    0.00636111413   -4.44538464593
|163> NewECP
|164> N_core 0
|165>   lmax f
|166>   s 2
|167>    1      0.860000       9.191690  2
|168>    2      0.172000       0.008301  2
|169>   p 2
|170>    1      0.860000      17.997720  2
|171>    2      0.172000      -0.032600  2
|172>   d 2
|173>    1      1.600000      -9.504310  2
|174>    2      0.320000      -0.151370  2
|175>   f 1
|176>    1      1.000000000    0.000000000 2
|177> end
|178> Ti>    4.00000000000   -3.18204185687   -2.94968936082   -4.43946446195
|179> NewECP
|180> N_core 0
|181>   lmax f
|182>   s 2
|183>    1      0.860000       9.191690  2
|184>    2      0.172000       0.008301  2
|185>   p 2
|186>    1      0.860000      17.997720  2
|187>    2      0.172000      -0.032600  2
|188>   d 2
|189>    1      1.600000      -9.504310  2
|190>    2      0.320000      -0.151370  2
|191>   f 1
|192>    1      1.000000000    0.000000000 2
|193> end
|194> Ti>    4.00000000000   -3.18091527205    2.96376288323   -4.44266062246
|195> NewECP
|196> N_core 0
|197>   lmax f
|198>   s 2
|199>    1      0.860000       9.191690  2
|200>    2      0.172000       0.008301  2
|201>   p 2
|202>    1      0.860000      17.997720  2
|203>    2      0.172000      -0.032600  2
|204>   d 2
|205>    1      1.600000      -9.504310  2
|206>    2      0.320000      -0.151370  2
|207>   f 1
|208>    1      1.000000000    0.000000000 2
|209> end
|210> Ti>    4.00000000000    3.31944617297   -2.95288167635   -4.45244160177
|211> NewECP
|212> N_core 0
|213>   lmax f
|214>   s 2
|215>    1      0.860000       9.191690  2
|216>    2      0.172000       0.008301  2
|217>   p 2
|218>    1      0.860000      17.997720  2
|219>    2      0.172000      -0.032600  2
|220>   d 2
|221>    1      1.600000      -9.504310  2
|222>    2      0.320000      -0.151370  2
|223>   f 1
|224>    1      1.000000000    0.000000000 2
|225> end
|226> Ti>    4.00000000000    3.32091429267    2.96520866993   -4.45037393472
|227> NewECP
|228> N_core 0
|229>   lmax f
|230>   s 2
|231>    1      0.860000       9.191690  2
|232>    2      0.172000       0.008301  2
|233>   p 2
|234>    1      0.860000      17.997720  2
|235>    2      0.172000      -0.032600  2
|236>   d 2
|237>    1      1.600000      -9.504310  2
|238>    2      0.320000      -0.151370  2
|239>   f 1
|240>    1      1.000000000    0.000000000 2
|241> end
|242> Ti>    4.00000000000    0.08050640881   -4.41643328715   -4.66645148787
|243> NewECP
|244> N_core 0
|245>   lmax f
|246>   s 2
|247>    1      0.860000       9.191690  2
|248>    2      0.172000       0.008301  2
|249>   p 2
|250>    1      0.860000      17.997720  2
|251>    2      0.172000      -0.032600  2
|252>   d 2
|253>    1      1.600000      -9.504310  2
|254>    2      0.320000      -0.151370  2
|255>   f 1
|256>    1      1.000000000    0.000000000 2
|257> end
|258> Ti>    4.00000000000    0.08227284752    4.43114417589   -4.66976262263
|259> NewECP
|260> N_core 0
|261>   lmax f
|262>   s 2
|263>    1      0.860000       9.191690  2
|264>    2      0.172000       0.008301  2
|265>   p 2
|266>    1      0.860000      17.997720  2
|267>    2      0.172000      -0.032600  2
|268>   d 2
|269>    1      1.600000      -9.504310  2
|270>    2      0.320000      -0.151370  2
|271>   f 1
|272>    1      1.000000000    0.000000000 2
|273> end
|274> Ti>    4.00000000000   -0.01652575250   -5.90923753025   -1.48929871894
|275> NewECP
|276> N_core 0
|277>   lmax f
|278>   s 2
|279>    1      0.860000       9.191690  2
|280>    2      0.172000       0.008301  2
|281>   p 2
|282>    1      0.860000      17.997720  2
|283>    2      0.172000      -0.032600  2
|284>   d 2
|285>    1      1.600000      -9.504310  2
|286>    2      0.320000      -0.151370  2
|287>   f 1
|288>    1      1.000000000    0.000000000 2
|289> end
|290> Ti>    4.00000000000   -0.01652575250    5.92114395058   -1.48929871894
|291> NewECP
|292> N_core 0
|293>   lmax f
|294>   s 2
|295>    1      0.860000       9.191690  2
|296>    2      0.172000       0.008301  2
|297>   p 2
|298>    1      0.860000      17.997720  2
|299>    2      0.172000      -0.032600  2
|300>   d 2
|301>    1      1.600000      -9.504310  2
|302>    2      0.320000      -0.151370  2
|303>   f 1
|304>    1      1.000000000    0.000000000 2
|305> end
|306> Ti>    4.00000000000   -0.00984241049    0.00625964610   -7.81753153775
|307> NewECP
|308> N_core 0
|309>   lmax f
|310>   s 2
|311>    1      0.860000       9.191690  2
|312>    2      0.172000       0.008301  2
|313>   p 2
|314>    1      0.860000      17.997720  2
|315>    2      0.172000      -0.032600  2
|316>   d 2
|317>    1      1.600000      -9.504310  2
|318>    2      0.320000      -0.151370  2
|319>   f 1
|320>    1      1.000000000    0.000000000 2
|321> end
|322> Ti>    4.00000000000   -6.50113982158    0.00774664581   -1.45920688906
|323> NewECP
|324> N_core 0
|325>   lmax f
|326>   s 2
|327>    1      0.860000       9.191690  2
|328>    2      0.172000       0.008301  2
|329>   p 2
|330>    1      0.860000      17.997720  2
|331>    2      0.172000      -0.032600  2
|332>   d 2
|333>    1      1.600000      -9.504310  2
|334>    2      0.320000      -0.151370  2
|335>   f 1
|336>    1      1.000000000    0.000000000 2
|337> end
|338> Ti>    4.00000000000    6.50284428197    0.00774664581   -1.45920688906
|339> NewECP
|340> N_core 0
|341>   lmax f
|342>   s 2
|343>    1      0.860000       9.191690  2
|344>    2      0.172000       0.008301  2
|345>   p 2
|346>    1      0.860000      17.997720  2
|347>    2      0.172000      -0.032600  2
|348>   d 2
|349>    1      1.600000      -9.504310  2
|350>    2      0.320000      -0.151370  2
|351>   f 1
|352>    1      1.000000000    0.000000000 2
|353> end
|354> Ti>    4.00000000000   -0.00984241049   -2.95133572410   -7.81753153775
|355> NewECP
|356> N_core 0
|357>   lmax f
|358>   s 2
|359>    1      0.860000       9.191690  2
|360>    2      0.172000       0.008301  2
|361>   p 2
|362>    1      0.860000      17.997720  2
|363>    2      0.172000      -0.032600  2
|364>   d 2
|365>    1      1.600000      -9.504310  2
|366>    2      0.320000      -0.151370  2
|367>   f 1
|368>    1      1.000000000    0.000000000 2
|369> end
|370> Ti>    4.00000000000   -0.00984241049    2.96385501631   -7.81753153775
|371> NewECP
|372> N_core 0
|373>   lmax f
|374>   s 2
|375>    1      0.860000       9.191690  2
|376>    2      0.172000       0.008301  2
|377>   p 2
|378>    1      0.860000      17.997720  2
|379>    2      0.172000      -0.032600  2
|380>   d 2
|381>    1      1.600000      -9.504310  2
|382>    2      0.320000      -0.151370  2
|383>   f 1
|384>    1      1.000000000    0.000000000 2
|385> end
|386> Ti>    4.00000000000    6.49464777486   -2.95569920764   -1.45740178224
|387> NewECP
|388> N_core 0
|389>   lmax f
|390>   s 2
|391>    1      0.860000       9.191690  2
|392>    2      0.172000       0.008301  2
|393>   p 2
|394>    1      0.860000      17.997720  2
|395>    2      0.172000      -0.032600  2
|396>   d 2
|397>    1      1.600000      -9.504310  2
|398>    2      0.320000      -0.151370  2
|399>   f 1
|400>    1      1.000000000    0.000000000 2
|401> end
|402> Ti>    4.00000000000    6.49187230890    2.96790101099   -1.45713099450
|403> NewECP
|404> N_core 0
|405>   lmax f
|406>   s 2
|407>    1      0.860000       9.191690  2
|408>    2      0.172000       0.008301  2
|409>   p 2
|410>    1      0.860000      17.997720  2
|411>    2      0.172000      -0.032600  2
|412>   d 2
|413>    1      1.600000      -9.504310  2
|414>    2      0.320000      -0.151370  2
|415>   f 1
|416>    1      1.000000000    0.000000000 2
|417> end
|418> Ti>    4.00000000000   -6.50933632869   -2.95569920764   -1.45740178224
|419> NewECP
|420> N_core 0
|421>   lmax f
|422>   s 2
|423>    1      0.860000       9.191690  2
|424>    2      0.172000       0.008301  2
|425>   p 2
|426>    1      0.860000      17.997720  2
|427>    2      0.172000      -0.032600  2
|428>   d 2
|429>    1      1.600000      -9.504310  2
|430>    2      0.320000      -0.151370  2
|431>   f 1
|432>    1      1.000000000    0.000000000 2
|433> end
|434> Ti>    4.00000000000   -6.51211179465    2.96790101099   -1.45713099450
|435> NewECP
|436> N_core 0
|437>   lmax f
|438>   s 2
|439>    1      0.860000       9.191690  2
|440>    2      0.172000       0.008301  2
|441>   p 2
|442>    1      0.860000      17.997720  2
|443>    2      0.172000      -0.032600  2
|444>   d 2
|445>    1      1.600000      -9.504310  2
|446>    2      0.320000      -0.151370  2
|447>   f 1
|448>    1      1.000000000    0.000000000 2
|449> end
|450> Ti>    4.00000000000   -6.42100180501   -1.47274473271   -4.63917858613
|451> NewECP
|452> N_core 0
|453>   lmax f
|454>   s 2
|455>    1      0.860000       9.191690  2
|456>    2      0.172000       0.008301  2
|457>   p 2
|458>    1      0.860000      17.997720  2
|459>    2      0.172000      -0.032600  2
|460>   d 2
|461>    1      1.600000      -9.504310  2
|462>    2      0.320000      -0.151370  2
|463>   f 1
|464>    1      1.000000000    0.000000000 2
|465> end
|466> Ti>    4.00000000000   -6.42088754184    1.48593261243   -4.63863317356
|467> NewECP
|468> N_core 0
|469>   lmax f
|470>   s 2
|471>    1      0.860000       9.191690  2
|472>    2      0.172000       0.008301  2
|473>   p 2
|474>    1      0.860000      17.997720  2
|475>    2      0.172000      -0.032600  2
|476>   d 2
|477>    1      1.600000      -9.504310  2
|478>    2      0.320000      -0.151370  2
|479>   f 1
|480>    1      1.000000000    0.000000000 2
|481> end
|482> Ti>    4.00000000000    3.24115361540   -1.47253803900   -7.81753153775
|483> NewECP
|484> N_core 0
|485>   lmax f
|486>   s 2
|487>    1      0.860000       9.191690  2
|488>    2      0.172000       0.008301  2
|489>   p 2
|490>    1      0.860000      17.997720  2
|491>    2      0.172000      -0.032600  2
|492>   d 2
|493>    1      1.600000      -9.504310  2
|494>    2      0.320000      -0.151370  2
|495>   f 1
|496>    1      1.000000000    0.000000000 2
|497> end
|498> Ti>    4.00000000000   -3.18276059561   -5.90904848220   -4.43910019399
|499> NewECP
|500> N_core 0
|501>   lmax f
|502>   s 2
|503>    1      0.860000       9.191690  2
|504>    2      0.172000       0.008301  2
|505>   p 2
|506>    1      0.860000      17.997720  2
|507>    2      0.172000      -0.032600  2
|508>   d 2
|509>    1      1.600000      -9.504310  2
|510>    2      0.320000      -0.151370  2
|511>   f 1
|512>    1      1.000000000    0.000000000 2
|513> end
|514> Ti>    4.00000000000    3.24115361540    1.48505733121   -7.81753153775
|515> NewECP
|516> N_core 0
|517>   lmax f
|518>   s 2
|519>    1      0.860000       9.191690  2
|520>    2      0.172000       0.008301  2
|521>   p 2
|522>    1      0.860000      17.997720  2
|523>    2      0.172000      -0.032600  2
|524>   d 2
|525>    1      1.600000      -9.504310  2
|526>    2      0.320000      -0.151370  2
|527>   f 1
|528>    1      1.000000000    0.000000000 2
|529> end
|530> Ti>    4.00000000000   -3.26083843637   -1.47253803900   -7.81753153775
|531> NewECP
|532> N_core 0
|533>   lmax f
|534>   s 2
|535>    1      0.860000       9.191690  2
|536>    2      0.172000       0.008301  2
|537>   p 2
|538>    1      0.860000      17.997720  2
|539>    2      0.172000      -0.032600  2
|540>   d 2
|541>    1      1.600000      -9.504310  2
|542>    2      0.320000      -0.151370  2
|543>   f 1
|544>    1      1.000000000    0.000000000 2
|545> end
|546> Ti>    4.00000000000   -3.18276059561    5.92133299863   -4.43910019399
|547> NewECP
|548> N_core 0
|549>   lmax f
|550>   s 2
|551>    1      0.860000       9.191690  2
|552>    2      0.172000       0.008301  2
|553>   p 2
|554>    1      0.860000      17.997720  2
|555>    2      0.172000      -0.032600  2
|556>   d 2
|557>    1      1.600000      -9.504310  2
|558>    2      0.320000      -0.151370  2
|559>   f 1
|560>    1      1.000000000    0.000000000 2
|561> end
|562> Ti>    4.00000000000   -3.26083843637    1.48505733121   -7.81753153775
|563> NewECP
|564> N_core 0
|565>   lmax f
|566>   s 2
|567>    1      0.860000       9.191690  2
|568>    2      0.172000       0.008301  2
|569>   p 2
|570>    1      0.860000      17.997720  2
|571>    2      0.172000      -0.032600  2
|572>   d 2
|573>    1      1.600000      -9.504310  2
|574>    2      0.320000      -0.151370  2
|575>   f 1
|576>    1      1.000000000    0.000000000 2
|577> end
|578> Ti>    4.00000000000    3.31527735314   -5.90833806215   -4.44083243901
|579> NewECP
|580> N_core 0
|581>   lmax f
|582>   s 2
|583>    1      0.860000       9.191690  2
|584>    2      0.172000       0.008301  2
|585>   p 2
|586>    1      0.860000      17.997720  2
|587>    2      0.172000      -0.032600  2
|588>   d 2
|589>    1      1.600000      -9.504310  2
|590>    2      0.320000      -0.151370  2
|591>   f 1
|592>    1      1.000000000    0.000000000 2
|593> end
|594> Ti>    4.00000000000    3.31527735314    5.92204341867   -4.44083243901
|595> NewECP
|596> N_core 0
|597>   lmax f
|598>   s 2
|599>    1      0.860000       9.191690  2
|600>    2      0.172000       0.008301  2
|601>   p 2
|602>    1      0.860000      17.997720  2
|603>    2      0.172000      -0.032600  2
|604>   d 2
|605>    1      1.600000      -9.504310  2
|606>    2      0.320000      -0.151370  2
|607>   f 1
|608>    1      1.000000000    0.000000000 2
|609> end
|610> Ti>    4.00000000000    6.58298229854   -1.47274473271   -4.63917858613
|611> NewECP
|612> N_core 0
|613>   lmax f
|614>   s 2
|615>    1      0.860000       9.191690  2
|616>    2      0.172000       0.008301  2
|617>   p 2
|618>    1      0.860000      17.997720  2
|619>    2      0.172000      -0.032600  2
|620>   d 2
|621>    1      1.600000      -9.504310  2
|622>    2      0.320000      -0.151370  2
|623>   f 1
|624>    1      1.000000000    0.000000000 2
|625> end
|626> Ti>    4.00000000000    6.58309656171    1.48593261243   -4.63863317356
|627> NewECP
|628> N_core 0
|629>   lmax f
|630>   s 2
|631>    1      0.860000       9.191690  2
|632>    2      0.172000       0.008301  2
|633>   p 2
|634>    1      0.860000      17.997720  2
|635>    2      0.172000      -0.032600  2
|636>   d 2
|637>    1      1.600000      -9.504310  2
|638>    2      0.320000      -0.151370  2
|639>   f 1
|640>    1      1.000000000    0.000000000 2
|641> end
|642> Ti>    4.00000000000    3.23632718065   -7.38843632305   -1.09078193103
|643> NewECP
|644> N_core 0
|645>   lmax f
|646>   s 2
|647>    1      0.860000       9.191690  2
|648>    2      0.172000       0.008301  2
|649>   p 2
|650>    1      0.860000      17.997720  2
|651>    2      0.172000      -0.032600  2
|652>   d 2
|653>    1      1.600000      -9.504310  2
|654>    2      0.320000      -0.151370  2
|655>   f 1
|656>    1      1.000000000    0.000000000 2
|657> end
|658> Ti>    4.00000000000   -3.24731879003   -7.38579979677   -1.08791866758
|659> NewECP
|660> N_core 0
|661>   lmax f
|662>   s 2
|663>    1      0.860000       9.191690  2
|664>    2      0.172000       0.008301  2
|665>   p 2
|666>    1      0.860000      17.997720  2
|667>    2      0.172000      -0.032600  2
|668>   d 2
|669>    1      1.600000      -9.504310  2
|670>    2      0.320000      -0.151370  2
|671>   f 1
|672>    1      1.000000000    0.000000000 2
|673> end
|674> Ti>    4.00000000000    3.23583363005    7.39098321577   -1.09060020295
|675> NewECP
|676> N_core 0
|677>   lmax f
|678>   s 2
|679>    1      0.860000       9.191690  2
|680>    2      0.172000       0.008301  2
|681>   p 2
|682>    1      0.860000      17.997720  2
|683>    2      0.172000      -0.032600  2
|684>   d 2
|685>    1      1.600000      -9.504310  2
|686>    2      0.320000      -0.151370  2
|687>   f 1
|688>    1      1.000000000    0.000000000 2
|689> end
|690> Ti>    4.00000000000   -3.25006137269    7.40073179405   -1.08895232853
|691> NewECP
|692> N_core 0
|693>   lmax f
|694>   s 2
|695>    1      0.860000       9.191690  2
|696>    2      0.172000       0.008301  2
|697>   p 2
|698>    1      0.860000      17.997720  2
|699>    2      0.172000      -0.032600  2
|700>   d 2
|701>    1      1.600000      -9.504310  2
|702>    2      0.320000      -0.151370  2
|703>   f 1
|704>    1      1.000000000    0.000000000 2
|705> end
|706> Ti>    4.00000000000    0.08227284752   -7.39923730493   -4.66976262263
|707> NewECP
|708> N_core 0
|709>   lmax f
|710>   s 2
|711>    1      0.860000       9.191690  2
|712>    2      0.172000       0.008301  2
|713>   p 2
|714>    1      0.860000      17.997720  2
|715>    2      0.172000      -0.032600  2
|716>   d 2
|717>    1      1.600000      -9.504310  2
|718>    2      0.320000      -0.151370  2
|719>   f 1
|720>    1      1.000000000    0.000000000 2
|721> end
|722> Ti>    4.00000000000    0.08050640881    7.41394819367   -4.66645148787
|723> NewECP
|724> N_core 0
|725>   lmax f
|726>   s 2
|727>    1      0.860000       9.191690  2
|728>    2      0.172000       0.008301  2
|729>   p 2
|730>    1      0.860000      17.997720  2
|731>    2      0.172000      -0.032600  2
|732>   d 2
|733>    1      1.600000      -9.504310  2
|734>    2      0.320000      -0.151370  2
|735>   f 1
|736>    1      1.000000000    0.000000000 2
|737> end
|738> Ti>    4.00000000000   -6.41726740344   -4.43051322054   -4.63665712733
|739> NewECP
|740> N_core 0
|741>   lmax f
|742>   s 2
|743>    1      0.860000       9.191690  2
|744>    2      0.172000       0.008301  2
|745>   p 2
|746>    1      0.860000      17.997720  2
|747>    2      0.172000      -0.032600  2
|748>   d 2
|749>    1      1.600000      -9.504310  2
|750>    2      0.320000      -0.151370  2
|751>   f 1
|752>    1      1.000000000    0.000000000 2
|753> end
|754> Ti>    4.00000000000   -6.41943950033    4.44323331185   -4.63694353463
|755> NewECP
|756> N_core 0
|757>   lmax f
|758>   s 2
|759>    1      0.860000       9.191690  2
|760>    2      0.172000       0.008301  2
|761>   p 2
|762>    1      0.860000      17.997720  2
|763>    2      0.172000      -0.032600  2
|764>   d 2
|765>    1      1.600000      -9.504310  2
|766>    2      0.320000      -0.151370  2
|767>   f 1
|768>    1      1.000000000    0.000000000 2
|769> end
|770> Ti>    4.00000000000    3.24115361540   -4.43013340920   -7.81753153775
|771> NewECP
|772> N_core 0
|773>   lmax f
|774>   s 2
|775>    1      0.860000       9.191690  2
|776>    2      0.172000       0.008301  2
|777>   p 2
|778>    1      0.860000      17.997720  2
|779>    2      0.172000      -0.032600  2
|780>   d 2
|781>    1      1.600000      -9.504310  2
|782>    2      0.320000      -0.151370  2
|783>   f 1
|784>    1      1.000000000    0.000000000 2
|785> end
|786> Ti>    4.00000000000    3.24115361540    4.44265270141   -7.81753153775
|787> NewECP
|788> N_core 0
|789>   lmax f
|790>   s 2
|791>    1      0.860000       9.191690  2
|792>    2      0.172000       0.008301  2
|793>   p 2
|794>    1      0.860000      17.997720  2
|795>    2      0.172000      -0.032600  2
|796>   d 2
|797>    1      1.600000      -9.504310  2
|798>    2      0.320000      -0.151370  2
|799>   f 1
|800>    1      1.000000000    0.000000000 2
|801> end
|802> Ti>    4.00000000000   -3.26083843637   -4.43013340920   -7.81753153775
|803> NewECP
|804> N_core 0
|805>   lmax f
|806>   s 2
|807>    1      0.860000       9.191690  2
|808>    2      0.172000       0.008301  2
|809>   p 2
|810>    1      0.860000      17.997720  2
|811>    2      0.172000      -0.032600  2
|812>   d 2
|813>    1      1.600000      -9.504310  2
|814>    2      0.320000      -0.151370  2
|815>   f 1
|816>    1      1.000000000    0.000000000 2
|817> end
|818> Ti>    4.00000000000   -3.26083843637    4.44265270141   -7.81753153775
|819> NewECP
|820> N_core 0
|821>   lmax f
|822>   s 2
|823>    1      0.860000       9.191690  2
|824>    2      0.172000       0.008301  2
|825>   p 2
|826>    1      0.860000      17.997720  2
|827>    2      0.172000      -0.032600  2
|828>   d 2
|829>    1      1.600000      -9.504310  2
|830>    2      0.320000      -0.151370  2
|831>   f 1
|832>    1      1.000000000    0.000000000 2
|833> end
|834> Ti>    4.00000000000    6.58671670010   -4.43051322054   -4.63665712733
|835> NewECP
|836> N_core 0
|837>   lmax f
|838>   s 2
|839>    1      0.860000       9.191690  2
|840>    2      0.172000       0.008301  2
|841>   p 2
|842>    1      0.860000      17.997720  2
|843>    2      0.172000      -0.032600  2
|844>   d 2
|845>    1      1.600000      -9.504310  2
|846>    2      0.320000      -0.151370  2
|847>   f 1
|848>    1      1.000000000    0.000000000 2
|849> end
|850> Ti>    4.00000000000    6.58454460321    4.44323331185   -4.63694353463
|851> NewECP
|852> N_core 0
|853>   lmax f
|854>   s 2
|855>    1      0.860000       9.191690  2
|856>    2      0.172000       0.008301  2
|857>   p 2
|858>    1      0.860000      17.997720  2
|859>    2      0.172000      -0.032600  2
|860>   d 2
|861>    1      1.600000      -9.504310  2
|862>    2      0.320000      -0.151370  2
|863>   f 1
|864>    1      1.000000000    0.000000000 2
|865> end
|866> Ti>    4.00000000000   -0.00984241049   -5.90893109431   -7.81753153775
|867> NewECP
|868> N_core 0
|869>   lmax f
|870>   s 2
|871>    1      0.860000       9.191690  2
|872>    2      0.172000       0.008301  2
|873>   p 2
|874>    1      0.860000      17.997720  2
|875>    2      0.172000      -0.032600  2
|876>   d 2
|877>    1      1.600000      -9.504310  2
|878>    2      0.320000      -0.151370  2
|879>   f 1
|880>    1      1.000000000    0.000000000 2
|881> end
|882> Ti>    4.00000000000   -0.00984241049    5.92145038652   -7.81753153775
|883> NewECP
|884> N_core 0
|885>   lmax f
|886>   s 2
|887>    1      0.860000       9.191690  2
|888>    2      0.172000       0.008301  2
|889>   p 2
|890>    1      0.860000      17.997720  2
|891>    2      0.172000      -0.032600  2
|892>   d 2
|893>    1      1.600000      -9.504310  2
|894>    2      0.320000      -0.151370  2
|895>   f 1
|896>    1      1.000000000    0.000000000 2
|897> end
|898> Ti>    4.00000000000    6.49537930510   -5.90957489693   -1.45813350750
|899> NewECP
|900> N_core 0
|901>   lmax f
|902>   s 2
|903>    1      0.860000       9.191690  2
|904>    2      0.172000       0.008301  2
|905>   p 2
|906>    1      0.860000      17.997720  2
|907>    2      0.172000      -0.032600  2
|908>   d 2
|909>    1      1.600000      -9.504310  2
|910>    2      0.320000      -0.151370  2
|911>   f 1
|912>    1      1.000000000    0.000000000 2
|913> end
|914> Ti>    4.00000000000    6.49537930510    5.92080658389   -1.45813350750
|915> NewECP
|916> N_core 0
|917>   lmax f
|918>   s 2
|919>    1      0.860000       9.191690  2
|920>    2      0.172000       0.008301  2
|921>   p 2
|922>    1      0.860000      17.997720  2
|923>    2      0.172000      -0.032600  2
|924>   d 2
|925>    1      1.600000      -9.504310  2
|926>    2      0.320000      -0.151370  2
|927>   f 1
|928>    1      1.000000000    0.000000000 2
|929> end
|930> Ti>    4.00000000000   -6.50860479845   -5.90957489693   -1.45813350750
|931> NewECP
|932> N_core 0
|933>   lmax f
|934>   s 2
|935>    1      0.860000       9.191690  2
|936>    2      0.172000       0.008301  2
|937>   p 2
|938>    1      0.860000      17.997720  2
|939>    2      0.172000      -0.032600  2
|940>   d 2
|941>    1      1.600000      -9.504310  2
|942>    2      0.320000      -0.151370  2
|943>   f 1
|944>    1      1.000000000    0.000000000 2
|945> end
|946> Ti>    4.00000000000   -6.50860479845    5.92080658389   -1.45813350750
|947> NewECP
|948> N_core 0
|949>   lmax f
|950>   s 2
|951>    1      0.860000       9.191690  2
|952>    2      0.172000       0.008301  2
|953>   p 2
|954>    1      0.860000      17.997720  2
|955>    2      0.172000      -0.032600  2
|956>   d 2
|957>    1      1.600000      -9.504310  2
|958>    2      0.320000      -0.151370  2
|959>   f 1
|960>    1      1.000000000    0.000000000 2
|961> end
|962> Ti>    4.00000000000    0.00002248039   -8.86500802953   -1.49682151131
|963> NewECP
|964> N_core 0
|965>   lmax f
|966>   s 2
|967>    1      0.860000       9.191690  2
|968>    2      0.172000       0.008301  2
|969>   p 2
|970>    1      0.860000      17.997720  2
|971>    2      0.172000      -0.032600  2
|972>   d 2
|973>    1      1.600000      -9.504310  2
|974>    2      0.320000      -0.151370  2
|975>   f 1
|976>    1      1.000000000    0.000000000 2
|977> end
|978> Ti>    4.00000000000   -0.00122090246    8.87599592863   -1.48547979454
|979> NewECP
|980> N_core 0
|981>   lmax f
|982>   s 2
|983>    1      0.860000       9.191690  2
|984>    2      0.172000       0.008301  2
|985>   p 2
|986>    1      0.860000      17.997720  2
|987>    2      0.172000      -0.032600  2
|988>   d 2
|989>    1      1.600000      -9.504310  2
|990>    2      0.320000      -0.151370  2
|991>   f 1
|992>    1      1.000000000    0.000000000 2
|993> end
|994> Ti>    4.00000000000   -9.74407943832   -1.49356199026   -1.12229704541
|995> NewECP
|996> N_core 0
|997>   lmax f
|998>   s 2
|999>    1      0.860000       9.191690  2
|1000>    2      0.172000       0.008301  2
|1001>   p 2
|1002>    1      0.860000      17.997720  2
|1003>    2      0.172000      -0.032600  2
|1004>   d 2
|1005>    1      1.600000      -9.504310  2
|1006>    2      0.320000      -0.151370  2
|1007>   f 1
|1008>    1      1.000000000    0.000000000 2
|1009> end
|1010> Ti>    4.00000000000    9.74739409233   -1.47223676771   -1.08970630539
|1011> NewECP
|1012> N_core 0
|1013>   lmax f
|1014>   s 2
|1015>    1      0.860000       9.191690  2
|1016>    2      0.172000       0.008301  2
|1017>   p 2
|1018>    1      0.860000      17.997720  2
|1019>    2      0.172000      -0.032600  2
|1020>   d 2
|1021>    1      1.600000      -9.504310  2
|1022>    2      0.320000      -0.151370  2
|1023>   f 1
|1024>    1      1.000000000    0.000000000 2
|1025> end
|1026> Ti>    4.00000000000    9.74752408969    1.48887619497   -1.09380847576
|1027> NewECP
|1028> N_core 0
|1029>   lmax f
|1030>   s 2
|1031>    1      0.860000       9.191690  2
|1032>    2      0.172000       0.008301  2
|1033>   p 2
|1034>    1      0.860000      17.997720  2
|1035>    2      0.172000      -0.032600  2
|1036>   d 2
|1037>    1      1.600000      -9.504310  2
|1038>    2      0.320000      -0.151370  2
|1039>   f 1
|1040>    1      1.000000000    0.000000000 2
|1041> end
|1042> Ti>    4.00000000000   -9.75295067873    1.49449616177   -1.12335312799
|1043> NewECP
|1044> N_core 0
|1045>   lmax f
|1046>   s 2
|1047>    1      0.860000       9.191690  2
|1048>    2      0.172000       0.008301  2
|1049>   p 2
|1050>    1      0.860000      17.997720  2
|1051>    2      0.172000      -0.032600  2
|1052>   d 2
|1053>    1      1.600000      -9.504310  2
|1054>    2      0.320000      -0.151370  2
|1055>   f 1
|1056>    1      1.000000000    0.000000000 2
|1057> end
|1058> Ti>    4.00000000000   -3.18091527205   -8.86661859760   -4.44266062246
|1059> NewECP
|1060> N_core 0
|1061>   lmax f
|1062>   s 2
|1063>    1      0.860000       9.191690  2
|1064>    2      0.172000       0.008301  2
|1065>   p 2
|1066>    1      0.860000      17.997720  2
|1067>    2      0.172000      -0.032600  2
|1068>   d 2
|1069>    1      1.600000      -9.504310  2
|1070>    2      0.320000      -0.151370  2
|1071>   f 1
|1072>    1      1.000000000    0.000000000 2
|1073> end
|1074> Ti>    4.00000000000   -3.18204185687    8.88069212000   -4.43946446195
|1075> NewECP
|1076> N_core 0
|1077>   lmax f
|1078>   s 2
|1079>    1      0.860000       9.191690  2
|1080>    2      0.172000       0.008301  2
|1081>   p 2
|1082>    1      0.860000      17.997720  2
|1083>    2      0.172000      -0.032600  2
|1084>   d 2
|1085>    1      1.600000      -9.504310  2
|1086>    2      0.320000      -0.151370  2
|1087>   f 1
|1088>    1      1.000000000    0.000000000 2
|1089> end
|1090> Ti>    4.00000000000    3.32091429267   -8.86517281089   -4.45037393472
|1091> NewECP
|1092> N_core 0
|1093>   lmax f
|1094>   s 2
|1095>    1      0.860000       9.191690  2
|1096>    2      0.172000       0.008301  2
|1097>   p 2
|1098>    1      0.860000      17.997720  2
|1099>    2      0.172000      -0.032600  2
|1100>   d 2
|1101>    1      1.600000      -9.504310  2
|1102>    2      0.320000      -0.151370  2
|1103>   f 1
|1104>    1      1.000000000    0.000000000 2
|1105> end
|1106> Ti>    4.00000000000    3.31944617297    8.87749980447   -4.45244160177
|1107> NewECP
|1108> N_core 0
|1109>   lmax f
|1110>   s 2
|1111>    1      0.860000       9.191690  2
|1112>    2      0.172000       0.008301  2
|1113>   p 2
|1114>    1      0.860000      17.997720  2
|1115>    2      0.172000      -0.032600  2
|1116>   d 2
|1117>    1      1.600000      -9.504310  2
|1118>    2      0.320000      -0.151370  2
|1119>   f 1
|1120>    1      1.000000000    0.000000000 2
|1121> end
|1122> Ti>    4.00000000000   -9.68012405070    0.00636111413   -4.44538464593
|1123> NewECP
|1124> N_core 0
|1125>   lmax f
|1126>   s 2
|1127>    1      0.860000       9.191690  2
|1128>    2      0.172000       0.008301  2
|1129>   p 2
|1130>    1      0.860000      17.997720  2
|1131>    2      0.172000      -0.032600  2
|1132>   d 2
|1133>    1      1.600000      -9.504310  2
|1134>    2      0.320000      -0.151370  2
|1135>   f 1
|1136>    1      1.000000000    0.000000000 2
|1137> end
|1138> Ti>    4.00000000000    9.81737454414    0.00703891409   -4.43832977510
|1139> NewECP
|1140> N_core 0
|1141>   lmax f
|1142>   s 2
|1143>    1      0.860000       9.191690  2
|1144>    2      0.172000       0.008301  2
|1145>   p 2
|1146>    1      0.860000      17.997720  2
|1147>    2      0.172000      -0.032600  2
|1148>   d 2
|1149>    1      1.600000      -9.504310  2
|1150>    2      0.320000      -0.151370  2
|1151>   f 1
|1152>    1      1.000000000    0.000000000 2
|1153> end
|1154> Ti>    4.00000000000   -6.41943950033   -7.38714816897   -4.63694353463
|1155> NewECP
|1156> N_core 0
|1157>   lmax f
|1158>   s 2
|1159>    1      0.860000       9.191690  2
|1160>    2      0.172000       0.008301  2
|1161>   p 2
|1162>    1      0.860000      17.997720  2
|1163>    2      0.172000      -0.032600  2
|1164>   d 2
|1165>    1      1.600000      -9.504310  2
|1166>    2      0.320000      -0.151370  2
|1167>   f 1
|1168>    1      1.000000000    0.000000000 2
|1169> end
|1170> Ti>    4.00000000000   -6.41726740344    7.39986826028   -4.63665712733
|1171> NewECP
|1172> N_core 0
|1173>   lmax f
|1174>   s 2
|1175>    1      0.860000       9.191690  2
|1176>    2      0.172000       0.008301  2
|1177>   p 2
|1178>    1      0.860000      17.997720  2
|1179>    2      0.172000      -0.032600  2
|1180>   d 2
|1181>    1      1.600000      -9.504310  2
|1182>    2      0.320000      -0.151370  2
|1183>   f 1
|1184>    1      1.000000000    0.000000000 2
|1185> end
|1186> Ti>    4.00000000000    3.24115361540   -7.38772877941   -7.81753153775
|1187> NewECP
|1188> N_core 0
|1189>   lmax f
|1190>   s 2
|1191>    1      0.860000       9.191690  2
|1192>    2      0.172000       0.008301  2
|1193>   p 2
|1194>    1      0.860000      17.997720  2
|1195>    2      0.172000      -0.032600  2
|1196>   d 2
|1197>    1      1.600000      -9.504310  2
|1198>    2      0.320000      -0.151370  2
|1199>   f 1
|1200>    1      1.000000000    0.000000000 2
|1201> end
|1202> Ti>    4.00000000000   -3.26083843637   -7.38772877941   -7.81753153775
|1203> NewECP
|1204> N_core 0
|1205>   lmax f
|1206>   s 2
|1207>    1      0.860000       9.191690  2
|1208>    2      0.172000       0.008301  2
|1209>   p 2
|1210>    1      0.860000      17.997720  2
|1211>    2      0.172000      -0.032600  2
|1212>   d 2
|1213>    1      1.600000      -9.504310  2
|1214>    2      0.320000      -0.151370  2
|1215>   f 1
|1216>    1      1.000000000    0.000000000 2
|1217> end
|1218> Ti>    4.00000000000    3.24115361540    7.40024807162   -7.81753153775
|1219> NewECP
|1220> N_core 0
|1221>   lmax f
|1222>   s 2
|1223>    1      0.860000       9.191690  2
|1224>    2      0.172000       0.008301  2
|1225>   p 2
|1226>    1      0.860000      17.997720  2
|1227>    2      0.172000      -0.032600  2
|1228>   d 2
|1229>    1      1.600000      -9.504310  2
|1230>    2      0.320000      -0.151370  2
|1231>   f 1
|1232>    1      1.000000000    0.000000000 2
|1233> end
|1234> Ti>    4.00000000000   -3.26083843637    7.40024807162   -7.81753153775
|1235> NewECP
|1236> N_core 0
|1237>   lmax f
|1238>   s 2
|1239>    1      0.860000       9.191690  2
|1240>    2      0.172000       0.008301  2
|1241>   p 2
|1242>    1      0.860000      17.997720  2
|1243>    2      0.172000      -0.032600  2
|1244>   d 2
|1245>    1      1.600000      -9.504310  2
|1246>    2      0.320000      -0.151370  2
|1247>   f 1
|1248>    1      1.000000000    0.000000000 2
|1249> end
|1250> Ti>    4.00000000000    6.58454460321   -7.38714816897   -4.63694353463
|1251> NewECP
|1252> N_core 0
|1253>   lmax f
|1254>   s 2
|1255>    1      0.860000       9.191690  2
|1256>    2      0.172000       0.008301  2
|1257>   p 2
|1258>    1      0.860000      17.997720  2
|1259>    2      0.172000      -0.032600  2
|1260>   d 2
|1261>    1      1.600000      -9.504310  2
|1262>    2      0.320000      -0.151370  2
|1263>   f 1
|1264>    1      1.000000000    0.000000000 2
|1265> end
|1266> Ti>    4.00000000000    6.58671670010    7.39986826028   -4.63665712733
|1267> NewECP
|1268> N_core 0
|1269>   lmax f
|1270>   s 2
|1271>    1      0.860000       9.191690  2
|1272>    2      0.172000       0.008301  2
|1273>   p 2
|1274>    1      0.860000      17.997720  2
|1275>    2      0.172000      -0.032600  2
|1276>   d 2
|1277>    1      1.600000      -9.504310  2
|1278>    2      0.320000      -0.151370  2
|1279>   f 1
|1280>    1      1.000000000    0.000000000 2
|1281> end
|1282> Ti>    4.00000000000   -9.68453793057   -2.95288167635   -4.45244160177
|1283> NewECP
|1284> N_core 0
|1285>   lmax f
|1286>   s 2
|1287>    1      0.860000       9.191690  2
|1288>    2      0.172000       0.008301  2
|1289>   p 2
|1290>    1      0.860000      17.997720  2
|1291>    2      0.172000      -0.032600  2
|1292>   d 2
|1293>    1      1.600000      -9.504310  2
|1294>    2      0.320000      -0.151370  2
|1295>   f 1
|1296>    1      1.000000000    0.000000000 2
|1297> end
|1298> Ti>    4.00000000000   -9.68306981088    2.96520866993   -4.45037393472
|1299> NewECP
|1300> N_core 0
|1301>   lmax f
|1302>   s 2
|1303>    1      0.860000       9.191690  2
|1304>    2      0.172000       0.008301  2
|1305>   p 2
|1306>    1      0.860000      17.997720  2
|1307>    2      0.172000      -0.032600  2
|1308>   d 2
|1309>    1      1.600000      -9.504310  2
|1310>    2      0.320000      -0.151370  2
|1311>   f 1
|1312>    1      1.000000000    0.000000000 2
|1313> end
|1314> Ti>    4.00000000000    9.82194224667   -2.94968936082   -4.43946446195
|1315> NewECP
|1316> N_core 0
|1317>   lmax f
|1318>   s 2
|1319>    1      0.860000       9.191690  2
|1320>    2      0.172000       0.008301  2
|1321>   p 2
|1322>    1      0.860000      17.997720  2
|1323>    2      0.172000      -0.032600  2
|1324>   d 2
|1325>    1      1.600000      -9.504310  2
|1326>    2      0.320000      -0.151370  2
|1327>   f 1
|1328>    1      1.000000000    0.000000000 2
|1329> end
|1330> Ti>    4.00000000000    9.75392273086   -4.42964968677   -1.08895232853
|1331> NewECP
|1332> N_core 0
|1333>   lmax f
|1334>   s 2
|1335>    1      0.860000       9.191690  2
|1336>    2      0.172000       0.008301  2
|1337>   p 2
|1338>    1      0.860000      17.997720  2
|1339>    2      0.172000      -0.032600  2
|1340>   d 2
|1341>    1      1.600000      -9.504310  2
|1342>    2      0.320000      -0.151370  2
|1343>   f 1
|1344>    1      1.000000000    0.000000000 2
|1345> end
|1346> Ti>    4.00000000000    9.82306883150    2.96376288323   -4.44266062246
|1347> NewECP
|1348> N_core 0
|1349>   lmax f
|1350>   s 2
|1351>    1      0.860000       9.191690  2
|1352>    2      0.172000       0.008301  2
|1353>   p 2
|1354>    1      0.860000      17.997720  2
|1355>    2      0.172000      -0.032600  2
|1356>   d 2
|1357>    1      1.600000      -9.504310  2
|1358>    2      0.320000      -0.151370  2
|1359>   f 1
|1360>    1      1.000000000    0.000000000 2
|1361> end
|1362> Ti>    4.00000000000    9.75666531352    4.44458168405   -1.08791866758
|1363> NewECP
|1364> N_core 0
|1365>   lmax f
|1366>   s 2
|1367>    1      0.860000       9.191690  2
|1368>    2      0.172000       0.008301  2
|1369>   p 2
|1370>    1      0.860000      17.997720  2
|1371>    2      0.172000      -0.032600  2
|1372>   d 2
|1373>    1      1.600000      -9.504310  2
|1374>    2      0.320000      -0.151370  2
|1375>   f 1
|1376>    1      1.000000000    0.000000000 2
|1377> end
|1378> Ti>    4.00000000000   -9.76815047350   -4.43939826505   -1.09060020295
|1379> NewECP
|1380> N_core 0
|1381>   lmax f
|1382>   s 2
|1383>    1      0.860000       9.191690  2
|1384>    2      0.172000       0.008301  2
|1385>   p 2
|1386>    1      0.860000      17.997720  2
|1387>    2      0.172000      -0.032600  2
|1388>   d 2
|1389>    1      1.600000      -9.504310  2
|1390>    2      0.320000      -0.151370  2
|1391>   f 1
|1392>    1      1.000000000    0.000000000 2
|1393> end
|1394> Ti>    4.00000000000   -9.76765692289    4.44194515777   -1.09078193103
|1395> NewECP
|1396> N_core 0
|1397>   lmax f
|1398>   s 2
|1399>    1      0.860000       9.191690  2
|1400>    2      0.172000       0.008301  2
|1401>   p 2
|1402>    1      0.860000      17.997720  2
|1403>    2      0.172000      -0.032600  2
|1404>   d 2
|1405>    1      1.600000      -9.504310  2
|1406>    2      0.320000      -0.151370  2
|1407>   f 1
|1408>    1      1.000000000    0.000000000 2
|1409> end
|1410> Ti>    4.00000000000    3.25103342482  -10.33588531906   -1.12335312799
|1411> NewECP
|1412> N_core 0
|1413>   lmax f
|1414>   s 2
|1415>    1      0.860000       9.191690  2
|1416>    2      0.172000       0.008301  2
|1417>   p 2
|1418>    1      0.860000      17.997720  2
|1419>    2      0.172000      -0.032600  2
|1420>   d 2
|1421>    1      1.600000      -9.504310  2
|1422>    2      0.320000      -0.151370  2
|1423>   f 1
|1424>    1      1.000000000    0.000000000 2
|1425> end
|1426> Ti>    4.00000000000    3.25990466522   10.33681949056   -1.12229704541
|1427> NewECP
|1428> N_core 0
|1429>   lmax f
|1430>   s 2
|1431>    1      0.860000       9.191690  2
|1432>    2      0.172000       0.008301  2
|1433>   p 2
|1434>    1      0.860000      17.997720  2
|1435>    2      0.172000      -0.032600  2
|1436>   d 2
|1437>    1      1.600000      -9.504310  2
|1438>    2      0.320000      -0.151370  2
|1439>   f 1
|1440>    1      1.000000000    0.000000000 2
|1441> end
|1442> Ti>    4.00000000000   -3.25646001385  -10.34150528585   -1.09380847576
|1443> NewECP
|1444> N_core 0
|1445>   lmax f
|1446>   s 2
|1447>    1      0.860000       9.191690  2
|1448>    2      0.172000       0.008301  2
|1449>   p 2
|1450>    1      0.860000      17.997720  2
|1451>    2      0.172000      -0.032600  2
|1452>   d 2
|1453>    1      1.600000      -9.504310  2
|1454>    2      0.320000      -0.151370  2
|1455>   f 1
|1456>    1      1.000000000    0.000000000 2
|1457> end
|1458> Ti>    4.00000000000   -3.25659001122   10.35814471312   -1.08970630539
|1459> NewECP
|1460> N_core 0
|1461>   lmax f
|1462>   s 2
|1463>    1      0.860000       9.191690  2
|1464>    2      0.172000       0.008301  2
|1465>   p 2
|1466>    1      0.860000      17.997720  2
|1467>    2      0.172000      -0.032600  2
|1468>   d 2
|1469>    1      1.600000      -9.504310  2
|1470>    2      0.320000      -0.151370  2
|1471>   f 1
|1472>    1      1.000000000    0.000000000 2
|1473> end
|1474> Ti>    4.00000000000    0.08330326465  -10.37283164164   -4.59818387545
|1475> NewECP
|1476> N_core 0
|1477>   lmax f
|1478>   s 2
|1479>    1      0.860000       9.191690  2
|1480>    2      0.172000       0.008301  2
|1481>   p 2
|1482>    1      0.860000      17.997720  2
|1483>    2      0.172000      -0.032600  2
|1484>   d 2
|1485>    1      1.600000      -9.504310  2
|1486>    2      0.320000      -0.151370  2
|1487>   f 1
|1488>    1      1.000000000    0.000000000 2
|1489> end
|1490> Ti>    4.00000000000    0.08293367429   10.38582064284   -4.59246122543
|1491> NewECP
|1492> N_core 0
|1493>   lmax f
|1494>   s 2
|1495>    1      0.860000       9.191690  2
|1496>    2      0.172000       0.008301  2
|1497>   p 2
|1498>    1      0.860000      17.997720  2
|1499>    2      0.172000      -0.032600  2
|1500>   d 2
|1501>    1      1.600000      -9.504310  2
|1502>    2      0.320000      -0.151370  2
|1503>   f 1
|1504>    1      1.000000000    0.000000000 2
|1505> end
|1506> Ti>    4.00000000000    6.49187230890   -8.86248046984   -1.45713099450
|1507> NewECP
|1508> N_core 0
|1509>   lmax f
|1510>   s 2
|1511>    1      0.860000       9.191690  2
|1512>    2      0.172000       0.008301  2
|1513>   p 2
|1514>    1      0.860000      17.997720  2
|1515>    2      0.172000      -0.032600  2
|1516>   d 2
|1517>    1      1.600000      -9.504310  2
|1518>    2      0.320000      -0.151370  2
|1519>   f 1
|1520>    1      1.000000000    0.000000000 2
|1521> end
|1522> Ti>    4.00000000000    6.49464777486    8.87468227319   -1.45740178224
|1523> NewECP
|1524> N_core 0
|1525>   lmax f
|1526>   s 2
|1527>    1      0.860000       9.191690  2
|1528>    2      0.172000       0.008301  2
|1529>   p 2
|1530>    1      0.860000      17.997720  2
|1531>    2      0.172000      -0.032600  2
|1532>   d 2
|1533>    1      1.600000      -9.504310  2
|1534>    2      0.320000      -0.151370  2
|1535>   f 1
|1536>    1      1.000000000    0.000000000 2
|1537> end
|1538> Ti>    4.00000000000   -6.51211179465   -8.86248046984   -1.45713099450
|1539> NewECP
|1540> N_core 0
|1541>   lmax f
|1542>   s 2
|1543>    1      0.860000       9.191690  2
|1544>    2      0.172000       0.008301  2
|1545>   p 2
|1546>    1      0.860000      17.997720  2
|1547>    2      0.172000      -0.032600  2
|1548>   d 2
|1549>    1      1.600000      -9.504310  2
|1550>    2      0.320000      -0.151370  2
|1551>   f 1
|1552>    1      1.000000000    0.000000000 2
|1553> end
|1554> Ti>    4.00000000000   -6.50933632869    8.87468227319   -1.45740178224
|1555> NewECP
|1556> N_core 0
|1557>   lmax f
|1558>   s 2
|1559>    1      0.860000       9.191690  2
|1560>    2      0.172000       0.008301  2
|1561>   p 2
|1562>    1      0.860000      17.997720  2
|1563>    2      0.172000      -0.032600  2
|1564>   d 2
|1565>    1      1.600000      -9.504310  2
|1566>    2      0.320000      -0.151370  2
|1567>   f 1
|1568>    1      1.000000000    0.000000000 2
|1569> end
|1570> Ti>    4.00000000000   -9.68870675041   -5.90833806215   -4.44083243901
|1571> NewECP
|1572> N_core 0
|1573>   lmax f
|1574>   s 2
|1575>    1      0.860000       9.191690  2
|1576>    2      0.172000       0.008301  2
|1577>   p 2
|1578>    1      0.860000      17.997720  2
|1579>    2      0.172000      -0.032600  2
|1580>   d 2
|1581>    1      1.600000      -9.504310  2
|1582>    2      0.320000      -0.151370  2
|1583>   f 1
|1584>    1      1.000000000    0.000000000 2
|1585> end
|1586> Ti>    4.00000000000   -9.68870675041    5.92204341867   -4.44083243901
|1587> NewECP
|1588> N_core 0
|1589>   lmax f
|1590>   s 2
|1591>    1      0.860000       9.191690  2
|1592>    2      0.172000       0.008301  2
|1593>   p 2
|1594>    1      0.860000      17.997720  2
|1595>    2      0.172000      -0.032600  2
|1596>   d 2
|1597>    1      1.600000      -9.504310  2
|1598>    2      0.320000      -0.151370  2
|1599>   f 1
|1600>    1      1.000000000    0.000000000 2
|1601> end
|1602> Ti>    4.00000000000    9.82122350794   -5.90904848220   -4.43910019399
|1603> NewECP
|1604> N_core 0
|1605>   lmax f
|1606>   s 2
|1607>    1      0.860000       9.191690  2
|1608>    2      0.172000       0.008301  2
|1609>   p 2
|1610>    1      0.860000      17.997720  2
|1611>    2      0.172000      -0.032600  2
|1612>   d 2
|1613>    1      1.600000      -9.504310  2
|1614>    2      0.320000      -0.151370  2
|1615>   f 1
|1616>    1      1.000000000    0.000000000 2
|1617> end
|1618> Ti>    4.00000000000    9.82122350794    5.92133299863   -4.43910019399
|1619> NewECP
|1620> N_core 0
|1621>   lmax f
|1622>   s 2
|1623>    1      0.860000       9.191690  2
|1624>    2      0.172000       0.008301  2
|1625>   p 2
|1626>    1      0.860000      17.997720  2
|1627>    2      0.172000      -0.032600  2
|1628>   d 2
|1629>    1      1.600000      -9.504310  2
|1630>    2      0.320000      -0.151370  2
|1631>   f 1
|1632>    1      1.000000000    0.000000000 2
|1633> end
|1634> Ti>    4.00000000000    9.75666531352   -7.38579979677   -1.08791866758
|1635> NewECP
|1636> N_core 0
|1637>   lmax f
|1638>   s 2
|1639>    1      0.860000       9.191690  2
|1640>    2      0.172000       0.008301  2
|1641>   p 2
|1642>    1      0.860000      17.997720  2
|1643>    2      0.172000      -0.032600  2
|1644>   d 2
|1645>    1      1.600000      -9.504310  2
|1646>    2      0.320000      -0.151370  2
|1647>   f 1
|1648>    1      1.000000000    0.000000000 2
|1649> end
|1650> Ti>    4.00000000000    9.75392273086    7.40073179405   -1.08895232853
|1651> NewECP
|1652> N_core 0
|1653>   lmax f
|1654>   s 2
|1655>    1      0.860000       9.191690  2
|1656>    2      0.172000       0.008301  2
|1657>   p 2
|1658>    1      0.860000      17.997720  2
|1659>    2      0.172000      -0.032600  2
|1660>   d 2
|1661>    1      1.600000      -9.504310  2
|1662>    2      0.320000      -0.151370  2
|1663>   f 1
|1664>    1      1.000000000    0.000000000 2
|1665> end
|1666> Ti>    4.00000000000   -9.76765692289   -7.38843632305   -1.09078193103
|1667> NewECP
|1668> N_core 0
|1669>   lmax f
|1670>   s 2
|1671>    1      0.860000       9.191690  2
|1672>    2      0.172000       0.008301  2
|1673>   p 2
|1674>    1      0.860000      17.997720  2
|1675>    2      0.172000      -0.032600  2
|1676>   d 2
|1677>    1      1.600000      -9.504310  2
|1678>    2      0.320000      -0.151370  2
|1679>   f 1
|1680>    1      1.000000000    0.000000000 2
|1681> end
|1682> Ti>    4.00000000000   -9.76815047350    7.39098321577   -1.09060020295
|1683> NewECP
|1684> N_core 0
|1685>   lmax f
|1686>   s 2
|1687>    1      0.860000       9.191690  2
|1688>    2      0.172000       0.008301  2
|1689>   p 2
|1690>    1      0.860000      17.997720  2
|1691>    2      0.172000      -0.032600  2
|1692>   d 2
|1693>    1      1.600000      -9.504310  2
|1694>    2      0.320000      -0.151370  2
|1695>   f 1
|1696>    1      1.000000000    0.000000000 2
|1697> end
|1698> Ti>    4.00000000000   -6.42088754184  -10.34444886839   -4.63863317356
|1699> NewECP
|1700> N_core 0
|1701>   lmax f
|1702>   s 2
|1703>    1      0.860000       9.191690  2
|1704>    2      0.172000       0.008301  2
|1705>   p 2
|1706>    1      0.860000      17.997720  2
|1707>    2      0.172000      -0.032600  2
|1708>   d 2
|1709>    1      1.600000      -9.504310  2
|1710>    2      0.320000      -0.151370  2
|1711>   f 1
|1712>    1      1.000000000    0.000000000 2
|1713> end
|1714> Ti>    4.00000000000   -6.42100180501   10.35763674811   -4.63917858613
|1715> NewECP
|1716> N_core 0
|1717>   lmax f
|1718>   s 2
|1719>    1      0.860000       9.191690  2
|1720>    2      0.172000       0.008301  2
|1721>   p 2
|1722>    1      0.860000      17.997720  2
|1723>    2      0.172000      -0.032600  2
|1724>   d 2
|1725>    1      1.600000      -9.504310  2
|1726>    2      0.320000      -0.151370  2
|1727>   f 1
|1728>    1      1.000000000    0.000000000 2
|1729> end
|1730> Ti>    4.00000000000    6.58309656171  -10.34444886839   -4.63863317356
|1731> NewECP
|1732> N_core 0
|1733>   lmax f
|1734>   s 2
|1735>    1      0.860000       9.191690  2
|1736>    2      0.172000       0.008301  2
|1737>   p 2
|1738>    1      0.860000      17.997720  2
|1739>    2      0.172000      -0.032600  2
|1740>   d 2
|1741>    1      1.600000      -9.504310  2
|1742>    2      0.320000      -0.151370  2
|1743>   f 1
|1744>    1      1.000000000    0.000000000 2
|1745> end
|1746> Ti>    4.00000000000    6.58298229854   10.35763674811   -4.63917858613
|1747> NewECP
|1748> N_core 0
|1749>   lmax f
|1750>   s 2
|1751>    1      0.860000       9.191690  2
|1752>    2      0.172000       0.008301  2
|1753>   p 2
|1754>    1      0.860000      17.997720  2
|1755>    2      0.172000      -0.032600  2
|1756>   d 2
|1757>    1      1.600000      -9.504310  2
|1758>    2      0.320000      -0.151370  2
|1759>   f 1
|1760>    1      1.000000000    0.000000000 2
|1761> end
|1762>   end
|1763> endd                         ****END OF INPUT****
================================================================================
----------------
TOTAL SCF ENERGY
----------------

Total Energy       :       -16841.94742123 Eh         -458292.68848 eV

Components:
Nuclear Repulsion  :        13328.78320330 Eh          362694.63000 eV
Electronic Energy  :       -30170.73062452 Eh         -820987.31848 eV
One Electron Energy:       -52646.18623793 Eh        -1432575.55827 eV
Two Electron Energy:        22475.45561341 Eh          611588.23979 eV
Max COSX asymmetry :            0.00035753 Eh               0.00973 eV

Virial components:
Potential Energy   :       -29114.47564326 Eh         -792245.15922 eV
Kinetic Energy     :        12272.52822204 Eh          333952.47074 eV
Virial Ratio       :            2.37232908

--------------------Output has been truncated-------------------------


--------------------Output has been truncated-------------------------


--------------------Output has been truncated-------------------------


--------------------Output has been truncated-------------------------


--------------------Output has been truncated-------------------------


--------------------Output has been truncated-------------------------


--------------------Output has been truncated-------------------------


--------------------Output has been truncated-------------------------


--------------------Output has been truncated-------------------------


--------------------Output has been truncated-------------------------


-----------------------------------------------
 RI-MP2 CORRELATION ENERGY:     -9.654841361 Eh
-----------------------------------------------
---------------------------------------
MP2 TOTAL ENERGY:   -16851.602262588 Eh
---------------------------------------

Maximum memory used throughout the entire MP2-calculation: 3211.1 MB

-------------------------   --------------------
FINAL SINGLE POINT ENERGY    -16851.602262588374
-------------------------   --------------------
