 **********************************************************************
                          MRCC program system
 **********************************************************************
 
                              Written by
     Mihaly Kallay, Peter R. Nagy, David Mester, Laszlo Gyevi-Nagy,
        Jozsef Csoka, P. Bernat Szabo, Zoltan Rolik, Gyula Samu,
     Jozsef Csontos, Bence Hegely, Adam Ganyecz, Istvan Ladjanszki,
       Lorant Szegedy, Bence Ladoczki, Klara Petrov, Mate Farkas,
                    Pal D. Mezei, and Reka A. Horvath
 
        Department of Physical Chemistry and Materials Science
            Budapest University of Technology and Economics
                  Budapest P.O.Box 91, H-1521 Hungary
 
                              www.mrcc.hu
 
                      Release date: March 18, 2022

 ************************ 2023-02-04 11:40:40 *************************
 Executing minp...

 Reading input from MINP...
 
 Input file:
 
calc=FNO-CCSD(T)
verbosity=3
mem=220GB
unit=angs
scfiguess=small
scfalg=locfit1
ccmaxit=400
ccsdalg=dfdirect
ccsdthreads=4
ccsdmkl=thr
ptthreads=4
lnoepsv=1e-5
naf_cor=1e-2
basis=aug-cc-pVQZ
basis_sm=def2-SVP
dfbasis_scf=def2-QZVPP-RI-JK
dfbasis_cor=aug-cc-pVQZ-RI
unit=angs
geom=xyz
10

C    29.54344629    29.54344629    16.97505516
H    29.54344670    30.44187631    17.60392580
H    29.54344662    28.64496649    17.60393442
H    30.44658454    29.54342777    16.34911135
H    28.64030918    29.54342779    16.34911130
C    29.54344629    12.66147698    16.97505516
H    29.54344670    13.55990700    17.60392580
H    29.54344662    11.76299718    17.60393442
H    30.44658454    12.66145846    16.34911135
H    28.64030918    12.66145848    16.34911130

--------------------Output has been truncated-------------------------


--------------------Output has been truncated-------------------------


--------------------Output has been truncated-------------------------


--------------------Output has been truncated-------------------------


--------------------Output has been truncated-------------------------


--------------------Output has been truncated-------------------------


--------------------Output has been truncated-------------------------


--------------------Output has been truncated-------------------------


--------------------Output has been truncated-------------------------


--------------------Output has been truncated-------------------------


 
 Reference energy [au]:                       -40.215614173211
 DF-MP2 singlet pair energy [au]:              -0.173752857407
 DF-MP2 triplet pair energy [au]:              -0.037498360673
 DF-SCS-MP2 correlation energy [au]:           -0.221002882447
 DF-SCS-MP2 energy [au]:                      -40.436617055657
 DF-SOS-MP2 correlation energy [au]:           -0.225878714630
 DF-SOS-MP2 energy [au]:                      -40.441492887840
 DF-MP2 correlation energy [au]:               -0.211251218080
 DF-MP2 energy [au]:                          -40.426865391291

 Results in FNO basis:
 
 
 Reference energy [au]:                       -40.215614173211
 DF-MP2 singlet pair energy [au]:              -0.170618196512
 DF-MP2 triplet pair energy [au]:              -0.037357058967
 DF-SCS-MP2 correlation energy [au]:           -0.217194188804
 DF-SCS-MP2 energy [au]:                      -40.432808362014
 DF-SOS-MP2 correlation energy [au]:           -0.221803655466
 DF-SOS-MP2 energy [au]:                      -40.437417828676
 DF-MP2 correlation energy [au]:               -0.207975255479
 DF-MP2 energy [au]:                          -40.423589428690

 Results in NAF basis:
 
 
 Reference energy [au]:                       -40.215614173211
 DF-MP2 singlet pair energy [au]:              -0.170600637325
 DF-MP2 triplet pair energy [au]:              -0.037363751739
 DF-SCS-MP2 correlation energy [au]:           -0.217175348703
 DF-SCS-MP2 energy [au]:                      -40.432789521913
 DF-SOS-MP2 correlation energy [au]:           -0.221780828522
 DF-SOS-MP2 energy [au]:                      -40.437395001733
 DF-MP2 correlation energy [au]:               -0.207964389063
 DF-MP2 energy [au]:                          -40.423578562274

 ************************ 2023-02-04 11:41:13 *************************
 Executing ccsd...

 Allocation of 220.0 Gbytes of memory...

 Direct DF-CCSD(T) calculation
 
 Convergence criterion:  1.0E-06
 
 Number of occupied/virtual/auxiliary orbitals:     4   101   320
    163.36 MB is the minimal memory requirement for (T)
     39.40 MB is the minimal memory requirement for CCSD
 
 Reference energy [au]:             -40.215614173211
 T1 contribution [au]:                0.000000000000
 Same spin MP2 energy [au]:          -0.037360400905
 Opposite spin MP2 energy [au]:      -0.170609407127
 MP2 correlation energy [au]:        -0.207969808032
 Total MP2 energy [au]:             -40.423583981243
 MP2 correction [au]:                -0.003281410048
 
 
 CPU time [min]:     0.176                   Wall time [min]:     0.008
 
 Starting CCSD iterations...
 
                     Residual norm          Energy
 Iteration  1        0.138680881704      -40.436528973634
 Iteration  2        0.035376075244      -40.442052527536
 Iteration  3        0.009771738781      -40.442635248091
 Iteration  4        0.002020927137      -40.442639747207
 Iteration  5        0.000374897591      -40.442646258032
 Iteration  6        0.000084797667      -40.442646134789
 Iteration  7        0.000020223475      -40.442646824817
 Iteration  8        0.000003738678      -40.442646881766
 
 CCSD iteration has converged in  8 steps.
      444.29 MB memory was utilized by CCSD
 
 T1 diagnostic:      7.996E-03            D1 diagnostic:      1.292E-02
 
 T1 contribution [au]:                                  0.000000000000
 PPL energy contribution [au]:                          0.060602208333
 Scaled PPL energy contribution [au]:                   0.061558993213

 OS-PPL energy contribution [au]:                       0.053773712043
 Scaled OS-PPL energy contribution [au]:                0.054766759723
 SS-PPL energy contribution [au]:                       0.006828496291
 Scaled SS-PPL energy contribution [au]:                0.006852794965

 Opposite spin CCSD energy [au]:                       -0.191003421981
 Same spin CCSD energy [au]:                           -0.036036036280
 CCSD correlation energy [au]:                         -0.227039458261
 CCSD correlation energy + MP2 correction [au]:        -0.230320868309
 CCSD correlation energy + MP2 + PPL corr. [au]:       -0.229364083429
 Total CCSD energy [au]:                              -40.442653631472
 Total CCSD energy + MP2 correction [au]:             -40.445935041520
 Total CCSD energy + MP2 + PPL corr. [au]:            -40.444978256640
 
 CPU time [min]:     0.856                   Wall time [min]:     0.027
 
 Calculation of (T) correction...
 
 
      124.68 MB memory is utilized for (T)

 0%       25%       50%       75%       100%
 |---------|---------|---------|---------| 
 
 (T) correction [au]:                                    -0.006941734655
 (T*) correction [au]:                                   -0.007051263427
 (T+) correction [au]:                                   -0.007050856408
 CCSD(T) correlation energy [au]:                        -0.233981192916
 CCSD(T) correlation energy + MP2 correction [au]:       -0.237262602964
 CCSD(T+) correlation en. + MP2 + PPL corr. [au]:        -0.236414939838
 Total CCSD(T) energy [au]:                             -40.449595366126
 Total CCSD(T) energy + MP2 correction [au]:            -40.452876776174
 Total CCSD(T+) energy + MP2 + PPL corr. [au]:          -40.452029113048
 
 CPU time [min]:     0.989                   Wall time [min]:     0.031
 
 ************************ 2023-02-04 11:41:15 *************************
                      Normal termination of mrcc.
 **********************************************************************
