 **********************************************************************
                          MRCC program system
 **********************************************************************
 
                              Written by
     Mihaly Kallay, Peter R. Nagy, David Mester, Laszlo Gyevi-Nagy,
        Jozsef Csoka, P. Bernat Szabo, Zoltan Rolik, Gyula Samu,
     Jozsef Csontos, Bence Hegely, Adam Ganyecz, Istvan Ladjanszki,
       Lorant Szegedy, Bence Ladoczki, Klara Petrov, Mate Farkas,
                    Pal D. Mezei, and Reka A. Horvath
 
        Department of Physical Chemistry and Materials Science
            Budapest University of Technology and Economics
                  Budapest P.O.Box 91, H-1521 Hungary
 
                              www.mrcc.hu
 
                      Release date: March 18, 2022

 ************************ 2023-02-05 13:21:36 *************************
 Executing minp...

 Reading input from MINP...
 
 Input file:
 
calc=FNO-CCSD(T)
verbosity=3
mem=220GB
unit=angs
scfiguess=small
scfalg=locfit1
ccmaxit=400
ccsdalg=dfdirect
ccsdthreads=4
ccsdmkl=thr
ptthreads=4
lnoepsv=1e-5
naf_cor=1e-2
basis=aug-cc-pVQZ
basis_sm=def2-SVP
dfbasis_scf=def2-QZVPP-RI-JK
dfbasis_cor=aug-cc-pVQZ-RI
unit=angs
geom=xyz
16

C    34.41670262    34.07107264    10.41543014
C    33.11117461    33.45680459    10.91530835
H    34.24160149    35.00442132     9.86225048
H    34.94674030    33.36940783     9.75379242
H    35.10002891    34.30603621    11.24227357
H    32.42643037    33.26105434    10.07939442
H    32.59136835    34.12756100    11.61262818
H    33.28915165    32.50678735    11.43686767
C    45.74245317    23.52004258    10.40841099
C    47.04217115    22.90620846    10.92356869
H    45.21721276    22.81583689     9.74571409
H    45.92448905    24.45098191     9.85291346
H    45.05142584    23.76067685    11.22702485
H    47.73601157    22.70956722    10.09551480
H    46.85793094    21.95668890    11.44396498
H    47.55429059    23.57775033    11.62587494

--------------------Output has been truncated-------------------------


--------------------Output has been truncated-------------------------


--------------------Output has been truncated-------------------------


--------------------Output has been truncated-------------------------


--------------------Output has been truncated-------------------------


--------------------Output has been truncated-------------------------


--------------------Output has been truncated-------------------------


--------------------Output has been truncated-------------------------


--------------------Output has been truncated-------------------------


--------------------Output has been truncated-------------------------


 
 Reference energy [au]:                       -79.264437034584
 DF-MP2 singlet pair energy [au]:              -0.317722283938
 DF-MP2 triplet pair energy [au]:              -0.076906316793
 DF-SCS-MP2 correlation energy [au]:           -0.406902179657
 DF-SCS-MP2 energy [au]:                      -79.671339214241
 DF-SOS-MP2 correlation energy [au]:           -0.413038969120
 DF-SOS-MP2 energy [au]:                      -79.677476003704
 DF-MP2 correlation energy [au]:               -0.394628600732
 DF-MP2 energy [au]:                          -79.659065635316

 Results in FNO basis:
 
 
 Reference energy [au]:                       -79.264437034584
 DF-MP2 singlet pair energy [au]:              -0.312548723540
 DF-MP2 triplet pair energy [au]:              -0.076620435759
 DF-SCS-MP2 correlation energy [au]:           -0.400598613501
 DF-SCS-MP2 energy [au]:                      -79.665035648085
 DF-SOS-MP2 correlation energy [au]:           -0.406313340602
 DF-SOS-MP2 energy [au]:                      -79.670750375186
 DF-MP2 correlation energy [au]:               -0.389169159299
 DF-MP2 energy [au]:                          -79.653606193883

 Results in NAF basis:
 
 
 Reference energy [au]:                       -79.264437034584
 DF-MP2 singlet pair energy [au]:              -0.312527761341
 DF-MP2 triplet pair energy [au]:              -0.076628442245
 DF-SCS-MP2 correlation energy [au]:           -0.400576127691
 DF-SCS-MP2 energy [au]:                      -79.665013162275
 DF-SOS-MP2 correlation energy [au]:           -0.406286089743
 DF-SOS-MP2 energy [au]:                      -79.670723124327
 DF-MP2 correlation energy [au]:               -0.389156203586
 DF-MP2 energy [au]:                          -79.653593238170

 ************************ 2023-02-05 13:23:02 *************************
 Executing ccsd...

 Allocation of 220.0 Gbytes of memory...

 Direct DF-CCSD(T) calculation
 
 Convergence criterion:  1.0E-06
 
 Number of occupied/virtual/auxiliary orbitals:     7   175   551
    851.32 MB is the minimal memory requirement for (T)
    190.43 MB is the minimal memory requirement for CCSD
 
 Reference energy [au]:             -79.264437034584
 T1 contribution [au]:                0.000000000000
 Same spin MP2 energy [au]:          -0.076624436439
 Opposite spin MP2 energy [au]:      -0.312538237733
 MP2 correlation energy [au]:        -0.389162674172
 Total MP2 energy [au]:             -79.653599708756
 MP2 correction [au]:                -0.005465926560
 
 
 CPU time [min]:     0.397                   Wall time [min]:     0.049
 
 Starting CCSD iterations...
 
                     Residual norm          Energy
 Iteration  1        0.179604441233      -79.671512637354
 Iteration  2        0.044511307182      -79.681094799779
 Iteration  3        0.013089807135      -79.682230523941
 Iteration  4        0.002650289534      -79.682237746640
 Iteration  5        0.000560968280      -79.682243611892
 Iteration  6        0.000156931269      -79.682245662745
 Iteration  7        0.000037096195      -79.682245437690
 Iteration  8        0.000009998708      -79.682245801578
 
 CCSD iteration has converged in  8 steps.
     3804.92 MB memory was utilized by CCSD
 
 T1 diagnostic:      8.231E-03            D1 diagnostic:      1.428E-02
 
 T1 contribution [au]:                                  0.000000000000
 PPL energy contribution [au]:                          0.108935353147
 Scaled PPL energy contribution [au]:                   0.110475073908

 OS-PPL energy contribution [au]:                       0.095542147815
 Scaled OS-PPL energy contribution [au]:                0.097137050610
 SS-PPL energy contribution [au]:                       0.013393205332
 Scaled SS-PPL energy contribution [au]:                0.013441282350

 Opposite spin CCSD energy [au]:                       -0.345140085218
 Same spin CCSD energy [au]:                           -0.072676434586
 CCSD correlation energy [au]:                         -0.417816519803
 CCSD correlation energy + MP2 correction [au]:        -0.423282446363
 CCSD correlation energy + MP2 + PPL corr. [au]:       -0.421742725601
 Total CCSD energy [au]:                              -79.682253554387
 Total CCSD energy + MP2 correction [au]:             -79.687719480947
 Total CCSD energy + MP2 + PPL corr. [au]:            -79.686179760185
 
 CPU time [min]:     6.404                   Wall time [min]:     0.233
 
 Calculation of (T) correction...
 
 
      783.34 MB memory is utilized for (T)

 0%       25%       50%       75%       100%
 |---------|---------|---------|---------| 
 
 (T) correction [au]:                                    -0.014762650356
 (T*) correction [au]:                                   -0.014969996970
 (T+) correction [au]:                                   -0.014966465538
 CCSD(T) correlation energy [au]:                        -0.432579170159
 CCSD(T) correlation energy + MP2 correction [au]:       -0.438045096719
 CCSD(T+) correlation en. + MP2 + PPL corr. [au]:        -0.436709191139
 Total CCSD(T) energy [au]:                             -79.697016204743
 Total CCSD(T) energy + MP2 correction [au]:            -79.702482131303
 Total CCSD(T+) energy + MP2 + PPL corr. [au]:          -79.701146225723
 
 CPU time [min]:     8.155                   Wall time [min]:     0.291
 
 ************************ 2023-02-05 13:23:19 *************************
                      Normal termination of mrcc.
 **********************************************************************
