 **********************************************************************
                          MRCC program system
 **********************************************************************
 
                              Written by
     Mihaly Kallay, Peter R. Nagy, David Mester, Laszlo Gyevi-Nagy,
        Jozsef Csoka, P. Bernat Szabo, Zoltan Rolik, Gyula Samu,
     Jozsef Csontos, Bence Hegely, Adam Ganyecz, Istvan Ladjanszki,
       Lorant Szegedy, Bence Ladoczki, Klara Petrov, Mate Farkas,
                    Pal D. Mezei, and Reka A. Horvath
 
        Department of Physical Chemistry and Materials Science
            Budapest University of Technology and Economics
                  Budapest P.O.Box 91, H-1521 Hungary
 
                              www.mrcc.hu
 
                      Release date: March 18, 2022

 ************************ 2023-02-05 13:21:28 *************************
 Executing minp...

 Reading input from MINP...
 
 Input file:
 
calc=FNO-CCSD(T)
verbosity=3
mem=220GB
unit=angs
scfiguess=small
scfalg=locfit1
ccmaxit=400
ccsdalg=dfdirect
ccsdthreads=4
ccsdmkl=thr
ptthreads=4
lnoepsv=1e-5
naf_cor=1e-2
basis=aug-cc-pVTZ
basis_sm=def2-SVP
dfbasis_scf=def2-QZVPP-RI-JK
dfbasis_cor=aug-cc-pVTZ-RI
unit=angs
geom=xyz
16

C    34.41670262    34.07107264    10.41543014
C    33.11117461    33.45680459    10.91530835
H    34.24160149    35.00442132     9.86225048
H    34.94674030    33.36940783     9.75379242
H    35.10002891    34.30603621    11.24227357
H    32.42643037    33.26105434    10.07939442
H    32.59136835    34.12756100    11.61262818
H    33.28915165    32.50678735    11.43686767
C    45.74245317    23.52004258    10.40841099
C    47.04217115    22.90620846    10.92356869
H    45.21721276    22.81583689     9.74571409
H    45.92448905    24.45098191     9.85291346
H    45.05142584    23.76067685    11.22702485
H    47.73601157    22.70956722    10.09551480
H    46.85793094    21.95668890    11.44396498
H    47.55429059    23.57775033    11.62587494

--------------------Output has been truncated-------------------------


--------------------Output has been truncated-------------------------


--------------------Output has been truncated-------------------------


--------------------Output has been truncated-------------------------


--------------------Output has been truncated-------------------------


--------------------Output has been truncated-------------------------


--------------------Output has been truncated-------------------------


--------------------Output has been truncated-------------------------


--------------------Output has been truncated-------------------------


--------------------Output has been truncated-------------------------


 
 Reference energy [au]:                       -79.259550503364
 DF-MP2 singlet pair energy [au]:              -0.300254290131
 DF-MP2 triplet pair energy [au]:              -0.075031442220
 DF-SCS-MP2 correlation energy [au]:           -0.385315628897
 DF-SCS-MP2 energy [au]:                      -79.644866132262
 DF-SOS-MP2 correlation energy [au]:           -0.390330577170
 DF-SOS-MP2 energy [au]:                      -79.649881080534
 DF-MP2 correlation energy [au]:               -0.375285732351
 DF-MP2 energy [au]:                          -79.634836235716

 Results in FNO basis:
 
 
 Reference energy [au]:                       -79.259550503364
 DF-MP2 singlet pair energy [au]:              -0.299084107926
 DF-MP2 triplet pair energy [au]:              -0.074925176391
 DF-SCS-MP2 correlation energy [au]:           -0.383875988309
 DF-SCS-MP2 energy [au]:                      -79.643426491673
 DF-SOS-MP2 correlation energy [au]:           -0.388809340304
 DF-SOS-MP2 energy [au]:                      -79.648359843668
 DF-MP2 correlation energy [au]:               -0.374009284317
 DF-MP2 energy [au]:                          -79.633559787682

 Results in NAF basis:
 
 
 Reference energy [au]:                       -79.259550503364
 DF-MP2 singlet pair energy [au]:              -0.299023376859
 DF-MP2 triplet pair energy [au]:              -0.074964220833
 DF-SCS-MP2 correlation energy [au]:           -0.383816125842
 DF-SCS-MP2 energy [au]:                      -79.643366629207
 DF-SOS-MP2 correlation energy [au]:           -0.388730389917
 DF-SOS-MP2 energy [au]:                      -79.648280893282
 DF-MP2 correlation energy [au]:               -0.373987597692
 DF-MP2 energy [au]:                          -79.633538101056

 ************************ 2023-02-05 13:21:57 *************************
 Executing ccsd...

 Allocation of 220.0 Gbytes of memory...

 Direct DF-CCSD(T) calculation
 
 Convergence criterion:  1.0E-06
 
 Number of occupied/virtual/auxiliary orbitals:     7   139   378
    421.21 MB is the minimal memory requirement for (T)
     94.89 MB is the minimal memory requirement for CCSD
 
 Reference energy [au]:             -79.259550503364
 T1 contribution [au]:                0.000000000000
 Same spin MP2 energy [au]:          -0.074944639432
 Opposite spin MP2 energy [au]:      -0.299053571577
 MP2 correlation energy [au]:        -0.373998211009
 Total MP2 energy [au]:             -79.633548714374
 MP2 correction [au]:                -0.001287521342
 
 
 CPU time [min]:     0.317                   Wall time [min]:     0.017
 
 Starting CCSD iterations...
 
                     Residual norm          Energy
 Iteration  1        0.170712143601      -79.654477275679
 Iteration  2        0.042453498118      -79.664042192875
 Iteration  3        0.011296535498      -79.664998238894
 Iteration  4        0.002548541544      -79.665006560547
 Iteration  5        0.000536665439      -79.665011767280
 Iteration  6        0.000152292041      -79.665014844911
 Iteration  7        0.000036257618      -79.665014629623
 Iteration  8        0.000009249088      -79.665014921259
 
 CCSD iteration has converged in  8 steps.
     1534.57 MB memory was utilized by CCSD
 
 T1 diagnostic:      7.816E-03            D1 diagnostic:      1.353E-02
 
 T1 contribution [au]:                                  0.000000000000
 PPL energy contribution [au]:                          0.102911446230
 Scaled PPL energy contribution [au]:                   0.103270155905

 OS-PPL energy contribution [au]:                       0.089961248881
 Scaled OS-PPL energy contribution [au]:                0.090332331243
 SS-PPL energy contribution [au]:                       0.012950197349
 Scaled SS-PPL energy contribution [au]:                0.012962024082

 Opposite spin CCSD energy [au]:                       -0.334284072976
 Same spin CCSD energy [au]:                           -0.071199012228
 CCSD correlation energy [au]:                         -0.405483085204
 CCSD correlation energy + MP2 correction [au]:        -0.406770606546
 CCSD correlation energy + MP2 + PPL corr. [au]:       -0.406411896871
 Total CCSD energy [au]:                              -79.665033588568
 Total CCSD energy + MP2 correction [au]:             -79.666321109910
 Total CCSD energy + MP2 + PPL corr. [au]:            -79.665962400235
 
 CPU time [min]:     2.706                   Wall time [min]:     0.087
 
 Calculation of (T) correction...
 
 
      388.93 MB memory is utilized for (T)

 0%       25%       50%       75%       100%
 |---------|---------|---------|---------| 
 
 (T) correction [au]:                                    -0.013958893820
 (T*) correction [au]:                                   -0.014006948525
 (T+) correction [au]:                                   -0.014006366194
 CCSD(T) correlation energy [au]:                        -0.419441979024
 CCSD(T) correlation energy + MP2 correction [au]:       -0.420729500365
 CCSD(T+) correlation en. + MP2 + PPL corr. [au]:        -0.420418263065
 Total CCSD(T) energy [au]:                             -79.678992482388
 Total CCSD(T) energy + MP2 correction [au]:            -79.680280003730
 Total CCSD(T+) energy + MP2 + PPL corr. [au]:          -79.679968766429
 
 CPU time [min]:     3.413                   Wall time [min]:     0.109
 
 ************************ 2023-02-05 13:22:04 *************************
                      Normal termination of mrcc.
 **********************************************************************
