 **********************************************************************
                          MRCC program system
 **********************************************************************
 
                              Written by
     Mihaly Kallay, Peter R. Nagy, David Mester, Laszlo Gyevi-Nagy,
        Jozsef Csoka, P. Bernat Szabo, Zoltan Rolik, Gyula Samu,
     Jozsef Csontos, Bence Hegely, Adam Ganyecz, Istvan Ladjanszki,
       Lorant Szegedy, Bence Ladoczki, Klara Petrov, Mate Farkas,
                    Pal D. Mezei, and Reka A. Horvath
 
        Department of Physical Chemistry and Materials Science
            Budapest University of Technology and Economics
                  Budapest P.O.Box 91, H-1521 Hungary
 
                              www.mrcc.hu
 
                      Release date: March 18, 2022

 ************************ 2023-02-05 13:30:58 *************************
 Executing minp...

 Reading input from MINP...
 
 Input file:
 
calc=FNO-CCSD(T)
verbosity=3
mem=220GB
unit=angs
scfiguess=small
scfalg=locfit1
ccmaxit=400
ccsdalg=dfdirect
ccsdthreads=4
ccsdmkl=thr
ptthreads=4
lnoepsv=1e-5
naf_cor=1e-2
basis=aug-cc-pVTZ
basis_sm=def2-SVP
dfbasis_scf=def2-QZVPP-RI-JK
dfbasis_cor=aug-cc-pVTZ-RI
unit=angs
geom=xyz
16

C    34.41670262    34.07107264    10.41543014
C    33.11117461    33.45680459    10.91530835
H    34.24160149    35.00442132     9.86225048
H    34.94674030    33.36940783     9.75379242
H    35.10002891    34.30603621    11.24227357
H    32.42643037    33.26105434    10.07939442
H    32.59136835    34.12756100    11.61262818
H    33.28915165    32.50678735    11.43686767
C    28.86048386    40.40201188    10.40841099
C    30.16020184    39.78817777    10.92356869
H    28.33524345    39.69780620     9.74571409
H    29.04251974    41.33295122     9.85291346
H    28.16945653    40.64264616    11.22702485
H    30.85404226    39.59153653    10.09551480
H    29.97596163    38.83865821    11.44396498
H    30.67232128    40.45971964    11.62587494

--------------------Output has been truncated-------------------------


--------------------Output has been truncated-------------------------


--------------------Output has been truncated-------------------------


--------------------Output has been truncated-------------------------


--------------------Output has been truncated-------------------------


--------------------Output has been truncated-------------------------


--------------------Output has been truncated-------------------------


--------------------Output has been truncated-------------------------


--------------------Output has been truncated-------------------------


--------------------Output has been truncated-------------------------


 
 Reference energy [au]:                       -79.259539691202
 DF-MP2 singlet pair energy [au]:              -0.300262793885
 DF-MP2 triplet pair energy [au]:              -0.075032930968
 DF-SCS-MP2 correlation energy [au]:           -0.385326329652
 DF-SCS-MP2 energy [au]:                      -79.644866020853
 DF-SOS-MP2 correlation energy [au]:           -0.390341632051
 DF-SOS-MP2 energy [au]:                      -79.649881323252
 DF-MP2 correlation energy [au]:               -0.375295724853
 DF-MP2 energy [au]:                          -79.634835416055

 Results in FNO basis:
 
 
 Reference energy [au]:                       -79.259539691202
 DF-MP2 singlet pair energy [au]:              -0.299090348649
 DF-MP2 triplet pair energy [au]:              -0.074926478196
 DF-SCS-MP2 correlation energy [au]:           -0.383883911111
 DF-SCS-MP2 energy [au]:                      -79.643423602312
 DF-SOS-MP2 correlation energy [au]:           -0.388817453244
 DF-SOS-MP2 energy [au]:                      -79.648357144445
 DF-MP2 correlation energy [au]:               -0.374016826845
 DF-MP2 energy [au]:                          -79.633556518047

 Results in NAF basis:
 
 
 Reference energy [au]:                       -79.259539691202
 DF-MP2 singlet pair energy [au]:              -0.299029540099
 DF-MP2 triplet pair energy [au]:              -0.074965521167
 DF-SCS-MP2 correlation energy [au]:           -0.383823955174
 DF-SCS-MP2 energy [au]:                      -79.643363646376
 DF-SOS-MP2 correlation energy [au]:           -0.388738402128
 DF-SOS-MP2 energy [au]:                      -79.648278093330
 DF-MP2 correlation energy [au]:               -0.373995061265
 DF-MP2 energy [au]:                          -79.633534752467

 ************************ 2023-02-05 13:31:33 *************************
 Executing ccsd...

 Allocation of 220.0 Gbytes of memory...

 Direct DF-CCSD(T) calculation
 
 Convergence criterion:  1.0E-06
 
 Number of occupied/virtual/auxiliary orbitals:     7   139   378
    421.21 MB is the minimal memory requirement for (T)
     94.89 MB is the minimal memory requirement for CCSD
 
 Reference energy [au]:             -79.259539691202
 T1 contribution [au]:                0.000000000000
 Same spin MP2 energy [au]:          -0.074945940471
 Opposite spin MP2 energy [au]:      -0.299059773491
 MP2 correlation energy [au]:        -0.374005713962
 Total MP2 energy [au]:             -79.633545405164
 MP2 correction [au]:                -0.001290010891
 
 
 CPU time [min]:     0.318                   Wall time [min]:     0.016
 
 Starting CCSD iterations...
 
                     Residual norm          Energy
 Iteration  1        0.170713241473      -79.654473663570
 Iteration  2        0.042454495904      -79.664038818747
 Iteration  3        0.011297243964      -79.664994975381
 Iteration  4        0.002548649397      -79.665003290760
 Iteration  5        0.000536669910      -79.665008498008
 Iteration  6        0.000152291592      -79.665011575055
 Iteration  7        0.000036259105      -79.665011359614
 Iteration  8        0.000009249769      -79.665011651263
 
 CCSD iteration has converged in  8 steps.
     1534.57 MB memory was utilized by CCSD
 
 T1 diagnostic:      7.817E-03            D1 diagnostic:      1.354E-02
 
 T1 contribution [au]:                                  0.000000000000
 PPL energy contribution [au]:                          0.102914858013
 Scaled PPL energy contribution [au]:                   0.103274271300

 OS-PPL energy contribution [au]:                       0.089964376922
 Scaled OS-PPL energy contribution [au]:                0.090336171070
 SS-PPL energy contribution [au]:                       0.012950481091
 Scaled SS-PPL energy contribution [au]:                0.012962340625

 Opposite spin CCSD energy [au]:                       -0.334290592223
 Same spin CCSD energy [au]:                           -0.071200077437
 CCSD correlation energy [au]:                         -0.405490669661
 CCSD correlation energy + MP2 correction [au]:        -0.406780680552
 CCSD correlation energy + MP2 + PPL corr. [au]:       -0.406421267265
 Total CCSD energy [au]:                              -79.665030360863
 Total CCSD energy + MP2 correction [au]:             -79.666320371754
 Total CCSD energy + MP2 + PPL corr. [au]:            -79.665960958467
 
 CPU time [min]:     2.755                   Wall time [min]:     0.088
 
 Calculation of (T) correction...
 
 
      388.93 MB memory is utilized for (T)

 0%       25%       50%       75%       100%
 |---------|---------|---------|---------| 
 
 (T) correction [au]:                                    -0.013959377270
 (T*) correction [au]:                                   -0.014007525595
 (T+) correction [au]:                                   -0.014006943635
 CCSD(T) correlation energy [au]:                        -0.419450046931
 CCSD(T) correlation energy + MP2 correction [au]:       -0.420740057822
 CCSD(T+) correlation en. + MP2 + PPL corr. [au]:        -0.420428210900
 Total CCSD(T) energy [au]:                             -79.678989738133
 Total CCSD(T) energy + MP2 correction [au]:            -79.680279749024
 Total CCSD(T+) energy + MP2 + PPL corr. [au]:          -79.679967902102
 
 CPU time [min]:     3.469                   Wall time [min]:     0.110
 
 ************************ 2023-02-05 13:31:40 *************************
                      Normal termination of mrcc.
 **********************************************************************
