 **********************************************************************
                          MRCC program system
 **********************************************************************
 
                              Written by
     Mihaly Kallay, Peter R. Nagy, David Mester, Laszlo Gyevi-Nagy,
        Jozsef Csoka, P. Bernat Szabo, Zoltan Rolik, Gyula Samu,
     Jozsef Csontos, Bence Hegely, Adam Ganyecz, Istvan Ladjanszki,
       Lorant Szegedy, Bence Ladoczki, Klara Petrov, Mate Farkas,
                    Pal D. Mezei, and Reka A. Horvath
 
        Department of Physical Chemistry and Materials Science
            Budapest University of Technology and Economics
                  Budapest P.O.Box 91, H-1521 Hungary
 
                              www.mrcc.hu
 
                      Release date: March 18, 2022

 ************************ 2023-02-05 13:31:01 *************************
 Executing minp...

 Reading input from MINP...
 
 Input file:
 
calc=FNO-CCSD(T)
verbosity=3
mem=220GB
unit=angs
scfiguess=small
scfalg=locfit1
ccmaxit=400
ccsdalg=dfdirect
ccsdthreads=4
ccsdmkl=thr
ptthreads=4
lnoepsv=1e-5
naf_cor=1e-2
basis=aug-cc-pVQZ
basis_sm=def2-SVP
dfbasis_scf=def2-QZVPP-RI-JK
dfbasis_cor=aug-cc-pVQZ-RI
unit=angs
geom=xyz
16

C    34.41670262    34.07107264    10.41543014
C    33.11117461    33.45680459    10.91530835
H    34.24160149    35.00442132     9.86225048
H    34.94674030    33.36940783     9.75379242
H    35.10002891    34.30603621    11.24227357
H    32.42643037    33.26105434    10.07939442
H    32.59136835    34.12756100    11.61262818
H    33.28915165    32.50678735    11.43686767
C    28.86048386    40.40201188    10.40841099
C    30.16020184    39.78817777    10.92356869
H    28.33524345    39.69780620     9.74571409
H    29.04251974    41.33295122     9.85291346
H    28.16945653    40.64264616    11.22702485
H    30.85404226    39.59153653    10.09551480
H    29.97596163    38.83865821    11.44396498
H    30.67232128    40.45971964    11.62587494

--------------------Output has been truncated-------------------------


--------------------Output has been truncated-------------------------


--------------------Output has been truncated-------------------------


--------------------Output has been truncated-------------------------


--------------------Output has been truncated-------------------------


--------------------Output has been truncated-------------------------


--------------------Output has been truncated-------------------------


--------------------Output has been truncated-------------------------


--------------------Output has been truncated-------------------------


--------------------Output has been truncated-------------------------


 
 Reference energy [au]:                       -79.264426323670
 DF-MP2 singlet pair energy [au]:              -0.317727225720
 DF-MP2 triplet pair energy [au]:              -0.076907188849
 DF-SCS-MP2 correlation energy [au]:           -0.406908400480
 DF-SCS-MP2 energy [au]:                      -79.671334724150
 DF-SOS-MP2 correlation energy [au]:           -0.413045393435
 DF-SOS-MP2 energy [au]:                      -79.677471717105
 DF-MP2 correlation energy [au]:               -0.394634414569
 DF-MP2 energy [au]:                          -79.659060738239

 Results in FNO basis:
 
 
 Reference energy [au]:                       -79.264426323670
 DF-MP2 singlet pair energy [au]:              -0.312551557442
 DF-MP2 triplet pair energy [au]:              -0.076621146815
 DF-SCS-MP2 correlation energy [au]:           -0.400602251203
 DF-SCS-MP2 energy [au]:                      -79.665028574872
 DF-SOS-MP2 correlation energy [au]:           -0.406317024675
 DF-SOS-MP2 energy [au]:                      -79.670743348345
 DF-MP2 correlation energy [au]:               -0.389172704258
 DF-MP2 energy [au]:                          -79.653599027928

 Results in NAF basis:
 
 
 Reference energy [au]:                       -79.264426323670
 DF-MP2 singlet pair energy [au]:              -0.312530564922
 DF-MP2 triplet pair energy [au]:              -0.076629151088
 DF-SCS-MP2 correlation energy [au]:           -0.400579728269
 DF-SCS-MP2 energy [au]:                      -79.665006051938
 DF-SOS-MP2 correlation energy [au]:           -0.406289734398
 DF-SOS-MP2 energy [au]:                      -79.670716058068
 DF-MP2 correlation energy [au]:               -0.389159716010
 DF-MP2 energy [au]:                          -79.653586039679

 ************************ 2023-02-05 13:32:45 *************************
 Executing ccsd...

 Allocation of 220.0 Gbytes of memory...

 Direct DF-CCSD(T) calculation
 
 Convergence criterion:  1.0E-06
 
 Number of occupied/virtual/auxiliary orbitals:     7   175   551
    851.32 MB is the minimal memory requirement for (T)
    190.43 MB is the minimal memory requirement for CCSD
 
 Reference energy [au]:             -79.264426323670
 T1 contribution [au]:                0.000000000000
 Same spin MP2 energy [au]:          -0.076625146386
 Opposite spin MP2 energy [au]:      -0.312541056472
 MP2 correlation energy [au]:        -0.389166202858
 Total MP2 energy [au]:             -79.653592526528
 MP2 correction [au]:                -0.005468211711
 
 
 CPU time [min]:     0.401                   Wall time [min]:     0.050
 
 Starting CCSD iterations...
 
                     Residual norm          Energy
 Iteration  1        0.179604511078      -79.671505017550
 Iteration  2        0.044512022407      -79.681087344432
 Iteration  3        0.013090321983      -79.682223171792
 Iteration  4        0.002650344988      -79.682230388763
 Iteration  5        0.000560978514      -79.682236256706
 Iteration  6        0.000156934288      -79.682238307261
 Iteration  7        0.000037096759      -79.682238082137
 Iteration  8        0.000009999401      -79.682238446049
 
 CCSD iteration has converged in  8 steps.
     3804.92 MB memory was utilized by CCSD
 
 T1 diagnostic:      8.231E-03            D1 diagnostic:      1.428E-02
 
 T1 contribution [au]:                                  0.000000000000
 PPL energy contribution [au]:                          0.108937214183
 Scaled PPL energy contribution [au]:                   0.110477590649

 OS-PPL energy contribution [au]:                       0.095543880956
 Scaled OS-PPL energy contribution [au]:                0.097139451037
 SS-PPL energy contribution [au]:                       0.013393333226
 Scaled SS-PPL energy contribution [au]:                0.013441438654

 Opposite spin CCSD energy [au]:                       -0.345142891603
 Same spin CCSD energy [au]:                           -0.072677000802
 CCSD correlation energy [au]:                         -0.417819892405
 CCSD correlation energy + MP2 correction [au]:        -0.423288104115
 CCSD correlation energy + MP2 + PPL corr. [au]:       -0.421747727649
 Total CCSD energy [au]:                              -79.682246216074
 Total CCSD energy + MP2 correction [au]:             -79.687714427785
 Total CCSD energy + MP2 + PPL corr. [au]:            -79.686174051319
 
 CPU time [min]:     6.784                   Wall time [min]:     0.246
 
 Calculation of (T) correction...
 
 
      783.34 MB memory is utilized for (T)

 0%       25%       50%       75%       100%
 |---------|---------|---------|---------| 
 
 (T) correction [au]:                                    -0.014762941817
 (T*) correction [au]:                                   -0.014970377331
 (T+) correction [au]:                                   -0.014966846791
 CCSD(T) correlation energy [au]:                        -0.432582834222
 CCSD(T) correlation energy + MP2 correction [au]:       -0.438051045933
 CCSD(T+) correlation en. + MP2 + PPL corr. [au]:        -0.436714574441
 Total CCSD(T) energy [au]:                             -79.697009157892
 Total CCSD(T) energy + MP2 correction [au]:            -79.702477369602
 Total CCSD(T+) energy + MP2 + PPL corr. [au]:          -79.701140898110
 
 CPU time [min]:     8.491                   Wall time [min]:     0.302
 
 ************************ 2023-02-05 13:33:04 *************************
                      Normal termination of mrcc.
 **********************************************************************
