 **********************************************************************
                          MRCC program system
 **********************************************************************
 
                              Written by
     Mihaly Kallay, Peter R. Nagy, David Mester, Laszlo Gyevi-Nagy,
        Jozsef Csoka, P. Bernat Szabo, Zoltan Rolik, Gyula Samu,
     Jozsef Csontos, Bence Hegely, Adam Ganyecz, Istvan Ladjanszki,
       Lorant Szegedy, Bence Ladoczki, Klara Petrov, Mate Farkas,
                    Pal D. Mezei, and Reka A. Horvath
 
        Department of Physical Chemistry and Materials Science
            Budapest University of Technology and Economics
                  Budapest P.O.Box 91, H-1521 Hungary
 
                              www.mrcc.hu
 
                      Release date: March 18, 2022

 ************************ 2023-02-05 13:12:27 *************************
 Executing minp...

 Reading input from MINP...
 
 Input file:
 
calc=FNO-CCSD(T)
verbosity=3
mem=220GB
unit=angs
scfiguess=small
scfalg=locfit1
ccmaxit=400
ccsdalg=dfdirect
ccsdthreads=4
ccsdmkl=thr
ptthreads=4
lnoepsv=1e-5
naf_cor=1e-2
basis=aug-cc-pVTZ
basis_sm=def2-SVP
dfbasis_scf=def2-QZVPP-RI-JK
dfbasis_cor=aug-cc-pVTZ-RI
unit=angs
geom=xyz
16

C    34.41670262    34.07107264    10.41543014
C    33.11117461    33.45680459    10.91530835
H    34.24160149    35.00442132     9.86225048
H    34.94674030    33.36940783     9.75379242
H    35.10002891    34.30603621    11.24227357
H    32.42643037    33.26105434    10.07939442
H    32.59136835    34.12756100    11.61262818
H    33.28915165    32.50678735    11.43686767
C    37.30146851    40.40201188    10.40841099
C    38.60118650    39.78817777    10.92356869
H    36.77622810    39.69780620     9.74571409
H    37.48350439    41.33295122     9.85291346
H    36.61044119    40.64264616    11.22702485
H    39.29502691    39.59153653    10.09551480
H    38.41694628    38.83865821    11.44396498
H    39.11330594    40.45971964    11.62587494

--------------------Output has been truncated-------------------------


--------------------Output has been truncated-------------------------


--------------------Output has been truncated-------------------------


--------------------Output has been truncated-------------------------


--------------------Output has been truncated-------------------------


--------------------Output has been truncated-------------------------


--------------------Output has been truncated-------------------------


--------------------Output has been truncated-------------------------


--------------------Output has been truncated-------------------------


--------------------Output has been truncated-------------------------


 
 Reference energy [au]:                      -158.519091635647
 DF-MP2 singlet pair energy [au]:              -0.600555668487
 DF-MP2 triplet pair energy [au]:              -0.150094757313
 DF-SCS-MP2 correlation energy [au]:           -0.770698387955
 DF-SCS-MP2 energy [au]:                     -159.289790023602
 DF-SOS-MP2 correlation energy [au]:           -0.780722369033
 DF-SOS-MP2 energy [au]:                     -159.299814004680
 DF-MP2 correlation energy [au]:               -0.750650425800
 DF-MP2 energy [au]:                         -159.269742061447

 Results in FNO basis:
 
 
 Reference energy [au]:                      -158.519091635647
 DF-MP2 singlet pair energy [au]:              -0.598203273431
 DF-MP2 triplet pair energy [au]:              -0.149879383853
 DF-SCS-MP2 correlation energy [au]:           -0.767803722735
 DF-SCS-MP2 energy [au]:                     -159.286895358382
 DF-SOS-MP2 correlation energy [au]:           -0.777664255460
 DF-SOS-MP2 energy [au]:                     -159.296755891107
 DF-MP2 correlation energy [au]:               -0.748082657284
 DF-MP2 energy [au]:                         -159.267174292931

 Results in NAF basis:
 
 
 Reference energy [au]:                      -158.519091635647
 DF-MP2 singlet pair energy [au]:              -0.598082601173
 DF-MP2 triplet pair energy [au]:              -0.149957538432
 DF-SCS-MP2 correlation energy [au]:           -0.767684967552
 DF-SCS-MP2 energy [au]:                     -159.286776603199
 DF-SOS-MP2 correlation energy [au]:           -0.777507381525
 DF-SOS-MP2 energy [au]:                     -159.296599017172
 DF-MP2 correlation energy [au]:               -0.748040139605
 DF-MP2 energy [au]:                         -159.267131775252

 ************************ 2023-02-05 13:13:16 *************************
 Executing ccsd...

 Allocation of 220.0 Gbytes of memory...

 Direct DF-CCSD(T) calculation
 
 Convergence criterion:  1.0E-06
 
 Number of occupied/virtual/auxiliary orbitals:    14   278   756
   3422.71 MB is the minimal memory requirement for (T)
    780.99 MB is the minimal memory requirement for CCSD
 
 Reference energy [au]:            -158.519091635647
 T1 contribution [au]:                0.000000000000
 Same spin MP2 energy [au]:          -0.149918343131
 Opposite spin MP2 energy [au]:      -0.598142596215
 MP2 correlation energy [au]:        -0.748060939347
 Total MP2 energy [au]:            -159.267152574994
 MP2 correction [au]:                -0.002589486453
 
 
 CPU time [min]:     0.904                   Wall time [min]:     0.136
 
 Starting CCSD iterations...
 
                     Residual norm          Energy
 Iteration  1        0.241291729385     -159.309003637998
 Iteration  2        0.059993800097     -159.328131088853
 Iteration  3        0.015967758333     -159.330045122236
 Iteration  4        0.003602065564     -159.330061598684
 Iteration  5        0.000758650433     -159.330071975548
 Iteration  6        0.000215328179     -159.330078095568
 Iteration  7        0.000051259863     -159.330077668455
 Iteration  8        0.000013081552     -159.330078249598
 Iteration  9        0.000002624022     -159.330078197605
 
 CCSD iteration has converged in  9 steps.
    23656.02 MB memory was utilized by CCSD
 
 T1 diagnostic:      7.818E-03            D1 diagnostic:      1.354E-02
 
 T1 contribution [au]:                                  0.000000000000
 PPL energy contribution [au]:                          0.205827313607
 Scaled PPL energy contribution [au]:                   0.206548580995

 OS-PPL energy contribution [au]:                       0.179925436650
 Scaled OS-PPL energy contribution [au]:                0.180670979149
 SS-PPL energy contribution [au]:                       0.025901876957
 Scaled SS-PPL energy contribution [au]:                0.025926014466

 Opposite spin CCSD energy [au]:                       -0.668597558598
 Same spin CCSD energy [au]:                           -0.142425895033
 CCSD correlation energy [au]:                         -0.811023453631
 CCSD correlation energy + MP2 correction [au]:        -0.813612940084
 CCSD correlation energy + MP2 + PPL corr. [au]:       -0.812891672696
 Total CCSD energy [au]:                             -159.330115089278
 Total CCSD energy + MP2 correction [au]:            -159.332704575731
 Total CCSD energy + MP2 + PPL corr. [au]:           -159.331983308343
 
 CPU time [min]:    52.737                   Wall time [min]:     1.808
 
 Calculation of (T) correction...
 
 
     4429.83 MB memory is utilized for (T)

 0%       25%       50%       75%       100%
 |---------|---------|---------|---------| 
 
 (T) correction [au]:                                    -0.027926564190
 (T*) correction [au]:                                   -0.028023234737
 (T+) correction [au]:                                   -0.028022053712
 CCSD(T) correlation energy [au]:                        -0.838950017821
 CCSD(T) correlation energy + MP2 correction [au]:       -0.841539504274
 CCSD(T+) correlation en. + MP2 + PPL corr. [au]:        -0.840913726408
 Total CCSD(T) energy [au]:                            -159.358041653468
 Total CCSD(T) energy + MP2 correction [au]:           -159.360631139922
 Total CCSD(T+) energy + MP2 + PPL corr. [au]:         -159.360005362055
 
 CPU time [min]:   109.362                   Wall time [min]:     3.476
 
 ************************ 2023-02-05 13:16:45 *************************
                      Normal termination of mrcc.
 **********************************************************************
