 **********************************************************************
                          MRCC program system
 **********************************************************************
 
                              Written by
     Mihaly Kallay, Peter R. Nagy, David Mester, Laszlo Gyevi-Nagy,
        Jozsef Csoka, P. Bernat Szabo, Zoltan Rolik, Gyula Samu,
     Jozsef Csontos, Bence Hegely, Adam Ganyecz, Istvan Ladjanszki,
       Lorant Szegedy, Bence Ladoczki, Klara Petrov, Mate Farkas,
                    Pal D. Mezei, and Reka A. Horvath
 
        Department of Physical Chemistry and Materials Science
            Budapest University of Technology and Economics
                  Budapest P.O.Box 91, H-1521 Hungary
 
                              www.mrcc.hu
 
                      Release date: March 18, 2022

 ************************ 2023-02-23 02:50:08 *************************
 Executing minp...

 Reading input from MINP...
 
 Input file:
 
calc=LNO-CCSD(T)
scftype=rhf
verbosity=3
mem=220GB
symm=off
unit=angs
scfiguess=small
scfmaxit=1000
scfalg=locfit1


lcorthr=tight
bpedo=0.99999
ccmaxit=400
usedisk=0
ccsdalg=dfdirect
ccsdthreads=4
ccsdmkl=thr
ptthreads=4

charge=-24
core=22

basis=special
aug-cc-pVDZ
aug-cc-pVDZ
aug-cc-pVDZ
aug-cc-pVDZ
bse_CVDZ
aug-cc-pVDZ
aug-cc-pVDZ
aug-cc-pVDZ
aug-cc-pVDZ
aug-cc-pVDZ
bse_CVDZ
bse_CVDZ
bse_CVDZ
bse_CVDZ
aug-cc-pVDZ
aug-cc-pVDZ
aug-cc-pVDZ
aug-cc-pVDZ
aug-cc-pVDZ
aug-cc-pVDZ
aug-cc-pVDZ
aug-cc-pVDZ
aug-cc-pVDZ
aug-cc-pVDZ
aug-cc-pVDZ
aug-cc-pVDZ
nothing
nothing
nothing
nothing
nothing
nothing
nothing
nothing
nothing
nothing
nothing
nothing
nothing
nothing
nothing
nothing
nothing
nothing
nothing
nothing
nothing
nothing
nothing
nothing
nothing
nothing
nothing
nothing
nothing
nothing
nothing
nothing
nothing
nothing
nothing
nothing
nothing
nothing
nothing
nothing
nothing
nothing
nothing
nothing
nothing
nothing
nothing
nothing
nothing
nothing
nothing
nothing
nothing

basis_sm=special
def2-SVP
def2-SVP
def2-SVP
def2-SVP
def2-SVP
def2-SVP
def2-SVP
def2-SVP
def2-SVP
def2-SVP
def2-SVP
def2-SVP
def2-SVP
def2-SVP
def2-SVP
def2-SVP
def2-SVP
def2-SVP
def2-SVP
def2-SVP
def2-SVP
def2-SVP
def2-SVP
def2-SVP
def2-SVP
def2-SVP
nothing
nothing
nothing
nothing
nothing
nothing
nothing
nothing
nothing
nothing
nothing
nothing
nothing
nothing
nothing
nothing
nothing
nothing
nothing
nothing
nothing
nothing
nothing
nothing
nothing
nothing
nothing
nothing
nothing
nothing
nothing
nothing
nothing
nothing
nothing
nothing
nothing
nothing
nothing
nothing
nothing
nothing
nothing
nothing
nothing
nothing
nothing
nothing
nothing
nothing
nothing
nothing
nothing

dfbasis_scf=special
def2-QZVPP-RI-JK
def2-QZVPP-RI-JK
def2-QZVPP-RI-JK
def2-QZVPP-RI-JK
def2-QZVPP-RI-JK
def2-QZVPP-RI-JK
def2-QZVPP-RI-JK
def2-QZVPP-RI-JK
def2-QZVPP-RI-JK
def2-QZVPP-RI-JK
def2-QZVPP-RI-JK
def2-QZVPP-RI-JK
def2-QZVPP-RI-JK
def2-QZVPP-RI-JK
def2-QZVPP-RI-JK
def2-QZVPP-RI-JK
def2-QZVPP-RI-JK
def2-QZVPP-RI-JK
def2-QZVPP-RI-JK
def2-QZVPP-RI-JK
def2-QZVPP-RI-JK
def2-QZVPP-RI-JK
def2-QZVPP-RI-JK
def2-QZVPP-RI-JK
def2-QZVPP-RI-JK
def2-QZVPP-RI-JK
nothing
nothing
nothing
nothing
nothing
nothing
nothing
nothing
nothing
nothing
nothing
nothing
nothing
nothing
nothing
nothing
nothing
nothing
nothing
nothing
nothing
nothing
nothing
nothing
nothing
nothing
nothing
nothing
nothing
nothing
nothing
nothing
nothing
nothing
nothing
nothing
nothing
nothing
nothing
nothing
nothing
nothing
nothing
nothing
nothing
nothing
nothing
nothing
nothing
nothing
nothing
nothing
nothing

dfbasis_cor=special
aug-cc-pVDZ-RI
aug-cc-pVDZ-RI
aug-cc-pVDZ-RI
aug-cc-pVDZ-RI
bse_CVDZ_mp2fit
aug-cc-pVDZ-RI
aug-cc-pVDZ-RI
aug-cc-pVDZ-RI
aug-cc-pVDZ-RI
aug-cc-pVDZ-RI
bse_CVDZ_mp2fit
bse_CVDZ_mp2fit
bse_CVDZ_mp2fit
bse_CVDZ_mp2fit
aug-cc-pVDZ-RI
aug-cc-pVDZ-RI
aug-cc-pVDZ-RI
aug-cc-pVDZ-RI
aug-cc-pVDZ-RI
aug-cc-pVDZ-RI
aug-cc-pVDZ-RI
aug-cc-pVDZ-RI
aug-cc-pVDZ-RI
aug-cc-pVDZ-RI
aug-cc-pVDZ-RI
aug-cc-pVDZ-RI
nothing
nothing
nothing
nothing
nothing
nothing
nothing
nothing
nothing
nothing
nothing
nothing
nothing
nothing
nothing
nothing
nothing
nothing
nothing
nothing
nothing
nothing
nothing
nothing
nothing
nothing
nothing
nothing
nothing
nothing
nothing
nothing
nothing
nothing
nothing
nothing
nothing
nothing
nothing
nothing
nothing
nothing
nothing
nothing
nothing
nothing
nothing
nothing
nothing
nothing
nothing
nothing
nothing

ecp=special
none
none
none
none
none
none
none
none
none
none
none
none
none
none
none
none
none
none
none
none
none
none
none
none
none
none
ECP-12
ECP-12
ECP-12
ECP-12
ECP-12
ECP-12
ECP-12
ECP-12
ECP-12
ECP-12
ECP-12
ECP-12
ECP-12
ECP-12
ECP-12
ECP-12
ECP-12
ECP-12
ECP-12
ECP-12
ECP-12
ECP-12
ECP-12
ECP-12
ECP-12
ECP-12
ECP-12
ECP-12
ECP-12
ECP-12
ECP-12
ECP-12
ECP-12
ECP-12
ECP-12
ECP-12
ECP-12
ECP-12
ECP-12
ECP-12
ECP-12
ECP-12
ECP-12
ECP-12
ECP-12
ECP-12
ECP-12
ECP-12
ECP-12
ECP-12
ECP-12
ECP-12
ECP-12

unit=angs
geom=xyz
79
N1 H3 Mg5 O17 ECP53
N     0.00000172217    0.14246194211    2.24974477932
H    -0.00000044480    1.15159353534    2.41059950142
H    -0.82663383591   -0.24686120021    2.70342152179
H     0.82663440365   -0.24685899594    2.70342511145
Mg    0.00000000000    0.00000000000    0.00000000000
O    -0.00000026524   -2.12128837888   -0.08552188977
O    -2.13242008140    0.01088097006   -0.08101545754
O     2.13241990996    0.01088082855   -0.08101541346
O    -0.00000031576    2.14636681921   -0.07343007474
O    -0.00000023981    0.01184325360   -2.22236962301
Mg    2.11130296039   -2.10101758777   -0.14453438886
Mg   -2.11130347826   -2.10101756125   -0.14453458198
Mg   -2.11294673269    2.12204137757   -0.14684541586
Mg    2.11294622812    2.12204125666   -0.14684553363
O     2.11177828906   -2.10043141434   -2.24130327715
O    -2.11177884352   -2.10043131781   -2.24130339534
O    -2.11081129618    2.12255550536   -2.24063528483
O     2.11081066679    2.12255548217   -2.24063517827
O     2.11528002664   -4.20979459448   -0.08093689710
O    -2.11528059745   -4.20979452667   -0.08093727110
O     4.22049326016   -2.10412878869   -0.08035285123
O    -4.22049379566   -2.10412878869   -0.08035285123
O    -4.22049382633    2.12584746115   -0.08164206170
O     4.22049322948    2.12584746115   -0.08164206170
O    -2.11528059745    4.23119252915   -0.08093727110
O     2.11528002664    4.23119246134   -0.08093689710
Mg   -0.00000029434   -2.08872086303   -2.22739121658
Mg   -2.09957424575    0.01071026969   -2.22642901469
Mg    2.09957378513    0.01071021967   -2.22642827595
Mg   -0.00000031363    2.11067342876   -2.22577359261
Mg   -0.00000032798   -4.20705290804   -0.14396791410
Mg   -4.22049366359    0.01055426339   -0.14375900021
Mg    4.22049339222    0.01055426339   -0.14375900021
Mg   -0.00000032798    4.23393414778   -0.14396791410
Mg   -0.00000028292    0.01149172500   -4.35984871494
Mg    2.10802208687   -4.20908728155   -2.24013013970
Mg   -2.10802265838   -4.20908728089   -2.24013041115
Mg    4.22049320184   -2.09681997441   -2.24004263213
Mg   -4.22049385398   -2.09681997441   -2.24004263213
Mg   -4.22049379700    2.11907050871   -2.24046173933
Mg    4.22049325882    2.11907050871   -2.24046173933
Mg   -2.10802265838    4.23189977493   -2.24013041115
Mg    2.10802208687    4.23189977426   -2.24013013970
Mg    2.11024648103   -2.09875503896   -4.35984871494
Mg   -2.11024704688   -2.09875503896   -4.35984871494
Mg   -2.11024704688    2.12173848895   -4.35984871494
Mg    2.11024648103    2.12173848895   -4.35984871494
Mg    4.22049324959   -4.20939102900   -0.13976518446
Mg   -4.22049380623   -4.20939102900   -0.13976518446
Mg   -4.22049380623    4.23159602681   -0.13976518446
Mg    4.22049324959    4.23159602681   -0.13976518446
Mg   -0.00000028292   -4.20900180291   -4.35984871494
Mg   -4.22049381083    0.01149172500   -4.35984871494
Mg    4.22049324499    0.01149172500   -4.35984871494
Mg   -0.00000028292    4.23198525290   -4.35984871494
Mg    2.11294622812   -6.31894579916   -0.14684553363
Mg   -2.11294673269   -6.31894567825   -0.14684541586
Mg    6.32968357755   -2.10101756125   -0.14453458198
Mg   -6.32968409543   -2.10101758777   -0.14453438886
Mg   -6.32804082769    2.12204125666   -0.14684553363
Mg    6.32804032312    2.12204137757   -0.14684541586
Mg   -2.11130347826    6.33996949457   -0.14453458198
Mg    2.11130296039    6.33996946805   -0.14453438886
Mg   -0.00000031363   -6.33031362706   -2.22577359261
Mg   -6.34141327069    0.01071021967   -2.22642827595
Mg    6.34141281007    0.01071026969   -2.22642901469
Mg   -0.00000029434    6.35226619279   -2.22739121658
Mg    4.22049324499   -4.20900180291   -4.35984871494
Mg   -4.22049381083   -4.20900180291   -4.35984871494
Mg   -4.22049381083    4.23198525290   -4.35984871494
Mg    4.22049324499    4.23198525290   -4.35984871494
Mg    4.22049325882   -6.32191654711   -2.24046173933
Mg   -4.22049379700   -6.32191654711   -2.24046173933
Mg    6.33296439744   -4.20908728089   -2.24013041115
Mg   -6.33296496895   -4.20908728155   -2.24013013970
Mg   -6.33296496895    4.23189977426   -2.24013013970
Mg    6.33296439744    4.23189977493   -2.24013041115
Mg   -4.22049385398    6.34416708141   -2.24004263213
Mg    4.22049320184    6.34416708141   -2.24004263213


ghost=serialno
1-4

qmmm=Amber
pointcharges
10169
     -0.00000029434   -2.08872086303   -2.22739121658    2.00000000000
     -2.09957424575    0.01071026969   -2.22642901469    2.00000000000
      2.09957378513    0.01071021967   -2.22642827595    2.00000000000
     -0.00000031363    2.11067342876   -2.22577359261    2.00000000000
--------------------Output has been truncated-------------------------


--------------------Output has been truncated-------------------------


--------------------Output has been truncated-------------------------


--------------------Output has been truncated-------------------------


--------------------Output has been truncated-------------------------


--------------------Output has been truncated-------------------------


--------------------Output has been truncated-------------------------


--------------------Output has been truncated-------------------------


--------------------Output has been truncated-------------------------


--------------------Output has been truncated-------------------------


 
 Final local CC results:
 
 Minimum number of correlated electrons:        38       ( 21.6%)
 Maximum number of correlated electrons:        94       ( 53.4%)
 Average number of correlated electrons:        55.1     ( 31.3%)
 Minimum number of correlated orbitals:         59       ( 10.6%)
 Maximum number of correlated orbitals:        178       ( 32.1%)
 Average number of correlated orbitals:        104.3     ( 18.8%)
 
 CPU time for integral calculations [min]:                  3.436
 Wall time for integral calculations [min]:                 0.786
 
 CPU time for SCF calculation [min]:                       76.709
 Wall time for SCF calculation [min]:                       2.154
 
 CPU time for orbital localization [min]:                   0.343
 Wall time for orbital localization [min]:                  0.107
 
 CPU time for integral transformations [min]:             948.426
 Wall time for integral transformations [min]:             29.110
 
 Reference energy [au]:                                -11730.707450875401
 
 LMP2 correlation energy [au]:                             -4.437844468041
 Total LMP2 energy [au]:                               -11735.145295343442
 
 Total MP2 correction for dropped NAFs [au]:                0.001738935086
 Total MP2 correction [au]:                                -0.010363007613
 
 CPU time for CCSD calculations [min]:                    573.950
 Total CPU time for CCSD [min]:                          1602.865
 Wall time for CCSD calculations [min]:                    22.883
 Total wall time for CCSD [min]:                           55.041
 
 CCSD correlation energy [au]:                             -4.461034618678
 Total CCSD energy [au]:                               -11735.168485494080
 CCSD correlation energy + 0.5 MP2 corrections [au]:       -4.466216122485
 Total LNO-CCSD energy with MP2 corrections [au]:      -11735.173666997885
 
 CPU time for (T) corrections [min]:                      630.770
 Total CPU time for CCSD(T) [min]:                       2233.636
 Wall time for (T) corrections [min]:                      18.562
 Total wall time for CCSD(T) [min]:                        73.603
 
 Total (T) correlation energy contribution [au]:           -0.112450295380
 Total (T) correlation energy+0.5 MP2 correction [au]:     -0.117631799186
 CCSD(T) correlation energy [au]:                          -4.573484914058
 Total CCSD(T) energy [au]:                            -11735.280935789458
 CCSD(T) correlation energy + MP2 corrections [au]:        -4.583847921671
 Total LNO-CCSD(T) energy with MP2 corrections [au]:   -11735.291298797072
 
 ======================================================================
 ======================================================================
 
 ************************ 2023-02-23 04:05:21 *************************
                      Normal termination of mrcc.
 **********************************************************************
