 **********************************************************************
                          MRCC program system
 **********************************************************************
 
                              Written by
     Mihaly Kallay, Peter R. Nagy, David Mester, Laszlo Gyevi-Nagy,
        Jozsef Csoka, P. Bernat Szabo, Zoltan Rolik, Gyula Samu,
     Jozsef Csontos, Bence Hegely, Adam Ganyecz, Istvan Ladjanszki,
       Lorant Szegedy, Bence Ladoczki, Klara Petrov, Mate Farkas,
                    Pal D. Mezei, and Reka A. Horvath
 
        Department of Physical Chemistry and Materials Science
            Budapest University of Technology and Economics
                  Budapest P.O.Box 91, H-1521 Hungary
 
                              www.mrcc.hu
 
                      Release date: March 18, 2022

 ************************ 2023-02-05 13:32:21 *************************
 Executing minp...

 Reading input from MINP...
 
 Input file:
 
calc=FNO-CCSD(T)
verbosity=3
mem=220GB
unit=angs
scfiguess=small
scfalg=locfit1
ccmaxit=400
ccsdalg=dfdirect
ccsdthreads=4
ccsdmkl=thr
ptthreads=4
lnoepsv=1e-5
naf_cor=1e-2
basis=aug-cc-pVQZ
basis_sm=def2-SVP
dfbasis_scf=def2-QZVPP-RI-JK
dfbasis_cor=aug-cc-pVQZ-RI
unit=angs
geom=xyz
16

C    34.41670262    34.07107264    10.41543014
C    33.11117461    33.45680459    10.91530835
H    34.24160149    35.00442132     9.86225048
H    34.94674030    33.36940783     9.75379242
H    35.10002891    34.30603621    11.24227357
H    32.42643037    33.26105434    10.07939442
H    32.59136835    34.12756100    11.61262818
H    33.28915165    32.50678735    11.43686767
C    28.86048160    53.06349064    10.40840413
C    30.16019719    52.44965067    10.92356358
H    28.33519739    52.35929574     9.74574003
H    29.04252993    53.99444780     9.85293887
H    28.16943746    53.30409463    11.22701403
H    30.85410596    52.25299112    10.09557036
H    29.97595347    51.50012863    11.44395536
H    30.67229494    53.12124181    11.62583355

--------------------Output has been truncated-------------------------


--------------------Output has been truncated-------------------------


--------------------Output has been truncated-------------------------


--------------------Output has been truncated-------------------------


--------------------Output has been truncated-------------------------


--------------------Output has been truncated-------------------------


--------------------Output has been truncated-------------------------


--------------------Output has been truncated-------------------------


--------------------Output has been truncated-------------------------


--------------------Output has been truncated-------------------------


 
 Reference energy [au]:                      -158.528862256181
 DF-MP2 singlet pair energy [au]:              -0.635445702013
 DF-MP2 triplet pair energy [au]:              -0.153813230791
 DF-SCS-MP2 correlation energy [au]:           -0.813805919346
 DF-SCS-MP2 energy [au]:                     -159.342668175526
 DF-SOS-MP2 correlation energy [au]:           -0.826079412617
 DF-SOS-MP2 energy [au]:                     -159.354941668797
 DF-MP2 correlation energy [au]:               -0.789258932804
 DF-MP2 energy [au]:                         -159.318121188985

 Results in FNO basis:
 
 
 Reference energy [au]:                      -158.528862256181
 DF-MP2 singlet pair energy [au]:              -0.625098504625
 DF-MP2 triplet pair energy [au]:              -0.153241458730
 DF-SCS-MP2 correlation energy [au]:           -0.801198691794
 DF-SCS-MP2 energy [au]:                     -159.330060947975
 DF-SOS-MP2 correlation energy [au]:           -0.812628056013
 DF-SOS-MP2 energy [au]:                     -159.341490312194
 DF-MP2 correlation energy [au]:               -0.778339963356
 DF-MP2 energy [au]:                         -159.307202219536

 Results in NAF basis:
 
 
 Reference energy [au]:                      -158.528862256181
 DF-MP2 singlet pair energy [au]:              -0.625056556417
 DF-MP2 triplet pair energy [au]:              -0.153257462815
 DF-SCS-MP2 correlation energy [au]:           -0.801153688639
 DF-SCS-MP2 energy [au]:                     -159.330015944820
 DF-SOS-MP2 correlation energy [au]:           -0.812573523342
 DF-SOS-MP2 energy [au]:                     -159.341435779523
 DF-MP2 correlation energy [au]:               -0.778314019232
 DF-MP2 energy [au]:                         -159.307176275413

 ************************ 2023-02-05 13:34:32 *************************
 Executing ccsd...

 Allocation of 220.0 Gbytes of memory...

 Direct DF-CCSD(T) calculation
 
 Convergence criterion:  1.0E-06
 
 Number of occupied/virtual/auxiliary orbitals:    14   350  1102
   6895.51 MB is the minimal memory requirement for (T)
   1574.97 MB is the minimal memory requirement for CCSD
 
 Reference energy [au]:            -158.528862256181
 T1 contribution [au]:                0.000000000000
 Same spin MP2 energy [au]:          -0.153249455646
 Opposite spin MP2 energy [au]:      -0.625077521107
 MP2 correlation energy [au]:        -0.778326976753
 Total MP2 energy [au]:            -159.307189232934
 MP2 correction [au]:                -0.010931956051
 
 
 CPU time [min]:     1.534                   Wall time [min]:     0.456
 
 Starting CCSD iterations...
 
                     Residual norm          Energy
 Iteration  1        0.253998804049     -159.343014974402
 Iteration  2        0.062948794511     -159.362179478028
 Iteration  3        0.018512015689     -159.364451000568
 Iteration  4        0.003748119219     -159.364465440541
 Iteration  5        0.000793338416     -159.364477173288
 Iteration  6        0.000221937233     -159.364481274508
 Iteration  7        0.000052462885     -159.364480824310
 Iteration  8        0.000014140951     -159.364481552085
 Iteration  9        0.000002817607     -159.364481509267
 
 CCSD iteration has converged in  9 steps.
    59039.49 MB memory was utilized by CCSD
 
 T1 diagnostic:      8.231E-03            D1 diagnostic:      1.428E-02
 
 T1 contribution [au]:                                  0.000000000000
 PPL energy contribution [au]:                          0.217871529758
 Scaled PPL energy contribution [au]:                   0.220951010468

 OS-PPL energy contribution [au]:                       0.191085060450
 Scaled OS-PPL energy contribution [au]:                0.194274905398
 SS-PPL energy contribution [au]:                       0.026786469308
 Scaled SS-PPL energy contribution [au]:                0.026882626587

 Opposite spin CCSD energy [au]:                       -0.690281449259
 Same spin CCSD energy [au]:                           -0.145353325427
 CCSD correlation energy [au]:                         -0.835634774686
 CCSD correlation energy + MP2 correction [au]:        -0.846566730737
 CCSD correlation energy + MP2 + PPL corr. [au]:       -0.843487250027
 Total CCSD energy [au]:                             -159.364497030867
 Total CCSD energy + MP2 correction [au]:            -159.375428986918
 Total CCSD energy + MP2 + PPL corr. [au]:           -159.372349506207
 
 CPU time [min]:   154.856                   Wall time [min]:     5.393
 
 Calculation of (T) correction...
 
 
     8828.31 MB memory is utilized for (T)

 0%       25%       50%       75%       100%
 |---------|---------|---------|---------| 
 
 (T) correction [au]:                                    -0.029525451048
 (T*) correction [au]:                                   -0.029940149424
 (T+) correction [au]:                                   -0.029933088392
 CCSD(T) correlation energy [au]:                        -0.865160225735
 CCSD(T) correlation energy + MP2 correction [au]:       -0.876092181786
 CCSD(T+) correlation en. + MP2 + PPL corr. [au]:        -0.873420338418
 Total CCSD(T) energy [au]:                            -159.394022481915
 Total CCSD(T) energy + MP2 correction [au]:           -159.404954437966
 Total CCSD(T+) energy + MP2 + PPL corr. [au]:         -159.402282594599
 
 CPU time [min]:   275.756                   Wall time [min]:     9.014
 
 ************************ 2023-02-05 13:43:33 *************************
                      Normal termination of mrcc.
 **********************************************************************
