 **********************************************************************
                          MRCC program system
 **********************************************************************
 
                              Written by
     Mihaly Kallay, Peter R. Nagy, David Mester, Laszlo Gyevi-Nagy,
        Jozsef Csoka, P. Bernat Szabo, Zoltan Rolik, Gyula Samu,
     Jozsef Csontos, Bence Hegely, Adam Ganyecz, Istvan Ladjanszki,
       Lorant Szegedy, Bence Ladoczki, Klara Petrov, Mate Farkas,
                    Pal D. Mezei, and Reka A. Horvath
 
        Department of Physical Chemistry and Materials Science
            Budapest University of Technology and Economics
                  Budapest P.O.Box 91, H-1521 Hungary
 
                              www.mrcc.hu
 
                      Release date: March 18, 2022

 ************************ 2023-02-05 13:32:08 *************************
 Executing minp...

 Reading input from MINP...
 
 Input file:
 
calc=FNO-CCSD(T)
verbosity=3
mem=220GB
unit=angs
scfiguess=small
scfalg=locfit1
ccmaxit=400
ccsdalg=dfdirect
ccsdthreads=4
ccsdmkl=thr
ptthreads=4
lnoepsv=1e-5
naf_cor=1e-2
basis=aug-cc-pVTZ
basis_sm=def2-SVP
dfbasis_scf=def2-QZVPP-RI-JK
dfbasis_cor=aug-cc-pVTZ-RI
unit=angs
geom=xyz
16

C    34.41670262    34.07107264    10.41543014
C    33.11117461    33.45680459    10.91530835
H    34.24160149    35.00442132     9.86225048
H    34.94674030    33.36940783     9.75379242
H    35.10002891    34.30603621    11.24227357
H    32.42643037    33.26105434    10.07939442
H    32.59136835    34.12756100    11.61262818
H    33.28915165    32.50678735    11.43686767
C    28.86048160    53.06349064    10.40840413
C    30.16019719    52.44965067    10.92356358
H    28.33519739    52.35929574     9.74574003
H    29.04252993    53.99444780     9.85293887
H    28.16943746    53.30409463    11.22701403
H    30.85410596    52.25299112    10.09557036
H    29.97595347    51.50012863    11.44395536
H    30.67229494    53.12124181    11.62583355

--------------------Output has been truncated-------------------------


--------------------Output has been truncated-------------------------


--------------------Output has been truncated-------------------------


--------------------Output has been truncated-------------------------


--------------------Output has been truncated-------------------------


--------------------Output has been truncated-------------------------


--------------------Output has been truncated-------------------------


--------------------Output has been truncated-------------------------


--------------------Output has been truncated-------------------------


--------------------Output has been truncated-------------------------


 
 Reference energy [au]:                      -158.519089218663
 DF-MP2 singlet pair energy [au]:              -0.600509621367
 DF-MP2 triplet pair energy [au]:              -0.150063457396
 DF-SCS-MP2 correlation energy [au]:           -0.770632698105
 DF-SCS-MP2 energy [au]:                     -159.289721916768
 DF-SOS-MP2 correlation energy [au]:           -0.780662507777
 DF-SOS-MP2 energy [au]:                     -159.299751726439
 DF-MP2 correlation energy [au]:               -0.750573078763
 DF-MP2 energy [au]:                         -159.269662297425

 Results in FNO basis:
 
 
 Reference energy [au]:                      -158.519089218663
 DF-MP2 singlet pair energy [au]:              -0.598169207989
 DF-MP2 triplet pair energy [au]:              -0.149850914529
 DF-SCS-MP2 correlation energy [au]:           -0.767753354430
 DF-SCS-MP2 energy [au]:                     -159.286842573092
 DF-SOS-MP2 correlation energy [au]:           -0.777619970386
 DF-SOS-MP2 energy [au]:                     -159.296709189049
 DF-MP2 correlation energy [au]:               -0.748020122518
 DF-MP2 energy [au]:                         -159.267109341180

 Results in NAF basis:
 
 
 Reference energy [au]:                      -158.519089218663
 DF-MP2 singlet pair energy [au]:              -0.598047709940
 DF-MP2 triplet pair energy [au]:              -0.149929020637
 DF-SCS-MP2 correlation energy [au]:           -0.767633592141
 DF-SCS-MP2 energy [au]:                     -159.286722810803
 DF-SOS-MP2 correlation energy [au]:           -0.777462022922
 DF-SOS-MP2 energy [au]:                     -159.296551241585
 DF-MP2 correlation energy [au]:               -0.747976730578
 DF-MP2 energy [au]:                         -159.267065949240

 ************************ 2023-02-05 13:32:51 *************************
 Executing ccsd...

 Allocation of 220.0 Gbytes of memory...

 Direct DF-CCSD(T) calculation
 
 Convergence criterion:  1.0E-06
 
 Number of occupied/virtual/auxiliary orbitals:    14   278   756
   3422.71 MB is the minimal memory requirement for (T)
    780.99 MB is the minimal memory requirement for CCSD
 
 Reference energy [au]:            -158.519089218663
 T1 contribution [au]:                0.000000000000
 Same spin MP2 energy [au]:          -0.149889849192
 Opposite spin MP2 energy [au]:      -0.598108117315
 MP2 correlation energy [au]:        -0.747997966507
 Total MP2 energy [au]:            -159.267087185170
 MP2 correction [au]:                -0.002575112255
 
 
 CPU time [min]:     0.908                   Wall time [min]:     0.132
 
 Starting CCSD iterations...
 
                     Residual norm          Energy
 Iteration  1        0.241423270479     -159.308944164805
 Iteration  2        0.060038611751     -159.328074190580
 Iteration  3        0.015975919816     -159.329986343880
 Iteration  4        0.003604224570     -159.330002980432
 Iteration  5        0.000758966720     -159.330013396252
 Iteration  6        0.000215375380     -159.330019551022
 Iteration  7        0.000051277075     -159.330019120296
 Iteration  8        0.000013080790     -159.330019703569
 Iteration  9        0.000002622724     -159.330019651520
 
 CCSD iteration has converged in  9 steps.
    23656.02 MB memory was utilized by CCSD
 
 T1 diagnostic:      7.817E-03            D1 diagnostic:      1.354E-02
 
 T1 contribution [au]:                                  0.000000000000
 PPL energy contribution [au]:                          0.205823686497
 Scaled PPL energy contribution [au]:                   0.206541129337

 OS-PPL energy contribution [au]:                       0.179923235988
 Scaled OS-PPL energy contribution [au]:                0.180665428565
 SS-PPL energy contribution [au]:                       0.025900450509
 Scaled SS-PPL energy contribution [au]:                0.025924103286

 Opposite spin CCSD energy [au]:                       -0.668569309547
 Same spin CCSD energy [au]:                           -0.142398475243
 CCSD correlation energy [au]:                         -0.810967784789
 CCSD correlation energy + MP2 correction [au]:        -0.813542897045
 CCSD correlation energy + MP2 + PPL corr. [au]:       -0.812825454205
 Total CCSD energy [au]:                             -159.330057003452
 Total CCSD energy + MP2 correction [au]:            -159.332632115707
 Total CCSD energy + MP2 + PPL corr. [au]:           -159.331914672868
 
 CPU time [min]:    53.255                   Wall time [min]:     1.777
 
 Calculation of (T) correction...
 
 
     4429.83 MB memory is utilized for (T)

 0%       25%       50%       75%       100%
 |---------|---------|---------|---------| 
 
 (T) correction [au]:                                    -0.027917927174
 (T*) correction [au]:                                   -0.028014039463
 (T+) correction [au]:                                   -0.028012875481
 CCSD(T) correlation energy [au]:                        -0.838885711964
 CCSD(T) correlation energy + MP2 correction [au]:       -0.841460824219
 CCSD(T+) correlation en. + MP2 + PPL corr. [au]:        -0.840838329686
 Total CCSD(T) energy [au]:                            -159.357974930626
 Total CCSD(T) energy + MP2 correction [au]:           -159.360550042882
 Total CCSD(T+) energy + MP2 + PPL corr. [au]:         -159.359927548348
 
 CPU time [min]:   111.183                   Wall time [min]:     3.482
 
 ************************ 2023-02-05 13:36:20 *************************
                      Normal termination of mrcc.
 **********************************************************************
