================================================================================
                                       INPUT FILE
================================================================================
NAME = orca.inp
|  1>  ! TightSCF RI-MP2 RIJCOSX SlowConv DIIS
|  2> %maxcore 55000
|  3> %pal
|  4> nprocs 4
|  5> end
|  6> %pointcharges "orca.bq"
|  7> %method
|  8> Method hf
|  9> RI on
| 10> RunTyp Energy
| 11> NewNCore O 2 end
| 12> NewNCore Ti 18 end
| 13> NewNCore H 0 end
| 14> end
| 15> %basis
| 16> NewGTO Ti
| 17> "cc-pVQZ"
| 18> end
| 19> NewGTO H
| 20> "aug-cc-pVQZ"
| 21> end
| 22> NewGTO O
| 23> "aug-cc-pVQZ"
| 24> end
| 25> NewGTO C
| 26> "aug-cc-pVQZ"
| 27> end
| 28> NewAuxCGTO Ti
| 29> "cc-pVQZ/C"
| 30> end
| 31> NewAuxCGTO H
| 32> "aug-cc-pVQZ/C"
| 33> end
| 34> NewAuxCGTO O 
| 35> "aug-cc-pVQZ/C"
| 36> end
| 37> NewAuxCGTO C 
| 38> "aug-cc-pVQZ/C"
| 39> end
| 40> Aux "def2/J"    
| 41> end
| 42> %scf
| 43> HFTyp rhf
| 44> Guess MORead
| 45> MOInp "orca_svp_start.gbw"
| 46> SCFMode Direct
| 47> sthresh 1e-6
| 48> AutoTRAHIter 60
| 49> MaxIter 1000
| 50> end
| 51> %coords
| 52> CTyp xyz
| 53> Mult 1
| 54> Units angs
| 55>       Charge -10
| 56>   coords
| 57> H:                      0.11988923287    0.59804121696    1.41042952946
| 58> H:                      1.45806733769   -0.03680829535    0.83360111016
| 59> O:                      0.46431133996   -0.09552044587    0.82313974803
| 60> Ti                      0.00000000000    0.00000000000   -1.35464524053
| 61> O                      -0.02525221251    0.01411498456   -3.24703266312
| 62> O                      -1.22652473447   -1.48249549252   -1.16082886760
| 63> O                      -1.21226924573    1.49598323734   -1.10284663508
| 64> O                       1.24662826588   -1.51072959850   -1.27774763113
| 65> O                       1.24903264116    1.53518623358   -1.27733519871
| 66> Ti                     -0.00336926445   -2.95247835621   -1.48556541997
| 67> Ti                     -0.00167434627    2.96768500197   -1.49305272630
| 68> O                      -0.03273954923   -2.96816633933   -3.28768842723
| 69> O                      -0.04168406761    2.98161400135   -3.29215959356
| 70> O                       1.21878819473   -4.43149239071   -1.15640083684
| 71> O                      -1.23348195145   -4.43731260142   -1.14453622591
| 72> O                       1.21836076048    4.44321804302   -1.15608902106
| 73> O                      -1.23236539518    4.45426900604   -1.13999780103
| 74> Ti>    4.00000000000    0.07277685750   -1.44665459890   -4.59744566213
| 75> NewECP
| 76> N_core 0
| 77>   lmax f
| 78>   s 2
| 79>    1      0.860000       9.191690  2
| 80>    2      0.172000       0.008301  2
| 81>   p 2
| 82>    1      0.860000      17.997720  2
| 83>    2      0.172000      -0.032600  2
| 84>   d 2
| 85>    1      1.600000      -9.504310  2
| 86>    2      0.320000      -0.151370  2
| 87>   f 1
| 88>    1      1.000000000    0.000000000 2
| 89> end
| 90> Ti>    4.00000000000    0.07366786025    1.46358951182   -4.60336990041
| 91> NewECP
| 92> N_core 0
| 93>   lmax f
| 94>   s 2
| 95>    1      0.860000       9.191690  2
| 96>    2      0.172000       0.008301  2
| 97>   p 2
| 98>    1      0.860000      17.997720  2
| 99>    2      0.172000      -0.032600  2
|100>   d 2
|101>    1      1.600000      -9.504310  2
|102>    2      0.320000      -0.151370  2
|103>   f 1
|104>    1      1.000000000    0.000000000 2
|105> end
|106> Ti>    4.00000000000   -3.25748296122   -1.47206061503   -1.08979484150
|107> NewECP
|108> N_core 0
|109>   lmax f
|110>   s 2
|111>    1      0.860000       9.191690  2
|112>    2      0.172000       0.008301  2
|113>   p 2
|114>    1      0.860000      17.997720  2
|115>    2      0.172000      -0.032600  2
|116>   d 2
|117>    1      1.600000      -9.504310  2
|118>    2      0.320000      -0.151370  2
|119>   f 1
|120>    1      1.000000000    0.000000000 2
|121> end
|122> Ti>    4.00000000000    3.25086119127    1.49499688088   -1.11867511755
|123> NewECP
|124> N_core 0
|125>   lmax f
|126>   s 2
|127>    1      0.860000       9.191690  2
|128>    2      0.172000       0.008301  2
|129>   p 2
|130>    1      0.860000      17.997720  2
|131>    2      0.172000      -0.032600  2
|132>   d 2
|133>    1      1.600000      -9.504310  2
|134>    2      0.320000      -0.151370  2
|135>   f 1
|136>    1      1.000000000    0.000000000 2
|137> end
|138> Ti>    4.00000000000    3.25785623818   -1.48848213614   -1.11762413751
|139> NewECP
|140> N_core 0
|141>   lmax f
|142>   s 2
|143>    1      0.860000       9.191690  2
|144>    2      0.172000       0.008301  2
|145>   p 2
|146>    1      0.860000      17.997720  2
|147>    2      0.172000      -0.032600  2
|148>   d 2
|149>    1      1.600000      -9.504310  2
|150>    2      0.320000      -0.151370  2
|151>   f 1
|152>    1      1.000000000    0.000000000 2
|153> end
|154> Ti>    4.00000000000   -3.25528964365    1.48921076743   -1.08789967127
|155> NewECP
|156> N_core 0
|157>   lmax f
|158>   s 2
|159>    1      0.860000       9.191690  2
|160>    2      0.172000       0.008301  2
|161>   p 2
|162>    1      0.860000      17.997720  2
|163>    2      0.172000      -0.032600  2
|164>   d 2
|165>    1      1.600000      -9.504310  2
|166>    2      0.320000      -0.151370  2
|167>   f 1
|168>    1      1.000000000    0.000000000 2
|169> end
|170> Ti>    4.00000000000   -3.19483054720    0.00938676187   -4.43660429188
|171> NewECP
|172> N_core 0
|173>   lmax f
|174>   s 2
|175>    1      0.860000       9.191690  2
|176>    2      0.172000       0.008301  2
|177>   p 2
|178>    1      0.860000      17.997720  2
|179>    2      0.172000      -0.032600  2
|180>   d 2
|181>    1      1.600000      -9.504310  2
|182>    2      0.320000      -0.151370  2
|183>   f 1
|184>    1      1.000000000    0.000000000 2
|185> end
|186> Ti>    4.00000000000    3.31482200071    0.00904656579   -4.44378686682
|187> NewECP
|188> N_core 0
|189>   lmax f
|190>   s 2
|191>    1      0.860000       9.191690  2
|192>    2      0.172000       0.008301  2
|193>   p 2
|194>    1      0.860000      17.997720  2
|195>    2      0.172000      -0.032600  2
|196>   d 2
|197>    1      1.600000      -9.504310  2
|198>    2      0.320000      -0.151370  2
|199>   f 1
|200>    1      1.000000000    0.000000000 2
|201> end
|202> Ti>    4.00000000000   -3.19184106123   -2.94797023012   -4.43957695776
|203> NewECP
|204> N_core 0
|205>   lmax f
|206>   s 2
|207>    1      0.860000       9.191690  2
|208>    2      0.172000       0.008301  2
|209>   p 2
|210>    1      0.860000      17.997720  2
|211>    2      0.172000      -0.032600  2
|212>   d 2
|213>    1      1.600000      -9.504310  2
|214>    2      0.320000      -0.151370  2
|215>   f 1
|216>    1      1.000000000    0.000000000 2
|217> end
|218> Ti>    4.00000000000   -3.19041490465    2.96552610008   -4.44028321920
|219> NewECP
|220> N_core 0
|221>   lmax f
|222>   s 2
|223>    1      0.860000       9.191690  2
|224>    2      0.172000       0.008301  2
|225>   p 2
|226>    1      0.860000      17.997720  2
|227>    2      0.172000      -0.032600  2
|228>   d 2
|229>    1      1.600000      -9.504310  2
|230>    2      0.320000      -0.151370  2
|231>   f 1
|232>    1      1.000000000    0.000000000 2
|233> end
|234> Ti>    4.00000000000    3.31120314892   -2.95032172198   -4.44939525413
|235> NewECP
|236> N_core 0
|237>   lmax f
|238>   s 2
|239>    1      0.860000       9.191690  2
|240>    2      0.172000       0.008301  2
|241>   p 2
|242>    1      0.860000      17.997720  2
|243>    2      0.172000      -0.032600  2
|244>   d 2
|245>    1      1.600000      -9.504310  2
|246>    2      0.320000      -0.151370  2
|247>   f 1
|248>    1      1.000000000    0.000000000 2
|249> end
|250> Ti>    4.00000000000    3.31145078476    2.96803156685   -4.44863145429
|251> NewECP
|252> N_core 0
|253>   lmax f
|254>   s 2
|255>    1      0.860000       9.191690  2
|256>    2      0.172000       0.008301  2
|257>   p 2
|258>    1      0.860000      17.997720  2
|259>    2      0.172000      -0.032600  2
|260>   d 2
|261>    1      1.600000      -9.504310  2
|262>    2      0.320000      -0.151370  2
|263>   f 1
|264>    1      1.000000000    0.000000000 2
|265> end
|266> Ti>    4.00000000000    3.23538096183   -4.43673191070   -1.08974911926
|267> NewECP
|268> N_core 0
|269>   lmax f
|270>   s 2
|271>    1      0.860000       9.191690  2
|272>    2      0.172000       0.008301  2
|273>   p 2
|274>    1      0.860000      17.997720  2
|275>    2      0.172000      -0.032600  2
|276>   d 2
|277>    1      1.600000      -9.504310  2
|278>    2      0.320000      -0.151370  2
|279>   f 1
|280>    1      1.000000000    0.000000000 2
|281> end
|282> Ti>    4.00000000000   -3.25163280837   -4.42907736993   -1.08901690282
|283> NewECP
|284> N_core 0
|285>   lmax f
|286>   s 2
|287>    1      0.860000       9.191690  2
|288>    2      0.172000       0.008301  2
|289>   p 2
|290>    1      0.860000      17.997720  2
|291>    2      0.172000      -0.032600  2
|292>   d 2
|293>    1      1.600000      -9.504310  2
|294>    2      0.320000      -0.151370  2
|295>   f 1
|296>    1      1.000000000    0.000000000 2
|297> end
|298> Ti>    4.00000000000    3.23673579402    4.44358768116   -1.08940912639
|299> NewECP
|300> N_core 0
|301>   lmax f
|302>   s 2
|303>    1      0.860000       9.191690  2
|304>    2      0.172000       0.008301  2
|305>   p 2
|306>    1      0.860000      17.997720  2
|307>    2      0.172000      -0.032600  2
|308>   d 2
|309>    1      1.600000      -9.504310  2
|310>    2      0.320000      -0.151370  2
|311>   f 1
|312>    1      1.000000000    0.000000000 2
|313> end
|314> Ti>    4.00000000000   -3.25004586066    4.44552594655   -1.08749521489
|315> NewECP
|316> N_core 0
|317>   lmax f
|318>   s 2
|319>    1      0.860000       9.191690  2
|320>    2      0.172000       0.008301  2
|321>   p 2
|322>    1      0.860000      17.997720  2
|323>    2      0.172000      -0.032600  2
|324>   d 2
|325>    1      1.600000      -9.504310  2
|326>    2      0.320000      -0.151370  2
|327>   f 1
|328>    1      1.000000000    0.000000000 2
|329> end
|330> Ti>    4.00000000000    0.07098400780   -4.41598332684   -4.66445404983
|331> NewECP
|332> N_core 0
|333>   lmax f
|334>   s 2
|335>    1      0.860000       9.191690  2
|336>    2      0.172000       0.008301  2
|337>   p 2
|338>    1      0.860000      17.997720  2
|339>    2      0.172000      -0.032600  2
|340>   d 2
|341>    1      1.600000      -9.504310  2
|342>    2      0.320000      -0.151370  2
|343>   f 1
|344>    1      1.000000000    0.000000000 2
|345> end
|346> Ti>    4.00000000000    0.07064876405    4.43514281525   -4.66589118749
|347> NewECP
|348> N_core 0
|349>   lmax f
|350>   s 2
|351>    1      0.860000       9.191690  2
|352>    2      0.172000       0.008301  2
|353>   p 2
|354>    1      0.860000      17.997720  2
|355>    2      0.172000      -0.032600  2
|356>   d 2
|357>    1      1.600000      -9.504310  2
|358>    2      0.320000      -0.151370  2
|359>   f 1
|360>    1      1.000000000    0.000000000 2
|361> end
|362> Ti>    4.00000000000   -0.01778584805   -5.90728950601   -1.48695897680
|363> NewECP
|364> N_core 0
|365>   lmax f
|366>   s 2
|367>    1      0.860000       9.191690  2
|368>    2      0.172000       0.008301  2
|369>   p 2
|370>    1      0.860000      17.997720  2
|371>    2      0.172000      -0.032600  2
|372>   d 2
|373>    1      1.600000      -9.504310  2
|374>    2      0.320000      -0.151370  2
|375>   f 1
|376>    1      1.000000000    0.000000000 2
|377> end
|378> Ti>    4.00000000000   -0.01778584805    5.92309197481   -1.48695897680
|379> NewECP
|380> N_core 0
|381>   lmax f
|382>   s 2
|383>    1      0.860000       9.191690  2
|384>    2      0.172000       0.008301  2
|385>   p 2
|386>    1      0.860000      17.997720  2
|387>    2      0.172000      -0.032600  2
|388>   d 2
|389>    1      1.600000      -9.504310  2
|390>    2      0.320000      -0.151370  2
|391>   f 1
|392>    1      1.000000000    0.000000000 2
|393> end
|394> Ti>    4.00000000000   -0.02152237848    0.00953966933   -7.81745452778
|395> NewECP
|396> N_core 0
|397>   lmax f
|398>   s 2
|399>    1      0.860000       9.191690  2
|400>    2      0.172000       0.008301  2
|401>   p 2
|402>    1      0.860000      17.997720  2
|403>    2      0.172000      -0.032600  2
|404>   d 2
|405>    1      1.600000      -9.504310  2
|406>    2      0.320000      -0.151370  2
|407>   f 1
|408>    1      1.000000000    0.000000000 2
|409> end
|410> Ti>    4.00000000000    6.50166103512    0.00951372374   -1.45902377143
|411> NewECP
|412> N_core 0
|413>   lmax f
|414>   s 2
|415>    1      0.860000       9.191690  2
|416>    2      0.172000       0.008301  2
|417>   p 2
|418>    1      0.860000      17.997720  2
|419>    2      0.172000      -0.032600  2
|420>   d 2
|421>    1      1.600000      -9.504310  2
|422>    2      0.320000      -0.151370  2
|423>   f 1
|424>    1      1.000000000    0.000000000 2
|425> end
|426> Ti>    4.00000000000   -6.50232306842    0.00951372374   -1.45902377143
|427> NewECP
|428> N_core 0
|429>   lmax f
|430>   s 2
|431>    1      0.860000       9.191690  2
|432>    2      0.172000       0.008301  2
|433>   p 2
|434>    1      0.860000      17.997720  2
|435>    2      0.172000      -0.032600  2
|436>   d 2
|437>    1      1.600000      -9.504310  2
|438>    2      0.320000      -0.151370  2
|439>   f 1
|440>    1      1.000000000    0.000000000 2
|441> end
|442> Ti>    4.00000000000   -0.02152237848   -2.94805570088   -7.81745452778
|443> NewECP
|444> N_core 0
|445>   lmax f
|446>   s 2
|447>    1      0.860000       9.191690  2
|448>    2      0.172000       0.008301  2
|449>   p 2
|450>    1      0.860000      17.997720  2
|451>    2      0.172000      -0.032600  2
|452>   d 2
|453>    1      1.600000      -9.504310  2
|454>    2      0.320000      -0.151370  2
|455>   f 1
|456>    1      1.000000000    0.000000000 2
|457> end
|458> Ti>    4.00000000000   -0.02152237848    2.96713503953   -7.81745452778
|459> NewECP
|460> N_core 0
|461>   lmax f
|462>   s 2
|463>    1      0.860000       9.191690  2
|464>    2      0.172000       0.008301  2
|465>   p 2
|466>    1      0.860000      17.997720  2
|467>    2      0.172000      -0.032600  2
|468>   d 2
|469>    1      1.600000      -9.504310  2
|470>    2      0.320000      -0.151370  2
|471>   f 1
|472>    1      1.000000000    0.000000000 2
|473> end
|474> Ti>    4.00000000000    6.49206683837   -2.95341306083   -1.45747699511
|475> NewECP
|476> N_core 0
|477>   lmax f
|478>   s 2
|479>    1      0.860000       9.191690  2
|480>    2      0.172000       0.008301  2
|481>   p 2
|482>    1      0.860000      17.997720  2
|483>    2      0.172000      -0.032600  2
|484>   d 2
|485>    1      1.600000      -9.504310  2
|486>    2      0.320000      -0.151370  2
|487>   f 1
|488>    1      1.000000000    0.000000000 2
|489> end
|490> Ti>    4.00000000000    6.49080604379    2.96917638970   -1.45695253402
|491> NewECP
|492> N_core 0
|493>   lmax f
|494>   s 2
|495>    1      0.860000       9.191690  2
|496>    2      0.172000       0.008301  2
|497>   p 2
|498>    1      0.860000      17.997720  2
|499>    2      0.172000      -0.032600  2
|500>   d 2
|501>    1      1.600000      -9.504310  2
|502>    2      0.320000      -0.151370  2
|503>   f 1
|504>    1      1.000000000    0.000000000 2
|505> end
|506> Ti>    4.00000000000   -6.51191726517   -2.95341306083   -1.45747699511
|507> NewECP
|508> N_core 0
|509>   lmax f
|510>   s 2
|511>    1      0.860000       9.191690  2
|512>    2      0.172000       0.008301  2
|513>   p 2
|514>    1      0.860000      17.997720  2
|515>    2      0.172000      -0.032600  2
|516>   d 2
|517>    1      1.600000      -9.504310  2
|518>    2      0.320000      -0.151370  2
|519>   f 1
|520>    1      1.000000000    0.000000000 2
|521> end
|522> Ti>    4.00000000000   -6.51317805976    2.96917638970   -1.45695253402
|523> NewECP
|524> N_core 0
|525>   lmax f
|526>   s 2
|527>    1      0.860000       9.191690  2
|528>    2      0.172000       0.008301  2
|529>   p 2
|530>    1      0.860000      17.997720  2
|531>    2      0.172000      -0.032600  2
|532>   d 2
|533>    1      1.600000      -9.504310  2
|534>    2      0.320000      -0.151370  2
|535>   f 1
|536>    1      1.000000000    0.000000000 2
|537> end
|538> Ti>    4.00000000000    3.22947364740   -1.46925801578   -7.81745452778
|539> NewECP
|540> N_core 0
|541>   lmax f
|542>   s 2
|543>    1      0.860000       9.191690  2
|544>    2      0.172000       0.008301  2
|545>   p 2
|546>    1      0.860000      17.997720  2
|547>    2      0.172000      -0.032600  2
|548>   d 2
|549>    1      1.600000      -9.504310  2
|550>    2      0.320000      -0.151370  2
|551>   f 1
|552>    1      1.000000000    0.000000000 2
|553> end
|554> Ti>    4.00000000000    3.22947364740    1.48833735443   -7.81745452778
|555> NewECP
|556> N_core 0
|557>   lmax f
|558>   s 2
|559>    1      0.860000       9.191690  2
|560>    2      0.172000       0.008301  2
|561>   p 2
|562>    1      0.860000      17.997720  2
|563>    2      0.172000      -0.032600  2
|564>   d 2
|565>    1      1.600000      -9.504310  2
|566>    2      0.320000      -0.151370  2
|567>   f 1
|568>    1      1.000000000    0.000000000 2
|569> end
|570> Ti>    4.00000000000   -3.19282882467   -5.90629062095   -4.43907565154
|571> NewECP
|572> N_core 0
|573>   lmax f
|574>   s 2
|575>    1      0.860000       9.191690  2
|576>    2      0.172000       0.008301  2
|577>   p 2
|578>    1      0.860000      17.997720  2
|579>    2      0.172000      -0.032600  2
|580>   d 2
|581>    1      1.600000      -9.504310  2
|582>    2      0.320000      -0.151370  2
|583>   f 1
|584>    1      1.000000000    0.000000000 2
|585> end
|586> Ti>    4.00000000000   -3.27251840437   -1.46925801578   -7.81745452778
|587> NewECP
|588> N_core 0
|589>   lmax f
|590>   s 2
|591>    1      0.860000       9.191690  2
|592>    2      0.172000       0.008301  2
|593>   p 2
|594>    1      0.860000      17.997720  2
|595>    2      0.172000      -0.032600  2
|596>   d 2
|597>    1      1.600000      -9.504310  2
|598>    2      0.320000      -0.151370  2
|599>   f 1
|600>    1      1.000000000    0.000000000 2
|601> end
|602> Ti>    4.00000000000   -3.27251840437    1.48833735443   -7.81745452778
|603> NewECP
|604> N_core 0
|605>   lmax f
|606>   s 2
|607>    1      0.860000       9.191690  2
|608>    2      0.172000       0.008301  2
|609>   p 2
|610>    1      0.860000      17.997720  2
|611>    2      0.172000      -0.032600  2
|612>   d 2
|613>    1      1.600000      -9.504310  2
|614>    2      0.320000      -0.151370  2
|615>   f 1
|616>    1      1.000000000    0.000000000 2
|617> end
|618> Ti>    4.00000000000   -3.19282882467    5.92409085987   -4.43907565154
|619> NewECP
|620> N_core 0
|621>   lmax f
|622>   s 2
|623>    1      0.860000       9.191690  2
|624>    2      0.172000       0.008301  2
|625>   p 2
|626>    1      0.860000      17.997720  2
|627>    2      0.172000      -0.032600  2
|628>   d 2
|629>    1      1.600000      -9.504310  2
|630>    2      0.320000      -0.151370  2
|631>   f 1
|632>    1      1.000000000    0.000000000 2
|633> end
|634> Ti>    4.00000000000    3.30520845705   -5.90639971173   -4.44013125058
|635> NewECP
|636> N_core 0
|637>   lmax f
|638>   s 2
|639>    1      0.860000       9.191690  2
|640>    2      0.172000       0.008301  2
|641>   p 2
|642>    1      0.860000      17.997720  2
|643>    2      0.172000      -0.032600  2
|644>   d 2
|645>    1      1.600000      -9.504310  2
|646>    2      0.320000      -0.151370  2
|647>   f 1
|648>    1      1.000000000    0.000000000 2
|649> end
|650> Ti>    4.00000000000    3.30520845705    5.92398176910   -4.44013125058
|651> NewECP
|652> N_core 0
|653>   lmax f
|654>   s 2
|655>    1      0.860000       9.191690  2
|656>    2      0.172000       0.008301  2
|657>   p 2
|658>    1      0.860000      17.997720  2
|659>    2      0.172000      -0.032600  2
|660>   d 2
|661>    1      1.600000      -9.504310  2
|662>    2      0.320000      -0.151370  2
|663>   f 1
|664>    1      1.000000000    0.000000000 2
|665> end
|666> Ti>    4.00000000000    3.23673579402   -7.38679379966   -1.08940912639
|667> NewECP
|668> N_core 0
|669>   lmax f
|670>   s 2
|671>    1      0.860000       9.191690  2
|672>    2      0.172000       0.008301  2
|673>   p 2
|674>    1      0.860000      17.997720  2
|675>    2      0.172000      -0.032600  2
|676>   d 2
|677>    1      1.600000      -9.504310  2
|678>    2      0.320000      -0.151370  2
|679>   f 1
|680>    1      1.000000000    0.000000000 2
|681> end
|682> Ti>    4.00000000000   -3.25004586066   -7.38485553427   -1.08749521489
|683> NewECP
|684> N_core 0
|685>   lmax f
|686>   s 2
|687>    1      0.860000       9.191690  2
|688>    2      0.172000       0.008301  2
|689>   p 2
|690>    1      0.860000      17.997720  2
|691>    2      0.172000      -0.032600  2
|692>   d 2
|693>    1      1.600000      -9.504310  2
|694>    2      0.320000      -0.151370  2
|695>   f 1
|696>    1      1.000000000    0.000000000 2
|697> end
|698> Ti>    4.00000000000    3.23538096183    7.39364957012   -1.08974911926
|699> NewECP
|700> N_core 0
|701>   lmax f
|702>   s 2
|703>    1      0.860000       9.191690  2
|704>    2      0.172000       0.008301  2
|705>   p 2
|706>    1      0.860000      17.997720  2
|707>    2      0.172000      -0.032600  2
|708>   d 2
|709>    1      1.600000      -9.504310  2
|710>    2      0.320000      -0.151370  2
|711>   f 1
|712>    1      1.000000000    0.000000000 2
|713> end
|714> Ti>    4.00000000000   -3.25163280837    7.40130411090   -1.08901690282
|715> NewECP
|716> N_core 0
|717>   lmax f
|718>   s 2
|719>    1      0.860000       9.191690  2
|720>    2      0.172000       0.008301  2
|721>   p 2
|722>    1      0.860000      17.997720  2
|723>    2      0.172000      -0.032600  2
|724>   d 2
|725>    1      1.600000      -9.504310  2
|726>    2      0.320000      -0.151370  2
|727>   f 1
|728>    1      1.000000000    0.000000000 2
|729> end
|730> Ti>    4.00000000000    0.07064876405   -7.39523866557   -4.66589118749
|731> NewECP
|732> N_core 0
|733>   lmax f
|734>   s 2
|735>    1      0.860000       9.191690  2
|736>    2      0.172000       0.008301  2
|737>   p 2
|738>    1      0.860000      17.997720  2
|739>    2      0.172000      -0.032600  2
|740>   d 2
|741>    1      1.600000      -9.504310  2
|742>    2      0.320000      -0.151370  2
|743>   f 1
|744>    1      1.000000000    0.000000000 2
|745> end
|746> Ti>    4.00000000000    0.07098400780    7.41439815398   -4.66445404983
|747> NewECP
|748> N_core 0
|749>   lmax f
|750>   s 2
|751>    1      0.860000       9.191690  2
|752>    2      0.172000       0.008301  2
|753>   p 2
|754>    1      0.860000      17.997720  2
|755>    2      0.172000      -0.032600  2
|756>   d 2
|757>    1      1.600000      -9.504310  2
|758>    2      0.320000      -0.151370  2
|759>   f 1
|760>    1      1.000000000    0.000000000 2
|761> end
|762> Ti>    4.00000000000    3.22947364740   -4.42685338598   -7.81745452778
|763> NewECP
|764> N_core 0
|765>   lmax f
|766>   s 2
|767>    1      0.860000       9.191690  2
|768>    2      0.172000       0.008301  2
|769>   p 2
|770>    1      0.860000      17.997720  2
|771>    2      0.172000      -0.032600  2
|772>   d 2
|773>    1      1.600000      -9.504310  2
|774>    2      0.320000      -0.151370  2
|775>   f 1
|776>    1      1.000000000    0.000000000 2
|777> end
|778> Ti>    4.00000000000    3.22947364740    4.44593272463   -7.81745452778
|779> NewECP
|780> N_core 0
|781>   lmax f
|782>   s 2
|783>    1      0.860000       9.191690  2
|784>    2      0.172000       0.008301  2
|785>   p 2
|786>    1      0.860000      17.997720  2
|787>    2      0.172000      -0.032600  2
|788>   d 2
|789>    1      1.600000      -9.504310  2
|790>    2      0.320000      -0.151370  2
|791>   f 1
|792>    1      1.000000000    0.000000000 2
|793> end
|794> Ti>    4.00000000000   -3.27251840437   -4.42685338598   -7.81745452778
|795> NewECP
|796> N_core 0
|797>   lmax f
|798>   s 2
|799>    1      0.860000       9.191690  2
|800>    2      0.172000       0.008301  2
|801>   p 2
|802>    1      0.860000      17.997720  2
|803>    2      0.172000      -0.032600  2
|804>   d 2
|805>    1      1.600000      -9.504310  2
|806>    2      0.320000      -0.151370  2
|807>   f 1
|808>    1      1.000000000    0.000000000 2
|809> end
|810> Ti>    4.00000000000   -3.27251840437    4.44593272463   -7.81745452778
|811> NewECP
|812> N_core 0
|813>   lmax f
|814>   s 2
|815>    1      0.860000       9.191690  2
|816>    2      0.172000       0.008301  2
|817>   p 2
|818>    1      0.860000      17.997720  2
|819>    2      0.172000      -0.032600  2
|820>   d 2
|821>    1      1.600000      -9.504310  2
|822>    2      0.320000      -0.151370  2
|823>   f 1
|824>    1      1.000000000    0.000000000 2
|825> end
|826> Ti>    4.00000000000   -0.02152237848   -5.90565107109   -7.81745452778
|827> NewECP
|828> N_core 0
|829>   lmax f
|830>   s 2
|831>    1      0.860000       9.191690  2
|832>    2      0.172000       0.008301  2
|833>   p 2
|834>    1      0.860000      17.997720  2
|835>    2      0.172000      -0.032600  2
|836>   d 2
|837>    1      1.600000      -9.504310  2
|838>    2      0.320000      -0.151370  2
|839>   f 1
|840>    1      1.000000000    0.000000000 2
|841> end
|842> Ti>    4.00000000000   -0.02152237848    5.92473040974   -7.81745452778
|843> NewECP
|844> N_core 0
|845>   lmax f
|846>   s 2
|847>    1      0.860000       9.191690  2
|848>    2      0.172000       0.008301  2
|849>   p 2
|850>    1      0.860000      17.997720  2
|851>    2      0.172000      -0.032600  2
|852>   d 2
|853>    1      1.600000      -9.504310  2
|854>    2      0.320000      -0.151370  2
|855>   f 1
|856>    1      1.000000000    0.000000000 2
|857> end
|858> Ti>    4.00000000000    6.49311430945   -5.90729947101   -1.45827234633
|859> NewECP
|860> N_core 0
|861>   lmax f
|862>   s 2
|863>    1      0.860000       9.191690  2
|864>    2      0.172000       0.008301  2
|865>   p 2
|866>    1      0.860000      17.997720  2
|867>    2      0.172000      -0.032600  2
|868>   d 2
|869>    1      1.600000      -9.504310  2
|870>    2      0.320000      -0.151370  2
|871>   f 1
|872>    1      1.000000000    0.000000000 2
|873> end
|874> Ti>    4.00000000000    6.49311430945    5.92308200981   -1.45827234633
|875> NewECP
|876> N_core 0
|877>   lmax f
|878>   s 2
|879>    1      0.860000       9.191690  2
|880>    2      0.172000       0.008301  2
|881>   p 2
|882>    1      0.860000      17.997720  2
|883>    2      0.172000      -0.032600  2
|884>   d 2
|885>    1      1.600000      -9.504310  2
|886>    2      0.320000      -0.151370  2
|887>   f 1
|888>    1      1.000000000    0.000000000 2
|889> end
|890> Ti>    4.00000000000   -6.51086979410   -5.90729947101   -1.45827234633
|891> NewECP
|892> N_core 0
|893>   lmax f
|894>   s 2
|895>    1      0.860000       9.191690  2
|896>    2      0.172000       0.008301  2
|897>   p 2
|898>    1      0.860000      17.997720  2
|899>    2      0.172000      -0.032600  2
|900>   d 2
|901>    1      1.600000      -9.504310  2
|902>    2      0.320000      -0.151370  2
|903>   f 1
|904>    1      1.000000000    0.000000000 2
|905> end
|906> Ti>    4.00000000000   -6.51086979410    5.92308200981   -1.45827234633
|907> NewECP
|908> N_core 0
|909>   lmax f
|910>   s 2
|911>    1      0.860000       9.191690  2
|912>    2      0.172000       0.008301  2
|913>   p 2
|914>    1      0.860000      17.997720  2
|915>    2      0.172000      -0.032600  2
|916>   d 2
|917>    1      1.600000      -9.504310  2
|918>    2      0.320000      -0.151370  2
|919>   f 1
|920>    1      1.000000000    0.000000000 2
|921> end
|922> Ti>    4.00000000000   -0.00167434627   -8.86269647885   -1.49305272630
|923> NewECP
|924> N_core 0
|925>   lmax f
|926>   s 2
|927>    1      0.860000       9.191690  2
|928>    2      0.172000       0.008301  2
|929>   p 2
|930>    1      0.860000      17.997720  2
|931>    2      0.172000      -0.032600  2
|932>   d 2
|933>    1      1.600000      -9.504310  2
|934>    2      0.320000      -0.151370  2
|935>   f 1
|936>    1      1.000000000    0.000000000 2
|937> end
|938> Ti>    4.00000000000   -0.00336926445    8.87790312461   -1.48556541997
|939> NewECP
|940> N_core 0
|941>   lmax f
|942>   s 2
|943>    1      0.860000       9.191690  2
|944>    2      0.172000       0.008301  2
|945>   p 2
|946>    1      0.860000      17.997720  2
|947>    2      0.172000      -0.032600  2
|948>   d 2
|949>    1      1.600000      -9.504310  2
|950>    2      0.320000      -0.151370  2
|951>   f 1
|952>    1      1.000000000    0.000000000 2
|953> end
|954> Ti>    4.00000000000   -3.19041490465   -8.86485538074   -4.44028321920
|955> NewECP
|956> N_core 0
|957>   lmax f
|958>   s 2
|959>    1      0.860000       9.191690  2
|960>    2      0.172000       0.008301  2
|961>   p 2
|962>    1      0.860000      17.997720  2
|963>    2      0.172000      -0.032600  2
|964>   d 2
|965>    1      1.600000      -9.504310  2
|966>    2      0.320000      -0.151370  2
|967>   f 1
|968>    1      1.000000000    0.000000000 2
|969> end
|970> Ti>    4.00000000000   -3.19184106123    8.88241125070   -4.43957695776
|971> NewECP
|972> N_core 0
|973>   lmax f
|974>   s 2
|975>    1      0.860000       9.191690  2
|976>    2      0.172000       0.008301  2
|977>   p 2
|978>    1      0.860000      17.997720  2
|979>    2      0.172000      -0.032600  2
|980>   d 2
|981>    1      1.600000      -9.504310  2
|982>    2      0.320000      -0.151370  2
|983>   f 1
|984>    1      1.000000000    0.000000000 2
|985> end
|986> Ti>    4.00000000000    3.31145078476   -8.86234991397   -4.44863145429
|987> NewECP
|988> N_core 0
|989>   lmax f
|990>   s 2
|991>    1      0.860000       9.191690  2
|992>    2      0.172000       0.008301  2
|993>   p 2
|994>    1      0.860000      17.997720  2
|995>    2      0.172000      -0.032600  2
|996>   d 2
|997>    1      1.600000      -9.504310  2
|998>    2      0.320000      -0.151370  2
|999>   f 1
|1000>    1      1.000000000    0.000000000 2
|1001> end
|1002> Ti>    4.00000000000    3.31120314892    8.88005975884   -4.44939525413
|1003> NewECP
|1004> N_core 0
|1005>   lmax f
|1006>   s 2
|1007>    1      0.860000       9.191690  2
|1008>    2      0.172000       0.008301  2
|1009>   p 2
|1010>    1      0.860000      17.997720  2
|1011>    2      0.172000      -0.032600  2
|1012>   d 2
|1013>    1      1.600000      -9.504310  2
|1014>    2      0.320000      -0.151370  2
|1015>   f 1
|1016>    1      1.000000000    0.000000000 2
|1017> end
|1018>   end
|1019> endd                         ****END OF INPUT****
================================================================================
----------------
TOTAL SCF ENERGY
----------------

Total Energy       :        -5475.88207096 Eh         -149006.32649 eV

Components:
Nuclear Repulsion  :          -83.04389596 Eh           -2259.73929 eV
Electronic Energy  :        -5392.83817500 Eh         -146746.58719 eV
One Electron Energy:        -8655.90264923 Eh         -235539.08566 eV
Two Electron Energy:         3263.06447423 Eh           88792.49847 eV
Max COSX asymmetry :            0.00034756 Eh               0.00946 eV

Virial components:
Potential Energy   :        -8851.03303186 Eh         -240848.85332 eV
Kinetic Energy     :         3375.15096089 Eh           91842.52683 eV
Virial Ratio       :            2.62241101

--------------------Output has been truncated-------------------------


--------------------Output has been truncated-------------------------


--------------------Output has been truncated-------------------------


--------------------Output has been truncated-------------------------


--------------------Output has been truncated-------------------------


--------------------Output has been truncated-------------------------


--------------------Output has been truncated-------------------------


--------------------Output has been truncated-------------------------


--------------------Output has been truncated-------------------------


--------------------Output has been truncated-------------------------


-----------------------------------------------
 RI-MP2 CORRELATION ENERGY:     -3.405215346 Eh
-----------------------------------------------
---------------------------------------
MP2 TOTAL ENERGY:    -5479.287286310 Eh
---------------------------------------

Maximum memory used throughout the entire MP2-calculation: 758.8 MB

-------------------------   --------------------
FINAL SINGLE POINT ENERGY     -5479.287286309693
-------------------------   --------------------
