 **********************************************************************
                          MRCC program system
 **********************************************************************
 
                              Written by
     Mihaly Kallay, Peter R. Nagy, David Mester, Laszlo Gyevi-Nagy,
        Jozsef Csoka, P. Bernat Szabo, Zoltan Rolik, Gyula Samu,
     Jozsef Csontos, Bence Hegely, Adam Ganyecz, Istvan Ladjanszki,
       Lorant Szegedy, Bence Ladoczki, Klara Petrov, Mate Farkas,
                    Pal D. Mezei, and Reka A. Horvath
 
        Department of Physical Chemistry and Materials Science
            Budapest University of Technology and Economics
                  Budapest P.O.Box 91, H-1521 Hungary
 
                              www.mrcc.hu
 
                      Release date: March 18, 2022

 ************************ 2023-02-17 15:18:47 *************************
 Executing minp...

 Reading input from MINP...
 
 Input file:
 
calc=LNO-CCSD(T)
scftype=rhf
verbosity=3
mem=220GB
symm=off
unit=angs
scfiguess=small
scfmaxit=1000
scfalg=locfit1


lcorthr=tight
bpedo=0.99999
ccmaxit=400
usedisk=0
ccsdalg=dfdirect
ccsdthreads=4
ccsdmkl=thr
ptthreads=4

charge=-18
core=19

basis=special
aug-cc-pVDZ
aug-cc-pVDZ
aug-cc-pVDZ
aug-cc-pVDZ
aug-cc-pVDZ
aug-cc-pVDZ
aug-cc-pVDZ
aug-cc-pVDZ
aug-cc-pVDZ
aug-cc-pVDZ
aug-cc-pVDZ
aug-cc-pVDZ
aug-cc-pVDZ
bse_CVDZ
bse_CVDZ
bse_CVDZ
bse_CVDZ
bse_CVDZ
aug-cc-pVDZ
aug-cc-pVDZ
aug-cc-pVDZ
aug-cc-pVDZ
aug-cc-pVDZ
aug-cc-pVDZ
aug-cc-pVDZ
aug-cc-pVDZ
aug-cc-pVDZ
aug-cc-pVDZ
aug-cc-pVDZ
aug-cc-pVDZ
aug-cc-pVDZ
nothing
nothing
nothing
nothing
nothing
nothing
nothing
nothing
nothing
nothing
nothing
nothing
nothing
nothing
nothing
nothing
nothing
nothing
nothing
nothing
nothing
nothing
nothing
nothing
nothing
nothing
nothing
nothing
nothing
nothing
nothing
nothing
nothing
nothing
nothing
nothing
nothing
nothing
nothing
nothing
nothing
nothing
nothing
nothing
nothing
nothing
nothing
nothing
nothing

basis_sm=special
def2-SVP
def2-SVP
def2-SVP
def2-SVP
def2-SVP
def2-SVP
def2-SVP
def2-SVP
def2-SVP
def2-SVP
def2-SVP
def2-SVP
def2-SVP
def2-SVP
def2-SVP
def2-SVP
def2-SVP
def2-SVP
def2-SVP
def2-SVP
def2-SVP
def2-SVP
def2-SVP
def2-SVP
def2-SVP
def2-SVP
def2-SVP
def2-SVP
def2-SVP
def2-SVP
def2-SVP
nothing
nothing
nothing
nothing
nothing
nothing
nothing
nothing
nothing
nothing
nothing
nothing
nothing
nothing
nothing
nothing
nothing
nothing
nothing
nothing
nothing
nothing
nothing
nothing
nothing
nothing
nothing
nothing
nothing
nothing
nothing
nothing
nothing
nothing
nothing
nothing
nothing
nothing
nothing
nothing
nothing
nothing
nothing
nothing
nothing
nothing
nothing
nothing
nothing

dfbasis_scf=special
def2-QZVPP-RI-JK
def2-QZVPP-RI-JK
def2-QZVPP-RI-JK
def2-QZVPP-RI-JK
def2-QZVPP-RI-JK
def2-QZVPP-RI-JK
def2-QZVPP-RI-JK
def2-QZVPP-RI-JK
def2-QZVPP-RI-JK
def2-QZVPP-RI-JK
def2-QZVPP-RI-JK
def2-QZVPP-RI-JK
def2-QZVPP-RI-JK
def2-QZVPP-RI-JK
def2-QZVPP-RI-JK
def2-QZVPP-RI-JK
def2-QZVPP-RI-JK
def2-QZVPP-RI-JK
def2-QZVPP-RI-JK
def2-QZVPP-RI-JK
def2-QZVPP-RI-JK
def2-QZVPP-RI-JK
def2-QZVPP-RI-JK
def2-QZVPP-RI-JK
def2-QZVPP-RI-JK
def2-QZVPP-RI-JK
def2-QZVPP-RI-JK
def2-QZVPP-RI-JK
def2-QZVPP-RI-JK
def2-QZVPP-RI-JK
def2-QZVPP-RI-JK
nothing
nothing
nothing
nothing
nothing
nothing
nothing
nothing
nothing
nothing
nothing
nothing
nothing
nothing
nothing
nothing
nothing
nothing
nothing
nothing
nothing
nothing
nothing
nothing
nothing
nothing
nothing
nothing
nothing
nothing
nothing
nothing
nothing
nothing
nothing
nothing
nothing
nothing
nothing
nothing
nothing
nothing
nothing
nothing
nothing
nothing
nothing
nothing
nothing

dfbasis_cor=special
aug-cc-pVDZ-RI
aug-cc-pVDZ-RI
aug-cc-pVDZ-RI
aug-cc-pVDZ-RI
aug-cc-pVDZ-RI
aug-cc-pVDZ-RI
aug-cc-pVDZ-RI
aug-cc-pVDZ-RI
aug-cc-pVDZ-RI
aug-cc-pVDZ-RI
aug-cc-pVDZ-RI
aug-cc-pVDZ-RI
aug-cc-pVDZ-RI
bse_CVDZ_mp2fit
bse_CVDZ_mp2fit
bse_CVDZ_mp2fit
bse_CVDZ_mp2fit
bse_CVDZ_mp2fit
aug-cc-pVDZ-RI
aug-cc-pVDZ-RI
aug-cc-pVDZ-RI
aug-cc-pVDZ-RI
aug-cc-pVDZ-RI
aug-cc-pVDZ-RI
aug-cc-pVDZ-RI
aug-cc-pVDZ-RI
aug-cc-pVDZ-RI
aug-cc-pVDZ-RI
aug-cc-pVDZ-RI
aug-cc-pVDZ-RI
aug-cc-pVDZ-RI
nothing
nothing
nothing
nothing
nothing
nothing
nothing
nothing
nothing
nothing
nothing
nothing
nothing
nothing
nothing
nothing
nothing
nothing
nothing
nothing
nothing
nothing
nothing
nothing
nothing
nothing
nothing
nothing
nothing
nothing
nothing
nothing
nothing
nothing
nothing
nothing
nothing
nothing
nothing
nothing
nothing
nothing
nothing
nothing
nothing
nothing
nothing
nothing
nothing

ecp=special
none
none
none
none
none
none
none
none
none
none
none
none
none
none
none
none
none
none
none
none
none
none
none
none
none
none
none
none
none
none
none
ECP-12
ECP-12
ECP-12
ECP-12
ECP-12
ECP-12
ECP-12
ECP-12
ECP-12
ECP-12
ECP-12
ECP-12
ECP-12
ECP-12
ECP-12
ECP-12
ECP-12
ECP-12
ECP-12
ECP-12
ECP-12
ECP-12
ECP-12
ECP-12
ECP-12
ECP-12
ECP-12
ECP-12
ECP-12
ECP-12
ECP-12
ECP-12
ECP-12
ECP-12
ECP-12
ECP-12
ECP-12
ECP-12
ECP-12
ECP-12
ECP-12
ECP-12
ECP-12
ECP-12
ECP-12
ECP-12
ECP-12
ECP-12
ECP-12

unit=angs
geom=xyz
80
H8 O4 Mg5 O14 ECP49
H    -1.44605406294    0.90712894739    2.35341957559
H    -2.88800449137    0.27151836092    2.49284706023
H     1.43679965930   -0.85908702728    2.37194985282
H     2.89509364456   -0.26064271559    2.49365779821
H    -0.87485885651   -1.40570570984    2.36373204790
H    -0.26216731321   -2.85298133864    2.54002414122
H     0.89613378660    1.49407179961    2.36047163780
H     0.26020838517    2.94261407057    2.41960523406
O    -1.96925683494    0.07703756613    2.24003571447
O     1.98116851885   -0.04460993063    2.24129819623
O    -0.05830616783   -1.94999979959    2.24373897335
O     0.06270490095    2.00795669847    2.23436151750
O     0.00000000000    0.00000000000   -0.07927941166
Mg    0.00051032934   -0.00131806542   -2.15365616875
Mg   -0.00930503106    2.09787572631   -0.02828869271
Mg   -2.10147163502   -0.00876127593   -0.02514118045
Mg    2.10192995773    0.00923260299   -0.02042132041
Mg    0.00923291205   -2.10271520063   -0.01971083771
O    -0.00078217939    2.11974367817   -2.17114866425
O     0.00087652673   -2.11987033410   -2.17126012466
O     2.12042746186    0.00119942222   -2.17118086493
O    -2.12020598503   -0.00050248623   -2.17172119115
O    -2.13212205357   -2.13299577156   -0.04305664973
O     2.13426697819   -2.13193608582   -0.04325076587
O    -2.13408361048    2.13221557212   -0.04462024620
O     2.13241750631    2.13495087092   -0.04434236668
O     0.00002442298    0.00030225164   -4.28739139709
O     0.00174982204    4.23635120796    0.00000000000
O    -4.23651694261    0.00194177521   -0.00357234078
O    -0.00100933567   -4.23685887729   -0.00641059341
O     4.23755588128   -0.00081536189   -0.00415031752
Mg    2.10367925793   -2.10268784612   -2.16189517101
Mg   -2.10262584492   -2.10369022451   -2.16263243875
Mg    2.10363493269    2.10361965726   -2.16276310872
Mg   -2.10417084339    2.10303910469   -2.16349891742
Mg    0.00073174611   -4.21316067590   -2.16855383866
Mg    4.21382252936    0.00073866082   -2.16839181497
Mg   -0.00026868168    4.21375610084   -2.16886882535
Mg   -4.21375489156   -0.00022764170   -2.16905228669
Mg    0.00002442298   -2.10994451232   -4.28739139709
Mg   -2.11022234098    0.00030225164   -4.28739139709
Mg    2.11027118693    0.00030225164   -4.28739139709
Mg    0.00002442298    2.11054901559   -4.28739139709
Mg   -2.11488843042   -4.22138777438   -0.09672818112
Mg   -4.22159936808   -2.11479060316   -0.08969314674
Mg    2.11531305381   -4.22141068918   -0.08932787861
Mg   -2.11526558387    4.22186960504   -0.08912691018
Mg    4.22216285822    2.11519054698   -0.08929295740
Mg    4.22203670435   -2.11538167109   -0.09647895883
Mg   -4.22216106710    2.11628218717   -0.09756793186
Mg    2.11684801940    4.22225353072   -0.09768696092
Mg    0.00002442298    0.00030225164   -6.39763816104
Mg    2.11027118693   -4.22019127627   -4.28739139709
Mg   -2.11022234098   -4.22019127627   -4.28739139709
Mg    4.22051795089   -2.10994451232   -4.28739139709
Mg   -4.22046910493   -2.10994451232   -4.28739139709
Mg   -4.22046910493    2.11054901559   -4.28739139709
Mg    4.22051795089    2.11054901559   -4.28739139709
Mg   -2.11022234098    4.22079577955   -4.28739139709
Mg    2.11027118693    4.22079577955   -4.28739139709
Mg   -4.22091228891   -4.22018330715   -2.17560026317
Mg    4.22069861013   -4.22086919832   -2.17547471021
Mg   -4.22036711203    4.22190309637   -2.17540561068
Mg    4.22161375018    4.22058243905   -2.17543541896
Mg    0.00018460839   -6.33253034851   -0.08137506640
Mg   -6.33317979626    0.00050865818   -0.08114101353
Mg    6.33361600076    0.00012489685   -0.08096369158
Mg    0.00024613270    6.33396305538   -0.08037095796
Mg    2.11027118693   -2.10994451232   -6.39763816104
Mg   -2.11022234098   -2.10994451232   -6.39763816104
Mg   -2.11022234098    2.11054901559   -6.39763816104
Mg    2.11027118693    2.11054901559   -6.39763816104
Mg    2.10986443814   -6.33062896047   -2.17426328190
Mg   -6.33072466177   -2.10984501733   -2.17422765962
Mg   -2.11000313669    6.33130531395   -2.17408641115
Mg    6.33117771539    2.11024275263   -2.17430101527
Mg   -2.10976283091   -6.33111374858   -2.17496544967
Mg    6.33177684614   -2.10998016584   -2.17488032241
Mg   -6.33173606206    2.11072933066   -2.17494495899
Mg    2.11060642753    6.33208095412   -2.17485161961


ghost=serialno
1-12

qmmm=Amber
pointcharges
10172
      2.10367925793   -2.10268784612   -2.16189517101    2.00000000000
     -2.10262584492   -2.10369022451   -2.16263243875    2.00000000000
      2.10363493269    2.10361965726   -2.16276310872    2.00000000000
     -2.10417084339    2.10303910469   -2.16349891742    2.00000000000
--------------------Output has been truncated-------------------------


--------------------Output has been truncated-------------------------


--------------------Output has been truncated-------------------------


--------------------Output has been truncated-------------------------


--------------------Output has been truncated-------------------------


--------------------Output has been truncated-------------------------


--------------------Output has been truncated-------------------------


--------------------Output has been truncated-------------------------


--------------------Output has been truncated-------------------------


--------------------Output has been truncated-------------------------


 
 Final local CC results:
 
 Minimum number of correlated electrons:        38       ( 25.0%)
 Maximum number of correlated electrons:       124       ( 81.6%)
 Average number of correlated electrons:        57.3     ( 37.7%)
 Minimum number of correlated orbitals:         61       ( 10.1%)
 Maximum number of correlated orbitals:        220       ( 36.5%)
 Average number of correlated orbitals:        109.3     ( 18.2%)
 
 CPU time for integral calculations [min]:                  3.696
 Wall time for integral calculations [min]:                 0.810
 
 CPU time for SCF calculation [min]:                       73.644
 Wall time for SCF calculation [min]:                       2.070
 
 CPU time for orbital localization [min]:                   0.309
 Wall time for orbital localization [min]:                  0.072
 
 CPU time for integral transformations [min]:            1007.335
 Wall time for integral transformations [min]:             31.580
 
 Reference energy [au]:                                -10886.607690410790
 
 LMP2 correlation energy [au]:                             -3.783690952672
 Total LMP2 energy [au]:                               -10890.391381363463
 
 Total MP2 correction for dropped NAFs [au]:                0.001405003274
 Total MP2 correction [au]:                                -0.009812226582
 
 CPU time for CCSD calculations [min]:                    682.290
 Total CPU time for CCSD [min]:                          1767.274
 Wall time for CCSD calculations [min]:                    26.367
 Total wall time for CCSD [min]:                           60.900
 
 CCSD correlation energy [au]:                             -3.803749727815
 Total CCSD energy [au]:                               -10890.411440138605
 CCSD correlation energy + 0.5 MP2 corrections [au]:       -3.808655841106
 Total LNO-CCSD energy with MP2 corrections [au]:      -10890.416346251897
 
 CPU time for (T) corrections [min]:                      722.800
 Total CPU time for CCSD(T) [min]:                       2490.074
 Wall time for (T) corrections [min]:                      21.256
 Total wall time for CCSD(T) [min]:                        82.155
 
 Total (T) correlation energy contribution [au]:           -0.097711207215
 Total (T) correlation energy+0.5 MP2 correction [au]:     -0.102617320506
 CCSD(T) correlation energy [au]:                          -3.901460935030
 Total CCSD(T) energy [au]:                            -10890.509151345821
 CCSD(T) correlation energy + MP2 corrections [au]:        -3.911273161612
 Total LNO-CCSD(T) energy with MP2 corrections [au]:   -10890.518963572402
 
 ======================================================================
 ======================================================================
 
 ************************ 2023-02-17 16:42:27 *************************
                      Normal termination of mrcc.
 **********************************************************************
