 **********************************************************************
                          MRCC program system
 **********************************************************************
 
                              Written by
     Mihaly Kallay, Peter R. Nagy, David Mester, Laszlo Gyevi-Nagy,
        Jozsef Csoka, P. Bernat Szabo, Zoltan Rolik, Gyula Samu,
     Jozsef Csontos, Bence Hegely, Adam Ganyecz, Istvan Ladjanszki,
       Lorant Szegedy, Bence Ladoczki, Klara Petrov, Mate Farkas,
                    Pal D. Mezei, and Reka A. Horvath
 
        Department of Physical Chemistry and Materials Science
            Budapest University of Technology and Economics
                  Budapest P.O.Box 91, H-1521 Hungary
 
                              www.mrcc.hu
 
                      Release date: March 18, 2022

 ************************ 2023-02-05 13:32:37 *************************
 Executing minp...

 Reading input from MINP...
 
 Input file:
 
calc=FNO-CCSD(T)
verbosity=3
mem=220GB
unit=angs
scfiguess=small
scfalg=locfit1
ccmaxit=400
ccsdalg=dfdirect
ccsdthreads=4
ccsdmkl=thr
ptthreads=4
lnoepsv=1e-5
naf_cor=1e-2
basis=aug-cc-pVQZ
basis_sm=def2-SVP
dfbasis_scf=def2-QZVPP-RI-JK
dfbasis_cor=aug-cc-pVQZ-RI
unit=angs
geom=xyz
16

C    34.41670262    34.07107264    10.41543014
C    33.11117461    33.45680459    10.91530835
H    34.24160149    35.00442132     9.86225048
H    34.94674030    33.36940783     9.75379242
H    35.10002891    34.30603621    11.24227357
H    32.42643037    33.26105434    10.07939442
H    32.59136835    34.12756100    11.61262818
H    33.28915165    32.50678735    11.43686767
C    28.86048386    48.84299654    10.40841099
C    30.16020184    48.22916242    10.92356869
H    28.33524345    48.13879085     9.74571409
H    29.04251974    49.77393588     9.85291346
H    28.16945653    49.08363081    11.22702485
H    30.85404226    48.03252119    10.09551480
H    29.97596163    47.27964286    11.44396498
H    30.67232128    48.90070429    11.62587494

--------------------Output has been truncated-------------------------


--------------------Output has been truncated-------------------------


--------------------Output has been truncated-------------------------


--------------------Output has been truncated-------------------------


--------------------Output has been truncated-------------------------


--------------------Output has been truncated-------------------------


--------------------Output has been truncated-------------------------


--------------------Output has been truncated-------------------------


--------------------Output has been truncated-------------------------


--------------------Output has been truncated-------------------------


 
 Reference energy [au]:                      -158.528862288207
 DF-MP2 singlet pair energy [au]:              -0.635445998046
 DF-MP2 triplet pair energy [au]:              -0.153813469087
 DF-SCS-MP2 correlation energy [au]:           -0.813806354017
 DF-SCS-MP2 energy [au]:                     -159.342668642225
 DF-SOS-MP2 correlation energy [au]:           -0.826079797460
 DF-SOS-MP2 energy [au]:                     -159.354942085667
 DF-MP2 correlation energy [au]:               -0.789259467133
 DF-MP2 energy [au]:                         -159.318121755340

 Results in FNO basis:
 
 
 Reference energy [au]:                      -158.528862288207
 DF-MP2 singlet pair energy [au]:              -0.625098749265
 DF-MP2 triplet pair energy [au]:              -0.153241681153
 DF-SCS-MP2 correlation energy [au]:           -0.801199059502
 DF-SCS-MP2 energy [au]:                     -159.330061347709
 DF-SOS-MP2 correlation energy [au]:           -0.812628374044
 DF-SOS-MP2 energy [au]:                     -159.341490662251
 DF-MP2 correlation energy [au]:               -0.778340430418
 DF-MP2 energy [au]:                         -159.307202718625

 Results in NAF basis:
 
 
 Reference energy [au]:                      -158.528862288207
 DF-MP2 singlet pair energy [au]:              -0.625056825695
 DF-MP2 triplet pair energy [au]:              -0.153257693460
 DF-SCS-MP2 correlation energy [au]:           -0.801154088654
 DF-SCS-MP2 energy [au]:                     -159.330016376862
 DF-SOS-MP2 correlation energy [au]:           -0.812573873404
 DF-SOS-MP2 energy [au]:                     -159.341436161611
 DF-MP2 correlation energy [au]:               -0.778314519155
 DF-MP2 energy [au]:                         -159.307176807363

 ************************ 2023-02-05 13:34:52 *************************
 Executing ccsd...

 Allocation of 220.0 Gbytes of memory...

 Direct DF-CCSD(T) calculation
 
 Convergence criterion:  1.0E-06
 
 Number of occupied/virtual/auxiliary orbitals:    14   350  1102
   6895.51 MB is the minimal memory requirement for (T)
   1574.97 MB is the minimal memory requirement for CCSD
 
 Reference energy [au]:            -158.528862288207
 T1 contribution [au]:                0.000000000000
 Same spin MP2 energy [au]:          -0.153249682183
 Opposite spin MP2 energy [au]:      -0.625077778067
 MP2 correlation energy [au]:        -0.778327460249
 Total MP2 energy [au]:            -159.307189748456
 MP2 correction [au]:                -0.010932006884
 
 
 CPU time [min]:     1.518                   Wall time [min]:     0.459
 
 Starting CCSD iterations...
 
                     Residual norm          Energy
 Iteration  1        0.253998861012     -159.343015438134
 Iteration  2        0.062948801025     -159.362179953085
 Iteration  3        0.018512019661     -159.364451474005
 Iteration  4        0.003748121734     -159.364465914699
 Iteration  5        0.000793339985     -159.364477647097
 Iteration  6        0.000221937970     -159.364481748311
 Iteration  7        0.000052463171     -159.364481298107
 Iteration  8        0.000014141043     -159.364482025874
 Iteration  9        0.000002817631     -159.364481983053
 
 CCSD iteration has converged in  9 steps.
    59039.49 MB memory was utilized by CCSD
 
 T1 diagnostic:      8.231E-03            D1 diagnostic:      1.428E-02
 
 T1 contribution [au]:                                  0.000000000000
 PPL energy contribution [au]:                          0.217871564636
 Scaled PPL energy contribution [au]:                   0.220951053730

 OS-PPL energy contribution [au]:                       0.191085095786
 Scaled OS-PPL energy contribution [au]:                0.194274948190
 SS-PPL energy contribution [au]:                       0.026786468850
 Scaled SS-PPL energy contribution [au]:                0.026882627277

 Opposite spin CCSD energy [au]:                       -0.690281671325
 Same spin CCSD energy [au]:                           -0.145353527962
 CCSD correlation energy [au]:                         -0.835635199287
 CCSD correlation energy + MP2 correction [au]:        -0.846567206171
 CCSD correlation energy + MP2 + PPL corr. [au]:       -0.843487717078
 Total CCSD energy [au]:                             -159.364497487495
 Total CCSD energy + MP2 correction [au]:            -159.375429494379
 Total CCSD energy + MP2 + PPL corr. [au]:           -159.372350005285
 
 CPU time [min]:   157.915                   Wall time [min]:     5.485
 
 Calculation of (T) correction...
 
 
     8828.31 MB memory is utilized for (T)

 0%       25%       50%       75%       100%
 |---------|---------|---------|---------| 
 
 (T) correction [au]:                                    -0.029525530914
 (T*) correction [au]:                                   -0.029940232082
 (T+) correction [au]:                                   -0.029933170239
 CCSD(T) correlation energy [au]:                        -0.865160730201
 CCSD(T) correlation energy + MP2 correction [au]:       -0.876092737085
 CCSD(T+) correlation en. + MP2 + PPL corr. [au]:        -0.873420887317
 Total CCSD(T) energy [au]:                            -159.394023018408
 Total CCSD(T) energy + MP2 correction [au]:           -159.404955025292
 Total CCSD(T+) energy + MP2 + PPL corr. [au]:         -159.402283175524
 
 CPU time [min]:   279.562                   Wall time [min]:     9.127
 
 ************************ 2023-02-05 13:44:00 *************************
                      Normal termination of mrcc.
 **********************************************************************
