 **********************************************************************
                          MRCC program system
 **********************************************************************
 
                              Written by
     Mihaly Kallay, Peter R. Nagy, David Mester, Laszlo Gyevi-Nagy,
        Jozsef Csoka, P. Bernat Szabo, Zoltan Rolik, Gyula Samu,
     Jozsef Csontos, Bence Hegely, Adam Ganyecz, Istvan Ladjanszki,
       Lorant Szegedy, Bence Ladoczki, Klara Petrov, Mate Farkas,
                    Pal D. Mezei, and Reka A. Horvath
 
        Department of Physical Chemistry and Materials Science
            Budapest University of Technology and Economics
                  Budapest P.O.Box 91, H-1521 Hungary
 
                              www.mrcc.hu
 
                      Release date: March 18, 2022

 ************************ 2023-04-16 07:01:03 *************************
 Executing minp...

 Reading input from MINP...
 
 Input file:
 
calc=LNO-CCSD(T)
scftype=rhf
verbosity=3
mem=220GB
symm=off
unit=angs
scfiguess=small
scfmaxit=1000
scfalg=locfit1


lcorthr=tight
bpedo=0.99999
ccmaxit=400
usedisk=0
ccsdalg=dfdirect
ccsdthreads=4
ccsdmkl=thr
ptthreads=4

charge=-6
core=14

basis=special
aug-cc-pVTZ
aug-cc-pVTZ
aug-cc-pVTZ
cc-pVTZ
aug-cc-pVTZ
aug-cc-pVTZ
aug-cc-pVTZ
aug-cc-pVTZ
aug-cc-pVTZ
nothing
nothing
nothing
nothing
nothing
nothing
nothing
nothing
nothing
nothing
nothing
nothing
nothing
nothing
nothing
nothing
nothing
nothing
nothing
nothing
nothing
nothing
nothing
nothing
nothing
nothing
nothing
nothing
nothing
nothing
nothing
nothing
nothing
nothing
nothing
nothing
nothing
nothing
nothing

basis_sm=special
def2-SVP
def2-SVP
def2-SVP
def2-SVP
def2-SVP
def2-SVP
def2-SVP
def2-SVP
def2-SVP
nothing
nothing
nothing
nothing
nothing
nothing
nothing
nothing
nothing
nothing
nothing
nothing
nothing
nothing
nothing
nothing
nothing
nothing
nothing
nothing
nothing
nothing
nothing
nothing
nothing
nothing
nothing
nothing
nothing
nothing
nothing
nothing
nothing
nothing
nothing
nothing
nothing
nothing
nothing

dfbasis_scf=special
def2-QZVPP-RI-JK
def2-QZVPP-RI-JK
def2-QZVPP-RI-JK
def2-QZVPP-RI-JK
def2-QZVPP-RI-JK
def2-QZVPP-RI-JK
def2-QZVPP-RI-JK
def2-QZVPP-RI-JK
def2-QZVPP-RI-JK
nothing
nothing
nothing
nothing
nothing
nothing
nothing
nothing
nothing
nothing
nothing
nothing
nothing
nothing
nothing
nothing
nothing
nothing
nothing
nothing
nothing
nothing
nothing
nothing
nothing
nothing
nothing
nothing
nothing
nothing
nothing
nothing
nothing
nothing
nothing
nothing
nothing
nothing
nothing

dfbasis_cor=special
aug-cc-pVTZ-RI
aug-cc-pVTZ-RI
aug-cc-pVTZ-RI
cc-pVTZ-RI
aug-cc-pVTZ-RI
aug-cc-pVTZ-RI
aug-cc-pVTZ-RI
aug-cc-pVTZ-RI
aug-cc-pVTZ-RI
nothing
nothing
nothing
nothing
nothing
nothing
nothing
nothing
nothing
nothing
nothing
nothing
nothing
nothing
nothing
nothing
nothing
nothing
nothing
nothing
nothing
nothing
nothing
nothing
nothing
nothing
nothing
nothing
nothing
nothing
nothing
nothing
nothing
nothing
nothing
nothing
nothing
nothing
nothing

ecp=special
none
none
none
none
none
none
none
none
none
ECP-22
ECP-22
ECP-22
ECP-22
ECP-22
ECP-22
ECP-22
ECP-22
ECP-22
ECP-22
ECP-22
ECP-22
ECP-22
ECP-22
ECP-22
ECP-22
ECP-22
ECP-22
ECP-22
ECP-22
ECP-22
ECP-22
ECP-22
ECP-22
ECP-22
ECP-22
ECP-22
ECP-22
ECP-22
ECP-22
ECP-22
ECP-22
ECP-22
ECP-22
ECP-22
ECP-22
ECP-22
ECP-22
ECP-22

unit=angs
geom=xyz
48
H2 O1 Ti1 O5 ECP39
H     0.11988923287    0.59804121696    1.41042952946
H     1.45806733769   -0.03680829535    0.83360111016
O     0.46431133996   -0.09552044587    0.82313974803
Ti    0.00000000000    0.00000000000   -1.35464524053
O    -0.02525221251    0.01411498456   -3.24703266312
O    -1.22652473447   -1.48249549252   -1.16082886760
O    -1.21226924573    1.49598323734   -1.10284663508
O     1.24662826588   -1.51072959850   -1.27774763113
O     1.24903264116    1.53518623358   -1.27733519871
Ti   -0.00336926445   -2.95247835621   -1.48556541997
Ti   -0.00167434627    2.96768500197   -1.49305272630
Ti    0.07277685750   -1.44665459890   -4.59744566213
Ti    0.07366786025    1.46358951182   -4.60336990041
Ti   -3.25748296122   -1.47206061503   -1.08979484150
Ti    3.25086119127    1.49499688088   -1.11867511755
Ti    3.25785623818   -1.48848213614   -1.11762413751
Ti   -3.25528964365    1.48921076743   -1.08789967127
Ti   -3.19483054720    0.00938676187   -4.43660429188
Ti    3.31482200071    0.00904656579   -4.44378686682
Ti   -3.19184106123   -2.94797023012   -4.43957695776
Ti   -3.19041490465    2.96552610008   -4.44028321920
Ti    3.31120314892   -2.95032172198   -4.44939525413
Ti    3.31145078476    2.96803156685   -4.44863145429
Ti    3.23538096183   -4.43673191070   -1.08974911926
Ti   -3.25163280837   -4.42907736993   -1.08901690282
Ti    3.23673579402    4.44358768116   -1.08940912639
Ti   -3.25004586066    4.44552594655   -1.08749521489
Ti    0.07098400780   -4.41598332684   -4.66445404983
Ti    0.07064876405    4.43514281525   -4.66589118749
Ti   -0.01778584805   -5.90728950601   -1.48695897680
Ti   -0.01778584805    5.92309197481   -1.48695897680
Ti   -0.02152237848    0.00953966933   -7.81745452778
Ti    6.50166103512    0.00951372374   -1.45902377143
Ti   -6.50232306842    0.00951372374   -1.45902377143
Ti   -0.02152237848   -2.94805570088   -7.81745452778
Ti   -0.02152237848    2.96713503953   -7.81745452778
Ti    6.49206683837   -2.95341306083   -1.45747699511
Ti    6.49080604379    2.96917638970   -1.45695253402
Ti   -6.51191726517   -2.95341306083   -1.45747699511
Ti   -6.51317805976    2.96917638970   -1.45695253402
Ti    3.22947364740   -1.46925801578   -7.81745452778
Ti    3.22947364740    1.48833735443   -7.81745452778
Ti   -3.19282882467   -5.90629062095   -4.43907565154
Ti   -3.27251840437   -1.46925801578   -7.81745452778
Ti   -3.27251840437    1.48833735443   -7.81745452778
Ti   -3.19282882467    5.92409085987   -4.43907565154
Ti    3.30520845705   -5.90639971173   -4.44013125058
Ti    3.30520845705    5.92398176910   -4.44013125058


ghost=serialno
1-3

qmmm=Amber
pointcharges
11988
     -0.00336926445   -2.95247835621   -1.48556541997    4.00000000000
     -0.00167434627    2.96768500197   -1.49305272630    4.00000000000
      3.10860555439    0.00633221019   -0.00495328631   -2.00000000000
     -3.25714379204    0.01403560926   -2.57408853747   -2.00000000000
--------------------Output has been truncated-------------------------


--------------------Output has been truncated-------------------------


--------------------Output has been truncated-------------------------


--------------------Output has been truncated-------------------------


--------------------Output has been truncated-------------------------


--------------------Output has been truncated-------------------------


--------------------Output has been truncated-------------------------


--------------------Output has been truncated-------------------------


--------------------Output has been truncated-------------------------


--------------------Output has been truncated-------------------------


 
 Final local CC results:
 
 Minimum number of correlated electrons:        36       ( 90.0%)
 Maximum number of correlated electrons:        40       (100.0%)
 Average number of correlated electrons:        37.3     ( 93.2%)
 Minimum number of correlated orbitals:        114       ( 30.3%)
 Maximum number of correlated orbitals:        138       ( 36.7%)
 Average number of correlated orbitals:        123.2     ( 32.8%)
 
 CPU time for integral calculations [min]:                  3.894
 Wall time for integral calculations [min]:                 2.135
 
 CPU time for SCF calculation [min]:                       11.090
 Wall time for SCF calculation [min]:                       0.316
 
 CPU time for orbital localization [min]:                   0.138
 Wall time for orbital localization [min]:                  0.008
 
 CPU time for integral transformations [min]:              93.063
 Wall time for integral transformations [min]:              2.722
 
 Reference energy [au]:                               -117236.421110088660
 
 LMP2 correlation energy [au]:                             -1.404875842031
 Total LMP2 energy [au]:                              -117237.825985930685
 
 Total MP2 correction for dropped NAFs [au]:               -0.000014401528
 Total MP2 correction [au]:                                -0.002355161439
 
 CPU time for CCSD calculations [min]:                     81.850
 Total CPU time for CCSD [min]:                           190.035
 Wall time for CCSD calculations [min]:                     2.373
 Total wall time for CCSD [min]:                            7.554
 
 CCSD correlation energy [au]:                             -1.388873167972
 Total CCSD energy [au]:                              -117237.809983256637
 CCSD correlation energy + 0.5 MP2 corrections [au]:       -1.390050748691
 Total LNO-CCSD energy with MP2 corrections [au]:     -117237.811160837358
 
 CPU time for (T) corrections [min]:                       53.845
 Total CPU time for CCSD(T) [min]:                        243.880
 Wall time for (T) corrections [min]:                       1.588
 Total wall time for CCSD(T) [min]:                         9.142
 
 Total (T) correlation energy contribution [au]:           -0.063419096367
 Total (T) correlation energy+0.5 MP2 correction [au]:     -0.064596677086
 CCSD(T) correlation energy [au]:                          -1.452292264338
 Total CCSD(T) energy [au]:                           -117237.873402352998
 CCSD(T) correlation energy + MP2 corrections [au]:        -1.454647425777
 Total LNO-CCSD(T) energy with MP2 corrections [au]:  -117237.875757514441
 
 ======================================================================
 ======================================================================
 
 ************************ 2023-04-16 07:11:07 *************************
                      Normal termination of mrcc.
 **********************************************************************
